Configuration:
Dataset: nsl_kdd
Selector: pca
Fold: 5
Fitness: mcc
Batch size: 256
Epochs: 1
Config args: {}
*** Epoch 1, batch 1/520 ***
Training fitness: 0.7221382206813589
Model size: (1, 12)
Validation fitness: 0.7206930526663855 !!!
Elapsed: 1.8962187767028809

*** Epoch 1, batch 2/520 ***
Training fitness: 0.7551906268555485
Model size: (2, 12)
Validation fitness: 0.7733402646407943 !!!
Elapsed: 2.0199778079986572

*** Epoch 1, batch 3/520 ***
Training fitness: 0.8589378477346572
Model size: (1, 10)
Validation fitness: 0.7876886733796009 !!!
Elapsed: 2.011758327484131

*** Epoch 1, batch 4/520 ***
Training fitness: 0.7736776273926279
Model size: (2, 15)
Validation fitness: 0.7827918104555064 
Elapsed: 2.0149898529052734

*** Epoch 1, batch 5/520 ***
Training fitness: 0.8518324273993638
Model size: (1, 11)
Validation fitness: 0.7495147508360478 
Elapsed: 2.0441808700561523

*** Epoch 1, batch 6/520 ***
Training fitness: 0.8064850845087623
Model size: (1, 9)
Validation fitness: 0.8114919256417833 !!!
Elapsed: 2.5640361309051514

*** Epoch 1, batch 7/520 ***
Training fitness: 0.828030534351145
Model size: (2, 8)
Validation fitness: 0.8408202397929512 !!!
Elapsed: 2.0664093494415283

*** Epoch 1, batch 8/520 ***
Training fitness: 0.8285966146443383
Model size: (1, 9)
Validation fitness: 0.8114919256417833 
Elapsed: 2.1284704208374023

*** Epoch 1, batch 9/520 ***
Training fitness: 0.8207863488496304
Model size: (4, 15)
Validation fitness: 0.7878222788850132 
Elapsed: 2.2051680088043213

*** Epoch 1, batch 10/520 ***
Training fitness: 0.8690554288406019
Model size: (2, 9)
Validation fitness: 0.8323811602095018 
Elapsed: 2.0184884071350098

*** Epoch 1, batch 11/520 ***
Training fitness: 0.8907682792560303
Model size: (2, 9)
Validation fitness: 0.8323811602095018 
Elapsed: 2.1143860816955566

*** Epoch 1, batch 12/520 ***
Training fitness: 0.8233584900267071
Model size: (1, 7)
Validation fitness: 0.8375132564540817 
Elapsed: 2.077352523803711

*** Epoch 1, batch 13/520 ***
Training fitness: 0.8250600468794593
Model size: (4, 11)
Validation fitness: 0.8237794405915081 
Elapsed: 2.1394803524017334

*** Epoch 1, batch 14/520 ***
Training fitness: 0.8322384052322785
Model size: (4, 11)
Validation fitness: 0.8237794405915081 
Elapsed: 2.0797197818756104

*** Epoch 1, batch 15/520 ***
Training fitness: 0.8141040256280215
Model size: (4, 11)
Validation fitness: 0.8237794405915081 
Elapsed: 2.1850228309631348

*** Epoch 1, batch 16/520 ***
Training fitness: 0.8678558120039604
Model size: (4, 11)
Validation fitness: 0.8237794405915081 
Elapsed: 2.12697434425354

*** Epoch 1, batch 17/520 ***
Training fitness: 0.8078088690150514
Model size: (3, 7)
Validation fitness: 0.7901866060711625 
Elapsed: 2.1132071018218994

*** Epoch 1, batch 18/520 ***
Training fitness: 0.7923436135034888
Model size: (3, 11)
Validation fitness: 0.7922955676565282 
Elapsed: 2.261101245880127

*** Epoch 1, batch 19/520 ***
Training fitness: 0.8439578915976637
Model size: (3, 9)
Validation fitness: 0.7574953157624786 
Elapsed: 2.2876338958740234

*** Epoch 1, batch 20/520 ***
Training fitness: 0.784627953644927
Model size: (5, 12)
Validation fitness: 0.766063173833558 
Elapsed: 2.1837728023529053

*** Epoch 1, batch 21/520 ***
Training fitness: 0.7923295698431309
Model size: (4, 14)
Validation fitness: 0.8205476668015502 
Elapsed: 2.2497098445892334

*** Epoch 1, batch 22/520 ***
Training fitness: 0.7580101734370523
Model size: (4, 9)
Validation fitness: 0.806991630136317 
Elapsed: 2.2599189281463623

*** Epoch 1, batch 23/520 ***
Training fitness: 0.8124275425197519
Model size: (7, 19)
Validation fitness: 0.835290781833651 
Elapsed: 2.357316255569458

*** Epoch 1, batch 24/520 ***
Training fitness: 0.875928402387793
Model size: (6, 17)
Validation fitness: 0.8210246870241248 
Elapsed: 2.28560471534729

*** Epoch 1, batch 25/520 ***
Training fitness: 0.851814550468418
Model size: (8, 22)
Validation fitness: 0.8437785529269312 !!!
Elapsed: 2.703747510910034

*** Epoch 1, batch 26/520 ***
Training fitness: 0.8671199948728239
Model size: (8, 20)
Validation fitness: 0.8422574531655733 
Elapsed: 2.3428988456726074

*** Epoch 1, batch 27/520 ***
Training fitness: 0.9001290358086588
Model size: (8, 20)
Validation fitness: 0.8422574531655733 
Elapsed: 2.3941452503204346

*** Epoch 1, batch 28/520 ***
Training fitness: 0.8440483135045428
Model size: (8, 22)
Validation fitness: 0.8437785529269312 
Elapsed: 2.468475103378296

*** Epoch 1, batch 29/520 ***
Training fitness: 0.8401972955236047
Model size: (4, 6)
Validation fitness: 0.7892874606836848 
Elapsed: 2.2916204929351807

*** Epoch 1, batch 30/520 ***
Training fitness: 0.8203407125795076
Model size: (8, 19)
Validation fitness: 0.8276593580747893 
Elapsed: 2.353492259979248

*** Epoch 1, batch 31/520 ***
Training fitness: 0.8456278882895235
Model size: (8, 26)
Validation fitness: 0.8370204231196772 
Elapsed: 2.4186370372772217

*** Epoch 1, batch 32/520 ***
Training fitness: 0.859530877848214
Model size: (8, 24)
Validation fitness: 0.8337867901325103 
Elapsed: 2.412919521331787

*** Epoch 1, batch 33/520 ***
Training fitness: 0.8005495506165256
Model size: (6, 9)
Validation fitness: 0.8313315825905979 
Elapsed: 2.3290817737579346

*** Epoch 1, batch 34/520 ***
Training fitness: 0.86659684908514
Model size: (5, 14)
Validation fitness: 0.8475722996069245 !!!
Elapsed: 2.6351397037506104

*** Epoch 1, batch 35/520 ***
Training fitness: 0.8349071473601695
Model size: (7, 17)
Validation fitness: 0.8191235522437301 
Elapsed: 2.5757596492767334

*** Epoch 1, batch 36/520 ***
Training fitness: 0.900142659245288
Model size: (6, 15)
Validation fitness: 0.8583167297075526 !!!
Elapsed: 2.573108196258545

*** Epoch 1, batch 37/520 ***
Training fitness: 0.8643874207943743
Model size: (6, 15)
Validation fitness: 0.8583167297075526 
Elapsed: 2.5778045654296875

*** Epoch 1, batch 38/520 ***
Training fitness: 0.8663670716046631
Model size: (6, 15)
Validation fitness: 0.8583167297075526 
Elapsed: 2.6074516773223877

*** Epoch 1, batch 39/520 ***
Training fitness: 0.9003567329247902
Model size: (6, 15)
Validation fitness: 0.8583167297075526 
Elapsed: 2.5020837783813477

*** Epoch 1, batch 40/520 ***
Training fitness: 0.8579060946345873
Model size: (6, 9)
Validation fitness: 0.8313315825905979 
Elapsed: 2.462514877319336

*** Epoch 1, batch 41/520 ***
Training fitness: 0.8766470606670952
Model size: (6, 15)
Validation fitness: 0.8583167297075526 
Elapsed: 2.552959442138672

*** Epoch 1, batch 42/520 ***
Training fitness: 0.8608903211002708
Model size: (7, 17)
Validation fitness: 0.840768512094789 
Elapsed: 2.666142225265503

*** Epoch 1, batch 43/520 ***
Training fitness: 0.8549402613844151
Model size: (2, 6)
Validation fitness: 0.7893243367014685 
Elapsed: 2.470179796218872

*** Epoch 1, batch 44/520 ***
Training fitness: 0.8696581663734244
Model size: (7, 18)
Validation fitness: 0.8084056537009283 
Elapsed: 2.570974111557007

*** Epoch 1, batch 45/520 ***
Training fitness: 0.8914999716646557
Model size: (3, 7)
Validation fitness: 0.8228125137474605 
Elapsed: 2.2784156799316406

*** Epoch 1, batch 46/520 ***
Training fitness: 0.8785464423384651
Model size: (6, 15)
Validation fitness: 0.8583167297075526 
Elapsed: 2.4968299865722656

*** Epoch 1, batch 47/520 ***
Training fitness: 0.869424751943045
Model size: (6, 15)
Validation fitness: 0.8583167297075526 
Elapsed: 2.4573822021484375

*** Epoch 1, batch 48/520 ***
Training fitness: 0.8521398965803568
Model size: (6, 15)
Validation fitness: 0.8583167297075526 
Elapsed: 2.5277371406555176

*** Epoch 1, batch 49/520 ***
Training fitness: 0.8753365220561158
Model size: (8, 19)
Validation fitness: 0.8410111861279947 
Elapsed: 2.4460251331329346

*** Epoch 1, batch 50/520 ***
Training fitness: 0.865721819145228
Model size: (7, 18)
Validation fitness: 0.8228270671751214 
Elapsed: 2.5992753505706787

*** Epoch 1, batch 51/520 ***
Training fitness: 0.8904578519469405
Model size: (13, 24)
Validation fitness: 0.8389500015201103 
Elapsed: 2.4231913089752197

*** Epoch 1, batch 52/520 ***
Training fitness: 0.8775065490432551
Model size: (11, 24)
Validation fitness: 0.8373097973944442 
Elapsed: 2.370223045349121

*** Epoch 1, batch 53/520 ***
Training fitness: 0.7946610638118009
Model size: (10, 22)
Validation fitness: 0.8351589651024832 
Elapsed: 2.477768898010254

*** Epoch 1, batch 54/520 ***
Training fitness: 0.8689989616002104
Model size: (10, 22)
Validation fitness: 0.8351589651024832 
Elapsed: 2.348421335220337

*** Epoch 1, batch 55/520 ***
Training fitness: 0.882855233446771
Model size: (8, 19)
Validation fitness: 0.8410111861279947 
Elapsed: 2.333650827407837

*** Epoch 1, batch 56/520 ***
Training fitness: 0.8704849109201251
Model size: (8, 19)
Validation fitness: 0.8410111861279947 
Elapsed: 2.4272420406341553

*** Epoch 1, batch 57/520 ***
Training fitness: 0.8538515921609121
Model size: (9, 19)
Validation fitness: 0.8021711947064187 
Elapsed: 2.3204259872436523

*** Epoch 1, batch 58/520 ***
Training fitness: 0.874316981898682
Model size: (15, 28)
Validation fitness: 0.8351731699416901 
Elapsed: 2.3645498752593994

*** Epoch 1, batch 59/520 ***
Training fitness: 0.8735479035637632
Model size: (8, 19)
Validation fitness: 0.8410111861279947 
Elapsed: 2.4353034496307373

*** Epoch 1, batch 60/520 ***
Training fitness: 0.8279569892473119
Model size: (16, 27)
Validation fitness: 0.8347513671171415 
Elapsed: 2.70169734954834

*** Epoch 1, batch 61/520 ***
Training fitness: 0.8572716285421584
Model size: (16, 27)
Validation fitness: 0.8347513671171415 
Elapsed: 2.431257724761963

*** Epoch 1, batch 62/520 ***
Training fitness: 0.8515884888148016
Model size: (12, 22)
Validation fitness: 0.8337411737870817 
Elapsed: 2.7569892406463623

*** Epoch 1, batch 63/520 ***
Training fitness: 0.8566798456941817
Model size: (9, 19)
Validation fitness: 0.8223037908284929 
Elapsed: 2.405848503112793

*** Epoch 1, batch 64/520 ***
Training fitness: 0.8569672410314594
Model size: (16, 27)
Validation fitness: 0.8347513671171415 
Elapsed: 2.423851728439331

*** Epoch 1, batch 65/520 ***
Training fitness: 0.8742256845282372
Model size: (7, 11)
Validation fitness: 0.832756903755018 
Elapsed: 2.3388514518737793

*** Epoch 1, batch 66/520 ***
Training fitness: 0.8593647811893681
Model size: (7, 11)
Validation fitness: 0.832756903755018 
Elapsed: 2.432114839553833

*** Epoch 1, batch 67/520 ***
Training fitness: 0.8911304614752092
Model size: (7, 11)
Validation fitness: 0.832756903755018 
Elapsed: 2.4630680084228516

*** Epoch 1, batch 68/520 ***
Training fitness: 0.890999033842048
Model size: (20, 33)
Validation fitness: 0.8292427868884052 
Elapsed: 2.4685986042022705

*** Epoch 1, batch 69/520 ***
Training fitness: 0.8622902826737104
Model size: (8, 14)
Validation fitness: 0.8095069940647761 
Elapsed: 2.433478355407715

*** Epoch 1, batch 70/520 ***
Training fitness: 0.8594542047611874
Model size: (20, 32)
Validation fitness: 0.8406112287385571 
Elapsed: 2.399059295654297

*** Epoch 1, batch 71/520 ***
Training fitness: 0.8519565185958149
Model size: (5, 8)
Validation fitness: 0.7792175222467884 
Elapsed: 2.3231852054595947

*** Epoch 1, batch 72/520 ***
Training fitness: 0.8672139656737888
Model size: (11, 22)
Validation fitness: 0.8352383851928873 
Elapsed: 2.5825955867767334

*** Epoch 1, batch 73/520 ***
Training fitness: 0.8591345577451931
Model size: (11, 22)
Validation fitness: 0.8383091749173809 
Elapsed: 2.647294521331787

*** Epoch 1, batch 74/520 ***
Training fitness: 0.8555765000638629
Model size: (9, 18)
Validation fitness: 0.8450039812118938 
Elapsed: 2.5487828254699707

*** Epoch 1, batch 75/520 ***
Training fitness: 0.8206293082298015
Model size: (6, 9)
Validation fitness: 0.8617281840753472 !!!
Elapsed: 2.425588846206665

*** Epoch 1, batch 76/520 ***
Training fitness: 0.8597923141478182
Model size: (6, 10)
Validation fitness: 0.8394488496531676 
Elapsed: 2.4192981719970703

*** Epoch 1, batch 77/520 ***
Training fitness: 0.8329740698924927
Model size: (6, 9)
Validation fitness: 0.8617281840753472 
Elapsed: 2.3735272884368896

*** Epoch 1, batch 78/520 ***
Training fitness: 0.8360672479607163
Model size: (9, 17)
Validation fitness: 0.8316245820026383 
Elapsed: 2.594651699066162

*** Epoch 1, batch 79/520 ***
Training fitness: 0.864944605697121
Model size: (9, 20)
Validation fitness: 0.8396410224538368 
Elapsed: 2.6943745613098145

*** Epoch 1, batch 80/520 ***
Training fitness: 0.8250161286611208
Model size: (9, 20)
Validation fitness: 0.8396410224538368 
Elapsed: 2.62764310836792

*** Epoch 1, batch 81/520 ***
Training fitness: 0.9070215047681729
Model size: (6, 10)
Validation fitness: 0.8394488496531676 
Elapsed: 2.5103111267089844

*** Epoch 1, batch 82/520 ***
Training fitness: 0.899852003471392
Model size: (21, 34)
Validation fitness: 0.8193947444810558 
Elapsed: 2.5228426456451416

*** Epoch 1, batch 83/520 ***
Training fitness: 0.8128399960227086
Model size: (20, 33)
Validation fitness: 0.8232616844601324 
Elapsed: 2.511256694793701

*** Epoch 1, batch 84/520 ***
Training fitness: 0.9202372655564524
Model size: (10, 20)
Validation fitness: 0.8470947795167466 
Elapsed: 2.7938764095306396

*** Epoch 1, batch 85/520 ***
Training fitness: 0.8760305343511451
Model size: (21, 29)
Validation fitness: 0.8323409175270123 
Elapsed: 2.666879892349243

*** Epoch 1, batch 86/520 ***
Training fitness: 0.8505517710648717
Model size: (10, 21)
Validation fitness: 0.8444722641817597 
Elapsed: 2.7684476375579834

*** Epoch 1, batch 87/520 ***
Training fitness: 0.8455149482803977
Model size: (20, 28)
Validation fitness: 0.8376248067058419 
Elapsed: 2.632549524307251

*** Epoch 1, batch 88/520 ***
Training fitness: 0.8780483767105662
Model size: (10, 21)
Validation fitness: 0.8444722641817597 
Elapsed: 2.7238454818725586

*** Epoch 1, batch 89/520 ***
Training fitness: 0.8916050852754615
Model size: (21, 33)
Validation fitness: 0.8377921657555769 
Elapsed: 2.5963714122772217

*** Epoch 1, batch 90/520 ***
Training fitness: 0.8607808510193807
Model size: (24, 42)
Validation fitness: 0.8351999973250251 
Elapsed: 2.621713638305664

*** Epoch 1, batch 91/520 ***
Training fitness: 0.8528387570436534
Model size: (13, 23)
Validation fitness: 0.8439296067614986 
Elapsed: 2.5964953899383545

*** Epoch 1, batch 92/520 ***
Training fitness: 0.8515703725838062
Model size: (13, 23)
Validation fitness: 0.8439296067614986 
Elapsed: 2.7524616718292236

*** Epoch 1, batch 93/520 ***
Training fitness: 0.8990870069582885
Model size: (11, 21)
Validation fitness: 0.8350877119174557 
Elapsed: 2.6691734790802

*** Epoch 1, batch 94/520 ***
Training fitness: 0.8381874930945735
Model size: (20, 32)
Validation fitness: 0.8465262840459844 
Elapsed: 2.616279125213623

*** Epoch 1, batch 95/520 ***
Training fitness: 0.8905476044898577
Model size: (23, 36)
Validation fitness: 0.8340657130667896 
Elapsed: 2.5033535957336426

*** Epoch 1, batch 96/520 ***
Training fitness: 0.7978471676054175
Model size: (20, 32)
Validation fitness: 0.8465262840459844 
Elapsed: 2.5329504013061523

*** Epoch 1, batch 97/520 ***
Training fitness: 0.897561371679245
Model size: (20, 31)
Validation fitness: 0.8561933929182023 
Elapsed: 2.5488343238830566

*** Epoch 1, batch 98/520 ***
Training fitness: 0.8444233728885883
Model size: (10, 19)
Validation fitness: 0.8419693346147538 
Elapsed: 2.5188705921173096

*** Epoch 1, batch 99/520 ***
Training fitness: 0.8755659181887775
Model size: (12, 26)
Validation fitness: 0.8493883039152083 
Elapsed: 2.648909330368042

*** Epoch 1, batch 100/520 ***
Training fitness: 0.83893681962152
Model size: (10, 19)
Validation fitness: 0.8419693346147538 
Elapsed: 2.650604486465454

*** Epoch 1, batch 101/520 ***
Training fitness: 0.847226710138027
Model size: (12, 23)
Validation fitness: 0.8419991777844591 
Elapsed: 2.6225430965423584

*** Epoch 1, batch 102/520 ***
Training fitness: 0.8441622892989752
Model size: (13, 26)
Validation fitness: 0.835490455066334 
Elapsed: 2.7456817626953125

*** Epoch 1, batch 103/520 ***
Training fitness: 0.8324447026820163
Model size: (13, 26)
Validation fitness: 0.836841316733903 
Elapsed: 2.8528006076812744

*** Epoch 1, batch 104/520 ***
Training fitness: 0.811346358502537
Model size: (13, 23)
Validation fitness: 0.8297868236644288 
Elapsed: 2.9738571643829346

*** Epoch 1, batch 105/520 ***
Training fitness: 0.8741860170364298
Model size: (12, 22)
Validation fitness: 0.8407267862617729 
Elapsed: 2.6158173084259033

*** Epoch 1, batch 106/520 ***
Training fitness: 0.7968682110706168
Model size: (11, 19)
Validation fitness: 0.8104310970668624 
Elapsed: 2.719642162322998

*** Epoch 1, batch 107/520 ***
Training fitness: 0.8363370145198702
Model size: (12, 22)
Validation fitness: 0.8407267862617729 
Elapsed: 2.72762393951416

*** Epoch 1, batch 108/520 ***
Training fitness: 0.8588305243703754
Model size: (10, 17)
Validation fitness: 0.8380501182859124 
Elapsed: 2.9016127586364746

*** Epoch 1, batch 109/520 ***
Training fitness: 0.7958748591672734
Model size: (10, 17)
Validation fitness: 0.8380501182859124 
Elapsed: 2.7744858264923096

*** Epoch 1, batch 110/520 ***
Training fitness: 0.8408252788016852
Model size: (16, 21)
Validation fitness: 0.7941103181028412 
Elapsed: 2.5817501544952393

*** Epoch 1, batch 111/520 ***
Training fitness: 0.849250896082597
Model size: (10, 17)
Validation fitness: 0.8380501182859124 
Elapsed: 2.7596395015716553

*** Epoch 1, batch 112/520 ***
Training fitness: 0.8500795164896673
Model size: (11, 18)
Validation fitness: 0.8426454898178887 
Elapsed: 2.5708870887756348

*** Epoch 1, batch 113/520 ***
Training fitness: 0.8828251418141222
Model size: (11, 18)
Validation fitness: 0.8426454898178887 
Elapsed: 2.5646955966949463

*** Epoch 1, batch 114/520 ***
Training fitness: 0.9231993610719209
Model size: (10, 17)
Validation fitness: 0.8380501182859124 
Elapsed: 2.7357537746429443

*** Epoch 1, batch 115/520 ***
Training fitness: 0.8198654815725435
Model size: (10, 17)
Validation fitness: 0.8380501182859124 
Elapsed: 2.798685312271118

*** Epoch 1, batch 116/520 ***
Training fitness: 0.855072463768116
Model size: (12, 12)
Validation fitness: 0.7953203230306397 
Elapsed: 2.4343502521514893

*** Epoch 1, batch 117/520 ***
Training fitness: 0.8569243885233906
Model size: (10, 17)
Validation fitness: 0.8380501182859124 
Elapsed: 2.7355198860168457

*** Epoch 1, batch 118/520 ***
Training fitness: 0.7915496492909193
Model size: (18, 27)
Validation fitness: 0.7743623087393646 
Elapsed: 2.5457956790924072

*** Epoch 1, batch 119/520 ***
Training fitness: 0.8862769189341135
Model size: (8, 11)
Validation fitness: 0.8076799612673892 
Elapsed: 2.603034257888794

*** Epoch 1, batch 120/520 ***
Training fitness: 0.8542003125150278
Model size: (9, 16)
Validation fitness: 0.8502305664059365 
Elapsed: 2.710865020751953

*** Epoch 1, batch 121/520 ***
Training fitness: 0.8516173787527398
Model size: (10, 18)
Validation fitness: 0.8273619501548537 
Elapsed: 2.7342071533203125

*** Epoch 1, batch 122/520 ***
Training fitness: 0.890999033842048
Model size: (9, 15)
Validation fitness: 0.8489448741641307 
Elapsed: 2.702134370803833

*** Epoch 1, batch 123/520 ***
Training fitness: 0.8155955251909885
Model size: (9, 15)
Validation fitness: 0.8489448741641307 
Elapsed: 2.7052035331726074

*** Epoch 1, batch 124/520 ***
Training fitness: 0.8298600663204014
Model size: (9, 15)
Validation fitness: 0.8489448741641307 
Elapsed: 4.962668418884277

*** Epoch 1, batch 125/520 ***
Training fitness: 0.8301588242483476
Model size: (9, 15)
Validation fitness: 0.8489448741641307 
Elapsed: 2.7369842529296875

*** Epoch 1, batch 126/520 ***
Training fitness: 0.8870821939672503
Model size: (9, 15)
Validation fitness: 0.8489448741641307 
Elapsed: 2.531820297241211

*** Epoch 1, batch 127/520 ***
Training fitness: 0.8560913561651596
Model size: (9, 15)
Validation fitness: 0.8489448741641307 
Elapsed: 2.533106803894043

*** Epoch 1, batch 128/520 ***
Training fitness: 0.858033045060419
Model size: (9, 15)
Validation fitness: 0.8489448741641307 
Elapsed: 2.4800755977630615

*** Epoch 1, batch 129/520 ***
Training fitness: 0.8646657563327008
Model size: (9, 15)
Validation fitness: 0.8489448741641307 
Elapsed: 2.5051462650299072

*** Epoch 1, batch 130/520 ***
Training fitness: 0.8291805298812961
Model size: (8, 12)
Validation fitness: 0.841102205779805 
Elapsed: 2.3016622066497803

*** Epoch 1, batch 131/520 ***
Training fitness: 0.8456278882895235
Model size: (9, 15)
Validation fitness: 0.8489448741641307 
Elapsed: 2.488947868347168

*** Epoch 1, batch 132/520 ***
Training fitness: 0.8393145727285991
Model size: (9, 18)
Validation fitness: 0.789958545044998 
Elapsed: 2.4304070472717285

*** Epoch 1, batch 133/520 ***
Training fitness: 0.8738761982092178
Model size: (8, 12)
Validation fitness: 0.841102205779805 
Elapsed: 2.352360248565674

*** Epoch 1, batch 134/520 ***
Training fitness: 0.8149666231077668
Model size: (8, 12)
Validation fitness: 0.841102205779805 
Elapsed: 2.4061312675476074

*** Epoch 1, batch 135/520 ***
Training fitness: 0.8662856574289592
Model size: (18, 30)
Validation fitness: 0.7988042647165292 
Elapsed: 2.202399730682373

*** Epoch 1, batch 136/520 ***
Training fitness: 0.8637979681638847
Model size: (10, 18)
Validation fitness: 0.8010031463399149 
Elapsed: 2.2832648754119873

*** Epoch 1, batch 137/520 ***
Training fitness: 0.8415514344784718
Model size: (10, 18)
Validation fitness: 0.8010031463399149 
Elapsed: 2.3701624870300293

*** Epoch 1, batch 138/520 ***
Training fitness: 0.8374057312749197
Model size: (9, 16)
Validation fitness: 0.8156877829056675 
Elapsed: 2.4225425720214844

*** Epoch 1, batch 139/520 ***
Training fitness: 0.8067842963896242
Model size: (9, 16)
Validation fitness: 0.8156877829056675 
Elapsed: 2.3631539344787598

*** Epoch 1, batch 140/520 ***
Training fitness: 0.8571846650156335
Model size: (8, 14)
Validation fitness: 0.8395854144603925 
Elapsed: 2.4119489192962646

*** Epoch 1, batch 141/520 ***
Training fitness: 0.8288426724756327
Model size: (8, 12)
Validation fitness: 0.8105916074956893 
Elapsed: 2.366931915283203

*** Epoch 1, batch 142/520 ***
Training fitness: 0.8333724101494138
Model size: (8, 14)
Validation fitness: 0.8395854144603925 
Elapsed: 2.3717217445373535

*** Epoch 1, batch 143/520 ***
Training fitness: 0.862886151077445
Model size: (8, 14)
Validation fitness: 0.8395854144603925 
Elapsed: 2.3913393020629883

*** Epoch 1, batch 144/520 ***
Training fitness: 0.8330842363134382
Model size: (8, 14)
Validation fitness: 0.8395854144603925 
Elapsed: 2.282588481903076

*** Epoch 1, batch 145/520 ***
Training fitness: 0.7951496035802973
Model size: (8, 14)
Validation fitness: 0.8395854144603925 
Elapsed: 2.332275629043579

*** Epoch 1, batch 146/520 ***
Training fitness: 0.8242706770312548
Model size: (17, 29)
Validation fitness: 0.7567029700375685 
Elapsed: 2.5454611778259277

*** Epoch 1, batch 147/520 ***
Training fitness: 0.8336398111537296
Model size: (8, 14)
Validation fitness: 0.8395854144603925 
Elapsed: 2.4560647010803223

*** Epoch 1, batch 148/520 ***
Training fitness: 0.7991564328516949
Model size: (8, 14)
Validation fitness: 0.8395854144603925 
Elapsed: 2.5516469478607178

*** Epoch 1, batch 149/520 ***
Training fitness: 0.8418682700494072
Model size: (8, 14)
Validation fitness: 0.8395854144603925 
Elapsed: 2.4099907875061035

*** Epoch 1, batch 150/520 ***
Training fitness: 0.8423925456858098
Model size: (8, 14)
Validation fitness: 0.8395854144603925 
Elapsed: 2.3367483615875244

*** Epoch 1, batch 151/520 ***
Training fitness: 0.8237408673012915
Model size: (8, 14)
Validation fitness: 0.8395854144603925 
Elapsed: 2.270555019378662

*** Epoch 1, batch 152/520 ***
Training fitness: 0.8278068302345828
Model size: (8, 14)
Validation fitness: 0.8395854144603925 
Elapsed: 2.246640920639038

*** Epoch 1, batch 153/520 ***
Training fitness: 0.8091450563610006
Model size: (8, 14)
Validation fitness: 0.8395854144603925 
Elapsed: 2.2784669399261475

*** Epoch 1, batch 154/520 ***
Training fitness: 0.8273836475322295
Model size: (19, 27)
Validation fitness: 0.7980015240636975 
Elapsed: 2.1577439308166504

*** Epoch 1, batch 155/520 ***
Training fitness: 0.8358318401898499
Model size: (18, 26)
Validation fitness: 0.7978035520227117 
Elapsed: 2.189206838607788

*** Epoch 1, batch 156/520 ***
Training fitness: 0.8236261349799886
Model size: (8, 14)
Validation fitness: 0.8213786228939663 
Elapsed: 2.3261659145355225

*** Epoch 1, batch 157/520 ***
Training fitness: 0.8072254351950305
Model size: (18, 30)
Validation fitness: 0.7830027026999122 
Elapsed: 2.0962741374969482

*** Epoch 1, batch 158/520 ***
Training fitness: 0.8442869848697852
Model size: (9, 15)
Validation fitness: 0.7925995716049943 
Elapsed: 2.3303775787353516

*** Epoch 1, batch 159/520 ***
Training fitness: 0.8462349640323427
Model size: (8, 14)
Validation fitness: 0.8213786228939663 
Elapsed: 2.250251293182373

*** Epoch 1, batch 160/520 ***
Training fitness: 0.8347524835666269
Model size: (8, 14)
Validation fitness: 0.8213786228939663 
Elapsed: 2.2706470489501953

*** Epoch 1, batch 161/520 ***
Training fitness: 0.8464910905491421
Model size: (8, 14)
Validation fitness: 0.8213786228939663 
Elapsed: 2.2302539348602295

*** Epoch 1, batch 162/520 ***
Training fitness: 0.8444594363974929
Model size: (8, 14)
Validation fitness: 0.8213786228939663 
Elapsed: 2.207301616668701

*** Epoch 1, batch 163/520 ***
Training fitness: 0.8155615334117362
Model size: (14, 15)
Validation fitness: 0.7890013924038298 
Elapsed: 2.1301372051239014

*** Epoch 1, batch 164/520 ***
Training fitness: 0.8856243518719612
Model size: (21, 32)
Validation fitness: 0.7963074692807635 
Elapsed: 2.080172300338745

*** Epoch 1, batch 165/520 ***
Training fitness: 0.843464979891126
Model size: (15, 17)
Validation fitness: 0.7941441038613085 
Elapsed: 2.251330614089966

*** Epoch 1, batch 166/520 ***
Training fitness: 0.8070222912042416
Model size: (14, 16)
Validation fitness: 0.7942566519217812 
Elapsed: 2.136805772781372

*** Epoch 1, batch 167/520 ***
Training fitness: 0.7853951757959182
Model size: (12, 15)
Validation fitness: 0.7982546255328652 
Elapsed: 2.254413604736328

*** Epoch 1, batch 168/520 ***
Training fitness: 0.7745788204159331
Model size: (25, 27)
Validation fitness: 0.7887913619733851 
Elapsed: 2.226015090942383

*** Epoch 1, batch 169/520 ***
Training fitness: 0.7745034549123025
Model size: (16, 21)
Validation fitness: 0.7961392879666561 
Elapsed: 2.180434226989746

*** Epoch 1, batch 170/520 ***
Training fitness: 0.785927603744365
Model size: (14, 20)
Validation fitness: 0.7934721572358518 
Elapsed: 2.3456058502197266

*** Epoch 1, batch 171/520 ***
Training fitness: 0.7616177188190567
Model size: (17, 22)
Validation fitness: 0.798201339721547 
Elapsed: 2.1365692615509033

*** Epoch 1, batch 172/520 ***
Training fitness: 0.7710863961520708
Model size: (17, 25)
Validation fitness: 0.7727434249895051 
Elapsed: 2.1564061641693115

*** Epoch 1, batch 173/520 ***
Training fitness: 0.8154375106363648
Model size: (23, 37)
Validation fitness: 0.7880638304036046 
Elapsed: 2.5384366512298584

*** Epoch 1, batch 174/520 ***
Training fitness: 0.843464979891126
Model size: (28, 31)
Validation fitness: 0.7942828334374042 
Elapsed: 2.19852876663208

*** Epoch 1, batch 175/520 ***
Training fitness: 0.760528647372101
Model size: (18, 23)
Validation fitness: 0.7898098143150624 
Elapsed: 2.178840398788452

*** Epoch 1, batch 176/520 ***
Training fitness: 0.8349367290781895
Model size: (18, 25)
Validation fitness: 0.7815934347505868 
Elapsed: 2.215695858001709

*** Epoch 1, batch 177/520 ***
Training fitness: 0.7961487492504921
Model size: (23, 31)
Validation fitness: 0.7989205409508565 
Elapsed: 2.2353782653808594

*** Epoch 1, batch 178/520 ***
Training fitness: 0.7987625629750486
Model size: (17, 24)
Validation fitness: 0.7910464423168347 
Elapsed: 2.4182052612304688

*** Epoch 1, batch 179/520 ***
Training fitness: 0.8226052427329824
Model size: (13, 11)
Validation fitness: 0.797647133892568 
Elapsed: 1.9714066982269287

*** Epoch 1, batch 180/520 ***
Training fitness: 0.795099935886035
Model size: (18, 22)
Validation fitness: 0.8017171798920958 
Elapsed: 1.8699595928192139

*** Epoch 1, batch 181/520 ***
Training fitness: 0.8103827280881556
Model size: (18, 22)
Validation fitness: 0.8017171798920958 
Elapsed: 1.887312412261963

*** Epoch 1, batch 182/520 ***
Training fitness: 0.7712458388120432
Model size: (19, 26)
Validation fitness: 0.7915414376093998 
Elapsed: 1.8517343997955322

*** Epoch 1, batch 183/520 ***
Training fitness: 0.8293400255919043
Model size: (12, 17)
Validation fitness: 0.7857388868848278 
Elapsed: 1.9787893295288086

*** Epoch 1, batch 184/520 ***
Training fitness: 0.8574219578440381
Model size: (11, 15)
Validation fitness: 0.7939073477141746 
Elapsed: 1.9430575370788574

*** Epoch 1, batch 185/520 ***
Training fitness: 0.7675662393114631
Model size: (15, 15)
Validation fitness: 0.7994939769791563 
Elapsed: 1.9559533596038818

*** Epoch 1, batch 186/520 ***
Training fitness: 0.8153195326268533
Model size: (20, 26)
Validation fitness: 0.8029293249171513 
Elapsed: 1.9625473022460938

*** Epoch 1, batch 187/520 ***
Training fitness: 0.829817702318931
Model size: (20, 28)
Validation fitness: 0.7958606359403819 
Elapsed: 1.9640142917633057

*** Epoch 1, batch 188/520 ***
Training fitness: 0.8451224548897706
Model size: (20, 28)
Validation fitness: 0.7958606359403819 
Elapsed: 2.034982919692993

*** Epoch 1, batch 189/520 ***
Training fitness: 0.8453695532302203
Model size: (15, 15)
Validation fitness: 0.7994939769791563 
Elapsed: 2.008483409881592

*** Epoch 1, batch 190/520 ***
Training fitness: 0.8045574228987913
Model size: (21, 29)
Validation fitness: 0.8020889741511265 
Elapsed: 1.9747848510742188

*** Epoch 1, batch 191/520 ***
Training fitness: 0.7868703014108701
Model size: (14, 16)
Validation fitness: 0.7963074692807635 
Elapsed: 1.9730315208435059

*** Epoch 1, batch 192/520 ***
Training fitness: 0.801712680260572
Model size: (22, 30)
Validation fitness: 0.8021620815079235 
Elapsed: 1.9468472003936768

*** Epoch 1, batch 193/520 ***
Training fitness: 0.820489253055203
Model size: (11, 18)
Validation fitness: 0.7907799939413496 
Elapsed: 2.033787250518799

*** Epoch 1, batch 194/520 ***
Training fitness: 0.8792395114137739
Model size: (23, 33)
Validation fitness: 0.800775090938333 
Elapsed: 2.0255463123321533

*** Epoch 1, batch 195/520 ***
Training fitness: 0.8168655255072177
Model size: (22, 30)
Validation fitness: 0.7999015644594639 
Elapsed: 2.027223587036133

*** Epoch 1, batch 196/520 ***
Training fitness: 0.838010868528356
Model size: (23, 33)
Validation fitness: 0.800775090938333 
Elapsed: 1.9202601909637451

*** Epoch 1, batch 197/520 ***
Training fitness: 0.7975715621482895
Model size: (23, 34)
Validation fitness: 0.7999715690279765 
Elapsed: 1.9540297985076904

*** Epoch 1, batch 198/520 ***
Training fitness: 0.8035957679367588
Model size: (23, 32)
Validation fitness: 0.8014769459037003 
Elapsed: 1.8930237293243408

*** Epoch 1, batch 199/520 ***
Training fitness: 0.735388999643713
Model size: (17, 14)
Validation fitness: 0.7957610582109096 
Elapsed: 2.0427680015563965

*** Epoch 1, batch 200/520 ***
Training fitness: 0.7901643746632139
Model size: (16, 22)
Validation fitness: 0.7846094363849598 
Elapsed: 2.0010461807250977

*** Epoch 1, batch 201/520 ***
Training fitness: 0.8319487757193482
Model size: (23, 34)
Validation fitness: 0.8005277604653758 
Elapsed: 2.0464494228363037

*** Epoch 1, batch 202/520 ***
Training fitness: 0.8682350822905949
Model size: (10, 14)
Validation fitness: 0.7655423368735221 
Elapsed: 2.0983314514160156

*** Epoch 1, batch 203/520 ***
Training fitness: 0.8057809826495212
Model size: (9, 12)
Validation fitness: 0.7916464224950582 
Elapsed: 2.0524802207946777

*** Epoch 1, batch 204/520 ***
Training fitness: 0.7761140001162655
Model size: (22, 28)
Validation fitness: 0.8001600689236519 
Elapsed: 1.9268574714660645

*** Epoch 1, batch 205/520 ***
Training fitness: 0.7906988668512431
Model size: (23, 30)
Validation fitness: 0.7923357022280662 
Elapsed: 2.341963529586792

*** Epoch 1, batch 206/520 ***
Training fitness: 0.8391381480567756
Model size: (21, 26)
Validation fitness: 0.7969736803335017 
Elapsed: 1.935230016708374

*** Epoch 1, batch 207/520 ***
Training fitness: 0.8591792857549809
Model size: (14, 14)
Validation fitness: 0.8427506135663719 
Elapsed: 2.029747247695923

*** Epoch 1, batch 208/520 ***
Training fitness: 0.856405040978828
Model size: (13, 11)
Validation fitness: 0.8727540667977436 !!!
Elapsed: 2.07332444190979

*** Epoch 1, batch 209/520 ***
Training fitness: 0.880512568398767
Model size: (13, 11)
Validation fitness: 0.8727540667977436 
Elapsed: 2.0100133419036865

*** Epoch 1, batch 210/520 ***
Training fitness: 0.8767140075192094
Model size: (13, 11)
Validation fitness: 0.8727540667977436 
Elapsed: 2.0734059810638428

*** Epoch 1, batch 211/520 ***
Training fitness: 0.8380596671438915
Model size: (13, 11)
Validation fitness: 0.8727540667977436 
Elapsed: 2.1322314739227295

*** Epoch 1, batch 212/520 ***
Training fitness: 0.9073137143013725
Model size: (13, 11)
Validation fitness: 0.8727540667977436 
Elapsed: 2.1501543521881104

*** Epoch 1, batch 213/520 ***
Training fitness: 0.8680527741124959
Model size: (13, 11)
Validation fitness: 0.8727540667977436 
Elapsed: 2.081429958343506

*** Epoch 1, batch 214/520 ***
Training fitness: 0.8745037202646749
Model size: (13, 11)
Validation fitness: 0.8727540667977436 
Elapsed: 2.0851874351501465

*** Epoch 1, batch 215/520 ***
Training fitness: 0.8593048309093827
Model size: (13, 11)
Validation fitness: 0.8727540667977436 
Elapsed: 2.055915355682373

*** Epoch 1, batch 216/520 ***
Training fitness: 0.8848395989079055
Model size: (13, 11)
Validation fitness: 0.8727540667977436 
Elapsed: 2.2483255863189697

*** Epoch 1, batch 217/520 ***
Training fitness: 0.8840564663835783
Model size: (13, 11)
Validation fitness: 0.8727540667977436 
Elapsed: 2.12968111038208

*** Epoch 1, batch 218/520 ***
Training fitness: 0.9164199556263698
Model size: (13, 11)
Validation fitness: 0.8727540667977436 
Elapsed: 2.1011061668395996

*** Epoch 1, batch 219/520 ***
Training fitness: 0.8649207495609035
Model size: (13, 11)
Validation fitness: 0.8727540667977436 
Elapsed: 2.091625690460205

*** Epoch 1, batch 220/520 ***
Training fitness: 0.8568298080238055
Model size: (13, 11)
Validation fitness: 0.8727540667977436 
Elapsed: 2.1193318367004395

*** Epoch 1, batch 221/520 ***
Training fitness: 0.8933757781009599
Model size: (13, 11)
Validation fitness: 0.8727540667977436 
Elapsed: 2.1603000164031982

*** Epoch 1, batch 222/520 ***
Training fitness: 0.8719223044891211
Model size: (13, 11)
Validation fitness: 0.8727540667977436 
Elapsed: 2.167210102081299

*** Epoch 1, batch 223/520 ***
Training fitness: 0.8414803727969217
Model size: (11, 15)
Validation fitness: 0.7887243945758066 
Elapsed: 2.2559914588928223

*** Epoch 1, batch 224/520 ***
Training fitness: 0.8226035963188325
Model size: (12, 18)
Validation fitness: 0.7986545411448478 
Elapsed: 2.3634305000305176

*** Epoch 1, batch 225/520 ***
Training fitness: 0.7944689164935937
Model size: (9, 15)
Validation fitness: 0.7793515470940641 
Elapsed: 2.141416311264038

*** Epoch 1, batch 226/520 ***
Training fitness: 0.8019363584826527
Model size: (24, 31)
Validation fitness: 0.7837326420913573 
Elapsed: 2.0953264236450195

*** Epoch 1, batch 227/520 ***
Training fitness: 0.8104653926627752
Model size: (9, 11)
Validation fitness: 0.7978437789167823 
Elapsed: 2.1942481994628906

*** Epoch 1, batch 228/520 ***
Training fitness: 0.8084143953359973
Model size: (16, 15)
Validation fitness: 0.7927325538154482 
Elapsed: 2.132317543029785

*** Epoch 1, batch 229/520 ***
Training fitness: 0.8135579788518505
Model size: (19, 25)
Validation fitness: 0.7946006165938799 
Elapsed: 2.347046375274658

*** Epoch 1, batch 230/520 ***
Training fitness: 0.8174773632864015
Model size: (5, 10)
Validation fitness: 0.7773022764188144 
Elapsed: 2.1356430053710938

*** Epoch 1, batch 231/520 ***
Training fitness: 0.8028657404322838
Model size: (11, 11)
Validation fitness: 0.796532047472455 
Elapsed: 2.069052219390869

*** Epoch 1, batch 232/520 ***
Training fitness: 0.8040729822715567
Model size: (16, 15)
Validation fitness: 0.7927325538154482 
Elapsed: 2.356435775756836

*** Epoch 1, batch 233/520 ***
Training fitness: 0.8474073872880237
Model size: (19, 30)
Validation fitness: 0.7980598408621183 
Elapsed: 2.368481159210205

*** Epoch 1, batch 234/520 ***
Training fitness: 0.8401972955236047
Model size: (10, 12)
Validation fitness: 0.7970510345386523 
Elapsed: 2.136397361755371

*** Epoch 1, batch 235/520 ***
Training fitness: 0.7607787847148237
Model size: (10, 9)
Validation fitness: 0.7976519820983051 
Elapsed: 2.1277122497558594

*** Epoch 1, batch 236/520 ***
Training fitness: 0.843341125141616
Model size: (11, 15)
Validation fitness: 0.783277739997373 
Elapsed: 2.2325797080993652

*** Epoch 1, batch 237/520 ***
Training fitness: 0.7365426932177435
Model size: (5, 11)
Validation fitness: 0.7545377499260881 
Elapsed: 2.1407172679901123

*** Epoch 1, batch 238/520 ***
Training fitness: 0.7768272393501902
Model size: (7, 11)
Validation fitness: 0.7949655275404123 
Elapsed: 2.1797103881835938

*** Epoch 1, batch 239/520 ***
Training fitness: 0.738295627759858
Model size: (13, 20)
Validation fitness: 0.7694108300449164 
Elapsed: 2.1782901287078857

*** Epoch 1, batch 240/520 ***
Training fitness: 0.7820431984579151
Model size: (9, 13)
Validation fitness: 0.7981614933454096 
Elapsed: 2.066009998321533

*** Epoch 1, batch 241/520 ***
Training fitness: 0.8058235678447833
Model size: (10, 17)
Validation fitness: 0.7781578873804246 
Elapsed: 2.0897114276885986

*** Epoch 1, batch 242/520 ***
Training fitness: 0.7575268340747793
Model size: (9, 12)
Validation fitness: 0.7778576416483401 
Elapsed: 2.1280715465545654

*** Epoch 1, batch 243/520 ***
Training fitness: 0.8651293820157802
Model size: (8, 10)
Validation fitness: 0.7909353026381094 
Elapsed: 2.175351142883301

*** Epoch 1, batch 244/520 ***
Training fitness: 0.8219416017916844
Model size: (9, 11)
Validation fitness: 0.7802708037608144 
Elapsed: 2.1702957153320312

*** Epoch 1, batch 245/520 ***
Training fitness: 0.8167746344922534
Model size: (10, 15)
Validation fitness: 0.7863302780683946 
Elapsed: 2.2673511505126953

*** Epoch 1, batch 246/520 ***
Training fitness: 0.8012228416352357
Model size: (11, 20)
Validation fitness: 0.798119200168409 
Elapsed: 2.1099514961242676

*** Epoch 1, batch 247/520 ***
Training fitness: 0.843341125141616
Model size: (14, 19)
Validation fitness: 0.7769584394941268 
Elapsed: 2.291562795639038

*** Epoch 1, batch 248/520 ***
Training fitness: 0.8025420162641382
Model size: (12, 17)
Validation fitness: 0.7961518314161574 
Elapsed: 2.292037010192871

*** Epoch 1, batch 249/520 ***
Training fitness: 0.8405903439546888
Model size: (12, 17)
Validation fitness: 0.7982021184249805 
Elapsed: 2.2368645668029785

*** Epoch 1, batch 250/520 ***
Training fitness: 0.8446676171338652
Model size: (11, 14)
Validation fitness: 0.7784631994763742 
Elapsed: 2.327207565307617

*** Epoch 1, batch 251/520 ***
Training fitness: 0.75294138263466
Model size: (5, 10)
Validation fitness: 0.7864326037555683 
Elapsed: 2.2527287006378174

*** Epoch 1, batch 252/520 ***
Training fitness: 0.7743307870640351
Model size: (9, 13)
Validation fitness: 0.7907136065740334 
Elapsed: 2.2606213092803955

*** Epoch 1, batch 253/520 ***
Training fitness: 0.7975550507916639
Model size: (9, 13)
Validation fitness: 0.7907136065740334 
Elapsed: 2.330929756164551

*** Epoch 1, batch 254/520 ***
Training fitness: 0.836952447938871
Model size: (10, 15)
Validation fitness: 0.7936151370800336 
Elapsed: 2.3844268321990967

*** Epoch 1, batch 255/520 ***
Training fitness: 0.8025677050712637
Model size: (12, 18)
Validation fitness: 0.7888611054729278 
Elapsed: 2.1894466876983643

*** Epoch 1, batch 256/520 ***
Training fitness: 0.789754797076901
Model size: (5, 11)
Validation fitness: 0.788992865780621 
Elapsed: 2.2696986198425293

*** Epoch 1, batch 257/520 ***
Training fitness: 0.8223191055378893
Model size: (11, 18)
Validation fitness: 0.7742760479668112 
Elapsed: 2.3583779335021973

*** Epoch 1, batch 258/520 ***
Training fitness: 0.8096812483151232
Model size: (23, 40)
Validation fitness: 0.7840041402541839 
Elapsed: 2.4252994060516357

*** Epoch 1, batch 259/520 ***
Training fitness: 0.8299781237673607
Model size: (10, 14)
Validation fitness: 0.7883377747466686 
Elapsed: 2.2555806636810303

*** Epoch 1, batch 260/520 ***
Training fitness: 0.815371449458894
Model size: (15, 22)
Validation fitness: 0.7941236609570242 
Elapsed: 2.1427767276763916

*** Epoch 1, batch 261/520 ***
Training fitness: 0.7909649964604158
Model size: (9, 12)
Validation fitness: 0.762640737681634 
Elapsed: 2.1645960807800293

*** Epoch 1, batch 262/520 ***
Training fitness: 0.7956430577697592
Model size: (14, 16)
Validation fitness: 0.7985209163775063 
Elapsed: 2.1514360904693604

*** Epoch 1, batch 263/520 ***
Training fitness: 0.8288395582323534
Model size: (12, 17)
Validation fitness: 0.7968887450399109 
Elapsed: 1.9789831638336182

*** Epoch 1, batch 264/520 ***
Training fitness: 0.803279364863872
Model size: (9, 15)
Validation fitness: 0.783611293760989 
Elapsed: 1.9922783374786377

*** Epoch 1, batch 265/520 ***
Training fitness: 0.7289406104719525
Model size: (9, 16)
Validation fitness: 0.7814746578343026 
Elapsed: 2.4555840492248535

*** Epoch 1, batch 266/520 ***
Training fitness: 0.8951028784531655
Model size: (6, 12)
Validation fitness: 0.7986039230673816 
Elapsed: 2.233964204788208

*** Epoch 1, batch 267/520 ***
Training fitness: 0.8448397910502311
Model size: (12, 17)
Validation fitness: 0.7889980658114188 
Elapsed: 2.1530582904815674

*** Epoch 1, batch 268/520 ***
Training fitness: 0.8465429942496834
Model size: (12, 18)
Validation fitness: 0.7967105611720058 
Elapsed: 2.1505651473999023

*** Epoch 1, batch 269/520 ***
Training fitness: 0.8547746665874759
Model size: (13, 21)
Validation fitness: 0.7964524495963995 
Elapsed: 2.1629600524902344

*** Epoch 1, batch 270/520 ***
Training fitness: 0.7267769098240746
Model size: (14, 18)
Validation fitness: 0.7463200773262045 
Elapsed: 2.191559314727783

*** Epoch 1, batch 271/520 ***
Training fitness: 0.797901823207749
Model size: (3, 7)
Validation fitness: 0.7895510185804598 
Elapsed: 2.208824634552002

*** Epoch 1, batch 272/520 ***
Training fitness: 0.7525926281572518
Model size: (7, 11)
Validation fitness: 0.78756038733184 
Elapsed: 2.3070597648620605

*** Epoch 1, batch 273/520 ***
Training fitness: 0.8579391503810486
Model size: (5, 10)
Validation fitness: 0.8032803045074661 
Elapsed: 2.2988743782043457

*** Epoch 1, batch 274/520 ***
Training fitness: 0.8279107170736512
Model size: (7, 11)
Validation fitness: 0.78756038733184 
Elapsed: 2.258791923522949

*** Epoch 1, batch 275/520 ***
Training fitness: 0.8513375205123862
Model size: (8, 12)
Validation fitness: 0.7833142636142502 
Elapsed: 2.255307674407959

*** Epoch 1, batch 276/520 ***
Training fitness: 0.8310606055293641
Model size: (7, 9)
Validation fitness: 0.7852248115457464 
Elapsed: 2.330132246017456

*** Epoch 1, batch 277/520 ***
Training fitness: 0.8520870050846231
Model size: (4, 9)
Validation fitness: 0.7958110160172446 
Elapsed: 2.267578125

*** Epoch 1, batch 278/520 ***
Training fitness: 0.8313664792697268
Model size: (7, 9)
Validation fitness: 0.7852248115457464 
Elapsed: 2.222039222717285

*** Epoch 1, batch 279/520 ***
Training fitness: 0.8279742346737515
Model size: (3, 7)
Validation fitness: 0.7882860532164734 
Elapsed: 2.3127787113189697

*** Epoch 1, batch 280/520 ***
Training fitness: 0.7993889479203304
Model size: (15, 21)
Validation fitness: 0.747227538572758 
Elapsed: 2.2202539443969727

*** Epoch 1, batch 281/520 ***
Training fitness: 0.8821214380154312
Model size: (5, 11)
Validation fitness: 0.8281348959683648 
Elapsed: 2.35353684425354

*** Epoch 1, batch 282/520 ***
Training fitness: 0.8810078679489635
Model size: (7, 11)
Validation fitness: 0.78756038733184 
Elapsed: 2.247183084487915

*** Epoch 1, batch 283/520 ***
Training fitness: 0.8036137210890855
Model size: (7, 12)
Validation fitness: 0.7862899464923203 
Elapsed: 2.259587287902832

*** Epoch 1, batch 284/520 ***
Training fitness: 0.8168655255072177
Model size: (7, 11)
Validation fitness: 0.78756038733184 
Elapsed: 2.3323256969451904

*** Epoch 1, batch 285/520 ***
Training fitness: 0.8324501609358272
Model size: (7, 11)
Validation fitness: 0.78756038733184 
Elapsed: 2.3439784049987793

*** Epoch 1, batch 286/520 ***
Training fitness: 0.8264144736081899
Model size: (8, 12)
Validation fitness: 0.7801316167632995 
Elapsed: 2.2871289253234863

*** Epoch 1, batch 287/520 ***
Training fitness: 0.8333644636631978
Model size: (9, 14)
Validation fitness: 0.7947515831017248 
Elapsed: 2.254748582839966

*** Epoch 1, batch 288/520 ***
Training fitness: 0.8602120432458089
Model size: (14, 24)
Validation fitness: 0.7805570934177326 
Elapsed: 2.1664373874664307

*** Epoch 1, batch 289/520 ***
Training fitness: 0.8573153725631696
Model size: (17, 23)
Validation fitness: 0.7760964936331772 
Elapsed: 2.1486752033233643

*** Epoch 1, batch 290/520 ***
Training fitness: 0.8109043543730298
Model size: (12, 18)
Validation fitness: 0.7934182140659162 
Elapsed: 2.2833304405212402

*** Epoch 1, batch 291/520 ***
Training fitness: 0.8242882343065897
Model size: (7, 10)
Validation fitness: 0.7808435896252324 
Elapsed: 2.197192907333374

*** Epoch 1, batch 292/520 ***
Training fitness: 0.7852583955542015
Model size: (13, 21)
Validation fitness: 0.7842067393046094 
Elapsed: 2.151015281677246

*** Epoch 1, batch 293/520 ***
Training fitness: 0.7874973604582579
Model size: (11, 17)
Validation fitness: 0.7817268539550261 
Elapsed: 2.325927972793579

*** Epoch 1, batch 294/520 ***
Training fitness: 0.8014791992623838
Model size: (10, 13)
Validation fitness: 0.7856945683833603 
Elapsed: 2.391009569168091

*** Epoch 1, batch 295/520 ***
Training fitness: 0.7783074864521486
Model size: (10, 13)
Validation fitness: 0.7966560305806333 
Elapsed: 2.275073528289795

*** Epoch 1, batch 296/520 ***
Training fitness: 0.7738130608777778
Model size: (11, 15)
Validation fitness: 0.7807234191605059 
Elapsed: 2.3217053413391113

*** Epoch 1, batch 297/520 ***
Training fitness: 0.8221073279079295
Model size: (10, 14)
Validation fitness: 0.7941841027308549 
Elapsed: 2.1348485946655273

*** Epoch 1, batch 298/520 ***
Training fitness: 0.7924787066609901
Model size: (9, 15)
Validation fitness: 0.7775110042879853 
Elapsed: 2.180022954940796

*** Epoch 1, batch 299/520 ***
Training fitness: 0.7683232471422459
Model size: (13, 21)
Validation fitness: 0.8251583016114129 
Elapsed: 2.113619804382324

*** Epoch 1, batch 300/520 ***
Training fitness: 0.8368935393417846
Model size: (13, 21)
Validation fitness: 0.8251583016114129 
Elapsed: 2.2029783725738525

*** Epoch 1, batch 301/520 ***
Training fitness: 0.7807682896990458
Model size: (13, 21)
Validation fitness: 0.8251583016114129 
Elapsed: 2.087707042694092

*** Epoch 1, batch 302/520 ***
Training fitness: 0.7976378056703199
Model size: (13, 22)
Validation fitness: 0.8280507165190077 
Elapsed: 2.1469342708587646

*** Epoch 1, batch 303/520 ***
Training fitness: 0.8740771684341015
Model size: (13, 22)
Validation fitness: 0.8280507165190077 
Elapsed: 2.1520981788635254

*** Epoch 1, batch 304/520 ***
Training fitness: 0.8181818181818182
Model size: (21, 35)
Validation fitness: 0.7917412987664778 
Elapsed: 2.297769784927368

*** Epoch 1, batch 305/520 ***
Training fitness: 0.82367693532278
Model size: (16, 23)
Validation fitness: 0.7843554239013406 
Elapsed: 2.1458961963653564

*** Epoch 1, batch 306/520 ***
Training fitness: 0.8352390552554954
Model size: (16, 24)
Validation fitness: 0.791509745803807 
Elapsed: 2.352867364883423

*** Epoch 1, batch 307/520 ***
Training fitness: 0.823718473071898
Model size: (16, 26)
Validation fitness: 0.8081390600837852 
Elapsed: 2.2812283039093018

*** Epoch 1, batch 308/520 ***
Training fitness: 0.8612454093299163
Model size: (19, 29)
Validation fitness: 0.8128426131716717 
Elapsed: 2.229316473007202

*** Epoch 1, batch 309/520 ***
Training fitness: 0.8377758166991537
Model size: (20, 32)
Validation fitness: 0.8094767035402638 
Elapsed: 2.3237390518188477

*** Epoch 1, batch 310/520 ***
Training fitness: 0.8353291611849342
Model size: (10, 17)
Validation fitness: 0.8473878786611011 
Elapsed: 2.302530288696289

*** Epoch 1, batch 311/520 ***
Training fitness: 0.8519793925843117
Model size: (9, 15)
Validation fitness: 0.8081759480502536 
Elapsed: 2.2798943519592285

*** Epoch 1, batch 312/520 ***
Training fitness: 0.8920579032636218
Model size: (18, 25)
Validation fitness: 0.8087109209768976 
Elapsed: 2.166614532470703

*** Epoch 1, batch 313/520 ***
Training fitness: 0.8431542803860462
Model size: (16, 23)
Validation fitness: 0.8149996015035836 
Elapsed: 2.1020946502685547

*** Epoch 1, batch 314/520 ***
Training fitness: 0.805230975784717
Model size: (16, 23)
Validation fitness: 0.8149996015035836 
Elapsed: 4.039334297180176

*** Epoch 1, batch 315/520 ***
Training fitness: 0.8401489183673224
Model size: (17, 25)
Validation fitness: 0.8221763520014409 
Elapsed: 4.049524784088135

*** Epoch 1, batch 316/520 ***
Training fitness: 0.839188444906291
Model size: (18, 27)
Validation fitness: 0.8391994920139888 
Elapsed: 4.17899489402771

*** Epoch 1, batch 317/520 ***
Training fitness: 0.853373081275019
Model size: (10, 17)
Validation fitness: 0.8473878786611011 
Elapsed: 4.713866233825684

*** Epoch 1, batch 318/520 ***
Training fitness: 0.8088338655505234
Model size: (17, 26)
Validation fitness: 0.8355651796115794 
Elapsed: 4.171626806259155

*** Epoch 1, batch 319/520 ***
Training fitness: 0.8770244987737542
Model size: (10, 17)
Validation fitness: 0.8473878786611011 
Elapsed: 4.37739109992981

*** Epoch 1, batch 320/520 ***
Training fitness: 0.8768031568319707
Model size: (10, 17)
Validation fitness: 0.8559918534625419 
Elapsed: 4.481246471405029

*** Epoch 1, batch 321/520 ***
Training fitness: 0.9075595354529411
Model size: (14, 21)
Validation fitness: 0.8136784725011118 
Elapsed: 3.9503071308135986

*** Epoch 1, batch 322/520 ***
Training fitness: 0.8743481385127231
Model size: (21, 30)
Validation fitness: 0.8302664336558042 
Elapsed: 4.0184149742126465

*** Epoch 1, batch 323/520 ***
Training fitness: 0.881778051141419
Model size: (18, 29)
Validation fitness: 0.849582561685111 
Elapsed: 4.213279485702515

*** Epoch 1, batch 324/520 ***
Training fitness: 0.8816705170473672
Model size: (21, 33)
Validation fitness: 0.812002466131889 
Elapsed: 4.046680688858032

*** Epoch 1, batch 325/520 ***
Training fitness: 0.8745578283358373
Model size: (21, 33)
Validation fitness: 0.812002466131889 
Elapsed: 4.087432861328125

*** Epoch 1, batch 326/520 ***
Training fitness: 0.8730852062046076
Model size: (19, 25)
Validation fitness: 0.8502872588190485 
Elapsed: 4.041817665100098

*** Epoch 1, batch 327/520 ***
Training fitness: 0.8634695375581111
Model size: (14, 21)
Validation fitness: 0.8268735292101086 
Elapsed: 3.9615273475646973

*** Epoch 1, batch 328/520 ***
Training fitness: 0.8454027929649518
Model size: (18, 26)
Validation fitness: 0.8374337588005272 
Elapsed: 4.072935581207275

*** Epoch 1, batch 329/520 ***
Training fitness: 0.8198654815725435
Model size: (21, 33)
Validation fitness: 0.813350881228253 
Elapsed: 4.059262037277222

*** Epoch 1, batch 330/520 ***
Training fitness: 0.9146937153191974
Model size: (17, 26)
Validation fitness: 0.8516263697616554 
Elapsed: 2.1685051918029785

*** Epoch 1, batch 331/520 ***
Training fitness: 0.849250896082597
Model size: (17, 27)
Validation fitness: 0.8487031543613021 
Elapsed: 2.2251949310302734

*** Epoch 1, batch 332/520 ***
Training fitness: 0.8528339457754482
Model size: (17, 27)
Validation fitness: 0.8487031543613021 
Elapsed: 2.223803758621216

*** Epoch 1, batch 333/520 ***
Training fitness: 0.8146637641043585
Model size: (17, 30)
Validation fitness: 0.8432588284192777 
Elapsed: 2.259578227996826

*** Epoch 1, batch 334/520 ***
Training fitness: 0.873204043914314
Model size: (18, 32)
Validation fitness: 0.8388633826904781 
Elapsed: 2.6673476696014404

*** Epoch 1, batch 335/520 ***
Training fitness: 0.8841355921645215
Model size: (16, 28)
Validation fitness: 0.8646901380949698 
Elapsed: 2.190946340560913

*** Epoch 1, batch 336/520 ***
Training fitness: 0.8680078693169341
Model size: (16, 22)
Validation fitness: 0.8351963183475504 
Elapsed: 2.3213071823120117

*** Epoch 1, batch 337/520 ***
Training fitness: 0.8934126985970725
Model size: (14, 17)
Validation fitness: 0.8539638735563073 
Elapsed: 2.2026138305664062

*** Epoch 1, batch 338/520 ***
Training fitness: 0.8193409575046573
Model size: (14, 23)
Validation fitness: 0.8577889676932212 
Elapsed: 2.245788097381592

*** Epoch 1, batch 339/520 ***
Training fitness: 0.793437072768194
Model size: (14, 25)
Validation fitness: 0.8593358222390857 
Elapsed: 2.29746675491333

*** Epoch 1, batch 340/520 ***
Training fitness: 0.9118710754003246
Model size: (14, 15)
Validation fitness: 0.8511416827167957 
Elapsed: 2.4939913749694824

*** Epoch 1, batch 341/520 ***
Training fitness: 0.8597932889901182
Model size: (14, 15)
Validation fitness: 0.8511416827167957 
Elapsed: 2.3201096057891846

*** Epoch 1, batch 342/520 ***
Training fitness: 0.828657443703665
Model size: (14, 15)
Validation fitness: 0.8511416827167957 
Elapsed: 2.165936231613159

*** Epoch 1, batch 343/520 ***
Training fitness: 0.8313332544778577
Model size: (13, 14)
Validation fitness: 0.8499814131524356 
Elapsed: 2.199270486831665

*** Epoch 1, batch 344/520 ***
Training fitness: 0.8751148802718766
Model size: (13, 15)
Validation fitness: 0.8345900226017664 
Elapsed: 2.1555447578430176

*** Epoch 1, batch 345/520 ***
Training fitness: 0.8212436619166846
Model size: (16, 22)
Validation fitness: 0.8500991256920699 
Elapsed: 2.1429214477539062

*** Epoch 1, batch 346/520 ***
Training fitness: 0.8919470712780184
Model size: (16, 22)
Validation fitness: 0.8500991256920699 
Elapsed: 2.134955883026123

*** Epoch 1, batch 347/520 ***
Training fitness: 0.861016486292248
Model size: (15, 21)
Validation fitness: 0.8495705420030566 
Elapsed: 2.108459949493408

*** Epoch 1, batch 348/520 ***
Training fitness: 0.7813569050186505
Model size: (7, 8)
Validation fitness: 0.8237689996535877 
Elapsed: 2.0758273601531982

*** Epoch 1, batch 349/520 ***
Training fitness: 0.8488425818064955
Model size: (8, 9)
Validation fitness: 0.8636726135557685 
Elapsed: 2.1887614727020264

*** Epoch 1, batch 350/520 ***
Training fitness: 0.8978758044261993
Model size: (13, 20)
Validation fitness: 0.8516926738020625 
Elapsed: 2.076279640197754

*** Epoch 1, batch 351/520 ***
Training fitness: 0.901622228647294
Model size: (8, 9)
Validation fitness: 0.8636726135557685 
Elapsed: 2.20418643951416

*** Epoch 1, batch 352/520 ***
Training fitness: 0.9152080724026693
Model size: (14, 21)
Validation fitness: 0.8510186044205601 
Elapsed: 4.328114986419678

*** Epoch 1, batch 353/520 ***
Training fitness: 0.8463367679796223
Model size: (22, 27)
Validation fitness: 0.8203441441826054 
Elapsed: 3.2395153045654297

*** Epoch 1, batch 354/520 ***
Training fitness: 0.8516758202778619
Model size: (20, 24)
Validation fitness: 0.7981796229127844 
Elapsed: 2.121548891067505

*** Epoch 1, batch 355/520 ***
Training fitness: 0.8594799233872416
Model size: (19, 24)
Validation fitness: 0.8283691798229432 
Elapsed: 2.0223398208618164

*** Epoch 1, batch 356/520 ***
Training fitness: 0.839464920998413
Model size: (13, 22)
Validation fitness: 0.7855438417862473 
Elapsed: 2.2223546504974365

*** Epoch 1, batch 357/520 ***
Training fitness: 0.8422859269008075
Model size: (14, 21)
Validation fitness: 0.8510186044205601 
Elapsed: 2.2283565998077393

*** Epoch 1, batch 358/520 ***
Training fitness: 0.8842246115503377
Model size: (14, 21)
Validation fitness: 0.8510186044205601 
Elapsed: 2.3205556869506836

*** Epoch 1, batch 359/520 ***
Training fitness: 0.8479858637770449
Model size: (14, 21)
Validation fitness: 0.8510186044205601 
Elapsed: 2.2104785442352295

*** Epoch 1, batch 360/520 ***
Training fitness: 0.8594866453452653
Model size: (14, 21)
Validation fitness: 0.8510186044205601 
Elapsed: 2.2040603160858154

*** Epoch 1, batch 361/520 ***
Training fitness: 0.8028356163924341
Model size: (17, 26)
Validation fitness: 0.8165815673958305 
Elapsed: 2.0978782176971436

*** Epoch 1, batch 362/520 ***
Training fitness: 0.8468965590613241
Model size: (15, 23)
Validation fitness: 0.848561583361211 
Elapsed: 2.223114252090454

*** Epoch 1, batch 363/520 ***
Training fitness: 0.8387682258247243
Model size: (10, 15)
Validation fitness: 0.7982021814100329 
Elapsed: 2.0866687297821045

*** Epoch 1, batch 364/520 ***
Training fitness: 0.8841888707679414
Model size: (15, 24)
Validation fitness: 0.8570634506796695 
Elapsed: 2.584395170211792

*** Epoch 1, batch 365/520 ***
Training fitness: 0.9052308804885729
Model size: (15, 24)
Validation fitness: 0.8570634506796695 
Elapsed: 2.2837600708007812

*** Epoch 1, batch 366/520 ***
Training fitness: 0.8269568995879614
Model size: (15, 24)
Validation fitness: 0.8474951299973066 
Elapsed: 2.224745035171509

*** Epoch 1, batch 367/520 ***
Training fitness: 0.9062942956813498
Model size: (8, 15)
Validation fitness: 0.8388102320742828 
Elapsed: 2.3163199424743652

*** Epoch 1, batch 368/520 ***
Training fitness: 0.8118797965070877
Model size: (8, 15)
Validation fitness: 0.8388102320742828 
Elapsed: 2.2688047885894775

*** Epoch 1, batch 369/520 ***
Training fitness: 0.8313332544778577
Model size: (8, 15)
Validation fitness: 0.8388102320742828 
Elapsed: 2.3373188972473145

*** Epoch 1, batch 370/520 ***
Training fitness: 0.8265193521573594
Model size: (8, 15)
Validation fitness: 0.8388102320742828 
Elapsed: 2.336930990219116

*** Epoch 1, batch 371/520 ***
Training fitness: 0.8932025856946716
Model size: (8, 15)
Validation fitness: 0.8388102320742828 
Elapsed: 2.388002872467041

*** Epoch 1, batch 372/520 ***
Training fitness: 0.8799218454405252
Model size: (8, 15)
Validation fitness: 0.8388102320742828 
Elapsed: 2.2587859630584717

*** Epoch 1, batch 373/520 ***
Training fitness: 0.8562872128151677
Model size: (9, 17)
Validation fitness: 0.8386532936761426 
Elapsed: 2.366518020629883

*** Epoch 1, batch 374/520 ***
Training fitness: 0.8388748644609115
Model size: (9, 17)
Validation fitness: 0.8386532936761426 
Elapsed: 2.363579034805298

*** Epoch 1, batch 375/520 ***
Training fitness: 0.8401479306544284
Model size: (10, 20)
Validation fitness: 0.8450129854705208 
Elapsed: 2.345402956008911

*** Epoch 1, batch 376/520 ***
Training fitness: 0.8056247159862323
Model size: (23, 29)
Validation fitness: 0.826865767122062 
Elapsed: 2.2494571208953857

*** Epoch 1, batch 377/520 ***
Training fitness: 0.8451224548897706
Model size: (9, 17)
Validation fitness: 0.8386532936761426 
Elapsed: 2.390083074569702

*** Epoch 1, batch 378/520 ***
Training fitness: 0.820559781238102
Model size: (23, 29)
Validation fitness: 0.826865767122062 
Elapsed: 2.2690722942352295

*** Epoch 1, batch 379/520 ***
Training fitness: 0.7867175523795507
Model size: (23, 29)
Validation fitness: 0.826865767122062 
Elapsed: 2.258549451828003

*** Epoch 1, batch 380/520 ***
Training fitness: 0.8549402613844151
Model size: (16, 31)
Validation fitness: 0.7961372436898111 
Elapsed: 2.5349133014678955

*** Epoch 1, batch 381/520 ***
Training fitness: 0.8018851609205654
Model size: (23, 30)
Validation fitness: 0.8201247355974847 
Elapsed: 2.3817076683044434

*** Epoch 1, batch 382/520 ***
Training fitness: 0.8516336975922261
Model size: (23, 30)
Validation fitness: 0.8201247355974847 
Elapsed: 2.3288345336914062

*** Epoch 1, batch 383/520 ***
Training fitness: 0.8062028412776794
Model size: (23, 30)
Validation fitness: 0.8143011115188747 
Elapsed: 2.34131121635437

*** Epoch 1, batch 384/520 ***
Training fitness: 0.7996279139044129
Model size: (23, 30)
Validation fitness: 0.8143011115188747 
Elapsed: 2.2226462364196777

*** Epoch 1, batch 385/520 ***
Training fitness: 0.8977491266396646
Model size: (10, 23)
Validation fitness: 0.7784585688317194 
Elapsed: 2.2659852504730225

*** Epoch 1, batch 386/520 ***
Training fitness: 0.8423928497495674
Model size: (22, 29)
Validation fitness: 0.8105615397640102 
Elapsed: 2.261303424835205

*** Epoch 1, batch 387/520 ***
Training fitness: 0.831132419103471
Model size: (10, 11)
Validation fitness: 0.7982826040685388 
Elapsed: 2.0907175540924072

*** Epoch 1, batch 388/520 ***
Training fitness: 0.7371369846891569
Model size: (9, 16)
Validation fitness: 0.7735475099767278 
Elapsed: 2.278249979019165

*** Epoch 1, batch 389/520 ***
Training fitness: 0.7669669163769635
Model size: (7, 11)
Validation fitness: 0.7920108361796904 
Elapsed: 2.1398258209228516

*** Epoch 1, batch 390/520 ***
Training fitness: 0.8296545580300387
Model size: (8, 7)
Validation fitness: 0.7960532082411312 
Elapsed: 2.1656172275543213

*** Epoch 1, batch 391/520 ***
Training fitness: 0.7946992921383235
Model size: (9, 15)
Validation fitness: 0.7873749469120077 
Elapsed: 2.2220637798309326

*** Epoch 1, batch 392/520 ***
Training fitness: 0.8071329386582612
Model size: (14, 23)
Validation fitness: 0.7955157572886186 
Elapsed: 2.224151849746704

*** Epoch 1, batch 393/520 ***
Training fitness: 0.8060348961034987
Model size: (7, 10)
Validation fitness: 0.7824195525787514 
Elapsed: 2.1584343910217285

*** Epoch 1, batch 394/520 ***
Training fitness: 0.8309058570745959
Model size: (10, 17)
Validation fitness: 0.7717145301155043 
Elapsed: 2.188718318939209

*** Epoch 1, batch 395/520 ***
Training fitness: 0.8384232740673951
Model size: (9, 15)
Validation fitness: 0.7965131199324404 
Elapsed: 2.126394748687744

*** Epoch 1, batch 396/520 ***
Training fitness: 0.8448518198450706
Model size: (14, 20)
Validation fitness: 0.7937086090596962 
Elapsed: 2.1662378311157227

*** Epoch 1, batch 397/520 ***
Training fitness: 0.7588753402284034
Model size: (9, 14)
Validation fitness: 0.7880843866695337 
Elapsed: 2.218447208404541

*** Epoch 1, batch 398/520 ***
Training fitness: 0.811209133782414
Model size: (10, 19)
Validation fitness: 0.7908551635546441 
Elapsed: 2.360440254211426

*** Epoch 1, batch 399/520 ***
Training fitness: 0.8103827280881556
Model size: (16, 22)
Validation fitness: 0.7823896495638313 
Elapsed: 2.3645973205566406

*** Epoch 1, batch 400/520 ***
Training fitness: 0.7849582797906637
Model size: (10, 19)
Validation fitness: 0.7908551635546441 
Elapsed: 2.2661595344543457

*** Epoch 1, batch 401/520 ***
Training fitness: 0.7962974397699871
Model size: (13, 20)
Validation fitness: 0.7975051772877294 
Elapsed: 2.122023344039917

*** Epoch 1, batch 402/520 ***
Training fitness: 0.8103827280881556
Model size: (13, 20)
Validation fitness: 0.7975051772877294 
Elapsed: 2.170076370239258

*** Epoch 1, batch 403/520 ***
Training fitness: 0.7679558762620864
Model size: (13, 21)
Validation fitness: 0.7974192417746035 
Elapsed: 2.123804807662964

*** Epoch 1, batch 404/520 ***
Training fitness: 0.8158564423887648
Model size: (9, 15)
Validation fitness: 0.786046173197088 
Elapsed: 2.2613723278045654

*** Epoch 1, batch 405/520 ***
Training fitness: 0.7992588682015267
Model size: (9, 10)
Validation fitness: 0.7993547533220237 
Elapsed: 2.0965001583099365

*** Epoch 1, batch 406/520 ***
Training fitness: 0.8696581663734244
Model size: (12, 20)
Validation fitness: 0.7935238946315978 
Elapsed: 2.2421975135803223

*** Epoch 1, batch 407/520 ***
Training fitness: 0.8269245614646833
Model size: (14, 21)
Validation fitness: 0.7992384322627407 
Elapsed: 2.02651047706604

*** Epoch 1, batch 408/520 ***
Training fitness: 0.8572284733336951
Model size: (11, 18)
Validation fitness: 0.7805373389394521 
Elapsed: 2.057979106903076

*** Epoch 1, batch 409/520 ***
Training fitness: 0.7273914282651721
Model size: (3, 7)
Validation fitness: 0.7950649096659114 
Elapsed: 2.1523313522338867

*** Epoch 1, batch 410/520 ***
Training fitness: 0.8118397044621136
Model size: (11, 18)
Validation fitness: 0.804753806553969 
Elapsed: 1.9781479835510254

*** Epoch 1, batch 411/520 ***
Training fitness: 0.860654324710887
Model size: (11, 18)
Validation fitness: 0.7903383519963058 
Elapsed: 1.9589884281158447

*** Epoch 1, batch 412/520 ***
Training fitness: 0.8204284042168947
Model size: (9, 9)
Validation fitness: 0.847627989438413 
Elapsed: 2.0045716762542725

*** Epoch 1, batch 413/520 ***
Training fitness: 0.8836681203994569
Model size: (10, 11)
Validation fitness: 0.7696743530873675 
Elapsed: 2.1720755100250244

*** Epoch 1, batch 414/520 ***
Training fitness: 0.8736035804066524
Model size: (9, 9)
Validation fitness: 0.847627989438413 
Elapsed: 2.003129243850708

*** Epoch 1, batch 415/520 ***
Training fitness: 0.8661697658094342
Model size: (9, 9)
Validation fitness: 0.847627989438413 
Elapsed: 2.0578668117523193

*** Epoch 1, batch 416/520 ***
Training fitness: 0.8593512360337152
Model size: (9, 9)
Validation fitness: 0.847627989438413 
Elapsed: 2.0770070552825928

*** Epoch 1, batch 417/520 ***
Training fitness: 0.8186800328393105
Model size: (9, 9)
Validation fitness: 0.847627989438413 
Elapsed: 2.123248815536499

*** Epoch 1, batch 418/520 ***
Training fitness: 0.7749883696907927
Model size: (11, 17)
Validation fitness: 0.7822818045903864 
Elapsed: 2.050374746322632

*** Epoch 1, batch 419/520 ***
Training fitness: 0.8616581273162931
Model size: (10, 10)
Validation fitness: 0.8735242230285802 !!!
Elapsed: 2.0564727783203125

*** Epoch 1, batch 420/520 ***
Training fitness: 0.8631569221054648
Model size: (9, 10)
Validation fitness: 0.8653915131723092 
Elapsed: 2.177114725112915

*** Epoch 1, batch 421/520 ***
Training fitness: 0.8675198003658738
Model size: (10, 10)
Validation fitness: 0.8735242230285802 
Elapsed: 2.0748157501220703

*** Epoch 1, batch 422/520 ***
Training fitness: 0.8644418426206677
Model size: (9, 13)
Validation fitness: 0.8484821802254454 
Elapsed: 2.135761022567749

*** Epoch 1, batch 423/520 ***
Training fitness: 0.9079356082667764
Model size: (10, 10)
Validation fitness: 0.8735242230285802 
Elapsed: 2.0958456993103027

*** Epoch 1, batch 424/520 ***
Training fitness: 0.9104908148484688
Model size: (10, 10)
Validation fitness: 0.8735242230285802 
Elapsed: 2.025886297225952

*** Epoch 1, batch 425/520 ***
Training fitness: 0.8588614976523973
Model size: (10, 10)
Validation fitness: 0.8735242230285802 
Elapsed: 2.1170568466186523

*** Epoch 1, batch 426/520 ***
Training fitness: 0.8590260224483217
Model size: (10, 10)
Validation fitness: 0.8735242230285802 
Elapsed: 2.1691689491271973

*** Epoch 1, batch 427/520 ***
Training fitness: 0.8902794147242107
Model size: (8, 11)
Validation fitness: 0.8483257287424123 
Elapsed: 2.047401189804077

*** Epoch 1, batch 428/520 ***
Training fitness: 0.8977491266396646
Model size: (10, 10)
Validation fitness: 0.8735242230285802 
Elapsed: 2.100088119506836

*** Epoch 1, batch 429/520 ***
Training fitness: 0.8364367286270158
Model size: (10, 10)
Validation fitness: 0.8735242230285802 
Elapsed: 2.081470489501953

*** Epoch 1, batch 430/520 ***
Training fitness: 0.8520293867572145
Model size: (10, 11)
Validation fitness: 0.8741169230041024 !!!
Elapsed: 2.062559127807617

*** Epoch 1, batch 431/520 ***
Training fitness: 0.9297606230513289
Model size: (10, 11)
Validation fitness: 0.8741169230041024 
Elapsed: 2.0672943592071533

*** Epoch 1, batch 432/520 ***
Training fitness: 0.8889374501109684
Model size: (11, 15)
Validation fitness: 0.8499485608572964 
Elapsed: 2.120142936706543

*** Epoch 1, batch 433/520 ***
Training fitness: 0.8918654254555362
Model size: (10, 10)
Validation fitness: 0.8735242230285802 
Elapsed: 2.046964406967163

*** Epoch 1, batch 434/520 ***
Training fitness: 0.8099897197097622
Model size: (9, 11)
Validation fitness: 0.8739780669523816 
Elapsed: 2.0907719135284424

*** Epoch 1, batch 435/520 ***
Training fitness: 0.8675601021183786
Model size: (9, 11)
Validation fitness: 0.8605222252839546 
Elapsed: 2.125858783721924

*** Epoch 1, batch 436/520 ***
Training fitness: 0.8802811959474768
Model size: (10, 11)
Validation fitness: 0.8724433990485313 
Elapsed: 2.1213343143463135

*** Epoch 1, batch 437/520 ***
Training fitness: 0.8805615320201
Model size: (10, 11)
Validation fitness: 0.8724433990485313 
Elapsed: 2.1919469833374023

*** Epoch 1, batch 438/520 ***
Training fitness: 0.8934126985970725
Model size: (10, 11)
Validation fitness: 0.8724433990485313 
Elapsed: 2.268035650253296

*** Epoch 1, batch 439/520 ***
Training fitness: 0.9067342724617871
Model size: (10, 11)
Validation fitness: 0.8603454996971942 
Elapsed: 2.1701366901397705

*** Epoch 1, batch 440/520 ***
Training fitness: 0.8972537548762457
Model size: (10, 12)
Validation fitness: 0.8630040101547107 
Elapsed: 2.2045156955718994

*** Epoch 1, batch 441/520 ***
Training fitness: 0.8759628907969446
Model size: (10, 11)
Validation fitness: 0.8603454996971942 
Elapsed: 2.132510185241699

*** Epoch 1, batch 442/520 ***
Training fitness: 0.8829266826049446
Model size: (9, 10)
Validation fitness: 0.8766289774399706 !!!
Elapsed: 2.1297876834869385

*** Epoch 1, batch 443/520 ***
Training fitness: 0.9162805722907998
Model size: (9, 10)
Validation fitness: 0.8766289774399706 
Elapsed: 2.1832504272460938

*** Epoch 1, batch 444/520 ***
Training fitness: 0.8785710337481841
Model size: (9, 10)
Validation fitness: 0.8766289774399706 
Elapsed: 2.567164182662964

*** Epoch 1, batch 445/520 ***
Training fitness: 0.9101116152685967
Model size: (9, 10)
Validation fitness: 0.8766289774399706 
Elapsed: 2.1869330406188965

*** Epoch 1, batch 446/520 ***
Training fitness: 0.9007160608545094
Model size: (9, 10)
Validation fitness: 0.8766289774399706 
Elapsed: 2.112088680267334

*** Epoch 1, batch 447/520 ***
Training fitness: 0.873791360943052
Model size: (9, 10)
Validation fitness: 0.8766289774399706 
Elapsed: 2.1633737087249756

*** Epoch 1, batch 448/520 ***
Training fitness: 0.8060348961034987
Model size: (11, 13)
Validation fitness: 0.8249797865162906 
Elapsed: 2.1544651985168457

*** Epoch 1, batch 449/520 ***
Training fitness: 0.8594113194548759
Model size: (11, 13)
Validation fitness: 0.8249797865162906 
Elapsed: 2.1826577186584473

*** Epoch 1, batch 450/520 ***
Training fitness: 0.8045749134958242
Model size: (11, 13)
Validation fitness: 0.8249797865162906 
Elapsed: 2.1831047534942627

*** Epoch 1, batch 451/520 ***
Training fitness: 0.7971160006771834
Model size: (12, 22)
Validation fitness: 0.8128059173833272 
Elapsed: 2.161961555480957

*** Epoch 1, batch 452/520 ***
Training fitness: 0.8519969235102949
Model size: (12, 22)
Validation fitness: 0.8128059173833272 
Elapsed: 2.094930410385132

*** Epoch 1, batch 453/520 ***
Training fitness: 0.7271839790505357
Model size: (12, 22)
Validation fitness: 0.8128059173833272 
Elapsed: 2.0975534915924072

*** Epoch 1, batch 454/520 ***
Training fitness: 0.8112871128193319
Model size: (13, 24)
Validation fitness: 0.8294994775022931 
Elapsed: 2.128528594970703

*** Epoch 1, batch 455/520 ***
Training fitness: 0.832841420129606
Model size: (13, 24)
Validation fitness: 0.8294994775022931 
Elapsed: 2.126979112625122

*** Epoch 1, batch 456/520 ***
Training fitness: 0.8107669690424932
Model size: (14, 25)
Validation fitness: 0.7947606316565441 
Elapsed: 2.069171190261841

*** Epoch 1, batch 457/520 ***
Training fitness: 0.8130872297474012
Model size: (14, 27)
Validation fitness: 0.8054560417760557 
Elapsed: 2.1941094398498535

*** Epoch 1, batch 458/520 ***
Training fitness: 0.7800523743469925
Model size: (15, 22)
Validation fitness: 0.7801249031451221 
Elapsed: 2.1618237495422363

*** Epoch 1, batch 459/520 ***
Training fitness: 0.8188784624125953
Model size: (13, 24)
Validation fitness: 0.8294994775022931 
Elapsed: 2.160067558288574

*** Epoch 1, batch 460/520 ***
Training fitness: 0.8584437815017277
Model size: (13, 24)
Validation fitness: 0.8294994775022931 
Elapsed: 2.114236354827881

*** Epoch 1, batch 461/520 ***
Training fitness: 0.8007840253756321
Model size: (13, 24)
Validation fitness: 0.8176990181190527 
Elapsed: 2.1989972591400146

*** Epoch 1, batch 462/520 ***
Training fitness: 0.8891020483940838
Model size: (13, 24)
Validation fitness: 0.8294994775022931 
Elapsed: 2.058161735534668

*** Epoch 1, batch 463/520 ***
Training fitness: 0.8981384396397109
Model size: (13, 25)
Validation fitness: 0.8167171415293585 
Elapsed: 2.1347906589508057

*** Epoch 1, batch 464/520 ***
Training fitness: 0.8838737558989689
Model size: (12, 20)
Validation fitness: 0.795191832662967 
Elapsed: 2.1857635974884033

*** Epoch 1, batch 465/520 ***
Training fitness: 0.8315074336163983
Model size: (9, 12)
Validation fitness: 0.7982813063712102 
Elapsed: 2.234485149383545

*** Epoch 1, batch 466/520 ***
Training fitness: 0.7815779875192318
Model size: (12, 24)
Validation fitness: 0.8033060319605972 
Elapsed: 2.1480140686035156

*** Epoch 1, batch 467/520 ***
Training fitness: 0.8024553131895106
Model size: (11, 18)
Validation fitness: 0.7970791166309347 
Elapsed: 2.096038818359375

*** Epoch 1, batch 468/520 ***
Training fitness: 0.849893313774047
Model size: (12, 20)
Validation fitness: 0.8132663547698554 
Elapsed: 2.09997296333313

*** Epoch 1, batch 469/520 ***
Training fitness: 0.8575880568570402
Model size: (18, 32)
Validation fitness: 0.7899582531390745 
Elapsed: 2.1740269660949707

*** Epoch 1, batch 470/520 ***
Training fitness: 0.7943936738769365
Model size: (11, 19)
Validation fitness: 0.7912377510671412 
Elapsed: 2.381711006164551

*** Epoch 1, batch 471/520 ***
Training fitness: 0.8434280343728607
Model size: (12, 17)
Validation fitness: 0.8171897897236828 
Elapsed: 2.186805009841919

*** Epoch 1, batch 472/520 ***
Training fitness: 0.865207846244706
Model size: (12, 17)
Validation fitness: 0.8171897897236828 
Elapsed: 2.0711476802825928

*** Epoch 1, batch 473/520 ***
Training fitness: 0.8085511073764782
Model size: (21, 33)
Validation fitness: 0.7880384997299859 
Elapsed: 2.4667775630950928

*** Epoch 1, batch 474/520 ***
Training fitness: 0.8437340182796239
Model size: (11, 16)
Validation fitness: 0.7854331341426363 
Elapsed: 2.135371685028076

*** Epoch 1, batch 475/520 ***
Training fitness: 0.8387584415323345
Model size: (17, 29)
Validation fitness: 0.7942375684346791 
Elapsed: 2.2041985988616943

*** Epoch 1, batch 476/520 ***
Training fitness: 0.8121981756474819
Model size: (12, 15)
Validation fitness: 0.7819413056089022 
Elapsed: 2.226966142654419

*** Epoch 1, batch 477/520 ***
Training fitness: 0.8584240055105604
Model size: (14, 18)
Validation fitness: 0.8238372298676259 
Elapsed: 2.24017071723938

*** Epoch 1, batch 478/520 ***
Training fitness: 0.8678980409466717
Model size: (14, 18)
Validation fitness: 0.8238372298676259 
Elapsed: 2.066060781478882

*** Epoch 1, batch 479/520 ***
Training fitness: 0.8350570664804075
Model size: (14, 18)
Validation fitness: 0.823775467371837 
Elapsed: 2.074172258377075

*** Epoch 1, batch 480/520 ***
Training fitness: 0.8240348148132887
Model size: (13, 13)
Validation fitness: 0.7853476048308724 
Elapsed: 2.135453701019287

*** Epoch 1, batch 481/520 ***
Training fitness: 0.8126561942467796
Model size: (14, 18)
Validation fitness: 0.7927996115348012 
Elapsed: 2.0761263370513916

*** Epoch 1, batch 482/520 ***
Training fitness: 0.8294213417094963
Model size: (12, 23)
Validation fitness: 0.7894672315761566 
Elapsed: 2.169750690460205

*** Epoch 1, batch 483/520 ***
Training fitness: 0.8296545580300387
Model size: (12, 14)
Validation fitness: 0.7950312085574852 
Elapsed: 2.183352470397949

*** Epoch 1, batch 484/520 ***
Training fitness: 0.8123508367373703
Model size: (11, 17)
Validation fitness: 0.8040052970373616 
Elapsed: 2.0161359310150146

*** Epoch 1, batch 485/520 ***
Training fitness: 0.843009444802893
Model size: (17, 30)
Validation fitness: 0.8026033781031316 
Elapsed: 1.9923269748687744

*** Epoch 1, batch 486/520 ***
Training fitness: 0.7892029943910625
Model size: (16, 21)
Validation fitness: 0.8076876258819606 
Elapsed: 2.0299594402313232

*** Epoch 1, batch 487/520 ***
Training fitness: 0.8209772148138821
Model size: (11, 11)
Validation fitness: 0.8092485151509431 
Elapsed: 2.084415912628174

*** Epoch 1, batch 488/520 ***
Training fitness: 0.8343863205691165
Model size: (16, 21)
Validation fitness: 0.8076876258819606 
Elapsed: 1.989689588546753

*** Epoch 1, batch 489/520 ***
Training fitness: 0.8121244696287695
Model size: (12, 14)
Validation fitness: 0.7950312085574852 
Elapsed: 2.1397898197174072

*** Epoch 1, batch 490/520 ***
Training fitness: 0.7819259553458331
Model size: (10, 14)
Validation fitness: 0.7927190520859382 
Elapsed: 2.0321197509765625

*** Epoch 1, batch 491/520 ***
Training fitness: 0.8280972012279729
Model size: (10, 15)
Validation fitness: 0.781935410709859 
Elapsed: 2.130594253540039

*** Epoch 1, batch 492/520 ***
Training fitness: 0.8260642432614047
Model size: (22, 38)
Validation fitness: 0.7939130954953957 
Elapsed: 2.5131380558013916

*** Epoch 1, batch 493/520 ***
Training fitness: 0.8103300351714366
Model size: (15, 19)
Validation fitness: 0.7861915460760864 
Elapsed: 2.0567257404327393

*** Epoch 1, batch 494/520 ***
Training fitness: 0.8273955508129139
Model size: (11, 13)
Validation fitness: 0.79633663883152 
Elapsed: 2.1237633228302

*** Epoch 1, batch 495/520 ***
Training fitness: 0.8685826176562406
Model size: (15, 26)
Validation fitness: 0.8305340907448631 
Elapsed: 2.0350759029388428

*** Epoch 1, batch 496/520 ***
Training fitness: 0.8538139347850052
Model size: (15, 26)
Validation fitness: 0.8305340907448631 
Elapsed: 2.0807926654815674

*** Epoch 1, batch 497/520 ***
Training fitness: 0.7933129582338273
Model size: (15, 26)
Validation fitness: 0.8305340907448631 
Elapsed: 2.0769851207733154

*** Epoch 1, batch 498/520 ***
Training fitness: 0.7942469757283687
Model size: (15, 26)
Validation fitness: 0.8305340907448631 
Elapsed: 2.048906087875366

*** Epoch 1, batch 499/520 ***
Training fitness: 0.7686151382644183
Model size: (12, 18)
Validation fitness: 0.756395141036581 
Elapsed: 2.0804803371429443

*** Epoch 1, batch 500/520 ***
Training fitness: 0.8380596671438915
Model size: (15, 26)
Validation fitness: 0.8305340907448631 
Elapsed: 2.158353328704834

*** Epoch 1, batch 501/520 ***
Training fitness: 0.8684238357446404
Model size: (15, 26)
Validation fitness: 0.8305340907448631 
Elapsed: 2.0948657989501953

*** Epoch 1, batch 502/520 ***
Training fitness: 0.8282848972499604
Model size: (10, 11)
Validation fitness: 0.8223231320931338 
Elapsed: 2.0652809143066406

*** Epoch 1, batch 503/520 ***
Training fitness: 0.8237690930081795
Model size: (16, 28)
Validation fitness: 0.8261422638328926 
Elapsed: 2.040623188018799

*** Epoch 1, batch 504/520 ***
Training fitness: 0.8523098660842507
Model size: (14, 23)
Validation fitness: 0.7954820322781745 
Elapsed: 2.0722336769104004

*** Epoch 1, batch 505/520 ***
Training fitness: 0.8512722985684789
Model size: (9, 12)
Validation fitness: 0.823104639374852 
Elapsed: 1.9364168643951416

*** Epoch 1, batch 506/520 ***
Training fitness: 0.896990484878462
Model size: (15, 26)
Validation fitness: 0.8305340907448631 
Elapsed: 1.9999384880065918

*** Epoch 1, batch 507/520 ***
Training fitness: 0.8462597487443481
Model size: (15, 26)
Validation fitness: 0.8305340907448631 
Elapsed: 1.913928747177124

*** Epoch 1, batch 508/520 ***
Training fitness: 0.832621560210342
Model size: (9, 12)
Validation fitness: 0.823104639374852 
Elapsed: 1.9755020141601562

*** Epoch 1, batch 509/520 ***
Training fitness: 0.8848575112273599
Model size: (15, 26)
Validation fitness: 0.8326762297726226 
Elapsed: 1.945047378540039

*** Epoch 1, batch 510/520 ***
Training fitness: 0.8289158220312306
Model size: (8, 10)
Validation fitness: 0.7805931666736673 
Elapsed: 1.9156904220581055

*** Epoch 1, batch 511/520 ***
Training fitness: 0.8907137453477987
Model size: (10, 11)
Validation fitness: 0.8223231320931338 
Elapsed: 1.9971866607666016

*** Epoch 1, batch 512/520 ***
Training fitness: 0.8603884784309475
Model size: (9, 12)
Validation fitness: 0.8194268947910971 
Elapsed: 2.1011857986450195

*** Epoch 1, batch 513/520 ***
Training fitness: 0.7881218602751663
Model size: (9, 11)
Validation fitness: 0.8533511775489673 
Elapsed: 1.945862054824829

*** Epoch 1, batch 514/520 ***
Training fitness: 0.8473638516079566
Model size: (11, 13)
Validation fitness: 0.794804384543245 
Elapsed: 2.023195743560791

*** Epoch 1, batch 515/520 ***
Training fitness: 0.793300703852542
Model size: (8, 11)
Validation fitness: 0.850830678832429 
Elapsed: 2.0500717163085938

*** Epoch 1, batch 516/520 ***
Training fitness: 0.8492450177458527
Model size: (8, 11)
Validation fitness: 0.850830678832429 
Elapsed: 2.033186674118042

*** Epoch 1, batch 517/520 ***
Training fitness: 0.8067842963896242
Model size: (8, 11)
Validation fitness: 0.8457793249448029 
Elapsed: 2.0748157501220703

*** Epoch 1, batch 518/520 ***
Training fitness: 0.8453207670636507
Model size: (8, 12)
Validation fitness: 0.8360317474396614 
Elapsed: 2.0101659297943115

*** Epoch 1, batch 519/520 ***
Training fitness: 0.846335550743739
Model size: (8, 11)
Validation fitness: 0.8457793249448029 
Elapsed: 2.1120212078094482

*** Epoch 1, batch 520/520 ***
Training fitness: 0.8646971741301658
Model size: (8, 11)
Validation fitness: 0.8400461152319478 
Elapsed: 2.0577540397644043

Total train time: 1210.3634338378906
Test time: 0.17729806900024414
Test fitness: 0.869185534319584
Test statistics: Stats(total=14791, total_true=7158, total_false=7633, true_positive=6282, true_negative=7512, false_positive=121, false_negative=876, tpr=0.8776194467728415, tnr=0.9841477793790122, ppv=0.9811026081524286, npv=0.8955650929899857, accuracy=0.9325941450882294, f1=0.9264803480569279, mcc=0.869185534319584)
