Configuration:
Dataset: nsl_kdd
Selector: pca
Fold: 0
Fitness: inverse_mean_square_error
Batch size: 256
Epochs: 1
Config args: {}
*** Epoch 1, batch 1/520 ***
Training fitness: 0.9116640113011742
Model size: (1, 12)
Validation fitness: 0.9088652164525886 !!!
Elapsed: 1.4768974781036377

*** Epoch 1, batch 2/520 ***
Training fitness: 0.9295059556047177
Model size: (2, 13)
Validation fitness: 0.9019180601177215 
Elapsed: 1.6144707202911377

*** Epoch 1, batch 3/520 ***
Training fitness: 0.9234052737769981
Model size: (1, 9)
Validation fitness: 0.9112337275461043 !!!
Elapsed: 1.5939741134643555

*** Epoch 1, batch 4/520 ***
Training fitness: 0.9233737758288182
Model size: (1, 9)
Validation fitness: 0.9038844969405118 
Elapsed: 1.570547342300415

*** Epoch 1, batch 5/520 ***
Training fitness: 0.9245872845278772
Model size: (2, 10)
Validation fitness: 0.9087671708619433 
Elapsed: 1.7057576179504395

*** Epoch 1, batch 6/520 ***
Training fitness: 0.9421894577888471
Model size: (2, 10)
Validation fitness: 0.9141814670315547 !!!
Elapsed: 1.860999345779419

*** Epoch 1, batch 7/520 ***
Training fitness: 0.9110904681704348
Model size: (2, 11)
Validation fitness: 0.9092551819370512 
Elapsed: 1.656334400177002

*** Epoch 1, batch 8/520 ***
Training fitness: 0.9407981709394698
Model size: (1, 9)
Validation fitness: 0.9141969406134786 !!!
Elapsed: 1.6398446559906006

*** Epoch 1, batch 9/520 ***
Training fitness: 0.9313344374388216
Model size: (2, 9)
Validation fitness: 0.9184613863070845 !!!
Elapsed: 1.7430236339569092

*** Epoch 1, batch 10/520 ***
Training fitness: 0.9256666861840773
Model size: (3, 9)
Validation fitness: 0.9270104906321779 !!!
Elapsed: 1.8787827491760254

*** Epoch 1, batch 11/520 ***
Training fitness: 0.9285522735887541
Model size: (1, 8)
Validation fitness: 0.9186500634236661 
Elapsed: 1.8014206886291504

*** Epoch 1, batch 12/520 ***
Training fitness: 0.9318887712866726
Model size: (4, 11)
Validation fitness: 0.9283044796518991 !!!
Elapsed: 2.054610252380371

*** Epoch 1, batch 13/520 ***
Training fitness: 0.9457795697724946
Model size: (4, 11)
Validation fitness: 0.9283044796518991 
Elapsed: 2.0192859172821045

*** Epoch 1, batch 14/520 ***
Training fitness: 0.9370681268802782
Model size: (4, 11)
Validation fitness: 0.9283044796518991 
Elapsed: 3.19785737991333

*** Epoch 1, batch 15/520 ***
Training fitness: 0.9486985168286239
Model size: (4, 13)
Validation fitness: 0.9200390023956045 
Elapsed: 4.008084297180176

*** Epoch 1, batch 16/520 ***
Training fitness: 0.9443505929482412
Model size: (4, 11)
Validation fitness: 0.9283044796518991 
Elapsed: 4.051012754440308

*** Epoch 1, batch 17/520 ***
Training fitness: 0.9309805955440308
Model size: (4, 13)
Validation fitness: 0.9200390023956045 
Elapsed: 4.187545537948608

*** Epoch 1, batch 18/520 ***
Training fitness: 0.9259569199999066
Model size: (5, 14)
Validation fitness: 0.921799215456438 
Elapsed: 4.1198461055755615

*** Epoch 1, batch 19/520 ***
Training fitness: 0.9331395513019921
Model size: (5, 14)
Validation fitness: 0.921799215456438 
Elapsed: 3.87673282623291

*** Epoch 1, batch 20/520 ***
Training fitness: 0.9300325104186021
Model size: (1, 3)
Validation fitness: 0.9135286157091821 
Elapsed: 3.6124491691589355

*** Epoch 1, batch 21/520 ***
Training fitness: 0.9464799820769438
Model size: (1, 3)
Validation fitness: 0.9223425501602397 
Elapsed: 3.579357147216797

*** Epoch 1, batch 22/520 ***
Training fitness: 0.9382869477299742
Model size: (5, 15)
Validation fitness: 0.929773672225573 !!!
Elapsed: 4.077157735824585

*** Epoch 1, batch 23/520 ***
Training fitness: 0.9326062667742349
Model size: (3, 11)
Validation fitness: 0.9115188265071529 
Elapsed: 2.5066702365875244

*** Epoch 1, batch 24/520 ***
Training fitness: 0.9337045169629326
Model size: (7, 19)
Validation fitness: 0.9093923708311811 
Elapsed: 3.425348997116089

*** Epoch 1, batch 25/520 ***
Training fitness: 0.9552142994035099
Model size: (4, 12)
Validation fitness: 0.9267586440149376 
Elapsed: 4.26398491859436

*** Epoch 1, batch 26/520 ***
Training fitness: 0.9295678030461711
Model size: (7, 17)
Validation fitness: 0.9256974079615582 
Elapsed: 4.53313946723938

*** Epoch 1, batch 27/520 ***
Training fitness: 0.9222506459838168
Model size: (7, 17)
Validation fitness: 0.9256974079615582 
Elapsed: 4.26069188117981

*** Epoch 1, batch 28/520 ***
Training fitness: 0.9260508681917824
Model size: (7, 17)
Validation fitness: 0.9256974079615582 
Elapsed: 4.129810333251953

*** Epoch 1, batch 29/520 ***
Training fitness: 0.9266807687996614
Model size: (6, 18)
Validation fitness: 0.9163934960387552 
Elapsed: 4.286831617355347

*** Epoch 1, batch 30/520 ***
Training fitness: 0.9784005398750556
Model size: (4, 14)
Validation fitness: 0.9232392292830728 
Elapsed: 3.8370261192321777

*** Epoch 1, batch 31/520 ***
Training fitness: 0.9238787715013466
Model size: (2, 4)
Validation fitness: 0.9255875594345799 
Elapsed: 4.122720956802368

*** Epoch 1, batch 32/520 ***
Training fitness: 0.9411647448481105
Model size: (3, 12)
Validation fitness: 0.9228517945749529 
Elapsed: 3.7610700130462646

*** Epoch 1, batch 33/520 ***
Training fitness: 0.9380395068670204
Model size: (6, 13)
Validation fitness: 0.9270495401745238 
Elapsed: 2.1510324478149414

*** Epoch 1, batch 34/520 ***
Training fitness: 0.9568507254583835
Model size: (6, 13)
Validation fitness: 0.9270495401745238 
Elapsed: 2.1630144119262695

*** Epoch 1, batch 35/520 ***
Training fitness: 0.942694365577094
Model size: (3, 9)
Validation fitness: 0.9232556203908224 
Elapsed: 2.077671527862549

*** Epoch 1, batch 36/520 ***
Training fitness: 0.9386223710848681
Model size: (6, 13)
Validation fitness: 0.9270495401745238 
Elapsed: 2.187793254852295

*** Epoch 1, batch 37/520 ***
Training fitness: 0.9379436952225865
Model size: (6, 13)
Validation fitness: 0.9270495401745238 
Elapsed: 2.0324618816375732

*** Epoch 1, batch 38/520 ***
Training fitness: 0.9428047135407875
Model size: (5, 11)
Validation fitness: 0.9217169814333813 
Elapsed: 2.0710930824279785

*** Epoch 1, batch 39/520 ***
Training fitness: 0.9322820747031719
Model size: (3, 5)
Validation fitness: 0.9369083089907426 !!!
Elapsed: 1.9097259044647217

*** Epoch 1, batch 40/520 ***
Training fitness: 0.9470946024532221
Model size: (2, 4)
Validation fitness: 0.9238542157374652 
Elapsed: 2.0126519203186035

*** Epoch 1, batch 41/520 ***
Training fitness: 0.9557427123929009
Model size: (3, 5)
Validation fitness: 0.9369083089907426 
Elapsed: 1.8456826210021973

*** Epoch 1, batch 42/520 ***
Training fitness: 0.9381848213583746
Model size: (3, 5)
Validation fitness: 0.9369083089907426 
Elapsed: 1.8635170459747314

*** Epoch 1, batch 43/520 ***
Training fitness: 0.93550466098757
Model size: (3, 5)
Validation fitness: 0.9369083089907426 
Elapsed: 1.8734619617462158

*** Epoch 1, batch 44/520 ***
Training fitness: 0.9578019528523126
Model size: (3, 5)
Validation fitness: 0.9359065833536142 
Elapsed: 1.9535927772521973

*** Epoch 1, batch 45/520 ***
Training fitness: 0.9433713477240437
Model size: (3, 5)
Validation fitness: 0.937259977244937 !!!
Elapsed: 1.8790504932403564

*** Epoch 1, batch 46/520 ***
Training fitness: 0.9157423246014192
Model size: (3, 6)
Validation fitness: 0.9304777081079808 
Elapsed: 1.9683499336242676

*** Epoch 1, batch 47/520 ***
Training fitness: 0.9395446517812798
Model size: (4, 8)
Validation fitness: 0.9280364309063747 
Elapsed: 2.0046632289886475

*** Epoch 1, batch 48/520 ***
Training fitness: 0.937636834007425
Model size: (4, 7)
Validation fitness: 0.9150711813357111 
Elapsed: 2.0857620239257812

*** Epoch 1, batch 49/520 ***
Training fitness: 0.9377289377289377
Model size: (3, 5)
Validation fitness: 0.9261862160007346 
Elapsed: 2.1746418476104736

*** Epoch 1, batch 50/520 ***
Training fitness: 0.9552238805970149
Model size: (3, 5)
Validation fitness: 0.9261862160007346 
Elapsed: 2.0092968940734863

*** Epoch 1, batch 51/520 ***
Training fitness: 0.9452717700774442
Model size: (3, 6)
Validation fitness: 0.9304777081079808 
Elapsed: 2.0130717754364014

*** Epoch 1, batch 52/520 ***
Training fitness: 0.9330517122264623
Model size: (6, 15)
Validation fitness: 0.9174981504563002 
Elapsed: 2.1302669048309326

*** Epoch 1, batch 53/520 ***
Training fitness: 0.9390873896573101
Model size: (7, 16)
Validation fitness: 0.9224951661368546 
Elapsed: 2.1221981048583984

*** Epoch 1, batch 54/520 ***
Training fitness: 0.9304220341290077
Model size: (8, 19)
Validation fitness: 0.9206728422441827 
Elapsed: 2.0644400119781494

*** Epoch 1, batch 55/520 ***
Training fitness: 0.9285458078941766
Model size: (4, 10)
Validation fitness: 0.9171174844477614 
Elapsed: 2.09047269821167

*** Epoch 1, batch 56/520 ***
Training fitness: 0.9215661905591777
Model size: (5, 9)
Validation fitness: 0.9324064055179837 
Elapsed: 2.0484511852264404

*** Epoch 1, batch 57/520 ***
Training fitness: 0.9391789178400488
Model size: (3, 7)
Validation fitness: 0.9221676001148341 
Elapsed: 2.029998540878296

*** Epoch 1, batch 58/520 ***
Training fitness: 0.9381891558702395
Model size: (9, 21)
Validation fitness: 0.9271814271015977 
Elapsed: 2.1568238735198975

*** Epoch 1, batch 59/520 ***
Training fitness: 0.9319481429723541
Model size: (5, 9)
Validation fitness: 0.9324064055179837 
Elapsed: 2.050569772720337

*** Epoch 1, batch 60/520 ***
Training fitness: 0.9280480193036632
Model size: (7, 17)
Validation fitness: 0.9245196762484699 
Elapsed: 2.241715669631958

*** Epoch 1, batch 61/520 ***
Training fitness: 0.9318186328096012
Model size: (5, 9)
Validation fitness: 0.9324064055179837 
Elapsed: 2.0479462146759033

*** Epoch 1, batch 62/520 ***
Training fitness: 0.9341785529001414
Model size: (5, 10)
Validation fitness: 0.9281223500059854 
Elapsed: 2.039841651916504

*** Epoch 1, batch 63/520 ***
Training fitness: 0.9538087973719932
Model size: (5, 10)
Validation fitness: 0.9281223500059854 
Elapsed: 1.9972198009490967

*** Epoch 1, batch 64/520 ***
Training fitness: 0.9340593731303629
Model size: (3, 7)
Validation fitness: 0.9219966720081512 
Elapsed: 1.9307363033294678

*** Epoch 1, batch 65/520 ***
Training fitness: 0.9163632516990815
Model size: (4, 9)
Validation fitness: 0.9189035044046308 
Elapsed: 2.000065803527832

*** Epoch 1, batch 66/520 ***
Training fitness: 0.9331934886044614
Model size: (12, 22)
Validation fitness: 0.9136195673995919 
Elapsed: 2.0496561527252197

*** Epoch 1, batch 67/520 ***
Training fitness: 0.9408964833455264
Model size: (5, 12)
Validation fitness: 0.9036057704522574 
Elapsed: 2.0980072021484375

*** Epoch 1, batch 68/520 ***
Training fitness: 0.947195264540386
Model size: (7, 16)
Validation fitness: 0.9224951661368546 
Elapsed: 2.1615383625030518

*** Epoch 1, batch 69/520 ***
Training fitness: 0.9374048420387414
Model size: (8, 17)
Validation fitness: 0.9192923689984559 
Elapsed: 2.024817705154419

*** Epoch 1, batch 70/520 ***
Training fitness: 0.9361530282303735
Model size: (9, 22)
Validation fitness: 0.926542261879699 
Elapsed: 1.9709441661834717

*** Epoch 1, batch 71/520 ***
Training fitness: 0.9302282301875344
Model size: (9, 22)
Validation fitness: 0.926542261879699 
Elapsed: 2.0029168128967285

*** Epoch 1, batch 72/520 ***
Training fitness: 0.9282588137377678
Model size: (5, 12)
Validation fitness: 0.9223883858396353 
Elapsed: 2.0585947036743164

*** Epoch 1, batch 73/520 ***
Training fitness: 0.944136725387967
Model size: (1, 5)
Validation fitness: 0.9221328861062822 
Elapsed: 1.982543706893921

*** Epoch 1, batch 74/520 ***
Training fitness: 0.9126410192877347
Model size: (6, 11)
Validation fitness: 0.9316092018059898 
Elapsed: 2.1451425552368164

*** Epoch 1, batch 75/520 ***
Training fitness: 0.9078732344902705
Model size: (6, 17)
Validation fitness: 0.9103710453306507 
Elapsed: 2.2787349224090576

*** Epoch 1, batch 76/520 ***
Training fitness: 0.9439688751767769
Model size: (6, 11)
Validation fitness: 0.9316092018059898 
Elapsed: 2.1973893642425537

*** Epoch 1, batch 77/520 ***
Training fitness: 0.9373868686159182
Model size: (6, 11)
Validation fitness: 0.9316092018059898 
Elapsed: 2.234160900115967

*** Epoch 1, batch 78/520 ***
Training fitness: 0.954982019639055
Model size: (2, 6)
Validation fitness: 0.9202703023358797 
Elapsed: 2.1288628578186035

*** Epoch 1, batch 79/520 ***
Training fitness: 0.9223985037215606
Model size: (5, 12)
Validation fitness: 0.9223883858396353 
Elapsed: 2.2221221923828125

*** Epoch 1, batch 80/520 ***
Training fitness: 0.920514861998704
Model size: (5, 13)
Validation fitness: 0.9280614665907169 
Elapsed: 2.073934555053711

*** Epoch 1, batch 81/520 ***
Training fitness: 0.9505219310283222
Model size: (6, 11)
Validation fitness: 0.9316092018059898 
Elapsed: 2.1404757499694824

*** Epoch 1, batch 82/520 ***
Training fitness: 0.9480641937211347
Model size: (6, 15)
Validation fitness: 0.9279474479964263 
Elapsed: 2.2547285556793213

*** Epoch 1, batch 83/520 ***
Training fitness: 0.950265864085311
Model size: (4, 9)
Validation fitness: 0.9263918951438497 
Elapsed: 2.1470251083374023

*** Epoch 1, batch 84/520 ***
Training fitness: 0.950741392789805
Model size: (6, 14)
Validation fitness: 0.9233624063287937 
Elapsed: 2.1660287380218506

*** Epoch 1, batch 85/520 ***
Training fitness: 0.9318680068286962
Model size: (5, 11)
Validation fitness: 0.9209367873222868 
Elapsed: 2.0905559062957764

*** Epoch 1, batch 86/520 ***
Training fitness: 0.9371653455951414
Model size: (6, 15)
Validation fitness: 0.9311172877721762 
Elapsed: 2.155001640319824

*** Epoch 1, batch 87/520 ***
Training fitness: 0.9276120548431793
Model size: (6, 18)
Validation fitness: 0.9244070329632555 
Elapsed: 2.1839847564697266

*** Epoch 1, batch 88/520 ***
Training fitness: 0.9552232385118441
Model size: (7, 17)
Validation fitness: 0.9318932593666712 
Elapsed: 2.178250789642334

*** Epoch 1, batch 89/520 ***
Training fitness: 0.9342208660927932
Model size: (4, 9)
Validation fitness: 0.9263918951438497 
Elapsed: 2.1030523777008057

*** Epoch 1, batch 90/520 ***
Training fitness: 0.9375736108629605
Model size: (7, 17)
Validation fitness: 0.9318932593666712 
Elapsed: 2.3459291458129883

*** Epoch 1, batch 91/520 ***
Training fitness: 0.9377289377289377
Model size: (8, 20)
Validation fitness: 0.9260460411543938 
Elapsed: 2.369957447052002

*** Epoch 1, batch 92/520 ***
Training fitness: 0.9332868827049687
Model size: (7, 17)
Validation fitness: 0.9318932593666712 
Elapsed: 2.290605306625366

*** Epoch 1, batch 93/520 ***
Training fitness: 0.9629506182991985
Model size: (5, 11)
Validation fitness: 0.9225316174737932 
Elapsed: 2.0486042499542236

*** Epoch 1, batch 94/520 ***
Training fitness: 0.9675217430500128
Model size: (7, 17)
Validation fitness: 0.9318932593666712 
Elapsed: 2.267427444458008

*** Epoch 1, batch 95/520 ***
Training fitness: 0.9235024783045993
Model size: (8, 19)
Validation fitness: 0.9255281961601439 
Elapsed: 2.2132418155670166

*** Epoch 1, batch 96/520 ***
Training fitness: 0.9393445617752477
Model size: (7, 17)
Validation fitness: 0.9314489454653959 
Elapsed: 2.2171342372894287

*** Epoch 1, batch 97/520 ***
Training fitness: 0.9443481194570736
Model size: (5, 11)
Validation fitness: 0.9186797180112153 
Elapsed: 2.1207125186920166

*** Epoch 1, batch 98/520 ***
Training fitness: 0.9336842870388881
Model size: (9, 23)
Validation fitness: 0.9272781257235835 
Elapsed: 2.2465145587921143

*** Epoch 1, batch 99/520 ***
Training fitness: 0.9269141450343641
Model size: (8, 20)
Validation fitness: 0.9216660851484223 
Elapsed: 2.1853764057159424

*** Epoch 1, batch 100/520 ***
Training fitness: 0.9238280560554005
Model size: (7, 16)
Validation fitness: 0.9284971347769975 
Elapsed: 2.1344358921051025

*** Epoch 1, batch 101/520 ***
Training fitness: 0.9320150232581914
Model size: (9, 17)
Validation fitness: 0.9270144609754404 
Elapsed: 2.143091917037964

*** Epoch 1, batch 102/520 ***
Training fitness: 0.9444432485739515
Model size: (7, 16)
Validation fitness: 0.9281743087884998 
Elapsed: 2.2836132049560547

*** Epoch 1, batch 103/520 ***
Training fitness: 0.9326206174277094
Model size: (11, 19)
Validation fitness: 0.9287261511225653 
Elapsed: 2.124457836151123

*** Epoch 1, batch 104/520 ***
Training fitness: 0.9525575990125738
Model size: (5, 11)
Validation fitness: 0.9182645347498295 
Elapsed: 2.1518027782440186

*** Epoch 1, batch 105/520 ***
Training fitness: 0.9588014981273408
Model size: (5, 10)
Validation fitness: 0.9305874333823809 
Elapsed: 2.3245491981506348

*** Epoch 1, batch 106/520 ***
Training fitness: 0.9377289377289377
Model size: (6, 12)
Validation fitness: 0.9373376461403874 !!!
Elapsed: 2.0962445735931396

*** Epoch 1, batch 107/520 ***
Training fitness: 0.9213908086275614
Model size: (10, 21)
Validation fitness: 0.9298091915175176 
Elapsed: 2.175257682800293

*** Epoch 1, batch 108/520 ***
Training fitness: 0.9587731725433588
Model size: (5, 9)
Validation fitness: 0.9372176562987823 
Elapsed: 2.0555176734924316

*** Epoch 1, batch 109/520 ***
Training fitness: 0.91744103778961
Model size: (5, 9)
Validation fitness: 0.9372176562987823 
Elapsed: 2.072927474975586

*** Epoch 1, batch 110/520 ***
Training fitness: 0.9611497600453338
Model size: (11, 23)
Validation fitness: 0.9268914887859094 
Elapsed: 2.0435256958007812

*** Epoch 1, batch 111/520 ***
Training fitness: 0.9157637488736147
Model size: (15, 25)
Validation fitness: 0.9206959475279282 
Elapsed: 2.302990436553955

*** Epoch 1, batch 112/520 ***
Training fitness: 0.930909087496074
Model size: (6, 11)
Validation fitness: 0.928783325601943 
Elapsed: 2.053236484527588

*** Epoch 1, batch 113/520 ***
Training fitness: 0.9238623756988801
Model size: (5, 9)
Validation fitness: 0.9372176562987823 
Elapsed: 2.092597723007202

*** Epoch 1, batch 114/520 ***
Training fitness: 0.9423814829382817
Model size: (5, 9)
Validation fitness: 0.9372176562987823 
Elapsed: 2.052868366241455

*** Epoch 1, batch 115/520 ***
Training fitness: 0.9335522429504434
Model size: (5, 9)
Validation fitness: 0.9372176562987823 
Elapsed: 2.0141944885253906

*** Epoch 1, batch 116/520 ***
Training fitness: 0.9436977324722615
Model size: (5, 7)
Validation fitness: 0.9256175623542755 
Elapsed: 1.9264369010925293

*** Epoch 1, batch 117/520 ***
Training fitness: 0.9237415240153174
Model size: (10, 18)
Validation fitness: 0.9235557613808829 
Elapsed: 2.1815731525421143

*** Epoch 1, batch 118/520 ***
Training fitness: 0.929722298862016
Model size: (12, 26)
Validation fitness: 0.9317068572557996 
Elapsed: 2.3277981281280518

*** Epoch 1, batch 119/520 ***
Training fitness: 0.9448886805622969
Model size: (13, 28)
Validation fitness: 0.9267657331943253 
Elapsed: 2.25815486907959

*** Epoch 1, batch 120/520 ***
Training fitness: 0.9449340448629455
Model size: (6, 10)
Validation fitness: 0.93187525549166 
Elapsed: 1.9074711799621582

*** Epoch 1, batch 121/520 ***
Training fitness: 0.948092700201608
Model size: (13, 24)
Validation fitness: 0.9238085028561068 
Elapsed: 2.1944000720977783

*** Epoch 1, batch 122/520 ***
Training fitness: 0.9149899186839647
Model size: (14, 29)
Validation fitness: 0.9353104140614942 
Elapsed: 2.305742025375366

*** Epoch 1, batch 123/520 ***
Training fitness: 0.9446120357130726
Model size: (14, 28)
Validation fitness: 0.92709356630099 
Elapsed: 2.244957685470581

*** Epoch 1, batch 124/520 ***
Training fitness: 0.9377289377289377
Model size: (14, 29)
Validation fitness: 0.9353104140614942 
Elapsed: 2.375098943710327

*** Epoch 1, batch 125/520 ***
Training fitness: 0.9317578055575031
Model size: (14, 29)
Validation fitness: 0.9322470361404386 
Elapsed: 2.255347490310669

*** Epoch 1, batch 126/520 ***
Training fitness: 0.9323737540103442
Model size: (8, 13)
Validation fitness: 0.9200178996008099 
Elapsed: 1.8945777416229248

*** Epoch 1, batch 127/520 ***
Training fitness: 0.9270820061474419
Model size: (13, 26)
Validation fitness: 0.9361076868227456 
Elapsed: 2.272606372833252

*** Epoch 1, batch 128/520 ***
Training fitness: 0.9340341936754019
Model size: (7, 15)
Validation fitness: 0.9288937549828282 
Elapsed: 2.1952691078186035

*** Epoch 1, batch 129/520 ***
Training fitness: 0.9137837526622853
Model size: (12, 21)
Validation fitness: 0.9315240021167103 
Elapsed: 2.269656181335449

*** Epoch 1, batch 130/520 ***
Training fitness: 0.9469743686012625
Model size: (7, 16)
Validation fitness: 0.92781289441964 
Elapsed: 2.147503614425659

*** Epoch 1, batch 131/520 ***
Training fitness: 0.9470509464140342
Model size: (5, 15)
Validation fitness: 0.9187052982475786 
Elapsed: 2.1621510982513428

*** Epoch 1, batch 132/520 ***
Training fitness: 0.9481907508604368
Model size: (8, 18)
Validation fitness: 0.9313450753686532 
Elapsed: 2.2923099994659424

*** Epoch 1, batch 133/520 ***
Training fitness: 0.9588153228182511
Model size: (8, 18)
Validation fitness: 0.9313450753686532 
Elapsed: 2.299964666366577

*** Epoch 1, batch 134/520 ***
Training fitness: 0.9446203209367847
Model size: (12, 25)
Validation fitness: 0.9361860584894588 
Elapsed: 2.237299919128418

*** Epoch 1, batch 135/520 ***
Training fitness: 0.9194039108376213
Model size: (10, 21)
Validation fitness: 0.9292346759139609 
Elapsed: 2.4088127613067627

*** Epoch 1, batch 136/520 ***
Training fitness: 0.9343066364170818
Model size: (13, 27)
Validation fitness: 0.9287850082864826 
Elapsed: 2.253206729888916

*** Epoch 1, batch 137/520 ***
Training fitness: 0.93697359765433
Model size: (9, 18)
Validation fitness: 0.9341922437269105 
Elapsed: 2.3020150661468506

*** Epoch 1, batch 138/520 ***
Training fitness: 0.9528118496622824
Model size: (8, 17)
Validation fitness: 0.9349862591722989 
Elapsed: 2.071835517883301

*** Epoch 1, batch 139/520 ***
Training fitness: 0.9481481481481482
Model size: (9, 18)
Validation fitness: 0.9341922437269105 
Elapsed: 2.1422348022460938

*** Epoch 1, batch 140/520 ***
Training fitness: 0.9376171829978693
Model size: (8, 19)
Validation fitness: 0.9351394183802542 
Elapsed: 2.0706071853637695

*** Epoch 1, batch 141/520 ***
Training fitness: 0.913869903772418
Model size: (14, 22)
Validation fitness: 0.9245264098347857 
Elapsed: 2.0700743198394775

*** Epoch 1, batch 142/520 ***
Training fitness: 0.9441180953753915
Model size: (9, 18)
Validation fitness: 0.9341922437269105 
Elapsed: 2.1149187088012695

*** Epoch 1, batch 143/520 ***
Training fitness: 0.9649908956731967
Model size: (8, 15)
Validation fitness: 0.9232579916652152 
Elapsed: 2.046487808227539

*** Epoch 1, batch 144/520 ***
Training fitness: 0.9327983739985195
Model size: (8, 14)
Validation fitness: 0.9219227190754525 
Elapsed: 2.083751678466797

*** Epoch 1, batch 145/520 ***
Training fitness: 0.9549583289097205
Model size: (6, 12)
Validation fitness: 0.9205177874461017 
Elapsed: 2.0798439979553223

*** Epoch 1, batch 146/520 ***
Training fitness: 0.9283224462060867
Model size: (9, 18)
Validation fitness: 0.9341922437269105 
Elapsed: 2.159583330154419

*** Epoch 1, batch 147/520 ***
Training fitness: 0.9321112264729811
Model size: (7, 13)
Validation fitness: 0.9191521040262032 
Elapsed: 2.5041327476501465

*** Epoch 1, batch 148/520 ***
Training fitness: 0.9329762511604185
Model size: (7, 13)
Validation fitness: 0.9191521040262032 
Elapsed: 4.223090887069702

*** Epoch 1, batch 149/520 ***
Training fitness: 0.9219629854171265
Model size: (7, 13)
Validation fitness: 0.9191521040262032 
Elapsed: 4.227680683135986

*** Epoch 1, batch 150/520 ***
Training fitness: 0.9251634910148152
Model size: (9, 13)
Validation fitness: 0.9241006366187925 
Elapsed: 3.8062262535095215

*** Epoch 1, batch 151/520 ***
Training fitness: 0.9238236144652999
Model size: (9, 16)
Validation fitness: 0.9219212500779634 
Elapsed: 3.8512918949127197

*** Epoch 1, batch 152/520 ***
Training fitness: 0.9232144382427812
Model size: (9, 16)
Validation fitness: 0.9311361055492604 
Elapsed: 3.836318254470825

*** Epoch 1, batch 153/520 ***
Training fitness: 0.9545751233377219
Model size: (9, 16)
Validation fitness: 0.9311361055492604 
Elapsed: 4.005631685256958

*** Epoch 1, batch 154/520 ***
Training fitness: 0.941751773006902
Model size: (4, 11)
Validation fitness: 0.9171414939768205 
Elapsed: 4.064183235168457

*** Epoch 1, batch 155/520 ***
Training fitness: 0.9320687558781199
Model size: (7, 15)
Validation fitness: 0.9236729400684304 
Elapsed: 3.6923558712005615

*** Epoch 1, batch 156/520 ***
Training fitness: 0.9427687670139969
Model size: (7, 15)
Validation fitness: 0.9236729400684304 
Elapsed: 3.9381282329559326

*** Epoch 1, batch 157/520 ***
Training fitness: 0.9142365309365542
Model size: (10, 17)
Validation fitness: 0.9194543812470238 
Elapsed: 4.00177526473999

*** Epoch 1, batch 158/520 ***
Training fitness: 0.9524919156910955
Model size: (7, 15)
Validation fitness: 0.9236729400684304 
Elapsed: 3.7300262451171875

*** Epoch 1, batch 159/520 ***
Training fitness: 0.9548414739801507
Model size: (5, 10)
Validation fitness: 0.915505814820462 
Elapsed: 3.7535722255706787

*** Epoch 1, batch 160/520 ***
Training fitness: 0.933920129089471
Model size: (9, 15)
Validation fitness: 0.924316189852806 
Elapsed: 3.6303293704986572

*** Epoch 1, batch 161/520 ***
Training fitness: 0.9322301394542106
Model size: (7, 15)
Validation fitness: 0.9236729400684304 
Elapsed: 3.8729424476623535

*** Epoch 1, batch 162/520 ***
Training fitness: 0.914303543739283
Model size: (7, 15)
Validation fitness: 0.9252370399379604 
Elapsed: 3.9049198627471924

*** Epoch 1, batch 163/520 ***
Training fitness: 0.9299453638328865
Model size: (7, 9)
Validation fitness: 0.9248250284584328 
Elapsed: 3.883768081665039

*** Epoch 1, batch 164/520 ***
Training fitness: 0.9142857142857143
Model size: (5, 10)
Validation fitness: 0.9208827449866297 
Elapsed: 3.991382598876953

*** Epoch 1, batch 165/520 ***
Training fitness: 0.9374268311510591
Model size: (7, 16)
Validation fitness: 0.9255750206516211 
Elapsed: 3.9855685234069824

*** Epoch 1, batch 166/520 ***
Training fitness: 0.9322560649172233
Model size: (3, 11)
Validation fitness: 0.9206452828970746 
Elapsed: 3.9438345432281494

*** Epoch 1, batch 167/520 ***
Training fitness: 0.9395367932475576
Model size: (5, 11)
Validation fitness: 0.9191917517246767 
Elapsed: 4.041239261627197

*** Epoch 1, batch 168/520 ***
Training fitness: 0.916946911013235
Model size: (7, 15)
Validation fitness: 0.9252370399379604 
Elapsed: 4.106039762496948

*** Epoch 1, batch 169/520 ***
Training fitness: 0.9259608644011145
Model size: (6, 13)
Validation fitness: 0.9196083240731537 
Elapsed: 2.184168815612793

*** Epoch 1, batch 170/520 ***
Training fitness: 0.9482791378160227
Model size: (5, 11)
Validation fitness: 0.9191917517246767 
Elapsed: 1.86110520362854

*** Epoch 1, batch 171/520 ***
Training fitness: 0.9509945410702754
Model size: (5, 10)
Validation fitness: 0.9157010436065424 
Elapsed: 1.9308583736419678

*** Epoch 1, batch 172/520 ***
Training fitness: 0.9309642670260521
Model size: (6, 10)
Validation fitness: 0.9165441072864823 
Elapsed: 1.9871869087219238

*** Epoch 1, batch 173/520 ***
Training fitness: 0.9187642500185806
Model size: (4, 6)
Validation fitness: 0.9185691190041928 
Elapsed: 1.9820923805236816

*** Epoch 1, batch 174/520 ***
Training fitness: 0.9298024373933895
Model size: (3, 4)
Validation fitness: 0.9203795525685388 
Elapsed: 1.8007893562316895

*** Epoch 1, batch 175/520 ***
Training fitness: 0.9269979382235215
Model size: (3, 4)
Validation fitness: 0.9203795525685388 
Elapsed: 1.9217705726623535

*** Epoch 1, batch 176/520 ***
Training fitness: 0.9175607983414412
Model size: (7, 12)
Validation fitness: 0.9218782766531795 
Elapsed: 2.0715320110321045

*** Epoch 1, batch 177/520 ***
Training fitness: 0.9509762089144504
Model size: (5, 8)
Validation fitness: 0.9248999858922553 
Elapsed: 2.051292657852173

*** Epoch 1, batch 178/520 ***
Training fitness: 0.9243614223200843
Model size: (5, 8)
Validation fitness: 0.9248999858922553 
Elapsed: 2.0615601539611816

*** Epoch 1, batch 179/520 ***
Training fitness: 0.9283230258223878
Model size: (6, 13)
Validation fitness: 0.9147845819052155 
Elapsed: 2.0123674869537354

*** Epoch 1, batch 180/520 ***
Training fitness: 0.9210997870803161
Model size: (5, 8)
Validation fitness: 0.9248999858922553 
Elapsed: 2.034642457962036

*** Epoch 1, batch 181/520 ***
Training fitness: 0.9426186273989644
Model size: (5, 8)
Validation fitness: 0.9248999858922553 
Elapsed: 2.062822103500366

*** Epoch 1, batch 182/520 ***
Training fitness: 0.9382112662691683
Model size: (6, 13)
Validation fitness: 0.922832044877824 
Elapsed: 2.0253469944000244

*** Epoch 1, batch 183/520 ***
Training fitness: 0.9279261538023664
Model size: (10, 19)
Validation fitness: 0.9225594885324289 
Elapsed: 1.9119534492492676

*** Epoch 1, batch 184/520 ***
Training fitness: 0.944306073979343
Model size: (8, 14)
Validation fitness: 0.9230757845985175 
Elapsed: 1.8757636547088623

*** Epoch 1, batch 185/520 ***
Training fitness: 0.9377298488692454
Model size: (7, 16)
Validation fitness: 0.9246006019880116 
Elapsed: 1.963474988937378

*** Epoch 1, batch 186/520 ***
Training fitness: 0.9621575364220093
Model size: (9, 15)
Validation fitness: 0.9254565443106654 
Elapsed: 1.9650382995605469

*** Epoch 1, batch 187/520 ***
Training fitness: 0.9070318002513874
Model size: (8, 12)
Validation fitness: 0.9148246652341584 
Elapsed: 1.8202991485595703

*** Epoch 1, batch 188/520 ***
Training fitness: 0.9301956737059099
Model size: (7, 15)
Validation fitness: 0.9156582624317575 
Elapsed: 1.9957640171051025

*** Epoch 1, batch 189/520 ***
Training fitness: 0.9331055484841259
Model size: (9, 18)
Validation fitness: 0.9178365949603252 
Elapsed: 2.193849563598633

*** Epoch 1, batch 190/520 ***
Training fitness: 0.9247346182591641
Model size: (8, 18)
Validation fitness: 0.9135943471446324 
Elapsed: 2.0688719749450684

*** Epoch 1, batch 191/520 ***
Training fitness: 0.9444485448085125
Model size: (8, 18)
Validation fitness: 0.9135943471446324 
Elapsed: 2.0894365310668945

*** Epoch 1, batch 192/520 ***
Training fitness: 0.9175627239519426
Model size: (10, 17)
Validation fitness: 0.9267354415634476 
Elapsed: 2.035053014755249

*** Epoch 1, batch 193/520 ***
Training fitness: 0.9109383069320263
Model size: (8, 16)
Validation fitness: 0.9195319750388691 
Elapsed: 2.0988733768463135

*** Epoch 1, batch 194/520 ***
Training fitness: 0.9227563284871017
Model size: (8, 16)
Validation fitness: 0.9195319750388691 
Elapsed: 2.0436432361602783

*** Epoch 1, batch 195/520 ***
Training fitness: 0.954653367252344
Model size: (12, 23)
Validation fitness: 0.8883956810231276 
Elapsed: 2.2530364990234375

*** Epoch 1, batch 196/520 ***
Training fitness: 0.9133052755352582
Model size: (9, 16)
Validation fitness: 0.9134425961449814 
Elapsed: 1.9844038486480713

*** Epoch 1, batch 197/520 ***
Training fitness: 0.9222776948378132
Model size: (9, 14)
Validation fitness: 0.9179669950473137 
Elapsed: 1.9287960529327393

*** Epoch 1, batch 198/520 ***
Training fitness: 0.9504864316344618
Model size: (7, 14)
Validation fitness: 0.9218097126725263 
Elapsed: 2.1142096519470215

*** Epoch 1, batch 199/520 ***
Training fitness: 0.9051321844137715
Model size: (7, 10)
Validation fitness: 0.9084357725529266 
Elapsed: 1.9498260021209717

*** Epoch 1, batch 200/520 ***
Training fitness: 0.9243281247346129
Model size: (9, 14)
Validation fitness: 0.9179669950473137 
Elapsed: 1.8883252143859863

*** Epoch 1, batch 201/520 ***
Training fitness: 0.9574337198460028
Model size: (3, 6)
Validation fitness: 0.9224269776022707 
Elapsed: 1.980445384979248

*** Epoch 1, batch 202/520 ***
Training fitness: 0.9354545135530861
Model size: (10, 21)
Validation fitness: 0.9198590678238147 
Elapsed: 2.101276397705078

*** Epoch 1, batch 203/520 ***
Training fitness: 0.9317971638982786
Model size: (6, 12)
Validation fitness: 0.8988936264615309 
Elapsed: 1.9005463123321533

*** Epoch 1, batch 204/520 ***
Training fitness: 0.9442726166552146
Model size: (7, 14)
Validation fitness: 0.9218097126725263 
Elapsed: 1.9558308124542236

*** Epoch 1, batch 205/520 ***
Training fitness: 0.9078000237644506
Model size: (4, 10)
Validation fitness: 0.9262537886804871 
Elapsed: 1.9339921474456787

*** Epoch 1, batch 206/520 ***
Training fitness: 0.9286850878786646
Model size: (3, 6)
Validation fitness: 0.9091539947014126 
Elapsed: 1.8538093566894531

*** Epoch 1, batch 207/520 ***
Training fitness: 0.9408348039574594
Model size: (3, 10)
Validation fitness: 0.9132912492708146 
Elapsed: 1.8439383506774902

*** Epoch 1, batch 208/520 ***
Training fitness: 0.9346996667108884
Model size: (4, 7)
Validation fitness: 0.9246285930632128 
Elapsed: 1.9755465984344482

*** Epoch 1, batch 209/520 ***
Training fitness: 0.9441320783180356
Model size: (4, 7)
Validation fitness: 0.9246285930632128 
Elapsed: 1.8854527473449707

*** Epoch 1, batch 210/520 ***
Training fitness: 0.953845245957586
Model size: (2, 8)
Validation fitness: 0.9102975968046777 
Elapsed: 1.858442783355713

*** Epoch 1, batch 211/520 ***
Training fitness: 0.9285155451382845
Model size: (7, 11)
Validation fitness: 0.9264552540404547 
Elapsed: 1.9209320545196533

*** Epoch 1, batch 212/520 ***
Training fitness: 0.9656916045588524
Model size: (3, 6)
Validation fitness: 0.9325540834260075 
Elapsed: 1.8241331577301025

*** Epoch 1, batch 213/520 ***
Training fitness: 0.9224217101177418
Model size: (3, 6)
Validation fitness: 0.9325540834260075 
Elapsed: 1.8280847072601318

*** Epoch 1, batch 214/520 ***
Training fitness: 0.9509289321787767
Model size: (4, 11)
Validation fitness: 0.9266311803825018 
Elapsed: 1.8574659824371338

*** Epoch 1, batch 215/520 ***
Training fitness: 0.947256346120752
Model size: (3, 6)
Validation fitness: 0.9325540834260075 
Elapsed: 1.7767584323883057

*** Epoch 1, batch 216/520 ***
Training fitness: 0.9277725004007051
Model size: (4, 11)
Validation fitness: 0.9266311803825018 
Elapsed: 1.97031831741333

*** Epoch 1, batch 217/520 ***
Training fitness: 0.9481481421209634
Model size: (5, 9)
Validation fitness: 0.924030159725019 
Elapsed: 1.9340505599975586

*** Epoch 1, batch 218/520 ***
Training fitness: 0.9259611621311821
Model size: (9, 13)
Validation fitness: 0.9160379587191374 
Elapsed: 1.9363250732421875

*** Epoch 1, batch 219/520 ***
Training fitness: 0.9390845622646905
Model size: (6, 11)
Validation fitness: 0.8955135683984135 
Elapsed: 2.0250072479248047

*** Epoch 1, batch 220/520 ***
Training fitness: 0.9278562559835625
Model size: (4, 7)
Validation fitness: 0.9328331042792576 
Elapsed: 1.7346460819244385

*** Epoch 1, batch 221/520 ***
Training fitness: 0.924744111613185
Model size: (5, 8)
Validation fitness: 0.9329370755518716 
Elapsed: 1.7695107460021973

*** Epoch 1, batch 222/520 ***
Training fitness: 0.9291406338229882
Model size: (5, 13)
Validation fitness: 0.9193968815610142 
Elapsed: 1.970170497894287

*** Epoch 1, batch 223/520 ***
Training fitness: 0.9327783644453199
Model size: (4, 7)
Validation fitness: 0.9316184819749558 
Elapsed: 1.8732185363769531

*** Epoch 1, batch 224/520 ***
Training fitness: 0.937501669959303
Model size: (8, 8)
Validation fitness: 0.9239564008969823 
Elapsed: 1.9266788959503174

*** Epoch 1, batch 225/520 ***
Training fitness: 0.9241636222047188
Model size: (6, 11)
Validation fitness: 0.9180527617575148 
Elapsed: 1.9814515113830566

*** Epoch 1, batch 226/520 ***
Training fitness: 0.9409446243010702
Model size: (4, 7)
Validation fitness: 0.9316184819749558 
Elapsed: 1.791229009628296

*** Epoch 1, batch 227/520 ***
Training fitness: 0.9126796780472883
Model size: (5, 8)
Validation fitness: 0.9333307886208799 
Elapsed: 1.9399197101593018

*** Epoch 1, batch 228/520 ***
Training fitness: 0.9492072340786977
Model size: (5, 8)
Validation fitness: 0.9333307886208799 
Elapsed: 1.856541395187378

*** Epoch 1, batch 229/520 ***
Training fitness: 0.949525104305389
Model size: (5, 8)
Validation fitness: 0.9333307886208799 
Elapsed: 1.8578763008117676

*** Epoch 1, batch 230/520 ***
Training fitness: 0.9573988684375917
Model size: (5, 8)
Validation fitness: 0.9333307886208799 
Elapsed: 1.9026448726654053

*** Epoch 1, batch 231/520 ***
Training fitness: 0.9398402059743435
Model size: (7, 13)
Validation fitness: 0.9209104798977195 
Elapsed: 1.9183907508850098

*** Epoch 1, batch 232/520 ***
Training fitness: 0.9373522041110532
Model size: (5, 8)
Validation fitness: 0.9333307886208799 
Elapsed: 1.8526604175567627

*** Epoch 1, batch 233/520 ***
Training fitness: 0.9442178314228885
Model size: (5, 8)
Validation fitness: 0.9333307886208799 
Elapsed: 1.821911096572876

*** Epoch 1, batch 234/520 ***
Training fitness: 0.9412887144223611
Model size: (5, 9)
Validation fitness: 0.9305229122566561 
Elapsed: 1.7359776496887207

*** Epoch 1, batch 235/520 ***
Training fitness: 0.9463671738393314
Model size: (7, 8)
Validation fitness: 0.9231851930333023 
Elapsed: 1.7828071117401123

*** Epoch 1, batch 236/520 ***
Training fitness: 0.9245624266502965
Model size: (5, 7)
Validation fitness: 0.9101275021093341 
Elapsed: 1.739208698272705

*** Epoch 1, batch 237/520 ***
Training fitness: 0.9565609857383638
Model size: (7, 7)
Validation fitness: 0.9302815360029683 
Elapsed: 1.8135709762573242

*** Epoch 1, batch 238/520 ***
Training fitness: 0.9350872149294318
Model size: (6, 10)
Validation fitness: 0.9329085709606989 
Elapsed: 1.7582595348358154

*** Epoch 1, batch 239/520 ***
Training fitness: 0.9639234129980974
Model size: (7, 7)
Validation fitness: 0.9302815360029683 
Elapsed: 1.7902872562408447

*** Epoch 1, batch 240/520 ***
Training fitness: 0.9475213256230424
Model size: (4, 6)
Validation fitness: 0.9248613417446794 
Elapsed: 1.7449100017547607

*** Epoch 1, batch 241/520 ***
Training fitness: 0.9331791480183996
Model size: (7, 13)
Validation fitness: 0.9299397888997503 
Elapsed: 2.0412306785583496

*** Epoch 1, batch 242/520 ***
Training fitness: 0.9475032555079944
Model size: (8, 13)
Validation fitness: 0.927814691228855 
Elapsed: 2.015756845474243

*** Epoch 1, batch 243/520 ***
Training fitness: 0.9589118422576276
Model size: (6, 12)
Validation fitness: 0.9313720670542184 
Elapsed: 1.9131126403808594

*** Epoch 1, batch 244/520 ***
Training fitness: 0.9332228310913343
Model size: (6, 12)
Validation fitness: 0.9313720670542184 
Elapsed: 1.9256088733673096

*** Epoch 1, batch 245/520 ***
Training fitness: 0.9127384479898675
Model size: (5, 12)
Validation fitness: 0.9267258701104417 
Elapsed: 1.8523101806640625

*** Epoch 1, batch 246/520 ***
Training fitness: 0.949892513467381
Model size: (7, 7)
Validation fitness: 0.9302815360029683 
Elapsed: 1.8257780075073242

*** Epoch 1, batch 247/520 ***
Training fitness: 0.9367199024970521
Model size: (8, 16)
Validation fitness: 0.9222306517215151 
Elapsed: 1.9771053791046143

*** Epoch 1, batch 248/520 ***
Training fitness: 0.9468607026192527
Model size: (8, 13)
Validation fitness: 0.9316756777594716 
Elapsed: 2.0225610733032227

*** Epoch 1, batch 249/520 ***
Training fitness: 0.9106643530013497
Model size: (2, 5)
Validation fitness: 0.9236054346356999 
Elapsed: 1.815570592880249

*** Epoch 1, batch 250/520 ***
Training fitness: 0.9261041061899973
Model size: (8, 13)
Validation fitness: 0.9316756777594716 
Elapsed: 2.0666701793670654

*** Epoch 1, batch 251/520 ***
Training fitness: 0.9341676315420752
Model size: (9, 14)
Validation fitness: 0.9332872867962301 
Elapsed: 2.1140997409820557

*** Epoch 1, batch 252/520 ***
Training fitness: 0.950143072598935
Model size: (8, 13)
Validation fitness: 0.9316756777594716 
Elapsed: 2.0837249755859375

*** Epoch 1, batch 253/520 ***
Training fitness: 0.9621137753976674
Model size: (9, 15)
Validation fitness: 0.9267046865759262 
Elapsed: 1.907637357711792

*** Epoch 1, batch 254/520 ***
Training fitness: 0.9539683793079267
Model size: (7, 14)
Validation fitness: 0.9339893505741539 
Elapsed: 2.0551207065582275

*** Epoch 1, batch 255/520 ***
Training fitness: 0.937011453500056
Model size: (9, 13)
Validation fitness: 0.9351198853713992 
Elapsed: 2.1301746368408203

*** Epoch 1, batch 256/520 ***
Training fitness: 0.9470478977056832
Model size: (7, 13)
Validation fitness: 0.9326084463459176 
Elapsed: 1.8729803562164307

*** Epoch 1, batch 257/520 ***
Training fitness: 0.9703981355525017
Model size: (8, 14)
Validation fitness: 0.9287746584882081 
Elapsed: 1.8400917053222656

*** Epoch 1, batch 258/520 ***
Training fitness: 0.9468197624600174
Model size: (6, 14)
Validation fitness: 0.9267402511371067 
Elapsed: 1.855417251586914

*** Epoch 1, batch 259/520 ***
Training fitness: 0.9257827056655575
Model size: (6, 9)
Validation fitness: 0.924526906010739 
Elapsed: 1.8458898067474365

*** Epoch 1, batch 260/520 ***
Training fitness: 0.9170796257866166
Model size: (9, 12)
Validation fitness: 0.923621101602508 
Elapsed: 1.887336254119873

*** Epoch 1, batch 261/520 ***
Training fitness: 0.9086221399337032
Model size: (7, 13)
Validation fitness: 0.9333890973700577 
Elapsed: 1.896881341934204

*** Epoch 1, batch 262/520 ***
Training fitness: 0.9325598873664469
Model size: (6, 11)
Validation fitness: 0.9289482971137001 
Elapsed: 1.874957799911499

*** Epoch 1, batch 263/520 ***
Training fitness: 0.9516651618847494
Model size: (6, 12)
Validation fitness: 0.9287935251654796 
Elapsed: 1.8165745735168457

*** Epoch 1, batch 264/520 ***
Training fitness: 0.9241861116882999
Model size: (9, 13)
Validation fitness: 0.9085491360849844 
Elapsed: 1.8469581604003906

*** Epoch 1, batch 265/520 ***
Training fitness: 0.9514637719304027
Model size: (7, 14)
Validation fitness: 0.9305104009642513 
Elapsed: 1.9661128520965576

*** Epoch 1, batch 266/520 ***
Training fitness: 0.9485145359741104
Model size: (8, 16)
Validation fitness: 0.9319705106146491 
Elapsed: 2.037820816040039

*** Epoch 1, batch 267/520 ***
Training fitness: 0.9230485738074287
Model size: (6, 17)
Validation fitness: 0.9079903422043193 
Elapsed: 2.0702242851257324

*** Epoch 1, batch 268/520 ***
Training fitness: 0.9387250708221789
Model size: (11, 14)
Validation fitness: 0.9212680433199403 
Elapsed: 2.074557304382324

*** Epoch 1, batch 269/520 ***
Training fitness: 0.9371636802762457
Model size: (6, 11)
Validation fitness: 0.9217117007096908 
Elapsed: 2.011983871459961

*** Epoch 1, batch 270/520 ***
Training fitness: 0.932245399913695
Model size: (9, 14)
Validation fitness: 0.9044615432143392 
Elapsed: 2.0155208110809326

*** Epoch 1, batch 271/520 ***
Training fitness: 0.9537966034836304
Model size: (12, 23)
Validation fitness: 0.9289713127095586 
Elapsed: 2.030618667602539

*** Epoch 1, batch 272/520 ***
Training fitness: 0.9428759631021402
Model size: (12, 23)
Validation fitness: 0.9289713127095586 
Elapsed: 2.0323503017425537

*** Epoch 1, batch 273/520 ***
Training fitness: 0.958161338561601
Model size: (12, 23)
Validation fitness: 0.9289713127095586 
Elapsed: 2.0162782669067383

*** Epoch 1, batch 274/520 ***
Training fitness: 0.920863309352518
Model size: (11, 16)
Validation fitness: 0.9257735703794533 
Elapsed: 2.062926769256592

*** Epoch 1, batch 275/520 ***
Training fitness: 0.9329102804085015
Model size: (10, 16)
Validation fitness: 0.9319213436253756 
Elapsed: 2.1452746391296387

*** Epoch 1, batch 276/520 ***
Training fitness: 0.9425895834506268
Model size: (9, 20)
Validation fitness: 0.9274206703780635 
Elapsed: 2.2864153385162354

*** Epoch 1, batch 277/520 ***
Training fitness: 0.9175627146595876
Model size: (12, 23)
Validation fitness: 0.9289713127095586 
Elapsed: 2.0460197925567627

*** Epoch 1, batch 278/520 ***
Training fitness: 0.9411764705882353
Model size: (8, 13)
Validation fitness: 0.9299000513146416 
Elapsed: 2.084657669067383

*** Epoch 1, batch 279/520 ***
Training fitness: 0.9630971893778607
Model size: (10, 20)
Validation fitness: 0.9303182526667131 
Elapsed: 2.344163417816162

*** Epoch 1, batch 280/520 ***
Training fitness: 0.9438752511267856
Model size: (9, 19)
Validation fitness: 0.9281976072373386 
Elapsed: 2.2606353759765625

*** Epoch 1, batch 281/520 ***
Training fitness: 0.9420385543452534
Model size: (8, 16)
Validation fitness: 0.9199518094703303 
Elapsed: 2.1413869857788086

*** Epoch 1, batch 282/520 ***
Training fitness: 0.9531328990401421
Model size: (12, 22)
Validation fitness: 0.9271923696923079 
Elapsed: 2.21632719039917

*** Epoch 1, batch 283/520 ***
Training fitness: 0.9431402486408371
Model size: (8, 18)
Validation fitness: 0.9352405007731118 
Elapsed: 2.1591293811798096

*** Epoch 1, batch 284/520 ***
Training fitness: 0.937926560630229
Model size: (8, 18)
Validation fitness: 0.9352405007731118 
Elapsed: 2.2560739517211914

*** Epoch 1, batch 285/520 ***
Training fitness: 0.9342707753384727
Model size: (12, 22)
Validation fitness: 0.9271923696923079 
Elapsed: 2.137329578399658

*** Epoch 1, batch 286/520 ***
Training fitness: 0.9383050433888964
Model size: (7, 9)
Validation fitness: 0.9288141864448851 
Elapsed: 1.9302380084991455

*** Epoch 1, batch 287/520 ***
Training fitness: 0.9377289377289377
Model size: (7, 9)
Validation fitness: 0.9288141864448851 
Elapsed: 1.9688036441802979

*** Epoch 1, batch 288/520 ***
Training fitness: 0.962119310112887
Model size: (7, 14)
Validation fitness: 0.9230659361581978 
Elapsed: 1.8966279029846191

*** Epoch 1, batch 289/520 ***
Training fitness: 0.9430306385375058
Model size: (7, 11)
Validation fitness: 0.9167160981258756 
Elapsed: 2.001922369003296

*** Epoch 1, batch 290/520 ***
Training fitness: 0.923954567721083
Model size: (18, 27)
Validation fitness: 0.9224008228735011 
Elapsed: 2.013749837875366

*** Epoch 1, batch 291/520 ***
Training fitness: 0.9431823971791381
Model size: (8, 15)
Validation fitness: 0.9206233972280286 
Elapsed: 2.0248634815216064

*** Epoch 1, batch 292/520 ***
Training fitness: 0.9580204242383735
Model size: (7, 12)
Validation fitness: 0.922840950666156 
Elapsed: 2.1305744647979736

*** Epoch 1, batch 293/520 ***
Training fitness: 0.9655243625318102
Model size: (11, 21)
Validation fitness: 0.9322307963248767 
Elapsed: 1.9699220657348633

*** Epoch 1, batch 294/520 ***
Training fitness: 0.9222967561035363
Model size: (8, 12)
Validation fitness: 0.9210010635962385 
Elapsed: 2.03637957572937

*** Epoch 1, batch 295/520 ***
Training fitness: 0.9562980005217583
Model size: (7, 15)
Validation fitness: 0.9181890490229805 
Elapsed: 1.9796650409698486

*** Epoch 1, batch 296/520 ***
Training fitness: 0.9270052437646229
Model size: (8, 14)
Validation fitness: 0.9244787026800967 
Elapsed: 1.991973876953125

*** Epoch 1, batch 297/520 ***
Training fitness: 0.951693033926558
Model size: (8, 12)
Validation fitness: 0.9210010635962385 
Elapsed: 2.175788164138794

*** Epoch 1, batch 298/520 ***
Training fitness: 0.9516728624535316
Model size: (22, 34)
Validation fitness: 0.924249928076343 
Elapsed: 2.1741626262664795

*** Epoch 1, batch 299/520 ***
Training fitness: 0.9446494464944649
Model size: (22, 34)
Validation fitness: 0.924249928076343 
Elapsed: 2.1661322116851807

*** Epoch 1, batch 300/520 ***
Training fitness: 0.9197264006809992
Model size: (13, 23)
Validation fitness: 0.9195968385541383 
Elapsed: 2.1998512744903564

*** Epoch 1, batch 301/520 ***
Training fitness: 0.9302820837291801
Model size: (11, 23)
Validation fitness: 0.917702734758343 
Elapsed: 1.9604198932647705

*** Epoch 1, batch 302/520 ***
Training fitness: 0.9295958466866524
Model size: (11, 23)
Validation fitness: 0.9171180604431536 
Elapsed: 1.9232287406921387

*** Epoch 1, batch 303/520 ***
Training fitness: 0.9307150166463226
Model size: (6, 13)
Validation fitness: 0.9229979955837977 
Elapsed: 1.9588561058044434

*** Epoch 1, batch 304/520 ***
Training fitness: 0.9543555793879847
Model size: (8, 13)
Validation fitness: 0.9316129041356801 
Elapsed: 2.1800999641418457

*** Epoch 1, batch 305/520 ***
Training fitness: 0.917562775059509
Model size: (8, 18)
Validation fitness: 0.9233936666949857 
Elapsed: 1.9149327278137207

*** Epoch 1, batch 306/520 ***
Training fitness: 0.947710843847646
Model size: (15, 27)
Validation fitness: 0.9319212996583317 
Elapsed: 2.065157413482666

*** Epoch 1, batch 307/520 ***
Training fitness: 0.9510586482740192
Model size: (15, 27)
Validation fitness: 0.9319212996583317 
Elapsed: 2.17073655128479

*** Epoch 1, batch 308/520 ***
Training fitness: 0.9443184290436889
Model size: (6, 12)
Validation fitness: 0.9315894566039592 
Elapsed: 2.115748167037964

*** Epoch 1, batch 309/520 ***
Training fitness: 0.9405465292133406
Model size: (6, 9)
Validation fitness: 0.9226472651608607 
Elapsed: 1.8053998947143555

*** Epoch 1, batch 310/520 ***
Training fitness: 0.9562440136452118
Model size: (14, 26)
Validation fitness: 0.9150321126007155 
Elapsed: 1.7602744102478027

*** Epoch 1, batch 311/520 ***
Training fitness: 0.931986364138614
Model size: (22, 27)
Validation fitness: 0.9280898656321214 
Elapsed: 2.0871357917785645

*** Epoch 1, batch 312/520 ***
Training fitness: 0.9298829324712116
Model size: (5, 11)
Validation fitness: 0.9265949743250314 
Elapsed: 1.939455270767212

*** Epoch 1, batch 313/520 ***
Training fitness: 0.9305522142515391
Model size: (5, 10)
Validation fitness: 0.9239148180425488 
Elapsed: 1.926802396774292

*** Epoch 1, batch 314/520 ***
Training fitness: 0.9242018166450505
Model size: (7, 14)
Validation fitness: 0.9256906069782456 
Elapsed: 2.0271003246307373

*** Epoch 1, batch 315/520 ***
Training fitness: 0.9495667099853221
Model size: (25, 32)
Validation fitness: 0.9275833207579242 
Elapsed: 2.0539934635162354

*** Epoch 1, batch 316/520 ***
Training fitness: 0.9343065693430657
Model size: (25, 34)
Validation fitness: 0.9281609174352956 
Elapsed: 2.0513343811035156

*** Epoch 1, batch 317/520 ***
Training fitness: 0.9330483124298133
Model size: (6, 12)
Validation fitness: 0.9315894566039592 
Elapsed: 2.0136003494262695

*** Epoch 1, batch 318/520 ***
Training fitness: 0.9241878088074725
Model size: (6, 15)
Validation fitness: 0.9253795582770824 
Elapsed: 2.0532472133636475

*** Epoch 1, batch 319/520 ***
Training fitness: 0.9625258828748047
Model size: (6, 15)
Validation fitness: 0.9215201524934744 
Elapsed: 2.170642852783203

*** Epoch 1, batch 320/520 ***
Training fitness: 0.9366801607620819
Model size: (7, 14)
Validation fitness: 0.9256906069782456 
Elapsed: 2.1520936489105225

*** Epoch 1, batch 321/520 ***
Training fitness: 0.9411764705882353
Model size: (26, 37)
Validation fitness: 0.9297777072177866 
Elapsed: 2.126573085784912

*** Epoch 1, batch 322/520 ***
Training fitness: 0.9446494464944649
Model size: (24, 31)
Validation fitness: 0.922640741894457 
Elapsed: 2.135758399963379

*** Epoch 1, batch 323/520 ***
Training fitness: 0.9412385592238562
Model size: (15, 19)
Validation fitness: 0.9183974822899658 
Elapsed: 1.9321670532226562

*** Epoch 1, batch 324/520 ***
Training fitness: 0.9609578456235215
Model size: (24, 32)
Validation fitness: 0.9281490468890486 
Elapsed: 2.086416482925415

*** Epoch 1, batch 325/520 ***
Training fitness: 0.9262139411638001
Model size: (11, 19)
Validation fitness: 0.9319051361516352 
Elapsed: 2.0832371711730957

*** Epoch 1, batch 326/520 ***
Training fitness: 0.9152843260434887
Model size: (8, 16)
Validation fitness: 0.930233732083983 
Elapsed: 2.1138463020324707

*** Epoch 1, batch 327/520 ***
Training fitness: 0.9569571606481079
Model size: (8, 16)
Validation fitness: 0.930233732083983 
Elapsed: 2.1616029739379883

*** Epoch 1, batch 328/520 ***
Training fitness: 0.924309505789199
Model size: (13, 22)
Validation fitness: 0.9217338410638104 
Elapsed: 1.983215570449829

*** Epoch 1, batch 329/520 ***
Training fitness: 0.9333389699978953
Model size: (13, 23)
Validation fitness: 0.9257092579968381 
Elapsed: 2.0154876708984375

*** Epoch 1, batch 330/520 ***
Training fitness: 0.9227891241686212
Model size: (14, 20)
Validation fitness: 0.9222511005175339 
Elapsed: 1.8889777660369873

*** Epoch 1, batch 331/520 ***
Training fitness: 0.9503860514868039
Model size: (14, 20)
Validation fitness: 0.9222511005175339 
Elapsed: 1.9779701232910156

*** Epoch 1, batch 332/520 ***
Training fitness: 0.9370036055715789
Model size: (12, 20)
Validation fitness: 0.9255946546607875 
Elapsed: 1.9530699253082275

*** Epoch 1, batch 333/520 ***
Training fitness: 0.9473583061018211
Model size: (8, 16)
Validation fitness: 0.930233732083983 
Elapsed: 2.0897135734558105

*** Epoch 1, batch 334/520 ***
Training fitness: 0.949026709018658
Model size: (11, 21)
Validation fitness: 0.9246541181198983 
Elapsed: 1.9102604389190674

*** Epoch 1, batch 335/520 ***
Training fitness: 0.9077434061553049
Model size: (14, 25)
Validation fitness: 0.9260576894415993 
Elapsed: 2.0217127799987793

*** Epoch 1, batch 336/520 ***
Training fitness: 0.9377015281499692
Model size: (13, 24)
Validation fitness: 0.9277866437271753 
Elapsed: 1.9979019165039062

*** Epoch 1, batch 337/520 ***
Training fitness: 0.9399312726787646
Model size: (4, 9)
Validation fitness: 0.9197682297151899 
Elapsed: 2.0219368934631348

*** Epoch 1, batch 338/520 ***
Training fitness: 0.9396676651095032
Model size: (15, 21)
Validation fitness: 0.9181076726324745 
Elapsed: 1.94960618019104

*** Epoch 1, batch 339/520 ***
Training fitness: 0.9388976845270374
Model size: (15, 21)
Validation fitness: 0.917905534341939 
Elapsed: 1.9330785274505615

*** Epoch 1, batch 340/520 ***
Training fitness: 0.9080305177585126
Model size: (13, 21)
Validation fitness: 0.9210634426976685 
Elapsed: 2.0875022411346436

*** Epoch 1, batch 341/520 ***
Training fitness: 0.9347576465565638
Model size: (9, 19)
Validation fitness: 0.9354244284643007 
Elapsed: 2.252807378768921

*** Epoch 1, batch 342/520 ***
Training fitness: 0.9311977045306963
Model size: (9, 18)
Validation fitness: 0.9293493941768649 
Elapsed: 2.2564284801483154

*** Epoch 1, batch 343/520 ***
Training fitness: 0.9473555352211132
Model size: (9, 18)
Validation fitness: 0.9295649209273025 
Elapsed: 2.2008614540100098

*** Epoch 1, batch 344/520 ***
Training fitness: 0.9272455778774925
Model size: (14, 24)
Validation fitness: 0.9268724267858952 
Elapsed: 2.0719127655029297

*** Epoch 1, batch 345/520 ***
Training fitness: 0.9514022592202178
Model size: (16, 23)
Validation fitness: 0.9189599878169873 
Elapsed: 1.9063911437988281

*** Epoch 1, batch 346/520 ***
Training fitness: 0.9379684852751278
Model size: (9, 18)
Validation fitness: 0.927883889754532 
Elapsed: 2.084615707397461

*** Epoch 1, batch 347/520 ***
Training fitness: 0.9309090909090909
Model size: (8, 21)
Validation fitness: 0.9295052629132983 
Elapsed: 2.2498393058776855

*** Epoch 1, batch 348/520 ***
Training fitness: 0.9446477005724326
Model size: (8, 21)
Validation fitness: 0.9295052629132983 
Elapsed: 2.2191364765167236

*** Epoch 1, batch 349/520 ***
Training fitness: 0.9410810263608981
Model size: (11, 20)
Validation fitness: 0.9277824384260013 
Elapsed: 2.1817033290863037

*** Epoch 1, batch 350/520 ***
Training fitness: 0.9171945135581032
Model size: (8, 16)
Validation fitness: 0.9226813914485523 
Elapsed: 1.964982509613037

*** Epoch 1, batch 351/520 ***
Training fitness: 0.9500334591917186
Model size: (9, 18)
Validation fitness: 0.9295649209273025 
Elapsed: 2.2232446670532227

*** Epoch 1, batch 352/520 ***
Training fitness: 0.9052344990578899
Model size: (13, 18)
Validation fitness: 0.91782932364392 
Elapsed: 2.0487184524536133

*** Epoch 1, batch 353/520 ***
Training fitness: 0.9595337424379801
Model size: (5, 8)
Validation fitness: 0.9254524013480961 
Elapsed: 1.9937858581542969

*** Epoch 1, batch 354/520 ***
Training fitness: 0.921741561361734
Model size: (5, 7)
Validation fitness: 0.9260450211737348 
Elapsed: 1.832695722579956

*** Epoch 1, batch 355/520 ***
Training fitness: 0.9330122409896054
Model size: (2, 5)
Validation fitness: 0.9212301427459878 
Elapsed: 1.8091959953308105

*** Epoch 1, batch 356/520 ***
Training fitness: 0.9466575960762248
Model size: (5, 8)
Validation fitness: 0.9254524013480961 
Elapsed: 2.005258560180664

*** Epoch 1, batch 357/520 ***
Training fitness: 0.9228211960223995
Model size: (10, 18)
Validation fitness: 0.9040595554085336 
Elapsed: 2.3290393352508545

*** Epoch 1, batch 358/520 ***
Training fitness: 0.9268611425206145
Model size: (5, 8)
Validation fitness: 0.9254524013480961 
Elapsed: 2.0260233879089355

*** Epoch 1, batch 359/520 ***
Training fitness: 0.9319517037902434
Model size: (13, 22)
Validation fitness: 0.9239168847699493 
Elapsed: 2.2233333587646484

*** Epoch 1, batch 360/520 ***
Training fitness: 0.9416311170394158
Model size: (7, 14)
Validation fitness: 0.9206092006596508 
Elapsed: 1.940586805343628

*** Epoch 1, batch 361/520 ***
Training fitness: 0.9343065693430657
Model size: (13, 21)
Validation fitness: 0.9244881810526455 
Elapsed: 2.120605707168579

*** Epoch 1, batch 362/520 ***
Training fitness: 0.9479272237983303
Model size: (12, 21)
Validation fitness: 0.9227226373468835 
Elapsed: 2.058345079421997

*** Epoch 1, batch 363/520 ***
Training fitness: 0.9223266346536977
Model size: (7, 13)
Validation fitness: 0.9089012965421444 
Elapsed: 2.0570852756500244

*** Epoch 1, batch 364/520 ***
Training fitness: 0.9234027734518941
Model size: (11, 21)
Validation fitness: 0.925612000112043 
Elapsed: 2.0096681118011475

*** Epoch 1, batch 365/520 ***
Training fitness: 0.9377289377289377
Model size: (12, 23)
Validation fitness: 0.9269800368356331 
Elapsed: 2.1254377365112305

*** Epoch 1, batch 366/520 ***
Training fitness: 0.9377289377289377
Model size: (5, 10)
Validation fitness: 0.9172400659495069 
Elapsed: 1.9129936695098877

*** Epoch 1, batch 367/520 ***
Training fitness: 0.9240014555917095
Model size: (5, 8)
Validation fitness: 0.9259442677338604 
Elapsed: 1.9872026443481445

*** Epoch 1, batch 368/520 ***
Training fitness: 0.9343065693430657
Model size: (11, 21)
Validation fitness: 0.9311105642978789 
Elapsed: 1.9394290447235107

*** Epoch 1, batch 369/520 ***
Training fitness: 0.9446494464944649
Model size: (12, 23)
Validation fitness: 0.9289167118266696 
Elapsed: 1.9851243495941162

*** Epoch 1, batch 370/520 ***
Training fitness: 0.9536995575259365
Model size: (9, 13)
Validation fitness: 0.9286193720081961 
Elapsed: 1.8629720211029053

*** Epoch 1, batch 371/520 ***
Training fitness: 0.951679990979349
Model size: (8, 15)
Validation fitness: 0.9232794494593284 
Elapsed: 1.826279640197754

*** Epoch 1, batch 372/520 ***
Training fitness: 0.9468570379375613
Model size: (9, 13)
Validation fitness: 0.9286193720081961 
Elapsed: 1.8263862133026123

*** Epoch 1, batch 373/520 ***
Training fitness: 0.9175490061360265
Model size: (5, 8)
Validation fitness: 0.9254524013480961 
Elapsed: 1.998753547668457

*** Epoch 1, batch 374/520 ***
Training fitness: 0.9378938490543453
Model size: (13, 23)
Validation fitness: 0.9264415813072105 
Elapsed: 1.9775598049163818

*** Epoch 1, batch 375/520 ***
Training fitness: 0.9335455246870052
Model size: (9, 14)
Validation fitness: 0.931064278347484 
Elapsed: 1.889467477798462

*** Epoch 1, batch 376/520 ***
Training fitness: 0.9367315275107223
Model size: (15, 27)
Validation fitness: 0.9224819988683831 
Elapsed: 2.031083345413208

*** Epoch 1, batch 377/520 ***
Training fitness: 0.9306917947104215
Model size: (5, 8)
Validation fitness: 0.9254524013480961 
Elapsed: 1.8985891342163086

*** Epoch 1, batch 378/520 ***
Training fitness: 0.926444150445307
Model size: (5, 8)
Validation fitness: 0.9259442677338604 
Elapsed: 1.830425500869751

*** Epoch 1, batch 379/520 ***
Training fitness: 0.9377289377289377
Model size: (10, 19)
Validation fitness: 0.9208016013068707 
Elapsed: 1.7752313613891602

*** Epoch 1, batch 380/520 ***
Training fitness: 0.9516728624535316
Model size: (11, 18)
Validation fitness: 0.9297802505855174 
Elapsed: 2.02348256111145

*** Epoch 1, batch 381/520 ***
Training fitness: 0.9178219039365679
Model size: (5, 8)
Validation fitness: 0.9259442677338604 
Elapsed: 1.9418447017669678

*** Epoch 1, batch 382/520 ***
Training fitness: 0.94051328923205
Model size: (12, 21)
Validation fitness: 0.918471189463941 
Elapsed: 1.9611165523529053

*** Epoch 1, batch 383/520 ***
Training fitness: 0.9394826368263797
Model size: (12, 18)
Validation fitness: 0.9259803334148126 
Elapsed: 1.8096444606781006

*** Epoch 1, batch 384/520 ***
Training fitness: 0.9660377358490566
Model size: (12, 19)
Validation fitness: 0.9293676725126163 
Elapsed: 1.8500304222106934

*** Epoch 1, batch 385/520 ***
Training fitness: 0.9384921272415345
Model size: (12, 19)
Validation fitness: 0.9340228191725984 
Elapsed: 1.8774759769439697

*** Epoch 1, batch 386/520 ***
Training fitness: 0.9646325745875092
Model size: (10, 12)
Validation fitness: 0.9233660012814132 
Elapsed: 1.781005620956421

*** Epoch 1, batch 387/520 ***
Training fitness: 0.9252368622299966
Model size: (6, 12)
Validation fitness: 0.9077763030714161 
Elapsed: 1.9197547435760498

*** Epoch 1, batch 388/520 ***
Training fitness: 0.9024002923075988
Model size: (12, 19)
Validation fitness: 0.9340228191725984 
Elapsed: 1.9275774955749512

*** Epoch 1, batch 389/520 ***
Training fitness: 0.9569252476207678
Model size: (12, 19)
Validation fitness: 0.9340228191725984 
Elapsed: 1.8586349487304688

*** Epoch 1, batch 390/520 ***
Training fitness: 0.9179998025069083
Model size: (9, 13)
Validation fitness: 0.9286193720081961 
Elapsed: 1.8396718502044678

*** Epoch 1, batch 391/520 ***
Training fitness: 0.9528591005107008
Model size: (5, 8)
Validation fitness: 0.9254524013480961 
Elapsed: 1.9319045543670654

*** Epoch 1, batch 392/520 ***
Training fitness: 0.9340848875895621
Model size: (5, 8)
Validation fitness: 0.9254524013480961 
Elapsed: 1.9547991752624512

*** Epoch 1, batch 393/520 ***
Training fitness: 0.9360532334817223
Model size: (13, 21)
Validation fitness: 0.9254459780374412 
Elapsed: 1.913891077041626

*** Epoch 1, batch 394/520 ***
Training fitness: 0.9478049539986089
Model size: (12, 19)
Validation fitness: 0.9340228191725984 
Elapsed: 1.9038729667663574

*** Epoch 1, batch 395/520 ***
Training fitness: 0.9235684659074564
Model size: (9, 17)
Validation fitness: 0.9170883460174292 
Elapsed: 1.8812506198883057

*** Epoch 1, batch 396/520 ***
Training fitness: 0.9293359787366183
Model size: (15, 26)
Validation fitness: 0.9035734267141527 
Elapsed: 1.8742315769195557

*** Epoch 1, batch 397/520 ***
Training fitness: 0.9342973038538955
Model size: (12, 18)
Validation fitness: 0.9312421536008175 
Elapsed: 1.8240926265716553

*** Epoch 1, batch 398/520 ***
Training fitness: 0.9449198322524496
Model size: (13, 19)
Validation fitness: 0.9300424741308116 
Elapsed: 1.9465596675872803

*** Epoch 1, batch 399/520 ***
Training fitness: 0.9482294397275297
Model size: (12, 19)
Validation fitness: 0.9234237404852371 
Elapsed: 1.9373090267181396

*** Epoch 1, batch 400/520 ***
Training fitness: 0.91334812212228
Model size: (12, 18)
Validation fitness: 0.9318949502006362 
Elapsed: 1.8729889392852783

*** Epoch 1, batch 401/520 ***
Training fitness: 0.9352477560162343
Model size: (12, 16)
Validation fitness: 0.9246691703749337 
Elapsed: 1.8998665809631348

*** Epoch 1, batch 402/520 ***
Training fitness: 0.9195814438646939
Model size: (5, 8)
Validation fitness: 0.9259442677338604 
Elapsed: 1.8371953964233398

*** Epoch 1, batch 403/520 ***
Training fitness: 0.9572288547838027
Model size: (4, 9)
Validation fitness: 0.9331090768535893 
Elapsed: 1.8522109985351562

*** Epoch 1, batch 404/520 ***
Training fitness: 0.9587955660926923
Model size: (6, 10)
Validation fitness: 0.9213140518450721 
Elapsed: 1.810067892074585

*** Epoch 1, batch 405/520 ***
Training fitness: 0.9328022942912365
Model size: (5, 8)
Validation fitness: 0.9259442677338604 
Elapsed: 1.7988743782043457

*** Epoch 1, batch 406/520 ***
Training fitness: 0.9285649475363422
Model size: (5, 8)
Validation fitness: 0.9259442677338604 
Elapsed: 1.8281655311584473

*** Epoch 1, batch 407/520 ***
Training fitness: 0.9343059781930427
Model size: (6, 13)
Validation fitness: 0.9188264503190647 
Elapsed: 1.7872800827026367

*** Epoch 1, batch 408/520 ***
Training fitness: 0.9247141897958961
Model size: (4, 10)
Validation fitness: 0.9240607484926262 
Elapsed: 1.7691302299499512

*** Epoch 1, batch 409/520 ***
Training fitness: 0.9516706203248596
Model size: (9, 15)
Validation fitness: 0.9326216920332303 
Elapsed: 1.8910555839538574

*** Epoch 1, batch 410/520 ***
Training fitness: 0.9305643525680415
Model size: (4, 9)
Validation fitness: 0.9331090768535893 
Elapsed: 1.8334059715270996

*** Epoch 1, batch 411/520 ***
Training fitness: 0.9557613190952123
Model size: (9, 15)
Validation fitness: 0.9327270318723407 
Elapsed: 1.8666431903839111

*** Epoch 1, batch 412/520 ***
Training fitness: 0.9247852574272734
Model size: (13, 19)
Validation fitness: 0.9219914557388932 
Elapsed: 1.817640781402588

*** Epoch 1, batch 413/520 ***
Training fitness: 0.9333752981024314
Model size: (9, 15)
Validation fitness: 0.9326216920332303 
Elapsed: 2.00323748588562

*** Epoch 1, batch 414/520 ***
Training fitness: 0.9516733106163651
Model size: (8, 15)
Validation fitness: 0.9333096563189784 
Elapsed: 1.9009087085723877

*** Epoch 1, batch 415/520 ***
Training fitness: 0.9175857557798098
Model size: (9, 15)
Validation fitness: 0.9327270318723407 
Elapsed: 1.8612842559814453

*** Epoch 1, batch 416/520 ***
Training fitness: 0.9552235378651874
Model size: (8, 15)
Validation fitness: 0.9333096563189784 
Elapsed: 2.002659320831299

*** Epoch 1, batch 417/520 ***
Training fitness: 0.9516727518418784
Model size: (8, 15)
Validation fitness: 0.9333096563189784 
Elapsed: 2.071375608444214

*** Epoch 1, batch 418/520 ***
Training fitness: 0.9454959242270714
Model size: (12, 20)
Validation fitness: 0.9254293678022127 
Elapsed: 1.8064444065093994

*** Epoch 1, batch 419/520 ***
Training fitness: 0.9595005463257285
Model size: (9, 16)
Validation fitness: 0.9329778833629323 
Elapsed: 1.9029016494750977

*** Epoch 1, batch 420/520 ***
Training fitness: 0.9446494464944649
Model size: (9, 19)
Validation fitness: 0.9326065152217586 
Elapsed: 2.068354845046997

*** Epoch 1, batch 421/520 ***
Training fitness: 0.9431568417620804
Model size: (10, 18)
Validation fitness: 0.9319926249434964 
Elapsed: 1.98537015914917

*** Epoch 1, batch 422/520 ***
Training fitness: 0.9377289377325089
Model size: (9, 19)
Validation fitness: 0.9326065152217586 
Elapsed: 2.1850972175598145

*** Epoch 1, batch 423/520 ***
Training fitness: 0.9659214026599222
Model size: (8, 15)
Validation fitness: 0.9333096563189784 
Elapsed: 2.1015286445617676

*** Epoch 1, batch 424/520 ***
Training fitness: 0.9293963253998297
Model size: (9, 19)
Validation fitness: 0.9326065152217586 
Elapsed: 2.0933213233947754

*** Epoch 1, batch 425/520 ***
Training fitness: 0.9381408790839252
Model size: (9, 19)
Validation fitness: 0.9326065152217586 
Elapsed: 2.058232307434082

*** Epoch 1, batch 426/520 ***
Training fitness: 0.937728445359818
Model size: (9, 19)
Validation fitness: 0.933051846242298 
Elapsed: 2.1341843605041504

*** Epoch 1, batch 427/520 ***
Training fitness: 0.9202697037375877
Model size: (6, 11)
Validation fitness: 0.9251838816302035 
Elapsed: 1.8969495296478271

*** Epoch 1, batch 428/520 ***
Training fitness: 0.9410375731918368
Model size: (8, 15)
Validation fitness: 0.9333096563189784 
Elapsed: 2.006786823272705

*** Epoch 1, batch 429/520 ***
Training fitness: 0.9478807383425512
Model size: (4, 9)
Validation fitness: 0.9250545037347004 
Elapsed: 2.025819778442383

*** Epoch 1, batch 430/520 ***
Training fitness: 0.9175469811391666
Model size: (9, 19)
Validation fitness: 0.933051846242298 
Elapsed: 2.1677045822143555

*** Epoch 1, batch 431/520 ***
Training fitness: 0.9261378161607737
Model size: (7, 15)
Validation fitness: 0.9287336465225595 
Elapsed: 2.0506045818328857

*** Epoch 1, batch 432/520 ***
Training fitness: 0.9208633093526298
Model size: (9, 19)
Validation fitness: 0.933051846242298 
Elapsed: 2.3576598167419434

*** Epoch 1, batch 433/520 ***
Training fitness: 0.9437040307261205
Model size: (10, 21)
Validation fitness: 0.933131101825822 
Elapsed: 2.1967759132385254

*** Epoch 1, batch 434/520 ***
Training fitness: 0.9516232154785862
Model size: (9, 19)
Validation fitness: 0.933051846242298 
Elapsed: 2.2463786602020264

*** Epoch 1, batch 435/520 ***
Training fitness: 0.9481420992954018
Model size: (9, 19)
Validation fitness: 0.933051846242298 
Elapsed: 2.192432403564453

*** Epoch 1, batch 436/520 ***
Training fitness: 0.9210004173594273
Model size: (10, 21)
Validation fitness: 0.933131101825822 
Elapsed: 2.1486599445343018

*** Epoch 1, batch 437/520 ***
Training fitness: 0.9405229502473534
Model size: (5, 10)
Validation fitness: 0.9269641578907115 
Elapsed: 1.8962013721466064

*** Epoch 1, batch 438/520 ***
Training fitness: 0.9327001557173913
Model size: (11, 18)
Validation fitness: 0.9269652597621836 
Elapsed: 1.933791160583496

*** Epoch 1, batch 439/520 ***
Training fitness: 0.9588014981273408
Model size: (7, 16)
Validation fitness: 0.9251189740416454 
Elapsed: 2.114671468734741

*** Epoch 1, batch 440/520 ***
Training fitness: 0.9175248155163268
Model size: (12, 18)
Validation fitness: 0.9265245788243348 
Elapsed: 2.10825777053833

*** Epoch 1, batch 441/520 ***
Training fitness: 0.9411764705882353
Model size: (6, 10)
Validation fitness: 0.9281652703069708 
Elapsed: 1.9403893947601318

*** Epoch 1, batch 442/520 ***
Training fitness: 0.940652638074097
Model size: (7, 15)
Validation fitness: 0.9289831551603515 
Elapsed: 2.163653612136841

*** Epoch 1, batch 443/520 ***
Training fitness: 0.9379783502498095
Model size: (6, 10)
Validation fitness: 0.931916802389794 
Elapsed: 2.02966570854187

*** Epoch 1, batch 444/520 ***
Training fitness: 0.9531493591840269
Model size: (7, 12)
Validation fitness: 0.926848794568135 
Elapsed: 1.998901605606079

*** Epoch 1, batch 445/520 ***
Training fitness: 0.9196800138238733
Model size: (6, 9)
Validation fitness: 0.9211943338315756 
Elapsed: 1.8980841636657715

*** Epoch 1, batch 446/520 ***
Training fitness: 0.9402063427250602
Model size: (6, 9)
Validation fitness: 0.9216044830678995 
Elapsed: 1.962859869003296

*** Epoch 1, batch 447/520 ***
Training fitness: 0.9532252642265789
Model size: (9, 11)
Validation fitness: 0.9258688327976236 
Elapsed: 2.0270705223083496

*** Epoch 1, batch 448/520 ***
Training fitness: 0.924187725631769
Model size: (12, 19)
Validation fitness: 0.9034467711870207 
Elapsed: 2.1432158946990967

*** Epoch 1, batch 449/520 ***
Training fitness: 0.922339049249286
Model size: (9, 11)
Validation fitness: 0.9258688327976236 
Elapsed: 2.00039005279541

*** Epoch 1, batch 450/520 ***
Training fitness: 0.9501885567354358
Model size: (6, 10)
Validation fitness: 0.931916802389794 
Elapsed: 1.924630880355835

*** Epoch 1, batch 451/520 ***
Training fitness: 0.9408321461568689
Model size: (7, 13)
Validation fitness: 0.925113161670271 
Elapsed: 2.038008451461792

*** Epoch 1, batch 452/520 ***
Training fitness: 0.9384279340954055
Model size: (8, 16)
Validation fitness: 0.9271457947631527 
Elapsed: 2.0927157402038574

*** Epoch 1, batch 453/520 ***
Training fitness: 0.9257141735225793
Model size: (6, 10)
Validation fitness: 0.931916802389794 
Elapsed: 1.9457261562347412

*** Epoch 1, batch 454/520 ***
Training fitness: 0.9394860121331045
Model size: (11, 22)
Validation fitness: 0.923378547525987 
Elapsed: 1.9428014755249023

*** Epoch 1, batch 455/520 ***
Training fitness: 0.9342715332798831
Model size: (5, 9)
Validation fitness: 0.9288027987556272 
Elapsed: 1.9686267375946045

*** Epoch 1, batch 456/520 ***
Training fitness: 0.9525142218167977
Model size: (6, 10)
Validation fitness: 0.931916802389794 
Elapsed: 2.0431385040283203

*** Epoch 1, batch 457/520 ***
Training fitness: 0.9473683501353718
Model size: (6, 9)
Validation fitness: 0.9321516416951882 
Elapsed: 2.1795756816864014

*** Epoch 1, batch 458/520 ***
Training fitness: 0.9358305205471619
Model size: (7, 14)
Validation fitness: 0.9307797846745376 
Elapsed: 2.0775604248046875

*** Epoch 1, batch 459/520 ***
Training fitness: 0.9521685534618769
Model size: (6, 10)
Validation fitness: 0.9319217866273418 
Elapsed: 2.1204121112823486

*** Epoch 1, batch 460/520 ***
Training fitness: 0.9362219890930038
Model size: (8, 12)
Validation fitness: 0.9083545881773147 
Elapsed: 2.057690143585205

*** Epoch 1, batch 461/520 ***
Training fitness: 0.9407727027850767
Model size: (7, 14)
Validation fitness: 0.9307797846745376 
Elapsed: 2.053349018096924

*** Epoch 1, batch 462/520 ***
Training fitness: 0.9220813269821245
Model size: (8, 17)
Validation fitness: 0.9143279574124922 
Elapsed: 2.2076563835144043

*** Epoch 1, batch 463/520 ***
Training fitness: 0.9152003880530407
Model size: (7, 11)
Validation fitness: 0.9331312751447111 
Elapsed: 2.107537269592285

*** Epoch 1, batch 464/520 ***
Training fitness: 0.9384288860250468
Model size: (7, 11)
Validation fitness: 0.9331312751447111 
Elapsed: 2.1186399459838867

*** Epoch 1, batch 465/520 ***
Training fitness: 0.934985186611304
Model size: (12, 25)
Validation fitness: 0.915462974948127 
Elapsed: 2.066378355026245

*** Epoch 1, batch 466/520 ***
Training fitness: 0.9446036088281219
Model size: (6, 10)
Validation fitness: 0.9275323447641945 
Elapsed: 2.0602259635925293

*** Epoch 1, batch 467/520 ***
Training fitness: 0.9585100541864922
Model size: (7, 14)
Validation fitness: 0.9307797846745376 
Elapsed: 2.1076364517211914

*** Epoch 1, batch 468/520 ***
Training fitness: 0.9435382654782047
Model size: (11, 23)
Validation fitness: 0.9152717644457928 
Elapsed: 2.037083387374878

*** Epoch 1, batch 469/520 ***
Training fitness: 0.9410488267780844
Model size: (7, 13)
Validation fitness: 0.9325030866916614 
Elapsed: 2.0637714862823486

*** Epoch 1, batch 470/520 ***
Training fitness: 0.9540998426691101
Model size: (6, 10)
Validation fitness: 0.9289387314891929 
Elapsed: 1.9442288875579834

*** Epoch 1, batch 471/520 ***
Training fitness: 0.9564306861867768
Model size: (7, 13)
Validation fitness: 0.9339547710017942 
Elapsed: 2.065943479537964

*** Epoch 1, batch 472/520 ***
Training fitness: 0.9469464040344514
Model size: (6, 10)
Validation fitness: 0.9311364811073288 
Elapsed: 1.975175142288208

*** Epoch 1, batch 473/520 ***
Training fitness: 0.9395136388715326
Model size: (7, 13)
Validation fitness: 0.9339547710017942 
Elapsed: 2.375495672225952

*** Epoch 1, batch 474/520 ***
Training fitness: 0.9275362446242038
Model size: (8, 12)
Validation fitness: 0.9310693470018605 
Elapsed: 2.0057930946350098

*** Epoch 1, batch 475/520 ***
Training fitness: 0.9313575840525851
Model size: (6, 10)
Validation fitness: 0.9305517950620326 
Elapsed: 1.8606445789337158

*** Epoch 1, batch 476/520 ***
Training fitness: 0.9308950515542396
Model size: (9, 15)
Validation fitness: 0.9338546842214963 
Elapsed: 1.8530220985412598

*** Epoch 1, batch 477/520 ***
Training fitness: 0.9364241801742169
Model size: (6, 10)
Validation fitness: 0.9305517950620326 
Elapsed: 1.8777730464935303

*** Epoch 1, batch 478/520 ***
Training fitness: 0.9423516627928716
Model size: (7, 13)
Validation fitness: 0.9318070768205423 
Elapsed: 1.9098453521728516

*** Epoch 1, batch 479/520 ***
Training fitness: 0.9446461562388748
Model size: (10, 17)
Validation fitness: 0.9306136279622809 
Elapsed: 1.9429328441619873

*** Epoch 1, batch 480/520 ***
Training fitness: 0.9349342686954817
Model size: (7, 11)
Validation fitness: 0.9200737473418885 
Elapsed: 2.0647764205932617

*** Epoch 1, batch 481/520 ***
Training fitness: 0.9232208529690582
Model size: (6, 10)
Validation fitness: 0.9305517950620326 
Elapsed: 2.049156904220581

*** Epoch 1, batch 482/520 ***
Training fitness: 0.9283452298870895
Model size: (6, 10)
Validation fitness: 0.9305517950620326 
Elapsed: 1.9440770149230957

*** Epoch 1, batch 483/520 ***
Training fitness: 0.9481273901634699
Model size: (10, 16)
Validation fitness: 0.9336225339128285 
Elapsed: 1.9170024394989014

*** Epoch 1, batch 484/520 ***
Training fitness: 0.955282392624021
Model size: (7, 13)
Validation fitness: 0.9318070768205423 
Elapsed: 1.9721145629882812

*** Epoch 1, batch 485/520 ***
Training fitness: 0.9602235635594247
Model size: (5, 11)
Validation fitness: 0.9258329722217586 
Elapsed: 2.02400803565979

*** Epoch 1, batch 486/520 ***
Training fitness: 0.927536231884059
Model size: (10, 16)
Validation fitness: 0.9333677874790081 
Elapsed: 1.8841073513031006

*** Epoch 1, batch 487/520 ***
Training fitness: 0.9401115892805162
Model size: (7, 13)
Validation fitness: 0.9318070768205423 
Elapsed: 2.0208775997161865

*** Epoch 1, batch 488/520 ***
Training fitness: 0.955806903725083
Model size: (6, 13)
Validation fitness: 0.9253617810113517 
Elapsed: 2.079810857772827

*** Epoch 1, batch 489/520 ***
Training fitness: 0.9652120820909612
Model size: (8, 14)
Validation fitness: 0.935827428509476 
Elapsed: 2.1652989387512207

*** Epoch 1, batch 490/520 ***
Training fitness: 0.9127019173155443
Model size: (6, 13)
Validation fitness: 0.9253617810113517 
Elapsed: 2.0596444606781006

*** Epoch 1, batch 491/520 ***
Training fitness: 0.9658481415938506
Model size: (10, 18)
Validation fitness: 0.9262150939469188 
Elapsed: 2.183300256729126

*** Epoch 1, batch 492/520 ***
Training fitness: 0.9506678937661698
Model size: (8, 14)
Validation fitness: 0.935827428509476 
Elapsed: 2.080051898956299

*** Epoch 1, batch 493/520 ***
Training fitness: 0.940041940597169
Model size: (6, 13)
Validation fitness: 0.9253617810113517 
Elapsed: 2.1683201789855957

*** Epoch 1, batch 494/520 ***
Training fitness: 0.9409794046367367
Model size: (8, 14)
Validation fitness: 0.935827428509476 
Elapsed: 2.0518949031829834

*** Epoch 1, batch 495/520 ***
Training fitness: 0.9432186682672692
Model size: (8, 15)
Validation fitness: 0.9362723801320949 
Elapsed: 1.9467449188232422

*** Epoch 1, batch 496/520 ***
Training fitness: 0.9564406144522207
Model size: (8, 15)
Validation fitness: 0.9362723801320949 
Elapsed: 3.154047966003418

*** Epoch 1, batch 497/520 ***
Training fitness: 0.9331591998134062
Model size: (8, 13)
Validation fitness: 0.9427211697914261 !!!
Elapsed: 4.052122354507446

*** Epoch 1, batch 498/520 ***
Training fitness: 0.9500194348321164
Model size: (8, 13)
Validation fitness: 0.9427211697914261 
Elapsed: 4.0005574226379395

*** Epoch 1, batch 499/520 ***
Training fitness: 0.9388893371350772
Model size: (8, 13)
Validation fitness: 0.9427211697914261 
Elapsed: 4.125047206878662

*** Epoch 1, batch 500/520 ***
Training fitness: 0.9281986892742732
Model size: (8, 13)
Validation fitness: 0.9427211697914261 
Elapsed: 4.065151691436768

*** Epoch 1, batch 501/520 ***
Training fitness: 0.9211392801031176
Model size: (8, 13)
Validation fitness: 0.9427211697914261 
Elapsed: 4.164140939712524

*** Epoch 1, batch 502/520 ***
Training fitness: 0.9533151120556173
Model size: (8, 13)
Validation fitness: 0.9427211697914261 
Elapsed: 4.048588514328003

*** Epoch 1, batch 503/520 ***
Training fitness: 0.9538859590844221
Model size: (11, 18)
Validation fitness: 0.9139843823433013 
Elapsed: 4.416282415390015

*** Epoch 1, batch 504/520 ***
Training fitness: 0.9325239950788113
Model size: (11, 21)
Validation fitness: 0.9217775315862764 
Elapsed: 4.388469457626343

*** Epoch 1, batch 505/520 ***
Training fitness: 0.9561404089040579
Model size: (9, 18)
Validation fitness: 0.9344906005512487 
Elapsed: 4.3140082359313965

*** Epoch 1, batch 506/520 ***
Training fitness: 0.9452028253010132
Model size: (8, 13)
Validation fitness: 0.9427211697914261 
Elapsed: 4.204747676849365

*** Epoch 1, batch 507/520 ***
Training fitness: 0.9544203562688541
Model size: (9, 18)
Validation fitness: 0.9352017286216934 
Elapsed: 4.291071891784668

*** Epoch 1, batch 508/520 ***
Training fitness: 0.9378533584811712
Model size: (10, 18)
Validation fitness: 0.9263712014239527 
Elapsed: 4.172919988632202

*** Epoch 1, batch 509/520 ***
Training fitness: 0.9207874833931994
Model size: (9, 18)
Validation fitness: 0.9352017286216934 
Elapsed: 4.110128164291382

*** Epoch 1, batch 510/520 ***
Training fitness: 0.9411232714211006
Model size: (12, 23)
Validation fitness: 0.9220186012941052 
Elapsed: 4.511242628097534

*** Epoch 1, batch 511/520 ***
Training fitness: 0.933531588350424
Model size: (11, 9)
Validation fitness: 0.933210248515975 
Elapsed: 4.138954401016235

*** Epoch 1, batch 512/520 ***
Training fitness: 0.9548605426840749
Model size: (11, 9)
Validation fitness: 0.933210248515975 
Elapsed: 4.299055337905884

*** Epoch 1, batch 513/520 ***
Training fitness: 0.939721193625146
Model size: (12, 14)
Validation fitness: 0.9326840130645787 
Elapsed: 4.104278802871704

*** Epoch 1, batch 514/520 ***
Training fitness: 0.9538935776747238
Model size: (10, 17)
Validation fitness: 0.9317826821199454 
Elapsed: 3.8514060974121094

*** Epoch 1, batch 515/520 ***
Training fitness: 0.9430104759537554
Model size: (17, 19)
Validation fitness: 0.9283363482815145 
Elapsed: 3.8514957427978516

*** Epoch 1, batch 516/520 ***
Training fitness: 0.9295792263559929
Model size: (11, 10)
Validation fitness: 0.9266749423070998 
Elapsed: 3.758415699005127

*** Epoch 1, batch 517/520 ***
Training fitness: 0.9221229932291762
Model size: (9, 10)
Validation fitness: 0.9241727017591067 
Elapsed: 3.8796417713165283

*** Epoch 1, batch 518/520 ***
Training fitness: 0.9474549815124026
Model size: (10, 17)
Validation fitness: 0.9319664105240875 
Elapsed: 3.9135994911193848

*** Epoch 1, batch 519/520 ***
Training fitness: 0.9390975373732251
Model size: (18, 20)
Validation fitness: 0.9330798867601512 
Elapsed: 3.994999647140503

*** Epoch 1, batch 520/520 ***
Training fitness: 0.9221753520362503
Model size: (16, 16)
Validation fitness: 0.9302280746753799 
Elapsed: 3.9294686317443848

Total train time: 1177.4751658439636
Test time: 0.45249056816101074
Test fitness: 0.9424742531235909
Test statistics: Stats(total=14791, total_true=7158, total_false=7633, true_positive=6401, true_negative=7442, false_positive=191, false_negative=757, tpr=0.8942442022911428, tnr=0.9749770732346391, ppv=0.9710254854368932, npv=0.9076716672764972, accuracy=0.9359069704550064, f1=0.9310545454545455, mcc=0.8739463712851068)
