Configuration:
Dataset: nsl_kdd
Selector: pca
Fold: 5
Fitness: mcc
Batch size: 512
Epochs: 1
Config args: {}
*** Epoch 1, batch 1/260 ***
Training fitness: 0.7695515358818271
Model size: (1, 12)
Validation fitness: 0.7731238736511652 !!!
Elapsed: 3.8246726989746094

*** Epoch 1, batch 2/260 ***
Training fitness: 0.8045562018233253
Model size: (1, 12)
Validation fitness: 0.7731238736511652 
Elapsed: 6.726599454879761

*** Epoch 1, batch 3/260 ***
Training fitness: 0.8107325677546183
Model size: (2, 12)
Validation fitness: 0.788840816362725 !!!
Elapsed: 7.039665937423706

*** Epoch 1, batch 4/260 ***
Training fitness: 0.8101628670405394
Model size: (3, 14)
Validation fitness: 0.8164322504768399 !!!
Elapsed: 7.094541788101196

*** Epoch 1, batch 5/260 ***
Training fitness: 0.8460471980627666
Model size: (3, 13)
Validation fitness: 0.8471013077445025 !!!
Elapsed: 7.646468162536621

*** Epoch 1, batch 6/260 ***
Training fitness: 0.8413566965719458
Model size: (4, 14)
Validation fitness: 0.8173980147041597 
Elapsed: 7.312919616699219

*** Epoch 1, batch 7/260 ***
Training fitness: 0.8216985714695301
Model size: (1, 11)
Validation fitness: 0.8249457158586916 
Elapsed: 7.588545799255371

*** Epoch 1, batch 8/260 ***
Training fitness: 0.811253169265509
Model size: (3, 14)
Validation fitness: 0.8084884827716782 
Elapsed: 8.003971099853516

*** Epoch 1, batch 9/260 ***
Training fitness: 0.808392048357237
Model size: (2, 11)
Validation fitness: 0.7991028688123447 
Elapsed: 4.132315158843994

*** Epoch 1, batch 10/260 ***
Training fitness: 0.8142464343046967
Model size: (3, 13)
Validation fitness: 0.8471013077445025 
Elapsed: 4.132399559020996

*** Epoch 1, batch 11/260 ***
Training fitness: 0.8504881419233303
Model size: (4, 14)
Validation fitness: 0.8580719101555014 !!!
Elapsed: 4.2261316776275635

*** Epoch 1, batch 12/260 ***
Training fitness: 0.8609207219869681
Model size: (4, 14)
Validation fitness: 0.8580719101555014 
Elapsed: 4.222784042358398

*** Epoch 1, batch 13/260 ***
Training fitness: 0.8449525354345196
Model size: (3, 13)
Validation fitness: 0.8471013077445025 
Elapsed: 4.155607461929321

*** Epoch 1, batch 14/260 ***
Training fitness: 0.8673528685608924
Model size: (1, 5)
Validation fitness: 0.8455395111983013 
Elapsed: 4.0570526123046875

*** Epoch 1, batch 15/260 ***
Training fitness: 0.8367042008460931
Model size: (4, 14)
Validation fitness: 0.8580719101555014 
Elapsed: 4.17014741897583

*** Epoch 1, batch 16/260 ***
Training fitness: 0.8670870605768826
Model size: (4, 14)
Validation fitness: 0.8580719101555014 
Elapsed: 4.152099132537842

*** Epoch 1, batch 17/260 ***
Training fitness: 0.8370039100446777
Model size: (7, 22)
Validation fitness: 0.8207062205592762 
Elapsed: 4.138223648071289

*** Epoch 1, batch 18/260 ***
Training fitness: 0.874316981898682
Model size: (3, 13)
Validation fitness: 0.8471013077445025 
Elapsed: 4.018943786621094

*** Epoch 1, batch 19/260 ***
Training fitness: 0.851827724261969
Model size: (6, 18)
Validation fitness: 0.8152305722677963 
Elapsed: 4.299308776855469

*** Epoch 1, batch 20/260 ***
Training fitness: 0.8806277488497447
Model size: (2, 6)
Validation fitness: 0.8666606291086945 !!!
Elapsed: 4.042827844619751

*** Epoch 1, batch 21/260 ***
Training fitness: 0.8686889403678221
Model size: (2, 6)
Validation fitness: 0.8666606291086945 
Elapsed: 3.9846065044403076

*** Epoch 1, batch 22/260 ***
Training fitness: 0.8571024451877044
Model size: (2, 6)
Validation fitness: 0.8666606291086945 
Elapsed: 3.983246326446533

*** Epoch 1, batch 23/260 ***
Training fitness: 0.8796226744863673
Model size: (1, 7)
Validation fitness: 0.8493973561285127 
Elapsed: 3.9661924839019775

*** Epoch 1, batch 24/260 ***
Training fitness: 0.8743578261603423
Model size: (2, 6)
Validation fitness: 0.858814423485661 
Elapsed: 3.9279606342315674

*** Epoch 1, batch 25/260 ***
Training fitness: 0.8686781274280053
Model size: (2, 6)
Validation fitness: 0.8666606291086945 
Elapsed: 3.9505717754364014

*** Epoch 1, batch 26/260 ***
Training fitness: 0.8754408244206365
Model size: (4, 13)
Validation fitness: 0.8510347399633363 
Elapsed: 4.113304138183594

*** Epoch 1, batch 27/260 ***
Training fitness: 0.8540059796300716
Model size: (4, 11)
Validation fitness: 0.8698514023428724 !!!
Elapsed: 4.019597053527832

*** Epoch 1, batch 28/260 ***
Training fitness: 0.8944387405946149
Model size: (2, 6)
Validation fitness: 0.8666606291086945 
Elapsed: 4.054977178573608

*** Epoch 1, batch 29/260 ***
Training fitness: 0.8747876535231836
Model size: (2, 6)
Validation fitness: 0.8666606291086945 
Elapsed: 4.017554044723511

*** Epoch 1, batch 30/260 ***
Training fitness: 0.8884547556357434
Model size: (5, 13)
Validation fitness: 0.8695877455436954 
Elapsed: 4.12414813041687

*** Epoch 1, batch 31/260 ***
Training fitness: 0.8873207030244782
Model size: (5, 13)
Validation fitness: 0.8695877455436954 
Elapsed: 4.0999369621276855

*** Epoch 1, batch 32/260 ***
Training fitness: 0.8786509578269228
Model size: (2, 6)
Validation fitness: 0.8666606291086945 
Elapsed: 4.341147422790527

*** Epoch 1, batch 33/260 ***
Training fitness: 0.9074841172062919
Model size: (5, 13)
Validation fitness: 0.8695877455436954 
Elapsed: 4.152002573013306

*** Epoch 1, batch 34/260 ***
Training fitness: 0.8902160151141082
Model size: (4, 12)
Validation fitness: 0.8178899944582092 
Elapsed: 4.094989776611328

*** Epoch 1, batch 35/260 ***
Training fitness: 0.8784795633199806
Model size: (2, 6)
Validation fitness: 0.8666606291086945 
Elapsed: 3.95196795463562

*** Epoch 1, batch 36/260 ***
Training fitness: 0.8797583645075041
Model size: (2, 5)
Validation fitness: 0.8654533851091166 
Elapsed: 4.035146474838257

*** Epoch 1, batch 37/260 ***
Training fitness: 0.883395401377275
Model size: (4, 15)
Validation fitness: 0.8587272516947987 
Elapsed: 4.115742921829224

*** Epoch 1, batch 38/260 ***
Training fitness: 0.8500096327960558
Model size: (2, 5)
Validation fitness: 0.8654533851091166 
Elapsed: 4.121977806091309

*** Epoch 1, batch 39/260 ***
Training fitness: 0.8470709837647268
Model size: (2, 5)
Validation fitness: 0.8654533851091166 
Elapsed: 3.9038658142089844

*** Epoch 1, batch 40/260 ***
Training fitness: 0.8647669972584501
Model size: (2, 6)
Validation fitness: 0.8438608681016012 
Elapsed: 4.071292400360107

*** Epoch 1, batch 41/260 ***
Training fitness: 0.9064841821927511
Model size: (5, 17)
Validation fitness: 0.8665150411562926 
Elapsed: 4.204731225967407

*** Epoch 1, batch 42/260 ***
Training fitness: 0.8718885573471882
Model size: (5, 17)
Validation fitness: 0.8665150411562926 
Elapsed: 4.454018831253052

*** Epoch 1, batch 43/260 ***
Training fitness: 0.8655426131277207
Model size: (2, 5)
Validation fitness: 0.8654533851091166 
Elapsed: 4.146775722503662

*** Epoch 1, batch 44/260 ***
Training fitness: 0.8828053319631785
Model size: (5, 17)
Validation fitness: 0.8665150411562926 
Elapsed: 4.273574113845825

*** Epoch 1, batch 45/260 ***
Training fitness: 0.8928103943514635
Model size: (5, 13)
Validation fitness: 0.8695877455436954 
Elapsed: 4.157916784286499

*** Epoch 1, batch 46/260 ***
Training fitness: 0.8692202269961773
Model size: (2, 5)
Validation fitness: 0.8654533851091166 
Elapsed: 3.992776393890381

*** Epoch 1, batch 47/260 ***
Training fitness: 0.8719847004561774
Model size: (2, 6)
Validation fitness: 0.8671433910793019 
Elapsed: 4.082379341125488

*** Epoch 1, batch 48/260 ***
Training fitness: 0.8557867566731262
Model size: (2, 5)
Validation fitness: 0.8654533851091166 
Elapsed: 4.224323272705078

*** Epoch 1, batch 49/260 ***
Training fitness: 0.8854008691496712
Model size: (7, 18)
Validation fitness: 0.8646963249399149 
Elapsed: 4.369084596633911

*** Epoch 1, batch 50/260 ***
Training fitness: 0.8740532959758703
Model size: (3, 9)
Validation fitness: 0.8714352273531176 !!!
Elapsed: 4.298275709152222

*** Epoch 1, batch 51/260 ***
Training fitness: 0.854619987463644
Model size: (2, 6)
Validation fitness: 0.8686491779658974 
Elapsed: 4.079861164093018

*** Epoch 1, batch 52/260 ***
Training fitness: 0.8532597523323971
Model size: (2, 5)
Validation fitness: 0.8646195245024092 
Elapsed: 4.331427574157715

*** Epoch 1, batch 53/260 ***
Training fitness: 0.8615440690245052
Model size: (2, 7)
Validation fitness: 0.8495601209045601 
Elapsed: 4.15615439414978

*** Epoch 1, batch 54/260 ***
Training fitness: 0.8661590631637609
Model size: (4, 11)
Validation fitness: 0.8725161015503519 !!!
Elapsed: 4.273959398269653

*** Epoch 1, batch 55/260 ***
Training fitness: 0.8506109630395745
Model size: (4, 11)
Validation fitness: 0.8725161015503519 
Elapsed: 4.285416603088379

*** Epoch 1, batch 56/260 ***
Training fitness: 0.8754654834382124
Model size: (4, 11)
Validation fitness: 0.8725161015503519 
Elapsed: 4.2532148361206055

*** Epoch 1, batch 57/260 ***
Training fitness: 0.9338223816639213
Model size: (4, 11)
Validation fitness: 0.8725161015503519 
Elapsed: 4.1482627391815186

*** Epoch 1, batch 58/260 ***
Training fitness: 0.8681737550711617
Model size: (4, 11)
Validation fitness: 0.8725161015503519 
Elapsed: 4.199369192123413

*** Epoch 1, batch 59/260 ***
Training fitness: 0.8489978378274846
Model size: (2, 7)
Validation fitness: 0.8448375781436701 
Elapsed: 4.202630043029785

*** Epoch 1, batch 60/260 ***
Training fitness: 0.8987182103012133
Model size: (3, 8)
Validation fitness: 0.8385956910228511 
Elapsed: 4.143353700637817

*** Epoch 1, batch 61/260 ***
Training fitness: 0.8770338481771103
Model size: (4, 11)
Validation fitness: 0.8725161015503519 
Elapsed: 4.4876320362091064

*** Epoch 1, batch 62/260 ***
Training fitness: 0.8617220999284116
Model size: (4, 11)
Validation fitness: 0.8725161015503519 
Elapsed: 4.272724151611328

*** Epoch 1, batch 63/260 ***
Training fitness: 0.8745413316197198
Model size: (3, 8)
Validation fitness: 0.8682812308509888 
Elapsed: 4.135220766067505

*** Epoch 1, batch 64/260 ***
Training fitness: 0.8749996061395743
Model size: (4, 9)
Validation fitness: 0.8489531919445833 
Elapsed: 4.096923351287842

*** Epoch 1, batch 65/260 ***
Training fitness: 0.876035865925139
Model size: (3, 8)
Validation fitness: 0.8682812308509888 
Elapsed: 4.143141746520996

*** Epoch 1, batch 66/260 ***
Training fitness: 0.8327123150660154
Model size: (4, 10)
Validation fitness: 0.8546621891057052 
Elapsed: 3.9904863834381104

*** Epoch 1, batch 67/260 ***
Training fitness: 0.8428400969343035
Model size: (4, 10)
Validation fitness: 0.8546621891057052 
Elapsed: 4.067631959915161

*** Epoch 1, batch 68/260 ***
Training fitness: 0.8755624972608675
Model size: (4, 10)
Validation fitness: 0.8546621891057052 
Elapsed: 4.045758008956909

*** Epoch 1, batch 69/260 ***
Training fitness: 0.8791784783263487
Model size: (3, 9)
Validation fitness: 0.8369952479369781 
Elapsed: 4.0283496379852295

*** Epoch 1, batch 70/260 ***
Training fitness: 0.8401489183673224
Model size: (3, 11)
Validation fitness: 0.8296882134018806 
Elapsed: 4.195115089416504

*** Epoch 1, batch 71/260 ***
Training fitness: 0.837386474037333
Model size: (9, 19)
Validation fitness: 0.8295622513757019 
Elapsed: 4.281701564788818

*** Epoch 1, batch 72/260 ***
Training fitness: 0.8514897316481138
Model size: (3, 9)
Validation fitness: 0.8373153900314412 
Elapsed: 4.123726844787598

*** Epoch 1, batch 73/260 ***
Training fitness: 0.8241445403865661
Model size: (7, 13)
Validation fitness: 0.8372141464646714 
Elapsed: 3.9781062602996826

*** Epoch 1, batch 74/260 ***
Training fitness: 0.8195451330514962
Model size: (6, 12)
Validation fitness: 0.8328461369943764 
Elapsed: 4.04033899307251

*** Epoch 1, batch 75/260 ***
Training fitness: 0.840306698745376
Model size: (5, 14)
Validation fitness: 0.8359468691512636 
Elapsed: 4.079684257507324

*** Epoch 1, batch 76/260 ***
Training fitness: 0.8405221646901212
Model size: (8, 16)
Validation fitness: 0.8194866099480066 
Elapsed: 3.921185255050659

*** Epoch 1, batch 77/260 ***
Training fitness: 0.8366776806917494
Model size: (7, 12)
Validation fitness: 0.8334221529381552 
Elapsed: 3.9997642040252686

*** Epoch 1, batch 78/260 ***
Training fitness: 0.8435848395497588
Model size: (10, 20)
Validation fitness: 0.8373789115416711 
Elapsed: 3.996511936187744

*** Epoch 1, batch 79/260 ***
Training fitness: 0.8563194193404764
Model size: (7, 13)
Validation fitness: 0.8358678060391325 
Elapsed: 3.850111484527588

*** Epoch 1, batch 80/260 ***
Training fitness: 0.8628426150671469
Model size: (7, 13)
Validation fitness: 0.8358678060391325 
Elapsed: 3.8367481231689453

*** Epoch 1, batch 81/260 ***
Training fitness: 0.858433693421067
Model size: (1, 4)
Validation fitness: 0.8309459896165748 
Elapsed: 3.89329195022583

*** Epoch 1, batch 82/260 ***
Training fitness: 0.8421774526967887
Model size: (6, 14)
Validation fitness: 0.7923297310704238 
Elapsed: 3.958533525466919

*** Epoch 1, batch 83/260 ***
Training fitness: 0.8405759915114095
Model size: (3, 8)
Validation fitness: 0.8389567733672102 
Elapsed: 3.718919038772583

*** Epoch 1, batch 84/260 ***
Training fitness: 0.8181869394737986
Model size: (6, 12)
Validation fitness: 0.8216808280265451 
Elapsed: 3.5208635330200195

*** Epoch 1, batch 85/260 ***
Training fitness: 0.8395269496095502
Model size: (3, 7)
Validation fitness: 0.8372467842593694 
Elapsed: 3.553999662399292

*** Epoch 1, batch 86/260 ***
Training fitness: 0.8600505459231553
Model size: (3, 7)
Validation fitness: 0.8372467842593694 
Elapsed: 3.613286018371582

*** Epoch 1, batch 87/260 ***
Training fitness: 0.853639002868853
Model size: (10, 22)
Validation fitness: 0.8525442286230701 
Elapsed: 3.817533254623413

*** Epoch 1, batch 88/260 ***
Training fitness: 0.8648487175599145
Model size: (4, 8)
Validation fitness: 0.8305195543234097 
Elapsed: 3.7332985401153564

*** Epoch 1, batch 89/260 ***
Training fitness: 0.8594012272442952
Model size: (2, 5)
Validation fitness: 0.8056420590518907 
Elapsed: 3.8155996799468994

*** Epoch 1, batch 90/260 ***
Training fitness: 0.8706488670476968
Model size: (11, 24)
Validation fitness: 0.8489711318303755 
Elapsed: 4.045546770095825

*** Epoch 1, batch 91/260 ***
Training fitness: 0.8424231708049446
Model size: (12, 26)
Validation fitness: 0.850711223631387 
Elapsed: 4.140026092529297

*** Epoch 1, batch 92/260 ***
Training fitness: 0.8782591579347739
Model size: (12, 26)
Validation fitness: 0.850711223631387 
Elapsed: 4.199121713638306

*** Epoch 1, batch 93/260 ***
Training fitness: 0.8461144757404221
Model size: (11, 26)
Validation fitness: 0.8572251298445889 
Elapsed: 4.152512073516846

*** Epoch 1, batch 94/260 ***
Training fitness: 0.8616242132867108
Model size: (11, 26)
Validation fitness: 0.8572251298445889 
Elapsed: 4.0956597328186035

*** Epoch 1, batch 95/260 ***
Training fitness: 0.8705308816397797
Model size: (11, 23)
Validation fitness: 0.8687577548045414 
Elapsed: 4.01763391494751

*** Epoch 1, batch 96/260 ***
Training fitness: 0.8855458269070535
Model size: (13, 27)
Validation fitness: 0.8556351039370531 
Elapsed: 4.174483299255371

*** Epoch 1, batch 97/260 ***
Training fitness: 0.8722958826659397
Model size: (12, 25)
Validation fitness: 0.8635311692249008 
Elapsed: 3.9918906688690186

*** Epoch 1, batch 98/260 ***
Training fitness: 0.8542892571664096
Model size: (12, 26)
Validation fitness: 0.8470743745015002 
Elapsed: 4.127306222915649

*** Epoch 1, batch 99/260 ***
Training fitness: 0.8214656176053784
Model size: (5, 13)
Validation fitness: 0.8263530875234892 
Elapsed: 4.148003339767456

*** Epoch 1, batch 100/260 ***
Training fitness: 0.8127679114482986
Model size: (6, 10)
Validation fitness: 0.8247988255123608 
Elapsed: 5.3794190883636475

*** Epoch 1, batch 101/260 ***
Training fitness: 0.852301761418635
Model size: (6, 10)
Validation fitness: 0.8247988255123608 
Elapsed: 7.6845362186431885

*** Epoch 1, batch 102/260 ***
Training fitness: 0.8184481253558111
Model size: (13, 27)
Validation fitness: 0.8427146918740372 
Elapsed: 8.561950445175171

*** Epoch 1, batch 103/260 ***
Training fitness: 0.8803646810646836
Model size: (2, 4)
Validation fitness: 0.8293917200788672 
Elapsed: 7.391052961349487

*** Epoch 1, batch 104/260 ***
Training fitness: 0.8551151308065645
Model size: (6, 10)
Validation fitness: 0.8247988255123608 
Elapsed: 7.270623445510864

*** Epoch 1, batch 105/260 ***
Training fitness: 0.8596904558579415
Model size: (13, 27)
Validation fitness: 0.8427146918740372 
Elapsed: 7.90551233291626

*** Epoch 1, batch 106/260 ***
Training fitness: 0.8592557660613617
Model size: (13, 27)
Validation fitness: 0.8427146918740372 
Elapsed: 8.332650661468506

*** Epoch 1, batch 107/260 ***
Training fitness: 0.8356621379451455
Model size: (7, 14)
Validation fitness: 0.8382813908820529 
Elapsed: 6.782659530639648

*** Epoch 1, batch 108/260 ***
Training fitness: 0.8747692199746168
Model size: (7, 14)
Validation fitness: 0.8382813908820529 
Elapsed: 4.121092796325684

*** Epoch 1, batch 109/260 ***
Training fitness: 0.8711574998276451
Model size: (7, 14)
Validation fitness: 0.8382813908820529 
Elapsed: 3.997664451599121

*** Epoch 1, batch 110/260 ***
Training fitness: 0.8482267575014768
Model size: (3, 10)
Validation fitness: 0.8383983024739814 
Elapsed: 4.549653053283691

*** Epoch 1, batch 111/260 ***
Training fitness: 0.8620490197002904
Model size: (13, 28)
Validation fitness: 0.8445102578272744 
Elapsed: 7.918247222900391

*** Epoch 1, batch 112/260 ***
Training fitness: 0.8760092939652153
Model size: (13, 28)
Validation fitness: 0.8445102578272744 
Elapsed: 7.13659405708313

*** Epoch 1, batch 113/260 ***
Training fitness: 0.852811641421899
Model size: (5, 12)
Validation fitness: 0.8264044773585887 
Elapsed: 8.025266885757446

*** Epoch 1, batch 114/260 ***
Training fitness: 0.8710985185563949
Model size: (7, 14)
Validation fitness: 0.8382813908820529 
Elapsed: 7.58838152885437

*** Epoch 1, batch 115/260 ***
Training fitness: 0.8214233127187617
Model size: (8, 15)
Validation fitness: 0.817544631226714 
Elapsed: 7.489763498306274

*** Epoch 1, batch 116/260 ***
Training fitness: 0.8086074133575472
Model size: (5, 12)
Validation fitness: 0.8264044773585887 
Elapsed: 7.781989336013794

*** Epoch 1, batch 117/260 ***
Training fitness: 0.8432506044572032
Model size: (2, 7)
Validation fitness: 0.8283808415749327 
Elapsed: 7.419000625610352

*** Epoch 1, batch 118/260 ***
Training fitness: 0.8437100048623941
Model size: (3, 10)
Validation fitness: 0.8383983024739814 
Elapsed: 7.347928524017334

*** Epoch 1, batch 119/260 ***
Training fitness: 0.7937359161482025
Model size: (5, 12)
Validation fitness: 0.8264044773585887 
Elapsed: 7.659985303878784

*** Epoch 1, batch 120/260 ***
Training fitness: 0.8011402671633103
Model size: (3, 7)
Validation fitness: 0.8373979237646173 
Elapsed: 7.540545463562012

*** Epoch 1, batch 121/260 ***
Training fitness: 0.884625208969864
Model size: (8, 15)
Validation fitness: 0.8216281504210393 
Elapsed: 7.128163576126099

*** Epoch 1, batch 122/260 ***
Training fitness: 0.8506109630395745
Model size: (5, 12)
Validation fitness: 0.8264044773585887 
Elapsed: 7.4188408851623535

*** Epoch 1, batch 123/260 ***
Training fitness: 0.8188221956053577
Model size: (5, 12)
Validation fitness: 0.8264044773585887 
Elapsed: 7.501397132873535

*** Epoch 1, batch 124/260 ***
Training fitness: 0.8450450802954256
Model size: (4, 7)
Validation fitness: 0.8328849044802886 
Elapsed: 4.1727211475372314

*** Epoch 1, batch 125/260 ***
Training fitness: 0.8462169030714886
Model size: (1, 4)
Validation fitness: 0.799847801392544 
Elapsed: 3.817800998687744

*** Epoch 1, batch 126/260 ***
Training fitness: 0.7865081637743355
Model size: (4, 7)
Validation fitness: 0.8328849044802886 
Elapsed: 3.7845499515533447

*** Epoch 1, batch 127/260 ***
Training fitness: 0.8446422362462797
Model size: (8, 14)
Validation fitness: 0.8435487905936806 
Elapsed: 3.707484245300293

*** Epoch 1, batch 128/260 ***
Training fitness: 0.8390323381298554
Model size: (8, 14)
Validation fitness: 0.8435487905936806 
Elapsed: 3.7662320137023926

*** Epoch 1, batch 129/260 ***
Training fitness: 0.8473160999989763
Model size: (8, 14)
Validation fitness: 0.8435487905936806 
Elapsed: 5.260979413986206

*** Epoch 1, batch 130/260 ***
Training fitness: 0.8429603538394279
Model size: (2, 8)
Validation fitness: 0.81384596571253 
Elapsed: 5.5350446701049805

*** Epoch 1, batch 131/260 ***
Training fitness: 0.8367753674118433
Model size: (8, 14)
Validation fitness: 0.8435487905936806 
Elapsed: 4.252344131469727

*** Epoch 1, batch 132/260 ***
Training fitness: 0.8330412518629401
Model size: (8, 14)
Validation fitness: 0.8435487905936806 
Elapsed: 7.269399642944336

*** Epoch 1, batch 133/260 ***
Training fitness: 0.8123370326194383
Model size: (6, 10)
Validation fitness: 0.8152099325219514 
Elapsed: 7.559726238250732

*** Epoch 1, batch 134/260 ***
Training fitness: 0.8746772346049979
Model size: (4, 8)
Validation fitness: 0.8151309728179278 
Elapsed: 7.153937578201294

*** Epoch 1, batch 135/260 ***
Training fitness: 0.8573612301715849
Model size: (1, 4)
Validation fitness: 0.8146842063214417 
Elapsed: 7.175264596939087

*** Epoch 1, batch 136/260 ***
Training fitness: 0.8050795973171654
Model size: (1, 4)
Validation fitness: 0.8146842063214417 
Elapsed: 7.452924966812134

*** Epoch 1, batch 137/260 ***
Training fitness: 0.8209772148138821
Model size: (5, 9)
Validation fitness: 0.7948902034321979 
Elapsed: 7.757189035415649

*** Epoch 1, batch 138/260 ***
Training fitness: 0.8464797998001783
Model size: (1, 4)
Validation fitness: 0.8146842063214417 
Elapsed: 7.539266347885132

*** Epoch 1, batch 139/260 ***
Training fitness: 0.8515431054663922
Model size: (1, 4)
Validation fitness: 0.8146842063214417 
Elapsed: 7.594983339309692

*** Epoch 1, batch 140/260 ***
Training fitness: 0.829122455802098
Model size: (8, 16)
Validation fitness: 0.8172293284069566 
Elapsed: 7.782314777374268

*** Epoch 1, batch 141/260 ***
Training fitness: 0.8631397543507988
Model size: (7, 16)
Validation fitness: 0.8293878530479818 
Elapsed: 8.150320768356323

*** Epoch 1, batch 142/260 ***
Training fitness: 0.8340023887615979
Model size: (7, 16)
Validation fitness: 0.8293878530479818 
Elapsed: 8.294662714004517

*** Epoch 1, batch 143/260 ***
Training fitness: 0.8519793925843117
Model size: (2, 4)
Validation fitness: 0.8433512894016376 
Elapsed: 7.7147722244262695

*** Epoch 1, batch 144/260 ***
Training fitness: 0.8599869516378277
Model size: (7, 16)
Validation fitness: 0.8293878530479818 
Elapsed: 8.258527517318726

*** Epoch 1, batch 145/260 ***
Training fitness: 0.8805985890420542
Model size: (2, 4)
Validation fitness: 0.8433512894016376 
Elapsed: 7.8187010288238525

*** Epoch 1, batch 146/260 ***
Training fitness: 0.836307496495988
Model size: (4, 8)
Validation fitness: 0.8449100165708845 
Elapsed: 7.682938098907471

*** Epoch 1, batch 147/260 ***
Training fitness: 0.8370911488193276
Model size: (2, 4)
Validation fitness: 0.8433512894016376 
Elapsed: 7.339009046554565

*** Epoch 1, batch 148/260 ***
Training fitness: 0.8058614913855802
Model size: (2, 4)
Validation fitness: 0.8433512894016376 
Elapsed: 7.425877571105957

*** Epoch 1, batch 149/260 ***
Training fitness: 0.8478463865489255
Model size: (2, 4)
Validation fitness: 0.8433512894016376 
Elapsed: 7.52738881111145

*** Epoch 1, batch 150/260 ***
Training fitness: 0.8136310598933236
Model size: (2, 4)
Validation fitness: 0.8433512894016376 
Elapsed: 7.620540380477905

*** Epoch 1, batch 151/260 ***
Training fitness: 0.7966860614307396
Model size: (2, 5)
Validation fitness: 0.8319222991113996 
Elapsed: 7.354155540466309

*** Epoch 1, batch 152/260 ***
Training fitness: 0.8423493891920426
Model size: (7, 16)
Validation fitness: 0.8293878530479818 
Elapsed: 7.969727277755737

*** Epoch 1, batch 153/260 ***
Training fitness: 0.8714666720783628
Model size: (3, 5)
Validation fitness: 0.8402225589084136 
Elapsed: 4.060477256774902

*** Epoch 1, batch 154/260 ***
Training fitness: 0.886748551571956
Model size: (7, 10)
Validation fitness: 0.8354228200705446 
Elapsed: 4.020829677581787

*** Epoch 1, batch 155/260 ***
Training fitness: 0.8402510861844396
Model size: (7, 10)
Validation fitness: 0.8354228200705446 
Elapsed: 3.929633140563965

*** Epoch 1, batch 156/260 ***
Training fitness: 0.8639318799592534
Model size: (3, 5)
Validation fitness: 0.8402225589084136 
Elapsed: 3.880953550338745

*** Epoch 1, batch 157/260 ***
Training fitness: 0.8283765672212436
Model size: (8, 15)
Validation fitness: 0.8162485627509589 
Elapsed: 4.024514675140381

*** Epoch 1, batch 158/260 ***
Training fitness: 0.8297294096482796
Model size: (7, 11)
Validation fitness: 0.8124001248089198 
Elapsed: 3.854119300842285

*** Epoch 1, batch 159/260 ***
Training fitness: 0.8037968541306184
Model size: (7, 12)
Validation fitness: 0.8406381593160837 
Elapsed: 4.104296445846558

*** Epoch 1, batch 160/260 ***
Training fitness: 0.8619053783430286
Model size: (7, 13)
Validation fitness: 0.8234337789328979 
Elapsed: 4.019089937210083

*** Epoch 1, batch 161/260 ***
Training fitness: 0.8784679130434583
Model size: (7, 10)
Validation fitness: 0.8409855350971412 
Elapsed: 3.873870611190796

*** Epoch 1, batch 162/260 ***
Training fitness: 0.8609434246205554
Model size: (7, 13)
Validation fitness: 0.8234337789328979 
Elapsed: 3.9158995151519775

*** Epoch 1, batch 163/260 ***
Training fitness: 0.8521662373755228
Model size: (7, 13)
Validation fitness: 0.8234337789328979 
Elapsed: 3.8607070446014404

*** Epoch 1, batch 164/260 ***
Training fitness: 0.8485145853742101
Model size: (9, 15)
Validation fitness: 0.8425248357870244 
Elapsed: 3.8059916496276855

*** Epoch 1, batch 165/260 ***
Training fitness: 0.8518602626444998
Model size: (9, 15)
Validation fitness: 0.8425248357870244 
Elapsed: 3.7359092235565186

*** Epoch 1, batch 166/260 ***
Training fitness: 0.8295586510021506
Model size: (7, 10)
Validation fitness: 0.8215126220548714 
Elapsed: 3.716799259185791

*** Epoch 1, batch 167/260 ***
Training fitness: 0.8378639660728935
Model size: (9, 15)
Validation fitness: 0.8425248357870244 
Elapsed: 3.8369975090026855

*** Epoch 1, batch 168/260 ***
Training fitness: 0.8516721657653369
Model size: (7, 10)
Validation fitness: 0.8409855350971412 
Elapsed: 5.925424814224243

*** Epoch 1, batch 169/260 ***
Training fitness: 0.8331365192990201
Model size: (7, 10)
Validation fitness: 0.8409855350971412 
Elapsed: 6.6933434009552

*** Epoch 1, batch 170/260 ***
Training fitness: 0.8369972436968628
Model size: (8, 11)
Validation fitness: 0.8435615396365758 
Elapsed: 6.928434610366821

*** Epoch 1, batch 171/260 ***
Training fitness: 0.8159764034251802
Model size: (10, 17)
Validation fitness: 0.8466214402275108 
Elapsed: 7.029633283615112

*** Epoch 1, batch 172/260 ***
Training fitness: 0.8436647986823916
Model size: (5, 9)
Validation fitness: 0.8298639429865974 
Elapsed: 6.686330795288086

*** Epoch 1, batch 173/260 ***
Training fitness: 0.8587225440011056
Model size: (9, 15)
Validation fitness: 0.8425248357870244 
Elapsed: 6.638778448104858

*** Epoch 1, batch 174/260 ***
Training fitness: 0.8115606773739227
Model size: (5, 9)
Validation fitness: 0.8298639429865974 
Elapsed: 6.850691318511963

*** Epoch 1, batch 175/260 ***
Training fitness: 0.8520054058532855
Model size: (11, 19)
Validation fitness: 0.8505931908896894 
Elapsed: 6.73224949836731

*** Epoch 1, batch 176/260 ***
Training fitness: 0.8973090742383255
Model size: (11, 19)
Validation fitness: 0.8505931908896894 
Elapsed: 7.038363456726074

*** Epoch 1, batch 177/260 ***
Training fitness: 0.857693358032825
Model size: (9, 13)
Validation fitness: 0.8456131611851279 
Elapsed: 6.739537954330444

*** Epoch 1, batch 178/260 ***
Training fitness: 0.8521213404703482
Model size: (10, 14)
Validation fitness: 0.8483421648321933 
Elapsed: 6.640742063522339

*** Epoch 1, batch 179/260 ***
Training fitness: 0.8665253232666652
Model size: (10, 15)
Validation fitness: 0.8502857190117061 
Elapsed: 7.0048136711120605

*** Epoch 1, batch 180/260 ***
Training fitness: 0.8494352528434502
Model size: (10, 15)
Validation fitness: 0.8502857190117061 
Elapsed: 7.239164352416992

*** Epoch 1, batch 181/260 ***
Training fitness: 0.8195330543370567
Model size: (10, 15)
Validation fitness: 0.8502857190117061 
Elapsed: 7.162529468536377

*** Epoch 1, batch 182/260 ***
Training fitness: 0.8454915830946786
Model size: (4, 8)
Validation fitness: 0.796833698985427 
Elapsed: 6.761102914810181

*** Epoch 1, batch 183/260 ***
Training fitness: 0.8542674006883688
Model size: (10, 15)
Validation fitness: 0.8502857190117061 
Elapsed: 7.231074571609497

*** Epoch 1, batch 184/260 ***
Training fitness: 0.8657493348673012
Model size: (10, 15)
Validation fitness: 0.8502857190117061 
Elapsed: 7.096428871154785

*** Epoch 1, batch 185/260 ***
Training fitness: 0.8435558305719828
Model size: (11, 16)
Validation fitness: 0.8559630240983841 
Elapsed: 7.256620407104492

*** Epoch 1, batch 186/260 ***
Training fitness: 0.8786096383263011
Model size: (11, 16)
Validation fitness: 0.8535926200446232 
Elapsed: 7.240339517593384

*** Epoch 1, batch 187/260 ***
Training fitness: 0.8363066220444704
Model size: (8, 9)
Validation fitness: 0.8224762494485092 
Elapsed: 6.732295274734497

*** Epoch 1, batch 188/260 ***
Training fitness: 0.8057692713904955
Model size: (8, 9)
Validation fitness: 0.8224762494485092 
Elapsed: 6.842457294464111

*** Epoch 1, batch 189/260 ***
Training fitness: 0.831580460084549
Model size: (11, 16)
Validation fitness: 0.8535926200446232 
Elapsed: 6.899127244949341

*** Epoch 1, batch 190/260 ***
Training fitness: 0.838250899394706
Model size: (11, 16)
Validation fitness: 0.8535926200446232 
Elapsed: 7.330812454223633

*** Epoch 1, batch 191/260 ***
Training fitness: 0.8733369301122067
Model size: (11, 16)
Validation fitness: 0.8535926200446232 
Elapsed: 7.78990912437439

*** Epoch 1, batch 192/260 ***
Training fitness: 0.7989780876581049
Model size: (11, 16)
Validation fitness: 0.8535926200446232 
Elapsed: 7.465866565704346

*** Epoch 1, batch 193/260 ***
Training fitness: 0.871589713004936
Model size: (11, 16)
Validation fitness: 0.8535926200446232 
Elapsed: 7.464289665222168

*** Epoch 1, batch 194/260 ***
Training fitness: 0.8285458160927986
Model size: (11, 16)
Validation fitness: 0.8535926200446232 
Elapsed: 7.3871519565582275

*** Epoch 1, batch 195/260 ***
Training fitness: 0.8328738867551563
Model size: (11, 16)
Validation fitness: 0.8535926200446232 
Elapsed: 7.551939964294434

*** Epoch 1, batch 196/260 ***
Training fitness: 0.8440306460878149
Model size: (11, 16)
Validation fitness: 0.8535926200446232 
Elapsed: 7.415246963500977

*** Epoch 1, batch 197/260 ***
Training fitness: 0.8381312401191503
Model size: (11, 16)
Validation fitness: 0.8535926200446232 
Elapsed: 7.266174077987671

*** Epoch 1, batch 198/260 ***
Training fitness: 0.8551323659247912
Model size: (11, 16)
Validation fitness: 0.8521816908203533 
Elapsed: 7.1458353996276855

*** Epoch 1, batch 199/260 ***
Training fitness: 0.8204543077974941
Model size: (11, 16)
Validation fitness: 0.8521816908203533 
Elapsed: 7.680592775344849

*** Epoch 1, batch 200/260 ***
Training fitness: 0.8444199078806764
Model size: (11, 16)
Validation fitness: 0.8521816908203533 
Elapsed: 7.410791635513306

*** Epoch 1, batch 201/260 ***
Training fitness: 0.8489030847858632
Model size: (11, 16)
Validation fitness: 0.8521816908203533 
Elapsed: 7.312515497207642

*** Epoch 1, batch 202/260 ***
Training fitness: 0.7975750907675844
Model size: (17, 28)
Validation fitness: 0.8024870708329906 
Elapsed: 6.800375938415527

*** Epoch 1, batch 203/260 ***
Training fitness: 0.8406927692195791
Model size: (17, 28)
Validation fitness: 0.807675166935044 
Elapsed: 7.172865629196167

*** Epoch 1, batch 204/260 ***
Training fitness: 0.8594097500946747
Model size: (16, 26)
Validation fitness: 0.8341019664925462 
Elapsed: 3.7556545734405518

*** Epoch 1, batch 205/260 ***
Training fitness: 0.8044119212336804
Model size: (15, 26)
Validation fitness: 0.8164102739065952 
Elapsed: 3.7492685317993164

*** Epoch 1, batch 206/260 ***
Training fitness: 0.8475889164466612
Model size: (16, 26)
Validation fitness: 0.8341019664925462 
Elapsed: 3.6717782020568848

*** Epoch 1, batch 207/260 ***
Training fitness: 0.8658098841000617
Model size: (16, 26)
Validation fitness: 0.8341019664925462 
Elapsed: 3.726752281188965

*** Epoch 1, batch 208/260 ***
Training fitness: 0.8705533462578278
Model size: (17, 28)
Validation fitness: 0.8222962819107057 
Elapsed: 3.679448366165161

*** Epoch 1, batch 209/260 ***
Training fitness: 0.8010811550392996
Model size: (16, 26)
Validation fitness: 0.8341019664925462 
Elapsed: 3.8180770874023438

*** Epoch 1, batch 210/260 ***
Training fitness: 0.808392048357237
Model size: (15, 24)
Validation fitness: 0.8313458238202909 
Elapsed: 3.7593727111816406

*** Epoch 1, batch 211/260 ***
Training fitness: 0.8038604177047706
Model size: (7, 8)
Validation fitness: 0.810470111583818 
Elapsed: 3.476701259613037

*** Epoch 1, batch 212/260 ***
Training fitness: 0.8521220038472811
Model size: (15, 23)
Validation fitness: 0.8260231155528903 
Elapsed: 3.8363118171691895

*** Epoch 1, batch 213/260 ***
Training fitness: 0.8439176123457335
Model size: (15, 24)
Validation fitness: 0.8313458238202909 
Elapsed: 3.6425836086273193

*** Epoch 1, batch 214/260 ***
Training fitness: 0.8738916256157635
Model size: (15, 24)
Validation fitness: 0.8313458238202909 
Elapsed: 3.7023189067840576

*** Epoch 1, batch 215/260 ***
Training fitness: 0.8047940098465122
Model size: (15, 24)
Validation fitness: 0.8313458238202909 
Elapsed: 3.6294901371002197

*** Epoch 1, batch 216/260 ***
Training fitness: 0.8430569639567166
Model size: (7, 8)
Validation fitness: 0.810470111583818 
Elapsed: 3.5528485774993896

*** Epoch 1, batch 217/260 ***
Training fitness: 0.8120743556717362
Model size: (16, 26)
Validation fitness: 0.8339488150726571 
Elapsed: 3.571701765060425

*** Epoch 1, batch 218/260 ***
Training fitness: 0.847827253655262
Model size: (15, 24)
Validation fitness: 0.8313458238202909 
Elapsed: 3.6349730491638184

*** Epoch 1, batch 219/260 ***
Training fitness: 0.8633084354149115
Model size: (15, 24)
Validation fitness: 0.8313458238202909 
Elapsed: 3.895601272583008

*** Epoch 1, batch 220/260 ***
Training fitness: 0.850997220281913
Model size: (15, 24)
Validation fitness: 0.8313458238202909 
Elapsed: 3.574636697769165

*** Epoch 1, batch 221/260 ***
Training fitness: 0.8323731192291086
Model size: (15, 25)
Validation fitness: 0.822880948674909 
Elapsed: 3.3896141052246094

*** Epoch 1, batch 222/260 ***
Training fitness: 0.8358467903520511
Model size: (15, 24)
Validation fitness: 0.8313458238202909 
Elapsed: 3.543682813644409

*** Epoch 1, batch 223/260 ***
Training fitness: 0.870913659459652
Model size: (15, 24)
Validation fitness: 0.8313458238202909 
Elapsed: 3.7172319889068604

*** Epoch 1, batch 224/260 ***
Training fitness: 0.8191228475089535
Model size: (6, 7)
Validation fitness: 0.8110488918026324 
Elapsed: 3.653249740600586

*** Epoch 1, batch 225/260 ***
Training fitness: 0.8038551089799875
Model size: (7, 11)
Validation fitness: 0.8122537283727822 
Elapsed: 3.4809277057647705

*** Epoch 1, batch 226/260 ***
Training fitness: 0.7849228488643764
Model size: (5, 12)
Validation fitness: 0.785132939010552 
Elapsed: 3.579878568649292

*** Epoch 1, batch 227/260 ***
Training fitness: 0.7657426883280187
Model size: (7, 9)
Validation fitness: 0.8196590995168683 
Elapsed: 3.600492000579834

*** Epoch 1, batch 228/260 ***
Training fitness: 0.8109891019837084
Model size: (7, 10)
Validation fitness: 0.806184139405861 
Elapsed: 3.750257968902588

*** Epoch 1, batch 229/260 ***
Training fitness: 0.7971159252735804
Model size: (7, 9)
Validation fitness: 0.8196590995168683 
Elapsed: 3.688535690307617

*** Epoch 1, batch 230/260 ***
Training fitness: 0.8297427026270825
Model size: (7, 9)
Validation fitness: 0.8196590995168683 
Elapsed: 3.6605708599090576

*** Epoch 1, batch 231/260 ***
Training fitness: 0.839798813827526
Model size: (9, 16)
Validation fitness: 0.8275562437372512 
Elapsed: 3.7631914615631104

*** Epoch 1, batch 232/260 ***
Training fitness: 0.8856898343419525
Model size: (20, 26)
Validation fitness: 0.8109467378275949 
Elapsed: 3.5469133853912354

*** Epoch 1, batch 233/260 ***
Training fitness: 0.8114362322288208
Model size: (5, 14)
Validation fitness: 0.8326977115294768 
Elapsed: 3.7366907596588135

*** Epoch 1, batch 234/260 ***
Training fitness: 0.8475561601286881
Model size: (8, 15)
Validation fitness: 0.8288497645947988 
Elapsed: 3.8689792156219482

*** Epoch 1, batch 235/260 ***
Training fitness: 0.8179637050237079
Model size: (9, 17)
Validation fitness: 0.8183400954383918 
Elapsed: 3.7101876735687256

*** Epoch 1, batch 236/260 ***
Training fitness: 0.8668920771978355
Model size: (9, 17)
Validation fitness: 0.8183400954383918 
Elapsed: 3.6815695762634277

*** Epoch 1, batch 237/260 ***
Training fitness: 0.8247765647842341
Model size: (21, 24)
Validation fitness: 0.8410978568828268 
Elapsed: 3.5706067085266113

*** Epoch 1, batch 238/260 ***
Training fitness: 0.8388599960655446
Model size: (21, 23)
Validation fitness: 0.841491222922131 
Elapsed: 3.6368420124053955

*** Epoch 1, batch 239/260 ***
Training fitness: 0.8790454463436457
Model size: (21, 23)
Validation fitness: 0.8371128448597348 
Elapsed: 3.6762747764587402

*** Epoch 1, batch 240/260 ***
Training fitness: 0.825474314610999
Model size: (21, 23)
Validation fitness: 0.841491222922131 
Elapsed: 3.7171034812927246

*** Epoch 1, batch 241/260 ***
Training fitness: 0.8922536758234566
Model size: (21, 23)
Validation fitness: 0.841491222922131 
Elapsed: 3.6440157890319824

*** Epoch 1, batch 242/260 ***
Training fitness: 0.8191247307916644
Model size: (20, 23)
Validation fitness: 0.844098005282761 
Elapsed: 3.7730486392974854

*** Epoch 1, batch 243/260 ***
Training fitness: 0.7981143956743739
Model size: (20, 24)
Validation fitness: 0.844453850654321 
Elapsed: 3.682947874069214

*** Epoch 1, batch 244/260 ***
Training fitness: 0.8526860559788408
Model size: (20, 24)
Validation fitness: 0.844453850654321 
Elapsed: 3.71506404876709

*** Epoch 1, batch 245/260 ***
Training fitness: 0.8161468105476496
Model size: (21, 25)
Validation fitness: 0.8435744091079171 
Elapsed: 3.8113491535186768

*** Epoch 1, batch 246/260 ***
Training fitness: 0.8671196665049464
Model size: (8, 11)
Validation fitness: 0.8472202711637485 
Elapsed: 3.81624698638916

*** Epoch 1, batch 247/260 ***
Training fitness: 0.8743690337321312
Model size: (21, 25)
Validation fitness: 0.8435744091079171 
Elapsed: 3.7445340156555176

*** Epoch 1, batch 248/260 ***
Training fitness: 0.8594085103236607
Model size: (8, 16)
Validation fitness: 0.8243187646738793 
Elapsed: 3.5789315700531006

*** Epoch 1, batch 249/260 ***
Training fitness: 0.825840119345476
Model size: (8, 11)
Validation fitness: 0.8472202711637485 
Elapsed: 3.6745216846466064

*** Epoch 1, batch 250/260 ***
Training fitness: 0.8063532284160976
Model size: (8, 11)
Validation fitness: 0.8472202711637485 
Elapsed: 3.5973012447357178

*** Epoch 1, batch 251/260 ***
Training fitness: 0.8567654943143798
Model size: (8, 11)
Validation fitness: 0.8472202711637485 
Elapsed: 3.554222583770752

*** Epoch 1, batch 252/260 ***
Training fitness: 0.8600549583037483
Model size: (7, 8)
Validation fitness: 0.8451345127844867 
Elapsed: 3.5141170024871826

*** Epoch 1, batch 253/260 ***
Training fitness: 0.8746991577515671
Model size: (6, 7)
Validation fitness: 0.8463258843131404 
Elapsed: 3.5777735710144043

*** Epoch 1, batch 254/260 ***
Training fitness: 0.8436906330029353
Model size: (8, 13)
Validation fitness: 0.8335993446634047 
Elapsed: 3.5402724742889404

*** Epoch 1, batch 255/260 ***
Training fitness: 0.8676640330073516
Model size: (7, 8)
Validation fitness: 0.8499183439450333 
Elapsed: 3.5681886672973633

*** Epoch 1, batch 256/260 ***
Training fitness: 0.8880760978199256
Model size: (7, 8)
Validation fitness: 0.8499183439450333 
Elapsed: 3.6968343257904053

*** Epoch 1, batch 257/260 ***
Training fitness: 0.8112349149441845
Model size: (7, 8)
Validation fitness: 0.8499183439450333 
Elapsed: 3.4237046241760254

*** Epoch 1, batch 258/260 ***
Training fitness: 0.8331061235070361
Model size: (6, 7)
Validation fitness: 0.8250080673772867 
Elapsed: 3.397409677505493

*** Epoch 1, batch 259/260 ***
Training fitness: 0.8245071677051045
Model size: (9, 15)
Validation fitness: 0.8416609961950323 
Elapsed: 3.6769490242004395

*** Epoch 1, batch 260/260 ***
Training fitness: 0.8462317734669546
Model size: (7, 8)
Validation fitness: 0.8499183439450333 
Elapsed: 3.452709436416626

Total train time: 1312.858585357666
Test time: 0.23941516876220703
Test fitness: 0.8651033951997882
Test statistics: Stats(total=14791, total_true=7158, total_false=7633, true_positive=6286, true_negative=7481, false_positive=152, false_negative=872, tpr=0.8781782620843811, tnr=0.9800864666579326, ppv=0.976390183286735, npv=0.8956063689692326, accuracy=0.9307687107024541, f1=0.9246837305089732, mcc=0.8651033951997882)
