Configuration:
Dataset: nsl_kdd
Selector: pca
Fold: 3
Fitness: mcc
Batch size: 256
Epochs: 1
Config args: {}
*** Epoch 1, batch 1/520 ***
Training fitness: 0.7651664901380114
Model size: (1, 12)
Validation fitness: 0.7480970252541522 !!!
Elapsed: 1.861621379852295

*** Epoch 1, batch 2/520 ***
Training fitness: 0.8122104368339762
Model size: (1, 12)
Validation fitness: 0.7494070336025646 !!!
Elapsed: 1.9742286205291748

*** Epoch 1, batch 3/520 ***
Training fitness: 0.7971160006771834
Model size: (1, 11)
Validation fitness: 0.8023036490895424 !!!
Elapsed: 2.012957811355591

*** Epoch 1, batch 4/520 ***
Training fitness: 0.8163039272559872
Model size: (2, 11)
Validation fitness: 0.8271280886730412 !!!
Elapsed: 2.959812879562378

*** Epoch 1, batch 5/520 ***
Training fitness: 0.8118495255049195
Model size: (2, 11)
Validation fitness: 0.8271280886730412 
Elapsed: 4.259090185165405

*** Epoch 1, batch 6/520 ***
Training fitness: 0.8834443350960266
Model size: (2, 14)
Validation fitness: 0.8375932799523489 !!!
Elapsed: 4.597682476043701

*** Epoch 1, batch 7/520 ***
Training fitness: 0.8376585632206197
Model size: (1, 7)
Validation fitness: 0.8239044572125457 
Elapsed: 3.996338129043579

*** Epoch 1, batch 8/520 ***
Training fitness: 0.8831319452925261
Model size: (3, 12)
Validation fitness: 0.7913096642268445 
Elapsed: 4.2100746631622314

*** Epoch 1, batch 9/520 ***
Training fitness: 0.8405479825027264
Model size: (3, 8)
Validation fitness: 0.829855510290115 
Elapsed: 4.080233335494995

*** Epoch 1, batch 10/520 ***
Training fitness: 0.829428489215323
Model size: (4, 15)
Validation fitness: 0.8455073779086099 !!!
Elapsed: 4.433790683746338

*** Epoch 1, batch 11/520 ***
Training fitness: 0.8603322120933136
Model size: (3, 10)
Validation fitness: 0.8371787934888021 
Elapsed: 4.032474994659424

*** Epoch 1, batch 12/520 ***
Training fitness: 0.8266490675476017
Model size: (1, 6)
Validation fitness: 0.8363245158543893 
Elapsed: 4.089860200881958

*** Epoch 1, batch 13/520 ***
Training fitness: 0.8744944602031038
Model size: (4, 14)
Validation fitness: 0.8242126437107722 
Elapsed: 4.519964694976807

*** Epoch 1, batch 14/520 ***
Training fitness: 0.8613528588642378
Model size: (2, 9)
Validation fitness: 0.8129134016215112 
Elapsed: 4.385819911956787

*** Epoch 1, batch 15/520 ***
Training fitness: 0.8772685105197653
Model size: (5, 18)
Validation fitness: 0.8487831033234227 !!!
Elapsed: 4.592730283737183

*** Epoch 1, batch 16/520 ***
Training fitness: 0.8744834346163428
Model size: (2, 9)
Validation fitness: 0.8129134016215112 
Elapsed: 4.462007284164429

*** Epoch 1, batch 17/520 ***
Training fitness: 0.874316981898682
Model size: (4, 15)
Validation fitness: 0.8596461857440147 !!!
Elapsed: 4.6132652759552

*** Epoch 1, batch 18/520 ***
Training fitness: 0.8538515921609121
Model size: (5, 18)
Validation fitness: 0.8487831033234227 
Elapsed: 4.727182865142822

*** Epoch 1, batch 19/520 ***
Training fitness: 0.8808062243412386
Model size: (6, 21)
Validation fitness: 0.8512020510414727 
Elapsed: 4.7165021896362305

*** Epoch 1, batch 20/520 ***
Training fitness: 0.8553406031972248
Model size: (6, 21)
Validation fitness: 0.8512020510414727 
Elapsed: 4.788071870803833

*** Epoch 1, batch 21/520 ***
Training fitness: 0.9223254642340656
Model size: (5, 17)
Validation fitness: 0.8514140760088114 
Elapsed: 4.819243907928467

*** Epoch 1, batch 22/520 ***
Training fitness: 0.8841355921645215
Model size: (5, 16)
Validation fitness: 0.8263131919516079 
Elapsed: 4.630697965621948

*** Epoch 1, batch 23/520 ***
Training fitness: 0.86875845895899
Model size: (6, 17)
Validation fitness: 0.8429600604106378 
Elapsed: 4.48164963722229

*** Epoch 1, batch 24/520 ***
Training fitness: 0.8985731751113039
Model size: (6, 18)
Validation fitness: 0.8334754023473865 
Elapsed: 4.657228946685791

*** Epoch 1, batch 25/520 ***
Training fitness: 0.8834443350960266
Model size: (1, 7)
Validation fitness: 0.8329786823336089 
Elapsed: 4.0488808155059814

*** Epoch 1, batch 26/520 ***
Training fitness: 0.8542856946029816
Model size: (5, 17)
Validation fitness: 0.8514140760088114 
Elapsed: 4.663303852081299

*** Epoch 1, batch 27/520 ***
Training fitness: 0.8375011769856721
Model size: (1, 7)
Validation fitness: 0.8329786823336089 
Elapsed: 4.237146615982056

*** Epoch 1, batch 28/520 ***
Training fitness: 0.8210966387201253
Model size: (5, 17)
Validation fitness: 0.8219377894537083 
Elapsed: 4.755895137786865

*** Epoch 1, batch 29/520 ***
Training fitness: 0.8430438644300349
Model size: (2, 9)
Validation fitness: 0.8039039085535179 
Elapsed: 4.286504030227661

*** Epoch 1, batch 30/520 ***
Training fitness: 0.8991237388528969
Model size: (3, 11)
Validation fitness: 0.8174435370964189 
Elapsed: 4.446433067321777

*** Epoch 1, batch 31/520 ***
Training fitness: 0.803251783119035
Model size: (4, 8)
Validation fitness: 0.792266855552881 
Elapsed: 4.5671021938323975

*** Epoch 1, batch 32/520 ***
Training fitness: 0.8751144479033144
Model size: (7, 24)
Validation fitness: 0.8149658987979794 
Elapsed: 4.55185079574585

*** Epoch 1, batch 33/520 ***
Training fitness: 0.8589706517152174
Model size: (7, 24)
Validation fitness: 0.8149658987979794 
Elapsed: 4.66253662109375

*** Epoch 1, batch 34/520 ***
Training fitness: 0.8718237638776063
Model size: (4, 12)
Validation fitness: 0.7981375141484212 
Elapsed: 4.51306414604187

*** Epoch 1, batch 35/520 ***
Training fitness: 0.8382265105545978
Model size: (2, 5)
Validation fitness: 0.7975761922212934 
Elapsed: 4.286054611206055

*** Epoch 1, batch 36/520 ***
Training fitness: 0.8684925533990204
Model size: (4, 8)
Validation fitness: 0.7961343233878325 
Elapsed: 4.307419538497925

*** Epoch 1, batch 37/520 ***
Training fitness: 0.8334505840901685
Model size: (6, 11)
Validation fitness: 0.8343141217871911 
Elapsed: 4.307912349700928

*** Epoch 1, batch 38/520 ***
Training fitness: 0.8252142947845299
Model size: (6, 13)
Validation fitness: 0.7906074644784069 
Elapsed: 4.4818198680877686

*** Epoch 1, batch 39/520 ***
Training fitness: 0.8441579069722881
Model size: (1, 3)
Validation fitness: 0.8289209628513475 
Elapsed: 4.279418706893921

*** Epoch 1, batch 40/520 ***
Training fitness: 0.8852302296093864
Model size: (6, 17)
Validation fitness: 0.8313569073284541 
Elapsed: 4.6294355392456055

*** Epoch 1, batch 41/520 ***
Training fitness: 0.8207863488496304
Model size: (5, 11)
Validation fitness: 0.8187443811586927 
Elapsed: 4.314651250839233

*** Epoch 1, batch 42/520 ***
Training fitness: 0.8209918146619036
Model size: (1, 3)
Validation fitness: 0.8016039982965613 
Elapsed: 4.314128160476685

*** Epoch 1, batch 43/520 ***
Training fitness: 0.8357666834916525
Model size: (1, 3)
Validation fitness: 0.831563702497629 
Elapsed: 2.9449336528778076

*** Epoch 1, batch 44/520 ***
Training fitness: 0.8704075465996618
Model size: (6, 17)
Validation fitness: 0.8313569073284541 
Elapsed: 2.502843141555786

*** Epoch 1, batch 45/520 ***
Training fitness: 0.8646516349314517
Model size: (6, 14)
Validation fitness: 0.8424395212590936 
Elapsed: 2.3309648036956787

*** Epoch 1, batch 46/520 ***
Training fitness: 0.8272575673090002
Model size: (8, 17)
Validation fitness: 0.8713529450745828 !!!
Elapsed: 2.4254703521728516

*** Epoch 1, batch 47/520 ***
Training fitness: 0.8525867158614023
Model size: (7, 16)
Validation fitness: 0.8506280937844172 
Elapsed: 2.3160974979400635

*** Epoch 1, batch 48/520 ***
Training fitness: 0.8710077733069272
Model size: (8, 17)
Validation fitness: 0.8713529450745828 
Elapsed: 2.4266860485076904

*** Epoch 1, batch 49/520 ***
Training fitness: 0.8717859556479927
Model size: (8, 17)
Validation fitness: 0.8713529450745828 
Elapsed: 2.303511619567871

*** Epoch 1, batch 50/520 ***
Training fitness: 0.9261726617157408
Model size: (6, 17)
Validation fitness: 0.8313569073284541 
Elapsed: 2.4862444400787354

*** Epoch 1, batch 51/520 ***
Training fitness: 0.874316981898682
Model size: (8, 17)
Validation fitness: 0.8713529450745828 
Elapsed: 2.4654042720794678

*** Epoch 1, batch 52/520 ***
Training fitness: 0.8633395112029743
Model size: (8, 17)
Validation fitness: 0.8713529450745828 
Elapsed: 2.41367506980896

*** Epoch 1, batch 53/520 ***
Training fitness: 0.835590554068473
Model size: (10, 23)
Validation fitness: 0.8484803939111272 
Elapsed: 2.5143351554870605

*** Epoch 1, batch 54/520 ***
Training fitness: 0.8380580611652417
Model size: (3, 9)
Validation fitness: 0.8145072816579076 
Elapsed: 2.3226144313812256

*** Epoch 1, batch 55/520 ***
Training fitness: 0.8985729296978563
Model size: (9, 19)
Validation fitness: 0.875104030474954 !!!
Elapsed: 2.401439666748047

*** Epoch 1, batch 56/520 ***
Training fitness: 0.858474006205523
Model size: (9, 19)
Validation fitness: 0.875104030474954 
Elapsed: 2.2985029220581055

*** Epoch 1, batch 57/520 ***
Training fitness: 0.8313332544778577
Model size: (5, 10)
Validation fitness: 0.8331575934727009 
Elapsed: 2.2868597507476807

*** Epoch 1, batch 58/520 ***
Training fitness: 0.8894974266585727
Model size: (9, 19)
Validation fitness: 0.875104030474954 
Elapsed: 2.2668819427490234

*** Epoch 1, batch 59/520 ***
Training fitness: 0.8352553450930748
Model size: (9, 19)
Validation fitness: 0.875104030474954 
Elapsed: 2.2681784629821777

*** Epoch 1, batch 60/520 ***
Training fitness: 0.8267868853517156
Model size: (4, 10)
Validation fitness: 0.8035510462899368 
Elapsed: 2.1759064197540283

*** Epoch 1, batch 61/520 ***
Training fitness: 0.8491301513552184
Model size: (9, 19)
Validation fitness: 0.875104030474954 
Elapsed: 2.4318606853485107

*** Epoch 1, batch 62/520 ***
Training fitness: 0.9092547060460995
Model size: (9, 19)
Validation fitness: 0.875104030474954 
Elapsed: 2.359931468963623

*** Epoch 1, batch 63/520 ***
Training fitness: 0.8883951329415513
Model size: (9, 19)
Validation fitness: 0.875104030474954 
Elapsed: 2.3474843502044678

*** Epoch 1, batch 64/520 ***
Training fitness: 0.8543479122947835
Model size: (9, 19)
Validation fitness: 0.875104030474954 
Elapsed: 2.3530468940734863

*** Epoch 1, batch 65/520 ***
Training fitness: 0.8526976381959592
Model size: (9, 19)
Validation fitness: 0.875104030474954 
Elapsed: 2.372988224029541

*** Epoch 1, batch 66/520 ***
Training fitness: 0.8504282174427525
Model size: (9, 18)
Validation fitness: 0.8737487998060792 
Elapsed: 2.3826100826263428

*** Epoch 1, batch 67/520 ***
Training fitness: 0.8716948943863142
Model size: (9, 18)
Validation fitness: 0.8737487998060792 
Elapsed: 2.369192600250244

*** Epoch 1, batch 68/520 ***
Training fitness: 0.8890077648816594
Model size: (2, 4)
Validation fitness: 0.842044348072636 
Elapsed: 2.2126777172088623

*** Epoch 1, batch 69/520 ***
Training fitness: 0.8802811959474768
Model size: (9, 19)
Validation fitness: 0.875104030474954 
Elapsed: 2.3809752464294434

*** Epoch 1, batch 70/520 ***
Training fitness: 0.8918654254555362
Model size: (9, 19)
Validation fitness: 0.875104030474954 
Elapsed: 2.5673751831054688

*** Epoch 1, batch 71/520 ***
Training fitness: 0.8319487757193482
Model size: (8, 16)
Validation fitness: 0.8659047616052787 
Elapsed: 2.473846673965454

*** Epoch 1, batch 72/520 ***
Training fitness: 0.8715806272897513
Model size: (9, 17)
Validation fitness: 0.8739987091719743 
Elapsed: 2.4030683040618896

*** Epoch 1, batch 73/520 ***
Training fitness: 0.8422042264458904
Model size: (9, 17)
Validation fitness: 0.8739987091719743 
Elapsed: 2.4384078979492188

*** Epoch 1, batch 74/520 ***
Training fitness: 0.8390184515351722
Model size: (9, 17)
Validation fitness: 0.8739987091719743 
Elapsed: 2.313405752182007

*** Epoch 1, batch 75/520 ***
Training fitness: 0.8595172900611018
Model size: (9, 17)
Validation fitness: 0.8739987091719743 
Elapsed: 2.295760154724121

*** Epoch 1, batch 76/520 ***
Training fitness: 0.8529020043956198
Model size: (6, 15)
Validation fitness: 0.866379908911097 
Elapsed: 2.404951810836792

*** Epoch 1, batch 77/520 ***
Training fitness: 0.8415872055298078
Model size: (2, 4)
Validation fitness: 0.842044348072636 
Elapsed: 2.270583152770996

*** Epoch 1, batch 78/520 ***
Training fitness: 0.8985729296978563
Model size: (4, 11)
Validation fitness: 0.8687036260912062 
Elapsed: 2.3202579021453857

*** Epoch 1, batch 79/520 ***
Training fitness: 0.8469632177050075
Model size: (6, 15)
Validation fitness: 0.866379908911097 
Elapsed: 2.412283182144165

*** Epoch 1, batch 80/520 ***
Training fitness: 0.8931068050756705
Model size: (2, 5)
Validation fitness: 0.8418312762597008 
Elapsed: 2.3320279121398926

*** Epoch 1, batch 81/520 ***
Training fitness: 0.8869487771486438
Model size: (4, 11)
Validation fitness: 0.8698743583229797 
Elapsed: 2.2735745906829834

*** Epoch 1, batch 82/520 ***
Training fitness: 0.872374162336708
Model size: (6, 15)
Validation fitness: 0.866379908911097 
Elapsed: 2.376823902130127

*** Epoch 1, batch 83/520 ***
Training fitness: 0.8684524891592502
Model size: (7, 16)
Validation fitness: 0.8333565987530045 
Elapsed: 2.476452589035034

*** Epoch 1, batch 84/520 ***
Training fitness: 0.8828894030335825
Model size: (4, 11)
Validation fitness: 0.8698743583229797 
Elapsed: 2.2060177326202393

*** Epoch 1, batch 85/520 ***
Training fitness: 0.8915343453570008
Model size: (4, 11)
Validation fitness: 0.8698743583229797 
Elapsed: 2.2829017639160156

*** Epoch 1, batch 86/520 ***
Training fitness: 0.8343131628989192
Model size: (5, 9)
Validation fitness: 0.8668452720610745 
Elapsed: 2.3418149948120117

*** Epoch 1, batch 87/520 ***
Training fitness: 0.8696581663734244
Model size: (6, 15)
Validation fitness: 0.866379908911097 
Elapsed: 2.408538341522217

*** Epoch 1, batch 88/520 ***
Training fitness: 0.8916853886158357
Model size: (5, 9)
Validation fitness: 0.8668452720610745 
Elapsed: 2.3233513832092285

*** Epoch 1, batch 89/520 ***
Training fitness: 0.837122554719136
Model size: (5, 9)
Validation fitness: 0.8668452720610745 
Elapsed: 2.3340117931365967

*** Epoch 1, batch 90/520 ***
Training fitness: 0.8792630957676101
Model size: (6, 15)
Validation fitness: 0.866379908911097 
Elapsed: 2.5110270977020264

*** Epoch 1, batch 91/520 ***
Training fitness: 0.8839251680710756
Model size: (6, 12)
Validation fitness: 0.8464916887511162 
Elapsed: 2.3302595615386963

*** Epoch 1, batch 92/520 ***
Training fitness: 0.849280685644322
Model size: (4, 9)
Validation fitness: 0.8501675784754382 
Elapsed: 2.4456074237823486

*** Epoch 1, batch 93/520 ***
Training fitness: 0.907208018301543
Model size: (4, 9)
Validation fitness: 0.8484937111326042 
Elapsed: 2.518280029296875

*** Epoch 1, batch 94/520 ***
Training fitness: 0.851692913887756
Model size: (5, 9)
Validation fitness: 0.8668452720610745 
Elapsed: 2.400599956512451

*** Epoch 1, batch 95/520 ***
Training fitness: 0.8177880848181911
Model size: (4, 9)
Validation fitness: 0.8625115211085934 
Elapsed: 2.4470720291137695

*** Epoch 1, batch 96/520 ***
Training fitness: 0.8909806263319022
Model size: (5, 8)
Validation fitness: 0.8469367703516627 
Elapsed: 2.3497085571289062

*** Epoch 1, batch 97/520 ***
Training fitness: 0.8944839325604517
Model size: (5, 11)
Validation fitness: 0.854370297771009 
Elapsed: 2.501269578933716

*** Epoch 1, batch 98/520 ***
Training fitness: 0.8487079562565801
Model size: (5, 9)
Validation fitness: 0.8419954096161437 
Elapsed: 2.300445795059204

*** Epoch 1, batch 99/520 ***
Training fitness: 0.8376585632206197
Model size: (5, 11)
Validation fitness: 0.856443180535168 
Elapsed: 2.3631038665771484

*** Epoch 1, batch 100/520 ***
Training fitness: 0.8909152546496628
Model size: (5, 11)
Validation fitness: 0.8525184257660398 
Elapsed: 2.72916316986084

*** Epoch 1, batch 101/520 ***
Training fitness: 0.8696131021312187
Model size: (5, 9)
Validation fitness: 0.854705191609619 
Elapsed: 2.3152647018432617

*** Epoch 1, batch 102/520 ***
Training fitness: 0.8755659181887775
Model size: (5, 10)
Validation fitness: 0.8685810952834093 
Elapsed: 2.4745545387268066

*** Epoch 1, batch 103/520 ***
Training fitness: 0.8518744254883744
Model size: (5, 14)
Validation fitness: 0.8561882684975874 
Elapsed: 2.4336023330688477

*** Epoch 1, batch 104/520 ***
Training fitness: 0.8987459698959671
Model size: (4, 10)
Validation fitness: 0.865272770555932 
Elapsed: 2.252927541732788

*** Epoch 1, batch 105/520 ***
Training fitness: 0.8621421240796505
Model size: (4, 10)
Validation fitness: 0.865272770555932 
Elapsed: 2.255234956741333

*** Epoch 1, batch 106/520 ***
Training fitness: 0.8748083291618836
Model size: (6, 13)
Validation fitness: 0.863854626141128 
Elapsed: 2.3633921146392822

*** Epoch 1, batch 107/520 ***
Training fitness: 0.8288395582323534
Model size: (5, 10)
Validation fitness: 0.8353379511367717 
Elapsed: 2.216939687728882

*** Epoch 1, batch 108/520 ***
Training fitness: 0.8868085283544471
Model size: (6, 13)
Validation fitness: 0.863854626141128 
Elapsed: 2.3434064388275146

*** Epoch 1, batch 109/520 ***
Training fitness: 0.8003146479879908
Model size: (6, 13)
Validation fitness: 0.8563927935856093 
Elapsed: 2.42503023147583

*** Epoch 1, batch 110/520 ***
Training fitness: 0.9455590134043076
Model size: (6, 12)
Validation fitness: 0.8698917726853489 
Elapsed: 2.4361867904663086

*** Epoch 1, batch 111/520 ***
Training fitness: 0.849200409009924
Model size: (4, 8)
Validation fitness: 0.8544394081884447 
Elapsed: 2.2244367599487305

*** Epoch 1, batch 112/520 ***
Training fitness: 0.8932025856946716
Model size: (5, 12)
Validation fitness: 0.8662665672295926 
Elapsed: 2.2850842475891113

*** Epoch 1, batch 113/520 ***
Training fitness: 0.8344223624517987
Model size: (5, 9)
Validation fitness: 0.854705191609619 
Elapsed: 2.2450339794158936

*** Epoch 1, batch 114/520 ***
Training fitness: 0.9236623127080419
Model size: (5, 13)
Validation fitness: 0.8656521386244493 
Elapsed: 2.3540899753570557

*** Epoch 1, batch 115/520 ***
Training fitness: 0.8832315236638419
Model size: (5, 12)
Validation fitness: 0.8592505360419269 
Elapsed: 2.22953200340271

*** Epoch 1, batch 116/520 ***
Training fitness: 0.8987182103012133
Model size: (5, 11)
Validation fitness: 0.8686704065069636 
Elapsed: 2.2453863620758057

*** Epoch 1, batch 117/520 ***
Training fitness: 0.8687863788331017
Model size: (5, 11)
Validation fitness: 0.8686704065069636 
Elapsed: 2.353563070297241

*** Epoch 1, batch 118/520 ***
Training fitness: 0.8696581663734244
Model size: (6, 13)
Validation fitness: 0.8694845550820193 
Elapsed: 2.4350950717926025

*** Epoch 1, batch 119/520 ***
Training fitness: 0.8808550449991841
Model size: (5, 14)
Validation fitness: 0.8725875682133131 
Elapsed: 2.4236207008361816

*** Epoch 1, batch 120/520 ***
Training fitness: 0.8774968501558204
Model size: (5, 14)
Validation fitness: 0.8725875682133131 
Elapsed: 2.3244829177856445

*** Epoch 1, batch 121/520 ***
Training fitness: 0.8428490747716922
Model size: (5, 14)
Validation fitness: 0.8725875682133131 
Elapsed: 2.3750550746917725

*** Epoch 1, batch 122/520 ***
Training fitness: 0.8710455214307689
Model size: (5, 14)
Validation fitness: 0.8694922950781169 
Elapsed: 2.3090436458587646

*** Epoch 1, batch 123/520 ***
Training fitness: 0.7940732317403197
Model size: (5, 14)
Validation fitness: 0.8694922950781169 
Elapsed: 2.350600242614746

*** Epoch 1, batch 124/520 ***
Training fitness: 0.8711764176772593
Model size: (5, 14)
Validation fitness: 0.8725875682133131 
Elapsed: 2.3712480068206787

*** Epoch 1, batch 125/520 ***
Training fitness: 0.8444144299317077
Model size: (8, 12)
Validation fitness: 0.84280554754208 
Elapsed: 2.2915823459625244

*** Epoch 1, batch 126/520 ***
Training fitness: 0.8754527277201575
Model size: (7, 18)
Validation fitness: 0.8509504249866824 
Elapsed: 2.440194845199585

*** Epoch 1, batch 127/520 ***
Training fitness: 0.83513891713679
Model size: (6, 16)
Validation fitness: 0.8618389222321445 
Elapsed: 2.3896889686584473

*** Epoch 1, batch 128/520 ***
Training fitness: 0.9006666378665225
Model size: (6, 17)
Validation fitness: 0.8604273647047842 
Elapsed: 2.294557809829712

*** Epoch 1, batch 129/520 ***
Training fitness: 0.8631569221054648
Model size: (6, 17)
Validation fitness: 0.8604273647047842 
Elapsed: 2.3675167560577393

*** Epoch 1, batch 130/520 ***
Training fitness: 0.908725033443417
Model size: (6, 17)
Validation fitness: 0.8550043854582479 
Elapsed: 2.3987133502960205

*** Epoch 1, batch 131/520 ***
Training fitness: 0.8892512659394447
Model size: (6, 16)
Validation fitness: 0.8697658239523128 
Elapsed: 2.4208152294158936

*** Epoch 1, batch 132/520 ***
Training fitness: 0.867946318358317
Model size: (7, 19)
Validation fitness: 0.847073764225492 
Elapsed: 2.473583698272705

*** Epoch 1, batch 133/520 ***
Training fitness: 0.8933554773118235
Model size: (6, 16)
Validation fitness: 0.8695856609225779 
Elapsed: 2.370267152786255

*** Epoch 1, batch 134/520 ***
Training fitness: 0.8748083291618836
Model size: (8, 12)
Validation fitness: 0.8310412951594748 
Elapsed: 2.2852139472961426

*** Epoch 1, batch 135/520 ***
Training fitness: 0.8324447026820163
Model size: (6, 16)
Validation fitness: 0.8695856609225779 
Elapsed: 2.3807661533355713

*** Epoch 1, batch 136/520 ***
Training fitness: 0.848555089015061
Model size: (6, 16)
Validation fitness: 0.8695856609225779 
Elapsed: 2.3888938426971436

*** Epoch 1, batch 137/520 ***
Training fitness: 0.8527673836684724
Model size: (11, 21)
Validation fitness: 0.8296762029030005 
Elapsed: 2.247734546661377

*** Epoch 1, batch 138/520 ***
Training fitness: 0.8663869546699975
Model size: (6, 16)
Validation fitness: 0.8695856609225779 
Elapsed: 2.3816537857055664

*** Epoch 1, batch 139/520 ***
Training fitness: 0.8852302296093864
Model size: (10, 15)
Validation fitness: 0.8340749593242931 
Elapsed: 2.2914531230926514

*** Epoch 1, batch 140/520 ***
Training fitness: 0.8421320417640915
Model size: (6, 10)
Validation fitness: 0.8083419731878393 
Elapsed: 2.308457374572754

*** Epoch 1, batch 141/520 ***
Training fitness: 0.8647535192639791
Model size: (6, 16)
Validation fitness: 0.8695856609225779 
Elapsed: 2.4084460735321045

*** Epoch 1, batch 142/520 ***
Training fitness: 0.8813463648486931
Model size: (6, 12)
Validation fitness: 0.8623099572978294 
Elapsed: 2.431640863418579

*** Epoch 1, batch 143/520 ***
Training fitness: 0.9228150090886612
Model size: (8, 11)
Validation fitness: 0.8385177326107144 
Elapsed: 2.256845235824585

*** Epoch 1, batch 144/520 ***
Training fitness: 0.8592808877461776
Model size: (11, 20)
Validation fitness: 0.8186291790500446 
Elapsed: 2.2643022537231445

*** Epoch 1, batch 145/520 ***
Training fitness: 0.8768031568319707
Model size: (8, 9)
Validation fitness: 0.8356209718045341 
Elapsed: 2.2180967330932617

*** Epoch 1, batch 146/520 ***
Training fitness: 0.8885382560330223
Model size: (7, 12)
Validation fitness: 0.8422084050978215 
Elapsed: 2.404013156890869

*** Epoch 1, batch 147/520 ***
Training fitness: 0.8438244344678817
Model size: (6, 13)
Validation fitness: 0.8222311801373517 
Elapsed: 2.419262647628784

*** Epoch 1, batch 148/520 ***
Training fitness: 0.8488425818064955
Model size: (7, 9)
Validation fitness: 0.8188215259457559 
Elapsed: 2.174389123916626

*** Epoch 1, batch 149/520 ***
Training fitness: 0.8359872050858668
Model size: (11, 20)
Validation fitness: 0.8186291790500446 
Elapsed: 2.2921526432037354

*** Epoch 1, batch 150/520 ***
Training fitness: 0.8192891314382815
Model size: (11, 20)
Validation fitness: 0.8186291790500446 
Elapsed: 2.360259532928467

*** Epoch 1, batch 151/520 ***
Training fitness: 0.8524453436228452
Model size: (5, 11)
Validation fitness: 0.8333110084186466 
Elapsed: 2.408416986465454

*** Epoch 1, batch 152/520 ***
Training fitness: 0.8104653926627752
Model size: (8, 17)
Validation fitness: 0.7824431484872475 
Elapsed: 2.6764276027679443

*** Epoch 1, batch 153/520 ***
Training fitness: 0.8534809593560573
Model size: (9, 12)
Validation fitness: 0.8197792682080761 
Elapsed: 2.1499202251434326

*** Epoch 1, batch 154/520 ***
Training fitness: 0.8488425818064955
Model size: (7, 11)
Validation fitness: 0.8442218026864807 
Elapsed: 2.2327029705047607

*** Epoch 1, batch 155/520 ***
Training fitness: 0.8217007725610543
Model size: (7, 12)
Validation fitness: 0.8337831982284769 
Elapsed: 2.3612875938415527

*** Epoch 1, batch 156/520 ***
Training fitness: 0.8611925708699902
Model size: (5, 11)
Validation fitness: 0.8333110084186466 
Elapsed: 2.402653932571411

*** Epoch 1, batch 157/520 ***
Training fitness: 0.7975550507916639
Model size: (5, 11)
Validation fitness: 0.8333110084186466 
Elapsed: 2.449690818786621

*** Epoch 1, batch 158/520 ***
Training fitness: 0.8373237514485673
Model size: (5, 11)
Validation fitness: 0.8333110084186466 
Elapsed: 2.306800365447998

*** Epoch 1, batch 159/520 ***
Training fitness: 0.8435112170670579
Model size: (5, 11)
Validation fitness: 0.8193321234909451 
Elapsed: 2.3388967514038086

*** Epoch 1, batch 160/520 ***
Training fitness: 0.8480651154559031
Model size: (8, 13)
Validation fitness: 0.835546230721665 
Elapsed: 2.2570295333862305

*** Epoch 1, batch 161/520 ***
Training fitness: 0.8422859269008075
Model size: (11, 17)
Validation fitness: 0.8513701699688617 
Elapsed: 2.3639965057373047

*** Epoch 1, batch 162/520 ***
Training fitness: 0.8525867158614023
Model size: (9, 16)
Validation fitness: 0.8538344833781236 
Elapsed: 2.240377187728882

*** Epoch 1, batch 163/520 ***
Training fitness: 0.8632662620849736
Model size: (8, 13)
Validation fitness: 0.8532759378366771 
Elapsed: 2.180509328842163

*** Epoch 1, batch 164/520 ***
Training fitness: 0.8448397910502311
Model size: (11, 17)
Validation fitness: 0.8513701699688617 
Elapsed: 2.394585371017456

*** Epoch 1, batch 165/520 ***
Training fitness: 0.8406248463371138
Model size: (7, 13)
Validation fitness: 0.7967006756756955 
Elapsed: 2.1065032482147217

*** Epoch 1, batch 166/520 ***
Training fitness: 0.8666340564153018
Model size: (9, 16)
Validation fitness: 0.8538344833781236 
Elapsed: 2.2843143939971924

*** Epoch 1, batch 167/520 ***
Training fitness: 0.8678819877616907
Model size: (5, 10)
Validation fitness: 0.8285739252314388 
Elapsed: 2.2343573570251465

*** Epoch 1, batch 168/520 ***
Training fitness: 0.8593512360337152
Model size: (6, 11)
Validation fitness: 0.8244284713509598 
Elapsed: 2.3061881065368652

*** Epoch 1, batch 169/520 ***
Training fitness: 0.8560913561651596
Model size: (9, 16)
Validation fitness: 0.8538344833781236 
Elapsed: 2.253802537918091

*** Epoch 1, batch 170/520 ***
Training fitness: 0.8533891026726149
Model size: (10, 17)
Validation fitness: 0.8536072774133057 
Elapsed: 2.322598457336426

*** Epoch 1, batch 171/520 ***
Training fitness: 0.8602613328992396
Model size: (7, 13)
Validation fitness: 0.8224097061299932 
Elapsed: 2.169006824493408

*** Epoch 1, batch 172/520 ***
Training fitness: 0.8621834633669447
Model size: (10, 17)
Validation fitness: 0.8536072774133057 
Elapsed: 2.375380277633667

*** Epoch 1, batch 173/520 ***
Training fitness: 0.8592816240299693
Model size: (10, 17)
Validation fitness: 0.8534526587665412 
Elapsed: 2.3500871658325195

*** Epoch 1, batch 174/520 ***
Training fitness: 0.8176654093097296
Model size: (10, 17)
Validation fitness: 0.8536072774133057 
Elapsed: 2.345743417739868

*** Epoch 1, batch 175/520 ***
Training fitness: 0.8803724499835326
Model size: (5, 11)
Validation fitness: 0.8116673766611372 
Elapsed: 2.2304742336273193

*** Epoch 1, batch 176/520 ***
Training fitness: 0.8444594363974929
Model size: (9, 16)
Validation fitness: 0.8538344833781236 
Elapsed: 2.352921485900879

*** Epoch 1, batch 177/520 ***
Training fitness: 0.9007497440749631
Model size: (10, 17)
Validation fitness: 0.8534526587665412 
Elapsed: 2.318882703781128

*** Epoch 1, batch 178/520 ***
Training fitness: 0.8557313449481568
Model size: (10, 17)
Validation fitness: 0.8536072774133057 
Elapsed: 2.386629104614258

*** Epoch 1, batch 179/520 ***
Training fitness: 0.8316494102955994
Model size: (12, 20)
Validation fitness: 0.8510624606993779 
Elapsed: 2.3840341567993164

*** Epoch 1, batch 180/520 ***
Training fitness: 0.8285296543119571
Model size: (13, 22)
Validation fitness: 0.8253291203603693 
Elapsed: 2.5180375576019287

*** Epoch 1, batch 181/520 ***
Training fitness: 0.8490574826125626
Model size: (12, 21)
Validation fitness: 0.838736555524028 
Elapsed: 2.389059543609619

*** Epoch 1, batch 182/520 ***
Training fitness: 0.8489590626818692
Model size: (10, 17)
Validation fitness: 0.8526839671807511 
Elapsed: 2.3793904781341553

*** Epoch 1, batch 183/520 ***
Training fitness: 0.8507770782871225
Model size: (10, 17)
Validation fitness: 0.8526839671807511 
Elapsed: 2.4432358741760254

*** Epoch 1, batch 184/520 ***
Training fitness: 0.8777484529398675
Model size: (10, 17)
Validation fitness: 0.8536072774133057 
Elapsed: 2.4712700843811035

*** Epoch 1, batch 185/520 ***
Training fitness: 0.8788707488040823
Model size: (10, 17)
Validation fitness: 0.8534526587665412 
Elapsed: 2.289651393890381

*** Epoch 1, batch 186/520 ***
Training fitness: 0.8886935318349585
Model size: (10, 17)
Validation fitness: 0.8526839671807511 
Elapsed: 2.4086992740631104

*** Epoch 1, batch 187/520 ***
Training fitness: 0.833569285930802
Model size: (10, 17)
Validation fitness: 0.8526839671807511 
Elapsed: 2.499584197998047

*** Epoch 1, batch 188/520 ***
Training fitness: 0.8430872517558543
Model size: (8, 14)
Validation fitness: 0.796290194166047 
Elapsed: 2.417963743209839

*** Epoch 1, batch 189/520 ***
Training fitness: 0.8752409163477706
Model size: (12, 21)
Validation fitness: 0.838736555524028 
Elapsed: 2.282534122467041

*** Epoch 1, batch 190/520 ***
Training fitness: 0.8174939242162305
Model size: (7, 15)
Validation fitness: 0.8175004342655721 
Elapsed: 2.2834131717681885

*** Epoch 1, batch 191/520 ***
Training fitness: 0.8764172122721084
Model size: (11, 18)
Validation fitness: 0.855939520600114 
Elapsed: 2.3384475708007812

*** Epoch 1, batch 192/520 ***
Training fitness: 0.8667571639316812
Model size: (11, 18)
Validation fitness: 0.855939520600114 
Elapsed: 2.453028440475464

*** Epoch 1, batch 193/520 ***
Training fitness: 0.7865804285105188
Model size: (11, 17)
Validation fitness: 0.8555575561955173 
Elapsed: 2.3539674282073975

*** Epoch 1, batch 194/520 ***
Training fitness: 0.8662856574289592
Model size: (11, 19)
Validation fitness: 0.8493367064280287 
Elapsed: 2.479219913482666

*** Epoch 1, batch 195/520 ***
Training fitness: 0.8518324273993638
Model size: (9, 15)
Validation fitness: 0.8371882940898792 
Elapsed: 2.3474433422088623

*** Epoch 1, batch 196/520 ***
Training fitness: 0.8461044185285093
Model size: (11, 18)
Validation fitness: 0.855939520600114 
Elapsed: 2.430171012878418

*** Epoch 1, batch 197/520 ***
Training fitness: 0.8446124377651384
Model size: (10, 17)
Validation fitness: 0.8249058240802326 
Elapsed: 2.2932095527648926

*** Epoch 1, batch 198/520 ***
Training fitness: 0.9013063755505606
Model size: (11, 18)
Validation fitness: 0.855939520600114 
Elapsed: 2.3737025260925293

*** Epoch 1, batch 199/520 ***
Training fitness: 0.8223171733563869
Model size: (4, 5)
Validation fitness: 0.7931587040459688 
Elapsed: 2.1857829093933105

*** Epoch 1, batch 200/520 ***
Training fitness: 0.8715806272897513
Model size: (11, 18)
Validation fitness: 0.855939520600114 
Elapsed: 2.4271228313446045

*** Epoch 1, batch 201/520 ***
Training fitness: 0.8928762274229087
Model size: (11, 17)
Validation fitness: 0.8473425434459821 
Elapsed: 2.3664610385894775

*** Epoch 1, batch 202/520 ***
Training fitness: 0.8690755626664138
Model size: (11, 18)
Validation fitness: 0.855939520600114 
Elapsed: 2.3717472553253174

*** Epoch 1, batch 203/520 ***
Training fitness: 0.8152400843304711
Model size: (11, 18)
Validation fitness: 0.855939520600114 
Elapsed: 2.3544652462005615

*** Epoch 1, batch 204/520 ***
Training fitness: 0.839188444906291
Model size: (6, 10)
Validation fitness: 0.8120658537121662 
Elapsed: 2.240579605102539

*** Epoch 1, batch 205/520 ***
Training fitness: 0.8660326164710093
Model size: (6, 10)
Validation fitness: 0.8120658537121662 
Elapsed: 2.2106783390045166

*** Epoch 1, batch 206/520 ***
Training fitness: 0.7995910904641732
Model size: (4, 7)
Validation fitness: 0.7763409410393353 
Elapsed: 2.127696990966797

*** Epoch 1, batch 207/520 ***
Training fitness: 0.8419732124575536
Model size: (7, 12)
Validation fitness: 0.8351711388803902 
Elapsed: 2.1206791400909424

*** Epoch 1, batch 208/520 ***
Training fitness: 0.870314586946477
Model size: (6, 10)
Validation fitness: 0.8120658537121662 
Elapsed: 2.214630365371704

*** Epoch 1, batch 209/520 ***
Training fitness: 0.8348543846126236
Model size: (7, 12)
Validation fitness: 0.8351711388803902 
Elapsed: 2.1915853023529053

*** Epoch 1, batch 210/520 ***
Training fitness: 0.8685667201158457
Model size: (6, 10)
Validation fitness: 0.8158171714363436 
Elapsed: 2.0593478679656982

*** Epoch 1, batch 211/520 ***
Training fitness: 0.8135489568817849
Model size: (5, 8)
Validation fitness: 0.763650446148421 
Elapsed: 2.2583534717559814

*** Epoch 1, batch 212/520 ***
Training fitness: 0.8354004862362581
Model size: (7, 12)
Validation fitness: 0.819106813371844 
Elapsed: 2.2294065952301025

*** Epoch 1, batch 213/520 ***
Training fitness: 0.8246211251235321
Model size: (8, 15)
Validation fitness: 0.7894809437527658 
Elapsed: 2.3417515754699707

*** Epoch 1, batch 214/520 ***
Training fitness: 0.8458905385907812
Model size: (4, 9)
Validation fitness: 0.8158370207467884 
Elapsed: 2.194040298461914

*** Epoch 1, batch 215/520 ***
Training fitness: 0.8682609292957645
Model size: (8, 15)
Validation fitness: 0.7956482903065397 
Elapsed: 2.3092868328094482

*** Epoch 1, batch 216/520 ***
Training fitness: 0.7695389300026939
Model size: (4, 9)
Validation fitness: 0.8158370207467884 
Elapsed: 2.315399169921875

*** Epoch 1, batch 217/520 ***
Training fitness: 0.8796100725507244
Model size: (6, 8)
Validation fitness: 0.8492460539415765 
Elapsed: 2.198577880859375

*** Epoch 1, batch 218/520 ***
Training fitness: 0.8295395351670322
Model size: (6, 8)
Validation fitness: 0.8492460539415765 
Elapsed: 2.2380146980285645

*** Epoch 1, batch 219/520 ***
Training fitness: 0.8223863993342555
Model size: (6, 9)
Validation fitness: 0.8187602294799077 
Elapsed: 2.252089500427246

*** Epoch 1, batch 220/520 ***
Training fitness: 0.8469632177050075
Model size: (6, 8)
Validation fitness: 0.8492460539415765 
Elapsed: 2.3464322090148926

*** Epoch 1, batch 221/520 ***
Training fitness: 0.8195118557991558
Model size: (5, 8)
Validation fitness: 0.815020624404507 
Elapsed: 2.207811117172241

*** Epoch 1, batch 222/520 ***
Training fitness: 0.8135489568817849
Model size: (5, 8)
Validation fitness: 0.815020624404507 
Elapsed: 2.1824347972869873

*** Epoch 1, batch 223/520 ***
Training fitness: 0.8137188667107821
Model size: (5, 8)
Validation fitness: 0.8298013360701166 
Elapsed: 2.2060861587524414

*** Epoch 1, batch 224/520 ***
Training fitness: 0.8122850968411331
Model size: (5, 7)
Validation fitness: 0.8131432289554635 
Elapsed: 2.3634719848632812

*** Epoch 1, batch 225/520 ***
Training fitness: 0.783890190827362
Model size: (5, 8)
Validation fitness: 0.7528910341921302 
Elapsed: 2.2482662200927734

*** Epoch 1, batch 226/520 ***
Training fitness: 0.8687863788331017
Model size: (5, 7)
Validation fitness: 0.8131432289554635 
Elapsed: 2.369025468826294

*** Epoch 1, batch 227/520 ***
Training fitness: 0.8282517836993646
Model size: (6, 9)
Validation fitness: 0.8187602294799077 
Elapsed: 2.7483503818511963

*** Epoch 1, batch 228/520 ***
Training fitness: 0.8584816206991309
Model size: (7, 13)
Validation fitness: 0.8004943950441943 
Elapsed: 2.299018144607544

*** Epoch 1, batch 229/520 ***
Training fitness: 0.8634370542558771
Model size: (8, 16)
Validation fitness: 0.8048325010500396 
Elapsed: 2.2814056873321533

*** Epoch 1, batch 230/520 ***
Training fitness: 0.8499174416438962
Model size: (5, 8)
Validation fitness: 0.7987696168192215 
Elapsed: 2.2358102798461914

*** Epoch 1, batch 231/520 ***
Training fitness: 0.8303926289489867
Model size: (8, 16)
Validation fitness: 0.8048325010500396 
Elapsed: 2.2446935176849365

*** Epoch 1, batch 232/520 ***
Training fitness: 0.8476646945456721
Model size: (8, 16)
Validation fitness: 0.8048325010500396 
Elapsed: 2.264417886734009

*** Epoch 1, batch 233/520 ***
Training fitness: 0.860654324710887
Model size: (8, 15)
Validation fitness: 0.7956482903065397 
Elapsed: 2.2579762935638428

*** Epoch 1, batch 234/520 ***
Training fitness: 0.8215003546910796
Model size: (8, 14)
Validation fitness: 0.7917230716335271 
Elapsed: 2.1936330795288086

*** Epoch 1, batch 235/520 ***
Training fitness: 0.8342342050291589
Model size: (9, 16)
Validation fitness: 0.8241281039118356 
Elapsed: 2.261255979537964

*** Epoch 1, batch 236/520 ***
Training fitness: 0.8096812483151232
Model size: (5, 7)
Validation fitness: 0.7990183097832065 
Elapsed: 2.1541221141815186

*** Epoch 1, batch 237/520 ***
Training fitness: 0.8207863488496304
Model size: (9, 16)
Validation fitness: 0.8241281039118356 
Elapsed: 2.301891803741455

*** Epoch 1, batch 238/520 ***
Training fitness: 0.8246211251235321
Model size: (9, 16)
Validation fitness: 0.7997815074852718 
Elapsed: 2.3657472133636475

*** Epoch 1, batch 239/520 ***
Training fitness: 0.8372657653836846
Model size: (9, 14)
Validation fitness: 0.781051330440278 
Elapsed: 2.3205814361572266

*** Epoch 1, batch 240/520 ***
Training fitness: 0.8570091150935981
Model size: (9, 16)
Validation fitness: 0.8241281039118356 
Elapsed: 2.2226457595825195

*** Epoch 1, batch 241/520 ***
Training fitness: 0.8053732348449838
Model size: (9, 16)
Validation fitness: 0.8241281039118356 
Elapsed: 2.248779296875

*** Epoch 1, batch 242/520 ***
Training fitness: 0.8264473435477407
Model size: (9, 16)
Validation fitness: 0.8241281039118356 
Elapsed: 2.321641683578491

*** Epoch 1, batch 243/520 ***
Training fitness: 0.8284774078346733
Model size: (9, 16)
Validation fitness: 0.8241281039118356 
Elapsed: 2.224036455154419

*** Epoch 1, batch 244/520 ***
Training fitness: 0.8208736476469789
Model size: (9, 16)
Validation fitness: 0.8241281039118356 
Elapsed: 2.285940170288086

*** Epoch 1, batch 245/520 ***
Training fitness: 0.7716803623109468
Model size: (5, 9)
Validation fitness: 0.8146876095054948 
Elapsed: 2.1293601989746094

*** Epoch 1, batch 246/520 ***
Training fitness: 0.8738138778645068
Model size: (8, 16)
Validation fitness: 0.8292900102651549 
Elapsed: 2.1754417419433594

*** Epoch 1, batch 247/520 ***
Training fitness: 0.8640830454007505
Model size: (8, 16)
Validation fitness: 0.8292900102651549 
Elapsed: 2.2900216579437256

*** Epoch 1, batch 248/520 ***
Training fitness: 0.8551242565085805
Model size: (4, 6)
Validation fitness: 0.7985426097785132 
Elapsed: 2.3455114364624023

*** Epoch 1, batch 249/520 ***
Training fitness: 0.7812386013691567
Model size: (8, 16)
Validation fitness: 0.8292900102651549 
Elapsed: 2.2427074909210205

*** Epoch 1, batch 250/520 ***
Training fitness: 0.8122134604804695
Model size: (9, 16)
Validation fitness: 0.8241281039118356 
Elapsed: 2.3444695472717285

*** Epoch 1, batch 251/520 ***
Training fitness: 0.8777996427916533
Model size: (8, 11)
Validation fitness: 0.826879869480496 
Elapsed: 2.0433497428894043

*** Epoch 1, batch 252/520 ***
Training fitness: 0.8840094294855158
Model size: (11, 13)
Validation fitness: 0.8372055563641058 
Elapsed: 2.054952383041382

*** Epoch 1, batch 253/520 ***
Training fitness: 0.8996947376854418
Model size: (12, 22)
Validation fitness: 0.8445025570039228 
Elapsed: 2.23134446144104

*** Epoch 1, batch 254/520 ***
Training fitness: 0.8524453436228452
Model size: (12, 22)
Validation fitness: 0.8445025570039228 
Elapsed: 2.1729960441589355

*** Epoch 1, batch 255/520 ***
Training fitness: 0.8678278684236943
Model size: (8, 11)
Validation fitness: 0.8278082046546521 
Elapsed: 1.9918937683105469

*** Epoch 1, batch 256/520 ***
Training fitness: 0.8299017304689622
Model size: (12, 22)
Validation fitness: 0.8445025570039228 
Elapsed: 2.1875743865966797

*** Epoch 1, batch 257/520 ***
Training fitness: 0.88266905673264
Model size: (9, 12)
Validation fitness: 0.8291086786827617 
Elapsed: 2.132737874984741

*** Epoch 1, batch 258/520 ***
Training fitness: 0.8384228962480408
Model size: (8, 14)
Validation fitness: 0.7664492370398639 
Elapsed: 2.153639793395996

*** Epoch 1, batch 259/520 ***
Training fitness: 0.8294213417094963
Model size: (3, 6)
Validation fitness: 0.8138703987742354 
Elapsed: 2.1869232654571533

*** Epoch 1, batch 260/520 ***
Training fitness: 0.8195118557991558
Model size: (7, 10)
Validation fitness: 0.855168829978777 
Elapsed: 2.128147602081299

*** Epoch 1, batch 261/520 ***
Training fitness: 0.8222670889143765
Model size: (7, 10)
Validation fitness: 0.855168829978777 
Elapsed: 2.0728254318237305

*** Epoch 1, batch 262/520 ***
Training fitness: 0.8195971829529172
Model size: (10, 16)
Validation fitness: 0.8516714937263326 
Elapsed: 2.2762997150421143

*** Epoch 1, batch 263/520 ***
Training fitness: 0.8767660269859868
Model size: (10, 16)
Validation fitness: 0.8516714937263326 
Elapsed: 2.1634957790374756

*** Epoch 1, batch 264/520 ***
Training fitness: 0.8242882343065897
Model size: (7, 8)
Validation fitness: 0.7968868051965016 
Elapsed: 2.0791382789611816

*** Epoch 1, batch 265/520 ***
Training fitness: 0.8849338094274504
Model size: (11, 17)
Validation fitness: 0.8346910065437989 
Elapsed: 2.0925445556640625

*** Epoch 1, batch 266/520 ***
Training fitness: 0.8818688978222912
Model size: (10, 16)
Validation fitness: 0.8516714937263326 
Elapsed: 2.3983726501464844

*** Epoch 1, batch 267/520 ***
Training fitness: 0.8236261349799886
Model size: (11, 15)
Validation fitness: 0.8591224862098636 
Elapsed: 2.221283197402954

*** Epoch 1, batch 268/520 ***
Training fitness: 0.8560408732697381
Model size: (12, 16)
Validation fitness: 0.8491785011666427 
Elapsed: 2.1705691814422607

*** Epoch 1, batch 269/520 ***
Training fitness: 0.8548810556494985
Model size: (11, 15)
Validation fitness: 0.8591224862098636 
Elapsed: 2.1961116790771484

*** Epoch 1, batch 270/520 ***
Training fitness: 0.8542730260147162
Model size: (5, 5)
Validation fitness: 0.8326152548219881 
Elapsed: 2.1612420082092285

*** Epoch 1, batch 271/520 ***
Training fitness: 0.8694019740555796
Model size: (5, 5)
Validation fitness: 0.8308380185515645 
Elapsed: 2.094898223876953

*** Epoch 1, batch 272/520 ***
Training fitness: 0.8820195437930467
Model size: (11, 15)
Validation fitness: 0.8591224862098636 
Elapsed: 2.14101505279541

*** Epoch 1, batch 273/520 ***
Training fitness: 0.9010357072757278
Model size: (11, 15)
Validation fitness: 0.8591224862098636 
Elapsed: 2.2069411277770996

*** Epoch 1, batch 274/520 ***
Training fitness: 0.8637979681638847
Model size: (11, 16)
Validation fitness: 0.8700277105630346 
Elapsed: 2.175154685974121

*** Epoch 1, batch 275/520 ***
Training fitness: 0.85107178015086
Model size: (5, 5)
Validation fitness: 0.8411201520129628 
Elapsed: 1.9991042613983154

*** Epoch 1, batch 276/520 ***
Training fitness: 0.8494285111195276
Model size: (5, 6)
Validation fitness: 0.856537284319547 
Elapsed: 2.0523619651794434

*** Epoch 1, batch 277/520 ***
Training fitness: 0.862886151077445
Model size: (6, 13)
Validation fitness: 0.8436059632493871 
Elapsed: 2.1016387939453125

*** Epoch 1, batch 278/520 ***
Training fitness: 0.8644418426206677
Model size: (6, 13)
Validation fitness: 0.8436059632493871 
Elapsed: 2.0915889739990234

*** Epoch 1, batch 279/520 ***
Training fitness: 0.8527743424644041
Model size: (4, 5)
Validation fitness: 0.8494582034504435 
Elapsed: 1.9784865379333496

*** Epoch 1, batch 280/520 ***
Training fitness: 0.8344223624517987
Model size: (5, 6)
Validation fitness: 0.856537284319547 
Elapsed: 2.112679958343506

*** Epoch 1, batch 281/520 ***
Training fitness: 0.8573968551042166
Model size: (6, 13)
Validation fitness: 0.8436059632493871 
Elapsed: 2.1093227863311768

*** Epoch 1, batch 282/520 ***
Training fitness: 0.8767660269859868
Model size: (5, 6)
Validation fitness: 0.856537284319547 
Elapsed: 2.048475503921509

*** Epoch 1, batch 283/520 ***
Training fitness: 0.8620201119902365
Model size: (5, 6)
Validation fitness: 0.856537284319547 
Elapsed: 2.493356704711914

*** Epoch 1, batch 284/520 ***
Training fitness: 0.8443002335395839
Model size: (6, 12)
Validation fitness: 0.81425525838438 
Elapsed: 2.19929575920105

*** Epoch 1, batch 285/520 ***
Training fitness: 0.8514593361041948
Model size: (4, 6)
Validation fitness: 0.8529905137634085 
Elapsed: 2.064046621322632

*** Epoch 1, batch 286/520 ***
Training fitness: 0.8597616346816697
Model size: (4, 6)
Validation fitness: 0.8529905137634085 
Elapsed: 2.0431134700775146

*** Epoch 1, batch 287/520 ***
Training fitness: 0.8595172900611018
Model size: (5, 6)
Validation fitness: 0.856537284319547 
Elapsed: 2.0568158626556396

*** Epoch 1, batch 288/520 ***
Training fitness: 0.8839251680710756
Model size: (11, 18)
Validation fitness: 0.8344679628349139 
Elapsed: 2.1612720489501953

*** Epoch 1, batch 289/520 ***
Training fitness: 0.8751068310851914
Model size: (6, 12)
Validation fitness: 0.81425525838438 
Elapsed: 2.1299102306365967

*** Epoch 1, batch 290/520 ***
Training fitness: 0.8691658929953359
Model size: (11, 18)
Validation fitness: 0.8344679628349139 
Elapsed: 2.111616849899292

*** Epoch 1, batch 291/520 ***
Training fitness: 0.8669704223464272
Model size: (11, 18)
Validation fitness: 0.8344679628349139 
Elapsed: 2.152557611465454

*** Epoch 1, batch 292/520 ***
Training fitness: 0.8905476044898577
Model size: (10, 17)
Validation fitness: 0.826488871615053 
Elapsed: 2.12864351272583

*** Epoch 1, batch 293/520 ***
Training fitness: 0.8846428439400107
Model size: (12, 19)
Validation fitness: 0.8244453857028865 
Elapsed: 2.1580698490142822

*** Epoch 1, batch 294/520 ***
Training fitness: 0.8410403905203738
Model size: (7, 9)
Validation fitness: 0.7879298028130655 
Elapsed: 2.067314624786377

*** Epoch 1, batch 295/520 ***
Training fitness: 0.8343863205691165
Model size: (10, 17)
Validation fitness: 0.8375994239362844 
Elapsed: 2.1889703273773193

*** Epoch 1, batch 296/520 ***
Training fitness: 0.856559980401378
Model size: (10, 16)
Validation fitness: 0.8545389740293035 
Elapsed: 2.1572489738464355

*** Epoch 1, batch 297/520 ***
Training fitness: 0.8007704169526113
Model size: (9, 10)
Validation fitness: 0.7903039169651447 
Elapsed: 2.0793521404266357

*** Epoch 1, batch 298/520 ***
Training fitness: 0.8836681203994569
Model size: (8, 11)
Validation fitness: 0.8219043795465013 
Elapsed: 2.120518922805786

*** Epoch 1, batch 299/520 ***
Training fitness: 0.8886802690197827
Model size: (8, 14)
Validation fitness: 0.8515561050503893 
Elapsed: 2.17459774017334

*** Epoch 1, batch 300/520 ***
Training fitness: 0.8114556021373016
Model size: (10, 16)
Validation fitness: 0.8545389740293035 
Elapsed: 2.0729739665985107

*** Epoch 1, batch 301/520 ***
Training fitness: 0.8294213417094963
Model size: (8, 14)
Validation fitness: 0.7774605094349594 
Elapsed: 2.1346614360809326

*** Epoch 1, batch 302/520 ***
Training fitness: 0.8792395114137739
Model size: (8, 14)
Validation fitness: 0.8515561050503893 
Elapsed: 2.1348354816436768

*** Epoch 1, batch 303/520 ***
Training fitness: 0.8348178847007842
Model size: (9, 13)
Validation fitness: 0.8548489447448305 
Elapsed: 2.053729295730591

*** Epoch 1, batch 304/520 ***
Training fitness: 0.8916575656652351
Model size: (9, 13)
Validation fitness: 0.8548489447448305 
Elapsed: 1.9860994815826416

*** Epoch 1, batch 305/520 ***
Training fitness: 0.8013037615525054
Model size: (4, 7)
Validation fitness: 0.8562180903252966 
Elapsed: 2.075988531112671

*** Epoch 1, batch 306/520 ***
Training fitness: 0.8437118437118437
Model size: (5, 7)
Validation fitness: 0.8131284645451446 
Elapsed: 2.0178253650665283

*** Epoch 1, batch 307/520 ***
Training fitness: 0.8722620994549295
Model size: (4, 5)
Validation fitness: 0.8554228891987016 
Elapsed: 2.037935256958008

*** Epoch 1, batch 308/520 ***
Training fitness: 0.8593406593406593
Model size: (9, 13)
Validation fitness: 0.8548489447448305 
Elapsed: 1.9649701118469238

*** Epoch 1, batch 309/520 ***
Training fitness: 0.8960005030179674
Model size: (4, 6)
Validation fitness: 0.836212814874883 
Elapsed: 2.1127562522888184

*** Epoch 1, batch 310/520 ***
Training fitness: 0.9080956882822263
Model size: (4, 5)
Validation fitness: 0.8554228891987016 
Elapsed: 2.0308516025543213

*** Epoch 1, batch 311/520 ***
Training fitness: 0.8810078679489635
Model size: (10, 14)
Validation fitness: 0.8627093922351993 
Elapsed: 1.9118170738220215

*** Epoch 1, batch 312/520 ***
Training fitness: 0.8019363584826527
Model size: (6, 12)
Validation fitness: 0.7988409944021674 
Elapsed: 1.8677682876586914

*** Epoch 1, batch 313/520 ***
Training fitness: 0.8295406877856663
Model size: (5, 9)
Validation fitness: 0.8070634042479229 
Elapsed: 1.9795453548431396

*** Epoch 1, batch 314/520 ***
Training fitness: 0.7768893657089236
Model size: (4, 5)
Validation fitness: 0.8554228891987016 
Elapsed: 1.8754019737243652

*** Epoch 1, batch 315/520 ***
Training fitness: 0.901590537370498
Model size: (4, 5)
Validation fitness: 0.8554228891987016 
Elapsed: 1.796989917755127

*** Epoch 1, batch 316/520 ***
Training fitness: 0.8054536090644069
Model size: (4, 5)
Validation fitness: 0.8554228891987016 
Elapsed: 1.8678598403930664

*** Epoch 1, batch 317/520 ***
Training fitness: 0.8247021571994935
Model size: (9, 13)
Validation fitness: 0.8548489447448305 
Elapsed: 1.9282128810882568

*** Epoch 1, batch 318/520 ***
Training fitness: 0.8333724101494138
Model size: (10, 14)
Validation fitness: 0.85576195046923 
Elapsed: 1.9209141731262207

*** Epoch 1, batch 319/520 ***
Training fitness: 0.8910045188702564
Model size: (5, 7)
Validation fitness: 0.8411100438009466 
Elapsed: 1.9793405532836914

*** Epoch 1, batch 320/520 ***
Training fitness: 0.8594799233872416
Model size: (10, 13)
Validation fitness: 0.8240975915444229 
Elapsed: 1.9160356521606445

*** Epoch 1, batch 321/520 ***
Training fitness: 0.8680714353194994
Model size: (7, 10)
Validation fitness: 0.8572854667562321 
Elapsed: 2.0541958808898926

*** Epoch 1, batch 322/520 ***
Training fitness: 0.8764172122721084
Model size: (5, 7)
Validation fitness: 0.8292092039780158 
Elapsed: 2.0158138275146484

*** Epoch 1, batch 323/520 ***
Training fitness: 0.8538738367584108
Model size: (10, 15)
Validation fitness: 0.8618365380417724 
Elapsed: 1.9505722522735596

*** Epoch 1, batch 324/520 ***
Training fitness: 0.890864979354385
Model size: (8, 16)
Validation fitness: 0.8333946471668393 
Elapsed: 1.9384503364562988

*** Epoch 1, batch 325/520 ***
Training fitness: 0.8248069400467511
Model size: (9, 18)
Validation fitness: 0.8228528357461189 
Elapsed: 1.9890003204345703

*** Epoch 1, batch 326/520 ***
Training fitness: 0.8204542570918602
Model size: (10, 15)
Validation fitness: 0.8618365380417724 
Elapsed: 2.080878496170044

*** Epoch 1, batch 327/520 ***
Training fitness: 0.908621651010445
Model size: (7, 13)
Validation fitness: 0.8491210492875331 
Elapsed: 2.146245241165161

*** Epoch 1, batch 328/520 ***
Training fitness: 0.8310606055293641
Model size: (6, 9)
Validation fitness: 0.8572335799725339 
Elapsed: 2.0194854736328125

*** Epoch 1, batch 329/520 ***
Training fitness: 0.8422414663479388
Model size: (6, 9)
Validation fitness: 0.8572335799725339 
Elapsed: 2.0757148265838623

*** Epoch 1, batch 330/520 ***
Training fitness: 0.7851595680074889
Model size: (5, 10)
Validation fitness: 0.8448973269332202 
Elapsed: 2.1514198780059814

*** Epoch 1, batch 331/520 ***
Training fitness: 0.8694804781072921
Model size: (7, 14)
Validation fitness: 0.8515216727232802 
Elapsed: 2.1289401054382324

*** Epoch 1, batch 332/520 ***
Training fitness: 0.8932025856946716
Model size: (6, 13)
Validation fitness: 0.8548942883845883 
Elapsed: 2.2492763996124268

*** Epoch 1, batch 333/520 ***
Training fitness: 0.8888342065420075
Model size: (8, 18)
Validation fitness: 0.8562636666352745 
Elapsed: 2.0949368476867676

*** Epoch 1, batch 334/520 ***
Training fitness: 0.8861582923517999
Model size: (6, 9)
Validation fitness: 0.854513060201229 
Elapsed: 2.103517532348633

*** Epoch 1, batch 335/520 ***
Training fitness: 0.7834221599771002
Model size: (8, 13)
Validation fitness: 0.843004955311905 
Elapsed: 2.363100528717041

*** Epoch 1, batch 336/520 ***
Training fitness: 0.812690279566458
Model size: (7, 16)
Validation fitness: 0.853017232444368 
Elapsed: 2.2054052352905273

*** Epoch 1, batch 337/520 ***
Training fitness: 0.8680078693169341
Model size: (5, 8)
Validation fitness: 0.8459406732760354 
Elapsed: 2.130690336227417

*** Epoch 1, batch 338/520 ***
Training fitness: 0.8441148196466379
Model size: (5, 8)
Validation fitness: 0.8459406732760354 
Elapsed: 2.197742462158203

*** Epoch 1, batch 339/520 ***
Training fitness: 0.8775795710243242
Model size: (6, 10)
Validation fitness: 0.8496575077526733 
Elapsed: 2.191800594329834

*** Epoch 1, batch 340/520 ***
Training fitness: 0.8184334309557163
Model size: (7, 9)
Validation fitness: 0.8568337512173938 
Elapsed: 2.2834064960479736

*** Epoch 1, batch 341/520 ***
Training fitness: 0.8927421197923213
Model size: (10, 17)
Validation fitness: 0.8547850552690384 
Elapsed: 2.4222776889801025

*** Epoch 1, batch 342/520 ***
Training fitness: 0.8620201119902365
Model size: (6, 10)
Validation fitness: 0.8496575077526733 
Elapsed: 2.260622978210449

*** Epoch 1, batch 343/520 ***
Training fitness: 0.8446785018399109
Model size: (9, 15)
Validation fitness: 0.8310342329110839 
Elapsed: 2.337287187576294

*** Epoch 1, batch 344/520 ***
Training fitness: 0.8060000393712059
Model size: (10, 17)
Validation fitness: 0.8547850552690384 
Elapsed: 2.5526535511016846

*** Epoch 1, batch 345/520 ***
Training fitness: 0.8776019590069722
Model size: (10, 17)
Validation fitness: 0.8547850552690384 
Elapsed: 2.38236403465271

*** Epoch 1, batch 346/520 ***
Training fitness: 0.8562450949126907
Model size: (6, 10)
Validation fitness: 0.8496575077526733 
Elapsed: 2.281254768371582

*** Epoch 1, batch 347/520 ***
Training fitness: 0.8491379121930347
Model size: (6, 11)
Validation fitness: 0.8546872427867112 
Elapsed: 2.3984668254852295

*** Epoch 1, batch 348/520 ***
Training fitness: 0.8562806500597844
Model size: (6, 8)
Validation fitness: 0.85649180908322 
Elapsed: 2.460373640060425

*** Epoch 1, batch 349/520 ***
Training fitness: 0.8232307884979778
Model size: (6, 11)
Validation fitness: 0.8546872427867112 
Elapsed: 2.3611581325531006

*** Epoch 1, batch 350/520 ***
Training fitness: 0.8147474853260687
Model size: (8, 15)
Validation fitness: 0.8510328294400443 
Elapsed: 2.477921724319458

*** Epoch 1, batch 351/520 ***
Training fitness: 0.9156475405592058
Model size: (6, 11)
Validation fitness: 0.8546872427867112 
Elapsed: 2.4403743743896484

*** Epoch 1, batch 352/520 ***
Training fitness: 0.7885705660035506
Model size: (11, 15)
Validation fitness: 0.778951010594697 
Elapsed: 2.2436916828155518

*** Epoch 1, batch 353/520 ***
Training fitness: 0.8288698968166448
Model size: (7, 12)
Validation fitness: 0.840235210749802 
Elapsed: 2.462059259414673

*** Epoch 1, batch 354/520 ***
Training fitness: 0.8634695375581111
Model size: (8, 14)
Validation fitness: 0.8583874427202365 
Elapsed: 2.5455000400543213

*** Epoch 1, batch 355/520 ***
Training fitness: 0.8716948943863142
Model size: (7, 11)
Validation fitness: 0.8410529353503008 
Elapsed: 2.360736131668091

*** Epoch 1, batch 356/520 ***
Training fitness: 0.8920579032636218
Model size: (8, 14)
Validation fitness: 0.8583874427202365 
Elapsed: 2.418219566345215

*** Epoch 1, batch 357/520 ***
Training fitness: 0.7992354653013896
Model size: (12, 21)
Validation fitness: 0.7993810430579638 
Elapsed: 2.254823684692383

*** Epoch 1, batch 358/520 ***
Training fitness: 0.7974032981506064
Model size: (10, 20)
Validation fitness: 0.8216384413210178 
Elapsed: 2.3680458068847656

*** Epoch 1, batch 359/520 ***
Training fitness: 0.8442187420870106
Model size: (14, 20)
Validation fitness: 0.7973618011337771 
Elapsed: 2.2772409915924072

*** Epoch 1, batch 360/520 ***
Training fitness: 0.8513162801457863
Model size: (11, 20)
Validation fitness: 0.8192990162894443 
Elapsed: 2.4149577617645264

*** Epoch 1, batch 361/520 ***
Training fitness: 0.8827535858205336
Model size: (10, 19)
Validation fitness: 0.8254190560242016 
Elapsed: 2.628866195678711

*** Epoch 1, batch 362/520 ***
Training fitness: 0.8517060917045379
Model size: (12, 22)
Validation fitness: 0.8135235629203142 
Elapsed: 2.8986337184906006

*** Epoch 1, batch 363/520 ***
Training fitness: 0.773432071937279
Model size: (10, 19)
Validation fitness: 0.8254190560242016 
Elapsed: 2.7124106884002686

*** Epoch 1, batch 364/520 ***
Training fitness: 0.8282517836993646
Model size: (14, 20)
Validation fitness: 0.828132916256138 
Elapsed: 2.4490575790405273

*** Epoch 1, batch 365/520 ***
Training fitness: 0.8573191959838433
Model size: (12, 19)
Validation fitness: 0.8467921091004859 
Elapsed: 2.5666344165802

*** Epoch 1, batch 366/520 ***
Training fitness: 0.851814550468418
Model size: (11, 21)
Validation fitness: 0.8276718297554904 
Elapsed: 2.6870498657226562

*** Epoch 1, batch 367/520 ***
Training fitness: 0.785935086970709
Model size: (12, 22)
Validation fitness: 0.8245844788032214 
Elapsed: 2.5771942138671875

*** Epoch 1, batch 368/520 ***
Training fitness: 0.7767145087208576
Model size: (13, 19)
Validation fitness: 0.8472495908979265 
Elapsed: 2.644016742706299

*** Epoch 1, batch 369/520 ***
Training fitness: 0.884219548044426
Model size: (13, 23)
Validation fitness: 0.8159811582411639 
Elapsed: 2.584160804748535

*** Epoch 1, batch 370/520 ***
Training fitness: 0.9140799110444383
Model size: (13, 20)
Validation fitness: 0.8253024595168306 
Elapsed: 2.4614830017089844

*** Epoch 1, batch 371/520 ***
Training fitness: 0.8408252788016852
Model size: (15, 22)
Validation fitness: 0.8300130185384983 
Elapsed: 2.442441940307617

*** Epoch 1, batch 372/520 ***
Training fitness: 0.8671199948728239
Model size: (14, 22)
Validation fitness: 0.834455163469364 
Elapsed: 2.5962064266204834

*** Epoch 1, batch 373/520 ***
Training fitness: 0.8338866356845952
Model size: (11, 17)
Validation fitness: 0.8297305684386518 
Elapsed: 2.1424567699432373

*** Epoch 1, batch 374/520 ***
Training fitness: 0.8839361181208191
Model size: (14, 20)
Validation fitness: 0.828132916256138 
Elapsed: 2.4893341064453125

*** Epoch 1, batch 375/520 ***
Training fitness: 0.8520293867572145
Model size: (14, 20)
Validation fitness: 0.828132916256138 
Elapsed: 2.371945381164551

*** Epoch 1, batch 376/520 ***
Training fitness: 0.8436240725411821
Model size: (10, 11)
Validation fitness: 0.8146509108834517 
Elapsed: 2.189699649810791

*** Epoch 1, batch 377/520 ***
Training fitness: 0.8598642426785197
Model size: (15, 22)
Validation fitness: 0.8300130185384983 
Elapsed: 2.291093587875366

*** Epoch 1, batch 378/520 ***
Training fitness: 0.8123969465648855
Model size: (13, 19)
Validation fitness: 0.8213485492485054 
Elapsed: 2.2160439491271973

*** Epoch 1, batch 379/520 ***
Training fitness: 0.8520870050846231
Model size: (16, 24)
Validation fitness: 0.8485754600838773 
Elapsed: 2.391458749771118

*** Epoch 1, batch 380/520 ***
Training fitness: 0.8364366769671268
Model size: (13, 19)
Validation fitness: 0.8339168523472665 
Elapsed: 2.71417498588562

*** Epoch 1, batch 381/520 ***
Training fitness: 0.8250741870163844
Model size: (16, 24)
Validation fitness: 0.8485754600838773 
Elapsed: 2.376716136932373

*** Epoch 1, batch 382/520 ***
Training fitness: 0.8777096876897804
Model size: (16, 24)
Validation fitness: 0.8485754600838773 
Elapsed: 2.353395462036133

*** Epoch 1, batch 383/520 ***
Training fitness: 0.8838737558989689
Model size: (17, 29)
Validation fitness: 0.836102220327294 
Elapsed: 2.555406093597412

*** Epoch 1, batch 384/520 ***
Training fitness: 0.907763869081789
Model size: (16, 24)
Validation fitness: 0.8485754600838773 
Elapsed: 2.342127799987793

*** Epoch 1, batch 385/520 ***
Training fitness: 0.8468788734777243
Model size: (16, 24)
Validation fitness: 0.8485754600838773 
Elapsed: 2.315136432647705

*** Epoch 1, batch 386/520 ***
Training fitness: 0.8555765000638629
Model size: (11, 20)
Validation fitness: 0.8226407961244792 
Elapsed: 2.1704611778259277

*** Epoch 1, batch 387/520 ***
Training fitness: 0.8298708440046113
Model size: (17, 28)
Validation fitness: 0.8232877859790276 
Elapsed: 2.3217854499816895

*** Epoch 1, batch 388/520 ***
Training fitness: 0.8231853315070614
Model size: (9, 12)
Validation fitness: 0.7909518426280021 
Elapsed: 2.0893447399139404

*** Epoch 1, batch 389/520 ***
Training fitness: 0.8350707730972883
Model size: (14, 20)
Validation fitness: 0.8250672025800326 
Elapsed: 2.2862131595611572

*** Epoch 1, batch 390/520 ***
Training fitness: 0.8221110920775001
Model size: (11, 19)
Validation fitness: 0.8360351821044566 
Elapsed: 2.0882434844970703

*** Epoch 1, batch 391/520 ***
Training fitness: 0.8404254020068181
Model size: (15, 23)
Validation fitness: 0.8019021905092066 
Elapsed: 2.2423577308654785

*** Epoch 1, batch 392/520 ***
Training fitness: 0.834754125427301
Model size: (19, 23)
Validation fitness: 0.8016215512951841 
Elapsed: 2.07051420211792

*** Epoch 1, batch 393/520 ***
Training fitness: 0.8340784825148516
Model size: (9, 11)
Validation fitness: 0.7869217311734816 
Elapsed: 2.0399017333984375

*** Epoch 1, batch 394/520 ***
Training fitness: 0.8445274155286475
Model size: (13, 17)
Validation fitness: 0.817062348636949 
Elapsed: 2.008941888809204

*** Epoch 1, batch 395/520 ***
Training fitness: 0.7912407731119606
Model size: (17, 27)
Validation fitness: 0.7853318375421512 
Elapsed: 1.961463451385498

*** Epoch 1, batch 396/520 ***
Training fitness: 0.8329740698924927
Model size: (14, 19)
Validation fitness: 0.7895361541998862 
Elapsed: 1.972019910812378

*** Epoch 1, batch 397/520 ***
Training fitness: 0.8295406877856663
Model size: (14, 20)
Validation fitness: 0.8106967519590917 
Elapsed: 1.9465954303741455

*** Epoch 1, batch 398/520 ***
Training fitness: 0.8910045188702564
Model size: (13, 17)
Validation fitness: 0.8286059274462819 
Elapsed: 1.9693257808685303

*** Epoch 1, batch 399/520 ***
Training fitness: 0.8671166554323482
Model size: (15, 19)
Validation fitness: 0.8205906095653513 
Elapsed: 2.0507168769836426

*** Epoch 1, batch 400/520 ***
Training fitness: 0.7488563542702095
Model size: (15, 24)
Validation fitness: 0.7896331409645337 
Elapsed: 1.9408743381500244

*** Epoch 1, batch 401/520 ***
Training fitness: 0.9025955321915531
Model size: (16, 23)
Validation fitness: 0.7912176095409668 
Elapsed: 1.9523169994354248

*** Epoch 1, batch 402/520 ***
Training fitness: 0.7914077191864581
Model size: (11, 16)
Validation fitness: 0.8183316591294427 
Elapsed: 1.8924806118011475

*** Epoch 1, batch 403/520 ***
Training fitness: 0.8280896326420674
Model size: (11, 16)
Validation fitness: 0.8183316591294427 
Elapsed: 1.9613337516784668

*** Epoch 1, batch 404/520 ***
Training fitness: 0.8420737474484297
Model size: (10, 14)
Validation fitness: 0.8268176708807555 
Elapsed: 1.9776921272277832

*** Epoch 1, batch 405/520 ***
Training fitness: 0.8177634499299953
Model size: (10, 14)
Validation fitness: 0.8268176708807555 
Elapsed: 2.0072410106658936

*** Epoch 1, batch 406/520 ***
Training fitness: 0.7722122115690189
Model size: (11, 16)
Validation fitness: 0.8183316591294427 
Elapsed: 2.00502610206604

*** Epoch 1, batch 407/520 ***
Training fitness: 0.8514593361041948
Model size: (10, 14)
Validation fitness: 0.8268176708807555 
Elapsed: 1.9147794246673584

*** Epoch 1, batch 408/520 ***
Training fitness: 0.7591192988763285
Model size: (7, 10)
Validation fitness: 0.7948345496162516 
Elapsed: 1.9646964073181152

*** Epoch 1, batch 409/520 ***
Training fitness: 0.8109335168337043
Model size: (11, 17)
Validation fitness: 0.791750808055472 
Elapsed: 1.921210765838623

*** Epoch 1, batch 410/520 ***
Training fitness: 0.7872017943211523
Model size: (23, 23)
Validation fitness: 0.7871683914113371 
Elapsed: 1.945258617401123

*** Epoch 1, batch 411/520 ***
Training fitness: 0.7922830417853544
Model size: (17, 22)
Validation fitness: 0.7933827700440015 
Elapsed: 2.1377508640289307

*** Epoch 1, batch 412/520 ***
Training fitness: 0.7819850660347984
Model size: (8, 13)
Validation fitness: 0.7998389900467454 
Elapsed: 1.879241704940796

*** Epoch 1, batch 413/520 ***
Training fitness: 0.78977651132369
Model size: (8, 13)
Validation fitness: 0.7998389900467454 
Elapsed: 1.9262526035308838

*** Epoch 1, batch 414/520 ***
Training fitness: 0.8536192742767036
Model size: (9, 13)
Validation fitness: 0.8043652618902057 
Elapsed: 1.897981882095337

*** Epoch 1, batch 415/520 ***
Training fitness: 0.8355709539679641
Model size: (9, 13)
Validation fitness: 0.8043652618902057 
Elapsed: 1.931736707687378

*** Epoch 1, batch 416/520 ***
Training fitness: 0.8373707732757218
Model size: (9, 16)
Validation fitness: 0.7959797974721228 
Elapsed: 1.9323248863220215

*** Epoch 1, batch 417/520 ***
Training fitness: 0.8435189157191479
Model size: (9, 15)
Validation fitness: 0.8154175366360442 
Elapsed: 1.9623119831085205

*** Epoch 1, batch 418/520 ***
Training fitness: 0.8067421536947437
Model size: (8, 14)
Validation fitness: 0.8231620088328735 
Elapsed: 1.8625407218933105

*** Epoch 1, batch 419/520 ***
Training fitness: 0.8582659963369286
Model size: (12, 20)
Validation fitness: 0.8041146337433519 
Elapsed: 1.9314374923706055

*** Epoch 1, batch 420/520 ***
Training fitness: 0.8618105123918386
Model size: (11, 13)
Validation fitness: 0.8105253766923713 
Elapsed: 1.9432661533355713

*** Epoch 1, batch 421/520 ***
Training fitness: 0.8603630678575075
Model size: (9, 14)
Validation fitness: 0.8259512412861382 
Elapsed: 1.8633861541748047

*** Epoch 1, batch 422/520 ***
Training fitness: 0.8412297448246849
Model size: (11, 13)
Validation fitness: 0.8105253766923713 
Elapsed: 1.9479076862335205

*** Epoch 1, batch 423/520 ***
Training fitness: 0.882286129472653
Model size: (11, 18)
Validation fitness: 0.8279593830052422 
Elapsed: 1.9414119720458984

*** Epoch 1, batch 424/520 ***
Training fitness: 0.8374057312749197
Model size: (10, 18)
Validation fitness: 0.8183962599211005 
Elapsed: 2.241960287094116

*** Epoch 1, batch 425/520 ***
Training fitness: 0.8269593104323233
Model size: (9, 15)
Validation fitness: 0.8476884013110612 
Elapsed: 1.940265417098999

*** Epoch 1, batch 426/520 ***
Training fitness: 0.8751844971709231
Model size: (9, 15)
Validation fitness: 0.8476884013110612 
Elapsed: 1.9645500183105469

*** Epoch 1, batch 427/520 ***
Training fitness: 0.841322626257151
Model size: (9, 16)
Validation fitness: 0.8387627663844408 
Elapsed: 1.9467332363128662

*** Epoch 1, batch 428/520 ***
Training fitness: 0.8910270550825319
Model size: (9, 15)
Validation fitness: 0.8476884013110612 
Elapsed: 1.8812055587768555

*** Epoch 1, batch 429/520 ***
Training fitness: 0.87566135654976
Model size: (11, 18)
Validation fitness: 0.8279593830052422 
Elapsed: 1.9730238914489746

*** Epoch 1, batch 430/520 ***
Training fitness: 0.8052924843837574
Model size: (11, 21)
Validation fitness: 0.8028016599285179 
Elapsed: 1.9156336784362793

*** Epoch 1, batch 431/520 ***
Training fitness: 0.8250161286611208
Model size: (13, 19)
Validation fitness: 0.8568674226837147 
Elapsed: 2.179903507232666

*** Epoch 1, batch 432/520 ***
Training fitness: 0.799633740273513
Model size: (10, 9)
Validation fitness: 0.80664620167089 
Elapsed: 1.9482371807098389

*** Epoch 1, batch 433/520 ***
Training fitness: 0.8637210742648661
Model size: (13, 19)
Validation fitness: 0.8568674226837147 
Elapsed: 2.0981552600860596

*** Epoch 1, batch 434/520 ***
Training fitness: 0.8382518668467805
Model size: (12, 21)
Validation fitness: 0.8136154853827244 
Elapsed: 2.056351900100708

*** Epoch 1, batch 435/520 ***
Training fitness: 0.882855233446771
Model size: (9, 15)
Validation fitness: 0.8476884013110612 
Elapsed: 1.8999366760253906

*** Epoch 1, batch 436/520 ***
Training fitness: 0.8201179764385514
Model size: (9, 15)
Validation fitness: 0.8476884013110612 
Elapsed: 1.954981803894043

*** Epoch 1, batch 437/520 ***
Training fitness: 0.8661162626713991
Model size: (9, 15)
Validation fitness: 0.8716105822697301 
Elapsed: 2.0454604625701904

*** Epoch 1, batch 438/520 ***
Training fitness: 0.869424751943045
Model size: (9, 15)
Validation fitness: 0.8716105822697301 
Elapsed: 1.8829762935638428

*** Epoch 1, batch 439/520 ***
Training fitness: 0.8810078679489635
Model size: (12, 11)
Validation fitness: 0.8246513733115461 
Elapsed: 1.9857995510101318

*** Epoch 1, batch 440/520 ***
Training fitness: 0.7876203619049273
Model size: (11, 16)
Validation fitness: 0.8323545907357839 
Elapsed: 1.9624581336975098

*** Epoch 1, batch 441/520 ***
Training fitness: 0.838148431604978
Model size: (12, 12)
Validation fitness: 0.8086566613872814 
Elapsed: 1.966243028640747

*** Epoch 1, batch 442/520 ***
Training fitness: 0.8117982467600081
Model size: (12, 17)
Validation fitness: 0.8027178490536276 
Elapsed: 1.9725465774536133

*** Epoch 1, batch 443/520 ***
Training fitness: 0.7922830417853544
Model size: (13, 16)
Validation fitness: 0.783634904744557 
Elapsed: 1.964193344116211

*** Epoch 1, batch 444/520 ***
Training fitness: 0.8952689118121125
Model size: (11, 16)
Validation fitness: 0.8323545907357839 
Elapsed: 2.0836825370788574

*** Epoch 1, batch 445/520 ***
Training fitness: 0.8473959491269929
Model size: (13, 12)
Validation fitness: 0.8083608476820495 
Elapsed: 2.1013031005859375

*** Epoch 1, batch 446/520 ***
Training fitness: 0.8401489183673224
Model size: (11, 16)
Validation fitness: 0.8273318752073091 
Elapsed: 2.108525514602661

*** Epoch 1, batch 447/520 ***
Training fitness: 0.9090878274215873
Model size: (12, 17)
Validation fitness: 0.8020384281585781 
Elapsed: 2.1654436588287354

*** Epoch 1, batch 448/520 ***
Training fitness: 0.8393145727285991
Model size: (12, 17)
Validation fitness: 0.8020384281585781 
Elapsed: 2.1275434494018555

*** Epoch 1, batch 449/520 ***
Training fitness: 0.7792375075901093
Model size: (12, 17)
Validation fitness: 0.8020384281585781 
Elapsed: 2.170355796813965

*** Epoch 1, batch 450/520 ***
Training fitness: 0.8143556679347127
Model size: (12, 19)
Validation fitness: 0.7795335729967906 
Elapsed: 2.27185320854187

*** Epoch 1, batch 451/520 ***
Training fitness: 0.8444728508418954
Model size: (13, 20)
Validation fitness: 0.815153214447666 
Elapsed: 2.2144126892089844

*** Epoch 1, batch 452/520 ***
Training fitness: 0.8757076011907945
Model size: (13, 14)
Validation fitness: 0.8264717303515594 
Elapsed: 2.087721347808838

*** Epoch 1, batch 453/520 ***
Training fitness: 0.8128032593554527
Model size: (10, 16)
Validation fitness: 0.7977585748657424 
Elapsed: 2.0202274322509766

*** Epoch 1, batch 454/520 ***
Training fitness: 0.8878983244156127
Model size: (9, 10)
Validation fitness: 0.7662151005898312 
Elapsed: 2.1239213943481445

*** Epoch 1, batch 455/520 ***
Training fitness: 0.8141040256280215
Model size: (11, 17)
Validation fitness: 0.802812060996321 
Elapsed: 2.1845288276672363

*** Epoch 1, batch 456/520 ***
Training fitness: 0.8340784825148516
Model size: (12, 18)
Validation fitness: 0.8040981550784532 
Elapsed: 2.2098019123077393

*** Epoch 1, batch 457/520 ***
Training fitness: 0.8546668257253964
Model size: (14, 19)
Validation fitness: 0.8016011803659956 
Elapsed: 2.1055374145507812

*** Epoch 1, batch 458/520 ***
Training fitness: 0.8708232913053501
Model size: (14, 19)
Validation fitness: 0.7962019731603875 
Elapsed: 2.002760410308838

*** Epoch 1, batch 459/520 ***
Training fitness: 0.8694129762984147
Model size: (12, 19)
Validation fitness: 0.8028345808899863 
Elapsed: 2.1657021045684814

*** Epoch 1, batch 460/520 ***
Training fitness: 0.8882759649722126
Model size: (14, 16)
Validation fitness: 0.8074809322911587 
Elapsed: 2.059128999710083

*** Epoch 1, batch 461/520 ***
Training fitness: 0.7831436433158833
Model size: (11, 15)
Validation fitness: 0.803657997414967 
Elapsed: 1.9659080505371094

*** Epoch 1, batch 462/520 ***
Training fitness: 0.8150914703110473
Model size: (10, 13)
Validation fitness: 0.8240618312365958 
Elapsed: 1.9330508708953857

*** Epoch 1, batch 463/520 ***
Training fitness: 0.7952228675433706
Model size: (15, 18)
Validation fitness: 0.8386387304012007 
Elapsed: 1.9958281517028809

*** Epoch 1, batch 464/520 ***
Training fitness: 0.8371903394832194
Model size: (15, 18)
Validation fitness: 0.8386387304012007 
Elapsed: 2.0661208629608154

*** Epoch 1, batch 465/520 ***
Training fitness: 0.8284774078346733
Model size: (8, 12)
Validation fitness: 0.814317524412628 
Elapsed: 1.8979806900024414

*** Epoch 1, batch 466/520 ***
Training fitness: 0.8268844828351871
Model size: (7, 11)
Validation fitness: 0.8149260548042147 
Elapsed: 1.9993360042572021

*** Epoch 1, batch 467/520 ***
Training fitness: 0.820982651524639
Model size: (6, 9)
Validation fitness: 0.8140613299360543 
Elapsed: 1.9219119548797607

*** Epoch 1, batch 468/520 ***
Training fitness: 0.7927897171414324
Model size: (6, 9)
Validation fitness: 0.8161051306835585 
Elapsed: 1.914381504058838

*** Epoch 1, batch 469/520 ***
Training fitness: 0.827298680998643
Model size: (10, 12)
Validation fitness: 0.8092348597951748 
Elapsed: 1.921046495437622

*** Epoch 1, batch 470/520 ***
Training fitness: 0.8505854844551698
Model size: (10, 14)
Validation fitness: 0.8368128437190797 
Elapsed: 2.1333932876586914

*** Epoch 1, batch 471/520 ***
Training fitness: 0.9072753032934013
Model size: (10, 11)
Validation fitness: 0.8389217191086907 
Elapsed: 2.0066463947296143

*** Epoch 1, batch 472/520 ***
Training fitness: 0.8535870465641008
Model size: (10, 11)
Validation fitness: 0.8389217191086907 
Elapsed: 1.9307096004486084

*** Epoch 1, batch 473/520 ***
Training fitness: 0.8630705452587882
Model size: (5, 8)
Validation fitness: 0.8456994702293203 
Elapsed: 1.833653450012207

*** Epoch 1, batch 474/520 ***
Training fitness: 0.8624800060695207
Model size: (5, 8)
Validation fitness: 0.8456994702293203 
Elapsed: 1.9262666702270508

*** Epoch 1, batch 475/520 ***
Training fitness: 0.8592808877461776
Model size: (10, 11)
Validation fitness: 0.8389217191086907 
Elapsed: 1.9212467670440674

*** Epoch 1, batch 476/520 ***
Training fitness: 0.8308780287705418
Model size: (4, 8)
Validation fitness: 0.8364722271363121 
Elapsed: 1.8184583187103271

*** Epoch 1, batch 477/520 ***
Training fitness: 0.8838267080127573
Model size: (5, 8)
Validation fitness: 0.8456994702293203 
Elapsed: 1.8370723724365234

*** Epoch 1, batch 478/520 ***
Training fitness: 0.8597923141478182
Model size: (10, 11)
Validation fitness: 0.8389217191086907 
Elapsed: 3.2838361263275146

*** Epoch 1, batch 479/520 ***
Training fitness: 0.8665474247258494
Model size: (10, 11)
Validation fitness: 0.8389217191086907 
Elapsed: 3.6557517051696777

*** Epoch 1, batch 480/520 ***
Training fitness: 0.8347983804135319
Model size: (7, 12)
Validation fitness: 0.820488559652743 
Elapsed: 4.078358173370361

*** Epoch 1, batch 481/520 ***
Training fitness: 0.841893550003555
Model size: (10, 15)
Validation fitness: 0.790534786662504 
Elapsed: 3.587939500808716

*** Epoch 1, batch 482/520 ***
Training fitness: 0.8033501119726091
Model size: (7, 12)
Validation fitness: 0.820488559652743 
Elapsed: 3.487443685531616

*** Epoch 1, batch 483/520 ***
Training fitness: 0.8675601021183786
Model size: (6, 10)
Validation fitness: 0.8264071204379215 
Elapsed: 3.7912609577178955

*** Epoch 1, batch 484/520 ***
Training fitness: 0.8557313449481568
Model size: (13, 19)
Validation fitness: 0.8482035394572223 
Elapsed: 3.6809749603271484

*** Epoch 1, batch 485/520 ***
Training fitness: 0.9008820614300475
Model size: (13, 19)
Validation fitness: 0.8482035394572223 
Elapsed: 3.89357590675354

*** Epoch 1, batch 486/520 ***
Training fitness: 0.898231813546816
Model size: (13, 19)
Validation fitness: 0.8482035394572223 
Elapsed: 3.9413297176361084

*** Epoch 1, batch 487/520 ***
Training fitness: 0.8504112939478811
Model size: (13, 19)
Validation fitness: 0.8482035394572223 
Elapsed: 3.8609139919281006

*** Epoch 1, batch 488/520 ***
Training fitness: 0.9133053015681506
Model size: (13, 19)
Validation fitness: 0.8482035394572223 
Elapsed: 3.902523994445801

*** Epoch 1, batch 489/520 ***
Training fitness: 0.8858563272037836
Model size: (13, 19)
Validation fitness: 0.8482035394572223 
Elapsed: 3.8702757358551025

*** Epoch 1, batch 490/520 ***
Training fitness: 0.8305382741865155
Model size: (13, 19)
Validation fitness: 0.8482035394572223 
Elapsed: 3.887800455093384

*** Epoch 1, batch 491/520 ***
Training fitness: 0.8444233728885883
Model size: (13, 15)
Validation fitness: 0.8209937412843313 
Elapsed: 3.637373924255371

*** Epoch 1, batch 492/520 ***
Training fitness: 0.8421320417640915
Model size: (13, 19)
Validation fitness: 0.8482035394572223 
Elapsed: 4.0502588748931885

*** Epoch 1, batch 493/520 ***
Training fitness: 0.8704439577427865
Model size: (13, 19)
Validation fitness: 0.8482035394572223 
Elapsed: 3.9763906002044678

*** Epoch 1, batch 494/520 ***
Training fitness: 0.8914275876003688
Model size: (15, 18)
Validation fitness: 0.8015163085472822 
Elapsed: 3.566183567047119

*** Epoch 1, batch 495/520 ***
Training fitness: 0.8405479825027264
Model size: (13, 19)
Validation fitness: 0.8482035394572223 
Elapsed: 3.855109214782715

*** Epoch 1, batch 496/520 ***
Training fitness: 0.8925033542546137
Model size: (13, 19)
Validation fitness: 0.8482035394572223 
Elapsed: 3.959960460662842

*** Epoch 1, batch 497/520 ***
Training fitness: 0.7905632647906463
Model size: (12, 13)
Validation fitness: 0.8234195170566873 
Elapsed: 4.283330678939819

*** Epoch 1, batch 498/520 ***
Training fitness: 0.8513375205123862
Model size: (13, 19)
Validation fitness: 0.8482035394572223 
Elapsed: 3.9944279193878174

*** Epoch 1, batch 499/520 ***
Training fitness: 0.8031434475782391
Model size: (13, 19)
Validation fitness: 0.8482035394572223 
Elapsed: 4.127313137054443

*** Epoch 1, batch 500/520 ***
Training fitness: 0.8586763172422254
Model size: (12, 13)
Validation fitness: 0.8234195170566873 
Elapsed: 3.882972002029419

*** Epoch 1, batch 501/520 ***
Training fitness: 0.7896651967316746
Model size: (8, 10)
Validation fitness: 0.8308365309750397 
Elapsed: 3.864748239517212

*** Epoch 1, batch 502/520 ***
Training fitness: 0.8522129350866587
Model size: (8, 10)
Validation fitness: 0.8308365309750397 
Elapsed: 3.80546498298645

*** Epoch 1, batch 503/520 ***
Training fitness: 0.8477507408910467
Model size: (10, 15)
Validation fitness: 0.7982240911989807 
Elapsed: 3.8513646125793457

*** Epoch 1, batch 504/520 ***
Training fitness: 0.8285714285714286
Model size: (12, 13)
Validation fitness: 0.8234195170566873 
Elapsed: 3.7604615688323975

*** Epoch 1, batch 505/520 ***
Training fitness: 0.9125939850066883
Model size: (7, 9)
Validation fitness: 0.8290913958994709 
Elapsed: 3.915982484817505

*** Epoch 1, batch 506/520 ***
Training fitness: 0.8210639792329332
Model size: (8, 12)
Validation fitness: 0.8346346054694872 
Elapsed: 3.928469657897949

*** Epoch 1, batch 507/520 ***
Training fitness: 0.8286846231871562
Model size: (10, 12)
Validation fitness: 0.8078294383465227 
Elapsed: 4.2018516063690186

*** Epoch 1, batch 508/520 ***
Training fitness: 0.8199681525676947
Model size: (8, 12)
Validation fitness: 0.8346346054694872 
Elapsed: 3.790388822555542

*** Epoch 1, batch 509/520 ***
Training fitness: 0.8129426129426129
Model size: (9, 15)
Validation fitness: 0.8007840840166341 
Elapsed: 4.414021015167236

*** Epoch 1, batch 510/520 ***
Training fitness: 0.9070215047681729
Model size: (9, 14)
Validation fitness: 0.8379313981421891 
Elapsed: 3.010018825531006

*** Epoch 1, batch 511/520 ***
Training fitness: 0.8236557414838674
Model size: (7, 9)
Validation fitness: 0.8263966119134465 
Elapsed: 2.0277209281921387

*** Epoch 1, batch 512/520 ***
Training fitness: 0.8685667201158457
Model size: (9, 14)
Validation fitness: 0.8379313981421891 
Elapsed: 1.9976835250854492

*** Epoch 1, batch 513/520 ***
Training fitness: 0.870205964793516
Model size: (7, 10)
Validation fitness: 0.8421455801957822 
Elapsed: 2.1142501831054688

*** Epoch 1, batch 514/520 ***
Training fitness: 0.8745342312928187
Model size: (7, 9)
Validation fitness: 0.8263966119134465 
Elapsed: 2.09082293510437

*** Epoch 1, batch 515/520 ***
Training fitness: 0.828125
Model size: (7, 9)
Validation fitness: 0.8263966119134465 
Elapsed: 2.4261527061462402

*** Epoch 1, batch 516/520 ***
Training fitness: 0.8419137453369678
Model size: (7, 10)
Validation fitness: 0.8421455801957822 
Elapsed: 2.368152618408203

*** Epoch 1, batch 517/520 ***
Training fitness: 0.8580692291390182
Model size: (6, 8)
Validation fitness: 0.7948496116210054 
Elapsed: 1.9909005165100098

*** Epoch 1, batch 518/520 ***
Training fitness: 0.8670092792468101
Model size: (8, 10)
Validation fitness: 0.8273639941798129 
Elapsed: 2.09148907661438

*** Epoch 1, batch 519/520 ***
Training fitness: 0.8913419180548481
Model size: (7, 10)
Validation fitness: 0.8421455801957822 
Elapsed: 2.085552453994751

*** Epoch 1, batch 520/520 ***
Training fitness: 0.7919069454371672
Model size: (9, 14)
Validation fitness: 0.8379313981421891 
Elapsed: 1.9975697994232178

Total train time: 1295.1846542358398
Test time: 0.2892038822174072
Test fitness: 0.8652775427113698
Test statistics: Stats(total=14791, total_true=7158, total_false=7633, true_positive=6327, true_negative=7447, false_positive=186, false_negative=831, tpr=0.8839061190276614, tnr=0.9756321236735228, ppv=0.9714417319207739, npv=0.8996134331964243, accuracy=0.9312419714691367, f1=0.9256089532587228, mcc=0.8652775427113698)
