Configuration:
Dataset: nsl_kdd
Selector: pca
Fold: 1
Fitness: accuracy
Batch size: 256
Epochs: 1
Config args: {}
*** Epoch 1, batch 1/520 ***
Training fitness: 0.86328125
Model size: (1, 12)
Validation fitness: 0.8595091609762694 !!!
Elapsed: 2.079679012298584

*** Epoch 1, batch 2/520 ***
Training fitness: 0.9375
Model size: (2, 13)
Validation fitness: 0.8928402406869042 !!!
Elapsed: 1.953190803527832

*** Epoch 1, batch 3/520 ***
Training fitness: 0.90234375
Model size: (2, 13)
Validation fitness: 0.8928402406869042 
Elapsed: 1.9253957271575928

*** Epoch 1, batch 4/520 ***
Training fitness: 0.91796875
Model size: (2, 12)
Validation fitness: 0.8914204583868569 
Elapsed: 2.0267744064331055

*** Epoch 1, batch 5/520 ***
Training fitness: 0.92578125
Model size: (2, 11)
Validation fitness: 0.9000743695490501 !!!
Elapsed: 2.085271120071411

*** Epoch 1, batch 6/520 ***
Training fitness: 0.94140625
Model size: (3, 13)
Validation fitness: 0.9074437157731052 !!!
Elapsed: 1.9685876369476318

*** Epoch 1, batch 7/520 ***
Training fitness: 0.92578125
Model size: (2, 14)
Validation fitness: 0.9031167601920087 
Elapsed: 1.9554619789123535

*** Epoch 1, batch 8/520 ***
Training fitness: 0.9375
Model size: (3, 13)
Validation fitness: 0.9074437157731052 
Elapsed: 1.9661002159118652

*** Epoch 1, batch 9/520 ***
Training fitness: 0.9296875
Model size: (1, 4)
Validation fitness: 0.8939219795821783 
Elapsed: 1.9525196552276611

*** Epoch 1, batch 10/520 ***
Training fitness: 0.91796875
Model size: (3, 15)
Validation fitness: 0.8914204583868569 
Elapsed: 2.0506558418273926

*** Epoch 1, batch 11/520 ***
Training fitness: 0.9375
Model size: (2, 14)
Validation fitness: 0.9031167601920087 
Elapsed: 1.9909467697143555

*** Epoch 1, batch 12/520 ***
Training fitness: 0.90625
Model size: (1, 4)
Validation fitness: 0.9072408897302414 
Elapsed: 1.9107892513275146

*** Epoch 1, batch 13/520 ***
Training fitness: 0.93359375
Model size: (2, 8)
Validation fitness: 0.9049421945777838 
Elapsed: 1.940563678741455

*** Epoch 1, batch 14/520 ***
Training fitness: 0.92578125
Model size: (2, 12)
Validation fitness: 0.9114326279494287 !!!
Elapsed: 2.0365982055664062

*** Epoch 1, batch 15/520 ***
Training fitness: 0.9375
Model size: (1, 7)
Validation fitness: 0.9006828476776418 
Elapsed: 2.0666637420654297

*** Epoch 1, batch 16/520 ***
Training fitness: 0.93359375
Model size: (2, 11)
Validation fitness: 0.919883713068758 !!!
Elapsed: 2.201944589614868

*** Epoch 1, batch 17/520 ***
Training fitness: 0.9296875
Model size: (2, 11)
Validation fitness: 0.919883713068758 
Elapsed: 2.2337570190429688

*** Epoch 1, batch 18/520 ***
Training fitness: 0.9296875
Model size: (3, 13)
Validation fitness: 0.9115002366303834 
Elapsed: 2.111337661743164

*** Epoch 1, batch 19/520 ***
Training fitness: 0.93359375
Model size: (4, 13)
Validation fitness: 0.9183963220877561 
Elapsed: 2.1276614665985107

*** Epoch 1, batch 20/520 ***
Training fitness: 0.921875
Model size: (4, 15)
Validation fitness: 0.884186329524711 
Elapsed: 2.131230115890503

*** Epoch 1, batch 21/520 ***
Training fitness: 0.93359375
Model size: (1, 5)
Validation fitness: 0.9107565411398824 
Elapsed: 1.9738023281097412

*** Epoch 1, batch 22/520 ***
Training fitness: 0.921875
Model size: (2, 6)
Validation fitness: 0.9098776282874721 
Elapsed: 1.9973490238189697

*** Epoch 1, batch 23/520 ***
Training fitness: 0.94921875
Model size: (2, 11)
Validation fitness: 0.9140017578257048 
Elapsed: 2.05869197845459

*** Epoch 1, batch 24/520 ***
Training fitness: 0.9453125
Model size: (2, 11)
Validation fitness: 0.9140017578257048 
Elapsed: 2.210494041442871

*** Epoch 1, batch 25/520 ***
Training fitness: 0.94140625
Model size: (3, 12)
Validation fitness: 0.9181934960448922 
Elapsed: 2.159761428833008

*** Epoch 1, batch 26/520 ***
Training fitness: 0.9296875
Model size: (5, 14)
Validation fitness: 0.9223852342640795 !!!
Elapsed: 2.206472396850586

*** Epoch 1, batch 27/520 ***
Training fitness: 0.93359375
Model size: (4, 13)
Validation fitness: 0.9153539314447975 
Elapsed: 2.2029201984405518

*** Epoch 1, batch 28/520 ***
Training fitness: 0.92578125
Model size: (5, 15)
Validation fitness: 0.92691501588804 !!!
Elapsed: 2.214306354522705

*** Epoch 1, batch 29/520 ***
Training fitness: 0.9375
Model size: (5, 13)
Validation fitness: 0.9240078426069908 
Elapsed: 2.237013339996338

*** Epoch 1, batch 30/520 ***
Training fitness: 0.97265625
Model size: (3, 10)
Validation fitness: 0.9067676289635589 
Elapsed: 2.1736249923706055

*** Epoch 1, batch 31/520 ***
Training fitness: 0.92578125
Model size: (5, 12)
Validation fitness: 0.9222500169021702 
Elapsed: 2.279313325881958

*** Epoch 1, batch 32/520 ***
Training fitness: 0.953125
Model size: (4, 11)
Validation fitness: 0.9223852342640795 
Elapsed: 2.2900826930999756

*** Epoch 1, batch 33/520 ***
Training fitness: 0.94921875
Model size: (7, 16)
Validation fitness: 0.9329997971739571 !!!
Elapsed: 2.524790048599243

*** Epoch 1, batch 34/520 ***
Training fitness: 0.953125
Model size: (7, 16)
Validation fitness: 0.9329997971739571 
Elapsed: 2.521108388900757

*** Epoch 1, batch 35/520 ***
Training fitness: 0.94140625
Model size: (5, 15)
Validation fitness: 0.92691501588804 
Elapsed: 2.455883502960205

*** Epoch 1, batch 36/520 ***
Training fitness: 0.9453125
Model size: (6, 15)
Validation fitness: 0.9242782773308093 
Elapsed: 2.455284595489502

*** Epoch 1, batch 37/520 ***
Training fitness: 0.9296875
Model size: (6, 14)
Validation fitness: 0.9299574065309986 
Elapsed: 2.4432897567749023

*** Epoch 1, batch 38/520 ***
Training fitness: 0.94140625
Model size: (5, 11)
Validation fitness: 0.9183287134068014 
Elapsed: 2.471705436706543

*** Epoch 1, batch 39/520 ***
Training fitness: 0.9453125
Model size: (6, 14)
Validation fitness: 0.9340815360692313 !!!
Elapsed: 2.5356764793395996

*** Epoch 1, batch 40/520 ***
Training fitness: 0.94921875
Model size: (6, 15)
Validation fitness: 0.9273882766547225 
Elapsed: 2.621455430984497

*** Epoch 1, batch 41/520 ***
Training fitness: 0.96484375
Model size: (5, 12)
Validation fitness: 0.93523088364546 !!!
Elapsed: 2.5387396812438965

*** Epoch 1, batch 42/520 ***
Training fitness: 0.9375
Model size: (6, 12)
Validation fitness: 0.9151511054019336 
Elapsed: 2.584815502166748

*** Epoch 1, batch 43/520 ***
Training fitness: 0.93359375
Model size: (10, 24)
Validation fitness: 0.9292137110404975 
Elapsed: 2.8573482036590576

*** Epoch 1, batch 44/520 ***
Training fitness: 0.953125
Model size: (7, 17)
Validation fitness: 0.9117706713542019 
Elapsed: 2.729506731033325

*** Epoch 1, batch 45/520 ***
Training fitness: 0.94921875
Model size: (10, 23)
Validation fitness: 0.9278615374214049 
Elapsed: 2.900113821029663

*** Epoch 1, batch 46/520 ***
Training fitness: 0.9140625
Model size: (8, 17)
Validation fitness: 0.9307011020214996 
Elapsed: 4.847325086593628

*** Epoch 1, batch 47/520 ***
Training fitness: 0.94140625
Model size: (6, 13)
Validation fitness: 0.9319856669596376 
Elapsed: 5.054873466491699

*** Epoch 1, batch 48/520 ***
Training fitness: 0.9453125
Model size: (6, 14)
Validation fitness: 0.926374146440403 
Elapsed: 4.995607852935791

*** Epoch 1, batch 49/520 ***
Training fitness: 0.95703125
Model size: (8, 17)
Validation fitness: 0.9307011020214996 
Elapsed: 5.1787872314453125

*** Epoch 1, batch 50/520 ***
Training fitness: 0.9609375
Model size: (6, 13)
Validation fitness: 0.9292813197214522 
Elapsed: 5.172256231307983

*** Epoch 1, batch 51/520 ***
Training fitness: 0.953125
Model size: (7, 17)
Validation fitness: 0.9247515380974917 
Elapsed: 5.636463403701782

*** Epoch 1, batch 52/520 ***
Training fitness: 0.94140625
Model size: (9, 20)
Validation fitness: 0.9305658846595903 
Elapsed: 5.664405107498169

*** Epoch 1, batch 53/520 ***
Training fitness: 0.93359375
Model size: (7, 16)
Validation fitness: 0.9382732742884187 !!!
Elapsed: 5.543152332305908

*** Epoch 1, batch 54/520 ***
Training fitness: 0.9375
Model size: (8, 17)
Validation fitness: 0.9307011020214996 
Elapsed: 5.614484786987305

*** Epoch 1, batch 55/520 ***
Training fitness: 0.94921875
Model size: (7, 16)
Validation fitness: 0.9382732742884187 
Elapsed: 5.547001361846924

*** Epoch 1, batch 56/520 ***
Training fitness: 0.921875
Model size: (11, 23)
Validation fitness: 0.9206274085592591 
Elapsed: 4.153174161911011

*** Epoch 1, batch 57/520 ***
Training fitness: 0.9375
Model size: (6, 13)
Validation fitness: 0.9319856669596376 
Elapsed: 2.626905679702759

*** Epoch 1, batch 58/520 ***
Training fitness: 0.94921875
Model size: (5, 17)
Validation fitness: 0.9241430599689 
Elapsed: 2.8093903064727783

*** Epoch 1, batch 59/520 ***
Training fitness: 0.9296875
Model size: (7, 17)
Validation fitness: 0.9294841457643161 
Elapsed: 2.6836318969726562

*** Epoch 1, batch 60/520 ***
Training fitness: 0.9296875
Model size: (7, 16)
Validation fitness: 0.9382732742884187 
Elapsed: 2.9149885177612305

*** Epoch 1, batch 61/520 ***
Training fitness: 0.94140625
Model size: (8, 15)
Validation fitness: 0.9314447975120005 
Elapsed: 2.8989529609680176

*** Epoch 1, batch 62/520 ***
Training fitness: 0.9453125
Model size: (11, 21)
Validation fitness: 0.9231289297545805 
Elapsed: 2.808997631072998

*** Epoch 1, batch 63/520 ***
Training fitness: 0.953125
Model size: (5, 10)
Validation fitness: 0.9202217564735312 
Elapsed: 2.740656852722168

*** Epoch 1, batch 64/520 ***
Training fitness: 0.94140625
Model size: (15, 31)
Validation fitness: 0.926171320397539 
Elapsed: 3.001004934310913

*** Epoch 1, batch 65/520 ***
Training fitness: 0.921875
Model size: (6, 13)
Validation fitness: 0.9260361030356298 
Elapsed: 2.82016658782959

*** Epoch 1, batch 66/520 ***
Training fitness: 0.9375
Model size: (15, 32)
Validation fitness: 0.9173821918734365 
Elapsed: 3.034296751022339

*** Epoch 1, batch 67/520 ***
Training fitness: 0.9453125
Model size: (5, 11)
Validation fitness: 0.9327969711310933 
Elapsed: 2.8734652996063232

*** Epoch 1, batch 68/520 ***
Training fitness: 0.9609375
Model size: (7, 17)
Validation fitness: 0.9229261037117166 
Elapsed: 2.8465235233306885

*** Epoch 1, batch 69/520 ***
Training fitness: 0.93359375
Model size: (8, 20)
Validation fitness: 0.9294165370833615 
Elapsed: 2.6138534545898438

*** Epoch 1, batch 70/520 ***
Training fitness: 0.94140625
Model size: (7, 18)
Validation fitness: 0.9331350145358664 
Elapsed: 2.5776145458221436

*** Epoch 1, batch 71/520 ***
Training fitness: 0.9375
Model size: (8, 20)
Validation fitness: 0.9320532756405923 
Elapsed: 2.696502685546875

*** Epoch 1, batch 72/520 ***
Training fitness: 0.9375
Model size: (14, 23)
Validation fitness: 0.9243458860117639 
Elapsed: 2.853233814239502

*** Epoch 1, batch 73/520 ***
Training fitness: 0.9296875
Model size: (7, 16)
Validation fitness: 0.9334054492596849 
Elapsed: 2.7314836978912354

*** Epoch 1, batch 74/520 ***
Training fitness: 0.90625
Model size: (11, 19)
Validation fitness: 0.9280643634642688 
Elapsed: 2.759446859359741

*** Epoch 1, batch 75/520 ***
Training fitness: 0.90234375
Model size: (7, 16)
Validation fitness: 0.9334054492596849 
Elapsed: 2.725595474243164

*** Epoch 1, batch 76/520 ***
Training fitness: 0.9375
Model size: (12, 21)
Validation fitness: 0.9230613210736258 
Elapsed: 2.693570852279663

*** Epoch 1, batch 77/520 ***
Training fitness: 0.93359375
Model size: (8, 17)
Validation fitness: 0.9217091474545331 
Elapsed: 2.7063727378845215

*** Epoch 1, batch 78/520 ***
Training fitness: 0.953125
Model size: (10, 14)
Validation fitness: 0.8992630653775945 
Elapsed: 4.397921323776245

*** Epoch 1, batch 79/520 ***
Training fitness: 0.9140625
Model size: (15, 24)
Validation fitness: 0.922858495030762 
Elapsed: 5.280027389526367

*** Epoch 1, batch 80/520 ***
Training fitness: 0.91796875
Model size: (8, 20)
Validation fitness: 0.8971671962680008 
Elapsed: 5.494948387145996

*** Epoch 1, batch 81/520 ***
Training fitness: 0.94140625
Model size: (13, 20)
Validation fitness: 0.9312419714691367 
Elapsed: 5.5593321323394775

*** Epoch 1, batch 82/520 ***
Training fitness: 0.953125
Model size: (13, 20)
Validation fitness: 0.9312419714691367 
Elapsed: 5.7273313999176025

*** Epoch 1, batch 83/520 ***
Training fitness: 0.9375
Model size: (14, 23)
Validation fitness: 0.9305658846595903 
Elapsed: 5.9300642013549805

*** Epoch 1, batch 84/520 ***
Training fitness: 0.94921875
Model size: (15, 24)
Validation fitness: 0.9277939287404503 
Elapsed: 5.878554344177246

*** Epoch 1, batch 85/520 ***
Training fitness: 0.9375
Model size: (5, 11)
Validation fitness: 0.9254952335879927 
Elapsed: 5.2032482624053955

*** Epoch 1, batch 86/520 ***
Training fitness: 0.9296875
Model size: (14, 22)
Validation fitness: 0.9310391454262728 
Elapsed: 5.797162055969238

*** Epoch 1, batch 87/520 ***
Training fitness: 0.921875
Model size: (14, 20)
Validation fitness: 0.9127171928875668 
Elapsed: 5.442265748977661

*** Epoch 1, batch 88/520 ***
Training fitness: 0.94921875
Model size: (14, 22)
Validation fitness: 0.9310391454262728 
Elapsed: 5.725679636001587

*** Epoch 1, batch 89/520 ***
Training fitness: 0.9375
Model size: (6, 13)
Validation fitness: 0.9309039280643635 
Elapsed: 5.281388998031616

*** Epoch 1, batch 90/520 ***
Training fitness: 0.94921875
Model size: (6, 13)
Validation fitness: 0.9309039280643635 
Elapsed: 5.399750232696533

*** Epoch 1, batch 91/520 ***
Training fitness: 0.9453125
Model size: (6, 13)
Validation fitness: 0.9309039280643635 
Elapsed: 5.481204986572266

*** Epoch 1, batch 92/520 ***
Training fitness: 0.9296875
Model size: (14, 22)
Validation fitness: 0.9310391454262728 
Elapsed: 5.678498268127441

*** Epoch 1, batch 93/520 ***
Training fitness: 0.9609375
Model size: (16, 26)
Validation fitness: 0.9237374078831722 
Elapsed: 5.856227159500122

*** Epoch 1, batch 94/520 ***
Training fitness: 0.9609375
Model size: (4, 10)
Validation fitness: 0.9256980596308566 
Elapsed: 5.398983001708984

*** Epoch 1, batch 95/520 ***
Training fitness: 0.90234375
Model size: (4, 10)
Validation fitness: 0.9256980596308566 
Elapsed: 5.2723870277404785

*** Epoch 1, batch 96/520 ***
Training fitness: 0.9375
Model size: (14, 22)
Validation fitness: 0.9310391454262728 
Elapsed: 5.945239305496216

*** Epoch 1, batch 97/520 ***
Training fitness: 0.9453125
Model size: (14, 22)
Validation fitness: 0.9310391454262728 
Elapsed: 6.036774158477783

*** Epoch 1, batch 98/520 ***
Training fitness: 0.93359375
Model size: (18, 27)
Validation fitness: 0.9145426272733419 
Elapsed: 4.955836772918701

*** Epoch 1, batch 99/520 ***
Training fitness: 0.92578125
Model size: (14, 22)
Validation fitness: 0.9310391454262728 
Elapsed: 5.698508024215698

*** Epoch 1, batch 100/520 ***
Training fitness: 0.93359375
Model size: (15, 24)
Validation fitness: 0.9251571901832195 
Elapsed: 6.040558815002441

*** Epoch 1, batch 101/520 ***
Training fitness: 0.93359375
Model size: (13, 24)
Validation fitness: 0.9146102359542966 
Elapsed: 5.7040417194366455

*** Epoch 1, batch 102/520 ***
Training fitness: 0.94140625
Model size: (16, 26)
Validation fitness: 0.9266445811642214 
Elapsed: 6.295599699020386

*** Epoch 1, batch 103/520 ***
Training fitness: 0.921875
Model size: (14, 21)
Validation fitness: 0.9115678453113379 
Elapsed: 5.550358533859253

*** Epoch 1, batch 104/520 ***
Training fitness: 0.93359375
Model size: (8, 17)
Validation fitness: 0.9166384963829356 
Elapsed: 5.597328186035156

*** Epoch 1, batch 105/520 ***
Training fitness: 0.94140625
Model size: (16, 26)
Validation fitness: 0.9266445811642214 
Elapsed: 6.332420349121094

*** Epoch 1, batch 106/520 ***
Training fitness: 0.9453125
Model size: (16, 26)
Validation fitness: 0.9270502332499493 
Elapsed: 6.38836407661438

*** Epoch 1, batch 107/520 ***
Training fitness: 0.91796875
Model size: (16, 26)
Validation fitness: 0.9270502332499493 
Elapsed: 6.307532548904419

*** Epoch 1, batch 108/520 ***
Training fitness: 0.94921875
Model size: (16, 26)
Validation fitness: 0.9270502332499493 
Elapsed: 6.208654403686523

*** Epoch 1, batch 109/520 ***
Training fitness: 0.921875
Model size: (15, 28)
Validation fitness: 0.9129200189304306 
Elapsed: 5.705462217330933

*** Epoch 1, batch 110/520 ***
Training fitness: 0.953125
Model size: (16, 29)
Validation fitness: 0.9151511054019336 
Elapsed: 4.882091045379639

*** Epoch 1, batch 111/520 ***
Training fitness: 0.8984375
Model size: (14, 26)
Validation fitness: 0.9225880603069434 
Elapsed: 5.16547155380249

*** Epoch 1, batch 112/520 ***
Training fitness: 0.93359375
Model size: (16, 27)
Validation fitness: 0.9176526265972551 
Elapsed: 5.394131898880005

*** Epoch 1, batch 113/520 ***
Training fitness: 0.9140625
Model size: (9, 19)
Validation fitness: 0.9110269758637008 
Elapsed: 5.076282501220703

*** Epoch 1, batch 114/520 ***
Training fitness: 0.9375
Model size: (13, 24)
Validation fitness: 0.9233317557974444 
Elapsed: 5.401188135147095

*** Epoch 1, batch 115/520 ***
Training fitness: 0.93359375
Model size: (13, 24)
Validation fitness: 0.9233317557974444 
Elapsed: 5.253531455993652

*** Epoch 1, batch 116/520 ***
Training fitness: 0.94140625
Model size: (16, 28)
Validation fitness: 0.921168278006896 
Elapsed: 5.218851327896118

*** Epoch 1, batch 117/520 ***
Training fitness: 0.921875
Model size: (14, 26)
Validation fitness: 0.9234669731593537 
Elapsed: 5.0941407680511475

*** Epoch 1, batch 118/520 ***
Training fitness: 0.90625
Model size: (14, 26)
Validation fitness: 0.9234669731593537 
Elapsed: 5.166114091873169

*** Epoch 1, batch 119/520 ***
Training fitness: 0.9375
Model size: (16, 28)
Validation fitness: 0.921168278006896 
Elapsed: 5.251286268234253

*** Epoch 1, batch 120/520 ***
Training fitness: 0.92578125
Model size: (14, 26)
Validation fitness: 0.9234669731593537 
Elapsed: 5.541967868804932

*** Epoch 1, batch 121/520 ***
Training fitness: 0.921875
Model size: (14, 25)
Validation fitness: 0.9165032790210264 
Elapsed: 5.223078966140747

*** Epoch 1, batch 122/520 ***
Training fitness: 0.9140625
Model size: (13, 24)
Validation fitness: 0.9208978432830776 
Elapsed: 5.2296435832977295

*** Epoch 1, batch 123/520 ***
Training fitness: 0.90625
Model size: (11, 20)
Validation fitness: 0.9129200189304306 
Elapsed: 5.168133735656738

*** Epoch 1, batch 124/520 ***
Training fitness: 0.92578125
Model size: (13, 24)
Validation fitness: 0.9275234940166317 
Elapsed: 4.884075880050659

*** Epoch 1, batch 125/520 ***
Training fitness: 0.9296875
Model size: (8, 15)
Validation fitness: 0.9133932796971131 
Elapsed: 4.964871168136597

*** Epoch 1, batch 126/520 ***
Training fitness: 0.93359375
Model size: (11, 19)
Validation fitness: 0.912108714758975 
Elapsed: 5.161841869354248

*** Epoch 1, batch 127/520 ***
Training fitness: 0.91015625
Model size: (12, 24)
Validation fitness: 0.919883713068758 
Elapsed: 5.205180406570435

*** Epoch 1, batch 128/520 ***
Training fitness: 0.9296875
Model size: (12, 24)
Validation fitness: 0.919883713068758 
Elapsed: 5.154022455215454

*** Epoch 1, batch 129/520 ***
Training fitness: 0.9140625
Model size: (12, 24)
Validation fitness: 0.9213034953688054 
Elapsed: 4.980299949645996

*** Epoch 1, batch 130/520 ***
Training fitness: 0.94140625
Model size: (12, 24)
Validation fitness: 0.9213034953688054 
Elapsed: 4.902180910110474

*** Epoch 1, batch 131/520 ***
Training fitness: 0.9453125
Model size: (12, 25)
Validation fitness: 0.9229261037117166 
Elapsed: 4.873656749725342

*** Epoch 1, batch 132/520 ***
Training fitness: 0.93359375
Model size: (11, 24)
Validation fitness: 0.9244811033736732 
Elapsed: 5.209730386734009

*** Epoch 1, batch 133/520 ***
Training fitness: 0.9375
Model size: (7, 14)
Validation fitness: 0.8942600229869515 
Elapsed: 4.914078712463379

*** Epoch 1, batch 134/520 ***
Training fitness: 0.93359375
Model size: (11, 22)
Validation fitness: 0.9265093638023122 
Elapsed: 4.934937953948975

*** Epoch 1, batch 135/520 ***
Training fitness: 0.91796875
Model size: (12, 25)
Validation fitness: 0.9184639307687107 
Elapsed: 5.172279119491577

*** Epoch 1, batch 136/520 ***
Training fitness: 0.92578125
Model size: (12, 21)
Validation fitness: 0.9243458860117639 
Elapsed: 4.9001171588897705

*** Epoch 1, batch 137/520 ***
Training fitness: 0.9296875
Model size: (12, 21)
Validation fitness: 0.9243458860117639 
Elapsed: 5.127131700515747

*** Epoch 1, batch 138/520 ***
Training fitness: 0.92578125
Model size: (12, 20)
Validation fitness: 0.9252247988641742 
Elapsed: 4.574892044067383

*** Epoch 1, batch 139/520 ***
Training fitness: 0.9453125
Model size: (12, 20)
Validation fitness: 0.9252247988641742 
Elapsed: 4.763488292694092

*** Epoch 1, batch 140/520 ***
Training fitness: 0.921875
Model size: (5, 11)
Validation fitness: 0.9104184977351092 
Elapsed: 4.817330360412598

*** Epoch 1, batch 141/520 ***
Training fitness: 0.91015625
Model size: (22, 31)
Validation fitness: 0.9081198025826516 
Elapsed: 4.694632053375244

*** Epoch 1, batch 142/520 ***
Training fitness: 0.9453125
Model size: (5, 12)
Validation fitness: 0.9218443648164424 
Elapsed: 5.031083345413208

*** Epoch 1, batch 143/520 ***
Training fitness: 0.953125
Model size: (5, 12)
Validation fitness: 0.9218443648164424 
Elapsed: 5.084474802017212

*** Epoch 1, batch 144/520 ***
Training fitness: 0.91796875
Model size: (10, 18)
Validation fitness: 0.921168278006896 
Elapsed: 4.718421220779419

*** Epoch 1, batch 145/520 ***
Training fitness: 0.953125
Model size: (10, 21)
Validation fitness: 0.9106213237779731 
Elapsed: 4.742737770080566

*** Epoch 1, batch 146/520 ***
Training fitness: 0.9296875
Model size: (5, 12)
Validation fitness: 0.9218443648164424 
Elapsed: 5.0306971073150635

*** Epoch 1, batch 147/520 ***
Training fitness: 0.921875
Model size: (23, 35)
Validation fitness: 0.9144750185923872 
Elapsed: 5.129884243011475

*** Epoch 1, batch 148/520 ***
Training fitness: 0.92578125
Model size: (9, 16)
Validation fitness: 0.9158271922114799 
Elapsed: 4.8601908683776855

*** Epoch 1, batch 149/520 ***
Training fitness: 0.94140625
Model size: (6, 13)
Validation fitness: 0.9240078426069908 
Elapsed: 5.074506521224976

*** Epoch 1, batch 150/520 ***
Training fitness: 0.9296875
Model size: (6, 15)
Validation fitness: 0.9304982759786357 
Elapsed: 5.032793283462524

*** Epoch 1, batch 151/520 ***
Training fitness: 0.9296875
Model size: (7, 14)
Validation fitness: 0.9240078426069908 
Elapsed: 5.115909576416016

*** Epoch 1, batch 152/520 ***
Training fitness: 0.9375
Model size: (6, 15)
Validation fitness: 0.9304982759786357 
Elapsed: 5.041348457336426

*** Epoch 1, batch 153/520 ***
Training fitness: 0.95703125
Model size: (6, 13)
Validation fitness: 0.9240078426069908 
Elapsed: 4.9596288204193115

*** Epoch 1, batch 154/520 ***
Training fitness: 0.93359375
Model size: (12, 26)
Validation fitness: 0.9139341491447502 
Elapsed: 5.042839765548706

*** Epoch 1, batch 155/520 ***
Training fitness: 0.93359375
Model size: (4, 8)
Validation fitness: 0.9276587113785411 
Elapsed: 4.819814205169678

*** Epoch 1, batch 156/520 ***
Training fitness: 0.9375
Model size: (9, 19)
Validation fitness: 0.9171793658305727 
Elapsed: 5.059056997299194

*** Epoch 1, batch 157/520 ***
Training fitness: 0.9375
Model size: (4, 8)
Validation fitness: 0.9276587113785411 
Elapsed: 4.7604334354400635

*** Epoch 1, batch 158/520 ***
Training fitness: 0.9453125
Model size: (23, 34)
Validation fitness: 0.9203569738354405 
Elapsed: 4.638505697250366

*** Epoch 1, batch 159/520 ***
Training fitness: 0.94921875
Model size: (10, 19)
Validation fitness: 0.9119058887161111 
Elapsed: 4.839385032653809

*** Epoch 1, batch 160/520 ***
Training fitness: 0.9453125
Model size: (6, 12)
Validation fitness: 0.928199580826178 
Elapsed: 4.782979965209961

*** Epoch 1, batch 161/520 ***
Training fitness: 0.9375
Model size: (7, 15)
Validation fitness: 0.9272530592928132 
Elapsed: 4.831465721130371

*** Epoch 1, batch 162/520 ***
Training fitness: 0.91796875
Model size: (7, 15)
Validation fitness: 0.9272530592928132 
Elapsed: 4.927405118942261

*** Epoch 1, batch 163/520 ***
Training fitness: 0.93359375
Model size: (6, 13)
Validation fitness: 0.9255628422689474 
Elapsed: 4.946595907211304

*** Epoch 1, batch 164/520 ***
Training fitness: 0.921875
Model size: (6, 13)
Validation fitness: 0.9255628422689474 
Elapsed: 4.931210041046143

*** Epoch 1, batch 165/520 ***
Training fitness: 0.921875
Model size: (10, 18)
Validation fitness: 0.9186667568115746 
Elapsed: 5.024390935897827

*** Epoch 1, batch 166/520 ***
Training fitness: 0.9296875
Model size: (10, 18)
Validation fitness: 0.9186667568115746 
Elapsed: 5.254628896713257

*** Epoch 1, batch 167/520 ***
Training fitness: 0.93359375
Model size: (8, 16)
Validation fitness: 0.925089581502265 
Elapsed: 4.940558671951294

*** Epoch 1, batch 168/520 ***
Training fitness: 0.92578125
Model size: (8, 16)
Validation fitness: 0.925089581502265 
Elapsed: 4.863319396972656

*** Epoch 1, batch 169/520 ***
Training fitness: 0.9296875
Model size: (8, 16)
Validation fitness: 0.925089581502265 
Elapsed: 4.774229526519775

*** Epoch 1, batch 170/520 ***
Training fitness: 0.93359375
Model size: (8, 16)
Validation fitness: 0.925089581502265 
Elapsed: 4.875772953033447

*** Epoch 1, batch 171/520 ***
Training fitness: 0.94140625
Model size: (9, 19)
Validation fitness: 0.8897302413629911 
Elapsed: 5.093761444091797

*** Epoch 1, batch 172/520 ***
Training fitness: 0.93359375
Model size: (8, 16)
Validation fitness: 0.9131904536542492 
Elapsed: 5.019262075424194

*** Epoch 1, batch 173/520 ***
Training fitness: 0.91015625
Model size: (13, 26)
Validation fitness: 0.9195456696639849 
Elapsed: 4.649518966674805

*** Epoch 1, batch 174/520 ***
Training fitness: 0.90625
Model size: (9, 19)
Validation fitness: 0.9144750185923872 
Elapsed: 5.0010271072387695

*** Epoch 1, batch 175/520 ***
Training fitness: 0.9453125
Model size: (9, 17)
Validation fitness: 0.9094719762017444 
Elapsed: 4.575163125991821

*** Epoch 1, batch 176/520 ***
Training fitness: 0.921875
Model size: (10, 18)
Validation fitness: 0.9174498005543912 
Elapsed: 4.906405210494995

*** Epoch 1, batch 177/520 ***
Training fitness: 0.9453125
Model size: (8, 17)
Validation fitness: 0.9142045838685687 
Elapsed: 5.141797065734863

*** Epoch 1, batch 178/520 ***
Training fitness: 0.91015625
Model size: (10, 19)
Validation fitness: 0.9121763234399297 
Elapsed: 5.164316177368164

*** Epoch 1, batch 179/520 ***
Training fitness: 0.91015625
Model size: (10, 18)
Validation fitness: 0.9112298019065648 
Elapsed: 5.085871934890747

*** Epoch 1, batch 180/520 ***
Training fitness: 0.90625
Model size: (10, 19)
Validation fitness: 0.9090663241160165 
Elapsed: 5.149164438247681

*** Epoch 1, batch 181/520 ***
Training fitness: 0.94140625
Model size: (10, 18)
Validation fitness: 0.9112298019065648 
Elapsed: 5.141310930252075

*** Epoch 1, batch 182/520 ***
Training fitness: 0.9140625
Model size: (10, 18)
Validation fitness: 0.9203569738354405 
Elapsed: 4.918551921844482

*** Epoch 1, batch 183/520 ***
Training fitness: 0.921875
Model size: (10, 18)
Validation fitness: 0.9203569738354405 
Elapsed: 5.1418068408966064

*** Epoch 1, batch 184/520 ***
Training fitness: 0.94140625
Model size: (9, 17)
Validation fitness: 0.9104861064160639 
Elapsed: 5.169442176818848

*** Epoch 1, batch 185/520 ***
Training fitness: 0.92578125
Model size: (9, 13)
Validation fitness: 0.9182611047258468 
Elapsed: 4.916823625564575

*** Epoch 1, batch 186/520 ***
Training fitness: 0.9609375
Model size: (9, 16)
Validation fitness: 0.9111621932256102 
Elapsed: 5.176017761230469

*** Epoch 1, batch 187/520 ***
Training fitness: 0.9140625
Model size: (8, 18)
Validation fitness: 0.9167061050638902 
Elapsed: 5.101354598999023

*** Epoch 1, batch 188/520 ***
Training fitness: 0.93359375
Model size: (9, 18)
Validation fitness: 0.911365019268474 
Elapsed: 5.115138292312622

*** Epoch 1, batch 189/520 ***
Training fitness: 0.91796875
Model size: (14, 25)
Validation fitness: 0.9044013251301467 
Elapsed: 5.348421812057495

*** Epoch 1, batch 190/520 ***
Training fitness: 0.90234375
Model size: (10, 17)
Validation fitness: 0.9181934960448922 
Elapsed: 4.936890363693237

*** Epoch 1, batch 191/520 ***
Training fitness: 0.9453125
Model size: (11, 19)
Validation fitness: 0.9133932796971131 
Elapsed: 4.968016862869263

*** Epoch 1, batch 192/520 ***
Training fitness: 0.91796875
Model size: (11, 19)
Validation fitness: 0.9133932796971131 
Elapsed: 5.341071367263794

*** Epoch 1, batch 193/520 ***
Training fitness: 0.890625
Model size: (9, 20)
Validation fitness: 0.917111757149618 
Elapsed: 4.883408784866333

*** Epoch 1, batch 194/520 ***
Training fitness: 0.9140625
Model size: (9, 20)
Validation fitness: 0.917111757149618 
Elapsed: 4.957595586776733

*** Epoch 1, batch 195/520 ***
Training fitness: 0.94921875
Model size: (9, 16)
Validation fitness: 0.9117030626732473 
Elapsed: 5.14922022819519

*** Epoch 1, batch 196/520 ***
Training fitness: 0.90625
Model size: (9, 17)
Validation fitness: 0.9037252383206004 
Elapsed: 4.932957649230957

*** Epoch 1, batch 197/520 ***
Training fitness: 0.91015625
Model size: (10, 22)
Validation fitness: 0.912852410249476 
Elapsed: 4.652714729309082

*** Epoch 1, batch 198/520 ***
Training fitness: 0.953125
Model size: (8, 14)
Validation fitness: 0.9118382800351565 
Elapsed: 4.922348499298096

*** Epoch 1, batch 199/520 ***
Training fitness: 0.8984375
Model size: (7, 13)
Validation fitness: 0.9127848015685214 
Elapsed: 3.2866578102111816

*** Epoch 1, batch 200/520 ***
Training fitness: 0.91796875
Model size: (9, 21)
Validation fitness: 0.9167061050638902 
Elapsed: 2.643747091293335

*** Epoch 1, batch 201/520 ***
Training fitness: 0.9453125
Model size: (14, 25)
Validation fitness: 0.914339801230478 
Elapsed: 2.797274351119995

*** Epoch 1, batch 202/520 ***
Training fitness: 0.91796875
Model size: (9, 21)
Validation fitness: 0.9167061050638902 
Elapsed: 2.733689308166504

*** Epoch 1, batch 203/520 ***
Training fitness: 0.921875
Model size: (11, 19)
Validation fitness: 0.885470894462849 
Elapsed: 2.708362102508545

*** Epoch 1, batch 204/520 ***
Training fitness: 0.921875
Model size: (9, 16)
Validation fitness: 0.9127848015685214 
Elapsed: 2.518659830093384

*** Epoch 1, batch 205/520 ***
Training fitness: 0.9140625
Model size: (8, 15)
Validation fitness: 0.9202217564735312 
Elapsed: 2.5859827995300293

*** Epoch 1, batch 206/520 ***
Training fitness: 0.92578125
Model size: (8, 15)
Validation fitness: 0.9202217564735312 
Elapsed: 2.5308852195739746

*** Epoch 1, batch 207/520 ***
Training fitness: 0.92578125
Model size: (8, 15)
Validation fitness: 0.9202217564735312 
Elapsed: 2.659899950027466

*** Epoch 1, batch 208/520 ***
Training fitness: 0.93359375
Model size: (8, 15)
Validation fitness: 0.9202217564735312 
Elapsed: 2.4967472553253174

*** Epoch 1, batch 209/520 ***
Training fitness: 0.94140625
Model size: (7, 12)
Validation fitness: 0.9196808870258941 
Elapsed: 2.5514981746673584

*** Epoch 1, batch 210/520 ***
Training fitness: 0.94921875
Model size: (7, 12)
Validation fitness: 0.9196808870258941 
Elapsed: 2.580502510070801

*** Epoch 1, batch 211/520 ***
Training fitness: 0.9140625
Model size: (7, 12)
Validation fitness: 0.9196808870258941 
Elapsed: 2.5061326026916504

*** Epoch 1, batch 212/520 ***
Training fitness: 0.953125
Model size: (7, 12)
Validation fitness: 0.9196808870258941 
Elapsed: 2.5234076976776123

*** Epoch 1, batch 213/520 ***
Training fitness: 0.91796875
Model size: (7, 13)
Validation fitness: 0.9223176255831249 
Elapsed: 2.6715123653411865

*** Epoch 1, batch 214/520 ***
Training fitness: 0.93359375
Model size: (8, 14)
Validation fitness: 0.9243458860117639 
Elapsed: 2.515613555908203

*** Epoch 1, batch 215/520 ***
Training fitness: 0.953125
Model size: (8, 14)
Validation fitness: 0.9243458860117639 
Elapsed: 2.5186777114868164

*** Epoch 1, batch 216/520 ***
Training fitness: 0.8984375
Model size: (10, 18)
Validation fitness: 0.9102156716922453 
Elapsed: 2.3705036640167236

*** Epoch 1, batch 217/520 ***
Training fitness: 0.9453125
Model size: (9, 15)
Validation fitness: 0.9231289297545805 
Elapsed: 2.479503631591797

*** Epoch 1, batch 218/520 ***
Training fitness: 0.9296875
Model size: (13, 20)
Validation fitness: 0.9110945845446555 
Elapsed: 2.5560951232910156

*** Epoch 1, batch 219/520 ***
Training fitness: 0.93359375
Model size: (8, 14)
Validation fitness: 0.9243458860117639 
Elapsed: 2.66640567779541

*** Epoch 1, batch 220/520 ***
Training fitness: 0.91015625
Model size: (8, 14)
Validation fitness: 0.9243458860117639 
Elapsed: 2.477185010910034

*** Epoch 1, batch 221/520 ***
Training fitness: 0.91796875
Model size: (8, 14)
Validation fitness: 0.9243458860117639 
Elapsed: 2.5655550956726074

*** Epoch 1, batch 222/520 ***
Training fitness: 0.93359375
Model size: (7, 13)
Validation fitness: 0.9294165370833615 
Elapsed: 2.5711941719055176

*** Epoch 1, batch 223/520 ***
Training fitness: 0.9140625
Model size: (7, 13)
Validation fitness: 0.9294165370833615 
Elapsed: 2.4552555084228516

*** Epoch 1, batch 224/520 ***
Training fitness: 0.9375
Model size: (7, 13)
Validation fitness: 0.9294165370833615 
Elapsed: 2.64703106880188

*** Epoch 1, batch 225/520 ***
Training fitness: 0.90625
Model size: (7, 13)
Validation fitness: 0.9294165370833615 
Elapsed: 4.728271484375

*** Epoch 1, batch 226/520 ***
Training fitness: 0.9453125
Model size: (6, 11)
Validation fitness: 0.9244134946927185 
Elapsed: 3.9240498542785645

*** Epoch 1, batch 227/520 ***
Training fitness: 0.92578125
Model size: (7, 13)
Validation fitness: 0.9294165370833615 
Elapsed: 2.400827407836914

*** Epoch 1, batch 228/520 ***
Training fitness: 0.9453125
Model size: (7, 13)
Validation fitness: 0.9294165370833615 
Elapsed: 2.3554890155792236

*** Epoch 1, batch 229/520 ***
Training fitness: 0.94140625
Model size: (7, 14)
Validation fitness: 0.9348928402406869 
Elapsed: 2.3153486251831055

*** Epoch 1, batch 230/520 ***
Training fitness: 0.9453125
Model size: (7, 14)
Validation fitness: 0.9348928402406869 
Elapsed: 2.46075439453125

*** Epoch 1, batch 231/520 ***
Training fitness: 0.92578125
Model size: (7, 13)
Validation fitness: 0.9294165370833615 
Elapsed: 2.2311179637908936

*** Epoch 1, batch 232/520 ***
Training fitness: 0.93359375
Model size: (7, 15)
Validation fitness: 0.9292813197214522 
Elapsed: 2.341031789779663

*** Epoch 1, batch 233/520 ***
Training fitness: 0.92578125
Model size: (7, 15)
Validation fitness: 0.9292813197214522 
Elapsed: 2.3497025966644287

*** Epoch 1, batch 234/520 ***
Training fitness: 0.94140625
Model size: (7, 15)
Validation fitness: 0.9292813197214522 
Elapsed: 4.389773845672607

*** Epoch 1, batch 235/520 ***
Training fitness: 0.93359375
Model size: (7, 13)
Validation fitness: 0.9294165370833615 
Elapsed: 4.505866050720215

*** Epoch 1, batch 236/520 ***
Training fitness: 0.91796875
Model size: (10, 17)
Validation fitness: 0.9119734973970658 
Elapsed: 2.1774914264678955

*** Epoch 1, batch 237/520 ***
Training fitness: 0.94921875
Model size: (24, 33)
Validation fitness: 0.9131904536542492 
Elapsed: 2.1766164302825928

*** Epoch 1, batch 238/520 ***
Training fitness: 0.921875
Model size: (25, 35)
Validation fitness: 0.9139341491447502 
Elapsed: 2.247368097305298

*** Epoch 1, batch 239/520 ***
Training fitness: 0.953125
Model size: (11, 19)
Validation fitness: 0.9152863227638429 
Elapsed: 2.1894986629486084

*** Epoch 1, batch 240/520 ***
Training fitness: 0.9375
Model size: (10, 19)
Validation fitness: 0.9064971942397404 
Elapsed: 2.379385232925415

*** Epoch 1, batch 241/520 ***
Training fitness: 0.9296875
Model size: (11, 19)
Validation fitness: 0.9184639307687107 
Elapsed: 2.187958002090454

*** Epoch 1, batch 242/520 ***
Training fitness: 0.9296875
Model size: (11, 19)
Validation fitness: 0.9184639307687107 
Elapsed: 2.3034133911132812

*** Epoch 1, batch 243/520 ***
Training fitness: 0.94921875
Model size: (11, 21)
Validation fitness: 0.9256980596308566 
Elapsed: 2.2572572231292725

*** Epoch 1, batch 244/520 ***
Training fitness: 0.921875
Model size: (18, 27)
Validation fitness: 0.8858089378676222 
Elapsed: 2.311622142791748

*** Epoch 1, batch 245/520 ***
Training fitness: 0.90234375
Model size: (11, 21)
Validation fitness: 0.9256980596308566 
Elapsed: 2.1855156421661377

*** Epoch 1, batch 246/520 ***
Training fitness: 0.9453125
Model size: (22, 30)
Validation fitness: 0.9106889324589277 
Elapsed: 2.1626064777374268

*** Epoch 1, batch 247/520 ***
Training fitness: 0.921875
Model size: (25, 35)
Validation fitness: 0.9139341491447502 
Elapsed: 2.2917633056640625

*** Epoch 1, batch 248/520 ***
Training fitness: 0.9375
Model size: (11, 21)
Validation fitness: 0.9256980596308566 
Elapsed: 2.2720553874969482

*** Epoch 1, batch 249/520 ***
Training fitness: 0.90625
Model size: (13, 20)
Validation fitness: 0.920086539111622 
Elapsed: 2.3505306243896484

*** Epoch 1, batch 250/520 ***
Training fitness: 0.92578125
Model size: (11, 12)
Validation fitness: 0.9144750185923872 
Elapsed: 2.3827571868896484

*** Epoch 1, batch 251/520 ***
Training fitness: 0.94140625
Model size: (25, 35)
Validation fitness: 0.8979108917585018 
Elapsed: 2.400304079055786

*** Epoch 1, batch 252/520 ***
Training fitness: 0.9375
Model size: (11, 21)
Validation fitness: 0.9256980596308566 
Elapsed: 2.2652604579925537

*** Epoch 1, batch 253/520 ***
Training fitness: 0.9609375
Model size: (14, 20)
Validation fitness: 0.914339801230478 
Elapsed: 2.4671077728271484

*** Epoch 1, batch 254/520 ***
Training fitness: 0.93359375
Model size: (13, 20)
Validation fitness: 0.920086539111622 
Elapsed: 2.2795732021331787

*** Epoch 1, batch 255/520 ***
Training fitness: 0.9375
Model size: (11, 21)
Validation fitness: 0.9256980596308566 
Elapsed: 2.263559341430664

*** Epoch 1, batch 256/520 ***
Training fitness: 0.9296875
Model size: (11, 21)
Validation fitness: 0.9256980596308566 
Elapsed: 2.4813826084136963

*** Epoch 1, batch 257/520 ***
Training fitness: 0.953125
Model size: (11, 21)
Validation fitness: 0.9256980596308566 
Elapsed: 2.3432364463806152

*** Epoch 1, batch 258/520 ***
Training fitness: 0.94921875
Model size: (11, 21)
Validation fitness: 0.9256980596308566 
Elapsed: 2.281956195831299

*** Epoch 1, batch 259/520 ***
Training fitness: 0.91796875
Model size: (22, 31)
Validation fitness: 0.9125819755256575 
Elapsed: 2.290945529937744

*** Epoch 1, batch 260/520 ***
Training fitness: 0.90625
Model size: (10, 18)
Validation fitness: 0.9151511054019336 
Elapsed: 2.327659845352173

*** Epoch 1, batch 261/520 ***
Training fitness: 0.8984375
Model size: (11, 21)
Validation fitness: 0.9256980596308566 
Elapsed: 2.3245484828948975

*** Epoch 1, batch 262/520 ***
Training fitness: 0.93359375
Model size: (11, 21)
Validation fitness: 0.9256980596308566 
Elapsed: 2.3620715141296387

*** Epoch 1, batch 263/520 ***
Training fitness: 0.93359375
Model size: (11, 22)
Validation fitness: 0.9205597998783044 
Elapsed: 2.317153215408325

*** Epoch 1, batch 264/520 ***
Training fitness: 0.93359375
Model size: (11, 21)
Validation fitness: 0.9256980596308566 
Elapsed: 2.190753698348999

*** Epoch 1, batch 265/520 ***
Training fitness: 0.95703125
Model size: (11, 21)
Validation fitness: 0.9256980596308566 
Elapsed: 2.305833339691162

*** Epoch 1, batch 266/520 ***
Training fitness: 0.94921875
Model size: (11, 21)
Validation fitness: 0.9256980596308566 
Elapsed: 2.2862112522125244

*** Epoch 1, batch 267/520 ***
Training fitness: 0.9140625
Model size: (27, 37)
Validation fitness: 0.9039956730444189 
Elapsed: 2.278392791748047

*** Epoch 1, batch 268/520 ***
Training fitness: 0.91796875
Model size: (27, 37)
Validation fitness: 0.9039956730444189 
Elapsed: 2.426218271255493

*** Epoch 1, batch 269/520 ***
Training fitness: 0.92578125
Model size: (24, 30)
Validation fitness: 0.9073761070921507 
Elapsed: 2.2765002250671387

*** Epoch 1, batch 270/520 ***
Training fitness: 0.9140625
Model size: (11, 12)
Validation fitness: 0.8892569805963085 
Elapsed: 2.294044256210327

*** Epoch 1, batch 271/520 ***
Training fitness: 0.94140625
Model size: (25, 32)
Validation fitness: 0.9144750185923872 
Elapsed: 2.308274030685425

*** Epoch 1, batch 272/520 ***
Training fitness: 0.91015625
Model size: (18, 27)
Validation fitness: 0.9089311067541073 
Elapsed: 2.3692824840545654

*** Epoch 1, batch 273/520 ***
Training fitness: 0.93359375
Model size: (26, 33)
Validation fitness: 0.9129876276113853 
Elapsed: 2.319432258605957

*** Epoch 1, batch 274/520 ***
Training fitness: 0.91796875
Model size: (26, 33)
Validation fitness: 0.9129876276113853 
Elapsed: 2.3451454639434814

*** Epoch 1, batch 275/520 ***
Training fitness: 0.921875
Model size: (25, 32)
Validation fitness: 0.9144750185923872 
Elapsed: 2.3382229804992676

*** Epoch 1, batch 276/520 ***
Training fitness: 0.93359375
Model size: (25, 31)
Validation fitness: 0.9142045838685687 
Elapsed: 2.3251852989196777

*** Epoch 1, batch 277/520 ***
Training fitness: 0.90234375
Model size: (25, 32)
Validation fitness: 0.9110945845446555 
Elapsed: 2.3082633018493652

*** Epoch 1, batch 278/520 ***
Training fitness: 0.9296875
Model size: (26, 36)
Validation fitness: 0.9014941518490974 
Elapsed: 2.2794902324676514

*** Epoch 1, batch 279/520 ***
Training fitness: 0.9453125
Model size: (18, 28)
Validation fitness: 0.9127848015685214 
Elapsed: 2.138274669647217

*** Epoch 1, batch 280/520 ***
Training fitness: 0.91796875
Model size: (25, 32)
Validation fitness: 0.9110945845446555 
Elapsed: 2.405097484588623

*** Epoch 1, batch 281/520 ***
Training fitness: 0.9296875
Model size: (24, 28)
Validation fitness: 0.9111621932256102 
Elapsed: 2.385129451751709

*** Epoch 1, batch 282/520 ***
Training fitness: 0.94140625
Model size: (24, 28)
Validation fitness: 0.9111621932256102 
Elapsed: 2.326860189437866

*** Epoch 1, batch 283/520 ***
Training fitness: 0.921875
Model size: (19, 29)
Validation fitness: 0.917111757149618 
Elapsed: 2.205644369125366

*** Epoch 1, batch 284/520 ***
Training fitness: 0.92578125
Model size: (19, 30)
Validation fitness: 0.9170441484686633 
Elapsed: 2.192486524581909

*** Epoch 1, batch 285/520 ***
Training fitness: 0.9140625
Model size: (24, 28)
Validation fitness: 0.9111621932256102 
Elapsed: 2.3104443550109863

*** Epoch 1, batch 286/520 ***
Training fitness: 0.9140625
Model size: (13, 14)
Validation fitness: 0.8899330674058549 
Elapsed: 2.107745409011841

*** Epoch 1, batch 287/520 ***
Training fitness: 0.91796875
Model size: (19, 30)
Validation fitness: 0.9170441484686633 
Elapsed: 2.186556816101074

*** Epoch 1, batch 288/520 ***
Training fitness: 0.9375
Model size: (18, 25)
Validation fitness: 0.919883713068758 
Elapsed: 2.2106785774230957

*** Epoch 1, batch 289/520 ***
Training fitness: 0.9296875
Model size: (19, 27)
Validation fitness: 0.9125143668447029 
Elapsed: 2.3426692485809326

*** Epoch 1, batch 290/520 ***
Training fitness: 0.91796875
Model size: (18, 25)
Validation fitness: 0.9129876276113853 
Elapsed: 2.296579360961914

*** Epoch 1, batch 291/520 ***
Training fitness: 0.94140625
Model size: (19, 27)
Validation fitness: 0.9124467581637482 
Elapsed: 2.1903533935546875

*** Epoch 1, batch 292/520 ***
Training fitness: 0.94140625
Model size: (18, 25)
Validation fitness: 0.9129876276113853 
Elapsed: 2.1721019744873047

*** Epoch 1, batch 293/520 ***
Training fitness: 0.9453125
Model size: (18, 25)
Validation fitness: 0.9129876276113853 
Elapsed: 2.345966339111328

*** Epoch 1, batch 294/520 ***
Training fitness: 0.89453125
Model size: (23, 32)
Validation fitness: 0.8770198093435198 
Elapsed: 2.212674617767334

*** Epoch 1, batch 295/520 ***
Training fitness: 0.9375
Model size: (18, 24)
Validation fitness: 0.9146102359542966 
Elapsed: 2.240432024002075

*** Epoch 1, batch 296/520 ***
Training fitness: 0.9140625
Model size: (18, 25)
Validation fitness: 0.9129876276113853 
Elapsed: 2.3034937381744385

*** Epoch 1, batch 297/520 ***
Training fitness: 0.91796875
Model size: (18, 25)
Validation fitness: 0.9129876276113853 
Elapsed: 2.2561020851135254

*** Epoch 1, batch 298/520 ***
Training fitness: 0.93359375
Model size: (16, 24)
Validation fitness: 0.9156919748495707 
Elapsed: 2.4097745418548584

*** Epoch 1, batch 299/520 ***
Training fitness: 0.94140625
Model size: (16, 24)
Validation fitness: 0.9156919748495707 
Elapsed: 2.471107006072998

*** Epoch 1, batch 300/520 ***
Training fitness: 0.91015625
Model size: (19, 26)
Validation fitness: 0.920086539111622 
Elapsed: 2.347630262374878

*** Epoch 1, batch 301/520 ***
Training fitness: 0.9140625
Model size: (19, 26)
Validation fitness: 0.920086539111622 
Elapsed: 2.417283535003662

*** Epoch 1, batch 302/520 ***
Training fitness: 0.91796875
Model size: (19, 26)
Validation fitness: 0.920086539111622 
Elapsed: 2.215418815612793

*** Epoch 1, batch 303/520 ***
Training fitness: 0.91015625
Model size: (19, 26)
Validation fitness: 0.920086539111622 
Elapsed: 2.211651563644409

*** Epoch 1, batch 304/520 ***
Training fitness: 0.94140625
Model size: (19, 26)
Validation fitness: 0.920086539111622 
Elapsed: 2.2853715419769287

*** Epoch 1, batch 305/520 ***
Training fitness: 0.8984375
Model size: (15, 23)
Validation fitness: 0.9154891488067067 
Elapsed: 2.474001884460449

*** Epoch 1, batch 306/520 ***
Training fitness: 0.9375
Model size: (15, 23)
Validation fitness: 0.9154891488067067 
Elapsed: 2.58186674118042

*** Epoch 1, batch 307/520 ***
Training fitness: 0.91796875
Model size: (16, 24)
Validation fitness: 0.9156919748495707 
Elapsed: 2.452159881591797

*** Epoch 1, batch 308/520 ***
Training fitness: 0.921875
Model size: (16, 24)
Validation fitness: 0.9156919748495707 
Elapsed: 2.315812349319458

*** Epoch 1, batch 309/520 ***
Training fitness: 0.91015625
Model size: (23, 26)
Validation fitness: 0.8860117639104861 
Elapsed: 2.1299428939819336

*** Epoch 1, batch 310/520 ***
Training fitness: 0.9453125
Model size: (8, 11)
Validation fitness: 0.866608072476506 
Elapsed: 2.188912868499756

*** Epoch 1, batch 311/520 ***
Training fitness: 0.8984375
Model size: (12, 22)
Validation fitness: 0.8889189371915354 
Elapsed: 2.16207218170166

*** Epoch 1, batch 312/520 ***
Training fitness: 0.8828125
Model size: (14, 20)
Validation fitness: 0.8797241565817051 
Elapsed: 2.317455768585205

*** Epoch 1, batch 313/520 ***
Training fitness: 0.89453125
Model size: (15, 16)
Validation fitness: 0.8870935028057603 
Elapsed: 2.24889874458313

*** Epoch 1, batch 314/520 ***
Training fitness: 0.88671875
Model size: (14, 20)
Validation fitness: 0.8920289365154486 
Elapsed: 2.1713812351226807

*** Epoch 1, batch 315/520 ***
Training fitness: 0.9140625
Model size: (26, 31)
Validation fitness: 0.8876343722533974 
Elapsed: 2.090683698654175

*** Epoch 1, batch 316/520 ***
Training fitness: 0.8984375
Model size: (28, 33)
Validation fitness: 0.906023933473058 
Elapsed: 2.0315473079681396

*** Epoch 1, batch 317/520 ***
Training fitness: 0.90625
Model size: (16, 26)
Validation fitness: 0.8905415455344466 
Elapsed: 2.2679221630096436

*** Epoch 1, batch 318/520 ***
Training fitness: 0.89453125
Model size: (27, 31)
Validation fitness: 0.9076465418159692 
Elapsed: 1.9767496585845947

*** Epoch 1, batch 319/520 ***
Training fitness: 0.9453125
Model size: (14, 20)
Validation fitness: 0.9083902373064702 
Elapsed: 2.026771306991577

*** Epoch 1, batch 320/520 ***
Training fitness: 0.93359375
Model size: (26, 34)
Validation fitness: 0.9073761070921507 
Elapsed: 1.9787964820861816

*** Epoch 1, batch 321/520 ***
Training fitness: 0.91796875
Model size: (14, 20)
Validation fitness: 0.9083902373064702 
Elapsed: 2.044811487197876

*** Epoch 1, batch 322/520 ***
Training fitness: 0.9296875
Model size: (14, 20)
Validation fitness: 0.9083902373064702 
Elapsed: 2.103088140487671

*** Epoch 1, batch 323/520 ***
Training fitness: 0.9296875
Model size: (26, 33)
Validation fitness: 0.9174498005543912 
Elapsed: 2.052455186843872

*** Epoch 1, batch 324/520 ***
Training fitness: 0.94921875
Model size: (24, 32)
Validation fitness: 0.9091339327969711 
Elapsed: 2.037776231765747

*** Epoch 1, batch 325/520 ***
Training fitness: 0.91796875
Model size: (24, 32)
Validation fitness: 0.9157595835305253 
Elapsed: 2.090674638748169

*** Epoch 1, batch 326/520 ***
Training fitness: 0.9140625
Model size: (13, 16)
Validation fitness: 0.9083902373064702 
Elapsed: 2.03922438621521

*** Epoch 1, batch 327/520 ***
Training fitness: 0.953125
Model size: (24, 32)
Validation fitness: 0.9157595835305253 
Elapsed: 2.0707433223724365

*** Epoch 1, batch 328/520 ***
Training fitness: 0.9140625
Model size: (16, 26)
Validation fitness: 0.8905415455344466 
Elapsed: 2.2852296829223633

*** Epoch 1, batch 329/520 ***
Training fitness: 0.9140625
Model size: (13, 16)
Validation fitness: 0.9083902373064702 
Elapsed: 2.08594012260437

*** Epoch 1, batch 330/520 ***
Training fitness: 0.890625
Model size: (24, 32)
Validation fitness: 0.9157595835305253 
Elapsed: 2.1178390979766846

*** Epoch 1, batch 331/520 ***
Training fitness: 0.90625
Model size: (16, 26)
Validation fitness: 0.8905415455344466 
Elapsed: 2.1394522190093994

*** Epoch 1, batch 332/520 ***
Training fitness: 0.9296875
Model size: (13, 17)
Validation fitness: 0.8962882834155905 
Elapsed: 2.0776097774505615

*** Epoch 1, batch 333/520 ***
Training fitness: 0.9296875
Model size: (13, 16)
Validation fitness: 0.9083902373064702 
Elapsed: 2.0673112869262695

*** Epoch 1, batch 334/520 ***
Training fitness: 0.92578125
Model size: (16, 26)
Validation fitness: 0.8905415455344466 
Elapsed: 2.2149691581726074

*** Epoch 1, batch 335/520 ***
Training fitness: 0.87890625
Model size: (13, 16)
Validation fitness: 0.9083902373064702 
Elapsed: 2.014082431793213

*** Epoch 1, batch 336/520 ***
Training fitness: 0.890625
Model size: (13, 16)
Validation fitness: 0.9083902373064702 
Elapsed: 2.042879104614258

*** Epoch 1, batch 337/520 ***
Training fitness: 0.91796875
Model size: (13, 16)
Validation fitness: 0.9083902373064702 
Elapsed: 2.021817445755005

*** Epoch 1, batch 338/520 ***
Training fitness: 0.91796875
Model size: (13, 16)
Validation fitness: 0.9083902373064702 
Elapsed: 2.0346927642822266

*** Epoch 1, batch 339/520 ***
Training fitness: 0.92578125
Model size: (16, 26)
Validation fitness: 0.8905415455344466 
Elapsed: 2.050704002380371

*** Epoch 1, batch 340/520 ***
Training fitness: 0.89453125
Model size: (16, 26)
Validation fitness: 0.8905415455344466 
Elapsed: 2.192646026611328

*** Epoch 1, batch 341/520 ***
Training fitness: 0.8984375
Model size: (19, 29)
Validation fitness: 0.8906767628963559 
Elapsed: 2.0187737941741943

*** Epoch 1, batch 342/520 ***
Training fitness: 0.90625
Model size: (17, 23)
Validation fitness: 0.8845919816104387 
Elapsed: 2.1165173053741455

*** Epoch 1, batch 343/520 ***
Training fitness: 0.8828125
Model size: (14, 20)
Validation fitness: 0.8861469812723953 
Elapsed: 2.0444557666778564

*** Epoch 1, batch 344/520 ***
Training fitness: 0.8671875
Model size: (15, 19)
Validation fitness: 0.8850652423771213 
Elapsed: 2.016092300415039

*** Epoch 1, batch 345/520 ***
Training fitness: 0.8984375
Model size: (13, 16)
Validation fitness: 0.8878371982962613 
Elapsed: 2.155588150024414

*** Epoch 1, batch 346/520 ***
Training fitness: 0.8984375
Model size: (21, 27)
Validation fitness: 0.8984517612061389 
Elapsed: 2.0869035720825195

*** Epoch 1, batch 347/520 ***
Training fitness: 0.8828125
Model size: (21, 27)
Validation fitness: 0.8984517612061389 
Elapsed: 2.057007074356079

*** Epoch 1, batch 348/520 ***
Training fitness: 0.91796875
Model size: (22, 31)
Validation fitness: 0.8826989385437091 
Elapsed: 1.9762730598449707

*** Epoch 1, batch 349/520 ***
Training fitness: 0.90234375
Model size: (14, 17)
Validation fitness: 0.8874991548914881 
Elapsed: 1.8448362350463867

*** Epoch 1, batch 350/520 ***
Training fitness: 0.87109375
Model size: (16, 22)
Validation fitness: 0.8789128524102495 
Elapsed: 2.2117087841033936

*** Epoch 1, batch 351/520 ***
Training fitness: 0.921875
Model size: (21, 24)
Validation fitness: 0.8847271989723481 
Elapsed: 2.0527760982513428

*** Epoch 1, batch 352/520 ***
Training fitness: 0.87890625
Model size: (17, 25)
Validation fitness: 0.8938543709012238 
Elapsed: 2.321760654449463

*** Epoch 1, batch 353/520 ***
Training fitness: 0.9375
Model size: (17, 23)
Validation fitness: 0.9002095869109593 
Elapsed: 2.357463836669922

*** Epoch 1, batch 354/520 ***
Training fitness: 0.91796875
Model size: (18, 24)
Validation fitness: 0.9083902373064702 
Elapsed: 2.4063198566436768

*** Epoch 1, batch 355/520 ***
Training fitness: 0.92578125
Model size: (17, 23)
Validation fitness: 0.9038604556825096 
Elapsed: 2.3347151279449463

*** Epoch 1, batch 356/520 ***
Training fitness: 0.9453125
Model size: (17, 22)
Validation fitness: 0.9022378473395984 
Elapsed: 2.2545995712280273

*** Epoch 1, batch 357/520 ***
Training fitness: 0.91015625
Model size: (15, 25)
Validation fitness: 0.8838482861199378 
Elapsed: 2.3238327503204346

*** Epoch 1, batch 358/520 ***
Training fitness: 0.921875
Model size: (17, 23)
Validation fitness: 0.9115002366303834 
Elapsed: 2.284668445587158

*** Epoch 1, batch 359/520 ***
Training fitness: 0.91015625
Model size: (17, 23)
Validation fitness: 0.9060915421540126 
Elapsed: 2.194131374359131

*** Epoch 1, batch 360/520 ***
Training fitness: 0.9453125
Model size: (15, 17)
Validation fitness: 0.9099452369684268 
Elapsed: 2.042511224746704

*** Epoch 1, batch 361/520 ***
Training fitness: 0.9140625
Model size: (14, 18)
Validation fitness: 0.9121763234399297 
Elapsed: 2.070411205291748

*** Epoch 1, batch 362/520 ***
Training fitness: 0.93359375
Model size: (17, 23)
Validation fitness: 0.9115002366303834 
Elapsed: 2.299931526184082

*** Epoch 1, batch 363/520 ***
Training fitness: 0.89453125
Model size: (14, 18)
Validation fitness: 0.9121763234399297 
Elapsed: 2.1915204524993896

*** Epoch 1, batch 364/520 ***
Training fitness: 0.90234375
Model size: (17, 28)
Validation fitness: 0.9018321952538706 
Elapsed: 2.365609645843506

*** Epoch 1, batch 365/520 ***
Training fitness: 0.9296875
Model size: (17, 25)
Validation fitness: 0.9079169765397878 
Elapsed: 2.320955514907837

*** Epoch 1, batch 366/520 ***
Training fitness: 0.93359375
Model size: (14, 16)
Validation fitness: 0.9096071935636536 
Elapsed: 2.1434760093688965

*** Epoch 1, batch 367/520 ***
Training fitness: 0.90234375
Model size: (17, 25)
Validation fitness: 0.9079169765397878 
Elapsed: 2.4207513332366943

*** Epoch 1, batch 368/520 ***
Training fitness: 0.88671875
Model size: (14, 15)
Validation fitness: 0.9110945845446555 
Elapsed: 2.1245169639587402

*** Epoch 1, batch 369/520 ***
Training fitness: 0.93359375
Model size: (14, 15)
Validation fitness: 0.9110945845446555 
Elapsed: 2.0815205574035645

*** Epoch 1, batch 370/520 ***
Training fitness: 0.92578125
Model size: (17, 25)
Validation fitness: 0.9079169765397878 
Elapsed: 2.3216004371643066

*** Epoch 1, batch 371/520 ***
Training fitness: 0.9453125
Model size: (18, 29)
Validation fitness: 0.9036576296396457 
Elapsed: 2.311891794204712

*** Epoch 1, batch 372/520 ***
Training fitness: 0.93359375
Model size: (17, 25)
Validation fitness: 0.9079169765397878 
Elapsed: 2.3631393909454346

*** Epoch 1, batch 373/520 ***
Training fitness: 0.9140625
Model size: (18, 28)
Validation fitness: 0.9117030626732473 
Elapsed: 2.2022948265075684

*** Epoch 1, batch 374/520 ***
Training fitness: 0.92578125
Model size: (17, 29)
Validation fitness: 0.8943952403488608 
Elapsed: 2.126837730407715

*** Epoch 1, batch 375/520 ***
Training fitness: 0.92578125
Model size: (18, 28)
Validation fitness: 0.9117030626732473 
Elapsed: 2.1693296432495117

*** Epoch 1, batch 376/520 ***
Training fitness: 0.88671875
Model size: (5, 7)
Validation fitness: 0.8893921979582179 
Elapsed: 1.928558349609375

*** Epoch 1, batch 377/520 ***
Training fitness: 0.90234375
Model size: (8, 13)
Validation fitness: 0.8889189371915354 
Elapsed: 2.0221352577209473

*** Epoch 1, batch 378/520 ***
Training fitness: 0.87890625
Model size: (5, 7)
Validation fitness: 0.8865526333581232 
Elapsed: 1.9903693199157715

*** Epoch 1, batch 379/520 ***
Training fitness: 0.87890625
Model size: (7, 8)
Validation fitness: 0.8726252450814684 
Elapsed: 2.045050621032715

*** Epoch 1, batch 380/520 ***
Training fitness: 0.921875
Model size: (14, 18)
Validation fitness: 0.8891217632343993 
Elapsed: 2.137568473815918

*** Epoch 1, batch 381/520 ***
Training fitness: 0.90234375
Model size: (17, 27)
Validation fitness: 0.8928402406869042 
Elapsed: 2.354522705078125

*** Epoch 1, batch 382/520 ***
Training fitness: 0.90234375
Model size: (4, 5)
Validation fitness: 0.8916908931106754 
Elapsed: 2.0234508514404297

*** Epoch 1, batch 383/520 ***
Training fitness: 0.9375
Model size: (17, 27)
Validation fitness: 0.9022378473395984 
Elapsed: 2.538065195083618

*** Epoch 1, batch 384/520 ***
Training fitness: 0.9140625
Model size: (17, 27)
Validation fitness: 0.9022378473395984 
Elapsed: 2.490588903427124

*** Epoch 1, batch 385/520 ***
Training fitness: 0.9453125
Model size: (19, 32)
Validation fitness: 0.898248935163275 
Elapsed: 2.5125136375427246

*** Epoch 1, batch 386/520 ***
Training fitness: 0.91015625
Model size: (19, 32)
Validation fitness: 0.9085930633493341 
Elapsed: 2.516705274581909

*** Epoch 1, batch 387/520 ***
Training fitness: 0.92578125
Model size: (19, 32)
Validation fitness: 0.9085930633493341 
Elapsed: 2.494091510772705

*** Epoch 1, batch 388/520 ***
Training fitness: 0.90234375
Model size: (19, 32)
Validation fitness: 0.9085930633493341 
Elapsed: 2.590289831161499

*** Epoch 1, batch 389/520 ***
Training fitness: 0.92578125
Model size: (19, 32)
Validation fitness: 0.9085930633493341 
Elapsed: 2.5247209072113037

*** Epoch 1, batch 390/520 ***
Training fitness: 0.8984375
Model size: (19, 32)
Validation fitness: 0.9085930633493341 
Elapsed: 2.451955556869507

*** Epoch 1, batch 391/520 ***
Training fitness: 0.921875
Model size: (19, 32)
Validation fitness: 0.9085930633493341 
Elapsed: 2.505687713623047

*** Epoch 1, batch 392/520 ***
Training fitness: 0.92578125
Model size: (19, 32)
Validation fitness: 0.9085930633493341 
Elapsed: 2.449198007583618

*** Epoch 1, batch 393/520 ***
Training fitness: 0.93359375
Model size: (5, 9)
Validation fitness: 0.8880400243391251 
Elapsed: 1.9973249435424805

*** Epoch 1, batch 394/520 ***
Training fitness: 0.9140625
Model size: (19, 32)
Validation fitness: 0.9085930633493341 
Elapsed: 2.4213082790374756

*** Epoch 1, batch 395/520 ***
Training fitness: 0.921875
Model size: (19, 32)
Validation fitness: 0.9085930633493341 
Elapsed: 2.516209363937378

*** Epoch 1, batch 396/520 ***
Training fitness: 0.921875
Model size: (9, 14)
Validation fitness: 0.884186329524711 
Elapsed: 2.081746816635132

*** Epoch 1, batch 397/520 ***
Training fitness: 0.8828125
Model size: (13, 18)
Validation fitness: 0.8898654587249003 
Elapsed: 2.0048329830169678

*** Epoch 1, batch 398/520 ***
Training fitness: 0.90625
Model size: (12, 18)
Validation fitness: 0.8887161111486714 
Elapsed: 2.0251545906066895

*** Epoch 1, batch 399/520 ***
Training fitness: 0.89453125
Model size: (6, 7)
Validation fitness: 0.8605908998715435 
Elapsed: 2.116405963897705

*** Epoch 1, batch 400/520 ***
Training fitness: 0.86328125
Model size: (9, 14)
Validation fitness: 0.8915556757487662 
Elapsed: 2.2153282165527344

*** Epoch 1, batch 401/520 ***
Training fitness: 0.9140625
Model size: (14, 20)
Validation fitness: 0.8858765465485768 
Elapsed: 2.2163784503936768

*** Epoch 1, batch 402/520 ***
Training fitness: 0.8828125
Model size: (16, 18)
Validation fitness: 0.8872287201676695 
Elapsed: 1.9237077236175537

*** Epoch 1, batch 403/520 ***
Training fitness: 0.91796875
Model size: (7, 16)
Validation fitness: 0.8933135014535867 
Elapsed: 2.113891839981079

*** Epoch 1, batch 404/520 ***
Training fitness: 0.8984375
Model size: (7, 16)
Validation fitness: 0.8933135014535867 
Elapsed: 2.0258870124816895

*** Epoch 1, batch 405/520 ***
Training fitness: 0.89453125
Model size: (7, 16)
Validation fitness: 0.8933135014535867 
Elapsed: 2.2183854579925537

*** Epoch 1, batch 406/520 ***
Training fitness: 0.890625
Model size: (7, 16)
Validation fitness: 0.8933135014535867 
Elapsed: 2.125974416732788

*** Epoch 1, batch 407/520 ***
Training fitness: 0.88671875
Model size: (6, 14)
Validation fitness: 0.8870935028057603 
Elapsed: 2.1150448322296143

*** Epoch 1, batch 408/520 ***
Training fitness: 0.8828125
Model size: (7, 16)
Validation fitness: 0.8933135014535867 
Elapsed: 2.0630557537078857

*** Epoch 1, batch 409/520 ***
Training fitness: 0.9296875
Model size: (12, 15)
Validation fitness: 0.8865526333581232 
Elapsed: 1.996901273727417

*** Epoch 1, batch 410/520 ***
Training fitness: 0.875
Model size: (17, 22)
Validation fitness: 0.886958285443851 
Elapsed: 1.8785197734832764

*** Epoch 1, batch 411/520 ***
Training fitness: 0.890625
Model size: (16, 24)
Validation fitness: 0.8787100263673856 
Elapsed: 1.9327166080474854

*** Epoch 1, batch 412/520 ***
Training fitness: 0.8828125
Model size: (9, 13)
Validation fitness: 0.8904063281725374 
Elapsed: 2.029926300048828

*** Epoch 1, batch 413/520 ***
Training fitness: 0.89453125
Model size: (7, 13)
Validation fitness: 0.8833074166723007 
Elapsed: 2.0893075466156006

*** Epoch 1, batch 414/520 ***
Training fitness: 0.9140625
Model size: (10, 15)
Validation fitness: 0.88621458995335 
Elapsed: 2.018416404724121

*** Epoch 1, batch 415/520 ***
Training fitness: 0.8828125
Model size: (10, 21)
Validation fitness: 0.8867554594009871 
Elapsed: 2.317568778991699

*** Epoch 1, batch 416/520 ***
Training fitness: 0.91015625
Model size: (7, 14)
Validation fitness: 0.8911500236630383 
Elapsed: 2.040911912918091

*** Epoch 1, batch 417/520 ***
Training fitness: 0.93359375
Model size: (10, 15)
Validation fitness: 0.8899330674058549 
Elapsed: 1.9773101806640625

*** Epoch 1, batch 418/520 ***
Training fitness: 0.90625
Model size: (8, 12)
Validation fitness: 0.8890541545534446 
Elapsed: 2.0284032821655273

*** Epoch 1, batch 419/520 ***
Training fitness: 0.9296875
Model size: (10, 14)
Validation fitness: 0.8880400243391251 
Elapsed: 2.018523693084717

*** Epoch 1, batch 420/520 ***
Training fitness: 0.91015625
Model size: (9, 21)
Validation fitness: 0.8900682847677642 
Elapsed: 2.2532958984375

*** Epoch 1, batch 421/520 ***
Training fitness: 0.91796875
Model size: (8, 13)
Validation fitness: 0.8916232844297208 
Elapsed: 2.1227803230285645

*** Epoch 1, batch 422/520 ***
Training fitness: 0.90234375
Model size: (10, 18)
Validation fitness: 0.8831045906294368 
Elapsed: 1.9562032222747803

*** Epoch 1, batch 423/520 ***
Training fitness: 0.9375
Model size: (8, 12)
Validation fitness: 0.9114326279494287 
Elapsed: 2.08781099319458

*** Epoch 1, batch 424/520 ***
Training fitness: 0.8984375
Model size: (11, 19)
Validation fitness: 0.8887161111486714 
Elapsed: 1.9851014614105225

*** Epoch 1, batch 425/520 ***
Training fitness: 0.8984375
Model size: (8, 12)
Validation fitness: 0.9114326279494287 
Elapsed: 1.9912221431732178

*** Epoch 1, batch 426/520 ***
Training fitness: 0.921875
Model size: (8, 12)
Validation fitness: 0.9114326279494287 
Elapsed: 1.9938650131225586

*** Epoch 1, batch 427/520 ***
Training fitness: 0.90234375
Model size: (8, 12)
Validation fitness: 0.9114326279494287 
Elapsed: 1.9799134731292725

*** Epoch 1, batch 428/520 ***
Training fitness: 0.921875
Model size: (8, 12)
Validation fitness: 0.9114326279494287 
Elapsed: 2.0378096103668213

*** Epoch 1, batch 429/520 ***
Training fitness: 0.91796875
Model size: (8, 12)
Validation fitness: 0.8918937191535393 
Elapsed: 1.928642749786377

*** Epoch 1, batch 430/520 ***
Training fitness: 0.875
Model size: (8, 12)
Validation fitness: 0.9114326279494287 
Elapsed: 1.9755964279174805

*** Epoch 1, batch 431/520 ***
Training fitness: 0.90234375
Model size: (8, 12)
Validation fitness: 0.9114326279494287 
Elapsed: 2.014415740966797

*** Epoch 1, batch 432/520 ***
Training fitness: 0.88671875
Model size: (8, 12)
Validation fitness: 0.9114326279494287 
Elapsed: 1.9536144733428955

*** Epoch 1, batch 433/520 ***
Training fitness: 0.91015625
Model size: (8, 12)
Validation fitness: 0.9114326279494287 
Elapsed: 1.9509074687957764

*** Epoch 1, batch 434/520 ***
Training fitness: 0.91015625
Model size: (13, 18)
Validation fitness: 0.8745182881481982 
Elapsed: 2.0013206005096436

*** Epoch 1, batch 435/520 ***
Training fitness: 0.91796875
Model size: (8, 12)
Validation fitness: 0.9114326279494287 
Elapsed: 2.0088913440704346

*** Epoch 1, batch 436/520 ***
Training fitness: 0.91796875
Model size: (11, 21)
Validation fitness: 0.9089987154350618 
Elapsed: 1.9477708339691162

*** Epoch 1, batch 437/520 ***
Training fitness: 0.9375
Model size: (8, 13)
Validation fitness: 0.9132580623352038 
Elapsed: 1.924647569656372

*** Epoch 1, batch 438/520 ***
Training fitness: 0.9140625
Model size: (9, 15)
Validation fitness: 0.9088634980731526 
Elapsed: 2.0291130542755127

*** Epoch 1, batch 439/520 ***
Training fitness: 0.94140625
Model size: (9, 16)
Validation fitness: 0.9110269758637008 
Elapsed: 1.8104376792907715

*** Epoch 1, batch 440/520 ***
Training fitness: 0.88671875
Model size: (8, 14)
Validation fitness: 0.9064971942397404 
Elapsed: 1.936460256576538

*** Epoch 1, batch 441/520 ***
Training fitness: 0.90234375
Model size: (8, 14)
Validation fitness: 0.9064971942397404 
Elapsed: 1.9394867420196533

*** Epoch 1, batch 442/520 ***
Training fitness: 0.91796875
Model size: (8, 14)
Validation fitness: 0.9064971942397404 
Elapsed: 2.006965160369873

*** Epoch 1, batch 443/520 ***
Training fitness: 0.91015625
Model size: (8, 14)
Validation fitness: 0.9064971942397404 
Elapsed: 2.0999486446380615

*** Epoch 1, batch 444/520 ***
Training fitness: 0.93359375
Model size: (10, 16)
Validation fitness: 0.8826989385437091 
Elapsed: 1.9152774810791016

*** Epoch 1, batch 445/520 ***
Training fitness: 0.91015625
Model size: (8, 14)
Validation fitness: 0.9064971942397404 
Elapsed: 1.961535930633545

*** Epoch 1, batch 446/520 ***
Training fitness: 0.9140625
Model size: (8, 14)
Validation fitness: 0.9064971942397404 
Elapsed: 1.9639232158660889

*** Epoch 1, batch 447/520 ***
Training fitness: 0.9453125
Model size: (8, 14)
Validation fitness: 0.9064971942397404 
Elapsed: 1.9247114658355713

*** Epoch 1, batch 448/520 ***
Training fitness: 0.9140625
Model size: (10, 16)
Validation fitness: 0.8823608951389358 
Elapsed: 1.849768877029419

*** Epoch 1, batch 449/520 ***
Training fitness: 0.89453125
Model size: (6, 11)
Validation fitness: 0.8793861131769319 
Elapsed: 1.7592918872833252

*** Epoch 1, batch 450/520 ***
Training fitness: 0.90625
Model size: (12, 21)
Validation fitness: 0.8991954566966398 
Elapsed: 1.8469817638397217

*** Epoch 1, batch 451/520 ***
Training fitness: 0.9140625
Model size: (8, 14)
Validation fitness: 0.9064971942397404 
Elapsed: 2.102532386779785

*** Epoch 1, batch 452/520 ***
Training fitness: 0.921875
Model size: (8, 14)
Validation fitness: 0.9064971942397404 
Elapsed: 2.0117197036743164

*** Epoch 1, batch 453/520 ***
Training fitness: 0.91015625
Model size: (11, 22)
Validation fitness: 0.8900682847677642 
Elapsed: 2.163700819015503

*** Epoch 1, batch 454/520 ***
Training fitness: 0.9375
Model size: (11, 21)
Validation fitness: 0.9046041511730106 
Elapsed: 1.8505661487579346

*** Epoch 1, batch 455/520 ***
Training fitness: 0.91796875
Model size: (7, 13)
Validation fitness: 0.910824149820837 
Elapsed: 2.0476431846618652

*** Epoch 1, batch 456/520 ***
Training fitness: 0.9296875
Model size: (7, 13)
Validation fitness: 0.910824149820837 
Elapsed: 1.955331563949585

*** Epoch 1, batch 457/520 ***
Training fitness: 0.9296875
Model size: (11, 14)
Validation fitness: 0.8858765465485768 
Elapsed: 1.8239917755126953

*** Epoch 1, batch 458/520 ***
Training fitness: 0.9296875
Model size: (7, 12)
Validation fitness: 0.9097424109255628 
Elapsed: 1.9434692859649658

*** Epoch 1, batch 459/520 ***
Training fitness: 0.91796875
Model size: (8, 10)
Validation fitness: 0.8846595902913934 
Elapsed: 1.89011549949646

*** Epoch 1, batch 460/520 ***
Training fitness: 0.93359375
Model size: (8, 11)
Validation fitness: 0.8885132851058076 
Elapsed: 1.8567051887512207

*** Epoch 1, batch 461/520 ***
Training fitness: 0.921875
Model size: (7, 12)
Validation fitness: 0.9097424109255628 
Elapsed: 1.9005069732666016

*** Epoch 1, batch 462/520 ***
Training fitness: 0.8984375
Model size: (7, 12)
Validation fitness: 0.9097424109255628 
Elapsed: 1.9241433143615723

*** Epoch 1, batch 463/520 ***
Training fitness: 0.8984375
Model size: (13, 14)
Validation fitness: 0.911365019268474 
Elapsed: 1.9043257236480713

*** Epoch 1, batch 464/520 ***
Training fitness: 0.93359375
Model size: (13, 14)
Validation fitness: 0.911365019268474 
Elapsed: 1.962759017944336

*** Epoch 1, batch 465/520 ***
Training fitness: 0.9296875
Model size: (11, 16)
Validation fitness: 0.9029139341491448 
Elapsed: 1.8457870483398438

*** Epoch 1, batch 466/520 ***
Training fitness: 0.9140625
Model size: (14, 17)
Validation fitness: 0.9102832803731999 
Elapsed: 1.885021448135376

*** Epoch 1, batch 467/520 ***
Training fitness: 0.94140625
Model size: (14, 16)
Validation fitness: 0.9164356703400717 
Elapsed: 1.9579229354858398

*** Epoch 1, batch 468/520 ***
Training fitness: 0.92578125
Model size: (15, 21)
Validation fitness: 0.8800621999864783 
Elapsed: 2.0613293647766113

*** Epoch 1, batch 469/520 ***
Training fitness: 0.921875
Model size: (8, 9)
Validation fitness: 0.8808058954769793 
Elapsed: 1.8385519981384277

*** Epoch 1, batch 470/520 ***
Training fitness: 0.91015625
Model size: (6, 7)
Validation fitness: 0.9055506727063755 
Elapsed: 1.938950538635254

*** Epoch 1, batch 471/520 ***
Training fitness: 0.94921875
Model size: (9, 15)
Validation fitness: 0.9262389290784937 
Elapsed: 1.900238275527954

*** Epoch 1, batch 472/520 ***
Training fitness: 0.921875
Model size: (9, 15)
Validation fitness: 0.9262389290784937 
Elapsed: 1.8295059204101562

*** Epoch 1, batch 473/520 ***
Training fitness: 0.921875
Model size: (6, 8)
Validation fitness: 0.9004124129538232 
Elapsed: 1.735480546951294

*** Epoch 1, batch 474/520 ***
Training fitness: 0.93359375
Model size: (9, 15)
Validation fitness: 0.9262389290784937 
Elapsed: 1.7622222900390625

*** Epoch 1, batch 475/520 ***
Training fitness: 0.921875
Model size: (9, 15)
Validation fitness: 0.9262389290784937 
Elapsed: 1.761193037033081

*** Epoch 1, batch 476/520 ***
Training fitness: 0.890625
Model size: (7, 10)
Validation fitness: 0.9000743695490501 
Elapsed: 1.8339715003967285

*** Epoch 1, batch 477/520 ***
Training fitness: 0.9140625
Model size: (7, 15)
Validation fitness: 0.8916232844297208 
Elapsed: 1.7596302032470703

*** Epoch 1, batch 478/520 ***
Training fitness: 0.9140625
Model size: (6, 11)
Validation fitness: 0.887161111486715 
Elapsed: 1.7161715030670166

*** Epoch 1, batch 479/520 ***
Training fitness: 0.90234375
Model size: (10, 14)
Validation fitness: 0.9028463254681901 
Elapsed: 1.675525188446045

*** Epoch 1, batch 480/520 ***
Training fitness: 0.92578125
Model size: (9, 14)
Validation fitness: 0.9067676289635589 
Elapsed: 1.696718692779541

*** Epoch 1, batch 481/520 ***
Training fitness: 0.89453125
Model size: (8, 13)
Validation fitness: 0.8911500236630383 
Elapsed: 1.6819710731506348

*** Epoch 1, batch 482/520 ***
Training fitness: 0.90234375
Model size: (5, 9)
Validation fitness: 0.8770874180244743 
Elapsed: 1.67218017578125

*** Epoch 1, batch 483/520 ***
Training fitness: 0.9140625
Model size: (4, 6)
Validation fitness: 0.9041984990872828 
Elapsed: 1.7184579372406006

*** Epoch 1, batch 484/520 ***
Training fitness: 0.91796875
Model size: (9, 13)
Validation fitness: 0.9063619768778312 
Elapsed: 1.6687381267547607

*** Epoch 1, batch 485/520 ***
Training fitness: 0.9375
Model size: (6, 8)
Validation fitness: 0.9060915421540126 
Elapsed: 1.775632619857788

*** Epoch 1, batch 486/520 ***
Training fitness: 0.91796875
Model size: (5, 4)
Validation fitness: 0.8847948076533027 
Elapsed: 1.6787102222442627

*** Epoch 1, batch 487/520 ***
Training fitness: 0.9140625
Model size: (10, 15)
Validation fitness: 0.8831721993103915 
Elapsed: 1.7313103675842285

*** Epoch 1, batch 488/520 ***
Training fitness: 0.93359375
Model size: (6, 6)
Validation fitness: 0.8806030694341154 
Elapsed: 1.6473653316497803

*** Epoch 1, batch 489/520 ***
Training fitness: 0.953125
Model size: (10, 16)
Validation fitness: 0.9061591508349672 
Elapsed: 1.709991693496704

*** Epoch 1, batch 490/520 ***
Training fitness: 0.890625
Model size: (9, 14)
Validation fitness: 0.8961530660536813 
Elapsed: 1.9602413177490234

*** Epoch 1, batch 491/520 ***
Training fitness: 0.92578125
Model size: (10, 17)
Validation fitness: 0.9019674126157798 
Elapsed: 2.0471293926239014

*** Epoch 1, batch 492/520 ***
Training fitness: 0.921875
Model size: (10, 17)
Validation fitness: 0.9019674126157798 
Elapsed: 1.966263771057129

*** Epoch 1, batch 493/520 ***
Training fitness: 0.90625
Model size: (12, 16)
Validation fitness: 0.8838482861199378 
Elapsed: 1.8539659976959229

*** Epoch 1, batch 494/520 ***
Training fitness: 0.94140625
Model size: (8, 13)
Validation fitness: 0.9006152389966872 
Elapsed: 1.7333338260650635

*** Epoch 1, batch 495/520 ***
Training fitness: 0.91015625
Model size: (13, 18)
Validation fitness: 0.9001419782300047 
Elapsed: 1.8101248741149902

*** Epoch 1, batch 496/520 ***
Training fitness: 0.93359375
Model size: (10, 14)
Validation fitness: 0.8989250219728213 
Elapsed: 1.7915332317352295

*** Epoch 1, batch 497/520 ***
Training fitness: 0.8984375
Model size: (11, 18)
Validation fitness: 0.9006828476776418 
Elapsed: 1.949157953262329

*** Epoch 1, batch 498/520 ***
Training fitness: 0.9296875
Model size: (10, 17)
Validation fitness: 0.9019674126157798 
Elapsed: 2.035892963409424

*** Epoch 1, batch 499/520 ***
Training fitness: 0.9140625
Model size: (12, 16)
Validation fitness: 0.9000743695490501 
Elapsed: 1.781468152999878

*** Epoch 1, batch 500/520 ***
Training fitness: 0.90234375
Model size: (10, 14)
Validation fitness: 0.9056182813873301 
Elapsed: 1.7551488876342773

*** Epoch 1, batch 501/520 ***
Training fitness: 0.8984375
Model size: (11, 18)
Validation fitness: 0.8958826313298628 
Elapsed: 2.1102468967437744

*** Epoch 1, batch 502/520 ***
Training fitness: 0.91796875
Model size: (9, 13)
Validation fitness: 0.9048745858968291 
Elapsed: 1.7065417766571045

*** Epoch 1, batch 503/520 ***
Training fitness: 0.9375
Model size: (13, 18)
Validation fitness: 0.9001419782300047 
Elapsed: 1.814094066619873

*** Epoch 1, batch 504/520 ***
Training fitness: 0.91796875
Model size: (10, 13)
Validation fitness: 0.9064295855587857 
Elapsed: 1.6634843349456787

*** Epoch 1, batch 505/520 ***
Training fitness: 0.9375
Model size: (10, 13)
Validation fitness: 0.9064295855587857 
Elapsed: 1.745063304901123

*** Epoch 1, batch 506/520 ***
Training fitness: 0.90234375
Model size: (8, 8)
Validation fitness: 0.8922317625583125 
Elapsed: 1.8238861560821533

*** Epoch 1, batch 507/520 ***
Training fitness: 0.91796875
Model size: (10, 14)
Validation fitness: 0.8814819822865256 
Elapsed: 1.8998239040374756

*** Epoch 1, batch 508/520 ***
Training fitness: 0.90234375
Model size: (10, 10)
Validation fitness: 0.9069704550064228 
Elapsed: 1.803412914276123

*** Epoch 1, batch 509/520 ***
Training fitness: 0.890625
Model size: (9, 11)
Validation fitness: 0.9094719762017444 
Elapsed: 1.9171960353851318

*** Epoch 1, batch 510/520 ***
Training fitness: 0.9375
Model size: (9, 11)
Validation fitness: 0.9094719762017444 
Elapsed: 1.8142449855804443

*** Epoch 1, batch 511/520 ***
Training fitness: 0.890625
Model size: (9, 11)
Validation fitness: 0.9094719762017444 
Elapsed: 1.8850688934326172

*** Epoch 1, batch 512/520 ***
Training fitness: 0.92578125
Model size: (9, 11)
Validation fitness: 0.9094719762017444 
Elapsed: 1.881530523300171

*** Epoch 1, batch 513/520 ***
Training fitness: 0.9140625
Model size: (9, 8)
Validation fitness: 0.9064295855587857 
Elapsed: 1.7751483917236328

*** Epoch 1, batch 514/520 ***
Training fitness: 0.93359375
Model size: (7, 13)
Validation fitness: 0.901020891082415 
Elapsed: 1.8834333419799805

*** Epoch 1, batch 515/520 ***
Training fitness: 0.89453125
Model size: (7, 11)
Validation fitness: 0.8872287201676695 
Elapsed: 1.8670637607574463

*** Epoch 1, batch 516/520 ***
Training fitness: 0.90625
Model size: (8, 15)
Validation fitness: 0.9136637144209316 
Elapsed: 1.8945112228393555

*** Epoch 1, batch 517/520 ***
Training fitness: 0.8984375
Model size: (14, 25)
Validation fitness: 0.8906767628963559 
Elapsed: 2.001595973968506

*** Epoch 1, batch 518/520 ***
Training fitness: 0.921875
Model size: (8, 15)
Validation fitness: 0.9136637144209316 
Elapsed: 1.9146192073822021

*** Epoch 1, batch 519/520 ***
Training fitness: 0.91015625
Model size: (8, 15)
Validation fitness: 0.9136637144209316 
Elapsed: 1.7977139949798584

*** Epoch 1, batch 520/520 ***
Training fitness: 0.8888888888888888
Model size: (8, 15)
Validation fitness: 0.9136637144209316 
Elapsed: 1.7323029041290283

Total train time: 1544.237648487091
Test time: 0.3656744956970215
Test fitness: 0.9367858833074166
Test statistics: Stats(total=14791, total_true=7158, total_false=7633, true_positive=6377, true_negative=7479, false_positive=154, false_negative=781, tpr=0.8908913104219056, tnr=0.9798244464823791, ppv=0.9764201500535906, npv=0.9054479418886199, accuracy=0.9367858833074166, f1=0.9316969829790342, mcc=0.8762741826421677)
