Configuration:
Dataset: nsl_kdd
Selector: pca
Fold: 3
Fitness: zero_sum
Batch size: 256
Epochs: 1
Config args: {}
*** Epoch 1, batch 1/520 ***
Training fitness: 0.9120259019426457
Model size: (1, 12)
Validation fitness: 0.8900455327944105 !!!
Elapsed: 1.9456472396850586

*** Epoch 1, batch 2/520 ***
Training fitness: 0.8977856618546611
Model size: (1, 12)
Validation fitness: 0.868951200902536 
Elapsed: 2.061061382293701

*** Epoch 1, batch 3/520 ***
Training fitness: 0.9120381698067043
Model size: (1, 11)
Validation fitness: 0.9174229755276619 !!!
Elapsed: 2.1237292289733887

*** Epoch 1, batch 4/520 ***
Training fitness: 0.9021170610211706
Model size: (1, 11)
Validation fitness: 0.9174229755276619 
Elapsed: 2.133995771408081

*** Epoch 1, batch 5/520 ***
Training fitness: 0.9030239833159541
Model size: (1, 8)
Validation fitness: 0.8986940302404091 
Elapsed: 2.0921547412872314

*** Epoch 1, batch 6/520 ***
Training fitness: 0.9374961850698895
Model size: (1, 8)
Validation fitness: 0.9031790181846469 
Elapsed: 2.2802977561950684

*** Epoch 1, batch 7/520 ***
Training fitness: 0.9210992366412214
Model size: (1, 8)
Validation fitness: 0.909625863729416 
Elapsed: 2.0495855808258057

*** Epoch 1, batch 8/520 ***
Training fitness: 0.9411638853230638
Model size: (2, 10)
Validation fitness: 0.9155419409822961 
Elapsed: 2.032026767730713

*** Epoch 1, batch 9/520 ***
Training fitness: 0.9146072914117935
Model size: (3, 12)
Validation fitness: 0.90506911246044 
Elapsed: 2.1185715198516846

*** Epoch 1, batch 10/520 ***
Training fitness: 0.9291497975708501
Model size: (1, 7)
Validation fitness: 0.9151838571982756 
Elapsed: 2.064202070236206

*** Epoch 1, batch 11/520 ***
Training fitness: 0.9170965364775239
Model size: (1, 7)
Validation fitness: 0.9151838571982756 
Elapsed: 2.032275676727295

*** Epoch 1, batch 12/520 ***
Training fitness: 0.9051675716158022
Model size: (2, 8)
Validation fitness: 0.9157675823168573 
Elapsed: 2.0969455242156982

*** Epoch 1, batch 13/520 ***
Training fitness: 0.9377302873986735
Model size: (4, 14)
Validation fitness: 0.9169288675402921 
Elapsed: 2.0744006633758545

*** Epoch 1, batch 14/520 ***
Training fitness: 0.935940202619224
Model size: (2, 5)
Validation fitness: 0.9310132124030623 !!!
Elapsed: 2.082322835922241

*** Epoch 1, batch 15/520 ***
Training fitness: 0.9382829771554901
Model size: (2, 5)
Validation fitness: 0.9310132124030623 
Elapsed: 2.124544382095337

*** Epoch 1, batch 16/520 ***
Training fitness: 0.9359358422267989
Model size: (2, 5)
Validation fitness: 0.9310132124030623 
Elapsed: 2.310075044631958

*** Epoch 1, batch 17/520 ***
Training fitness: 0.941256157635468
Model size: (2, 5)
Validation fitness: 0.9310132124030623 
Elapsed: 2.0790750980377197

*** Epoch 1, batch 18/520 ***
Training fitness: 0.9345620147930803
Model size: (2, 5)
Validation fitness: 0.9310132124030623 
Elapsed: 2.1916260719299316

*** Epoch 1, batch 19/520 ***
Training fitness: 0.9388735843281298
Model size: (2, 5)
Validation fitness: 0.9310132124030623 
Elapsed: 2.1698577404022217

*** Epoch 1, batch 20/520 ***
Training fitness: 0.9285802014247113
Model size: (4, 8)
Validation fitness: 0.9219814947723431 
Elapsed: 2.201831102371216

*** Epoch 1, batch 21/520 ***
Training fitness: 0.958088954056696
Model size: (4, 8)
Validation fitness: 0.926634614457996 
Elapsed: 2.2562811374664307

*** Epoch 1, batch 22/520 ***
Training fitness: 0.94921875
Model size: (2, 5)
Validation fitness: 0.9310132124030623 
Elapsed: 2.22257661819458

*** Epoch 1, batch 23/520 ***
Training fitness: 0.9271682727946627
Model size: (5, 14)
Validation fitness: 0.9284621608679079 
Elapsed: 2.3959121704101562

*** Epoch 1, batch 24/520 ***
Training fitness: 0.9480000000000001
Model size: (4, 9)
Validation fitness: 0.9302573340853734 
Elapsed: 2.2617979049682617

*** Epoch 1, batch 25/520 ***
Training fitness: 0.9413721540621376
Model size: (2, 5)
Validation fitness: 0.9310132124030623 
Elapsed: 2.180957078933716

*** Epoch 1, batch 26/520 ***
Training fitness: 0.9376852727846104
Model size: (4, 9)
Validation fitness: 0.9302573340853734 
Elapsed: 2.386456251144409

*** Epoch 1, batch 27/520 ***
Training fitness: 0.9279081133919843
Model size: (4, 9)
Validation fitness: 0.9302573340853734 
Elapsed: 2.292117118835449

*** Epoch 1, batch 28/520 ***
Training fitness: 0.9213338246131172
Model size: (5, 11)
Validation fitness: 0.926616714849043 
Elapsed: 2.419184684753418

*** Epoch 1, batch 29/520 ***
Training fitness: 0.9355843354918286
Model size: (4, 9)
Validation fitness: 0.9302573340853734 
Elapsed: 2.342616081237793

*** Epoch 1, batch 30/520 ***
Training fitness: 0.9580353322330215
Model size: (7, 16)
Validation fitness: 0.9174365880245423 
Elapsed: 2.59538197517395

*** Epoch 1, batch 31/520 ***
Training fitness: 0.9319403714565004
Model size: (4, 9)
Validation fitness: 0.9302573340853734 
Elapsed: 2.3803212642669678

*** Epoch 1, batch 32/520 ***
Training fitness: 0.9647500457791613
Model size: (2, 5)
Validation fitness: 0.9260603246501725 
Elapsed: 2.3535892963409424

*** Epoch 1, batch 33/520 ***
Training fitness: 0.9431372549019607
Model size: (2, 6)
Validation fitness: 0.932512263430652 !!!
Elapsed: 2.343111515045166

*** Epoch 1, batch 34/520 ***
Training fitness: 0.9468137254901959
Model size: (4, 9)
Validation fitness: 0.9302573340853734 
Elapsed: 2.2439000606536865

*** Epoch 1, batch 35/520 ***
Training fitness: 0.9450039675273149
Model size: (2, 5)
Validation fitness: 0.9260603246501725 
Elapsed: 2.325477361679077

*** Epoch 1, batch 36/520 ***
Training fitness: 0.962100372883428
Model size: (2, 6)
Validation fitness: 0.932512263430652 
Elapsed: 2.394308090209961

*** Epoch 1, batch 37/520 ***
Training fitness: 0.9272977099236641
Model size: (4, 12)
Validation fitness: 0.9247629052974378 
Elapsed: 2.317426919937134

*** Epoch 1, batch 38/520 ***
Training fitness: 0.9404936461388074
Model size: (2, 6)
Validation fitness: 0.932512263430652 
Elapsed: 2.8119776248931885

*** Epoch 1, batch 39/520 ***
Training fitness: 0.9396356745522342
Model size: (4, 12)
Validation fitness: 0.9247629052974378 
Elapsed: 3.533975601196289

*** Epoch 1, batch 40/520 ***
Training fitness: 0.9438628711355984
Model size: (2, 7)
Validation fitness: 0.9300234391440227 
Elapsed: 2.3305275440216064

*** Epoch 1, batch 41/520 ***
Training fitness: 0.9378510378510378
Model size: (6, 14)
Validation fitness: 0.9293750775664988 
Elapsed: 2.4255213737487793

*** Epoch 1, batch 42/520 ***
Training fitness: 0.9265567765567766
Model size: (5, 14)
Validation fitness: 0.9322603039914222 
Elapsed: 2.3762028217315674

*** Epoch 1, batch 43/520 ***
Training fitness: 0.9364875603643256
Model size: (2, 7)
Validation fitness: 0.9300234391440227 
Elapsed: 2.3282861709594727

*** Epoch 1, batch 44/520 ***
Training fitness: 0.9453125
Model size: (3, 7)
Validation fitness: 0.9310228584052258 
Elapsed: 2.4095189571380615

*** Epoch 1, batch 45/520 ***
Training fitness: 0.9426470588235293
Model size: (2, 7)
Validation fitness: 0.9335167759275653 !!!
Elapsed: 2.338080406188965

*** Epoch 1, batch 46/520 ***
Training fitness: 0.9047619047619048
Model size: (1, 6)
Validation fitness: 0.9098521462986888 
Elapsed: 2.382101535797119

*** Epoch 1, batch 47/520 ***
Training fitness: 0.9235380926028407
Model size: (6, 11)
Validation fitness: 0.9243543380206125 
Elapsed: 2.35252046585083

*** Epoch 1, batch 48/520 ***
Training fitness: 0.9230698697964423
Model size: (1, 6)
Validation fitness: 0.9255618196247795 
Elapsed: 2.280430316925049

*** Epoch 1, batch 49/520 ***
Training fitness: 0.9454922785814563
Model size: (6, 11)
Validation fitness: 0.915510318950512 
Elapsed: 2.3595705032348633

*** Epoch 1, batch 50/520 ***
Training fitness: 0.9618315680702662
Model size: (4, 12)
Validation fitness: 0.9227826625816719 
Elapsed: 2.514050245285034

*** Epoch 1, batch 51/520 ***
Training fitness: 0.941871921182266
Model size: (4, 11)
Validation fitness: 0.926275623784883 
Elapsed: 2.5055654048919678

*** Epoch 1, batch 52/520 ***
Training fitness: 0.9223443223443223
Model size: (4, 13)
Validation fitness: 0.922046616737567 
Elapsed: 2.4137723445892334

*** Epoch 1, batch 53/520 ***
Training fitness: 0.9170332355816226
Model size: (3, 10)
Validation fitness: 0.9204067139252984 
Elapsed: 2.345243453979492

*** Epoch 1, batch 54/520 ***
Training fitness: 0.9134208427896706
Model size: (5, 10)
Validation fitness: 0.9199462615997985 
Elapsed: 2.275355100631714

*** Epoch 1, batch 55/520 ***
Training fitness: 0.9507470946319868
Model size: (3, 10)
Validation fitness: 0.9280111438531661 
Elapsed: 2.4419615268707275

*** Epoch 1, batch 56/520 ***
Training fitness: 0.9201388888888888
Model size: (3, 10)
Validation fitness: 0.9280111438531661 
Elapsed: 2.4510254859924316

*** Epoch 1, batch 57/520 ***
Training fitness: 0.9205496183206107
Model size: (6, 13)
Validation fitness: 0.9186998662091256 
Elapsed: 2.4345312118530273

*** Epoch 1, batch 58/520 ***
Training fitness: 0.9452627018998699
Model size: (7, 14)
Validation fitness: 0.9333169122284156 
Elapsed: 2.530550479888916

*** Epoch 1, batch 59/520 ***
Training fitness: 0.9205407389283093
Model size: (2, 8)
Validation fitness: 0.9240965891479856 
Elapsed: 2.3389034271240234

*** Epoch 1, batch 60/520 ***
Training fitness: 0.9051808406647116
Model size: (6, 12)
Validation fitness: 0.9266443703861101 
Elapsed: 2.3253493309020996

*** Epoch 1, batch 61/520 ***
Training fitness: 0.9270833333333334
Model size: (7, 15)
Validation fitness: 0.9312097508422068 
Elapsed: 2.5143258571624756

*** Epoch 1, batch 62/520 ***
Training fitness: 0.9459301968962767
Model size: (6, 12)
Validation fitness: 0.9266443703861101 
Elapsed: 2.2980988025665283

*** Epoch 1, batch 63/520 ***
Training fitness: 0.9417087936091868
Model size: (4, 10)
Validation fitness: 0.9255384511997848 
Elapsed: 2.3367857933044434

*** Epoch 1, batch 64/520 ***
Training fitness: 0.9273512180080173
Model size: (6, 14)
Validation fitness: 0.918881454718991 
Elapsed: 2.436971426010132

*** Epoch 1, batch 65/520 ***
Training fitness: 0.9232649071358748
Model size: (6, 11)
Validation fitness: 0.9192214190421573 
Elapsed: 2.461620807647705

*** Epoch 1, batch 66/520 ***
Training fitness: 0.9177857540689399
Model size: (4, 10)
Validation fitness: 0.92001234541709 
Elapsed: 2.4903299808502197

*** Epoch 1, batch 67/520 ***
Training fitness: 0.921875
Model size: (6, 11)
Validation fitness: 0.9221267435950453 
Elapsed: 2.541611909866333

*** Epoch 1, batch 68/520 ***
Training fitness: 0.9395464429947189
Model size: (2, 8)
Validation fitness: 0.9168997096819004 
Elapsed: 2.3697993755340576

*** Epoch 1, batch 69/520 ***
Training fitness: 0.9471830985915494
Model size: (4, 10)
Validation fitness: 0.9262087338439541 
Elapsed: 2.3840935230255127

*** Epoch 1, batch 70/520 ***
Training fitness: 0.9280268093217734
Model size: (4, 10)
Validation fitness: 0.9262087338439541 
Elapsed: 2.5234010219573975

*** Epoch 1, batch 71/520 ***
Training fitness: 0.910927960927961
Model size: (5, 13)
Validation fitness: 0.927989918984208 
Elapsed: 2.438286304473877

*** Epoch 1, batch 72/520 ***
Training fitness: 0.9302275654787462
Model size: (4, 9)
Validation fitness: 0.9270817749039715 
Elapsed: 2.484593152999878

*** Epoch 1, batch 73/520 ***
Training fitness: 0.9242007457668562
Model size: (5, 13)
Validation fitness: 0.927989918984208 
Elapsed: 2.4663846492767334

*** Epoch 1, batch 74/520 ***
Training fitness: 0.8998044965786901
Model size: (4, 9)
Validation fitness: 0.9270817749039715 
Elapsed: 2.325531482696533

*** Epoch 1, batch 75/520 ***
Training fitness: 0.9309312977099237
Model size: (5, 10)
Validation fitness: 0.9311889565165551 
Elapsed: 2.419306993484497

*** Epoch 1, batch 76/520 ***
Training fitness: 0.9414148857774502
Model size: (4, 9)
Validation fitness: 0.9270817749039715 
Elapsed: 2.3806092739105225

*** Epoch 1, batch 77/520 ***
Training fitness: 0.9293780137947872
Model size: (8, 13)
Validation fitness: 0.9245832496522034 
Elapsed: 2.4263734817504883

*** Epoch 1, batch 78/520 ***
Training fitness: 0.9527762405460247
Model size: (1, 8)
Validation fitness: 0.918586724924489 
Elapsed: 2.3299612998962402

*** Epoch 1, batch 79/520 ***
Training fitness: 0.9170704778261669
Model size: (4, 11)
Validation fitness: 0.9268071432374342 
Elapsed: 2.4149415493011475

*** Epoch 1, batch 80/520 ***
Training fitness: 0.9405496183206107
Model size: (4, 9)
Validation fitness: 0.9270817749039715 
Elapsed: 2.3355236053466797

*** Epoch 1, batch 81/520 ***
Training fitness: 0.9326735092864125
Model size: (4, 9)
Validation fitness: 0.9270817749039715 
Elapsed: 2.4215826988220215

*** Epoch 1, batch 82/520 ***
Training fitness: 0.9304187192118226
Model size: (10, 19)
Validation fitness: 0.9221645306405578 
Elapsed: 2.4131479263305664

*** Epoch 1, batch 83/520 ***
Training fitness: 0.9318947046219773
Model size: (2, 8)
Validation fitness: 0.9236427323795205 
Elapsed: 2.304603338241577

*** Epoch 1, batch 84/520 ***
Training fitness: 0.9401591674318948
Model size: (10, 19)
Validation fitness: 0.929381508234608 
Elapsed: 2.491725444793701

*** Epoch 1, batch 85/520 ***
Training fitness: 0.9426470588235293
Model size: (10, 19)
Validation fitness: 0.929381508234608 
Elapsed: 2.5060203075408936

*** Epoch 1, batch 86/520 ***
Training fitness: 0.8996608078939254
Model size: (5, 6)
Validation fitness: 0.9165485420722705 
Elapsed: 2.368381977081299

*** Epoch 1, batch 87/520 ***
Training fitness: 0.926458832933653
Model size: (5, 5)
Validation fitness: 0.9218043582634763 
Elapsed: 2.385974407196045

*** Epoch 1, batch 88/520 ***
Training fitness: 0.9401591674318948
Model size: (4, 9)
Validation fitness: 0.9302329488453359 
Elapsed: 2.4593214988708496

*** Epoch 1, batch 89/520 ***
Training fitness: 0.9227832512315272
Model size: (4, 9)
Validation fitness: 0.9302329488453359 
Elapsed: 2.3835480213165283

*** Epoch 1, batch 90/520 ***
Training fitness: 0.9304149797570849
Model size: (7, 17)
Validation fitness: 0.9175240066367426 
Elapsed: 2.7401487827301025

*** Epoch 1, batch 91/520 ***
Training fitness: 0.9325496183206107
Model size: (9, 17)
Validation fitness: 0.9261548151651936 
Elapsed: 2.427744150161743

*** Epoch 1, batch 92/520 ***
Training fitness: 0.9205081114172022
Model size: (6, 7)
Validation fitness: 0.9212925613585587 
Elapsed: 2.359588861465454

*** Epoch 1, batch 93/520 ***
Training fitness: 0.949063053164866
Model size: (7, 12)
Validation fitness: 0.9145585983913656 
Elapsed: 2.448991537094116

*** Epoch 1, batch 94/520 ***
Training fitness: 0.9092974699091133
Model size: (8, 18)
Validation fitness: 0.9179919064453945 
Elapsed: 2.6958084106445312

*** Epoch 1, batch 95/520 ***
Training fitness: 0.8916804205636041
Model size: (9, 17)
Validation fitness: 0.9035165183344211 
Elapsed: 2.541694402694702

*** Epoch 1, batch 96/520 ***
Training fitness: 0.9448107448107449
Model size: (9, 18)
Validation fitness: 0.9204419268714682 
Elapsed: 2.608534097671509

*** Epoch 1, batch 97/520 ***
Training fitness: 0.9412500762986022
Model size: (6, 13)
Validation fitness: 0.9094062774826327 
Elapsed: 2.4312233924865723

*** Epoch 1, batch 98/520 ***
Training fitness: 0.9293169749130196
Model size: (8, 20)
Validation fitness: 0.9128970951298078 
Elapsed: 2.8801164627075195

*** Epoch 1, batch 99/520 ***
Training fitness: 0.9174656488549618
Model size: (9, 18)
Validation fitness: 0.9204419268714682 
Elapsed: 2.573513984680176

*** Epoch 1, batch 100/520 ***
Training fitness: 0.9137941704313385
Model size: (9, 18)
Validation fitness: 0.9204419268714682 
Elapsed: 2.619246244430542

*** Epoch 1, batch 101/520 ***
Training fitness: 0.928431612429655
Model size: (8, 18)
Validation fitness: 0.9179919064453945 
Elapsed: 2.6423425674438477

*** Epoch 1, batch 102/520 ***
Training fitness: 0.9360853830583327
Model size: (9, 17)
Validation fitness: 0.9248995249330194 
Elapsed: 2.6845245361328125

*** Epoch 1, batch 103/520 ***
Training fitness: 0.9097069597069597
Model size: (6, 11)
Validation fitness: 0.9150825604348143 
Elapsed: 2.547633409500122

*** Epoch 1, batch 104/520 ***
Training fitness: 0.9159297469909113
Model size: (6, 13)
Validation fitness: 0.9158398311478771 
Elapsed: 2.6164376735687256

*** Epoch 1, batch 105/520 ***
Training fitness: 0.9245098039215686
Model size: (7, 11)
Validation fitness: 0.9195617589456547 
Elapsed: 2.622053861618042

*** Epoch 1, batch 106/520 ***
Training fitness: 0.9098760910700116
Model size: (6, 13)
Validation fitness: 0.9158398311478771 
Elapsed: 2.5869603157043457

*** Epoch 1, batch 107/520 ***
Training fitness: 0.9034469977761305
Model size: (10, 19)
Validation fitness: 0.9179969447181295 
Elapsed: 2.736546754837036

*** Epoch 1, batch 108/520 ***
Training fitness: 0.9305418719211823
Model size: (10, 19)
Validation fitness: 0.9054098279442686 
Elapsed: 2.4225785732269287

*** Epoch 1, batch 109/520 ***
Training fitness: 0.890374168345236
Model size: (10, 19)
Validation fitness: 0.9061807111542118 
Elapsed: 2.4563331604003906

*** Epoch 1, batch 110/520 ***
Training fitness: 0.9530610999206495
Model size: (9, 18)
Validation fitness: 0.9196274671826151 
Elapsed: 2.5715250968933105

*** Epoch 1, batch 111/520 ***
Training fitness: 0.919477028347996
Model size: (9, 18)
Validation fitness: 0.9196274671826151 
Elapsed: 2.5237112045288086

*** Epoch 1, batch 112/520 ***
Training fitness: 0.9373626373626374
Model size: (8, 12)
Validation fitness: 0.919754761433389 
Elapsed: 2.4165139198303223

*** Epoch 1, batch 113/520 ***
Training fitness: 0.9058823529411765
Model size: (8, 15)
Validation fitness: 0.9145787514823057 
Elapsed: 2.5453577041625977

*** Epoch 1, batch 114/520 ***
Training fitness: 0.9451208264157903
Model size: (9, 16)
Validation fitness: 0.9300284224537825 
Elapsed: 2.4817936420440674

*** Epoch 1, batch 115/520 ***
Training fitness: 0.94024926686217
Model size: (9, 16)
Validation fitness: 0.9300284224537825 
Elapsed: 2.5250539779663086

*** Epoch 1, batch 116/520 ***
Training fitness: 0.9440910203082946
Model size: (5, 10)
Validation fitness: 0.9149887661174804 
Elapsed: 2.4173471927642822

*** Epoch 1, batch 117/520 ***
Training fitness: 0.9280518369093466
Model size: (9, 16)
Validation fitness: 0.9300284224537825 
Elapsed: 2.729764938354492

*** Epoch 1, batch 118/520 ***
Training fitness: 0.9237533050482691
Model size: (9, 15)
Validation fitness: 0.9266640929337437 
Elapsed: 2.5122411251068115

*** Epoch 1, batch 119/520 ***
Training fitness: 0.9423173173173173
Model size: (9, 16)
Validation fitness: 0.9300284224537825 
Elapsed: 2.5959131717681885

*** Epoch 1, batch 120/520 ***
Training fitness: 0.9265779304422499
Model size: (9, 16)
Validation fitness: 0.9300284224537825 
Elapsed: 2.5622212886810303

*** Epoch 1, batch 121/520 ***
Training fitness: 0.9151910531220876
Model size: (9, 16)
Validation fitness: 0.9300284224537825 
Elapsed: 2.6336934566497803

*** Epoch 1, batch 122/520 ***
Training fitness: 0.925106068990961
Model size: (9, 16)
Validation fitness: 0.9300284224537825 
Elapsed: 2.5586955547332764

*** Epoch 1, batch 123/520 ***
Training fitness: 0.8891435906840273
Model size: (9, 15)
Validation fitness: 0.9223456336441416 
Elapsed: 2.5595221519470215

*** Epoch 1, batch 124/520 ***
Training fitness: 0.9321847507331378
Model size: (9, 16)
Validation fitness: 0.9300284224537825 
Elapsed: 2.552724838256836

*** Epoch 1, batch 125/520 ***
Training fitness: 0.9224977043158862
Model size: (13, 22)
Validation fitness: 0.9043315642950105 
Elapsed: 2.481031656265259

*** Epoch 1, batch 126/520 ***
Training fitness: 0.9230033919210607
Model size: (9, 15)
Validation fitness: 0.913287442180324 
Elapsed: 2.4431943893432617

*** Epoch 1, batch 127/520 ***
Training fitness: 0.9078690127077224
Model size: (9, 16)
Validation fitness: 0.9239568091413248 
Elapsed: 2.609501361846924

*** Epoch 1, batch 128/520 ***
Training fitness: 0.93359375
Model size: (6, 11)
Validation fitness: 0.917111042321894 
Elapsed: 2.46254563331604

*** Epoch 1, batch 129/520 ***
Training fitness: 0.9194572926302805
Model size: (7, 10)
Validation fitness: 0.9156205655184497 
Elapsed: 2.4534738063812256

*** Epoch 1, batch 130/520 ***
Training fitness: 0.9404936461388074
Model size: (7, 10)
Validation fitness: 0.9155310583131884 
Elapsed: 2.432013511657715

*** Epoch 1, batch 131/520 ***
Training fitness: 0.9339975093399752
Model size: (6, 9)
Validation fitness: 0.9145165242337803 
Elapsed: 2.368326425552368

*** Epoch 1, batch 132/520 ***
Training fitness: 0.9379895158803578
Model size: (9, 16)
Validation fitness: 0.9344475922351093 !!!
Elapsed: 2.473714828491211

*** Epoch 1, batch 133/520 ***
Training fitness: 0.94140625
Model size: (9, 16)
Validation fitness: 0.9344475922351093 
Elapsed: 2.4452273845672607

*** Epoch 1, batch 134/520 ***
Training fitness: 0.9372520295428187
Model size: (9, 16)
Validation fitness: 0.9344475922351093 
Elapsed: 2.403676986694336

*** Epoch 1, batch 135/520 ***
Training fitness: 0.9103232533889468
Model size: (9, 16)
Validation fitness: 0.9261810783068868 
Elapsed: 2.543010950088501

*** Epoch 1, batch 136/520 ***
Training fitness: 0.9171550671550672
Model size: (9, 15)
Validation fitness: 0.9295770298587096 
Elapsed: 2.5742645263671875

*** Epoch 1, batch 137/520 ***
Training fitness: 0.9253189281572362
Model size: (6, 9)
Validation fitness: 0.9235934214301886 
Elapsed: 2.341062307357788

*** Epoch 1, batch 138/520 ***
Training fitness: 0.9322337533975784
Model size: (10, 16)
Validation fitness: 0.9314832557677505 
Elapsed: 2.437570333480835

*** Epoch 1, batch 139/520 ***
Training fitness: 0.9388735843281298
Model size: (7, 11)
Validation fitness: 0.9252954965280071 
Elapsed: 2.363164186477661

*** Epoch 1, batch 140/520 ***
Training fitness: 0.919867873746024
Model size: (3, 8)
Validation fitness: 0.9081268127018264 
Elapsed: 2.388129234313965

*** Epoch 1, batch 141/520 ***
Training fitness: 0.9266788766788767
Model size: (6, 13)
Validation fitness: 0.9219423153314565 
Elapsed: 2.500974655151367

*** Epoch 1, batch 142/520 ***
Training fitness: 0.9291852223546383
Model size: (9, 16)
Validation fitness: 0.9258924585631381 
Elapsed: 2.4993786811828613

*** Epoch 1, batch 143/520 ***
Training fitness: 0.9564713064713065
Model size: (10, 18)
Validation fitness: 0.9048781436027915 
Elapsed: 2.4676411151885986

*** Epoch 1, batch 144/520 ***
Training fitness: 0.9119770002446782
Model size: (5, 11)
Validation fitness: 0.9070636638707734 
Elapsed: 2.469024896621704

*** Epoch 1, batch 145/520 ***
Training fitness: 0.935099094690482
Model size: (6, 9)
Validation fitness: 0.9175868751199796 
Elapsed: 2.2965543270111084

*** Epoch 1, batch 146/520 ***
Training fitness: 0.9398260329294811
Model size: (6, 14)
Validation fitness: 0.9134933060042764 
Elapsed: 2.235100746154785

*** Epoch 1, batch 147/520 ***
Training fitness: 0.9289160305343511
Model size: (8, 14)
Validation fitness: 0.9192694933245451 
Elapsed: 2.3254899978637695

*** Epoch 1, batch 148/520 ***
Training fitness: 0.92578125
Model size: (9, 11)
Validation fitness: 0.9122554848377488 
Elapsed: 2.4221677780151367

*** Epoch 1, batch 149/520 ***
Training fitness: 0.927114503816794
Model size: (8, 15)
Validation fitness: 0.9246004530634695 
Elapsed: 2.2524750232696533

*** Epoch 1, batch 150/520 ***
Training fitness: 0.9028714648183674
Model size: (10, 17)
Validation fitness: 0.9255690014535508 
Elapsed: 2.289712429046631

*** Epoch 1, batch 151/520 ***
Training fitness: 0.9253421309872922
Model size: (10, 12)
Validation fitness: 0.9116625442603099 
Elapsed: 2.3217432498931885

*** Epoch 1, batch 152/520 ***
Training fitness: 0.9013678464086364
Model size: (9, 16)
Validation fitness: 0.9052605027008989 
Elapsed: 2.5602800846099854

*** Epoch 1, batch 153/520 ***
Training fitness: 0.9373626373626374
Model size: (6, 12)
Validation fitness: 0.9060250651686838 
Elapsed: 2.260700225830078

*** Epoch 1, batch 154/520 ***
Training fitness: 0.92578125
Model size: (5, 9)
Validation fitness: 0.9085663058127487 
Elapsed: 2.3866443634033203

*** Epoch 1, batch 155/520 ***
Training fitness: 0.91746973066469
Model size: (8, 15)
Validation fitness: 0.9246004530634695 
Elapsed: 2.1636250019073486

*** Epoch 1, batch 156/520 ***
Training fitness: 0.9376832844574781
Model size: (9, 14)
Validation fitness: 0.9078680470141566 
Elapsed: 2.3582494258880615

*** Epoch 1, batch 157/520 ***
Training fitness: 0.9066176470588235
Model size: (8, 15)
Validation fitness: 0.9246004530634695 
Elapsed: 2.2056143283843994

*** Epoch 1, batch 158/520 ***
Training fitness: 0.9199217556085335
Model size: (8, 15)
Validation fitness: 0.9246004530634695 
Elapsed: 2.2041804790496826

*** Epoch 1, batch 159/520 ***
Training fitness: 0.9289687633718443
Model size: (11, 17)
Validation fitness: 0.904343784396517 
Elapsed: 2.345440149307251

*** Epoch 1, batch 160/520 ***
Training fitness: 0.9245459651750608
Model size: (8, 15)
Validation fitness: 0.9218848607012857 
Elapsed: 2.161979913711548

*** Epoch 1, batch 161/520 ***
Training fitness: 0.9228617106314948
Model size: (8, 17)
Validation fitness: 0.9203980847381777 
Elapsed: 2.1619796752929688

*** Epoch 1, batch 162/520 ***
Training fitness: 0.9228617106314948
Model size: (13, 22)
Validation fitness: 0.9123119776158519 
Elapsed: 2.493278980255127

*** Epoch 1, batch 163/520 ***
Training fitness: 0.9219923091008974
Model size: (8, 15)
Validation fitness: 0.9218848607012857 
Elapsed: 2.1484591960906982

*** Epoch 1, batch 164/520 ***
Training fitness: 0.9101494396014943
Model size: (8, 16)
Validation fitness: 0.9189072873173778 
Elapsed: 2.278820037841797

*** Epoch 1, batch 165/520 ***
Training fitness: 0.9247991167269828
Model size: (8, 16)
Validation fitness: 0.9189072873173778 
Elapsed: 2.3150224685668945

*** Epoch 1, batch 166/520 ***
Training fitness: 0.9267993122083026
Model size: (8, 16)
Validation fitness: 0.9243574983916917 
Elapsed: 2.2807488441467285

*** Epoch 1, batch 167/520 ***
Training fitness: 0.9375572239516572
Model size: (8, 16)
Validation fitness: 0.9128475185260952 
Elapsed: 2.2088708877563477

*** Epoch 1, batch 168/520 ***
Training fitness: 0.9383816793893129
Model size: (8, 15)
Validation fitness: 0.9185874211221762 
Elapsed: 2.2871620655059814

*** Epoch 1, batch 169/520 ***
Training fitness: 0.9221754257462004
Model size: (7, 13)
Validation fitness: 0.9064351347668337 
Elapsed: 2.469006299972534

*** Epoch 1, batch 170/520 ***
Training fitness: 0.9284313725490196
Model size: (11, 20)
Validation fitness: 0.9180030547688827 
Elapsed: 2.4363718032836914

*** Epoch 1, batch 171/520 ***
Training fitness: 0.9216871146920588
Model size: (11, 19)
Validation fitness: 0.9208199988575029 
Elapsed: 2.4691295623779297

*** Epoch 1, batch 172/520 ***
Training fitness: 0.9229262320171411
Model size: (11, 19)
Validation fitness: 0.9208199988575029 
Elapsed: 2.4138283729553223

*** Epoch 1, batch 173/520 ***
Training fitness: 0.9212937342433744
Model size: (11, 19)
Validation fitness: 0.9208199988575029 
Elapsed: 2.4537220001220703

*** Epoch 1, batch 174/520 ***
Training fitness: 0.8991452991452991
Model size: (5, 9)
Validation fitness: 0.9206007332280756 
Elapsed: 2.4255173206329346

*** Epoch 1, batch 175/520 ***
Training fitness: 0.9337422938411768
Model size: (5, 11)
Validation fitness: 0.9116804988322382 
Elapsed: 2.404198408126831

*** Epoch 1, batch 176/520 ***
Training fitness: 0.9024051803885291
Model size: (7, 14)
Validation fitness: 0.9142051772997488 
Elapsed: 2.557304859161377

*** Epoch 1, batch 177/520 ***
Training fitness: 0.9496336996336997
Model size: (8, 14)
Validation fitness: 0.9111051372463967 
Elapsed: 2.3015925884246826

*** Epoch 1, batch 178/520 ***
Training fitness: 0.908974358974359
Model size: (7, 14)
Validation fitness: 0.9142051772997488 
Elapsed: 2.4501211643218994

*** Epoch 1, batch 179/520 ***
Training fitness: 0.9162228344046526
Model size: (11, 19)
Validation fitness: 0.9208199988575029 
Elapsed: 2.43623423576355

*** Epoch 1, batch 180/520 ***
Training fitness: 0.9225317693059628
Model size: (11, 19)
Validation fitness: 0.9208199988575029 
Elapsed: 2.475757122039795

*** Epoch 1, batch 181/520 ***
Training fitness: 0.9183760683760683
Model size: (11, 20)
Validation fitness: 0.9135647487116586 
Elapsed: 2.446221113204956

*** Epoch 1, batch 182/520 ***
Training fitness: 0.9025514252578892
Model size: (11, 19)
Validation fitness: 0.9208199988575029 
Elapsed: 2.500669002532959

*** Epoch 1, batch 183/520 ***
Training fitness: 0.9183497536945814
Model size: (11, 19)
Validation fitness: 0.9208199988575029 
Elapsed: 2.4689581394195557

*** Epoch 1, batch 184/520 ***
Training fitness: 0.9417383873527437
Model size: (6, 12)
Validation fitness: 0.9195167900713708 
Elapsed: 2.433278799057007

*** Epoch 1, batch 185/520 ***
Training fitness: 0.93359375
Model size: (10, 16)
Validation fitness: 0.919588718285035 
Elapsed: 2.4539847373962402

*** Epoch 1, batch 186/520 ***
Training fitness: 0.9340597758405977
Model size: (9, 14)
Validation fitness: 0.914884840291701 
Elapsed: 2.4047367572784424

*** Epoch 1, batch 187/520 ***
Training fitness: 0.9231429798196651
Model size: (7, 11)
Validation fitness: 0.917491257863965 
Elapsed: 2.271766424179077

*** Epoch 1, batch 188/520 ***
Training fitness: 0.9257352941176471
Model size: (15, 22)
Validation fitness: 0.9054165792297334 
Elapsed: 2.3773560523986816

*** Epoch 1, batch 189/520 ***
Training fitness: 0.9303816793893129
Model size: (6, 11)
Validation fitness: 0.9246712545361402 
Elapsed: 2.5036492347717285

*** Epoch 1, batch 190/520 ***
Training fitness: 0.8971127966723759
Model size: (6, 11)
Validation fitness: 0.9160482690711722 
Elapsed: 2.325697898864746

*** Epoch 1, batch 191/520 ***
Training fitness: 0.9276820217137949
Model size: (6, 13)
Validation fitness: 0.9168669609091228 
Elapsed: 2.515864610671997

*** Epoch 1, batch 192/520 ***
Training fitness: 0.9245119841858167
Model size: (11, 20)
Validation fitness: 0.9135647487116586 
Elapsed: 2.5082461833953857

*** Epoch 1, batch 193/520 ***
Training fitness: 0.8926470588235295
Model size: (9, 14)
Validation fitness: 0.914884840291701 
Elapsed: 2.4671566486358643

*** Epoch 1, batch 194/520 ***
Training fitness: 0.9378624183604957
Model size: (6, 12)
Validation fitness: 0.9195160389107085 
Elapsed: 2.339542865753174

*** Epoch 1, batch 195/520 ***
Training fitness: 0.9337202771016665
Model size: (7, 13)
Validation fitness: 0.9036918868675827 
Elapsed: 2.5352859497070312

*** Epoch 1, batch 196/520 ***
Training fitness: 0.906963890935888
Model size: (6, 12)
Validation fitness: 0.9099424046646125 
Elapsed: 2.3973865509033203

*** Epoch 1, batch 197/520 ***
Training fitness: 0.9262014080195898
Model size: (7, 14)
Validation fitness: 0.9146919477299174 
Elapsed: 2.3030619621276855

*** Epoch 1, batch 198/520 ***
Training fitness: 0.9446176416651384
Model size: (8, 13)
Validation fitness: 0.9062435246744736 
Elapsed: 2.454184055328369

*** Epoch 1, batch 199/520 ***
Training fitness: 0.9024051803885291
Model size: (6, 12)
Validation fitness: 0.9195160389107085 
Elapsed: 2.4102582931518555

*** Epoch 1, batch 200/520 ***
Training fitness: 0.9349812917867877
Model size: (8, 13)
Validation fitness: 0.9168127216130065 
Elapsed: 2.1303744316101074

*** Epoch 1, batch 201/520 ***
Training fitness: 0.9402469588605661
Model size: (6, 12)
Validation fitness: 0.9157025153146086 
Elapsed: 2.1846566200256348

*** Epoch 1, batch 202/520 ***
Training fitness: 0.9292938637064446
Model size: (7, 7)
Validation fitness: 0.9198229888067168 
Elapsed: 2.2616829872131348

*** Epoch 1, batch 203/520 ***
Training fitness: 0.9110837438423646
Model size: (9, 15)
Validation fitness: 0.9154588644451439 
Elapsed: 2.1755149364471436

*** Epoch 1, batch 204/520 ***
Training fitness: 0.9328969904575484
Model size: (8, 15)
Validation fitness: 0.9220034708019637 
Elapsed: 2.453146457672119

*** Epoch 1, batch 205/520 ***
Training fitness: 0.9297810951514771
Model size: (8, 12)
Validation fitness: 0.9109843835896825 
Elapsed: 2.1686739921569824

*** Epoch 1, batch 206/520 ***
Training fitness: 0.9129160305343511
Model size: (8, 15)
Validation fitness: 0.9220034708019637 
Elapsed: 2.402256965637207

*** Epoch 1, batch 207/520 ***
Training fitness: 0.9328399629972248
Model size: (7, 8)
Validation fitness: 0.8960667633795181 
Elapsed: 2.188671827316284

*** Epoch 1, batch 208/520 ***
Training fitness: 0.9412500762986022
Model size: (6, 11)
Validation fitness: 0.9219035664338765 
Elapsed: 2.3452630043029785

*** Epoch 1, batch 209/520 ***
Training fitness: 0.9364406779661016
Model size: (7, 8)
Validation fitness: 0.9083250641537008 
Elapsed: 2.4883065223693848

*** Epoch 1, batch 210/520 ***
Training fitness: 0.9426920960938933
Model size: (8, 11)
Validation fitness: 0.9085030617491806 
Elapsed: 2.2954299449920654

*** Epoch 1, batch 211/520 ***
Training fitness: 0.9202101661779082
Model size: (7, 7)
Validation fitness: 0.9198229888067168 
Elapsed: 2.3549959659576416

*** Epoch 1, batch 212/520 ***
Training fitness: 0.936883991429446
Model size: (9, 13)
Validation fitness: 0.919740022195515 
Elapsed: 2.245833396911621

*** Epoch 1, batch 213/520 ***
Training fitness: 0.9264705882352942
Model size: (6, 11)
Validation fitness: 0.9202133358572332 
Elapsed: 2.455308198928833

*** Epoch 1, batch 214/520 ***
Training fitness: 0.9147267206477734
Model size: (7, 8)
Validation fitness: 0.9186279379954615 
Elapsed: 2.3328206539154053

*** Epoch 1, batch 215/520 ***
Training fitness: 0.9311274509803921
Model size: (7, 14)
Validation fitness: 0.9234378304076358 
Elapsed: 2.433642864227295

*** Epoch 1, batch 216/520 ***
Training fitness: 0.908
Model size: (7, 8)
Validation fitness: 0.9186279379954615 
Elapsed: 2.3069770336151123

*** Epoch 1, batch 217/520 ***
Training fitness: 0.9280518369093466
Model size: (6, 12)
Validation fitness: 0.9242953261061417 
Elapsed: 2.410733222961426

*** Epoch 1, batch 218/520 ***
Training fitness: 0.9207811348563006
Model size: (11, 23)
Validation fitness: 0.9174082362897882 
Elapsed: 2.2358007431030273

*** Epoch 1, batch 219/520 ***
Training fitness: 0.9334981383141061
Model size: (4, 12)
Validation fitness: 0.9082928558501803 
Elapsed: 2.4498708248138428

*** Epoch 1, batch 220/520 ***
Training fitness: 0.9265779304422499
Model size: (7, 14)
Validation fitness: 0.9233458040660071 
Elapsed: 2.4265875816345215

*** Epoch 1, batch 221/520 ***
Training fitness: 0.9285714285714286
Model size: (8, 12)
Validation fitness: 0.9207606663256764 
Elapsed: 2.228825807571411

*** Epoch 1, batch 222/520 ***
Training fitness: 0.9127565982404692
Model size: (6, 12)
Validation fitness: 0.9148072875335654 
Elapsed: 2.3869059085845947

*** Epoch 1, batch 223/520 ***
Training fitness: 0.9303019123163008
Model size: (6, 12)
Validation fitness: 0.9242953261061417 
Elapsed: 2.32149076461792

*** Epoch 1, batch 224/520 ***
Training fitness: 0.9129225502781343
Model size: (7, 9)
Validation fitness: 0.9238029311315018 
Elapsed: 2.3499155044555664

*** Epoch 1, batch 225/520 ***
Training fitness: 0.8896214896214896
Model size: (7, 9)
Validation fitness: 0.9238029311315018 
Elapsed: 2.29089617729187

*** Epoch 1, batch 226/520 ***
Training fitness: 0.9521364386576195
Model size: (7, 9)
Validation fitness: 0.9238029311315018 
Elapsed: 2.362609386444092

*** Epoch 1, batch 227/520 ***
Training fitness: 0.9270432178005991
Model size: (8, 15)
Validation fitness: 0.9230590072609388 
Elapsed: 2.3734099864959717

*** Epoch 1, batch 228/520 ***
Training fitness: 0.9326735092864125
Model size: (8, 15)
Validation fitness: 0.9230590072609388 
Elapsed: 2.3401260375976562

*** Epoch 1, batch 229/520 ***
Training fitness: 0.9270527859237536
Model size: (8, 15)
Validation fitness: 0.9230590072609388 
Elapsed: 2.5058140754699707

*** Epoch 1, batch 230/520 ***
Training fitness: 0.9289160305343511
Model size: (8, 8)
Validation fitness: 0.9206589390189086 
Elapsed: 2.295443534851074

*** Epoch 1, batch 231/520 ***
Training fitness: 0.9236950254554377
Model size: (2, 6)
Validation fitness: 0.9132698082257515 
Elapsed: 2.2496683597564697

*** Epoch 1, batch 232/520 ***
Training fitness: 0.9300366300366301
Model size: (8, 16)
Validation fitness: 0.9233023375130477 
Elapsed: 2.477945566177368

*** Epoch 1, batch 233/520 ***
Training fitness: 0.9376832844574781
Model size: (11, 16)
Validation fitness: 0.9162107213051406 
Elapsed: 2.235368013381958

*** Epoch 1, batch 234/520 ***
Training fitness: 0.9148480958493795
Model size: (11, 25)
Validation fitness: 0.9172180735557772 
Elapsed: 2.545396566390991

*** Epoch 1, batch 235/520 ***
Training fitness: 0.9297810951514771
Model size: (13, 29)
Validation fitness: 0.9174607076101992 
Elapsed: 2.686691999435425

*** Epoch 1, batch 236/520 ***
Training fitness: 0.9155510728039611
Model size: (8, 16)
Validation fitness: 0.9233023375130477 
Elapsed: 2.4761292934417725

*** Epoch 1, batch 237/520 ***
Training fitness: 0.9338827838827839
Model size: (8, 11)
Validation fitness: 0.9073360970182989 
Elapsed: 2.4207117557525635

*** Epoch 1, batch 238/520 ***
Training fitness: 0.9274509803921568
Model size: (6, 10)
Validation fitness: 0.8987820351243458 
Elapsed: 2.362377882003784

*** Epoch 1, batch 239/520 ***
Training fitness: 0.9329766955666237
Model size: (8, 15)
Validation fitness: 0.9231696843721829 
Elapsed: 2.4455206394195557

*** Epoch 1, batch 240/520 ***
Training fitness: 0.9448198198198199
Model size: (8, 15)
Validation fitness: 0.9231696843721829 
Elapsed: 2.465182065963745

*** Epoch 1, batch 241/520 ***
Training fitness: 0.9111145038167939
Model size: (7, 12)
Validation fitness: 0.9068142785308866 
Elapsed: 2.2568929195404053

*** Epoch 1, batch 242/520 ***
Training fitness: 0.9246305418719211
Model size: (8, 15)
Validation fitness: 0.9231696843721829 
Elapsed: 2.416309356689453

*** Epoch 1, batch 243/520 ***
Training fitness: 0.937801379478728
Model size: (14, 32)
Validation fitness: 0.9208009175445812 
Elapsed: 2.5735676288604736

*** Epoch 1, batch 244/520 ***
Training fitness: 0.9097540133064762
Model size: (6, 10)
Validation fitness: 0.9199139433703275 
Elapsed: 2.3161516189575195

*** Epoch 1, batch 245/520 ***
Training fitness: 0.9161458011015533
Model size: (6, 12)
Validation fitness: 0.9199114791969352 
Elapsed: 2.420372247695923

*** Epoch 1, batch 246/520 ***
Training fitness: 0.9440886699507388
Model size: (6, 12)
Validation fitness: 0.9199114791969352 
Elapsed: 2.383758068084717

*** Epoch 1, batch 247/520 ***
Training fitness: 0.9359358422267989
Model size: (6, 10)
Validation fitness: 0.9199139433703275 
Elapsed: 2.41471004486084

*** Epoch 1, batch 248/520 ***
Training fitness: 0.9242836809208489
Model size: (6, 13)
Validation fitness: 0.9100841175359043 
Elapsed: 2.326308250427246

*** Epoch 1, batch 249/520 ***
Training fitness: 0.8943223443223443
Model size: (11, 11)
Validation fitness: 0.904343784396517 
Elapsed: 2.259275436401367

*** Epoch 1, batch 250/520 ***
Training fitness: 0.9170792835747906
Model size: (9, 16)
Validation fitness: 0.9170822600438333 
Elapsed: 2.3808722496032715

*** Epoch 1, batch 251/520 ***
Training fitness: 0.937973137973138
Model size: (6, 12)
Validation fitness: 0.9124874011119889 
Elapsed: 2.2919037342071533

*** Epoch 1, batch 252/520 ***
Training fitness: 0.9451770451770451
Model size: (7, 10)
Validation fitness: 0.9112571923175392 
Elapsed: 2.241736888885498

*** Epoch 1, batch 253/520 ***
Training fitness: 0.9298902042568853
Model size: (7, 10)
Validation fitness: 0.9112571923175392 
Elapsed: 2.164487361907959

*** Epoch 1, batch 254/520 ***
Training fitness: 0.9296187683284457
Model size: (7, 10)
Validation fitness: 0.9112571923175392 
Elapsed: 2.209186553955078

*** Epoch 1, batch 255/520 ***
Training fitness: 0.934659788749693
Model size: (6, 10)
Validation fitness: 0.9199139433703275 
Elapsed: 2.3066208362579346

*** Epoch 1, batch 256/520 ***
Training fitness: 0.9178320610687023
Model size: (12, 27)
Validation fitness: 0.9145100935656714 
Elapsed: 2.7183589935302734

*** Epoch 1, batch 257/520 ***
Training fitness: 0.9419432006379194
Model size: (7, 13)
Validation fitness: 0.9116230442020675 
Elapsed: 2.40340518951416

*** Epoch 1, batch 258/520 ***
Training fitness: 0.94140625
Model size: (6, 11)
Validation fitness: 0.9099251462903711 
Elapsed: 2.373832941055298

*** Epoch 1, batch 259/520 ***
Training fitness: 0.918773013792673
Model size: (12, 26)
Validation fitness: 0.9160687427794681 
Elapsed: 2.5484020709991455

*** Epoch 1, batch 260/520 ***
Training fitness: 0.901063764373117
Model size: (8, 13)
Validation fitness: 0.9169895375045175 
Elapsed: 2.2921841144561768

*** Epoch 1, batch 261/520 ***
Training fitness: 0.9120381698067043
Model size: (7, 6)
Validation fitness: 0.9222144278616263 
Elapsed: 2.184537410736084

*** Epoch 1, batch 262/520 ***
Training fitness: 0.9079923940379072
Model size: (7, 6)
Validation fitness: 0.9201446779405988 
Elapsed: 2.1058878898620605

*** Epoch 1, batch 263/520 ***
Training fitness: 0.9297442470853934
Model size: (7, 6)
Validation fitness: 0.9222144278616263 
Elapsed: 2.1039364337921143

*** Epoch 1, batch 264/520 ***
Training fitness: 0.9137973137973139
Model size: (9, 13)
Validation fitness: 0.918227679288401 
Elapsed: 2.2601187229156494

*** Epoch 1, batch 265/520 ***
Training fitness: 0.9412500762986022
Model size: (9, 13)
Validation fitness: 0.917858932687174 
Elapsed: 2.3855345249176025

*** Epoch 1, batch 266/520 ***
Training fitness: 0.9310966138552345
Model size: (9, 13)
Validation fitness: 0.9181578396677978 
Elapsed: 2.3547723293304443

*** Epoch 1, batch 267/520 ***
Training fitness: 0.9104774130448071
Model size: (6, 12)
Validation fitness: 0.9064660606009307 
Elapsed: 2.3994436264038086

*** Epoch 1, batch 268/520 ***
Training fitness: 0.9127990059024541
Model size: (5, 9)
Validation fitness: 0.9173471357822564 
Elapsed: 2.269202709197998

*** Epoch 1, batch 269/520 ***
Training fitness: 0.927344660491934
Model size: (9, 13)
Validation fitness: 0.9168274608508803 
Elapsed: 2.3880698680877686

*** Epoch 1, batch 270/520 ***
Training fitness: 0.92203888854812
Model size: (3, 8)
Validation fitness: 0.9167034918601116 
Elapsed: 2.3313839435577393

*** Epoch 1, batch 271/520 ***
Training fitness: 0.945553317463224
Model size: (8, 13)
Validation fitness: 0.9177025905039587 
Elapsed: 2.454282283782959

*** Epoch 1, batch 272/520 ***
Training fitness: 0.9224195812732711
Model size: (9, 14)
Validation fitness: 0.921965683756451 
Elapsed: 2.351422071456909

*** Epoch 1, batch 273/520 ***
Training fitness: 0.936883991429446
Model size: (9, 13)
Validation fitness: 0.9112610488863054 
Elapsed: 2.2710416316986084

*** Epoch 1, batch 274/520 ***
Training fitness: 0.9283574790635124
Model size: (9, 14)
Validation fitness: 0.9211125301329932 
Elapsed: 2.3765459060668945

*** Epoch 1, batch 275/520 ***
Training fitness: 0.9366374286941054
Model size: (4, 8)
Validation fitness: 0.9124054513158301 
Elapsed: 2.331875801086426

*** Epoch 1, batch 276/520 ***
Training fitness: 0.9192645883293364
Model size: (8, 12)
Validation fitness: 0.9196131584880476 
Elapsed: 2.528782844543457

*** Epoch 1, batch 277/520 ***
Training fitness: 0.9291234742072012
Model size: (9, 13)
Validation fitness: 0.9240214456002669 
Elapsed: 2.3676693439483643

*** Epoch 1, batch 278/520 ***
Training fitness: 0.9293780137947872
Model size: (9, 13)
Validation fitness: 0.9211067406995959 
Elapsed: 2.284921407699585

*** Epoch 1, batch 279/520 ***
Training fitness: 0.9317195427593373
Model size: (9, 13)
Validation fitness: 0.9240214456002669 
Elapsed: 2.3146262168884277

*** Epoch 1, batch 280/520 ***
Training fitness: 0.9127450980392157
Model size: (4, 7)
Validation fitness: 0.9129280209639048 
Elapsed: 2.2703921794891357

*** Epoch 1, batch 281/520 ***
Training fitness: 0.909071140105623
Model size: (4, 8)
Validation fitness: 0.9104090220038409 
Elapsed: 2.1986846923828125

*** Epoch 1, batch 282/520 ***
Training fitness: 0.9373130684245864
Model size: (6, 10)
Validation fitness: 0.9108043523641169 
Elapsed: 2.243812084197998

*** Epoch 1, batch 283/520 ***
Training fitness: 0.916871921182266
Model size: (5, 10)
Validation fitness: 0.9176404182184088 
Elapsed: 2.25431489944458

*** Epoch 1, batch 284/520 ***
Training fitness: 0.91727761485826
Model size: (5, 10)
Validation fitness: 0.9176404182184088 
Elapsed: 2.201352596282959

*** Epoch 1, batch 285/520 ***
Training fitness: 0.9217986314760508
Model size: (4, 8)
Validation fitness: 0.9159297139334697 
Elapsed: 2.321720838546753

*** Epoch 1, batch 286/520 ***
Training fitness: 0.9230392156862746
Model size: (4, 7)
Validation fitness: 0.9153330725156946 
Elapsed: 2.219066858291626

*** Epoch 1, batch 287/520 ***
Training fitness: 0.9223816793893129
Model size: (4, 8)
Validation fitness: 0.9159297139334697 
Elapsed: 2.43026065826416

*** Epoch 1, batch 288/520 ***
Training fitness: 0.9410992366412214
Model size: (4, 9)
Validation fitness: 0.917510339176887 
Elapsed: 2.251585006713867

*** Epoch 1, batch 289/520 ***
Training fitness: 0.9453125
Model size: (9, 18)
Validation fitness: 0.9169410326788232 
Elapsed: 2.4134931564331055

*** Epoch 1, batch 290/520 ***
Training fitness: 0.9397405152800836
Model size: (4, 10)
Validation fitness: 0.9175761023768225 
Elapsed: 2.118415117263794

*** Epoch 1, batch 291/520 ***
Training fitness: 0.9455590897969172
Model size: (5, 11)
Validation fitness: 0.9148314071192223 
Elapsed: 2.2451353073120117

*** Epoch 1, batch 292/520 ***
Training fitness: 0.9373125191307009
Model size: (5, 16)
Validation fitness: 0.9166176305322112 
Elapsed: 2.2870912551879883

*** Epoch 1, batch 293/520 ***
Training fitness: 0.9417155425219942
Model size: (3, 6)
Validation fitness: 0.9139091650358235 
Elapsed: 2.2775936126708984

*** Epoch 1, batch 294/520 ***
Training fitness: 0.9169987546699875
Model size: (10, 17)
Validation fitness: 0.9106475246746201 
Elapsed: 2.3568084239959717

*** Epoch 1, batch 295/520 ***
Training fitness: 0.920259019426457
Model size: (10, 17)
Validation fitness: 0.909557956973444 
Elapsed: 2.41080379486084

*** Epoch 1, batch 296/520 ***
Training fitness: 0.9090286425902865
Model size: (9, 17)
Validation fitness: 0.9206402332863179 
Elapsed: 2.4644229412078857

*** Epoch 1, batch 297/520 ***
Training fitness: 0.8990610328638498
Model size: (9, 17)
Validation fitness: 0.9206402332863179 
Elapsed: 2.3033969402313232

*** Epoch 1, batch 298/520 ***
Training fitness: 0.9350753644675068
Model size: (10, 17)
Validation fitness: 0.9107888070026054 
Elapsed: 2.3321826457977295

*** Epoch 1, batch 299/520 ***
Training fitness: 0.9267295597484277
Model size: (10, 17)
Validation fitness: 0.9107888070026054 
Elapsed: 2.3932321071624756

*** Epoch 1, batch 300/520 ***
Training fitness: 0.8933455433455433
Model size: (9, 17)
Validation fitness: 0.9206402332863179 
Elapsed: 2.3138184547424316

*** Epoch 1, batch 301/520 ***
Training fitness: 0.9106284715721151
Model size: (7, 15)
Validation fitness: 0.8776663134745875 
Elapsed: 2.492098808288574

*** Epoch 1, batch 302/520 ***
Training fitness: 0.9410162228344047
Model size: (11, 18)
Validation fitness: 0.9154103596194495 
Elapsed: 2.376603126525879

*** Epoch 1, batch 303/520 ***
Training fitness: 0.9245002784825793
Model size: (7, 13)
Validation fitness: 0.917874743703066 
Elapsed: 2.263888120651245

*** Epoch 1, batch 304/520 ***
Training fitness: 0.9612942612942613
Model size: (4, 11)
Validation fitness: 0.9146265051473377 
Elapsed: 2.212580442428589

*** Epoch 1, batch 305/520 ***
Training fitness: 0.8867521367521368
Model size: (7, 13)
Validation fitness: 0.917874743703066 
Elapsed: 2.2495415210723877

*** Epoch 1, batch 306/520 ***
Training fitness: 0.9186202686202686
Model size: (6, 10)
Validation fitness: 0.9130250306152933 
Elapsed: 2.328141212463379

*** Epoch 1, batch 307/520 ***
Training fitness: 0.9224369953511133
Model size: (11, 18)
Validation fitness: 0.9021303429370874 
Elapsed: 2.4834296703338623

*** Epoch 1, batch 308/520 ***
Training fitness: 0.9216117216117216
Model size: (3, 7)
Validation fitness: 0.9162337141498039 
Elapsed: 2.233389377593994

*** Epoch 1, batch 309/520 ***
Training fitness: 0.92578125
Model size: (3, 7)
Validation fitness: 0.9162337141498039 
Elapsed: 2.2481844425201416

*** Epoch 1, batch 310/520 ***
Training fitness: 0.9576458320554501
Model size: (12, 18)
Validation fitness: 0.9019826299409929 
Elapsed: 2.4369940757751465

*** Epoch 1, batch 311/520 ***
Training fitness: 0.9138732566674823
Model size: (1, 4)
Validation fitness: 0.9175519827911657 
Elapsed: 2.376279354095459

*** Epoch 1, batch 312/520 ***
Training fitness: 0.9130142429243842
Model size: (7, 12)
Validation fitness: 0.9061332781065358 
Elapsed: 2.5292956829071045

*** Epoch 1, batch 313/520 ***
Training fitness: 0.9293040293040293
Model size: (1, 5)
Validation fitness: 0.9190941797543587 
Elapsed: 2.365074634552002

*** Epoch 1, batch 314/520 ***
Training fitness: 0.8981261063297321
Model size: (1, 4)
Validation fitness: 0.9100358783645907 
Elapsed: 2.2769417762756348

*** Epoch 1, batch 315/520 ***
Training fitness: 0.9383877513373916
Model size: (4, 7)
Validation fitness: 0.9101168113457064 
Elapsed: 2.4141652584075928

*** Epoch 1, batch 316/520 ***
Training fitness: 0.891406103725894
Model size: (5, 8)
Validation fitness: 0.9099420840472566 
Elapsed: 2.4084906578063965

*** Epoch 1, batch 317/520 ***
Training fitness: 0.9182384178721846
Model size: (4, 7)
Validation fitness: 0.9101168113457064 
Elapsed: 2.5047261714935303

*** Epoch 1, batch 318/520 ***
Training fitness: 0.923599217029606
Model size: (1, 4)
Validation fitness: 0.9195333522479252 
Elapsed: 2.3442413806915283

*** Epoch 1, batch 319/520 ***
Training fitness: 0.9455769819406182
Model size: (4, 11)
Validation fitness: 0.9172238629891746 
Elapsed: 2.519630193710327

*** Epoch 1, batch 320/520 ***
Training fitness: 0.9416971916971918
Model size: (4, 11)
Validation fitness: 0.9172238629891746 
Elapsed: 2.409512758255005

*** Epoch 1, batch 321/520 ***
Training fitness: 0.9216269841269842
Model size: (13, 20)
Validation fitness: 0.9163480371384092 
Elapsed: 2.4355952739715576

*** Epoch 1, batch 322/520 ***
Training fitness: 0.9187266147334846
Model size: (14, 22)
Validation fitness: 0.915658297600987 
Elapsed: 2.4852476119995117

*** Epoch 1, batch 323/520 ***
Training fitness: 0.9253357753357754
Model size: (3, 9)
Validation fitness: 0.9104905962196685 
Elapsed: 2.4265074729919434

*** Epoch 1, batch 324/520 ***
Training fitness: 0.9504901960784312
Model size: (4, 11)
Validation fitness: 0.9172238629891746 
Elapsed: 2.400642156600952

*** Epoch 1, batch 325/520 ***
Training fitness: 0.9145299145299145
Model size: (4, 9)
Validation fitness: 0.9097753996641909 
Elapsed: 2.304823637008667

*** Epoch 1, batch 326/520 ***
Training fitness: 0.9058780443142282
Model size: (4, 12)
Validation fitness: 0.9118924727069437 
Elapsed: 2.3541529178619385

*** Epoch 1, batch 327/520 ***
Training fitness: 0.9405526010147319
Model size: (7, 16)
Validation fitness: 0.9171469514657508 
Elapsed: 2.4011356830596924

*** Epoch 1, batch 328/520 ***
Training fitness: 0.908234126984127
Model size: (3, 10)
Validation fitness: 0.9052950744123569 
Elapsed: 2.3853039741516113

*** Epoch 1, batch 329/520 ***
Training fitness: 0.9146072914117935
Model size: (4, 9)
Validation fitness: 0.9165072190753476 
Elapsed: 2.4066944122314453

*** Epoch 1, batch 330/520 ***
Training fitness: 0.9072543617998163
Model size: (9, 17)
Validation fitness: 0.9168925278531289 
Elapsed: 2.339048385620117

*** Epoch 1, batch 331/520 ***
Training fitness: 0.933648854961832
Model size: (5, 12)
Validation fitness: 0.9152349361233125 
Elapsed: 2.4592325687408447

*** Epoch 1, batch 332/520 ***
Training fitness: 0.9332722832722834
Model size: (8, 13)
Validation fitness: 0.921989803342108 
Elapsed: 2.2896032333374023

*** Epoch 1, batch 333/520 ***
Training fitness: 0.9255630836843068
Model size: (7, 16)
Validation fitness: 0.9148108784479511 
Elapsed: 2.329908847808838

*** Epoch 1, batch 334/520 ***
Training fitness: 0.9516703512650454
Model size: (8, 13)
Validation fitness: 0.921989803342108 
Elapsed: 2.338014602661133

*** Epoch 1, batch 335/520 ***
Training fitness: 0.8832273060924885
Model size: (4, 12)
Validation fitness: 0.9159741423384965 
Elapsed: 2.3428852558135986

*** Epoch 1, batch 336/520 ***
Training fitness: 0.9099462365591398
Model size: (7, 13)
Validation fitness: 0.9160421590204191 
Elapsed: 2.3204116821289062

*** Epoch 1, batch 337/520 ***
Training fitness: 0.9289687633718443
Model size: (7, 11)
Validation fitness: 0.9154398380951972 
Elapsed: 2.4434733390808105

*** Epoch 1, batch 338/520 ***
Training fitness: 0.9223668928418608
Model size: (9, 20)
Validation fitness: 0.9157201492691812 
Elapsed: 2.416855573654175

*** Epoch 1, batch 339/520 ***
Training fitness: 0.9227272727272727
Model size: (4, 12)
Validation fitness: 0.9159741423384965 
Elapsed: 2.439978837966919

*** Epoch 1, batch 340/520 ***
Training fitness: 0.909313725490196
Model size: (4, 12)
Validation fitness: 0.9118924727069437 
Elapsed: 2.3246195316314697

*** Epoch 1, batch 341/520 ***
Training fitness: 0.941871921182266
Model size: (8, 11)
Validation fitness: 0.9225899807112934 
Elapsed: 2.320509910583496

*** Epoch 1, batch 342/520 ***
Training fitness: 0.9231527093596059
Model size: (4, 12)
Validation fitness: 0.9159741423384965 
Elapsed: 2.4426519870758057

*** Epoch 1, batch 343/520 ***
Training fitness: 0.9140625
Model size: (8, 17)
Validation fitness: 0.9177342125357429 
Elapsed: 2.308197498321533

*** Epoch 1, batch 344/520 ***
Training fitness: 0.893648854961832
Model size: (8, 17)
Validation fitness: 0.9163961663837722 
Elapsed: 2.266674280166626

*** Epoch 1, batch 345/520 ***
Training fitness: 0.9413721540621376
Model size: (5, 12)
Validation fitness: 0.9142926508749245 
Elapsed: 2.2038280963897705

*** Epoch 1, batch 346/520 ***
Training fitness: 0.904030534351145
Model size: (12, 25)
Validation fitness: 0.9066308670823405 
Elapsed: 2.610489845275879

*** Epoch 1, batch 347/520 ***
Training fitness: 0.9145648854961832
Model size: (4, 11)
Validation fitness: 0.9095263349416599 
Elapsed: 2.214623212814331

*** Epoch 1, batch 348/520 ***
Training fitness: 0.903532008830022
Model size: (9, 19)
Validation fitness: 0.9169589872507516 
Elapsed: 2.158261299133301

*** Epoch 1, batch 349/520 ***
Training fitness: 0.897759873039126
Model size: (9, 18)
Validation fitness: 0.8919861105630081 
Elapsed: 2.4822096824645996

*** Epoch 1, batch 350/520 ***
Training fitness: 0.9074551707197249
Model size: (11, 21)
Validation fitness: 0.9141736651939154 
Elapsed: 2.199688673019409

*** Epoch 1, batch 351/520 ***
Training fitness: 0.9519607843137255
Model size: (4, 10)
Validation fitness: 0.9097365408406601 
Elapsed: 2.2012953758239746

*** Epoch 1, batch 352/520 ***
Training fitness: 0.9012789768185451
Model size: (9, 16)
Validation fitness: 0.8976935392011879 
Elapsed: 2.3694841861724854

*** Epoch 1, batch 353/520 ***
Training fitness: 0.9056166056166056
Model size: (9, 16)
Validation fitness: 0.9146994501760446 
Elapsed: 2.1631805896759033

*** Epoch 1, batch 354/520 ***
Training fitness: 0.9269023733790067
Model size: (9, 17)
Validation fitness: 0.9152856394680184 
Elapsed: 2.136864185333252

*** Epoch 1, batch 355/520 ***
Training fitness: 0.921875
Model size: (9, 17)
Validation fitness: 0.9138153157555142 
Elapsed: 2.1439318656921387

*** Epoch 1, batch 356/520 ***
Training fitness: 0.945503421309873
Model size: (9, 20)
Validation fitness: 0.9177464326372492 
Elapsed: 2.1794915199279785

*** Epoch 1, batch 357/520 ***
Training fitness: 0.9117647058823529
Model size: (7, 11)
Validation fitness: 0.8843133982988373 
Elapsed: 2.352522373199463

*** Epoch 1, batch 358/520 ***
Training fitness: 0.9097748960117445
Model size: (10, 22)
Validation fitness: 0.9143584140748601 
Elapsed: 2.2323250770568848

*** Epoch 1, batch 359/520 ***
Training fitness: 0.9170792835747906
Model size: (5, 14)
Validation fitness: 0.9065954434447656 
Elapsed: 2.2037246227264404

*** Epoch 1, batch 360/520 ***
Training fitness: 0.937710128980989
Model size: (9, 16)
Validation fitness: 0.9167124416645881 
Elapsed: 2.5128910541534424

*** Epoch 1, batch 361/520 ***
Training fitness: 0.941648854961832
Model size: (9, 20)
Validation fitness: 0.9174183128352581 
Elapsed: 2.163961172103882

*** Epoch 1, batch 362/520 ***
Training fitness: 0.9304969741426737
Model size: (10, 19)
Validation fitness: 0.9162815227778112 
Elapsed: 2.2542078495025635

*** Epoch 1, batch 363/520 ***
Training fitness: 0.8886637189879637
Model size: (10, 19)
Validation fitness: 0.9116596495436112 
Elapsed: 2.3351409435272217

*** Epoch 1, batch 364/520 ***
Training fitness: 0.918913136499786
Model size: (8, 11)
Validation fitness: 0.9246867449346763 
Elapsed: 2.43371319770813

*** Epoch 1, batch 365/520 ***
Training fitness: 0.9154341233987252
Model size: (10, 16)
Validation fitness: 0.9171448079097144 
Elapsed: 2.308713436126709

*** Epoch 1, batch 366/520 ***
Training fitness: 0.9338827838827839
Model size: (8, 11)
Validation fitness: 0.9246867449346763 
Elapsed: 2.363909959793091

*** Epoch 1, batch 367/520 ***
Training fitness: 0.8865592382347556
Model size: (10, 16)
Validation fitness: 0.9171448079097144 
Elapsed: 2.335585355758667

*** Epoch 1, batch 368/520 ***
Training fitness: 0.8929532664546121
Model size: (8, 11)
Validation fitness: 0.9246867449346763 
Elapsed: 2.324834108352661

*** Epoch 1, batch 369/520 ***
Training fitness: 0.9386608015640273
Model size: (8, 11)
Validation fitness: 0.9246867449346763 
Elapsed: 2.4228858947753906

*** Epoch 1, batch 370/520 ***
Training fitness: 0.9688091314167123
Model size: (8, 11)
Validation fitness: 0.9246867449346763 
Elapsed: 2.396350622177124

*** Epoch 1, batch 371/520 ***
Training fitness: 0.9182384178721846
Model size: (8, 11)
Validation fitness: 0.9246867449346763 
Elapsed: 2.333400011062622

*** Epoch 1, batch 372/520 ***
Training fitness: 0.931650700073692
Model size: (10, 16)
Validation fitness: 0.9168213508001272 
Elapsed: 2.1139206886291504

*** Epoch 1, batch 373/520 ***
Training fitness: 0.9127565982404692
Model size: (10, 16)
Validation fitness: 0.9168213508001272 
Elapsed: 2.0909857749938965

*** Epoch 1, batch 374/520 ***
Training fitness: 0.9225408572309589
Model size: (5, 8)
Validation fitness: 0.887794780635254 
Elapsed: 2.2501888275146484

*** Epoch 1, batch 375/520 ***
Training fitness: 0.9203827516408022
Model size: (9, 19)
Validation fitness: 0.9048761099727057 
Elapsed: 2.2681961059570312

*** Epoch 1, batch 376/520 ***
Training fitness: 0.9298631476050832
Model size: (10, 17)
Validation fitness: 0.9148687636214284 
Elapsed: 2.194434881210327

*** Epoch 1, batch 377/520 ***
Training fitness: 0.9210526315789473
Model size: (10, 20)
Validation fitness: 0.9055620937068163 
Elapsed: 2.2042622566223145

*** Epoch 1, batch 378/520 ***
Training fitness: 0.9172824427480916
Model size: (6, 13)
Validation fitness: 0.9075330660007499 
Elapsed: 2.4066615104675293

*** Epoch 1, batch 379/520 ***
Training fitness: 0.9253357753357754
Model size: (6, 13)
Validation fitness: 0.9075330660007499 
Elapsed: 2.4681077003479004

*** Epoch 1, batch 380/520 ***
Training fitness: 0.9023809523809524
Model size: (6, 13)
Validation fitness: 0.9075330660007499 
Elapsed: 2.373051881790161

*** Epoch 1, batch 381/520 ***
Training fitness: 0.8917667667667667
Model size: (5, 5)
Validation fitness: 0.8991072602096384 
Elapsed: 2.331871271133423

*** Epoch 1, batch 382/520 ***
Training fitness: 0.9284313725490196
Model size: (10, 20)
Validation fitness: 0.9062697878161667 
Elapsed: 2.2481887340545654

*** Epoch 1, batch 383/520 ***
Training fitness: 0.9313316567502913
Model size: (6, 13)
Validation fitness: 0.9075330660007499 
Elapsed: 2.412616729736328

*** Epoch 1, batch 384/520 ***
Training fitness: 0.9262436204882248
Model size: (9, 19)
Validation fitness: 0.9048761099727057 
Elapsed: 2.1887106895446777

*** Epoch 1, batch 385/520 ***
Training fitness: 0.9124251024913278
Model size: (5, 5)
Validation fitness: 0.8991072602096384 
Elapsed: 2.1975414752960205

*** Epoch 1, batch 386/520 ***
Training fitness: 0.9256488549618321
Model size: (6, 13)
Validation fitness: 0.9075330660007499 
Elapsed: 2.371755599975586

*** Epoch 1, batch 387/520 ***
Training fitness: 0.9300366300366301
Model size: (9, 11)
Validation fitness: 0.9342147141088015 
Elapsed: 2.2709298133850098

*** Epoch 1, batch 388/520 ***
Training fitness: 0.9276483379931655
Model size: (9, 11)
Validation fitness: 0.9342147141088015 
Elapsed: 2.2462868690490723

*** Epoch 1, batch 389/520 ***
Training fitness: 0.9244043232620978
Model size: (9, 11)
Validation fitness: 0.9342147141088015 
Elapsed: 2.233552932739258

*** Epoch 1, batch 390/520 ***
Training fitness: 0.9010378510378511
Model size: (9, 11)
Validation fitness: 0.9342147141088015 
Elapsed: 2.1771204471588135

*** Epoch 1, batch 391/520 ***
Training fitness: 0.92574620032961
Model size: (8, 14)
Validation fitness: 0.9115576016194877 
Elapsed: 2.202629327774048

*** Epoch 1, batch 392/520 ***
Training fitness: 0.9233990147783252
Model size: (9, 15)
Validation fitness: 0.9120697741047366 
Elapsed: 2.062734603881836

*** Epoch 1, batch 393/520 ***
Training fitness: 0.912194074710176
Model size: (8, 14)
Validation fitness: 0.9115576016194877 
Elapsed: 2.0904221534729004

*** Epoch 1, batch 394/520 ***
Training fitness: 0.9141636141636142
Model size: (9, 15)
Validation fitness: 0.9120697741047366 
Elapsed: 2.099688768386841

*** Epoch 1, batch 395/520 ***
Training fitness: 0.88671875
Model size: (5, 7)
Validation fitness: 0.885551054576439 
Elapsed: 2.0976061820983887

*** Epoch 1, batch 396/520 ***
Training fitness: 0.9135689434169566
Model size: (4, 7)
Validation fitness: 0.8850253245572851 
Elapsed: 2.1139421463012695

*** Epoch 1, batch 397/520 ***
Training fitness: 0.9061050061050061
Model size: (8, 14)
Validation fitness: 0.9115576016194877 
Elapsed: 2.1645638942718506

*** Epoch 1, batch 398/520 ***
Training fitness: 0.936883991429446
Model size: (12, 15)
Validation fitness: 0.9085185521477167 
Elapsed: 2.100407600402832

*** Epoch 1, batch 399/520 ***
Training fitness: 0.9332824427480917
Model size: (12, 15)
Validation fitness: 0.9085185521477167 
Elapsed: 2.125192880630493

*** Epoch 1, batch 400/520 ***
Training fitness: 0.87109375
Model size: (12, 18)
Validation fitness: 0.8889279797783153 
Elapsed: 2.10953950881958

*** Epoch 1, batch 401/520 ***
Training fitness: 0.9433950730484748
Model size: (13, 22)
Validation fitness: 0.889331939325712 
Elapsed: 2.1638710498809814

*** Epoch 1, batch 402/520 ***
Training fitness: 0.8836420319090409
Model size: (5, 9)
Validation fitness: 0.8860032532951495 
Elapsed: 2.3118512630462646

*** Epoch 1, batch 403/520 ***
Training fitness: 0.9105023673368997
Model size: (8, 10)
Validation fitness: 0.8981625657508332 
Elapsed: 2.1865832805633545

*** Epoch 1, batch 404/520 ***
Training fitness: 0.9458320610687023
Model size: (12, 15)
Validation fitness: 0.906655096593948 
Elapsed: 2.0711257457733154

*** Epoch 1, batch 405/520 ***
Training fitness: 0.9389705882352941
Model size: (12, 15)
Validation fitness: 0.906655096593948 
Elapsed: 2.1494951248168945

*** Epoch 1, batch 406/520 ***
Training fitness: 0.8955433455433455
Model size: (6, 10)
Validation fitness: 0.895901416428851 
Elapsed: 2.357466459274292

*** Epoch 1, batch 407/520 ***
Training fitness: 0.9248533724340176
Model size: (12, 15)
Validation fitness: 0.906655096593948 
Elapsed: 2.151620388031006

*** Epoch 1, batch 408/520 ***
Training fitness: 0.8860871691423681
Model size: (8, 10)
Validation fitness: 0.8981625657508332 
Elapsed: 2.2520055770874023

*** Epoch 1, batch 409/520 ***
Training fitness: 0.9009803921568628
Model size: (8, 15)
Validation fitness: 0.8906926577049902 
Elapsed: 2.282540798187256

*** Epoch 1, batch 410/520 ***
Training fitness: 0.9018817204301075
Model size: (12, 13)
Validation fitness: 0.9052800145571273 
Elapsed: 2.2509710788726807

*** Epoch 1, batch 411/520 ***
Training fitness: 0.9142156862745098
Model size: (12, 11)
Validation fitness: 0.9052527346003911 
Elapsed: 2.1907145977020264

*** Epoch 1, batch 412/520 ***
Training fitness: 0.8885490579887448
Model size: (9, 13)
Validation fitness: 0.9016831824911119 
Elapsed: 2.0987448692321777

*** Epoch 1, batch 413/520 ***
Training fitness: 0.905425219941349
Model size: (9, 13)
Validation fitness: 0.9016831824911119 
Elapsed: 2.1686666011810303

*** Epoch 1, batch 414/520 ***
Training fitness: 0.9414447505356596
Model size: (12, 12)
Validation fitness: 0.9067086396923772 
Elapsed: 2.1165049076080322

*** Epoch 1, batch 415/520 ***
Training fitness: 0.9025423728813559
Model size: (11, 18)
Validation fitness: 0.8846708866506254 
Elapsed: 2.3952064514160156

*** Epoch 1, batch 416/520 ***
Training fitness: 0.917487684729064
Model size: (14, 17)
Validation fitness: 0.9080922959533435 
Elapsed: 2.0917208194732666

*** Epoch 1, batch 417/520 ***
Training fitness: 0.9079583715947352
Model size: (13, 14)
Validation fitness: 0.9079621619488464 
Elapsed: 2.101043462753296

*** Epoch 1, batch 418/520 ***
Training fitness: 0.8973194575843584
Model size: (11, 16)
Validation fitness: 0.9083244778819644 
Elapsed: 2.0580427646636963

*** Epoch 1, batch 419/520 ***
Training fitness: 0.9277461947551806
Model size: (6, 10)
Validation fitness: 0.895901416428851 
Elapsed: 2.1845080852508545

*** Epoch 1, batch 420/520 ***
Training fitness: 0.9367521367521369
Model size: (6, 11)
Validation fitness: 0.8964304167450347 
Elapsed: 2.0080480575561523

*** Epoch 1, batch 421/520 ***
Training fitness: 0.919218778653952
Model size: (12, 18)
Validation fitness: 0.9083567961114355 
Elapsed: 1.9802923202514648

*** Epoch 1, batch 422/520 ***
Training fitness: 0.9125496183206107
Model size: (6, 10)
Validation fitness: 0.8997415787469754 
Elapsed: 2.0171101093292236

*** Epoch 1, batch 423/520 ***
Training fitness: 0.942799876657416
Model size: (6, 12)
Validation fitness: 0.908202652447232 
Elapsed: 2.1001136302948

*** Epoch 1, batch 424/520 ***
Training fitness: 0.8956618602636303
Model size: (16, 24)
Validation fitness: 0.8857642101551132 
Elapsed: 2.1559042930603027

*** Epoch 1, batch 425/520 ***
Training fitness: 0.8926108374384236
Model size: (6, 12)
Validation fitness: 0.908202652447232 
Elapsed: 2.1751925945281982

*** Epoch 1, batch 426/520 ***
Training fitness: 0.9235294117647059
Model size: (5, 10)
Validation fitness: 0.907325699855473 
Elapsed: 2.020063638687134

*** Epoch 1, batch 427/520 ***
Training fitness: 0.9024541783162472
Model size: (5, 10)
Validation fitness: 0.907325699855473 
Elapsed: 1.9724221229553223

*** Epoch 1, batch 428/520 ***
Training fitness: 0.92574620032961
Model size: (5, 10)
Validation fitness: 0.9057127563825847 
Elapsed: 2.0522704124450684

*** Epoch 1, batch 429/520 ***
Training fitness: 0.9321847507331378
Model size: (6, 10)
Validation fitness: 0.8997415787469754 
Elapsed: 2.1200010776519775

*** Epoch 1, batch 430/520 ***
Training fitness: 0.8814961832061069
Model size: (13, 21)
Validation fitness: 0.8875493068271088 
Elapsed: 2.0267257690429688

*** Epoch 1, batch 431/520 ***
Training fitness: 0.9086126743332517
Model size: (6, 12)
Validation fitness: 0.908202652447232 
Elapsed: 2.0566813945770264

*** Epoch 1, batch 432/520 ***
Training fitness: 0.8961540820707845
Model size: (6, 10)
Validation fitness: 0.8997415787469754 
Elapsed: 1.9712624549865723

*** Epoch 1, batch 433/520 ***
Training fitness: 0.9072822822822822
Model size: (13, 21)
Validation fitness: 0.9065422209636922 
Elapsed: 2.0400147438049316

*** Epoch 1, batch 434/520 ***
Training fitness: 0.898859081097749
Model size: (6, 10)
Validation fitness: 0.8997415787469754 
Elapsed: 2.0484893321990967

*** Epoch 1, batch 435/520 ***
Training fitness: 0.9233870967741936
Model size: (6, 13)
Validation fitness: 0.9170602290512376 
Elapsed: 2.1543498039245605

*** Epoch 1, batch 436/520 ***
Training fitness: 0.9077468230694037
Model size: (6, 13)
Validation fitness: 0.9170602290512376 
Elapsed: 2.18911075592041

*** Epoch 1, batch 437/520 ***
Training fitness: 0.9216269841269842
Model size: (14, 23)
Validation fitness: 0.9047822606923964 
Elapsed: 2.070033073425293

*** Epoch 1, batch 438/520 ***
Training fitness: 0.9145087235996328
Model size: (7, 14)
Validation fitness: 0.914624306628326 
Elapsed: 2.126711130142212

*** Epoch 1, batch 439/520 ***
Training fitness: 0.9426229508196721
Model size: (6, 13)
Validation fitness: 0.9170602290512376 
Elapsed: 2.265110731124878

*** Epoch 1, batch 440/520 ***
Training fitness: 0.9106825834098561
Model size: (6, 13)
Validation fitness: 0.9170602290512376 
Elapsed: 2.176307439804077

*** Epoch 1, batch 441/520 ***
Training fitness: 0.9343711843711844
Model size: (6, 13)
Validation fitness: 0.9170602290512376 
Elapsed: 2.2713441848754883

*** Epoch 1, batch 442/520 ***
Training fitness: 0.913139221923171
Model size: (8, 16)
Validation fitness: 0.9103942278029917 
Elapsed: 2.0401511192321777

*** Epoch 1, batch 443/520 ***
Training fitness: 0.8875000000000001
Model size: (6, 13)
Validation fitness: 0.9170602290512376 
Elapsed: 2.2302234172821045

*** Epoch 1, batch 444/520 ***
Training fitness: 0.9508196721311476
Model size: (6, 13)
Validation fitness: 0.9170602290512376 
Elapsed: 2.1950042247772217

*** Epoch 1, batch 445/520 ***
Training fitness: 0.916170634920635
Model size: (8, 16)
Validation fitness: 0.9015085101556372 
Elapsed: 2.0911788940429688

*** Epoch 1, batch 446/520 ***
Training fitness: 0.9176890679362754
Model size: (8, 16)
Validation fitness: 0.9103942278029917 
Elapsed: 2.082367181777954

*** Epoch 1, batch 447/520 ***
Training fitness: 0.9413534758044706
Model size: (5, 10)
Validation fitness: 0.8906845689871266 
Elapsed: 2.1956160068511963

*** Epoch 1, batch 448/520 ***
Training fitness: 0.9149509803921568
Model size: (13, 16)
Validation fitness: 0.8861548778229854 
Elapsed: 2.196748971939087

*** Epoch 1, batch 449/520 ***
Training fitness: 0.8792350734796778
Model size: (7, 11)
Validation fitness: 0.9066266349332432 
Elapsed: 2.11799693107605

*** Epoch 1, batch 450/520 ***
Training fitness: 0.9119012707722385
Model size: (6, 12)
Validation fitness: 0.922417076351524 
Elapsed: 2.309248447418213

*** Epoch 1, batch 451/520 ***
Training fitness: 0.9319403714565004
Model size: (6, 12)
Validation fitness: 0.922417076351524 
Elapsed: 2.2655868530273438

*** Epoch 1, batch 452/520 ***
Training fitness: 0.9232041440429383
Model size: (6, 12)
Validation fitness: 0.922417076351524 
Elapsed: 2.2280118465423584

*** Epoch 1, batch 453/520 ***
Training fitness: 0.9050174814451327
Model size: (6, 12)
Validation fitness: 0.922417076351524 
Elapsed: 2.2379701137542725

*** Epoch 1, batch 454/520 ***
Training fitness: 0.9354757085020242
Model size: (7, 12)
Validation fitness: 0.9076635206226029 
Elapsed: 2.145556926727295

*** Epoch 1, batch 455/520 ***
Training fitness: 0.9263565891472868
Model size: (6, 12)
Validation fitness: 0.922417076351524 
Elapsed: 2.2505979537963867

*** Epoch 1, batch 456/520 ***
Training fitness: 0.9212721584984358
Model size: (6, 12)
Validation fitness: 0.922417076351524 
Elapsed: 2.216029405593872

*** Epoch 1, batch 457/520 ***
Training fitness: 0.927114503816794
Model size: (6, 12)
Validation fitness: 0.922417076351524 
Elapsed: 2.2172048091888428

*** Epoch 1, batch 458/520 ***
Training fitness: 0.9496574504526548
Model size: (8, 13)
Validation fitness: 0.906135742279928 
Elapsed: 2.168377637863159

*** Epoch 1, batch 459/520 ***
Training fitness: 0.9414682539682538
Model size: (6, 12)
Validation fitness: 0.922417076351524 
Elapsed: 2.2828714847564697

*** Epoch 1, batch 460/520 ***
Training fitness: 0.9364925045474503
Model size: (6, 12)
Validation fitness: 0.922417076351524 
Elapsed: 2.2439496517181396

*** Epoch 1, batch 461/520 ***
Training fitness: 0.9092824427480916
Model size: (9, 18)
Validation fitness: 0.9096822465815686 
Elapsed: 2.334057569503784

*** Epoch 1, batch 462/520 ***
Training fitness: 0.9107306354147592
Model size: (6, 12)
Validation fitness: 0.922417076351524 
Elapsed: 2.233809471130371

*** Epoch 1, batch 463/520 ***
Training fitness: 0.9024509803921569
Model size: (6, 13)
Validation fitness: 0.8864349783055641 
Elapsed: 2.2464919090270996

*** Epoch 1, batch 464/520 ***
Training fitness: 0.91796875
Model size: (7, 13)
Validation fitness: 0.9020148932074886 
Elapsed: 1.978245735168457

*** Epoch 1, batch 465/520 ***
Training fitness: 0.9186074943456201
Model size: (7, 15)
Validation fitness: 0.9085713440854837 
Elapsed: 1.9917104244232178

*** Epoch 1, batch 466/520 ***
Training fitness: 0.9143077397471477
Model size: (7, 15)
Validation fitness: 0.9085713440854837 
Elapsed: 2.037820339202881

*** Epoch 1, batch 467/520 ***
Training fitness: 0.9259903558566808
Model size: (10, 17)
Validation fitness: 0.9111856396842062 
Elapsed: 1.9727003574371338

*** Epoch 1, batch 468/520 ***
Training fitness: 0.9013755833947433
Model size: (10, 18)
Validation fitness: 0.9125132337103757 
Elapsed: 2.051567316055298

*** Epoch 1, batch 469/520 ***
Training fitness: 0.9163737280296022
Model size: (7, 15)
Validation fitness: 0.9085713440854837 
Elapsed: 2.033773899078369

*** Epoch 1, batch 470/520 ***
Training fitness: 0.9105256693687055
Model size: (9, 16)
Validation fitness: 0.9077577454832435 
Elapsed: 2.1808505058288574

*** Epoch 1, batch 471/520 ***
Training fitness: 0.9374961850698895
Model size: (8, 15)
Validation fitness: 0.9082478869758964 
Elapsed: 2.0247411727905273

*** Epoch 1, batch 472/520 ***
Training fitness: 0.9255630836843068
Model size: (8, 15)
Validation fitness: 0.9082478869758964 
Elapsed: 2.0204765796661377

*** Epoch 1, batch 473/520 ***
Training fitness: 0.913874137825795
Model size: (9, 9)
Validation fitness: 0.9074263553842226 
Elapsed: 2.0069923400878906

*** Epoch 1, batch 474/520 ***
Training fitness: 0.9249037227214377
Model size: (5, 7)
Validation fitness: 0.9060326225777863 
Elapsed: 2.031792163848877

*** Epoch 1, batch 475/520 ***
Training fitness: 0.9261683386346954
Model size: (5, 5)
Validation fitness: 0.9047782941976795 
Elapsed: 1.9380204677581787

*** Epoch 1, batch 476/520 ***
Training fitness: 0.9031145038167939
Model size: (5, 6)
Validation fitness: 0.9056131726318533 
Elapsed: 1.8541271686553955

*** Epoch 1, batch 477/520 ***
Training fitness: 0.9371945259042033
Model size: (8, 12)
Validation fitness: 0.9066018741128747 
Elapsed: 1.9074671268463135

*** Epoch 1, batch 478/520 ***
Training fitness: 0.9187140293334983
Model size: (5, 13)
Validation fitness: 0.8741416752766168 
Elapsed: 2.0044026374816895

*** Epoch 1, batch 479/520 ***
Training fitness: 0.9287861129853401
Model size: (8, 15)
Validation fitness: 0.9061580389269044 
Elapsed: 2.023665189743042

*** Epoch 1, batch 480/520 ***
Training fitness: 0.9095008648381516
Model size: (7, 10)
Validation fitness: 0.9144622849376641 
Elapsed: 2.1347556114196777

*** Epoch 1, batch 481/520 ***
Training fitness: 0.9145320197044335
Model size: (10, 13)
Validation fitness: 0.8843697261880146 
Elapsed: 2.0396268367767334

*** Epoch 1, batch 482/520 ***
Training fitness: 0.9024293474943539
Model size: (8, 15)
Validation fitness: 0.9061580389269044 
Elapsed: 2.0939528942108154

*** Epoch 1, batch 483/520 ***
Training fitness: 0.929130009775171
Model size: (7, 10)
Validation fitness: 0.9144622849376641 
Elapsed: 2.115391492843628

*** Epoch 1, batch 484/520 ***
Training fitness: 0.9139194139194139
Model size: (5, 8)
Validation fitness: 0.9078022838142208 
Elapsed: 2.0793533325195312

*** Epoch 1, batch 485/520 ***
Training fitness: 0.9441176470588236
Model size: (5, 5)
Validation fitness: 0.9061993069608519 
Elapsed: 2.0463037490844727

*** Epoch 1, batch 486/520 ***
Training fitness: 0.9340277777777778
Model size: (14, 22)
Validation fitness: 0.8884823216536644 
Elapsed: 2.4354727268218994

*** Epoch 1, batch 487/520 ***
Training fitness: 0.9181372549019609
Model size: (9, 15)
Validation fitness: 0.8821713445838147 
Elapsed: 1.9457950592041016

*** Epoch 1, batch 488/520 ***
Training fitness: 0.9239204721963343
Model size: (8, 12)
Validation fitness: 0.9078885207224524 
Elapsed: 1.9927659034729004

*** Epoch 1, batch 489/520 ***
Training fitness: 0.9407393760746745
Model size: (5, 5)
Validation fitness: 0.9083733582879897 
Elapsed: 2.0219995975494385

*** Epoch 1, batch 490/520 ***
Training fitness: 0.887107797452625
Model size: (7, 9)
Validation fitness: 0.8975140392843834 
Elapsed: 2.030773162841797

*** Epoch 1, batch 491/520 ***
Training fitness: 0.9141984732824427
Model size: (7, 10)
Validation fitness: 0.9071399341594855 
Elapsed: 2.150621175765991

*** Epoch 1, batch 492/520 ***
Training fitness: 0.9191338390017127
Model size: (10, 14)
Validation fitness: 0.8845969248068757 
Elapsed: 2.0823020935058594

*** Epoch 1, batch 493/520 ***
Training fitness: 0.8997841504779526
Model size: (10, 17)
Validation fitness: 0.9056272156720402 
Elapsed: 2.0680031776428223

*** Epoch 1, batch 494/520 ***
Training fitness: 0.944732824427481
Model size: (7, 7)
Validation fitness: 0.9048192965772467 
Elapsed: 2.0229103565216064

*** Epoch 1, batch 495/520 ***
Training fitness: 0.8990090530951799
Model size: (7, 17)
Validation fitness: 0.8901384660251315 
Elapsed: 2.150806188583374

*** Epoch 1, batch 496/520 ***
Training fitness: 0.937650323774283
Model size: (5, 8)
Validation fitness: 0.9078022838142208 
Elapsed: 1.9975488185882568

*** Epoch 1, batch 497/520 ***
Training fitness: 0.8898320610687023
Model size: (5, 8)
Validation fitness: 0.9078022838142208 
Elapsed: 2.104828357696533

*** Epoch 1, batch 498/520 ***
Training fitness: 0.9073356699255979
Model size: (6, 6)
Validation fitness: 0.8989225113286936 
Elapsed: 2.0988199710845947

*** Epoch 1, batch 499/520 ***
Training fitness: 0.894828534751513
Model size: (10, 13)
Validation fitness: 0.8993970616573558 
Elapsed: 2.2504029273986816

*** Epoch 1, batch 500/520 ***
Training fitness: 0.9293381586211127
Model size: (6, 7)
Validation fitness: 0.9070809772079901 
Elapsed: 2.0789153575897217

*** Epoch 1, batch 501/520 ***
Training fitness: 0.890625
Model size: (7, 9)
Validation fitness: 0.9123245183347143 
Elapsed: 2.088594913482666

*** Epoch 1, batch 502/520 ***
Training fitness: 0.9320251849135032
Model size: (7, 9)
Validation fitness: 0.9123245183347143 
Elapsed: 1.9998579025268555

*** Epoch 1, batch 503/520 ***
Training fitness: 0.9266788766788767
Model size: (8, 10)
Validation fitness: 0.9008636295665484 
Elapsed: 2.0100457668304443

*** Epoch 1, batch 504/520 ***
Training fitness: 0.9224664224664224
Model size: (7, 10)
Validation fitness: 0.9184389569654193 
Elapsed: 2.0127646923065186

*** Epoch 1, batch 505/520 ***
Training fitness: 0.9507007007007007
Model size: (10, 16)
Validation fitness: 0.9098137729814398 
Elapsed: 1.9632420539855957

*** Epoch 1, batch 506/520 ***
Training fitness: 0.9130009775171065
Model size: (8, 12)
Validation fitness: 0.9195146465153345 
Elapsed: 2.1559245586395264

*** Epoch 1, batch 507/520 ***
Training fitness: 0.9163623986632837
Model size: (8, 12)
Validation fitness: 0.9195146465153345 
Elapsed: 2.0829131603240967

*** Epoch 1, batch 508/520 ***
Training fitness: 0.9010304851867754
Model size: (10, 11)
Validation fitness: 0.9070101757353194 
Elapsed: 1.9666118621826172

*** Epoch 1, batch 509/520 ***
Training fitness: 0.9061050061050061
Model size: (8, 10)
Validation fitness: 0.9128421046730291 
Elapsed: 2.001981258392334

*** Epoch 1, batch 510/520 ***
Training fitness: 0.9552321296978629
Model size: (8, 11)
Validation fitness: 0.9074271065448848 
Elapsed: 1.9902353286743164

*** Epoch 1, batch 511/520 ***
Training fitness: 0.895772238514174
Model size: (10, 11)
Validation fitness: 0.9091183539365711 
Elapsed: 1.9919559955596924

*** Epoch 1, batch 512/520 ***
Training fitness: 0.9308026162968396
Model size: (8, 10)
Validation fitness: 0.9128421046730291 
Elapsed: 2.061082601547241

*** Epoch 1, batch 513/520 ***
Training fitness: 0.9373626373626374
Model size: (11, 13)
Validation fitness: 0.9076232694036983 
Elapsed: 2.117459535598755

*** Epoch 1, batch 514/520 ***
Training fitness: 0.9218242041342085
Model size: (4, 7)
Validation fitness: 0.9008550003794277 
Elapsed: 2.1205272674560547

*** Epoch 1, batch 515/520 ***
Training fitness: 0.91015625
Model size: (4, 7)
Validation fitness: 0.9008550003794277 
Elapsed: 2.168855667114258

*** Epoch 1, batch 516/520 ***
Training fitness: 0.9029520064906698
Model size: (8, 13)
Validation fitness: 0.9193033688383161 
Elapsed: 2.1481270790100098

*** Epoch 1, batch 517/520 ***
Training fitness: 0.9231527093596059
Model size: (4, 9)
Validation fitness: 0.8932062977749632 
Elapsed: 2.1186397075653076

*** Epoch 1, batch 518/520 ***
Training fitness: 0.933578431372549
Model size: (8, 13)
Validation fitness: 0.9193033688383161 
Elapsed: 2.067762851715088

*** Epoch 1, batch 519/520 ***
Training fitness: 0.9187438905180841
Model size: (8, 11)
Validation fitness: 0.9098418590618136 
Elapsed: 1.9814658164978027

*** Epoch 1, batch 520/520 ***
Training fitness: 0.9020807061790668
Model size: (8, 13)
Validation fitness: 0.9193033688383161 
Elapsed: 2.054549217224121

Total train time: 1198.4241495132446
Test time: 0.3234589099884033
Test fitness: 0.929458681618289
Test statistics: Stats(total=14791, total_true=7158, total_false=7633, true_positive=6346, true_negative=7422, false_positive=211, false_negative=812, tpr=0.8865604917574742, tnr=0.9723568714791039, ppv=0.967820649687357, npv=0.9013845032790867, accuracy=0.9308363193834088, f1=0.9254101348888079, mcc=0.8640459467514353)
