Configuration:
Dataset: nsl_kdd
Selector: pca
Fitness: accuracy
Batch size: 256
Epochs: 1
Config args: {}
*** Epoch 1, batch 1/463 ***
Training fitness: 0.86328125
Model size: (1, 12)
Validation fitness: 0.8481406355645706 !!!
Elapsed: 1.852254867553711

*** Epoch 1, batch 2/463 ***
Training fitness: 0.90625
Model size: (2, 13)
Validation fitness: 0.8903313049357674 !!!
Elapsed: 2.029940128326416

*** Epoch 1, batch 3/463 ***
Training fitness: 0.921875
Model size: (1, 11)
Validation fitness: 0.8618661257606491 
Elapsed: 1.9620144367218018

*** Epoch 1, batch 4/463 ***
Training fitness: 0.91796875
Model size: (1, 10)
Validation fitness: 0.8904665314401623 !!!
Elapsed: 1.9192440509796143

*** Epoch 1, batch 5/463 ***
Training fitness: 0.921875
Model size: (4, 15)
Validation fitness: 0.913657876943881 !!!
Elapsed: 2.0566341876983643

*** Epoch 1, batch 6/463 ***
Training fitness: 0.9453125
Model size: (3, 12)
Validation fitness: 0.9093306288032454 
Elapsed: 2.1468098163604736

*** Epoch 1, batch 7/463 ***
Training fitness: 0.9296875
Model size: (1, 10)
Validation fitness: 0.9173089925625423 !!!
Elapsed: 2.0335631370544434

*** Epoch 1, batch 8/463 ***
Training fitness: 0.92578125
Model size: (4, 18)
Validation fitness: 0.9058147396889791 
Elapsed: 2.2451891899108887

*** Epoch 1, batch 9/463 ***
Training fitness: 0.91796875
Model size: (1, 11)
Validation fitness: 0.9183908045977012 !!!
Elapsed: 2.2063558101654053

*** Epoch 1, batch 10/463 ***
Training fitness: 0.90625
Model size: (3, 13)
Validation fitness: 0.9104800540906017 
Elapsed: 2.2590556144714355

*** Epoch 1, batch 11/463 ***
Training fitness: 0.94921875
Model size: (3, 11)
Validation fitness: 0.9132521974306964 
Elapsed: 2.210160970687866

*** Epoch 1, batch 12/463 ***
Training fitness: 0.91796875
Model size: (5, 17)
Validation fitness: 0.8986477349560514 
Elapsed: 2.309804916381836

*** Epoch 1, batch 13/463 ***
Training fitness: 0.89453125
Model size: (5, 17)
Validation fitness: 0.9025693035835024 
Elapsed: 2.295585870742798

*** Epoch 1, batch 14/463 ***
Training fitness: 0.91796875
Model size: (5, 17)
Validation fitness: 0.9041244083840433 
Elapsed: 2.3235981464385986

*** Epoch 1, batch 15/463 ***
Training fitness: 0.93359375
Model size: (5, 18)
Validation fitness: 0.9148073022312373 
Elapsed: 2.3798828125

*** Epoch 1, batch 16/463 ***
Training fitness: 0.9296875
Model size: (3, 13)
Validation fitness: 0.9156186612576065 
Elapsed: 2.3115458488464355

*** Epoch 1, batch 17/463 ***
Training fitness: 0.91796875
Model size: (5, 12)
Validation fitness: 0.9134550371872887 
Elapsed: 2.3152244091033936

*** Epoch 1, batch 18/463 ***
Training fitness: 0.921875
Model size: (6, 18)
Validation fitness: 0.9241379310344827 !!!
Elapsed: 2.607997179031372

*** Epoch 1, batch 19/463 ***
Training fitness: 0.94921875
Model size: (5, 15)
Validation fitness: 0.9123056118999324 
Elapsed: 2.643639326095581

*** Epoch 1, batch 20/463 ***
Training fitness: 0.90625
Model size: (6, 18)
Validation fitness: 0.9241379310344827 
Elapsed: 2.570157766342163

*** Epoch 1, batch 21/463 ***
Training fitness: 0.9375
Model size: (2, 7)
Validation fitness: 0.9056795131845842 
Elapsed: 2.337674856185913

*** Epoch 1, batch 22/463 ***
Training fitness: 0.90625
Model size: (1, 6)
Validation fitness: 0.9204868154158214 
Elapsed: 2.293259382247925

*** Epoch 1, batch 23/463 ***
Training fitness: 0.9296875
Model size: (8, 21)
Validation fitness: 0.9093306288032454 
Elapsed: 2.739125967025757

*** Epoch 1, batch 24/463 ***
Training fitness: 0.921875
Model size: (1, 5)
Validation fitness: 0.9051386071670048 
Elapsed: 2.389587163925171

*** Epoch 1, batch 25/463 ***
Training fitness: 0.921875
Model size: (4, 10)
Validation fitness: 0.9234617985125084 
Elapsed: 2.39434552192688

*** Epoch 1, batch 26/463 ***
Training fitness: 0.94140625
Model size: (4, 10)
Validation fitness: 0.9204868154158214 
Elapsed: 2.371202230453491

*** Epoch 1, batch 27/463 ***
Training fitness: 0.94921875
Model size: (7, 18)
Validation fitness: 0.9126436781609195 
Elapsed: 2.503117322921753

*** Epoch 1, batch 28/463 ***
Training fitness: 0.89453125
Model size: (4, 10)
Validation fitness: 0.9234617985125084 
Elapsed: 2.370493173599243

*** Epoch 1, batch 29/463 ***
Training fitness: 0.9375
Model size: (4, 10)
Validation fitness: 0.9234617985125084 
Elapsed: 2.3619232177734375

*** Epoch 1, batch 30/463 ***
Training fitness: 0.953125
Model size: (7, 20)
Validation fitness: 0.9168356997971603 
Elapsed: 2.905048131942749

*** Epoch 1, batch 31/463 ***
Training fitness: 0.94140625
Model size: (8, 21)
Validation fitness: 0.923394185260311 
Elapsed: 2.647838830947876

*** Epoch 1, batch 32/463 ***
Training fitness: 0.9609375
Model size: (4, 10)
Validation fitness: 0.9234617985125084 
Elapsed: 2.3284428119659424

*** Epoch 1, batch 33/463 ***
Training fitness: 0.9375
Model size: (4, 10)
Validation fitness: 0.9234617985125084 
Elapsed: 2.454927444458008

*** Epoch 1, batch 34/463 ***
Training fitness: 0.9140625
Model size: (3, 8)
Validation fitness: 0.9267072346179851 !!!
Elapsed: 2.380093812942505

*** Epoch 1, batch 35/463 ***
Training fitness: 0.9375
Model size: (5, 12)
Validation fitness: 0.9206896551724137 
Elapsed: 2.381345272064209

*** Epoch 1, batch 36/463 ***
Training fitness: 0.91796875
Model size: (8, 24)
Validation fitness: 0.9206896551724137 
Elapsed: 2.402221441268921

*** Epoch 1, batch 37/463 ***
Training fitness: 0.9453125
Model size: (5, 12)
Validation fitness: 0.9206896551724137 
Elapsed: 2.2605035305023193

*** Epoch 1, batch 38/463 ***
Training fitness: 0.9375
Model size: (8, 24)
Validation fitness: 0.9206896551724137 
Elapsed: 2.4841225147247314

*** Epoch 1, batch 39/463 ***
Training fitness: 0.9609375
Model size: (4, 12)
Validation fitness: 0.9137931034482759 
Elapsed: 2.4304637908935547

*** Epoch 1, batch 40/463 ***
Training fitness: 0.94921875
Model size: (9, 25)
Validation fitness: 0.9346855983772819 !!!
Elapsed: 2.478053331375122

*** Epoch 1, batch 41/463 ***
Training fitness: 0.9375
Model size: (9, 25)
Validation fitness: 0.9346855983772819 
Elapsed: 2.533644676208496

*** Epoch 1, batch 42/463 ***
Training fitness: 0.9375
Model size: (9, 25)
Validation fitness: 0.9346855983772819 
Elapsed: 2.566621780395508

*** Epoch 1, batch 43/463 ***
Training fitness: 0.9296875
Model size: (3, 7)
Validation fitness: 0.9129817444219067 
Elapsed: 2.203852891921997

*** Epoch 1, batch 44/463 ***
Training fitness: 0.95703125
Model size: (5, 12)
Validation fitness: 0.9108181203515889 
Elapsed: 2.3976891040802

*** Epoch 1, batch 45/463 ***
Training fitness: 0.921875
Model size: (10, 22)
Validation fitness: 0.9230561189993238 
Elapsed: 2.4843835830688477

*** Epoch 1, batch 46/463 ***
Training fitness: 0.9140625
Model size: (4, 12)
Validation fitness: 0.9124408384043272 
Elapsed: 2.5057759284973145

*** Epoch 1, batch 47/463 ***
Training fitness: 0.95703125
Model size: (9, 18)
Validation fitness: 0.9237998647734956 
Elapsed: 2.4463791847229004

*** Epoch 1, batch 48/463 ***
Training fitness: 0.9375
Model size: (2, 5)
Validation fitness: 0.9123732251521298 
Elapsed: 2.283815383911133

*** Epoch 1, batch 49/463 ***
Training fitness: 0.92578125
Model size: (6, 14)
Validation fitness: 0.9055442866801893 
Elapsed: 2.3160221576690674

*** Epoch 1, batch 50/463 ***
Training fitness: 0.91015625
Model size: (5, 13)
Validation fitness: 0.9123732251521298 
Elapsed: 2.3360021114349365

*** Epoch 1, batch 51/463 ***
Training fitness: 0.92578125
Model size: (6, 15)
Validation fitness: 0.9220419202163624 
Elapsed: 2.4274098873138428

*** Epoch 1, batch 52/463 ***
Training fitness: 0.92578125
Model size: (3, 7)
Validation fitness: 0.9141987829614604 
Elapsed: 2.3871686458587646

*** Epoch 1, batch 53/463 ***
Training fitness: 0.921875
Model size: (6, 15)
Validation fitness: 0.9220419202163624 
Elapsed: 2.4733636379241943

*** Epoch 1, batch 54/463 ***
Training fitness: 0.9296875
Model size: (7, 16)
Validation fitness: 0.9130493576741041 
Elapsed: 2.531595230102539

*** Epoch 1, batch 55/463 ***
Training fitness: 0.9296875
Model size: (10, 19)
Validation fitness: 0.9281947261663286 
Elapsed: 2.5855484008789062

*** Epoch 1, batch 56/463 ***
Training fitness: 0.93359375
Model size: (4, 9)
Validation fitness: 0.9207572684246113 
Elapsed: 2.3223235607147217

*** Epoch 1, batch 57/463 ***
Training fitness: 0.953125
Model size: (3, 8)
Validation fitness: 0.9290060851926978 
Elapsed: 2.2951626777648926

*** Epoch 1, batch 58/463 ***
Training fitness: 0.9375
Model size: (3, 5)
Validation fitness: 0.9206896551724137 
Elapsed: 2.2796237468719482

*** Epoch 1, batch 59/463 ***
Training fitness: 0.9453125
Model size: (6, 16)
Validation fitness: 0.9054766734279919 
Elapsed: 2.4177136421203613

*** Epoch 1, batch 60/463 ***
Training fitness: 0.94140625
Model size: (6, 15)
Validation fitness: 0.9220419202163624 
Elapsed: 2.439924478530884

*** Epoch 1, batch 61/463 ***
Training fitness: 0.92578125
Model size: (10, 19)
Validation fitness: 0.9281947261663286 
Elapsed: 2.4226043224334717

*** Epoch 1, batch 62/463 ***
Training fitness: 0.92578125
Model size: (10, 19)
Validation fitness: 0.9281947261663286 
Elapsed: 2.423820734024048

*** Epoch 1, batch 63/463 ***
Training fitness: 0.93359375
Model size: (4, 7)
Validation fitness: 0.9209601081812036 
Elapsed: 2.355764865875244

*** Epoch 1, batch 64/463 ***
Training fitness: 0.921875
Model size: (7, 16)
Validation fitness: 0.926369168356998 
Elapsed: 2.525167465209961

*** Epoch 1, batch 65/463 ***
Training fitness: 0.9375
Model size: (6, 15)
Validation fitness: 0.9212305611899932 
Elapsed: 2.4629862308502197

*** Epoch 1, batch 66/463 ***
Training fitness: 0.9453125
Model size: (7, 16)
Validation fitness: 0.9173089925625423 
Elapsed: 2.519852638244629

*** Epoch 1, batch 67/463 ***
Training fitness: 0.9375
Model size: (7, 15)
Validation fitness: 0.9239350912778904 
Elapsed: 2.4441609382629395

*** Epoch 1, batch 68/463 ***
Training fitness: 0.921875
Model size: (6, 15)
Validation fitness: 0.9212305611899932 
Elapsed: 2.41875958442688

*** Epoch 1, batch 69/463 ***
Training fitness: 0.94140625
Model size: (7, 15)
Validation fitness: 0.9239350912778904 
Elapsed: 2.5552587509155273

*** Epoch 1, batch 70/463 ***
Training fitness: 0.9296875
Model size: (10, 19)
Validation fitness: 0.9255578093306288 
Elapsed: 2.4879350662231445

*** Epoch 1, batch 71/463 ***
Training fitness: 0.92578125
Model size: (8, 16)
Validation fitness: 0.9270453008789723 
Elapsed: 2.6011319160461426

*** Epoch 1, batch 72/463 ***
Training fitness: 0.921875
Model size: (6, 15)
Validation fitness: 0.9212305611899932 
Elapsed: 2.53043270111084

*** Epoch 1, batch 73/463 ***
Training fitness: 0.890625
Model size: (5, 14)
Validation fitness: 0.9320486815415822 
Elapsed: 2.4891231060028076

*** Epoch 1, batch 74/463 ***
Training fitness: 0.9375
Model size: (14, 29)
Validation fitness: 0.9121027721433401 
Elapsed: 2.725532054901123

*** Epoch 1, batch 75/463 ***
Training fitness: 0.9296875
Model size: (7, 14)
Validation fitness: 0.9265720081135903 
Elapsed: 2.5093226432800293

*** Epoch 1, batch 76/463 ***
Training fitness: 0.9375
Model size: (13, 27)
Validation fitness: 0.9227180527383367 
Elapsed: 2.5582993030548096

*** Epoch 1, batch 77/463 ***
Training fitness: 0.92578125
Model size: (7, 14)
Validation fitness: 0.9081812035158892 
Elapsed: 2.3783750534057617

*** Epoch 1, batch 78/463 ***
Training fitness: 0.93359375
Model size: (7, 14)
Validation fitness: 0.9265720081135903 
Elapsed: 2.4179434776306152

*** Epoch 1, batch 79/463 ***
Training fitness: 0.94140625
Model size: (8, 16)
Validation fitness: 0.9173089925625423 
Elapsed: 2.590148687362671

*** Epoch 1, batch 80/463 ***
Training fitness: 0.8984375
Model size: (8, 22)
Validation fitness: 0.9226504394861392 
Elapsed: 2.6627137660980225

*** Epoch 1, batch 81/463 ***
Training fitness: 0.94140625
Model size: (3, 7)
Validation fitness: 0.9227180527383367 
Elapsed: 2.4361860752105713

*** Epoch 1, batch 82/463 ***
Training fitness: 0.91796875
Model size: (8, 16)
Validation fitness: 0.9173089925625423 
Elapsed: 2.477344036102295

*** Epoch 1, batch 83/463 ***
Training fitness: 0.93359375
Model size: (2, 7)
Validation fitness: 0.9051386071670048 
Elapsed: 2.319345474243164

*** Epoch 1, batch 84/463 ***
Training fitness: 0.91015625
Model size: (6, 13)
Validation fitness: 0.9143340094658553 
Elapsed: 2.4168741703033447

*** Epoch 1, batch 85/463 ***
Training fitness: 0.9375
Model size: (9, 19)
Validation fitness: 0.9070317782285328 
Elapsed: 2.7367782592773438

*** Epoch 1, batch 86/463 ***
Training fitness: 0.9296875
Model size: (2, 8)
Validation fitness: 0.9128465179175118 
Elapsed: 2.420445442199707

*** Epoch 1, batch 87/463 ***
Training fitness: 0.9296875
Model size: (7, 18)
Validation fitness: 0.9148749154834348 
Elapsed: 2.6062066555023193

*** Epoch 1, batch 88/463 ***
Training fitness: 0.91796875
Model size: (7, 14)
Validation fitness: 0.9081812035158892 
Elapsed: 2.4109742641448975

*** Epoch 1, batch 89/463 ***
Training fitness: 0.90625
Model size: (8, 16)
Validation fitness: 0.9150101419878296 
Elapsed: 2.424379825592041

*** Epoch 1, batch 90/463 ***
Training fitness: 0.94140625
Model size: (5, 14)
Validation fitness: 0.9120351588911426 
Elapsed: 2.4035422801971436

*** Epoch 1, batch 91/463 ***
Training fitness: 0.91796875
Model size: (2, 8)
Validation fitness: 0.9123056118999324 
Elapsed: 2.322603940963745

*** Epoch 1, batch 92/463 ***
Training fitness: 0.93359375
Model size: (8, 13)
Validation fitness: 0.9137931034482759 
Elapsed: 2.377804756164551

*** Epoch 1, batch 93/463 ***
Training fitness: 0.91796875
Model size: (4, 12)
Validation fitness: 0.9299526707234618 
Elapsed: 2.446209192276001

*** Epoch 1, batch 94/463 ***
Training fitness: 0.9609375
Model size: (11, 18)
Validation fitness: 0.9162947937795808 
Elapsed: 2.4637293815612793

*** Epoch 1, batch 95/463 ***
Training fitness: 0.9375
Model size: (9, 13)
Validation fitness: 0.9170385395537526 
Elapsed: 2.4049789905548096

*** Epoch 1, batch 96/463 ***
Training fitness: 0.90234375
Model size: (5, 14)
Validation fitness: 0.9120351588911426 
Elapsed: 2.448604106903076

*** Epoch 1, batch 97/463 ***
Training fitness: 0.9375
Model size: (8, 20)
Validation fitness: 0.918052738336714 
Elapsed: 2.6058945655822754

*** Epoch 1, batch 98/463 ***
Training fitness: 0.90234375
Model size: (9, 13)
Validation fitness: 0.9170385395537526 
Elapsed: 2.51582407951355

*** Epoch 1, batch 99/463 ***
Training fitness: 0.9140625
Model size: (9, 14)
Validation fitness: 0.9215686274509803 
Elapsed: 2.578125476837158

*** Epoch 1, batch 100/463 ***
Training fitness: 0.91796875
Model size: (8, 20)
Validation fitness: 0.918052738336714 
Elapsed: 2.50842022895813

*** Epoch 1, batch 101/463 ***
Training fitness: 0.9453125
Model size: (9, 13)
Validation fitness: 0.9170385395537526 
Elapsed: 2.361422300338745

*** Epoch 1, batch 102/463 ***
Training fitness: 0.921875
Model size: (9, 15)
Validation fitness: 0.9216362407031778 
Elapsed: 2.5996346473693848

*** Epoch 1, batch 103/463 ***
Training fitness: 0.9140625
Model size: (14, 25)
Validation fitness: 0.9191345503718729 
Elapsed: 2.754197597503662

*** Epoch 1, batch 104/463 ***
Training fitness: 0.93359375
Model size: (8, 19)
Validation fitness: 0.9086544962812712 
Elapsed: 2.7471084594726562

*** Epoch 1, batch 105/463 ***
Training fitness: 0.921875
Model size: (9, 13)
Validation fitness: 0.9170385395537526 
Elapsed: 2.6179397106170654

*** Epoch 1, batch 106/463 ***
Training fitness: 0.94140625
Model size: (10, 21)
Validation fitness: 0.9076402974983097 
Elapsed: 2.777122735977173

*** Epoch 1, batch 107/463 ***
Training fitness: 0.94140625
Model size: (10, 15)
Validation fitness: 0.9060851926977688 
Elapsed: 2.4541540145874023

*** Epoch 1, batch 108/463 ***
Training fitness: 0.921875
Model size: (7, 12)
Validation fitness: 0.9234617985125084 
Elapsed: 2.312933921813965

*** Epoch 1, batch 109/463 ***
Training fitness: 0.953125
Model size: (5, 10)
Validation fitness: 0.9143340094658553 
Elapsed: 2.4654672145843506

*** Epoch 1, batch 110/463 ***
Training fitness: 0.91015625
Model size: (7, 11)
Validation fitness: 0.9274509803921569 
Elapsed: 2.374765396118164

*** Epoch 1, batch 111/463 ***
Training fitness: 0.94140625
Model size: (6, 15)
Validation fitness: 0.9027045300878972 
Elapsed: 2.6347124576568604

*** Epoch 1, batch 112/463 ***
Training fitness: 0.91796875
Model size: (7, 11)
Validation fitness: 0.9274509803921569 
Elapsed: 2.3357644081115723

*** Epoch 1, batch 113/463 ***
Training fitness: 0.9609375
Model size: (7, 11)
Validation fitness: 0.9240703177822853 
Elapsed: 2.3529739379882812

*** Epoch 1, batch 114/463 ***
Training fitness: 0.93359375
Model size: (9, 13)
Validation fitness: 0.9170385395537526 
Elapsed: 2.299304962158203

*** Epoch 1, batch 115/463 ***
Training fitness: 0.9453125
Model size: (8, 13)
Validation fitness: 0.912711291413117 
Elapsed: 2.1147513389587402

*** Epoch 1, batch 116/463 ***
Training fitness: 0.9375
Model size: (8, 13)
Validation fitness: 0.9298850574712644 
Elapsed: 2.197101593017578

*** Epoch 1, batch 117/463 ***
Training fitness: 0.9453125
Model size: (8, 13)
Validation fitness: 0.9298850574712644 
Elapsed: 2.2496352195739746

*** Epoch 1, batch 118/463 ***
Training fitness: 0.9140625
Model size: (8, 10)
Validation fitness: 0.9288708586883029 
Elapsed: 2.274348020553589

*** Epoch 1, batch 119/463 ***
Training fitness: 0.94921875
Model size: (8, 10)
Validation fitness: 0.9288708586883029 
Elapsed: 2.2155468463897705

*** Epoch 1, batch 120/463 ***
Training fitness: 0.93359375
Model size: (5, 8)
Validation fitness: 0.8975659229208925 
Elapsed: 2.189542531967163

*** Epoch 1, batch 121/463 ***
Training fitness: 0.91015625
Model size: (8, 10)
Validation fitness: 0.9288708586883029 
Elapsed: 2.2187676429748535

*** Epoch 1, batch 122/463 ***
Training fitness: 0.89453125
Model size: (6, 11)
Validation fitness: 0.911156186612576 
Elapsed: 2.3405282497406006

*** Epoch 1, batch 123/463 ***
Training fitness: 0.9453125
Model size: (8, 13)
Validation fitness: 0.9298850574712644 
Elapsed: 2.2192344665527344

*** Epoch 1, batch 124/463 ***
Training fitness: 0.91015625
Model size: (6, 15)
Validation fitness: 0.9042596348884381 
Elapsed: 2.3351380825042725

*** Epoch 1, batch 125/463 ***
Training fitness: 0.9453125
Model size: (9, 15)
Validation fitness: 0.9302231237322515 
Elapsed: 2.3329758644104004

*** Epoch 1, batch 126/463 ***
Training fitness: 0.953125
Model size: (9, 15)
Validation fitness: 0.9300878972278567 
Elapsed: 2.218292713165283

*** Epoch 1, batch 127/463 ***
Training fitness: 0.9296875
Model size: (7, 17)
Validation fitness: 0.9094658553076403 
Elapsed: 2.165637731552124

*** Epoch 1, batch 128/463 ***
Training fitness: 0.91796875
Model size: (8, 13)
Validation fitness: 0.9298850574712644 
Elapsed: 2.175278663635254

*** Epoch 1, batch 129/463 ***
Training fitness: 0.921875
Model size: (8, 13)
Validation fitness: 0.9298850574712644 
Elapsed: 2.229166269302368

*** Epoch 1, batch 130/463 ***
Training fitness: 0.9296875
Model size: (9, 15)
Validation fitness: 0.9300878972278567 
Elapsed: 2.2617435455322266

*** Epoch 1, batch 131/463 ***
Training fitness: 0.92578125
Model size: (9, 13)
Validation fitness: 0.9170385395537526 
Elapsed: 2.3657643795013428

*** Epoch 1, batch 132/463 ***
Training fitness: 0.953125
Model size: (8, 13)
Validation fitness: 0.9298850574712644 
Elapsed: 2.258962869644165

*** Epoch 1, batch 133/463 ***
Training fitness: 0.9453125
Model size: (6, 10)
Validation fitness: 0.9110885733603786 
Elapsed: 2.3831920623779297

*** Epoch 1, batch 134/463 ***
Training fitness: 0.92578125
Model size: (8, 13)
Validation fitness: 0.9298850574712644 
Elapsed: 2.200645923614502

*** Epoch 1, batch 135/463 ***
Training fitness: 0.93359375
Model size: (9, 13)
Validation fitness: 0.9170385395537526 
Elapsed: 2.2886698246002197

*** Epoch 1, batch 136/463 ***
Training fitness: 0.90234375
Model size: (7, 14)
Validation fitness: 0.9017579445571332 
Elapsed: 2.333252191543579

*** Epoch 1, batch 137/463 ***
Training fitness: 0.91796875
Model size: (9, 23)
Validation fitness: 0.9070993914807303 
Elapsed: 2.3239409923553467

*** Epoch 1, batch 138/463 ***
Training fitness: 0.94921875
Model size: (8, 15)
Validation fitness: 0.9184584178498986 
Elapsed: 2.2744009494781494

*** Epoch 1, batch 139/463 ***
Training fitness: 0.921875
Model size: (6, 8)
Validation fitness: 0.9187288708586883 
Elapsed: 2.1445670127868652

*** Epoch 1, batch 140/463 ***
Training fitness: 0.9296875
Model size: (6, 8)
Validation fitness: 0.9187288708586883 
Elapsed: 2.2607948780059814

*** Epoch 1, batch 141/463 ***
Training fitness: 0.921875
Model size: (8, 13)
Validation fitness: 0.9157538877620014 
Elapsed: 2.1727871894836426

*** Epoch 1, batch 142/463 ***
Training fitness: 0.9375
Model size: (8, 17)
Validation fitness: 0.906896551724138 
Elapsed: 2.3014588356018066

*** Epoch 1, batch 143/463 ***
Training fitness: 0.9375
Model size: (8, 18)
Validation fitness: 0.9206896551724137 
Elapsed: 2.2924773693084717

*** Epoch 1, batch 144/463 ***
Training fitness: 0.9296875
Model size: (6, 7)
Validation fitness: 0.9189317106152806 
Elapsed: 2.040830612182617

*** Epoch 1, batch 145/463 ***
Training fitness: 0.94140625
Model size: (9, 16)
Validation fitness: 0.9179175118323192 
Elapsed: 2.1817870140075684

*** Epoch 1, batch 146/463 ***
Training fitness: 0.91796875
Model size: (15, 19)
Validation fitness: 0.9060175794455714 
Elapsed: 2.1172688007354736

*** Epoch 1, batch 147/463 ***
Training fitness: 0.90234375
Model size: (8, 18)
Validation fitness: 0.9206896551724137 
Elapsed: 2.318288803100586

*** Epoch 1, batch 148/463 ***
Training fitness: 0.9375
Model size: (12, 25)
Validation fitness: 0.9187964841108858 
Elapsed: 2.2348132133483887

*** Epoch 1, batch 149/463 ***
Training fitness: 0.953125
Model size: (14, 21)
Validation fitness: 0.9115618661257606 
Elapsed: 2.1704723834991455

*** Epoch 1, batch 150/463 ***
Training fitness: 0.92578125
Model size: (6, 8)
Validation fitness: 0.9187288708586883 
Elapsed: 2.243546962738037

*** Epoch 1, batch 151/463 ***
Training fitness: 0.9296875
Model size: (13, 26)
Validation fitness: 0.918052738336714 
Elapsed: 2.2721807956695557

*** Epoch 1, batch 152/463 ***
Training fitness: 0.921875
Model size: (7, 12)
Validation fitness: 0.9167004732927654 
Elapsed: 2.1598401069641113

*** Epoch 1, batch 153/463 ***
Training fitness: 0.92578125
Model size: (10, 18)
Validation fitness: 0.9171737660581474 
Elapsed: 2.2808377742767334

*** Epoch 1, batch 154/463 ***
Training fitness: 0.9453125
Model size: (7, 12)
Validation fitness: 0.907843137254902 
Elapsed: 2.547349691390991

*** Epoch 1, batch 155/463 ***
Training fitness: 0.95703125
Model size: (6, 9)
Validation fitness: 0.9129141311697092 
Elapsed: 2.4015183448791504

*** Epoch 1, batch 156/463 ***
Training fitness: 0.92578125
Model size: (12, 25)
Validation fitness: 0.917579445571332 
Elapsed: 2.3970987796783447

*** Epoch 1, batch 157/463 ***
Training fitness: 0.921875
Model size: (8, 16)
Validation fitness: 0.9070993914807303 
Elapsed: 2.4422621726989746

*** Epoch 1, batch 158/463 ***
Training fitness: 0.9296875
Model size: (12, 25)
Validation fitness: 0.917579445571332 
Elapsed: 2.4190239906311035

*** Epoch 1, batch 159/463 ***
Training fitness: 0.94140625
Model size: (6, 7)
Validation fitness: 0.9248816768086545 
Elapsed: 2.219567060470581

*** Epoch 1, batch 160/463 ***
Training fitness: 0.9375
Model size: (6, 7)
Validation fitness: 0.9248816768086545 
Elapsed: 2.2551164627075195

*** Epoch 1, batch 161/463 ***
Training fitness: 0.94921875
Model size: (7, 9)
Validation fitness: 0.9259634888438134 
Elapsed: 2.2920138835906982

*** Epoch 1, batch 162/463 ***
Training fitness: 0.91015625
Model size: (5, 13)
Validation fitness: 0.9177146720757269 
Elapsed: 2.2091596126556396

*** Epoch 1, batch 163/463 ***
Training fitness: 0.96484375
Model size: (7, 9)
Validation fitness: 0.9259634888438134 
Elapsed: 2.220226764678955

*** Epoch 1, batch 164/463 ***
Training fitness: 0.9140625
Model size: (5, 13)
Validation fitness: 0.9177146720757269 
Elapsed: 2.221687078475952

*** Epoch 1, batch 165/463 ***
Training fitness: 0.94140625
Model size: (7, 9)
Validation fitness: 0.9259634888438134 
Elapsed: 2.2667880058288574

*** Epoch 1, batch 166/463 ***
Training fitness: 0.9453125
Model size: (6, 7)
Validation fitness: 0.9215686274509803 
Elapsed: 2.2245376110076904

*** Epoch 1, batch 167/463 ***
Training fitness: 0.92578125
Model size: (5, 6)
Validation fitness: 0.9194050033806626 
Elapsed: 2.182464361190796

*** Epoch 1, batch 168/463 ***
Training fitness: 0.8984375
Model size: (6, 7)
Validation fitness: 0.9215686274509803 
Elapsed: 2.2086992263793945

*** Epoch 1, batch 169/463 ***
Training fitness: 0.94140625
Model size: (6, 7)
Validation fitness: 0.9215686274509803 
Elapsed: 2.258693218231201

*** Epoch 1, batch 170/463 ***
Training fitness: 0.94921875
Model size: (6, 8)
Validation fitness: 0.920554428668019 
Elapsed: 2.047389268875122

*** Epoch 1, batch 171/463 ***
Training fitness: 0.94140625
Model size: (7, 14)
Validation fitness: 0.9119675456389452 
Elapsed: 2.089620590209961

*** Epoch 1, batch 172/463 ***
Training fitness: 0.9140625
Model size: (7, 9)
Validation fitness: 0.9259634888438134 
Elapsed: 2.238128185272217

*** Epoch 1, batch 173/463 ***
Training fitness: 0.921875
Model size: (7, 14)
Validation fitness: 0.9114942528735632 
Elapsed: 2.1221795082092285

*** Epoch 1, batch 174/463 ***
Training fitness: 0.94140625
Model size: (6, 7)
Validation fitness: 0.9215686274509803 
Elapsed: 2.1909117698669434

*** Epoch 1, batch 175/463 ***
Training fitness: 0.921875
Model size: (7, 9)
Validation fitness: 0.9259634888438134 
Elapsed: 2.3778913021087646

*** Epoch 1, batch 176/463 ***
Training fitness: 0.90234375
Model size: (8, 10)
Validation fitness: 0.9225152129817444 
Elapsed: 2.2515039443969727

*** Epoch 1, batch 177/463 ***
Training fitness: 0.90625
Model size: (7, 10)
Validation fitness: 0.9091954022988505 
Elapsed: 2.3586997985839844

*** Epoch 1, batch 178/463 ***
Training fitness: 0.9375
Model size: (7, 10)
Validation fitness: 0.9170385395537526 
Elapsed: 2.406214714050293

*** Epoch 1, batch 179/463 ***
Training fitness: 0.92578125
Model size: (6, 10)
Validation fitness: 0.9240703177822853 
Elapsed: 2.342900514602661

*** Epoch 1, batch 180/463 ***
Training fitness: 0.9453125
Model size: (10, 19)
Validation fitness: 0.9000676132521974 
Elapsed: 2.33178973197937

*** Epoch 1, batch 181/463 ***
Training fitness: 0.93359375
Model size: (11, 25)
Validation fitness: 0.9091954022988505 
Elapsed: 2.6317782402038574

*** Epoch 1, batch 182/463 ***
Training fitness: 0.94140625
Model size: (6, 11)
Validation fitness: 0.9138607167004733 
Elapsed: 2.4987952709198

*** Epoch 1, batch 183/463 ***
Training fitness: 0.92578125
Model size: (11, 26)
Validation fitness: 0.9127789046653144 
Elapsed: 2.726588010787964

*** Epoch 1, batch 184/463 ***
Training fitness: 0.90234375
Model size: (13, 22)
Validation fitness: 0.9164300202839757 
Elapsed: 2.620241165161133

*** Epoch 1, batch 185/463 ***
Training fitness: 0.9453125
Model size: (13, 22)
Validation fitness: 0.9164300202839757 
Elapsed: 2.644176721572876

*** Epoch 1, batch 186/463 ***
Training fitness: 0.91015625
Model size: (16, 23)
Validation fitness: 0.9041244083840433 
Elapsed: 2.327601909637451

*** Epoch 1, batch 187/463 ***
Training fitness: 0.9296875
Model size: (7, 14)
Validation fitness: 0.9142663962136579 
Elapsed: 2.4685006141662598

*** Epoch 1, batch 188/463 ***
Training fitness: 0.9375
Model size: (6, 12)
Validation fitness: 0.920419202163624 
Elapsed: 2.4351601600646973

*** Epoch 1, batch 189/463 ***
Training fitness: 0.921875
Model size: (16, 21)
Validation fitness: 0.9039891818796484 
Elapsed: 2.2798538208007812

*** Epoch 1, batch 190/463 ***
Training fitness: 0.9140625
Model size: (11, 24)
Validation fitness: 0.9129817444219067 
Elapsed: 2.6768877506256104

*** Epoch 1, batch 191/463 ***
Training fitness: 0.9296875
Model size: (6, 12)
Validation fitness: 0.920419202163624 
Elapsed: 2.5253851413726807

*** Epoch 1, batch 192/463 ***
Training fitness: 0.94140625
Model size: (7, 14)
Validation fitness: 0.9060175794455714 
Elapsed: 2.515756368637085

*** Epoch 1, batch 193/463 ***
Training fitness: 0.93359375
Model size: (8, 17)
Validation fitness: 0.8898580121703854 
Elapsed: 2.4425601959228516

*** Epoch 1, batch 194/463 ***
Training fitness: 0.92578125
Model size: (6, 13)
Validation fitness: 0.9115618661257606 
Elapsed: 2.429567337036133

*** Epoch 1, batch 195/463 ***
Training fitness: 0.9296875
Model size: (10, 23)
Validation fitness: 0.9038539553752536 
Elapsed: 2.584453821182251

*** Epoch 1, batch 196/463 ***
Training fitness: 0.92578125
Model size: (8, 15)
Validation fitness: 0.9025693035835024 
Elapsed: 2.3206558227539062

*** Epoch 1, batch 197/463 ***
Training fitness: 0.90234375
Model size: (9, 15)
Validation fitness: 0.9170385395537526 
Elapsed: 2.4199814796447754

*** Epoch 1, batch 198/463 ***
Training fitness: 0.9296875
Model size: (8, 14)
Validation fitness: 0.9033130493576741 
Elapsed: 2.334318161010742

*** Epoch 1, batch 199/463 ***
Training fitness: 0.9296875
Model size: (7, 12)
Validation fitness: 0.9157538877620014 
Elapsed: 2.3555688858032227

*** Epoch 1, batch 200/463 ***
Training fitness: 0.921875
Model size: (9, 15)
Validation fitness: 0.9170385395537526 
Elapsed: 2.439216136932373

*** Epoch 1, batch 201/463 ***
Training fitness: 0.9296875
Model size: (17, 24)
Validation fitness: 0.9088573360378635 
Elapsed: 2.2998344898223877

*** Epoch 1, batch 202/463 ***
Training fitness: 0.94140625
Model size: (10, 17)
Validation fitness: 0.9171737660581474 
Elapsed: 2.476898431777954

*** Epoch 1, batch 203/463 ***
Training fitness: 0.91015625
Model size: (18, 25)
Validation fitness: 0.9051386071670048 
Elapsed: 2.3158798217773438

*** Epoch 1, batch 204/463 ***
Training fitness: 0.9140625
Model size: (8, 23)
Validation fitness: 0.8961460446247465 
Elapsed: 2.5620434284210205

*** Epoch 1, batch 205/463 ***
Training fitness: 0.90625
Model size: (11, 26)
Validation fitness: 0.8972954699121027 
Elapsed: 2.507657051086426

*** Epoch 1, batch 206/463 ***
Training fitness: 0.91796875
Model size: (8, 23)
Validation fitness: 0.8961460446247465 
Elapsed: 2.56300687789917

*** Epoch 1, batch 207/463 ***
Training fitness: 0.96484375
Model size: (10, 18)
Validation fitness: 0.9189317106152806 
Elapsed: 2.48185133934021

*** Epoch 1, batch 208/463 ***
Training fitness: 0.92578125
Model size: (10, 18)
Validation fitness: 0.9189317106152806 
Elapsed: 2.5620009899139404

*** Epoch 1, batch 209/463 ***
Training fitness: 0.91796875
Model size: (12, 15)
Validation fitness: 0.9140635564570656 
Elapsed: 2.3021039962768555

*** Epoch 1, batch 210/463 ***
Training fitness: 0.9453125
Model size: (10, 18)
Validation fitness: 0.9189317106152806 
Elapsed: 2.402682304382324

*** Epoch 1, batch 211/463 ***
Training fitness: 0.91015625
Model size: (7, 14)
Validation fitness: 0.9152129817444219 
Elapsed: 2.225403308868408

*** Epoch 1, batch 212/463 ***
Training fitness: 0.9453125
Model size: (10, 18)
Validation fitness: 0.9189317106152806 
Elapsed: 2.3263020515441895

*** Epoch 1, batch 213/463 ***
Training fitness: 0.90234375
Model size: (10, 18)
Validation fitness: 0.9189317106152806 
Elapsed: 2.3674535751342773

*** Epoch 1, batch 214/463 ***
Training fitness: 0.91796875
Model size: (10, 18)
Validation fitness: 0.9189317106152806 
Elapsed: 2.263970375061035

*** Epoch 1, batch 215/463 ***
Training fitness: 0.9375
Model size: (9, 21)
Validation fitness: 0.9181203515889115 
Elapsed: 2.153801202774048

*** Epoch 1, batch 216/463 ***
Training fitness: 0.9296875
Model size: (9, 21)
Validation fitness: 0.9181203515889115 
Elapsed: 2.1611313819885254

*** Epoch 1, batch 217/463 ***
Training fitness: 0.94921875
Model size: (6, 13)
Validation fitness: 0.9160919540229885 
Elapsed: 2.3919081687927246

*** Epoch 1, batch 218/463 ***
Training fitness: 0.95703125
Model size: (6, 13)
Validation fitness: 0.9160919540229885 
Elapsed: 2.1664907932281494

*** Epoch 1, batch 219/463 ***
Training fitness: 0.92578125
Model size: (6, 13)
Validation fitness: 0.9160919540229885 
Elapsed: 2.159397840499878

*** Epoch 1, batch 220/463 ***
Training fitness: 0.91796875
Model size: (9, 22)
Validation fitness: 0.8942528735632184 
Elapsed: 2.1560702323913574

*** Epoch 1, batch 221/463 ***
Training fitness: 0.9140625
Model size: (6, 13)
Validation fitness: 0.9160919540229885 
Elapsed: 2.2962517738342285

*** Epoch 1, batch 222/463 ***
Training fitness: 0.91796875
Model size: (8, 14)
Validation fitness: 0.9167004732927654 
Elapsed: 2.212083339691162

*** Epoch 1, batch 223/463 ***
Training fitness: 0.890625
Model size: (8, 14)
Validation fitness: 0.9167004732927654 
Elapsed: 2.2433836460113525

*** Epoch 1, batch 224/463 ***
Training fitness: 0.91796875
Model size: (11, 20)
Validation fitness: 0.9004056795131846 
Elapsed: 2.3812925815582275

*** Epoch 1, batch 225/463 ***
Training fitness: 0.91796875
Model size: (7, 14)
Validation fitness: 0.9120351588911426 
Elapsed: 2.3569839000701904

*** Epoch 1, batch 226/463 ***
Training fitness: 0.91015625
Model size: (7, 14)
Validation fitness: 0.9120351588911426 
Elapsed: 2.2442750930786133

*** Epoch 1, batch 227/463 ***
Training fitness: 0.9375
Model size: (7, 14)
Validation fitness: 0.9120351588911426 
Elapsed: 2.4434127807617188

*** Epoch 1, batch 228/463 ***
Training fitness: 0.91796875
Model size: (9, 22)
Validation fitness: 0.913657876943881 
Elapsed: 2.209488868713379

*** Epoch 1, batch 229/463 ***
Training fitness: 0.9140625
Model size: (9, 23)
Validation fitness: 0.9077755240027046 
Elapsed: 2.210588216781616

*** Epoch 1, batch 230/463 ***
Training fitness: 0.87890625
Model size: (9, 22)
Validation fitness: 0.913657876943881 
Elapsed: 2.201298713684082

*** Epoch 1, batch 231/463 ***
Training fitness: 0.91015625
Model size: (9, 23)
Validation fitness: 0.9077755240027046 
Elapsed: 2.139329433441162

*** Epoch 1, batch 232/463 ***
Training fitness: 0.94140625
Model size: (8, 19)
Validation fitness: 0.9124408384043272 
Elapsed: 4.184503078460693

*** Epoch 1, batch 233/463 ***
Training fitness: 0.9296875
Model size: (10, 17)
Validation fitness: 0.8875591615956727 
Elapsed: 4.328072547912598

*** Epoch 1, batch 234/463 ***
Training fitness: 0.90234375
Model size: (22, 36)
Validation fitness: 0.9070993914807303 
Elapsed: 3.803309440612793

*** Epoch 1, batch 235/463 ***
Training fitness: 0.94140625
Model size: (22, 36)
Validation fitness: 0.9070993914807303 
Elapsed: 3.7456395626068115

*** Epoch 1, batch 236/463 ***
Training fitness: 0.9140625
Model size: (22, 36)
Validation fitness: 0.9070993914807303 
Elapsed: 4.012163162231445

*** Epoch 1, batch 237/463 ***
Training fitness: 0.8828125
Model size: (6, 10)
Validation fitness: 0.8995943204868154 
Elapsed: 3.9665679931640625

*** Epoch 1, batch 238/463 ***
Training fitness: 0.91015625
Model size: (11, 23)
Validation fitness: 0.8841108857336037 
Elapsed: 4.285935878753662

*** Epoch 1, batch 239/463 ***
Training fitness: 0.8984375
Model size: (6, 10)
Validation fitness: 0.8995943204868154 
Elapsed: 4.167269945144653

*** Epoch 1, batch 240/463 ***
Training fitness: 0.90625
Model size: (8, 21)
Validation fitness: 0.8900608519269777 
Elapsed: 4.717994928359985

*** Epoch 1, batch 241/463 ***
Training fitness: 0.89453125
Model size: (5, 9)
Validation fitness: 0.8906693711967546 
Elapsed: 4.194874048233032

*** Epoch 1, batch 242/463 ***
Training fitness: 0.93359375
Model size: (5, 12)
Validation fitness: 0.8845841784989859 
Elapsed: 4.1416919231414795

*** Epoch 1, batch 243/463 ***
Training fitness: 0.8984375
Model size: (7, 12)
Validation fitness: 0.8913455037187289 
Elapsed: 4.1836888790130615

*** Epoch 1, batch 244/463 ***
Training fitness: 0.9140625
Model size: (7, 13)
Validation fitness: 0.8933062880324544 
Elapsed: 4.3072829246521

*** Epoch 1, batch 245/463 ***
Training fitness: 0.91015625
Model size: (7, 13)
Validation fitness: 0.8949290060851927 
Elapsed: 4.285865306854248

*** Epoch 1, batch 246/463 ***
Training fitness: 0.921875
Model size: (7, 13)
Validation fitness: 0.8949290060851927 
Elapsed: 4.3298797607421875

*** Epoch 1, batch 247/463 ***
Training fitness: 0.890625
Model size: (6, 10)
Validation fitness: 0.8995943204868154 
Elapsed: 4.199475288391113

*** Epoch 1, batch 248/463 ***
Training fitness: 0.9140625
Model size: (6, 10)
Validation fitness: 0.8995943204868154 
Elapsed: 4.406850337982178

*** Epoch 1, batch 249/463 ***
Training fitness: 0.92578125
Model size: (13, 18)
Validation fitness: 0.8903313049357674 
Elapsed: 4.463303804397583

*** Epoch 1, batch 250/463 ***
Training fitness: 0.87890625
Model size: (6, 10)
Validation fitness: 0.8995943204868154 
Elapsed: 4.232007026672363

*** Epoch 1, batch 251/463 ***
Training fitness: 0.90234375
Model size: (6, 6)
Validation fitness: 0.8959432048681542 
Elapsed: 4.279131889343262

*** Epoch 1, batch 252/463 ***
Training fitness: 0.9140625
Model size: (5, 8)
Validation fitness: 0.8968897903989181 
Elapsed: 4.108114242553711

*** Epoch 1, batch 253/463 ***
Training fitness: 0.91015625
Model size: (5, 8)
Validation fitness: 0.8968897903989181 
Elapsed: 4.203028440475464

*** Epoch 1, batch 254/463 ***
Training fitness: 0.921875
Model size: (6, 10)
Validation fitness: 0.8995943204868154 
Elapsed: 4.041904449462891

*** Epoch 1, batch 255/463 ***
Training fitness: 0.89453125
Model size: (8, 16)
Validation fitness: 0.897498309668695 
Elapsed: 4.441451787948608

*** Epoch 1, batch 256/463 ***
Training fitness: 0.9140625
Model size: (6, 6)
Validation fitness: 0.8959432048681542 
Elapsed: 4.347171306610107

*** Epoch 1, batch 257/463 ***
Training fitness: 0.92578125
Model size: (9, 19)
Validation fitness: 0.8895199459093982 
Elapsed: 4.531535387039185

*** Epoch 1, batch 258/463 ***
Training fitness: 0.91015625
Model size: (5, 8)
Validation fitness: 0.8968897903989181 
Elapsed: 2.9781672954559326

*** Epoch 1, batch 259/463 ***
Training fitness: 0.875
Model size: (6, 8)
Validation fitness: 0.8962812711291414 
Elapsed: 2.1775271892547607

*** Epoch 1, batch 260/463 ***
Training fitness: 0.90625
Model size: (8, 18)
Validation fitness: 0.8950642325895876 
Elapsed: 2.4748647212982178

*** Epoch 1, batch 261/463 ***
Training fitness: 0.90625
Model size: (8, 18)
Validation fitness: 0.9080459770114943 
Elapsed: 2.3607089519500732

*** Epoch 1, batch 262/463 ***
Training fitness: 0.91015625
Model size: (8, 18)
Validation fitness: 0.9080459770114943 
Elapsed: 2.3889663219451904

*** Epoch 1, batch 263/463 ***
Training fitness: 0.90625
Model size: (6, 8)
Validation fitness: 0.9081135902636917 
Elapsed: 2.2331931591033936

*** Epoch 1, batch 264/463 ***
Training fitness: 0.9375
Model size: (8, 18)
Validation fitness: 0.9080459770114943 
Elapsed: 2.3996267318725586

*** Epoch 1, batch 265/463 ***
Training fitness: 0.8828125
Model size: (8, 18)
Validation fitness: 0.9080459770114943 
Elapsed: 2.374680280685425

*** Epoch 1, batch 266/463 ***
Training fitness: 0.87890625
Model size: (8, 18)
Validation fitness: 0.8979039891818796 
Elapsed: 2.7172107696533203

*** Epoch 1, batch 267/463 ***
Training fitness: 0.93359375
Model size: (7, 10)
Validation fitness: 0.8933739012846518 
Elapsed: 2.1859922409057617

*** Epoch 1, batch 268/463 ***
Training fitness: 0.90234375
Model size: (7, 10)
Validation fitness: 0.8906693711967546 
Elapsed: 2.0489540100097656

*** Epoch 1, batch 269/463 ***
Training fitness: 0.87109375
Model size: (8, 11)
Validation fitness: 0.8926301555104801 
Elapsed: 2.0971760749816895

*** Epoch 1, batch 270/463 ***
Training fitness: 0.91796875
Model size: (20, 26)
Validation fitness: 0.9057471264367816 
Elapsed: 2.3241488933563232

*** Epoch 1, batch 271/463 ***
Training fitness: 0.91015625
Model size: (20, 26)
Validation fitness: 0.9057471264367816 
Elapsed: 2.301488161087036

*** Epoch 1, batch 272/463 ***
Training fitness: 0.8984375
Model size: (3, 6)
Validation fitness: 0.8957403651115619 
Elapsed: 2.1650965213775635

*** Epoch 1, batch 273/463 ***
Training fitness: 0.90234375
Model size: (3, 5)
Validation fitness: 0.903448275862069 
Elapsed: 2.1530516147613525

*** Epoch 1, batch 274/463 ***
Training fitness: 0.9375
Model size: (2, 4)
Validation fitness: 0.895131845841785 
Elapsed: 2.2185564041137695

*** Epoch 1, batch 275/463 ***
Training fitness: 0.9453125
Model size: (20, 28)
Validation fitness: 0.9073022312373226 
Elapsed: 2.2620158195495605

*** Epoch 1, batch 276/463 ***
Training fitness: 0.921875
Model size: (4, 7)
Validation fitness: 0.9120351588911426 
Elapsed: 2.1943790912628174

*** Epoch 1, batch 277/463 ***
Training fitness: 0.90625
Model size: (4, 7)
Validation fitness: 0.9120351588911426 
Elapsed: 2.225985050201416

*** Epoch 1, batch 278/463 ***
Training fitness: 0.9453125
Model size: (12, 18)
Validation fitness: 0.9020960108181203 
Elapsed: 2.066514015197754

*** Epoch 1, batch 279/463 ***
Training fitness: 0.9609375
Model size: (5, 8)
Validation fitness: 0.9198106828938472 
Elapsed: 2.2204627990722656

*** Epoch 1, batch 280/463 ***
Training fitness: 0.921875
Model size: (12, 19)
Validation fitness: 0.9017579445571332 
Elapsed: 2.081667900085449

*** Epoch 1, batch 281/463 ***
Training fitness: 0.90625
Model size: (5, 8)
Validation fitness: 0.9198106828938472 
Elapsed: 2.2345364093780518

*** Epoch 1, batch 282/463 ***
Training fitness: 0.96484375
Model size: (5, 7)
Validation fitness: 0.9195402298850575 
Elapsed: 2.0731987953186035

*** Epoch 1, batch 283/463 ***
Training fitness: 0.9453125
Model size: (6, 8)
Validation fitness: 0.9026369168356998 
Elapsed: 2.0171313285827637

*** Epoch 1, batch 284/463 ***
Training fitness: 0.91015625
Model size: (10, 17)
Validation fitness: 0.9068289384719405 
Elapsed: 2.28360652923584

*** Epoch 1, batch 285/463 ***
Training fitness: 0.91796875
Model size: (10, 17)
Validation fitness: 0.9068289384719405 
Elapsed: 2.2478439807891846

*** Epoch 1, batch 286/463 ***
Training fitness: 0.9296875
Model size: (5, 8)
Validation fitness: 0.9198106828938472 
Elapsed: 2.0981106758117676

*** Epoch 1, batch 287/463 ***
Training fitness: 0.90625
Model size: (5, 8)
Validation fitness: 0.9198106828938472 
Elapsed: 2.1443958282470703

*** Epoch 1, batch 288/463 ***
Training fitness: 0.93359375
Model size: (5, 7)
Validation fitness: 0.9195402298850575 
Elapsed: 2.0458765029907227

*** Epoch 1, batch 289/463 ***
Training fitness: 0.921875
Model size: (5, 8)
Validation fitness: 0.9187964841108858 
Elapsed: 2.0410044193267822

*** Epoch 1, batch 290/463 ***
Training fitness: 0.90234375
Model size: (6, 10)
Validation fitness: 0.9188640973630832 
Elapsed: 2.254974365234375

*** Epoch 1, batch 291/463 ***
Training fitness: 0.9140625
Model size: (7, 11)
Validation fitness: 0.9154158215010142 
Elapsed: 2.071699857711792

*** Epoch 1, batch 292/463 ***
Training fitness: 0.92578125
Model size: (6, 10)
Validation fitness: 0.9188640973630832 
Elapsed: 2.1668143272399902

*** Epoch 1, batch 293/463 ***
Training fitness: 0.921875
Model size: (5, 8)
Validation fitness: 0.9187964841108858 
Elapsed: 2.153104543685913

*** Epoch 1, batch 294/463 ***
Training fitness: 0.90625
Model size: (4, 5)
Validation fitness: 0.9099391480730223 
Elapsed: 2.0261783599853516

*** Epoch 1, batch 295/463 ***
Training fitness: 0.94140625
Model size: (5, 7)
Validation fitness: 0.9189993238674781 
Elapsed: 2.0641963481903076

*** Epoch 1, batch 296/463 ***
Training fitness: 0.9296875
Model size: (6, 10)
Validation fitness: 0.9188640973630832 
Elapsed: 2.242668867111206

*** Epoch 1, batch 297/463 ***
Training fitness: 0.91796875
Model size: (5, 7)
Validation fitness: 0.9210953346855983 
Elapsed: 2.225552558898926

*** Epoch 1, batch 298/463 ***
Training fitness: 0.92578125
Model size: (7, 10)
Validation fitness: 0.9213657876943881 
Elapsed: 2.195378065109253

*** Epoch 1, batch 299/463 ***
Training fitness: 0.95703125
Model size: (5, 8)
Validation fitness: 0.9187964841108858 
Elapsed: 2.139047861099243

*** Epoch 1, batch 300/463 ***
Training fitness: 0.9140625
Model size: (6, 8)
Validation fitness: 0.9141987829614604 
Elapsed: 2.030102491378784

*** Epoch 1, batch 301/463 ***
Training fitness: 0.93359375
Model size: (5, 8)
Validation fitness: 0.9187964841108858 
Elapsed: 2.0962331295013428

*** Epoch 1, batch 302/463 ***
Training fitness: 0.90234375
Model size: (5, 6)
Validation fitness: 0.9144692359702502 
Elapsed: 2.05464768409729

*** Epoch 1, batch 303/463 ***
Training fitness: 0.92578125
Model size: (6, 10)
Validation fitness: 0.8926301555104801 
Elapsed: 1.9889750480651855

*** Epoch 1, batch 304/463 ***
Training fitness: 0.921875
Model size: (10, 17)
Validation fitness: 0.9068289384719405 
Elapsed: 2.262925863265991

*** Epoch 1, batch 305/463 ***
Training fitness: 0.90625
Model size: (7, 11)
Validation fitness: 0.9012846517917512 
Elapsed: 1.9000883102416992

*** Epoch 1, batch 306/463 ***
Training fitness: 0.91796875
Model size: (5, 6)
Validation fitness: 0.9144692359702502 
Elapsed: 1.8648972511291504

*** Epoch 1, batch 307/463 ***
Training fitness: 0.93359375
Model size: (5, 5)
Validation fitness: 0.9120351588911426 
Elapsed: 1.9010424613952637

*** Epoch 1, batch 308/463 ***
Training fitness: 0.94921875
Model size: (5, 6)
Validation fitness: 0.9169709263015551 
Elapsed: 2.0232393741607666

*** Epoch 1, batch 309/463 ***
Training fitness: 0.9375
Model size: (5, 6)
Validation fitness: 0.9144692359702502 
Elapsed: 1.910085916519165

*** Epoch 1, batch 310/463 ***
Training fitness: 0.93359375
Model size: (5, 6)
Validation fitness: 0.9169709263015551 
Elapsed: 1.934570074081421

*** Epoch 1, batch 311/463 ***
Training fitness: 0.91796875
Model size: (9, 13)
Validation fitness: 0.9240027045300879 
Elapsed: 2.1073076725006104

*** Epoch 1, batch 312/463 ***
Training fitness: 0.94921875
Model size: (4, 7)
Validation fitness: 0.9050033806626099 
Elapsed: 1.9819350242614746

*** Epoch 1, batch 313/463 ***
Training fitness: 0.9296875
Model size: (9, 13)
Validation fitness: 0.9240027045300879 
Elapsed: 2.0882015228271484

*** Epoch 1, batch 314/463 ***
Training fitness: 0.94921875
Model size: (5, 6)
Validation fitness: 0.9169709263015551 
Elapsed: 1.9767851829528809

*** Epoch 1, batch 315/463 ***
Training fitness: 0.921875
Model size: (5, 6)
Validation fitness: 0.9169709263015551 
Elapsed: 1.925541639328003

*** Epoch 1, batch 316/463 ***
Training fitness: 0.9140625
Model size: (9, 13)
Validation fitness: 0.9240027045300879 
Elapsed: 2.0281617641448975

*** Epoch 1, batch 317/463 ***
Training fitness: 0.921875
Model size: (9, 13)
Validation fitness: 0.9240027045300879 
Elapsed: 2.1172749996185303

*** Epoch 1, batch 318/463 ***
Training fitness: 0.91796875
Model size: (10, 20)
Validation fitness: 0.907843137254902 
Elapsed: 1.9322829246520996

*** Epoch 1, batch 319/463 ***
Training fitness: 0.9375
Model size: (9, 12)
Validation fitness: 0.9087221095334685 
Elapsed: 1.8218975067138672

*** Epoch 1, batch 320/463 ***
Training fitness: 0.91796875
Model size: (9, 13)
Validation fitness: 0.9240027045300879 
Elapsed: 1.9246344566345215

*** Epoch 1, batch 321/463 ***
Training fitness: 0.92578125
Model size: (9, 13)
Validation fitness: 0.9240027045300879 
Elapsed: 2.053076982498169

*** Epoch 1, batch 322/463 ***
Training fitness: 0.94140625
Model size: (9, 13)
Validation fitness: 0.9240027045300879 
Elapsed: 1.9707858562469482

*** Epoch 1, batch 323/463 ***
Training fitness: 0.953125
Model size: (9, 13)
Validation fitness: 0.9240027045300879 
Elapsed: 1.9948210716247559

*** Epoch 1, batch 324/463 ***
Training fitness: 0.91796875
Model size: (9, 13)
Validation fitness: 0.9240027045300879 
Elapsed: 2.0323479175567627

*** Epoch 1, batch 325/463 ***
Training fitness: 0.94140625
Model size: (9, 13)
Validation fitness: 0.9240027045300879 
Elapsed: 1.9377779960632324

*** Epoch 1, batch 326/463 ***
Training fitness: 0.953125
Model size: (10, 16)
Validation fitness: 0.9257606490872211 
Elapsed: 1.9488105773925781

*** Epoch 1, batch 327/463 ***
Training fitness: 0.9296875
Model size: (7, 14)
Validation fitness: 0.9276538201487492 
Elapsed: 2.08325457572937

*** Epoch 1, batch 328/463 ***
Training fitness: 0.93359375
Model size: (7, 14)
Validation fitness: 0.9276538201487492 
Elapsed: 1.9136700630187988

*** Epoch 1, batch 329/463 ***
Training fitness: 0.91796875
Model size: (7, 14)
Validation fitness: 0.9276538201487492 
Elapsed: 2.0000760555267334

*** Epoch 1, batch 330/463 ***
Training fitness: 0.93359375
Model size: (7, 13)
Validation fitness: 0.9222447599729547 
Elapsed: 1.9800333976745605

*** Epoch 1, batch 331/463 ***
Training fitness: 0.90234375
Model size: (7, 14)
Validation fitness: 0.9276538201487492 
Elapsed: 1.9506845474243164

*** Epoch 1, batch 332/463 ***
Training fitness: 0.9140625
Model size: (7, 14)
Validation fitness: 0.9276538201487492 
Elapsed: 2.043027877807617

*** Epoch 1, batch 333/463 ***
Training fitness: 0.953125
Model size: (7, 14)
Validation fitness: 0.9276538201487492 
Elapsed: 1.960862159729004

*** Epoch 1, batch 334/463 ***
Training fitness: 0.9375
Model size: (7, 14)
Validation fitness: 0.9276538201487492 
Elapsed: 1.9929912090301514

*** Epoch 1, batch 335/463 ***
Training fitness: 0.91015625
Model size: (6, 12)
Validation fitness: 0.8886409736308316 
Elapsed: 1.8836026191711426

*** Epoch 1, batch 336/463 ***
Training fitness: 0.89453125
Model size: (7, 14)
Validation fitness: 0.9276538201487492 
Elapsed: 1.9656286239624023

*** Epoch 1, batch 337/463 ***
Training fitness: 0.87890625
Model size: (7, 14)
Validation fitness: 0.9276538201487492 
Elapsed: 2.0434651374816895

*** Epoch 1, batch 338/463 ***
Training fitness: 0.9296875
Model size: (7, 14)
Validation fitness: 0.9276538201487492 
Elapsed: 2.038569211959839

*** Epoch 1, batch 339/463 ***
Training fitness: 0.91796875
Model size: (7, 14)
Validation fitness: 0.924340770791075 
Elapsed: 1.9621596336364746

*** Epoch 1, batch 340/463 ***
Training fitness: 0.94140625
Model size: (3, 5)
Validation fitness: 0.9167004732927654 
Elapsed: 1.8848912715911865

*** Epoch 1, batch 341/463 ***
Training fitness: 0.94140625
Model size: (3, 5)
Validation fitness: 0.9167004732927654 
Elapsed: 1.9452357292175293

*** Epoch 1, batch 342/463 ***
Training fitness: 0.91796875
Model size: (3, 5)
Validation fitness: 0.9167004732927654 
Elapsed: 1.8830585479736328

*** Epoch 1, batch 343/463 ***
Training fitness: 0.9296875
Model size: (3, 5)
Validation fitness: 0.9167004732927654 
Elapsed: 1.8437612056732178

*** Epoch 1, batch 344/463 ***
Training fitness: 0.9140625
Model size: (5, 11)
Validation fitness: 0.9005409060175794 
Elapsed: 1.8291442394256592

*** Epoch 1, batch 345/463 ***
Training fitness: 0.9375
Model size: (4, 7)
Validation fitness: 0.9226504394861392 
Elapsed: 1.8636665344238281

*** Epoch 1, batch 346/463 ***
Training fitness: 0.93359375
Model size: (4, 7)
Validation fitness: 0.9226504394861392 
Elapsed: 1.8643214702606201

*** Epoch 1, batch 347/463 ***
Training fitness: 0.89453125
Model size: (4, 7)
Validation fitness: 0.9226504394861392 
Elapsed: 1.8522634506225586

*** Epoch 1, batch 348/463 ***
Training fitness: 0.9140625
Model size: (4, 7)
Validation fitness: 0.9226504394861392 
Elapsed: 1.8441455364227295

*** Epoch 1, batch 349/463 ***
Training fitness: 0.91015625
Model size: (4, 7)
Validation fitness: 0.9226504394861392 
Elapsed: 1.8703866004943848

*** Epoch 1, batch 350/463 ***
Training fitness: 0.921875
Model size: (3, 5)
Validation fitness: 0.9167004732927654 
Elapsed: 1.8211708068847656

*** Epoch 1, batch 351/463 ***
Training fitness: 0.93359375
Model size: (4, 7)
Validation fitness: 0.9165652467883705 
Elapsed: 1.9128811359405518

*** Epoch 1, batch 352/463 ***
Training fitness: 0.9453125
Model size: (4, 7)
Validation fitness: 0.9165652467883705 
Elapsed: 1.8704724311828613

*** Epoch 1, batch 353/463 ***
Training fitness: 0.93359375
Model size: (7, 13)
Validation fitness: 0.8962812711291414 
Elapsed: 1.7936480045318604

*** Epoch 1, batch 354/463 ***
Training fitness: 0.9296875
Model size: (7, 14)
Validation fitness: 0.9026369168356998 
Elapsed: 1.7768304347991943

*** Epoch 1, batch 355/463 ***
Training fitness: 0.9453125
Model size: (3, 5)
Validation fitness: 0.9167004732927654 
Elapsed: 1.9628925323486328

*** Epoch 1, batch 356/463 ***
Training fitness: 0.9140625
Model size: (4, 6)
Validation fitness: 0.918052738336714 
Elapsed: 1.7713987827301025

*** Epoch 1, batch 357/463 ***
Training fitness: 0.9375
Model size: (8, 16)
Validation fitness: 0.9036511156186613 
Elapsed: 1.6813147068023682

*** Epoch 1, batch 358/463 ***
Training fitness: 0.93359375
Model size: (3, 5)
Validation fitness: 0.9170385395537526 
Elapsed: 1.6972723007202148

*** Epoch 1, batch 359/463 ***
Training fitness: 0.91796875
Model size: (4, 7)
Validation fitness: 0.9165652467883705 
Elapsed: 1.8460042476654053

*** Epoch 1, batch 360/463 ***
Training fitness: 0.9453125
Model size: (3, 5)
Validation fitness: 0.9170385395537526 
Elapsed: 1.7853481769561768

*** Epoch 1, batch 361/463 ***
Training fitness: 0.90625
Model size: (4, 6)
Validation fitness: 0.9173089925625423 
Elapsed: 1.8701677322387695

*** Epoch 1, batch 362/463 ***
Training fitness: 0.95703125
Model size: (4, 6)
Validation fitness: 0.9173089925625423 
Elapsed: 1.9537205696105957

*** Epoch 1, batch 363/463 ***
Training fitness: 0.953125
Model size: (4, 6)
Validation fitness: 0.9173089925625423 
Elapsed: 1.9047470092773438

*** Epoch 1, batch 364/463 ***
Training fitness: 0.9296875
Model size: (5, 13)
Validation fitness: 0.9073022312373226 
Elapsed: 2.0343782901763916

*** Epoch 1, batch 365/463 ***
Training fitness: 0.90625
Model size: (5, 7)
Validation fitness: 0.9186612576064909 
Elapsed: 2.0530738830566406

*** Epoch 1, batch 366/463 ***
Training fitness: 0.94140625
Model size: (5, 13)
Validation fitness: 0.9073022312373226 
Elapsed: 2.0106446743011475

*** Epoch 1, batch 367/463 ***
Training fitness: 0.93359375
Model size: (5, 7)
Validation fitness: 0.9186612576064909 
Elapsed: 1.9961340427398682

*** Epoch 1, batch 368/463 ***
Training fitness: 0.9375
Model size: (7, 17)
Validation fitness: 0.9019607843137255 
Elapsed: 1.8605997562408447

*** Epoch 1, batch 369/463 ***
Training fitness: 0.9296875
Model size: (4, 8)
Validation fitness: 0.9183231913455037 
Elapsed: 2.0264503955841064

*** Epoch 1, batch 370/463 ***
Training fitness: 0.89453125
Model size: (3, 6)
Validation fitness: 0.9192021636240704 
Elapsed: 2.0078749656677246

*** Epoch 1, batch 371/463 ***
Training fitness: 0.96484375
Model size: (5, 7)
Validation fitness: 0.9186612576064909 
Elapsed: 2.0140693187713623

*** Epoch 1, batch 372/463 ***
Training fitness: 0.953125
Model size: (3, 6)
Validation fitness: 0.9192021636240704 
Elapsed: 2.1344008445739746

*** Epoch 1, batch 373/463 ***
Training fitness: 0.94140625
Model size: (3, 6)
Validation fitness: 0.9192021636240704 
Elapsed: 1.8678996562957764

*** Epoch 1, batch 374/463 ***
Training fitness: 0.94140625
Model size: (5, 7)
Validation fitness: 0.9186612576064909 
Elapsed: 2.0750536918640137

*** Epoch 1, batch 375/463 ***
Training fitness: 0.92578125
Model size: (5, 7)
Validation fitness: 0.9186612576064909 
Elapsed: 2.041142463684082

*** Epoch 1, batch 376/463 ***
Training fitness: 0.921875
Model size: (4, 8)
Validation fitness: 0.9183231913455037 
Elapsed: 2.079421281814575

*** Epoch 1, batch 377/463 ***
Training fitness: 0.94140625
Model size: (5, 7)
Validation fitness: 0.9181879648411089 
Elapsed: 2.0841362476348877

*** Epoch 1, batch 378/463 ***
Training fitness: 0.91796875
Model size: (6, 7)
Validation fitness: 0.8945233265720081 
Elapsed: 2.0119876861572266

*** Epoch 1, batch 379/463 ***
Training fitness: 0.921875
Model size: (4, 9)
Validation fitness: 0.9177146720757269 
Elapsed: 1.9848196506500244

*** Epoch 1, batch 380/463 ***
Training fitness: 0.94140625
Model size: (4, 8)
Validation fitness: 0.9183231913455037 
Elapsed: 2.0096752643585205

*** Epoch 1, batch 381/463 ***
Training fitness: 0.9140625
Model size: (8, 8)
Validation fitness: 0.8957403651115619 
Elapsed: 2.1106019020080566

*** Epoch 1, batch 382/463 ***
Training fitness: 0.94921875
Model size: (4, 9)
Validation fitness: 0.9177146720757269 
Elapsed: 2.0104613304138184

*** Epoch 1, batch 383/463 ***
Training fitness: 0.8984375
Model size: (5, 8)
Validation fitness: 0.9089249492900608 
Elapsed: 1.9928009510040283

*** Epoch 1, batch 384/463 ***
Training fitness: 0.9296875
Model size: (7, 10)
Validation fitness: 0.9057471264367816 
Elapsed: 1.8445556163787842

*** Epoch 1, batch 385/463 ***
Training fitness: 0.92578125
Model size: (4, 9)
Validation fitness: 0.9177146720757269 
Elapsed: 2.014510154724121

*** Epoch 1, batch 386/463 ***
Training fitness: 0.9375
Model size: (5, 11)
Validation fitness: 0.9142663962136579 
Elapsed: 1.9380450248718262

*** Epoch 1, batch 387/463 ***
Training fitness: 0.921875
Model size: (10, 17)
Validation fitness: 0.9176470588235294 
Elapsed: 1.9679443836212158

*** Epoch 1, batch 388/463 ***
Training fitness: 0.91796875
Model size: (7, 10)
Validation fitness: 0.9117647058823529 
Elapsed: 1.9106862545013428

*** Epoch 1, batch 389/463 ***
Training fitness: 0.921875
Model size: (11, 19)
Validation fitness: 0.9196078431372549 
Elapsed: 1.8203020095825195

*** Epoch 1, batch 390/463 ***
Training fitness: 0.9296875
Model size: (5, 11)
Validation fitness: 0.9142663962136579 
Elapsed: 2.0521395206451416

*** Epoch 1, batch 391/463 ***
Training fitness: 0.9453125
Model size: (6, 12)
Validation fitness: 0.9177146720757269 
Elapsed: 1.909001111984253

*** Epoch 1, batch 392/463 ***
Training fitness: 0.94921875
Model size: (7, 8)
Validation fitness: 0.8954022988505748 
Elapsed: 1.900176763534546

*** Epoch 1, batch 393/463 ***
Training fitness: 0.90625
Model size: (5, 7)
Validation fitness: 0.9170385395537526 
Elapsed: 1.9313302040100098

*** Epoch 1, batch 394/463 ***
Training fitness: 0.890625
Model size: (8, 9)
Validation fitness: 0.8957403651115619 
Elapsed: 1.8951530456542969

*** Epoch 1, batch 395/463 ***
Training fitness: 0.9140625
Model size: (8, 9)
Validation fitness: 0.8949966193373902 
Elapsed: 1.986264944076538

*** Epoch 1, batch 396/463 ***
Training fitness: 0.9140625
Model size: (9, 15)
Validation fitness: 0.9067613252197431 
Elapsed: 1.762333869934082

*** Epoch 1, batch 397/463 ***
Training fitness: 0.91015625
Model size: (9, 14)
Validation fitness: 0.8906017579445571 
Elapsed: 1.951887845993042

*** Epoch 1, batch 398/463 ***
Training fitness: 0.91796875
Model size: (8, 8)
Validation fitness: 0.8930358350236647 
Elapsed: 1.874781847000122

*** Epoch 1, batch 399/463 ***
Training fitness: 0.89453125
Model size: (10, 19)
Validation fitness: 0.9106152805949966 
Elapsed: 1.9850561618804932

*** Epoch 1, batch 400/463 ***
Training fitness: 0.88671875
Model size: (10, 19)
Validation fitness: 0.9106152805949966 
Elapsed: 1.9763832092285156

*** Epoch 1, batch 401/463 ***
Training fitness: 0.94140625
Model size: (11, 21)
Validation fitness: 0.9070993914807303 
Elapsed: 2.0636885166168213

*** Epoch 1, batch 402/463 ***
Training fitness: 0.8515625
Model size: (6, 11)
Validation fitness: 0.8906017579445571 
Elapsed: 1.835937738418579

*** Epoch 1, batch 403/463 ***
Training fitness: 0.88671875
Model size: (6, 10)
Validation fitness: 0.8934415145368492 
Elapsed: 1.9161815643310547

*** Epoch 1, batch 404/463 ***
Training fitness: 0.9375
Model size: (11, 21)
Validation fitness: 0.9070993914807303 
Elapsed: 2.052647829055786

*** Epoch 1, batch 405/463 ***
Training fitness: 0.9140625
Model size: (10, 16)
Validation fitness: 0.9154158215010142 
Elapsed: 1.9133493900299072

*** Epoch 1, batch 406/463 ***
Training fitness: 0.90625
Model size: (10, 17)
Validation fitness: 0.9076402974983097 
Elapsed: 1.9819786548614502

*** Epoch 1, batch 407/463 ***
Training fitness: 0.91796875
Model size: (11, 19)
Validation fitness: 0.9123732251521298 
Elapsed: 2.135504961013794

*** Epoch 1, batch 408/463 ***
Training fitness: 0.953125
Model size: (11, 19)
Validation fitness: 0.9123732251521298 
Elapsed: 2.0840444564819336

*** Epoch 1, batch 409/463 ***
Training fitness: 0.9296875
Model size: (11, 19)
Validation fitness: 0.9123732251521298 
Elapsed: 1.9484128952026367

*** Epoch 1, batch 410/463 ***
Training fitness: 0.953125
Model size: (11, 19)
Validation fitness: 0.9137931034482759 
Elapsed: 1.9726066589355469

*** Epoch 1, batch 411/463 ***
Training fitness: 0.921875
Model size: (8, 11)
Validation fitness: 0.906896551724138 
Elapsed: 2.0032241344451904

*** Epoch 1, batch 412/463 ***
Training fitness: 0.92578125
Model size: (11, 18)
Validation fitness: 0.9075050709939148 
Elapsed: 2.0006206035614014

*** Epoch 1, batch 413/463 ***
Training fitness: 0.91015625
Model size: (9, 14)
Validation fitness: 0.8938471940500338 
Elapsed: 1.9570682048797607

*** Epoch 1, batch 414/463 ***
Training fitness: 0.92578125
Model size: (10, 16)
Validation fitness: 0.9123732251521298 
Elapsed: 2.063803195953369

*** Epoch 1, batch 415/463 ***
Training fitness: 0.93359375
Model size: (8, 15)
Validation fitness: 0.9109533468559837 
Elapsed: 2.1765427589416504

*** Epoch 1, batch 416/463 ***
Training fitness: 0.88671875
Model size: (8, 15)
Validation fitness: 0.9109533468559837 
Elapsed: 2.1536452770233154

*** Epoch 1, batch 417/463 ***
Training fitness: 0.92578125
Model size: (9, 15)
Validation fitness: 0.9181879648411089 
Elapsed: 2.0290586948394775

*** Epoch 1, batch 418/463 ***
Training fitness: 0.92578125
Model size: (9, 15)
Validation fitness: 0.9181879648411089 
Elapsed: 2.0483052730560303

*** Epoch 1, batch 419/463 ***
Training fitness: 0.9453125
Model size: (9, 15)
Validation fitness: 0.9181879648411089 
Elapsed: 2.0466017723083496

*** Epoch 1, batch 420/463 ***
Training fitness: 0.91796875
Model size: (9, 13)
Validation fitness: 0.9077755240027046 
Elapsed: 2.1952579021453857

*** Epoch 1, batch 421/463 ***
Training fitness: 0.9375
Model size: (9, 16)
Validation fitness: 0.9123732251521298 
Elapsed: 2.2067623138427734

*** Epoch 1, batch 422/463 ***
Training fitness: 0.90625
Model size: (10, 19)
Validation fitness: 0.9149425287356322 
Elapsed: 2.1689038276672363

*** Epoch 1, batch 423/463 ***
Training fitness: 0.93359375
Model size: (10, 16)
Validation fitness: 0.9100067613252197 
Elapsed: 2.2138893604278564

*** Epoch 1, batch 424/463 ***
Training fitness: 0.91015625
Model size: (10, 17)
Validation fitness: 0.9075050709939148 
Elapsed: 2.158179759979248

*** Epoch 1, batch 425/463 ***
Training fitness: 0.90625
Model size: (10, 16)
Validation fitness: 0.9089249492900608 
Elapsed: 2.1868417263031006

*** Epoch 1, batch 426/463 ***
Training fitness: 0.91015625
Model size: (9, 18)
Validation fitness: 0.9081135902636917 
Elapsed: 2.1211371421813965

*** Epoch 1, batch 427/463 ***
Training fitness: 0.9375
Model size: (9, 18)
Validation fitness: 0.9110885733603786 
Elapsed: 2.1642417907714844

*** Epoch 1, batch 428/463 ***
Training fitness: 0.9296875
Model size: (9, 18)
Validation fitness: 0.9110885733603786 
Elapsed: 2.1235482692718506

*** Epoch 1, batch 429/463 ***
Training fitness: 0.9140625
Model size: (11, 20)
Validation fitness: 0.9135226504394861 
Elapsed: 2.1483314037323

*** Epoch 1, batch 430/463 ***
Training fitness: 0.91015625
Model size: (11, 20)
Validation fitness: 0.9135226504394861 
Elapsed: 2.18435001373291

*** Epoch 1, batch 431/463 ***
Training fitness: 0.94140625
Model size: (12, 20)
Validation fitness: 0.9151453684922245 
Elapsed: 2.156590700149536

*** Epoch 1, batch 432/463 ***
Training fitness: 0.91796875
Model size: (13, 22)
Validation fitness: 0.8973630831643002 
Elapsed: 2.299062967300415

*** Epoch 1, batch 433/463 ***
Training fitness: 0.92578125
Model size: (12, 21)
Validation fitness: 0.9154834347532116 
Elapsed: 2.259817361831665

*** Epoch 1, batch 434/463 ***
Training fitness: 0.90625
Model size: (12, 21)
Validation fitness: 0.9154834347532116 
Elapsed: 2.205742120742798

*** Epoch 1, batch 435/463 ***
Training fitness: 0.890625
Model size: (12, 21)
Validation fitness: 0.9154834347532116 
Elapsed: 2.304392099380493

*** Epoch 1, batch 436/463 ***
Training fitness: 0.88671875
Model size: (12, 21)
Validation fitness: 0.9154834347532116 
Elapsed: 2.2846412658691406

*** Epoch 1, batch 437/463 ***
Training fitness: 0.9296875
Model size: (13, 24)
Validation fitness: 0.9139283299526707 
Elapsed: 2.380312442779541

*** Epoch 1, batch 438/463 ***
Training fitness: 0.91796875
Model size: (4, 11)
Validation fitness: 0.9045977011494253 
Elapsed: 2.009387969970703

*** Epoch 1, batch 439/463 ***
Training fitness: 0.9140625
Model size: (5, 12)
Validation fitness: 0.9115618661257606 
Elapsed: 2.025120973587036

*** Epoch 1, batch 440/463 ***
Training fitness: 0.9296875
Model size: (5, 8)
Validation fitness: 0.9082488167680866 
Elapsed: 1.9908790588378906

*** Epoch 1, batch 441/463 ***
Training fitness: 0.9296875
Model size: (5, 8)
Validation fitness: 0.9082488167680866 
Elapsed: 1.949915885925293

*** Epoch 1, batch 442/463 ***
Training fitness: 0.91796875
Model size: (5, 12)
Validation fitness: 0.9115618661257606 
Elapsed: 2.1190311908721924

*** Epoch 1, batch 443/463 ***
Training fitness: 0.91796875
Model size: (8, 14)
Validation fitness: 0.8994590939824205 
Elapsed: 2.019902467727661

*** Epoch 1, batch 444/463 ***
Training fitness: 0.8984375
Model size: (5, 12)
Validation fitness: 0.907707910750507 
Elapsed: 2.0587167739868164

*** Epoch 1, batch 445/463 ***
Training fitness: 0.90625
Model size: (8, 15)
Validation fitness: 0.9103448275862069 
Elapsed: 1.9327566623687744

*** Epoch 1, batch 446/463 ***
Training fitness: 0.921875
Model size: (8, 13)
Validation fitness: 0.909263015551048 
Elapsed: 2.069457769393921

*** Epoch 1, batch 447/463 ***
Training fitness: 0.9375
Model size: (8, 15)
Validation fitness: 0.9103448275862069 
Elapsed: 2.0161216259002686

*** Epoch 1, batch 448/463 ***
Training fitness: 0.921875
Model size: (8, 15)
Validation fitness: 0.9103448275862069 
Elapsed: 1.9515228271484375

*** Epoch 1, batch 449/463 ***
Training fitness: 0.92578125
Model size: (5, 9)
Validation fitness: 0.8981068289384719 
Elapsed: 1.8730041980743408

*** Epoch 1, batch 450/463 ***
Training fitness: 0.92578125
Model size: (8, 15)
Validation fitness: 0.8986477349560514 
Elapsed: 1.9965572357177734

*** Epoch 1, batch 451/463 ***
Training fitness: 0.93359375
Model size: (8, 15)
Validation fitness: 0.9103448275862069 
Elapsed: 2.0328867435455322

*** Epoch 1, batch 452/463 ***
Training fitness: 0.953125
Model size: (6, 14)
Validation fitness: 0.9102772143340094 
Elapsed: 2.063727378845215

*** Epoch 1, batch 453/463 ***
Training fitness: 0.91015625
Model size: (7, 12)
Validation fitness: 0.9163624070317782 
Elapsed: 2.0777695178985596

*** Epoch 1, batch 454/463 ***
Training fitness: 0.93359375
Model size: (2, 8)
Validation fitness: 0.903921568627451 
Elapsed: 2.0858118534088135

*** Epoch 1, batch 455/463 ***
Training fitness: 0.90625
Model size: (8, 15)
Validation fitness: 0.9173766058147397 
Elapsed: 2.1313679218292236

*** Epoch 1, batch 456/463 ***
Training fitness: 0.9375
Model size: (9, 18)
Validation fitness: 0.9147396889790399 
Elapsed: 2.173552989959717

*** Epoch 1, batch 457/463 ***
Training fitness: 0.90625
Model size: (8, 14)
Validation fitness: 0.905341446923597 
Elapsed: 2.2311811447143555

*** Epoch 1, batch 458/463 ***
Training fitness: 0.9296875
Model size: (5, 12)
Validation fitness: 0.9139959432048681 
Elapsed: 2.126831531524658

*** Epoch 1, batch 459/463 ***
Training fitness: 0.91015625
Model size: (7, 13)
Validation fitness: 0.9058147396889791 
Elapsed: 2.073005199432373

*** Epoch 1, batch 460/463 ***
Training fitness: 0.94921875
Model size: (5, 9)
Validation fitness: 0.910209601081812 
Elapsed: 2.157412528991699

*** Epoch 1, batch 461/463 ***
Training fitness: 0.91796875
Model size: (8, 16)
Validation fitness: 0.9160243407707911 
Elapsed: 2.218930721282959

*** Epoch 1, batch 462/463 ***
Training fitness: 0.94140625
Model size: (8, 16)
Validation fitness: 0.9133874239350913 
Elapsed: 2.359807252883911

*** Epoch 1, batch 463/463 ***
Training fitness: 0.9444444444444444
Model size: (9, 17)
Validation fitness: 0.8990534144692359 
Elapsed: 1.1534996032714844

Total train time: 1078.3530719280243
Test time: 0.3237278461456299
Test fitness: 0.935974579135961
Test statistics: Stats(total=14791, total_true=7078, total_false=7713, true_positive=6287, true_negative=7557, false_positive=156, false_negative=791, tpr=0.8882452670245832, tnr=0.9797744068455854, ppv=0.9757876765481919, npv=0.9052467656923814, accuracy=0.935974579135961, f1=0.9299608017158494, mcc=0.8745028468919059)
