Configuration:
Dataset: unsw2015
Selector: pearsons
Total train time: 0.1766347885131836
Test time: 0.8360595703125
Test statistics: Stats(total=205941, total_true=10024, total_false=195917, true_positive=10024, true_negative=191782, false_positive=4135, false_negative=0, tpr=1.0, tnr=0.9788941235319039, ppv=0.7079596016667844, npv=1.0, accuracy=0.9799214338087122, f1=0.8290121159492205, mcc=0.8324767226593202)
Configuration:
Dataset: unsw2015
Selector: pearsons
Total train time: 0.17691612243652344
Test time: 0.792489767074585
Test statistics: Stats(total=205941, total_true=10024, total_false=195917, true_positive=10024, true_negative=192066, false_positive=3851, false_negative=0, tpr=1.0, tnr=0.9803437169821915, ppv=0.7224504504504504, npv=1.0, accuracy=0.981300469551959, f1=0.8388635507761831, mcc=0.8415757600656362)
Configuration:
Dataset: unsw2015
Selector: pearsons
Total train time: 0.1765601634979248
Test time: 0.8053784370422363
Test statistics: Stats(total=205941, total_true=10024, total_false=195917, true_positive=10005, true_negative=192055, false_positive=3862, false_negative=19, tpr=0.9981045490822027, tnr=0.9802875707570042, ppv=0.7214970793971299, npv=0.9999010797921635, accuracy=0.9811547967621794, f1=0.8375538905864133, mcc=0.8401251539010807)
Configuration:
Dataset: unsw2015
Selector: pearsons
Total train time: 0.17686724662780762
Test time: 0.8020322322845459
Test statistics: Stats(total=205941, total_true=10024, total_false=195917, true_positive=6569, true_negative=193059, false_positive=2858, false_negative=3455, tpr=0.6553272146847566, tnr=0.9854121898559084, ppv=0.6968282592553304, npv=0.9824185554209878, accuracy=0.9693455892707135, f1=0.6754408513701095, mcc=0.659712209658005)
