Configuration:
Dataset: nsl_kdd
Selector: pca
Fold: 8
Fitness: mcc
Batch size: 512
Epochs: 1
Config args: {}
*** Epoch 1, batch 1/260 ***
Training fitness: 0.7746788823037367
Model size: (1, 12)
Validation fitness: 0.7562654052396738 !!!
Elapsed: 4.7381370067596436

*** Epoch 1, batch 2/260 ***
Training fitness: 0.7736179603166492
Model size: (2, 13)
Validation fitness: 0.7885333820171542 !!!
Elapsed: 3.6021597385406494

*** Epoch 1, batch 3/260 ***
Training fitness: 0.8139308181913766
Model size: (2, 13)
Validation fitness: 0.8021770343891346 !!!
Elapsed: 3.6746785640716553

*** Epoch 1, batch 4/260 ***
Training fitness: 0.8567777257164304
Model size: (1, 11)
Validation fitness: 0.8176082606868332 !!!
Elapsed: 3.6626710891723633

*** Epoch 1, batch 5/260 ***
Training fitness: 0.824277130541706
Model size: (1, 11)
Validation fitness: 0.8176082606868332 
Elapsed: 3.846820831298828

*** Epoch 1, batch 6/260 ***
Training fitness: 0.8250604940120096
Model size: (1, 10)
Validation fitness: 0.8367372422295078 !!!
Elapsed: 3.710167407989502

*** Epoch 1, batch 7/260 ***
Training fitness: 0.8195288188148807
Model size: (1, 7)
Validation fitness: 0.8186937621795083 
Elapsed: 3.8025946617126465

*** Epoch 1, batch 8/260 ***
Training fitness: 0.8212257377923381
Model size: (3, 12)
Validation fitness: 0.8211682840896236 
Elapsed: 3.962350368499756

*** Epoch 1, batch 9/260 ***
Training fitness: 0.8283100048388057
Model size: (1, 9)
Validation fitness: 0.8088959480714325 
Elapsed: 3.8152916431427

*** Epoch 1, batch 10/260 ***
Training fitness: 0.8358974358974359
Model size: (1, 9)
Validation fitness: 0.8214256327078807 
Elapsed: 3.648526668548584

*** Epoch 1, batch 11/260 ***
Training fitness: 0.8808254706234995
Model size: (1, 6)
Validation fitness: 0.8497022595104351 !!!
Elapsed: 3.7410786151885986

*** Epoch 1, batch 12/260 ***
Training fitness: 0.8494905345755989
Model size: (1, 6)
Validation fitness: 0.8497022595104351 
Elapsed: 3.5522267818450928

*** Epoch 1, batch 13/260 ***
Training fitness: 0.8721309373908863
Model size: (1, 6)
Validation fitness: 0.8497022595104351 
Elapsed: 3.649367094039917

*** Epoch 1, batch 14/260 ***
Training fitness: 0.8451084545001132
Model size: (1, 6)
Validation fitness: 0.8497022595104351 
Elapsed: 3.5340006351470947

*** Epoch 1, batch 15/260 ***
Training fitness: 0.859530877848214
Model size: (2, 8)
Validation fitness: 0.8231583484160486 
Elapsed: 5.8822340965271

*** Epoch 1, batch 16/260 ***
Training fitness: 0.8810344652405026
Model size: (1, 6)
Validation fitness: 0.8497022595104351 
Elapsed: 3.708413600921631

*** Epoch 1, batch 17/260 ***
Training fitness: 0.8370197493906827
Model size: (1, 6)
Validation fitness: 0.8497022595104351 
Elapsed: 3.6858878135681152

*** Epoch 1, batch 18/260 ***
Training fitness: 0.8322890249635059
Model size: (1, 6)
Validation fitness: 0.8497022595104351 
Elapsed: 3.589656114578247

*** Epoch 1, batch 19/260 ***
Training fitness: 0.8168655255072177
Model size: (1, 4)
Validation fitness: 0.7978114479231099 
Elapsed: 3.711179494857788

*** Epoch 1, batch 20/260 ***
Training fitness: 0.9006283897410716
Model size: (2, 8)
Validation fitness: 0.8575010299620222 !!!
Elapsed: 3.61057448387146

*** Epoch 1, batch 21/260 ***
Training fitness: 0.8612697079528342
Model size: (2, 8)
Validation fitness: 0.8575010299620222 
Elapsed: 3.67099928855896

*** Epoch 1, batch 22/260 ***
Training fitness: 0.8690048083972649
Model size: (1, 5)
Validation fitness: 0.8422443471139301 
Elapsed: 3.5712759494781494

*** Epoch 1, batch 23/260 ***
Training fitness: 0.8832067996687013
Model size: (1, 5)
Validation fitness: 0.8452380607199773 
Elapsed: 3.614833116531372

*** Epoch 1, batch 24/260 ***
Training fitness: 0.8418001506139864
Model size: (2, 8)
Validation fitness: 0.8575010299620222 
Elapsed: 3.6115000247955322

*** Epoch 1, batch 25/260 ***
Training fitness: 0.8543906866114263
Model size: (3, 9)
Validation fitness: 0.8577657617309509 !!!
Elapsed: 3.8996918201446533

*** Epoch 1, batch 26/260 ***
Training fitness: 0.813660016724101
Model size: (3, 9)
Validation fitness: 0.839079702865438 
Elapsed: 3.8107104301452637

*** Epoch 1, batch 27/260 ***
Training fitness: 0.8789129555992768
Model size: (4, 12)
Validation fitness: 0.84051779647412 
Elapsed: 3.8503732681274414

*** Epoch 1, batch 28/260 ***
Training fitness: 0.837086905801744
Model size: (1, 5)
Validation fitness: 0.8452380607199773 
Elapsed: 3.740813970565796

*** Epoch 1, batch 29/260 ***
Training fitness: 0.8704818966401381
Model size: (4, 11)
Validation fitness: 0.8368783054370708 
Elapsed: 3.9208571910858154

*** Epoch 1, batch 30/260 ***
Training fitness: 0.8697602102633148
Model size: (3, 9)
Validation fitness: 0.8575910075981946 
Elapsed: 3.9901480674743652

*** Epoch 1, batch 31/260 ***
Training fitness: 0.8315230747011451
Model size: (1, 4)
Validation fitness: 0.8555086060112734 
Elapsed: 3.774735927581787

*** Epoch 1, batch 32/260 ***
Training fitness: 0.8628834908110238
Model size: (5, 15)
Validation fitness: 0.8549983321106445 
Elapsed: 4.0420002937316895

*** Epoch 1, batch 33/260 ***
Training fitness: 0.8877384018947674
Model size: (5, 15)
Validation fitness: 0.8549983321106445 
Elapsed: 4.110073089599609

*** Epoch 1, batch 34/260 ***
Training fitness: 0.8792755564703579
Model size: (1, 4)
Validation fitness: 0.8555086060112734 
Elapsed: 3.986328601837158

*** Epoch 1, batch 35/260 ***
Training fitness: 0.8465584171413254
Model size: (6, 14)
Validation fitness: 0.8469640352332269 
Elapsed: 4.26170802116394

*** Epoch 1, batch 36/260 ***
Training fitness: 0.8869519732404036
Model size: (4, 11)
Validation fitness: 0.8627313887489648 !!!
Elapsed: 4.209659814834595

*** Epoch 1, batch 37/260 ***
Training fitness: 0.8653090130187833
Model size: (4, 11)
Validation fitness: 0.8627313887489648 
Elapsed: 4.288811206817627

*** Epoch 1, batch 38/260 ***
Training fitness: 0.8678133502879003
Model size: (5, 15)
Validation fitness: 0.8549983321106445 
Elapsed: 4.085596561431885

*** Epoch 1, batch 39/260 ***
Training fitness: 0.8394481415118082
Model size: (5, 15)
Validation fitness: 0.8549983321106445 
Elapsed: 4.166083335876465

*** Epoch 1, batch 40/260 ***
Training fitness: 0.876035865925139
Model size: (6, 15)
Validation fitness: 0.8421487515143388 
Elapsed: 4.130858421325684

*** Epoch 1, batch 41/260 ***
Training fitness: 0.8637533422988509
Model size: (5, 15)
Validation fitness: 0.8549983321106445 
Elapsed: 4.239364862442017

*** Epoch 1, batch 42/260 ***
Training fitness: 0.8712367108439371
Model size: (2, 10)
Validation fitness: 0.8244998733410634 
Elapsed: 4.29201078414917

*** Epoch 1, batch 43/260 ***
Training fitness: 0.8753087766988039
Model size: (7, 15)
Validation fitness: 0.8525632850329893 
Elapsed: 4.342826843261719

*** Epoch 1, batch 44/260 ***
Training fitness: 0.8532651049726981
Model size: (4, 11)
Validation fitness: 0.8588444318691559 
Elapsed: 4.362136125564575

*** Epoch 1, batch 45/260 ***
Training fitness: 0.8588614976523973
Model size: (4, 11)
Validation fitness: 0.8588444318691559 
Elapsed: 4.23748779296875

*** Epoch 1, batch 46/260 ***
Training fitness: 0.8619050039417929
Model size: (3, 10)
Validation fitness: 0.8397370157049713 
Elapsed: 4.456732988357544

*** Epoch 1, batch 47/260 ***
Training fitness: 0.8797810828861868
Model size: (5, 15)
Validation fitness: 0.8549983321106445 
Elapsed: 4.4183855056762695

*** Epoch 1, batch 48/260 ***
Training fitness: 0.8699455608130333
Model size: (4, 8)
Validation fitness: 0.8527846930918246 
Elapsed: 4.194133758544922

*** Epoch 1, batch 49/260 ***
Training fitness: 0.859470359504039
Model size: (6, 11)
Validation fitness: 0.8552957513323635 
Elapsed: 4.15638542175293

*** Epoch 1, batch 50/260 ***
Training fitness: 0.8122133308536809
Model size: (5, 11)
Validation fitness: 0.8520115359556754 
Elapsed: 4.2290732860565186

*** Epoch 1, batch 51/260 ***
Training fitness: 0.8554924862891243
Model size: (4, 11)
Validation fitness: 0.8588444318691559 
Elapsed: 4.18192720413208

*** Epoch 1, batch 52/260 ***
Training fitness: 0.8559926383608693
Model size: (5, 11)
Validation fitness: 0.8520115359556754 
Elapsed: 4.256601333618164

*** Epoch 1, batch 53/260 ***
Training fitness: 0.8850994159574669
Model size: (4, 11)
Validation fitness: 0.8588444318691559 
Elapsed: 4.6083080768585205

*** Epoch 1, batch 54/260 ***
Training fitness: 0.903432216282656
Model size: (4, 11)
Validation fitness: 0.8588444318691559 
Elapsed: 4.564570426940918

*** Epoch 1, batch 55/260 ***
Training fitness: 0.8571901390491886
Model size: (4, 11)
Validation fitness: 0.8588444318691559 
Elapsed: 4.396420001983643

*** Epoch 1, batch 56/260 ***
Training fitness: 0.8319485362376359
Model size: (8, 21)
Validation fitness: 0.8461823482604398 
Elapsed: 4.335388660430908

*** Epoch 1, batch 57/260 ***
Training fitness: 0.8790625974129516
Model size: (6, 11)
Validation fitness: 0.8311547550615961 
Elapsed: 4.421407461166382

*** Epoch 1, batch 58/260 ***
Training fitness: 0.8593345303097126
Model size: (4, 8)
Validation fitness: 0.8456486433306064 
Elapsed: 4.205538034439087

*** Epoch 1, batch 59/260 ***
Training fitness: 0.8735289298992734
Model size: (7, 13)
Validation fitness: 0.8475121705239638 
Elapsed: 4.300695180892944

*** Epoch 1, batch 60/260 ***
Training fitness: 0.8861179807632921
Model size: (5, 12)
Validation fitness: 0.8349614975810211 
Elapsed: 4.476878643035889

*** Epoch 1, batch 61/260 ***
Training fitness: 0.8726277585398741
Model size: (5, 10)
Validation fitness: 0.8554069109448253 
Elapsed: 4.403228044509888

*** Epoch 1, batch 62/260 ***
Training fitness: 0.8413004555815403
Model size: (3, 11)
Validation fitness: 0.8467008909197216 
Elapsed: 4.210874557495117

*** Epoch 1, batch 63/260 ***
Training fitness: 0.8510981993689115
Model size: (5, 10)
Validation fitness: 0.8554069109448253 
Elapsed: 4.2468836307525635

*** Epoch 1, batch 64/260 ***
Training fitness: 0.8391080023629671
Model size: (5, 9)
Validation fitness: 0.8464071020685316 
Elapsed: 4.033440828323364

*** Epoch 1, batch 65/260 ***
Training fitness: 0.8761586978396714
Model size: (6, 12)
Validation fitness: 0.861344616996033 
Elapsed: 4.055361986160278

*** Epoch 1, batch 66/260 ***
Training fitness: 0.8525989969421789
Model size: (6, 12)
Validation fitness: 0.861344616996033 
Elapsed: 4.190531253814697

*** Epoch 1, batch 67/260 ***
Training fitness: 0.8295586510021506
Model size: (3, 11)
Validation fitness: 0.8467008909197216 
Elapsed: 4.044016361236572

*** Epoch 1, batch 68/260 ***
Training fitness: 0.8524104689848534
Model size: (4, 12)
Validation fitness: 0.8469878403005134 
Elapsed: 4.038869142532349

*** Epoch 1, batch 69/260 ***
Training fitness: 0.9217236490471606
Model size: (4, 12)
Validation fitness: 0.8469878403005134 
Elapsed: 4.066608190536499

*** Epoch 1, batch 70/260 ***
Training fitness: 0.8891379237551491
Model size: (6, 12)
Validation fitness: 0.861344616996033 
Elapsed: 4.01934552192688

*** Epoch 1, batch 71/260 ***
Training fitness: 0.888686540746783
Model size: (6, 12)
Validation fitness: 0.861344616996033 
Elapsed: 4.029376745223999

*** Epoch 1, batch 72/260 ***
Training fitness: 0.857311387203525
Model size: (6, 12)
Validation fitness: 0.8294712348548235 
Elapsed: 4.108523368835449

*** Epoch 1, batch 73/260 ***
Training fitness: 0.8272401628967486
Model size: (5, 8)
Validation fitness: 0.867797354972443 !!!
Elapsed: 3.9438581466674805

*** Epoch 1, batch 74/260 ***
Training fitness: 0.8858052277591261
Model size: (5, 8)
Validation fitness: 0.867797354972443 
Elapsed: 3.959352493286133

*** Epoch 1, batch 75/260 ***
Training fitness: 0.9045320827036546
Model size: (5, 8)
Validation fitness: 0.867797354972443 
Elapsed: 3.90476393699646

*** Epoch 1, batch 76/260 ***
Training fitness: 0.8830571152789046
Model size: (6, 10)
Validation fitness: 0.8646682300891707 
Elapsed: 3.991887092590332

*** Epoch 1, batch 77/260 ***
Training fitness: 0.9063414864102932
Model size: (6, 10)
Validation fitness: 0.8646682300891707 
Elapsed: 4.023332118988037

*** Epoch 1, batch 78/260 ***
Training fitness: 0.8775041043340257
Model size: (5, 8)
Validation fitness: 0.8768340657054283 !!!
Elapsed: 3.966032028198242

*** Epoch 1, batch 79/260 ***
Training fitness: 0.8829415539512536
Model size: (5, 8)
Validation fitness: 0.8768340657054283 
Elapsed: 4.3181235790252686

*** Epoch 1, batch 80/260 ***
Training fitness: 0.856812409507285
Model size: (5, 8)
Validation fitness: 0.8768340657054283 
Elapsed: 3.9766178131103516

*** Epoch 1, batch 81/260 ***
Training fitness: 0.8613259200427477
Model size: (10, 17)
Validation fitness: 0.8569717540728992 
Elapsed: 3.9797511100769043

*** Epoch 1, batch 82/260 ***
Training fitness: 0.8841888707679414
Model size: (4, 8)
Validation fitness: 0.874760253846914 
Elapsed: 4.073604345321655

*** Epoch 1, batch 83/260 ***
Training fitness: 0.8684682282215045
Model size: (5, 8)
Validation fitness: 0.8768340657054283 
Elapsed: 3.929044246673584

*** Epoch 1, batch 84/260 ***
Training fitness: 0.8621825304520898
Model size: (4, 8)
Validation fitness: 0.8684986906248041 
Elapsed: 3.9616470336914062

*** Epoch 1, batch 85/260 ***
Training fitness: 0.868816381298717
Model size: (11, 22)
Validation fitness: 0.866557379554463 
Elapsed: 3.869558811187744

*** Epoch 1, batch 86/260 ***
Training fitness: 0.8663086664657469
Model size: (5, 8)
Validation fitness: 0.8768340657054283 
Elapsed: 3.7713472843170166

*** Epoch 1, batch 87/260 ***
Training fitness: 0.8867337865651206
Model size: (12, 24)
Validation fitness: 0.8715969148129813 
Elapsed: 4.1287477016448975

*** Epoch 1, batch 88/260 ***
Training fitness: 0.878334707080774
Model size: (4, 8)
Validation fitness: 0.8684986906248041 
Elapsed: 3.981984853744507

*** Epoch 1, batch 89/260 ***
Training fitness: 0.860905017317233
Model size: (12, 24)
Validation fitness: 0.8715969148129813 
Elapsed: 4.282190561294556

*** Epoch 1, batch 90/260 ***
Training fitness: 0.9068758882846626
Model size: (4, 8)
Validation fitness: 0.8684986906248041 
Elapsed: 4.010343790054321

*** Epoch 1, batch 91/260 ***
Training fitness: 0.8451426487711624
Model size: (5, 8)
Validation fitness: 0.8768340657054283 
Elapsed: 3.982475996017456

*** Epoch 1, batch 92/260 ***
Training fitness: 0.8895453127983476
Model size: (6, 11)
Validation fitness: 0.873675861186131 
Elapsed: 4.09254789352417

*** Epoch 1, batch 93/260 ***
Training fitness: 0.878985501024419
Model size: (5, 8)
Validation fitness: 0.8768340657054283 
Elapsed: 3.757141351699829

*** Epoch 1, batch 94/260 ***
Training fitness: 0.8755338331266848
Model size: (10, 16)
Validation fitness: 0.8598374799480453 
Elapsed: 3.78581166267395

*** Epoch 1, batch 95/260 ***
Training fitness: 0.8709238920842041
Model size: (5, 8)
Validation fitness: 0.8768340657054283 
Elapsed: 3.7590770721435547

*** Epoch 1, batch 96/260 ***
Training fitness: 0.8903377459917404
Model size: (5, 8)
Validation fitness: 0.8768340657054283 
Elapsed: 3.9555904865264893

*** Epoch 1, batch 97/260 ***
Training fitness: 0.8862867862934011
Model size: (6, 12)
Validation fitness: 0.8741881206803637 
Elapsed: 4.0436553955078125

*** Epoch 1, batch 98/260 ***
Training fitness: 0.9026074934054135
Model size: (6, 17)
Validation fitness: 0.8547864246050153 
Elapsed: 4.25531792640686

*** Epoch 1, batch 99/260 ***
Training fitness: 0.9017735843149649
Model size: (7, 13)
Validation fitness: 0.8590557090758755 
Elapsed: 4.1026904582977295

*** Epoch 1, batch 100/260 ***
Training fitness: 0.8653652761939108
Model size: (5, 8)
Validation fitness: 0.8768340657054283 
Elapsed: 4.030278444290161

*** Epoch 1, batch 101/260 ***
Training fitness: 0.8847804124648527
Model size: (5, 8)
Validation fitness: 0.8768340657054283 
Elapsed: 4.001085996627808

*** Epoch 1, batch 102/260 ***
Training fitness: 0.863645664811485
Model size: (5, 8)
Validation fitness: 0.8768340657054283 
Elapsed: 3.979297399520874

*** Epoch 1, batch 103/260 ***
Training fitness: 0.8945259729654086
Model size: (6, 17)
Validation fitness: 0.8547864246050153 
Elapsed: 4.0539915561676025

*** Epoch 1, batch 104/260 ***
Training fitness: 0.8758609232660837
Model size: (6, 17)
Validation fitness: 0.8547864246050153 
Elapsed: 4.188082218170166

*** Epoch 1, batch 105/260 ***
Training fitness: 0.8164783418103686
Model size: (6, 12)
Validation fitness: 0.8127015831827591 
Elapsed: 4.005210876464844

*** Epoch 1, batch 106/260 ***
Training fitness: 0.8270059604327465
Model size: (6, 10)
Validation fitness: 0.8378917551512889 
Elapsed: 4.29611873626709

*** Epoch 1, batch 107/260 ***
Training fitness: 0.8532543878927163
Model size: (7, 14)
Validation fitness: 0.8134190165534613 
Elapsed: 3.947556972503662

*** Epoch 1, batch 108/260 ***
Training fitness: 0.8638407537341409
Model size: (6, 10)
Validation fitness: 0.8378917551512889 
Elapsed: 4.058703899383545

*** Epoch 1, batch 109/260 ***
Training fitness: 0.8482957069784538
Model size: (6, 10)
Validation fitness: 0.8378917551512889 
Elapsed: 4.31646466255188

*** Epoch 1, batch 110/260 ***
Training fitness: 0.8441856043556677
Model size: (8, 17)
Validation fitness: 0.835449354016379 
Elapsed: 4.2430946826934814

*** Epoch 1, batch 111/260 ***
Training fitness: 0.850567594486696
Model size: (10, 22)
Validation fitness: 0.8292969622879244 
Elapsed: 4.4699037075042725

*** Epoch 1, batch 112/260 ***
Training fitness: 0.8631413883229301
Model size: (7, 13)
Validation fitness: 0.8013134584260174 
Elapsed: 4.266690969467163

*** Epoch 1, batch 113/260 ***
Training fitness: 0.8157189950944476
Model size: (7, 12)
Validation fitness: 0.8320734371865555 
Elapsed: 4.262563705444336

*** Epoch 1, batch 114/260 ***
Training fitness: 0.83273831876127
Model size: (4, 9)
Validation fitness: 0.8333774359354902 
Elapsed: 4.209242582321167

*** Epoch 1, batch 115/260 ***
Training fitness: 0.8298600663204014
Model size: (9, 17)
Validation fitness: 0.8415125561871025 
Elapsed: 4.500690937042236

*** Epoch 1, batch 116/260 ***
Training fitness: 0.8210388071531297
Model size: (10, 23)
Validation fitness: 0.8066398266278271 
Elapsed: 4.060094118118286

*** Epoch 1, batch 117/260 ***
Training fitness: 0.8710677799098449
Model size: (10, 16)
Validation fitness: 0.8460763943706066 
Elapsed: 4.1002092361450195

*** Epoch 1, batch 118/260 ***
Training fitness: 0.8404993756412997
Model size: (9, 17)
Validation fitness: 0.8415125561871025 
Elapsed: 4.194615125656128

*** Epoch 1, batch 119/260 ***
Training fitness: 0.8130422002855254
Model size: (11, 16)
Validation fitness: 0.8508131592810589 
Elapsed: 4.157941102981567

*** Epoch 1, batch 120/260 ***
Training fitness: 0.8216501888843807
Model size: (9, 17)
Validation fitness: 0.8227652635529211 
Elapsed: 4.116098642349243

*** Epoch 1, batch 121/260 ***
Training fitness: 0.8622144515218333
Model size: (12, 17)
Validation fitness: 0.8476581837851147 
Elapsed: 4.039022207260132

*** Epoch 1, batch 122/260 ***
Training fitness: 0.8718067797730177
Model size: (3, 10)
Validation fitness: 0.8377720165891182 
Elapsed: 4.117157697677612

*** Epoch 1, batch 123/260 ***
Training fitness: 0.8947697791327287
Model size: (6, 11)
Validation fitness: 0.8352396782077399 
Elapsed: 7.088700294494629

*** Epoch 1, batch 124/260 ***
Training fitness: 0.8630998402504628
Model size: (6, 11)
Validation fitness: 0.8352396782077399 
Elapsed: 7.720273017883301

*** Epoch 1, batch 125/260 ***
Training fitness: 0.8638929219271742
Model size: (11, 16)
Validation fitness: 0.8508131592810589 
Elapsed: 7.72576642036438

*** Epoch 1, batch 126/260 ***
Training fitness: 0.8401427882197576
Model size: (11, 16)
Validation fitness: 0.8508131592810589 
Elapsed: 7.684495687484741

*** Epoch 1, batch 127/260 ***
Training fitness: 0.8308781130037085
Model size: (11, 16)
Validation fitness: 0.8508131592810589 
Elapsed: 7.928398132324219

*** Epoch 1, batch 128/260 ***
Training fitness: 0.7965645821871753
Model size: (6, 11)
Validation fitness: 0.8329439017287187 
Elapsed: 7.654800176620483

*** Epoch 1, batch 129/260 ***
Training fitness: 0.8255949638185659
Model size: (9, 16)
Validation fitness: 0.8234197932151841 
Elapsed: 7.593226909637451

*** Epoch 1, batch 130/260 ***
Training fitness: 0.8495995855272052
Model size: (7, 13)
Validation fitness: 0.8387378783326149 
Elapsed: 7.65470290184021

*** Epoch 1, batch 131/260 ***
Training fitness: 0.8362796535567171
Model size: (10, 19)
Validation fitness: 0.8246338068476821 
Elapsed: 7.718692779541016

*** Epoch 1, batch 132/260 ***
Training fitness: 0.8340224831517211
Model size: (5, 9)
Validation fitness: 0.8214413129940444 
Elapsed: 7.242847681045532

*** Epoch 1, batch 133/260 ***
Training fitness: 0.8473552769607574
Model size: (11, 21)
Validation fitness: 0.8139315002523565 
Elapsed: 7.885718822479248

*** Epoch 1, batch 134/260 ***
Training fitness: 0.8711388448244135
Model size: (3, 10)
Validation fitness: 0.8377720165891182 
Elapsed: 7.316984176635742

*** Epoch 1, batch 135/260 ***
Training fitness: 0.8289847586971021
Model size: (10, 16)
Validation fitness: 0.8189209673558071 
Elapsed: 5.965541839599609

*** Epoch 1, batch 136/260 ***
Training fitness: 0.8725271276204064
Model size: (6, 12)
Validation fitness: 0.8421602933347725 
Elapsed: 3.993039846420288

*** Epoch 1, batch 137/260 ***
Training fitness: 0.8614668581820204
Model size: (11, 20)
Validation fitness: 0.8124403188127262 
Elapsed: 3.9758315086364746

*** Epoch 1, batch 138/260 ***
Training fitness: 0.8527809200822121
Model size: (12, 22)
Validation fitness: 0.8185547047392865 
Elapsed: 3.9865095615386963

*** Epoch 1, batch 139/260 ***
Training fitness: 0.8845774386146824
Model size: (3, 11)
Validation fitness: 0.8350692262765992 
Elapsed: 4.271973133087158

*** Epoch 1, batch 140/260 ***
Training fitness: 0.8501679112651851
Model size: (3, 11)
Validation fitness: 0.8350692262765992 
Elapsed: 3.845189094543457

*** Epoch 1, batch 141/260 ***
Training fitness: 0.8410529038459852
Model size: (3, 10)
Validation fitness: 0.8377720165891182 
Elapsed: 4.0947675704956055

*** Epoch 1, batch 142/260 ***
Training fitness: 0.8332859438688202
Model size: (3, 10)
Validation fitness: 0.8377720165891182 
Elapsed: 3.9697227478027344

*** Epoch 1, batch 143/260 ***
Training fitness: 0.850131903421812
Model size: (3, 11)
Validation fitness: 0.8350692262765992 
Elapsed: 4.0804994106292725

*** Epoch 1, batch 144/260 ***
Training fitness: 0.8332579630610132
Model size: (3, 11)
Validation fitness: 0.8350692262765992 
Elapsed: 4.093215465545654

*** Epoch 1, batch 145/260 ***
Training fitness: 0.8409003797081109
Model size: (12, 23)
Validation fitness: 0.821867436493595 
Elapsed: 4.343825340270996

*** Epoch 1, batch 146/260 ***
Training fitness: 0.8201816325718576
Model size: (12, 23)
Validation fitness: 0.8305448183776877 
Elapsed: 4.105291128158569

*** Epoch 1, batch 147/260 ***
Training fitness: 0.843313210779403
Model size: (7, 16)
Validation fitness: 0.8225377461258853 
Elapsed: 4.220946788787842

*** Epoch 1, batch 148/260 ***
Training fitness: 0.8376667897479078
Model size: (3, 11)
Validation fitness: 0.8350692262765992 
Elapsed: 4.047003507614136

*** Epoch 1, batch 149/260 ***
Training fitness: 0.8504969730076325
Model size: (3, 11)
Validation fitness: 0.8350692262765992 
Elapsed: 4.053887844085693

*** Epoch 1, batch 150/260 ***
Training fitness: 0.8328613929581613
Model size: (7, 11)
Validation fitness: 0.8298130088035831 
Elapsed: 3.985180139541626

*** Epoch 1, batch 151/260 ***
Training fitness: 0.8182123155518778
Model size: (13, 25)
Validation fitness: 0.8252441053890601 
Elapsed: 4.110044240951538

*** Epoch 1, batch 152/260 ***
Training fitness: 0.8359655146105135
Model size: (9, 17)
Validation fitness: 0.8244857834876417 
Elapsed: 4.0710084438323975

*** Epoch 1, batch 153/260 ***
Training fitness: 0.8804441482646413
Model size: (9, 15)
Validation fitness: 0.8261064401475574 
Elapsed: 3.9308133125305176

*** Epoch 1, batch 154/260 ***
Training fitness: 0.87512759466942
Model size: (9, 15)
Validation fitness: 0.8261064401475574 
Elapsed: 4.242725610733032

*** Epoch 1, batch 155/260 ***
Training fitness: 0.8480599287343845
Model size: (4, 6)
Validation fitness: 0.8238543214414675 
Elapsed: 4.078027248382568

*** Epoch 1, batch 156/260 ***
Training fitness: 0.8533768465661095
Model size: (6, 12)
Validation fitness: 0.8104970585988075 
Elapsed: 4.057849407196045

*** Epoch 1, batch 157/260 ***
Training fitness: 0.845276154186836
Model size: (6, 8)
Validation fitness: 0.827018741216031 
Elapsed: 4.062203407287598

*** Epoch 1, batch 158/260 ***
Training fitness: 0.8435112170670579
Model size: (4, 6)
Validation fitness: 0.8238543214414675 
Elapsed: 4.008413314819336

*** Epoch 1, batch 159/260 ***
Training fitness: 0.8395771066748404
Model size: (9, 12)
Validation fitness: 0.8307561254596075 
Elapsed: 4.129033327102661

*** Epoch 1, batch 160/260 ***
Training fitness: 0.8627429586979112
Model size: (6, 9)
Validation fitness: 0.8117698708099739 
Elapsed: 7.410673141479492

*** Epoch 1, batch 161/260 ***
Training fitness: 0.8529122882933873
Model size: (17, 33)
Validation fitness: 0.8172221827955897 
Elapsed: 8.152083158493042

*** Epoch 1, batch 162/260 ***
Training fitness: 0.8791847264482248
Model size: (19, 32)
Validation fitness: 0.8003924413910951 
Elapsed: 7.990745544433594

*** Epoch 1, batch 163/260 ***
Training fitness: 0.8399487525777405
Model size: (8, 15)
Validation fitness: 0.823838694499202 
Elapsed: 7.945293188095093

*** Epoch 1, batch 164/260 ***
Training fitness: 0.8333366640932995
Model size: (10, 14)
Validation fitness: 0.8235514351606945 
Elapsed: 8.037559986114502

*** Epoch 1, batch 165/260 ***
Training fitness: 0.8526907832068003
Model size: (11, 13)
Validation fitness: 0.8166931473474255 
Elapsed: 4.6593499183654785

*** Epoch 1, batch 166/260 ***
Training fitness: 0.8423019175410368
Model size: (10, 14)
Validation fitness: 0.8235514351606945 
Elapsed: 4.091124773025513

*** Epoch 1, batch 167/260 ***
Training fitness: 0.863644534103896
Model size: (11, 14)
Validation fitness: 0.8352451448810979 
Elapsed: 4.237839221954346

*** Epoch 1, batch 168/260 ***
Training fitness: 0.8510088493187987
Model size: (6, 9)
Validation fitness: 0.8309186952407815 
Elapsed: 4.204219341278076

*** Epoch 1, batch 169/260 ***
Training fitness: 0.8282848972499604
Model size: (13, 17)
Validation fitness: 0.8308454474202651 
Elapsed: 4.306682348251343

*** Epoch 1, batch 170/260 ***
Training fitness: 0.8347931195670732
Model size: (14, 21)
Validation fitness: 0.8299328844579054 
Elapsed: 4.521929740905762

*** Epoch 1, batch 171/260 ***
Training fitness: 0.8258792868975594
Model size: (5, 7)
Validation fitness: 0.8381000713920587 
Elapsed: 4.2680504322052

*** Epoch 1, batch 172/260 ***
Training fitness: 0.8444728508418954
Model size: (4, 4)
Validation fitness: 0.8387612099910202 
Elapsed: 7.016552925109863

*** Epoch 1, batch 173/260 ***
Training fitness: 0.8704481744243278
Model size: (5, 7)
Validation fitness: 0.8297785842163793 
Elapsed: 8.522603511810303

*** Epoch 1, batch 174/260 ***
Training fitness: 0.8467825252207478
Model size: (11, 18)
Validation fitness: 0.8215143096666531 
Elapsed: 7.801223516464233

*** Epoch 1, batch 175/260 ***
Training fitness: 0.8442167912392698
Model size: (12, 15)
Validation fitness: 0.8403516450414502 
Elapsed: 4.1090052127838135

*** Epoch 1, batch 176/260 ***
Training fitness: 0.8991375064153223
Model size: (9, 16)
Validation fitness: 0.8228092307516862 
Elapsed: 4.214129686355591

*** Epoch 1, batch 177/260 ***
Training fitness: 0.820281619315287
Model size: (5, 7)
Validation fitness: 0.8400386867470123 
Elapsed: 4.307875394821167

*** Epoch 1, batch 178/260 ***
Training fitness: 0.8553859631073164
Model size: (5, 9)
Validation fitness: 0.8222980210010745 
Elapsed: 4.678880214691162

*** Epoch 1, batch 179/260 ***
Training fitness: 0.8326125566911733
Model size: (5, 7)
Validation fitness: 0.8400386867470123 
Elapsed: 4.449950456619263

*** Epoch 1, batch 180/260 ***
Training fitness: 0.8304120069054202
Model size: (6, 7)
Validation fitness: 0.8198464050920787 
Elapsed: 4.313174247741699

*** Epoch 1, batch 181/260 ***
Training fitness: 0.8313695922770866
Model size: (5, 7)
Validation fitness: 0.8400386867470123 
Elapsed: 4.34894585609436

*** Epoch 1, batch 182/260 ***
Training fitness: 0.8681085464056407
Model size: (5, 7)
Validation fitness: 0.8400386867470123 
Elapsed: 4.326681613922119

*** Epoch 1, batch 183/260 ***
Training fitness: 0.8649249058473791
Model size: (5, 9)
Validation fitness: 0.8414138415606457 
Elapsed: 4.442058563232422

*** Epoch 1, batch 184/260 ***
Training fitness: 0.8684395141401358
Model size: (12, 21)
Validation fitness: 0.814212977810561 
Elapsed: 4.534471273422241

*** Epoch 1, batch 185/260 ***
Training fitness: 0.8499521608462715
Model size: (5, 10)
Validation fitness: 0.8424489456405022 
Elapsed: 4.381980895996094

*** Epoch 1, batch 186/260 ***
Training fitness: 0.8793377189028692
Model size: (5, 10)
Validation fitness: 0.8424489456405022 
Elapsed: 4.549964904785156

*** Epoch 1, batch 187/260 ***
Training fitness: 0.8532543878927163
Model size: (15, 23)
Validation fitness: 0.8070348925818553 
Elapsed: 4.380701780319214

*** Epoch 1, batch 188/260 ***
Training fitness: 0.8002008000560286
Model size: (9, 16)
Validation fitness: 0.8471687971853034 
Elapsed: 4.446537256240845

*** Epoch 1, batch 189/260 ***
Training fitness: 0.8396505903071797
Model size: (5, 11)
Validation fitness: 0.8333281503332731 
Elapsed: 4.437955617904663

*** Epoch 1, batch 190/260 ***
Training fitness: 0.8586546645930853
Model size: (5, 11)
Validation fitness: 0.8333281503332731 
Elapsed: 4.323610544204712

*** Epoch 1, batch 191/260 ***
Training fitness: 0.8715373442158161
Model size: (9, 16)
Validation fitness: 0.8471687971853034 
Elapsed: 4.515343427658081

*** Epoch 1, batch 192/260 ***
Training fitness: 0.842593777225843
Model size: (9, 16)
Validation fitness: 0.8471687971853034 
Elapsed: 4.605665445327759

*** Epoch 1, batch 193/260 ***
Training fitness: 0.8893349499911507
Model size: (6, 13)
Validation fitness: 0.8433560333337203 
Elapsed: 4.447407484054565

*** Epoch 1, batch 194/260 ***
Training fitness: 0.8540879643574399
Model size: (8, 16)
Validation fitness: 0.8376101481166961 
Elapsed: 4.534937381744385

*** Epoch 1, batch 195/260 ***
Training fitness: 0.8430834042327767
Model size: (9, 16)
Validation fitness: 0.8471687971853034 
Elapsed: 4.3200578689575195

*** Epoch 1, batch 196/260 ***
Training fitness: 0.8763385503547939
Model size: (10, 20)
Validation fitness: 0.8336921104801617 
Elapsed: 4.257301330566406

*** Epoch 1, batch 197/260 ***
Training fitness: 0.8335347935279195
Model size: (10, 20)
Validation fitness: 0.8336921104801617 
Elapsed: 4.237184286117554

*** Epoch 1, batch 198/260 ***
Training fitness: 0.8614450968443204
Model size: (12, 22)
Validation fitness: 0.8529700987897529 
Elapsed: 4.482434988021851

*** Epoch 1, batch 199/260 ***
Training fitness: 0.8407229528534091
Model size: (6, 12)
Validation fitness: 0.8353373981041358 
Elapsed: 4.205960273742676

*** Epoch 1, batch 200/260 ***
Training fitness: 0.8282994729374619
Model size: (5, 10)
Validation fitness: 0.8369597055826847 
Elapsed: 4.023966550827026

*** Epoch 1, batch 201/260 ***
Training fitness: 0.8833539851613743
Model size: (10, 18)
Validation fitness: 0.8290598904116006 
Elapsed: 3.838390350341797

*** Epoch 1, batch 202/260 ***
Training fitness: 0.8468965590613241
Model size: (11, 13)
Validation fitness: 0.837143676786254 
Elapsed: 3.960632801055908

*** Epoch 1, batch 203/260 ***
Training fitness: 0.8657607376786485
Model size: (5, 11)
Validation fitness: 0.8433459286147448 
Elapsed: 7.312052965164185

*** Epoch 1, batch 204/260 ***
Training fitness: 0.855379214143814
Model size: (8, 16)
Validation fitness: 0.8359606306286002 
Elapsed: 7.624530553817749

*** Epoch 1, batch 205/260 ***
Training fitness: 0.8213714799534785
Model size: (9, 13)
Validation fitness: 0.8453973793170795 
Elapsed: 6.99042820930481

*** Epoch 1, batch 206/260 ***
Training fitness: 0.8881875210907293
Model size: (10, 18)
Validation fitness: 0.8290598904116006 
Elapsed: 7.256639242172241

*** Epoch 1, batch 207/260 ***
Training fitness: 0.8553531758791139
Model size: (10, 14)
Validation fitness: 0.8406997393090412 
Elapsed: 7.864078998565674

*** Epoch 1, batch 208/260 ***
Training fitness: 0.8875275061233185
Model size: (9, 13)
Validation fitness: 0.8453973793170795 
Elapsed: 7.374057769775391

*** Epoch 1, batch 209/260 ***
Training fitness: 0.8358293481399981
Model size: (11, 20)
Validation fitness: 0.8340772973269833 
Elapsed: 7.462954044342041

*** Epoch 1, batch 210/260 ***
Training fitness: 0.8535435827497532
Model size: (9, 13)
Validation fitness: 0.8453973793170795 
Elapsed: 6.960271120071411

*** Epoch 1, batch 211/260 ***
Training fitness: 0.8104286964341413
Model size: (9, 13)
Validation fitness: 0.8453973793170795 
Elapsed: 7.227968692779541

*** Epoch 1, batch 212/260 ***
Training fitness: 0.8570091150935981
Model size: (9, 13)
Validation fitness: 0.8453973793170795 
Elapsed: 7.307837724685669

*** Epoch 1, batch 213/260 ***
Training fitness: 0.8331232747360048
Model size: (9, 13)
Validation fitness: 0.8453973793170795 
Elapsed: 7.224590301513672

*** Epoch 1, batch 214/260 ***
Training fitness: 0.868358774455259
Model size: (10, 18)
Validation fitness: 0.8299099875056953 
Elapsed: 3.9722232818603516

*** Epoch 1, batch 215/260 ***
Training fitness: 0.8232973228214815
Model size: (9, 13)
Validation fitness: 0.8453973793170795 
Elapsed: 3.7421634197235107

*** Epoch 1, batch 216/260 ***
Training fitness: 0.8217555218403045
Model size: (9, 13)
Validation fitness: 0.8453973793170795 
Elapsed: 4.01463770866394

*** Epoch 1, batch 217/260 ***
Training fitness: 0.819419213467695
Model size: (9, 13)
Validation fitness: 0.8453973793170795 
Elapsed: 3.776308059692383

*** Epoch 1, batch 218/260 ***
Training fitness: 0.8491228255560703
Model size: (9, 13)
Validation fitness: 0.8453973793170795 
Elapsed: 3.8727903366088867

*** Epoch 1, batch 219/260 ***
Training fitness: 0.8776441120525873
Model size: (9, 13)
Validation fitness: 0.8453973793170795 
Elapsed: 3.97236704826355

*** Epoch 1, batch 220/260 ***
Training fitness: 0.8612669371898556
Model size: (9, 13)
Validation fitness: 0.8453973793170795 
Elapsed: 3.7777771949768066

*** Epoch 1, batch 221/260 ***
Training fitness: 0.8659468242660605
Model size: (10, 13)
Validation fitness: 0.8357387008501385 
Elapsed: 3.9485485553741455

*** Epoch 1, batch 222/260 ***
Training fitness: 0.8690924875387293
Model size: (9, 13)
Validation fitness: 0.8453973793170795 
Elapsed: 3.789032220840454

*** Epoch 1, batch 223/260 ***
Training fitness: 0.8723301627397525
Model size: (9, 13)
Validation fitness: 0.8453973793170795 
Elapsed: 3.7837648391723633

*** Epoch 1, batch 224/260 ***
Training fitness: 0.8622902826737104
Model size: (9, 13)
Validation fitness: 0.8453973793170795 
Elapsed: 3.8971853256225586

*** Epoch 1, batch 225/260 ***
Training fitness: 0.8616572318541125
Model size: (10, 16)
Validation fitness: 0.8203482664874313 
Elapsed: 3.9773941040039062

*** Epoch 1, batch 226/260 ***
Training fitness: 0.8361889922576529
Model size: (14, 18)
Validation fitness: 0.8350695701353574 
Elapsed: 4.00212025642395

*** Epoch 1, batch 227/260 ***
Training fitness: 0.8229988566146371
Model size: (9, 12)
Validation fitness: 0.842463559164381 
Elapsed: 4.102758407592773

*** Epoch 1, batch 228/260 ***
Training fitness: 0.8583616366576848
Model size: (8, 14)
Validation fitness: 0.8435401642958312 
Elapsed: 4.251217842102051

*** Epoch 1, batch 229/260 ***
Training fitness: 0.8407285386733432
Model size: (14, 19)
Validation fitness: 0.8529321031372973 
Elapsed: 4.18618106842041

*** Epoch 1, batch 230/260 ***
Training fitness: 0.8425774450319881
Model size: (11, 20)
Validation fitness: 0.8196055775392721 
Elapsed: 4.601160526275635

*** Epoch 1, batch 231/260 ***
Training fitness: 0.8477179612596035
Model size: (13, 17)
Validation fitness: 0.8144320523553011 
Elapsed: 4.2795305252075195

*** Epoch 1, batch 232/260 ***
Training fitness: 0.8657897939495514
Model size: (13, 17)
Validation fitness: 0.8425473906341793 
Elapsed: 4.189800977706909

*** Epoch 1, batch 233/260 ***
Training fitness: 0.8513150104412398
Model size: (13, 17)
Validation fitness: 0.8425473906341793 
Elapsed: 4.21945595741272

*** Epoch 1, batch 234/260 ***
Training fitness: 0.8479858637770449
Model size: (9, 12)
Validation fitness: 0.8361260125096369 
Elapsed: 4.203673839569092

*** Epoch 1, batch 235/260 ***
Training fitness: 0.8504536496849625
Model size: (9, 13)
Validation fitness: 0.8343095430740588 
Elapsed: 4.234565734863281

*** Epoch 1, batch 236/260 ***
Training fitness: 0.8748171813301618
Model size: (8, 10)
Validation fitness: 0.8419338177399035 
Elapsed: 4.076397657394409

*** Epoch 1, batch 237/260 ***
Training fitness: 0.8574867618952768
Model size: (10, 15)
Validation fitness: 0.8479033489702309 
Elapsed: 3.9939541816711426

*** Epoch 1, batch 238/260 ***
Training fitness: 0.863202633482484
Model size: (10, 15)
Validation fitness: 0.8479033489702309 
Elapsed: 4.034444332122803

*** Epoch 1, batch 239/260 ***
Training fitness: 0.8572935938021917
Model size: (8, 13)
Validation fitness: 0.8432301039472324 
Elapsed: 4.049680233001709

*** Epoch 1, batch 240/260 ***
Training fitness: 0.8461368535437569
Model size: (8, 15)
Validation fitness: 0.8357786917584074 
Elapsed: 4.246272563934326

*** Epoch 1, batch 241/260 ***
Training fitness: 0.8546372030898908
Model size: (10, 15)
Validation fitness: 0.8479033489702309 
Elapsed: 4.192694425582886

*** Epoch 1, batch 242/260 ***
Training fitness: 0.8227938057512931
Model size: (10, 14)
Validation fitness: 0.8486907539515307 
Elapsed: 4.216901540756226

*** Epoch 1, batch 243/260 ***
Training fitness: 0.8625187372365585
Model size: (10, 15)
Validation fitness: 0.8479033489702309 
Elapsed: 4.098635673522949

*** Epoch 1, batch 244/260 ***
Training fitness: 0.8537274694005066
Model size: (10, 16)
Validation fitness: 0.8417741047461146 
Elapsed: 4.279325485229492

*** Epoch 1, batch 245/260 ***
Training fitness: 0.8493013745197288
Model size: (10, 14)
Validation fitness: 0.8486907539515307 
Elapsed: 4.088478326797485

*** Epoch 1, batch 246/260 ***
Training fitness: 0.8533667348987488
Model size: (10, 14)
Validation fitness: 0.8486907539515307 
Elapsed: 4.398177146911621

*** Epoch 1, batch 247/260 ***
Training fitness: 0.8507244509647892
Model size: (13, 18)
Validation fitness: 0.8679827215332194 
Elapsed: 4.284810781478882

*** Epoch 1, batch 248/260 ***
Training fitness: 0.895087684825559
Model size: (12, 16)
Validation fitness: 0.8634953516565201 
Elapsed: 4.337977647781372

*** Epoch 1, batch 249/260 ***
Training fitness: 0.892458575153055
Model size: (12, 16)
Validation fitness: 0.8634953516565201 
Elapsed: 4.080099105834961

*** Epoch 1, batch 250/260 ***
Training fitness: 0.8399188956843852
Model size: (9, 15)
Validation fitness: 0.8461657979082263 
Elapsed: 4.1792542934417725

*** Epoch 1, batch 251/260 ***
Training fitness: 0.8679190400304576
Model size: (13, 18)
Validation fitness: 0.86770664196142 
Elapsed: 4.050299882888794

*** Epoch 1, batch 252/260 ***
Training fitness: 0.9068091380926191
Model size: (13, 18)
Validation fitness: 0.86770664196142 
Elapsed: 4.121486186981201

*** Epoch 1, batch 253/260 ***
Training fitness: 0.8530828550643258
Model size: (13, 18)
Validation fitness: 0.86770664196142 
Elapsed: 4.068758726119995

*** Epoch 1, batch 254/260 ***
Training fitness: 0.8507058610887194
Model size: (9, 16)
Validation fitness: 0.843256218846035 
Elapsed: 3.898635149002075

*** Epoch 1, batch 255/260 ***
Training fitness: 0.8726277585398741
Model size: (13, 20)
Validation fitness: 0.8688504924455195 
Elapsed: 3.8831698894500732

*** Epoch 1, batch 256/260 ***
Training fitness: 0.8558019155210074
Model size: (9, 14)
Validation fitness: 0.8228407676034382 
Elapsed: 4.069695711135864

*** Epoch 1, batch 257/260 ***
Training fitness: 0.8616769031078881
Model size: (13, 20)
Validation fitness: 0.8688504924455195 
Elapsed: 3.7130074501037598

*** Epoch 1, batch 258/260 ***
Training fitness: 0.852939339182683
Model size: (13, 20)
Validation fitness: 0.8688504924455195 
Elapsed: 3.776064395904541

*** Epoch 1, batch 259/260 ***
Training fitness: 0.8562683635609899
Model size: (13, 20)
Validation fitness: 0.8688504924455195 
Elapsed: 3.7680585384368896

*** Epoch 1, batch 260/260 ***
Training fitness: 0.8791636114322969
Model size: (13, 20)
Validation fitness: 0.8688504924455195 
Elapsed: 3.746718168258667

Total train time: 1176.6654636859894
Test time: 0.19288229942321777
Test fitness: 0.8702624059854361
Test statistics: Stats(total=14791, total_true=7158, total_false=7633, true_positive=6341, true_negative=7469, false_positive=164, false_negative=817, tpr=0.8858619726180498, tnr=0.9785143456046116, ppv=0.9747886241352806, npv=0.9013999517258026, accuracy=0.9336758839835034, f1=0.9282002488472517, mcc=0.8702624059854361)
