*** Epoch 0, batch 1/3218 ***
Training fitness: 0.958801510295967
Model size: (1, 17) (!)
Validation fitness: 0.9538147470208513 (!)
Elapsed: 9.492509603500366

*** Epoch 0, batch 2/3218 ***
Training fitness: 0.967957147001668
Model size: (1, 17) (!)
Validation fitness: 0.9639680163507297 (!)
Elapsed: 9.077099084854126

*** Epoch 0, batch 3/3218 ***
Training fitness: 0.9584261453697784
Model size: (1, 15) 
Validation fitness: 0.9585778506331409 
Elapsed: 8.702329158782959

*** Epoch 0, batch 4/3218 ***
Training fitness: 0.9570704378407494
Model size: (2, 17) 
Validation fitness: 0.955909046077262 
Elapsed: 9.98276162147522

*** Epoch 0, batch 5/3218 ***
Training fitness: 0.9479231021521434
Model size: (3, 15) 
Validation fitness: 0.9527376837927829 
Elapsed: 10.753751039505005

*** Epoch 0, batch 6/3218 ***
Training fitness: 0.9770857665244377
Model size: (6, 25) 
Validation fitness: 0.9545771879210515 
Elapsed: 16.27017641067505

*** Epoch 0, batch 7/3218 ***
Training fitness: 0.9727253236205842
Model size: (2, 16) 
Validation fitness: 0.9605088691424197 
Elapsed: 10.206731081008911

*** Epoch 0, batch 8/3218 ***
Training fitness: 0.9762279117166999
Model size: (3, 18) 
Validation fitness: 0.9595766970255569 
Elapsed: 11.478611707687378

*** Epoch 0, batch 9/3218 ***
Training fitness: 0.9683149679287677
Model size: (3, 16) 
Validation fitness: 0.9564718573279265 
Elapsed: 10.158761262893677

*** Epoch 0, batch 10/3218 ***
Training fitness: 0.9770113959937805
Model size: (5, 22) 
Validation fitness: 0.9585389641389551 
Elapsed: 13.571317911148071

*** Epoch 0, batch 11/3218 ***
Training fitness: 0.9472445804698942
Model size: (4, 13) 
Validation fitness: 0.9580058559210622 
Elapsed: 11.1174635887146

*** Epoch 0, batch 12/3218 ***
Training fitness: 0.9499072356215214
Model size: (6, 18) 
Validation fitness: 0.9517543045303984 
Elapsed: 15.406457901000977

*** Epoch 0, batch 13/3218 ***
Training fitness: 0.9570093457943926
Model size: (4, 13) 
Validation fitness: 0.9537194861234878 
Elapsed: 11.808451652526855

*** Epoch 0, batch 14/3218 ***
Training fitness: 0.9600660681991172
Model size: (5, 14) 
Validation fitness: 0.9550208649618088 
Elapsed: 12.937877416610718

*** Epoch 0, batch 15/3218 ***
Training fitness: 0.9511509015259793
Model size: (8, 20) 
Validation fitness: 0.9508339140029204 
Elapsed: 15.36799430847168

*** Epoch 0, batch 16/3218 ***
Training fitness: 0.9463955796570436
Model size: (4, 11) 
Validation fitness: 0.9519043487615059 
Elapsed: 8.662335634231567

*** Epoch 0, batch 17/3218 ***
Training fitness: 0.9490706213177967
Model size: (8, 19) 
Validation fitness: 0.9564909998032296 
Elapsed: 14.05698037147522

*** Epoch 0, batch 18/3218 ***
Training fitness: 0.9621881963100956
Model size: (9, 19) 
Validation fitness: 0.9567306420029295 
Elapsed: 13.115318298339844

*** Epoch 0, batch 19/3218 ***
Training fitness: 0.9650603492286683
Model size: (5, 12) 
Validation fitness: 0.9550294336479829 
Elapsed: 10.872889518737793

*** Epoch 0, batch 20/3218 ***
Training fitness: 0.9534450651769087
Model size: (10, 23) 
Validation fitness: 0.9538147309332926 
Elapsed: 13.49537444114685

*** Epoch 0, batch 21/3218 ***
Training fitness: 0.9460466950496608
Model size: (6, 17) 
Validation fitness: 0.9550990598523554 
Elapsed: 13.996459245681763

*** Epoch 0, batch 22/3218 ***
Training fitness: 0.943193686426822
Model size: (5, 16) 
Validation fitness: 0.9616402349673436 
Elapsed: 12.154486894607544

*** Epoch 0, batch 23/3218 ***
Training fitness: 0.9660373815989116
Model size: (2, 10) 
Validation fitness: 0.9572862689284585 
Elapsed: 9.236719131469727

*** Epoch 0, batch 24/3218 ***
Training fitness: 0.9665098681860395
Model size: (10, 21) (!)
Validation fitness: 0.9675335175079571 (!)
Elapsed: 10.90485143661499

*** Epoch 0, batch 25/3218 ***
Training fitness: 0.949431125618195
Model size: (7, 15) 
Validation fitness: 0.9561839193384236 
Elapsed: 14.285654783248901

*** Epoch 0, batch 26/3218 ***
Training fitness: 0.9577125811295256
Model size: (10, 24) 
Validation fitness: 0.949756529247442 
Elapsed: 14.943686962127686

*** Epoch 0, batch 27/3218 ***
Training fitness: 0.9602242040475302
Model size: (2, 9) 
Validation fitness: 0.9480925201900344 
Elapsed: 8.887488842010498

*** Epoch 0, batch 28/3218 ***
Training fitness: 0.9516728624535316
Model size: (10, 18) 
Validation fitness: 0.9539875998384777 
Elapsed: 10.398648738861084

*** Epoch 0, batch 29/3218 ***
Training fitness: 0.9464014595039795
Model size: (3, 9) 
Validation fitness: 0.9538189644527681 
Elapsed: 10.340405941009521

*** Epoch 0, batch 30/3218 ***
Training fitness: 0.9431774853383865
Model size: (3, 10) 
Validation fitness: 0.9532702556027514 
Elapsed: 10.92749285697937

*** Epoch 0, batch 31/3218 ***
Training fitness: 0.9627906710253082
Model size: (3, 9) 
Validation fitness: 0.9535798341903914 
Elapsed: 8.809986352920532

*** Epoch 0, batch 32/3218 ***
Training fitness: 0.9635446745742825
Model size: (1, 3) 
Validation fitness: 0.9569808426316362 
Elapsed: 7.937709808349609

*** Epoch 0, batch 33/3218 ***
Training fitness: 0.9463955637707948
Model size: (8, 18) 
Validation fitness: 0.9538147309332926 
Elapsed: 9.549052953720093

*** Epoch 0, batch 34/3218 ***
Training fitness: 0.9465407953322933
Model size: (1, 4) 
Validation fitness: 0.9491183396414833 
Elapsed: 8.254603624343872

*** Epoch 0, batch 35/3218 ***
Training fitness: 0.9446494464944649
Model size: (10, 15) 
Validation fitness: 0.9538147309332926 
Elapsed: 9.904754638671875

*** Epoch 0, batch 36/3218 ***
Training fitness: 0.9599385435520953
Model size: (4, 8) 
Validation fitness: 0.9541847879776246 
Elapsed: 8.79916787147522

*** Epoch 0, batch 37/3218 ***
Training fitness: 0.9646699497866907
Model size: (9, 17) 
Validation fitness: 0.9583993409792991 
Elapsed: 12.16730284690857

*** Epoch 0, batch 38/3218 ***
Training fitness: 0.9605543748129385
Model size: (10, 18) 
Validation fitness: 0.9556948220217217 
Elapsed: 13.34655475616455

*** Epoch 0, batch 39/3218 ***
Training fitness: 0.9428199191484591
Model size: (9, 15) 
Validation fitness: 0.9522085281702908 
Elapsed: 8.752196311950684

*** Epoch 0, batch 40/3218 ***
Training fitness: 0.9575732220999297
Model size: (9, 13) 
Validation fitness: 0.9522224405741514 
Elapsed: 8.448582887649536

*** Epoch 0, batch 41/3218 ***
Training fitness: 0.9586924179763202
Model size: (10, 20) 
Validation fitness: 0.9568008700564821 
Elapsed: 12.196969985961914

*** Epoch 0, batch 42/3218 ***
Training fitness: 0.9534450651769087
Model size: (12, 17) 
Validation fitness: 0.9570314816411546 
Elapsed: 10.036524295806885

*** Epoch 0, batch 43/3218 ***
Training fitness: 0.9736049919632846
Model size: (11, 20) 
Validation fitness: 0.9535077300474912 
Elapsed: 13.769603729248047

*** Epoch 0, batch 44/3218 ***
Training fitness: 0.957814411154368
Model size: (9, 13) 
Validation fitness: 0.9495687768651051 
Elapsed: 10.356097936630249

*** Epoch 0, batch 45/3218 ***
Training fitness: 0.9570093457943926
Model size: (9, 17) 
Validation fitness: 0.9540792639884362 
Elapsed: 11.12187647819519

*** Epoch 0, batch 46/3218 ***
Training fitness: 0.9540195901823517
Model size: (9, 14) 
Validation fitness: 0.954384544431942 
Elapsed: 13.78813362121582

*** Epoch 0, batch 47/3218 ***
Training fitness: 0.9430937813479027
Model size: (10, 18) 
Validation fitness: 0.953956014840078 
Elapsed: 11.577702045440674

*** Epoch 0, batch 48/3218 ***
Training fitness: 0.9697864336480375
Model size: (6, 9) 
Validation fitness: 0.9668899514757893 
Elapsed: 7.722036600112915

*** Epoch 0, batch 49/3218 ***
Training fitness: 0.9696969696969697
Model size: (9, 19) 
Validation fitness: 0.9538147309332926 
Elapsed: 8.786381483078003

*** Epoch 0, batch 50/3218 ***
Training fitness: 0.9446494464944649
Model size: (14, 23) 
Validation fitness: 0.9538147309332926 
Elapsed: 13.599400520324707

*** Epoch 0, batch 51/3218 ***
Training fitness: 0.9606004057146915
Model size: (14, 23) 
Validation fitness: 0.953815292423355 
Elapsed: 13.649979829788208

*** Epoch 0, batch 52/3218 ***
Training fitness: 0.9481481481481482
Model size: (11, 20) 
Validation fitness: 0.9538147309332926 
Elapsed: 9.03330659866333

*** Epoch 0, batch 53/3218 ***
Training fitness: 0.9588014981273408
Model size: (17, 19) 
Validation fitness: 0.9538147309332926 
Elapsed: 6.885523080825806

*** Epoch 0, batch 54/3218 ***
Training fitness: 0.976209912986989
Model size: (11, 18) 
Validation fitness: 0.9623725418581831 
Elapsed: 15.93593716621399

*** Epoch 0, batch 55/3218 ***
Training fitness: 0.9539427997075333
Model size: (16, 24) 
Validation fitness: 0.9559046028326768 
Elapsed: 16.15994358062744

*** Epoch 0, batch 56/3218 ***
Training fitness: 0.9566703137964828
Model size: (10, 20) 
Validation fitness: 0.953851380821524 
Elapsed: 15.280943870544434

*** Epoch 0, batch 57/3218 ***
Training fitness: 0.9496734374036073
Model size: (13, 21) 
Validation fitness: 0.9525718815939123 
Elapsed: 14.170809030532837

*** Epoch 0, batch 58/3218 ***
Training fitness: 0.97364656981356
Model size: (13, 19) (!)
Validation fitness: 0.9692551110720182 (!)
Elapsed: 13.570375204086304

*** Epoch 0, batch 59/3218 ***
Training fitness: 0.9541651454880443
Model size: (7, 11) 
Validation fitness: 0.9527414375949927 
Elapsed: 7.556315183639526

*** Epoch 0, batch 60/3218 ***
Training fitness: 0.9494610884747433
Model size: (7, 10) 
Validation fitness: 0.9524230738046999 
Elapsed: 9.628815412521362

*** Epoch 0, batch 61/3218 ***
Training fitness: 0.9660377358490566
Model size: (19, 32) 
Validation fitness: 0.9572172539680699 
Elapsed: 14.389435052871704

*** Epoch 0, batch 62/3218 ***
Training fitness: 0.9555338825823771
Model size: (17, 26) 
Validation fitness: 0.9578707307970864 
Elapsed: 19.456491231918335

*** Epoch 0, batch 63/3218 ***
Training fitness: 0.9475741024844037
Model size: (14, 23) 
Validation fitness: 0.9584449899294253 
Elapsed: 13.620582580566406

*** Epoch 0, batch 64/3218 ***
Training fitness: 0.9430600624968128
Model size: (13, 21) 
Validation fitness: 0.9323302927478755 
Elapsed: 13.81798529624939

*** Epoch 0, batch 65/3218 ***
Training fitness: 0.9499072356215214
Model size: (11, 15) 
Validation fitness: 0.9538147309332926 
Elapsed: 11.281301021575928

*** Epoch 0, batch 66/3218 ***
Training fitness: 0.9686115594853872
Model size: (11, 18) 
Validation fitness: 0.9542671087667429 
Elapsed: 12.11914849281311

*** Epoch 0, batch 67/3218 ***
Training fitness: 0.9606003752345216
Model size: (12, 25) 
Validation fitness: 0.9538147309332926 
Elapsed: 12.787371158599854

*** Epoch 0, batch 68/3218 ***
Training fitness: 0.9588014981273408
Model size: (13, 27) 
Validation fitness: 0.9538147309332926 
Elapsed: 12.994554042816162

*** Epoch 0, batch 69/3218 ***
Training fitness: 0.9642184557438794
Model size: (22, 26) 
Validation fitness: 0.9538147309332926 
Elapsed: 13.677629470825195

*** Epoch 0, batch 70/3218 ***
Training fitness: 0.9642184557438794
Model size: (12, 25) 
Validation fitness: 0.9535916163643777 
Elapsed: 16.654481649398804

*** Epoch 0, batch 71/3218 ***
Training fitness: 0.9478321283421489
Model size: (13, 19) 
Validation fitness: 0.9484682175978429 
Elapsed: 11.413078308105469

*** Epoch 0, batch 72/3218 ***
Training fitness: 0.9516728624535316
Model size: (11, 21) 
Validation fitness: 0.9538147309332926 
Elapsed: 11.730647087097168

*** Epoch 0, batch 73/3218 ***
Training fitness: 0.9624060150375939
Model size: (12, 18) 
Validation fitness: 0.9538147309332926 
Elapsed: 6.676979303359985

*** Epoch 0, batch 74/3218 ***
Training fitness: 0.9482080622769515
Model size: (15, 15) 
Validation fitness: 0.957391290913763 
Elapsed: 10.378441333770752

*** Epoch 0, batch 75/3218 ***
Training fitness: 0.9598497968568618
Model size: (19, 26) 
Validation fitness: 0.9550148849587384 
Elapsed: 19.129716157913208

*** Epoch 0, batch 76/3218 ***
Training fitness: 0.9615487627879802
Model size: (12, 16) 
Validation fitness: 0.9540536944871577 
Elapsed: 8.68711519241333

*** Epoch 0, batch 77/3218 ***
Training fitness: 0.9624060150375939
Model size: (11, 12) 
Validation fitness: 0.960492560950525 
Elapsed: 13.307632207870483

*** Epoch 0, batch 78/3218 ***
Training fitness: 0.9642184557438794
Model size: (12, 13) 
Validation fitness: 0.9538147309332926 
Elapsed: 9.677446603775024

*** Epoch 0, batch 79/3218 ***
Training fitness: 0.9719481794773749
Model size: (11, 15) 
Validation fitness: 0.9591793977453325 
Elapsed: 11.19335150718689

*** Epoch 0, batch 80/3218 ***
Training fitness: 0.9656542096285532
Model size: (10, 10) 
Validation fitness: 0.9506068804487552 
Elapsed: 13.845848321914673

*** Epoch 0, batch 81/3218 ***
Training fitness: 0.967158256595197
Model size: (11, 13) 
Validation fitness: 0.9573528324285707 
Elapsed: 11.950523853302002

*** Epoch 0, batch 82/3218 ***
Training fitness: 0.9496600475246483
Model size: (9, 11) 
Validation fitness: 0.9607573565439534 
Elapsed: 13.89342975616455

*** Epoch 0, batch 83/3218 ***
Training fitness: 0.945509667978337
Model size: (14, 27) 
Validation fitness: 0.9566125962673517 
Elapsed: 10.278488159179688

*** Epoch 0, batch 84/3218 ***
Training fitness: 0.9625886102352148
Model size: (13, 14) 
Validation fitness: 0.9555606502756689 
Elapsed: 8.738603115081787

*** Epoch 0, batch 85/3218 ***
Training fitness: 0.9513161510415015
Model size: (13, 20) 
Validation fitness: 0.9498063253591956 
Elapsed: 11.040581226348877

*** Epoch 0, batch 86/3218 ***
Training fitness: 0.9696969696969697
Model size: (13, 15) 
Validation fitness: 0.9538147309332926 
Elapsed: 9.036628007888794

*** Epoch 0, batch 87/3218 ***
Training fitness: 0.9550558996467226
Model size: (13, 19) 
Validation fitness: 0.9575163853013298 
Elapsed: 10.867260694503784

*** Epoch 0, batch 88/3218 ***
Training fitness: 0.9665688401612873
Model size: (12, 21) 
Validation fitness: 0.9541743020910327 
Elapsed: 9.47836422920227

*** Epoch 0, batch 89/3218 ***
Training fitness: 0.977977378448837
Model size: (18, 22) 
Validation fitness: 0.9539745575466718 
Elapsed: 8.87212061882019

*** Epoch 0, batch 90/3218 ***
Training fitness: 0.9452766616392201
Model size: (13, 15) 
Validation fitness: 0.95853606581143 
Elapsed: 10.38127851486206

*** Epoch 0, batch 91/3218 ***
Training fitness: 0.9569499563549396
Model size: (17, 24) 
Validation fitness: 0.9616468074846785 
Elapsed: 15.570662498474121

*** Epoch 0, batch 92/3218 ***
Training fitness: 0.9678422070264886
Model size: (10, 13) 
Validation fitness: 0.9535873672250033 
Elapsed: 10.665424823760986

*** Epoch 0, batch 93/3218 ***
Training fitness: 0.9476043306076655
Model size: (11, 15) 
Validation fitness: 0.9566342517976375 
Elapsed: 11.652055263519287

*** Epoch 0, batch 94/3218 ***
Training fitness: 0.9515286594739591
Model size: (18, 23) 
Validation fitness: 0.953730184796721 
Elapsed: 9.686606168746948

*** Epoch 0, batch 95/3218 ***
Training fitness: 0.955490607307575
Model size: (16, 22) 
Validation fitness: 0.9553458341964587 
Elapsed: 12.529279947280884

*** Epoch 0, batch 96/3218 ***
Training fitness: 0.96847328315382
Model size: (20, 24) 
Validation fitness: 0.9664974914968372 
Elapsed: 13.180282831192017

*** Epoch 0, batch 97/3218 ***
Training fitness: 0.9737646254551392
Model size: (20, 25) 
Validation fitness: 0.9660328231547266 
Elapsed: 12.785150527954102

*** Epoch 0, batch 98/3218 ***
Training fitness: 0.9480239114934831
Model size: (9, 16) 
Validation fitness: 0.9511251691271525 
Elapsed: 15.793140888214111

*** Epoch 0, batch 99/3218 ***
Training fitness: 0.9660370126188623
Model size: (16, 18) 
Validation fitness: 0.9558037242447557 
Elapsed: 16.612329959869385

*** Epoch 0, batch 100/3218 ***
Training fitness: 0.9649141509929634
Model size: (22, 25) 
Validation fitness: 0.9547122975573499 
Elapsed: 15.396265745162964

*** Epoch 0, batch 101/3218 ***
Training fitness: 0.9627102265363512
Model size: (23, 27) 
Validation fitness: 0.9565131865456015 
Elapsed: 15.884519100189209

*** Epoch 0, batch 102/3218 ***
Training fitness: 0.9703179026926503
Model size: (17, 21) 
Validation fitness: 0.9657255743380546 
Elapsed: 13.887123346328735

*** Epoch 0, batch 103/3218 ***
Training fitness: 0.9463957208931365
Model size: (12, 13) 
Validation fitness: 0.9538148730536112 
Elapsed: 16.856140613555908

*** Epoch 0, batch 104/3218 ***
Training fitness: 0.9682143112393615
Model size: (14, 21) 
Validation fitness: 0.9543935942438099 
Elapsed: 22.782116651535034

*** Epoch 0, batch 105/3218 ***
Training fitness: 0.9591714253952537
Model size: (22, 25) 
Validation fitness: 0.954204576170196 
Elapsed: 15.694813251495361

*** Epoch 0, batch 106/3218 ***
Training fitness: 0.9684466849599529
Model size: (19, 28) 
Validation fitness: 0.9516974645570114 
Elapsed: 18.482629537582397

*** Epoch 0, batch 107/3218 ***
Training fitness: 0.9591845733399271
Model size: (20, 22) 
Validation fitness: 0.9538107200777322 
Elapsed: 11.833470582962036

*** Epoch 0, batch 108/3218 ***
Training fitness: 0.937303599995701
Model size: (23, 27) 
Validation fitness: 0.9513576505696968 
Elapsed: 13.979034185409546

*** Epoch 0, batch 109/3218 ***
Training fitness: 0.9679630876696909
Model size: (24, 27) 
Validation fitness: 0.9593724365157669 
Elapsed: 17.07767939567566

*** Epoch 0, batch 110/3218 ***
Training fitness: 0.9616827878070118
Model size: (15, 19) 
Validation fitness: 0.9545833859405762 
Elapsed: 15.554581880569458

*** Epoch 0, batch 111/3218 ***
Training fitness: 0.9622916178226092
Model size: (21, 29) 
Validation fitness: 0.9533778349573803 
Elapsed: 15.134060621261597

*** Epoch 0, batch 112/3218 ***
Training fitness: 0.9492021342408808
Model size: (20, 23) 
Validation fitness: 0.9495288608446221 
Elapsed: 13.613187313079834

*** Epoch 0, batch 113/3218 ***
Training fitness: 0.9624598498739998
Model size: (21, 29) 
Validation fitness: 0.9538720193266553 
Elapsed: 17.046541690826416

*** Epoch 0, batch 114/3218 ***
Training fitness: 0.9624048794782024
Model size: (22, 31) 
Validation fitness: 0.9554318524848417 
Elapsed: 23.166354656219482

*** Epoch 0, batch 115/3218 ***
Training fitness: 0.9450383157598816
Model size: (24, 37) 
Validation fitness: 0.954032772329727 
Elapsed: 19.477311611175537

*** Epoch 0, batch 116/3218 ***
Training fitness: 0.9526326837039472
Model size: (22, 22) 
Validation fitness: 0.9569661949327862 
Elapsed: 18.527785539627075

*** Epoch 0, batch 117/3218 ***
Training fitness: 0.9538373331061407
Model size: (23, 29) 
Validation fitness: 0.9573638692401998 
Elapsed: 18.354610681533813

*** Epoch 0, batch 118/3218 ***
Training fitness: 0.9446494464973725
Model size: (22, 30) 
Validation fitness: 0.9542150494663065 
Elapsed: 25.657777786254883

*** Epoch 0, batch 119/3218 ***
Training fitness: 0.9516728624535316
Model size: (24, 31) 
Validation fitness: 0.955630907027513 
Elapsed: 18.154024362564087

*** Epoch 0, batch 120/3218 ***
Training fitness: 0.9682938590127637
Model size: (29, 40) 
Validation fitness: 0.9661353177677519 
Elapsed: 16.80375099182129

*** Epoch 0, batch 121/3218 ***
Training fitness: 0.940812430515395
Model size: (17, 27) 
Validation fitness: 0.9547544335532447 
Elapsed: 14.305477857589722

*** Epoch 0, batch 122/3218 ***
Training fitness: 0.9606003752345216
Model size: (24, 33) 
Validation fitness: 0.9568858534437837 
Elapsed: 16.99865174293518

*** Epoch 0, batch 123/3218 ***
Training fitness: 0.9593113795728729
Model size: (23, 24) 
Validation fitness: 0.9658923415293694 
Elapsed: 12.276405334472656

*** Epoch 0, batch 124/3218 ***
Training fitness: 0.9575124616623899
Model size: (24, 27) 
Validation fitness: 0.9673956678547625 
Elapsed: 13.153723239898682

*** Epoch 0, batch 125/3218 ***
Training fitness: 0.971171691665895
Model size: (25, 28) 
Validation fitness: 0.9646864011958811 
Elapsed: 13.852582454681396

*** Epoch 0, batch 126/3218 ***
Training fitness: 0.9642340290312045
Model size: (19, 30) 
Validation fitness: 0.9538707121549929 
Elapsed: 24.12520694732666

*** Epoch 0, batch 127/3218 ***
Training fitness: 0.9614335246540614
Model size: (24, 27) 
Validation fitness: 0.967883219748661 
Elapsed: 15.992615461349487

*** Epoch 0, batch 128/3218 ***
Training fitness: 0.9531348299623364
Model size: (21, 25) 
Validation fitness: 0.9538820323809163 
Elapsed: 17.8859601020813

*** Epoch 0, batch 129/3218 ***
Training fitness: 0.9650423967308861
Model size: (21, 24) 
Validation fitness: 0.9563968569528033 
Elapsed: 18.804443359375

*** Epoch 0, batch 130/3218 ***
Training fitness: 0.966162157612827
Model size: (21, 25) 
Validation fitness: 0.9524527511834666 
Elapsed: 21.166362047195435

*** Epoch 0, batch 131/3218 ***
Training fitness: 0.9467536158618372
Model size: (20, 22) 
Validation fitness: 0.956260487622552 
Elapsed: 22.460503101348877

*** Epoch 0, batch 132/3218 ***
Training fitness: 0.9588014981273408
Model size: (16, 22) 
Validation fitness: 0.9572123416425281 
Elapsed: 26.32583737373352

*** Epoch 0, batch 133/3218 ***
Training fitness: 0.9577660191727485
Model size: (26, 27) 
Validation fitness: 0.9568819029562879 
Elapsed: 26.245068073272705

*** Epoch 0, batch 134/3218 ***
Training fitness: 0.9499072356215214
Model size: (24, 34) 
Validation fitness: 0.957447821196165 
Elapsed: 35.89211297035217

*** Epoch 0, batch 135/3218 ***
Training fitness: 0.9736354017004681
Model size: (25, 22) 
Validation fitness: 0.9617160312883053 
Elapsed: 32.323185443878174

*** Epoch 0, batch 136/3218 ***
Training fitness: 0.9653074378492819
Model size: (21, 25) 
Validation fitness: 0.9677849825984621 
Elapsed: 36.075843334198

*** Epoch 0, batch 137/3218 ***
Training fitness: 0.9606139441284314
Model size: (20, 27) 
Validation fitness: 0.9634579494003638 
Elapsed: 41.365843772888184

*** Epoch 0, batch 138/3218 ***
Training fitness: 0.9654033052284902
Model size: (27, 32) 
Validation fitness: 0.9669851076612852 
Elapsed: 41.1896755695343

*** Epoch 0, batch 139/3218 ***
Training fitness: 0.9635554082451484
Model size: (19, 20) 
Validation fitness: 0.9615133965079409 
Elapsed: 48.046923875808716

*** Epoch 0, batch 140/3218 ***
Training fitness: 0.9673730004543448
Model size: (19, 20) (!)
Validation fitness: 0.9713469154754014 (!)
Elapsed: 51.160866260528564

*** Epoch 0, batch 141/3218 ***
Training fitness: 0.9617647910165986
Model size: (33, 38) 
Validation fitness: 0.9675721213221298 
Elapsed: 52.25326418876648

*** Epoch 0, batch 142/3218 ***
Training fitness: 0.9736546093512384
Model size: (26, 29) (!)
Validation fitness: 0.9721408067490218 (!)
Elapsed: 36.30488872528076

*** Epoch 0, batch 143/3218 ***
Training fitness: 0.9481467200274315
Model size: (26, 25) 
Validation fitness: 0.9566595526234096 
Elapsed: 39.474034547805786

*** Epoch 0, batch 144/3218 ***
Training fitness: 0.9899379315046035
Model size: (25, 24) 
Validation fitness: 0.9715483864026443 
Elapsed: 46.156280279159546

*** Epoch 0, batch 145/3218 ***
Training fitness: 0.9594900419131246
Model size: (26, 26) 
Validation fitness: 0.9630802889031685 
Elapsed: 47.66907501220703

*** Epoch 0, batch 146/3218 ***
Training fitness: 0.9676908248789793
Model size: (23, 27) 
Validation fitness: 0.9666688286635141 
Elapsed: 43.72696828842163

*** Epoch 0, batch 147/3218 ***
Training fitness: 0.9752378094970864
Model size: (26, 30) 
Validation fitness: 0.9648721805425152 
Elapsed: 55.30890393257141

*** Epoch 0, batch 148/3218 ***
Training fitness: 0.968891747542279
Model size: (33, 39) 
Validation fitness: 0.9667174873565976 
Elapsed: 53.860477685928345

*** Epoch 0, batch 149/3218 ***
Training fitness: 0.9765230004126414
Model size: (34, 39) 
Validation fitness: 0.9628694331457953 
Elapsed: 59.733668088912964

*** Epoch 0, batch 150/3218 ***
Training fitness: 0.97049757323092
Model size: (22, 25) 
Validation fitness: 0.9615558691053938 
Elapsed: 64.69845485687256

*** Epoch 0, batch 151/3218 ***
Training fitness: 0.9639668931105634
Model size: (26, 30) 
Validation fitness: 0.9716271952568891 
Elapsed: 68.1305103302002

*** Epoch 0, batch 152/3218 ***
Training fitness: 0.9741431794385003
Model size: (25, 25) 
Validation fitness: 0.9670052396309381 
Elapsed: 71.99229526519775

*** Epoch 0, batch 153/3218 ***
Training fitness: 0.9743251811099907
Model size: (25, 31) 
Validation fitness: 0.958675117544217 
Elapsed: 79.9944384098053

*** Epoch 0, batch 154/3218 ***
Training fitness: 0.9627918288680436
Model size: (26, 29) 
Validation fitness: 0.9675483212350077 
Elapsed: 81.0014500617981

*** Epoch 0, batch 155/3218 ***
Training fitness: 0.9579205618186086
Model size: (30, 32) 
Validation fitness: 0.9659850342682854 
Elapsed: 85.96008658409119

*** Epoch 0, batch 156/3218 ***
Training fitness: 0.9722710061132159
Model size: (29, 30) 
Validation fitness: 0.9710932299788555 
Elapsed: 90.71219563484192

*** Epoch 0, batch 157/3218 ***
Training fitness: 0.9668006136402575
Model size: (24, 23) 
Validation fitness: 0.9623680235702261 
Elapsed: 96.79578948020935

*** Epoch 0, batch 158/3218 ***
Training fitness: 0.9648576830375875
Model size: (28, 31) 
Validation fitness: 0.9634429706504758 
Elapsed: 102.97127556800842

*** Epoch 0, batch 159/3218 ***
Training fitness: 0.9680534238532484
Model size: (26, 27) 
Validation fitness: 0.9680462348305563 
Elapsed: 106.4645791053772

*** Epoch 0, batch 160/3218 ***
Training fitness: 0.977586545120631
Model size: (31, 30) 
Validation fitness: 0.9623708548564018 
Elapsed: 104.56532192230225

*** Epoch 0, batch 161/3218 ***
Training fitness: 0.9723819640113821
Model size: (22, 22) 
Validation fitness: 0.9609249898239167 
Elapsed: 108.88111066818237

*** Epoch 0, batch 162/3218 ***
Training fitness: 0.9678638941398866
Model size: (29, 26) 
Validation fitness: 0.9663297851080251 
Elapsed: 116.4325590133667

*** Epoch 0, batch 163/3218 ***
Training fitness: 0.9545844389403734
Model size: (28, 40) 
Validation fitness: 0.9598128256803562 
Elapsed: 123.442312002182

*** Epoch 0, batch 164/3218 ***
Training fitness: 0.9697110678885388
Model size: (27, 34) 
Validation fitness: 0.968418318646958 
Elapsed: 132.56332302093506

*** Epoch 0, batch 165/3218 ***
Training fitness: 0.9642184619775327
Model size: (30, 27) 
Validation fitness: 0.9639241443391338 
Elapsed: 36.194153785705566

*** Epoch 0, batch 166/3218 ***
Training fitness: 0.9622567752484043
Model size: (31, 29) 
Validation fitness: 0.9629177658906534 
Elapsed: 37.90269637107849

*** Epoch 0, batch 167/3218 ***
Training fitness: 0.9627188341129241
Model size: (27, 27) 
Validation fitness: 0.9524052724154204 
Elapsed: 40.55445122718811

*** Epoch 0, batch 168/3218 ***
Training fitness: 0.9800701867977967
Model size: (31, 37) 
Validation fitness: 0.9703867016794078 
Elapsed: 40.91020703315735

*** Epoch 0, batch 169/3218 ***
Training fitness: 0.9696969696969697
Model size: (28, 29) 
Validation fitness: 0.9667279703773152 
Elapsed: 40.66700553894043

*** Epoch 0, batch 170/3218 ***
Training fitness: 0.9574767478582973
Model size: (33, 30) 
Validation fitness: 0.954750262191598 
Elapsed: 38.183085203170776

*** Epoch 0, batch 171/3218 ***
Training fitness: 0.9701041487334293
Model size: (19, 21) 
Validation fitness: 0.9617260045626833 
Elapsed: 41.60844612121582

*** Epoch 0, batch 172/3218 ***
Training fitness: 0.9645738133177854
Model size: (26, 27) 
Validation fitness: 0.9644450608621015 
Elapsed: 42.77826523780823

*** Epoch 0, batch 173/3218 ***
Training fitness: 0.9733630696957429
Model size: (33, 42) 
Validation fitness: 0.9605017827184348 
Elapsed: 44.439860582351685

*** Epoch 0, batch 174/3218 ***
Training fitness: 0.9701246925817204
Model size: (33, 39) 
Validation fitness: 0.9686282317460555 
Elapsed: 44.81459951400757

*** Epoch 0, batch 175/3218 ***
Training fitness: 0.9656685554877876
Model size: (33, 37) 
Validation fitness: 0.9682697509156393 
Elapsed: 46.38117551803589

*** Epoch 0, batch 176/3218 ***
Training fitness: 0.9668643623657388
Model size: (28, 26) 
Validation fitness: 0.9551473683774347 
Elapsed: 20.248398065567017

*** Epoch 0, batch 177/3218 ***
Training fitness: 0.9606064225903184
Model size: (26, 24) 
Validation fitness: 0.9651422325636422 
Elapsed: 17.84689497947693

*** Epoch 0, batch 178/3218 ***
Training fitness: 0.96184129393947
Model size: (30, 32) 
Validation fitness: 0.9629721394550746 
Elapsed: 17.384876012802124

*** Epoch 0, batch 179/3218 ***
Training fitness: 0.9648513804243273
Model size: (28, 29) 
Validation fitness: 0.9706404451399236 
Elapsed: 20.62619638442993

*** Epoch 0, batch 180/3218 ***
Training fitness: 0.963778325421368
Model size: (30, 33) 
Validation fitness: 0.9602783907382874 
Elapsed: 18.058110237121582

*** Epoch 0, batch 181/3218 ***
Training fitness: 0.9471803118195344
Model size: (31, 35) 
Validation fitness: 0.9608361489985418 
Elapsed: 18.903746128082275

*** Epoch 0, batch 182/3218 ***
Training fitness: 0.9624769213659591
Model size: (28, 28) 
Validation fitness: 0.9556821803565723 
Elapsed: 19.459067821502686

*** Epoch 0, batch 183/3218 ***
Training fitness: 0.9637206060705266
Model size: (30, 31) 
Validation fitness: 0.9577098589534635 
Elapsed: 20.05838704109192

*** Epoch 0, batch 184/3218 ***
Training fitness: 0.9748795473537368
Model size: (24, 22) 
Validation fitness: 0.9674253140942671 
Elapsed: 20.95412802696228

*** Epoch 0, batch 185/3218 ***
Training fitness: 0.9840263571521926
Model size: (23, 21) 
Validation fitness: 0.9693494572372892 
Elapsed: 20.32262897491455

*** Epoch 0, batch 186/3218 ***
Training fitness: 0.9592963407732645
Model size: (30, 38) 
Validation fitness: 0.9540946378722679 
Elapsed: 25.251834630966187

*** Epoch 0, batch 187/3218 ***
Training fitness: 0.9597361996408812
Model size: (24, 24) 
Validation fitness: 0.9672953579841113 
Elapsed: 23.48010492324829

*** Epoch 0, batch 188/3218 ***
Training fitness: 0.9617646825340885
Model size: (23, 23) 
Validation fitness: 0.9567284539829239 
Elapsed: 24.308568954467773

*** Epoch 0, batch 189/3218 ***
Training fitness: 0.9563736816255828
Model size: (28, 24) 
Validation fitness: 0.9573558325706119 
Elapsed: 26.219903230667114

*** Epoch 0, batch 190/3218 ***
Training fitness: 0.9529774476303778
Model size: (25, 26) 
Validation fitness: 0.9635818451058463 
Elapsed: 27.216662406921387

*** Epoch 0, batch 191/3218 ***
Training fitness: 0.9627603641191976
Model size: (29, 29) 
Validation fitness: 0.9582783198850656 
Elapsed: 29.30311417579651

*** Epoch 0, batch 192/3218 ***
Training fitness: 0.9452649671765024
Model size: (25, 25) 
Validation fitness: 0.9568631545141637 
Elapsed: 29.173956394195557

*** Epoch 0, batch 193/3218 ***
Training fitness: 0.9534038562771382
Model size: (30, 38) 
Validation fitness: 0.9552232123874751 
Elapsed: 31.41272759437561

*** Epoch 0, batch 194/3218 ***
Training fitness: 0.9730351445721412
Model size: (26, 28) 
Validation fitness: 0.9683182695586248 
Elapsed: 26.69225525856018

*** Epoch 0, batch 195/3218 ***
Training fitness: 0.9678638941425074
Model size: (24, 21) 
Validation fitness: 0.9566842604675423 
Elapsed: 18.32458186149597

*** Epoch 0, batch 196/3218 ***
Training fitness: 0.9645616825940684
Model size: (31, 33) 
Validation fitness: 0.9695794228960505 
Elapsed: 19.293777227401733

*** Epoch 0, batch 197/3218 ***
Training fitness: 0.9554997039935375
Model size: (37, 38) 
Validation fitness: 0.9623564661026762 
Elapsed: 19.287663221359253

*** Epoch 0, batch 198/3218 ***
Training fitness: 0.9710153969262155
Model size: (31, 35) 
Validation fitness: 0.9673075082258522 
Elapsed: 19.416722297668457

*** Epoch 0, batch 199/3218 ***
Training fitness: 0.9629074097583069
Model size: (32, 33) 
Validation fitness: 0.9553004502961764 
Elapsed: 19.479376792907715

*** Epoch 0, batch 200/3218 ***
Training fitness: 0.970131424284855
Model size: (23, 17) 
Validation fitness: 0.9617716116961874 
Elapsed: 19.737995386123657

*** Epoch 0, batch 201/3218 ***
Training fitness: 0.9590103773342847
Model size: (31, 28) 
Validation fitness: 0.9681179612777049 
Elapsed: 7.032253265380859

*** Epoch 0, batch 202/3218 ***
Training fitness: 0.9829829832607035
Model size: (32, 29) 
Validation fitness: 0.9700240261126267 
Elapsed: 6.942732095718384

*** Epoch 0, batch 203/3218 ***
Training fitness: 0.965349209486511
Model size: (28, 32) 
Validation fitness: 0.9603274188305543 
Elapsed: 6.364962577819824

*** Epoch 0, batch 204/3218 ***
Training fitness: 0.9567836464864587
Model size: (29, 31) 
Validation fitness: 0.9630814779390984 
Elapsed: 6.24210262298584

*** Epoch 0, batch 205/3218 ***
Training fitness: 0.9526300282989526
Model size: (32, 30) 
Validation fitness: 0.9573203870755711 
Elapsed: 6.986363649368286

*** Epoch 0, batch 206/3218 ***
Training fitness: 0.9638145045127064
Model size: (32, 32) 
Validation fitness: 0.9696151396514054 
Elapsed: 6.831018447875977

*** Epoch 0, batch 207/3218 ***
Training fitness: 0.9548753688465144
Model size: (37, 43) 
Validation fitness: 0.9526158341521778 
Elapsed: 10.93963360786438

*** Epoch 0, batch 208/3218 ***
Training fitness: 0.9501106296227856
Model size: (13, 17) 
Validation fitness: 0.9555914826258638 
Elapsed: 8.640427350997925

*** Epoch 0, batch 209/3218 ***
Training fitness: 0.9603831522031083
Model size: (32, 38) 
Validation fitness: 0.9556853116783874 
Elapsed: 7.976847887039185

*** Epoch 0, batch 210/3218 ***
Training fitness: 0.9630293532737404
Model size: (35, 40) 
Validation fitness: 0.9558175177595494 
Elapsed: 6.628557443618774

*** Epoch 0, batch 211/3218 ***
Training fitness: 0.9652894233714546
Model size: (33, 41) 
Validation fitness: 0.954285096076246 
Elapsed: 6.3993730545043945

*** Epoch 0, batch 212/3218 ***
Training fitness: 0.9535085128086843
Model size: (34, 40) 
Validation fitness: 0.9540914367960357 
Elapsed: 7.52171516418457

*** Epoch 0, batch 213/3218 ***
Training fitness: 0.9660377358490566
Model size: (31, 40) 
Validation fitness: 0.9573821554963128 
Elapsed: 8.586318016052246

*** Epoch 0, batch 214/3218 ***
Training fitness: 0.9524807708910064
Model size: (39, 36) 
Validation fitness: 0.9545962728934153 
Elapsed: 7.162386894226074

*** Epoch 0, batch 215/3218 ***
Training fitness: 0.9630813834909839
Model size: (37, 36) 
Validation fitness: 0.9576598462733145 
Elapsed: 8.588043928146362

*** Epoch 0, batch 216/3218 ***
Training fitness: 0.9429097605893186
Model size: (21, 27) 
Validation fitness: 0.9565345593648719 
Elapsed: 10.751433849334717

*** Epoch 0, batch 217/3218 ***
Training fitness: 0.9588018649241788
Model size: (37, 47) 
Validation fitness: 0.9538237072828901 
Elapsed: 6.948278427124023

*** Epoch 0, batch 218/3218 ***
Training fitness: 0.9541276970079311
Model size: (16, 16) 
Validation fitness: 0.9544668479749365 
Elapsed: 4.56580662727356

*** Epoch 0, batch 219/3218 ***
Training fitness: 0.9635554678101029
Model size: (14, 26) 
Validation fitness: 0.9528777284256016 
Elapsed: 8.982779502868652

*** Epoch 0, batch 220/3218 ***
Training fitness: 0.9552238860953995
Model size: (37, 44) 
Validation fitness: 0.953882159109387 
Elapsed: 3.9154775142669678

*** Epoch 0, batch 221/3218 ***
Training fitness: 0.9552238907036615
Model size: (38, 46) 
Validation fitness: 0.9537266374999742 
Elapsed: 3.8737144470214844

*** Epoch 0, batch 222/3218 ***
Training fitness: 0.955242662043339
Model size: (39, 47) 
Validation fitness: 0.9534247046529929 
Elapsed: 3.9552879333496094

*** Epoch 0, batch 223/3218 ***
Training fitness: 0.9624060230922844
Model size: (39, 46) 
Validation fitness: 0.9537983663939792 
Elapsed: 3.921105146408081

*** Epoch 0, batch 224/3218 ***
Training fitness: 0.9481889979986466
Model size: (40, 48) 
Validation fitness: 0.9538502495125526 
Elapsed: 3.8194191455841064

*** Epoch 0, batch 225/3218 ***
Training fitness: 0.9644155818674194
Model size: (20, 31) 
Validation fitness: 0.9574795856912847 
Elapsed: 8.274281024932861

*** Epoch 0, batch 226/3218 ***
Training fitness: 0.9433264929655104
Model size: (39, 44) 
Validation fitness: 0.9562542924507276 
Elapsed: 4.040823698043823

*** Epoch 0, batch 227/3218 ***
Training fitness: 0.9505011134477555
Model size: (16, 27) 
Validation fitness: 0.9540938862585151 
Elapsed: 3.4361677169799805

*** Epoch 0, batch 228/3218 ***
Training fitness: 0.9589242246060058
Model size: (21, 35) 
Validation fitness: 0.9539290632169484 
Elapsed: 7.89580774307251

*** Epoch 0, batch 229/3218 ***
Training fitness: 0.9552238806063009
Model size: (14, 19) 
Validation fitness: 0.9540099883516862 
Elapsed: 5.438759803771973

*** Epoch 0, batch 230/3218 ***
Training fitness: 0.9624060150375939
Model size: (19, 29) 
Validation fitness: 0.9538147309332926 
Elapsed: 6.711973667144775

*** Epoch 0, batch 231/3218 ***
Training fitness: 0.9481481481481482
Model size: (21, 28) 
Validation fitness: 0.9538147236809086 
Elapsed: 6.177354574203491

*** Epoch 0, batch 232/3218 ***
Training fitness: 0.9709850651824855
Model size: (21, 28) 
Validation fitness: 0.9616772932407709 
Elapsed: 5.482011079788208

*** Epoch 0, batch 233/3218 ***
Training fitness: 0.9394495412844037
Model size: (15, 20) 
Validation fitness: 0.9538147309332926 
Elapsed: 3.05810284614563

*** Epoch 0, batch 234/3218 ***
Training fitness: 0.9481481481481482
Model size: (33, 31) 
Validation fitness: 0.9538147309332926 
Elapsed: 3.821136236190796

*** Epoch 0, batch 235/3218 ***
Training fitness: 0.9446494464944649
Model size: (20, 27) 
Validation fitness: 0.9538147309332926 
Elapsed: 5.687390327453613

*** Epoch 0, batch 236/3218 ***
Training fitness: 0.9624060150375939
Model size: (34, 32) 
Validation fitness: 0.9538147309332926 
Elapsed: 4.4789018630981445

*** Epoch 0, batch 237/3218 ***
Training fitness: 0.9552238805970149
Model size: (22, 31) 
Validation fitness: 0.9538147309332926 
Elapsed: 6.2235612869262695

*** Epoch 0, batch 238/3218 ***
Training fitness: 0.9588014981273408
Model size: (18, 24) 
Validation fitness: 0.9538147309332926 
Elapsed: 2.978201389312744

*** Epoch 0, batch 239/3218 ***
Training fitness: 0.9588014981273408
Model size: (19, 26) 
Validation fitness: 0.9548660745194354 
Elapsed: 10.771522998809814

*** Epoch 0, batch 240/3218 ***
Training fitness: 0.9588014981273408
Model size: (24, 35) 
Validation fitness: 0.9538147309332926 
Elapsed: 6.362561225891113

*** Epoch 0, batch 241/3218 ***
Training fitness: 0.9619691447210026
Model size: (36, 35) 
Validation fitness: 0.9578793110428926 
Elapsed: 4.077340602874756

*** Epoch 0, batch 242/3218 ***
Training fitness: 0.9592409818564512
Model size: (37, 36) 
Validation fitness: 0.9555868987270233 
Elapsed: 4.386067628860474

*** Epoch 0, batch 243/3218 ***
Training fitness: 0.9377289377289377
Model size: (18, 21) 
Validation fitness: 0.9538147309332926 
Elapsed: 2.994908094406128

*** Epoch 0, batch 244/3218 ***
Training fitness: 0.9499072356215214
Model size: (21, 25) 
Validation fitness: 0.9538147309332926 
Elapsed: 6.063848495483398

*** Epoch 0, batch 245/3218 ***
Training fitness: 0.9606003752345216
Model size: (39, 40) 
Validation fitness: 0.9538147309332926 
Elapsed: 3.579322099685669

*** Epoch 0, batch 246/3218 ***
Training fitness: 0.9588044982591976
Model size: (22, 29) 
Validation fitness: 0.9538136787086459 
Elapsed: 5.7382402420043945

*** Epoch 0, batch 247/3218 ***
Training fitness: 0.9499686651946332
Model size: (22, 29) 
Validation fitness: 0.9538696638797289 
Elapsed: 5.81809139251709

*** Epoch 0, batch 248/3218 ***
Training fitness: 0.9481481481481482
Model size: (27, 32) 
Validation fitness: 0.9538239772491256 
Elapsed: 3.531982660293579

*** Epoch 0, batch 249/3218 ***
Training fitness: 0.9623466272626757
Model size: (31, 28) 
Validation fitness: 0.9639938844949903 
Elapsed: 3.490025520324707

*** Epoch 0, batch 250/3218 ***
Training fitness: 0.9601401490542437
Model size: (31, 26) 
Validation fitness: 0.9606632990826313 
Elapsed: 3.5653369426727295

*** Epoch 0, batch 251/3218 ***
Training fitness: 0.9556461026933658
Model size: (35, 31) 
Validation fitness: 0.9572029918424436 
Elapsed: 3.914351463317871

*** Epoch 0, batch 252/3218 ***
Training fitness: 0.9603649670883155
Model size: (35, 33) 
Validation fitness: 0.9539798598750058 
Elapsed: 3.557107925415039

*** Epoch 0, batch 253/3218 ***
Training fitness: 0.9499072356215214
Model size: (30, 26) 
Validation fitness: 0.9538147309332926 
Elapsed: 3.4630770683288574

*** Epoch 0, batch 254/3218 ***
Training fitness: 0.9516728624535316
Model size: (29, 33) 
Validation fitness: 0.9538147309332926 
Elapsed: 5.647075414657593

*** Epoch 0, batch 255/3218 ***
Training fitness: 0.9499072368147827
Model size: (45, 51) 
Validation fitness: 0.9538147319055106 
Elapsed: 8.067835569381714

*** Epoch 0, batch 256/3218 ***
Training fitness: 0.9552238805970149
Model size: (44, 50) 
Validation fitness: 0.9538147309332926 
Elapsed: 5.362770080566406

*** Epoch 0, batch 257/3218 ***
Training fitness: 0.9570093457943926
Model size: (32, 43) 
Validation fitness: 0.9538147309332926 
Elapsed: 5.935635089874268

*** Epoch 0, batch 258/3218 ***
Training fitness: 0.9449690883554972
Model size: (25, 31) 
Validation fitness: 0.9549212987544073 
Elapsed: 4.841184854507446

*** Epoch 0, batch 259/3218 ***
Training fitness: 0.9488710233977603
Model size: (32, 45) 
Validation fitness: 0.9558439484723661 
Elapsed: 6.30643367767334

*** Epoch 0, batch 260/3218 ***
Training fitness: 0.9499072356215214
Model size: (31, 34) 
Validation fitness: 0.9538147309332926 
Elapsed: 5.50510311126709

*** Epoch 0, batch 261/3218 ***
Training fitness: 0.9696969798734633
Model size: (30, 32) 
Validation fitness: 0.9538147461894356 
Elapsed: 6.017988443374634

*** Epoch 0, batch 262/3218 ***
Training fitness: 0.9667459878336612
Model size: (32, 41) 
Validation fitness: 0.951767920542573 
Elapsed: 5.5785980224609375

*** Epoch 0, batch 263/3218 ***
Training fitness: 0.9619531001928717
Model size: (42, 43) 
Validation fitness: 0.9650751497833044 
Elapsed: 7.833944082260132

*** Epoch 0, batch 264/3218 ***
Training fitness: 0.948149645257252
Model size: (27, 33) 
Validation fitness: 0.9538160723775162 
Elapsed: 6.427234411239624

*** Epoch 0, batch 265/3218 ***
Training fitness: 0.9624060150375939
Model size: (27, 34) 
Validation fitness: 0.9534901037121266 
Elapsed: 4.826520681381226

*** Epoch 0, batch 266/3218 ***
Training fitness: 0.9618922350988511
Model size: (39, 35) 
Validation fitness: 0.9554150071700123 
Elapsed: 5.870210886001587

*** Epoch 0, batch 267/3218 ***
Training fitness: 0.9737699223307742
Model size: (40, 36) 
Validation fitness: 0.9545265397996656 
Elapsed: 6.02610969543457

*** Epoch 0, batch 268/3218 ***
Training fitness: 0.953130444572168
Model size: (40, 46) 
Validation fitness: 0.9486707727710514 
Elapsed: 5.163590431213379

*** Epoch 0, batch 269/3218 ***
Training fitness: 0.9637318031798905
Model size: (33, 43) 
Validation fitness: 0.9559523957801767 
Elapsed: 7.020660161972046

*** Epoch 0, batch 270/3218 ***
Training fitness: 0.9752726717175686
Model size: (47, 54) 
Validation fitness: 0.953866172752617 
Elapsed: 6.454442262649536

*** Epoch 0, batch 271/3218 ***
Training fitness: 0.9664247156084473
Model size: (46, 50) 
Validation fitness: 0.954349772954537 
Elapsed: 7.561097621917725

*** Epoch 0, batch 272/3218 ***
Training fitness: 0.9588503866346382
Model size: (34, 45) 
Validation fitness: 0.9540900205668177 
Elapsed: 8.086243629455566

*** Epoch 0, batch 273/3218 ***
Training fitness: 0.9641112332709908
Model size: (28, 34) 
Validation fitness: 0.9538560093432348 
Elapsed: 6.621196269989014

*** Epoch 0, batch 274/3218 ***
Training fitness: 0.9587642582017248
Model size: (28, 27) 
Validation fitness: 0.9546348112164307 
Elapsed: 7.0306947231292725

*** Epoch 0, batch 275/3218 ***
Training fitness: 0.9658595203227087
Model size: (47, 49) 
Validation fitness: 0.9566346981020144 
Elapsed: 7.512475490570068

*** Epoch 0, batch 276/3218 ***
Training fitness: 0.9594903790683111
Model size: (49, 58) 
Validation fitness: 0.9706274048858164 
Elapsed: 8.640515565872192

*** Epoch 0, batch 277/3218 ***
Training fitness: 0.9659642981036051
Model size: (41, 51) 
Validation fitness: 0.9700376731904239 
Elapsed: 8.190054655075073

*** Epoch 0, batch 278/3218 ***
Training fitness: 0.9795525475496605
Model size: (42, 51) 
Validation fitness: 0.9668284038448273 
Elapsed: 8.741223335266113

*** Epoch 0, batch 279/3218 ***
Training fitness: 0.9716583772588003
Model size: (48, 61) 
Validation fitness: 0.9667422490071147 
Elapsed: 10.71419620513916

*** Epoch 0, batch 280/3218 ***
Training fitness: 0.9666052877674973
Model size: (48, 61) 
Validation fitness: 0.9620403109692615 
Elapsed: 11.013876676559448

*** Epoch 0, batch 281/3218 ***
Training fitness: 0.9628253447537779
Model size: (46, 48) 
Validation fitness: 0.9666048111839645 
Elapsed: 14.384079217910767

*** Epoch 0, batch 282/3218 ***
Training fitness: 0.9588100504928253
Model size: (49, 53) 
Validation fitness: 0.9559384372141124 
Elapsed: 12.170939683914185

*** Epoch 0, batch 283/3218 ***
Training fitness: 0.9545715517108978
Model size: (48, 49) 
Validation fitness: 0.9549576480157027 
Elapsed: 13.165623188018799

*** Epoch 0, batch 284/3218 ***
Training fitness: 0.9572995477911594
Model size: (30, 30) 
Validation fitness: 0.9617525152961242 
Elapsed: 12.435203552246094

*** Epoch 0, batch 285/3218 ***
Training fitness: 0.9664576777458971
Model size: (37, 36) 
Validation fitness: 0.9642561474753248 
Elapsed: 12.867242574691772

*** Epoch 0, batch 286/3218 ***
Training fitness: 0.9573148280127097
Model size: (46, 48) 
Validation fitness: 0.9578972495063667 
Elapsed: 9.31976842880249

*** Epoch 0, batch 287/3218 ***
Training fitness: 0.9657368026285272
Model size: (37, 29) 
Validation fitness: 0.9659068260632266 
Elapsed: 8.09747052192688

*** Epoch 0, batch 288/3218 ***
Training fitness: 0.9636926973903691
Model size: (38, 31) 
Validation fitness: 0.9652479114662486 
Elapsed: 8.461262941360474

*** Epoch 0, batch 289/3218 ***
Training fitness: 0.9562625363092907
Model size: (35, 29) 
Validation fitness: 0.9585306154221023 
Elapsed: 8.49017882347107

*** Epoch 0, batch 290/3218 ***
Training fitness: 0.9640924614150888
Model size: (35, 31) 
Validation fitness: 0.964735582693637 
Elapsed: 9.2541663646698

*** Epoch 0, batch 291/3218 ***
Training fitness: 0.9615037796130413
Model size: (35, 30) 
Validation fitness: 0.9612267459953657 
Elapsed: 8.497227668762207

*** Epoch 0, batch 292/3218 ***
Training fitness: 0.9602171582622309
Model size: (43, 41) 
Validation fitness: 0.9656979141202471 
Elapsed: 9.815661191940308

*** Epoch 0, batch 293/3218 ***
Training fitness: 0.9715370018975332
Model size: (39, 35) 
Validation fitness: 0.9660444494935837 
Elapsed: 10.655647993087769

*** Epoch 0, batch 294/3218 ***
Training fitness: 0.9622772331139752
Model size: (38, 33) 
Validation fitness: 0.9639651506042358 
Elapsed: 10.959338188171387

*** Epoch 0, batch 295/3218 ***
Training fitness: 0.9661493338732854
Model size: (38, 32) 
Validation fitness: 0.9653445872010683 
Elapsed: 11.847816705703735

*** Epoch 0, batch 296/3218 ***
Training fitness: 0.9669717856499473
Model size: (31, 26) 
Validation fitness: 0.9559554276524302 
Elapsed: 13.503973722457886

*** Epoch 0, batch 297/3218 ***
Training fitness: 0.9741222390974802
Model size: (40, 37) 
Validation fitness: 0.9574827052022383 
Elapsed: 13.91658616065979

*** Epoch 0, batch 298/3218 ***
Training fitness: 0.9574245616118967
Model size: (44, 47) 
Validation fitness: 0.9518941307442033 
Elapsed: 17.203343152999878

*** Epoch 0, batch 299/3218 ***
Training fitness: 0.9750992438951229
Model size: (37, 27) 
Validation fitness: 0.9671054728466195 
Elapsed: 17.663042783737183

*** Epoch 0, batch 300/3218 ***
Training fitness: 0.9686386081773269
Model size: (40, 33) 
Validation fitness: 0.9654957242487905 
Elapsed: 18.433945655822754

*** Epoch 0, batch 301/3218 ***
Training fitness: 0.9586666246270458
Model size: (46, 51) 
Validation fitness: 0.9621014935664767 
Elapsed: 22.139416217803955

*** Epoch 0, batch 302/3218 ***
Training fitness: 0.9544713809113261
Model size: (42, 44) 
Validation fitness: 0.9640244924906053 
Elapsed: 23.64989995956421

*** Epoch 0, batch 303/3218 ***
Training fitness: 0.9453181541603703
Model size: (36, 28) 
Validation fitness: 0.9535749966005872 
Elapsed: 26.347822427749634

*** Epoch 0, batch 304/3218 ***
Training fitness: 0.9564090210405994
Model size: (38, 46) 
Validation fitness: 0.951511829289858 
Elapsed: 29.697280168533325

*** Epoch 0, batch 305/3218 ***
Training fitness: 0.9703669245033074
Model size: (49, 52) 
Validation fitness: 0.9660772222709844 
Elapsed: 31.94576859474182

*** Epoch 0, batch 306/3218 ***
Training fitness: 0.9691161973987408
Model size: (40, 50) 
Validation fitness: 0.9589744259910821 
Elapsed: 38.54852557182312

*** Epoch 0, batch 307/3218 ***
Training fitness: 0.9762725168813556
Model size: (41, 38) 
Validation fitness: 0.9654095575133507 
Elapsed: 38.79155659675598

*** Epoch 0, batch 308/3218 ***
Training fitness: 0.9645867660267385
Model size: (48, 48) 
Validation fitness: 0.9633459146058264 
Elapsed: 42.5822970867157

*** Epoch 0, batch 309/3218 ***
Training fitness: 0.9730463043064642
Model size: (38, 27) 
Validation fitness: 0.9692545667682548 
Elapsed: 48.81272339820862

*** Epoch 0, batch 310/3218 ***
Training fitness: 0.9461603023360601
Model size: (42, 35) 
Validation fitness: 0.9606698367808644 
Elapsed: 53.76321363449097

*** Epoch 0, batch 311/3218 ***
Training fitness: 0.961053773294331
Model size: (43, 40) 
Validation fitness: 0.9575136758548546 
Elapsed: 60.73391246795654

*** Epoch 0, batch 312/3218 ***
Training fitness: 0.9570093457943926
Model size: (48, 55) 
Validation fitness: 0.954165248004013 
Elapsed: 66.54162359237671

*** Epoch 0, batch 313/3218 ***
Training fitness: 0.9697255503304584
Model size: (43, 41) 
Validation fitness: 0.9631028694355993 
Elapsed: 34.63212442398071

*** Epoch 0, batch 314/3218 ***
Training fitness: 0.9612468906237497
Model size: (54, 56) 
Validation fitness: 0.9621007737387733 
Elapsed: 37.75082206726074

*** Epoch 0, batch 315/3218 ***
Training fitness: 0.9700598457865013
Model size: (55, 64) 
Validation fitness: 0.9659708317699671 
Elapsed: 41.698363304138184

*** Epoch 0, batch 316/3218 ***
Training fitness: 0.9615119827790394
Model size: (54, 63) 
Validation fitness: 0.961314227817688 
Elapsed: 46.950453996658325

*** Epoch 0, batch 317/3218 ***
Training fitness: 0.971026283681305
Model size: (37, 47) 
Validation fitness: 0.9576675052155854 
Elapsed: 56.164684534072876

*** Epoch 0, batch 318/3218 ***
Training fitness: 0.9572083405575191
Model size: (39, 34) 
Validation fitness: 0.955940407038995 
Elapsed: 57.27135396003723

*** Epoch 0, batch 319/3218 ***
Training fitness: 0.9682920177466717
Model size: (34, 34) 
Validation fitness: 0.9561641719393854 
Elapsed: 58.31712889671326

*** Epoch 0, batch 320/3218 ***
Training fitness: 0.9588212411638313
Model size: (47, 55) 
Validation fitness: 0.9587151818513548 
Elapsed: 65.40674710273743

*** Epoch 0, batch 321/3218 ***
Training fitness: 0.951084275406953
Model size: (53, 63) 
Validation fitness: 0.9583460358069114 
Elapsed: 72.81350541114807

*** Epoch 0, batch 322/3218 ***
Training fitness: 0.9549895952991234
Model size: (35, 39) 
Validation fitness: 0.950564592581513 
Elapsed: 78.4302408695221

*** Epoch 0, batch 323/3218 ***
Training fitness: 0.9580126309955205
Model size: (36, 37) 
Validation fitness: 0.9551092927616884 
Elapsed: 44.10511112213135

*** Epoch 0, batch 324/3218 ***
Training fitness: 0.9754251540826565
Model size: (40, 44) 
Validation fitness: 0.9662738163722637 
Elapsed: 49.48361921310425

*** Epoch 0, batch 325/3218 ***
Training fitness: 0.9648125420343198
Model size: (49, 57) 
Validation fitness: 0.9590608118355836 
Elapsed: 52.37886905670166

*** Epoch 0, batch 326/3218 ***
Training fitness: 0.9652879778208894
Model size: (46, 37) 
Validation fitness: 0.9635787712936593 
Elapsed: 57.017492055892944

*** Epoch 0, batch 327/3218 ***
Training fitness: 0.9571629949842283
Model size: (42, 48) 
Validation fitness: 0.9580672068639289 
Elapsed: 68.00147700309753

*** Epoch 0, batch 328/3218 ***
Training fitness: 0.9518028254969054
Model size: (42, 47) 
Validation fitness: 0.957863256706274 
Elapsed: 72.68431401252747

*** Epoch 0, batch 329/3218 ***
Training fitness: 0.970665293780717
Model size: (43, 39) 
Validation fitness: 0.9659073845382112 
Elapsed: 44.60819172859192

*** Epoch 0, batch 330/3218 ***
Training fitness: 0.9449434154399281
Model size: (36, 45) 
Validation fitness: 0.9566508980143342 
Elapsed: 51.72893404960632

*** Epoch 0, batch 331/3218 ***
Training fitness: 0.9570342516693839
Model size: (52, 51) 
Validation fitness: 0.9669204311927712 
Elapsed: 54.747549295425415

*** Epoch 0, batch 332/3218 ***
Training fitness: 0.9645658722719986
Model size: (58, 66) 
Validation fitness: 0.963664039823313 
Elapsed: 60.997976541519165

*** Epoch 0, batch 333/3218 ***
Training fitness: 0.9614516840079287
Model size: (41, 42) 
Validation fitness: 0.9679103774385918 
Elapsed: 68.27519989013672

*** Epoch 0, batch 334/3218 ***
Training fitness: 0.9689249175385232
Model size: (40, 40) 
Validation fitness: 0.969925620187727 
Elapsed: 76.24988985061646

*** Epoch 0, batch 335/3218 ***
Training fitness: 0.968183894761566
Model size: (61, 77) 
Validation fitness: 0.9678866800301348 
Elapsed: 84.29725408554077

*** Epoch 0, batch 336/3218 ***
Training fitness: 0.9713043817025243
Model size: (55, 57) 
Validation fitness: 0.966412329126641 
Elapsed: 93.67201662063599

*** Epoch 0, batch 337/3218 ***
Training fitness: 0.9570093457943926
Model size: (43, 44) 
Validation fitness: 0.9570527048116577 
Elapsed: 104.69547581672668

*** Epoch 0, batch 338/3218 ***
Training fitness: 0.9617676097052982
Model size: (55, 57) 
Validation fitness: 0.9658979827759968 
Elapsed: 119.71631217002869

*** Epoch 0, batch 339/3218 ***
Training fitness: 0.9726912531572257
Model size: (55, 58) 
Validation fitness: 0.9662731232295656 
Elapsed: 134.8613531589508

*** Epoch 0, batch 340/3218 ***
Training fitness: 0.9660377358490566
Model size: (34, 32) 
Validation fitness: 0.9570413808298737 
Elapsed: 149.05338644981384

*** Epoch 0, batch 341/3218 ***
Training fitness: 0.9665309233934375
Model size: (55, 61) 
Validation fitness: 0.9590990272665835 
Elapsed: 168.40768909454346

*** Epoch 0, batch 342/3218 ***
Training fitness: 0.9644801115355408
Model size: (56, 64) 
Validation fitness: 0.966774752849356 
Elapsed: 184.9751181602478

*** Epoch 0, batch 343/3218 ***
Training fitness: 0.960600374840006
Model size: (38, 38) 
Validation fitness: 0.9566176653978355 
Elapsed: 206.1041796207428

*** Epoch 0, batch 344/3218 ***
Training fitness: 0.9684573067551261
Model size: (43, 51) 
Validation fitness: 0.962904054067733 
Elapsed: 229.2000720500946

*** Epoch 0, batch 345/3218 ***
Training fitness: 0.9604578539812503
Model size: (41, 58) 
Validation fitness: 0.9559483483870818 
Elapsed: 106.4682126045227

*** Epoch 0, batch 346/3218 ***
Training fitness: 0.9687205705400239
Model size: (42, 43) 
Validation fitness: 0.9663052238974932 
Elapsed: 115.33808135986328

*** Epoch 0, batch 347/3218 ***
Training fitness: 0.9625019065641768
Model size: (50, 36) 
Validation fitness: 0.9599549810254554 
Elapsed: 130.66785883903503

*** Epoch 0, batch 348/3218 ***
Training fitness: 0.968187104487574
Model size: (40, 42) 
Validation fitness: 0.9579287431167861 
Elapsed: 148.54879641532898

*** Epoch 0, batch 349/3218 ***
Training fitness: 0.9662813373946368
Model size: (43, 37) 
Validation fitness: 0.9596529779016355 
Elapsed: 159.00380420684814

*** Epoch 0, batch 350/3218 ***
Training fitness: 0.9689263172490381
Model size: (44, 53) 
Validation fitness: 0.9661532329381475 
Elapsed: 167.4924373626709

*** Epoch 0, batch 351/3218 ***
Training fitness: 0.9547598832904706
Model size: (51, 55) 
Validation fitness: 0.96141086681979 
Elapsed: 178.380539894104

*** Epoch 0, batch 352/3218 ***
Training fitness: 0.9679271882541902
Model size: (57, 56) 
Validation fitness: 0.966641777939937 
Elapsed: 115.93476724624634

*** Epoch 0, batch 353/3218 ***
Training fitness: 0.9656821148201505
Model size: (53, 46) 
Validation fitness: 0.9584350219581931 
Elapsed: 127.16889429092407

*** Epoch 0, batch 354/3218 ***
Training fitness: 0.9768025063078245
Model size: (59, 63) 
Validation fitness: 0.960018270204177 
Elapsed: 139.67074608802795

*** Epoch 0, batch 355/3218 ***
Training fitness: 0.9697925790888741
Model size: (45, 53) 
Validation fitness: 0.9632190227095825 
Elapsed: 150.99871611595154

*** Epoch 0, batch 356/3218 ***
Training fitness: 0.968373516871932
Model size: (44, 61) 
Validation fitness: 0.9662848802340811 
Elapsed: 162.63285636901855

*** Epoch 0, batch 357/3218 ***
Training fitness: 0.9739682435124289
Model size: (51, 58) 
Validation fitness: 0.9601538534436695 
Elapsed: 186.9104609489441

*** Epoch 0, batch 358/3218 ***
Training fitness: 0.961725525849064
Model size: (46, 54) 
Validation fitness: 0.9661810703127072 
Elapsed: 201.88298535346985

*** Epoch 0, batch 359/3218 ***
Training fitness: 0.9615774604244305
Model size: (51, 42) 
Validation fitness: 0.9656692446605819 
Elapsed: 219.63108205795288

*** Epoch 0, batch 360/3218 ***
Training fitness: 0.9574857809331839
Model size: (55, 70) 
Validation fitness: 0.9653111833612869 
Elapsed: 236.41986751556396

*** Epoch 0, batch 361/3218 ***
Training fitness: 0.9505612921376895
Model size: (41, 33) 
Validation fitness: 0.956362646255302 
Elapsed: 252.57565331459045

*** Epoch 0, batch 362/3218 ***
Training fitness: 0.960455828552092
Model size: (47, 59) 
Validation fitness: 0.9618120400788513 
Elapsed: 273.65236735343933

*** Epoch 0, batch 363/3218 ***
Training fitness: 0.9641003538069509
Model size: (45, 48) 
Validation fitness: 0.9593580677809199 
Elapsed: 287.1503441333771

*** Epoch 0, batch 364/3218 ***
Training fitness: 0.975275378948061
Model size: (56, 59) 
Validation fitness: 0.9527151343803407 
Elapsed: 289.39531993865967

*** Epoch 0, batch 365/3218 ***
Training fitness: 0.9710389159971935
Model size: (51, 44) 
Validation fitness: 0.9645007056519509 
Elapsed: 305.1948664188385

*** Epoch 0, batch 366/3218 ***
Training fitness: 0.9642173327267316
Model size: (53, 36) 
Validation fitness: 0.9660521300844646 
Elapsed: 328.2571291923523

*** Epoch 0, batch 367/3218 ***
Training fitness: 0.9741231434138681
Model size: (50, 43) 
Validation fitness: 0.9665879882382683 
Elapsed: 346.28280115127563

*** Epoch 0, batch 368/3218 ***
Training fitness: 0.9576543493582125
Model size: (48, 56) 
Validation fitness: 0.9613449329277972 
Elapsed: 367.24153423309326

*** Epoch 0, batch 369/3218 ***
Training fitness: 0.9764635771941989
Model size: (46, 50) 
Validation fitness: 0.9555383147225056 
Elapsed: 378.18707275390625

*** Epoch 0, batch 370/3218 ***
Training fitness: 0.9775515964733913
Model size: (49, 39) 
Validation fitness: 0.966127572493501 
Elapsed: 380.1477518081665

*** Epoch 0, batch 371/3218 ***
Training fitness: 0.966461244901113
Model size: (49, 50) 
Validation fitness: 0.9517532695240968 
Elapsed: 395.5765347480774

*** Epoch 0, batch 372/3218 ***
Training fitness: 0.9745951609737363
Model size: (49, 58) 
Validation fitness: 0.966504343898915 
Elapsed: 410.24978137016296

*** Epoch 0, batch 373/3218 ***
Training fitness: 0.969036123156947
Model size: (55, 51) 
Validation fitness: 0.9589127296778345 
Elapsed: 434.5120096206665

*** Epoch 0, batch 374/3218 ***
Training fitness: 0.9789838576766502
Model size: (56, 57) 
Validation fitness: 0.9689275632064996 
Elapsed: 447.80930829048157

*** Epoch 0, batch 375/3218 ***
Training fitness: 0.9687953693026835
Model size: (46, 50) 
Validation fitness: 0.9581874865683245 
Elapsed: 457.49137353897095

*** Epoch 0, batch 376/3218 ***
Training fitness: 0.9791076847014519
Model size: (50, 50) 
Validation fitness: 0.9619941225784381 
Elapsed: 471.8150067329407

*** Epoch 0, batch 377/3218 ***
Training fitness: 0.9604686857053001
Model size: (49, 56) 
Validation fitness: 0.9598485692008152 
Elapsed: 473.6540789604187

*** Epoch 0, batch 378/3218 ***
Training fitness: 0.967306454769035
Model size: (48, 60) 
Validation fitness: 0.9676771644684266 
Elapsed: 477.6664535999298

*** Epoch 0, batch 379/3218 ***
Training fitness: 0.9680044244240521
Model size: (48, 50) 
Validation fitness: 0.9675740610978016 
Elapsed: 483.55553340911865

*** Epoch 0, batch 380/3218 ***
Training fitness: 0.9655455046348689
Model size: (44, 44) 
Validation fitness: 0.9673136687657564 
Elapsed: 431.52019000053406

*** Epoch 0, batch 381/3218 ***
Training fitness: 0.9731610250504396
Model size: (44, 45) 
Validation fitness: 0.9629049186109502 
Elapsed: 430.50050234794617

*** Epoch 0, batch 382/3218 ***
Training fitness: 0.9722085479142483
Model size: (44, 46) 
Validation fitness: 0.9653683937419466 
Elapsed: 430.3636634349823

*** Epoch 0, batch 383/3218 ***
Training fitness: 0.9740516262954938
Model size: (49, 62) 
Validation fitness: 0.966375845236871 
Elapsed: 433.1989758014679

*** Epoch 0, batch 384/3218 ***
Training fitness: 0.9770992366412213
Model size: (50, 60) 
Validation fitness: 0.957071039457171 
Elapsed: 433.679016828537

*** Epoch 0, batch 385/3218 ***
Training fitness: 0.9611306392617073
Model size: (54, 52) 
Validation fitness: 0.9662566157670623 
Elapsed: 420.4041385650635

*** Epoch 0, batch 386/3218 ***
Training fitness: 0.962150938233183
Model size: (26, 17) 
Validation fitness: 0.9517993178006391 
Elapsed: 419.49119091033936

*** Epoch 0, batch 387/3218 ***
Training fitness: 0.9752400127135205
Model size: (29, 27) 
Validation fitness: 0.9698941164018621 
Elapsed: 418.3607521057129

*** Epoch 0, batch 388/3218 ***
Training fitness: 0.9669665897654913
Model size: (29, 34) 
Validation fitness: 0.9591583402414445 
Elapsed: 417.71025371551514

*** Epoch 0, batch 389/3218 ***
Training fitness: 0.9628418037888078
Model size: (48, 47) 
Validation fitness: 0.9667382073523634 
Elapsed: 420.5405249595642

*** Epoch 0, batch 390/3218 ***
Training fitness: 0.9750533232913222
Model size: (49, 47) 
Validation fitness: 0.966436020702582 
Elapsed: 418.0848665237427

*** Epoch 0, batch 391/3218 ***
Training fitness: 0.9755679641447004
Model size: (54, 52) 
Validation fitness: 0.96327970168257 
Elapsed: 416.8830018043518

*** Epoch 0, batch 392/3218 ***
Training fitness: 0.9604667712162397
Model size: (55, 44) 
Validation fitness: 0.960720011896669 
Elapsed: 4.138920307159424

*** Epoch 0, batch 393/3218 ***
Training fitness: 0.9516728624535316
Model size: (53, 51) 
Validation fitness: 0.9538147309332926 
Elapsed: 5.132075786590576

*** Epoch 0, batch 394/3218 ***
Training fitness: 0.9570093457943926
Model size: (47, 49) 
Validation fitness: 0.9538170460694266 
Elapsed: 4.616657257080078

*** Epoch 0, batch 395/3218 ***
Training fitness: 0.9624060150375939
Model size: (45, 41) 
Validation fitness: 0.9538147309332926 
Elapsed: 5.11515474319458

*** Epoch 0, batch 396/3218 ***
Training fitness: 0.9486011143530649
Model size: (45, 39) 
Validation fitness: 0.9566378281742447 
Elapsed: 5.190646171569824

*** Epoch 0, batch 397/3218 ***
Training fitness: 0.9606003752345216
Model size: (31, 25) 
Validation fitness: 0.9538147309332926 
Elapsed: 3.491313934326172

*** Epoch 0, batch 398/3218 ***
Training fitness: 0.9463955637707948
Model size: (83, 87) 
Validation fitness: 0.9538147309332926 
Elapsed: 3.6059038639068604

*** Epoch 0, batch 399/3218 ***
Training fitness: 0.9696969696969697
Model size: (47, 41) 
Validation fitness: 0.9538147309332926 
Elapsed: 6.481730699539185

*** Epoch 0, batch 400/3218 ***
Training fitness: 0.9446494464944649
Model size: (51, 50) 
Validation fitness: 0.9538147309332926 
Elapsed: 3.4938135147094727

*** Epoch 0, batch 401/3218 ***
Training fitness: 0.9552238805970149
Model size: (47, 57) 
Validation fitness: 0.9538147309332926 
Elapsed: 2.7477056980133057

*** Epoch 0, batch 402/3218 ***
Training fitness: 0.9606003752345216
Model size: (47, 55) 
Validation fitness: 0.9538147309332926 
Elapsed: 2.9656031131744385

*** Epoch 0, batch 403/3218 ***
Training fitness: 0.9446494464944649
Model size: (55, 60) 
Validation fitness: 0.9538147309332926 
Elapsed: 3.835681915283203

*** Epoch 0, batch 404/3218 ***
Training fitness: 0.9624060150375939
Model size: (90, 108) 
Validation fitness: 0.9538147309332926 
Elapsed: 4.836639881134033

*** Epoch 0, batch 405/3218 ***
Training fitness: 0.9552203155290877
Model size: (52, 53) 
Validation fitness: 0.952321814977353 
Elapsed: 5.35796332359314

*** Epoch 0, batch 406/3218 ***
Training fitness: 0.9534450651783312
Model size: (53, 55) 
Validation fitness: 0.9533982974616608 
Elapsed: 5.564117670059204

*** Epoch 0, batch 407/3218 ***
Training fitness: 0.9499072356215214
Model size: (50, 45) 
Validation fitness: 0.9538147309332926 
Elapsed: 4.413206100463867

*** Epoch 0, batch 408/3218 ***
Training fitness: 0.9377289377289377
Model size: (61, 53) 
Validation fitness: 0.9538147309332926 
Elapsed: 2.87237548828125

*** Epoch 0, batch 409/3218 ***
Training fitness: 0.9678638941398866
Model size: (54, 53) 
Validation fitness: 0.9538147309332926 
Elapsed: 2.9253363609313965

*** Epoch 0, batch 410/3218 ***
Training fitness: 0.9606003752345216
Model size: (60, 61) 
Validation fitness: 0.9538147309332926 
Elapsed: 5.719764947891235

*** Epoch 0, batch 411/3218 ***
Training fitness: 0.9424085085239793
Model size: (49, 56) 
Validation fitness: 0.9514148717659798 
Elapsed: 3.697033405303955

*** Epoch 0, batch 412/3218 ***
Training fitness: 0.9509289633556635
Model size: (49, 57) 
Validation fitness: 0.9514148717659798 
Elapsed: 3.6973206996917725

*** Epoch 0, batch 413/3218 ***
Training fitness: 0.9482116090321429
Model size: (50, 53) 
Validation fitness: 0.9538682016521705 
Elapsed: 4.572488307952881

*** Epoch 0, batch 414/3218 ***
Training fitness: 0.9606003752345216
Model size: (50, 57) 
Validation fitness: 0.9538137948015971 
Elapsed: 3.9185562133789062

*** Epoch 0, batch 415/3218 ***
Training fitness: 0.9660377358490566
Model size: (62, 61) 
Validation fitness: 0.9538147309332926 
Elapsed: 5.702673673629761

*** Epoch 0, batch 416/3218 ***
Training fitness: 0.9516728624535316
Model size: (62, 61) 
Validation fitness: 0.9538147309332926 
Elapsed: 5.700273752212524

*** Epoch 0, batch 417/3218 ***
Training fitness: 0.9588014981273408
Model size: (61, 60) 
Validation fitness: 0.9538147309332926 
Elapsed: 5.720768451690674

*** Epoch 0, batch 418/3218 ***
Training fitness: 0.9499072356215214
Model size: (61, 61) 
Validation fitness: 0.9538147309332926 
Elapsed: 5.9093263149261475

*** Epoch 0, batch 419/3218 ***
Training fitness: 0.9499072356215214
Model size: (62, 61) 
Validation fitness: 0.9538147309332926 
Elapsed: 6.079853296279907

*** Epoch 0, batch 420/3218 ***
Training fitness: 0.9360146252285192
Model size: (63, 63) 
Validation fitness: 0.9538147309332926 
Elapsed: 3.454542398452759

*** Epoch 0, batch 421/3218 ***
Training fitness: 0.9411764705882353
Model size: (52, 60) 
Validation fitness: 0.9538147309332926 
Elapsed: 3.7044379711151123

*** Epoch 0, batch 422/3218 ***
Training fitness: 0.9446494464944649
Model size: (61, 63) 
Validation fitness: 0.9538147309332926 
Elapsed: 6.616408348083496

*** Epoch 0, batch 423/3218 ***
Training fitness: 0.9552238805970149
Model size: (61, 63) 
Validation fitness: 0.9538147309332926 
Elapsed: 6.3454203605651855

*** Epoch 0, batch 424/3218 ***
Training fitness: 0.9552238805970149
Model size: (60, 61) 
Validation fitness: 0.9538147309332926 
Elapsed: 4.140380620956421

*** Epoch 0, batch 425/3218 ***
Training fitness: 0.9552506710619193
Model size: (51, 60) 
Validation fitness: 0.9537827037068349 
Elapsed: 4.341279983520508

*** Epoch 0, batch 426/3218 ***
Training fitness: 0.9606158228264602
Model size: (51, 61) 
Validation fitness: 0.9538321012834712 
Elapsed: 5.120429039001465

*** Epoch 0, batch 427/3218 ***
Training fitness: 0.9481481481481482
Model size: (58, 53) 
Validation fitness: 0.9538147309332926 
Elapsed: 3.707331418991089

*** Epoch 0, batch 428/3218 ***
Training fitness: 0.9606003752345216
Model size: (52, 59) 
Validation fitness: 0.9538147309332926 
Elapsed: 4.04618501663208

*** Epoch 0, batch 429/3218 ***
Training fitness: 0.9642184557438794
Model size: (52, 60) 
Validation fitness: 0.9538147309332926 
Elapsed: 4.01689338684082

*** Epoch 0, batch 430/3218 ***
Training fitness: 0.9603428906195044
Model size: (59, 58) 
Validation fitness: 0.958606152743332 
Elapsed: 8.326704978942871

*** Epoch 0, batch 431/3218 ***
Training fitness: 0.9627261367549349
Model size: (49, 47) 
Validation fitness: 0.9541344393623578 
Elapsed: 5.8420069217681885

*** Epoch 0, batch 432/3218 ***
Training fitness: 0.9570093457943926
Model size: (66, 69) 
Validation fitness: 0.9538147309332926 
Elapsed: 4.439715385437012

*** Epoch 0, batch 433/3218 ***
Training fitness: 0.9516728624535316
Model size: (61, 60) 
Validation fitness: 0.9538147309332926 
Elapsed: 7.9509570598602295

*** Epoch 0, batch 434/3218 ***
Training fitness: 0.9642184557438794
Model size: (55, 61) 
Validation fitness: 0.953759260867065 
Elapsed: 5.51073956489563

*** Epoch 0, batch 435/3218 ***
Training fitness: 0.9410666705031657
Model size: (54, 58) 
Validation fitness: 0.9553767652395725 
Elapsed: 5.696444749832153

*** Epoch 0, batch 436/3218 ***
Training fitness: 0.9588014981273408
Model size: (57, 56) 
Validation fitness: 0.9538147309332926 
Elapsed: 4.859902858734131

*** Epoch 0, batch 437/3218 ***
Training fitness: 0.9661045338778577
Model size: (65, 67) 
Validation fitness: 0.954035359337828 
Elapsed: 6.249040842056274

*** Epoch 0, batch 438/3218 ***
Training fitness: 0.9576963061265821
Model size: (62, 58) 
Validation fitness: 0.9545564630566857 
Elapsed: 9.268986463546753

*** Epoch 0, batch 439/3218 ***
Training fitness: 0.9744648356043087
Model size: (53, 65) 
Validation fitness: 0.9565462793609929 
Elapsed: 6.311663627624512

*** Epoch 0, batch 440/3218 ***
Training fitness: 0.9809001655553117
Model size: (67, 64) 
Validation fitness: 0.9680008248590312 
Elapsed: 6.236292600631714

*** Epoch 0, batch 441/3218 ***
Training fitness: 0.9622378325114568
Model size: (68, 64) 
Validation fitness: 0.9632912238573126 
Elapsed: 6.679038763046265

*** Epoch 0, batch 442/3218 ***
Training fitness: 0.9429097605893186
Model size: (63, 59) 
Validation fitness: 0.9538147309332926 
Elapsed: 7.305202960968018

*** Epoch 0, batch 443/3218 ***
Training fitness: 0.9565046260811806
Model size: (55, 57) 
Validation fitness: 0.9553996140599347 
Elapsed: 9.262734413146973

*** Epoch 0, batch 444/3218 ***
Training fitness: 0.9404804668192137
Model size: (64, 54) 
Validation fitness: 0.9597885462393179 
Elapsed: 11.542682886123657

*** Epoch 0, batch 445/3218 ***
Training fitness: 0.9724347924721998
Model size: (70, 65) 
Validation fitness: 0.9635192526914985 
Elapsed: 9.539040803909302

*** Epoch 0, batch 446/3218 ***
Training fitness: 0.9534450954603219
Model size: (51, 51) 
Validation fitness: 0.9538147621154048 
Elapsed: 10.594517946243286

*** Epoch 0, batch 447/3218 ***
Training fitness: 0.9706021333236595
Model size: (60, 66) 
Validation fitness: 0.9606594164024735 
Elapsed: 11.803572177886963

*** Epoch 0, batch 448/3218 ***
Training fitness: 0.9704819103021329
Model size: (56, 70) 
Validation fitness: 0.9560916577992685 
Elapsed: 11.253848552703857

*** Epoch 0, batch 449/3218 ***
Training fitness: 0.9586148702497043
Model size: (64, 53) 
Validation fitness: 0.9590274255369238 
Elapsed: 15.780402898788452

*** Epoch 0, batch 450/3218 ***
Training fitness: 0.9578038962306562
Model size: (52, 55) 
Validation fitness: 0.9555368312067573 
Elapsed: 13.011162281036377

*** Epoch 0, batch 451/3218 ***
Training fitness: 0.9661723346928839
Model size: (58, 60) 
Validation fitness: 0.9539969832468748 
Elapsed: 16.07255458831787

*** Epoch 0, batch 452/3218 ***
Training fitness: 0.9588955489579899
Model size: (72, 65) 
Validation fitness: 0.9596818246233513 
Elapsed: 15.304922819137573

*** Epoch 0, batch 453/3218 ***
Training fitness: 0.9623940579013762
Model size: (59, 64) 
Validation fitness: 0.9619457424149679 
Elapsed: 18.940510034561157

*** Epoch 0, batch 454/3218 ***
Training fitness: 0.9620640970613996
Model size: (72, 67) 
Validation fitness: 0.9676766322816505 
Elapsed: 18.532880783081055

*** Epoch 0, batch 455/3218 ***
Training fitness: 0.9577058134950198
Model size: (56, 56) 
Validation fitness: 0.9545679597143366 
Elapsed: 11.317615509033203

*** Epoch 0, batch 456/3218 ***
Training fitness: 0.9509313772380387
Model size: (71, 67) 
Validation fitness: 0.9672090469928502 
Elapsed: 12.287690162658691

*** Epoch 0, batch 457/3218 ***
Training fitness: 0.9762244987329048
Model size: (71, 68) 
Validation fitness: 0.964698424332963 
Elapsed: 13.192270755767822

*** Epoch 0, batch 458/3218 ***
Training fitness: 0.9733425099415959
Model size: (71, 68) 
Validation fitness: 0.9672240342511547 
Elapsed: 14.320951700210571

*** Epoch 0, batch 459/3218 ***
Training fitness: 0.9714800803712836
Model size: (56, 60) 
Validation fitness: 0.9569646135860989 
Elapsed: 15.373639583587646

*** Epoch 0, batch 460/3218 ***
Training fitness: 0.9635008870796077
Model size: (63, 61) 
Validation fitness: 0.9600472659535695 
Elapsed: 16.886000394821167

*** Epoch 0, batch 461/3218 ***
Training fitness: 0.9672971585381364
Model size: (74, 77) 
Validation fitness: 0.9673633770423612 
Elapsed: 20.73652720451355

*** Epoch 0, batch 462/3218 ***
Training fitness: 0.945878574459979
Model size: (52, 44) 
Validation fitness: 0.9548042798596466 
Elapsed: 21.986505270004272

*** Epoch 0, batch 463/3218 ***
Training fitness: 0.971882466203023
Model size: (68, 72) 
Validation fitness: 0.9570055361808975 
Elapsed: 15.200169801712036

*** Epoch 0, batch 464/3218 ***
Training fitness: 0.9734432706869012
Model size: (52, 51) 
Validation fitness: 0.9572374735751586 
Elapsed: 15.69714641571045

*** Epoch 0, batch 465/3218 ***
Training fitness: 0.9758892312927894
Model size: (60, 59) 
Validation fitness: 0.9681353784865012 
Elapsed: 18.256606817245483

*** Epoch 0, batch 466/3218 ***
Training fitness: 0.953773775349427
Model size: (77, 72) 
Validation fitness: 0.9553404802549889 
Elapsed: 20.68056869506836

*** Epoch 0, batch 467/3218 ***
Training fitness: 0.9755622620635975
Model size: (76, 65) 
Validation fitness: 0.9700571991496084 
Elapsed: 23.009886741638184

*** Epoch 0, batch 468/3218 ***
Training fitness: 0.9684109065453982
Model size: (69, 72) 
Validation fitness: 0.9645956078935835 
Elapsed: 24.23686718940735

*** Epoch 0, batch 469/3218 ***
Training fitness: 0.9712788750029788
Model size: (68, 70) 
Validation fitness: 0.9712401012739922 
Elapsed: 26.759584426879883

*** Epoch 0, batch 470/3218 ***
Training fitness: 0.9570093457943926
Model size: (73, 75) 
Validation fitness: 0.9683058539913862 
Elapsed: 31.34846258163452

*** Epoch 0, batch 471/3218 ***
Training fitness: 0.9565955938213778
Model size: (58, 60) 
Validation fitness: 0.9543311340457958 
Elapsed: 34.90888714790344

*** Epoch 0, batch 472/3218 ***
Training fitness: 0.9590874465271828
Model size: (68, 61) 
Validation fitness: 0.9594128526234961 
Elapsed: 36.80473756790161

*** Epoch 0, batch 473/3218 ***
Training fitness: 0.9507928071792443
Model size: (62, 55) 
Validation fitness: 0.9557768710921025 
Elapsed: 43.72963237762451

*** Epoch 0, batch 474/3218 ***
Training fitness: 0.9532284670186968
Model size: (77, 74) 
Validation fitness: 0.957041122276238 
Elapsed: 48.13549470901489

*** Epoch 0, batch 475/3218 ***
Training fitness: 0.9522974408261572
Model size: (63, 57) 
Validation fitness: 0.9559017243676992 
Elapsed: 56.87176990509033

*** Epoch 0, batch 476/3218 ***
Training fitness: 0.9734648892802064
Model size: (74, 68) 
Validation fitness: 0.9699880299645905 
Elapsed: 65.32396602630615

*** Epoch 0, batch 477/3218 ***
Training fitness: 0.962109478817324
Model size: (61, 65) 
Validation fitness: 0.957181096403679 
Elapsed: 69.32806062698364

*** Epoch 0, batch 478/3218 ***
Training fitness: 0.9460734801909733
Model size: (62, 71) 
Validation fitness: 0.9563253975654282 
Elapsed: 78.10201072692871

*** Epoch 0, batch 479/3218 ***
Training fitness: 0.9630463319041829
Model size: (61, 65) 
Validation fitness: 0.9575895939955565 
Elapsed: 43.437464237213135

*** Epoch 0, batch 480/3218 ***
Training fitness: 0.9507386407906381
Model size: (65, 60) 
Validation fitness: 0.9491095285263046 
Elapsed: 46.96192979812622

*** Epoch 0, batch 481/3218 ***
Training fitness: 0.96012057674626
Model size: (65, 59) 
Validation fitness: 0.9599400909322012 
Elapsed: 52.740607500076294

*** Epoch 0, batch 482/3218 ***
Training fitness: 0.9658430951298947
Model size: (76, 70) 
Validation fitness: 0.9660470797230295 
Elapsed: 62.42393350601196

*** Epoch 0, batch 483/3218 ***
Training fitness: 0.9746810951598438
Model size: (75, 73) 
Validation fitness: 0.9711299298455192 
Elapsed: 68.60429215431213

*** Epoch 0, batch 484/3218 ***
Training fitness: 0.9629551718706598
Model size: (74, 72) 
Validation fitness: 0.9568496886560837 
Elapsed: 75.69452261924744

*** Epoch 0, batch 485/3218 ***
Training fitness: 0.9780713756344152
Model size: (74, 75) 
Validation fitness: 0.9705249691348459 
Elapsed: 84.11518931388855

*** Epoch 0, batch 486/3218 ***
Training fitness: 0.9613712947816996
Model size: (74, 78) 
Validation fitness: 0.9702033042797426 
Elapsed: 93.95525455474854

*** Epoch 0, batch 487/3218 ***
Training fitness: 0.964180908274388
Model size: (74, 74) 
Validation fitness: 0.9570328396042938 
Elapsed: 108.1543321609497

*** Epoch 0, batch 488/3218 ***
Training fitness: 0.9610493338741342
Model size: (61, 66) 
Validation fitness: 0.9656215118180417 
Elapsed: 124.2754864692688

*** Epoch 0, batch 489/3218 ***
Training fitness: 0.9702465469792789
Model size: (78, 82) 
Validation fitness: 0.9624064211908607 
Elapsed: 141.01294493675232

*** Epoch 0, batch 490/3218 ***
Training fitness: 0.958639993820324
Model size: (81, 91) 
Validation fitness: 0.9532463879215224 
Elapsed: 158.5019030570984

*** Epoch 0, batch 491/3218 ***
Training fitness: 0.9769112423853151
Model size: (74, 73) 
Validation fitness: 0.9629976008140265 
Elapsed: 177.0656247138977

*** Epoch 0, batch 492/3218 ***
Training fitness: 0.9780820486457824
Model size: (78, 69) 
Validation fitness: 0.9671418266131923 
Elapsed: 208.44849276542664

*** Epoch 0, batch 493/3218 ***
Training fitness: 0.9783813172378032
Model size: (78, 70) 
Validation fitness: 0.966215226812245 
Elapsed: 240.10598278045654

*** Epoch 0, batch 494/3218 ***
Training fitness: 0.9620256162971391
Model size: (76, 78) 
Validation fitness: 0.9688574171346814 
Elapsed: 272.52520394325256

*** Epoch 0, batch 495/3218 ***
Training fitness: 0.9716978728961277
Model size: (81, 82) 
Validation fitness: 0.9700606290046379 
Elapsed: 305.4899878501892

*** Epoch 0, batch 496/3218 ***
Training fitness: 0.976811554063227
Model size: (79, 81) (!)
Validation fitness: 0.9729806511171837 (!)
Elapsed: 351.42844915390015

*** Epoch 0, batch 497/3218 ***
Training fitness: 0.9711797651073586
Model size: (78, 75) 
Validation fitness: 0.9626386400950611 
Elapsed: 408.97622060775757

*** Epoch 0, batch 498/3218 ***
Training fitness: 0.9677316586722929
Model size: (78, 75) 
Validation fitness: 0.9666793111353982 
Elapsed: 471.9213488101959

*** Epoch 0, batch 499/3218 ***
Training fitness: 0.9616779076433324
Model size: (78, 76) 
Validation fitness: 0.9648732459034384 
Elapsed: 535.0523149967194

*** Epoch 0, batch 500/3218 ***
Training fitness: 0.9761179772906955
Model size: (71, 64) 
Validation fitness: 0.9612991046642714 
Elapsed: 603.3578269481659

*** Epoch 0, batch 501/3218 ***
Training fitness: 0.9649180940704649
Model size: (77, 75) 
Validation fitness: 0.9632166267651247 
Elapsed: 315.01854705810547

*** Epoch 0, batch 502/3218 ***
Training fitness: 0.9700355578941671
Model size: (80, 70) 
Validation fitness: 0.9663690199029783 
Elapsed: 363.53382205963135

*** Epoch 0, batch 503/3218 ***
Training fitness: 0.9824276709463249
Model size: (80, 71) 
Validation fitness: 0.9645224141803631 
Elapsed: 416.86991262435913

*** Epoch 0, batch 504/3218 ***
Training fitness: 0.9712694028807868
Model size: (74, 75) 
Validation fitness: 0.9681510853372239 
Elapsed: 471.8537518978119

*** Epoch 0, batch 505/3218 ***
Training fitness: 0.9681830325973633
Model size: (76, 68) 
Validation fitness: 0.9718640319842019 
Elapsed: 544.3454074859619

*** Epoch 0, batch 506/3218 ***
Training fitness: 0.9561682825117531
Model size: (77, 70) 
Validation fitness: 0.9456325235380617 
Elapsed: 631.2774043083191

*** Epoch 0, batch 507/3218 ***
Training fitness: 0.9677705789128295
Model size: (73, 74) 
Validation fitness: 0.9687895758245848 
Elapsed: 711.5171086788177

*** Epoch 0, batch 508/3218 ***
Training fitness: 0.9763248198467287
Model size: (78, 73) 
Validation fitness: 0.969466804121691 
Elapsed: 812.8456900119781

*** Epoch 0, batch 509/3218 ***
Training fitness: 0.966406250585137
Model size: (89, 90) 
Validation fitness: 0.9669208305392043 
Elapsed: 929.8748707771301

*** Epoch 0, batch 510/3218 ***
Training fitness: 0.9686363969917169
Model size: (71, 73) 
Validation fitness: 0.9637240868729477 
Elapsed: 1068.4513146877289

*** Epoch 0, batch 511/3218 ***
Training fitness: 0.9656274003291254
Model size: (84, 94) 
Validation fitness: 0.964889811314915 
Elapsed: 1226.4271831512451

*** Epoch 0, batch 512/3218 ***
Training fitness: 0.9666369115666648
Model size: (79, 73) 
Validation fitness: 0.9677213599621686 
Elapsed: 1405.9598150253296

*** Epoch 0, batch 513/3218 ***
Training fitness: 0.9614748897459243
Model size: (77, 72) 
Validation fitness: 0.9714008284554003 
Elapsed: 1607.0099613666534

*** Epoch 0, batch 514/3218 ***
Training fitness: 0.9681539941595909
Model size: (72, 73) 
Validation fitness: 0.9623704747483692 
Elapsed: 1850.408013343811

*** Epoch 0, batch 515/3218 ***
Training fitness: 0.969900935352839
Model size: (73, 75) 
Validation fitness: 0.9585247724800503 
Elapsed: 2113.7980654239655

*** Epoch 0, batch 516/3218 ***
Training fitness: 0.9664040800505671
Model size: (80, 78) 
Validation fitness: 0.9674423868247071 
Elapsed: 2443.6210079193115

*** Epoch 0, batch 517/3218 ***
Training fitness: 0.9786679156888473
Model size: (65, 77) 
Validation fitness: 0.9690668135189663 
Elapsed: 2774.2912821769714

*** Epoch 0, batch 518/3218 ***
Training fitness: 0.980007053116126
Model size: (86, 93) 
Validation fitness: 0.9711709119261307 
Elapsed: 3185.667024374008

*** Epoch 0, batch 519/3218 ***
Training fitness: 0.9784936424971971
Model size: (87, 93) 
Validation fitness: 0.9664608504202722 
Elapsed: 1580.415179491043

*** Epoch 0, batch 520/3218 ***
Training fitness: 0.9701085566099323
Model size: (87, 95) 
Validation fitness: 0.9708803995678283 
Elapsed: 1806.2946434020996

*** Epoch 0, batch 521/3218 ***
Training fitness: 0.9657210291940772
Model size: (86, 90) 
Validation fitness: 0.9643800416232717 
Elapsed: 2060.829565048218

*** Epoch 0, batch 522/3218 ***
Training fitness: 0.9782495113608184
Model size: (87, 94) 
Validation fitness: 0.969508925369127 
Elapsed: 2346.029226064682

*** Epoch 0, batch 523/3218 ***
Training fitness: 0.9747146939121727
Model size: (79, 89) 
Validation fitness: 0.9718315841178253 
Elapsed: 2712.961988210678

*** Epoch 0, batch 524/3218 ***
Training fitness: 0.9761491420231131
Model size: (89, 90) 
Validation fitness: 0.9659561151575795 
Elapsed: 3027.4938893318176

*** Epoch 0, batch 525/3218 ***
Training fitness: 0.9663294943677875
Model size: (78, 71) 
Validation fitness: 0.9660871272330072 
Elapsed: 3458.1166360378265

*** Epoch 0, batch 526/3218 ***
Training fitness: 0.9644378347749057
Model size: (82, 83) 
Validation fitness: 0.9656005755224933 
Elapsed: 4015.500154733658

