Configuration:
Dataset: nsl_kdd
Selector: pca
Fold: 0
Fitness: mcc
Batch size: 256
Epochs: 1
Config args: {}
*** Epoch 1, batch 1/520 ***
Training fitness: 0.7718408731400542
Model size: (1, 12)
Validation fitness: 0.7782523053741952 !!!
Elapsed: 1.8925957679748535

*** Epoch 1, batch 2/520 ***
Training fitness: 0.8410647594639498
Model size: (1, 12)
Validation fitness: 0.8081115483458172 !!!
Elapsed: 2.002483606338501

*** Epoch 1, batch 3/520 ***
Training fitness: 0.8440483135045428
Model size: (2, 13)
Validation fitness: 0.7536505674896758 
Elapsed: 2.0065197944641113

*** Epoch 1, batch 4/520 ***
Training fitness: 0.8261133383167537
Model size: (1, 12)
Validation fitness: 0.8059062111468164 
Elapsed: 2.0698394775390625

*** Epoch 1, batch 5/520 ***
Training fitness: 0.8527673836684724
Model size: (1, 10)
Validation fitness: 0.8046085864152733 
Elapsed: 2.160785436630249

*** Epoch 1, batch 6/520 ***
Training fitness: 0.8670517026609663
Model size: (2, 14)
Validation fitness: 0.7737674569143358 
Elapsed: 2.140389919281006

*** Epoch 1, batch 7/520 ***
Training fitness: 0.8057991284578164
Model size: (1, 10)
Validation fitness: 0.8138154263014376 !!!
Elapsed: 2.158883571624756

*** Epoch 1, batch 8/520 ***
Training fitness: 0.8910866910866911
Model size: (1, 6)
Validation fitness: 0.8324716653930092 !!!
Elapsed: 2.0384533405303955

*** Epoch 1, batch 9/520 ***
Training fitness: 0.8438579827308006
Model size: (1, 7)
Validation fitness: 0.826405934025479 
Elapsed: 2.0267069339752197

*** Epoch 1, batch 10/520 ***
Training fitness: 0.8031930462718793
Model size: (1, 7)
Validation fitness: 0.826405934025479 
Elapsed: 2.0573456287384033

*** Epoch 1, batch 11/520 ***
Training fitness: 0.8375011769856721
Model size: (5, 14)
Validation fitness: 0.8291184155047623 
Elapsed: 2.121288776397705

*** Epoch 1, batch 12/520 ***
Training fitness: 0.8507770782871225
Model size: (2, 7)
Validation fitness: 0.8137741089965561 
Elapsed: 2.069136142730713

*** Epoch 1, batch 13/520 ***
Training fitness: 0.8905476044898577
Model size: (1, 8)
Validation fitness: 0.8343488541647878 !!!
Elapsed: 2.080695629119873

*** Epoch 1, batch 14/520 ***
Training fitness: 0.8624800060695207
Model size: (5, 14)
Validation fitness: 0.8291184155047623 
Elapsed: 2.1711061000823975

*** Epoch 1, batch 15/520 ***
Training fitness: 0.8897356540876967
Model size: (1, 8)
Validation fitness: 0.8306584757276078 
Elapsed: 2.2477684020996094

*** Epoch 1, batch 16/520 ***
Training fitness: 0.8736754159522899
Model size: (6, 15)
Validation fitness: 0.8332149800353319 
Elapsed: 2.4325194358825684

*** Epoch 1, batch 17/520 ***
Training fitness: 0.8575144729510925
Model size: (6, 15)
Validation fitness: 0.8332149800353319 
Elapsed: 2.3373525142669678

*** Epoch 1, batch 18/520 ***
Training fitness: 0.8297471856878231
Model size: (3, 11)
Validation fitness: 0.7939000474012207 
Elapsed: 2.2730209827423096

*** Epoch 1, batch 19/520 ***
Training fitness: 0.8664002254439634
Model size: (4, 12)
Validation fitness: 0.7893500632200341 
Elapsed: 2.382342576980591

*** Epoch 1, batch 20/520 ***
Training fitness: 0.8719979281187072
Model size: (3, 10)
Validation fitness: 0.8512033150995402 !!!
Elapsed: 4.402356386184692

*** Epoch 1, batch 21/520 ***
Training fitness: 0.8850028702514524
Model size: (5, 14)
Validation fitness: 0.8324419508884973 
Elapsed: 4.613007307052612

*** Epoch 1, batch 22/520 ***
Training fitness: 0.883384673152794
Model size: (3, 10)
Validation fitness: 0.8512033150995402 
Elapsed: 4.4044349193573

*** Epoch 1, batch 23/520 ***
Training fitness: 0.8579060946345873
Model size: (3, 11)
Validation fitness: 0.8567309961308754 !!!
Elapsed: 4.358134508132935

*** Epoch 1, batch 24/520 ***
Training fitness: 0.836952447938871
Model size: (3, 10)
Validation fitness: 0.8280538824902927 
Elapsed: 4.594589471817017

*** Epoch 1, batch 25/520 ***
Training fitness: 0.9140274465969046
Model size: (5, 15)
Validation fitness: 0.8356158853455544 
Elapsed: 4.683527946472168

*** Epoch 1, batch 26/520 ***
Training fitness: 0.8421320417640915
Model size: (1, 7)
Validation fitness: 0.8313253507003104 
Elapsed: 4.371725797653198

*** Epoch 1, batch 27/520 ***
Training fitness: 0.8439455527909705
Model size: (4, 12)
Validation fitness: 0.7809729077537455 
Elapsed: 4.657357454299927

*** Epoch 1, batch 28/520 ***
Training fitness: 0.8507009868362839
Model size: (1, 7)
Validation fitness: 0.8467683433107333 
Elapsed: 4.251481294631958

*** Epoch 1, batch 29/520 ***
Training fitness: 0.8375581164201374
Model size: (2, 8)
Validation fitness: 0.8304708601186743 
Elapsed: 4.4774394035339355

*** Epoch 1, batch 30/520 ***
Training fitness: 0.9455422647103358
Model size: (5, 10)
Validation fitness: 0.8164923381840796 
Elapsed: 4.538192510604858

*** Epoch 1, batch 31/520 ***
Training fitness: 0.8447539348138036
Model size: (2, 9)
Validation fitness: 0.8396597041729666 
Elapsed: 4.44202995300293

*** Epoch 1, batch 32/520 ***
Training fitness: 0.8832892783672596
Model size: (1, 7)
Validation fitness: 0.8516982289922864 
Elapsed: 4.378286600112915

*** Epoch 1, batch 33/520 ***
Training fitness: 0.8680527741124959
Model size: (2, 10)
Validation fitness: 0.8465746196738673 
Elapsed: 4.452410697937012

*** Epoch 1, batch 34/520 ***
Training fitness: 0.8989061215272803
Model size: (3, 10)
Validation fitness: 0.8290651198986213 
Elapsed: 5.241864204406738

*** Epoch 1, batch 35/520 ***
Training fitness: 0.8834868042641508
Model size: (6, 11)
Validation fitness: 0.8339822108334538 
Elapsed: 4.367427110671997

*** Epoch 1, batch 36/520 ***
Training fitness: 0.87526815673341
Model size: (4, 10)
Validation fitness: 0.8346769139165408 
Elapsed: 4.302093744277954

*** Epoch 1, batch 37/520 ***
Training fitness: 0.8726375646434433
Model size: (4, 10)
Validation fitness: 0.8396723688893255 
Elapsed: 4.408931016921997

*** Epoch 1, batch 38/520 ***
Training fitness: 0.874540497186378
Model size: (3, 7)
Validation fitness: 0.8323288505458474 
Elapsed: 4.479868412017822

*** Epoch 1, batch 39/520 ***
Training fitness: 0.8599756074682574
Model size: (3, 7)
Validation fitness: 0.8323288505458474 
Elapsed: 4.639899253845215

*** Epoch 1, batch 40/520 ***
Training fitness: 0.8839173261117267
Model size: (3, 9)
Validation fitness: 0.8386030572605557 
Elapsed: 4.4752771854400635

*** Epoch 1, batch 41/520 ***
Training fitness: 0.8841355921645215
Model size: (4, 12)
Validation fitness: 0.8379711779725788 
Elapsed: 4.5503270626068115

*** Epoch 1, batch 42/520 ***
Training fitness: 0.8577721802584208
Model size: (4, 11)
Validation fitness: 0.842628101216732 
Elapsed: 4.754350185394287

*** Epoch 1, batch 43/520 ***
Training fitness: 0.8334505840901685
Model size: (10, 24)
Validation fitness: 0.8384716317314492 
Elapsed: 5.37411093711853

*** Epoch 1, batch 44/520 ***
Training fitness: 0.8850028702514524
Model size: (4, 8)
Validation fitness: 0.8535444674339345 
Elapsed: 4.693195104598999

*** Epoch 1, batch 45/520 ***
Training fitness: 0.8763561139872544
Model size: (4, 10)
Validation fitness: 0.8335031503133714 
Elapsed: 4.498774528503418

*** Epoch 1, batch 46/520 ***
Training fitness: 0.8073734370859599
Model size: (4, 8)
Validation fitness: 0.8535444674339345 
Elapsed: 4.4582679271698

*** Epoch 1, batch 47/520 ***
Training fitness: 0.8728738255517648
Model size: (4, 9)
Validation fitness: 0.8322299923949827 
Elapsed: 4.482348203659058

*** Epoch 1, batch 48/520 ***
Training fitness: 0.8693391026363825
Model size: (6, 13)
Validation fitness: 0.8319613233267017 
Elapsed: 4.338325023651123

*** Epoch 1, batch 49/520 ***
Training fitness: 0.8887178269992522
Model size: (5, 13)
Validation fitness: 0.8266818676539168 
Elapsed: 4.62393593788147

*** Epoch 1, batch 50/520 ***
Training fitness: 0.9075912135884512
Model size: (5, 11)
Validation fitness: 0.84646992909031 
Elapsed: 3.3126449584960938

*** Epoch 1, batch 51/520 ***
Training fitness: 0.9042344236055041
Model size: (6, 14)
Validation fitness: 0.8480107951933279 
Elapsed: 2.3868818283081055

*** Epoch 1, batch 52/520 ***
Training fitness: 0.8593647811893681
Model size: (3, 11)
Validation fitness: 0.8170792838460728 
Elapsed: 2.357747793197632

*** Epoch 1, batch 53/520 ***
Training fitness: 0.8694490878399705
Model size: (3, 11)
Validation fitness: 0.8170792838460728 
Elapsed: 2.2900867462158203

*** Epoch 1, batch 54/520 ***
Training fitness: 0.8454682367177846
Model size: (1, 6)
Validation fitness: 0.819454649377197 
Elapsed: 2.217240810394287

*** Epoch 1, batch 55/520 ***
Training fitness: 0.8661356505049363
Model size: (4, 8)
Validation fitness: 0.834741209769747 
Elapsed: 2.1727867126464844

*** Epoch 1, batch 56/520 ***
Training fitness: 0.8399502008269782
Model size: (3, 8)
Validation fitness: 0.8374754611792924 
Elapsed: 2.259390354156494

*** Epoch 1, batch 57/520 ***
Training fitness: 0.8671991694565816
Model size: (4, 9)
Validation fitness: 0.8308324508504665 
Elapsed: 2.162182331085205

*** Epoch 1, batch 58/520 ***
Training fitness: 0.8657685955941848
Model size: (2, 9)
Validation fitness: 0.8400569391260923 
Elapsed: 2.240814208984375

*** Epoch 1, batch 59/520 ***
Training fitness: 0.852927876372024
Model size: (1, 8)
Validation fitness: 0.8364846611538331 
Elapsed: 2.1568117141723633

*** Epoch 1, batch 60/520 ***
Training fitness: 0.8674257783326655
Model size: (4, 8)
Validation fitness: 0.834741209769747 
Elapsed: 2.1408369541168213

*** Epoch 1, batch 61/520 ***
Training fitness: 0.8528768758974455
Model size: (3, 10)
Validation fitness: 0.8458723829507532 
Elapsed: 2.3000102043151855

*** Epoch 1, batch 62/520 ***
Training fitness: 0.8600914444591817
Model size: (8, 15)
Validation fitness: 0.8154140721447797 
Elapsed: 2.4732441902160645

*** Epoch 1, batch 63/520 ***
Training fitness: 0.9218701044723958
Model size: (6, 15)
Validation fitness: 0.8261634486111684 
Elapsed: 2.3827359676361084

*** Epoch 1, batch 64/520 ***
Training fitness: 0.8979751262312078
Model size: (1, 8)
Validation fitness: 0.8364846611538331 
Elapsed: 3.4033262729644775

*** Epoch 1, batch 65/520 ***
Training fitness: 0.8250161286611208
Model size: (9, 17)
Validation fitness: 0.8102386542518021 
Elapsed: 4.5554423332214355

*** Epoch 1, batch 66/520 ***
Training fitness: 0.8497829661949
Model size: (2, 6)
Validation fitness: 0.7936692161329917 
Elapsed: 4.258701801300049

*** Epoch 1, batch 67/520 ***
Training fitness: 0.8910045188702564
Model size: (3, 10)
Validation fitness: 0.8380838464276833 
Elapsed: 4.269701242446899

*** Epoch 1, batch 68/520 ***
Training fitness: 0.8902794147242107
Model size: (7, 16)
Validation fitness: 0.8528949008220467 
Elapsed: 4.627997875213623

*** Epoch 1, batch 69/520 ***
Training fitness: 0.854497832866627
Model size: (3, 8)
Validation fitness: 0.816896978289274 
Elapsed: 4.204255819320679

*** Epoch 1, batch 70/520 ***
Training fitness: 0.8421070624798853
Model size: (1, 7)
Validation fitness: 0.8348413483433913 
Elapsed: 4.366060256958008

*** Epoch 1, batch 71/520 ***
Training fitness: 0.8458170808848678
Model size: (5, 12)
Validation fitness: 0.8355688012390946 
Elapsed: 4.661778688430786

*** Epoch 1, batch 72/520 ***
Training fitness: 0.8277215110005285
Model size: (1, 7)
Validation fitness: 0.8348413483433913 
Elapsed: 4.272835731506348

*** Epoch 1, batch 73/520 ***
Training fitness: 0.8741640186050763
Model size: (1, 7)
Validation fitness: 0.8395902292188493 
Elapsed: 4.379631519317627

*** Epoch 1, batch 74/520 ***
Training fitness: 0.8007840253756321
Model size: (1, 7)
Validation fitness: 0.8395902292188493 
Elapsed: 4.317971467971802

*** Epoch 1, batch 75/520 ***
Training fitness: 0.8000630312900997
Model size: (2, 6)
Validation fitness: 0.81551695617723 
Elapsed: 4.306611776351929

*** Epoch 1, batch 76/520 ***
Training fitness: 0.8596154394352085
Model size: (1, 7)
Validation fitness: 0.8363917904071468 
Elapsed: 4.472644090652466

*** Epoch 1, batch 77/520 ***
Training fitness: 0.8518886805729154
Model size: (9, 16)
Validation fitness: 0.815887088271621 
Elapsed: 4.866806745529175

*** Epoch 1, batch 78/520 ***
Training fitness: 0.8920579032636218
Model size: (7, 10)
Validation fitness: 0.8208774029979581 
Elapsed: 4.5090227127075195

*** Epoch 1, batch 79/520 ***
Training fitness: 0.820545837481989
Model size: (2, 10)
Validation fitness: 0.8359128692387303 
Elapsed: 4.394766330718994

*** Epoch 1, batch 80/520 ***
Training fitness: 0.8215052444335399
Model size: (4, 9)
Validation fitness: 0.8260339303434812 
Elapsed: 4.548456430435181

*** Epoch 1, batch 81/520 ***
Training fitness: 0.8916050852754615
Model size: (5, 10)
Validation fitness: 0.8256911988304931 
Elapsed: 4.6745285987854

*** Epoch 1, batch 82/520 ***
Training fitness: 0.8641271722388852
Model size: (6, 12)
Validation fitness: 0.7844197306632484 
Elapsed: 4.458522319793701

*** Epoch 1, batch 83/520 ***
Training fitness: 0.8831319452925261
Model size: (1, 6)
Validation fitness: 0.8262468773486183 
Elapsed: 4.349945545196533

*** Epoch 1, batch 84/520 ***
Training fitness: 0.8827462599251413
Model size: (7, 12)
Validation fitness: 0.8264683450714204 
Elapsed: 4.538980484008789

*** Epoch 1, batch 85/520 ***
Training fitness: 0.8603630678575075
Model size: (4, 10)
Validation fitness: 0.8393887771212337 
Elapsed: 4.5368993282318115

*** Epoch 1, batch 86/520 ***
Training fitness: 0.8547798283131037
Model size: (3, 8)
Validation fitness: 0.8566082405135842 
Elapsed: 4.668850660324097

*** Epoch 1, batch 87/520 ***
Training fitness: 0.8436530848822045
Model size: (8, 17)
Validation fitness: 0.8164275224124609 
Elapsed: 4.60709810256958

*** Epoch 1, batch 88/520 ***
Training fitness: 0.8829329823843954
Model size: (7, 11)
Validation fitness: 0.8245351626429787 
Elapsed: 4.768619060516357

*** Epoch 1, batch 89/520 ***
Training fitness: 0.8760305343511451
Model size: (4, 8)
Validation fitness: 0.8439358923742115 
Elapsed: 4.425532579421997

*** Epoch 1, batch 90/520 ***
Training fitness: 0.8792824546208994
Model size: (4, 10)
Validation fitness: 0.8373476254116924 
Elapsed: 4.600271463394165

*** Epoch 1, batch 91/520 ***
Training fitness: 0.8704062634187852
Model size: (4, 8)
Validation fitness: 0.847653811779096 
Elapsed: 4.50382399559021

*** Epoch 1, batch 92/520 ***
Training fitness: 0.8477283567355103
Model size: (8, 17)
Validation fitness: 0.8330120259295438 
Elapsed: 4.507917404174805

*** Epoch 1, batch 93/520 ***
Training fitness: 0.9234614818163566
Model size: (4, 9)
Validation fitness: 0.8532170802668141 
Elapsed: 4.4643166065216064

*** Epoch 1, batch 94/520 ***
Training fitness: 0.9367432666172474
Model size: (5, 11)
Validation fitness: 0.8034462789214847 
Elapsed: 4.598987579345703

*** Epoch 1, batch 95/520 ***
Training fitness: 0.8359688287715149
Model size: (4, 10)
Validation fitness: 0.8373476254116924 
Elapsed: 4.6099512577056885

*** Epoch 1, batch 96/520 ***
Training fitness: 0.8634695375581111
Model size: (8, 16)
Validation fitness: 0.8365904714643853 
Elapsed: 4.791143417358398

*** Epoch 1, batch 97/520 ***
Training fitness: 0.8684871746040874
Model size: (3, 10)
Validation fitness: 0.828378522578996 
Elapsed: 4.488681793212891

*** Epoch 1, batch 98/520 ***
Training fitness: 0.8665424956895248
Model size: (4, 12)
Validation fitness: 0.826752938589922 
Elapsed: 4.880286455154419

*** Epoch 1, batch 99/520 ***
Training fitness: 0.8345053766393807
Model size: (9, 15)
Validation fitness: 0.8553702874180131 
Elapsed: 4.927084445953369

*** Epoch 1, batch 100/520 ***
Training fitness: 0.8331729233012184
Model size: (5, 13)
Validation fitness: 0.8431197670148624 
Elapsed: 4.72239089012146

*** Epoch 1, batch 101/520 ***
Training fitness: 0.8686056086192445
Model size: (5, 13)
Validation fitness: 0.8431197670148624 
Elapsed: 4.532379865646362

*** Epoch 1, batch 102/520 ***
Training fitness: 0.8673309339434461
Model size: (4, 12)
Validation fitness: 0.8330112411102971 
Elapsed: 4.664869546890259

*** Epoch 1, batch 103/520 ***
Training fitness: 0.8126375006351424
Model size: (4, 12)
Validation fitness: 0.826752938589922 
Elapsed: 4.546892881393433

*** Epoch 1, batch 104/520 ***
Training fitness: 0.8751711126804288
Model size: (4, 12)
Validation fitness: 0.8330112411102971 
Elapsed: 4.394522666931152

*** Epoch 1, batch 105/520 ***
Training fitness: 0.890661188354312
Model size: (8, 16)
Validation fitness: 0.8253554116107418 
Elapsed: 4.2948832511901855

*** Epoch 1, batch 106/520 ***
Training fitness: 0.852231792326023
Model size: (5, 12)
Validation fitness: 0.8499522855266839 
Elapsed: 4.557343482971191

*** Epoch 1, batch 107/520 ***
Training fitness: 0.8277152848792588
Model size: (8, 16)
Validation fitness: 0.8253554116107418 
Elapsed: 4.335991621017456

*** Epoch 1, batch 108/520 ***
Training fitness: 0.9011771109424468
Model size: (5, 12)
Validation fitness: 0.8499522855266839 
Elapsed: 5.24089241027832

*** Epoch 1, batch 109/520 ***
Training fitness: 0.8182311615170677
Model size: (6, 15)
Validation fitness: 0.8415688774325286 
Elapsed: 4.520284175872803

*** Epoch 1, batch 110/520 ***
Training fitness: 0.8998564784326115
Model size: (5, 12)
Validation fitness: 0.8431349056227743 
Elapsed: 4.670158386230469

*** Epoch 1, batch 111/520 ***
Training fitness: 0.8029751019113633
Model size: (10, 16)
Validation fitness: 0.815363715638735 
Elapsed: 4.689448356628418

*** Epoch 1, batch 112/520 ***
Training fitness: 0.8492450177458527
Model size: (6, 8)
Validation fitness: 0.8244663372127387 
Elapsed: 4.644998073577881

*** Epoch 1, batch 113/520 ***
Training fitness: 0.817467688909866
Model size: (3, 9)
Validation fitness: 0.833717447955202 
Elapsed: 4.489121437072754

*** Epoch 1, batch 114/520 ***
Training fitness: 0.8499174416438962
Model size: (12, 23)
Validation fitness: 0.8364091428998551 
Elapsed: 4.8860509395599365

*** Epoch 1, batch 115/520 ***
Training fitness: 0.8609915239007649
Model size: (12, 22)
Validation fitness: 0.8400801425289871 
Elapsed: 4.541032791137695

*** Epoch 1, batch 116/520 ***
Training fitness: 0.8776019590069722
Model size: (4, 10)
Validation fitness: 0.8314951394882658 
Elapsed: 4.741744756698608

*** Epoch 1, batch 117/520 ***
Training fitness: 0.8392732474555747
Model size: (13, 24)
Validation fitness: 0.8127418889966666 
Elapsed: 4.919817924499512

*** Epoch 1, batch 118/520 ***
Training fitness: 0.8420753583206845
Model size: (7, 11)
Validation fitness: 0.792962859782812 
Elapsed: 4.253166913986206

*** Epoch 1, batch 119/520 ***
Training fitness: 0.8804818958480375
Model size: (9, 16)
Validation fitness: 0.8500053133257485 
Elapsed: 4.706858396530151

*** Epoch 1, batch 120/520 ***
Training fitness: 0.8812096618973051
Model size: (2, 6)
Validation fitness: 0.8336425183651891 
Elapsed: 4.316187143325806

*** Epoch 1, batch 121/520 ***
Training fitness: 0.8967817753617298
Model size: (2, 6)
Validation fitness: 0.8336425183651891 
Elapsed: 4.552038192749023

*** Epoch 1, batch 122/520 ***
Training fitness: 0.8240708061604756
Model size: (11, 19)
Validation fitness: 0.8446186450760184 
Elapsed: 2.9837899208068848

*** Epoch 1, batch 123/520 ***
Training fitness: 0.8590141984145587
Model size: (14, 26)
Validation fitness: 0.8240675827366922 
Elapsed: 2.510341167449951

*** Epoch 1, batch 124/520 ***
Training fitness: 0.8638073382760597
Model size: (11, 19)
Validation fitness: 0.8446186450760184 
Elapsed: 2.7512142658233643

*** Epoch 1, batch 125/520 ***
Training fitness: 0.8691658929953359
Model size: (11, 20)
Validation fitness: 0.8337604362227604 
Elapsed: 2.4037580490112305

*** Epoch 1, batch 126/520 ***
Training fitness: 0.8564852867682444
Model size: (5, 11)
Validation fitness: 0.7696033325338506 
Elapsed: 2.337968587875366

*** Epoch 1, batch 127/520 ***
Training fitness: 0.8150914703110473
Model size: (3, 8)
Validation fitness: 0.8304887882965573 
Elapsed: 2.3512730598449707

*** Epoch 1, batch 128/520 ***
Training fitness: 0.8332523690310374
Model size: (4, 8)
Validation fitness: 0.8324486897364887 
Elapsed: 2.4356651306152344

*** Epoch 1, batch 129/520 ***
Training fitness: 0.7974032981506064
Model size: (14, 23)
Validation fitness: 0.8164648285370131 
Elapsed: 2.3620245456695557

*** Epoch 1, batch 130/520 ***
Training fitness: 0.8595450116871951
Model size: (13, 23)
Validation fitness: 0.8238658515383297 
Elapsed: 2.4713969230651855

*** Epoch 1, batch 131/520 ***
Training fitness: 0.8743807689008235
Model size: (3, 8)
Validation fitness: 0.8348556494176667 
Elapsed: 2.340104818344116

*** Epoch 1, batch 132/520 ***
Training fitness: 0.8588235294117647
Model size: (10, 19)
Validation fitness: 0.8367309559549314 
Elapsed: 2.5581297874450684

*** Epoch 1, batch 133/520 ***
Training fitness: 0.8827535858205336
Model size: (10, 19)
Validation fitness: 0.8367309559549314 
Elapsed: 2.3761744499206543

*** Epoch 1, batch 134/520 ***
Training fitness: 0.8687863788331017
Model size: (5, 11)
Validation fitness: 0.8400118568077883 
Elapsed: 2.1844475269317627

*** Epoch 1, batch 135/520 ***
Training fitness: 0.8042146395869031
Model size: (5, 11)
Validation fitness: 0.8400118568077883 
Elapsed: 2.349299669265747

*** Epoch 1, batch 136/520 ***
Training fitness: 0.839188444906291
Model size: (11, 20)
Validation fitness: 0.8641777229121478 !!!
Elapsed: 2.4936676025390625

*** Epoch 1, batch 137/520 ***
Training fitness: 0.856405040978828
Model size: (9, 18)
Validation fitness: 0.8602321476620044 
Elapsed: 2.5395097732543945

*** Epoch 1, batch 138/520 ***
Training fitness: 0.917330360574183
Model size: (10, 18)
Validation fitness: 0.8619705849296053 
Elapsed: 2.463527202606201

*** Epoch 1, batch 139/520 ***
Training fitness: 0.87877723890962
Model size: (10, 18)
Validation fitness: 0.8619705849296053 
Elapsed: 2.4436917304992676

*** Epoch 1, batch 140/520 ***
Training fitness: 0.8711764176772593
Model size: (11, 20)
Validation fitness: 0.8641777229121478 
Elapsed: 2.6420042514801025

*** Epoch 1, batch 141/520 ***
Training fitness: 0.8124571664161797
Model size: (5, 11)
Validation fitness: 0.8400118568077883 
Elapsed: 2.167635440826416

*** Epoch 1, batch 142/520 ***
Training fitness: 0.8904265978691672
Model size: (11, 20)
Validation fitness: 0.8641777229121478 
Elapsed: 2.6279561519622803

*** Epoch 1, batch 143/520 ***
Training fitness: 0.9151261930118313
Model size: (5, 11)
Validation fitness: 0.8454277587206603 
Elapsed: 2.3243794441223145

*** Epoch 1, batch 144/520 ***
Training fitness: 0.8598205275024366
Model size: (8, 14)
Validation fitness: 0.8280550151481543 
Elapsed: 2.666623592376709

*** Epoch 1, batch 145/520 ***
Training fitness: 0.9090769442542775
Model size: (5, 11)
Validation fitness: 0.8400118568077883 
Elapsed: 2.3843441009521484

*** Epoch 1, batch 146/520 ***
Training fitness: 0.8386649523881287
Model size: (11, 21)
Validation fitness: 0.8510018548731003 
Elapsed: 2.6152353286743164

*** Epoch 1, batch 147/520 ***
Training fitness: 0.8592808877461776
Model size: (12, 22)
Validation fitness: 0.8448059120293387 
Elapsed: 2.6483314037323

*** Epoch 1, batch 148/520 ***
Training fitness: 0.8470709837647268
Model size: (12, 19)
Validation fitness: 0.8104567933132664 
Elapsed: 2.3633134365081787

*** Epoch 1, batch 149/520 ***
Training fitness: 0.8613726630915828
Model size: (10, 18)
Validation fitness: 0.8619705849296053 
Elapsed: 2.4499804973602295

*** Epoch 1, batch 150/520 ***
Training fitness: 0.852347186594598
Model size: (10, 19)
Validation fitness: 0.8461603811993448 
Elapsed: 2.445572853088379

*** Epoch 1, batch 151/520 ***
Training fitness: 0.8380115674062426
Model size: (10, 18)
Validation fitness: 0.8619705849296053 
Elapsed: 2.3133668899536133

*** Epoch 1, batch 152/520 ***
Training fitness: 0.8624800060695207
Model size: (10, 18)
Validation fitness: 0.8619705849296053 
Elapsed: 2.52673077583313

*** Epoch 1, batch 153/520 ***
Training fitness: 0.9372037151195158
Model size: (8, 12)
Validation fitness: 0.8599113706960517 
Elapsed: 2.1211092472076416

*** Epoch 1, batch 154/520 ***
Training fitness: 0.8830550716359568
Model size: (12, 20)
Validation fitness: 0.8124809163394295 
Elapsed: 2.1479909420013428

*** Epoch 1, batch 155/520 ***
Training fitness: 0.8500584872336907
Model size: (8, 12)
Validation fitness: 0.8599113706960517 
Elapsed: 2.3257761001586914

*** Epoch 1, batch 156/520 ***
Training fitness: 0.8840094294855158
Model size: (11, 19)
Validation fitness: 0.8370001018536654 
Elapsed: 2.444145679473877

*** Epoch 1, batch 157/520 ***
Training fitness: 0.8722620994549295
Model size: (8, 12)
Validation fitness: 0.8599113706960517 
Elapsed: 2.2641968727111816

*** Epoch 1, batch 158/520 ***
Training fitness: 0.9090283804225573
Model size: (10, 18)
Validation fitness: 0.8619705849296053 
Elapsed: 2.422579526901245

*** Epoch 1, batch 159/520 ***
Training fitness: 0.8984832406034725
Model size: (3, 9)
Validation fitness: 0.7972417867078212 
Elapsed: 2.2903552055358887

*** Epoch 1, batch 160/520 ***
Training fitness: 0.8724049066175185
Model size: (8, 12)
Validation fitness: 0.8599113706960517 
Elapsed: 2.213613271713257

*** Epoch 1, batch 161/520 ***
Training fitness: 0.8769754125957699
Model size: (8, 12)
Validation fitness: 0.8599113706960517 
Elapsed: 2.170994997024536

*** Epoch 1, batch 162/520 ***
Training fitness: 0.8280582864645732
Model size: (8, 12)
Validation fitness: 0.8599113706960517 
Elapsed: 2.1485273838043213

*** Epoch 1, batch 163/520 ***
Training fitness: 0.8365163195092408
Model size: (10, 13)
Validation fitness: 0.821006149301735 
Elapsed: 2.2038347721099854

*** Epoch 1, batch 164/520 ***
Training fitness: 0.8296545580300387
Model size: (8, 12)
Validation fitness: 0.8599113706960517 
Elapsed: 2.297661781311035

*** Epoch 1, batch 165/520 ***
Training fitness: 0.8777996427916533
Model size: (8, 12)
Validation fitness: 0.8599113706960517 
Elapsed: 2.266200065612793

*** Epoch 1, batch 166/520 ***
Training fitness: 0.8398236531121692
Model size: (8, 12)
Validation fitness: 0.8599113706960517 
Elapsed: 2.2906076908111572

*** Epoch 1, batch 167/520 ***
Training fitness: 0.8458170808848678
Model size: (8, 12)
Validation fitness: 0.8599113706960517 
Elapsed: 2.196467399597168

*** Epoch 1, batch 168/520 ***
Training fitness: 0.8346715445620434
Model size: (8, 12)
Validation fitness: 0.8599113706960517 
Elapsed: 2.218331813812256

*** Epoch 1, batch 169/520 ***
Training fitness: 0.8216718264916841
Model size: (14, 23)
Validation fitness: 0.7824631860555438 
Elapsed: 2.2588348388671875

*** Epoch 1, batch 170/520 ***
Training fitness: 0.8510795569456776
Model size: (2, 7)
Validation fitness: 0.8212788258786242 
Elapsed: 2.13881254196167

*** Epoch 1, batch 171/520 ***
Training fitness: 0.8790143278602764
Model size: (1, 4)
Validation fitness: 0.7956569413324306 
Elapsed: 2.046823501586914

*** Epoch 1, batch 172/520 ***
Training fitness: 0.8519596295498318
Model size: (2, 7)
Validation fitness: 0.825339867181195 
Elapsed: 2.199157476425171

*** Epoch 1, batch 173/520 ***
Training fitness: 0.8122850968411331
Model size: (9, 12)
Validation fitness: 0.788279529370623 
Elapsed: 2.1799635887145996

*** Epoch 1, batch 174/520 ***
Training fitness: 0.8125
Model size: (5, 8)
Validation fitness: 0.8300993908041528 
Elapsed: 1.9856467247009277

*** Epoch 1, batch 175/520 ***
Training fitness: 0.8477633218356134
Model size: (1, 4)
Validation fitness: 0.7824153061376209 
Elapsed: 2.039316177368164

*** Epoch 1, batch 176/520 ***
Training fitness: 0.8120468282206932
Model size: (3, 5)
Validation fitness: 0.834730910681352 
Elapsed: 2.0636849403381348

*** Epoch 1, batch 177/520 ***
Training fitness: 0.8750854819097253
Model size: (4, 12)
Validation fitness: 0.8173513367843535 
Elapsed: 2.131338357925415

*** Epoch 1, batch 178/520 ***
Training fitness: 0.8298708440046113
Model size: (5, 14)
Validation fitness: 0.8325271382333066 
Elapsed: 2.2645413875579834

*** Epoch 1, batch 179/520 ***
Training fitness: 0.8427881592307318
Model size: (4, 6)
Validation fitness: 0.8405205873968327 
Elapsed: 2.093998432159424

*** Epoch 1, batch 180/520 ***
Training fitness: 0.8229746896187592
Model size: (5, 7)
Validation fitness: 0.8067309875972639 
Elapsed: 2.2221779823303223

*** Epoch 1, batch 181/520 ***
Training fitness: 0.869941406670214
Model size: (5, 7)
Validation fitness: 0.8067309875972639 
Elapsed: 2.1170952320098877

*** Epoch 1, batch 182/520 ***
Training fitness: 0.8313332544778577
Model size: (4, 6)
Validation fitness: 0.8405205873968327 
Elapsed: 2.1632931232452393

*** Epoch 1, batch 183/520 ***
Training fitness: 0.82172713016766
Model size: (4, 6)
Validation fitness: 0.8405205873968327 
Elapsed: 2.213188886642456

*** Epoch 1, batch 184/520 ***
Training fitness: 0.8738138778645068
Model size: (3, 4)
Validation fitness: 0.8266548262109414 
Elapsed: 2.1249897480010986

*** Epoch 1, batch 185/520 ***
Training fitness: 0.8547245277420102
Model size: (4, 5)
Validation fitness: 0.8287503070309499 
Elapsed: 2.0433192253112793

*** Epoch 1, batch 186/520 ***
Training fitness: 0.9140891777893242
Model size: (4, 6)
Validation fitness: 0.8405205873968327 
Elapsed: 2.195512533187866

*** Epoch 1, batch 187/520 ***
Training fitness: 0.8022650749923477
Model size: (3, 5)
Validation fitness: 0.82851315468612 
Elapsed: 2.0118680000305176

*** Epoch 1, batch 188/520 ***
Training fitness: 0.8357335005928126
Model size: (11, 15)
Validation fitness: 0.7795325539688832 
Elapsed: 2.098435163497925

*** Epoch 1, batch 189/520 ***
Training fitness: 0.8224981034874816
Model size: (4, 6)
Validation fitness: 0.8405205873968327 
Elapsed: 2.1547341346740723

*** Epoch 1, batch 190/520 ***
Training fitness: 0.8050019816888933
Model size: (6, 10)
Validation fitness: 0.7881965928382582 
Elapsed: 2.0933361053466797

*** Epoch 1, batch 191/520 ***
Training fitness: 0.8539918871638555
Model size: (5, 8)
Validation fitness: 0.8377266778255517 
Elapsed: 2.283576726913452

*** Epoch 1, batch 192/520 ***
Training fitness: 0.8077527434616101
Model size: (8, 13)
Validation fitness: 0.7755898909092871 
Elapsed: 2.1481151580810547

*** Epoch 1, batch 193/520 ***
Training fitness: 0.7653947526256064
Model size: (5, 10)
Validation fitness: 0.7911017700446521 
Elapsed: 2.0104751586914062

*** Epoch 1, batch 194/520 ***
Training fitness: 0.7986767156901555
Model size: (5, 8)
Validation fitness: 0.7957360858979 
Elapsed: 2.2718122005462646

*** Epoch 1, batch 195/520 ***
Training fitness: 0.8977787839828082
Model size: (6, 10)
Validation fitness: 0.8063964332075317 
Elapsed: 2.220522403717041

*** Epoch 1, batch 196/520 ***
Training fitness: 0.7933136730090025
Model size: (10, 11)
Validation fitness: 0.7944482442580703 
Elapsed: 2.1343624591827393

*** Epoch 1, batch 197/520 ***
Training fitness: 0.8126106329732039
Model size: (6, 10)
Validation fitness: 0.8063964332075317 
Elapsed: 2.224353790283203

*** Epoch 1, batch 198/520 ***
Training fitness: 0.852927876372024
Model size: (5, 13)
Validation fitness: 0.7827405321943507 
Elapsed: 2.2755157947540283

*** Epoch 1, batch 199/520 ***
Training fitness: 0.8077527434616101
Model size: (7, 13)
Validation fitness: 0.7844361808126563 
Elapsed: 2.1533560752868652

*** Epoch 1, batch 200/520 ***
Training fitness: 0.8130602602518727
Model size: (7, 12)
Validation fitness: 0.7816086281346644 
Elapsed: 2.244837999343872

*** Epoch 1, batch 201/520 ***
Training fitness: 0.8835292424720936
Model size: (6, 9)
Validation fitness: 0.7924365308559173 
Elapsed: 2.1056768894195557

*** Epoch 1, batch 202/520 ***
Training fitness: 0.8856243518719612
Model size: (7, 12)
Validation fitness: 0.8128643631181004 
Elapsed: 2.395908832550049

*** Epoch 1, batch 203/520 ***
Training fitness: 0.8701734109688944
Model size: (5, 10)
Validation fitness: 0.8267007914516599 
Elapsed: 2.1987619400024414

*** Epoch 1, batch 204/520 ***
Training fitness: 0.8694804781072921
Model size: (4, 8)
Validation fitness: 0.8185684112575631 
Elapsed: 2.257512092590332

*** Epoch 1, batch 205/520 ***
Training fitness: 0.7998662289472559
Model size: (9, 16)
Validation fitness: 0.7897045986703176 
Elapsed: 2.1592094898223877

*** Epoch 1, batch 206/520 ***
Training fitness: 0.8371261559270411
Model size: (6, 10)
Validation fitness: 0.8142557245118134 
Elapsed: 2.1615493297576904

*** Epoch 1, batch 207/520 ***
Training fitness: 0.8504282174427525
Model size: (7, 14)
Validation fitness: 0.8217114606603535 
Elapsed: 2.138590097427368

*** Epoch 1, batch 208/520 ***
Training fitness: 0.8561660628358443
Model size: (10, 17)
Validation fitness: 0.8104014490553232 
Elapsed: 2.1606109142303467

*** Epoch 1, batch 209/520 ***
Training fitness: 0.852927876372024
Model size: (6, 10)
Validation fitness: 0.8244877659732104 
Elapsed: 2.1311700344085693

*** Epoch 1, batch 210/520 ***
Training fitness: 0.8991604439975156
Model size: (6, 10)
Validation fitness: 0.8244877659732104 
Elapsed: 2.097862720489502

*** Epoch 1, batch 211/520 ***
Training fitness: 0.8447256560455428
Model size: (4, 8)
Validation fitness: 0.8185684112575631 
Elapsed: 2.111330270767212

*** Epoch 1, batch 212/520 ***
Training fitness: 0.9128136272999382
Model size: (6, 10)
Validation fitness: 0.8244877659732104 
Elapsed: 2.1385550498962402

*** Epoch 1, batch 213/520 ***
Training fitness: 0.8171825100947567
Model size: (9, 14)
Validation fitness: 0.7879989442331394 
Elapsed: 2.2259886264801025

*** Epoch 1, batch 214/520 ***
Training fitness: 0.8639603021487492
Model size: (4, 8)
Validation fitness: 0.8185684112575631 
Elapsed: 2.1079983711242676

*** Epoch 1, batch 215/520 ***
Training fitness: 0.8749034783852326
Model size: (7, 8)
Validation fitness: 0.840489919043242 
Elapsed: 2.1074202060699463

*** Epoch 1, batch 216/520 ***
Training fitness: 0.8062028412776794
Model size: (8, 9)
Validation fitness: 0.8232583408398239 
Elapsed: 2.0884318351745605

*** Epoch 1, batch 217/520 ***
Training fitness: 0.8629479364206694
Model size: (10, 17)
Validation fitness: 0.8104014490553232 
Elapsed: 2.2049758434295654

*** Epoch 1, batch 218/520 ***
Training fitness: 0.8450935229165145
Model size: (6, 10)
Validation fitness: 0.8244877659732104 
Elapsed: 2.105003595352173

*** Epoch 1, batch 219/520 ***
Training fitness: 0.8595212399508618
Model size: (4, 9)
Validation fitness: 0.7696090967911856 
Elapsed: 2.1603949069976807

*** Epoch 1, batch 220/520 ***
Training fitness: 0.8045165472042661
Model size: (6, 10)
Validation fitness: 0.8244877659732104 
Elapsed: 2.1157472133636475

*** Epoch 1, batch 221/520 ***
Training fitness: 0.817176906970838
Model size: (8, 9)
Validation fitness: 0.8232583408398239 
Elapsed: 2.111752986907959

*** Epoch 1, batch 222/520 ***
Training fitness: 0.8057569197220324
Model size: (7, 8)
Validation fitness: 0.8373160993041032 
Elapsed: 2.125673294067383

*** Epoch 1, batch 223/520 ***
Training fitness: 0.8563303628745754
Model size: (7, 8)
Validation fitness: 0.8373160993041032 
Elapsed: 2.068567991256714

*** Epoch 1, batch 224/520 ***
Training fitness: 0.8924472611077572
Model size: (4, 9)
Validation fitness: 0.8326450736488759 
Elapsed: 2.0688698291778564

*** Epoch 1, batch 225/520 ***
Training fitness: 0.8132224044442821
Model size: (13, 18)
Validation fitness: 0.7814166051532289 
Elapsed: 1.9762661457061768

*** Epoch 1, batch 226/520 ***
Training fitness: 0.836077322426933
Model size: (7, 8)
Validation fitness: 0.8373160993041032 
Elapsed: 1.9565181732177734

*** Epoch 1, batch 227/520 ***
Training fitness: 0.797850303962372
Model size: (4, 9)
Validation fitness: 0.8326450736488759 
Elapsed: 2.075737476348877

*** Epoch 1, batch 228/520 ***
Training fitness: 0.883069319698734
Model size: (4, 9)
Validation fitness: 0.8326450736488759 
Elapsed: 2.081977367401123

*** Epoch 1, batch 229/520 ***
Training fitness: 0.8393422778010385
Model size: (4, 8)
Validation fitness: 0.8102104958840244 
Elapsed: 2.0105531215667725

*** Epoch 1, batch 230/520 ***
Training fitness: 0.9080638172541892
Model size: (7, 8)
Validation fitness: 0.8373160993041032 
Elapsed: 2.0286052227020264

*** Epoch 1, batch 231/520 ***
Training fitness: 0.8490574826125626
Model size: (7, 8)
Validation fitness: 0.8352536918103863 
Elapsed: 2.1055126190185547

*** Epoch 1, batch 232/520 ***
Training fitness: 0.8603884784309475
Model size: (7, 8)
Validation fitness: 0.8373160993041032 
Elapsed: 2.0098235607147217

*** Epoch 1, batch 233/520 ***
Training fitness: 0.8534809593560573
Model size: (7, 8)
Validation fitness: 0.8352536918103863 
Elapsed: 2.073702573776245

*** Epoch 1, batch 234/520 ***
Training fitness: 0.8538339856009328
Model size: (7, 8)
Validation fitness: 0.8373160993041032 
Elapsed: 2.0766818523406982

*** Epoch 1, batch 235/520 ***
Training fitness: 0.8652402786458697
Model size: (10, 16)
Validation fitness: 0.7973787516399475 
Elapsed: 2.0697977542877197

*** Epoch 1, batch 236/520 ***
Training fitness: 0.803816858037161
Model size: (7, 8)
Validation fitness: 0.8352536918103863 
Elapsed: 2.0737388134002686

*** Epoch 1, batch 237/520 ***
Training fitness: 0.8907927583559065
Model size: (7, 8)
Validation fitness: 0.8373160993041032 
Elapsed: 2.1495096683502197

*** Epoch 1, batch 238/520 ***
Training fitness: 0.8136298767161212
Model size: (7, 8)
Validation fitness: 0.8373160993041032 
Elapsed: 2.049156427383423

*** Epoch 1, batch 239/520 ***
Training fitness: 0.8976710800312961
Model size: (7, 8)
Validation fitness: 0.8373160993041032 
Elapsed: 2.2176120281219482

*** Epoch 1, batch 240/520 ***
Training fitness: 0.8708293913591927
Model size: (7, 8)
Validation fitness: 0.8373160993041032 
Elapsed: 2.1412546634674072

*** Epoch 1, batch 241/520 ***
Training fitness: 0.8178935541157513
Model size: (7, 8)
Validation fitness: 0.8373160993041032 
Elapsed: 2.0889503955841064

*** Epoch 1, batch 242/520 ***
Training fitness: 0.8710077733069272
Model size: (7, 8)
Validation fitness: 0.8373160993041032 
Elapsed: 2.111908435821533

*** Epoch 1, batch 243/520 ***
Training fitness: 0.8909806263319022
Model size: (7, 8)
Validation fitness: 0.8373160993041032 
Elapsed: 2.0780014991760254

*** Epoch 1, batch 244/520 ***
Training fitness: 0.8317745132214326
Model size: (12, 15)
Validation fitness: 0.7891132168646499 
Elapsed: 2.219191074371338

*** Epoch 1, batch 245/520 ***
Training fitness: 0.7894147994978402
Model size: (7, 8)
Validation fitness: 0.8373160993041032 
Elapsed: 3.757380247116089

*** Epoch 1, batch 246/520 ***
Training fitness: 0.8838737558989689
Model size: (7, 8)
Validation fitness: 0.8187040342585099 
Elapsed: 4.105721712112427

*** Epoch 1, batch 247/520 ***
Training fitness: 0.8516121421052438
Model size: (11, 16)
Validation fitness: 0.8067135767236406 
Elapsed: 4.171194076538086

*** Epoch 1, batch 248/520 ***
Training fitness: 0.8785710337481841
Model size: (7, 9)
Validation fitness: 0.8483165317302268 
Elapsed: 3.988460063934326

*** Epoch 1, batch 249/520 ***
Training fitness: 0.7932394110291534
Model size: (6, 7)
Validation fitness: 0.8406423695339433 
Elapsed: 3.988199234008789

*** Epoch 1, batch 250/520 ***
Training fitness: 0.8161468105476496
Model size: (6, 7)
Validation fitness: 0.8406423695339433 
Elapsed: 3.8886125087738037

*** Epoch 1, batch 251/520 ***
Training fitness: 0.8509720955287426
Model size: (6, 7)
Validation fitness: 0.8406423695339433 
Elapsed: 4.085107803344727

*** Epoch 1, batch 252/520 ***
Training fitness: 0.8757595160297752
Model size: (7, 10)
Validation fitness: 0.7879596612500306 
Elapsed: 4.139962911605835

*** Epoch 1, batch 253/520 ***
Training fitness: 0.9220100782054704
Model size: (6, 10)
Validation fitness: 0.8513451640356273 
Elapsed: 4.108940601348877

*** Epoch 1, batch 254/520 ***
Training fitness: 0.883676344263077
Model size: (6, 10)
Validation fitness: 0.8513451640356273 
Elapsed: 3.98305082321167

*** Epoch 1, batch 255/520 ***
Training fitness: 0.846335550743739
Model size: (6, 10)
Validation fitness: 0.8513451640356273 
Elapsed: 4.114803791046143

*** Epoch 1, batch 256/520 ***
Training fitness: 0.8584653425668078
Model size: (5, 9)
Validation fitness: 0.8342383159484708 
Elapsed: 4.241574048995972

*** Epoch 1, batch 257/520 ***
Training fitness: 0.9231993610719209
Model size: (6, 10)
Validation fitness: 0.8513451640356273 
Elapsed: 3.921825408935547

*** Epoch 1, batch 258/520 ***
Training fitness: 0.8851269706136513
Model size: (6, 10)
Validation fitness: 0.8513451640356273 
Elapsed: 3.9403152465820312

*** Epoch 1, batch 259/520 ***
Training fitness: 0.8328134820747318
Model size: (6, 10)
Validation fitness: 0.8513451640356273 
Elapsed: 4.170350551605225

*** Epoch 1, batch 260/520 ***
Training fitness: 0.8296807959027928
Model size: (6, 10)
Validation fitness: 0.8513451640356273 
Elapsed: 4.028417110443115

*** Epoch 1, batch 261/520 ***
Training fitness: 0.7807426765932688
Model size: (6, 10)
Validation fitness: 0.8513451640356273 
Elapsed: 4.087440252304077

*** Epoch 1, batch 262/520 ***
Training fitness: 0.8501030132202168
Model size: (7, 10)
Validation fitness: 0.8526669713853564 
Elapsed: 4.077020883560181

*** Epoch 1, batch 263/520 ***
Training fitness: 0.8806244260789715
Model size: (8, 12)
Validation fitness: 0.8353357553768469 
Elapsed: 4.545779705047607

*** Epoch 1, batch 264/520 ***
Training fitness: 0.8325846340129606
Model size: (9, 14)
Validation fitness: 0.8492303430635026 
Elapsed: 4.496066331863403

*** Epoch 1, batch 265/520 ***
Training fitness: 0.8882890014139316
Model size: (9, 14)
Validation fitness: 0.8492303430635026 
Elapsed: 4.3953399658203125

*** Epoch 1, batch 266/520 ***
Training fitness: 0.8673121924092637
Model size: (9, 14)
Validation fitness: 0.8492303430635026 
Elapsed: 4.324388742446899

*** Epoch 1, batch 267/520 ***
Training fitness: 0.8087093447520565
Model size: (9, 16)
Validation fitness: 0.848839216503833 
Elapsed: 4.174631595611572

*** Epoch 1, batch 268/520 ***
Training fitness: 0.8189479236399042
Model size: (8, 12)
Validation fitness: 0.8063347807366441 
Elapsed: 3.833188533782959

*** Epoch 1, batch 269/520 ***
Training fitness: 0.8210044363704058
Model size: (13, 16)
Validation fitness: 0.8076406001266505 
Elapsed: 3.872007369995117

*** Epoch 1, batch 270/520 ***
Training fitness: 0.8651293820157802
Model size: (9, 15)
Validation fitness: 0.7942915215440575 
Elapsed: 4.1367528438568115

*** Epoch 1, batch 271/520 ***
Training fitness: 0.8438530156892917
Model size: (7, 8)
Validation fitness: 0.8035912831266048 
Elapsed: 3.996824264526367

*** Epoch 1, batch 272/520 ***
Training fitness: 0.8177502960574423
Model size: (6, 8)
Validation fitness: 0.7910464088082373 
Elapsed: 4.043187141418457

*** Epoch 1, batch 273/520 ***
Training fitness: 0.8598949150761092
Model size: (8, 13)
Validation fitness: 0.7958029804099702 
Elapsed: 4.026882886886597

*** Epoch 1, batch 274/520 ***
Training fitness: 0.8045574228987913
Model size: (11, 17)
Validation fitness: 0.7920736555835588 
Elapsed: 3.9701778888702393

*** Epoch 1, batch 275/520 ***
Training fitness: 0.8175450182597147
Model size: (8, 14)
Validation fitness: 0.7730591569204858 
Elapsed: 4.100537061691284

*** Epoch 1, batch 276/520 ***
Training fitness: 0.8060000393712059
Model size: (12, 19)
Validation fitness: 0.7683655962929671 
Elapsed: 3.894866943359375

*** Epoch 1, batch 277/520 ***
Training fitness: 0.7960787442806408
Model size: (7, 11)
Validation fitness: 0.7902097237181376 
Elapsed: 4.126840114593506

*** Epoch 1, batch 278/520 ***
Training fitness: 0.8459979051101222
Model size: (8, 12)
Validation fitness: 0.7841308981148598 
Elapsed: 4.134541034698486

*** Epoch 1, batch 279/520 ***
Training fitness: 0.8276007956273828
Model size: (8, 13)
Validation fitness: 0.7904947536397414 
Elapsed: 4.050878047943115

*** Epoch 1, batch 280/520 ***
Training fitness: 0.8358318401898499
Model size: (7, 11)
Validation fitness: 0.7902097237181376 
Elapsed: 3.9743950366973877

*** Epoch 1, batch 281/520 ***
Training fitness: 0.8231853315070614
Model size: (11, 18)
Validation fitness: 0.7838476788628549 
Elapsed: 3.899466037750244

*** Epoch 1, batch 282/520 ***
Training fitness: 0.8001044293000461
Model size: (12, 16)
Validation fitness: 0.774174888387138 
Elapsed: 3.806922674179077

*** Epoch 1, batch 283/520 ***
Training fitness: 0.8058671040622123
Model size: (9, 16)
Validation fitness: 0.7905857760952538 
Elapsed: 3.8892996311187744

*** Epoch 1, batch 284/520 ***
Training fitness: 0.8196309363334646
Model size: (5, 11)
Validation fitness: 0.7871812673143753 
Elapsed: 3.5919432640075684

*** Epoch 1, batch 285/520 ***
Training fitness: 0.7940864237648465
Model size: (7, 10)
Validation fitness: 0.7896585987780316 
Elapsed: 3.685380697250366

*** Epoch 1, batch 286/520 ***
Training fitness: 0.8536637053631275
Model size: (12, 17)
Validation fitness: 0.7713318014791116 
Elapsed: 3.979702949523926

*** Epoch 1, batch 287/520 ***
Training fitness: 0.8199384288699589
Model size: (15, 20)
Validation fitness: 0.7739010208045788 
Elapsed: 3.7714054584503174

*** Epoch 1, batch 288/520 ***
Training fitness: 0.8810078679489635
Model size: (10, 10)
Validation fitness: 0.7799064639924609 
Elapsed: 3.7752649784088135

*** Epoch 1, batch 289/520 ***
Training fitness: 0.8401489183673224
Model size: (11, 18)
Validation fitness: 0.8182356977049204 
Elapsed: 3.8546478748321533

*** Epoch 1, batch 290/520 ***
Training fitness: 0.8249634697063386
Model size: (10, 9)
Validation fitness: 0.8394612500257594 
Elapsed: 4.06774640083313

*** Epoch 1, batch 291/520 ***
Training fitness: 0.8603497194662263
Model size: (10, 9)
Validation fitness: 0.8394612500257594 
Elapsed: 3.9014506340026855

*** Epoch 1, batch 292/520 ***
Training fitness: 0.8776825742010899
Model size: (11, 18)
Validation fitness: 0.8182356977049204 
Elapsed: 3.838627815246582

*** Epoch 1, batch 293/520 ***
Training fitness: 0.8820252592711499
Model size: (12, 16)
Validation fitness: 0.830347439145816 
Elapsed: 4.2513532638549805

*** Epoch 1, batch 294/520 ***
Training fitness: 0.8112339978265071
Model size: (16, 22)
Validation fitness: 0.7816080693980283 
Elapsed: 4.071336507797241

*** Epoch 1, batch 295/520 ***
Training fitness: 0.8812067077733337
Model size: (17, 25)
Validation fitness: 0.8188821309662041 
Elapsed: 3.970010757446289

*** Epoch 1, batch 296/520 ***
Training fitness: 0.8270709161672857
Model size: (12, 17)
Validation fitness: 0.8243289341055894 
Elapsed: 4.479292392730713

*** Epoch 1, batch 297/520 ***
Training fitness: 0.8821740381091076
Model size: (16, 23)
Validation fitness: 0.7855671599109197 
Elapsed: 3.9502813816070557

*** Epoch 1, batch 298/520 ***
Training fitness: 0.8903636908594089
Model size: (10, 9)
Validation fitness: 0.8394612500257594 
Elapsed: 3.970211982727051

*** Epoch 1, batch 299/520 ***
Training fitness: 0.8813463648486931
Model size: (12, 20)
Validation fitness: 0.8352074504750596 
Elapsed: 4.022051811218262

*** Epoch 1, batch 300/520 ***
Training fitness: 0.8206929002527554
Model size: (8, 11)
Validation fitness: 0.8308875467825451 
Elapsed: 4.229605197906494

*** Epoch 1, batch 301/520 ***
Training fitness: 0.8298600663204014
Model size: (12, 20)
Validation fitness: 0.8352074504750596 
Elapsed: 4.058241367340088

*** Epoch 1, batch 302/520 ***
Training fitness: 0.8447256560455428
Model size: (11, 13)
Validation fitness: 0.8374190458474259 
Elapsed: 4.268444299697876

*** Epoch 1, batch 303/520 ***
Training fitness: 0.8370123893467315
Model size: (15, 21)
Validation fitness: 0.8192072018170897 
Elapsed: 4.026918649673462

*** Epoch 1, batch 304/520 ***
Training fitness: 0.8998564784326115
Model size: (11, 13)
Validation fitness: 0.8374190458474259 
Elapsed: 4.2048680782318115

*** Epoch 1, batch 305/520 ***
Training fitness: 0.8066840321761026
Model size: (8, 11)
Validation fitness: 0.8308875467825451 
Elapsed: 4.352623224258423

*** Epoch 1, batch 306/520 ***
Training fitness: 0.8850028702514524
Model size: (8, 11)
Validation fitness: 0.8109140361898826 
Elapsed: 4.471905469894409

*** Epoch 1, batch 307/520 ***
Training fitness: 0.848998338052512
Model size: (12, 15)
Validation fitness: 0.8367456816684563 
Elapsed: 4.367566108703613

*** Epoch 1, batch 308/520 ***
Training fitness: 0.874695514904512
Model size: (8, 11)
Validation fitness: 0.8308875467825451 
Elapsed: 4.357884883880615

*** Epoch 1, batch 309/520 ***
Training fitness: 0.8704062634187852
Model size: (12, 15)
Validation fitness: 0.8367456816684563 
Elapsed: 4.950159072875977

*** Epoch 1, batch 310/520 ***
Training fitness: 0.8979751262312078
Model size: (9, 10)
Validation fitness: 0.828173194390617 
Elapsed: 4.0804359912872314

*** Epoch 1, batch 311/520 ***
Training fitness: 0.8538102857060416
Model size: (12, 15)
Validation fitness: 0.8357101241170103 
Elapsed: 4.260736703872681

*** Epoch 1, batch 312/520 ***
Training fitness: 0.8115606773739227
Model size: (15, 22)
Validation fitness: 0.8206200280591043 
Elapsed: 4.038405656814575

*** Epoch 1, batch 313/520 ***
Training fitness: 0.8530550651408345
Model size: (13, 17)
Validation fitness: 0.846285023231732 
Elapsed: 4.1288182735443115

*** Epoch 1, batch 314/520 ***
Training fitness: 0.7943936738769365
Model size: (11, 14)
Validation fitness: 0.8427123293669586 
Elapsed: 4.149745225906372

*** Epoch 1, batch 315/520 ***
Training fitness: 0.8724576184870333
Model size: (11, 14)
Validation fitness: 0.8427123293669586 
Elapsed: 4.186013698577881

*** Epoch 1, batch 316/520 ***
Training fitness: 0.8545421934459098
Model size: (11, 14)
Validation fitness: 0.8427123293669586 
Elapsed: 4.424834251403809

*** Epoch 1, batch 317/520 ***
Training fitness: 0.8295395351670322
Model size: (11, 14)
Validation fitness: 0.8427123293669586 
Elapsed: 4.1731274127960205

*** Epoch 1, batch 318/520 ***
Training fitness: 0.8223863993342555
Model size: (12, 14)
Validation fitness: 0.8505907908416419 
Elapsed: 4.202038764953613

*** Epoch 1, batch 319/520 ***
Training fitness: 0.9224640260533177
Model size: (9, 11)
Validation fitness: 0.8289610648315442 
Elapsed: 4.047687768936157

*** Epoch 1, batch 320/520 ***
Training fitness: 0.8581950082297485
Model size: (9, 11)
Validation fitness: 0.8289610648315442 
Elapsed: 2.8406052589416504

*** Epoch 1, batch 321/520 ***
Training fitness: 0.864438951695931
Model size: (8, 9)
Validation fitness: 0.8294229452446674 
Elapsed: 2.106280565261841

*** Epoch 1, batch 322/520 ***
Training fitness: 0.8706239334544355
Model size: (10, 15)
Validation fitness: 0.8237928728704993 
Elapsed: 2.70451283454895

*** Epoch 1, batch 323/520 ***
Training fitness: 0.8580692291390182
Model size: (11, 14)
Validation fitness: 0.8478963418611809 
Elapsed: 4.181912183761597

*** Epoch 1, batch 324/520 ***
Training fitness: 0.9095546127217209
Model size: (11, 14)
Validation fitness: 0.8427123293669586 
Elapsed: 4.272569894790649

*** Epoch 1, batch 325/520 ***
Training fitness: 0.8234647666251008
Model size: (10, 18)
Validation fitness: 0.8102561163919733 
Elapsed: 3.4927926063537598

*** Epoch 1, batch 326/520 ***
Training fitness: 0.8281710554009593
Model size: (10, 15)
Validation fitness: 0.8237928728704993 
Elapsed: 2.126004219055176

*** Epoch 1, batch 327/520 ***
Training fitness: 0.8929980453037798
Model size: (9, 12)
Validation fitness: 0.8273645309312776 
Elapsed: 2.113144874572754

*** Epoch 1, batch 328/520 ***
Training fitness: 0.7932050290949826
Model size: (12, 16)
Validation fitness: 0.8351994035457313 
Elapsed: 2.0966057777404785

*** Epoch 1, batch 329/520 ***
Training fitness: 0.8422600796716291
Model size: (12, 16)
Validation fitness: 0.8351994035457313 
Elapsed: 2.529555082321167

*** Epoch 1, batch 330/520 ***
Training fitness: 0.8280700374877644
Model size: (12, 16)
Validation fitness: 0.8351994035457313 
Elapsed: 2.091503381729126

*** Epoch 1, batch 331/520 ***
Training fitness: 0.8524926996369406
Model size: (12, 16)
Validation fitness: 0.8351994035457313 
Elapsed: 2.091278076171875

*** Epoch 1, batch 332/520 ***
Training fitness: 0.8419804152373872
Model size: (9, 12)
Validation fitness: 0.8273645309312776 
Elapsed: 2.063920497894287

*** Epoch 1, batch 333/520 ***
Training fitness: 0.8509629433967631
Model size: (14, 26)
Validation fitness: 0.8044407197027749 
Elapsed: 2.180126190185547

*** Epoch 1, batch 334/520 ***
Training fitness: 0.8913419180548481
Model size: (18, 24)
Validation fitness: 0.8198789245627968 
Elapsed: 2.0571393966674805

*** Epoch 1, batch 335/520 ***
Training fitness: 0.7889177628225903
Model size: (9, 12)
Validation fitness: 0.8273645309312776 
Elapsed: 2.107496500015259

*** Epoch 1, batch 336/520 ***
Training fitness: 0.8251204038343015
Model size: (18, 24)
Validation fitness: 0.8198789245627968 
Elapsed: 2.273963212966919

*** Epoch 1, batch 337/520 ***
Training fitness: 0.8507770782871225
Model size: (18, 24)
Validation fitness: 0.8198789245627968 
Elapsed: 2.168161153793335

*** Epoch 1, batch 338/520 ***
Training fitness: 0.8320602851649168
Model size: (8, 11)
Validation fitness: 0.823813055378284 
Elapsed: 2.3122618198394775

*** Epoch 1, batch 339/520 ***
Training fitness: 0.8626151466426553
Model size: (10, 17)
Validation fitness: 0.8169190753164304 
Elapsed: 2.263200044631958

*** Epoch 1, batch 340/520 ***
Training fitness: 0.7695389300026939
Model size: (19, 24)
Validation fitness: 0.821568842364618 
Elapsed: 2.135161876678467

*** Epoch 1, batch 341/520 ***
Training fitness: 0.8536919808748877
Model size: (15, 20)
Validation fitness: 0.8346357485856929 
Elapsed: 2.241434097290039

*** Epoch 1, batch 342/520 ***
Training fitness: 0.8248069400467511
Model size: (15, 20)
Validation fitness: 0.8346357485856929 
Elapsed: 2.2131733894348145

*** Epoch 1, batch 343/520 ***
Training fitness: 0.8749392966301406
Model size: (15, 20)
Validation fitness: 0.8346357485856929 
Elapsed: 2.3148508071899414

*** Epoch 1, batch 344/520 ***
Training fitness: 0.8078322555376757
Model size: (15, 20)
Validation fitness: 0.8346357485856929 
Elapsed: 2.2046573162078857

*** Epoch 1, batch 345/520 ***
Training fitness: 0.852301761418635
Model size: (10, 17)
Validation fitness: 0.8169190753164304 
Elapsed: 2.211493968963623

*** Epoch 1, batch 346/520 ***
Training fitness: 0.8274509803921568
Model size: (9, 14)
Validation fitness: 0.8178694238757015 
Elapsed: 2.2596380710601807

*** Epoch 1, batch 347/520 ***
Training fitness: 0.8391381480567756
Model size: (15, 20)
Validation fitness: 0.8346357485856929 
Elapsed: 4.316113471984863

*** Epoch 1, batch 348/520 ***
Training fitness: 0.8636341070204371
Model size: (18, 23)
Validation fitness: 0.8338416113359093 
Elapsed: 4.31674599647522

*** Epoch 1, batch 349/520 ***
Training fitness: 0.8678819877616907
Model size: (18, 23)
Validation fitness: 0.8338416113359093 
Elapsed: 4.217012882232666

*** Epoch 1, batch 350/520 ***
Training fitness: 0.7998577959041193
Model size: (9, 14)
Validation fitness: 0.8169415099860146 
Elapsed: 4.775445222854614

*** Epoch 1, batch 351/520 ***
Training fitness: 0.8749384214785121
Model size: (15, 20)
Validation fitness: 0.8197283140087832 
Elapsed: 4.31343674659729

*** Epoch 1, batch 352/520 ***
Training fitness: 0.7804086118530031
Model size: (5, 8)
Validation fitness: 0.7976862169365045 
Elapsed: 4.224580526351929

*** Epoch 1, batch 353/520 ***
Training fitness: 0.8710059050325647
Model size: (4, 8)
Validation fitness: 0.7688120110629981 
Elapsed: 3.899402379989624

*** Epoch 1, batch 354/520 ***
Training fitness: 0.8393118054740568
Model size: (11, 17)
Validation fitness: 0.8321649743357001 
Elapsed: 4.2494797706604

*** Epoch 1, batch 355/520 ***
Training fitness: 0.8753610868215336
Model size: (11, 17)
Validation fitness: 0.8321649743357001 
Elapsed: 2.384370803833008

*** Epoch 1, batch 356/520 ***
Training fitness: 0.8653432638248066
Model size: (7, 8)
Validation fitness: 0.7887719581805238 
Elapsed: 2.082655668258667

*** Epoch 1, batch 357/520 ***
Training fitness: 0.8386001648316486
Model size: (14, 28)
Validation fitness: 0.8239218179069794 
Elapsed: 2.21191143989563

*** Epoch 1, batch 358/520 ***
Training fitness: 0.851207116872585
Model size: (14, 22)
Validation fitness: 0.8284376494444411 
Elapsed: 2.26741623878479

*** Epoch 1, batch 359/520 ***
Training fitness: 0.8538738367584108
Model size: (14, 25)
Validation fitness: 0.8060499428605881 
Elapsed: 2.1399645805358887

*** Epoch 1, batch 360/520 ***
Training fitness: 0.8772710571641424
Model size: (14, 28)
Validation fitness: 0.8239218179069794 
Elapsed: 2.121753692626953

*** Epoch 1, batch 361/520 ***
Training fitness: 0.8535899278026547
Model size: (14, 28)
Validation fitness: 0.8239218179069794 
Elapsed: 2.109959602355957

*** Epoch 1, batch 362/520 ***
Training fitness: 0.8782567035724715
Model size: (14, 28)
Validation fitness: 0.8239218179069794 
Elapsed: 2.1256978511810303

*** Epoch 1, batch 363/520 ***
Training fitness: 0.8109625251363675
Model size: (14, 22)
Validation fitness: 0.8284376494444411 
Elapsed: 2.182156801223755

*** Epoch 1, batch 364/520 ***
Training fitness: 0.8216718264916841
Model size: (13, 19)
Validation fitness: 0.8296759585667423 
Elapsed: 2.252363681793213

*** Epoch 1, batch 365/520 ***
Training fitness: 0.8671166554323482
Model size: (14, 24)
Validation fitness: 0.825157683792388 
Elapsed: 2.0736751556396484

*** Epoch 1, batch 366/520 ***
Training fitness: 0.8530550651408345
Model size: (13, 19)
Validation fitness: 0.8296759585667423 
Elapsed: 2.132946491241455

*** Epoch 1, batch 367/520 ***
Training fitness: 0.8118761179022953
Model size: (13, 19)
Validation fitness: 0.8296759585667423 
Elapsed: 2.1074302196502686

*** Epoch 1, batch 368/520 ***
Training fitness: 0.84375
Model size: (13, 19)
Validation fitness: 0.8296759585667423 
Elapsed: 2.1334705352783203

*** Epoch 1, batch 369/520 ***
Training fitness: 0.8751068310851914
Model size: (16, 29)
Validation fitness: 0.8343244112963545 
Elapsed: 2.0395455360412598

*** Epoch 1, batch 370/520 ***
Training fitness: 0.8828251418141222
Model size: (16, 29)
Validation fitness: 0.8343244112963545 
Elapsed: 2.0428719520568848

*** Epoch 1, batch 371/520 ***
Training fitness: 0.8674470710039951
Model size: (12, 15)
Validation fitness: 0.8148625551457006 
Elapsed: 2.151374340057373

*** Epoch 1, batch 372/520 ***
Training fitness: 0.8700816014724574
Model size: (4, 6)
Validation fitness: 0.8297394889021028 
Elapsed: 2.0875895023345947

*** Epoch 1, batch 373/520 ***
Training fitness: 0.7909649964604158
Model size: (9, 14)
Validation fitness: 0.7818849176829807 
Elapsed: 1.9603724479675293

*** Epoch 1, batch 374/520 ***
Training fitness: 0.8528768758974455
Model size: (4, 8)
Validation fitness: 0.8152302879107021 
Elapsed: 2.12027645111084

*** Epoch 1, batch 375/520 ***
Training fitness: 0.8350570664804075
Model size: (13, 24)
Validation fitness: 0.8261333045061896 
Elapsed: 2.037045955657959

*** Epoch 1, batch 376/520 ***
Training fitness: 0.8356621379451455
Model size: (13, 24)
Validation fitness: 0.8261333045061896 
Elapsed: 2.046610116958618

*** Epoch 1, batch 377/520 ***
Training fitness: 0.8036207395935621
Model size: (12, 19)
Validation fitness: 0.7724686026041226 
Elapsed: 1.9429895877838135

*** Epoch 1, batch 378/520 ***
Training fitness: 0.8047895604730729
Model size: (8, 13)
Validation fitness: 0.8150501866712919 
Elapsed: 1.9420714378356934

*** Epoch 1, batch 379/520 ***
Training fitness: 0.8522488756826735
Model size: (8, 13)
Validation fitness: 0.8087088783162001 
Elapsed: 1.7881686687469482

*** Epoch 1, batch 380/520 ***
Training fitness: 0.8592977099236642
Model size: (7, 13)
Validation fitness: 0.8106494431661125 
Elapsed: 1.838831901550293

*** Epoch 1, batch 381/520 ***
Training fitness: 0.7848620084735262
Model size: (11, 19)
Validation fitness: 0.7805163352136343 
Elapsed: 2.0141260623931885

*** Epoch 1, batch 382/520 ***
Training fitness: 0.84339441106753
Model size: (8, 13)
Validation fitness: 0.8159738554193711 
Elapsed: 1.8488388061523438

*** Epoch 1, batch 383/520 ***
Training fitness: 0.8563311315176143
Model size: (9, 17)
Validation fitness: 0.8162566493946745 
Elapsed: 1.8822228908538818

*** Epoch 1, batch 384/520 ***
Training fitness: 0.8813677252609423
Model size: (13, 20)
Validation fitness: 0.8125012869059429 
Elapsed: 2.026423692703247

*** Epoch 1, batch 385/520 ***
Training fitness: 0.8487042814442977
Model size: (12, 22)
Validation fitness: 0.7843663183184457 
Elapsed: 1.9879474639892578

*** Epoch 1, batch 386/520 ***
Training fitness: 0.8501523528725283
Model size: (11, 19)
Validation fitness: 0.8035853789223774 
Elapsed: 2.07106614112854

*** Epoch 1, batch 387/520 ***
Training fitness: 0.8038529899970296
Model size: (11, 20)
Validation fitness: 0.7487379563683184 
Elapsed: 1.8589069843292236

*** Epoch 1, batch 388/520 ***
Training fitness: 0.7716196237955368
Model size: (12, 18)
Validation fitness: 0.7924139407684951 
Elapsed: 1.9380507469177246

*** Epoch 1, batch 389/520 ***
Training fitness: 0.8818880465357166
Model size: (12, 23)
Validation fitness: 0.8124049716164325 
Elapsed: 2.002603054046631

*** Epoch 1, batch 390/520 ***
Training fitness: 0.7841200666172502
Model size: (10, 19)
Validation fitness: 0.8179017457608422 
Elapsed: 1.8522512912750244

*** Epoch 1, batch 391/520 ***
Training fitness: 0.8841355921645215
Model size: (12, 23)
Validation fitness: 0.8124049716164325 
Elapsed: 1.9272656440734863

*** Epoch 1, batch 392/520 ***
Training fitness: 0.8214854150081752
Model size: (12, 25)
Validation fitness: 0.7899826386897979 
Elapsed: 1.937345027923584

*** Epoch 1, batch 393/520 ***
Training fitness: 0.8739340483567464
Model size: (11, 16)
Validation fitness: 0.7747235344110113 
Elapsed: 2.0341625213623047

*** Epoch 1, batch 394/520 ***
Training fitness: 0.8529276810638599
Model size: (13, 19)
Validation fitness: 0.7906060643425044 
Elapsed: 1.9668917655944824

*** Epoch 1, batch 395/520 ***
Training fitness: 0.7907061768935709
Model size: (9, 13)
Validation fitness: 0.8061476208856159 
Elapsed: 1.9720537662506104

*** Epoch 1, batch 396/520 ***
Training fitness: 0.8423928497495674
Model size: (14, 21)
Validation fitness: 0.7879875989711466 
Elapsed: 1.9488611221313477

*** Epoch 1, batch 397/520 ***
Training fitness: 0.8058611240640329
Model size: (10, 19)
Validation fitness: 0.8114128951885244 
Elapsed: 1.8905572891235352

*** Epoch 1, batch 398/520 ***
Training fitness: 0.86862759586785
Model size: (10, 17)
Validation fitness: 0.8115396966807443 
Elapsed: 1.8496348857879639

*** Epoch 1, batch 399/520 ***
Training fitness: 0.8678016632337646
Model size: (9, 15)
Validation fitness: 0.8180647130554358 
Elapsed: 1.875978708267212

*** Epoch 1, batch 400/520 ***
Training fitness: 0.7683232471422459
Model size: (9, 10)
Validation fitness: 0.8075704131267445 
Elapsed: 2.250600814819336

*** Epoch 1, batch 401/520 ***
Training fitness: 0.8124275425197519
Model size: (9, 10)
Validation fitness: 0.8075704131267445 
Elapsed: 1.8371667861938477

*** Epoch 1, batch 402/520 ***
Training fitness: 0.7965378056116488
Model size: (9, 10)
Validation fitness: 0.8075704131267445 
Elapsed: 1.8631930351257324

*** Epoch 1, batch 403/520 ***
Training fitness: 0.8741860170364298
Model size: (9, 13)
Validation fitness: 0.8043405655347992 
Elapsed: 1.8697283267974854

*** Epoch 1, batch 404/520 ***
Training fitness: 0.8943903889859542
Model size: (8, 9)
Validation fitness: 0.8100862426590847 
Elapsed: 1.8374876976013184

*** Epoch 1, batch 405/520 ***
Training fitness: 0.8348070407130849
Model size: (9, 10)
Validation fitness: 0.8075704131267445 
Elapsed: 1.884059190750122

*** Epoch 1, batch 406/520 ***
Training fitness: 0.7986145737795265
Model size: (17, 29)
Validation fitness: 0.7887949631688412 
Elapsed: 1.9325883388519287

*** Epoch 1, batch 407/520 ***
Training fitness: 0.8775065490432551
Model size: (14, 17)
Validation fitness: 0.8302826482216646 
Elapsed: 2.0164692401885986

*** Epoch 1, batch 408/520 ***
Training fitness: 0.8284042092287562
Model size: (9, 11)
Validation fitness: 0.7987684808609576 
Elapsed: 1.886906385421753

*** Epoch 1, batch 409/520 ***
Training fitness: 0.8897356540876967
Model size: (14, 17)
Validation fitness: 0.8302826482216646 
Elapsed: 1.8934733867645264

*** Epoch 1, batch 410/520 ***
Training fitness: 0.8291969893611119
Model size: (8, 7)
Validation fitness: 0.8022148538260673 
Elapsed: 1.8917534351348877

*** Epoch 1, batch 411/520 ***
Training fitness: 0.8742323753377549
Model size: (13, 18)
Validation fitness: 0.8318903615534521 
Elapsed: 1.865640640258789

*** Epoch 1, batch 412/520 ***
Training fitness: 0.8261133383167537
Model size: (13, 18)
Validation fitness: 0.8318903615534521 
Elapsed: 1.8981599807739258

*** Epoch 1, batch 413/520 ***
Training fitness: 0.8273251512516862
Model size: (15, 18)
Validation fitness: 0.8007235983110311 
Elapsed: 1.9592924118041992

*** Epoch 1, batch 414/520 ***
Training fitness: 0.8767660269859868
Model size: (13, 18)
Validation fitness: 0.8327712218099856 
Elapsed: 1.9310472011566162

*** Epoch 1, batch 415/520 ***
Training fitness: 0.806894508081855
Model size: (13, 18)
Validation fitness: 0.8327712218099856 
Elapsed: 1.9590847492218018

*** Epoch 1, batch 416/520 ***
Training fitness: 0.871398471697088
Model size: (14, 21)
Validation fitness: 0.8293433711600472 
Elapsed: 2.0037801265716553

*** Epoch 1, batch 417/520 ***
Training fitness: 0.873791360943052
Model size: (13, 18)
Validation fitness: 0.8327712218099856 
Elapsed: 1.9273600578308105

*** Epoch 1, batch 418/520 ***
Training fitness: 0.8648154223930029
Model size: (13, 18)
Validation fitness: 0.8327712218099856 
Elapsed: 1.9464843273162842

*** Epoch 1, batch 419/520 ***
Training fitness: 0.8764604224290841
Model size: (8, 10)
Validation fitness: 0.7763523363105216 
Elapsed: 1.901331901550293

*** Epoch 1, batch 420/520 ***
Training fitness: 0.8631766282897236
Model size: (11, 19)
Validation fitness: 0.8029219420821542 
Elapsed: 1.8944203853607178

*** Epoch 1, batch 421/520 ***
Training fitness: 0.850852414756295
Model size: (9, 11)
Validation fitness: 0.8089549647395624 
Elapsed: 1.8692455291748047

*** Epoch 1, batch 422/520 ***
Training fitness: 0.8438625404382591
Model size: (9, 15)
Validation fitness: 0.8063719838730328 
Elapsed: 1.8586554527282715

*** Epoch 1, batch 423/520 ***
Training fitness: 0.8678633947441576
Model size: (11, 20)
Validation fitness: 0.8035920669851409 
Elapsed: 1.9008984565734863

*** Epoch 1, batch 424/520 ***
Training fitness: 0.8067430836895182
Model size: (12, 22)
Validation fitness: 0.8182599277982686 
Elapsed: 1.9331929683685303

*** Epoch 1, batch 425/520 ***
Training fitness: 0.7979070531089173
Model size: (12, 23)
Validation fitness: 0.8041538641935152 
Elapsed: 1.8609635829925537

*** Epoch 1, batch 426/520 ***
Training fitness: 0.8304184390890056
Model size: (15, 21)
Validation fitness: 0.8084673391383173 
Elapsed: 1.7885429859161377

*** Epoch 1, batch 427/520 ***
Training fitness: 0.8228241179109785
Model size: (15, 21)
Validation fitness: 0.7876987923819089 
Elapsed: 1.800288438796997

*** Epoch 1, batch 428/520 ***
Training fitness: 0.8507620173685165
Model size: (6, 8)
Validation fitness: 0.8271375842140745 
Elapsed: 1.9066829681396484

*** Epoch 1, batch 429/520 ***
Training fitness: 0.8445274155286475
Model size: (6, 6)
Validation fitness: 0.8178904067318451 
Elapsed: 1.909860610961914

*** Epoch 1, batch 430/520 ***
Training fitness: 0.7764676983542127
Model size: (7, 9)
Validation fitness: 0.8306679140626914 
Elapsed: 1.9244375228881836

*** Epoch 1, batch 431/520 ***
Training fitness: 0.8508407064131575
Model size: (7, 9)
Validation fitness: 0.8304224860028404 
Elapsed: 1.8791232109069824

*** Epoch 1, batch 432/520 ***
Training fitness: 0.7958967955940744
Model size: (6, 8)
Validation fitness: 0.8271375842140745 
Elapsed: 1.8994009494781494

*** Epoch 1, batch 433/520 ***
Training fitness: 0.8448353831908122
Model size: (6, 8)
Validation fitness: 0.8271375842140745 
Elapsed: 1.8971242904663086

*** Epoch 1, batch 434/520 ***
Training fitness: 0.8584169383911031
Model size: (6, 8)
Validation fitness: 0.8271375842140745 
Elapsed: 1.8836710453033447

*** Epoch 1, batch 435/520 ***
Training fitness: 0.865721819145228
Model size: (7, 11)
Validation fitness: 0.8377967954789044 
Elapsed: 1.8862669467926025

*** Epoch 1, batch 436/520 ***
Training fitness: 0.8350474715188481
Model size: (7, 11)
Validation fitness: 0.8377967954789044 
Elapsed: 1.854311466217041

*** Epoch 1, batch 437/520 ***
Training fitness: 0.8419913149080327
Model size: (7, 15)
Validation fitness: 0.8096245277093206 
Elapsed: 1.8011224269866943

*** Epoch 1, batch 438/520 ***
Training fitness: 0.8634910387667999
Model size: (5, 6)
Validation fitness: 0.8325077645197883 
Elapsed: 1.9794766902923584

*** Epoch 1, batch 439/520 ***
Training fitness: 0.9066150784368935
Model size: (5, 8)
Validation fitness: 0.8566959548676245 
Elapsed: 1.9230992794036865

*** Epoch 1, batch 440/520 ***
Training fitness: 0.8247736491468699
Model size: (5, 8)
Validation fitness: 0.8566959548676245 
Elapsed: 1.8380491733551025

*** Epoch 1, batch 441/520 ***
Training fitness: 0.8818007887314067
Model size: (4, 7)
Validation fitness: 0.8504541535014718 
Elapsed: 1.8755598068237305

*** Epoch 1, batch 442/520 ***
Training fitness: 0.8757179502031937
Model size: (4, 6)
Validation fitness: 0.8389406511697182 
Elapsed: 1.8381845951080322

*** Epoch 1, batch 443/520 ***
Training fitness: 0.8735739750229525
Model size: (4, 7)
Validation fitness: 0.8504541535014718 
Elapsed: 1.8418946266174316

*** Epoch 1, batch 444/520 ***
Training fitness: 0.8882890014139316
Model size: (4, 7)
Validation fitness: 0.8504541535014718 
Elapsed: 1.8413262367248535

*** Epoch 1, batch 445/520 ***
Training fitness: 0.8125104367232048
Model size: (3, 6)
Validation fitness: 0.8388505599632162 
Elapsed: 1.8769044876098633

*** Epoch 1, batch 446/520 ***
Training fitness: 0.8608903211002708
Model size: (6, 10)
Validation fitness: 0.811329098061475 
Elapsed: 1.906628131866455

*** Epoch 1, batch 447/520 ***
Training fitness: 0.8856243518719612
Model size: (7, 11)
Validation fitness: 0.8377967954789044 
Elapsed: 1.8692712783813477

*** Epoch 1, batch 448/520 ***
Training fitness: 0.818626468135804
Model size: (15, 19)
Validation fitness: 0.7923696493310183 
Elapsed: 1.8895306587219238

*** Epoch 1, batch 449/520 ***
Training fitness: 0.8295150620062531
Model size: (7, 11)
Validation fitness: 0.8377967954789044 
Elapsed: 1.924149751663208

*** Epoch 1, batch 450/520 ***
Training fitness: 0.8475942959394628
Model size: (5, 6)
Validation fitness: 0.8325077645197883 
Elapsed: 1.8745777606964111

*** Epoch 1, batch 451/520 ***
Training fitness: 0.862326539081653
Model size: (4, 7)
Validation fitness: 0.8367804456386184 
Elapsed: 1.9038140773773193

*** Epoch 1, batch 452/520 ***
Training fitness: 0.8448096569846799
Model size: (8, 12)
Validation fitness: 0.8291309247983282 
Elapsed: 1.9871070384979248

*** Epoch 1, batch 453/520 ***
Training fitness: 0.8366379269074536
Model size: (8, 14)
Validation fitness: 0.79264839621468 
Elapsed: 2.0074119567871094

*** Epoch 1, batch 454/520 ***
Training fitness: 0.8512478994811846
Model size: (4, 8)
Validation fitness: 0.8178444110115933 
Elapsed: 1.9615752696990967

*** Epoch 1, batch 455/520 ***
Training fitness: 0.8550058681058205
Model size: (5, 9)
Validation fitness: 0.8418229244627056 
Elapsed: 1.9662632942199707

*** Epoch 1, batch 456/520 ***
Training fitness: 0.890661188354312
Model size: (5, 9)
Validation fitness: 0.8418229244627056 
Elapsed: 1.95841383934021

*** Epoch 1, batch 457/520 ***
Training fitness: 0.8673934530092214
Model size: (5, 10)
Validation fitness: 0.8394112145838627 
Elapsed: 1.8848154544830322

*** Epoch 1, batch 458/520 ***
Training fitness: 0.8456399566602998
Model size: (5, 10)
Validation fitness: 0.8394112145838627 
Elapsed: 1.983694076538086

*** Epoch 1, batch 459/520 ***
Training fitness: 0.8677009841678682
Model size: (5, 10)
Validation fitness: 0.8233732887241572 
Elapsed: 1.9365880489349365

*** Epoch 1, batch 460/520 ***
Training fitness: 0.8520293867572145
Model size: (11, 14)
Validation fitness: 0.780841677519924 
Elapsed: 1.9872512817382812

*** Epoch 1, batch 461/520 ***
Training fitness: 0.847482507775365
Model size: (6, 11)
Validation fitness: 0.8441454586145422 
Elapsed: 1.9807746410369873

*** Epoch 1, batch 462/520 ***
Training fitness: 0.8227020330966189
Model size: (5, 10)
Validation fitness: 0.8233732887241572 
Elapsed: 1.9441380500793457

*** Epoch 1, batch 463/520 ***
Training fitness: 0.8190613692694861
Model size: (5, 9)
Validation fitness: 0.8484252120658391 
Elapsed: 2.000570058822632

*** Epoch 1, batch 464/520 ***
Training fitness: 0.854535607903457
Model size: (5, 9)
Validation fitness: 0.8484252120658391 
Elapsed: 1.9992835521697998

*** Epoch 1, batch 465/520 ***
Training fitness: 0.8440483135045428
Model size: (8, 15)
Validation fitness: 0.7999216410703391 
Elapsed: 1.9678270816802979

*** Epoch 1, batch 466/520 ***
Training fitness: 0.8477633218356134
Model size: (5, 9)
Validation fitness: 0.8446336331494567 
Elapsed: 1.9582722187042236

*** Epoch 1, batch 467/520 ***
Training fitness: 0.9090878274215873
Model size: (5, 9)
Validation fitness: 0.8446336331494567 
Elapsed: 2.0085232257843018

*** Epoch 1, batch 468/520 ***
Training fitness: 0.8715884919825884
Model size: (9, 17)
Validation fitness: 0.8451104135323803 
Elapsed: 2.0015416145324707

*** Epoch 1, batch 469/520 ***
Training fitness: 0.8768328445747801
Model size: (14, 21)
Validation fitness: 0.8522622444248131 
Elapsed: 2.1740832328796387

*** Epoch 1, batch 470/520 ***
Training fitness: 0.8985729296978563
Model size: (9, 16)
Validation fitness: 0.8389504639170985 
Elapsed: 2.095257043838501

*** Epoch 1, batch 471/520 ***
Training fitness: 0.913711309419253
Model size: (15, 24)
Validation fitness: 0.8503090322874893 
Elapsed: 2.13421368598938

*** Epoch 1, batch 472/520 ***
Training fitness: 0.8726610480914498
Model size: (15, 23)
Validation fitness: 0.8532786372929035 
Elapsed: 2.0635335445404053

*** Epoch 1, batch 473/520 ***
Training fitness: 0.8427881592307318
Model size: (9, 16)
Validation fitness: 0.8389504639170985 
Elapsed: 2.109393835067749

*** Epoch 1, batch 474/520 ***
Training fitness: 0.8417176562461066
Model size: (15, 24)
Validation fitness: 0.8503090322874893 
Elapsed: 2.0357439517974854

*** Epoch 1, batch 475/520 ***
Training fitness: 0.829036307361394
Model size: (15, 23)
Validation fitness: 0.8532786372929035 
Elapsed: 2.1588752269744873

*** Epoch 1, batch 476/520 ***
Training fitness: 0.8391203672060855
Model size: (11, 17)
Validation fitness: 0.8400530891245921 
Elapsed: 2.040283441543579

*** Epoch 1, batch 477/520 ***
Training fitness: 0.8454491936179432
Model size: (11, 17)
Validation fitness: 0.8400530891245921 
Elapsed: 2.0329666137695312

*** Epoch 1, batch 478/520 ***
Training fitness: 0.8736754159522899
Model size: (12, 18)
Validation fitness: 0.8439308875150666 
Elapsed: 1.982248067855835

*** Epoch 1, batch 479/520 ***
Training fitness: 0.8434091089927999
Model size: (12, 18)
Validation fitness: 0.8439308875150666 
Elapsed: 2.042095899581909

*** Epoch 1, batch 480/520 ***
Training fitness: 0.8515341268497455
Model size: (11, 18)
Validation fitness: 0.8105830104357264 
Elapsed: 1.933295488357544

*** Epoch 1, batch 481/520 ***
Training fitness: 0.8209537146398957
Model size: (11, 19)
Validation fitness: 0.8349594787874149 
Elapsed: 2.3063740730285645

*** Epoch 1, batch 482/520 ***
Training fitness: 0.8295018954139965
Model size: (11, 19)
Validation fitness: 0.8349594787874149 
Elapsed: 2.2988829612731934

*** Epoch 1, batch 483/520 ***
Training fitness: 0.8772685105197653
Model size: (12, 18)
Validation fitness: 0.8439308875150666 
Elapsed: 2.0440168380737305

*** Epoch 1, batch 484/520 ***
Training fitness: 0.9017885472237477
Model size: (12, 18)
Validation fitness: 0.8439308875150666 
Elapsed: 2.035921573638916

*** Epoch 1, batch 485/520 ***
Training fitness: 0.8991882274633781
Model size: (11, 17)
Validation fitness: 0.8034987105750985 
Elapsed: 1.9711871147155762

*** Epoch 1, batch 486/520 ***
Training fitness: 0.832918419732372
Model size: (11, 17)
Validation fitness: 0.8463941414568017 
Elapsed: 2.027259111404419

*** Epoch 1, batch 487/520 ***
Training fitness: 0.8475127773349909
Model size: (11, 17)
Validation fitness: 0.8463941414568017 
Elapsed: 1.9907026290893555

*** Epoch 1, batch 488/520 ***
Training fitness: 0.9003567329247902
Model size: (11, 17)
Validation fitness: 0.8463941414568017 
Elapsed: 2.017328977584839

*** Epoch 1, batch 489/520 ***
Training fitness: 0.9064841821927511
Model size: (12, 18)
Validation fitness: 0.8113627656731339 
Elapsed: 1.88889479637146

*** Epoch 1, batch 490/520 ***
Training fitness: 0.8032811064445066
Model size: (17, 24)
Validation fitness: 0.7588774285344164 
Elapsed: 1.9905266761779785

*** Epoch 1, batch 491/520 ***
Training fitness: 0.8745098039215686
Model size: (12, 20)
Validation fitness: 0.8074546143103921 
Elapsed: 1.994751214981079

*** Epoch 1, batch 492/520 ***
Training fitness: 0.8487919182271474
Model size: (17, 24)
Validation fitness: 0.7768329873026772 
Elapsed: 2.052180290222168

*** Epoch 1, batch 493/520 ***
Training fitness: 0.8343863205691165
Model size: (8, 14)
Validation fitness: 0.8099369627011855 
Elapsed: 1.975451946258545

*** Epoch 1, batch 494/520 ***
Training fitness: 0.8678633947441576
Model size: (13, 16)
Validation fitness: 0.8066409422315998 
Elapsed: 1.9282410144805908

*** Epoch 1, batch 495/520 ***
Training fitness: 0.7901643746632139
Model size: (12, 18)
Validation fitness: 0.7714683630613218 
Elapsed: 2.018643856048584

*** Epoch 1, batch 496/520 ***
Training fitness: 0.8566798456941817
Model size: (11, 18)
Validation fitness: 0.7984460804836688 
Elapsed: 2.017742156982422

*** Epoch 1, batch 497/520 ***
Training fitness: 0.8000630312900997
Model size: (6, 10)
Validation fitness: 0.8139606491979823 
Elapsed: 2.0817604064941406

*** Epoch 1, batch 498/520 ***
Training fitness: 0.815371449458894
Model size: (11, 17)
Validation fitness: 0.7713393757960544 
Elapsed: 1.992832899093628

*** Epoch 1, batch 499/520 ***
Training fitness: 0.7867563110401674
Model size: (18, 25)
Validation fitness: 0.7690467724604317 
Elapsed: 2.041658878326416

*** Epoch 1, batch 500/520 ***
Training fitness: 0.7732627855154455
Model size: (11, 15)
Validation fitness: 0.8103251252265928 
Elapsed: 1.967939853668213

*** Epoch 1, batch 501/520 ***
Training fitness: 0.741417876120967
Model size: (18, 23)
Validation fitness: 0.7579266142858572 
Elapsed: 2.0021159648895264

*** Epoch 1, batch 502/520 ***
Training fitness: 0.8454682367177846
Model size: (11, 15)
Validation fitness: 0.8103251252265928 
Elapsed: 1.9665672779083252

*** Epoch 1, batch 503/520 ***
Training fitness: 0.8841775853395701
Model size: (18, 21)
Validation fitness: 0.800541661237143 
Elapsed: 1.9782438278198242

*** Epoch 1, batch 504/520 ***
Training fitness: 0.8461144757404221
Model size: (18, 21)
Validation fitness: 0.800541661237143 
Elapsed: 1.9125535488128662

*** Epoch 1, batch 505/520 ***
Training fitness: 0.8833876613196157
Model size: (11, 16)
Validation fitness: 0.8082907337816799 
Elapsed: 1.9738178253173828

*** Epoch 1, batch 506/520 ***
Training fitness: 0.8297471856878231
Model size: (6, 10)
Validation fitness: 0.8139606491979823 
Elapsed: 2.126162528991699

*** Epoch 1, batch 507/520 ***
Training fitness: 0.8555224588384482
Model size: (5, 7)
Validation fitness: 0.7810006086143907 
Elapsed: 2.0838983058929443

*** Epoch 1, batch 508/520 ***
Training fitness: 0.8196810323381089
Model size: (18, 21)
Validation fitness: 0.808265687795425 
Elapsed: 2.1864988803863525

*** Epoch 1, batch 509/520 ***
Training fitness: 0.7892459039251539
Model size: (18, 21)
Validation fitness: 0.808265687795425 
Elapsed: 2.1603243350982666

*** Epoch 1, batch 510/520 ***
Training fitness: 0.8590141984145587
Model size: (17, 19)
Validation fitness: 0.8069490315753767 
Elapsed: 2.1737332344055176

*** Epoch 1, batch 511/520 ***
Training fitness: 0.8209918146619036
Model size: (14, 20)
Validation fitness: 0.8364606413641757 
Elapsed: 2.055908441543579

*** Epoch 1, batch 512/520 ***
Training fitness: 0.9021475744494418
Model size: (14, 20)
Validation fitness: 0.8364606413641757 
Elapsed: 2.0514976978302

*** Epoch 1, batch 513/520 ***
Training fitness: 0.8456060820997735
Model size: (14, 20)
Validation fitness: 0.8364606413641757 
Elapsed: 2.1390435695648193

*** Epoch 1, batch 514/520 ***
Training fitness: 0.8840564663835783
Model size: (14, 20)
Validation fitness: 0.8364606413641757 
Elapsed: 2.0453298091888428

*** Epoch 1, batch 515/520 ***
Training fitness: 0.8616179222106807
Model size: (15, 21)
Validation fitness: 0.835633953427583 
Elapsed: 2.0482845306396484

*** Epoch 1, batch 516/520 ***
Training fitness: 0.8147474853260687
Model size: (15, 21)
Validation fitness: 0.835633953427583 
Elapsed: 2.078256845474243

*** Epoch 1, batch 517/520 ***
Training fitness: 0.8397450669636513
Model size: (14, 20)
Validation fitness: 0.8364606413641757 
Elapsed: 2.1237545013427734

*** Epoch 1, batch 518/520 ***
Training fitness: 0.8706228370046875
Model size: (14, 20)
Validation fitness: 0.8364606413641757 
Elapsed: 2.1423287391662598

*** Epoch 1, batch 519/520 ***
Training fitness: 0.8699241071838195
Model size: (15, 20)
Validation fitness: 0.8427349697828426 
Elapsed: 2.098759174346924

*** Epoch 1, batch 520/520 ***
Training fitness: 0.8118039403667855
Model size: (14, 21)
Validation fitness: 0.8320299156096028 
Elapsed: 2.067910671234131

Total train time: 1484.616229057312
Test time: 0.43224167823791504
Test fitness: 0.8612756691561889
Test statistics: Stats(total=14791, total_true=7158, total_false=7633, true_positive=6240, true_negative=7494, false_positive=139, false_negative=918, tpr=0.8717518860016764, tnr=0.9817895977990305, ppv=0.9782097507446308, npv=0.890870185449358, accuracy=0.9285376242309512, f1=0.9219177070251903, mcc=0.8612756691561889)
