Configuration:
Dataset: nsl_kdd
Selector: pca
Fold: 1
Fitness: mcc
Batch size: 256
Epochs: 1
Config args: {}
*** Epoch 1, batch 1/520 ***
Training fitness: 0.7851724981649132
Model size: (1, 12)
Validation fitness: 0.770218942192871 !!!
Elapsed: 1.8741199970245361

*** Epoch 1, batch 2/520 ***
Training fitness: 0.8328046465275425
Model size: (1, 12)
Validation fitness: 0.7783013600997017 !!!
Elapsed: 1.9877302646636963

*** Epoch 1, batch 3/520 ***
Training fitness: 0.8561660628358443
Model size: (1, 11)
Validation fitness: 0.8009432395410927 !!!
Elapsed: 1.9738428592681885

*** Epoch 1, batch 4/520 ***
Training fitness: 0.8149357961399895
Model size: (3, 13)
Validation fitness: 0.8177306099804595 !!!
Elapsed: 2.0788381099700928

*** Epoch 1, batch 5/520 ***
Training fitness: 0.8360672479607163
Model size: (3, 13)
Validation fitness: 0.8177306099804595 
Elapsed: 2.095161199569702

*** Epoch 1, batch 6/520 ***
Training fitness: 0.8690554288406019
Model size: (4, 13)
Validation fitness: 0.7967764019493745 
Elapsed: 3.281327247619629

*** Epoch 1, batch 7/520 ***
Training fitness: 0.8224337188449237
Model size: (2, 13)
Validation fitness: 0.81137757918781 
Elapsed: 2.20815372467041

*** Epoch 1, batch 8/520 ***
Training fitness: 0.8751844971709231
Model size: (2, 11)
Validation fitness: 0.8180589038191477 !!!
Elapsed: 2.239866018295288

*** Epoch 1, batch 9/520 ***
Training fitness: 0.8515884888148016
Model size: (6, 17)
Validation fitness: 0.760298933333391 
Elapsed: 2.3753411769866943

*** Epoch 1, batch 10/520 ***
Training fitness: 0.8182325616893328
Model size: (2, 9)
Validation fitness: 0.7990518876150868 
Elapsed: 2.268474817276001

*** Epoch 1, batch 11/520 ***
Training fitness: 0.8535870465641008
Model size: (2, 9)
Validation fitness: 0.8411935433813116 !!!
Elapsed: 2.368631601333618

*** Epoch 1, batch 12/520 ***
Training fitness: 0.8447387362619906
Model size: (2, 9)
Validation fitness: 0.8411935433813116 
Elapsed: 2.4344027042388916

*** Epoch 1, batch 13/520 ***
Training fitness: 0.8989029452093051
Model size: (2, 8)
Validation fitness: 0.8481368285331312 !!!
Elapsed: 2.313708782196045

*** Epoch 1, batch 14/520 ***
Training fitness: 0.8616857452118113
Model size: (2, 8)
Validation fitness: 0.8481368285331312 
Elapsed: 2.3338370323181152

*** Epoch 1, batch 15/520 ***
Training fitness: 0.8888978263528948
Model size: (3, 13)
Validation fitness: 0.8067711113175201 
Elapsed: 2.3237407207489014

*** Epoch 1, batch 16/520 ***
Training fitness: 0.8542977006895832
Model size: (3, 10)
Validation fitness: 0.8400362947626795 
Elapsed: 2.3244309425354004

*** Epoch 1, batch 17/520 ***
Training fitness: 0.8668920771978355
Model size: (3, 12)
Validation fitness: 0.8264244140545652 
Elapsed: 4.134247779846191

*** Epoch 1, batch 18/520 ***
Training fitness: 0.853745888985361
Model size: (3, 13)
Validation fitness: 0.8391726388029173 
Elapsed: 4.397423982620239

*** Epoch 1, batch 19/520 ***
Training fitness: 0.8582659963369286
Model size: (3, 13)
Validation fitness: 0.8391726388029173 
Elapsed: 4.017746210098267

*** Epoch 1, batch 20/520 ***
Training fitness: 0.8432437157347599
Model size: (3, 11)
Validation fitness: 0.8161133170337098 
Elapsed: 4.301152944564819

*** Epoch 1, batch 21/520 ***
Training fitness: 0.8850580591257983
Model size: (5, 12)
Validation fitness: 0.8481409147657301 !!!
Elapsed: 4.345340967178345

*** Epoch 1, batch 22/520 ***
Training fitness: 0.8600685382030304
Model size: (6, 18)
Validation fitness: 0.8139862270848645 
Elapsed: 4.132416725158691

*** Epoch 1, batch 23/520 ***
Training fitness: 0.8526773190100745
Model size: (5, 12)
Validation fitness: 0.8481409147657301 
Elapsed: 4.52770733833313

*** Epoch 1, batch 24/520 ***
Training fitness: 0.8499174416438962
Model size: (6, 18)
Validation fitness: 0.8356396397638748 
Elapsed: 4.67390513420105

*** Epoch 1, batch 25/520 ***
Training fitness: 0.8834443350960266
Model size: (3, 8)
Validation fitness: 0.8337247719216809 
Elapsed: 4.548196315765381

*** Epoch 1, batch 26/520 ***
Training fitness: 0.85107178015086
Model size: (2, 9)
Validation fitness: 0.8389330994907577 
Elapsed: 4.6545538902282715

*** Epoch 1, batch 27/520 ***
Training fitness: 0.8786691627033119
Model size: (2, 8)
Validation fitness: 0.835595842414724 
Elapsed: 2.5783042907714844

*** Epoch 1, batch 28/520 ***
Training fitness: 0.856405040978828
Model size: (5, 13)
Validation fitness: 0.8606939779839821 !!!
Elapsed: 2.452763557434082

*** Epoch 1, batch 29/520 ***
Training fitness: 0.8829329823843954
Model size: (5, 17)
Validation fitness: 0.8641272018195161 !!!
Elapsed: 2.503653049468994

*** Epoch 1, batch 30/520 ***
Training fitness: 0.9455422647103358
Model size: (5, 17)
Validation fitness: 0.8641272018195161 
Elapsed: 2.445615768432617

*** Epoch 1, batch 31/520 ***
Training fitness: 0.8509454953971419
Model size: (5, 17)
Validation fitness: 0.8641272018195161 
Elapsed: 2.4732072353363037

*** Epoch 1, batch 32/520 ***
Training fitness: 0.9151261930118313
Model size: (5, 17)
Validation fitness: 0.8641272018195161 
Elapsed: 2.611279249191284

*** Epoch 1, batch 33/520 ***
Training fitness: 0.8858563272037836
Model size: (5, 17)
Validation fitness: 0.8641272018195161 
Elapsed: 2.546773910522461

*** Epoch 1, batch 34/520 ***
Training fitness: 0.8989061215272803
Model size: (5, 17)
Validation fitness: 0.8641272018195161 
Elapsed: 2.568716049194336

*** Epoch 1, batch 35/520 ***
Training fitness: 0.8932854564942871
Model size: (5, 17)
Validation fitness: 0.8641272018195161 
Elapsed: 2.492501735687256

*** Epoch 1, batch 36/520 ***
Training fitness: 0.887665493362839
Model size: (5, 17)
Validation fitness: 0.8641272018195161 
Elapsed: 2.554075002670288

*** Epoch 1, batch 37/520 ***
Training fitness: 0.8810078679489635
Model size: (3, 11)
Validation fitness: 0.8290999766235659 
Elapsed: 2.407241106033325

*** Epoch 1, batch 38/520 ***
Training fitness: 0.8550058681058205
Model size: (5, 17)
Validation fitness: 0.8641272018195161 
Elapsed: 2.626858711242676

*** Epoch 1, batch 39/520 ***
Training fitness: 0.8907927583559065
Model size: (7, 16)
Validation fitness: 0.8282992558877107 
Elapsed: 2.4449875354766846

*** Epoch 1, batch 40/520 ***
Training fitness: 0.8991465134459979
Model size: (6, 14)
Validation fitness: 0.8325887495437247 
Elapsed: 2.4869556427001953

*** Epoch 1, batch 41/520 ***
Training fitness: 0.9143240889290501
Model size: (5, 17)
Validation fitness: 0.8641272018195161 
Elapsed: 2.557295799255371

*** Epoch 1, batch 42/520 ***
Training fitness: 0.8757595160297752
Model size: (4, 13)
Validation fitness: 0.8300267572147548 
Elapsed: 2.6067841053009033

*** Epoch 1, batch 43/520 ***
Training fitness: 0.854619987463644
Model size: (5, 16)
Validation fitness: 0.8602727386789296 
Elapsed: 2.5972752571105957

*** Epoch 1, batch 44/520 ***
Training fitness: 0.8846428439400107
Model size: (5, 17)
Validation fitness: 0.8641272018195161 
Elapsed: 5.185997486114502

*** Epoch 1, batch 45/520 ***
Training fitness: 0.9005375833582023
Model size: (5, 16)
Validation fitness: 0.8602727386789296 
Elapsed: 5.246734857559204

*** Epoch 1, batch 46/520 ***
Training fitness: 0.8377758166991537
Model size: (4, 13)
Validation fitness: 0.864063959971414 
Elapsed: 5.049000978469849

*** Epoch 1, batch 47/520 ***
Training fitness: 0.8821740381091076
Model size: (5, 13)
Validation fitness: 0.8703989208674849 !!!
Elapsed: 5.219626426696777

*** Epoch 1, batch 48/520 ***
Training fitness: 0.8810078679489635
Model size: (4, 13)
Validation fitness: 0.864063959971414 
Elapsed: 5.054754734039307

*** Epoch 1, batch 49/520 ***
Training fitness: 0.9100219009122034
Model size: (4, 13)
Validation fitness: 0.864063959971414 
Elapsed: 4.823331832885742

*** Epoch 1, batch 50/520 ***
Training fitness: 0.9140645593674381
Model size: (4, 13)
Validation fitness: 0.864063959971414 
Elapsed: 4.929980516433716

*** Epoch 1, batch 51/520 ***
Training fitness: 0.9130703119435531
Model size: (5, 13)
Validation fitness: 0.8703989208674849 
Elapsed: 5.006800889968872

*** Epoch 1, batch 52/520 ***
Training fitness: 0.8755659181887775
Model size: (4, 13)
Validation fitness: 0.864063959971414 
Elapsed: 4.843590974807739

*** Epoch 1, batch 53/520 ***
Training fitness: 0.873204043914314
Model size: (4, 13)
Validation fitness: 0.864063959971414 
Elapsed: 5.274103403091431

*** Epoch 1, batch 54/520 ***
Training fitness: 0.8676956568381294
Model size: (5, 13)
Validation fitness: 0.8703989208674849 
Elapsed: 5.16900372505188

*** Epoch 1, batch 55/520 ***
Training fitness: 0.8827365556907558
Model size: (5, 12)
Validation fitness: 0.8633971930669087 
Elapsed: 2.833794116973877

*** Epoch 1, batch 56/520 ***
Training fitness: 0.8484160617381953
Model size: (5, 13)
Validation fitness: 0.8703989208674849 
Elapsed: 2.603604793548584

*** Epoch 1, batch 57/520 ***
Training fitness: 0.8711764176772593
Model size: (5, 12)
Validation fitness: 0.8633971930669087 
Elapsed: 2.740964412689209

*** Epoch 1, batch 58/520 ***
Training fitness: 0.8848395989079055
Model size: (5, 12)
Validation fitness: 0.8633971930669087 
Elapsed: 2.7276761531829834

*** Epoch 1, batch 59/520 ***
Training fitness: 0.836167191726083
Model size: (4, 10)
Validation fitness: 0.8515809803979894 
Elapsed: 2.6160099506378174

*** Epoch 1, batch 60/520 ***
Training fitness: 0.8713293470155565
Model size: (4, 11)
Validation fitness: 0.8732294934040365 !!!
Elapsed: 2.6083784103393555

*** Epoch 1, batch 61/520 ***
Training fitness: 0.8918654254555362
Model size: (4, 11)
Validation fitness: 0.8732294934040365 
Elapsed: 2.5865278244018555

*** Epoch 1, batch 62/520 ***
Training fitness: 0.8954221769375642
Model size: (5, 13)
Validation fitness: 0.8703989208674849 
Elapsed: 2.5867385864257812

*** Epoch 1, batch 63/520 ***
Training fitness: 0.9155157194719148
Model size: (10, 21)
Validation fitness: 0.8492692101831616 
Elapsed: 2.7616117000579834

*** Epoch 1, batch 64/520 ***
Training fitness: 0.8704439577427865
Model size: (4, 11)
Validation fitness: 0.8732294934040365 
Elapsed: 3.711693048477173

*** Epoch 1, batch 65/520 ***
Training fitness: 0.8347312064628648
Model size: (6, 16)
Validation fitness: 0.8485200807014399 
Elapsed: 5.0098161697387695

*** Epoch 1, batch 66/520 ***
Training fitness: 0.8803587798505532
Model size: (6, 15)
Validation fitness: 0.8718711303519836 
Elapsed: 4.9899163246154785

*** Epoch 1, batch 67/520 ***
Training fitness: 0.8931068050756705
Model size: (6, 17)
Validation fitness: 0.8687675862689008 
Elapsed: 5.09987735748291

*** Epoch 1, batch 68/520 ***
Training fitness: 0.9127845729703038
Model size: (6, 15)
Validation fitness: 0.8718711303519836 
Elapsed: 5.228517055511475

*** Epoch 1, batch 69/520 ***
Training fitness: 0.8875995140655514
Model size: (6, 16)
Validation fitness: 0.8485200807014399 
Elapsed: 5.441054105758667

*** Epoch 1, batch 70/520 ***
Training fitness: 0.8856447238139044
Model size: (6, 14)
Validation fitness: 0.8626432398954712 
Elapsed: 5.0690083503723145

*** Epoch 1, batch 71/520 ***
Training fitness: 0.8804495559153958
Model size: (6, 15)
Validation fitness: 0.8718711303519836 
Elapsed: 5.042330503463745

*** Epoch 1, batch 72/520 ***
Training fitness: 0.858033045060419
Model size: (6, 15)
Validation fitness: 0.8718711303519836 
Elapsed: 5.002365350723267

*** Epoch 1, batch 73/520 ***
Training fitness: 0.8597128341751337
Model size: (5, 15)
Validation fitness: 0.8551241177485704 
Elapsed: 5.141371488571167

*** Epoch 1, batch 74/520 ***
Training fitness: 0.8191646066871021
Model size: (6, 15)
Validation fitness: 0.8718711303519836 
Elapsed: 5.080819845199585

*** Epoch 1, batch 75/520 ***
Training fitness: 0.8126120026266601
Model size: (7, 16)
Validation fitness: 0.8688908215317055 
Elapsed: 4.9151811599731445

*** Epoch 1, batch 76/520 ***
Training fitness: 0.8634695375581111
Model size: (7, 17)
Validation fitness: 0.8430077694382878 
Elapsed: 5.5796637535095215

*** Epoch 1, batch 77/520 ***
Training fitness: 0.864152857520835
Model size: (10, 21)
Validation fitness: 0.8492692101831616 
Elapsed: 5.56632924079895

*** Epoch 1, batch 78/520 ***
Training fitness: 0.898976650481569
Model size: (7, 14)
Validation fitness: 0.8457106408619708 
Elapsed: 4.980783700942993

*** Epoch 1, batch 79/520 ***
Training fitness: 0.8418682700494072
Model size: (7, 16)
Validation fitness: 0.8688908215317055 
Elapsed: 4.941706895828247

*** Epoch 1, batch 80/520 ***
Training fitness: 0.8214634430943648
Model size: (6, 13)
Validation fitness: 0.8580619547828595 
Elapsed: 4.874232292175293

*** Epoch 1, batch 81/520 ***
Training fitness: 0.8862529744268489
Model size: (6, 12)
Validation fitness: 0.8554094154207175 
Elapsed: 4.9386560916900635

*** Epoch 1, batch 82/520 ***
Training fitness: 0.9083045129112719
Model size: (6, 12)
Validation fitness: 0.8554094154207175 
Elapsed: 4.982712507247925

*** Epoch 1, batch 83/520 ***
Training fitness: 0.8682479584946452
Model size: (10, 22)
Validation fitness: 0.8353217285723031 
Elapsed: 5.090231418609619

*** Epoch 1, batch 84/520 ***
Training fitness: 0.8743481385127231
Model size: (10, 22)
Validation fitness: 0.8353217285723031 
Elapsed: 5.0227131843566895

*** Epoch 1, batch 85/520 ***
Training fitness: 0.8464846053676478
Model size: (8, 15)
Validation fitness: 0.835051564823367 
Elapsed: 5.390599727630615

*** Epoch 1, batch 86/520 ***
Training fitness: 0.8454491936179432
Model size: (7, 14)
Validation fitness: 0.8457106408619708 
Elapsed: 5.294955253601074

*** Epoch 1, batch 87/520 ***
Training fitness: 0.8444644133688259
Model size: (4, 13)
Validation fitness: 0.8229833797306794 
Elapsed: 5.283642053604126

*** Epoch 1, batch 88/520 ***
Training fitness: 0.8935599755035915
Model size: (6, 12)
Validation fitness: 0.8069001178682871 
Elapsed: 5.065419435501099

*** Epoch 1, batch 89/520 ***
Training fitness: 0.8694804781072921
Model size: (7, 14)
Validation fitness: 0.8457106408619708 
Elapsed: 5.2404091358184814

*** Epoch 1, batch 90/520 ***
Training fitness: 0.8771888253207692
Model size: (7, 15)
Validation fitness: 0.8270867644140095 
Elapsed: 5.238091707229614

*** Epoch 1, batch 91/520 ***
Training fitness: 0.8700816014724574
Model size: (7, 13)
Validation fitness: 0.8190614912698077 
Elapsed: 4.973809719085693

*** Epoch 1, batch 92/520 ***
Training fitness: 0.862208255008756
Model size: (7, 14)
Validation fitness: 0.8457106408619708 
Elapsed: 5.210493087768555

*** Epoch 1, batch 93/520 ***
Training fitness: 0.9162206939131716
Model size: (7, 14)
Validation fitness: 0.8457106408619708 
Elapsed: 5.044616937637329

*** Epoch 1, batch 94/520 ***
Training fitness: 0.9218718998943043
Model size: (6, 14)
Validation fitness: 0.8321213098576307 
Elapsed: 4.89460015296936

*** Epoch 1, batch 95/520 ***
Training fitness: 0.7995654037394914
Model size: (8, 15)
Validation fitness: 0.8342456812638351 
Elapsed: 5.248061895370483

*** Epoch 1, batch 96/520 ***
Training fitness: 0.8705930654364242
Model size: (8, 15)
Validation fitness: 0.8386876238909189 
Elapsed: 5.076695680618286

*** Epoch 1, batch 97/520 ***
Training fitness: 0.892369614796338
Model size: (9, 20)
Validation fitness: 0.8239142339852352 
Elapsed: 4.927330493927002

*** Epoch 1, batch 98/520 ***
Training fitness: 0.8784089891659315
Model size: (1, 4)
Validation fitness: 0.8313176218940951 
Elapsed: 4.655379772186279

*** Epoch 1, batch 99/520 ***
Training fitness: 0.8502705140033894
Model size: (9, 16)
Validation fitness: 0.8476061234296756 
Elapsed: 5.051461458206177

*** Epoch 1, batch 100/520 ***
Training fitness: 0.8654024264219251
Model size: (9, 15)
Validation fitness: 0.8477229195153622 
Elapsed: 5.152809143066406

*** Epoch 1, batch 101/520 ***
Training fitness: 0.8706239334544355
Model size: (8, 12)
Validation fitness: 0.847910006230053 
Elapsed: 5.107040166854858

*** Epoch 1, batch 102/520 ***
Training fitness: 0.8920579032636218
Model size: (8, 12)
Validation fitness: 0.847910006230053 
Elapsed: 4.795879602432251

*** Epoch 1, batch 103/520 ***
Training fitness: 0.8311403440090204
Model size: (8, 14)
Validation fitness: 0.8339209992920648 
Elapsed: 4.957283020019531

*** Epoch 1, batch 104/520 ***
Training fitness: 0.8675250525402922
Model size: (3, 7)
Validation fitness: 0.8289189544763593 
Elapsed: 4.590614557266235

*** Epoch 1, batch 105/520 ***
Training fitness: 0.8621421240796505
Model size: (6, 12)
Validation fitness: 0.830178692657692 
Elapsed: 5.005566358566284

*** Epoch 1, batch 106/520 ***
Training fitness: 0.865530228916388
Model size: (6, 12)
Validation fitness: 0.8134271493299372 
Elapsed: 5.059099912643433

*** Epoch 1, batch 107/520 ***
Training fitness: 0.8226254724132425
Model size: (6, 12)
Validation fitness: 0.830178692657692 
Elapsed: 5.001710653305054

*** Epoch 1, batch 108/520 ***
Training fitness: 0.890661188354312
Model size: (9, 23)
Validation fitness: 0.8273231380291812 
Elapsed: 4.799760818481445

*** Epoch 1, batch 109/520 ***
Training fitness: 0.8176654093097296
Model size: (8, 17)
Validation fitness: 0.8340773876010796 
Elapsed: 4.902662038803101

*** Epoch 1, batch 110/520 ***
Training fitness: 0.9374811359341462
Model size: (9, 16)
Validation fitness: 0.8604650665640513 
Elapsed: 4.961569547653198

*** Epoch 1, batch 111/520 ***
Training fitness: 0.8317745132214326
Model size: (10, 19)
Validation fitness: 0.8067909746143909 
Elapsed: 4.843291997909546

*** Epoch 1, batch 112/520 ***
Training fitness: 0.8735296978223174
Model size: (10, 17)
Validation fitness: 0.8567843871401732 
Elapsed: 4.83225417137146

*** Epoch 1, batch 113/520 ***
Training fitness: 0.8313555516589397
Model size: (10, 17)
Validation fitness: 0.8540096935317678 
Elapsed: 5.11925196647644

*** Epoch 1, batch 114/520 ***
Training fitness: 0.8852302296093864
Model size: (10, 17)
Validation fitness: 0.8540096935317678 
Elapsed: 4.914941310882568

*** Epoch 1, batch 115/520 ***
Training fitness: 0.8522999235056915
Model size: (10, 18)
Validation fitness: 0.818791378183905 
Elapsed: 3.0164570808410645

*** Epoch 1, batch 116/520 ***
Training fitness: 0.8874011086995811
Model size: (10, 17)
Validation fitness: 0.8540096935317678 
Elapsed: 2.586897850036621

*** Epoch 1, batch 117/520 ***
Training fitness: 0.8299017304689622
Model size: (10, 23)
Validation fitness: 0.8286851905046906 
Elapsed: 2.5645647048950195

*** Epoch 1, batch 118/520 ***
Training fitness: 0.8364706398955492
Model size: (10, 17)
Validation fitness: 0.8540096935317678 
Elapsed: 2.667574644088745

*** Epoch 1, batch 119/520 ***
Training fitness: 0.8726267561181682
Model size: (11, 18)
Validation fitness: 0.8337634810319552 
Elapsed: 2.6188950538635254

*** Epoch 1, batch 120/520 ***
Training fitness: 0.8453920073828568
Model size: (10, 18)
Validation fitness: 0.8259692805433779 
Elapsed: 2.5087482929229736

*** Epoch 1, batch 121/520 ***
Training fitness: 0.8566144037661364
Model size: (10, 23)
Validation fitness: 0.8125515470835862 
Elapsed: 2.439034938812256

*** Epoch 1, batch 122/520 ***
Training fitness: 0.8267868853517156
Model size: (5, 13)
Validation fitness: 0.8026220570789957 
Elapsed: 2.4852752685546875

*** Epoch 1, batch 123/520 ***
Training fitness: 0.8137018593108728
Model size: (10, 22)
Validation fitness: 0.8307811345195469 
Elapsed: 2.5961174964904785

*** Epoch 1, batch 124/520 ***
Training fitness: 0.8626527741136277
Model size: (10, 18)
Validation fitness: 0.8370008887250998 
Elapsed: 2.6038272380828857

*** Epoch 1, batch 125/520 ***
Training fitness: 0.866988051977362
Model size: (11, 20)
Validation fitness: 0.8206991779181386 
Elapsed: 2.6297905445098877

*** Epoch 1, batch 126/520 ***
Training fitness: 0.8581985899766553
Model size: (5, 10)
Validation fitness: 0.8222157241053035 
Elapsed: 2.493324041366577

*** Epoch 1, batch 127/520 ***
Training fitness: 0.8102704191276968
Model size: (4, 8)
Validation fitness: 0.8245444523182535 
Elapsed: 2.2339963912963867

*** Epoch 1, batch 128/520 ***
Training fitness: 0.853745888985361
Model size: (10, 21)
Validation fitness: 0.8317257381798311 
Elapsed: 2.380363941192627

*** Epoch 1, batch 129/520 ***
Training fitness: 0.8219136662778687
Model size: (7, 17)
Validation fitness: 0.7984274552490424 
Elapsed: 2.2784616947174072

*** Epoch 1, batch 130/520 ***
Training fitness: 0.9013063755505606
Model size: (7, 17)
Validation fitness: 0.8241365882097133 
Elapsed: 2.2441272735595703

*** Epoch 1, batch 131/520 ***
Training fitness: 0.8740945108061485
Model size: (7, 18)
Validation fitness: 0.8106650637551033 
Elapsed: 2.141240358352661

*** Epoch 1, batch 132/520 ***
Training fitness: 0.8510516509478251
Model size: (7, 17)
Validation fitness: 0.8241365882097133 
Elapsed: 2.185948371887207

*** Epoch 1, batch 133/520 ***
Training fitness: 0.8558687051749554
Model size: (7, 17)
Validation fitness: 0.8241365882097133 
Elapsed: 2.201735734939575

*** Epoch 1, batch 134/520 ***
Training fitness: 0.8598529047342829
Model size: (5, 11)
Validation fitness: 0.8174878911334335 
Elapsed: 2.1960747241973877

*** Epoch 1, batch 135/520 ***
Training fitness: 0.8167746344922534
Model size: (6, 14)
Validation fitness: 0.8263559609236011 
Elapsed: 2.1808950901031494

*** Epoch 1, batch 136/520 ***
Training fitness: 0.8375211870712178
Model size: (8, 13)
Validation fitness: 0.8232799312991469 
Elapsed: 2.337617874145508

*** Epoch 1, batch 137/520 ***
Training fitness: 0.852301761418635
Model size: (9, 17)
Validation fitness: 0.8267165517192316 
Elapsed: 2.1627819538116455

*** Epoch 1, batch 138/520 ***
Training fitness: 0.8549852197240615
Model size: (9, 19)
Validation fitness: 0.820068948323287 
Elapsed: 2.320166826248169

*** Epoch 1, batch 139/520 ***
Training fitness: 0.8678819877616907
Model size: (3, 6)
Validation fitness: 0.8192989632026129 
Elapsed: 2.17492413520813

*** Epoch 1, batch 140/520 ***
Training fitness: 0.8365956535203359
Model size: (13, 22)
Validation fitness: 0.8209654149662642 
Elapsed: 2.301457166671753

*** Epoch 1, batch 141/520 ***
Training fitness: 0.8109019382527901
Model size: (7, 12)
Validation fitness: 0.8341602546429482 
Elapsed: 2.225773811340332

*** Epoch 1, batch 142/520 ***
Training fitness: 0.8958435900052314
Model size: (8, 13)
Validation fitness: 0.8232799312991469 
Elapsed: 2.4722630977630615

*** Epoch 1, batch 143/520 ***
Training fitness: 0.9145743667547683
Model size: (3, 7)
Validation fitness: 0.8161497111464284 
Elapsed: 2.124147653579712

*** Epoch 1, batch 144/520 ***
Training fitness: 0.8420737474484297
Model size: (6, 9)
Validation fitness: 0.8351101199146838 
Elapsed: 2.1947927474975586

*** Epoch 1, batch 145/520 ***
Training fitness: 0.9147606734416428
Model size: (2, 6)
Validation fitness: 0.8218514549449485 
Elapsed: 2.205589532852173

*** Epoch 1, batch 146/520 ***
Training fitness: 0.8743807689008235
Model size: (11, 20)
Validation fitness: 0.8308343395024794 
Elapsed: 2.299694299697876

*** Epoch 1, batch 147/520 ***
Training fitness: 0.8687863788331017
Model size: (7, 14)
Validation fitness: 0.8248073304685734 
Elapsed: 2.212578535079956

*** Epoch 1, batch 148/520 ***
Training fitness: 0.8488425818064955
Model size: (3, 3)
Validation fitness: 0.803977156090153 
Elapsed: 2.2001709938049316

*** Epoch 1, batch 149/520 ***
Training fitness: 0.8663869546699975
Model size: (6, 15)
Validation fitness: 0.8340222942873197 
Elapsed: 2.0896108150482178

*** Epoch 1, batch 150/520 ***
Training fitness: 0.8454491936179432
Model size: (3, 5)
Validation fitness: 0.8067987715841262 
Elapsed: 2.213390350341797

*** Epoch 1, batch 151/520 ***
Training fitness: 0.8678016632337646
Model size: (9, 18)
Validation fitness: 0.8286871447172095 
Elapsed: 2.307147979736328

*** Epoch 1, batch 152/520 ***
Training fitness: 0.8497136655433776
Model size: (8, 18)
Validation fitness: 0.834687242618574 
Elapsed: 2.286324977874756

*** Epoch 1, batch 153/520 ***
Training fitness: 0.9215139297874138
Model size: (4, 11)
Validation fitness: 0.8271933155231276 
Elapsed: 2.5398459434509277

*** Epoch 1, batch 154/520 ***
Training fitness: 0.8682479584946452
Model size: (8, 18)
Validation fitness: 0.816386182958832 
Elapsed: 2.338501453399658

*** Epoch 1, batch 155/520 ***
Training fitness: 0.8207177337519458
Model size: (7, 14)
Validation fitness: 0.8400492997931033 
Elapsed: 2.34120512008667

*** Epoch 1, batch 156/520 ***
Training fitness: 0.876000479669472
Model size: (5, 11)
Validation fitness: 0.8467348824898292 
Elapsed: 2.205479383468628

*** Epoch 1, batch 157/520 ***
Training fitness: 0.8737135575234374
Model size: (5, 11)
Validation fitness: 0.839591603482892 
Elapsed: 2.2543015480041504

*** Epoch 1, batch 158/520 ***
Training fitness: 0.8924666551542465
Model size: (6, 12)
Validation fitness: 0.866410814904961 
Elapsed: 2.224013090133667

*** Epoch 1, batch 159/520 ***
Training fitness: 0.8907117394114458
Model size: (8, 13)
Validation fitness: 0.840231121948615 
Elapsed: 2.2252438068389893

*** Epoch 1, batch 160/520 ***
Training fitness: 0.8713161713108708
Model size: (6, 12)
Validation fitness: 0.866410814904961 
Elapsed: 2.2269084453582764

*** Epoch 1, batch 161/520 ***
Training fitness: 0.8670092792468101
Model size: (5, 13)
Validation fitness: 0.8501201710764014 
Elapsed: 2.2270681858062744

*** Epoch 1, batch 162/520 ***
Training fitness: 0.8501620146655489
Model size: (5, 13)
Validation fitness: 0.8501201710764014 
Elapsed: 2.315004348754883

*** Epoch 1, batch 163/520 ***
Training fitness: 0.8694490878399705
Model size: (6, 14)
Validation fitness: 0.8541894551984591 
Elapsed: 2.274895668029785

*** Epoch 1, batch 164/520 ***
Training fitness: 0.8480994624740741
Model size: (6, 11)
Validation fitness: 0.8596100904528347 
Elapsed: 2.373051166534424

*** Epoch 1, batch 165/520 ***
Training fitness: 0.8490574826125626
Model size: (6, 11)
Validation fitness: 0.8596100904528347 
Elapsed: 2.361922025680542

*** Epoch 1, batch 166/520 ***
Training fitness: 0.8590260224483217
Model size: (8, 13)
Validation fitness: 0.8353652663291232 
Elapsed: 2.2984437942504883

*** Epoch 1, batch 167/520 ***
Training fitness: 0.859980795044672
Model size: (7, 12)
Validation fitness: 0.8570626156779875 
Elapsed: 2.369202136993408

*** Epoch 1, batch 168/520 ***
Training fitness: 0.8609422376078009
Model size: (9, 14)
Validation fitness: 0.8557752624026278 
Elapsed: 2.351065158843994

*** Epoch 1, batch 169/520 ***
Training fitness: 0.8694961675683838
Model size: (7, 13)
Validation fitness: 0.8113896599314164 
Elapsed: 2.361088275909424

*** Epoch 1, batch 170/520 ***
Training fitness: 0.8678633947441576
Model size: (7, 12)
Validation fitness: 0.8570626156779875 
Elapsed: 2.318671941757202

*** Epoch 1, batch 171/520 ***
Training fitness: 0.8788707488040823
Model size: (12, 22)
Validation fitness: 0.8041565758073926 
Elapsed: 2.2642040252685547

*** Epoch 1, batch 172/520 ***
Training fitness: 0.8585896107425969
Model size: (2, 4)
Validation fitness: 0.8207214904358793 
Elapsed: 2.2065937519073486

*** Epoch 1, batch 173/520 ***
Training fitness: 0.8492450177458527
Model size: (10, 21)
Validation fitness: 0.8332439698195843 
Elapsed: 2.3747918605804443

*** Epoch 1, batch 174/520 ***
Training fitness: 0.8528922416150463
Model size: (6, 9)
Validation fitness: 0.8632063775213393 
Elapsed: 2.2413651943206787

*** Epoch 1, batch 175/520 ***
Training fitness: 0.869424751943045
Model size: (10, 21)
Validation fitness: 0.8332439698195843 
Elapsed: 2.422771453857422

*** Epoch 1, batch 176/520 ***
Training fitness: 0.8618593998759695
Model size: (7, 13)
Validation fitness: 0.8619821822575774 
Elapsed: 2.2564549446105957

*** Epoch 1, batch 177/520 ***
Training fitness: 0.9001290358086588
Model size: (7, 13)
Validation fitness: 0.8619821822575774 
Elapsed: 2.295973062515259

*** Epoch 1, batch 178/520 ***
Training fitness: 0.8596154394352085
Model size: (6, 14)
Validation fitness: 0.8228334687373352 
Elapsed: 2.3766355514526367

*** Epoch 1, batch 179/520 ***
Training fitness: 0.8530349466575745
Model size: (10, 21)
Validation fitness: 0.8332439698195843 
Elapsed: 2.576357364654541

*** Epoch 1, batch 180/520 ***
Training fitness: 0.8399960178179509
Model size: (7, 13)
Validation fitness: 0.8619821822575774 
Elapsed: 2.3100287914276123

*** Epoch 1, batch 181/520 ***
Training fitness: 0.8827535858205336
Model size: (6, 14)
Validation fitness: 0.8228334687373352 
Elapsed: 2.1808114051818848

*** Epoch 1, batch 182/520 ***
Training fitness: 0.8705467356957598
Model size: (8, 14)
Validation fitness: 0.8586776056181205 
Elapsed: 2.3027117252349854

*** Epoch 1, batch 183/520 ***
Training fitness: 0.8684524891592502
Model size: (8, 14)
Validation fitness: 0.8586776056181205 
Elapsed: 2.3776612281799316

*** Epoch 1, batch 184/520 ***
Training fitness: 0.9133645647177392
Model size: (7, 13)
Validation fitness: 0.8619821822575774 
Elapsed: 2.324047327041626

*** Epoch 1, batch 185/520 ***
Training fitness: 0.8790644998766973
Model size: (6, 12)
Validation fitness: 0.8326429179663833 
Elapsed: 2.2171030044555664

*** Epoch 1, batch 186/520 ***
Training fitness: 0.9295284429401711
Model size: (7, 13)
Validation fitness: 0.8619821822575774 
Elapsed: 2.3840866088867188

*** Epoch 1, batch 187/520 ***
Training fitness: 0.8323539752352171
Model size: (8, 14)
Validation fitness: 0.8325438404376202 
Elapsed: 2.32783579826355

*** Epoch 1, batch 188/520 ***
Training fitness: 0.8586763172422254
Model size: (6, 13)
Validation fitness: 0.8515276021886318 
Elapsed: 2.241630792617798

*** Epoch 1, batch 189/520 ***
Training fitness: 0.8694804781072921
Model size: (6, 13)
Validation fitness: 0.8515276021886318 
Elapsed: 2.321002721786499

*** Epoch 1, batch 190/520 ***
Training fitness: 0.8288765088084163
Model size: (6, 13)
Validation fitness: 0.8515276021886318 
Elapsed: 2.2203338146209717

*** Epoch 1, batch 191/520 ***
Training fitness: 0.8819474419192402
Model size: (12, 24)
Validation fitness: 0.8378576140843264 
Elapsed: 2.4668073654174805

*** Epoch 1, batch 192/520 ***
Training fitness: 0.8321610142814976
Model size: (15, 22)
Validation fitness: 0.8269968989560488 
Elapsed: 2.3260786533355713

*** Epoch 1, batch 193/520 ***
Training fitness: 0.8130872297474012
Model size: (6, 13)
Validation fitness: 0.8515276021886318 
Elapsed: 2.200049638748169

*** Epoch 1, batch 194/520 ***
Training fitness: 0.8595172900611018
Model size: (9, 12)
Validation fitness: 0.8491302909451108 
Elapsed: 2.276174306869507

*** Epoch 1, batch 195/520 ***
Training fitness: 0.896296962540604
Model size: (7, 15)
Validation fitness: 0.8288133650069159 
Elapsed: 2.382499933242798

*** Epoch 1, batch 196/520 ***
Training fitness: 0.8282517836993646
Model size: (6, 13)
Validation fitness: 0.8515276021886318 
Elapsed: 2.3124988079071045

*** Epoch 1, batch 197/520 ***
Training fitness: 0.8377960257167787
Model size: (6, 13)
Validation fitness: 0.8515276021886318 
Elapsed: 2.2636778354644775

*** Epoch 1, batch 198/520 ***
Training fitness: 0.898976650481569
Model size: (3, 7)
Validation fitness: 0.834972331660175 
Elapsed: 2.3004567623138428

*** Epoch 1, batch 199/520 ***
Training fitness: 0.8648642412919287
Model size: (13, 25)
Validation fitness: 0.8613679922074823 
Elapsed: 2.499227285385132

*** Epoch 1, batch 200/520 ***
Training fitness: 0.8637979681638847
Model size: (13, 25)
Validation fitness: 0.8613679922074823 
Elapsed: 2.4642486572265625

*** Epoch 1, batch 201/520 ***
Training fitness: 0.9228569134356441
Model size: (13, 25)
Validation fitness: 0.8613679922074823 
Elapsed: 2.416257858276367

*** Epoch 1, batch 202/520 ***
Training fitness: 0.8991465134459979
Model size: (13, 25)
Validation fitness: 0.8613679922074823 
Elapsed: 2.453423500061035

*** Epoch 1, batch 203/520 ***
Training fitness: 0.8522999235056915
Model size: (13, 25)
Validation fitness: 0.8613679922074823 
Elapsed: 2.5029749870300293

*** Epoch 1, batch 204/520 ***
Training fitness: 0.8913696885516293
Model size: (13, 25)
Validation fitness: 0.8613679922074823 
Elapsed: 2.446537971496582

*** Epoch 1, batch 205/520 ***
Training fitness: 0.8337327773816955
Model size: (13, 25)
Validation fitness: 0.8613679922074823 
Elapsed: 2.518759250640869

*** Epoch 1, batch 206/520 ***
Training fitness: 0.8472476530048693
Model size: (13, 25)
Validation fitness: 0.8613679922074823 
Elapsed: 2.4974350929260254

*** Epoch 1, batch 207/520 ***
Training fitness: 0.8572716285421584
Model size: (19, 26)
Validation fitness: 0.8103020712377901 
Elapsed: 2.401003837585449

*** Epoch 1, batch 208/520 ***
Training fitness: 0.8600685382030304
Model size: (13, 25)
Validation fitness: 0.8613679922074823 
Elapsed: 2.5266149044036865

*** Epoch 1, batch 209/520 ***
Training fitness: 0.8940334010754224
Model size: (13, 25)
Validation fitness: 0.8613679922074823 
Elapsed: 2.5242323875427246

*** Epoch 1, batch 210/520 ***
Training fitness: 0.9152795872239362
Model size: (13, 25)
Validation fitness: 0.8613679922074823 
Elapsed: 2.4423091411590576

*** Epoch 1, batch 211/520 ***
Training fitness: 0.8370561315297876
Model size: (13, 25)
Validation fitness: 0.8613679922074823 
Elapsed: 2.426205635070801

*** Epoch 1, batch 212/520 ***
Training fitness: 0.900142659245288
Model size: (15, 29)
Validation fitness: 0.84347764639778 
Elapsed: 2.685196876525879

*** Epoch 1, batch 213/520 ***
Training fitness: 0.8624800060695207
Model size: (13, 25)
Validation fitness: 0.8613679922074823 
Elapsed: 2.5830440521240234

*** Epoch 1, batch 214/520 ***
Training fitness: 0.8808550449991841
Model size: (7, 8)
Validation fitness: 0.8534132421720785 
Elapsed: 2.24782133102417

*** Epoch 1, batch 215/520 ***
Training fitness: 0.922365177519402
Model size: (13, 25)
Validation fitness: 0.8613679922074823 
Elapsed: 2.4899284839630127

*** Epoch 1, batch 216/520 ***
Training fitness: 0.8386001648316486
Model size: (7, 8)
Validation fitness: 0.8534132421720785 
Elapsed: 2.3401131629943848

*** Epoch 1, batch 217/520 ***
Training fitness: 0.8678633947441576
Model size: (9, 11)
Validation fitness: 0.8327251919130553 
Elapsed: 2.2342584133148193

*** Epoch 1, batch 218/520 ***
Training fitness: 0.8681360258178012
Model size: (6, 10)
Validation fitness: 0.8233159899747363 
Elapsed: 2.3573505878448486

*** Epoch 1, batch 219/520 ***
Training fitness: 0.8850580591257983
Model size: (9, 11)
Validation fitness: 0.8524837307763594 
Elapsed: 2.226006507873535

*** Epoch 1, batch 220/520 ***
Training fitness: 0.8737135575234374
Model size: (9, 11)
Validation fitness: 0.8524837307763594 
Elapsed: 2.2462031841278076

*** Epoch 1, batch 221/520 ***
Training fitness: 0.8360531941386193
Model size: (6, 10)
Validation fitness: 0.8233159899747363 
Elapsed: 2.2473433017730713

*** Epoch 1, batch 222/520 ***
Training fitness: 0.8204941167721698
Model size: (9, 15)
Validation fitness: 0.8185709016710822 
Elapsed: 2.2523162364959717

*** Epoch 1, batch 223/520 ***
Training fitness: 0.8465307460687432
Model size: (10, 14)
Validation fitness: 0.805248264450209 
Elapsed: 2.1640775203704834

*** Epoch 1, batch 224/520 ***
Training fitness: 0.8288698968166448
Model size: (12, 20)
Validation fitness: 0.82071521135902 
Elapsed: 2.0912108421325684

*** Epoch 1, batch 225/520 ***
Training fitness: 0.8143381590394351
Model size: (8, 11)
Validation fitness: 0.7939267394993618 
Elapsed: 2.235602617263794

*** Epoch 1, batch 226/520 ***
Training fitness: 0.837122554719136
Model size: (10, 19)
Validation fitness: 0.7863746367330953 
Elapsed: 2.259453535079956

*** Epoch 1, batch 227/520 ***
Training fitness: 0.8247021571994935
Model size: (7, 11)
Validation fitness: 0.8282205082060116 
Elapsed: 2.0658156871795654

*** Epoch 1, batch 228/520 ***
Training fitness: 0.8465307460687432
Model size: (8, 13)
Validation fitness: 0.8387525243882361 
Elapsed: 2.1074185371398926

*** Epoch 1, batch 229/520 ***
Training fitness: 0.8300967620898989
Model size: (5, 6)
Validation fitness: 0.8208434779782021 
Elapsed: 2.065269708633423

*** Epoch 1, batch 230/520 ***
Training fitness: 0.8621421240796505
Model size: (5, 6)
Validation fitness: 0.8208434779782021 
Elapsed: 2.141056776046753

*** Epoch 1, batch 231/520 ***
Training fitness: 0.8178935541157513
Model size: (8, 13)
Validation fitness: 0.8387525243882361 
Elapsed: 2.341201066970825

*** Epoch 1, batch 232/520 ***
Training fitness: 0.8603969465648855
Model size: (8, 13)
Validation fitness: 0.8387525243882361 
Elapsed: 2.2204463481903076

*** Epoch 1, batch 233/520 ***
Training fitness: 0.8499174416438962
Model size: (7, 14)
Validation fitness: 0.819005277861573 
Elapsed: 2.1904962062835693

*** Epoch 1, batch 234/520 ***
Training fitness: 0.8393310775234207
Model size: (6, 6)
Validation fitness: 0.8390429797575232 
Elapsed: 2.0763747692108154

*** Epoch 1, batch 235/520 ***
Training fitness: 0.8640436815649359
Model size: (8, 13)
Validation fitness: 0.8422919628373986 
Elapsed: 2.089703321456909

*** Epoch 1, batch 236/520 ***
Training fitness: 0.8347452792657594
Model size: (8, 13)
Validation fitness: 0.8422919628373986 
Elapsed: 2.1272387504577637

*** Epoch 1, batch 237/520 ***
Training fitness: 0.8933554773118235
Model size: (8, 17)
Validation fitness: 0.8378338914803545 
Elapsed: 2.0660178661346436

*** Epoch 1, batch 238/520 ***
Training fitness: 0.8618593998759695
Model size: (7, 12)
Validation fitness: 0.8380517060414145 
Elapsed: 2.1789815425872803

*** Epoch 1, batch 239/520 ***
Training fitness: 0.9225713182972545
Model size: (7, 8)
Validation fitness: 0.8413857902924423 
Elapsed: 2.1649351119995117

*** Epoch 1, batch 240/520 ***
Training fitness: 0.862755502058424
Model size: (7, 9)
Validation fitness: 0.8324723450323537 
Elapsed: 2.234572649002075

*** Epoch 1, batch 241/520 ***
Training fitness: 0.8666356457012091
Model size: (8, 13)
Validation fitness: 0.8422919628373986 
Elapsed: 2.1846389770507812

*** Epoch 1, batch 242/520 ***
Training fitness: 0.8929670019113017
Model size: (9, 13)
Validation fitness: 0.8428051588707983 
Elapsed: 2.2718284130096436

*** Epoch 1, batch 243/520 ***
Training fitness: 0.8916575656652351
Model size: (6, 6)
Validation fitness: 0.8416086794691373 
Elapsed: 2.0782017707824707

*** Epoch 1, batch 244/520 ***
Training fitness: 0.8497136655433776
Model size: (8, 19)
Validation fitness: 0.7877541934491159 
Elapsed: 2.472482204437256

*** Epoch 1, batch 245/520 ***
Training fitness: 0.8062149370083835
Model size: (6, 6)
Validation fitness: 0.8416086794691373 
Elapsed: 2.151092052459717

*** Epoch 1, batch 246/520 ***
Training fitness: 0.9164257722858178
Model size: (5, 8)
Validation fitness: 0.8461580064810772 
Elapsed: 2.1197385787963867

*** Epoch 1, batch 247/520 ***
Training fitness: 0.8593547566430636
Model size: (6, 11)
Validation fitness: 0.8530730355877467 
Elapsed: 2.1341347694396973

*** Epoch 1, batch 248/520 ***
Training fitness: 0.8856243518719612
Model size: (6, 11)
Validation fitness: 0.8530730355877467 
Elapsed: 2.1490182876586914

*** Epoch 1, batch 249/520 ***
Training fitness: 0.8164733436258373
Model size: (10, 22)
Validation fitness: 0.8140182700812462 
Elapsed: 2.5998804569244385

*** Epoch 1, batch 250/520 ***
Training fitness: 0.847482507775365
Model size: (6, 11)
Validation fitness: 0.8530730355877467 
Elapsed: 2.113779067993164

*** Epoch 1, batch 251/520 ***
Training fitness: 0.8799218454405252
Model size: (6, 11)
Validation fitness: 0.8530730355877467 
Elapsed: 2.1939518451690674

*** Epoch 1, batch 252/520 ***
Training fitness: 0.8791003114759385
Model size: (6, 11)
Validation fitness: 0.8530730355877467 
Elapsed: 2.1379234790802

*** Epoch 1, batch 253/520 ***
Training fitness: 0.9225713182972545
Model size: (6, 11)
Validation fitness: 0.8530730355877467 
Elapsed: 2.0760748386383057

*** Epoch 1, batch 254/520 ***
Training fitness: 0.8825541919411608
Model size: (5, 6)
Validation fitness: 0.8477612771323296 
Elapsed: 2.0996885299682617

*** Epoch 1, batch 255/520 ***
Training fitness: 0.8832229603248842
Model size: (6, 11)
Validation fitness: 0.8530730355877467 
Elapsed: 2.063457727432251

*** Epoch 1, batch 256/520 ***
Training fitness: 0.8739548117941206
Model size: (7, 12)
Validation fitness: 0.8495924565676046 
Elapsed: 2.114589214324951

*** Epoch 1, batch 257/520 ***
Training fitness: 0.9218732618783353
Model size: (7, 12)
Validation fitness: 0.8495924565676046 
Elapsed: 2.090557813644409

*** Epoch 1, batch 258/520 ***
Training fitness: 0.899844407603489
Model size: (6, 6)
Validation fitness: 0.846436004396266 
Elapsed: 2.105614185333252

*** Epoch 1, batch 259/520 ***
Training fitness: 0.834302731498097
Model size: (7, 12)
Validation fitness: 0.8495924565676046 
Elapsed: 2.1046648025512695

*** Epoch 1, batch 260/520 ***
Training fitness: 0.8195651947890077
Model size: (10, 15)
Validation fitness: 0.8378670403217893 
Elapsed: 2.283838987350464

*** Epoch 1, batch 261/520 ***
Training fitness: 0.8232307884979778
Model size: (8, 13)
Validation fitness: 0.856263082492203 
Elapsed: 2.232097864151001

*** Epoch 1, batch 262/520 ***
Training fitness: 0.8635954953632595
Model size: (7, 8)
Validation fitness: 0.8464383567838077 
Elapsed: 2.164609432220459

*** Epoch 1, batch 263/520 ***
Training fitness: 0.8778580928761867
Model size: (8, 12)
Validation fitness: 0.8344426656611899 
Elapsed: 2.274477243423462

*** Epoch 1, batch 264/520 ***
Training fitness: 0.8508407064131575
Model size: (7, 8)
Validation fitness: 0.8464383567838077 
Elapsed: 2.1029460430145264

*** Epoch 1, batch 265/520 ***
Training fitness: 0.9024581377044092
Model size: (7, 8)
Validation fitness: 0.8464383567838077 
Elapsed: 2.2027297019958496

*** Epoch 1, batch 266/520 ***
Training fitness: 0.8922505253867423
Model size: (11, 18)
Validation fitness: 0.8343921546949048 
Elapsed: 2.438507556915283

*** Epoch 1, batch 267/520 ***
Training fitness: 0.8222670889143765
Model size: (5, 5)
Validation fitness: 0.8431397730392661 
Elapsed: 2.184424877166748

*** Epoch 1, batch 268/520 ***
Training fitness: 0.821999598786802
Model size: (7, 8)
Validation fitness: 0.8464383567838077 
Elapsed: 2.110595941543579

*** Epoch 1, batch 269/520 ***
Training fitness: 0.859745371640889
Model size: (7, 10)
Validation fitness: 0.8251939442258601 
Elapsed: 2.231090784072876

*** Epoch 1, batch 270/520 ***
Training fitness: 0.851692913887756
Model size: (6, 9)
Validation fitness: 0.7975168985944568 
Elapsed: 2.0633749961853027

*** Epoch 1, batch 271/520 ***
Training fitness: 0.8887178269992522
Model size: (10, 16)
Validation fitness: 0.8245921194910731 
Elapsed: 2.0834105014801025

*** Epoch 1, batch 272/520 ***
Training fitness: 0.8182311615170677
Model size: (7, 12)
Validation fitness: 0.8009730707196905 
Elapsed: 2.1170101165771484

*** Epoch 1, batch 273/520 ***
Training fitness: 0.8668967195386373
Model size: (10, 18)
Validation fitness: 0.7933691003242094 
Elapsed: 2.192694902420044

*** Epoch 1, batch 274/520 ***
Training fitness: 0.8320602851649168
Model size: (10, 13)
Validation fitness: 0.7950032713891647 
Elapsed: 2.148838996887207

*** Epoch 1, batch 275/520 ***
Training fitness: 0.8233710217067614
Model size: (6, 10)
Validation fitness: 0.7696839894658355 
Elapsed: 2.048373222351074

*** Epoch 1, batch 276/520 ***
Training fitness: 0.8295395351670322
Model size: (7, 12)
Validation fitness: 0.7780138031285458 
Elapsed: 2.0788278579711914

*** Epoch 1, batch 277/520 ***
Training fitness: 0.8039518151768356
Model size: (10, 15)
Validation fitness: 0.7827490425840703 
Elapsed: 2.0824756622314453

*** Epoch 1, batch 278/520 ***
Training fitness: 0.8354004862362581
Model size: (13, 19)
Validation fitness: 0.821690611994073 
Elapsed: 2.0521883964538574

*** Epoch 1, batch 279/520 ***
Training fitness: 0.841645919721546
Model size: (17, 17)
Validation fitness: 0.7895067666020575 
Elapsed: 1.923546314239502

*** Epoch 1, batch 280/520 ***
Training fitness: 0.8273251512516862
Model size: (11, 13)
Validation fitness: 0.7906334431956884 
Elapsed: 2.0394132137298584

*** Epoch 1, batch 281/520 ***
Training fitness: 0.8369494812674354
Model size: (5, 7)
Validation fitness: 0.7942159876390572 
Elapsed: 2.038503885269165

*** Epoch 1, batch 282/520 ***
Training fitness: 0.8454027929649518
Model size: (7, 11)
Validation fitness: 0.7573173927385483 
Elapsed: 1.8794488906860352

*** Epoch 1, batch 283/520 ***
Training fitness: 0.8196309363334646
Model size: (6, 9)
Validation fitness: 0.796871429867668 
Elapsed: 1.9123635292053223

*** Epoch 1, batch 284/520 ***
Training fitness: 0.8534360789870605
Model size: (6, 9)
Validation fitness: 0.7944353965216592 
Elapsed: 1.9677352905273438

*** Epoch 1, batch 285/520 ***
Training fitness: 0.8132500607904444
Model size: (13, 16)
Validation fitness: 0.787905231865626 
Elapsed: 2.055365562438965

*** Epoch 1, batch 286/520 ***
Training fitness: 0.8682431421244592
Model size: (8, 13)
Validation fitness: 0.8084496734634283 
Elapsed: 2.081322431564331

*** Epoch 1, batch 287/520 ***
Training fitness: 0.8062414752762948
Model size: (12, 20)
Validation fitness: 0.7962496512231215 
Elapsed: 1.9247779846191406

*** Epoch 1, batch 288/520 ***
Training fitness: 0.8600685382030304
Model size: (7, 12)
Validation fitness: 0.7757593956211317 
Elapsed: 1.92816162109375

*** Epoch 1, batch 289/520 ***
Training fitness: 0.8435189157191479
Model size: (5, 8)
Validation fitness: 0.7992223337601636 
Elapsed: 1.9922776222229004

*** Epoch 1, batch 290/520 ***
Training fitness: 0.8252339421814243
Model size: (6, 7)
Validation fitness: 0.8257279686042674 
Elapsed: 2.0260281562805176

*** Epoch 1, batch 291/520 ***
Training fitness: 0.8676956568381294
Model size: (19, 28)
Validation fitness: 0.7883037998911244 
Elapsed: 2.4830195903778076

*** Epoch 1, batch 292/520 ***
Training fitness: 0.8714666720783628
Model size: (6, 8)
Validation fitness: 0.8353668705672532 
Elapsed: 2.1045475006103516

*** Epoch 1, batch 293/520 ***
Training fitness: 0.883676344263077
Model size: (6, 8)
Validation fitness: 0.8353668705672532 
Elapsed: 2.0871965885162354

*** Epoch 1, batch 294/520 ***
Training fitness: 0.8000340850184663
Model size: (6, 10)
Validation fitness: 0.8183062085592275 
Elapsed: 2.0542986392974854

*** Epoch 1, batch 295/520 ***
Training fitness: 0.8726267561181682
Model size: (7, 11)
Validation fitness: 0.8252433229112008 
Elapsed: 2.2290773391723633

*** Epoch 1, batch 296/520 ***
Training fitness: 0.8393983333463634
Model size: (6, 10)
Validation fitness: 0.8183062085592275 
Elapsed: 2.1378066539764404

*** Epoch 1, batch 297/520 ***
Training fitness: 0.850827358223737
Model size: (9, 16)
Validation fitness: 0.8010168618992303 
Elapsed: 2.1722238063812256

*** Epoch 1, batch 298/520 ***
Training fitness: 0.8661271266460039
Model size: (7, 13)
Validation fitness: 0.7688380927441412 
Elapsed: 2.148313045501709

*** Epoch 1, batch 299/520 ***
Training fitness: 0.8673121924092637
Model size: (9, 13)
Validation fitness: 0.8097788502153136 
Elapsed: 2.272067070007324

*** Epoch 1, batch 300/520 ***
Training fitness: 0.8358318401898499
Model size: (6, 11)
Validation fitness: 0.857092273232507 
Elapsed: 2.253185272216797

*** Epoch 1, batch 301/520 ***
Training fitness: 0.8504282174427525
Model size: (6, 11)
Validation fitness: 0.857092273232507 
Elapsed: 2.24125337600708

*** Epoch 1, batch 302/520 ***
Training fitness: 0.8616857452118113
Model size: (6, 11)
Validation fitness: 0.857092273232507 
Elapsed: 2.199972152709961

*** Epoch 1, batch 303/520 ***
Training fitness: 0.8102331851767023
Model size: (6, 11)
Validation fitness: 0.857092273232507 
Elapsed: 2.1899070739746094

*** Epoch 1, batch 304/520 ***
Training fitness: 0.9072921092823789
Model size: (6, 11)
Validation fitness: 0.857092273232507 
Elapsed: 2.219456195831299

*** Epoch 1, batch 305/520 ***
Training fitness: 0.7995120492316397
Model size: (9, 17)
Validation fitness: 0.8293070967442572 
Elapsed: 2.276075601577759

*** Epoch 1, batch 306/520 ***
Training fitness: 0.8776019590069722
Model size: (6, 11)
Validation fitness: 0.857092273232507 
Elapsed: 2.3089869022369385

*** Epoch 1, batch 307/520 ***
Training fitness: 0.8767646321897742
Model size: (6, 11)
Validation fitness: 0.857092273232507 
Elapsed: 2.2158451080322266

*** Epoch 1, batch 308/520 ***
Training fitness: 0.8603497194662263
Model size: (6, 11)
Validation fitness: 0.857092273232507 
Elapsed: 2.161719560623169

*** Epoch 1, batch 309/520 ***
Training fitness: 0.8956908333602155
Model size: (6, 11)
Validation fitness: 0.857092273232507 
Elapsed: 2.2963950634002686

*** Epoch 1, batch 310/520 ***
Training fitness: 0.9135349345451724
Model size: (6, 11)
Validation fitness: 0.857092273232507 
Elapsed: 2.1971542835235596

*** Epoch 1, batch 311/520 ***
Training fitness: 0.8564852867682444
Model size: (6, 11)
Validation fitness: 0.857092273232507 
Elapsed: 2.2067904472351074

*** Epoch 1, batch 312/520 ***
Training fitness: 0.8147474853260687
Model size: (9, 18)
Validation fitness: 0.8297433437749632 
Elapsed: 2.232102632522583

*** Epoch 1, batch 313/520 ***
Training fitness: 0.8542003125150278
Model size: (9, 17)
Validation fitness: 0.842048793151654 
Elapsed: 2.358201503753662

*** Epoch 1, batch 314/520 ***
Training fitness: 0.849250896082597
Model size: (6, 11)
Validation fitness: 0.857092273232507 
Elapsed: 2.0815625190734863

*** Epoch 1, batch 315/520 ***
Training fitness: 0.883676344263077
Model size: (6, 11)
Validation fitness: 0.857092273232507 
Elapsed: 2.2866928577423096

*** Epoch 1, batch 316/520 ***
Training fitness: 0.8372467968165258
Model size: (10, 18)
Validation fitness: 0.8341162704421582 
Elapsed: 2.3653855323791504

*** Epoch 1, batch 317/520 ***
Training fitness: 0.8441700945767776
Model size: (6, 11)
Validation fitness: 0.857092273232507 
Elapsed: 2.135906219482422

*** Epoch 1, batch 318/520 ***
Training fitness: 0.8227996465276152
Model size: (6, 11)
Validation fitness: 0.857092273232507 
Elapsed: 2.1560189723968506

*** Epoch 1, batch 319/520 ***
Training fitness: 0.9225532435878337
Model size: (6, 11)
Validation fitness: 0.857092273232507 
Elapsed: 2.156968593597412

*** Epoch 1, batch 320/520 ***
Training fitness: 0.83618716585326
Model size: (8, 12)
Validation fitness: 0.8262153775305952 
Elapsed: 2.182079315185547

*** Epoch 1, batch 321/520 ***
Training fitness: 0.8400695429582019
Model size: (12, 22)
Validation fitness: 0.81189687961914 
Elapsed: 2.1354000568389893

*** Epoch 1, batch 322/520 ***
Training fitness: 0.8646657563327008
Model size: (9, 14)
Validation fitness: 0.8324091849405704 
Elapsed: 2.2940380573272705

*** Epoch 1, batch 323/520 ***
Training fitness: 0.8729580563688801
Model size: (11, 19)
Validation fitness: 0.8470490925878896 
Elapsed: 2.453549861907959

*** Epoch 1, batch 324/520 ***
Training fitness: 0.9066150784368935
Model size: (5, 10)
Validation fitness: 0.8071368929169407 
Elapsed: 2.271153211593628

*** Epoch 1, batch 325/520 ***
Training fitness: 0.8234647666251008
Model size: (13, 22)
Validation fitness: 0.7998538994513578 
Elapsed: 2.0259523391723633

*** Epoch 1, batch 326/520 ***
Training fitness: 0.8048253673659569
Model size: (15, 28)
Validation fitness: 0.8136671880401724 
Elapsed: 2.0707385540008545

*** Epoch 1, batch 327/520 ***
Training fitness: 0.9140310662431959
Model size: (6, 12)
Validation fitness: 0.823359323785397 
Elapsed: 2.218984365463257

*** Epoch 1, batch 328/520 ***
Training fitness: 0.8079216989721489
Model size: (9, 11)
Validation fitness: 0.8218314758709195 
Elapsed: 2.2468717098236084

*** Epoch 1, batch 329/520 ***
Training fitness: 0.8321105398157547
Model size: (10, 13)
Validation fitness: 0.8293428301063259 
Elapsed: 2.330625534057617

*** Epoch 1, batch 330/520 ***
Training fitness: 0.7832317174550786
Model size: (6, 12)
Validation fitness: 0.8113788919872835 
Elapsed: 2.2121565341949463

*** Epoch 1, batch 331/520 ***
Training fitness: 0.8749924672050363
Model size: (5, 13)
Validation fitness: 0.8263647804091517 
Elapsed: 2.2341232299804688

*** Epoch 1, batch 332/520 ***
Training fitness: 0.852055293699927
Model size: (10, 13)
Validation fitness: 0.8313032734176388 
Elapsed: 2.321624755859375

*** Epoch 1, batch 333/520 ***
Training fitness: 0.8580692291390182
Model size: (10, 13)
Validation fitness: 0.8313032734176388 
Elapsed: 2.3119513988494873

*** Epoch 1, batch 334/520 ***
Training fitness: 0.8830179331183888
Model size: (7, 15)
Validation fitness: 0.8248538499998098 
Elapsed: 2.3347795009613037

*** Epoch 1, batch 335/520 ***
Training fitness: 0.7484005991446991
Model size: (9, 11)
Validation fitness: 0.8218314758709195 
Elapsed: 2.242849826812744

*** Epoch 1, batch 336/520 ***
Training fitness: 0.8113485630066323
Model size: (5, 13)
Validation fitness: 0.8263647804091517 
Elapsed: 2.2276580333709717

*** Epoch 1, batch 337/520 ***
Training fitness: 0.8578827351377097
Model size: (2, 8)
Validation fitness: 0.8103229126124205 
Elapsed: 2.152808427810669

*** Epoch 1, batch 338/520 ***
Training fitness: 0.8834443350960266
Model size: (5, 14)
Validation fitness: 0.8344879553454344 
Elapsed: 2.224137306213379

*** Epoch 1, batch 339/520 ***
Training fitness: 0.8865400031907895
Model size: (4, 9)
Validation fitness: 0.8227780128344874 
Elapsed: 2.178931474685669

*** Epoch 1, batch 340/520 ***
Training fitness: 0.8052084497925098
Model size: (5, 14)
Validation fitness: 0.8344879553454344 
Elapsed: 2.3444488048553467

*** Epoch 1, batch 341/520 ***
Training fitness: 0.8486760972712566
Model size: (10, 13)
Validation fitness: 0.8313032734176388 
Elapsed: 2.401602029800415

*** Epoch 1, batch 342/520 ***
Training fitness: 0.8449525354345196
Model size: (6, 13)
Validation fitness: 0.8218203272697716 
Elapsed: 2.348475456237793

*** Epoch 1, batch 343/520 ***
Training fitness: 0.8568298080238055
Model size: (10, 13)
Validation fitness: 0.8313032734176388 
Elapsed: 2.3548295497894287

*** Epoch 1, batch 344/520 ***
Training fitness: 0.832404637182115
Model size: (7, 16)
Validation fitness: 0.8286559209787492 
Elapsed: 2.416032314300537

*** Epoch 1, batch 345/520 ***
Training fitness: 0.8751844971709231
Model size: (3, 11)
Validation fitness: 0.8322812848261569 
Elapsed: 2.1910009384155273

*** Epoch 1, batch 346/520 ***
Training fitness: 0.8240708061604756
Model size: (10, 14)
Validation fitness: 0.828248176775558 
Elapsed: 2.4142074584960938

*** Epoch 1, batch 347/520 ***
Training fitness: 0.8430595324806988
Model size: (10, 14)
Validation fitness: 0.828248176775558 
Elapsed: 2.3715193271636963

*** Epoch 1, batch 348/520 ***
Training fitness: 0.8716034661142426
Model size: (11, 16)
Validation fitness: 0.8505417530233608 
Elapsed: 2.51873517036438

*** Epoch 1, batch 349/520 ***
Training fitness: 0.838925387980811
Model size: (11, 16)
Validation fitness: 0.8505417530233608 
Elapsed: 2.3804919719696045

*** Epoch 1, batch 350/520 ***
Training fitness: 0.8265197031622062
Model size: (11, 16)
Validation fitness: 0.8505417530233608 
Elapsed: 2.323765277862549

*** Epoch 1, batch 351/520 ***
Training fitness: 0.901622228647294
Model size: (11, 16)
Validation fitness: 0.8505417530233608 
Elapsed: 2.3495826721191406

*** Epoch 1, batch 352/520 ***
Training fitness: 0.8001044293000461
Model size: (11, 16)
Validation fitness: 0.8505417530233608 
Elapsed: 2.33355975151062

*** Epoch 1, batch 353/520 ***
Training fitness: 0.8831319452925261
Model size: (3, 5)
Validation fitness: 0.8305827957189081 
Elapsed: 2.0714588165283203

*** Epoch 1, batch 354/520 ***
Training fitness: 0.8538339856009328
Model size: (11, 16)
Validation fitness: 0.8505417530233608 
Elapsed: 2.298368215560913

*** Epoch 1, batch 355/520 ***
Training fitness: 0.9014235949805866
Model size: (11, 16)
Validation fitness: 0.8505417530233608 
Elapsed: 2.3049004077911377

*** Epoch 1, batch 356/520 ***
Training fitness: 0.8945648693184409
Model size: (10, 18)
Validation fitness: 0.7956094763021493 
Elapsed: 2.2311763763427734

*** Epoch 1, batch 357/520 ***
Training fitness: 0.8213027977102973
Model size: (14, 16)
Validation fitness: 0.7871848904868852 
Elapsed: 2.1424872875213623

*** Epoch 1, batch 358/520 ***
Training fitness: 0.8605734522204753
Model size: (11, 16)
Validation fitness: 0.8505417530233608 
Elapsed: 2.3326728343963623

*** Epoch 1, batch 359/520 ***
Training fitness: 0.8555765000638629
Model size: (6, 13)
Validation fitness: 0.8218203272697716 
Elapsed: 2.288085699081421

*** Epoch 1, batch 360/520 ***
Training fitness: 0.9010357072757278
Model size: (10, 13)
Validation fitness: 0.8313032734176388 
Elapsed: 2.3997840881347656

*** Epoch 1, batch 361/520 ***
Training fitness: 0.8766187485157445
Model size: (11, 16)
Validation fitness: 0.8505417530233608 
Elapsed: 2.379950523376465

*** Epoch 1, batch 362/520 ***
Training fitness: 0.8753365220561158
Model size: (11, 16)
Validation fitness: 0.8505417530233608 
Elapsed: 2.360905647277832

*** Epoch 1, batch 363/520 ***
Training fitness: 0.8361760112667426
Model size: (7, 15)
Validation fitness: 0.8235502846139007 
Elapsed: 2.3609728813171387

*** Epoch 1, batch 364/520 ***
Training fitness: 0.8193409575046573
Model size: (5, 9)
Validation fitness: 0.8191705916633727 
Elapsed: 2.2599995136260986

*** Epoch 1, batch 365/520 ***
Training fitness: 0.8592808877461776
Model size: (7, 15)
Validation fitness: 0.8235502846139007 
Elapsed: 2.349182367324829

*** Epoch 1, batch 366/520 ***
Training fitness: 0.877396275143741
Model size: (3, 8)
Validation fitness: 0.8196560141574285 
Elapsed: 2.366345167160034

*** Epoch 1, batch 367/520 ***
Training fitness: 0.8129312166225197
Model size: (7, 15)
Validation fitness: 0.8235502846139007 
Elapsed: 2.389509916305542

*** Epoch 1, batch 368/520 ***
Training fitness: 0.789047727566789
Model size: (6, 13)
Validation fitness: 0.8194232959484543 
Elapsed: 2.2467215061187744

*** Epoch 1, batch 369/520 ***
Training fitness: 0.8678016632337646
Model size: (5, 9)
Validation fitness: 0.8212768280831985 
Elapsed: 2.027735948562622

*** Epoch 1, batch 370/520 ***
Training fitness: 0.8905648854961832
Model size: (3, 8)
Validation fitness: 0.8314345510850065 
Elapsed: 2.1030476093292236

*** Epoch 1, batch 371/520 ***
Training fitness: 0.8983905162087191
Model size: (3, 8)
Validation fitness: 0.8314345510850065 
Elapsed: 2.1499083042144775

*** Epoch 1, batch 372/520 ***
Training fitness: 0.8946891445175786
Model size: (3, 7)
Validation fitness: 0.8330808420321216 
Elapsed: 2.0278193950653076

*** Epoch 1, batch 373/520 ***
Training fitness: 0.847482507775365
Model size: (3, 7)
Validation fitness: 0.8330808420321216 
Elapsed: 2.0833919048309326

*** Epoch 1, batch 374/520 ***
Training fitness: 0.867946318358317
Model size: (2, 6)
Validation fitness: 0.831009042462136 
Elapsed: 2.175745725631714

*** Epoch 1, batch 375/520 ***
Training fitness: 0.8519565185958149
Model size: (2, 6)
Validation fitness: 0.831009042462136 
Elapsed: 2.092318534851074

*** Epoch 1, batch 376/520 ***
Training fitness: 0.8674257783326655
Model size: (4, 11)
Validation fitness: 0.821119115023717 
Elapsed: 2.183871269226074

*** Epoch 1, batch 377/520 ***
Training fitness: 0.8298394288049917
Model size: (2, 6)
Validation fitness: 0.831009042462136 
Elapsed: 2.134115695953369

*** Epoch 1, batch 378/520 ***
Training fitness: 0.8436240725411821
Model size: (8, 15)
Validation fitness: 0.8293196132986063 
Elapsed: 2.1978869438171387

*** Epoch 1, batch 379/520 ***
Training fitness: 0.8441148196466379
Model size: (2, 5)
Validation fitness: 0.8280920373360754 
Elapsed: 2.0843849182128906

*** Epoch 1, batch 380/520 ***
Training fitness: 0.8607661071707353
Model size: (2, 4)
Validation fitness: 0.8176284528874617 
Elapsed: 2.0751781463623047

*** Epoch 1, batch 381/520 ***
Training fitness: 0.826076535181478
Model size: (4, 10)
Validation fitness: 0.8453925620104782 
Elapsed: 2.139965057373047

*** Epoch 1, batch 382/520 ***
Training fitness: 0.890500025826647
Model size: (2, 5)
Validation fitness: 0.8280920373360754 
Elapsed: 2.092196464538574

*** Epoch 1, batch 383/520 ***
Training fitness: 0.898035029595496
Model size: (5, 11)
Validation fitness: 0.8353839045517877 
Elapsed: 2.085860252380371

*** Epoch 1, batch 384/520 ***
Training fitness: 0.8715806272897513
Model size: (4, 8)
Validation fitness: 0.8180511231006965 
Elapsed: 2.12721848487854

*** Epoch 1, batch 385/520 ***
Training fitness: 0.8892972917998875
Model size: (5, 10)
Validation fitness: 0.7856261844289698 
Elapsed: 2.1249170303344727

*** Epoch 1, batch 386/520 ***
Training fitness: 0.9063149503063075
Model size: (2, 5)
Validation fitness: 0.8410720496484779 
Elapsed: 2.0695855617523193

*** Epoch 1, batch 387/520 ***
Training fitness: 0.8284774078346733
Model size: (2, 5)
Validation fitness: 0.8410720496484779 
Elapsed: 2.0047028064727783

*** Epoch 1, batch 388/520 ***
Training fitness: 0.8099729758326292
Model size: (3, 6)
Validation fitness: 0.8043033174989984 
Elapsed: 2.118088722229004

*** Epoch 1, batch 389/520 ***
Training fitness: 0.8743789486597559
Model size: (6, 14)
Validation fitness: 0.8303865355295816 
Elapsed: 2.192838430404663

*** Epoch 1, batch 390/520 ***
Training fitness: 0.8190839983366967
Model size: (3, 7)
Validation fitness: 0.8172451000356501 
Elapsed: 2.1485135555267334

*** Epoch 1, batch 391/520 ***
Training fitness: 0.8998564784326115
Model size: (3, 8)
Validation fitness: 0.8384266321150147 
Elapsed: 2.107759475708008

*** Epoch 1, batch 392/520 ***
Training fitness: 0.8323242614582085
Model size: (5, 9)
Validation fitness: 0.7967162449210907 
Elapsed: 2.0615551471710205

*** Epoch 1, batch 393/520 ***
Training fitness: 0.8706228370046875
Model size: (4, 10)
Validation fitness: 0.7864804008969216 
Elapsed: 2.257284164428711

*** Epoch 1, batch 394/520 ***
Training fitness: 0.8514797250441627
Model size: (5, 14)
Validation fitness: 0.8447286612949217 
Elapsed: 2.316300392150879

*** Epoch 1, batch 395/520 ***
Training fitness: 0.8428564270235445
Model size: (6, 17)
Validation fitness: 0.8205584127664941 
Elapsed: 2.338588237762451

*** Epoch 1, batch 396/520 ***
Training fitness: 0.87877723890962
Model size: (6, 14)
Validation fitness: 0.7850166485881296 
Elapsed: 2.2070443630218506

*** Epoch 1, batch 397/520 ***
Training fitness: 0.8598529047342829
Model size: (2, 6)
Validation fitness: 0.836436845606092 
Elapsed: 2.3269314765930176

*** Epoch 1, batch 398/520 ***
Training fitness: 0.8767660269859868
Model size: (7, 13)
Validation fitness: 0.819364805318014 
Elapsed: 2.2068841457366943

*** Epoch 1, batch 399/520 ***
Training fitness: 0.8991237388528969
Model size: (5, 14)
Validation fitness: 0.8447286612949217 
Elapsed: 2.275798797607422

*** Epoch 1, batch 400/520 ***
Training fitness: 0.7827803638564369
Model size: (5, 14)
Validation fitness: 0.8447286612949217 
Elapsed: 2.3898262977600098

*** Epoch 1, batch 401/520 ***
Training fitness: 0.866758627655097
Model size: (1, 6)
Validation fitness: 0.8353914340563131 
Elapsed: 2.128730535507202

*** Epoch 1, batch 402/520 ***
Training fitness: 0.8216501888843807
Model size: (2, 7)
Validation fitness: 0.8134229891989253 
Elapsed: 2.1682722568511963

*** Epoch 1, batch 403/520 ***
Training fitness: 0.8905446849042316
Model size: (1, 6)
Validation fitness: 0.8227170851221861 
Elapsed: 2.1273813247680664

*** Epoch 1, batch 404/520 ***
Training fitness: 0.9077596925399891
Model size: (4, 6)
Validation fitness: 0.824050836129286 
Elapsed: 2.0863726139068604

*** Epoch 1, batch 405/520 ***
Training fitness: 0.8519793925843117
Model size: (4, 6)
Validation fitness: 0.824050836129286 
Elapsed: 2.1681969165802

*** Epoch 1, batch 406/520 ***
Training fitness: 0.8455149482803977
Model size: (2, 8)
Validation fitness: 0.8390825150911273 
Elapsed: 2.1807773113250732

*** Epoch 1, batch 407/520 ***
Training fitness: 0.8860905654573134
Model size: (6, 12)
Validation fitness: 0.8236806288163571 
Elapsed: 2.157937526702881

*** Epoch 1, batch 408/520 ***
Training fitness: 0.8236261349799886
Model size: (5, 13)
Validation fitness: 0.8257277440875738 
Elapsed: 2.2237043380737305

*** Epoch 1, batch 409/520 ***
Training fitness: 0.8580692291390182
Model size: (7, 12)
Validation fitness: 0.7837757460426718 
Elapsed: 2.1714744567871094

*** Epoch 1, batch 410/520 ***
Training fitness: 0.8444144299317077
Model size: (6, 11)
Validation fitness: 0.8203309620963158 
Elapsed: 2.158355951309204

*** Epoch 1, batch 411/520 ***
Training fitness: 0.875842452952653
Model size: (3, 8)
Validation fitness: 0.8360713208192926 
Elapsed: 2.2733945846557617

*** Epoch 1, batch 412/520 ***
Training fitness: 0.8028356163924341
Model size: (6, 15)
Validation fitness: 0.8205060753046662 
Elapsed: 2.3081328868865967

*** Epoch 1, batch 413/520 ***
Training fitness: 0.8428221114348419
Model size: (3, 8)
Validation fitness: 0.8353344311402094 
Elapsed: 2.1830334663391113

*** Epoch 1, batch 414/520 ***
Training fitness: 0.8906336983763574
Model size: (6, 12)
Validation fitness: 0.8236806288163571 
Elapsed: 2.1954538822174072

*** Epoch 1, batch 415/520 ***
Training fitness: 0.7936601018980485
Model size: (6, 12)
Validation fitness: 0.8416127278888504 
Elapsed: 2.1143202781677246

*** Epoch 1, batch 416/520 ***
Training fitness: 0.8475782340750182
Model size: (7, 13)
Validation fitness: 0.8387268184929325 
Elapsed: 2.229036569595337

*** Epoch 1, batch 417/520 ***
Training fitness: 0.8808619583742354
Model size: (7, 13)
Validation fitness: 0.8387268184929325 
Elapsed: 2.1880388259887695

*** Epoch 1, batch 418/520 ***
Training fitness: 0.8590149782716876
Model size: (4, 10)
Validation fitness: 0.8400058375092744 
Elapsed: 2.1140613555908203

*** Epoch 1, batch 419/520 ***
Training fitness: 0.8749392966301406
Model size: (7, 12)
Validation fitness: 0.8235512203191779 
Elapsed: 2.189826726913452

*** Epoch 1, batch 420/520 ***
Training fitness: 0.8677373332021194
Model size: (8, 15)
Validation fitness: 0.8095000804903842 
Elapsed: 2.0941197872161865

*** Epoch 1, batch 421/520 ***
Training fitness: 0.8753896432705672
Model size: (7, 15)
Validation fitness: 0.8373384842613782 
Elapsed: 2.250626564025879

*** Epoch 1, batch 422/520 ***
Training fitness: 0.8593512360337152
Model size: (8, 14)
Validation fitness: 0.8391409406448955 
Elapsed: 2.2609548568725586

*** Epoch 1, batch 423/520 ***
Training fitness: 0.9142202212818038
Model size: (6, 14)
Validation fitness: 0.8297486931963268 
Elapsed: 2.332350492477417

*** Epoch 1, batch 424/520 ***
Training fitness: 0.8355414790638588
Model size: (7, 13)
Validation fitness: 0.8361339512911172 
Elapsed: 2.327080726623535

*** Epoch 1, batch 425/520 ***
Training fitness: 0.8025304335375171
Model size: (6, 16)
Validation fitness: 0.8292931606233814 
Elapsed: 2.2485249042510986

*** Epoch 1, batch 426/520 ***
Training fitness: 0.8619184615196575
Model size: (8, 14)
Validation fitness: 0.8391409406448955 
Elapsed: 2.117934226989746

*** Epoch 1, batch 427/520 ***
Training fitness: 0.8338500606930652
Model size: (6, 17)
Validation fitness: 0.8360581483153271 
Elapsed: 2.2798209190368652

*** Epoch 1, batch 428/520 ***
Training fitness: 0.8680003787638844
Model size: (6, 17)
Validation fitness: 0.8360581483153271 
Elapsed: 2.2536678314208984

*** Epoch 1, batch 429/520 ***
Training fitness: 0.8460091120621586
Model size: (6, 17)
Validation fitness: 0.8360581483153271 
Elapsed: 2.3695929050445557

*** Epoch 1, batch 430/520 ***
Training fitness: 0.8275209253366281
Model size: (2, 8)
Validation fitness: 0.8313282106677629 
Elapsed: 2.209521770477295

*** Epoch 1, batch 431/520 ***
Training fitness: 0.8317883872610065
Model size: (3, 9)
Validation fitness: 0.803368497006867 
Elapsed: 2.2106785774230957

*** Epoch 1, batch 432/520 ***
Training fitness: 0.8279486579838868
Model size: (6, 17)
Validation fitness: 0.8360581483153271 
Elapsed: 2.4791269302368164

*** Epoch 1, batch 433/520 ***
Training fitness: 0.8367675033260884
Model size: (6, 17)
Validation fitness: 0.8360581483153271 
Elapsed: 2.2236411571502686

*** Epoch 1, batch 434/520 ***
Training fitness: 0.8783100656536799
Model size: (6, 16)
Validation fitness: 0.8408175368235614 
Elapsed: 2.2408463954925537

*** Epoch 1, batch 435/520 ***
Training fitness: 0.8603884784309475
Model size: (2, 8)
Validation fitness: 0.8280856257942751 
Elapsed: 2.1924638748168945

*** Epoch 1, batch 436/520 ***
Training fitness: 0.856405040978828
Model size: (7, 16)
Validation fitness: 0.8290647443986122 
Elapsed: 2.269507884979248

*** Epoch 1, batch 437/520 ***
Training fitness: 0.873015873015873
Model size: (13, 22)
Validation fitness: 0.8265764161067155 
Elapsed: 2.272449493408203

*** Epoch 1, batch 438/520 ***
Training fitness: 0.8114604168131355
Model size: (7, 15)
Validation fitness: 0.753140810018645 
Elapsed: 2.094660758972168

*** Epoch 1, batch 439/520 ***
Training fitness: 0.8873019510907425
Model size: (6, 13)
Validation fitness: 0.8145772344068924 
Elapsed: 2.238978862762451

*** Epoch 1, batch 440/520 ***
Training fitness: 0.7855429914945259
Model size: (7, 16)
Validation fitness: 0.7787246743932299 
Elapsed: 2.3388285636901855

*** Epoch 1, batch 441/520 ***
Training fitness: 0.8380898039151423
Model size: (6, 10)
Validation fitness: 0.8170184479492537 
Elapsed: 2.254690408706665

*** Epoch 1, batch 442/520 ***
Training fitness: 0.866316584297716
Model size: (5, 11)
Validation fitness: 0.817453757552088 
Elapsed: 2.597721576690674

*** Epoch 1, batch 443/520 ***
Training fitness: 0.8455149482803977
Model size: (6, 15)
Validation fitness: 0.8314734312320239 
Elapsed: 2.2648046016693115

*** Epoch 1, batch 444/520 ***
Training fitness: 0.9003567329247902
Model size: (3, 7)
Validation fitness: 0.828637197846688 
Elapsed: 2.1508708000183105

*** Epoch 1, batch 445/520 ***
Training fitness: 0.8491181816320225
Model size: (9, 19)
Validation fitness: 0.8168833033291327 
Elapsed: 2.274383544921875

*** Epoch 1, batch 446/520 ***
Training fitness: 0.8610584002420806
Model size: (10, 21)
Validation fitness: 0.8185683223996907 
Elapsed: 2.3831610679626465

*** Epoch 1, batch 447/520 ***
Training fitness: 0.9146937153191974
Model size: (7, 15)
Validation fitness: 0.832058989867874 
Elapsed: 2.3086612224578857

*** Epoch 1, batch 448/520 ***
Training fitness: 0.8436641221374046
Model size: (5, 11)
Validation fitness: 0.817453757552088 
Elapsed: 2.0939478874206543

*** Epoch 1, batch 449/520 ***
Training fitness: 0.8110048937761952
Model size: (3, 7)
Validation fitness: 0.837085855052393 
Elapsed: 2.173149585723877

*** Epoch 1, batch 450/520 ***
Training fitness: 0.8475827645976588
Model size: (3, 7)
Validation fitness: 0.837085855052393 
Elapsed: 2.104672431945801

*** Epoch 1, batch 451/520 ***
Training fitness: 0.8295395351670322
Model size: (3, 7)
Validation fitness: 0.837085855052393 
Elapsed: 2.1390697956085205

*** Epoch 1, batch 452/520 ***
Training fitness: 0.8734874067842519
Model size: (3, 7)
Validation fitness: 0.837085855052393 
Elapsed: 2.2193737030029297

*** Epoch 1, batch 453/520 ***
Training fitness: 0.8243964567935228
Model size: (9, 14)
Validation fitness: 0.796100781496591 
Elapsed: 2.1931254863739014

*** Epoch 1, batch 454/520 ***
Training fitness: 0.8910945537471394
Model size: (10, 22)
Validation fitness: 0.822186631312978 
Elapsed: 2.346947431564331

*** Epoch 1, batch 455/520 ***
Training fitness: 0.8426342530254233
Model size: (3, 7)
Validation fitness: 0.837085855052393 
Elapsed: 2.135284423828125

*** Epoch 1, batch 456/520 ***
Training fitness: 0.890999033842048
Model size: (3, 7)
Validation fitness: 0.837085855052393 
Elapsed: 2.1848905086517334

*** Epoch 1, batch 457/520 ***
Training fitness: 0.8694961675683838
Model size: (3, 7)
Validation fitness: 0.828637197846688 
Elapsed: 2.1682567596435547

*** Epoch 1, batch 458/520 ***
Training fitness: 0.8526803667681628
Model size: (3, 7)
Validation fitness: 0.828637197846688 
Elapsed: 2.276526689529419

*** Epoch 1, batch 459/520 ***
Training fitness: 0.860787144587227
Model size: (3, 7)
Validation fitness: 0.828637197846688 
Elapsed: 2.2308509349823

*** Epoch 1, batch 460/520 ***
Training fitness: 0.8669047532057178
Model size: (6, 10)
Validation fitness: 0.7828928123631398 
Elapsed: 2.131343126296997

*** Epoch 1, batch 461/520 ***
Training fitness: 0.8033501119726091
Model size: (5, 11)
Validation fitness: 0.7847393580779127 
Elapsed: 2.2972540855407715

*** Epoch 1, batch 462/520 ***
Training fitness: 0.7349656887410461
Model size: (7, 12)
Validation fitness: 0.7407271041727685 
Elapsed: 2.3165323734283447

*** Epoch 1, batch 463/520 ***
Training fitness: 0.7571531138063308
Model size: (8, 13)
Validation fitness: 0.782119817118949 
Elapsed: 2.367410182952881

*** Epoch 1, batch 464/520 ***
Training fitness: 0.7727661901112597
Model size: (8, 16)
Validation fitness: 0.786551857621716 
Elapsed: 2.454240083694458

*** Epoch 1, batch 465/520 ***
Training fitness: 0.8435972629521017
Model size: (9, 14)
Validation fitness: 0.8164008104419315 
Elapsed: 2.351127862930298

*** Epoch 1, batch 466/520 ***
Training fitness: 0.8439583774630739
Model size: (9, 17)
Validation fitness: 0.808306655493751 
Elapsed: 2.426112413406372

*** Epoch 1, batch 467/520 ***
Training fitness: 0.85076885605993
Model size: (9, 14)
Validation fitness: 0.8164008104419315 
Elapsed: 2.4934804439544678

*** Epoch 1, batch 468/520 ***
Training fitness: 0.8591345577451931
Model size: (9, 17)
Validation fitness: 0.808306655493751 
Elapsed: 2.2979583740234375

*** Epoch 1, batch 469/520 ***
Training fitness: 0.8548657907936218
Model size: (8, 12)
Validation fitness: 0.7661647962515551 
Elapsed: 2.125976324081421

*** Epoch 1, batch 470/520 ***
Training fitness: 0.8200991182475208
Model size: (9, 17)
Validation fitness: 0.808306655493751 
Elapsed: 2.3089957237243652

*** Epoch 1, batch 471/520 ***
Training fitness: 0.858790855979479
Model size: (10, 20)
Validation fitness: 0.8137213542686004 
Elapsed: 2.3314003944396973

*** Epoch 1, batch 472/520 ***
Training fitness: 0.8421214924452667
Model size: (9, 17)
Validation fitness: 0.808306655493751 
Elapsed: 2.389071226119995

*** Epoch 1, batch 473/520 ***
Training fitness: 0.8519596295498318
Model size: (9, 15)
Validation fitness: 0.8136540111708014 
Elapsed: 2.2084319591522217

*** Epoch 1, batch 474/520 ***
Training fitness: 0.847227995046523
Model size: (2, 5)
Validation fitness: 0.7958768460134646 
Elapsed: 2.167863607406616

*** Epoch 1, batch 475/520 ***
Training fitness: 0.8209390659091667
Model size: (9, 17)
Validation fitness: 0.808306655493751 
Elapsed: 2.2980306148529053

*** Epoch 1, batch 476/520 ***
Training fitness: 0.7907061768935709
Model size: (9, 11)
Validation fitness: 0.7791115747629367 
Elapsed: 2.116236448287964

*** Epoch 1, batch 477/520 ***
Training fitness: 0.8315074336163983
Model size: (7, 10)
Validation fitness: 0.7713345249412823 
Elapsed: 2.0009114742279053

*** Epoch 1, batch 478/520 ***
Training fitness: 0.8332238496380595
Model size: (10, 15)
Validation fitness: 0.7769808537163192 
Elapsed: 2.1350560188293457

*** Epoch 1, batch 479/520 ***
Training fitness: 0.803251783119035
Model size: (8, 9)
Validation fitness: 0.7785277197668742 
Elapsed: 2.17399263381958

*** Epoch 1, batch 480/520 ***
Training fitness: 0.8657226102052077
Model size: (10, 18)
Validation fitness: 0.8082683209107581 
Elapsed: 2.4157462120056152

*** Epoch 1, batch 481/520 ***
Training fitness: 0.79597643908498
Model size: (10, 18)
Validation fitness: 0.8082683209107581 
Elapsed: 2.4827847480773926

*** Epoch 1, batch 482/520 ***
Training fitness: 0.8362547753958937
Model size: (10, 11)
Validation fitness: 0.8433168176352208 
Elapsed: 2.240196943283081

*** Epoch 1, batch 483/520 ***
Training fitness: 0.8487133559465401
Model size: (10, 11)
Validation fitness: 0.8433168176352208 
Elapsed: 2.271146297454834

*** Epoch 1, batch 484/520 ***
Training fitness: 0.84339441106753
Model size: (9, 17)
Validation fitness: 0.808306655493751 
Elapsed: 2.5393760204315186

*** Epoch 1, batch 485/520 ***
Training fitness: 0.8922399544148752
Model size: (10, 11)
Validation fitness: 0.8433168176352208 
Elapsed: 2.219733476638794

*** Epoch 1, batch 486/520 ***
Training fitness: 0.8597923141478182
Model size: (10, 11)
Validation fitness: 0.8433168176352208 
Elapsed: 2.2665302753448486

*** Epoch 1, batch 487/520 ***
Training fitness: 0.850852414756295
Model size: (10, 11)
Validation fitness: 0.8433168176352208 
Elapsed: 2.1762044429779053

*** Epoch 1, batch 488/520 ***
Training fitness: 0.8713212771439837
Model size: (7, 9)
Validation fitness: 0.7741477969717799 
Elapsed: 2.089742660522461

*** Epoch 1, batch 489/520 ***
Training fitness: 0.9070215047681729
Model size: (7, 14)
Validation fitness: 0.8144887025582945 
Elapsed: 2.167614459991455

*** Epoch 1, batch 490/520 ***
Training fitness: 0.7740118472107785
Model size: (7, 14)
Validation fitness: 0.8144887025582945 
Elapsed: 2.2157230377197266

*** Epoch 1, batch 491/520 ***
Training fitness: 0.8771308038353725
Model size: (7, 14)
Validation fitness: 0.8144887025582945 
Elapsed: 2.267911911010742

*** Epoch 1, batch 492/520 ***
Training fitness: 0.8405903439546888
Model size: (5, 12)
Validation fitness: 0.8018092444762941 
Elapsed: 2.252865791320801

*** Epoch 1, batch 493/520 ***
Training fitness: 0.8244707168268833
Model size: (9, 19)
Validation fitness: 0.7787916201213942 
Elapsed: 2.311023712158203

*** Epoch 1, batch 494/520 ***
Training fitness: 0.8776019590069722
Model size: (7, 16)
Validation fitness: 0.850045825502927 
Elapsed: 2.358161687850952

*** Epoch 1, batch 495/520 ***
Training fitness: 0.8275209253366281
Model size: (8, 18)
Validation fitness: 0.8556871310455759 
Elapsed: 2.417578935623169

*** Epoch 1, batch 496/520 ***
Training fitness: 0.881059839772806
Model size: (7, 16)
Validation fitness: 0.8526158059031402 
Elapsed: 2.3708362579345703

*** Epoch 1, batch 497/520 ***
Training fitness: 0.8298193415836834
Model size: (8, 18)
Validation fitness: 0.8556871310455759 
Elapsed: 2.311851978302002

*** Epoch 1, batch 498/520 ***
Training fitness: 0.8508143650996213
Model size: (8, 18)
Validation fitness: 0.8556871310455759 
Elapsed: 2.3585309982299805

*** Epoch 1, batch 499/520 ***
Training fitness: 0.8299017304689622
Model size: (7, 16)
Validation fitness: 0.8526158059031402 
Elapsed: 2.308551549911499

*** Epoch 1, batch 500/520 ***
Training fitness: 0.8371112985982537
Model size: (8, 18)
Validation fitness: 0.8556871310455759 
Elapsed: 2.374462604522705

*** Epoch 1, batch 501/520 ***
Training fitness: 0.8386649523881287
Model size: (7, 16)
Validation fitness: 0.8526158059031402 
Elapsed: 2.2517449855804443

*** Epoch 1, batch 502/520 ***
Training fitness: 0.876228860343402
Model size: (7, 16)
Validation fitness: 0.8526158059031402 
Elapsed: 2.192662477493286

*** Epoch 1, batch 503/520 ***
Training fitness: 0.892414922120088
Model size: (7, 16)
Validation fitness: 0.8526158059031402 
Elapsed: 2.236238956451416

*** Epoch 1, batch 504/520 ***
Training fitness: 0.8220083189440208
Model size: (8, 18)
Validation fitness: 0.8556871310455759 
Elapsed: 2.199275255203247

*** Epoch 1, batch 505/520 ***
Training fitness: 0.8894850447116867
Model size: (8, 18)
Validation fitness: 0.8556871310455759 
Elapsed: 2.5465776920318604

*** Epoch 1, batch 506/520 ***
Training fitness: 0.838148431604978
Model size: (8, 18)
Validation fitness: 0.8556871310455759 
Elapsed: 2.23150372505188

*** Epoch 1, batch 507/520 ***
Training fitness: 0.8590672924081257
Model size: (8, 18)
Validation fitness: 0.8556871310455759 
Elapsed: 2.3821990489959717

*** Epoch 1, batch 508/520 ***
Training fitness: 0.8447387362619906
Model size: (9, 20)
Validation fitness: 0.8527533688741099 
Elapsed: 2.402005672454834

*** Epoch 1, batch 509/520 ***
Training fitness: 0.8336398111537296
Model size: (9, 20)
Validation fitness: 0.8527533688741099 
Elapsed: 2.328705310821533

*** Epoch 1, batch 510/520 ***
Training fitness: 0.884649394430587
Model size: (9, 20)
Validation fitness: 0.8527533688741099 
Elapsed: 2.3288145065307617

*** Epoch 1, batch 511/520 ***
Training fitness: 0.8022532639478392
Model size: (9, 20)
Validation fitness: 0.8527533688741099 
Elapsed: 2.351996898651123

*** Epoch 1, batch 512/520 ***
Training fitness: 0.8923113063243002
Model size: (9, 20)
Validation fitness: 0.8527533688741099 
Elapsed: 2.439272165298462

*** Epoch 1, batch 513/520 ***
Training fitness: 0.892414922120088
Model size: (8, 18)
Validation fitness: 0.8556871310455759 
Elapsed: 2.3681435585021973

*** Epoch 1, batch 514/520 ***
Training fitness: 0.9296901344768553
Model size: (9, 20)
Validation fitness: 0.8527533688741099 
Elapsed: 2.4537670612335205

*** Epoch 1, batch 515/520 ***
Training fitness: 0.8433944569708054
Model size: (8, 18)
Validation fitness: 0.8556871310455759 
Elapsed: 2.4019386768341064

*** Epoch 1, batch 516/520 ***
Training fitness: 0.8444144299317077
Model size: (9, 20)
Validation fitness: 0.8527533688741099 
Elapsed: 2.433969736099243

*** Epoch 1, batch 517/520 ***
Training fitness: 0.8064863099068867
Model size: (11, 12)
Validation fitness: 0.7942637727738493 
Elapsed: 2.2990705966949463

*** Epoch 1, batch 518/520 ***
Training fitness: 0.8980168585865015
Model size: (9, 20)
Validation fitness: 0.8527533688741099 
Elapsed: 2.519378423690796

*** Epoch 1, batch 519/520 ***
Training fitness: 0.8197214155268385
Model size: (5, 13)
Validation fitness: 0.8037438695892937 
Elapsed: 2.291731119155884

*** Epoch 1, batch 520/520 ***
Training fitness: 0.784825606044084
Model size: (1, 4)
Validation fitness: 0.7743328052631444 
Elapsed: 2.077604293823242

Total train time: 1375.4645578861237
Test time: 0.2988917827606201
Test fitness: 0.873868269623644
Test statistics: Stats(total=14791, total_true=7158, total_false=7633, true_positive=6381, true_negative=7459, false_positive=174, false_negative=777, tpr=0.8914501257334451, tnr=0.977204244726844, ppv=0.9734553775743707, npv=0.9056580864497329, accuracy=0.9357041444121426, f1=0.9306497484139138, mcc=0.873868269623644)
