Configuration:
Dataset: nsl_kdd
Selector: pca
Fitness: inverse_binary_crossentropy
Batch size: 256
Epochs: 1
Config args: {}
*** Epoch 1, batch 1/463 ***
Training fitness: 0.49091121469520405
Model size: (1, 12)
Validation fitness: 0.4498045691322088 !!!
Elapsed: 1.4007010459899902

*** Epoch 1, batch 2/463 ***
Training fitness: 0.6467816309734595
Model size: (1, 12)
Validation fitness: 0.561078038879539 !!!
Elapsed: 1.5314724445343018

*** Epoch 1, batch 3/463 ***
Training fitness: 0.5684276391891229
Model size: (1, 11)
Validation fitness: 0.4992815434626513 
Elapsed: 1.591047763824463

*** Epoch 1, batch 4/463 ***
Training fitness: 0.5686210813810433
Model size: (2, 11)
Validation fitness: 0.5214083809761635 
Elapsed: 1.61716890335083

*** Epoch 1, batch 5/463 ***
Training fitness: 0.6490361799527544
Model size: (1, 8)
Validation fitness: 0.6470350803827728 !!!
Elapsed: 1.5454034805297852

*** Epoch 1, batch 6/463 ***
Training fitness: 0.7295230270274541
Model size: (1, 9)
Validation fitness: 0.622014615816142 
Elapsed: 1.714782476425171

*** Epoch 1, batch 7/463 ***
Training fitness: 0.6539629552720774
Model size: (2, 9)
Validation fitness: 0.6400463806931367 
Elapsed: 1.5653979778289795

*** Epoch 1, batch 8/463 ***
Training fitness: 0.6466815585114679
Model size: (1, 7)
Validation fitness: 0.662826011225091 !!!
Elapsed: 1.5102028846740723

*** Epoch 1, batch 9/463 ***
Training fitness: 0.6403308398878492
Model size: (1, 7)
Validation fitness: 0.662826011225091 
Elapsed: 1.5575587749481201

*** Epoch 1, batch 10/463 ***
Training fitness: 0.7185693328883903
Model size: (1, 3)
Validation fitness: 0.6976922688210864 !!!
Elapsed: 1.5015380382537842

*** Epoch 1, batch 11/463 ***
Training fitness: 0.7477432407367282
Model size: (2, 9)
Validation fitness: 0.6400463806931367 
Elapsed: 1.5727465152740479

*** Epoch 1, batch 12/463 ***
Training fitness: 0.7376332950035822
Model size: (1, 3)
Validation fitness: 0.6976922688210864 
Elapsed: 1.5098309516906738

*** Epoch 1, batch 13/463 ***
Training fitness: 0.6743623205139027
Model size: (1, 4)
Validation fitness: 0.6625114053974752 
Elapsed: 1.508087158203125

*** Epoch 1, batch 14/463 ***
Training fitness: 0.7141119586523016
Model size: (2, 4)
Validation fitness: 0.6629413864177657 
Elapsed: 1.5343718528747559

*** Epoch 1, batch 15/463 ***
Training fitness: 0.7761573445727282
Model size: (4, 13)
Validation fitness: 0.7055029717260808 !!!
Elapsed: 1.6560637950897217

*** Epoch 1, batch 16/463 ***
Training fitness: 0.7499993235212055
Model size: (3, 6)
Validation fitness: 0.7069540961378595 !!!
Elapsed: 1.922720193862915

*** Epoch 1, batch 17/463 ***
Training fitness: 0.7469291265665625
Model size: (2, 4)
Validation fitness: 0.6778068288133934 
Elapsed: 1.485771894454956

*** Epoch 1, batch 18/463 ***
Training fitness: 0.741829058222342
Model size: (1, 2)
Validation fitness: 0.7605667906824717 !!!
Elapsed: 1.490502119064331

*** Epoch 1, batch 19/463 ***
Training fitness: 0.7917683545592175
Model size: (1, 2)
Validation fitness: 0.7302004939658867 
Elapsed: 1.4870350360870361

*** Epoch 1, batch 20/463 ***
Training fitness: 0.7464229792854502
Model size: (1, 2)
Validation fitness: 0.7605667906824717 
Elapsed: 1.5259768962860107

*** Epoch 1, batch 21/463 ***
Training fitness: 0.7784642106019994
Model size: (1, 2)
Validation fitness: 0.7522221543840447 
Elapsed: 1.4849817752838135

*** Epoch 1, batch 22/463 ***
Training fitness: 0.7499202723861553
Model size: (1, 2)
Validation fitness: 0.7605667906824717 
Elapsed: 1.5459225177764893

*** Epoch 1, batch 23/463 ***
Training fitness: 0.7421312003462962
Model size: (1, 2)
Validation fitness: 0.7522221543840447 
Elapsed: 1.5352184772491455

*** Epoch 1, batch 24/463 ***
Training fitness: 0.7893774436169274
Model size: (5, 9)
Validation fitness: 0.7735167607281327 !!!
Elapsed: 1.696342945098877

*** Epoch 1, batch 25/463 ***
Training fitness: 0.7714691114404002
Model size: (5, 9)
Validation fitness: 0.7735167607281327 
Elapsed: 1.7424664497375488

*** Epoch 1, batch 26/463 ***
Training fitness: 0.7712697887413038
Model size: (5, 9)
Validation fitness: 0.7735167607281327 
Elapsed: 1.7897017002105713

*** Epoch 1, batch 27/463 ***
Training fitness: 0.8052152431561508
Model size: (5, 9)
Validation fitness: 0.7735167607281327 
Elapsed: 1.8013575077056885

*** Epoch 1, batch 28/463 ***
Training fitness: 0.746430900687065
Model size: (5, 9)
Validation fitness: 0.7735167607281327 
Elapsed: 1.7035648822784424

*** Epoch 1, batch 29/463 ***
Training fitness: 0.7670110731842307
Model size: (5, 9)
Validation fitness: 0.7735167607281327 
Elapsed: 1.7111330032348633

*** Epoch 1, batch 30/463 ***
Training fitness: 0.7874899413814028
Model size: (1, 2)
Validation fitness: 0.7424945760742174 
Elapsed: 1.5967838764190674

*** Epoch 1, batch 31/463 ***
Training fitness: 0.7825042481393903
Model size: (5, 9)
Validation fitness: 0.7735167607281327 
Elapsed: 1.7333905696868896

*** Epoch 1, batch 32/463 ***
Training fitness: 0.8140374472712057
Model size: (5, 9)
Validation fitness: 0.7735167607281327 
Elapsed: 1.7787954807281494

*** Epoch 1, batch 33/463 ***
Training fitness: 0.7975059290159046
Model size: (5, 9)
Validation fitness: 0.7735167607281327 
Elapsed: 1.731302261352539

*** Epoch 1, batch 34/463 ***
Training fitness: 0.7384706882641184
Model size: (5, 9)
Validation fitness: 0.7735167607281327 
Elapsed: 1.7519938945770264

*** Epoch 1, batch 35/463 ***
Training fitness: 0.7658891018769441
Model size: (5, 9)
Validation fitness: 0.7735167607281327 
Elapsed: 1.799865961074829

*** Epoch 1, batch 36/463 ***
Training fitness: 0.7790026093918151
Model size: (5, 7)
Validation fitness: 0.7818715608024055 !!!
Elapsed: 1.7036333084106445

*** Epoch 1, batch 37/463 ***
Training fitness: 0.8095322822665628
Model size: (5, 7)
Validation fitness: 0.7818715608024055 
Elapsed: 1.797351598739624

*** Epoch 1, batch 38/463 ***
Training fitness: 0.7966184618703825
Model size: (5, 7)
Validation fitness: 0.7818715608024055 
Elapsed: 1.746741771697998

*** Epoch 1, batch 39/463 ***
Training fitness: 0.829231859154178
Model size: (5, 7)
Validation fitness: 0.7818715608024055 
Elapsed: 1.7299902439117432

*** Epoch 1, batch 40/463 ***
Training fitness: 0.7958591586126842
Model size: (6, 9)
Validation fitness: 0.7929201443682179 !!!
Elapsed: 1.7831435203552246

*** Epoch 1, batch 41/463 ***
Training fitness: 0.7644389952024273
Model size: (6, 9)
Validation fitness: 0.7929201443682179 
Elapsed: 1.7987587451934814

*** Epoch 1, batch 42/463 ***
Training fitness: 0.7877472494178501
Model size: (6, 9)
Validation fitness: 0.7929201443682179 
Elapsed: 1.7431228160858154

*** Epoch 1, batch 43/463 ***
Training fitness: 0.7876868713961686
Model size: (6, 9)
Validation fitness: 0.7929201443682179 
Elapsed: 1.7618467807769775

*** Epoch 1, batch 44/463 ***
Training fitness: 0.8267252933660997
Model size: (6, 9)
Validation fitness: 0.7929201443682179 
Elapsed: 1.8560025691986084

*** Epoch 1, batch 45/463 ***
Training fitness: 0.8098725945483102
Model size: (7, 11)
Validation fitness: 0.7627881816616399 
Elapsed: 1.7980053424835205

*** Epoch 1, batch 46/463 ***
Training fitness: 0.751216985808541
Model size: (6, 9)
Validation fitness: 0.7929201443682179 
Elapsed: 1.8625421524047852

*** Epoch 1, batch 47/463 ***
Training fitness: 0.8179114210259125
Model size: (6, 9)
Validation fitness: 0.7929201443682179 
Elapsed: 1.7688419818878174

*** Epoch 1, batch 48/463 ***
Training fitness: 0.8125074560540759
Model size: (6, 9)
Validation fitness: 0.7929201443682179 
Elapsed: 1.729107141494751

*** Epoch 1, batch 49/463 ***
Training fitness: 0.7557211249459522
Model size: (3, 6)
Validation fitness: 0.7623863143731371 
Elapsed: 1.6845643520355225

*** Epoch 1, batch 50/463 ***
Training fitness: 0.7459448534908877
Model size: (7, 11)
Validation fitness: 0.7627881816616399 
Elapsed: 1.8335402011871338

*** Epoch 1, batch 51/463 ***
Training fitness: 0.773404958047582
Model size: (5, 8)
Validation fitness: 0.769645394898249 
Elapsed: 1.7646369934082031

*** Epoch 1, batch 52/463 ***
Training fitness: 0.7675645946490489
Model size: (5, 9)
Validation fitness: 0.754397711011382 
Elapsed: 1.5856661796569824

*** Epoch 1, batch 53/463 ***
Training fitness: 0.7610249576039576
Model size: (5, 11)
Validation fitness: 0.7720967026658397 
Elapsed: 1.5893535614013672

*** Epoch 1, batch 54/463 ***
Training fitness: 0.792373003634976
Model size: (8, 12)
Validation fitness: 0.7652203095879296 
Elapsed: 1.8308155536651611

*** Epoch 1, batch 55/463 ***
Training fitness: 0.7721753205043003
Model size: (5, 8)
Validation fitness: 0.769645394898249 
Elapsed: 1.719397783279419

*** Epoch 1, batch 56/463 ***
Training fitness: 0.8056542292572414
Model size: (8, 12)
Validation fitness: 0.7652203095879296 
Elapsed: 1.7923662662506104

*** Epoch 1, batch 57/463 ***
Training fitness: 0.7944060553819583
Model size: (4, 6)
Validation fitness: 0.715367618026121 
Elapsed: 1.6822359561920166

*** Epoch 1, batch 58/463 ***
Training fitness: 0.7864207769548366
Model size: (5, 7)
Validation fitness: 0.7818715608024055 
Elapsed: 1.755443811416626

*** Epoch 1, batch 59/463 ***
Training fitness: 0.8167302811563335
Model size: (5, 7)
Validation fitness: 0.7818715608024055 
Elapsed: 1.7561445236206055

*** Epoch 1, batch 60/463 ***
Training fitness: 0.7790144570672454
Model size: (7, 11)
Validation fitness: 0.7627881816616399 
Elapsed: 1.7611312866210938

*** Epoch 1, batch 61/463 ***
Training fitness: 0.8077632739578674
Model size: (5, 7)
Validation fitness: 0.7818715608024055 
Elapsed: 1.7546405792236328

*** Epoch 1, batch 62/463 ***
Training fitness: 0.7642195534951717
Model size: (5, 8)
Validation fitness: 0.769645394898249 
Elapsed: 1.7212629318237305

*** Epoch 1, batch 63/463 ***
Training fitness: 0.7920881189239688
Model size: (5, 7)
Validation fitness: 0.7818715608024055 
Elapsed: 1.766282320022583

*** Epoch 1, batch 64/463 ***
Training fitness: 0.761709173185124
Model size: (7, 11)
Validation fitness: 0.7627881816616399 
Elapsed: 1.8165056705474854

*** Epoch 1, batch 65/463 ***
Training fitness: 0.7776761933371102
Model size: (5, 7)
Validation fitness: 0.7818715608024055 
Elapsed: 1.7128527164459229

*** Epoch 1, batch 66/463 ***
Training fitness: 0.788420859877694
Model size: (6, 10)
Validation fitness: 0.7433115580245986 
Elapsed: 1.7728424072265625

*** Epoch 1, batch 67/463 ***
Training fitness: 0.785861635277652
Model size: (5, 8)
Validation fitness: 0.769645394898249 
Elapsed: 1.7352478504180908

*** Epoch 1, batch 68/463 ***
Training fitness: 0.7911819608098901
Model size: (5, 7)
Validation fitness: 0.7818715608024055 
Elapsed: 1.6549315452575684

*** Epoch 1, batch 69/463 ***
Training fitness: 0.8082811677061993
Model size: (7, 11)
Validation fitness: 0.7627881816616399 
Elapsed: 1.7613251209259033

*** Epoch 1, batch 70/463 ***
Training fitness: 0.7781259443327558
Model size: (7, 13)
Validation fitness: 0.6678493202552498 
Elapsed: 1.835623025894165

*** Epoch 1, batch 71/463 ***
Training fitness: 0.7826080935003317
Model size: (5, 7)
Validation fitness: 0.7818715608024055 
Elapsed: 1.6767523288726807

*** Epoch 1, batch 72/463 ***
Training fitness: 0.7650300263401459
Model size: (5, 8)
Validation fitness: 0.769645394898249 
Elapsed: 1.6030914783477783

*** Epoch 1, batch 73/463 ***
Training fitness: 0.7394640036390064
Model size: (4, 5)
Validation fitness: 0.7735225597887174 
Elapsed: 1.5835983753204346

*** Epoch 1, batch 74/463 ***
Training fitness: 0.8076206377229984
Model size: (5, 8)
Validation fitness: 0.769645394898249 
Elapsed: 1.7300469875335693

*** Epoch 1, batch 75/463 ***
Training fitness: 0.7770678567862199
Model size: (7, 12)
Validation fitness: 0.7705115263602255 
Elapsed: 1.7036070823669434

*** Epoch 1, batch 76/463 ***
Training fitness: 0.8087949801661364
Model size: (7, 12)
Validation fitness: 0.7705115263602255 
Elapsed: 1.7081694602966309

*** Epoch 1, batch 77/463 ***
Training fitness: 0.7926934008431831
Model size: (5, 8)
Validation fitness: 0.769645394898249 
Elapsed: 1.689626932144165

*** Epoch 1, batch 78/463 ***
Training fitness: 0.7970624332290588
Model size: (4, 6)
Validation fitness: 0.7789343743417403 
Elapsed: 1.6100001335144043

*** Epoch 1, batch 79/463 ***
Training fitness: 0.7722551907445414
Model size: (4, 6)
Validation fitness: 0.7789343743417403 
Elapsed: 1.5464344024658203

*** Epoch 1, batch 80/463 ***
Training fitness: 0.743464056409842
Model size: (4, 6)
Validation fitness: 0.7789343743417403 
Elapsed: 1.5358026027679443

*** Epoch 1, batch 81/463 ***
Training fitness: 0.814707036563002
Model size: (4, 6)
Validation fitness: 0.7789343743417403 
Elapsed: 1.602475881576538

*** Epoch 1, batch 82/463 ***
Training fitness: 0.7615562502069015
Model size: (4, 6)
Validation fitness: 0.7789343743417403 
Elapsed: 1.6252686977386475

*** Epoch 1, batch 83/463 ***
Training fitness: 0.8045404872373738
Model size: (4, 6)
Validation fitness: 0.7789343743417403 
Elapsed: 1.5185139179229736

*** Epoch 1, batch 84/463 ***
Training fitness: 0.7863229651247338
Model size: (5, 7)
Validation fitness: 0.7923921091372931 
Elapsed: 1.6534888744354248

*** Epoch 1, batch 85/463 ***
Training fitness: 0.8009026761769446
Model size: (4, 6)
Validation fitness: 0.7789343743417403 
Elapsed: 1.4878079891204834

*** Epoch 1, batch 86/463 ***
Training fitness: 0.7913838043120229
Model size: (5, 7)
Validation fitness: 0.7923921091372931 
Elapsed: 1.6169586181640625

*** Epoch 1, batch 87/463 ***
Training fitness: 0.7692561211821518
Model size: (5, 7)
Validation fitness: 0.7923921091372931 
Elapsed: 1.5379621982574463

*** Epoch 1, batch 88/463 ***
Training fitness: 0.7726207051926172
Model size: (4, 6)
Validation fitness: 0.7789343743417403 
Elapsed: 1.4923853874206543

*** Epoch 1, batch 89/463 ***
Training fitness: 0.7646730060920636
Model size: (5, 7)
Validation fitness: 0.7923921091372931 
Elapsed: 1.5547301769256592

*** Epoch 1, batch 90/463 ***
Training fitness: 0.8099381025411667
Model size: (4, 6)
Validation fitness: 0.7789343743417403 
Elapsed: 1.4548695087432861

*** Epoch 1, batch 91/463 ***
Training fitness: 0.7530174630251121
Model size: (5, 8)
Validation fitness: 0.7491636105785717 
Elapsed: 1.4184725284576416

*** Epoch 1, batch 92/463 ***
Training fitness: 0.7954918578540114
Model size: (5, 7)
Validation fitness: 0.7923921091372931 
Elapsed: 1.5209171772003174

*** Epoch 1, batch 93/463 ***
Training fitness: 0.7892039214235554
Model size: (5, 7)
Validation fitness: 0.7923921091372931 
Elapsed: 1.4462494850158691

*** Epoch 1, batch 94/463 ***
Training fitness: 0.8172931600233659
Model size: (4, 6)
Validation fitness: 0.7758795666807136 
Elapsed: 1.5135810375213623

*** Epoch 1, batch 95/463 ***
Training fitness: 0.8014205310917082
Model size: (4, 6)
Validation fitness: 0.7758795666807136 
Elapsed: 1.4836630821228027

*** Epoch 1, batch 96/463 ***
Training fitness: 0.7719000084675326
Model size: (4, 5)
Validation fitness: 0.7472396727949118 
Elapsed: 1.44822096824646

*** Epoch 1, batch 97/463 ***
Training fitness: 0.7867137406445721
Model size: (4, 5)
Validation fitness: 0.7472396727949118 
Elapsed: 1.4145176410675049

*** Epoch 1, batch 98/463 ***
Training fitness: 0.7296135416404859
Model size: (9, 14)
Validation fitness: 0.7551405950528944 
Elapsed: 1.4051074981689453

*** Epoch 1, batch 99/463 ***
Training fitness: 0.7452805691354465
Model size: (9, 14)
Validation fitness: 0.7551405950528944 
Elapsed: 1.3829073905944824

*** Epoch 1, batch 100/463 ***
Training fitness: 0.741616107273542
Model size: (9, 14)
Validation fitness: 0.7551405950528944 
Elapsed: 1.407141923904419

*** Epoch 1, batch 101/463 ***
Training fitness: 0.7640432146249969
Model size: (8, 13)
Validation fitness: 0.7498323370371219 
Elapsed: 1.3770341873168945

*** Epoch 1, batch 102/463 ***
Training fitness: 0.7427314207413835
Model size: (8, 14)
Validation fitness: 0.7595195369032565 
Elapsed: 1.3829882144927979

*** Epoch 1, batch 103/463 ***
Training fitness: 0.7696147892195533
Model size: (8, 14)
Validation fitness: 0.7595195369032565 
Elapsed: 1.4156479835510254

*** Epoch 1, batch 104/463 ***
Training fitness: 0.7507118365288236
Model size: (8, 14)
Validation fitness: 0.7595195369032565 
Elapsed: 1.4724147319793701

*** Epoch 1, batch 105/463 ***
Training fitness: 0.7587645616570813
Model size: (4, 4)
Validation fitness: 0.7423871396532766 
Elapsed: 1.4296669960021973

*** Epoch 1, batch 106/463 ***
Training fitness: 0.7889036524457185
Model size: (5, 6)
Validation fitness: 0.7418738318657947 
Elapsed: 1.4688386917114258

*** Epoch 1, batch 107/463 ***
Training fitness: 0.7456453471135073
Model size: (4, 7)
Validation fitness: 0.7227914141676032 
Elapsed: 1.4860048294067383

*** Epoch 1, batch 108/463 ***
Training fitness: 0.7339971676059428
Model size: (5, 7)
Validation fitness: 0.7508528167990348 
Elapsed: 1.4322724342346191

*** Epoch 1, batch 109/463 ***
Training fitness: 0.7316441412590696
Model size: (5, 7)
Validation fitness: 0.7508528167990348 
Elapsed: 1.4066994190216064

*** Epoch 1, batch 110/463 ***
Training fitness: 0.7189365500735426
Model size: (4, 7)
Validation fitness: 0.7227914141676032 
Elapsed: 1.5327441692352295

*** Epoch 1, batch 111/463 ***
Training fitness: 0.7609806413087289
Model size: (2, 4)
Validation fitness: 0.7450192527440598 
Elapsed: 1.4780261516571045

*** Epoch 1, batch 112/463 ***
Training fitness: 0.729068293032922
Model size: (7, 8)
Validation fitness: 0.7574796336077666 
Elapsed: 1.560255765914917

*** Epoch 1, batch 113/463 ***
Training fitness: 0.7486292819468934
Model size: (9, 15)
Validation fitness: 0.749679064313475 
Elapsed: 1.5500762462615967

*** Epoch 1, batch 114/463 ***
Training fitness: 0.7707305539945758
Model size: (4, 7)
Validation fitness: 0.7227914141676032 
Elapsed: 1.5600061416625977

*** Epoch 1, batch 115/463 ***
Training fitness: 0.7814631670659071
Model size: (4, 7)
Validation fitness: 0.7573500103305406 
Elapsed: 1.5576364994049072

*** Epoch 1, batch 116/463 ***
Training fitness: 0.7535763392999918
Model size: (5, 9)
Validation fitness: 0.7476144132708138 
Elapsed: 1.4610414505004883

*** Epoch 1, batch 117/463 ***
Training fitness: 0.7758764096256059
Model size: (4, 7)
Validation fitness: 0.7573500103305406 
Elapsed: 1.527099847793579

*** Epoch 1, batch 118/463 ***
Training fitness: 0.7314728030810687
Model size: (5, 8)
Validation fitness: 0.7604908682695741 
Elapsed: 1.462639570236206

*** Epoch 1, batch 119/463 ***
Training fitness: 0.7745381217411832
Model size: (5, 8)
Validation fitness: 0.7560436177440532 
Elapsed: 1.432091474533081

*** Epoch 1, batch 120/463 ***
Training fitness: 0.7715792198562097
Model size: (3, 6)
Validation fitness: 0.7580953664934501 
Elapsed: 1.4967584609985352

*** Epoch 1, batch 121/463 ***
Training fitness: 0.7487938299229145
Model size: (5, 8)
Validation fitness: 0.7604908682695741 
Elapsed: 1.3914074897766113

*** Epoch 1, batch 122/463 ***
Training fitness: 0.7517755718770296
Model size: (6, 7)
Validation fitness: 0.7580606188120207 
Elapsed: 1.4086651802062988

*** Epoch 1, batch 123/463 ***
Training fitness: 0.758764125480314
Model size: (4, 7)
Validation fitness: 0.7521987336728421 
Elapsed: 1.496612787246704

*** Epoch 1, batch 124/463 ***
Training fitness: 0.7352177961819064
Model size: (5, 8)
Validation fitness: 0.7560436177440532 
Elapsed: 1.4750940799713135

*** Epoch 1, batch 125/463 ***
Training fitness: 0.7836643807143796
Model size: (4, 7)
Validation fitness: 0.7521987336728421 
Elapsed: 1.573460578918457

*** Epoch 1, batch 126/463 ***
Training fitness: 0.7806364921591329
Model size: (4, 7)
Validation fitness: 0.7521987336728421 
Elapsed: 1.5399320125579834

*** Epoch 1, batch 127/463 ***
Training fitness: 0.7721729639911067
Model size: (9, 13)
Validation fitness: 0.7501469476228919 
Elapsed: 1.627974271774292

*** Epoch 1, batch 128/463 ***
Training fitness: 0.7678665155570712
Model size: (4, 7)
Validation fitness: 0.7521987336728421 
Elapsed: 1.5107207298278809

*** Epoch 1, batch 129/463 ***
Training fitness: 0.7581299119736978
Model size: (5, 8)
Validation fitness: 0.7560436177440532 
Elapsed: 1.4491980075836182

*** Epoch 1, batch 130/463 ***
Training fitness: 0.7519754032781573
Model size: (6, 7)
Validation fitness: 0.7580606188120207 
Elapsed: 1.4124186038970947

*** Epoch 1, batch 131/463 ***
Training fitness: 0.7517516159966408
Model size: (6, 6)
Validation fitness: 0.764538295289125 
Elapsed: 1.3603978157043457

*** Epoch 1, batch 132/463 ***
Training fitness: 0.7553731879908698
Model size: (5, 8)
Validation fitness: 0.7560436177440532 
Elapsed: 1.3667781352996826

*** Epoch 1, batch 133/463 ***
Training fitness: 0.7797132674638153
Model size: (3, 6)
Validation fitness: 0.7580953664934501 
Elapsed: 1.3854269981384277

*** Epoch 1, batch 134/463 ***
Training fitness: 0.7790634487534658
Model size: (5, 8)
Validation fitness: 0.7528403452458653 
Elapsed: 1.4319002628326416

*** Epoch 1, batch 135/463 ***
Training fitness: 0.7822184768634777
Model size: (7, 13)
Validation fitness: 0.7213658266203277 
Elapsed: 1.4745404720306396

*** Epoch 1, batch 136/463 ***
Training fitness: 0.7193720624924779
Model size: (4, 7)
Validation fitness: 0.7521987336728421 
Elapsed: 1.5731842517852783

*** Epoch 1, batch 137/463 ***
Training fitness: 0.7586533487905517
Model size: (7, 8)
Validation fitness: 0.7574796336077666 
Elapsed: 1.529843807220459

*** Epoch 1, batch 138/463 ***
Training fitness: 0.7861754736081571
Model size: (3, 4)
Validation fitness: 0.764496523785764 
Elapsed: 1.3572068214416504

*** Epoch 1, batch 139/463 ***
Training fitness: 0.7733589983684808
Model size: (3, 4)
Validation fitness: 0.764496523785764 
Elapsed: 1.3567330837249756

*** Epoch 1, batch 140/463 ***
Training fitness: 0.7710632616621889
Model size: (3, 4)
Validation fitness: 0.764496523785764 
Elapsed: 1.3560750484466553

*** Epoch 1, batch 141/463 ***
Training fitness: 0.775699016415735
Model size: (3, 6)
Validation fitness: 0.7734655393862113 
Elapsed: 1.3671951293945312

*** Epoch 1, batch 142/463 ***
Training fitness: 0.7873904987597661
Model size: (3, 6)
Validation fitness: 0.7659223479535372 
Elapsed: 1.3714015483856201

*** Epoch 1, batch 143/463 ***
Training fitness: 0.7893681752471426
Model size: (8, 8)
Validation fitness: 0.7393078340890932 
Elapsed: 1.4388704299926758

*** Epoch 1, batch 144/463 ***
Training fitness: 0.7814279326701384
Model size: (3, 6)
Validation fitness: 0.7659223479535372 
Elapsed: 1.442802906036377

*** Epoch 1, batch 145/463 ***
Training fitness: 0.7814418653235348
Model size: (2, 3)
Validation fitness: 0.7811279479396981 
Elapsed: 1.4471747875213623

*** Epoch 1, batch 146/463 ***
Training fitness: 0.7645941924931113
Model size: (3, 6)
Validation fitness: 0.777191086658684 
Elapsed: 1.4330360889434814

*** Epoch 1, batch 147/463 ***
Training fitness: 0.7406761177068338
Model size: (9, 11)
Validation fitness: 0.7491761491985606 
Elapsed: 1.3322994709014893

*** Epoch 1, batch 148/463 ***
Training fitness: 0.7945398611938486
Model size: (3, 6)
Validation fitness: 0.777191086658684 
Elapsed: 1.434006929397583

*** Epoch 1, batch 149/463 ***
Training fitness: 0.7974987219901272
Model size: (3, 6)
Validation fitness: 0.777191086658684 
Elapsed: 1.3293590545654297

*** Epoch 1, batch 150/463 ***
Training fitness: 0.7845647876058335
Model size: (2, 3)
Validation fitness: 0.7811279479396981 
Elapsed: 1.3145086765289307

*** Epoch 1, batch 151/463 ***
Training fitness: 0.793978395201283
Model size: (5, 7)
Validation fitness: 0.7794097922787131 
Elapsed: 1.349729299545288

*** Epoch 1, batch 152/463 ***
Training fitness: 0.7728040440328856
Model size: (2, 3)
Validation fitness: 0.7811279479396981 
Elapsed: 1.3334145545959473

*** Epoch 1, batch 153/463 ***
Training fitness: 0.7954579624813788
Model size: (3, 6)
Validation fitness: 0.777191086658684 
Elapsed: 1.3295021057128906

*** Epoch 1, batch 154/463 ***
Training fitness: 0.7931411308194469
Model size: (3, 6)
Validation fitness: 0.777191086658684 
Elapsed: 1.3075449466705322

*** Epoch 1, batch 155/463 ***
Training fitness: 0.8260780608684163
Model size: (2, 3)
Validation fitness: 0.7811279479396981 
Elapsed: 1.3127186298370361

*** Epoch 1, batch 156/463 ***
Training fitness: 0.7999622526920035
Model size: (2, 3)
Validation fitness: 0.7811279479396981 
Elapsed: 1.45241379737854

*** Epoch 1, batch 157/463 ***
Training fitness: 0.7836682408061473
Model size: (6, 9)
Validation fitness: 0.7769868072798766 
Elapsed: 1.418748140335083

*** Epoch 1, batch 158/463 ***
Training fitness: 0.7597927054587758
Model size: (6, 9)
Validation fitness: 0.7769868072798766 
Elapsed: 1.3934576511383057

*** Epoch 1, batch 159/463 ***
Training fitness: 0.7921845257766941
Model size: (6, 9)
Validation fitness: 0.7769868072798766 
Elapsed: 1.390803337097168

*** Epoch 1, batch 160/463 ***
Training fitness: 0.7759069967149297
Model size: (6, 9)
Validation fitness: 0.7769868072798766 
Elapsed: 1.4365944862365723

*** Epoch 1, batch 161/463 ***
Training fitness: 0.8007560024393549
Model size: (6, 9)
Validation fitness: 0.7769868072798766 
Elapsed: 1.463958740234375

*** Epoch 1, batch 162/463 ***
Training fitness: 0.7483931976203624
Model size: (6, 9)
Validation fitness: 0.7769868072798766 
Elapsed: 1.4669053554534912

*** Epoch 1, batch 163/463 ***
Training fitness: 0.8035124737187047
Model size: (6, 9)
Validation fitness: 0.7769868072798766 
Elapsed: 1.4608149528503418

*** Epoch 1, batch 164/463 ***
Training fitness: 0.7826519364403227
Model size: (10, 15)
Validation fitness: 0.7245722737089629 
Elapsed: 1.3908512592315674

*** Epoch 1, batch 165/463 ***
Training fitness: 0.8055539843163336
Model size: (5, 11)
Validation fitness: 0.775352651207575 
Elapsed: 1.3983840942382812

*** Epoch 1, batch 166/463 ***
Training fitness: 0.8484941876602039
Model size: (5, 11)
Validation fitness: 0.775352651207575 
Elapsed: 1.5027742385864258

*** Epoch 1, batch 167/463 ***
Training fitness: 0.7736693634585757
Model size: (6, 9)
Validation fitness: 0.7769868072798766 
Elapsed: 1.4626586437225342

*** Epoch 1, batch 168/463 ***
Training fitness: 0.7433639624388665
Model size: (6, 9)
Validation fitness: 0.7769868072798766 
Elapsed: 1.4642722606658936

*** Epoch 1, batch 169/463 ***
Training fitness: 0.7854486457263568
Model size: (6, 9)
Validation fitness: 0.7769868072798766 
Elapsed: 1.4983482360839844

*** Epoch 1, batch 170/463 ***
Training fitness: 0.813611341931578
Model size: (5, 7)
Validation fitness: 0.767493687882912 
Elapsed: 1.3496026992797852

*** Epoch 1, batch 171/463 ***
Training fitness: 0.7977702110634971
Model size: (3, 4)
Validation fitness: 0.764496523785764 
Elapsed: 1.3300261497497559

*** Epoch 1, batch 172/463 ***
Training fitness: 0.7734113825228717
Model size: (9, 10)
Validation fitness: 0.7305118923900751 
Elapsed: 1.2681052684783936

*** Epoch 1, batch 173/463 ***
Training fitness: 0.7815133173752886
Model size: (5, 8)
Validation fitness: 0.7792450670432159 
Elapsed: 1.2913260459899902

*** Epoch 1, batch 174/463 ***
Training fitness: 0.8050885224159041
Model size: (5, 8)
Validation fitness: 0.7792450670432159 
Elapsed: 1.2832307815551758

*** Epoch 1, batch 175/463 ***
Training fitness: 0.7753125392162195
Model size: (6, 9)
Validation fitness: 0.7769868072798766 
Elapsed: 1.4120142459869385

*** Epoch 1, batch 176/463 ***
Training fitness: 0.7411351454686688
Model size: (4, 5)
Validation fitness: 0.7752637761983708 
Elapsed: 1.3226771354675293

*** Epoch 1, batch 177/463 ***
Training fitness: 0.74530510065444
Model size: (4, 5)
Validation fitness: 0.7752637761983708 
Elapsed: 1.2479300498962402

*** Epoch 1, batch 178/463 ***
Training fitness: 0.7895924362094279
Model size: (7, 7)
Validation fitness: 0.757533293658903 
Elapsed: 1.2979466915130615

*** Epoch 1, batch 179/463 ***
Training fitness: 0.7869384526354847
Model size: (5, 8)
Validation fitness: 0.7792450670432159 
Elapsed: 1.2608308792114258

*** Epoch 1, batch 180/463 ***
Training fitness: 0.7986890925914588
Model size: (4, 5)
Validation fitness: 0.7752637761983708 
Elapsed: 1.287705898284912

*** Epoch 1, batch 181/463 ***
Training fitness: 0.7895208636294613
Model size: (4, 5)
Validation fitness: 0.7752637761983708 
Elapsed: 1.27370285987854

*** Epoch 1, batch 182/463 ***
Training fitness: 0.7808395751788153
Model size: (5, 8)
Validation fitness: 0.7792450670432159 
Elapsed: 1.2443959712982178

*** Epoch 1, batch 183/463 ***
Training fitness: 0.7817721775841326
Model size: (5, 8)
Validation fitness: 0.7792450670432159 
Elapsed: 1.258284330368042

*** Epoch 1, batch 184/463 ***
Training fitness: 0.7429455593570685
Model size: (5, 8)
Validation fitness: 0.7792450670432159 
Elapsed: 1.256972074508667

*** Epoch 1, batch 185/463 ***
Training fitness: 0.815002617568386
Model size: (6, 11)
Validation fitness: 0.7615051923535718 
Elapsed: 1.2941782474517822

*** Epoch 1, batch 186/463 ***
Training fitness: 0.7657058197992045
Model size: (6, 10)
Validation fitness: 0.7675714248237026 
Elapsed: 1.4015355110168457

*** Epoch 1, batch 187/463 ***
Training fitness: 0.7899107262521547
Model size: (5, 8)
Validation fitness: 0.7792450670432159 
Elapsed: 1.2741062641143799

*** Epoch 1, batch 188/463 ***
Training fitness: 0.7916908550776105
Model size: (4, 5)
Validation fitness: 0.7688486666916977 
Elapsed: 1.303741216659546

*** Epoch 1, batch 189/463 ***
Training fitness: 0.7702721881595407
Model size: (6, 10)
Validation fitness: 0.7675714248237026 
Elapsed: 1.34800124168396

*** Epoch 1, batch 190/463 ***
Training fitness: 0.7803357970068541
Model size: (5, 8)
Validation fitness: 0.7792450670432159 
Elapsed: 1.2773873805999756

*** Epoch 1, batch 191/463 ***
Training fitness: 0.7802433991978949
Model size: (6, 10)
Validation fitness: 0.7675714248237026 
Elapsed: 1.3005645275115967

*** Epoch 1, batch 192/463 ***
Training fitness: 0.8018292036825317
Model size: (5, 8)
Validation fitness: 0.7792450670432159 
Elapsed: 1.2622406482696533

*** Epoch 1, batch 193/463 ***
Training fitness: 0.8229896304222756
Model size: (8, 10)
Validation fitness: 0.7437892275771917 
Elapsed: 1.2817952632904053

*** Epoch 1, batch 194/463 ***
Training fitness: 0.7957110704714248
Model size: (5, 8)
Validation fitness: 0.7792450670432159 
Elapsed: 1.3264927864074707

*** Epoch 1, batch 195/463 ***
Training fitness: 0.7983721936151078
Model size: (5, 8)
Validation fitness: 0.7792450670432159 
Elapsed: 1.3583567142486572

*** Epoch 1, batch 196/463 ***
Training fitness: 0.8169391559754168
Model size: (5, 8)
Validation fitness: 0.7209041889558023 
Elapsed: 1.3249914646148682

*** Epoch 1, batch 197/463 ***
Training fitness: 0.7572976883594584
Model size: (6, 8)
Validation fitness: 0.7634083603911109 
Elapsed: 1.272796392440796

*** Epoch 1, batch 198/463 ***
Training fitness: 0.7948274803716969
Model size: (5, 7)
Validation fitness: 0.765851954002566 
Elapsed: 1.3493168354034424

*** Epoch 1, batch 199/463 ***
Training fitness: 0.7840730831368317
Model size: (5, 7)
Validation fitness: 0.765851954002566 
Elapsed: 1.363654613494873

*** Epoch 1, batch 200/463 ***
Training fitness: 0.7781974962361338
Model size: (5, 9)
Validation fitness: 0.7810033943770663 
Elapsed: 1.3656156063079834

*** Epoch 1, batch 201/463 ***
Training fitness: 0.7828315521262518
Model size: (4, 5)
Validation fitness: 0.7570804338826045 
Elapsed: 1.3362596035003662

*** Epoch 1, batch 202/463 ***
Training fitness: 0.7936823481008489
Model size: (5, 7)
Validation fitness: 0.765851954002566 
Elapsed: 1.341930627822876

*** Epoch 1, batch 203/463 ***
Training fitness: 0.7888417941179747
Model size: (5, 7)
Validation fitness: 0.765851954002566 
Elapsed: 1.3221330642700195

*** Epoch 1, batch 204/463 ***
Training fitness: 0.7848393248459339
Model size: (4, 7)
Validation fitness: 0.7607441406418076 
Elapsed: 1.318906307220459

*** Epoch 1, batch 205/463 ***
Training fitness: 0.7662027245120463
Model size: (5, 9)
Validation fitness: 0.7810033943770663 
Elapsed: 1.4058876037597656

*** Epoch 1, batch 206/463 ***
Training fitness: 0.7711538623457654
Model size: (5, 9)
Validation fitness: 0.7810033943770663 
Elapsed: 1.3430149555206299

*** Epoch 1, batch 207/463 ***
Training fitness: 0.8354412388875773
Model size: (5, 9)
Validation fitness: 0.7810033943770663 
Elapsed: 1.3444197177886963

*** Epoch 1, batch 208/463 ***
Training fitness: 0.7755313369291217
Model size: (5, 9)
Validation fitness: 0.7810033943770663 
Elapsed: 1.4036471843719482

*** Epoch 1, batch 209/463 ***
Training fitness: 0.7625745629365246
Model size: (5, 9)
Validation fitness: 0.7810033943770663 
Elapsed: 1.3377330303192139

*** Epoch 1, batch 210/463 ***
Training fitness: 0.7937984151184256
Model size: (5, 8)
Validation fitness: 0.7792450670432159 
Elapsed: 1.3004279136657715

*** Epoch 1, batch 211/463 ***
Training fitness: 0.7734311578620005
Model size: (5, 9)
Validation fitness: 0.7810033943770663 
Elapsed: 1.3645756244659424

*** Epoch 1, batch 212/463 ***
Training fitness: 0.806069936999737
Model size: (5, 9)
Validation fitness: 0.7810033943770663 
Elapsed: 1.3192107677459717

*** Epoch 1, batch 213/463 ***
Training fitness: 0.7624077024211048
Model size: (5, 9)
Validation fitness: 0.7810033943770663 
Elapsed: 1.3108270168304443

*** Epoch 1, batch 214/463 ***
Training fitness: 0.77763829286787
Model size: (5, 9)
Validation fitness: 0.7810033943770663 
Elapsed: 1.2652769088745117

*** Epoch 1, batch 215/463 ***
Training fitness: 0.8089697793981335
Model size: (5, 9)
Validation fitness: 0.7810033943770663 
Elapsed: 1.3881797790527344

*** Epoch 1, batch 216/463 ***
Training fitness: 0.7924411693682911
Model size: (5, 9)
Validation fitness: 0.7810033943770663 
Elapsed: 1.2916622161865234

*** Epoch 1, batch 217/463 ***
Training fitness: 0.8020881081810336
Model size: (5, 9)
Validation fitness: 0.7810033943770663 
Elapsed: 1.2952766418457031

*** Epoch 1, batch 218/463 ***
Training fitness: 0.7961471452800849
Model size: (5, 9)
Validation fitness: 0.7810033943770663 
Elapsed: 1.286698579788208

*** Epoch 1, batch 219/463 ***
Training fitness: 0.7863436856836181
Model size: (5, 9)
Validation fitness: 0.7810033943770663 
Elapsed: 1.3189821243286133

*** Epoch 1, batch 220/463 ***
Training fitness: 0.7351154929883014
Model size: (6, 5)
Validation fitness: 0.759695835515751 
Elapsed: 1.282637596130371

*** Epoch 1, batch 221/463 ***
Training fitness: 0.7481108939070595
Model size: (7, 9)
Validation fitness: 0.7580756537390635 
Elapsed: 1.2930047512054443

*** Epoch 1, batch 222/463 ***
Training fitness: 0.7451900732030288
Model size: (6, 5)
Validation fitness: 0.759695835515751 
Elapsed: 1.32900071144104

*** Epoch 1, batch 223/463 ***
Training fitness: 0.7225076834999619
Model size: (7, 9)
Validation fitness: 0.7580756537390635 
Elapsed: 1.4035019874572754

*** Epoch 1, batch 224/463 ***
Training fitness: 0.7342634144603979
Model size: (7, 9)
Validation fitness: 0.7580756537390635 
Elapsed: 1.3156886100769043

*** Epoch 1, batch 225/463 ***
Training fitness: 0.7447975836067011
Model size: (6, 5)
Validation fitness: 0.759695835515751 
Elapsed: 1.2947933673858643

*** Epoch 1, batch 226/463 ***
Training fitness: 0.7078350565682916
Model size: (6, 5)
Validation fitness: 0.759695835515751 
Elapsed: 1.2869746685028076

*** Epoch 1, batch 227/463 ***
Training fitness: 0.7599697203230493
Model size: (9, 14)
Validation fitness: 0.7465676317415104 
Elapsed: 1.270552158355713

*** Epoch 1, batch 228/463 ***
Training fitness: 0.7453469707904573
Model size: (6, 5)
Validation fitness: 0.759695835515751 
Elapsed: 1.2942776679992676

*** Epoch 1, batch 229/463 ***
Training fitness: 0.7445239485333461
Model size: (6, 5)
Validation fitness: 0.759695835515751 
Elapsed: 1.3004748821258545

*** Epoch 1, batch 230/463 ***
Training fitness: 0.74390207150647
Model size: (6, 5)
Validation fitness: 0.759695835515751 
Elapsed: 1.3767905235290527

*** Epoch 1, batch 231/463 ***
Training fitness: 0.7423996434062015
Model size: (6, 5)
Validation fitness: 0.759695835515751 
Elapsed: 1.2791249752044678

*** Epoch 1, batch 232/463 ***
Training fitness: 0.7701049645772082
Model size: (14, 21)
Validation fitness: 0.7629891378776935 
Elapsed: 1.4102232456207275

*** Epoch 1, batch 233/463 ***
Training fitness: 0.7859320930792596
Model size: (9, 10)
Validation fitness: 0.7620463032909642 
Elapsed: 1.358417272567749

*** Epoch 1, batch 234/463 ***
Training fitness: 0.7719060954285324
Model size: (14, 21)
Validation fitness: 0.7629891378776935 
Elapsed: 1.4044089317321777

*** Epoch 1, batch 235/463 ***
Training fitness: 0.7757802594917049
Model size: (10, 10)
Validation fitness: 0.7600003053390362 
Elapsed: 1.3259046077728271

*** Epoch 1, batch 236/463 ***
Training fitness: 0.766194544079516
Model size: (9, 10)
Validation fitness: 0.7620463032909642 
Elapsed: 1.300126552581787

*** Epoch 1, batch 237/463 ***
Training fitness: 0.7285703128115273
Model size: (6, 7)
Validation fitness: 0.7503635190794596 
Elapsed: 1.4222362041473389

*** Epoch 1, batch 238/463 ***
Training fitness: 0.7860329474223543
Model size: (9, 9)
Validation fitness: 0.7527276703509448 
Elapsed: 1.3071937561035156

*** Epoch 1, batch 239/463 ***
Training fitness: 0.7494617926063112
Model size: (10, 9)
Validation fitness: 0.7668292467784799 
Elapsed: 1.3059682846069336

*** Epoch 1, batch 240/463 ***
Training fitness: 0.7563776519787534
Model size: (9, 10)
Validation fitness: 0.7620463032909642 
Elapsed: 1.3361504077911377

*** Epoch 1, batch 241/463 ***
Training fitness: 0.7623550728803205
Model size: (10, 13)
Validation fitness: 0.7594549017125515 
Elapsed: 1.3120756149291992

*** Epoch 1, batch 242/463 ***
Training fitness: 0.8081664838896726
Model size: (10, 9)
Validation fitness: 0.7668292467784799 
Elapsed: 1.304539680480957

*** Epoch 1, batch 243/463 ***
Training fitness: 0.7588845839967578
Model size: (9, 10)
Validation fitness: 0.7620463032909642 
Elapsed: 1.331221342086792

*** Epoch 1, batch 244/463 ***
Training fitness: 0.7862426933308383
Model size: (9, 10)
Validation fitness: 0.7620463032909642 
Elapsed: 1.3912343978881836

*** Epoch 1, batch 245/463 ***
Training fitness: 0.7834298506113007
Model size: (12, 12)
Validation fitness: 0.7503937481789015 
Elapsed: 1.2950031757354736

*** Epoch 1, batch 246/463 ***
Training fitness: 0.8309180825520328
Model size: (5, 7)
Validation fitness: 0.7574301163930313 
Elapsed: 1.3412439823150635

*** Epoch 1, batch 247/463 ***
Training fitness: 0.7453759286043873
Model size: (5, 7)
Validation fitness: 0.7574301163930313 
Elapsed: 1.359130859375

*** Epoch 1, batch 248/463 ***
Training fitness: 0.793146657057915
Model size: (5, 8)
Validation fitness: 0.7579918405922803 
Elapsed: 1.3334453105926514

*** Epoch 1, batch 249/463 ***
Training fitness: 0.8113279975722867
Model size: (5, 6)
Validation fitness: 0.7502197650064113 
Elapsed: 1.3157432079315186

*** Epoch 1, batch 250/463 ***
Training fitness: 0.7353844957262362
Model size: (10, 10)
Validation fitness: 0.7630518863527405 
Elapsed: 1.3055000305175781

*** Epoch 1, batch 251/463 ***
Training fitness: 0.7616558247269865
Model size: (3, 5)
Validation fitness: 0.7541169035207346 
Elapsed: 1.4099218845367432

*** Epoch 1, batch 252/463 ***
Training fitness: 0.7778132769377762
Model size: (10, 10)
Validation fitness: 0.7630518863527405 
Elapsed: 1.3352587223052979

*** Epoch 1, batch 253/463 ***
Training fitness: 0.7711210662327544
Model size: (6, 9)
Validation fitness: 0.7601628493305141 
Elapsed: 1.4019672870635986

*** Epoch 1, batch 254/463 ***
Training fitness: 0.7964510199399214
Model size: (6, 9)
Validation fitness: 0.7601628493305141 
Elapsed: 1.3551087379455566

*** Epoch 1, batch 255/463 ***
Training fitness: 0.7672889096656024
Model size: (6, 9)
Validation fitness: 0.7601628493305141 
Elapsed: 1.3639743328094482

*** Epoch 1, batch 256/463 ***
Training fitness: 0.8046052075856239
Model size: (6, 9)
Validation fitness: 0.7601628493305141 
Elapsed: 1.3915324211120605

*** Epoch 1, batch 257/463 ***
Training fitness: 0.8353215687306086
Model size: (7, 10)
Validation fitness: 0.7592288306088838 
Elapsed: 1.3505136966705322

*** Epoch 1, batch 258/463 ***
Training fitness: 0.7623365114474704
Model size: (7, 9)
Validation fitness: 0.7711597960051823 
Elapsed: 1.395596981048584

*** Epoch 1, batch 259/463 ***
Training fitness: 0.760554720976942
Model size: (7, 9)
Validation fitness: 0.7711597960051823 
Elapsed: 1.4437644481658936

*** Epoch 1, batch 260/463 ***
Training fitness: 0.8306744454450207
Model size: (7, 10)
Validation fitness: 0.7592288306088838 
Elapsed: 1.3821971416473389

*** Epoch 1, batch 261/463 ***
Training fitness: 0.7685282149592536
Model size: (6, 11)
Validation fitness: 0.7685161699939751 
Elapsed: 1.3556280136108398

*** Epoch 1, batch 262/463 ***
Training fitness: 0.7711572692115982
Model size: (12, 28)
Validation fitness: 0.7767370130426847 
Elapsed: 1.4675655364990234

*** Epoch 1, batch 263/463 ***
Training fitness: 0.7644603372655584
Model size: (12, 28)
Validation fitness: 0.7767370130426847 
Elapsed: 1.4825847148895264

*** Epoch 1, batch 264/463 ***
Training fitness: 0.7982513617621415
Model size: (5, 9)
Validation fitness: 0.7535458034170758 
Elapsed: 1.3081276416778564

*** Epoch 1, batch 265/463 ***
Training fitness: 0.7601825836666762
Model size: (6, 11)
Validation fitness: 0.7685161699939751 
Elapsed: 1.3612051010131836

*** Epoch 1, batch 266/463 ***
Training fitness: 0.7461785835388595
Model size: (10, 10)
Validation fitness: 0.7630518863527405 
Elapsed: 1.4082839488983154

*** Epoch 1, batch 267/463 ***
Training fitness: 0.8082892462253206
Model size: (4, 6)
Validation fitness: 0.7583545817027373 
Elapsed: 1.3665039539337158

*** Epoch 1, batch 268/463 ***
Training fitness: 0.7809513583490756
Model size: (11, 14)
Validation fitness: 0.7621317863945404 
Elapsed: 1.364619493484497

*** Epoch 1, batch 269/463 ***
Training fitness: 0.7257363956513003
Model size: (11, 14)
Validation fitness: 0.7535933698485192 
Elapsed: 1.347883701324463

*** Epoch 1, batch 270/463 ***
Training fitness: 0.7783278573789019
Model size: (11, 15)
Validation fitness: 0.7675747446983445 
Elapsed: 1.3866603374481201

*** Epoch 1, batch 271/463 ***
Training fitness: 0.7608663568593088
Model size: (12, 17)
Validation fitness: 0.7372282206741554 
Elapsed: 1.3406732082366943

*** Epoch 1, batch 272/463 ***
Training fitness: 0.7621865342415851
Model size: (4, 6)
Validation fitness: 0.7583545817027373 
Elapsed: 1.4137184619903564

*** Epoch 1, batch 273/463 ***
Training fitness: 0.768516683756495
Model size: (13, 17)
Validation fitness: 0.766514355655432 
Elapsed: 1.4095561504364014

*** Epoch 1, batch 274/463 ***
Training fitness: 0.8148298173542958
Model size: (10, 11)
Validation fitness: 0.7237319167058599 
Elapsed: 1.2982587814331055

*** Epoch 1, batch 275/463 ***
Training fitness: 0.7747383437835128
Model size: (13, 17)
Validation fitness: 0.766514355655432 
Elapsed: 1.3467645645141602

*** Epoch 1, batch 276/463 ***
Training fitness: 0.7491935210748341
Model size: (14, 18)
Validation fitness: 0.7496177882068462 
Elapsed: 1.3468842506408691

*** Epoch 1, batch 277/463 ***
Training fitness: 0.7638626558938914
Model size: (11, 12)
Validation fitness: 0.7673101266276553 
Elapsed: 1.3635244369506836

*** Epoch 1, batch 278/463 ***
Training fitness: 0.8172527268553783
Model size: (14, 21)
Validation fitness: 0.7188922328494827 
Elapsed: 1.3384277820587158

*** Epoch 1, batch 279/463 ***
Training fitness: 0.8114338946687006
Model size: (11, 17)
Validation fitness: 0.7666043722823952 
Elapsed: 1.46065092086792

*** Epoch 1, batch 280/463 ***
Training fitness: 0.7801243182300767
Model size: (11, 17)
Validation fitness: 0.7666043722823952 
Elapsed: 1.3579473495483398

*** Epoch 1, batch 281/463 ***
Training fitness: 0.7730008191317482
Model size: (14, 21)
Validation fitness: 0.7459618651443124 
Elapsed: 1.3723978996276855

*** Epoch 1, batch 282/463 ***
Training fitness: 0.7899616735282158
Model size: (11, 17)
Validation fitness: 0.7666043722823952 
Elapsed: 1.365004539489746

*** Epoch 1, batch 283/463 ***
Training fitness: 0.7867663633134737
Model size: (10, 16)
Validation fitness: 0.7683391315486263 
Elapsed: 1.3443055152893066

*** Epoch 1, batch 284/463 ***
Training fitness: 0.7764966805313239
Model size: (10, 11)
Validation fitness: 0.7818643425115154 
Elapsed: 1.3167243003845215

*** Epoch 1, batch 285/463 ***
Training fitness: 0.7824574349943797
Model size: (11, 13)
Validation fitness: 0.7385260279424118 
Elapsed: 1.3907737731933594

*** Epoch 1, batch 286/463 ***
Training fitness: 0.7864501912976377
Model size: (10, 11)
Validation fitness: 0.7818643425115154 
Elapsed: 1.343135118484497

*** Epoch 1, batch 287/463 ***
Training fitness: 0.7625943006536047
Model size: (14, 18)
Validation fitness: 0.7715702944302438 
Elapsed: 1.4165306091308594

*** Epoch 1, batch 288/463 ***
Training fitness: 0.7836293584003712
Model size: (10, 11)
Validation fitness: 0.7613704761693478 
Elapsed: 1.3733062744140625

*** Epoch 1, batch 289/463 ***
Training fitness: 0.7950740592446811
Model size: (11, 13)
Validation fitness: 0.7501556886598955 
Elapsed: 1.3908188343048096

*** Epoch 1, batch 290/463 ***
Training fitness: 0.7445868186661558
Model size: (10, 11)
Validation fitness: 0.7818643425115154 
Elapsed: 1.2999300956726074

*** Epoch 1, batch 291/463 ***
Training fitness: 0.7847737764384002
Model size: (14, 18)
Validation fitness: 0.7715702944302438 
Elapsed: 1.6941707134246826

*** Epoch 1, batch 292/463 ***
Training fitness: 0.7856166317581136
Model size: (10, 11)
Validation fitness: 0.7818643425115154 
Elapsed: 1.3874578475952148

*** Epoch 1, batch 293/463 ***
Training fitness: 0.7784934211279722
Model size: (10, 11)
Validation fitness: 0.7818643425115154 
Elapsed: 1.3716771602630615

*** Epoch 1, batch 294/463 ***
Training fitness: 0.7674987316200529
Model size: (10, 11)
Validation fitness: 0.7818643425115154 
Elapsed: 1.3375418186187744

*** Epoch 1, batch 295/463 ***
Training fitness: 0.793129269381195
Model size: (15, 24)
Validation fitness: 0.7505627093424856 
Elapsed: 1.366842269897461

*** Epoch 1, batch 296/463 ***
Training fitness: 0.7710249198089044
Model size: (10, 11)
Validation fitness: 0.7818643425115154 
Elapsed: 1.3442671298980713

*** Epoch 1, batch 297/463 ***
Training fitness: 0.7651117001142589
Model size: (10, 11)
Validation fitness: 0.7818643425115154 
Elapsed: 1.402611494064331

*** Epoch 1, batch 298/463 ***
Training fitness: 0.7792426449330357
Model size: (10, 11)
Validation fitness: 0.7818643425115154 
Elapsed: 1.3153212070465088

*** Epoch 1, batch 299/463 ***
Training fitness: 0.8259073657632959
Model size: (11, 14)
Validation fitness: 0.7758981715186959 
Elapsed: 1.362602710723877

*** Epoch 1, batch 300/463 ***
Training fitness: 0.7606460456893406
Model size: (10, 11)
Validation fitness: 0.7818643425115154 
Elapsed: 1.333075761795044

*** Epoch 1, batch 301/463 ***
Training fitness: 0.7874530476805061
Model size: (10, 11)
Validation fitness: 0.7818643425115154 
Elapsed: 1.350299596786499

*** Epoch 1, batch 302/463 ***
Training fitness: 0.7515722501983699
Model size: (11, 9)
Validation fitness: 0.7651134593305199 
Elapsed: 1.2937355041503906

*** Epoch 1, batch 303/463 ***
Training fitness: 0.7891293857874454
Model size: (16, 22)
Validation fitness: 0.7477446197191391 
Elapsed: 1.4524474143981934

*** Epoch 1, batch 304/463 ***
Training fitness: 0.783984117901406
Model size: (13, 24)
Validation fitness: 0.7343593948484258 
Elapsed: 1.3824846744537354

*** Epoch 1, batch 305/463 ***
Training fitness: 0.7556204628435997
Model size: (11, 9)
Validation fitness: 0.7651134593305199 
Elapsed: 1.3328721523284912

*** Epoch 1, batch 306/463 ***
Training fitness: 0.7685279657470429
Model size: (14, 13)
Validation fitness: 0.7298593918498824 
Elapsed: 1.3272485733032227

*** Epoch 1, batch 307/463 ***
Training fitness: 0.7415985493274111
Model size: (11, 9)
Validation fitness: 0.7651134593305199 
Elapsed: 1.313312292098999

*** Epoch 1, batch 308/463 ***
Training fitness: 0.8035249976338041
Model size: (17, 22)
Validation fitness: 0.7614840170846404 
Elapsed: 1.4132273197174072

*** Epoch 1, batch 309/463 ***
Training fitness: 0.8008085948273228
Model size: (14, 18)
Validation fitness: 0.7119096364842998 
Elapsed: 1.3059580326080322

*** Epoch 1, batch 310/463 ***
Training fitness: 0.7885934955593201
Model size: (12, 9)
Validation fitness: 0.7620892636938372 
Elapsed: 1.2975242137908936

*** Epoch 1, batch 311/463 ***
Training fitness: 0.7640241574172049
Model size: (17, 21)
Validation fitness: 0.7636799294839375 
Elapsed: 1.3388826847076416

*** Epoch 1, batch 312/463 ***
Training fitness: 0.7647481619849279
Model size: (14, 14)
Validation fitness: 0.7551401665134432 
Elapsed: 1.3825583457946777

*** Epoch 1, batch 313/463 ***
Training fitness: 0.7667742024233445
Model size: (12, 9)
Validation fitness: 0.7620892636938372 
Elapsed: 1.3917267322540283

*** Epoch 1, batch 314/463 ***
Training fitness: 0.7852990268904174
Model size: (15, 15)
Validation fitness: 0.7412512311658644 
Elapsed: 1.3158159255981445

*** Epoch 1, batch 315/463 ***
Training fitness: 0.7778272584094071
Model size: (14, 15)
Validation fitness: 0.773717885616137 
Elapsed: 1.3593225479125977

*** Epoch 1, batch 316/463 ***
Training fitness: 0.7446084974079233
Model size: (14, 14)
Validation fitness: 0.7648063587945954 
Elapsed: 1.3042781352996826

*** Epoch 1, batch 317/463 ***
Training fitness: 0.7553760370245136
Model size: (14, 15)
Validation fitness: 0.773717885616137 
Elapsed: 1.3381290435791016

*** Epoch 1, batch 318/463 ***
Training fitness: 0.7464329310487618
Model size: (15, 17)
Validation fitness: 0.7671807704458445 
Elapsed: 1.3188362121582031

*** Epoch 1, batch 319/463 ***
Training fitness: 0.765286092197398
Model size: (9, 8)
Validation fitness: 0.6827242541524308 
Elapsed: 1.3137359619140625

*** Epoch 1, batch 320/463 ***
Training fitness: 0.7678667921005778
Model size: (15, 17)
Validation fitness: 0.7671807704458445 
Elapsed: 1.3254361152648926

*** Epoch 1, batch 321/463 ***
Training fitness: 0.766887208174719
Model size: (15, 17)
Validation fitness: 0.7671807704458445 
Elapsed: 1.342353105545044

*** Epoch 1, batch 322/463 ***
Training fitness: 0.7569306543708256
Model size: (15, 17)
Validation fitness: 0.7539395145510979 
Elapsed: 1.4216108322143555

*** Epoch 1, batch 323/463 ***
Training fitness: 0.7815595233960589
Model size: (15, 17)
Validation fitness: 0.7539395145510979 
Elapsed: 1.326962947845459

*** Epoch 1, batch 324/463 ***
Training fitness: 0.7728596647596818
Model size: (22, 30)
Validation fitness: 0.7467650774462269 
Elapsed: 1.355102777481079

*** Epoch 1, batch 325/463 ***
Training fitness: 0.7587854168727916
Model size: (15, 17)
Validation fitness: 0.7539395145510979 
Elapsed: 1.3977763652801514

*** Epoch 1, batch 326/463 ***
Training fitness: 0.7605543460841109
Model size: (16, 19)
Validation fitness: 0.7534330963015395 
Elapsed: 1.4420559406280518

*** Epoch 1, batch 327/463 ***
Training fitness: 0.7516538626510408
Model size: (13, 16)
Validation fitness: 0.7556981078167033 
Elapsed: 1.3304643630981445

*** Epoch 1, batch 328/463 ***
Training fitness: 0.7503148432277147
Model size: (13, 16)
Validation fitness: 0.7578626941919845 
Elapsed: 1.3528783321380615

*** Epoch 1, batch 329/463 ***
Training fitness: 0.7325484930871295
Model size: (16, 19)
Validation fitness: 0.7561286821880341 
Elapsed: 1.4526116847991943

*** Epoch 1, batch 330/463 ***
Training fitness: 0.7639124271932556
Model size: (13, 16)
Validation fitness: 0.7578626941919845 
Elapsed: 1.369062900543213

*** Epoch 1, batch 331/463 ***
Training fitness: 0.7595213773805006
Model size: (13, 13)
Validation fitness: 0.7351376653343248 
Elapsed: 1.3255746364593506

*** Epoch 1, batch 332/463 ***
Training fitness: 0.7629915485560044
Model size: (14, 18)
Validation fitness: 0.7496838147497625 
Elapsed: 1.3245844841003418

*** Epoch 1, batch 333/463 ***
Training fitness: 0.7719361110108692
Model size: (12, 11)
Validation fitness: 0.7669624655356716 
Elapsed: 1.3436648845672607

*** Epoch 1, batch 334/463 ***
Training fitness: 0.7655039643108068
Model size: (12, 11)
Validation fitness: 0.7669624655356716 
Elapsed: 1.3618834018707275

*** Epoch 1, batch 335/463 ***
Training fitness: 0.78201437703354
Model size: (16, 20)
Validation fitness: 0.7539379404554969 
Elapsed: 1.3413383960723877

*** Epoch 1, batch 336/463 ***
Training fitness: 0.7448598138481879
Model size: (12, 11)
Validation fitness: 0.7669624655356716 
Elapsed: 1.3307301998138428

*** Epoch 1, batch 337/463 ***
Training fitness: 0.725782732373185
Model size: (20, 25)
Validation fitness: 0.7558747415666636 
Elapsed: 1.3671588897705078

*** Epoch 1, batch 338/463 ***
Training fitness: 0.7665620102786711
Model size: (12, 11)
Validation fitness: 0.7669624655356716 
Elapsed: 1.3247663974761963

*** Epoch 1, batch 339/463 ***
Training fitness: 0.7446141485714349
Model size: (12, 11)
Validation fitness: 0.7669624655356716 
Elapsed: 1.3545432090759277

*** Epoch 1, batch 340/463 ***
Training fitness: 0.7950351866500143
Model size: (12, 11)
Validation fitness: 0.7669624655356716 
Elapsed: 1.3481285572052002

*** Epoch 1, batch 341/463 ***
Training fitness: 0.7940634682467319
Model size: (13, 11)
Validation fitness: 0.7641298858976009 
Elapsed: 1.41748046875

*** Epoch 1, batch 342/463 ***
Training fitness: 0.7523679205481815
Model size: (20, 26)
Validation fitness: 0.7601210805265047 
Elapsed: 1.3372719287872314

*** Epoch 1, batch 343/463 ***
Training fitness: 0.7930368196059838
Model size: (12, 11)
Validation fitness: 0.7669624655356716 
Elapsed: 1.314643144607544

*** Epoch 1, batch 344/463 ***
Training fitness: 0.7139412969347813
Model size: (12, 13)
Validation fitness: 0.7454691574530878 
Elapsed: 1.3528592586517334

*** Epoch 1, batch 345/463 ***
Training fitness: 0.7874936658465164
Model size: (12, 11)
Validation fitness: 0.7669624655356716 
Elapsed: 1.3846826553344727

*** Epoch 1, batch 346/463 ***
Training fitness: 0.7735614145098342
Model size: (20, 26)
Validation fitness: 0.7592245424059836 
Elapsed: 1.4409525394439697

*** Epoch 1, batch 347/463 ***
Training fitness: 0.7516811763695028
Model size: (13, 11)
Validation fitness: 0.7641298858976009 
Elapsed: 1.3093130588531494

*** Epoch 1, batch 348/463 ***
Training fitness: 0.7396216350360869
Model size: (22, 27)
Validation fitness: 0.7561254763438678 
Elapsed: 1.3244032859802246

*** Epoch 1, batch 349/463 ***
Training fitness: 0.7466467105655542
Model size: (14, 12)
Validation fitness: 0.7610133402326897 
Elapsed: 1.3296146392822266

*** Epoch 1, batch 350/463 ***
Training fitness: 0.7835780343285248
Model size: (11, 12)
Validation fitness: 0.7675732614307161 
Elapsed: 1.332076072692871

*** Epoch 1, batch 351/463 ***
Training fitness: 0.789125730307926
Model size: (12, 10)
Validation fitness: 0.7578068118073723 
Elapsed: 1.3322398662567139

*** Epoch 1, batch 352/463 ***
Training fitness: 0.7907663751483501
Model size: (11, 11)
Validation fitness: 0.7625629691364662 
Elapsed: 1.4327688217163086

*** Epoch 1, batch 353/463 ***
Training fitness: 0.7783399868475148
Model size: (23, 31)
Validation fitness: 0.759475757715671 
Elapsed: 1.3321681022644043

*** Epoch 1, batch 354/463 ***
Training fitness: 0.774183699521062
Model size: (22, 27)
Validation fitness: 0.7561254763438678 
Elapsed: 1.2999560832977295

*** Epoch 1, batch 355/463 ***
Training fitness: 0.7926853535639705
Model size: (23, 31)
Validation fitness: 0.759475757715671 
Elapsed: 1.334308385848999

*** Epoch 1, batch 356/463 ***
Training fitness: 0.7661717738067618
Model size: (11, 11)
Validation fitness: 0.7668346475768519 
Elapsed: 1.3105742931365967

*** Epoch 1, batch 357/463 ***
Training fitness: 0.768565933663467
Model size: (11, 11)
Validation fitness: 0.7668346475768519 
Elapsed: 1.3243207931518555

*** Epoch 1, batch 358/463 ***
Training fitness: 0.7958337829947821
Model size: (23, 30)
Validation fitness: 0.7482197789065723 
Elapsed: 1.4233112335205078

*** Epoch 1, batch 359/463 ***
Training fitness: 0.7815183613663969
Model size: (11, 11)
Validation fitness: 0.7625629691364662 
Elapsed: 1.35992431640625

*** Epoch 1, batch 360/463 ***
Training fitness: 0.8145982076941857
Model size: (22, 27)
Validation fitness: 0.759334218161066 
Elapsed: 1.3503913879394531

*** Epoch 1, batch 361/463 ***
Training fitness: 0.7434159492807844
Model size: (22, 27)
Validation fitness: 0.759334218161066 
Elapsed: 1.3708407878875732

*** Epoch 1, batch 362/463 ***
Training fitness: 0.8077130087935315
Model size: (11, 12)
Validation fitness: 0.7685368115727639 
Elapsed: 1.365271806716919

*** Epoch 1, batch 363/463 ***
Training fitness: 0.804873974250023
Model size: (22, 27)
Validation fitness: 0.759334218161066 
Elapsed: 1.3588411808013916

*** Epoch 1, batch 364/463 ***
Training fitness: 0.7649302388544358
Model size: (22, 27)
Validation fitness: 0.759334218161066 
Elapsed: 1.3599047660827637

*** Epoch 1, batch 365/463 ***
Training fitness: 0.77373009226838
Model size: (15, 17)
Validation fitness: 0.7538221961504404 
Elapsed: 1.3104863166809082

*** Epoch 1, batch 366/463 ***
Training fitness: 0.8061577331456515
Model size: (24, 34)
Validation fitness: 0.7609240966825025 
Elapsed: 1.3452796936035156

*** Epoch 1, batch 367/463 ***
Training fitness: 0.7776765755421807
Model size: (24, 34)
Validation fitness: 0.7609240966825025 
Elapsed: 1.3470220565795898

*** Epoch 1, batch 368/463 ***
Training fitness: 0.7663049205218857
Model size: (10, 11)
Validation fitness: 0.7644590867895161 
Elapsed: 1.4541456699371338

*** Epoch 1, batch 369/463 ***
Training fitness: 0.7629492033856842
Model size: (18, 18)
Validation fitness: 0.7661886313987684 
Elapsed: 1.3531184196472168

*** Epoch 1, batch 370/463 ***
Training fitness: 0.7191686678214173
Model size: (10, 11)
Validation fitness: 0.7644590867895161 
Elapsed: 1.4949657917022705

*** Epoch 1, batch 371/463 ***
Training fitness: 0.8209255871637541
Model size: (24, 34)
Validation fitness: 0.7609240966825025 
Elapsed: 1.3320715427398682

*** Epoch 1, batch 372/463 ***
Training fitness: 0.7817253693818441
Model size: (24, 34)
Validation fitness: 0.7609240966825025 
Elapsed: 1.295945167541504

*** Epoch 1, batch 373/463 ***
Training fitness: 0.778262875917906
Model size: (18, 18)
Validation fitness: 0.7661886313987684 
Elapsed: 1.3576960563659668

*** Epoch 1, batch 374/463 ***
Training fitness: 0.7627959634521596
Model size: (18, 18)
Validation fitness: 0.7661886313987684 
Elapsed: 1.3333520889282227

*** Epoch 1, batch 375/463 ***
Training fitness: 0.7415935916621722
Model size: (18, 18)
Validation fitness: 0.7661886313987684 
Elapsed: 1.3953537940979004

*** Epoch 1, batch 376/463 ***
Training fitness: 0.7758319514484067
Model size: (18, 18)
Validation fitness: 0.7661886313987684 
Elapsed: 1.3203041553497314

*** Epoch 1, batch 377/463 ***
Training fitness: 0.7651430336036726
Model size: (18, 18)
Validation fitness: 0.7661886313987684 
Elapsed: 1.3238897323608398

*** Epoch 1, batch 378/463 ***
Training fitness: 0.7732586527791854
Model size: (18, 18)
Validation fitness: 0.7661886313987684 
Elapsed: 1.359384536743164

*** Epoch 1, batch 379/463 ***
Training fitness: 0.7845656064624139
Model size: (17, 12)
Validation fitness: 0.7617443710803058 
Elapsed: 1.2933664321899414

*** Epoch 1, batch 380/463 ***
Training fitness: 0.7938345853820892
Model size: (17, 11)
Validation fitness: 0.7613994225023516 
Elapsed: 1.6832656860351562

*** Epoch 1, batch 381/463 ***
Training fitness: 0.7742892617612052
Model size: (18, 18)
Validation fitness: 0.7661886313987684 
Elapsed: 1.3123936653137207

*** Epoch 1, batch 382/463 ***
Training fitness: 0.8157202149630368
Model size: (13, 21)
Validation fitness: 0.7451567556771541 
Elapsed: 1.2410922050476074

*** Epoch 1, batch 383/463 ***
Training fitness: 0.7529235852571311
Model size: (18, 18)
Validation fitness: 0.7661886313987684 
Elapsed: 1.3116981983184814

*** Epoch 1, batch 384/463 ***
Training fitness: 0.7396030732069627
Model size: (18, 18)
Validation fitness: 0.7661886313987684 
Elapsed: 1.298323631286621

*** Epoch 1, batch 385/463 ***
Training fitness: 0.7663927844022805
Model size: (18, 18)
Validation fitness: 0.7661886313987684 
Elapsed: 1.328244924545288

*** Epoch 1, batch 386/463 ***
Training fitness: 0.7666247312982787
Model size: (18, 18)
Validation fitness: 0.7661886313987684 
Elapsed: 1.4240081310272217

*** Epoch 1, batch 387/463 ***
Training fitness: 0.7531102066304918
Model size: (18, 18)
Validation fitness: 0.7661886313987684 
Elapsed: 1.290334939956665

*** Epoch 1, batch 388/463 ***
Training fitness: 0.7431729940821593
Model size: (18, 18)
Validation fitness: 0.7661886313987684 
Elapsed: 1.3264410495758057

*** Epoch 1, batch 389/463 ***
Training fitness: 0.740229415771879
Model size: (18, 15)
Validation fitness: 0.7610864379780357 
Elapsed: 1.3479828834533691

*** Epoch 1, batch 390/463 ***
Training fitness: 0.7733546380987695
Model size: (18, 18)
Validation fitness: 0.7661886313987684 
Elapsed: 1.3106069564819336

*** Epoch 1, batch 391/463 ***
Training fitness: 0.7893504111034627
Model size: (18, 18)
Validation fitness: 0.7661886313987684 
Elapsed: 1.3833401203155518

*** Epoch 1, batch 392/463 ***
Training fitness: 0.8220907545300715
Model size: (19, 18)
Validation fitness: 0.7596948423984007 
Elapsed: 1.351311445236206

*** Epoch 1, batch 393/463 ***
Training fitness: 0.7523859959356874
Model size: (18, 18)
Validation fitness: 0.7661886313987684 
Elapsed: 1.3378159999847412

*** Epoch 1, batch 394/463 ***
Training fitness: 0.7174407405987854
Model size: (18, 18)
Validation fitness: 0.7661886313987684 
Elapsed: 1.3228275775909424

*** Epoch 1, batch 395/463 ***
Training fitness: 0.7782046201218796
Model size: (15, 16)
Validation fitness: 0.7572116677075165 
Elapsed: 1.3584108352661133

*** Epoch 1, batch 396/463 ***
Training fitness: 0.7267284508340836
Model size: (15, 16)
Validation fitness: 0.7572116677075165 
Elapsed: 1.3668043613433838

*** Epoch 1, batch 397/463 ***
Training fitness: 0.7545871403693473
Model size: (14, 17)
Validation fitness: 0.7531350119365957 
Elapsed: 1.3689303398132324

*** Epoch 1, batch 398/463 ***
Training fitness: 0.78224033458927
Model size: (15, 15)
Validation fitness: 0.7511517225617598 
Elapsed: 1.273688793182373

*** Epoch 1, batch 399/463 ***
Training fitness: 0.7386401038152988
Model size: (17, 20)
Validation fitness: 0.7531239285643334 
Elapsed: 1.3092389106750488

*** Epoch 1, batch 400/463 ***
Training fitness: 0.7047006240813378
Model size: (11, 11)
Validation fitness: 0.6661535519866646 
Elapsed: 1.3603594303131104

*** Epoch 1, batch 401/463 ***
Training fitness: 0.8013462244760544
Model size: (15, 16)
Validation fitness: 0.7572116677075165 
Elapsed: 1.35966157913208

*** Epoch 1, batch 402/463 ***
Training fitness: 0.7176169774090096
Model size: (15, 16)
Validation fitness: 0.7539131438246952 
Elapsed: 1.3266613483428955

*** Epoch 1, batch 403/463 ***
Training fitness: 0.7456508947729414
Model size: (15, 16)
Validation fitness: 0.7539131438246952 
Elapsed: 1.3948101997375488

*** Epoch 1, batch 404/463 ***
Training fitness: 0.7845504909525773
Model size: (15, 16)
Validation fitness: 0.7572116677075165 
Elapsed: 1.3512351512908936

*** Epoch 1, batch 405/463 ***
Training fitness: 0.7694607598025418
Model size: (15, 15)
Validation fitness: 0.7453459800972867 
Elapsed: 1.324049949645996

*** Epoch 1, batch 406/463 ***
Training fitness: 0.7581135261529196
Model size: (12, 10)
Validation fitness: 0.7447356641344789 
Elapsed: 1.2906160354614258

*** Epoch 1, batch 407/463 ***
Training fitness: 0.7257010345202648
Model size: (18, 19)
Validation fitness: 0.7540422561859577 
Elapsed: 1.3115489482879639

*** Epoch 1, batch 408/463 ***
Training fitness: 0.7857655783137492
Model size: (16, 18)
Validation fitness: 0.744975929292728 
Elapsed: 1.3847181797027588

*** Epoch 1, batch 409/463 ***
Training fitness: 0.7853398437703372
Model size: (16, 18)
Validation fitness: 0.744975929292728 
Elapsed: 1.4702322483062744

*** Epoch 1, batch 410/463 ***
Training fitness: 0.7958836740922286
Model size: (16, 18)
Validation fitness: 0.744975929292728 
Elapsed: 1.4143056869506836

*** Epoch 1, batch 411/463 ***
Training fitness: 0.778130008981241
Model size: (18, 24)
Validation fitness: 0.7614940457551403 
Elapsed: 1.3225750923156738

*** Epoch 1, batch 412/463 ***
Training fitness: 0.7449455857405207
Model size: (18, 24)
Validation fitness: 0.7614940457551403 
Elapsed: 1.2793092727661133

*** Epoch 1, batch 413/463 ***
Training fitness: 0.7762397719468084
Model size: (16, 18)
Validation fitness: 0.7473292514778604 
Elapsed: 1.3053078651428223

*** Epoch 1, batch 414/463 ***
Training fitness: 0.7827990294056268
Model size: (14, 15)
Validation fitness: 0.765845027929425 
Elapsed: 1.3420839309692383

*** Epoch 1, batch 415/463 ***
Training fitness: 0.7813609386691489
Model size: (18, 24)
Validation fitness: 0.7614940457551403 
Elapsed: 1.373133659362793

*** Epoch 1, batch 416/463 ***
Training fitness: 0.7455759409492917
Model size: (16, 18)
Validation fitness: 0.7473292514778604 
Elapsed: 1.3299975395202637

*** Epoch 1, batch 417/463 ***
Training fitness: 0.7909182380928458
Model size: (14, 15)
Validation fitness: 0.765845027929425 
Elapsed: 1.3063044548034668

*** Epoch 1, batch 418/463 ***
Training fitness: 0.7617478596352123
Model size: (18, 24)
Validation fitness: 0.7614940457551403 
Elapsed: 1.2541472911834717

*** Epoch 1, batch 419/463 ***
Training fitness: 0.7534838796167589
Model size: (16, 15)
Validation fitness: 0.7502434860165725 
Elapsed: 1.3299689292907715

*** Epoch 1, batch 420/463 ***
Training fitness: 0.7253939860285461
Model size: (14, 15)
Validation fitness: 0.765845027929425 
Elapsed: 1.2839932441711426

*** Epoch 1, batch 421/463 ***
Training fitness: 0.7774758668298218
Model size: (14, 15)
Validation fitness: 0.765845027929425 
Elapsed: 1.3723266124725342

*** Epoch 1, batch 422/463 ***
Training fitness: 0.7660158424990005
Model size: (14, 15)
Validation fitness: 0.765845027929425 
Elapsed: 1.2611782550811768

*** Epoch 1, batch 423/463 ***
Training fitness: 0.766674031410773
Model size: (14, 15)
Validation fitness: 0.765845027929425 
Elapsed: 1.2806174755096436

*** Epoch 1, batch 424/463 ***
Training fitness: 0.732836635021788
Model size: (19, 20)
Validation fitness: 0.752974411934394 
Elapsed: 1.2376937866210938

*** Epoch 1, batch 425/463 ***
Training fitness: 0.7440932289148475
Model size: (17, 22)
Validation fitness: 0.7534257042081481 
Elapsed: 1.2466869354248047

*** Epoch 1, batch 426/463 ***
Training fitness: 0.734264717987009
Model size: (9, 12)
Validation fitness: 0.7501319827609657 
Elapsed: 1.3040502071380615

*** Epoch 1, batch 427/463 ***
Training fitness: 0.7696581073379996
Model size: (9, 11)
Validation fitness: 0.7565472576401993 
Elapsed: 1.3115155696868896

*** Epoch 1, batch 428/463 ***
Training fitness: 0.7411724699624793
Model size: (9, 11)
Validation fitness: 0.7565472576401993 
Elapsed: 1.1988928318023682

*** Epoch 1, batch 429/463 ***
Training fitness: 0.7505006042420458
Model size: (9, 11)
Validation fitness: 0.7565472576401993 
Elapsed: 1.21303391456604

*** Epoch 1, batch 430/463 ***
Training fitness: 0.726126557694483
Model size: (9, 11)
Validation fitness: 0.7565472576401993 
Elapsed: 1.2529513835906982

*** Epoch 1, batch 431/463 ***
Training fitness: 0.7465640621727049
Model size: (9, 11)
Validation fitness: 0.7565472576401993 
Elapsed: 1.2434000968933105

*** Epoch 1, batch 432/463 ***
Training fitness: 0.7288351368761827
Model size: (9, 11)
Validation fitness: 0.7565472576401993 
Elapsed: 1.2800145149230957

*** Epoch 1, batch 433/463 ***
Training fitness: 0.754921350474018
Model size: (9, 11)
Validation fitness: 0.7565472576401993 
Elapsed: 1.213071584701538

*** Epoch 1, batch 434/463 ***
Training fitness: 0.7480793641986966
Model size: (9, 11)
Validation fitness: 0.7565472576401993 
Elapsed: 1.2355976104736328

*** Epoch 1, batch 435/463 ***
Training fitness: 0.7119692505519861
Model size: (8, 11)
Validation fitness: 0.7522126276335525 
Elapsed: 1.2359659671783447

*** Epoch 1, batch 436/463 ***
Training fitness: 0.7209342948706806
Model size: (20, 15)
Validation fitness: 0.7547172685680309 
Elapsed: 1.2688264846801758

*** Epoch 1, batch 437/463 ***
Training fitness: 0.7459753360747078
Model size: (8, 11)
Validation fitness: 0.7573358429683428 
Elapsed: 1.343925952911377

*** Epoch 1, batch 438/463 ***
Training fitness: 0.7910343863324766
Model size: (8, 11)
Validation fitness: 0.7573358429683428 
Elapsed: 1.307680606842041

*** Epoch 1, batch 439/463 ***
Training fitness: 0.732512016048953
Model size: (8, 10)
Validation fitness: 0.7583622572685368 
Elapsed: 1.2854137420654297

*** Epoch 1, batch 440/463 ***
Training fitness: 0.7851717079768895
Model size: (20, 23)
Validation fitness: 0.7634429857819551 
Elapsed: 1.3030035495758057

*** Epoch 1, batch 441/463 ***
Training fitness: 0.7716821302624949
Model size: (20, 23)
Validation fitness: 0.7634429857819551 
Elapsed: 1.254645586013794

*** Epoch 1, batch 442/463 ***
Training fitness: 0.7436645216914433
Model size: (20, 23)
Validation fitness: 0.7634429857819551 
Elapsed: 1.3346507549285889

*** Epoch 1, batch 443/463 ***
Training fitness: 0.7813390038425291
Model size: (11, 15)
Validation fitness: 0.7414759458636919 
Elapsed: 1.39792799949646

*** Epoch 1, batch 444/463 ***
Training fitness: 0.758103005915099
Model size: (11, 16)
Validation fitness: 0.7681133613890365 
Elapsed: 1.3886024951934814

*** Epoch 1, batch 445/463 ***
Training fitness: 0.708376419973943
Model size: (11, 16)
Validation fitness: 0.7681133613890365 
Elapsed: 1.3436756134033203

*** Epoch 1, batch 446/463 ***
Training fitness: 0.7560121177272289
Model size: (11, 16)
Validation fitness: 0.7681133613890365 
Elapsed: 1.3479681015014648

*** Epoch 1, batch 447/463 ***
Training fitness: 0.7898337601930993
Model size: (20, 23)
Validation fitness: 0.7634429857819551 
Elapsed: 1.3003370761871338

*** Epoch 1, batch 448/463 ***
Training fitness: 0.7648197920230297
Model size: (20, 23)
Validation fitness: 0.7634429857819551 
Elapsed: 1.327563762664795

*** Epoch 1, batch 449/463 ***
Training fitness: 0.7874447196487605
Model size: (20, 23)
Validation fitness: 0.7634429857819551 
Elapsed: 1.4342060089111328

*** Epoch 1, batch 450/463 ***
Training fitness: 0.7439426027155609
Model size: (11, 16)
Validation fitness: 0.7681133613890365 
Elapsed: 1.357485294342041

*** Epoch 1, batch 451/463 ***
Training fitness: 0.7425030566182482
Model size: (21, 24)
Validation fitness: 0.7516058477202928 
Elapsed: 1.3387858867645264

*** Epoch 1, batch 452/463 ***
Training fitness: 0.7659414726597299
Model size: (19, 21)
Validation fitness: 0.753860304903314 
Elapsed: 1.3632078170776367

*** Epoch 1, batch 453/463 ***
Training fitness: 0.7614574472601742
Model size: (11, 16)
Validation fitness: 0.7681133613890365 
Elapsed: 1.3368992805480957

*** Epoch 1, batch 454/463 ***
Training fitness: 0.7665075565184583
Model size: (15, 17)
Validation fitness: 0.7480349364314755 
Elapsed: 1.460996150970459

*** Epoch 1, batch 455/463 ***
Training fitness: 0.7652377202499241
Model size: (11, 16)
Validation fitness: 0.7681133613890365 
Elapsed: 1.4412438869476318

*** Epoch 1, batch 456/463 ***
Training fitness: 0.7573540871053623
Model size: (13, 18)
Validation fitness: 0.7543722462961381 
Elapsed: 1.316650152206421

*** Epoch 1, batch 457/463 ***
Training fitness: 0.759409604220176
Model size: (11, 16)
Validation fitness: 0.7681133613890365 
Elapsed: 1.3240365982055664

*** Epoch 1, batch 458/463 ***
Training fitness: 0.7494064602694089
Model size: (15, 18)
Validation fitness: 0.7580627795492295 
Elapsed: 1.3598041534423828

*** Epoch 1, batch 459/463 ***
Training fitness: 0.7495880577792595
Model size: (15, 18)
Validation fitness: 0.7580627795492295 
Elapsed: 1.2874209880828857

*** Epoch 1, batch 460/463 ***
Training fitness: 0.782576690945722
Model size: (16, 20)
Validation fitness: 0.7578666085948321 
Elapsed: 1.336733102798462

*** Epoch 1, batch 461/463 ***
Training fitness: 0.777114709346702
Model size: (14, 13)
Validation fitness: 0.761378491103306 
Elapsed: 1.3704450130462646

*** Epoch 1, batch 462/463 ***
Training fitness: 0.7774897563886917
Model size: (14, 16)
Validation fitness: 0.7361530833589016 
Elapsed: 1.355534315109253

*** Epoch 1, batch 463/463 ***
Training fitness: 0.7597072013342531
Model size: (14, 13)
Validation fitness: 0.761378491103306 
Elapsed: 0.6199874877929688

Total train time: 657.5181295871735
Test time: 0.25228309631347656
Test fitness: 0.7926656662260182
Test statistics: Stats(total=14791, total_true=7078, total_false=7713, true_positive=6148, true_negative=6939, false_positive=774, false_negative=930, tpr=0.8686069511161345, tnr=0.8996499416569428, ppv=0.888182606183184, npv=0.8818147159740755, accuracy=0.8847948076533027, f1=0.8782857142857143, mcc=0.7691266151708224)
