Configuration:
Dataset: nsl_kdd
Selector: pca
Fold: 8
Batch size: 1
Epochs: 10
Epoch 1/10
 - 154s - loss: 0.1788
 - val_mcc: 0.896042
Epoch 2/10
 - 165s - loss: 0.1274
 - val_mcc: 0.908906
Epoch 3/10
 - 157s - loss: 0.1163
 - val_mcc: 0.919135
Epoch 4/10
 - 158s - loss: 0.1100
 - val_mcc: 0.920877
Epoch 5/10
 - 154s - loss: 0.1069
 - val_mcc: 0.922161
Epoch 6/10
 - 157s - loss: 0.1049
 - val_mcc: 0.923081
Epoch 7/10
 - 162s - loss: 0.1036
 - val_mcc: 0.923068
Epoch 8/10
 - 158s - loss: 0.1024
 - val_mcc: 0.923996
Epoch 9/10
 - 159s - loss: 0.1013
 - val_mcc: 0.925625
Epoch 10/10
 - 139s - loss: 0.1001
 - val_mcc: 0.928622
Total train time: 1566.7929058074951
Test time: 0.3346982002258301
Test statistics: Stats(total=14791, total_true=7158, total_false=7633, true_positive=6919, true_negative=7316, false_positive=317, false_negative=239, tpr=0.9666107851355127, tnr=0.9584698021747674, ppv=0.9561912658927584, npv=0.9683653209794838, accuracy=0.9624095733892232, f1=0.9613727942198138, mcc=0.924818549979055)
