Configuration:
Dataset: nsl_kdd
Selector: pca
Fold: 1
Fitness: zero_sum
Batch size: 256
Epochs: 1
Config args: {}
*** Epoch 1, batch 1/520 ***
Training fitness: 0.8865916320039149
Model size: (1, 12)
Validation fitness: 0.8449932131384665 !!!
Elapsed: 1.9685781002044678

*** Epoch 1, batch 2/520 ***
Training fitness: 0.9102182539682538
Model size: (1, 11)
Validation fitness: 0.9003749087533174 !!!
Elapsed: 2.0650570392608643

*** Epoch 1, batch 3/520 ***
Training fitness: 0.9018365472910927
Model size: (1, 11)
Validation fitness: 0.9003749087533174 
Elapsed: 2.1184146404266357

*** Epoch 1, batch 4/520 ***
Training fitness: 0.8995797528695979
Model size: (1, 11)
Validation fitness: 0.8843208449655441 
Elapsed: 2.205536365509033

*** Epoch 1, batch 5/520 ***
Training fitness: 0.9092185592185592
Model size: (2, 8)
Validation fitness: 0.9029372578425223 !!!
Elapsed: 2.293433666229248

*** Epoch 1, batch 6/520 ***
Training fitness: 0.9332824427480917
Model size: (1, 10)
Validation fitness: 0.9013745804998837 
Elapsed: 2.091352939605713

*** Epoch 1, batch 7/520 ***
Training fitness: 0.9063053164866021
Model size: (3, 12)
Validation fitness: 0.9028025507572045 
Elapsed: 2.1783461570739746

*** Epoch 1, batch 8/520 ***
Training fitness: 0.936950146627566
Model size: (3, 12)
Validation fitness: 0.9111541700870425 !!!
Elapsed: 2.1730470657348633

*** Epoch 1, batch 9/520 ***
Training fitness: 0.9300494414942319
Model size: (2, 8)
Validation fitness: 0.9029372578425223 
Elapsed: 2.177184581756592

*** Epoch 1, batch 10/520 ***
Training fitness: 0.916712920135677
Model size: (3, 13)
Validation fitness: 0.9084484529929645 
Elapsed: 2.2474091053009033

*** Epoch 1, batch 11/520 ***
Training fitness: 0.9215650369285234
Model size: (4, 12)
Validation fitness: 0.9136484232690552 !!!
Elapsed: 2.241323709487915

*** Epoch 1, batch 12/520 ***
Training fitness: 0.9103232533889468
Model size: (3, 12)
Validation fitness: 0.9080006238794879 
Elapsed: 2.239298105239868

*** Epoch 1, batch 13/520 ***
Training fitness: 0.9407380254154447
Model size: (1, 8)
Validation fitness: 0.9164160590642086 !!!
Elapsed: 2.238497734069824

*** Epoch 1, batch 14/520 ***
Training fitness: 0.9252824427480917
Model size: (1, 6)
Validation fitness: 0.9118021260147114 
Elapsed: 2.199220895767212

*** Epoch 1, batch 15/520 ***
Training fitness: 0.9414414414414415
Model size: (4, 13)
Validation fitness: 0.9005469723551512 
Elapsed: 2.381830930709839

*** Epoch 1, batch 16/520 ***
Training fitness: 0.9258603238866396
Model size: (2, 9)
Validation fitness: 0.9132838672932296 
Elapsed: 2.3412609100341797

*** Epoch 1, batch 17/520 ***
Training fitness: 0.9291643608190371
Model size: (4, 10)
Validation fitness: 0.9203986706505797 !!!
Elapsed: 2.3552772998809814

*** Epoch 1, batch 18/520 ***
Training fitness: 0.9276960784313726
Model size: (2, 9)
Validation fitness: 0.9152659439372169 
Elapsed: 2.203556537628174

*** Epoch 1, batch 19/520 ***
Training fitness: 0.9274405526010147
Model size: (1, 7)
Validation fitness: 0.9228571986850507 !!!
Elapsed: 2.143212080001831

*** Epoch 1, batch 20/520 ***
Training fitness: 0.9215650369285234
Model size: (1, 5)
Validation fitness: 0.9121126910094779 
Elapsed: 2.147756576538086

*** Epoch 1, batch 21/520 ***
Training fitness: 0.9377403405969603
Model size: (1, 5)
Validation fitness: 0.9121126910094779 
Elapsed: 2.129142999649048

*** Epoch 1, batch 22/520 ***
Training fitness: 0.926458832933653
Model size: (2, 8)
Validation fitness: 0.9115414644135738 
Elapsed: 2.176561117172241

*** Epoch 1, batch 23/520 ***
Training fitness: 0.9191994069681246
Model size: (2, 10)
Validation fitness: 0.9209161262252865 
Elapsed: 2.1199803352355957

*** Epoch 1, batch 24/520 ***
Training fitness: 0.906381679389313
Model size: (4, 13)
Validation fitness: 0.9035113805766057 
Elapsed: 2.1674559116363525

*** Epoch 1, batch 25/520 ***
Training fitness: 0.9459261071690728
Model size: (2, 10)
Validation fitness: 0.9138869055841357 
Elapsed: 2.1464478969573975

*** Epoch 1, batch 26/520 ***
Training fitness: 0.9198307060050297
Model size: (5, 12)
Validation fitness: 0.9097841042633207 
Elapsed: 2.2672131061553955

*** Epoch 1, batch 27/520 ***
Training fitness: 0.9327838827838828
Model size: (3, 15)
Validation fitness: 0.9209785306710565 
Elapsed: 2.280852794647217

*** Epoch 1, batch 28/520 ***
Training fitness: 0.9265965255688768
Model size: (3, 15)
Validation fitness: 0.9209785306710565 
Elapsed: 2.3598880767822266

*** Epoch 1, batch 29/520 ***
Training fitness: 0.9280275116678949
Model size: (3, 14)
Validation fitness: 0.915328421702941 
Elapsed: 2.3825628757476807

*** Epoch 1, batch 30/520 ***
Training fitness: 0.9780927037564205
Model size: (7, 13)
Validation fitness: 0.9167026209390644 
Elapsed: 2.422616481781006

*** Epoch 1, batch 31/520 ***
Training fitness: 0.9157083435282604
Model size: (6, 12)
Validation fitness: 0.9119882945426785 
Elapsed: 2.36625337600708

*** Epoch 1, batch 32/520 ***
Training fitness: 0.9405526010147319
Model size: (4, 10)
Validation fitness: 0.9135468384729155 
Elapsed: 2.3953680992126465

*** Epoch 1, batch 33/520 ***
Training fitness: 0.9412920658314909
Model size: (7, 14)
Validation fitness: 0.9203415910664622 
Elapsed: 2.480790138244629

*** Epoch 1, batch 34/520 ***
Training fitness: 0.9287861129853401
Model size: (6, 15)
Validation fitness: 0.9174689427673238 
Elapsed: 2.621432065963745

*** Epoch 1, batch 35/520 ***
Training fitness: 0.9374351461881218
Model size: (6, 17)
Validation fitness: 0.9091242796681128 
Elapsed: 2.678027629852295

*** Epoch 1, batch 36/520 ***
Training fitness: 0.930392156862745
Model size: (8, 15)
Validation fitness: 0.9212745049949952 
Elapsed: 2.5506203174591064

*** Epoch 1, batch 37/520 ***
Training fitness: 0.9273305603131882
Model size: (8, 15)
Validation fitness: 0.922922765053833 !!!
Elapsed: 2.6013991832733154

*** Epoch 1, batch 38/520 ***
Training fitness: 0.9287986298018106
Model size: (5, 11)
Validation fitness: 0.9190610489064622 
Elapsed: 2.5738000869750977

*** Epoch 1, batch 39/520 ***
Training fitness: 0.9339901477832513
Model size: (8, 17)
Validation fitness: 0.9151581819349605 
Elapsed: 4.422846078872681

*** Epoch 1, batch 40/520 ***
Training fitness: 0.9483990147783251
Model size: (5, 14)
Validation fitness: 0.9044659880465014 
Elapsed: 5.06926703453064

*** Epoch 1, batch 41/520 ***
Training fitness: 0.9491240920466336
Model size: (8, 17)
Validation fitness: 0.9256706044614312 !!!
Elapsed: 4.750547170639038

*** Epoch 1, batch 42/520 ***
Training fitness: 0.9330992366412214
Model size: (4, 9)
Validation fitness: 0.9184792184122241 
Elapsed: 4.782403230667114

*** Epoch 1, batch 43/520 ***
Training fitness: 0.9216871146920588
Model size: (5, 11)
Validation fitness: 0.9121302511384389 
Elapsed: 5.017785310745239

*** Epoch 1, batch 44/520 ***
Training fitness: 0.9407380254154447
Model size: (9, 18)
Validation fitness: 0.9239670886523293 
Elapsed: 4.82506251335144

*** Epoch 1, batch 45/520 ***
Training fitness: 0.9467575534266764
Model size: (5, 11)
Validation fitness: 0.9190610489064622 
Elapsed: 5.108996391296387

*** Epoch 1, batch 46/520 ***
Training fitness: 0.9090992366412214
Model size: (8, 17)
Validation fitness: 0.9256706044614312 
Elapsed: 4.9680492877960205

*** Epoch 1, batch 47/520 ***
Training fitness: 0.9310515873015872
Model size: (9, 18)
Validation fitness: 0.9239670886523293 
Elapsed: 2.639821767807007

*** Epoch 1, batch 48/520 ***
Training fitness: 0.9385245901639344
Model size: (5, 9)
Validation fitness: 0.925447079416948 
Elapsed: 2.525131940841675

*** Epoch 1, batch 49/520 ***
Training fitness: 0.9445496183206107
Model size: (9, 18)
Validation fitness: 0.9199146306448666 
Elapsed: 2.496908664703369

*** Epoch 1, batch 50/520 ***
Training fitness: 0.9445211064416984
Model size: (7, 15)
Validation fitness: 0.9154664373511788 
Elapsed: 2.563532590866089

*** Epoch 1, batch 51/520 ***
Training fitness: 0.9391268895440005
Model size: (5, 11)
Validation fitness: 0.9113953744054119 
Elapsed: 2.7408902645111084

*** Epoch 1, batch 52/520 ***
Training fitness: 0.9346439305649267
Model size: (3, 9)
Validation fitness: 0.9065271769207556 
Elapsed: 2.587625026702881

*** Epoch 1, batch 53/520 ***
Training fitness: 0.921875
Model size: (7, 11)
Validation fitness: 0.9089404940386479 
Elapsed: 2.6165544986724854

*** Epoch 1, batch 54/520 ***
Training fitness: 0.9252136752136753
Model size: (4, 8)
Validation fitness: 0.9162408335393624 
Elapsed: 2.5276777744293213

*** Epoch 1, batch 55/520 ***
Training fitness: 0.9341487521620954
Model size: (4, 10)
Validation fitness: 0.9260369109511564 !!!
Elapsed: 2.652235269546509

*** Epoch 1, batch 56/520 ***
Training fitness: 0.9134208427896706
Model size: (4, 10)
Validation fitness: 0.9260369109511564 
Elapsed: 2.5568323135375977

*** Epoch 1, batch 57/520 ***
Training fitness: 0.9326735092864125
Model size: (7, 21)
Validation fitness: 0.9184631430123298 
Elapsed: 2.6483590602874756

*** Epoch 1, batch 58/520 ***
Training fitness: 0.9341487521620954
Model size: (4, 9)
Validation fitness: 0.915190479374657 
Elapsed: 2.5568501949310303

*** Epoch 1, batch 59/520 ***
Training fitness: 0.9147480916030535
Model size: (3, 6)
Validation fitness: 0.9094523314718863 
Elapsed: 2.404917001724243

*** Epoch 1, batch 60/520 ***
Training fitness: 0.9212824427480916
Model size: (7, 21)
Validation fitness: 0.9184631430123298 
Elapsed: 2.771480083465576

*** Epoch 1, batch 61/520 ***
Training fitness: 0.9314087191785032
Model size: (8, 22)
Validation fitness: 0.9184469942924816 
Elapsed: 2.788709878921509

*** Epoch 1, batch 62/520 ***
Training fitness: 0.9358762760559937
Model size: (6, 14)
Validation fitness: 0.9181040585380646 
Elapsed: 2.515148401260376

*** Epoch 1, batch 63/520 ***
Training fitness: 0.9408391093663743
Model size: (8, 14)
Validation fitness: 0.9164606375961848 
Elapsed: 2.562537908554077

*** Epoch 1, batch 64/520 ***
Training fitness: 0.915109466543324
Model size: (3, 9)
Validation fitness: 0.9065271769207556 
Elapsed: 2.4997305870056152

*** Epoch 1, batch 65/520 ***
Training fitness: 0.9091631517818938
Model size: (4, 6)
Validation fitness: 0.9008080463810297 
Elapsed: 2.5467488765716553

*** Epoch 1, batch 66/520 ***
Training fitness: 0.9198307060050297
Model size: (7, 16)
Validation fitness: 0.9191476764320048 
Elapsed: 2.5887300968170166

*** Epoch 1, batch 67/520 ***
Training fitness: 0.9321615787850756
Model size: (7, 17)
Validation fitness: 0.9148159518851 
Elapsed: 2.601853609085083

*** Epoch 1, batch 68/520 ***
Training fitness: 0.9464429947188568
Model size: (7, 17)
Validation fitness: 0.9148159518851 
Elapsed: 2.6611385345458984

*** Epoch 1, batch 69/520 ***
Training fitness: 0.93355440923606
Model size: (3, 6)
Validation fitness: 0.9137945132772172 
Elapsed: 4.834071159362793

*** Epoch 1, batch 70/520 ***
Training fitness: 0.9117063492063492
Model size: (3, 11)
Validation fitness: 0.9092262768889933 
Elapsed: 4.960611581802368

*** Epoch 1, batch 71/520 ***
Training fitness: 0.9224664224664224
Model size: (3, 6)
Validation fitness: 0.9104421050246752 
Elapsed: 4.643702268600464

*** Epoch 1, batch 72/520 ***
Training fitness: 0.9262295081967213
Model size: (4, 9)
Validation fitness: 0.9150169310437565 
Elapsed: 4.716606140136719

*** Epoch 1, batch 73/520 ***
Training fitness: 0.9296255303449549
Model size: (4, 7)
Validation fitness: 0.9259663588255082 
Elapsed: 4.517344951629639

*** Epoch 1, batch 74/520 ***
Training fitness: 0.9032751760024487
Model size: (4, 7)
Validation fitness: 0.9259663588255082 
Elapsed: 4.740032196044922

*** Epoch 1, batch 75/520 ***
Training fitness: 0.9109635368628174
Model size: (6, 8)
Validation fitness: 0.9140805160874244 
Elapsed: 4.868127822875977

*** Epoch 1, batch 76/520 ***
Training fitness: 0.924639099584047
Model size: (4, 7)
Validation fitness: 0.9150981603876924 
Elapsed: 4.811221361160278

*** Epoch 1, batch 77/520 ***
Training fitness: 0.9205496183206107
Model size: (5, 9)
Validation fitness: 0.9229858752041594 
Elapsed: 4.872230052947998

*** Epoch 1, batch 78/520 ***
Training fitness: 0.9532824427480916
Model size: (10, 19)
Validation fitness: 0.9052489443393037 
Elapsed: 5.368701696395874

*** Epoch 1, batch 79/520 ***
Training fitness: 0.9145455655252396
Model size: (4, 7)
Validation fitness: 0.9259663588255082 
Elapsed: 4.841391563415527

*** Epoch 1, batch 80/520 ***
Training fitness: 0.9131007040097949
Model size: (7, 14)
Validation fitness: 0.914926729170461 
Elapsed: 5.068277835845947

*** Epoch 1, batch 81/520 ***
Training fitness: 0.9385648854961832
Model size: (5, 7)
Validation fitness: 0.9168665368610203 
Elapsed: 5.0827624797821045

*** Epoch 1, batch 82/520 ***
Training fitness: 0.9473684210526316
Model size: (4, 8)
Validation fitness: 0.9180865717290575 
Elapsed: 5.117793321609497

*** Epoch 1, batch 83/520 ***
Training fitness: 0.932732824427481
Model size: (6, 12)
Validation fitness: 0.9140884438074407 
Elapsed: 5.112849712371826

*** Epoch 1, batch 84/520 ***
Training fitness: 0.9492424707109121
Model size: (9, 21)
Validation fitness: 0.9127070225558573 
Elapsed: 5.507566690444946

*** Epoch 1, batch 85/520 ***
Training fitness: 0.9188644688644689
Model size: (6, 12)
Validation fitness: 0.9140884438074407 
Elapsed: 5.169373512268066

*** Epoch 1, batch 86/520 ***
Training fitness: 0.9213338246131172
Model size: (8, 15)
Validation fitness: 0.9092567504948363 
Elapsed: 5.31334376335144

*** Epoch 1, batch 87/520 ***
Training fitness: 0.9219479243429133
Model size: (6, 13)
Validation fitness: 0.9147317072580595 
Elapsed: 5.214588165283203

*** Epoch 1, batch 88/520 ***
Training fitness: 0.9473039215686273
Model size: (4, 8)
Validation fitness: 0.9082741989575075 
Elapsed: 5.149282932281494

*** Epoch 1, batch 89/520 ***
Training fitness: 0.9269312977099237
Model size: (4, 8)
Validation fitness: 0.9225792702347676 
Elapsed: 4.998956918716431

*** Epoch 1, batch 90/520 ***
Training fitness: 0.9323784559695437
Model size: (4, 8)
Validation fitness: 0.9190732566787878 
Elapsed: 5.228803873062134

*** Epoch 1, batch 91/520 ***
Training fitness: 0.936732824427481
Model size: (4, 7)
Validation fitness: 0.9174892248995736 
Elapsed: 4.881152868270874

*** Epoch 1, batch 92/520 ***
Training fitness: 0.9310850439882697
Model size: (7, 15)
Validation fitness: 0.9169099239437454 
Elapsed: 5.0948920249938965

*** Epoch 1, batch 93/520 ***
Training fitness: 0.9604395604395605
Model size: (5, 9)
Validation fitness: 0.9220766986107042 
Elapsed: 4.956732511520386

*** Epoch 1, batch 94/520 ***
Training fitness: 0.9591133004926109
Model size: (7, 15)
Validation fitness: 0.9169099239437454 
Elapsed: 5.111797332763672

*** Epoch 1, batch 95/520 ***
Training fitness: 0.8929453916481345
Model size: (4, 7)
Validation fitness: 0.9076323469160015 
Elapsed: 4.569739818572998

*** Epoch 1, batch 96/520 ***
Training fitness: 0.9421984732824428
Model size: (5, 9)
Validation fitness: 0.9220766986107042 
Elapsed: 4.854610443115234

*** Epoch 1, batch 97/520 ***
Training fitness: 0.9453125
Model size: (3, 9)
Validation fitness: 0.9225044380568101 
Elapsed: 4.94238805770874

*** Epoch 1, batch 98/520 ***
Training fitness: 0.9321847507331378
Model size: (2, 7)
Validation fitness: 0.9112734341570683 
Elapsed: 4.750818490982056

*** Epoch 1, batch 99/520 ***
Training fitness: 0.9252578892754685
Model size: (4, 8)
Validation fitness: 0.9225792702347676 
Elapsed: 4.896686553955078

*** Epoch 1, batch 100/520 ***
Training fitness: 0.932876712328767
Model size: (5, 14)
Validation fitness: 0.9287370099037662 !!!
Elapsed: 4.700743675231934

*** Epoch 1, batch 101/520 ***
Training fitness: 0.9338954056695993
Model size: (5, 14)
Validation fitness: 0.9287370099037662 
Elapsed: 4.746017694473267

*** Epoch 1, batch 102/520 ***
Training fitness: 0.9442815249266862
Model size: (5, 14)
Validation fitness: 0.9287370099037662 
Elapsed: 4.856592416763306

*** Epoch 1, batch 103/520 ***
Training fitness: 0.916544477028348
Model size: (5, 10)
Validation fitness: 0.9215628907037043 
Elapsed: 4.973168134689331

*** Epoch 1, batch 104/520 ***
Training fitness: 0.9352941176470588
Model size: (7, 15)
Validation fitness: 0.9195865055211392 
Elapsed: 4.333224773406982

*** Epoch 1, batch 105/520 ***
Training fitness: 0.9418192918192918
Model size: (5, 14)
Validation fitness: 0.9287370099037662 
Elapsed: 4.823362827301025

*** Epoch 1, batch 106/520 ***
Training fitness: 0.9408473221422862
Model size: (5, 11)
Validation fitness: 0.9291405995900535 !!!
Elapsed: 5.0156495571136475

*** Epoch 1, batch 107/520 ***
Training fitness: 0.9266353115910638
Model size: (5, 14)
Validation fitness: 0.9282505136795971 
Elapsed: 4.791242599487305

*** Epoch 1, batch 108/520 ***
Training fitness: 0.9508196721311476
Model size: (4, 8)
Validation fitness: 0.9225792702347676 
Elapsed: 5.016544818878174

*** Epoch 1, batch 109/520 ***
Training fitness: 0.9152625152625152
Model size: (5, 11)
Validation fitness: 0.9291405995900535 
Elapsed: 5.076193332672119

*** Epoch 1, batch 110/520 ***
Training fitness: 0.9658096112641568
Model size: (5, 11)
Validation fitness: 0.9291405995900535 
Elapsed: 4.844507455825806

*** Epoch 1, batch 111/520 ***
Training fitness: 0.9027955807849599
Model size: (5, 10)
Validation fitness: 0.9193667014643168 
Elapsed: 4.886656999588013

*** Epoch 1, batch 112/520 ***
Training fitness: 0.9356060606060607
Model size: (5, 11)
Validation fitness: 0.9257868532483526 
Elapsed: 4.979373455047607

*** Epoch 1, batch 113/520 ***
Training fitness: 0.9107843137254903
Model size: (5, 11)
Validation fitness: 0.9291405995900535 
Elapsed: 4.763649940490723

*** Epoch 1, batch 114/520 ***
Training fitness: 0.9484236302418121
Model size: (5, 11)
Validation fitness: 0.9158862490772683 
Elapsed: 4.8823206424713135

*** Epoch 1, batch 115/520 ***
Training fitness: 0.9329166408812427
Model size: (5, 11)
Validation fitness: 0.9257868532483526 
Elapsed: 4.894697427749634

*** Epoch 1, batch 116/520 ***
Training fitness: 0.9453125
Model size: (5, 11)
Validation fitness: 0.9291405995900535 
Elapsed: 4.959832191467285

*** Epoch 1, batch 117/520 ***
Training fitness: 0.9229312977099237
Model size: (5, 8)
Validation fitness: 0.9132627328165156 
Elapsed: 4.919095277786255

*** Epoch 1, batch 118/520 ***
Training fitness: 0.9186393289841566
Model size: (5, 11)
Validation fitness: 0.9291405995900535 
Elapsed: 4.793335199356079

*** Epoch 1, batch 119/520 ***
Training fitness: 0.9453441295546557
Model size: (6, 13)
Validation fitness: 0.9271307255185407 
Elapsed: 5.015542030334473

*** Epoch 1, batch 120/520 ***
Training fitness: 0.9321821821821822
Model size: (5, 11)
Validation fitness: 0.9257868532483526 
Elapsed: 4.988850355148315

*** Epoch 1, batch 121/520 ***
Training fitness: 0.9175872183735879
Model size: (4, 10)
Validation fitness: 0.9202765837623283 
Elapsed: 4.848060846328735

*** Epoch 1, batch 122/520 ***
Training fitness: 0.9203323558162267
Model size: (7, 14)
Validation fitness: 0.9288211812108527 
Elapsed: 4.999669075012207

*** Epoch 1, batch 123/520 ***
Training fitness: 0.91015625
Model size: (7, 14)
Validation fitness: 0.9288211812108527 
Elapsed: 5.077827453613281

*** Epoch 1, batch 124/520 ***
Training fitness: 0.9321847507331378
Model size: (4, 10)
Validation fitness: 0.9202765837623283 
Elapsed: 5.107147455215454

*** Epoch 1, batch 125/520 ***
Training fitness: 0.9224369953511133
Model size: (4, 9)
Validation fitness: 0.9099897300740561 
Elapsed: 4.8850603103637695

*** Epoch 1, batch 126/520 ***
Training fitness: 0.9186169880796355
Model size: (6, 12)
Validation fitness: 0.8887957633824314 
Elapsed: 5.082849502563477

*** Epoch 1, batch 127/520 ***
Training fitness: 0.91015625
Model size: (5, 7)
Validation fitness: 0.9174918277579375 
Elapsed: 4.66861629486084

*** Epoch 1, batch 128/520 ***
Training fitness: 0.9300494414942319
Model size: (7, 15)
Validation fitness: 0.9196247602070907 
Elapsed: 4.966921091079712

*** Epoch 1, batch 129/520 ***
Training fitness: 0.9097712077531742
Model size: (9, 20)
Validation fitness: 0.915910252197179 
Elapsed: 5.1437342166900635

*** Epoch 1, batch 130/520 ***
Training fitness: 0.9562014793080261
Model size: (7, 15)
Validation fitness: 0.9184449504987663 
Elapsed: 4.91434645652771

*** Epoch 1, batch 131/520 ***
Training fitness: 0.938269694906863
Model size: (9, 21)
Validation fitness: 0.9121331197816357 
Elapsed: 5.181005477905273

*** Epoch 1, batch 132/520 ***
Training fitness: 0.9350058414806616
Model size: (5, 8)
Validation fitness: 0.9104711672214054 
Elapsed: 4.8850977420806885

*** Epoch 1, batch 133/520 ***
Training fitness: 0.9410059207715314
Model size: (3, 7)
Validation fitness: 0.9094175778137339 
Elapsed: 4.564897775650024

*** Epoch 1, batch 134/520 ***
Training fitness: 0.9286631212176784
Model size: (4, 9)
Validation fitness: 0.9072246971372664 
Elapsed: 4.442051410675049

*** Epoch 1, batch 135/520 ***
Training fitness: 0.9017241379310345
Model size: (5, 7)
Validation fitness: 0.9174918277579375 
Elapsed: 4.7663493156433105

*** Epoch 1, batch 136/520 ***
Training fitness: 0.9243646138807429
Model size: (6, 8)
Validation fitness: 0.8957959951468056 
Elapsed: 4.7514026165008545

*** Epoch 1, batch 137/520 ***
Training fitness: 0.9208386820710313
Model size: (6, 15)
Validation fitness: 0.9105251582024645 
Elapsed: 4.714863300323486

*** Epoch 1, batch 138/520 ***
Training fitness: 0.9250061169562025
Model size: (7, 12)
Validation fitness: 0.9154292274745705 
Elapsed: 4.572097063064575

*** Epoch 1, batch 139/520 ***
Training fitness: 0.9437927663734115
Model size: (9, 14)
Validation fitness: 0.9005534886660549 
Elapsed: 4.750382423400879

*** Epoch 1, batch 140/520 ***
Training fitness: 0.9208386820710313
Model size: (8, 14)
Validation fitness: 0.9121753887350637 
Elapsed: 4.399465322494507

*** Epoch 1, batch 141/520 ***
Training fitness: 0.9120098039215686
Model size: (8, 13)
Validation fitness: 0.917535847225265 
Elapsed: 4.440973997116089

*** Epoch 1, batch 142/520 ***
Training fitness: 0.9347466259230964
Model size: (7, 13)
Validation fitness: 0.9150943660800778 
Elapsed: 4.582631349563599

*** Epoch 1, batch 143/520 ***
Training fitness: 0.9604105571847508
Model size: (8, 13)
Validation fitness: 0.917535847225265 
Elapsed: 4.318864107131958

*** Epoch 1, batch 144/520 ***
Training fitness: 0.9225648854961832
Model size: (5, 7)
Validation fitness: 0.9174918277579375 
Elapsed: 4.428799390792847

*** Epoch 1, batch 145/520 ***
Training fitness: 0.953125
Model size: (8, 12)
Validation fitness: 0.9153693525672103 
Elapsed: 4.809706449508667

*** Epoch 1, batch 146/520 ***
Training fitness: 0.9385347170743761
Model size: (8, 13)
Validation fitness: 0.917535847225265 
Elapsed: 4.472182273864746

*** Epoch 1, batch 147/520 ***
Training fitness: 0.9208386820710313
Model size: (5, 7)
Validation fitness: 0.9174918277579375 
Elapsed: 4.529487609863281

*** Epoch 1, batch 148/520 ***
Training fitness: 0.921875
Model size: (4, 8)
Validation fitness: 0.9120817316589402 
Elapsed: 4.530930519104004

*** Epoch 1, batch 149/520 ***
Training fitness: 0.9305250305250305
Model size: (8, 15)
Validation fitness: 0.9201775285045986 
Elapsed: 4.70937705039978

*** Epoch 1, batch 150/520 ***
Training fitness: 0.920719724883321
Model size: (8, 15)
Validation fitness: 0.9201775285045986 
Elapsed: 4.766620874404907

*** Epoch 1, batch 151/520 ***
Training fitness: 0.9256851614478422
Model size: (4, 9)
Validation fitness: 0.910358639422145 
Elapsed: 4.351194620132446

*** Epoch 1, batch 152/520 ***
Training fitness: 0.9246089931573802
Model size: (5, 9)
Validation fitness: 0.9118979460294752 
Elapsed: 4.576402187347412

*** Epoch 1, batch 153/520 ***
Training fitness: 0.9607434214561736
Model size: (8, 12)
Validation fitness: 0.9153693525672103 
Elapsed: 4.847501993179321

*** Epoch 1, batch 154/520 ***
Training fitness: 0.9252824427480917
Model size: (4, 7)
Validation fitness: 0.9058003012276987 
Elapsed: 4.366747856140137

*** Epoch 1, batch 155/520 ***
Training fitness: 0.9226190476190477
Model size: (8, 15)
Validation fitness: 0.9201775285045986 
Elapsed: 4.863453388214111

*** Epoch 1, batch 156/520 ***
Training fitness: 0.9417994262345114
Model size: (8, 15)
Validation fitness: 0.9201775285045986 
Elapsed: 4.945377349853516

*** Epoch 1, batch 157/520 ***
Training fitness: 0.9306091215182124
Model size: (8, 15)
Validation fitness: 0.9201775285045986 
Elapsed: 4.855882406234741

*** Epoch 1, batch 158/520 ***
Training fitness: 0.9387480916030535
Model size: (6, 10)
Validation fitness: 0.9121033518803489 
Elapsed: 4.620816946029663

*** Epoch 1, batch 159/520 ***
Training fitness: 0.9419432006379194
Model size: (2, 5)
Validation fitness: 0.9030806258473953 
Elapsed: 4.424551010131836

*** Epoch 1, batch 160/520 ***
Training fitness: 0.9372138242488867
Model size: (4, 6)
Validation fitness: 0.9128969120714852 
Elapsed: 4.283583402633667

*** Epoch 1, batch 161/520 ***
Training fitness: 0.9264705882352942
Model size: (6, 10)
Validation fitness: 0.9168337536766291 
Elapsed: 4.33586311340332

*** Epoch 1, batch 162/520 ***
Training fitness: 0.9103448275862069
Model size: (6, 10)
Validation fitness: 0.9168337536766291 
Elapsed: 4.616276264190674

*** Epoch 1, batch 163/520 ***
Training fitness: 0.9233547597183961
Model size: (6, 10)
Validation fitness: 0.9168337536766291 
Elapsed: 4.29727840423584

*** Epoch 1, batch 164/520 ***
Training fitness: 0.9128592483419307
Model size: (4, 6)
Validation fitness: 0.9128969120714852 
Elapsed: 4.596614360809326

*** Epoch 1, batch 165/520 ***
Training fitness: 0.9263546798029556
Model size: (5, 9)
Validation fitness: 0.9160978321342589 
Elapsed: 4.461024045944214

*** Epoch 1, batch 166/520 ***
Training fitness: 0.9216871146920588
Model size: (5, 9)
Validation fitness: 0.9101283047869425 
Elapsed: 4.519461393356323

*** Epoch 1, batch 167/520 ***
Training fitness: 0.929130009775171
Model size: (5, 9)
Validation fitness: 0.9101283047869425 
Elapsed: 4.417469501495361

*** Epoch 1, batch 168/520 ***
Training fitness: 0.9178721845815784
Model size: (5, 11)
Validation fitness: 0.8982258275843158 
Elapsed: 4.663194179534912

*** Epoch 1, batch 169/520 ***
Training fitness: 0.934384164222874
Model size: (6, 12)
Validation fitness: 0.9071931787220802 
Elapsed: 4.633265733718872

*** Epoch 1, batch 170/520 ***
Training fitness: 0.9258013212625398
Model size: (4, 7)
Validation fitness: 0.9102621137028247 
Elapsed: 4.6489598751068115

*** Epoch 1, batch 171/520 ***
Training fitness: 0.94140625
Model size: (5, 7)
Validation fitness: 0.898678981559445 
Elapsed: 4.624318838119507

*** Epoch 1, batch 172/520 ***
Training fitness: 0.9322955275512725
Model size: (6, 14)
Validation fitness: 0.9028049336557066 
Elapsed: 4.758642911911011

*** Epoch 1, batch 173/520 ***
Training fitness: 0.9120056238156367
Model size: (4, 5)
Validation fitness: 0.9178259834478738 
Elapsed: 4.584842205047607

*** Epoch 1, batch 174/520 ***
Training fitness: 0.9182994567539523
Model size: (4, 5)
Validation fitness: 0.9178259834478738 
Elapsed: 4.55367374420166

*** Epoch 1, batch 175/520 ***
Training fitness: 0.9331802877257422
Model size: (3, 6)
Validation fitness: 0.9116479616466253 
Elapsed: 4.720205068588257

*** Epoch 1, batch 176/520 ***
Training fitness: 0.9159313725490196
Model size: (4, 7)
Validation fitness: 0.9137060619178212 
Elapsed: 4.957853078842163

*** Epoch 1, batch 177/520 ***
Training fitness: 0.9448250550526058
Model size: (9, 16)
Validation fitness: 0.9074414125910304 
Elapsed: 5.187552452087402

*** Epoch 1, batch 178/520 ***
Training fitness: 0.9168044077134987
Model size: (4, 7)
Validation fitness: 0.9265414530489811 
Elapsed: 4.857718467712402

*** Epoch 1, batch 179/520 ***
Training fitness: 0.916250385445575
Model size: (4, 7)
Validation fitness: 0.9265414530489811 
Elapsed: 4.832613706588745

*** Epoch 1, batch 180/520 ***
Training fitness: 0.9170329670329671
Model size: (4, 7)
Validation fitness: 0.9265414530489811 
Elapsed: 4.7768964767456055

*** Epoch 1, batch 181/520 ***
Training fitness: 0.9386608015640273
Model size: (4, 7)
Validation fitness: 0.9265414530489811 
Elapsed: 4.784939289093018

*** Epoch 1, batch 182/520 ***
Training fitness: 0.9304029304029303
Model size: (5, 8)
Validation fitness: 0.922058020352446 
Elapsed: 4.731288194656372

*** Epoch 1, batch 183/520 ***
Training fitness: 0.9318947046219773
Model size: (4, 7)
Validation fitness: 0.9265414530489811 
Elapsed: 4.930086374282837

*** Epoch 1, batch 184/520 ***
Training fitness: 0.9482332592043489
Model size: (4, 7)
Validation fitness: 0.9192372459206977 
Elapsed: 4.935792446136475

*** Epoch 1, batch 185/520 ***
Training fitness: 0.9253511623627554
Model size: (5, 11)
Validation fitness: 0.9060688905488526 
Elapsed: 5.078948020935059

*** Epoch 1, batch 186/520 ***
Training fitness: 0.9497536945812808
Model size: (9, 16)
Validation fitness: 0.8943753935448526 
Elapsed: 5.136539936065674

*** Epoch 1, batch 187/520 ***
Training fitness: 0.9120056238156367
Model size: (10, 20)
Validation fitness: 0.9042143722946769 
Elapsed: 5.48418116569519

*** Epoch 1, batch 188/520 ***
Training fitness: 0.9245844323130712
Model size: (10, 20)
Validation fitness: 0.9042143722946769 
Elapsed: 5.6657726764678955

*** Epoch 1, batch 189/520 ***
Training fitness: 0.9258320610687023
Model size: (5, 9)
Validation fitness: 0.9051944676135499 
Elapsed: 5.145888566970825

*** Epoch 1, batch 190/520 ***
Training fitness: 0.9109371176902373
Model size: (8, 15)
Validation fitness: 0.913520232494641 
Elapsed: 5.4484992027282715

*** Epoch 1, batch 191/520 ***
Training fitness: 0.9478263543011745
Model size: (3, 10)
Validation fitness: 0.9136393040997879 
Elapsed: 5.146139621734619

*** Epoch 1, batch 192/520 ***
Training fitness: 0.9027959807776321
Model size: (4, 10)
Validation fitness: 0.9112994810706943 
Elapsed: 5.1718010902404785

*** Epoch 1, batch 193/520 ***
Training fitness: 0.9021345764583205
Model size: (5, 10)
Validation fitness: 0.9121314425876899 
Elapsed: 4.984412431716919

*** Epoch 1, batch 194/520 ***
Training fitness: 0.9234809160305343
Model size: (6, 12)
Validation fitness: 0.9115072698200699 
Elapsed: 2.716658592224121

*** Epoch 1, batch 195/520 ***
Training fitness: 0.9453922789539229
Model size: (9, 20)
Validation fitness: 0.9142031620403241 
Elapsed: 3.1379761695861816

*** Epoch 1, batch 196/520 ***
Training fitness: 0.9241379310344828
Model size: (4, 9)
Validation fitness: 0.9097242293559605 
Elapsed: 2.636087656021118

*** Epoch 1, batch 197/520 ***
Training fitness: 0.9141636141636142
Model size: (5, 9)
Validation fitness: 0.9051944676135499 
Elapsed: 2.612067937850952

*** Epoch 1, batch 198/520 ***
Training fitness: 0.9529160305343511
Model size: (8, 13)
Validation fitness: 0.913451724162708 
Elapsed: 2.719588041305542

*** Epoch 1, batch 199/520 ***
Training fitness: 0.889022510021585
Model size: (8, 13)
Validation fitness: 0.913451724162708 
Elapsed: 2.8146586418151855

*** Epoch 1, batch 200/520 ***
Training fitness: 0.9083379179656459
Model size: (8, 13)
Validation fitness: 0.913451724162708 
Elapsed: 2.738691568374634

*** Epoch 1, batch 201/520 ***
Training fitness: 0.9530610999206495
Model size: (5, 9)
Validation fitness: 0.9252731186613067 
Elapsed: 2.7482361793518066

*** Epoch 1, batch 202/520 ***
Training fitness: 0.9411330049261084
Model size: (5, 9)
Validation fitness: 0.9252731186613067 
Elapsed: 2.7087340354919434

*** Epoch 1, batch 203/520 ***
Training fitness: 0.9170740763661118
Model size: (5, 9)
Validation fitness: 0.9252731186613067 
Elapsed: 2.5126681327819824

*** Epoch 1, batch 204/520 ***
Training fitness: 0.9360853830583327
Model size: (7, 15)
Validation fitness: 0.9080287145868289 
Elapsed: 2.6566696166992188

*** Epoch 1, batch 205/520 ***
Training fitness: 0.9039039039039038
Model size: (5, 10)
Validation fitness: 0.9150524637264192 
Elapsed: 2.599719285964966

*** Epoch 1, batch 206/520 ***
Training fitness: 0.9166666666666666
Model size: (15, 24)
Validation fitness: 0.9201898829168319 
Elapsed: 2.7128777503967285

*** Epoch 1, batch 207/520 ***
Training fitness: 0.9231150793650795
Model size: (8, 12)
Validation fitness: 0.9072710261831421 
Elapsed: 2.648026704788208

*** Epoch 1, batch 208/520 ***
Training fitness: 0.927811596876345
Model size: (5, 10)
Validation fitness: 0.9150524637264192 
Elapsed: 2.484212875366211

*** Epoch 1, batch 209/520 ***
Training fitness: 0.9396356745522342
Model size: (5, 9)
Validation fitness: 0.9252731186613067 
Elapsed: 2.4493579864501953

*** Epoch 1, batch 210/520 ***
Training fitness: 0.9520000000000001
Model size: (15, 24)
Validation fitness: 0.9201898829168319 
Elapsed: 2.6402904987335205

*** Epoch 1, batch 211/520 ***
Training fitness: 0.9232838193043585
Model size: (7, 15)
Validation fitness: 0.9080287145868289 
Elapsed: 2.514220952987671

*** Epoch 1, batch 212/520 ***
Training fitness: 0.9576354679802956
Model size: (5, 9)
Validation fitness: 0.9252731186613067 
Elapsed: 2.426203489303589

*** Epoch 1, batch 213/520 ***
Training fitness: 0.9242924384131059
Model size: (5, 10)
Validation fitness: 0.9150524637264192 
Elapsed: 2.436979293823242

*** Epoch 1, batch 214/520 ***
Training fitness: 0.9343093093093092
Model size: (15, 24)
Validation fitness: 0.9201898829168319 
Elapsed: 2.6780173778533936

*** Epoch 1, batch 215/520 ***
Training fitness: 0.9551470588235295
Model size: (5, 9)
Validation fitness: 0.9252731186613067 
Elapsed: 2.3962574005126953

*** Epoch 1, batch 216/520 ***
Training fitness: 0.9068546664225112
Model size: (15, 24)
Validation fitness: 0.9201898829168319 
Elapsed: 2.61348295211792

*** Epoch 1, batch 217/520 ***
Training fitness: 0.9549180327868853
Model size: (15, 24)
Validation fitness: 0.9201898829168319 
Elapsed: 2.5469417572021484

*** Epoch 1, batch 218/520 ***
Training fitness: 0.9362170087976539
Model size: (4, 9)
Validation fitness: 0.9106166981649189 
Elapsed: 2.436433792114258

*** Epoch 1, batch 219/520 ***
Training fitness: 0.9335591771958738
Model size: (5, 12)
Validation fitness: 0.9084620721744029 
Elapsed: 2.398310899734497

*** Epoch 1, batch 220/520 ***
Training fitness: 0.9090909090909091
Model size: (8, 12)
Validation fitness: 0.8850327358930209 
Elapsed: 2.2398362159729004

*** Epoch 1, batch 221/520 ***
Training fitness: 0.9088522588522588
Model size: (6, 8)
Validation fitness: 0.908499767795706 
Elapsed: 2.363614797592163

*** Epoch 1, batch 222/520 ***
Training fitness: 0.9260752688172044
Model size: (6, 13)
Validation fitness: 0.9110011971682075 
Elapsed: 2.4291751384735107

*** Epoch 1, batch 223/520 ***
Training fitness: 0.9287725742271196
Model size: (7, 10)
Validation fitness: 0.8874400957646582 
Elapsed: 2.3796184062957764

*** Epoch 1, batch 224/520 ***
Training fitness: 0.9318627450980392
Model size: (6, 10)
Validation fitness: 0.9108457680309163 
Elapsed: 2.409134864807129

*** Epoch 1, batch 225/520 ***
Training fitness: 0.9045785194694053
Model size: (2, 8)
Validation fitness: 0.9221478831209547 
Elapsed: 2.354912757873535

*** Epoch 1, batch 226/520 ***
Training fitness: 0.9380964032297529
Model size: (7, 9)
Validation fitness: 0.9129433877572687 
Elapsed: 2.2945239543914795

*** Epoch 1, batch 227/520 ***
Training fitness: 0.91836049563572
Model size: (2, 8)
Validation fitness: 0.9221478831209547 
Elapsed: 2.3181354999542236

*** Epoch 1, batch 228/520 ***
Training fitness: 0.9298320610687023
Model size: (3, 10)
Validation fitness: 0.9074370592187672 
Elapsed: 2.4716198444366455

*** Epoch 1, batch 229/520 ***
Training fitness: 0.9303519061583578
Model size: (2, 8)
Validation fitness: 0.9221478831209547 
Elapsed: 2.2894601821899414

*** Epoch 1, batch 230/520 ***
Training fitness: 0.9380952380952381
Model size: (7, 13)
Validation fitness: 0.9112381214342674 
Elapsed: 2.4482150077819824

*** Epoch 1, batch 231/520 ***
Training fitness: 0.9326504324357481
Model size: (2, 8)
Validation fitness: 0.9172739941748763 
Elapsed: 2.331333875656128

*** Epoch 1, batch 232/520 ***
Training fitness: 0.9267480916030535
Model size: (5, 9)
Validation fitness: 0.9095382532928725 
Elapsed: 2.405993938446045

*** Epoch 1, batch 233/520 ***
Training fitness: 0.924732824427481
Model size: (7, 9)
Validation fitness: 0.9130114836644608 
Elapsed: 2.1399106979370117

*** Epoch 1, batch 234/520 ***
Training fitness: 0.9261683386346954
Model size: (2, 8)
Validation fitness: 0.9221478831209547 
Elapsed: 2.2013416290283203

*** Epoch 1, batch 235/520 ***
Training fitness: 0.9494494494494495
Model size: (2, 8)
Validation fitness: 0.9221478831209547 
Elapsed: 2.216578245162964

*** Epoch 1, batch 236/520 ***
Training fitness: 0.9062442607897153
Model size: (13, 17)
Validation fitness: 0.9131532203003595 
Elapsed: 2.260460376739502

*** Epoch 1, batch 237/520 ***
Training fitness: 0.953125
Model size: (2, 8)
Validation fitness: 0.9221478831209547 
Elapsed: 2.2222354412078857

*** Epoch 1, batch 238/520 ***
Training fitness: 0.9468137254901959
Model size: (2, 8)
Validation fitness: 0.9221478831209547 
Elapsed: 2.2243833541870117

*** Epoch 1, batch 239/520 ***
Training fitness: 0.9548029556650245
Model size: (7, 9)
Validation fitness: 0.9130114836644608 
Elapsed: 2.2576448917388916

*** Epoch 1, batch 240/520 ***
Training fitness: 0.9335540838852098
Model size: (3, 9)
Validation fitness: 0.9152412351127499 
Elapsed: 2.3281350135803223

*** Epoch 1, batch 241/520 ***
Training fitness: 0.9269221321542619
Model size: (7, 10)
Validation fitness: 0.9151686391933866 
Elapsed: 2.397033452987671

*** Epoch 1, batch 242/520 ***
Training fitness: 0.9372501998401278
Model size: (7, 10)
Validation fitness: 0.9151686391933866 
Elapsed: 2.328144073486328

*** Epoch 1, batch 243/520 ***
Training fitness: 0.9611721611721611
Model size: (15, 19)
Validation fitness: 0.9200778408622662 
Elapsed: 2.330052375793457

*** Epoch 1, batch 244/520 ***
Training fitness: 0.9316959921798631
Model size: (8, 17)
Validation fitness: 0.9152261312022448 
Elapsed: 2.2607533931732178

*** Epoch 1, batch 245/520 ***
Training fitness: 0.8894607843137255
Model size: (6, 11)
Validation fitness: 0.9159857167597389 
Elapsed: 2.391955614089966

*** Epoch 1, batch 246/520 ***
Training fitness: 0.9522230410218618
Model size: (3, 9)
Validation fitness: 0.9134140285414051 
Elapsed: 2.4154858589172363

*** Epoch 1, batch 247/520 ***
Training fitness: 0.9152156275354179
Model size: (7, 10)
Validation fitness: 0.9151686391933866 
Elapsed: 2.3314125537872314

*** Epoch 1, batch 248/520 ***
Training fitness: 0.9365738178687819
Model size: (16, 21)
Validation fitness: 0.9244962662546672 
Elapsed: 2.3566014766693115

*** Epoch 1, batch 249/520 ***
Training fitness: 0.9150769796969883
Model size: (16, 21)
Validation fitness: 0.9254185762848662 
Elapsed: 2.387246608734131

*** Epoch 1, batch 250/520 ***
Training fitness: 0.9296875
Model size: (9, 20)
Validation fitness: 0.9233721980413014 
Elapsed: 2.296024799346924

*** Epoch 1, batch 251/520 ***
Training fitness: 0.9369160305343511
Model size: (12, 19)
Validation fitness: 0.8913142671391991 
Elapsed: 2.4677953720092773

*** Epoch 1, batch 252/520 ***
Training fitness: 0.9386608015640273
Model size: (9, 20)
Validation fitness: 0.9233721980413014 
Elapsed: 2.283494234085083

*** Epoch 1, batch 253/520 ***
Training fitness: 0.9612068965517242
Model size: (16, 21)
Validation fitness: 0.9254185762848662 
Elapsed: 2.4216816425323486

*** Epoch 1, batch 254/520 ***
Training fitness: 0.9323232323232324
Model size: (5, 10)
Validation fitness: 0.9116638904066119 
Elapsed: 2.3889293670654297

*** Epoch 1, batch 255/520 ***
Training fitness: 0.9198027834987206
Model size: (8, 11)
Validation fitness: 0.9108585348678906 
Elapsed: 2.3818845748901367

*** Epoch 1, batch 256/520 ***
Training fitness: 0.93128078817734
Model size: (7, 14)
Validation fitness: 0.9109615310731431 
Elapsed: 2.4814798831939697

*** Epoch 1, batch 257/520 ***
Training fitness: 0.9679863147605083
Model size: (8, 13)
Validation fitness: 0.9150528761511599 
Elapsed: 2.396764039993286

*** Epoch 1, batch 258/520 ***
Training fitness: 0.9386270554434868
Model size: (8, 13)
Validation fitness: 0.9150528761511599 
Elapsed: 2.2922563552856445

*** Epoch 1, batch 259/520 ***
Training fitness: 0.9085740913327119
Model size: (8, 13)
Validation fitness: 0.9150528761511599 
Elapsed: 2.466944932937622

*** Epoch 1, batch 260/520 ***
Training fitness: 0.9130780523611451
Model size: (7, 13)
Validation fitness: 0.9049905923167141 
Elapsed: 2.3756730556488037

*** Epoch 1, batch 261/520 ***
Training fitness: 0.9019410364402125
Model size: (8, 13)
Validation fitness: 0.9150528761511599 
Elapsed: 2.355836868286133

*** Epoch 1, batch 262/520 ***
Training fitness: 0.9385245901639344
Model size: (4, 10)
Validation fitness: 0.9166652644225481 
Elapsed: 2.3774707317352295

*** Epoch 1, batch 263/520 ***
Training fitness: 0.9358331294347932
Model size: (4, 10)
Validation fitness: 0.9166652644225481 
Elapsed: 2.4015276432037354

*** Epoch 1, batch 264/520 ***
Training fitness: 0.9280303030303031
Model size: (4, 10)
Validation fitness: 0.9166652644225481 
Elapsed: 2.4991841316223145

*** Epoch 1, batch 265/520 ***
Training fitness: 0.9467213114754098
Model size: (4, 10)
Validation fitness: 0.9166652644225481 
Elapsed: 2.4825096130371094

*** Epoch 1, batch 266/520 ***
Training fitness: 0.9403261675315049
Model size: (4, 10)
Validation fitness: 0.9166652644225481 
Elapsed: 2.544902801513672

*** Epoch 1, batch 267/520 ***
Training fitness: 0.9176045999510644
Model size: (17, 24)
Validation fitness: 0.9112059706344786 
Elapsed: 2.4432942867279053

*** Epoch 1, batch 268/520 ***
Training fitness: 0.9141858578293702
Model size: (9, 16)
Validation fitness: 0.912616674042654 
Elapsed: 2.5228734016418457

*** Epoch 1, batch 269/520 ***
Training fitness: 0.9344658708295072
Model size: (8, 12)
Validation fitness: 0.9116808181509705 
Elapsed: 2.5215814113616943

*** Epoch 1, batch 270/520 ***
Training fitness: 0.928641611397691
Model size: (5, 12)
Validation fitness: 0.9115397138996744 
Elapsed: 2.523444890975952

*** Epoch 1, batch 271/520 ***
Training fitness: 0.9454212454212455
Model size: (7, 12)
Validation fitness: 0.9126686945499518 
Elapsed: 2.5141589641571045

*** Epoch 1, batch 272/520 ***
Training fitness: 0.9223585423915034
Model size: (6, 13)
Validation fitness: 0.907494963652366 
Elapsed: 2.5728821754455566

*** Epoch 1, batch 273/520 ***
Training fitness: 0.9373623684854416
Model size: (9, 16)
Validation fitness: 0.9138843760457258 
Elapsed: 2.6119256019592285

*** Epoch 1, batch 274/520 ***
Training fitness: 0.9187480916030535
Model size: (5, 13)
Validation fitness: 0.928129205815856 
Elapsed: 2.5638251304626465

*** Epoch 1, batch 275/520 ***
Training fitness: 0.9325299730853928
Model size: (11, 19)
Validation fitness: 0.9153786183763853 
Elapsed: 2.6040570735931396

*** Epoch 1, batch 276/520 ***
Training fitness: 0.9201670351265046
Model size: (5, 16)
Validation fitness: 0.90357132880392 
Elapsed: 2.4609827995300293

*** Epoch 1, batch 277/520 ***
Training fitness: 0.9094627594627595
Model size: (9, 17)
Validation fitness: 0.90871648324947 
Elapsed: 2.538383960723877

*** Epoch 1, batch 278/520 ***
Training fitness: 0.9481481481481481
Model size: (5, 10)
Validation fitness: 0.9064815994044073 
Elapsed: 2.5470693111419678

*** Epoch 1, batch 279/520 ***
Training fitness: 0.9669117647058824
Model size: (4, 10)
Validation fitness: 0.9192774710804107 
Elapsed: 2.4643056392669678

*** Epoch 1, batch 280/520 ***
Training fitness: 0.9289215686274509
Model size: (12, 22)
Validation fitness: 0.91361087428766 
Elapsed: 2.598341464996338

*** Epoch 1, batch 281/520 ***
Training fitness: 0.9231150793650795
Model size: (12, 22)
Validation fitness: 0.91361087428766 
Elapsed: 2.5396969318389893

*** Epoch 1, batch 282/520 ***
Training fitness: 0.9453125
Model size: (5, 11)
Validation fitness: 0.911186733311572 
Elapsed: 2.4535391330718994

*** Epoch 1, batch 283/520 ***
Training fitness: 0.9283664122137405
Model size: (4, 10)
Validation fitness: 0.9192774710804107 
Elapsed: 2.4716527462005615

*** Epoch 1, batch 284/520 ***
Training fitness: 0.9279081133919843
Model size: (7, 12)
Validation fitness: 0.912208025279547 
Elapsed: 2.544687271118164

*** Epoch 1, batch 285/520 ***
Training fitness: 0.925091575091575
Model size: (4, 10)
Validation fitness: 0.9192774710804107 
Elapsed: 2.3830442428588867

*** Epoch 1, batch 286/520 ***
Training fitness: 0.9343711843711844
Model size: (4, 10)
Validation fitness: 0.9192774710804107 
Elapsed: 2.327547788619995

*** Epoch 1, batch 287/520 ***
Training fitness: 0.9319999999999999
Model size: (4, 10)
Validation fitness: 0.9192774710804107 
Elapsed: 2.5081329345703125

*** Epoch 1, batch 288/520 ***
Training fitness: 0.9520998585746787
Model size: (13, 18)
Validation fitness: 0.9147032774459317 
Elapsed: 2.459071636199951

*** Epoch 1, batch 289/520 ***
Training fitness: 0.9390266299357208
Model size: (5, 8)
Validation fitness: 0.920329942358785 
Elapsed: 2.4184982776641846

*** Epoch 1, batch 290/520 ***
Training fitness: 0.9218242041342085
Model size: (7, 12)
Validation fitness: 0.912208025279547 
Elapsed: 2.4729530811309814

*** Epoch 1, batch 291/520 ***
Training fitness: 0.9454212454212455
Model size: (6, 11)
Validation fitness: 0.9112549025387181 
Elapsed: 2.2577595710754395

*** Epoch 1, batch 292/520 ***
Training fitness: 0.9414529914529914
Model size: (5, 8)
Validation fitness: 0.9078263973390136 
Elapsed: 2.300694465637207

*** Epoch 1, batch 293/520 ***
Training fitness: 0.9419061655612871
Model size: (10, 18)
Validation fitness: 0.9141441853023994 
Elapsed: 2.4028947353363037

*** Epoch 1, batch 294/520 ***
Training fitness: 0.8923611111111112
Model size: (10, 18)
Validation fitness: 0.9141441853023994 
Elapsed: 2.349024772644043

*** Epoch 1, batch 295/520 ***
Training fitness: 0.9476961394769615
Model size: (11, 16)
Validation fitness: 0.9138911856364451 
Elapsed: 2.3504509925842285

*** Epoch 1, batch 296/520 ***
Training fitness: 0.9236811541047741
Model size: (5, 12)
Validation fitness: 0.9146739952893397 
Elapsed: 2.470027446746826

*** Epoch 1, batch 297/520 ***
Training fitness: 0.9198394279621152
Model size: (5, 12)
Validation fitness: 0.9146739952893397 
Elapsed: 2.4950995445251465

*** Epoch 1, batch 298/520 ***
Training fitness: 0.9428326074955529
Model size: (15, 21)
Validation fitness: 0.9151006166061484 
Elapsed: 2.495333671569824

*** Epoch 1, batch 299/520 ***
Training fitness: 0.9329389788293898
Model size: (4, 7)
Validation fitness: 0.9140587492261079 
Elapsed: 2.449446201324463

*** Epoch 1, batch 300/520 ***
Training fitness: 0.9209160305343511
Model size: (5, 8)
Validation fitness: 0.920329942358785 
Elapsed: 2.5626742839813232

*** Epoch 1, batch 301/520 ***
Training fitness: 0.9180023516306702
Model size: (15, 22)
Validation fitness: 0.915255340038883 
Elapsed: 2.750415563583374

*** Epoch 1, batch 302/520 ***
Training fitness: 0.9334656488549619
Model size: (8, 15)
Validation fitness: 0.9182742983060451 
Elapsed: 2.517613410949707

*** Epoch 1, batch 303/520 ***
Training fitness: 0.9153770572340948
Model size: (8, 15)
Validation fitness: 0.9182742983060451 
Elapsed: 2.4956369400024414

*** Epoch 1, batch 304/520 ***
Training fitness: 0.9538123167155426
Model size: (15, 25)
Validation fitness: 0.917698498378016 
Elapsed: 2.408195734024048

*** Epoch 1, batch 305/520 ***
Training fitness: 0.902991452991453
Model size: (15, 25)
Validation fitness: 0.917698498378016 
Elapsed: 2.450112819671631

*** Epoch 1, batch 306/520 ***
Training fitness: 0.9372520295428187
Model size: (16, 24)
Validation fitness: 0.920577470523179 
Elapsed: 2.555708885192871

*** Epoch 1, batch 307/520 ***
Training fitness: 0.9360837438423646
Model size: (16, 26)
Validation fitness: 0.9246856700256003 
Elapsed: 2.704435348510742

*** Epoch 1, batch 308/520 ***
Training fitness: 0.9399926596525569
Model size: (15, 24)
Validation fitness: 0.917770315272869 
Elapsed: 2.52980899810791

*** Epoch 1, batch 309/520 ***
Training fitness: 0.9441832061068702
Model size: (18, 30)
Validation fitness: 0.9272124406071713 
Elapsed: 2.7916085720062256

*** Epoch 1, batch 310/520 ***
Training fitness: 0.9589269195189638
Model size: (5, 8)
Validation fitness: 0.9149550856626351 
Elapsed: 2.542060136795044

*** Epoch 1, batch 311/520 ***
Training fitness: 0.9285714285714286
Model size: (18, 30)
Validation fitness: 0.9272124406071713 
Elapsed: 2.803642511367798

*** Epoch 1, batch 312/520 ***
Training fitness: 0.9098501596659296
Model size: (18, 28)
Validation fitness: 0.9244097120490786 
Elapsed: 2.5311615467071533

*** Epoch 1, batch 313/520 ***
Training fitness: 0.94024926686217
Model size: (19, 32)
Validation fitness: 0.9249196523285098 
Elapsed: 2.817009210586548

*** Epoch 1, batch 314/520 ***
Training fitness: 0.9202348911181796
Model size: (18, 31)
Validation fitness: 0.9230095392192832 
Elapsed: 2.8498971462249756

*** Epoch 1, batch 315/520 ***
Training fitness: 0.9467575534266764
Model size: (18, 31)
Validation fitness: 0.9230095392192832 
Elapsed: 2.8216633796691895

*** Epoch 1, batch 316/520 ***
Training fitness: 0.9108747478452228
Model size: (18, 31)
Validation fitness: 0.9253412145684988 
Elapsed: 2.8147332668304443

*** Epoch 1, batch 317/520 ***
Training fitness: 0.9179118243866445
Model size: (18, 31)
Validation fitness: 0.9253412145684988 
Elapsed: 2.906271457672119

*** Epoch 1, batch 318/520 ***
Training fitness: 0.9107306354147592
Model size: (18, 32)
Validation fitness: 0.9273473676523508 
Elapsed: 2.7304389476776123

*** Epoch 1, batch 319/520 ***
Training fitness: 0.9638487888426719
Model size: (18, 31)
Validation fitness: 0.9253412145684988 
Elapsed: 2.857128858566284

*** Epoch 1, batch 320/520 ***
Training fitness: 0.9261904761904762
Model size: (18, 31)
Validation fitness: 0.9253412145684988 
Elapsed: 2.9879586696624756

*** Epoch 1, batch 321/520 ***
Training fitness: 0.9445211064416984
Model size: (18, 31)
Validation fitness: 0.9253412145684988 
Elapsed: 2.9388484954833984

*** Epoch 1, batch 322/520 ***
Training fitness: 0.9301104803759995
Model size: (7, 15)
Validation fitness: 0.916167119490702 
Elapsed: 2.300771474838257

*** Epoch 1, batch 323/520 ***
Training fitness: 0.944915254237288
Model size: (18, 32)
Validation fitness: 0.9273473676523508 
Elapsed: 2.6480300426483154

*** Epoch 1, batch 324/520 ***
Training fitness: 0.9634803921568628
Model size: (6, 18)
Validation fitness: 0.915823065606988 
Elapsed: 2.3304190635681152

*** Epoch 1, batch 325/520 ***
Training fitness: 0.9301715192577672
Model size: (18, 32)
Validation fitness: 0.9273473676523508 
Elapsed: 2.70133638381958

*** Epoch 1, batch 326/520 ***
Training fitness: 0.9145455655252396
Model size: (18, 29)
Validation fitness: 0.929176471377503 !!!
Elapsed: 2.6698482036590576

*** Epoch 1, batch 327/520 ***
Training fitness: 0.9593834108147786
Model size: (18, 29)
Validation fitness: 0.929176471377503 
Elapsed: 2.5745859146118164

*** Epoch 1, batch 328/520 ***
Training fitness: 0.9296798029556651
Model size: (18, 28)
Validation fitness: 0.927998558822986 
Elapsed: 2.386542558670044

*** Epoch 1, batch 329/520 ***
Training fitness: 0.9305962854349951
Model size: (18, 29)
Validation fitness: 0.929176471377503 
Elapsed: 2.567880868911743

*** Epoch 1, batch 330/520 ***
Training fitness: 0.9188341634384799
Model size: (18, 29)
Validation fitness: 0.929176471377503 
Elapsed: 2.540647029876709

*** Epoch 1, batch 331/520 ***
Training fitness: 0.9426920960938933
Model size: (18, 29)
Validation fitness: 0.929176471377503 
Elapsed: 2.5591464042663574

*** Epoch 1, batch 332/520 ***
Training fitness: 0.9334370994323383
Model size: (19, 29)
Validation fitness: 0.9167589214986716 
Elapsed: 2.583738327026367

*** Epoch 1, batch 333/520 ***
Training fitness: 0.9439655172413793
Model size: (6, 11)
Validation fitness: 0.9188714984956211 
Elapsed: 2.5071029663085938

*** Epoch 1, batch 334/520 ***
Training fitness: 0.9554817684314088
Model size: (6, 11)
Validation fitness: 0.9188714984956211 
Elapsed: 2.3617873191833496

*** Epoch 1, batch 335/520 ***
Training fitness: 0.8950980392156862
Model size: (18, 27)
Validation fitness: 0.9277843729076318 
Elapsed: 2.3627984523773193

*** Epoch 1, batch 336/520 ***
Training fitness: 0.9189388356669123
Model size: (18, 27)
Validation fitness: 0.9277843729076318 
Elapsed: 2.3553342819213867

*** Epoch 1, batch 337/520 ***
Training fitness: 0.9292938637064446
Model size: (18, 28)
Validation fitness: 0.9259305603580125 
Elapsed: 2.369530200958252

*** Epoch 1, batch 338/520 ***
Training fitness: 0.9421947638854906
Model size: (18, 27)
Validation fitness: 0.9277843729076318 
Elapsed: 2.4034578800201416

*** Epoch 1, batch 339/520 ***
Training fitness: 0.9328399629972248
Model size: (11, 17)
Validation fitness: 0.9076467451219502 
Elapsed: 2.422616958618164

*** Epoch 1, batch 340/520 ***
Training fitness: 0.9013755833947433
Model size: (19, 27)
Validation fitness: 0.9223798949501028 
Elapsed: 2.3946104049682617

*** Epoch 1, batch 341/520 ***
Training fitness: 0.9233425840271353
Model size: (18, 27)
Validation fitness: 0.9268615038127842 
Elapsed: 2.3346238136291504

*** Epoch 1, batch 342/520 ***
Training fitness: 0.928396871945259
Model size: (19, 28)
Validation fitness: 0.9250262228815151 
Elapsed: 2.3088443279266357

*** Epoch 1, batch 343/520 ***
Training fitness: 0.9258308895405669
Model size: (4, 9)
Validation fitness: 0.9090377987824783 
Elapsed: 2.3265130519866943

*** Epoch 1, batch 344/520 ***
Training fitness: 0.9056695992179863
Model size: (7, 14)
Validation fitness: 0.9107535223639057 
Elapsed: 2.387404441833496

*** Epoch 1, batch 345/520 ***
Training fitness: 0.9359726295210166
Model size: (8, 15)
Validation fitness: 0.9070622384493944 
Elapsed: 2.398587465286255

*** Epoch 1, batch 346/520 ***
Training fitness: 0.9060152671755726
Model size: (9, 19)
Validation fitness: 0.9086892448865931 
Elapsed: 2.3996737003326416

*** Epoch 1, batch 347/520 ***
Training fitness: 0.9136752136752138
Model size: (17, 31)
Validation fitness: 0.8878823800566207 
Elapsed: 2.698697566986084

*** Epoch 1, batch 348/520 ***
Training fitness: 0.929496855345912
Model size: (18, 29)
Validation fitness: 0.9167899541691632 
Elapsed: 2.3560543060302734

*** Epoch 1, batch 349/520 ***
Training fitness: 0.914057254471098
Model size: (5, 12)
Validation fitness: 0.9181158538856495 
Elapsed: 2.3354907035827637

*** Epoch 1, batch 350/520 ***
Training fitness: 0.907726633657314
Model size: (18, 28)
Validation fitness: 0.9175568350620712 
Elapsed: 2.49613094329834

*** Epoch 1, batch 351/520 ***
Training fitness: 0.9493894993894995
Model size: (11, 21)
Validation fitness: 0.9022208669028743 
Elapsed: 2.5435211658477783

*** Epoch 1, batch 352/520 ***
Training fitness: 0.8919133839001713
Model size: (5, 12)
Validation fitness: 0.9181158538856495 
Elapsed: 2.3905088901519775

*** Epoch 1, batch 353/520 ***
Training fitness: 0.9540653402112504
Model size: (19, 30)
Validation fitness: 0.9061211310160121 
Elapsed: 2.4161109924316406

*** Epoch 1, batch 354/520 ***
Training fitness: 0.9260152671755725
Model size: (16, 25)
Validation fitness: 0.9197320364646526 
Elapsed: 2.4350574016571045

*** Epoch 1, batch 355/520 ***
Training fitness: 0.940982404692082
Model size: (16, 25)
Validation fitness: 0.9197320364646526 
Elapsed: 2.4473187923431396

*** Epoch 1, batch 356/520 ***
Training fitness: 0.953125
Model size: (14, 25)
Validation fitness: 0.890933049203848 
Elapsed: 2.301353931427002

*** Epoch 1, batch 357/520 ***
Training fitness: 0.9074209915031481
Model size: (14, 22)
Validation fitness: 0.923397465930417 
Elapsed: 2.4731991291046143

*** Epoch 1, batch 358/520 ***
Training fitness: 0.9216488549618321
Model size: (4, 9)
Validation fitness: 0.910611785728007 
Elapsed: 2.3808727264404297

*** Epoch 1, batch 359/520 ***
Training fitness: 0.9283664122137405
Model size: (14, 22)
Validation fitness: 0.923397465930417 
Elapsed: 2.4494266510009766

*** Epoch 1, batch 360/520 ***
Training fitness: 0.9632384450566269
Model size: (14, 22)
Validation fitness: 0.923397465930417 
Elapsed: 2.4525749683380127

*** Epoch 1, batch 361/520 ***
Training fitness: 0.9357843137254902
Model size: (14, 23)
Validation fitness: 0.9097958996109057 
Elapsed: 2.151271104812622

*** Epoch 1, batch 362/520 ***
Training fitness: 0.9491452991452991
Model size: (4, 9)
Validation fitness: 0.9191278800444495 
Elapsed: 2.4043893814086914

*** Epoch 1, batch 363/520 ***
Training fitness: 0.8984466860573055
Model size: (16, 25)
Validation fitness: 0.9164005427289629 
Elapsed: 2.430515766143799

*** Epoch 1, batch 364/520 ***
Training fitness: 0.9227480916030535
Model size: (15, 23)
Validation fitness: 0.9250769786196081 
Elapsed: 2.3883204460144043

*** Epoch 1, batch 365/520 ***
Training fitness: 0.933264007829704
Model size: (15, 23)
Validation fitness: 0.9250769786196081 
Elapsed: 2.297537326812744

*** Epoch 1, batch 366/520 ***
Training fitness: 0.936732824427481
Model size: (16, 22)
Validation fitness: 0.9114530130541779 
Elapsed: 2.2144854068756104

*** Epoch 1, batch 367/520 ***
Training fitness: 0.91836049563572
Model size: (17, 29)
Validation fitness: 0.917226180399934 
Elapsed: 2.1087584495544434

*** Epoch 1, batch 368/520 ***
Training fitness: 0.8963175923660386
Model size: (14, 21)
Validation fitness: 0.9110308184295863 
Elapsed: 2.3241453170776367

*** Epoch 1, batch 369/520 ***
Training fitness: 0.9373130684245864
Model size: (19, 29)
Validation fitness: 0.9131167894482616 
Elapsed: 2.0161354541778564

*** Epoch 1, batch 370/520 ***
Training fitness: 0.945648854961832
Model size: (14, 21)
Validation fitness: 0.9160544450515337 
Elapsed: 2.375746011734009

*** Epoch 1, batch 371/520 ***
Training fitness: 0.9492913000977518
Model size: (19, 29)
Validation fitness: 0.9131167894482616 
Elapsed: 2.1630191802978516

*** Epoch 1, batch 372/520 ***
Training fitness: 0.9421855921855922
Model size: (18, 28)
Validation fitness: 0.9166251859027432 
Elapsed: 2.056710958480835

*** Epoch 1, batch 373/520 ***
Training fitness: 0.9296875
Model size: (14, 21)
Validation fitness: 0.9160544450515337 
Elapsed: 2.4570508003234863

*** Epoch 1, batch 374/520 ***
Training fitness: 0.9254085723095898
Model size: (16, 24)
Validation fitness: 0.9163430507201046 
Elapsed: 2.1562998294830322

*** Epoch 1, batch 375/520 ***
Training fitness: 0.9249460376194881
Model size: (19, 26)
Validation fitness: 0.9171791456495019 
Elapsed: 2.070915937423706

*** Epoch 1, batch 376/520 ***
Training fitness: 0.9412824427480916
Model size: (1, 5)
Validation fitness: 0.9156399123621255 
Elapsed: 1.9952573776245117

*** Epoch 1, batch 377/520 ***
Training fitness: 0.9171901770416905
Model size: (1, 5)
Validation fitness: 0.9170908409300138 
Elapsed: 2.031202793121338

*** Epoch 1, batch 378/520 ***
Training fitness: 0.9276364081233178
Model size: (5, 12)
Validation fitness: 0.9108047638466933 
Elapsed: 2.242011308670044

*** Epoch 1, batch 379/520 ***
Training fitness: 0.9264319334922673
Model size: (1, 5)
Validation fitness: 0.9170908409300138 
Elapsed: 2.0474960803985596

*** Epoch 1, batch 380/520 ***
Training fitness: 0.9410866910866912
Model size: (18, 29)
Validation fitness: 0.9166115667213047 
Elapsed: 2.036951780319214

*** Epoch 1, batch 381/520 ***
Training fitness: 0.9122189276006919
Model size: (18, 29)
Validation fitness: 0.9166115667213047 
Elapsed: 2.0850894451141357

*** Epoch 1, batch 382/520 ***
Training fitness: 0.9455769819406182
Model size: (2, 7)
Validation fitness: 0.9144483806261701 
Elapsed: 2.1242120265960693

*** Epoch 1, batch 383/520 ***
Training fitness: 0.9442292319990162
Model size: (3, 11)
Validation fitness: 0.9172690084180106 
Elapsed: 2.272623300552368

*** Epoch 1, batch 384/520 ***
Training fitness: 0.9417285162240078
Model size: (12, 17)
Validation fitness: 0.9114033021254281 
Elapsed: 2.2371139526367188

*** Epoch 1, batch 385/520 ***
Training fitness: 0.9363381716322893
Model size: (3, 8)
Validation fitness: 0.9132145066168326 
Elapsed: 2.402499198913574

*** Epoch 1, batch 386/520 ***
Training fitness: 0.9495356793743891
Model size: (5, 14)
Validation fitness: 0.9171508624772818 
Elapsed: 2.3920438289642334

*** Epoch 1, batch 387/520 ***
Training fitness: 0.9100592077153146
Model size: (3, 10)
Validation fitness: 0.9148345568234043 
Elapsed: 2.2509078979492188

*** Epoch 1, batch 388/520 ***
Training fitness: 0.8989805944485384
Model size: (3, 10)
Validation fitness: 0.9148345568234043 
Elapsed: 2.2583975791931152

*** Epoch 1, batch 389/520 ***
Training fitness: 0.9355333374225602
Model size: (21, 30)
Validation fitness: 0.9147972003068879 
Elapsed: 2.274343490600586

*** Epoch 1, batch 390/520 ***
Training fitness: 0.910791674296527
Model size: (21, 30)
Validation fitness: 0.9147972003068879 
Elapsed: 2.2886998653411865

*** Epoch 1, batch 391/520 ***
Training fitness: 0.941648854961832
Model size: (5, 13)
Validation fitness: 0.9144291433032633 
Elapsed: 2.4841904640197754

*** Epoch 1, batch 392/520 ***
Training fitness: 0.9146318732525629
Model size: (6, 13)
Validation fitness: 0.9136251258537009 
Elapsed: 2.3210208415985107

*** Epoch 1, batch 393/520 ***
Training fitness: 0.9227731864095501
Model size: (10, 11)
Validation fitness: 0.8817898401566349 
Elapsed: 2.2597997188568115

*** Epoch 1, batch 394/520 ***
Training fitness: 0.9483664122137405
Model size: (9, 14)
Validation fitness: 0.906721199848785 
Elapsed: 2.28495454788208

*** Epoch 1, batch 395/520 ***
Training fitness: 0.9052824427480916
Model size: (5, 11)
Validation fitness: 0.909359673380135 
Elapsed: 2.4317989349365234

*** Epoch 1, batch 396/520 ***
Training fitness: 0.9255020448025392
Model size: (9, 15)
Validation fitness: 0.913032544821221 
Elapsed: 2.2538487911224365

*** Epoch 1, batch 397/520 ***
Training fitness: 0.9311999510972553
Model size: (21, 30)
Validation fitness: 0.9147972003068879 
Elapsed: 2.3481574058532715

*** Epoch 1, batch 398/520 ***
Training fitness: 0.9339864493682476
Model size: (21, 30)
Validation fitness: 0.9147972003068879 
Elapsed: 2.3789589405059814

*** Epoch 1, batch 399/520 ***
Training fitness: 0.9375
Model size: (5, 11)
Validation fitness: 0.909359673380135 
Elapsed: 2.371685028076172

*** Epoch 1, batch 400/520 ***
Training fitness: 0.890625
Model size: (9, 15)
Validation fitness: 0.913032544821221 
Elapsed: 2.2212636470794678

*** Epoch 1, batch 401/520 ***
Training fitness: 0.9179369452096725
Model size: (7, 13)
Validation fitness: 0.9031089090196155 
Elapsed: 2.2823894023895264

*** Epoch 1, batch 402/520 ***
Training fitness: 0.9094627594627595
Model size: (5, 11)
Validation fitness: 0.9142526530092122 
Elapsed: 2.2676618099212646

*** Epoch 1, batch 403/520 ***
Training fitness: 0.9365020879390813
Model size: (10, 15)
Validation fitness: 0.9040967854185968 
Elapsed: 2.277798652648926

*** Epoch 1, batch 404/520 ***
Training fitness: 0.9485581622678396
Model size: (5, 10)
Validation fitness: 0.9162224485609199 
Elapsed: 2.310880422592163

*** Epoch 1, batch 405/520 ***
Training fitness: 0.9231761238025055
Model size: (7, 12)
Validation fitness: 0.9131081560236889 
Elapsed: 2.2132461071014404

*** Epoch 1, batch 406/520 ***
Training fitness: 0.9287374602397848
Model size: (4, 7)
Validation fitness: 0.9237503731985655 
Elapsed: 2.2619545459747314

*** Epoch 1, batch 407/520 ***
Training fitness: 0.93359375
Model size: (4, 10)
Validation fitness: 0.9103372849855692 
Elapsed: 2.3025755882263184

*** Epoch 1, batch 408/520 ***
Training fitness: 0.9249037227214377
Model size: (5, 12)
Validation fitness: 0.9147621075439487 
Elapsed: 2.3684561252593994

*** Epoch 1, batch 409/520 ***
Training fitness: 0.9339901477832513
Model size: (5, 12)
Validation fitness: 0.9147621075439487 
Elapsed: 2.299513578414917

*** Epoch 1, batch 410/520 ***
Training fitness: 0.9179369452096725
Model size: (5, 10)
Validation fitness: 0.9162224485609199 
Elapsed: 2.2226524353027344

*** Epoch 1, batch 411/520 ***
Training fitness: 0.9556372549019608
Model size: (4, 7)
Validation fitness: 0.9237503731985655 
Elapsed: 2.1131443977355957

*** Epoch 1, batch 412/520 ***
Training fitness: 0.8979496738117428
Model size: (5, 9)
Validation fitness: 0.9151595200241193 
Elapsed: 2.150526285171509

*** Epoch 1, batch 413/520 ***
Training fitness: 0.9225620240727094
Model size: (5, 9)
Validation fitness: 0.9157511753921811 
Elapsed: 2.1621575355529785

*** Epoch 1, batch 414/520 ***
Training fitness: 0.9414656488549618
Model size: (5, 11)
Validation fitness: 0.9009072482786675 
Elapsed: 2.1301331520080566

*** Epoch 1, batch 415/520 ***
Training fitness: 0.8888379485298612
Model size: (4, 8)
Validation fitness: 0.891190768841835 
Elapsed: 2.112504005432129

*** Epoch 1, batch 416/520 ***
Training fitness: 0.9207957957957957
Model size: (8, 11)
Validation fitness: 0.9152950794539012 
Elapsed: 2.2440037727355957

*** Epoch 1, batch 417/520 ***
Training fitness: 0.946722584653619
Model size: (8, 11)
Validation fitness: 0.9152950794539012 
Elapsed: 2.327601909637451

*** Epoch 1, batch 418/520 ***
Training fitness: 0.9275381038491345
Model size: (6, 11)
Validation fitness: 0.9111058705674056 
Elapsed: 2.302084445953369

*** Epoch 1, batch 419/520 ***
Training fitness: 0.9471192524289869
Model size: (9, 13)
Validation fitness: 0.9073205171520301 
Elapsed: 2.1258511543273926

*** Epoch 1, batch 420/520 ***
Training fitness: 0.9337606837606838
Model size: (6, 11)
Validation fitness: 0.9111058705674056 
Elapsed: 2.280902624130249

*** Epoch 1, batch 421/520 ***
Training fitness: 0.9376182628334249
Model size: (6, 11)
Validation fitness: 0.9111058705674056 
Elapsed: 2.3642287254333496

*** Epoch 1, batch 422/520 ***
Training fitness: 0.9332824427480917
Model size: (13, 20)
Validation fitness: 0.9023556473081459 
Elapsed: 2.3120193481445312

*** Epoch 1, batch 423/520 ***
Training fitness: 0.9492647058823529
Model size: (13, 20)
Validation fitness: 0.9023556473081459 
Elapsed: 2.3328757286071777

*** Epoch 1, batch 424/520 ***
Training fitness: 0.9220691766146312
Model size: (6, 11)
Validation fitness: 0.9111058705674056 
Elapsed: 2.3272857666015625

*** Epoch 1, batch 425/520 ***
Training fitness: 0.9037698412698413
Model size: (7, 13)
Validation fitness: 0.9160774766820551 
Elapsed: 2.415799856185913

*** Epoch 1, batch 426/520 ***
Training fitness: 0.9333760605505707
Model size: (5, 11)
Validation fitness: 0.9195240277554152 
Elapsed: 2.197490692138672

*** Epoch 1, batch 427/520 ***
Training fitness: 0.9191994069681246
Model size: (5, 11)
Validation fitness: 0.9195240277554152 
Elapsed: 2.1833746433258057

*** Epoch 1, batch 428/520 ***
Training fitness: 0.9375
Model size: (5, 12)
Validation fitness: 0.9217629716929255 
Elapsed: 2.1776204109191895

*** Epoch 1, batch 429/520 ***
Training fitness: 0.9299019607843138
Model size: (5, 12)
Validation fitness: 0.9217629716929255 
Elapsed: 2.2912631034851074

*** Epoch 1, batch 430/520 ***
Training fitness: 0.9112068965517242
Model size: (5, 12)
Validation fitness: 0.9184314779572357 
Elapsed: 2.150709629058838

*** Epoch 1, batch 431/520 ***
Training fitness: 0.91015625
Model size: (9, 11)
Validation fitness: 0.9139821665342508 
Elapsed: 2.1601529121398926

*** Epoch 1, batch 432/520 ***
Training fitness: 0.9063492063492063
Model size: (7, 12)
Validation fitness: 0.9103994969664603 
Elapsed: 2.2952005863189697

*** Epoch 1, batch 433/520 ***
Training fitness: 0.9086792452830188
Model size: (15, 25)
Validation fitness: 0.9124371684654984 
Elapsed: 2.349773406982422

*** Epoch 1, batch 434/520 ***
Training fitness: 0.9151785714285714
Model size: (9, 12)
Validation fitness: 0.9143875067344377 
Elapsed: 2.242201566696167

*** Epoch 1, batch 435/520 ***
Training fitness: 0.9455433455433455
Model size: (5, 11)
Validation fitness: 0.9207948183615454 
Elapsed: 2.2003440856933594

*** Epoch 1, batch 436/520 ***
Training fitness: 0.933264007829704
Model size: (5, 11)
Validation fitness: 0.9207948183615454 
Elapsed: 2.323103427886963

*** Epoch 1, batch 437/520 ***
Training fitness: 0.9340277777777778
Model size: (8, 14)
Validation fitness: 0.9147831687007089 
Elapsed: 2.286709785461426

*** Epoch 1, batch 438/520 ***
Training fitness: 0.9134208427896706
Model size: (5, 11)
Validation fitness: 0.9169785055956322 
Elapsed: 2.256133794784546

*** Epoch 1, batch 439/520 ***
Training fitness: 0.9503807418324736
Model size: (5, 11)
Validation fitness: 0.9169785055956322 
Elapsed: 2.2130706310272217

*** Epoch 1, batch 440/520 ***
Training fitness: 0.904030534351145
Model size: (6, 13)
Validation fitness: 0.9197139172710431 
Elapsed: 2.2530317306518555

*** Epoch 1, batch 441/520 ***
Training fitness: 0.937984496124031
Model size: (5, 11)
Validation fitness: 0.9169785055956322 
Elapsed: 2.2380599975585938

*** Epoch 1, batch 442/520 ***
Training fitness: 0.9328788995332842
Model size: (6, 11)
Validation fitness: 0.9127565868446992 
Elapsed: 2.1016921997070312

*** Epoch 1, batch 443/520 ***
Training fitness: 0.9344932844932845
Model size: (5, 11)
Validation fitness: 0.9169785055956322 
Elapsed: 2.283038377761841

*** Epoch 1, batch 444/520 ***
Training fitness: 0.9558895405669598
Model size: (7, 14)
Validation fitness: 0.9080998990970794 
Elapsed: 2.330723285675049

*** Epoch 1, batch 445/520 ***
Training fitness: 0.9191691691691691
Model size: (6, 11)
Validation fitness: 0.921443333353863 
Elapsed: 2.2578775882720947

*** Epoch 1, batch 446/520 ***
Training fitness: 0.9345588235294117
Model size: (7, 14)
Validation fitness: 0.916925513598945 
Elapsed: 2.215519905090332

*** Epoch 1, batch 447/520 ***
Training fitness: 0.9548856038765872
Model size: (5, 11)
Validation fitness: 0.9250031912509938 
Elapsed: 2.2852702140808105

*** Epoch 1, batch 448/520 ***
Training fitness: 0.9309312977099237
Model size: (4, 10)
Validation fitness: 0.9257268317010846 
Elapsed: 2.2149415016174316

*** Epoch 1, batch 449/520 ***
Training fitness: 0.9077380952380953
Model size: (11, 14)
Validation fitness: 0.9131865625493994 
Elapsed: 2.228046178817749

*** Epoch 1, batch 450/520 ***
Training fitness: 0.9301104803759995
Model size: (11, 14)
Validation fitness: 0.9131865625493994 
Elapsed: 2.226187229156494

*** Epoch 1, batch 451/520 ***
Training fitness: 0.9220093343158929
Model size: (7, 14)
Validation fitness: 0.916925513598945 
Elapsed: 2.2795166969299316

*** Epoch 1, batch 452/520 ***
Training fitness: 0.9323573017049667
Model size: (8, 11)
Validation fitness: 0.9157283637215214 
Elapsed: 2.238906145095825

*** Epoch 1, batch 453/520 ***
Training fitness: 0.9133761861034588
Model size: (8, 16)
Validation fitness: 0.9135563975619063 
Elapsed: 2.482121467590332

*** Epoch 1, batch 454/520 ***
Training fitness: 0.9453922789539229
Model size: (8, 16)
Validation fitness: 0.9135563975619063 
Elapsed: 2.513240337371826

*** Epoch 1, batch 455/520 ***
Training fitness: 0.91727761485826
Model size: (8, 17)
Validation fitness: 0.9172610073780403 
Elapsed: 2.4533448219299316

*** Epoch 1, batch 456/520 ***
Training fitness: 0.9372501998401278
Model size: (11, 15)
Validation fitness: 0.9093024471561096 
Elapsed: 2.2178845405578613

*** Epoch 1, batch 457/520 ***
Training fitness: 0.9386270554434868
Model size: (1, 5)
Validation fitness: 0.8983542841435629 
Elapsed: 2.100515842437744

*** Epoch 1, batch 458/520 ***
Training fitness: 0.9306091215182124
Model size: (11, 15)
Validation fitness: 0.9093024471561096 
Elapsed: 2.2489356994628906

*** Epoch 1, batch 459/520 ***
Training fitness: 0.9231527093596059
Model size: (6, 13)
Validation fitness: 0.9128721299270643 
Elapsed: 2.3202879428863525

*** Epoch 1, batch 460/520 ***
Training fitness: 0.927791300006241
Model size: (5, 9)
Validation fitness: 0.8836907607766402 
Elapsed: 2.1165385246276855

*** Epoch 1, batch 461/520 ***
Training fitness: 0.937801379478728
Model size: (6, 13)
Validation fitness: 0.9128721299270643 
Elapsed: 2.237837314605713

*** Epoch 1, batch 462/520 ***
Training fitness: 0.908724340175953
Model size: (5, 11)
Validation fitness: 0.9159598898059749 
Elapsed: 2.2409961223602295

*** Epoch 1, batch 463/520 ***
Training fitness: 0.9120056238156367
Model size: (7, 14)
Validation fitness: 0.9100267933107568 
Elapsed: 2.4584953784942627

*** Epoch 1, batch 464/520 ***
Training fitness: 0.9255865102639296
Model size: (7, 15)
Validation fitness: 0.9168048381198066 
Elapsed: 2.409169912338257

*** Epoch 1, batch 465/520 ***
Training fitness: 0.9260752688172044
Model size: (8, 11)
Validation fitness: 0.9157283637215214 
Elapsed: 2.2232887744903564

*** Epoch 1, batch 466/520 ***
Training fitness: 0.9192786603692572
Model size: (8, 11)
Validation fitness: 0.9157283637215214 
Elapsed: 2.2221407890319824

*** Epoch 1, batch 467/520 ***
Training fitness: 0.9334929992630803
Model size: (3, 11)
Validation fitness: 0.907986106528614 
Elapsed: 2.163177490234375

*** Epoch 1, batch 468/520 ***
Training fitness: 0.9405876951331497
Model size: (8, 17)
Validation fitness: 0.9009358247307032 
Elapsed: 2.433769464492798

*** Epoch 1, batch 469/520 ***
Training fitness: 0.9308026162968396
Model size: (8, 11)
Validation fitness: 0.9157283637215214 
Elapsed: 2.2928061485290527

*** Epoch 1, batch 470/520 ***
Training fitness: 0.9294117647058824
Model size: (7, 15)
Validation fitness: 0.9168048381198066 
Elapsed: 2.4627723693847656

*** Epoch 1, batch 471/520 ***
Training fitness: 0.934659788749693
Model size: (4, 7)
Validation fitness: 0.8965189298923399 
Elapsed: 2.268611192703247

*** Epoch 1, batch 472/520 ***
Training fitness: 0.9238051187172373
Model size: (3, 7)
Validation fitness: 0.9080441576021208 
Elapsed: 2.2980051040649414

*** Epoch 1, batch 473/520 ***
Training fitness: 0.9286195286195287
Model size: (3, 7)
Validation fitness: 0.9080441576021208 
Elapsed: 2.4969117641448975

*** Epoch 1, batch 474/520 ***
Training fitness: 0.9333760605505707
Model size: (8, 17)
Validation fitness: 0.9171335223081826 
Elapsed: 2.5340940952301025

*** Epoch 1, batch 475/520 ***
Training fitness: 0.9140625
Model size: (5, 9)
Validation fitness: 0.8860640726946812 
Elapsed: 2.3711211681365967

*** Epoch 1, batch 476/520 ***
Training fitness: 0.9098150521882439
Model size: (8, 18)
Validation fitness: 0.916322548627993 
Elapsed: 2.4656689167022705

*** Epoch 1, batch 477/520 ***
Training fitness: 0.9325980392156863
Model size: (8, 18)
Validation fitness: 0.9210424198458932 
Elapsed: 2.5614442825317383

*** Epoch 1, batch 478/520 ***
Training fitness: 0.9243899394620233
Model size: (5, 9)
Validation fitness: 0.9234946973542936 
Elapsed: 2.5342254638671875

*** Epoch 1, batch 479/520 ***
Training fitness: 0.9253421309872922
Model size: (8, 18)
Validation fitness: 0.9210424198458932 
Elapsed: 2.535832405090332

*** Epoch 1, batch 480/520 ***
Training fitness: 0.9455442491520196
Model size: (9, 19)
Validation fitness: 0.9177933469033904 
Elapsed: 2.5368199348449707

*** Epoch 1, batch 481/520 ***
Training fitness: 0.907107843137255
Model size: (5, 9)
Validation fitness: 0.9234946973542936 
Elapsed: 2.4547903537750244

*** Epoch 1, batch 482/520 ***
Training fitness: 0.9216260758102911
Model size: (3, 7)
Validation fitness: 0.9049900332520655 
Elapsed: 2.282066822052002

*** Epoch 1, batch 483/520 ***
Training fitness: 0.9379901960784314
Model size: (5, 9)
Validation fitness: 0.9234946973542936 
Elapsed: 2.4399986267089844

*** Epoch 1, batch 484/520 ***
Training fitness: 0.9329877936576091
Model size: (5, 12)
Validation fitness: 0.9065618572589541 
Elapsed: 2.392667293548584

*** Epoch 1, batch 485/520 ***
Training fitness: 0.9485347985347985
Model size: (5, 9)
Validation fitness: 0.9234946973542936 
Elapsed: 2.4593913555145264

*** Epoch 1, batch 486/520 ***
Training fitness: 0.9222105328300019
Model size: (5, 9)
Validation fitness: 0.9202604350424801 
Elapsed: 2.3025643825531006

*** Epoch 1, batch 487/520 ***
Training fitness: 0.9261852124785065
Model size: (5, 9)
Validation fitness: 0.9234946973542936 
Elapsed: 2.466765880584717

*** Epoch 1, batch 488/520 ***
Training fitness: 0.9328788995332842
Model size: (8, 13)
Validation fitness: 0.9050334203347906 
Elapsed: 2.287480115890503

*** Epoch 1, batch 489/520 ***
Training fitness: 0.9673298943748466
Model size: (5, 12)
Validation fitness: 0.9158422296099409 
Elapsed: 2.4521644115448

*** Epoch 1, batch 490/520 ***
Training fitness: 0.8864779874213836
Model size: (5, 14)
Validation fitness: 0.8987406069807049 
Elapsed: 2.3699357509613037

*** Epoch 1, batch 491/520 ***
Training fitness: 0.9437007152026408
Model size: (5, 10)
Validation fitness: 0.9033143148704891 
Elapsed: 2.4047060012817383

*** Epoch 1, batch 492/520 ***
Training fitness: 0.9322049631784146
Model size: (7, 11)
Validation fitness: 0.9188344352589206 
Elapsed: 2.3902699947357178

*** Epoch 1, batch 493/520 ***
Training fitness: 0.9180572851805728
Model size: (8, 18)
Validation fitness: 0.9036888423600461 
Elapsed: 2.3659214973449707

*** Epoch 1, batch 494/520 ***
Training fitness: 0.9412500762986022
Model size: (6, 13)
Validation fitness: 0.9099822880987345 
Elapsed: 2.309063673019409

*** Epoch 1, batch 495/520 ***
Training fitness: 0.9144607843137256
Model size: (3, 7)
Validation fitness: 0.9072380230388892 
Elapsed: 2.3302154541015625

*** Epoch 1, batch 496/520 ***
Training fitness: 0.9424603174603176
Model size: (6, 14)
Validation fitness: 0.8996406644048928 
Elapsed: 2.33766508102417

*** Epoch 1, batch 497/520 ***
Training fitness: 0.9184215345174876
Model size: (4, 10)
Validation fitness: 0.9102383763677471 
Elapsed: 2.381291627883911

*** Epoch 1, batch 498/520 ***
Training fitness: 0.9285714285714285
Model size: (3, 7)
Validation fitness: 0.9072380230388892 
Elapsed: 2.3749327659606934

*** Epoch 1, batch 499/520 ***
Training fitness: 0.9235894614585244
Model size: (3, 7)
Validation fitness: 0.9046402145869755 
Elapsed: 2.327263116836548

*** Epoch 1, batch 500/520 ***
Training fitness: 0.917750106818043
Model size: (4, 8)
Validation fitness: 0.9094189892228466 
Elapsed: 2.403292417526245

*** Epoch 1, batch 501/520 ***
Training fitness: 0.9066176470588235
Model size: (4, 10)
Validation fitness: 0.9102383763677471 
Elapsed: 2.355522632598877

*** Epoch 1, batch 502/520 ***
Training fitness: 0.9313598519888991
Model size: (7, 11)
Validation fitness: 0.9188344352589206 
Elapsed: 2.2585411071777344

*** Epoch 1, batch 503/520 ***
Training fitness: 0.9584022038567493
Model size: (3, 7)
Validation fitness: 0.9046402145869755 
Elapsed: 2.4076526165008545

*** Epoch 1, batch 504/520 ***
Training fitness: 0.9224782067247821
Model size: (7, 16)
Validation fitness: 0.905329880403424 
Elapsed: 2.1798861026763916

*** Epoch 1, batch 505/520 ***
Training fitness: 0.9458834412580944
Model size: (8, 12)
Validation fitness: 0.9141714236652762 
Elapsed: 2.161501884460449

*** Epoch 1, batch 506/520 ***
Training fitness: 0.915018315018315
Model size: (7, 9)
Validation fitness: 0.9150287263913415 
Elapsed: 2.40297532081604

*** Epoch 1, batch 507/520 ***
Training fitness: 0.9343137254901961
Model size: (8, 17)
Validation fitness: 0.8972851784006455 
Elapsed: 2.3462629318237305

*** Epoch 1, batch 508/520 ***
Training fitness: 0.912868797153898
Model size: (4, 9)
Validation fitness: 0.9031266616134555 
Elapsed: 2.4393997192382812

*** Epoch 1, batch 509/520 ***
Training fitness: 0.9080322758114799
Model size: (10, 15)
Validation fitness: 0.915899721618799 
Elapsed: 2.32749342918396

*** Epoch 1, batch 510/520 ***
Training fitness: 0.9395111766150823
Model size: (11, 16)
Validation fitness: 0.8991091772240069 
Elapsed: 2.2209160327911377

*** Epoch 1, batch 511/520 ***
Training fitness: 0.8982843137254902
Model size: (11, 18)
Validation fitness: 0.9158669384344079 
Elapsed: 2.313387870788574

*** Epoch 1, batch 512/520 ***
Training fitness: 0.9412500762986022
Model size: (12, 20)
Validation fitness: 0.9136658367581083 
Elapsed: 2.2906336784362793

*** Epoch 1, batch 513/520 ***
Training fitness: 0.9224977043158861
Model size: (11, 14)
Validation fitness: 0.9122571038236943 
Elapsed: 2.2940633296966553

*** Epoch 1, batch 514/520 ***
Training fitness: 0.9570992366412213
Model size: (11, 16)
Validation fitness: 0.9132863968316395 
Elapsed: 2.285611867904663

*** Epoch 1, batch 515/520 ***
Training fitness: 0.9088235294117647
Model size: (6, 10)
Validation fitness: 0.8833236752624047 
Elapsed: 2.3029892444610596

*** Epoch 1, batch 516/520 ***
Training fitness: 0.9105295378022651
Model size: (8, 17)
Validation fitness: 0.9138442975259209 
Elapsed: 2.3420112133026123

*** Epoch 1, batch 517/520 ***
Training fitness: 0.8993055555555556
Model size: (7, 9)
Validation fitness: 0.9016225944089722 
Elapsed: 2.1538028717041016

*** Epoch 1, batch 518/520 ***
Training fitness: 0.9509803921568626
Model size: (9, 19)
Validation fitness: 0.9237534618016238 
Elapsed: 2.3426501750946045

*** Epoch 1, batch 519/520 ***
Training fitness: 0.9273339455157636
Model size: (9, 19)
Validation fitness: 0.9237534618016238 
Elapsed: 2.383608341217041

*** Epoch 1, batch 520/520 ***
Training fitness: 0.9170708661417323
Model size: (7, 15)
Validation fitness: 0.9212238225768562 
Elapsed: 2.2224042415618896

Total train time: 1569.3335468769073
Test time: 0.40697813034057617
Test fitness: 0.929922469774794
Test statistics: Stats(total=14791, total_true=7158, total_false=7633, true_positive=6302, true_negative=7476, false_positive=157, false_negative=856, tpr=0.8804135233305392, tnr=0.9794314162190488, ppv=0.9756928317076947, npv=0.8972635621699472, accuracy=0.9315124061929552, f1=0.9256076962620254, mcc=0.8663758640008085)
