Configuration:
Dataset: unsw2015
Selector: pca
Fold: 8
Batch size: 1
Epochs: 10
[0. 0. 0. ... 0. 0. 0.]
[0. 0. 0. ... 0. 0. 0.]
Epoch 1/10
 - 2115s - loss: 0.0290
 - val_mcc: 0.873264
Epoch 2/10
 - 2137s - loss: 0.0261
 - val_mcc: 0.869323
Epoch 3/10
 - 2111s - loss: 0.0255
 - val_mcc: 0.872429
Epoch 4/10
 - 2111s - loss: 0.0254
 - val_mcc: 0.865946
Epoch 5/10
 - 2108s - loss: 0.0255
 - val_mcc: 0.870951
Epoch 6/10
 - 2109s - loss: 0.0255
 - val_mcc: 0.871810
Epoch 7/10
 - 2087s - loss: 0.0256
 - val_mcc: 0.869985
Epoch 8/10
 - 2017s - loss: 0.0257
 - val_mcc: 0.877891
Epoch 9/10
 - 1917s - loss: 0.0255
 - val_mcc: 0.866602
Epoch 10/10
 - 1948s - loss: 0.0252
 - val_mcc: 0.877048
Total train time: 20718.69736623764
Test time: 5.481416463851929
Test statistics: Stats(total=205942, total_true=9972, total_false=195970, true_positive=9023, true_negative=194431, false_positive=1539, false_negative=949, tpr=0.9048335338949057, tnr=0.9921467571567076, ppv=0.8542889604241621, npv=0.995142798648787, accuracy=0.9879189286303911, f1=0.878835102756404, mcc=0.8728823210958839)
