Configuration:
Dataset: nsl_kdd
Selector: pca
Fold: 3
Batch size: 1
Epochs: 10
[1. 1. 1. ... 1. 0. 0.]
[1. 1. 0. ... 0. 1. 0.]
Epoch 1/10
 - 159s - loss: 0.1835
 - val_mcc: 0.893471
Epoch 2/10
 - 160s - loss: 0.1238
 - val_mcc: 0.914707
Epoch 3/10
 - 156s - loss: 0.1048
 - val_mcc: 0.924419
Epoch 4/10
 - 158s - loss: 0.0982
 - val_mcc: 0.924770
Epoch 5/10
 - 155s - loss: 0.0948
 - val_mcc: 0.925323
Epoch 6/10
 - 154s - loss: 0.0926
 - val_mcc: 0.929175
Epoch 7/10
 - 158s - loss: 0.0910
 - val_mcc: 0.926543
Epoch 8/10
 - 159s - loss: 0.0894
 - val_mcc: 0.930308
Epoch 9/10
 - 164s - loss: 0.0879
 - val_mcc: 0.930260
Epoch 10/10
 - 141s - loss: 0.0872
 - val_mcc: 0.929250
Total train time: 1568.2148039340973
Test time: 0.32737278938293457
Test statistics: Stats(total=14791, total_true=7158, total_false=7633, true_positive=6779, true_negative=7475, false_positive=158, false_negative=379, tpr=0.9470522492316289, tnr=0.9793004061312721, ppv=0.9772235836817068, npv=0.9517443340972753, accuracy=0.9636941383273613, f1=0.9619013834693153, mcc=0.9276593649511146)
