Configuration:
Dataset: nsl_kdd
Selector: pca
Fitness: mcc
Batch size: 512
Epochs: 1
Config args: {}
*** Epoch 1, batch 1/232 ***
Training fitness: 0.7689253418428459
Model size: (1, 12)
Validation fitness: 0.7569670241192277 !!!
Elapsed: 3.191831350326538

*** Epoch 1, batch 2/232 ***
Training fitness: 0.7945576617081433
Model size: (2, 12)
Validation fitness: 0.7513764405415342 
Elapsed: 3.281665325164795

*** Epoch 1, batch 3/232 ***
Training fitness: 0.823562906576111
Model size: (1, 11)
Validation fitness: 0.7417356340990015 
Elapsed: 3.2720985412597656

*** Epoch 1, batch 4/232 ***
Training fitness: 0.800266373506469
Model size: (2, 11)
Validation fitness: 0.7716702590146988 !!!
Elapsed: 3.3381078243255615

*** Epoch 1, batch 5/232 ***
Training fitness: 0.7936601018980485
Model size: (1, 9)
Validation fitness: 0.7810840025446347 !!!
Elapsed: 3.2530229091644287

*** Epoch 1, batch 6/232 ***
Training fitness: 0.8296455663893737
Model size: (3, 13)
Validation fitness: 0.7908867149681174 !!!
Elapsed: 3.4929873943328857

*** Epoch 1, batch 7/232 ***
Training fitness: 0.8326571355119383
Model size: (1, 8)
Validation fitness: 0.8111544594959739 !!!
Elapsed: 3.4032034873962402

*** Epoch 1, batch 8/232 ***
Training fitness: 0.8422042264458904
Model size: (2, 9)
Validation fitness: 0.8169592879321135 !!!
Elapsed: 3.4006426334381104

*** Epoch 1, batch 9/232 ***
Training fitness: 0.8318939569990335
Model size: (2, 10)
Validation fitness: 0.8274005893007708 !!!
Elapsed: 3.3660154342651367

*** Epoch 1, batch 10/232 ***
Training fitness: 0.818305937730187
Model size: (1, 6)
Validation fitness: 0.8223905311614681 
Elapsed: 3.46159029006958

*** Epoch 1, batch 11/232 ***
Training fitness: 0.8294825369259251
Model size: (2, 9)
Validation fitness: 0.8348660699335433 !!!
Elapsed: 3.4039371013641357

*** Epoch 1, batch 12/232 ***
Training fitness: 0.8252835307980498
Model size: (1, 6)
Validation fitness: 0.8263304111735289 
Elapsed: 3.4027304649353027

*** Epoch 1, batch 13/232 ***
Training fitness: 0.8235841745182753
Model size: (2, 9)
Validation fitness: 0.8146024834242739 
Elapsed: 3.626358985900879

*** Epoch 1, batch 14/232 ***
Training fitness: 0.8624082667595553
Model size: (3, 13)
Validation fitness: 0.8311324546819084 
Elapsed: 3.700843572616577

*** Epoch 1, batch 15/232 ***
Training fitness: 0.8773466965773016
Model size: (4, 13)
Validation fitness: 0.8326257691166346 
Elapsed: 3.812966823577881

*** Epoch 1, batch 16/232 ***
Training fitness: 0.893986473433013
Model size: (3, 11)
Validation fitness: 0.844859733949008 !!!
Elapsed: 3.91496205329895

*** Epoch 1, batch 17/232 ***
Training fitness: 0.8833738503381289
Model size: (4, 13)
Validation fitness: 0.8326257691166346 
Elapsed: 3.859264612197876

*** Epoch 1, batch 18/232 ***
Training fitness: 0.8635828724914861
Model size: (1, 5)
Validation fitness: 0.8205834297779804 
Elapsed: 3.677802562713623

*** Epoch 1, batch 19/232 ***
Training fitness: 0.8642566265674255
Model size: (2, 10)
Validation fitness: 0.8324380911219653 
Elapsed: 3.6435046195983887

*** Epoch 1, batch 20/232 ***
Training fitness: 0.8695188953544063
Model size: (3, 11)
Validation fitness: 0.844859733949008 
Elapsed: 3.688906669616699

*** Epoch 1, batch 21/232 ***
Training fitness: 0.8698653410164499
Model size: (3, 11)
Validation fitness: 0.8498573629820484 !!!
Elapsed: 3.764235258102417

*** Epoch 1, batch 22/232 ***
Training fitness: 0.8729625472438565
Model size: (3, 10)
Validation fitness: 0.8401835691962899 
Elapsed: 3.802567958831787

*** Epoch 1, batch 23/232 ***
Training fitness: 0.8590480830782111
Model size: (3, 8)
Validation fitness: 0.8460671633025216 
Elapsed: 3.7057909965515137

*** Epoch 1, batch 24/232 ***
Training fitness: 0.8665296790927651
Model size: (4, 13)
Validation fitness: 0.8227060727277129 
Elapsed: 3.705139398574829

*** Epoch 1, batch 25/232 ***
Training fitness: 0.8464758277755762
Model size: (3, 11)
Validation fitness: 0.8498573629820484 
Elapsed: 3.8378806114196777

*** Epoch 1, batch 26/232 ***
Training fitness: 0.813480691143433
Model size: (3, 11)
Validation fitness: 0.8498573629820484 
Elapsed: 3.7950541973114014

*** Epoch 1, batch 27/232 ***
Training fitness: 0.8527813304461833
Model size: (3, 11)
Validation fitness: 0.8498573629820484 
Elapsed: 3.754940986633301

*** Epoch 1, batch 28/232 ***
Training fitness: 0.8590687690757526
Model size: (3, 11)
Validation fitness: 0.844859733949008 
Elapsed: 3.7229630947113037

*** Epoch 1, batch 29/232 ***
Training fitness: 0.8581985899766553
Model size: (3, 8)
Validation fitness: 0.853862294106586 !!!
Elapsed: 3.9013214111328125

*** Epoch 1, batch 30/232 ***
Training fitness: 0.848334340505669
Model size: (3, 8)
Validation fitness: 0.8566860435790096 !!!
Elapsed: 3.8730194568634033

*** Epoch 1, batch 31/232 ***
Training fitness: 0.8729863652578498
Model size: (3, 8)
Validation fitness: 0.8566860435790096 
Elapsed: 3.872080087661743

*** Epoch 1, batch 32/232 ***
Training fitness: 0.8543579751857886
Model size: (2, 6)
Validation fitness: 0.8537738079351107 
Elapsed: 3.810572385787964

*** Epoch 1, batch 33/232 ***
Training fitness: 0.8581929583114372
Model size: (3, 8)
Validation fitness: 0.8473526265204896 
Elapsed: 3.937264919281006

*** Epoch 1, batch 34/232 ***
Training fitness: 0.8999967339414251
Model size: (3, 8)
Validation fitness: 0.8473526265204896 
Elapsed: 3.860412836074829

*** Epoch 1, batch 35/232 ***
Training fitness: 0.9224640260533177
Model size: (3, 8)
Validation fitness: 0.8566860435790096 
Elapsed: 4.031662225723267

*** Epoch 1, batch 36/232 ***
Training fitness: 0.8717209957950731
Model size: (4, 9)
Validation fitness: 0.855017200400732 
Elapsed: 4.014549255371094

*** Epoch 1, batch 37/232 ***
Training fitness: 0.9022603679982125
Model size: (4, 9)
Validation fitness: 0.855017200400732 
Elapsed: 3.808643102645874

*** Epoch 1, batch 38/232 ***
Training fitness: 0.8852515401097057
Model size: (2, 6)
Validation fitness: 0.8634077822921344 !!!
Elapsed: 3.6961328983306885

*** Epoch 1, batch 39/232 ***
Training fitness: 0.8719663436529141
Model size: (3, 8)
Validation fitness: 0.8566860435790096 
Elapsed: 3.821432113647461

*** Epoch 1, batch 40/232 ***
Training fitness: 0.8855373705488842
Model size: (2, 6)
Validation fitness: 0.8634077822921344 
Elapsed: 3.7681384086608887

*** Epoch 1, batch 41/232 ***
Training fitness: 0.8473502662238455
Model size: (2, 6)
Validation fitness: 0.8634077822921344 
Elapsed: 3.7660579681396484

*** Epoch 1, batch 42/232 ***
Training fitness: 0.8948658495013904
Model size: (4, 9)
Validation fitness: 0.8513368855373216 
Elapsed: 3.791370391845703

*** Epoch 1, batch 43/232 ***
Training fitness: 0.8870762999247557
Model size: (2, 7)
Validation fitness: 0.8560285818455152 
Elapsed: 3.6417651176452637

*** Epoch 1, batch 44/232 ***
Training fitness: 0.8555143587594031
Model size: (3, 8)
Validation fitness: 0.8566860435790096 
Elapsed: 3.7935283184051514

*** Epoch 1, batch 45/232 ***
Training fitness: 0.8512620812376557
Model size: (3, 8)
Validation fitness: 0.8586020959988677 
Elapsed: 3.918731451034546

*** Epoch 1, batch 46/232 ***
Training fitness: 0.8568395322070118
Model size: (3, 9)
Validation fitness: 0.8440968423864633 
Elapsed: 3.826115608215332

*** Epoch 1, batch 47/232 ***
Training fitness: 0.877863569697596
Model size: (3, 8)
Validation fitness: 0.8566860435790096 
Elapsed: 3.805112838745117

*** Epoch 1, batch 48/232 ***
Training fitness: 0.8867787346823474
Model size: (2, 6)
Validation fitness: 0.8355922918854607 
Elapsed: 3.8302316665649414

*** Epoch 1, batch 49/232 ***
Training fitness: 0.8593512360337152
Model size: (7, 14)
Validation fitness: 0.8095249538380361 
Elapsed: 3.9129092693328857

*** Epoch 1, batch 50/232 ***
Training fitness: 0.8349445021047126
Model size: (3, 8)
Validation fitness: 0.8563453647720295 
Elapsed: 3.5830628871917725

*** Epoch 1, batch 51/232 ***
Training fitness: 0.8655765110641319
Model size: (4, 10)
Validation fitness: 0.8635775460437136 !!!
Elapsed: 3.7848808765411377

*** Epoch 1, batch 52/232 ***
Training fitness: 0.8728100932158774
Model size: (6, 14)
Validation fitness: 0.8511975360752448 
Elapsed: 3.7562074661254883

*** Epoch 1, batch 53/232 ***
Training fitness: 0.8522966023679891
Model size: (2, 7)
Validation fitness: 0.8494984788189216 
Elapsed: 3.596055030822754

*** Epoch 1, batch 54/232 ***
Training fitness: 0.9099320826305212
Model size: (4, 11)
Validation fitness: 0.860124423571901 
Elapsed: 3.6606874465942383

*** Epoch 1, batch 55/232 ***
Training fitness: 0.8532597523323971
Model size: (2, 7)
Validation fitness: 0.8471940052981403 
Elapsed: 3.705125093460083

*** Epoch 1, batch 56/232 ***
Training fitness: 0.8702656575089125
Model size: (6, 15)
Validation fitness: 0.85708883872363 
Elapsed: 3.5924174785614014

*** Epoch 1, batch 57/232 ***
Training fitness: 0.8886749323195026
Model size: (6, 15)
Validation fitness: 0.85708883872363 
Elapsed: 3.7902493476867676

*** Epoch 1, batch 58/232 ***
Training fitness: 0.8732381599176929
Model size: (6, 17)
Validation fitness: 0.8431760000166328 
Elapsed: 3.8202126026153564

*** Epoch 1, batch 59/232 ***
Training fitness: 0.8712895540998415
Model size: (5, 13)
Validation fitness: 0.8426791278968023 
Elapsed: 3.8522071838378906

*** Epoch 1, batch 60/232 ***
Training fitness: 0.871108010828631
Model size: (4, 10)
Validation fitness: 0.8465402416016886 
Elapsed: 3.690176486968994

*** Epoch 1, batch 61/232 ***
Training fitness: 0.8769754125957699
Model size: (6, 13)
Validation fitness: 0.8546614447220823 
Elapsed: 3.6261606216430664

*** Epoch 1, batch 62/232 ***
Training fitness: 0.8966520795735459
Model size: (2, 5)
Validation fitness: 0.858899595214375 
Elapsed: 3.6842379570007324

*** Epoch 1, batch 63/232 ***
Training fitness: 0.8734553177429619
Model size: (6, 13)
Validation fitness: 0.8546614447220823 
Elapsed: 3.7154366970062256

*** Epoch 1, batch 64/232 ***
Training fitness: 0.8568610861125378
Model size: (6, 12)
Validation fitness: 0.8605368314740542 
Elapsed: 3.817983865737915

*** Epoch 1, batch 65/232 ***
Training fitness: 0.8619735982208567
Model size: (4, 11)
Validation fitness: 0.8470548910861255 
Elapsed: 3.9372098445892334

*** Epoch 1, batch 66/232 ***
Training fitness: 0.8802385316632377
Model size: (6, 12)
Validation fitness: 0.8605368314740542 
Elapsed: 3.8888027667999268

*** Epoch 1, batch 67/232 ***
Training fitness: 0.9035340689620365
Model size: (6, 12)
Validation fitness: 0.856338127453221 
Elapsed: 3.8058974742889404

*** Epoch 1, batch 68/232 ***
Training fitness: 0.8832067996687013
Model size: (3, 9)
Validation fitness: 0.8598958202003968 
Elapsed: 3.9482502937316895

*** Epoch 1, batch 69/232 ***
Training fitness: 0.8854437077506297
Model size: (4, 12)
Validation fitness: 0.8596442160875946 
Elapsed: 3.948235034942627

*** Epoch 1, batch 70/232 ***
Training fitness: 0.8907802926295244
Model size: (4, 11)
Validation fitness: 0.8601443403228745 
Elapsed: 4.034106969833374

*** Epoch 1, batch 71/232 ***
Training fitness: 0.8648233858135936
Model size: (3, 10)
Validation fitness: 0.8526389505295471 
Elapsed: 3.936838150024414

*** Epoch 1, batch 72/232 ***
Training fitness: 0.9005775860867689
Model size: (6, 12)
Validation fitness: 0.8565349862162305 
Elapsed: 4.04129433631897

*** Epoch 1, batch 73/232 ***
Training fitness: 0.883517939366142
Model size: (4, 11)
Validation fitness: 0.8601443403228745 
Elapsed: 4.200501203536987

*** Epoch 1, batch 74/232 ***
Training fitness: 0.8602906847203232
Model size: (8, 16)
Validation fitness: 0.8411985521933626 
Elapsed: 4.185033559799194

*** Epoch 1, batch 75/232 ***
Training fitness: 0.862890487898978
Model size: (4, 10)
Validation fitness: 0.8609752243740185 
Elapsed: 4.153893709182739

*** Epoch 1, batch 76/232 ***
Training fitness: 0.8644217938162673
Model size: (9, 17)
Validation fitness: 0.8715368680135802 !!!
Elapsed: 4.119229793548584

*** Epoch 1, batch 77/232 ***
Training fitness: 0.8421133800752572
Model size: (8, 16)
Validation fitness: 0.8435487776088427 
Elapsed: 4.212220668792725

*** Epoch 1, batch 78/232 ***
Training fitness: 0.8842235316244775
Model size: (8, 15)
Validation fitness: 0.8519649658820081 
Elapsed: 4.1104466915130615

*** Epoch 1, batch 79/232 ***
Training fitness: 0.8570578185367713
Model size: (6, 16)
Validation fitness: 0.8398023484867049 
Elapsed: 4.267964839935303

*** Epoch 1, batch 80/232 ***
Training fitness: 0.8705308816397797
Model size: (6, 15)
Validation fitness: 0.8592784139991727 
Elapsed: 4.278748989105225

*** Epoch 1, batch 81/232 ***
Training fitness: 0.8723670683666676
Model size: (8, 13)
Validation fitness: 0.8611965480485465 
Elapsed: 4.236480951309204

*** Epoch 1, batch 82/232 ***
Training fitness: 0.8531223447375308
Model size: (6, 20)
Validation fitness: 0.8547792756829867 
Elapsed: 4.479690313339233

*** Epoch 1, batch 83/232 ***
Training fitness: 0.9067155067155067
Model size: (6, 16)
Validation fitness: 0.8569043519974866 
Elapsed: 4.26600193977356

*** Epoch 1, batch 84/232 ***
Training fitness: 0.9029928403810012
Model size: (6, 16)
Validation fitness: 0.8482438656354062 
Elapsed: 4.1659650802612305

*** Epoch 1, batch 85/232 ***
Training fitness: 0.8486399862142662
Model size: (7, 13)
Validation fitness: 0.8535244416481407 
Elapsed: 4.170570373535156

*** Epoch 1, batch 86/232 ***
Training fitness: 0.9071279903083916
Model size: (5, 12)
Validation fitness: 0.8525148787804572 
Elapsed: 4.180139541625977

*** Epoch 1, batch 87/232 ***
Training fitness: 0.872668904347334
Model size: (9, 13)
Validation fitness: 0.853801237225327 
Elapsed: 4.2003748416900635

*** Epoch 1, batch 88/232 ***
Training fitness: 0.8373079677954733
Model size: (6, 18)
Validation fitness: 0.8515821066752819 
Elapsed: 4.303684711456299

*** Epoch 1, batch 89/232 ***
Training fitness: 0.8768920050749142
Model size: (7, 16)
Validation fitness: 0.8591219136477561 
Elapsed: 4.244570732116699

*** Epoch 1, batch 90/232 ***
Training fitness: 0.8750239261353945
Model size: (9, 13)
Validation fitness: 0.8582104059765335 
Elapsed: 4.109670639038086

*** Epoch 1, batch 91/232 ***
Training fitness: 0.8480923547945642
Model size: (2, 7)
Validation fitness: 0.8592162362221514 
Elapsed: 3.9531707763671875

*** Epoch 1, batch 92/232 ***
Training fitness: 0.881896173737519
Model size: (2, 7)
Validation fitness: 0.8592162362221514 
Elapsed: 3.9230399131774902

*** Epoch 1, batch 93/232 ***
Training fitness: 0.8584270070837955
Model size: (8, 14)
Validation fitness: 0.8596125194718259 
Elapsed: 3.930741548538208

*** Epoch 1, batch 94/232 ***
Training fitness: 0.8665078806579082
Model size: (8, 14)
Validation fitness: 0.8596125194718259 
Elapsed: 4.0052196979522705

*** Epoch 1, batch 95/232 ***
Training fitness: 0.8432593360091846
Model size: (8, 14)
Validation fitness: 0.8596125194718259 
Elapsed: 4.065642833709717

*** Epoch 1, batch 96/232 ***
Training fitness: 0.8504699671838576
Model size: (6, 16)
Validation fitness: 0.8571604314516457 
Elapsed: 4.338602304458618

*** Epoch 1, batch 97/232 ***
Training fitness: 0.890684317331844
Model size: (5, 13)
Validation fitness: 0.8524953216684253 
Elapsed: 4.031635999679565

*** Epoch 1, batch 98/232 ***
Training fitness: 0.8941221432393182
Model size: (5, 14)
Validation fitness: 0.8503255998985189 
Elapsed: 4.223834276199341

*** Epoch 1, batch 99/232 ***
Training fitness: 0.899310391071759
Model size: (4, 13)
Validation fitness: 0.8561305606075362 
Elapsed: 4.0997314453125

*** Epoch 1, batch 100/232 ***
Training fitness: 0.8741899544243481
Model size: (5, 10)
Validation fitness: 0.8548847330599431 
Elapsed: 3.9842958450317383

*** Epoch 1, batch 101/232 ***
Training fitness: 0.8767513434869512
Model size: (6, 9)
Validation fitness: 0.8404948475014836 
Elapsed: 4.250149250030518

*** Epoch 1, batch 102/232 ***
Training fitness: 0.851169023651877
Model size: (4, 10)
Validation fitness: 0.8557543609765609 
Elapsed: 4.129337310791016

*** Epoch 1, batch 103/232 ***
Training fitness: 0.8649992551996314
Model size: (8, 14)
Validation fitness: 0.8596125194718259 
Elapsed: 4.076277494430542

*** Epoch 1, batch 104/232 ***
Training fitness: 0.8636988319980082
Model size: (8, 12)
Validation fitness: 0.8563935783240325 
Elapsed: 4.205255508422852

*** Epoch 1, batch 105/232 ***
Training fitness: 0.8514136086552208
Model size: (9, 15)
Validation fitness: 0.8559931793685013 
Elapsed: 4.333914279937744

*** Epoch 1, batch 106/232 ***
Training fitness: 0.8863529250652119
Model size: (9, 14)
Validation fitness: 0.8582001244408674 
Elapsed: 4.330039739608765

*** Epoch 1, batch 107/232 ***
Training fitness: 0.8656687772549484
Model size: (10, 17)
Validation fitness: 0.8620423812524453 
Elapsed: 4.22915244102478

*** Epoch 1, batch 108/232 ***
Training fitness: 0.8697012037699462
Model size: (2, 6)
Validation fitness: 0.8611884984834419 
Elapsed: 4.227673530578613

*** Epoch 1, batch 109/232 ***
Training fitness: 0.8603521635157934
Model size: (2, 6)
Validation fitness: 0.8567450984615661 
Elapsed: 4.236553430557251

*** Epoch 1, batch 110/232 ***
Training fitness: 0.8809258078526291
Model size: (10, 17)
Validation fitness: 0.8620423812524453 
Elapsed: 4.29500675201416

*** Epoch 1, batch 111/232 ***
Training fitness: 0.8531479965282781
Model size: (5, 11)
Validation fitness: 0.859422970602308 
Elapsed: 3.9870200157165527

*** Epoch 1, batch 112/232 ***
Training fitness: 0.8620834647386912
Model size: (10, 17)
Validation fitness: 0.8467718977978184 
Elapsed: 4.119885683059692

*** Epoch 1, batch 113/232 ***
Training fitness: 0.86726179342257
Model size: (2, 7)
Validation fitness: 0.835334062192499 
Elapsed: 4.056489706039429

*** Epoch 1, batch 114/232 ***
Training fitness: 0.8605559957306972
Model size: (8, 13)
Validation fitness: 0.8576692373553064 
Elapsed: 4.183739423751831

*** Epoch 1, batch 115/232 ***
Training fitness: 0.8751967773987406
Model size: (8, 18)
Validation fitness: 0.8421524414981882 
Elapsed: 4.25094747543335

*** Epoch 1, batch 116/232 ***
Training fitness: 0.8494352528434502
Model size: (11, 18)
Validation fitness: 0.8600835954229838 
Elapsed: 4.384204626083374

*** Epoch 1, batch 117/232 ***
Training fitness: 0.8572319746154666
Model size: (8, 14)
Validation fitness: 0.8603527829849525 
Elapsed: 4.329824447631836

*** Epoch 1, batch 118/232 ***
Training fitness: 0.8654827928176272
Model size: (3, 7)
Validation fitness: 0.8614459407225756 
Elapsed: 4.110271453857422

*** Epoch 1, batch 119/232 ***
Training fitness: 0.8806530987219768
Model size: (4, 8)
Validation fitness: 0.8587661172650346 
Elapsed: 4.099908113479614

*** Epoch 1, batch 120/232 ***
Training fitness: 0.8691396578086932
Model size: (4, 11)
Validation fitness: 0.8651932400591515 
Elapsed: 4.341971158981323

*** Epoch 1, batch 121/232 ***
Training fitness: 0.903577640515385
Model size: (5, 13)
Validation fitness: 0.8683483895566122 
Elapsed: 4.2399585247039795

*** Epoch 1, batch 122/232 ***
Training fitness: 0.8701775650457754
Model size: (4, 11)
Validation fitness: 0.8651932400591515 
Elapsed: 4.1552734375

*** Epoch 1, batch 123/232 ***
Training fitness: 0.9056075632719432
Model size: (4, 11)
Validation fitness: 0.8651932400591515 
Elapsed: 4.311519622802734

*** Epoch 1, batch 124/232 ***
Training fitness: 0.873004933051253
Model size: (4, 11)
Validation fitness: 0.8651932400591515 
Elapsed: 4.189174175262451

*** Epoch 1, batch 125/232 ***
Training fitness: 0.8789838458947091
Model size: (10, 17)
Validation fitness: 0.8620423812524453 
Elapsed: 3.9872078895568848

*** Epoch 1, batch 126/232 ***
Training fitness: 0.88505107517757
Model size: (10, 17)
Validation fitness: 0.8620423812524453 
Elapsed: 4.11980676651001

*** Epoch 1, batch 127/232 ***
Training fitness: 0.8342186819393185
Model size: (5, 8)
Validation fitness: 0.8590521406630403 
Elapsed: 4.123666286468506

*** Epoch 1, batch 128/232 ***
Training fitness: 0.8708461553877774
Model size: (11, 18)
Validation fitness: 0.8654167104645177 
Elapsed: 4.089261531829834

*** Epoch 1, batch 129/232 ***
Training fitness: 0.8845904745530374
Model size: (5, 11)
Validation fitness: 0.850170649425675 
Elapsed: 4.031427621841431

*** Epoch 1, batch 130/232 ***
Training fitness: 0.8627134938844689
Model size: (4, 9)
Validation fitness: 0.8506872216184691 
Elapsed: 3.8488965034484863

*** Epoch 1, batch 131/232 ***
Training fitness: 0.8865580888859592
Model size: (11, 18)
Validation fitness: 0.8648221601029414 
Elapsed: 3.9572203159332275

*** Epoch 1, batch 132/232 ***
Training fitness: 0.8873165230319893
Model size: (4, 9)
Validation fitness: 0.8506872216184691 
Elapsed: 3.95072340965271

*** Epoch 1, batch 133/232 ***
Training fitness: 0.8991905841379617
Model size: (5, 14)
Validation fitness: 0.8577213065633141 
Elapsed: 4.0135393142700195

*** Epoch 1, batch 134/232 ***
Training fitness: 0.8696131021312187
Model size: (11, 18)
Validation fitness: 0.8648221601029414 
Elapsed: 4.188298940658569

*** Epoch 1, batch 135/232 ***
Training fitness: 0.8624082667595553
Model size: (5, 14)
Validation fitness: 0.8577213065633141 
Elapsed: 4.128042459487915

*** Epoch 1, batch 136/232 ***
Training fitness: 0.8870750673793247
Model size: (11, 18)
Validation fitness: 0.8648221601029414 
Elapsed: 3.938676595687866

*** Epoch 1, batch 137/232 ***
Training fitness: 0.8484064901244757
Model size: (11, 18)
Validation fitness: 0.8648221601029414 
Elapsed: 4.0033957958221436

*** Epoch 1, batch 138/232 ***
Training fitness: 0.8921657650066147
Model size: (6, 15)
Validation fitness: 0.8503125968053559 
Elapsed: 4.017587661743164

*** Epoch 1, batch 139/232 ***
Training fitness: 0.8903875220968537
Model size: (11, 18)
Validation fitness: 0.8648221601029414 
Elapsed: 4.013751029968262

*** Epoch 1, batch 140/232 ***
Training fitness: 0.8972376718308371
Model size: (6, 10)
Validation fitness: 0.8587232492702165 
Elapsed: 3.9521825313568115

*** Epoch 1, batch 141/232 ***
Training fitness: 0.8678278684236943
Model size: (4, 8)
Validation fitness: 0.8195287700988213 
Elapsed: 3.8313276767730713

*** Epoch 1, batch 142/232 ***
Training fitness: 0.8615440690245052
Model size: (3, 6)
Validation fitness: 0.8558003227233012 
Elapsed: 3.876706838607788

*** Epoch 1, batch 143/232 ***
Training fitness: 0.8476988059341762
Model size: (11, 18)
Validation fitness: 0.8648221601029414 
Elapsed: 3.9253640174865723

*** Epoch 1, batch 144/232 ***
Training fitness: 0.870094619371806
Model size: (3, 6)
Validation fitness: 0.8558003227233012 
Elapsed: 3.838552474975586

*** Epoch 1, batch 145/232 ***
Training fitness: 0.8734706130684119
Model size: (5, 15)
Validation fitness: 0.8519480069980453 
Elapsed: 3.9545223712921143

*** Epoch 1, batch 146/232 ***
Training fitness: 0.8646657563327008
Model size: (12, 19)
Validation fitness: 0.8629479316684175 
Elapsed: 4.060425281524658

*** Epoch 1, batch 147/232 ***
Training fitness: 0.8929980453037798
Model size: (11, 18)
Validation fitness: 0.8648221601029414 
Elapsed: 4.030717372894287

*** Epoch 1, batch 148/232 ***
Training fitness: 0.8618593998759695
Model size: (5, 10)
Validation fitness: 0.8527575448610938 
Elapsed: 3.954284906387329

*** Epoch 1, batch 149/232 ***
Training fitness: 0.89473201782232
Model size: (5, 15)
Validation fitness: 0.8572643871487042 
Elapsed: 3.9632818698883057

*** Epoch 1, batch 150/232 ***
Training fitness: 0.8532651049726981
Model size: (3, 6)
Validation fitness: 0.8413180790821722 
Elapsed: 4.036331653594971

*** Epoch 1, batch 151/232 ***
Training fitness: 0.8845398307649368
Model size: (12, 19)
Validation fitness: 0.8629479316684175 
Elapsed: 4.125275135040283

*** Epoch 1, batch 152/232 ***
Training fitness: 0.8597392019768733
Model size: (5, 11)
Validation fitness: 0.8602251557786204 
Elapsed: 4.057561635971069

*** Epoch 1, batch 153/232 ***
Training fitness: 0.8620834647386912
Model size: (5, 15)
Validation fitness: 0.8572643871487042 
Elapsed: 3.945359468460083

*** Epoch 1, batch 154/232 ***
Training fitness: 0.8570928730428494
Model size: (5, 11)
Validation fitness: 0.8602251557786204 
Elapsed: 3.8461499214172363

*** Epoch 1, batch 155/232 ***
Training fitness: 0.8835620695763969
Model size: (11, 18)
Validation fitness: 0.8648221601029414 
Elapsed: 4.155534029006958

*** Epoch 1, batch 156/232 ***
Training fitness: 0.854454006354962
Model size: (11, 18)
Validation fitness: 0.8648221601029414 
Elapsed: 3.8746607303619385

*** Epoch 1, batch 157/232 ***
Training fitness: 0.8604669858878683
Model size: (4, 7)
Validation fitness: 0.8537411996644972 
Elapsed: 4.020691156387329

*** Epoch 1, batch 158/232 ***
Training fitness: 0.869620207366725
Model size: (12, 18)
Validation fitness: 0.8651963995076464 
Elapsed: 4.193470478057861

*** Epoch 1, batch 159/232 ***
Training fitness: 0.8812545919379221
Model size: (6, 16)
Validation fitness: 0.8627888852483915 
Elapsed: 4.134664535522461

*** Epoch 1, batch 160/232 ***
Training fitness: 0.8947197199303467
Model size: (13, 20)
Validation fitness: 0.8604621573582856 
Elapsed: 4.062841176986694

*** Epoch 1, batch 161/232 ***
Training fitness: 0.8858507992736365
Model size: (12, 22)
Validation fitness: 0.8540983112904356 
Elapsed: 3.9635658264160156

*** Epoch 1, batch 162/232 ***
Training fitness: 0.8892958222302245
Model size: (13, 20)
Validation fitness: 0.8604621573582856 
Elapsed: 3.900193214416504

*** Epoch 1, batch 163/232 ***
Training fitness: 0.8608839647946932
Model size: (12, 22)
Validation fitness: 0.8540983112904356 
Elapsed: 3.9082508087158203

*** Epoch 1, batch 164/232 ***
Training fitness: 0.8361889922576529
Model size: (4, 8)
Validation fitness: 0.8632766319822098 
Elapsed: 3.8106977939605713

*** Epoch 1, batch 165/232 ***
Training fitness: 0.8689289549552311
Model size: (13, 23)
Validation fitness: 0.8556447500312099 
Elapsed: 3.982020139694214

*** Epoch 1, batch 166/232 ***
Training fitness: 0.8668700472208216
Model size: (14, 22)
Validation fitness: 0.8580226539121039 
Elapsed: 3.916412353515625

*** Epoch 1, batch 167/232 ***
Training fitness: 0.8489962991216227
Model size: (14, 22)
Validation fitness: 0.8580226539121039 
Elapsed: 3.9027633666992188

*** Epoch 1, batch 168/232 ***
Training fitness: 0.8579391503810486
Model size: (5, 9)
Validation fitness: 0.8579367327253199 
Elapsed: 3.818760633468628

*** Epoch 1, batch 169/232 ***
Training fitness: 0.8962897174962092
Model size: (5, 10)
Validation fitness: 0.8560660136267448 
Elapsed: 3.9802582263946533

*** Epoch 1, batch 170/232 ***
Training fitness: 0.8446264653409874
Model size: (5, 9)
Validation fitness: 0.8579367327253199 
Elapsed: 3.940378189086914

*** Epoch 1, batch 171/232 ***
Training fitness: 0.8567302149981307
Model size: (5, 9)
Validation fitness: 0.8579367327253199 
Elapsed: 3.9735019207000732

*** Epoch 1, batch 172/232 ***
Training fitness: 0.8484628791615594
Model size: (8, 13)
Validation fitness: 0.8395600180213424 
Elapsed: 3.9067838191986084

*** Epoch 1, batch 173/232 ***
Training fitness: 0.8398435175630411
Model size: (15, 27)
Validation fitness: 0.8475723902906599 
Elapsed: 4.237935304641724

*** Epoch 1, batch 174/232 ***
Training fitness: 0.8690554288406019
Model size: (9, 18)
Validation fitness: 0.8505421076596502 
Elapsed: 3.958771228790283

*** Epoch 1, batch 175/232 ***
Training fitness: 0.8451224548897706
Model size: (8, 18)
Validation fitness: 0.8478486808310264 
Elapsed: 3.933042287826538

*** Epoch 1, batch 176/232 ***
Training fitness: 0.851430783571795
Model size: (9, 16)
Validation fitness: 0.8454800311288382 
Elapsed: 3.959440231323242

*** Epoch 1, batch 177/232 ***
Training fitness: 0.8765199288906157
Model size: (7, 9)
Validation fitness: 0.8386931394224382 
Elapsed: 3.8986101150512695

*** Epoch 1, batch 178/232 ***
Training fitness: 0.8550648513296508
Model size: (8, 12)
Validation fitness: 0.8488451576576612 
Elapsed: 3.975217580795288

*** Epoch 1, batch 179/232 ***
Training fitness: 0.8444199078806764
Model size: (8, 13)
Validation fitness: 0.8463091096452487 
Elapsed: 3.9567596912384033

*** Epoch 1, batch 180/232 ***
Training fitness: 0.8548558574963221
Model size: (8, 13)
Validation fitness: 0.8588583684016067 
Elapsed: 3.9630987644195557

*** Epoch 1, batch 181/232 ***
Training fitness: 0.8377758166991537
Model size: (8, 14)
Validation fitness: 0.8431108775326454 
Elapsed: 4.089549541473389

*** Epoch 1, batch 182/232 ***
Training fitness: 0.8729382703543166
Model size: (9, 15)
Validation fitness: 0.8354937311336048 
Elapsed: 4.017947673797607

*** Epoch 1, batch 183/232 ***
Training fitness: 0.8382664574147138
Model size: (27, 43)
Validation fitness: 0.8210615253472664 
Elapsed: 4.122658967971802

*** Epoch 1, batch 184/232 ***
Training fitness: 0.8604573202934903
Model size: (8, 14)
Validation fitness: 0.8543445866435511 
Elapsed: 4.136965990066528

*** Epoch 1, batch 185/232 ***
Training fitness: 0.8592475084751721
Model size: (8, 14)
Validation fitness: 0.8543445866435511 
Elapsed: 3.9274961948394775

*** Epoch 1, batch 186/232 ***
Training fitness: 0.8673761677904349
Model size: (8, 13)
Validation fitness: 0.8463091096452487 
Elapsed: 3.824953079223633

*** Epoch 1, batch 187/232 ***
Training fitness: 0.865325011480648
Model size: (9, 16)
Validation fitness: 0.8375098382880962 
Elapsed: 4.025910139083862

*** Epoch 1, batch 188/232 ***
Training fitness: 0.8041406897210477
Model size: (8, 14)
Validation fitness: 0.8543445866435511 
Elapsed: 4.077172517776489

*** Epoch 1, batch 189/232 ***
Training fitness: 0.827216515684084
Model size: (8, 14)
Validation fitness: 0.8543445866435511 
Elapsed: 4.1510841846466064

*** Epoch 1, batch 190/232 ***
Training fitness: 0.890038763240512
Model size: (16, 25)
Validation fitness: 0.8433063177460874 
Elapsed: 4.063371181488037

*** Epoch 1, batch 191/232 ***
Training fitness: 0.8413295478982081
Model size: (7, 12)
Validation fitness: 0.8416253141627162 
Elapsed: 3.796407461166382

*** Epoch 1, batch 192/232 ***
Training fitness: 0.852401924435631
Model size: (7, 12)
Validation fitness: 0.8420344667194005 
Elapsed: 3.961731195449829

*** Epoch 1, batch 193/232 ***
Training fitness: 0.8647833208329294
Model size: (27, 45)
Validation fitness: 0.8321183403260505 
Elapsed: 4.133240461349487

*** Epoch 1, batch 194/232 ***
Training fitness: 0.8590047571624094
Model size: (17, 27)
Validation fitness: 0.8294365803986204 
Elapsed: 4.068108558654785

*** Epoch 1, batch 195/232 ***
Training fitness: 0.8456399566602998
Model size: (18, 26)
Validation fitness: 0.8395977884638325 
Elapsed: 3.91202974319458

*** Epoch 1, batch 196/232 ***
Training fitness: 0.877396275143741
Model size: (10, 16)
Validation fitness: 0.8553229346395581 
Elapsed: 3.9956271648406982

*** Epoch 1, batch 197/232 ***
Training fitness: 0.8638407537341409
Model size: (10, 14)
Validation fitness: 0.8525919871597578 
Elapsed: 3.8955423831939697

*** Epoch 1, batch 198/232 ***
Training fitness: 0.8502627894792206
Model size: (10, 16)
Validation fitness: 0.8553229346395581 
Elapsed: 4.059355020523071

*** Epoch 1, batch 199/232 ***
Training fitness: 0.8562545426640265
Model size: (10, 16)
Validation fitness: 0.8553229346395581 
Elapsed: 3.979881763458252

*** Epoch 1, batch 200/232 ***
Training fitness: 0.8220012779088086
Model size: (10, 14)
Validation fitness: 0.8525919871597578 
Elapsed: 4.064656972885132

*** Epoch 1, batch 201/232 ***
Training fitness: 0.8765199288906157
Model size: (5, 7)
Validation fitness: 0.8402918313610098 
Elapsed: 3.851060390472412

*** Epoch 1, batch 202/232 ***
Training fitness: 0.8611893383672381
Model size: (9, 16)
Validation fitness: 0.8478224980180966 
Elapsed: 4.036023139953613

*** Epoch 1, batch 203/232 ***
Training fitness: 0.8722466843016767
Model size: (11, 18)
Validation fitness: 0.8519510732896164 
Elapsed: 4.203444957733154

*** Epoch 1, batch 204/232 ***
Training fitness: 0.8918046707624389
Model size: (10, 15)
Validation fitness: 0.844989794162834 
Elapsed: 4.155074596405029

*** Epoch 1, batch 205/232 ***
Training fitness: 0.8396874539641114
Model size: (11, 18)
Validation fitness: 0.8519510732896164 
Elapsed: 4.001044034957886

*** Epoch 1, batch 206/232 ***
Training fitness: 0.9035414879870111
Model size: (11, 16)
Validation fitness: 0.8497586873768574 
Elapsed: 3.9606759548187256

*** Epoch 1, batch 207/232 ***
Training fitness: 0.8919598009447385
Model size: (11, 19)
Validation fitness: 0.8458134280515242 
Elapsed: 4.1336541175842285

*** Epoch 1, batch 208/232 ***
Training fitness: 0.8726196063226908
Model size: (10, 15)
Validation fitness: 0.844989794162834 
Elapsed: 4.001627683639526

*** Epoch 1, batch 209/232 ***
Training fitness: 0.8479038110547288
Model size: (13, 19)
Validation fitness: 0.8356785942439737 
Elapsed: 3.8915538787841797

*** Epoch 1, batch 210/232 ***
Training fitness: 0.8726196063226908
Model size: (9, 16)
Validation fitness: 0.8547659836731425 
Elapsed: 4.02386736869812

*** Epoch 1, batch 211/232 ***
Training fitness: 0.8564209595985857
Model size: (11, 21)
Validation fitness: 0.8469182144252544 
Elapsed: 4.07162880897522

*** Epoch 1, batch 212/232 ***
Training fitness: 0.8716109073228903
Model size: (28, 44)
Validation fitness: 0.8415435963340501 
Elapsed: 3.925387382507324

*** Epoch 1, batch 213/232 ***
Training fitness: 0.8739037340944454
Model size: (10, 17)
Validation fitness: 0.8418218561150405 
Elapsed: 3.9822216033935547

*** Epoch 1, batch 214/232 ***
Training fitness: 0.8575160276063256
Model size: (9, 18)
Validation fitness: 0.8583050880567307 
Elapsed: 4.139884948730469

*** Epoch 1, batch 215/232 ***
Training fitness: 0.8374943643924877
Model size: (9, 18)
Validation fitness: 0.8516004482372521 
Elapsed: 4.219340562820435

*** Epoch 1, batch 216/232 ***
Training fitness: 0.8783367337189324
Model size: (8, 10)
Validation fitness: 0.8530450425339522 
Elapsed: 4.316105842590332

*** Epoch 1, batch 217/232 ***
Training fitness: 0.8474073872880237
Model size: (30, 43)
Validation fitness: 0.8472733729949574 
Elapsed: 3.922621965408325

*** Epoch 1, batch 218/232 ***
Training fitness: 0.8423019175410368
Model size: (5, 8)
Validation fitness: 0.8570741617034289 
Elapsed: 3.9283037185668945

*** Epoch 1, batch 219/232 ***
Training fitness: 0.8709757288148701
Model size: (9, 15)
Validation fitness: 0.8502343208421936 
Elapsed: 3.9886438846588135

*** Epoch 1, batch 220/232 ***
Training fitness: 0.8967739900074919
Model size: (7, 9)
Validation fitness: 0.8444620718098913 
Elapsed: 3.836043119430542

*** Epoch 1, batch 221/232 ***
Training fitness: 0.8666753273020326
Model size: (9, 16)
Validation fitness: 0.8579126119740719 
Elapsed: 4.0524818897247314

*** Epoch 1, batch 222/232 ***
Training fitness: 0.8840269150135776
Model size: (12, 23)
Validation fitness: 0.8644437564168181 
Elapsed: 4.234452724456787

*** Epoch 1, batch 223/232 ***
Training fitness: 0.886657502495509
Model size: (5, 7)
Validation fitness: 0.8550625603865089 
Elapsed: 3.805778741836548

*** Epoch 1, batch 224/232 ***
Training fitness: 0.8598556991653636
Model size: (7, 14)
Validation fitness: 0.8409203848471912 
Elapsed: 3.986863851547241

*** Epoch 1, batch 225/232 ***
Training fitness: 0.8799840064468976
Model size: (9, 12)
Validation fitness: 0.8434480851938754 
Elapsed: 3.966489553451538

*** Epoch 1, batch 226/232 ***
Training fitness: 0.8909450605198899
Model size: (5, 7)
Validation fitness: 0.8550625603865089 
Elapsed: 3.8773512840270996

*** Epoch 1, batch 227/232 ***
Training fitness: 0.8544301229707542
Model size: (10, 17)
Validation fitness: 0.8451086012850825 
Elapsed: 3.9159650802612305

*** Epoch 1, batch 228/232 ***
Training fitness: 0.858474006205523
Model size: (18, 24)
Validation fitness: 0.8386858271202238 
Elapsed: 3.8493592739105225

*** Epoch 1, batch 229/232 ***
Training fitness: 0.9002461812467506
Model size: (15, 26)
Validation fitness: 0.8470458872063117 
Elapsed: 3.8615643978118896

*** Epoch 1, batch 230/232 ***
Training fitness: 0.8747986133751439
Model size: (14, 25)
Validation fitness: 0.8481750685601258 
Elapsed: 3.807600736618042

*** Epoch 1, batch 231/232 ***
Training fitness: 0.8626661594703005
Model size: (6, 10)
Validation fitness: 0.8575806126401295 
Elapsed: 3.7327654361724854

*** Epoch 1, batch 232/232 ***
Training fitness: 0.8278373543847156
Model size: (9, 18)
Validation fitness: 0.8183607214338583 
Elapsed: 1.1290626525878906

Total train time: 914.2243406772614
Test time: 0.288144588470459
Test fitness: 0.877520070549693
Test statistics: Stats(total=14791, total_true=7078, total_false=7713, true_positive=6346, true_negative=7526, false_positive=187, false_negative=732, tpr=0.8965809550720543, tnr=0.9757552184623363, ppv=0.9713760906168682, npv=0.911358682489707, accuracy=0.9378676222026908, f1=0.9324810814782162, mcc=0.877520070549693)
