Configuration:
Dataset: nsl_kdd
Selector: pca
Fold: 8
Fitness: f1
Batch size: 256
Epochs: 1
Config args: {}
*** Epoch 1, batch 1/520 ***
Training fitness: 0.8584905660377359
Model size: (1, 12)
Validation fitness: 0.8424784217016029 !!!
Elapsed: 3.3591372966766357

*** Epoch 1, batch 2/520 ***
Training fitness: 0.8508771929824561
Model size: (1, 12)
Validation fitness: 0.859214953271028 !!!
Elapsed: 3.5435831546783447

*** Epoch 1, batch 3/520 ***
Training fitness: 0.8995983935742972
Model size: (2, 13)
Validation fitness: 0.867579908675799 !!!
Elapsed: 3.7284677028656006

*** Epoch 1, batch 4/520 ***
Training fitness: 0.8906882591093117
Model size: (1, 9)
Validation fitness: 0.8794802540331411 !!!
Elapsed: 3.7335410118103027

*** Epoch 1, batch 5/520 ***
Training fitness: 0.9083333333333333
Model size: (2, 14)
Validation fitness: 0.8962087357647398 !!!
Elapsed: 3.9477291107177734

*** Epoch 1, batch 6/520 ***
Training fitness: 0.9186991869918699
Model size: (1, 12)
Validation fitness: 0.8933813348103019 
Elapsed: 3.7097816467285156

*** Epoch 1, batch 7/520 ***
Training fitness: 0.9421487603305785
Model size: (2, 8)
Validation fitness: 0.8961453822673386 
Elapsed: 3.798518657684326

*** Epoch 1, batch 8/520 ***
Training fitness: 0.9174311926605505
Model size: (2, 9)
Validation fitness: 0.9042655429880979 !!!
Elapsed: 3.737067222595215

*** Epoch 1, batch 9/520 ***
Training fitness: 0.9302325581395349
Model size: (2, 8)
Validation fitness: 0.9025191675794085 
Elapsed: 3.9029366970062256

*** Epoch 1, batch 10/520 ***
Training fitness: 0.9407114624505929
Model size: (4, 17)
Validation fitness: 0.8998529411764706 
Elapsed: 4.110436201095581

*** Epoch 1, batch 11/520 ***
Training fitness: 0.9304347826086956
Model size: (3, 16)
Validation fitness: 0.9091987250759765 !!!
Elapsed: 4.128524541854858

*** Epoch 1, batch 12/520 ***
Training fitness: 0.9244444444444444
Model size: (4, 14)
Validation fitness: 0.8943100699979208 
Elapsed: 4.17765474319458

*** Epoch 1, batch 13/520 ***
Training fitness: 0.9224137931034483
Model size: (3, 15)
Validation fitness: 0.9145599083291557 !!!
Elapsed: 4.265059232711792

*** Epoch 1, batch 14/520 ***
Training fitness: 0.8947368421052632
Model size: (4, 17)
Validation fitness: 0.9040657502363808 
Elapsed: 4.453417778015137

*** Epoch 1, batch 15/520 ***
Training fitness: 0.9304029304029304
Model size: (4, 17)
Validation fitness: 0.907901506798971 
Elapsed: 4.255062103271484

*** Epoch 1, batch 16/520 ***
Training fitness: 0.9230769230769231
Model size: (5, 17)
Validation fitness: 0.9062478087090667 
Elapsed: 4.463433742523193

*** Epoch 1, batch 17/520 ***
Training fitness: 0.9193548387096774
Model size: (4, 14)
Validation fitness: 0.9055582541114426 
Elapsed: 4.309057712554932

*** Epoch 1, batch 18/520 ***
Training fitness: 0.9385964912280702
Model size: (3, 11)
Validation fitness: 0.9153813499363238 !!!
Elapsed: 4.268280506134033

*** Epoch 1, batch 19/520 ***
Training fitness: 0.8917748917748918
Model size: (5, 18)
Validation fitness: 0.903923430992913 
Elapsed: 4.51809549331665

*** Epoch 1, batch 20/520 ***
Training fitness: 0.8936170212765957
Model size: (4, 10)
Validation fitness: 0.9031007751937985 
Elapsed: 4.419086217880249

*** Epoch 1, batch 21/520 ***
Training fitness: 0.9454545454545454
Model size: (3, 11)
Validation fitness: 0.9079850060117406 
Elapsed: 4.466964960098267

*** Epoch 1, batch 22/520 ***
Training fitness: 0.9173553719008265
Model size: (4, 10)
Validation fitness: 0.9031007751937985 
Elapsed: 4.345141172409058

*** Epoch 1, batch 23/520 ***
Training fitness: 0.9130434782608695
Model size: (3, 12)
Validation fitness: 0.9077900270132145 
Elapsed: 4.379228115081787

*** Epoch 1, batch 24/520 ***
Training fitness: 0.896
Model size: (4, 7)
Validation fitness: 0.9139792534048409 
Elapsed: 4.525563955307007

*** Epoch 1, batch 25/520 ***
Training fitness: 0.9288702928870293
Model size: (5, 8)
Validation fitness: 0.9120588235294118 
Elapsed: 4.467588424682617

*** Epoch 1, batch 26/520 ***
Training fitness: 0.9367088607594937
Model size: (4, 12)
Validation fitness: 0.9133319066980526 
Elapsed: 4.588941812515259

*** Epoch 1, batch 27/520 ***
Training fitness: 0.917910447761194
Model size: (4, 10)
Validation fitness: 0.9055204614117001 
Elapsed: 4.379115104675293

*** Epoch 1, batch 28/520 ***
Training fitness: 0.921875
Model size: (4, 8)
Validation fitness: 0.9142319930575643 
Elapsed: 4.491780519485474

*** Epoch 1, batch 29/520 ***
Training fitness: 0.9397590361445783
Model size: (5, 16)
Validation fitness: 0.9060213028041446 
Elapsed: 4.666375398635864

*** Epoch 1, batch 30/520 ***
Training fitness: 0.9481481481481482
Model size: (4, 8)
Validation fitness: 0.9142319930575643 
Elapsed: 4.555871248245239

*** Epoch 1, batch 31/520 ***
Training fitness: 0.9217391304347826
Model size: (6, 11)
Validation fitness: 0.918978748524203 !!!
Elapsed: 4.315448999404907

*** Epoch 1, batch 32/520 ***
Training fitness: 0.9294605809128631
Model size: (6, 11)
Validation fitness: 0.918978748524203 
Elapsed: 4.390105724334717

*** Epoch 1, batch 33/520 ***
Training fitness: 0.9338842975206612
Model size: (5, 14)
Validation fitness: 0.9166547329228125 
Elapsed: 4.964672327041626

*** Epoch 1, batch 34/520 ***
Training fitness: 0.919831223628692
Model size: (4, 8)
Validation fitness: 0.9142319930575643 
Elapsed: 4.423135042190552

*** Epoch 1, batch 35/520 ***
Training fitness: 0.9008264462809917
Model size: (4, 8)
Validation fitness: 0.9142319930575643 
Elapsed: 4.3375084400177

*** Epoch 1, batch 36/520 ***
Training fitness: 0.9385964912280702
Model size: (4, 8)
Validation fitness: 0.9142319930575643 
Elapsed: 4.397154331207275

*** Epoch 1, batch 37/520 ***
Training fitness: 0.9481481481481482
Model size: (3, 7)
Validation fitness: 0.9068122943359238 
Elapsed: 4.154689788818359

*** Epoch 1, batch 38/520 ***
Training fitness: 0.9345794392523364
Model size: (8, 22)
Validation fitness: 0.9151233464426171 
Elapsed: 5.1598289012908936

*** Epoch 1, batch 39/520 ***
Training fitness: 0.9353233830845771
Model size: (5, 13)
Validation fitness: 0.9096300689450664 
Elapsed: 4.583435773849487

*** Epoch 1, batch 40/520 ***
Training fitness: 0.9193548387096774
Model size: (4, 7)
Validation fitness: 0.9238165680473372 !!!
Elapsed: 4.557583332061768

*** Epoch 1, batch 41/520 ***
Training fitness: 0.9621212121212122
Model size: (8, 22)
Validation fitness: 0.9151233464426171 
Elapsed: 3.688279151916504

*** Epoch 1, batch 42/520 ***
Training fitness: 0.9004329004329005
Model size: (5, 14)
Validation fitness: 0.9131749460043197 
Elapsed: 2.542863368988037

*** Epoch 1, batch 43/520 ***
Training fitness: 0.9210526315789473
Model size: (5, 14)
Validation fitness: 0.9131749460043197 
Elapsed: 2.5273663997650146

*** Epoch 1, batch 44/520 ***
Training fitness: 0.9586776859504132
Model size: (9, 18)
Validation fitness: 0.9265109380793474 !!!
Elapsed: 2.46431827545166

*** Epoch 1, batch 45/520 ***
Training fitness: 0.9082125603864735
Model size: (4, 7)
Validation fitness: 0.9238165680473372 
Elapsed: 2.336888074874878

*** Epoch 1, batch 46/520 ***
Training fitness: 0.952755905511811
Model size: (4, 7)
Validation fitness: 0.9238165680473372 
Elapsed: 2.2912378311157227

*** Epoch 1, batch 47/520 ***
Training fitness: 0.9130434782608695
Model size: (4, 7)
Validation fitness: 0.9238165680473372 
Elapsed: 2.253509283065796

*** Epoch 1, batch 48/520 ***
Training fitness: 0.9417040358744395
Model size: (5, 12)
Validation fitness: 0.9089181286549708 
Elapsed: 2.3355016708374023

*** Epoch 1, batch 49/520 ***
Training fitness: 0.9074889867841409
Model size: (4, 7)
Validation fitness: 0.9238165680473372 
Elapsed: 2.2124264240264893

*** Epoch 1, batch 50/520 ***
Training fitness: 0.90625
Model size: (8, 21)
Validation fitness: 0.9118519564910298 
Elapsed: 2.5756173133850098

*** Epoch 1, batch 51/520 ***
Training fitness: 0.9191489361702128
Model size: (10, 20)
Validation fitness: 0.8995062666160274 
Elapsed: 2.8845438957214355

*** Epoch 1, batch 52/520 ***
Training fitness: 0.9351851851851852
Model size: (4, 6)
Validation fitness: 0.92463789427248 
Elapsed: 2.297518014907837

*** Epoch 1, batch 53/520 ***
Training fitness: 0.8514851485148515
Model size: (4, 8)
Validation fitness: 0.9221661916246437 
Elapsed: 2.4940779209136963

*** Epoch 1, batch 54/520 ***
Training fitness: 0.9276595744680851
Model size: (4, 6)
Validation fitness: 0.92463789427248 
Elapsed: 2.3254055976867676

*** Epoch 1, batch 55/520 ***
Training fitness: 0.9344262295081968
Model size: (8, 20)
Validation fitness: 0.9134072220235967 
Elapsed: 2.6330392360687256

*** Epoch 1, batch 56/520 ***
Training fitness: 0.926605504587156
Model size: (3, 7)
Validation fitness: 0.9132811345841335 
Elapsed: 2.427011251449585

*** Epoch 1, batch 57/520 ***
Training fitness: 0.935064935064935
Model size: (4, 11)
Validation fitness: 0.8970502336448598 
Elapsed: 2.453505754470825

*** Epoch 1, batch 58/520 ***
Training fitness: 0.9351851851851852
Model size: (4, 8)
Validation fitness: 0.9243884358784284 
Elapsed: 2.386925220489502

*** Epoch 1, batch 59/520 ***
Training fitness: 0.9272727272727272
Model size: (4, 8)
Validation fitness: 0.9243884358784284 
Elapsed: 2.3978118896484375

*** Epoch 1, batch 60/520 ***
Training fitness: 0.9217391304347826
Model size: (3, 8)
Validation fitness: 0.9141180784745141 
Elapsed: 2.2277262210845947

*** Epoch 1, batch 61/520 ***
Training fitness: 0.9237668161434978
Model size: (3, 8)
Validation fitness: 0.908046823234926 
Elapsed: 2.3188064098358154

*** Epoch 1, batch 62/520 ***
Training fitness: 0.95
Model size: (11, 26)
Validation fitness: 0.9075570172302853 
Elapsed: 2.680994987487793

*** Epoch 1, batch 63/520 ***
Training fitness: 0.9215686274509803
Model size: (4, 8)
Validation fitness: 0.9243884358784284 
Elapsed: 2.2439119815826416

*** Epoch 1, batch 64/520 ***
Training fitness: 0.9207547169811321
Model size: (3, 9)
Validation fitness: 0.912822713294715 
Elapsed: 2.0588505268096924

*** Epoch 1, batch 65/520 ***
Training fitness: 0.9159663865546218
Model size: (6, 15)
Validation fitness: 0.9057568673290474 
Elapsed: 2.183819055557251

*** Epoch 1, batch 66/520 ***
Training fitness: 0.9195402298850575
Model size: (7, 16)
Validation fitness: 0.9097808964628383 
Elapsed: 2.321044445037842

*** Epoch 1, batch 67/520 ***
Training fitness: 0.9090909090909091
Model size: (2, 6)
Validation fitness: 0.9064858820240425 
Elapsed: 2.198578119277954

*** Epoch 1, batch 68/520 ***
Training fitness: 0.8968609865470852
Model size: (2, 6)
Validation fitness: 0.9260597124953925 
Elapsed: 2.3295931816101074

*** Epoch 1, batch 69/520 ***
Training fitness: 0.9322709163346613
Model size: (2, 6)
Validation fitness: 0.9260597124953925 
Elapsed: 2.205080986022949

*** Epoch 1, batch 70/520 ***
Training fitness: 0.9363636363636364
Model size: (3, 8)
Validation fitness: 0.9259753745735054 
Elapsed: 2.218212604522705

*** Epoch 1, batch 71/520 ***
Training fitness: 0.9382716049382716
Model size: (3, 8)
Validation fitness: 0.9259753745735054 
Elapsed: 2.2154948711395264

*** Epoch 1, batch 72/520 ***
Training fitness: 0.9292035398230089
Model size: (3, 8)
Validation fitness: 0.9259753745735054 
Elapsed: 2.2203078269958496

*** Epoch 1, batch 73/520 ***
Training fitness: 0.9158878504672897
Model size: (3, 7)
Validation fitness: 0.9249650914970236 
Elapsed: 2.2797396183013916

*** Epoch 1, batch 74/520 ***
Training fitness: 0.9264069264069265
Model size: (7, 11)
Validation fitness: 0.9125919515361316 
Elapsed: 2.332010507583618

*** Epoch 1, batch 75/520 ***
Training fitness: 0.9177489177489178
Model size: (3, 7)
Validation fitness: 0.9247583643122677 
Elapsed: 2.2428433895111084

*** Epoch 1, batch 76/520 ***
Training fitness: 0.9224137931034483
Model size: (3, 8)
Validation fitness: 0.9259753745735054 
Elapsed: 2.2686147689819336

*** Epoch 1, batch 77/520 ***
Training fitness: 0.9382716049382716
Model size: (2, 7)
Validation fitness: 0.9105645218126718 
Elapsed: 2.2714974880218506

*** Epoch 1, batch 78/520 ***
Training fitness: 0.9224806201550387
Model size: (7, 18)
Validation fitness: 0.9107013213300421 
Elapsed: 2.2809741497039795

*** Epoch 1, batch 79/520 ***
Training fitness: 0.944
Model size: (4, 10)
Validation fitness: 0.9106133256995634 
Elapsed: 2.337430715560913

*** Epoch 1, batch 80/520 ***
Training fitness: 0.9448818897637795
Model size: (3, 9)
Validation fitness: 0.9136240943315812 
Elapsed: 2.3890366554260254

*** Epoch 1, batch 81/520 ***
Training fitness: 0.9492753623188406
Model size: (7, 21)
Validation fitness: 0.9127789046653144 
Elapsed: 2.5348711013793945

*** Epoch 1, batch 82/520 ***
Training fitness: 0.912621359223301
Model size: (3, 9)
Validation fitness: 0.9237992054893464 
Elapsed: 2.3814220428466797

*** Epoch 1, batch 83/520 ***
Training fitness: 0.9282700421940928
Model size: (5, 13)
Validation fitness: 0.9093799682034976 
Elapsed: 2.230139970779419

*** Epoch 1, batch 84/520 ***
Training fitness: 0.9274193548387096
Model size: (7, 18)
Validation fitness: 0.9107013213300421 
Elapsed: 2.453869581222534

*** Epoch 1, batch 85/520 ***
Training fitness: 0.9354838709677419
Model size: (4, 11)
Validation fitness: 0.9250833212577887 
Elapsed: 2.4587481021881104

*** Epoch 1, batch 86/520 ***
Training fitness: 0.9290780141843972
Model size: (7, 18)
Validation fitness: 0.9023761809332952 
Elapsed: 2.345449209213257

*** Epoch 1, batch 87/520 ***
Training fitness: 0.9641434262948207
Model size: (4, 10)
Validation fitness: 0.9142207376874423 
Elapsed: 2.3979249000549316

*** Epoch 1, batch 88/520 ***
Training fitness: 0.9451476793248945
Model size: (6, 13)
Validation fitness: 0.9116486040335893 
Elapsed: 2.37638258934021

*** Epoch 1, batch 89/520 ***
Training fitness: 0.9237668161434978
Model size: (4, 10)
Validation fitness: 0.9142207376874423 
Elapsed: 2.4212558269500732

*** Epoch 1, batch 90/520 ***
Training fitness: 0.9142857142857143
Model size: (5, 11)
Validation fitness: 0.9112818195511372 
Elapsed: 2.3998544216156006

*** Epoch 1, batch 91/520 ***
Training fitness: 0.9251101321585903
Model size: (4, 11)
Validation fitness: 0.9250833212577887 
Elapsed: 2.43583607673645

*** Epoch 1, batch 92/520 ***
Training fitness: 0.9377593360995851
Model size: (5, 12)
Validation fitness: 0.9274234974682616 !!!
Elapsed: 2.431701421737671

*** Epoch 1, batch 93/520 ***
Training fitness: 0.9365079365079365
Model size: (4, 12)
Validation fitness: 0.9182092122255704 
Elapsed: 2.406862735748291

*** Epoch 1, batch 94/520 ***
Training fitness: 0.9465020576131687
Model size: (6, 16)
Validation fitness: 0.9137323943661971 
Elapsed: 2.371361255645752

*** Epoch 1, batch 95/520 ***
Training fitness: 0.9112903225806451
Model size: (5, 12)
Validation fitness: 0.9274234974682616 
Elapsed: 2.4349961280822754

*** Epoch 1, batch 96/520 ***
Training fitness: 0.9099099099099099
Model size: (6, 12)
Validation fitness: 0.9153124776290357 
Elapsed: 2.3521573543548584

*** Epoch 1, batch 97/520 ***
Training fitness: 0.9417040358744395
Model size: (5, 10)
Validation fitness: 0.9144282988404521 
Elapsed: 2.4327099323272705

*** Epoch 1, batch 98/520 ***
Training fitness: 0.9407114624505929
Model size: (5, 12)
Validation fitness: 0.9250979822906082 
Elapsed: 2.3909337520599365

*** Epoch 1, batch 99/520 ***
Training fitness: 0.9180327868852459
Model size: (5, 9)
Validation fitness: 0.9122660544075698 
Elapsed: 2.4129552841186523

*** Epoch 1, batch 100/520 ***
Training fitness: 0.9469387755102041
Model size: (6, 16)
Validation fitness: 0.9139373316319297 
Elapsed: 2.3250043392181396

*** Epoch 1, batch 101/520 ***
Training fitness: 0.9026548672566371
Model size: (11, 17)
Validation fitness: 0.8993884682585905 
Elapsed: 2.3860220909118652

*** Epoch 1, batch 102/520 ***
Training fitness: 0.9392712550607287
Model size: (4, 11)
Validation fitness: 0.9250833212577887 
Elapsed: 2.4371001720428467

*** Epoch 1, batch 103/520 ***
Training fitness: 0.9191489361702128
Model size: (5, 12)
Validation fitness: 0.925567299874344 
Elapsed: 2.584275484085083

*** Epoch 1, batch 104/520 ***
Training fitness: 0.9343629343629344
Model size: (2, 6)
Validation fitness: 0.9023639669883899 
Elapsed: 2.2699227333068848

*** Epoch 1, batch 105/520 ***
Training fitness: 0.9477911646586346
Model size: (6, 14)
Validation fitness: 0.9285450380551246 !!!
Elapsed: 2.4743309020996094

*** Epoch 1, batch 106/520 ***
Training fitness: 0.9333333333333333
Model size: (5, 13)
Validation fitness: 0.9273934780986494 
Elapsed: 2.419341802597046

*** Epoch 1, batch 107/520 ***
Training fitness: 0.9519650655021834
Model size: (5, 11)
Validation fitness: 0.9255491670352352 
Elapsed: 2.392382860183716

*** Epoch 1, batch 108/520 ***
Training fitness: 0.9349593495934959
Model size: (9, 20)
Validation fitness: 0.909429903191108 
Elapsed: 2.496683120727539

*** Epoch 1, batch 109/520 ***
Training fitness: 0.9032258064516129
Model size: (8, 14)
Validation fitness: 0.9162171880618483 
Elapsed: 2.276881217956543

*** Epoch 1, batch 110/520 ***
Training fitness: 0.9571984435797666
Model size: (6, 14)
Validation fitness: 0.9285450380551246 
Elapsed: 2.48327898979187

*** Epoch 1, batch 111/520 ***
Training fitness: 0.9543568464730291
Model size: (4, 13)
Validation fitness: 0.9233639494833524 
Elapsed: 2.386084794998169

*** Epoch 1, batch 112/520 ***
Training fitness: 0.9262295081967213
Model size: (6, 15)
Validation fitness: 0.9263295553618134 
Elapsed: 2.458191156387329

*** Epoch 1, batch 113/520 ***
Training fitness: 0.9348659003831418
Model size: (5, 13)
Validation fitness: 0.9216169226311214 
Elapsed: 2.4298062324523926

*** Epoch 1, batch 114/520 ***
Training fitness: 0.9344978165938864
Model size: (5, 14)
Validation fitness: 0.9169994916854259 
Elapsed: 2.3947083950042725

*** Epoch 1, batch 115/520 ***
Training fitness: 0.937007874015748
Model size: (5, 13)
Validation fitness: 0.9216169226311214 
Elapsed: 2.4060187339782715

*** Epoch 1, batch 116/520 ***
Training fitness: 0.9307692307692308
Model size: (5, 13)
Validation fitness: 0.9211737629459148 
Elapsed: 2.2971317768096924

*** Epoch 1, batch 117/520 ***
Training fitness: 0.9609375
Model size: (6, 12)
Validation fitness: 0.9167379526660964 
Elapsed: 2.4273509979248047

*** Epoch 1, batch 118/520 ***
Training fitness: 0.9400921658986175
Model size: (8, 22)
Validation fitness: 0.901309305927073 
Elapsed: 2.424943208694458

*** Epoch 1, batch 119/520 ***
Training fitness: 0.9416666666666667
Model size: (5, 13)
Validation fitness: 0.9211737629459148 
Elapsed: 2.494680881500244

*** Epoch 1, batch 120/520 ***
Training fitness: 0.933920704845815
Model size: (6, 13)
Validation fitness: 0.9246359405494671 
Elapsed: 2.349915027618408

*** Epoch 1, batch 121/520 ***
Training fitness: 0.9176470588235294
Model size: (9, 26)
Validation fitness: 0.9116312056737589 
Elapsed: 2.506601572036743

*** Epoch 1, batch 122/520 ***
Training fitness: 0.9191489361702128
Model size: (4, 12)
Validation fitness: 0.9279398762157383 
Elapsed: 2.3495521545410156

*** Epoch 1, batch 123/520 ***
Training fitness: 0.9153846153846154
Model size: (4, 12)
Validation fitness: 0.9279398762157383 
Elapsed: 2.3372080326080322

*** Epoch 1, batch 124/520 ***
Training fitness: 0.9446808510638298
Model size: (5, 11)
Validation fitness: 0.93023598820059 !!!
Elapsed: 2.394698143005371

*** Epoch 1, batch 125/520 ***
Training fitness: 0.935361216730038
Model size: (4, 8)
Validation fitness: 0.9241006142146827 
Elapsed: 2.2753500938415527

*** Epoch 1, batch 126/520 ***
Training fitness: 0.9402390438247012
Model size: (4, 9)
Validation fitness: 0.9285714285714286 
Elapsed: 2.32234787940979

*** Epoch 1, batch 127/520 ***
Training fitness: 0.9181818181818182
Model size: (4, 9)
Validation fitness: 0.9285714285714286 
Elapsed: 2.181122303009033

*** Epoch 1, batch 128/520 ***
Training fitness: 0.911504424778761
Model size: (12, 20)
Validation fitness: 0.9044212333667191 
Elapsed: 2.509765863418579

*** Epoch 1, batch 129/520 ***
Training fitness: 0.9279279279279279
Model size: (6, 10)
Validation fitness: 0.9248460568291417 
Elapsed: 2.346287488937378

*** Epoch 1, batch 130/520 ***
Training fitness: 0.9149797570850202
Model size: (7, 14)
Validation fitness: 0.9116093102955876 
Elapsed: 2.447662115097046

*** Epoch 1, batch 131/520 ***
Training fitness: 0.9159663865546218
Model size: (13, 27)
Validation fitness: 0.9094202898550725 
Elapsed: 2.375772476196289

*** Epoch 1, batch 132/520 ***
Training fitness: 0.9264069264069265
Model size: (6, 10)
Validation fitness: 0.9263911201986271 
Elapsed: 2.2876129150390625

*** Epoch 1, batch 133/520 ***
Training fitness: 0.932806324110672
Model size: (9, 14)
Validation fitness: 0.903367054205043 
Elapsed: 2.3234198093414307

*** Epoch 1, batch 134/520 ***
Training fitness: 0.91324200913242
Model size: (7, 11)
Validation fitness: 0.9096678966789667 
Elapsed: 2.2567553520202637

*** Epoch 1, batch 135/520 ***
Training fitness: 0.9122807017543859
Model size: (6, 9)
Validation fitness: 0.9163269843622619 
Elapsed: 2.181637763977051

*** Epoch 1, batch 136/520 ***
Training fitness: 0.9384615384615385
Model size: (9, 15)
Validation fitness: 0.9102685394076122 
Elapsed: 2.476146936416626

*** Epoch 1, batch 137/520 ***
Training fitness: 0.9338235294117647
Model size: (9, 15)
Validation fitness: 0.913954001028731 
Elapsed: 2.5770208835601807

*** Epoch 1, batch 138/520 ***
Training fitness: 0.9381818181818182
Model size: (6, 10)
Validation fitness: 0.9224435786223627 
Elapsed: 2.256422519683838

*** Epoch 1, batch 139/520 ***
Training fitness: 0.9251101321585903
Model size: (6, 10)
Validation fitness: 0.9224435786223627 
Elapsed: 2.323918104171753

*** Epoch 1, batch 140/520 ***
Training fitness: 0.9159663865546218
Model size: (9, 16)
Validation fitness: 0.9161721068249258 
Elapsed: 2.496229648590088

*** Epoch 1, batch 141/520 ***
Training fitness: 0.9435483870967742
Model size: (6, 10)
Validation fitness: 0.9224435786223627 
Elapsed: 2.3171229362487793

*** Epoch 1, batch 142/520 ***
Training fitness: 0.9509433962264151
Model size: (13, 26)
Validation fitness: 0.9052183173588925 
Elapsed: 2.2065634727478027

*** Epoch 1, batch 143/520 ***
Training fitness: 0.9349593495934959
Model size: (7, 13)
Validation fitness: 0.9111952861952862 
Elapsed: 2.397540807723999

*** Epoch 1, batch 144/520 ***
Training fitness: 0.9407114624505929
Model size: (7, 14)
Validation fitness: 0.8784273150543197 
Elapsed: 2.4984066486358643

*** Epoch 1, batch 145/520 ***
Training fitness: 0.9186991869918699
Model size: (12, 26)
Validation fitness: 0.9110259684972328 
Elapsed: 2.2412126064300537

*** Epoch 1, batch 146/520 ***
Training fitness: 0.9259259259259259
Model size: (6, 10)
Validation fitness: 0.919553903345725 
Elapsed: 2.238914728164673

*** Epoch 1, batch 147/520 ***
Training fitness: 0.9294605809128631
Model size: (5, 10)
Validation fitness: 0.9238081310324656 
Elapsed: 2.261514186859131

*** Epoch 1, batch 148/520 ***
Training fitness: 0.9074889867841409
Model size: (6, 10)
Validation fitness: 0.9224435786223627 
Elapsed: 2.32220458984375

*** Epoch 1, batch 149/520 ***
Training fitness: 0.9433962264150944
Model size: (6, 10)
Validation fitness: 0.9224435786223627 
Elapsed: 2.3160507678985596

*** Epoch 1, batch 150/520 ***
Training fitness: 0.9367088607594937
Model size: (6, 11)
Validation fitness: 0.924318720379147 
Elapsed: 2.280992031097412

*** Epoch 1, batch 151/520 ***
Training fitness: 0.936
Model size: (6, 12)
Validation fitness: 0.9228835489833641 
Elapsed: 2.2953505516052246

*** Epoch 1, batch 152/520 ***
Training fitness: 0.935064935064935
Model size: (6, 12)
Validation fitness: 0.9228835489833641 
Elapsed: 2.2972571849823

*** Epoch 1, batch 153/520 ***
Training fitness: 0.9238095238095239
Model size: (10, 15)
Validation fitness: 0.9097504352872896 
Elapsed: 2.525580406188965

*** Epoch 1, batch 154/520 ***
Training fitness: 0.9128630705394191
Model size: (13, 27)
Validation fitness: 0.9066398967445862 
Elapsed: 2.334192991256714

*** Epoch 1, batch 155/520 ***
Training fitness: 0.9288702928870293
Model size: (6, 11)
Validation fitness: 0.9140038601758524 
Elapsed: 2.439220666885376

*** Epoch 1, batch 156/520 ***
Training fitness: 0.9516728624535316
Model size: (15, 33)
Validation fitness: 0.9016639291580376 
Elapsed: 2.296739339828491

*** Epoch 1, batch 157/520 ***
Training fitness: 0.8816326530612245
Model size: (10, 18)
Validation fitness: 0.8750086272344537 
Elapsed: 2.4399635791778564

*** Epoch 1, batch 158/520 ***
Training fitness: 0.9245283018867925
Model size: (10, 18)
Validation fitness: 0.9063007230337907 
Elapsed: 2.3535656929016113

*** Epoch 1, batch 159/520 ***
Training fitness: 0.9285714285714286
Model size: (11, 21)
Validation fitness: 0.9127238992364233 
Elapsed: 2.563199281692505

*** Epoch 1, batch 160/520 ***
Training fitness: 0.9209302325581395
Model size: (11, 20)
Validation fitness: 0.9074214600091061 
Elapsed: 2.4630839824676514

*** Epoch 1, batch 161/520 ***
Training fitness: 0.9422222222222222
Model size: (6, 10)
Validation fitness: 0.9166064460182107 
Elapsed: 2.3264403343200684

*** Epoch 1, batch 162/520 ***
Training fitness: 0.9349593495934959
Model size: (6, 10)
Validation fitness: 0.9166064460182107 
Elapsed: 2.1932485103607178

*** Epoch 1, batch 163/520 ***
Training fitness: 0.9105691056910569
Model size: (9, 14)
Validation fitness: 0.8921471501221848 
Elapsed: 2.244762897491455

*** Epoch 1, batch 164/520 ***
Training fitness: 0.925
Model size: (6, 11)
Validation fitness: 0.9187518398586989 
Elapsed: 2.3178961277008057

*** Epoch 1, batch 165/520 ***
Training fitness: 0.925
Model size: (11, 19)
Validation fitness: 0.9037913340935005 
Elapsed: 2.4534590244293213

*** Epoch 1, batch 166/520 ***
Training fitness: 0.9361702127659575
Model size: (7, 14)
Validation fitness: 0.91880988401412 
Elapsed: 2.5379414558410645

*** Epoch 1, batch 167/520 ***
Training fitness: 0.9191489361702128
Model size: (10, 18)
Validation fitness: 0.912621359223301 
Elapsed: 2.591106653213501

*** Epoch 1, batch 168/520 ***
Training fitness: 0.954954954954955
Model size: (10, 18)
Validation fitness: 0.912621359223301 
Elapsed: 2.5038857460021973

*** Epoch 1, batch 169/520 ***
Training fitness: 0.9218106995884774
Model size: (6, 11)
Validation fitness: 0.9142289122408407 
Elapsed: 2.4912569522857666

*** Epoch 1, batch 170/520 ***
Training fitness: 0.9068825910931174
Model size: (9, 12)
Validation fitness: 0.9156678700361011 
Elapsed: 2.418138027191162

*** Epoch 1, batch 171/520 ***
Training fitness: 0.9177489177489178
Model size: (18, 35)
Validation fitness: 0.9151011042592858 
Elapsed: 2.327188014984131

*** Epoch 1, batch 172/520 ***
Training fitness: 0.896551724137931
Model size: (7, 10)
Validation fitness: 0.8787522533113881 
Elapsed: 2.606055498123169

*** Epoch 1, batch 173/520 ***
Training fitness: 0.933920704845815
Model size: (18, 35)
Validation fitness: 0.9151011042592858 
Elapsed: 2.4028587341308594

*** Epoch 1, batch 174/520 ***
Training fitness: 0.924901185770751
Model size: (19, 39)
Validation fitness: 0.9119885139985643 
Elapsed: 2.2431640625

*** Epoch 1, batch 175/520 ***
Training fitness: 0.937007874015748
Model size: (21, 32)
Validation fitness: 0.9078729381257653 
Elapsed: 2.338430643081665

*** Epoch 1, batch 176/520 ***
Training fitness: 0.9134615384615384
Model size: (10, 17)
Validation fitness: 0.9141983843970599 
Elapsed: 2.4773199558258057

*** Epoch 1, batch 177/520 ***
Training fitness: 0.9575289575289575
Model size: (7, 13)
Validation fitness: 0.9175058924362546 
Elapsed: 2.465437889099121

*** Epoch 1, batch 178/520 ***
Training fitness: 0.9149797570850202
Model size: (7, 13)
Validation fitness: 0.9175058924362546 
Elapsed: 2.3957600593566895

*** Epoch 1, batch 179/520 ***
Training fitness: 0.9377593360995851
Model size: (7, 13)
Validation fitness: 0.9175058924362546 
Elapsed: 2.430880308151245

*** Epoch 1, batch 180/520 ***
Training fitness: 0.9296875
Model size: (22, 37)
Validation fitness: 0.9133065986146555 
Elapsed: 2.244260787963867

*** Epoch 1, batch 181/520 ***
Training fitness: 0.9024390243902439
Model size: (16, 28)
Validation fitness: 0.897798025816249 
Elapsed: 2.7323741912841797

*** Epoch 1, batch 182/520 ***
Training fitness: 0.9098712446351931
Model size: (11, 18)
Validation fitness: 0.9104102306200158 
Elapsed: 4.258174896240234

*** Epoch 1, batch 183/520 ***
Training fitness: 0.9145299145299145
Model size: (14, 23)
Validation fitness: 0.90712097437047 
Elapsed: 4.273202896118164

*** Epoch 1, batch 184/520 ***
Training fitness: 0.9277566539923955
Model size: (16, 29)
Validation fitness: 0.9125906772965596 
Elapsed: 4.530691385269165

*** Epoch 1, batch 185/520 ***
Training fitness: 0.9367088607594937
Model size: (7, 11)
Validation fitness: 0.9130372900654711 
Elapsed: 4.608949422836304

*** Epoch 1, batch 186/520 ***
Training fitness: 0.9282700421940928
Model size: (22, 41)
Validation fitness: 0.9149809228997192 
Elapsed: 3.2960124015808105

*** Epoch 1, batch 187/520 ***
Training fitness: 0.919831223628692
Model size: (12, 17)
Validation fitness: 0.9096994833733537 
Elapsed: 2.384730815887451

*** Epoch 1, batch 188/520 ***
Training fitness: 0.8947368421052632
Model size: (20, 29)
Validation fitness: 0.9153193060169804 
Elapsed: 2.4100186824798584

*** Epoch 1, batch 189/520 ***
Training fitness: 0.9298245614035088
Model size: (13, 21)
Validation fitness: 0.9118992277123791 
Elapsed: 2.5064969062805176

*** Epoch 1, batch 190/520 ***
Training fitness: 0.9306122448979591
Model size: (21, 32)
Validation fitness: 0.9196136701337295 
Elapsed: 2.398498058319092

*** Epoch 1, batch 191/520 ***
Training fitness: 0.9523809523809523
Model size: (22, 32)
Validation fitness: 0.9259803201644882 
Elapsed: 2.4204671382904053

*** Epoch 1, batch 192/520 ***
Training fitness: 0.9256198347107438
Model size: (22, 41)
Validation fitness: 0.9149809228997192 
Elapsed: 2.241952896118164

*** Epoch 1, batch 193/520 ***
Training fitness: 0.9302325581395349
Model size: (21, 28)
Validation fitness: 0.9180661577608142 
Elapsed: 2.5663328170776367

*** Epoch 1, batch 194/520 ***
Training fitness: 0.9469387755102041
Model size: (21, 28)
Validation fitness: 0.9180661577608142 
Elapsed: 2.246304512023926

*** Epoch 1, batch 195/520 ***
Training fitness: 0.9029535864978903
Model size: (22, 32)
Validation fitness: 0.9238638024258367 
Elapsed: 2.355252265930176

*** Epoch 1, batch 196/520 ***
Training fitness: 0.9354838709677419
Model size: (26, 41)
Validation fitness: 0.9091428571428571 
Elapsed: 2.2492001056671143

*** Epoch 1, batch 197/520 ***
Training fitness: 0.9558232931726908
Model size: (22, 28)
Validation fitness: 0.9052555795536357 
Elapsed: 2.35128116607666

*** Epoch 1, batch 198/520 ***
Training fitness: 0.9344978165938864
Model size: (13, 18)
Validation fitness: 0.9071006348974677 
Elapsed: 2.5419528484344482

*** Epoch 1, batch 199/520 ***
Training fitness: 0.9396551724137931
Model size: (22, 32)
Validation fitness: 0.9254562779447336 
Elapsed: 2.481498956680298

*** Epoch 1, batch 200/520 ***
Training fitness: 0.940677966101695
Model size: (22, 32)
Validation fitness: 0.9254562779447336 
Elapsed: 2.5268476009368896

*** Epoch 1, batch 201/520 ***
Training fitness: 0.9375
Model size: (25, 35)
Validation fitness: 0.9079003558718861 
Elapsed: 2.2570266723632812

*** Epoch 1, batch 202/520 ***
Training fitness: 0.9317269076305221
Model size: (22, 35)
Validation fitness: 0.9221781464118284 
Elapsed: 2.3852546215057373

*** Epoch 1, batch 203/520 ***
Training fitness: 0.9326923076923077
Model size: (22, 33)
Validation fitness: 0.9270532474264979 
Elapsed: 2.41658353805542

*** Epoch 1, batch 204/520 ***
Training fitness: 0.9407114624505929
Model size: (22, 32)
Validation fitness: 0.9223586870645695 
Elapsed: 2.562930107116699

*** Epoch 1, batch 205/520 ***
Training fitness: 0.9215686274509803
Model size: (22, 35)
Validation fitness: 0.9077117572692794 
Elapsed: 2.5577049255371094

*** Epoch 1, batch 206/520 ***
Training fitness: 0.9307692307692308
Model size: (22, 35)
Validation fitness: 0.9231324431613136 
Elapsed: 2.396907329559326

*** Epoch 1, batch 207/520 ***
Training fitness: 0.9145299145299145
Model size: (22, 32)
Validation fitness: 0.9217491369390104 
Elapsed: 2.4325196743011475

*** Epoch 1, batch 208/520 ***
Training fitness: 0.9512195121951219
Model size: (21, 28)
Validation fitness: 0.9180661577608142 
Elapsed: 2.247222661972046

*** Epoch 1, batch 209/520 ***
Training fitness: 0.9203539823008849
Model size: (21, 28)
Validation fitness: 0.9180661577608142 
Elapsed: 2.2718582153320312

*** Epoch 1, batch 210/520 ***
Training fitness: 0.9367088607594937
Model size: (24, 36)
Validation fitness: 0.9155510528981836 
Elapsed: 2.2693850994110107

*** Epoch 1, batch 211/520 ***
Training fitness: 0.9446494464944649
Model size: (21, 28)
Validation fitness: 0.9256643611212232 
Elapsed: 2.345646381378174

*** Epoch 1, batch 212/520 ***
Training fitness: 0.921161825726141
Model size: (27, 47)
Validation fitness: 0.9124508150646431 
Elapsed: 2.126276731491089

*** Epoch 1, batch 213/520 ***
Training fitness: 0.9444444444444444
Model size: (20, 29)
Validation fitness: 0.9246907328365768 
Elapsed: 2.389882802963257

*** Epoch 1, batch 214/520 ***
Training fitness: 0.9495798319327731
Model size: (25, 31)
Validation fitness: 0.9071486061315578 
Elapsed: 2.022183656692505

*** Epoch 1, batch 215/520 ***
Training fitness: 0.92
Model size: (13, 18)
Validation fitness: 0.9188288157704015 
Elapsed: 2.302992582321167

*** Epoch 1, batch 216/520 ***
Training fitness: 0.9149797570850202
Model size: (22, 29)
Validation fitness: 0.9126825078728886 
Elapsed: 2.140829086303711

*** Epoch 1, batch 217/520 ***
Training fitness: 0.9316239316239316
Model size: (23, 33)
Validation fitness: 0.9092633114514953 
Elapsed: 2.295642137527466

*** Epoch 1, batch 218/520 ***
Training fitness: 0.9523809523809523
Model size: (13, 18)
Validation fitness: 0.9188288157704015 
Elapsed: 2.298189163208008

*** Epoch 1, batch 219/520 ***
Training fitness: 0.9061224489795918
Model size: (24, 36)
Validation fitness: 0.913024850042845 
Elapsed: 2.1771163940429688

*** Epoch 1, batch 220/520 ***
Training fitness: 0.8888888888888888
Model size: (25, 33)
Validation fitness: 0.9144665851377599 
Elapsed: 2.190216302871704

*** Epoch 1, batch 221/520 ***
Training fitness: 0.9439252336448598
Model size: (28, 44)
Validation fitness: 0.9072519905315257 
Elapsed: 2.459505319595337

*** Epoch 1, batch 222/520 ***
Training fitness: 0.9264069264069265
Model size: (29, 39)
Validation fitness: 0.9038904899135447 
Elapsed: 2.1834557056427

*** Epoch 1, batch 223/520 ***
Training fitness: 0.9090909090909091
Model size: (21, 31)
Validation fitness: 0.9063184007004231 
Elapsed: 2.37149977684021

*** Epoch 1, batch 224/520 ***
Training fitness: 0.897119341563786
Model size: (26, 41)
Validation fitness: 0.9123884327026062 
Elapsed: 2.280177354812622

*** Epoch 1, batch 225/520 ***
Training fitness: 0.9177489177489178
Model size: (21, 31)
Validation fitness: 0.9063184007004231 
Elapsed: 2.4237990379333496

*** Epoch 1, batch 226/520 ***
Training fitness: 0.9487179487179487
Model size: (26, 35)
Validation fitness: 0.9136018680677175 
Elapsed: 2.124117374420166

*** Epoch 1, batch 227/520 ***
Training fitness: 0.9407114624505929
Model size: (29, 48)
Validation fitness: 0.9078629318925068 
Elapsed: 2.147740364074707

*** Epoch 1, batch 228/520 ***
Training fitness: 0.9098712446351931
Model size: (27, 44)
Validation fitness: 0.9064707544504097 
Elapsed: 2.197556257247925

*** Epoch 1, batch 229/520 ***
Training fitness: 0.9333333333333333
Model size: (27, 39)
Validation fitness: 0.9229279916598406 
Elapsed: 2.2132749557495117

*** Epoch 1, batch 230/520 ***
Training fitness: 0.8792270531400966
Model size: (15, 17)
Validation fitness: 0.8703063810181986 
Elapsed: 2.0202836990356445

*** Epoch 1, batch 231/520 ***
Training fitness: 0.9083969465648855
Model size: (29, 46)
Validation fitness: 0.9235958351664467 
Elapsed: 2.139458179473877

*** Epoch 1, batch 232/520 ***
Training fitness: 0.9356223175965666
Model size: (29, 46)
Validation fitness: 0.9235958351664467 
Elapsed: 2.2560009956359863

*** Epoch 1, batch 233/520 ***
Training fitness: 0.9074074074074074
Model size: (29, 46)
Validation fitness: 0.9235958351664467 
Elapsed: 2.203127384185791

*** Epoch 1, batch 234/520 ***
Training fitness: 0.9361702127659575
Model size: (29, 46)
Validation fitness: 0.9235958351664467 
Elapsed: 2.196444034576416

*** Epoch 1, batch 235/520 ***
Training fitness: 0.9333333333333333
Model size: (29, 48)
Validation fitness: 0.9062566128235875 
Elapsed: 2.0478577613830566

*** Epoch 1, batch 236/520 ***
Training fitness: 0.8985507246376812
Model size: (30, 49)
Validation fitness: 0.9073848578182079 
Elapsed: 2.1641714572906494

*** Epoch 1, batch 237/520 ***
Training fitness: 0.9152542372881356
Model size: (30, 47)
Validation fitness: 0.911693813454094 
Elapsed: 2.181333541870117

*** Epoch 1, batch 238/520 ***
Training fitness: 0.9316239316239316
Model size: (30, 51)
Validation fitness: 0.9070850347446092 
Elapsed: 2.088195562362671

*** Epoch 1, batch 239/520 ***
Training fitness: 0.9304347826086956
Model size: (31, 46)
Validation fitness: 0.9163874726875455 
Elapsed: 2.007436990737915

*** Epoch 1, batch 240/520 ***
Training fitness: 0.896551724137931
Model size: (35, 55)
Validation fitness: 0.9060454641424449 
Elapsed: 2.1425247192382812

*** Epoch 1, batch 241/520 ***
Training fitness: 0.9105691056910569
Model size: (30, 47)
Validation fitness: 0.911693813454094 
Elapsed: 2.186246395111084

*** Epoch 1, batch 242/520 ***
Training fitness: 0.9322709163346613
Model size: (30, 45)
Validation fitness: 0.9136522753792299 
Elapsed: 2.0248301029205322

*** Epoch 1, batch 243/520 ***
Training fitness: 0.911504424778761
Model size: (30, 45)
Validation fitness: 0.9136522753792299 
Elapsed: 2.0172107219696045

*** Epoch 1, batch 244/520 ***
Training fitness: 0.902127659574468
Model size: (37, 63)
Validation fitness: 0.9096334185848253 
Elapsed: 2.0683157444000244

*** Epoch 1, batch 245/520 ***
Training fitness: 0.8785046728971962
Model size: (36, 63)
Validation fitness: 0.9145917776491025 
Elapsed: 2.1120598316192627

*** Epoch 1, batch 246/520 ***
Training fitness: 0.9107142857142857
Model size: (30, 45)
Validation fitness: 0.9043748152527342 
Elapsed: 2.1331605911254883

*** Epoch 1, batch 247/520 ***
Training fitness: 0.9714285714285714
Model size: (30, 42)
Validation fitness: 0.914044289044289 
Elapsed: 2.1550002098083496

*** Epoch 1, batch 248/520 ***
Training fitness: 0.9285714285714286
Model size: (30, 42)
Validation fitness: 0.914044289044289 
Elapsed: 2.2527365684509277

*** Epoch 1, batch 249/520 ***
Training fitness: 0.9247311827956989
Model size: (31, 53)
Validation fitness: 0.9064393405664365 
Elapsed: 2.002307653427124

*** Epoch 1, batch 250/520 ***
Training fitness: 0.9128630705394191
Model size: (38, 66)
Validation fitness: 0.9126955518708096 
Elapsed: 1.977025032043457

*** Epoch 1, batch 251/520 ***
Training fitness: 0.9236947791164659
Model size: (30, 41)
Validation fitness: 0.9034732580438951 
Elapsed: 2.1175484657287598

*** Epoch 1, batch 252/520 ***
Training fitness: 0.9310344827586207
Model size: (32, 46)
Validation fitness: 0.9099950273495774 
Elapsed: 2.1845059394836426

*** Epoch 1, batch 253/520 ***
Training fitness: 0.9262295081967213
Model size: (31, 45)
Validation fitness: 0.9109432886862354 
Elapsed: 2.0036091804504395

*** Epoch 1, batch 254/520 ***
Training fitness: 0.9142857142857143
Model size: (32, 47)
Validation fitness: 0.914609644087256 
Elapsed: 1.9708342552185059

*** Epoch 1, batch 255/520 ***
Training fitness: 0.9375
Model size: (32, 47)
Validation fitness: 0.914609644087256 
Elapsed: 2.002472162246704

*** Epoch 1, batch 256/520 ***
Training fitness: 0.9205020920502092
Model size: (33, 49)
Validation fitness: 0.8977619893428064 
Elapsed: 2.0176374912261963

*** Epoch 1, batch 257/520 ***
Training fitness: 0.9037656903765691
Model size: (32, 45)
Validation fitness: 0.8972208746274863 
Elapsed: 2.0469367504119873

*** Epoch 1, batch 258/520 ***
Training fitness: 0.9149797570850202
Model size: (29, 37)
Validation fitness: 0.9010248692037555 
Elapsed: 2.062028408050537

*** Epoch 1, batch 259/520 ***
Training fitness: 0.9176470588235294
Model size: (32, 52)
Validation fitness: 0.9070243558065655 
Elapsed: 2.028768301010132

*** Epoch 1, batch 260/520 ***
Training fitness: 0.937007874015748
Model size: (33, 52)
Validation fitness: 0.9081683698992353 
Elapsed: 2.1130261421203613

*** Epoch 1, batch 261/520 ***
Training fitness: 0.9482758620689655
Model size: (33, 53)
Validation fitness: 0.9143719893594076 
Elapsed: 2.0685980319976807

*** Epoch 1, batch 262/520 ***
Training fitness: 0.9304347826086956
Model size: (33, 53)
Validation fitness: 0.9147826086956522 
Elapsed: 2.005669593811035

*** Epoch 1, batch 263/520 ***
Training fitness: 0.928
Model size: (32, 50)
Validation fitness: 0.9141091065909581 
Elapsed: 1.9724249839782715

*** Epoch 1, batch 264/520 ***
Training fitness: 0.9280575539568345
Model size: (34, 49)
Validation fitness: 0.9141428571428571 
Elapsed: 1.9125874042510986

*** Epoch 1, batch 265/520 ***
Training fitness: 0.9516129032258065
Model size: (19, 29)
Validation fitness: 0.9020725019585499 
Elapsed: 1.8531711101531982

*** Epoch 1, batch 266/520 ***
Training fitness: 0.9049773755656109
Model size: (19, 29)
Validation fitness: 0.9020725019585499 
Elapsed: 1.7957096099853516

*** Epoch 1, batch 267/520 ***
Training fitness: 0.9
Model size: (19, 26)
Validation fitness: 0.9051321928460342 
Elapsed: 1.7890269756317139

*** Epoch 1, batch 268/520 ***
Training fitness: 0.897119341563786
Model size: (21, 30)
Validation fitness: 0.8997316763169044 
Elapsed: 1.9658243656158447

*** Epoch 1, batch 269/520 ***
Training fitness: 0.9193548387096774
Model size: (22, 30)
Validation fitness: 0.9044872696581798 
Elapsed: 1.9144790172576904

*** Epoch 1, batch 270/520 ***
Training fitness: 0.8879668049792531
Model size: (23, 31)
Validation fitness: 0.9001416430594901 
Elapsed: 1.8764750957489014

*** Epoch 1, batch 271/520 ***
Training fitness: 0.8992248062015504
Model size: (28, 33)
Validation fitness: 0.9013963480128894 
Elapsed: 2.0109925270080566

*** Epoch 1, batch 272/520 ***
Training fitness: 0.8733624454148472
Model size: (28, 33)
Validation fitness: 0.9013963480128894 
Elapsed: 1.9839165210723877

*** Epoch 1, batch 273/520 ***
Training fitness: 0.8947368421052632
Model size: (29, 35)
Validation fitness: 0.8951204275699313 
Elapsed: 2.091773509979248

*** Epoch 1, batch 274/520 ***
Training fitness: 0.8869565217391304
Model size: (29, 35)
Validation fitness: 0.8951204275699313 
Elapsed: 1.976266860961914

*** Epoch 1, batch 275/520 ***
Training fitness: 0.9166666666666666
Model size: (23, 35)
Validation fitness: 0.9050632911392406 
Elapsed: 1.8627183437347412

*** Epoch 1, batch 276/520 ***
Training fitness: 0.9024390243902439
Model size: (24, 35)
Validation fitness: 0.9070195301443532 
Elapsed: 1.8475193977355957

*** Epoch 1, batch 277/520 ***
Training fitness: 0.9382716049382716
Model size: (25, 38)
Validation fitness: 0.9057763797540749 
Elapsed: 2.1461732387542725

*** Epoch 1, batch 278/520 ***
Training fitness: 0.9217391304347826
Model size: (25, 38)
Validation fitness: 0.9035410764872521 
Elapsed: 1.9256339073181152

*** Epoch 1, batch 279/520 ***
Training fitness: 0.8812260536398467
Model size: (23, 36)
Validation fitness: 0.8972664672741184 
Elapsed: 1.8632912635803223

*** Epoch 1, batch 280/520 ***
Training fitness: 0.8932038834951457
Model size: (16, 20)
Validation fitness: 0.8754083061129259 
Elapsed: 1.8368022441864014

*** Epoch 1, batch 281/520 ***
Training fitness: 0.9037656903765691
Model size: (24, 36)
Validation fitness: 0.9016238258210151 
Elapsed: 1.8239011764526367

*** Epoch 1, batch 282/520 ***
Training fitness: 0.9243697478991597
Model size: (27, 42)
Validation fitness: 0.9042918454935622 
Elapsed: 1.7955493927001953

*** Epoch 1, batch 283/520 ***
Training fitness: 0.9029535864978903
Model size: (28, 45)
Validation fitness: 0.9052888761138258 
Elapsed: 1.795839786529541

*** Epoch 1, batch 284/520 ***
Training fitness: 0.8786610878661087
Model size: (15, 25)
Validation fitness: 0.8830308051517662 
Elapsed: 1.8607451915740967

*** Epoch 1, batch 285/520 ***
Training fitness: 0.9296875
Model size: (28, 43)
Validation fitness: 0.90649033278229 
Elapsed: 1.8947324752807617

*** Epoch 1, batch 286/520 ***
Training fitness: 0.9132075471698113
Model size: (29, 46)
Validation fitness: 0.906592226755422 
Elapsed: 1.9638347625732422

*** Epoch 1, batch 287/520 ***
Training fitness: 0.9166666666666666
Model size: (29, 46)
Validation fitness: 0.906592226755422 
Elapsed: 1.908069372177124

*** Epoch 1, batch 288/520 ***
Training fitness: 0.9007633587786259
Model size: (29, 46)
Validation fitness: 0.906592226755422 
Elapsed: 1.8896870613098145

*** Epoch 1, batch 289/520 ***
Training fitness: 0.9041095890410958
Model size: (29, 46)
Validation fitness: 0.906592226755422 
Elapsed: 1.953526496887207

*** Epoch 1, batch 290/520 ***
Training fitness: 0.9302325581395349
Model size: (16, 30)
Validation fitness: 0.8843496545509162 
Elapsed: 2.0898685455322266

*** Epoch 1, batch 291/520 ***
Training fitness: 0.9082969432314411
Model size: (30, 49)
Validation fitness: 0.8923374025794882 
Elapsed: 1.9961633682250977

*** Epoch 1, batch 292/520 ***
Training fitness: 0.9019607843137255
Model size: (29, 48)
Validation fitness: 0.9035243859024564 
Elapsed: 1.930346965789795

*** Epoch 1, batch 293/520 ***
Training fitness: 0.9098039215686274
Model size: (29, 46)
Validation fitness: 0.9037921348314607 
Elapsed: 1.88295316696167

*** Epoch 1, batch 294/520 ***
Training fitness: 0.9185185185185185
Model size: (29, 46)
Validation fitness: 0.9037921348314607 
Elapsed: 1.954871416091919

*** Epoch 1, batch 295/520 ***
Training fitness: 0.9166666666666666
Model size: (30, 47)
Validation fitness: 0.9041810618345907 
Elapsed: 2.0013129711151123

*** Epoch 1, batch 296/520 ***
Training fitness: 0.9090909090909091
Model size: (30, 47)
Validation fitness: 0.9041810618345907 
Elapsed: 1.9853522777557373

*** Epoch 1, batch 297/520 ***
Training fitness: 0.8765957446808511
Model size: (30, 47)
Validation fitness: 0.9041810618345907 
Elapsed: 2.042114019393921

*** Epoch 1, batch 298/520 ***
Training fitness: 0.8917748917748918
Model size: (29, 45)
Validation fitness: 0.9064861012116893 
Elapsed: 1.9767439365386963

*** Epoch 1, batch 299/520 ***
Training fitness: 0.9236641221374046
Model size: (30, 47)
Validation fitness: 0.9041810618345907 
Elapsed: 2.051232099533081

*** Epoch 1, batch 300/520 ***
Training fitness: 0.8938053097345132
Model size: (16, 18)
Validation fitness: 0.8806641837368094 
Elapsed: 2.113044500350952

*** Epoch 1, batch 301/520 ***
Training fitness: 0.8823529411764706
Model size: (16, 18)
Validation fitness: 0.8806641837368094 
Elapsed: 2.0958878993988037

*** Epoch 1, batch 302/520 ***
Training fitness: 0.8682926829268293
Model size: (14, 16)
Validation fitness: 0.8731678133413102 
Elapsed: 1.9700748920440674

*** Epoch 1, batch 303/520 ***
Training fitness: 0.902127659574468
Model size: (19, 27)
Validation fitness: 0.8736242884250475 
Elapsed: 1.9412181377410889

*** Epoch 1, batch 304/520 ***
Training fitness: 0.912
Model size: (18, 26)
Validation fitness: 0.8784759563681057 
Elapsed: 2.018245220184326

*** Epoch 1, batch 305/520 ***
Training fitness: 0.8837209302325582
Model size: (14, 17)
Validation fitness: 0.874033233785129 
Elapsed: 1.9646453857421875

*** Epoch 1, batch 306/520 ***
Training fitness: 0.8571428571428571
Model size: (23, 36)
Validation fitness: 0.8793804755944932 
Elapsed: 1.9342243671417236

*** Epoch 1, batch 307/520 ***
Training fitness: 0.9260700389105059
Model size: (19, 27)
Validation fitness: 0.874123178910044 
Elapsed: 1.8784139156341553

*** Epoch 1, batch 308/520 ***
Training fitness: 0.8598130841121495
Model size: (22, 36)
Validation fitness: 0.871425320488508 
Elapsed: 2.1664278507232666

*** Epoch 1, batch 309/520 ***
Training fitness: 0.9083665338645418
Model size: (23, 39)
Validation fitness: 0.8651877133105802 
Elapsed: 1.9093585014343262

*** Epoch 1, batch 310/520 ***
Training fitness: 0.889795918367347
Model size: (23, 36)
Validation fitness: 0.8723452843114866 
Elapsed: 1.8925518989562988

*** Epoch 1, batch 311/520 ***
Training fitness: 0.8907563025210085
Model size: (16, 26)
Validation fitness: 0.8760931816422878 
Elapsed: 1.9385664463043213

*** Epoch 1, batch 312/520 ***
Training fitness: 0.8713692946058091
Model size: (15, 22)
Validation fitness: 0.8730664593859309 
Elapsed: 1.9739127159118652

*** Epoch 1, batch 313/520 ***
Training fitness: 0.8793103448275862
Model size: (23, 39)
Validation fitness: 0.8737423405703911 
Elapsed: 1.9347288608551025

*** Epoch 1, batch 314/520 ***
Training fitness: 0.8974358974358975
Model size: (15, 25)
Validation fitness: 0.8766379778243002 
Elapsed: 1.9739491939544678

*** Epoch 1, batch 315/520 ***
Training fitness: 0.8833333333333333
Model size: (16, 24)
Validation fitness: 0.8612373834655983 
Elapsed: 2.1130032539367676

*** Epoch 1, batch 316/520 ***
Training fitness: 0.8687782805429864
Model size: (19, 20)
Validation fitness: 0.8789539617914187 
Elapsed: 2.208632707595825

*** Epoch 1, batch 317/520 ***
Training fitness: 0.8869565217391304
Model size: (20, 24)
Validation fitness: 0.8750485965321515 
Elapsed: 2.165181875228882

*** Epoch 1, batch 318/520 ***
Training fitness: 0.8544600938967136
Model size: (20, 31)
Validation fitness: 0.8725377481413352 
Elapsed: 2.243475914001465

*** Epoch 1, batch 319/520 ***
Training fitness: 0.8936170212765957
Model size: (16, 24)
Validation fitness: 0.8666906733885488 
Elapsed: 2.2430531978607178

*** Epoch 1, batch 320/520 ***
Training fitness: 0.8680851063829788
Model size: (24, 43)
Validation fitness: 0.8654353562005277 
Elapsed: 2.052887201309204

*** Epoch 1, batch 321/520 ***
Training fitness: 0.9008264462809917
Model size: (18, 22)
Validation fitness: 0.8464024732996065 
Elapsed: 2.1445817947387695

*** Epoch 1, batch 322/520 ***
Training fitness: 0.8940092165898618
Model size: (23, 25)
Validation fitness: 0.8792323295365891 
Elapsed: 2.0609207153320312

*** Epoch 1, batch 323/520 ***
Training fitness: 0.8888888888888888
Model size: (16, 24)
Validation fitness: 0.8749808487819826 
Elapsed: 2.164964437484741

*** Epoch 1, batch 324/520 ***
Training fitness: 0.8879310344827587
Model size: (16, 25)
Validation fitness: 0.8733729591452862 
Elapsed: 2.1416547298431396

*** Epoch 1, batch 325/520 ***
Training fitness: 0.8809523809523809
Model size: (20, 36)
Validation fitness: 0.869757174392936 
Elapsed: 2.078632354736328

*** Epoch 1, batch 326/520 ***
Training fitness: 0.8744588744588745
Model size: (16, 24)
Validation fitness: 0.8719945042363179 
Elapsed: 2.095852851867676

*** Epoch 1, batch 327/520 ***
Training fitness: 0.8955223880597015
Model size: (16, 24)
Validation fitness: 0.8719945042363179 
Elapsed: 2.1780099868774414

*** Epoch 1, batch 328/520 ***
Training fitness: 0.8755760368663594
Model size: (18, 22)
Validation fitness: 0.8782195938059295 
Elapsed: 2.051830768585205

*** Epoch 1, batch 329/520 ***
Training fitness: 0.8672566371681416
Model size: (18, 27)
Validation fitness: 0.8786936236391913 
Elapsed: 2.1575098037719727

*** Epoch 1, batch 330/520 ***
Training fitness: 0.8722466960352423
Model size: (19, 28)
Validation fitness: 0.8755617542228421 
Elapsed: 2.1454429626464844

*** Epoch 1, batch 331/520 ***
Training fitness: 0.8879668049792531
Model size: (16, 24)
Validation fitness: 0.8719945042363179 
Elapsed: 2.0658857822418213

*** Epoch 1, batch 332/520 ***
Training fitness: 0.8986784140969163
Model size: (32, 41)
Validation fitness: 0.8590594132389798 
Elapsed: 1.9976379871368408

*** Epoch 1, batch 333/520 ***
Training fitness: 0.8924302788844621
Model size: (31, 47)
Validation fitness: 0.8617368109069354 
Elapsed: 1.902146339416504

*** Epoch 1, batch 334/520 ***
Training fitness: 0.8947368421052632
Model size: (31, 47)
Validation fitness: 0.8646135081567312 
Elapsed: 1.9818427562713623

*** Epoch 1, batch 335/520 ***
Training fitness: 0.8632478632478633
Model size: (15, 18)
Validation fitness: 0.8767575210117037 
Elapsed: 2.164172649383545

*** Epoch 1, batch 336/520 ***
Training fitness: 0.8761061946902655
Model size: (21, 30)
Validation fitness: 0.8519620342824763 
Elapsed: 2.164660930633545

*** Epoch 1, batch 337/520 ***
Training fitness: 0.8928571428571429
Model size: (16, 22)
Validation fitness: 0.8729256299938537 
Elapsed: 1.9387035369873047

*** Epoch 1, batch 338/520 ***
Training fitness: 0.8692307692307693
Model size: (32, 37)
Validation fitness: 0.8520017343546755 
Elapsed: 2.066058874130249

*** Epoch 1, batch 339/520 ***
Training fitness: 0.8557213930348259
Model size: (16, 22)
Validation fitness: 0.8769970528928184 
Elapsed: 2.1501450538635254

*** Epoch 1, batch 340/520 ***
Training fitness: 0.9145299145299145
Model size: (22, 30)
Validation fitness: 0.8666361835086115 
Elapsed: 2.1995015144348145

*** Epoch 1, batch 341/520 ***
Training fitness: 0.8942307692307693
Model size: (22, 28)
Validation fitness: 0.8661157024793389 
Elapsed: 2.1204051971435547

*** Epoch 1, batch 342/520 ***
Training fitness: 0.8959276018099548
Model size: (33, 40)
Validation fitness: 0.8661143984220907 
Elapsed: 2.1573617458343506

*** Epoch 1, batch 343/520 ***
Training fitness: 0.8660714285714286
Model size: (21, 23)
Validation fitness: 0.870600809222078 
Elapsed: 2.2042624950408936

*** Epoch 1, batch 344/520 ***
Training fitness: 0.8744186046511628
Model size: (18, 21)
Validation fitness: 0.8806590699106868 
Elapsed: 2.2222189903259277

*** Epoch 1, batch 345/520 ***
Training fitness: 0.9186991869918699
Model size: (21, 21)
Validation fitness: 0.8768228358672044 
Elapsed: 2.127807378768921

*** Epoch 1, batch 346/520 ***
Training fitness: 0.9004329004329005
Model size: (22, 34)
Validation fitness: 0.862494289629968 
Elapsed: 2.2593207359313965

*** Epoch 1, batch 347/520 ***
Training fitness: 0.8868778280542986
Model size: (22, 27)
Validation fitness: 0.8771439658517656 
Elapsed: 2.3097610473632812

*** Epoch 1, batch 348/520 ***
Training fitness: 0.8619246861924686
Model size: (21, 31)
Validation fitness: 0.8638711637800061 
Elapsed: 2.357949733734131

*** Epoch 1, batch 349/520 ***
Training fitness: 0.8489795918367347
Model size: (20, 22)
Validation fitness: 0.830035789047201 
Elapsed: 2.399521589279175

*** Epoch 1, batch 350/520 ***
Training fitness: 0.8472906403940886
Model size: (37, 46)
Validation fitness: 0.8778230865746549 
Elapsed: 2.293942451477051

*** Epoch 1, batch 351/520 ***
Training fitness: 0.8847926267281107
Model size: (22, 30)
Validation fitness: 0.8722920769580367 
Elapsed: 2.320580244064331

*** Epoch 1, batch 352/520 ***
Training fitness: 0.8959276018099548
Model size: (22, 30)
Validation fitness: 0.8722920769580367 
Elapsed: 2.2811267375946045

*** Epoch 1, batch 353/520 ***
Training fitness: 0.8658008658008658
Model size: (22, 28)
Validation fitness: 0.8694725625998935 
Elapsed: 2.1171610355377197

*** Epoch 1, batch 354/520 ***
Training fitness: 0.9045643153526971
Model size: (20, 25)
Validation fitness: 0.874214312760318 
Elapsed: 2.3578248023986816

*** Epoch 1, batch 355/520 ***
Training fitness: 0.9053497942386831
Model size: (27, 35)
Validation fitness: 0.8576592207041134 
Elapsed: 2.3737356662750244

*** Epoch 1, batch 356/520 ***
Training fitness: 0.8860759493670886
Model size: (22, 27)
Validation fitness: 0.8789957898019648 
Elapsed: 2.1282691955566406

*** Epoch 1, batch 357/520 ***
Training fitness: 0.8663594470046083
Model size: (20, 25)
Validation fitness: 0.8563023308440824 
Elapsed: 2.2502479553222656

*** Epoch 1, batch 358/520 ***
Training fitness: 0.8878923766816144
Model size: (21, 26)
Validation fitness: 0.8743144767485538 
Elapsed: 2.160452365875244

*** Epoch 1, batch 359/520 ***
Training fitness: 0.8858447488584474
Model size: (20, 27)
Validation fitness: 0.8739235006594771 
Elapsed: 2.1047682762145996

*** Epoch 1, batch 360/520 ***
Training fitness: 0.8585365853658536
Model size: (22, 24)
Validation fitness: 0.8783110003116236 
Elapsed: 2.27006459236145

*** Epoch 1, batch 361/520 ***
Training fitness: 0.896
Model size: (21, 25)
Validation fitness: 0.8636939091292728 
Elapsed: 2.2672135829925537

*** Epoch 1, batch 362/520 ***
Training fitness: 0.8837209302325582
Model size: (21, 25)
Validation fitness: 0.8636939091292728 
Elapsed: 2.306859254837036

*** Epoch 1, batch 363/520 ***
Training fitness: 0.8285714285714286
Model size: (23, 32)
Validation fitness: 0.8774132789201068 
Elapsed: 2.0461742877960205

*** Epoch 1, batch 364/520 ***
Training fitness: 0.8699551569506726
Model size: (23, 35)
Validation fitness: 0.8781061378066943 
Elapsed: 2.0965592861175537

*** Epoch 1, batch 365/520 ***
Training fitness: 0.8940092165898618
Model size: (23, 31)
Validation fitness: 0.8792753396845229 
Elapsed: 1.9999537467956543

*** Epoch 1, batch 366/520 ***
Training fitness: 0.9554655870445344
Model size: (22, 24)
Validation fitness: 0.9182907463548433 
Elapsed: 2.6331117153167725

*** Epoch 1, batch 367/520 ***
Training fitness: 0.9105691056910569
Model size: (23, 26)
Validation fitness: 0.8784099766173032 
Elapsed: 2.041367292404175

*** Epoch 1, batch 368/520 ***
Training fitness: 0.9149797570850202
Model size: (22, 24)
Validation fitness: 0.9182907463548433 
Elapsed: 2.3075106143951416

*** Epoch 1, batch 369/520 ***
Training fitness: 0.9137931034482759
Model size: (22, 24)
Validation fitness: 0.9182907463548433 
Elapsed: 2.3560848236083984

*** Epoch 1, batch 370/520 ***
Training fitness: 0.9389312977099237
Model size: (22, 24)
Validation fitness: 0.9182907463548433 
Elapsed: 2.3607399463653564

*** Epoch 1, batch 371/520 ***
Training fitness: 0.9082969432314411
Model size: (21, 23)
Validation fitness: 0.909116547979976 
Elapsed: 2.2957561016082764

*** Epoch 1, batch 372/520 ***
Training fitness: 0.9292035398230089
Model size: (22, 24)
Validation fitness: 0.9182907463548433 
Elapsed: 2.3423640727996826

*** Epoch 1, batch 373/520 ***
Training fitness: 0.9090909090909091
Model size: (22, 24)
Validation fitness: 0.9182907463548433 
Elapsed: 2.396165132522583

*** Epoch 1, batch 374/520 ***
Training fitness: 0.9344262295081968
Model size: (22, 24)
Validation fitness: 0.9182907463548433 
Elapsed: 2.423414468765259

*** Epoch 1, batch 375/520 ***
Training fitness: 0.9333333333333333
Model size: (22, 24)
Validation fitness: 0.9182907463548433 
Elapsed: 2.327091693878174

*** Epoch 1, batch 376/520 ***
Training fitness: 0.9397590361445783
Model size: (22, 24)
Validation fitness: 0.9182907463548433 
Elapsed: 2.3205411434173584

*** Epoch 1, batch 377/520 ***
Training fitness: 0.9274193548387096
Model size: (22, 24)
Validation fitness: 0.9182907463548433 
Elapsed: 2.3993492126464844

*** Epoch 1, batch 378/520 ***
Training fitness: 0.9099099099099099
Model size: (22, 24)
Validation fitness: 0.9182907463548433 
Elapsed: 2.3761658668518066

*** Epoch 1, batch 379/520 ***
Training fitness: 0.9158878504672897
Model size: (22, 24)
Validation fitness: 0.9182907463548433 
Elapsed: 2.3938140869140625

*** Epoch 1, batch 380/520 ***
Training fitness: 0.9309090909090909
Model size: (22, 24)
Validation fitness: 0.9182907463548433 
Elapsed: 3.0380053520202637

*** Epoch 1, batch 381/520 ***
Training fitness: 0.9207920792079208
Model size: (22, 24)
Validation fitness: 0.9182907463548433 
Elapsed: 4.843504905700684

*** Epoch 1, batch 382/520 ***
Training fitness: 0.8986784140969163
Model size: (22, 27)
Validation fitness: 0.8787666433076384 
Elapsed: 2.8988852500915527

*** Epoch 1, batch 383/520 ***
Training fitness: 0.9037656903765691
Model size: (26, 40)
Validation fitness: 0.874753301958403 
Elapsed: 2.7968225479125977

*** Epoch 1, batch 384/520 ***
Training fitness: 0.905829596412556
Model size: (28, 32)
Validation fitness: 0.8666060330453237 
Elapsed: 1.9524157047271729

*** Epoch 1, batch 385/520 ***
Training fitness: 0.88
Model size: (26, 30)
Validation fitness: 0.8772866452068776 
Elapsed: 2.0524938106536865

*** Epoch 1, batch 386/520 ***
Training fitness: 0.9041095890410958
Model size: (28, 35)
Validation fitness: 0.877102401627161 
Elapsed: 2.09700608253479

*** Epoch 1, batch 387/520 ***
Training fitness: 0.9372384937238494
Model size: (26, 30)
Validation fitness: 0.8772866452068776 
Elapsed: 2.0049049854278564

*** Epoch 1, batch 388/520 ***
Training fitness: 0.8928571428571429
Model size: (22, 28)
Validation fitness: 0.8821007502679529 
Elapsed: 2.013225793838501

*** Epoch 1, batch 389/520 ***
Training fitness: 0.8672566371681416
Model size: (20, 23)
Validation fitness: 0.8868415186863808 
Elapsed: 2.1635704040527344

*** Epoch 1, batch 390/520 ***
Training fitness: 0.8914728682170543
Model size: (21, 25)
Validation fitness: 0.8942706891779685 
Elapsed: 2.044792413711548

*** Epoch 1, batch 391/520 ***
Training fitness: 0.9223744292237442
Model size: (22, 25)
Validation fitness: 0.9054648687012066 
Elapsed: 2.123011827468872

*** Epoch 1, batch 392/520 ***
Training fitness: 0.9230769230769231
Model size: (22, 23)
Validation fitness: 0.9045870238352416 
Elapsed: 2.03812313079834

*** Epoch 1, batch 393/520 ***
Training fitness: 0.9344262295081968
Model size: (20, 22)
Validation fitness: 0.9072457597047761 
Elapsed: 2.0930113792419434

*** Epoch 1, batch 394/520 ***
Training fitness: 0.928
Model size: (20, 22)
Validation fitness: 0.9072457597047761 
Elapsed: 1.9833142757415771

*** Epoch 1, batch 395/520 ***
Training fitness: 0.9377593360995851
Model size: (19, 26)
Validation fitness: 0.8610093457943925 
Elapsed: 2.0587546825408936

*** Epoch 1, batch 396/520 ***
Training fitness: 0.9113924050632911
Model size: (31, 47)
Validation fitness: 0.8758673862760216 
Elapsed: 2.0865390300750732

*** Epoch 1, batch 397/520 ***
Training fitness: 0.9105058365758755
Model size: (21, 23)
Validation fitness: 0.8837174721189591 
Elapsed: 1.9566338062286377

*** Epoch 1, batch 398/520 ***
Training fitness: 0.9365079365079365
Model size: (19, 17)
Validation fitness: 0.9010654490106544 
Elapsed: 1.939310073852539

*** Epoch 1, batch 399/520 ***
Training fitness: 0.9354838709677419
Model size: (21, 24)
Validation fitness: 0.9049226441631505 
Elapsed: 2.0305283069610596

*** Epoch 1, batch 400/520 ***
Training fitness: 0.8739495798319328
Model size: (22, 25)
Validation fitness: 0.9041945717307014 
Elapsed: 1.9413490295410156

*** Epoch 1, batch 401/520 ***
Training fitness: 0.9137931034482759
Model size: (23, 27)
Validation fitness: 0.9066781436051933 
Elapsed: 1.9311068058013916

*** Epoch 1, batch 402/520 ***
Training fitness: 0.9256198347107438
Model size: (22, 21)
Validation fitness: 0.9058333921139874 
Elapsed: 1.9468269348144531

*** Epoch 1, batch 403/520 ***
Training fitness: 0.9159663865546218
Model size: (22, 21)
Validation fitness: 0.9063702436938863 
Elapsed: 1.9439270496368408

*** Epoch 1, batch 404/520 ***
Training fitness: 0.927038626609442
Model size: (23, 23)
Validation fitness: 0.9066158837635774 
Elapsed: 1.9338538646697998

*** Epoch 1, batch 405/520 ***
Training fitness: 0.8585365853658536
Model size: (23, 29)
Validation fitness: 0.8749615975422427 
Elapsed: 1.9692049026489258

*** Epoch 1, batch 406/520 ***
Training fitness: 0.8776371308016878
Model size: (28, 40)
Validation fitness: 0.8716655201406405 
Elapsed: 1.965390682220459

*** Epoch 1, batch 407/520 ***
Training fitness: 0.9035087719298246
Model size: (25, 33)
Validation fitness: 0.8776967129520672 
Elapsed: 1.9914932250976562

*** Epoch 1, batch 408/520 ***
Training fitness: 0.8927038626609443
Model size: (22, 31)
Validation fitness: 0.8771683075480544 
Elapsed: 2.095689535140991

*** Epoch 1, batch 409/520 ***
Training fitness: 0.8995633187772926
Model size: (31, 36)
Validation fitness: 0.8789132641111719 
Elapsed: 2.1590864658355713

*** Epoch 1, batch 410/520 ***
Training fitness: 0.905829596412556
Model size: (36, 48)
Validation fitness: 0.8783266994458753 
Elapsed: 2.2675838470458984

*** Epoch 1, batch 411/520 ***
Training fitness: 0.9213483146067416
Model size: (22, 28)
Validation fitness: 0.8776587486415153 
Elapsed: 2.0938189029693604

*** Epoch 1, batch 412/520 ***
Training fitness: 0.8765957446808511
Model size: (21, 27)
Validation fitness: 0.8742967244701348 
Elapsed: 2.093024492263794

*** Epoch 1, batch 413/520 ***
Training fitness: 0.8440366972477065
Model size: (22, 25)
Validation fitness: 0.8698999230177059 
Elapsed: 2.1148838996887207

*** Epoch 1, batch 414/520 ***
Training fitness: 0.9137931034482759
Model size: (22, 26)
Validation fitness: 0.876691148047932 
Elapsed: 1.9992692470550537

*** Epoch 1, batch 415/520 ***
Training fitness: 0.883495145631068
Model size: (28, 42)
Validation fitness: 0.8669075579644685 
Elapsed: 2.068234443664551

*** Epoch 1, batch 416/520 ***
Training fitness: 0.9004329004329005
Model size: (23, 28)
Validation fitness: 0.8883244824136073 
Elapsed: 2.0738890171051025

*** Epoch 1, batch 417/520 ***
Training fitness: 0.8947368421052632
Model size: (23, 28)
Validation fitness: 0.8883244824136073 
Elapsed: 1.999335765838623

*** Epoch 1, batch 418/520 ***
Training fitness: 0.8979591836734694
Model size: (23, 28)
Validation fitness: 0.8883244824136073 
Elapsed: 2.084972381591797

*** Epoch 1, batch 419/520 ***
Training fitness: 0.9026548672566371
Model size: (23, 28)
Validation fitness: 0.8883244824136073 
Elapsed: 2.0308825969696045

*** Epoch 1, batch 420/520 ***
Training fitness: 0.9090909090909091
Model size: (31, 43)
Validation fitness: 0.8741721854304636 
Elapsed: 2.0006227493286133

*** Epoch 1, batch 421/520 ***
Training fitness: 0.8421052631578947
Model size: (21, 29)
Validation fitness: 0.8781785462796339 
Elapsed: 2.1433870792388916

*** Epoch 1, batch 422/520 ***
Training fitness: 0.8831168831168831
Model size: (18, 23)
Validation fitness: 0.8750867988581128 
Elapsed: 2.0753238201141357

*** Epoch 1, batch 423/520 ***
Training fitness: 0.8977777777777778
Model size: (34, 38)
Validation fitness: 0.8652047473080249 
Elapsed: 2.130136728286743

*** Epoch 1, batch 424/520 ***
Training fitness: 0.9174311926605505
Model size: (23, 26)
Validation fitness: 0.8858315597446033 
Elapsed: 2.054866313934326

*** Epoch 1, batch 425/520 ***
Training fitness: 0.8465116279069768
Model size: (25, 31)
Validation fitness: 0.8667750998077776 
Elapsed: 2.1189980506896973

*** Epoch 1, batch 426/520 ***
Training fitness: 0.8831168831168831
Model size: (31, 44)
Validation fitness: 0.876508384265789 
Elapsed: 2.1504411697387695

*** Epoch 1, batch 427/520 ***
Training fitness: 0.8860759493670886
Model size: (23, 28)
Validation fitness: 0.8883244824136073 
Elapsed: 2.036365509033203

*** Epoch 1, batch 428/520 ***
Training fitness: 0.9121338912133892
Model size: (22, 27)
Validation fitness: 0.8714783159227604 
Elapsed: 2.0294175148010254

*** Epoch 1, batch 429/520 ***
Training fitness: 0.9037656903765691
Model size: (27, 35)
Validation fitness: 0.8723696248856359 
Elapsed: 2.139044761657715

*** Epoch 1, batch 430/520 ***
Training fitness: 0.8826291079812206
Model size: (40, 47)
Validation fitness: 0.874980318060148 
Elapsed: 2.307734966278076

*** Epoch 1, batch 431/520 ***
Training fitness: 0.8778280542986425
Model size: (30, 37)
Validation fitness: 0.8716611348190295 
Elapsed: 1.9651525020599365

*** Epoch 1, batch 432/520 ***
Training fitness: 0.8438818565400844
Model size: (27, 35)
Validation fitness: 0.8900588417466708 
Elapsed: 2.1878414154052734

*** Epoch 1, batch 433/520 ***
Training fitness: 0.863849765258216
Model size: (27, 35)
Validation fitness: 0.8900588417466708 
Elapsed: 2.0027592182159424

*** Epoch 1, batch 434/520 ***
Training fitness: 0.9004329004329005
Model size: (27, 35)
Validation fitness: 0.8830534351145038 
Elapsed: 2.029372215270996

*** Epoch 1, batch 435/520 ***
Training fitness: 0.8778280542986425
Model size: (28, 37)
Validation fitness: 0.8839353181199939 
Elapsed: 2.0977087020874023

*** Epoch 1, batch 436/520 ***
Training fitness: 0.8952380952380953
Model size: (20, 26)
Validation fitness: 0.8822333437597748 
Elapsed: 2.086484909057617

*** Epoch 1, batch 437/520 ***
Training fitness: 0.8193832599118943
Model size: (18, 24)
Validation fitness: 0.8555160142348754 
Elapsed: 2.107736110687256

*** Epoch 1, batch 438/520 ***
Training fitness: 0.9321266968325792
Model size: (20, 26)
Validation fitness: 0.8822333437597748 
Elapsed: 2.2653377056121826

*** Epoch 1, batch 439/520 ***
Training fitness: 0.8666666666666667
Model size: (20, 27)
Validation fitness: 0.8664460821176116 
Elapsed: 1.9512505531311035

*** Epoch 1, batch 440/520 ***
Training fitness: 0.8934426229508197
Model size: (29, 39)
Validation fitness: 0.8735490814051811 
Elapsed: 1.9804208278656006

*** Epoch 1, batch 441/520 ***
Training fitness: 0.88
Model size: (31, 39)
Validation fitness: 0.8790795961493308 
Elapsed: 2.0417346954345703

*** Epoch 1, batch 442/520 ***
Training fitness: 0.8934426229508197
Model size: (21, 26)
Validation fitness: 0.8890770533446232 
Elapsed: 2.156017303466797

*** Epoch 1, batch 443/520 ***
Training fitness: 0.8530805687203792
Model size: (21, 26)
Validation fitness: 0.8890770533446232 
Elapsed: 2.0888288021087646

*** Epoch 1, batch 444/520 ***
Training fitness: 0.8938053097345132
Model size: (21, 26)
Validation fitness: 0.8890770533446232 
Elapsed: 2.1228859424591064

*** Epoch 1, batch 445/520 ***
Training fitness: 0.8571428571428571
Model size: (20, 28)
Validation fitness: 0.8645551488142607 
Elapsed: 1.9913694858551025

*** Epoch 1, batch 446/520 ***
Training fitness: 0.8442211055276382
Model size: (35, 50)
Validation fitness: 0.8747452578774102 
Elapsed: 2.0434367656707764

*** Epoch 1, batch 447/520 ***
Training fitness: 0.8849557522123894
Model size: (21, 26)
Validation fitness: 0.8890770533446232 
Elapsed: 2.0584864616394043

*** Epoch 1, batch 448/520 ***
Training fitness: 0.8828828828828829
Model size: (25, 24)
Validation fitness: 0.8783699059561129 
Elapsed: 2.128225088119507

*** Epoch 1, batch 449/520 ***
Training fitness: 0.8703703703703703
Model size: (21, 23)
Validation fitness: 0.8797961630695443 
Elapsed: 2.102947473526001

*** Epoch 1, batch 450/520 ***
Training fitness: 0.8738738738738738
Model size: (30, 41)
Validation fitness: 0.878320144166732 
Elapsed: 2.034268856048584

*** Epoch 1, batch 451/520 ***
Training fitness: 0.8940092165898618
Model size: (30, 41)
Validation fitness: 0.878320144166732 
Elapsed: 2.0377137660980225

*** Epoch 1, batch 452/520 ***
Training fitness: 0.8645833333333334
Model size: (21, 29)
Validation fitness: 0.8703404811313504 
Elapsed: 2.1039860248565674

*** Epoch 1, batch 453/520 ***
Training fitness: 0.8416289592760181
Model size: (19, 25)
Validation fitness: 0.8698884758364313 
Elapsed: 2.080925226211548

*** Epoch 1, batch 454/520 ***
Training fitness: 0.8542713567839196
Model size: (19, 25)
Validation fitness: 0.8698884758364313 
Elapsed: 2.114060163497925

*** Epoch 1, batch 455/520 ***
Training fitness: 0.861244019138756
Model size: (30, 40)
Validation fitness: 0.8624008624008624 
Elapsed: 1.9873008728027344

*** Epoch 1, batch 456/520 ***
Training fitness: 0.8868778280542986
Model size: (27, 29)
Validation fitness: 0.8733758745290997 
Elapsed: 2.0296475887298584

*** Epoch 1, batch 457/520 ***
Training fitness: 0.9067796610169492
Model size: (19, 25)
Validation fitness: 0.8698884758364313 
Elapsed: 2.012787342071533

*** Epoch 1, batch 458/520 ***
Training fitness: 0.9308755760368663
Model size: (33, 38)
Validation fitness: 0.8781208680096445 
Elapsed: 1.9383201599121094

*** Epoch 1, batch 459/520 ***
Training fitness: 0.8898305084745762
Model size: (31, 43)
Validation fitness: 0.8783614759224515 
Elapsed: 2.0466299057006836

*** Epoch 1, batch 460/520 ***
Training fitness: 0.9016393442622951
Model size: (24, 32)
Validation fitness: 0.8704793284694438 
Elapsed: 2.7511086463928223

*** Epoch 1, batch 461/520 ***
Training fitness: 0.9107142857142857
Model size: (24, 29)
Validation fitness: 0.8757759215265538 
Elapsed: 3.686831474304199

*** Epoch 1, batch 462/520 ***
Training fitness: 0.88
Model size: (34, 43)
Validation fitness: 0.8786217697729053 
Elapsed: 3.5102434158325195

*** Epoch 1, batch 463/520 ***
Training fitness: 0.8956521739130435
Model size: (23, 30)
Validation fitness: 0.8620560186228129 
Elapsed: 2.0510659217834473

*** Epoch 1, batch 464/520 ***
Training fitness: 0.9029535864978903
Model size: (32, 47)
Validation fitness: 0.8793063041949848 
Elapsed: 1.9417362213134766

*** Epoch 1, batch 465/520 ***
Training fitness: 0.8951612903225806
Model size: (33, 36)
Validation fitness: 0.8746337702390131 
Elapsed: 2.0052177906036377

*** Epoch 1, batch 466/520 ***
Training fitness: 0.8646288209606987
Model size: (21, 29)
Validation fitness: 0.8619722468260997 
Elapsed: 2.1960222721099854

*** Epoch 1, batch 467/520 ***
Training fitness: 0.8571428571428571
Model size: (35, 47)
Validation fitness: 0.8694240432933901 
Elapsed: 2.0279011726379395

*** Epoch 1, batch 468/520 ***
Training fitness: 0.8545454545454545
Model size: (31, 32)
Validation fitness: 0.8776620550287579 
Elapsed: 2.061288833618164

*** Epoch 1, batch 469/520 ***
Training fitness: 0.8608695652173913
Model size: (25, 24)
Validation fitness: 0.8767357070824606 
Elapsed: 2.8890726566314697

*** Epoch 1, batch 470/520 ***
Training fitness: 0.8888888888888888
Model size: (39, 50)
Validation fitness: 0.8730270906949352 
Elapsed: 3.395374059677124

*** Epoch 1, batch 471/520 ***
Training fitness: 0.9385964912280702
Model size: (23, 32)
Validation fitness: 0.8716696269982238 
Elapsed: 2.1234896183013916

*** Epoch 1, batch 472/520 ***
Training fitness: 0.8838951310861424
Model size: (23, 32)
Validation fitness: 0.8716696269982238 
Elapsed: 2.1448755264282227

*** Epoch 1, batch 473/520 ***
Training fitness: 0.8888888888888888
Model size: (22, 32)
Validation fitness: 0.8765044861040192 
Elapsed: 2.028754234313965

*** Epoch 1, batch 474/520 ***
Training fitness: 0.8613861386138614
Model size: (23, 25)
Validation fitness: 0.8762473481574605 
Elapsed: 2.045351982116699

*** Epoch 1, batch 475/520 ***
Training fitness: 0.8823529411764706
Model size: (18, 27)
Validation fitness: 0.8710823399384227 
Elapsed: 2.1630117893218994

*** Epoch 1, batch 476/520 ***
Training fitness: 0.9041095890410958
Model size: (23, 30)
Validation fitness: 0.8766611915783187 
Elapsed: 2.1601157188415527

*** Epoch 1, batch 477/520 ***
Training fitness: 0.8956521739130435
Model size: (24, 34)
Validation fitness: 0.8790735654368643 
Elapsed: 2.313194990158081

*** Epoch 1, batch 478/520 ***
Training fitness: 0.9224137931034483
Model size: (25, 38)
Validation fitness: 0.8825410994569665 
Elapsed: 2.214451313018799

*** Epoch 1, batch 479/520 ***
Training fitness: 0.898989898989899
Model size: (37, 49)
Validation fitness: 0.8761096708303873 
Elapsed: 2.12756085395813

*** Epoch 1, batch 480/520 ***
Training fitness: 0.8796296296296297
Model size: (25, 38)
Validation fitness: 0.8825410994569665 
Elapsed: 2.2121822834014893

*** Epoch 1, batch 481/520 ***
Training fitness: 0.9098712446351931
Model size: (25, 38)
Validation fitness: 0.879829273677239 
Elapsed: 2.0988659858703613

*** Epoch 1, batch 482/520 ***
Training fitness: 0.8914728682170543
Model size: (25, 39)
Validation fitness: 0.8793129200896191 
Elapsed: 2.18618106842041

*** Epoch 1, batch 483/520 ***
Training fitness: 0.9090909090909091
Model size: (21, 35)
Validation fitness: 0.867668151279535 
Elapsed: 2.278273820877075

*** Epoch 1, batch 484/520 ***
Training fitness: 0.889795918367347
Model size: (26, 37)
Validation fitness: 0.8864348604685868 
Elapsed: 2.2248542308807373

*** Epoch 1, batch 485/520 ***
Training fitness: 0.9074889867841409
Model size: (22, 31)
Validation fitness: 0.8911685306594678 
Elapsed: 2.1915361881256104

*** Epoch 1, batch 486/520 ***
Training fitness: 0.8857142857142857
Model size: (22, 31)
Validation fitness: 0.8911685306594678 
Elapsed: 2.28230357170105

*** Epoch 1, batch 487/520 ***
Training fitness: 0.8974358974358975
Model size: (22, 31)
Validation fitness: 0.8911685306594678 
Elapsed: 2.196028709411621

*** Epoch 1, batch 488/520 ***
Training fitness: 0.9049773755656109
Model size: (23, 33)
Validation fitness: 0.8959477512245807 
Elapsed: 2.1680657863616943

*** Epoch 1, batch 489/520 ***
Training fitness: 0.9066666666666666
Model size: (22, 30)
Validation fitness: 0.9036868110984416 
Elapsed: 4.195641040802002

*** Epoch 1, batch 490/520 ***
Training fitness: 0.9090909090909091
Model size: (28, 39)
Validation fitness: 0.8586310615508767 
Elapsed: 4.236511945724487

*** Epoch 1, batch 491/520 ***
Training fitness: 0.896551724137931
Model size: (22, 30)
Validation fitness: 0.9036868110984416 
Elapsed: 4.425766944885254

*** Epoch 1, batch 492/520 ***
Training fitness: 0.8909090909090909
Model size: (21, 32)
Validation fitness: 0.8807211127515735 
Elapsed: 2.552385091781616

*** Epoch 1, batch 493/520 ***
Training fitness: 0.8981481481481481
Model size: (23, 31)
Validation fitness: 0.8956441434508234 
Elapsed: 2.3324198722839355

*** Epoch 1, batch 494/520 ***
Training fitness: 0.9230769230769231
Model size: (24, 34)
Validation fitness: 0.9011437313324105 
Elapsed: 2.195141553878784

*** Epoch 1, batch 495/520 ***
Training fitness: 0.9223744292237442
Model size: (28, 34)
Validation fitness: 0.8834290088021431 
Elapsed: 2.2398247718811035

*** Epoch 1, batch 496/520 ***
Training fitness: 0.8818181818181818
Model size: (23, 32)
Validation fitness: 0.8815528671997813 
Elapsed: 2.2399840354919434

*** Epoch 1, batch 497/520 ***
Training fitness: 0.8820960698689956
Model size: (28, 34)
Validation fitness: 0.8834290088021431 
Elapsed: 2.1617419719696045

*** Epoch 1, batch 498/520 ***
Training fitness: 0.9140625
Model size: (24, 33)
Validation fitness: 0.8974899963623135 
Elapsed: 2.291855573654175

*** Epoch 1, batch 499/520 ***
Training fitness: 0.897119341563786
Model size: (23, 37)
Validation fitness: 0.8785289180528002 
Elapsed: 2.1697983741760254

*** Epoch 1, batch 500/520 ***
Training fitness: 0.8762886597938144
Model size: (23, 37)
Validation fitness: 0.8785289180528002 
Elapsed: 2.134702682495117

*** Epoch 1, batch 501/520 ***
Training fitness: 0.8755364806866953
Model size: (23, 38)
Validation fitness: 0.86645588678109 
Elapsed: 2.258121967315674

*** Epoch 1, batch 502/520 ***
Training fitness: 0.8784313725490196
Model size: (18, 24)
Validation fitness: 0.857912723449001 
Elapsed: 2.2039198875427246

*** Epoch 1, batch 503/520 ***
Training fitness: 0.905982905982906
Model size: (17, 23)
Validation fitness: 0.9026497277676951 
Elapsed: 2.273059844970703

*** Epoch 1, batch 504/520 ***
Training fitness: 0.9224489795918367
Model size: (17, 23)
Validation fitness: 0.9026497277676951 
Elapsed: 2.3258275985717773

*** Epoch 1, batch 505/520 ***
Training fitness: 0.8877551020408163
Model size: (17, 23)
Validation fitness: 0.9026497277676951 
Elapsed: 2.2164409160614014

*** Epoch 1, batch 506/520 ***
Training fitness: 0.8974358974358975
Model size: (17, 22)
Validation fitness: 0.9088584215386801 
Elapsed: 2.3039045333862305

*** Epoch 1, batch 507/520 ***
Training fitness: 0.898989898989899
Model size: (18, 23)
Validation fitness: 0.8836533312935057 
Elapsed: 2.392322540283203

*** Epoch 1, batch 508/520 ***
Training fitness: 0.8916666666666667
Model size: (22, 26)
Validation fitness: 0.8707822666061431 
Elapsed: 2.393242597579956

*** Epoch 1, batch 509/520 ***
Training fitness: 0.896551724137931
Model size: (20, 23)
Validation fitness: 0.8935471838866095 
Elapsed: 2.293550729751587

*** Epoch 1, batch 510/520 ***
Training fitness: 0.925
Model size: (18, 25)
Validation fitness: 0.9154123383506466 
Elapsed: 2.5486912727355957

*** Epoch 1, batch 511/520 ***
Training fitness: 0.9026548672566371
Model size: (18, 23)
Validation fitness: 0.9158732414381129 
Elapsed: 4.706787347793579

*** Epoch 1, batch 512/520 ***
Training fitness: 0.926829268292683
Model size: (18, 21)
Validation fitness: 0.9064717570252626 
Elapsed: 4.431964874267578

*** Epoch 1, batch 513/520 ***
Training fitness: 0.9130434782608695
Model size: (19, 28)
Validation fitness: 0.9194568849079405 
Elapsed: 4.530323266983032

*** Epoch 1, batch 514/520 ***
Training fitness: 0.9152542372881356
Model size: (19, 28)
Validation fitness: 0.9194568849079405 
Elapsed: 4.690680742263794

*** Epoch 1, batch 515/520 ***
Training fitness: 0.9206349206349206
Model size: (19, 30)
Validation fitness: 0.9182702549172761 
Elapsed: 4.714528322219849

*** Epoch 1, batch 516/520 ***
Training fitness: 0.9322709163346613
Model size: (20, 31)
Validation fitness: 0.9203489203489204 
Elapsed: 4.90610933303833

*** Epoch 1, batch 517/520 ***
Training fitness: 0.9356223175965666
Model size: (19, 20)
Validation fitness: 0.9110915492957746 
Elapsed: 3.236172676086426

*** Epoch 1, batch 518/520 ***
Training fitness: 0.9300411522633745
Model size: (20, 31)
Validation fitness: 0.9115198992795691 
Elapsed: 2.4123475551605225

*** Epoch 1, batch 519/520 ***
Training fitness: 0.9083333333333333
Model size: (19, 28)
Validation fitness: 0.9194568849079405 
Elapsed: 2.6195380687713623

*** Epoch 1, batch 520/520 ***
Training fitness: 0.9166666666666666
Model size: (20, 30)
Validation fitness: 0.9208458351193027 
Elapsed: 2.445194959640503

Total train time: 1275.5356893539429
Test time: 0.22163176536560059
Test fitness: 0.9263080863519941
Test statistics: Stats(total=14791, total_true=7158, total_false=7633, true_positive=6329, true_negative=7455, false_positive=178, false_negative=829, tpr=0.8841855266834311, tnr=0.9766802043757369, ppv=0.9726448440141386, npv=0.899927571221632, accuracy=0.931918058278683, f1=0.9263080863519941, mcc=0.8666993078017344)
