*** Epoch 0, batch 1/3942 ***
Training fitness: 0.9005857763819285
Model size: (1, 5) (!)
Validation fitness: 0.8998827262370449 (!)
Elapsed: 3.9224185943603516

*** Epoch 0, batch 2/3942 ***
Training fitness: 0.9120734630761896
Model size: (2, 6) (!)
Validation fitness: 0.9015462958566887 (!)
Elapsed: 4.1384899616241455

*** Epoch 0, batch 3/3942 ***
Training fitness: 0.8896473767599145
Model size: (1, 2) 
Validation fitness: 0.8819204770599994 
Elapsed: 3.14737868309021

*** Epoch 0, batch 4/3942 ***
Training fitness: 0.8779493767087828
Model size: (2, 4) 
Validation fitness: 0.8864619013952687 
Elapsed: 3.9015703201293945

*** Epoch 0, batch 5/3942 ***
Training fitness: 0.8931394422195165
Model size: (1, 2) 
Validation fitness: 0.8842801857556046 
Elapsed: 3.6969683170318604

*** Epoch 0, batch 6/3942 ***
Training fitness: 0.904127321982491
Model size: (5, 9) 
Validation fitness: 0.8949997460681008 
Elapsed: 6.239280700683594

*** Epoch 0, batch 7/3942 ***
Training fitness: 0.8956418807351636
Model size: (1, 2) 
Validation fitness: 0.8955352213774893 
Elapsed: 3.1825692653656006

*** Epoch 0, batch 8/3942 ***
Training fitness: 0.9082324930005424
Model size: (2, 3) 
Validation fitness: 0.8953014544943133 
Elapsed: 4.116084575653076

*** Epoch 0, batch 9/3942 ***
Training fitness: 0.8957285686125889
Model size: (3, 6) 
Validation fitness: 0.897261384196612 
Elapsed: 4.977970600128174

*** Epoch 0, batch 10/3942 ***
Training fitness: 0.8971680055017268
Model size: (2, 4) 
Validation fitness: 0.8970794607122456 
Elapsed: 3.897233247756958

*** Epoch 0, batch 11/3942 ***
Training fitness: 0.9120311432859693
Model size: (1, 1) (!)
Validation fitness: 0.9085927236433229 (!)
Elapsed: 3.4601025581359863

*** Epoch 0, batch 12/3942 ***
Training fitness: 0.8942660529469594
Model size: (3, 5) 
Validation fitness: 0.895387957534666 
Elapsed: 4.676544904708862

*** Epoch 0, batch 13/3942 ***
Training fitness: 0.8949411827821612
Model size: (1, 3) 
Validation fitness: 0.8893498202310599 
Elapsed: 3.7190799713134766

*** Epoch 0, batch 14/3942 ***
Training fitness: 0.8920117186065216
Model size: (2, 1) 
Validation fitness: 0.9019959433010672 
Elapsed: 3.484419822692871

*** Epoch 0, batch 15/3942 ***
Training fitness: 0.9012410432240063
Model size: (1, 1) 
Validation fitness: 0.9022222940089083 
Elapsed: 3.3955743312835693

*** Epoch 0, batch 16/3942 ***
Training fitness: 0.8847625284254884
Model size: (2, 2) 
Validation fitness: 0.8980743017463614 
Elapsed: 3.4581077098846436

*** Epoch 0, batch 17/3942 ***
Training fitness: 0.8950526883691451
Model size: (4, 6) 
Validation fitness: 0.8965942286694473 
Elapsed: 4.237711191177368

*** Epoch 0, batch 18/3942 ***
Training fitness: 0.9012339330025222
Model size: (4, 7) 
Validation fitness: 0.9047275806407946 
Elapsed: 4.115437030792236

*** Epoch 0, batch 19/3942 ***
Training fitness: 0.8980532531147553
Model size: (1, 1) 
Validation fitness: 0.8893272335761753 
Elapsed: 3.2730090618133545

*** Epoch 0, batch 20/3942 ***
Training fitness: 0.8901005485584973
Model size: (5, 9) 
Validation fitness: 0.893944246393639 
Elapsed: 5.747915506362915

*** Epoch 0, batch 21/3942 ***
Training fitness: 0.9172883648925619
Model size: (6, 9) 
Validation fitness: 0.8948925681811016 
Elapsed: 5.125070571899414

*** Epoch 0, batch 22/3942 ***
Training fitness: 0.9018801836336665
Model size: (7, 11) 
Validation fitness: 0.8926785570180923 
Elapsed: 5.529535531997681

*** Epoch 0, batch 23/3942 ***
Training fitness: 0.8947323562224121
Model size: (7, 9) 
Validation fitness: 0.8910197868266884 
Elapsed: 4.179545164108276

*** Epoch 0, batch 24/3942 ***
Training fitness: 0.8812392426850258
Model size: (4, 6) 
Validation fitness: 0.8861077231905717 
Elapsed: 5.443778991699219

*** Epoch 0, batch 25/3942 ***
Training fitness: 0.8969030263440344
Model size: (5, 8) 
Validation fitness: 0.8908940311244536 
Elapsed: 3.078364610671997

*** Epoch 0, batch 26/3942 ***
Training fitness: 0.8919267627039732
Model size: (3, 4) 
Validation fitness: 0.8862711515242705 
Elapsed: 3.0923149585723877

*** Epoch 0, batch 27/3942 ***
Training fitness: 0.9049004851931652
Model size: (6, 9) 
Validation fitness: 0.8968075350578583 
Elapsed: 3.050765037536621

*** Epoch 0, batch 28/3942 ***
Training fitness: 0.8797234889343538
Model size: (5, 8) 
Validation fitness: 0.897664951053346 
Elapsed: 3.1124470233917236

*** Epoch 0, batch 29/3942 ***
Training fitness: 0.8921476689048948
Model size: (6, 10) 
Validation fitness: 0.8980334851931246 
Elapsed: 3.285329580307007

*** Epoch 0, batch 30/3942 ***
Training fitness: 0.8960737169187064
Model size: (5, 6) 
Validation fitness: 0.8985994189367189 
Elapsed: 3.092996120452881

*** Epoch 0, batch 31/3942 ***
Training fitness: 0.8929103192789045
Model size: (5, 6) 
Validation fitness: 0.8996308822738268 
Elapsed: 3.4538214206695557

*** Epoch 0, batch 32/3942 ***
Training fitness: 0.8969630000868171
Model size: (6, 8) 
Validation fitness: 0.8991690837691166 
Elapsed: 3.40722393989563

*** Epoch 0, batch 33/3942 ***
Training fitness: 0.920863309352518
Model size: (4, 7) 
Validation fitness: 0.9029253438267929 
Elapsed: 5.771261930465698

*** Epoch 0, batch 34/3942 ***
Training fitness: 0.9010579480877092
Model size: (6, 8) 
Validation fitness: 0.8972553596498641 
Elapsed: 3.3944268226623535

*** Epoch 0, batch 35/3942 ***
Training fitness: 0.8924684601914606
Model size: (6, 7) 
Validation fitness: 0.8956774950464605 
Elapsed: 3.070244073867798

*** Epoch 0, batch 36/3942 ***
Training fitness: 0.8944992880363746
Model size: (8, 10) 
Validation fitness: 0.8966933597423085 
Elapsed: 3.349672794342041

*** Epoch 0, batch 37/3942 ***
Training fitness: 0.8857723492562054
Model size: (8, 10) 
Validation fitness: 0.8971627015095736 
Elapsed: 3.3627426624298096

*** Epoch 0, batch 38/3942 ***
Training fitness: 0.8755648247941837
Model size: (7, 9) 
Validation fitness: 0.8938532967652701 
Elapsed: 3.4213385581970215

*** Epoch 0, batch 39/3942 ***
Training fitness: 0.8847545077173715
Model size: (8, 10) 
Validation fitness: 0.8974034345501056 
Elapsed: 3.4359242916107178

*** Epoch 0, batch 40/3942 ***
Training fitness: 0.9125364323034979
Model size: (5, 3) 
Validation fitness: 0.8970708142189379 
Elapsed: 3.1255977153778076

*** Epoch 0, batch 41/3942 ***
Training fitness: 0.9126559714795008
Model size: (6, 5) 
Validation fitness: 0.8955343789410753 
Elapsed: 3.042694091796875

*** Epoch 0, batch 42/3942 ***
Training fitness: 0.8786095429057719
Model size: (7, 7) 
Validation fitness: 0.8867188092731658 
Elapsed: 6.061433792114258

*** Epoch 0, batch 43/3942 ***
Training fitness: 0.9092236212069991
Model size: (8, 11) 
Validation fitness: 0.9033895061627223 
Elapsed: 3.8339931964874268

*** Epoch 0, batch 44/3942 ***
Training fitness: 0.9060013602429934
Model size: (8, 11) 
Validation fitness: 0.9039648421630867 
Elapsed: 6.099040269851685

*** Epoch 0, batch 45/3942 ***
Training fitness: 0.8788819913898934
Model size: (10, 12) 
Validation fitness: 0.8885624359178322 
Elapsed: 3.7327938079833984

*** Epoch 0, batch 46/3942 ***
Training fitness: 0.8709543842688641
Model size: (9, 10) 
Validation fitness: 0.8875048820202378 
Elapsed: 3.280726909637451

*** Epoch 0, batch 47/3942 ***
Training fitness: 0.8679224099927074
Model size: (9, 10) 
Validation fitness: 0.8805740335534995 
Elapsed: 4.809281349182129

*** Epoch 0, batch 48/3942 ***
Training fitness: 0.9076415065896932
Model size: (10, 12) 
Validation fitness: 0.8895369620372309 
Elapsed: 5.105388879776001

*** Epoch 0, batch 49/3942 ***
Training fitness: 0.8636927637329488
Model size: (5, 5) 
Validation fitness: 0.869360429306211 
Elapsed: 5.404822587966919

*** Epoch 0, batch 50/3942 ***
Training fitness: 0.9134215161509756
Model size: (6, 7) 
Validation fitness: 0.9033940368431267 
Elapsed: 4.2074408531188965

*** Epoch 0, batch 51/3942 ***
Training fitness: 0.8760367406109121
Model size: (7, 9) 
Validation fitness: 0.9010166288475141 
Elapsed: 4.797319412231445

*** Epoch 0, batch 52/3942 ***
Training fitness: 0.8505140376257142
Model size: (8, 9) 
Validation fitness: 0.8554353286806395 
Elapsed: 4.898183345794678

*** Epoch 0, batch 53/3942 ***
Training fitness: 0.8533333333333334
Model size: (7, 5) 
Validation fitness: 0.855420052362413 
Elapsed: 2.4584269523620605

*** Epoch 0, batch 54/3942 ***
Training fitness: 0.8677966101694915
Model size: (7, 6) 
Validation fitness: 0.855420052362413 
Elapsed: 2.518549919128418

*** Epoch 0, batch 55/3942 ***
Training fitness: 0.8901141554712764
Model size: (7, 6) 
Validation fitness: 0.8758775000630628 
Elapsed: 5.089435815811157

*** Epoch 0, batch 56/3942 ***
Training fitness: 0.8577472735647933
Model size: (8, 10) 
Validation fitness: 0.8719768552472572 
Elapsed: 7.315057754516602

*** Epoch 0, batch 57/3942 ***
Training fitness: 0.8979311186731488
Model size: (7, 9) 
Validation fitness: 0.8866651062788106 
Elapsed: 5.070415735244751

*** Epoch 0, batch 58/3942 ***
Training fitness: 0.8829177182943382
Model size: (9, 9) 
Validation fitness: 0.8893871926949661 
Elapsed: 3.9100570678710938

*** Epoch 0, batch 59/3942 ***
Training fitness: 0.9107592612098439
Model size: (8, 12) 
Validation fitness: 0.8898999022581553 
Elapsed: 5.738454580307007

*** Epoch 0, batch 60/3942 ***
Training fitness: 0.8737201365187713
Model size: (11, 18) 
Validation fitness: 0.8807841456111503 
Elapsed: 5.836759567260742

*** Epoch 0, batch 61/3942 ***
Training fitness: 0.8605042016804598
Model size: (9, 6) 
Validation fitness: 0.8558242489864972 
Elapsed: 4.504927158355713

*** Epoch 0, batch 62/3942 ***
Training fitness: 0.8613026646384089
Model size: (6, 4) 
Validation fitness: 0.8742430381331213 
Elapsed: 4.5081353187561035

*** Epoch 0, batch 63/3942 ***
Training fitness: 0.8872211393346097
Model size: (17, 19) 
Validation fitness: 0.87382494729593 
Elapsed: 5.7045533657073975

*** Epoch 0, batch 64/3942 ***
Training fitness: 0.9186845703354715
Model size: (11, 10) 
Validation fitness: 0.8921472224417751 
Elapsed: 5.9435107707977295

*** Epoch 0, batch 65/3942 ***
Training fitness: 0.9042269883919547
Model size: (6, 7) 
Validation fitness: 0.8750476931484807 
Elapsed: 5.328181743621826

*** Epoch 0, batch 66/3942 ***
Training fitness: 0.8809087843218351
Model size: (10, 9) 
Validation fitness: 0.8744712890333897 
Elapsed: 3.569011926651001

*** Epoch 0, batch 67/3942 ***
Training fitness: 0.8823037531226179
Model size: (12, 13) 
Validation fitness: 0.8689642362117665 
Elapsed: 5.845836877822876

*** Epoch 0, batch 68/3942 ***
Training fitness: 0.874139845266399
Model size: (15, 15) 
Validation fitness: 0.8826373862696253 
Elapsed: 4.155168771743774

*** Epoch 0, batch 69/3942 ***
Training fitness: 0.8704118793088809
Model size: (10, 8) 
Validation fitness: 0.8763065856419046 
Elapsed: 3.758624315261841

*** Epoch 0, batch 70/3942 ***
Training fitness: 0.9064377578936016
Model size: (6, 5) 
Validation fitness: 0.8967982528027768 
Elapsed: 4.438760042190552

*** Epoch 0, batch 71/3942 ***
Training fitness: 0.8969278180422318
Model size: (6, 9) 
Validation fitness: 0.8847896805703416 
Elapsed: 5.674409627914429

*** Epoch 0, batch 72/3942 ***
Training fitness: 0.9090165512503466
Model size: (10, 15) 
Validation fitness: 0.8927013266243116 
Elapsed: 5.401864290237427

*** Epoch 0, batch 73/3942 ***
Training fitness: 0.8858131487889274
Model size: (13, 14) 
Validation fitness: 0.8860950457689446 
Elapsed: 6.8165833950042725

*** Epoch 0, batch 74/3942 ***
Training fitness: 0.858035950593982
Model size: (14, 16) 
Validation fitness: 0.8628033446096659 
Elapsed: 6.666897773742676

*** Epoch 0, batch 75/3942 ***
Training fitness: 0.9079553872858914
Model size: (15, 19) 
Validation fitness: 0.8948641260177055 
Elapsed: 6.8116021156311035

*** Epoch 0, batch 76/3942 ***
Training fitness: 0.8737201365187713
Model size: (16, 20) 
Validation fitness: 0.8720319081383006 
Elapsed: 6.6338725090026855

*** Epoch 0, batch 77/3942 ***
Training fitness: 0.864360985275267
Model size: (8, 7) 
Validation fitness: 0.8568147532854802 
Elapsed: 4.38854455947876

*** Epoch 0, batch 78/3942 ***
Training fitness: 0.8662645023816838
Model size: (8, 6) 
Validation fitness: 0.8697146102935331 
Elapsed: 4.52501368522644

*** Epoch 0, batch 79/3942 ***
Training fitness: 0.8846552953453455
Model size: (7, 5) 
Validation fitness: 0.8774075452965784 
Elapsed: 4.503731966018677

*** Epoch 0, batch 80/3942 ***
Training fitness: 0.8886481977216201
Model size: (10, 9) 
Validation fitness: 0.8789962593465602 
Elapsed: 5.037551403045654

*** Epoch 0, batch 81/3942 ***
Training fitness: 0.8638773711769755
Model size: (7, 5) 
Validation fitness: 0.8741713989533335 
Elapsed: 4.137603521347046

*** Epoch 0, batch 82/3942 ***
Training fitness: 0.8714059566648219
Model size: (9, 11) 
Validation fitness: 0.8931146256631262 
Elapsed: 4.73824143409729

*** Epoch 0, batch 83/3942 ***
Training fitness: 0.8548557984322056
Model size: (12, 11) 
Validation fitness: 0.8554229433509909 
Elapsed: 3.405280351638794

*** Epoch 0, batch 84/3942 ***
Training fitness: 0.9038664828418461
Model size: (6, 4) 
Validation fitness: 0.8840674881433782 
Elapsed: 3.124265432357788

*** Epoch 0, batch 85/3942 ***
Training fitness: 0.8941179583725767
Model size: (6, 5) 
Validation fitness: 0.880286224428981 
Elapsed: 3.338758707046509

*** Epoch 0, batch 86/3942 ***
Training fitness: 0.9076572681307251
Model size: (7, 6) 
Validation fitness: 0.9061079001270917 
Elapsed: 3.1822962760925293

*** Epoch 0, batch 87/3942 ***
Training fitness: 0.8878183772695231
Model size: (8, 7) 
Validation fitness: 0.8951026885070578 
Elapsed: 3.16634202003479

*** Epoch 0, batch 88/3942 ***
Training fitness: 0.9170589247835498
Model size: (9, 8) 
Validation fitness: 0.8952795957525084 
Elapsed: 3.278501272201538

*** Epoch 0, batch 89/3942 ***
Training fitness: 0.8946089847928863
Model size: (10, 10) 
Validation fitness: 0.8892577335179703 
Elapsed: 3.2345988750457764

*** Epoch 0, batch 90/3942 ***
Training fitness: 0.9072818368410243
Model size: (10, 10) 
Validation fitness: 0.8948662240213824 
Elapsed: 3.2771923542022705

*** Epoch 0, batch 91/3942 ***
Training fitness: 0.8725054592323425
Model size: (12, 15) 
Validation fitness: 0.8573452176354046 
Elapsed: 5.935680389404297

*** Epoch 0, batch 92/3942 ***
Training fitness: 0.879724968561644
Model size: (11, 11) 
Validation fitness: 0.8891718255245593 
Elapsed: 4.052907705307007

*** Epoch 0, batch 93/3942 ***
Training fitness: 0.8766696225382015
Model size: (14, 11) 
Validation fitness: 0.8638010915670244 
Elapsed: 5.344990968704224

*** Epoch 0, batch 94/3942 ***
Training fitness: 0.8619667843524753
Model size: (12, 9) 
Validation fitness: 0.8588568886685263 
Elapsed: 4.43656063079834

*** Epoch 0, batch 95/3942 ***
Training fitness: 0.8568216952781083
Model size: (11, 13) 
Validation fitness: 0.8470399475574693 
Elapsed: 4.225945711135864

*** Epoch 0, batch 96/3942 ***
Training fitness: 0.8512733973854255
Model size: (12, 11) 
Validation fitness: 0.870524746979039 
Elapsed: 5.580814838409424

*** Epoch 0, batch 97/3942 ***
Training fitness: 0.8654249042364786
Model size: (13, 11) 
Validation fitness: 0.8676718866490104 
Elapsed: 4.9704108238220215

*** Epoch 0, batch 98/3942 ***
Training fitness: 0.8940493387504292
Model size: (11, 9) 
Validation fitness: 0.8767643393939158 
Elapsed: 5.072993993759155

*** Epoch 0, batch 99/3942 ***
Training fitness: 0.8417945831902381
Model size: (12, 8) 
Validation fitness: 0.8639717372479947 
Elapsed: 4.122366428375244

*** Epoch 0, batch 100/3942 ***
Training fitness: 0.8707665064811331
Model size: (12, 9) 
Validation fitness: 0.8845557534824491 
Elapsed: 3.8654911518096924

*** Epoch 0, batch 101/3942 ***
Training fitness: 0.8840342488687011
Model size: (14, 16) 
Validation fitness: 0.8762218768892374 
Elapsed: 8.679673910140991

*** Epoch 0, batch 102/3942 ***
Training fitness: 0.8708570291802293
Model size: (15, 18) 
Validation fitness: 0.8765627193524933 
Elapsed: 8.733208417892456

*** Epoch 0, batch 103/3942 ***
Training fitness: 0.8635487945218224
Model size: (18, 22) 
Validation fitness: 0.8711367840605322 
Elapsed: 4.616021394729614

*** Epoch 0, batch 104/3942 ***
Training fitness: 0.898238576166527
Model size: (17, 18) 
Validation fitness: 0.8822734439188659 
Elapsed: 3.4523305892944336

*** Epoch 0, batch 105/3942 ***
Training fitness: 0.9037154410269961
Model size: (17, 17) 
Validation fitness: 0.8886126379644094 
Elapsed: 3.882507562637329

*** Epoch 0, batch 106/3942 ***
Training fitness: 0.8919860346452395
Model size: (16, 16) 
Validation fitness: 0.8897738113896051 
Elapsed: 3.9646759033203125

*** Epoch 0, batch 107/3942 ***
Training fitness: 0.9155171717023796
Model size: (13, 15) 
Validation fitness: 0.8959554906867805 
Elapsed: 4.465815305709839

*** Epoch 0, batch 108/3942 ***
Training fitness: 0.8894186057819956
Model size: (16, 16) 
Validation fitness: 0.8747252942862993 
Elapsed: 3.774170398712158

*** Epoch 0, batch 109/3942 ***
Training fitness: 0.8659714494485183
Model size: (17, 19) 
Validation fitness: 0.8611860121096022 
Elapsed: 4.71474289894104

*** Epoch 0, batch 110/3942 ***
Training fitness: 0.9134037641358043
Model size: (22, 27) 
Validation fitness: 0.8869549278262846 
Elapsed: 6.186874151229858

*** Epoch 0, batch 111/3942 ***
Training fitness: 0.8860752909676914
Model size: (23, 27) 
Validation fitness: 0.8858121475200903 
Elapsed: 5.308754205703735

*** Epoch 0, batch 112/3942 ***
Training fitness: 0.869000126616459
Model size: (14, 15) 
Validation fitness: 0.8747716696293092 
Elapsed: 6.2264745235443115

*** Epoch 0, batch 113/3942 ***
Training fitness: 0.8821915475081877
Model size: (21, 24) 
Validation fitness: 0.8762219827723297 
Elapsed: 5.69169807434082

*** Epoch 0, batch 114/3942 ***
Training fitness: 0.8797511291779709
Model size: (20, 21) 
Validation fitness: 0.873089287602704 
Elapsed: 5.755815267562866

*** Epoch 0, batch 115/3942 ***
Training fitness: 0.8748055083250833
Model size: (14, 10) 
Validation fitness: 0.8945636803812678 
Elapsed: 5.017326354980469

*** Epoch 0, batch 116/3942 ***
Training fitness: 0.8492085563488243
Model size: (15, 16) 
Validation fitness: 0.8570203831824662 
Elapsed: 5.677271842956543

*** Epoch 0, batch 117/3942 ***
Training fitness: 0.878544831797956
Model size: (16, 13) 
Validation fitness: 0.8766169081673177 
Elapsed: 5.492421865463257

*** Epoch 0, batch 118/3942 ***
Training fitness: 0.8987537279946048
Model size: (19, 19) 
Validation fitness: 0.8742403501676543 
Elapsed: 6.612858295440674

*** Epoch 0, batch 119/3942 ***
Training fitness: 0.8799678164846463
Model size: (23, 23) 
Validation fitness: 0.8848365938855735 
Elapsed: 5.8010573387146

*** Epoch 0, batch 120/3942 ***
Training fitness: 0.8798069683790284
Model size: (22, 24) 
Validation fitness: 0.8844890985095003 
Elapsed: 9.882352590560913

*** Epoch 0, batch 121/3942 ***
Training fitness: 0.8710648539682616
Model size: (14, 21) 
Validation fitness: 0.8660019998209784 
Elapsed: 7.142004489898682

*** Epoch 0, batch 122/3942 ***
Training fitness: 0.9084558685649001
Model size: (21, 24) 
Validation fitness: 0.8830263073843677 
Elapsed: 7.869759798049927

*** Epoch 0, batch 123/3942 ***
Training fitness: 0.8571850474161636
Model size: (21, 25) 
Validation fitness: 0.8618987033808747 
Elapsed: 7.558345794677734

*** Epoch 0, batch 124/3942 ***
Training fitness: 0.8588297667142724
Model size: (22, 19) 
Validation fitness: 0.868326058818961 
Elapsed: 7.873610496520996

*** Epoch 0, batch 125/3942 ***
Training fitness: 0.8981427088355418
Model size: (16, 16) 
Validation fitness: 0.8859304105848326 
Elapsed: 7.12798810005188

*** Epoch 0, batch 126/3942 ***
Training fitness: 0.8910704632585352
Model size: (16, 19) 
Validation fitness: 0.8916036632611201 
Elapsed: 6.2075746059417725

*** Epoch 0, batch 127/3942 ***
Training fitness: 0.8705748106775173
Model size: (27, 23) 
Validation fitness: 0.889400578950328 
Elapsed: 5.007730960845947

*** Epoch 0, batch 128/3942 ***
Training fitness: 0.8787562030417205
Model size: (19, 23) 
Validation fitness: 0.8690394801332495 
Elapsed: 7.540315628051758

*** Epoch 0, batch 129/3942 ***
Training fitness: 0.8753322400476122
Model size: (19, 22) 
Validation fitness: 0.87573901870436 
Elapsed: 7.137041330337524

*** Epoch 0, batch 130/3942 ***
Training fitness: 0.8891345138205315
Model size: (22, 27) 
Validation fitness: 0.8803037150544885 
Elapsed: 5.994107246398926

*** Epoch 0, batch 131/3942 ***
Training fitness: 0.8639395583428285
Model size: (16, 6) 
Validation fitness: 0.8891835176489011 
Elapsed: 6.1159210205078125

*** Epoch 0, batch 132/3942 ***
Training fitness: 0.9063560672734964
Model size: (17, 7) 
Validation fitness: 0.8976508312843643 
Elapsed: 5.717476844787598

*** Epoch 0, batch 133/3942 ***
Training fitness: 0.9032568745207363
Model size: (21, 28) 
Validation fitness: 0.8970474684119149 
Elapsed: 6.068500518798828

*** Epoch 0, batch 134/3942 ***
Training fitness: 0.8862950955711552
Model size: (18, 9) 
Validation fitness: 0.8934129532159955 
Elapsed: 4.331404447555542

*** Epoch 0, batch 135/3942 ***
Training fitness: 0.8864939038499665
Model size: (16, 19) 
Validation fitness: 0.8863996325215406 
Elapsed: 4.307308197021484

*** Epoch 0, batch 136/3942 ***
Training fitness: 0.9028019936139847
Model size: (16, 18) 
Validation fitness: 0.8896731563996313 
Elapsed: 4.905594825744629

*** Epoch 0, batch 137/3942 ***
Training fitness: 0.9103513083401539
Model size: (23, 27) 
Validation fitness: 0.8918301626182058 
Elapsed: 5.1691484451293945

*** Epoch 0, batch 138/3942 ***
Training fitness: 0.8610795573555409
Model size: (22, 28) 
Validation fitness: 0.8678723874058241 
Elapsed: 6.914191961288452

*** Epoch 0, batch 139/3942 ***
Training fitness: 0.878792557673414
Model size: (18, 19) 
Validation fitness: 0.8791027253103733 
Elapsed: 5.507593631744385

*** Epoch 0, batch 140/3942 ***
Training fitness: 0.8706473775883448
Model size: (19, 15) 
Validation fitness: 0.8754570707449572 
Elapsed: 6.455963373184204

*** Epoch 0, batch 141/3942 ***
Training fitness: 0.8754501257714045
Model size: (25, 30) 
Validation fitness: 0.8759635396716883 
Elapsed: 4.207619905471802

*** Epoch 0, batch 142/3942 ***
Training fitness: 0.896771842315503
Model size: (24, 28) 
Validation fitness: 0.8972301135561654 
Elapsed: 6.933852910995483

*** Epoch 0, batch 143/3942 ***
Training fitness: 0.8906623768373597
Model size: (23, 24) 
Validation fitness: 0.8860725153419073 
Elapsed: 7.567504167556763

*** Epoch 0, batch 144/3942 ***
Training fitness: 0.873863426284236
Model size: (19, 28) 
Validation fitness: 0.870777662819089 
Elapsed: 5.642924785614014

*** Epoch 0, batch 145/3942 ***
Training fitness: 0.8533333333333334
Model size: (15, 19) 
Validation fitness: 0.855420052362413 
Elapsed: 4.423731327056885

*** Epoch 0, batch 146/3942 ***
Training fitness: 0.8973976891006292
Model size: (18, 16) 
Validation fitness: 0.8829483923797942 
Elapsed: 5.715092897415161

*** Epoch 0, batch 147/3942 ***
Training fitness: 0.8771452664854602
Model size: (23, 17) 
Validation fitness: 0.875554609036702 
Elapsed: 6.202027082443237

*** Epoch 0, batch 148/3942 ***
Training fitness: 0.8763724770347098
Model size: (23, 16) 
Validation fitness: 0.8844968950862923 
Elapsed: 6.0657734870910645

*** Epoch 0, batch 149/3942 ***
Training fitness: 0.8697638109704897
Model size: (22, 18) 
Validation fitness: 0.8724523624549336 
Elapsed: 6.349066495895386

*** Epoch 0, batch 150/3942 ***
Training fitness: 0.8997360285345017
Model size: (18, 15) 
Validation fitness: 0.8869618272488964 
Elapsed: 6.791498422622681

*** Epoch 0, batch 151/3942 ***
Training fitness: 0.8692699490662139
Model size: (20, 21) 
Validation fitness: 0.8879184749639175 
Elapsed: 11.019047737121582

*** Epoch 0, batch 152/3942 ***
Training fitness: 0.8701397919816659
Model size: (24, 19) 
Validation fitness: 0.873675265208274 
Elapsed: 7.652111291885376

*** Epoch 0, batch 153/3942 ***
Training fitness: 0.8663282571912013
Model size: (20, 21) 
Validation fitness: 0.855420052362413 
Elapsed: 6.814753293991089

*** Epoch 0, batch 154/3942 ***
Training fitness: 0.8901224126149845
Model size: (25, 22) 
Validation fitness: 0.8787560668395908 
Elapsed: 5.678069591522217

*** Epoch 0, batch 155/3942 ***
Training fitness: 0.8521195827956695
Model size: (26, 25) 
Validation fitness: 0.8617316187186199 
Elapsed: 5.620797395706177

*** Epoch 0, batch 156/3942 ***
Training fitness: 0.8452293669377269
Model size: (24, 22) 
Validation fitness: 0.8642057411002425 
Elapsed: 6.611418008804321

*** Epoch 0, batch 157/3942 ***
Training fitness: 0.8799728410227001
Model size: (21, 29) 
Validation fitness: 0.8605696315606247 
Elapsed: 7.139294862747192

*** Epoch 0, batch 158/3942 ***
Training fitness: 0.8646221997574406
Model size: (27, 27) 
Validation fitness: 0.8593857013813049 
Elapsed: 6.820868730545044

*** Epoch 0, batch 159/3942 ***
Training fitness: 0.8662116048448079
Model size: (24, 18) 
Validation fitness: 0.8599068660162276 
Elapsed: 7.681417465209961

*** Epoch 0, batch 160/3942 ***
Training fitness: 0.9134940521945044
Model size: (23, 28) 
Validation fitness: 0.9014401396804346 
Elapsed: 8.292324304580688

*** Epoch 0, batch 161/3942 ***
Training fitness: 0.8553294738278794
Model size: (23, 19) 
Validation fitness: 0.8560819571201818 
Elapsed: 8.44816279411316

*** Epoch 0, batch 162/3942 ***
Training fitness: 0.868930774542461
Model size: (29, 26) 
Validation fitness: 0.8581951108192097 
Elapsed: 8.922221899032593

*** Epoch 0, batch 163/3942 ***
Training fitness: 0.8927803531659623
Model size: (32, 27) 
Validation fitness: 0.8851889419814836 
Elapsed: 9.371635437011719

*** Epoch 0, batch 164/3942 ***
Training fitness: 0.8773364430502629
Model size: (25, 26) 
Validation fitness: 0.8767975533274143 
Elapsed: 10.073472499847412

*** Epoch 0, batch 165/3942 ***
Training fitness: 0.8725349028613679
Model size: (15, 15) 
Validation fitness: 0.8882062362082535 
Elapsed: 10.712711811065674

*** Epoch 0, batch 166/3942 ***
Training fitness: 0.8515655521160441
Model size: (35, 33) 
Validation fitness: 0.8612106374384827 
Elapsed: 10.816185712814331

*** Epoch 0, batch 167/3942 ***
Training fitness: 0.8751899171230784
Model size: (24, 14) 
Validation fitness: 0.8755463982889502 
Elapsed: 11.164123296737671

*** Epoch 0, batch 168/3942 ***
Training fitness: 0.9058822667662869
Model size: (26, 34) 
Validation fitness: 0.9001354975191471 
Elapsed: 13.09237551689148

*** Epoch 0, batch 169/3942 ***
Training fitness: 0.8852197446078802
Model size: (28, 29) 
Validation fitness: 0.8602075210268142 
Elapsed: 15.899847030639648

*** Epoch 0, batch 170/3942 ***
Training fitness: 0.8782398584594083
Model size: (25, 27) 
Validation fitness: 0.8766335787681427 
Elapsed: 16.485823154449463

*** Epoch 0, batch 171/3942 ***
Training fitness: 0.8678218671286593
Model size: (17, 14) 
Validation fitness: 0.855444223720122 
Elapsed: 14.676974058151245

*** Epoch 0, batch 172/3942 ***
Training fitness: 0.878151054324521
Model size: (16, 15) 
Validation fitness: 0.8927450260753793 
Elapsed: 14.845274686813354

*** Epoch 0, batch 173/3942 ***
Training fitness: 0.8947191596918789
Model size: (41, 47) 
Validation fitness: 0.8721814214487517 
Elapsed: 16.81624937057495

*** Epoch 0, batch 174/3942 ***
Training fitness: 0.8765969902052997
Model size: (25, 28) 
Validation fitness: 0.873583985378912 
Elapsed: 16.915963172912598

*** Epoch 0, batch 175/3942 ***
Training fitness: 0.8858496153251183
Model size: (28, 25) 
Validation fitness: 0.8806333813697081 
Elapsed: 16.20404815673828

*** Epoch 0, batch 176/3942 ***
Training fitness: 0.8979367799838152
Model size: (26, 30) 
Validation fitness: 0.8884291772899632 
Elapsed: 16.384289503097534

*** Epoch 0, batch 177/3942 ***
Training fitness: 0.8965506181269713
Model size: (24, 29) 
Validation fitness: 0.8725629031720921 
Elapsed: 17.88766837120056

*** Epoch 0, batch 178/3942 ***
Training fitness: 0.8816979571712711
Model size: (30, 40) 
Validation fitness: 0.8685232813582962 
Elapsed: 17.887383460998535

*** Epoch 0, batch 179/3942 ***
Training fitness: 0.8966701483550908
Model size: (23, 26) 
Validation fitness: 0.889550682174731 
Elapsed: 17.90600347518921

*** Epoch 0, batch 180/3942 ***
Training fitness: 0.9046394495670144
Model size: (26, 26) 
Validation fitness: 0.8867938015216262 
Elapsed: 18.22947859764099

*** Epoch 0, batch 181/3942 ***
Training fitness: 0.8865633978483237
Model size: (29, 27) 
Validation fitness: 0.8810975645767639 
Elapsed: 18.751819133758545

*** Epoch 0, batch 182/3942 ***
Training fitness: 0.8846102714093227
Model size: (22, 29) 
Validation fitness: 0.8890805690556164 
Elapsed: 20.163981676101685

*** Epoch 0, batch 183/3942 ***
Training fitness: 0.9249436441584344
Model size: (35, 30) 
Validation fitness: 0.8975725645950384 
Elapsed: 20.231051683425903

*** Epoch 0, batch 184/3942 ***
Training fitness: 0.8949785528979227
Model size: (32, 30) 
Validation fitness: 0.8787643159250202 
Elapsed: 38.90617895126343

*** Epoch 0, batch 185/3942 ***
Training fitness: 0.8858275375301138
Model size: (19, 13) 
Validation fitness: 0.8768609426181068 
Elapsed: 39.253917932510376

*** Epoch 0, batch 186/3942 ***
Training fitness: 0.8970553105482165
Model size: (29, 25) 
Validation fitness: 0.8827068450292714 
Elapsed: 40.34267330169678

*** Epoch 0, batch 187/3942 ***
Training fitness: 0.89253897661717
Model size: (21, 17) 
Validation fitness: 0.8881865985169477 
Elapsed: 41.401153326034546

*** Epoch 0, batch 188/3942 ***
Training fitness: 0.8735671669707475
Model size: (22, 18) 
Validation fitness: 0.8895601545835021 
Elapsed: 43.75474667549133

*** Epoch 0, batch 189/3942 ***
Training fitness: 0.8830372774348063
Model size: (27, 30) 
Validation fitness: 0.8850927123433797 
Elapsed: 43.539634466171265

*** Epoch 0, batch 190/3942 ***
Training fitness: 0.8815522505672386
Model size: (28, 31) 
Validation fitness: 0.8888601250844946 
Elapsed: 44.418536901474

*** Epoch 0, batch 191/3942 ***
Training fitness: 0.8741091171711863
Model size: (27, 32) 
Validation fitness: 0.8842290819167865 
Elapsed: 44.4383111000061

*** Epoch 0, batch 192/3942 ***
Training fitness: 0.8798855851315783
Model size: (29, 26) 
Validation fitness: 0.8786394431063033 
Elapsed: 45.42159962654114

*** Epoch 0, batch 193/3942 ***
Training fitness: 0.885285548327736
Model size: (27, 17) 
Validation fitness: 0.8841528008592602 
Elapsed: 46.42279767990112

*** Epoch 0, batch 194/3942 ***
Training fitness: 0.896453771281467
Model size: (31, 30) 
Validation fitness: 0.8873380393381096 
Elapsed: 51.843151807785034

*** Epoch 0, batch 195/3942 ***
Training fitness: 0.8632855778230092
Model size: (31, 31) 
Validation fitness: 0.8802949525072816 
Elapsed: 49.03178310394287

*** Epoch 0, batch 196/3942 ***
Training fitness: 0.915144702208935
Model size: (33, 36) 
Validation fitness: 0.8956417311868197 
Elapsed: 56.93408966064453

*** Epoch 0, batch 197/3942 ***
Training fitness: 0.892954959378535
Model size: (28, 30) 
Validation fitness: 0.8959015906055867 
Elapsed: 49.814600467681885

*** Epoch 0, batch 198/3942 ***
Training fitness: 0.8860608416998258
Model size: (28, 29) 
Validation fitness: 0.8797650988136914 
Elapsed: 55.66561460494995

*** Epoch 0, batch 199/3942 ***
Training fitness: 0.8897089093809246
Model size: (29, 22) 
Validation fitness: 0.8754665863637883 
Elapsed: 15.340389490127563

*** Epoch 0, batch 200/3942 ***
Training fitness: 0.8634064080945354
Model size: (29, 25) 
Validation fitness: 0.8554200523624343 
Elapsed: 14.747363567352295

*** Epoch 0, batch 201/3942 ***
Training fitness: 0.8783596527789915
Model size: (32, 21) 
Validation fitness: 0.8768418117777939 
Elapsed: 12.002835512161255

*** Epoch 0, batch 202/3942 ***
Training fitness: 0.8522032836779454
Model size: (33, 37) 
Validation fitness: 0.8557041315573447 
Elapsed: 14.621899604797363

*** Epoch 0, batch 203/3942 ***
Training fitness: 0.9096343346253856
Model size: (28, 28) 
Validation fitness: 0.9007924913809118 
Elapsed: 12.747942924499512

*** Epoch 0, batch 204/3942 ***
Training fitness: 0.8962159375326024
Model size: (25, 18) 
Validation fitness: 0.8837431954436229 
Elapsed: 10.34801435470581

*** Epoch 0, batch 205/3942 ***
Training fitness: 0.9051948102883813
Model size: (30, 24) 
Validation fitness: 0.8864470797295069 
Elapsed: 10.483892440795898

*** Epoch 0, batch 206/3942 ***
Training fitness: 0.8850338149633614
Model size: (31, 26) 
Validation fitness: 0.8756925849123604 
Elapsed: 10.862778663635254

*** Epoch 0, batch 207/3942 ***
Training fitness: 0.8535298278506369
Model size: (32, 33) 
Validation fitness: 0.8609938108048573 
Elapsed: 16.75320291519165

*** Epoch 0, batch 208/3942 ***
Training fitness: 0.8881529537880689
Model size: (29, 29) 
Validation fitness: 0.88251110050171 
Elapsed: 12.473533391952515

*** Epoch 0, batch 209/3942 ***
Training fitness: 0.8834365509489481
Model size: (28, 28) 
Validation fitness: 0.8963240436215557 
Elapsed: 12.956634759902954

*** Epoch 0, batch 210/3942 ***
Training fitness: 0.8969283647693679
Model size: (28, 28) 
Validation fitness: 0.8960278422302393 
Elapsed: 13.611384868621826

*** Epoch 0, batch 211/3942 ***
Training fitness: 0.8876750916832714
Model size: (27, 31) 
Validation fitness: 0.8863639377239002 
Elapsed: 14.800392389297485

*** Epoch 0, batch 212/3942 ***
Training fitness: 0.9004215368144245
Model size: (26, 31) 
Validation fitness: 0.8865820880096138 
Elapsed: 22.813825130462646

*** Epoch 0, batch 213/3942 ***
Training fitness: 0.8810899298571621
Model size: (28, 33) 
Validation fitness: 0.8924808364474993 
Elapsed: 17.321930170059204

*** Epoch 0, batch 214/3942 ***
Training fitness: 0.9031311159708978
Model size: (28, 32) 
Validation fitness: 0.8934460024592074 
Elapsed: 18.729401111602783

*** Epoch 0, batch 215/3942 ***
Training fitness: 0.9111968997769633
Model size: (29, 33) 
Validation fitness: 0.8965961629347802 
Elapsed: 13.200121402740479

*** Epoch 0, batch 216/3942 ***
Training fitness: 0.894543693569086
Model size: (29, 32) 
Validation fitness: 0.8870538807194532 
Elapsed: 14.267021656036377

*** Epoch 0, batch 217/3942 ***
Training fitness: 0.8779789963091661
Model size: (30, 33) 
Validation fitness: 0.88833898801058 
Elapsed: 14.574032545089722

*** Epoch 0, batch 218/3942 ***
Training fitness: 0.8961803133489614
Model size: (31, 34) 
Validation fitness: 0.8971253850979521 
Elapsed: 15.214844703674316

*** Epoch 0, batch 219/3942 ***
Training fitness: 0.892643499982105
Model size: (31, 34) 
Validation fitness: 0.8962003525740022 
Elapsed: 16.62953233718872

*** Epoch 0, batch 220/3942 ***
Training fitness: 0.8782528348238261
Model size: (32, 34) 
Validation fitness: 0.8861872388084859 
Elapsed: 17.62103033065796

*** Epoch 0, batch 221/3942 ***
Training fitness: 0.8720297728244122
Model size: (33, 36) 
Validation fitness: 0.8789656777159773 
Elapsed: 19.883067846298218

*** Epoch 0, batch 222/3942 ***
Training fitness: 0.8740940762312256
Model size: (35, 33) 
Validation fitness: 0.8859715878290548 
Elapsed: 17.253340482711792

*** Epoch 0, batch 223/3942 ***
Training fitness: 0.8769985792970351
Model size: (31, 40) 
Validation fitness: 0.8900226408344126 
Elapsed: 19.857133388519287

*** Epoch 0, batch 224/3942 ***
Training fitness: 0.8961946424738779
Model size: (32, 29) 
Validation fitness: 0.8892280559420043 
Elapsed: 19.313173055648804

*** Epoch 0, batch 225/3942 ***
Training fitness: 0.8763396647611009
Model size: (34, 38) 
Validation fitness: 0.8879997199982471 
Elapsed: 21.65582299232483

*** Epoch 0, batch 226/3942 ***
Training fitness: 0.9077660058850097
Model size: (32, 30) 
Validation fitness: 0.8978456783079652 
Elapsed: 21.904237270355225

*** Epoch 0, batch 227/3942 ***
Training fitness: 0.9000663923993364
Model size: (32, 28) 
Validation fitness: 0.8887341323729508 
Elapsed: 23.403963804244995

*** Epoch 0, batch 228/3942 ***
Training fitness: 0.8859485761150498
Model size: (31, 28) 
Validation fitness: 0.8928320952793231 
Elapsed: 24.93819570541382

*** Epoch 0, batch 229/3942 ***
Training fitness: 0.9072329707304981
Model size: (31, 31) 
Validation fitness: 0.8995768329734487 
Elapsed: 26.064369678497314

*** Epoch 0, batch 230/3942 ***
Training fitness: 0.8782161234991424
Model size: (34, 45) 
Validation fitness: 0.8775328738954354 
Elapsed: 18.619996309280396

*** Epoch 0, batch 231/3942 ***
Training fitness: 0.8819637931141798
Model size: (36, 38) 
Validation fitness: 0.8757995181425539 
Elapsed: 20.643792867660522

*** Epoch 0, batch 232/3942 ***
Training fitness: 0.8915148731113139
Model size: (33, 30) 
Validation fitness: 0.8974725165070675 
Elapsed: 20.19480609893799

*** Epoch 0, batch 233/3942 ***
Training fitness: 0.8930322577907304
Model size: (35, 38) 
Validation fitness: 0.8963334017290601 
Elapsed: 19.80005168914795

*** Epoch 0, batch 234/3942 ***
Training fitness: 0.8793583458148031
Model size: (36, 36) 
Validation fitness: 0.8923396509921595 
Elapsed: 21.15556025505066

*** Epoch 0, batch 235/3942 ***
Training fitness: 0.9121452570721497
Model size: (35, 31) 
Validation fitness: 0.9053321868874601 
Elapsed: 21.650235176086426

*** Epoch 0, batch 236/3942 ***
Training fitness: 0.8782161234991424
Model size: (34, 31) 
Validation fitness: 0.8865255440784634 
Elapsed: 23.601649284362793

*** Epoch 0, batch 237/3942 ***
Training fitness: 0.8888593560850439
Model size: (33, 34) 
Validation fitness: 0.8981655051351253 
Elapsed: 27.474256992340088

*** Epoch 0, batch 238/3942 ***
Training fitness: 0.8790352477069485
Model size: (38, 39) 
Validation fitness: 0.8790513093815685 
Elapsed: 26.822522163391113

*** Epoch 0, batch 239/3942 ***
Training fitness: 0.8767430162304567
Model size: (35, 30) 
Validation fitness: 0.8882927602972945 
Elapsed: 27.708263635635376

*** Epoch 0, batch 240/3942 ***
Training fitness: 0.8734771241635654
Model size: (33, 31) 
Validation fitness: 0.8848761109780248 
Elapsed: 18.797415733337402

*** Epoch 0, batch 241/3942 ***
Training fitness: 0.8750627213406669
Model size: (30, 33) 
Validation fitness: 0.8775198928326209 
Elapsed: 18.617969512939453

*** Epoch 0, batch 242/3942 ***
Training fitness: 0.9070913205227487
Model size: (32, 34) 
Validation fitness: 0.8988986626759198 
Elapsed: 18.344513177871704

*** Epoch 0, batch 243/3942 ***
Training fitness: 0.8951272616641847
Model size: (33, 33) 
Validation fitness: 0.8860588095224675 
Elapsed: 22.189290761947632

*** Epoch 0, batch 244/3942 ***
Training fitness: 0.9075396838397993
Model size: (29, 38) 
Validation fitness: 0.8951640127459747 
Elapsed: 26.49920415878296

*** Epoch 0, batch 245/3942 ***
Training fitness: 0.8877908619887687
Model size: (37, 30) 
Validation fitness: 0.8898070945235205 
Elapsed: 23.95137619972229

*** Epoch 0, batch 246/3942 ***
Training fitness: 0.9087471987756168
Model size: (33, 36) 
Validation fitness: 0.8980797485393491 
Elapsed: 25.29189944267273

*** Epoch 0, batch 247/3942 ***
Training fitness: 0.9155911146185347
Model size: (34, 37) 
Validation fitness: 0.8975088731728287 
Elapsed: 28.681049346923828

*** Epoch 0, batch 248/3942 ***
Training fitness: 0.8985607610751196
Model size: (34, 36) 
Validation fitness: 0.9002890672071941 
Elapsed: 31.789958953857422

*** Epoch 0, batch 249/3942 ***
Training fitness: 0.8792838181318138
Model size: (32, 32) 
Validation fitness: 0.8856386541444075 
Elapsed: 37.81882381439209

*** Epoch 0, batch 250/3942 ***
Training fitness: 0.8819447911991269
Model size: (32, 37) 
Validation fitness: 0.8901172343255638 
Elapsed: 38.174476861953735

*** Epoch 0, batch 251/3942 ***
Training fitness: 0.9029982363315696
Model size: (37, 39) 
Validation fitness: 0.8964215612622778 
Elapsed: 41.96847462654114

*** Epoch 0, batch 252/3942 ***
Training fitness: 0.9064207605473263
Model size: (37, 42) 
Validation fitness: 0.8959265460084137 
Elapsed: 46.52611255645752

*** Epoch 0, batch 253/3942 ***
Training fitness: 0.9029465911157817
Model size: (39, 44) 
Validation fitness: 0.9056334618764068 
Elapsed: 51.28082036972046

*** Epoch 0, batch 254/3942 ***
Training fitness: 0.8929305999380227
Model size: (37, 44) 
Validation fitness: 0.8967762919649899 
Elapsed: 56.01718068122864

*** Epoch 0, batch 255/3942 ***
Training fitness: 0.9000289601494064
Model size: (37, 44) 
Validation fitness: 0.8982987920678206 
Elapsed: 62.78731441497803

*** Epoch 0, batch 256/3942 ***
Training fitness: 0.916961124725708
Model size: (36, 46) 
Validation fitness: 0.9065894283520837 
Elapsed: 71.46854972839355

*** Epoch 0, batch 257/3942 ***
Training fitness: 0.907049842691812
Model size: (37, 44) 
Validation fitness: 0.8870733738755189 
Elapsed: 78.82625722885132

*** Epoch 0, batch 258/3942 ***
Training fitness: 0.9190351493545144
Model size: (38, 30) 
Validation fitness: 0.9018015752083397 
Elapsed: 90.66744661331177

*** Epoch 0, batch 259/3942 ***
Training fitness: 0.8979463015462492
Model size: (37, 44) 
Validation fitness: 0.8990430741320447 
Elapsed: 97.54794955253601

*** Epoch 0, batch 260/3942 ***
Training fitness: 0.9195959938338767
Model size: (34, 30) (!)
Validation fitness: 0.9088675068310964 (!)
Elapsed: 107.95251297950745

*** Epoch 0, batch 261/3942 ***
Training fitness: 0.8954456691127167
Model size: (35, 32) 
Validation fitness: 0.9087316950382086 
Elapsed: 120.66900515556335

*** Epoch 0, batch 262/3942 ***
Training fitness: 0.8740187302996215
Model size: (41, 44) 
Validation fitness: 0.8815786125261323 
Elapsed: 135.33154559135437

*** Epoch 0, batch 263/3942 ***
Training fitness: 0.9107405519617763
Model size: (38, 46) 
Validation fitness: 0.896916573418255 
Elapsed: 146.1573588848114

*** Epoch 0, batch 264/3942 ***
Training fitness: 0.895203450866182
Model size: (38, 46) 
Validation fitness: 0.8989135343536114 
Elapsed: 165.64704823493958

*** Epoch 0, batch 265/3942 ***
Training fitness: 0.9002630723790743
Model size: (36, 29) 
Validation fitness: 0.902840225572151 
Elapsed: 185.64901161193848

*** Epoch 0, batch 266/3942 ***
Training fitness: 0.8937105194524204
Model size: (38, 45) 
Validation fitness: 0.8972662143587254 
Elapsed: 200.49739050865173

*** Epoch 0, batch 267/3942 ***
Training fitness: 0.9003803366656633
Model size: (37, 39) 
Validation fitness: 0.8965655240273628 
Elapsed: 217.41223192214966

*** Epoch 0, batch 268/3942 ***
Training fitness: 0.9032008912472292
Model size: (35, 30) 
Validation fitness: 0.9084332981929328 
Elapsed: 231.99165511131287

*** Epoch 0, batch 269/3942 ***
Training fitness: 0.9061936918506032
Model size: (39, 40) 
Validation fitness: 0.8972026562365261 
Elapsed: 240.17372393608093

*** Epoch 0, batch 270/3942 ***
Training fitness: 0.8916478038562151
Model size: (40, 42) 
Validation fitness: 0.8980121860126369 
Elapsed: 153.29369020462036

*** Epoch 0, batch 271/3942 ***
Training fitness: 0.9100768318629409
Model size: (40, 46) 
Validation fitness: 0.9083114378926007 
Elapsed: 171.39521551132202

*** Epoch 0, batch 272/3942 ***
Training fitness: 0.9119463343583843
Model size: (34, 28) 
Validation fitness: 0.9026855263081052 
Elapsed: 64.94037795066833

*** Epoch 0, batch 273/3942 ***
Training fitness: 0.8974247562367498
Model size: (41, 43) 
Validation fitness: 0.9045661965476948 
Elapsed: 68.79523730278015

*** Epoch 0, batch 274/3942 ***
Training fitness: 0.9103595695501462
Model size: (38, 40) 
Validation fitness: 0.9065299095740132 
Elapsed: 72.00223875045776

*** Epoch 0, batch 275/3942 ***
Training fitness: 0.914062304206465
Model size: (41, 47) 
Validation fitness: 0.9051602974806957 
Elapsed: 78.76742482185364

*** Epoch 0, batch 276/3942 ***
Training fitness: 0.9060630192275119
Model size: (37, 36) 
Validation fitness: 0.8947199251818354 
Elapsed: 83.26140308380127

*** Epoch 0, batch 277/3942 ***
Training fitness: 0.8934282310220515
Model size: (39, 38) 
Validation fitness: 0.8992445636898554 
Elapsed: 89.11802554130554

*** Epoch 0, batch 278/3942 ***
Training fitness: 0.8935743200648911
Model size: (42, 49) 
Validation fitness: 0.9086789001691664 
Elapsed: 95.66264629364014

*** Epoch 0, batch 279/3942 ***
Training fitness: 0.9011003355076921
Model size: (35, 34) 
Validation fitness: 0.9045293917215803 
Elapsed: 51.57245945930481

*** Epoch 0, batch 280/3942 ***
Training fitness: 0.9070045153064016
Model size: (41, 33) 
Validation fitness: 0.9052077141010978 
Elapsed: 53.47799301147461

*** Epoch 0, batch 281/3942 ***
Training fitness: 0.9059587404987796
Model size: (41, 32) 
Validation fitness: 0.8966652997381849 
Elapsed: 58.74484181404114

*** Epoch 0, batch 282/3942 ***
Training fitness: 0.9019226036697677
Model size: (36, 39) 
Validation fitness: 0.9034745005695232 
Elapsed: 67.2385311126709

*** Epoch 0, batch 283/3942 ***
Training fitness: 0.9047853684700712
Model size: (34, 38) 
Validation fitness: 0.896849637764414 
Elapsed: 75.85937285423279

*** Epoch 0, batch 284/3942 ***
Training fitness: 0.8847269035918697
Model size: (36, 41) 
Validation fitness: 0.9003743959041531 
Elapsed: 84.06152367591858

*** Epoch 0, batch 285/3942 ***
Training fitness: 0.9073305248811774
Model size: (36, 32) 
Validation fitness: 0.9040548313177593 
Elapsed: 94.72850632667542

*** Epoch 0, batch 286/3942 ***
Training fitness: 0.9168165852659461
Model size: (40, 33) 
Validation fitness: 0.908469591073028 
Elapsed: 103.09277105331421

*** Epoch 0, batch 287/3942 ***
Training fitness: 0.8749731535906711
Model size: (38, 37) 
Validation fitness: 0.8939052864075387 
Elapsed: 115.76982641220093

*** Epoch 0, batch 288/3942 ***
Training fitness: 0.900332292724283
Model size: (37, 42) 
Validation fitness: 0.9023086351724604 
Elapsed: 125.58981394767761

*** Epoch 0, batch 289/3942 ***
Training fitness: 0.9169002426158054
Model size: (42, 38) 
Validation fitness: 0.9085742895170306 
Elapsed: 137.8497176170349

*** Epoch 0, batch 290/3942 ***
Training fitness: 0.9043478765486851
Model size: (39, 32) 
Validation fitness: 0.907259321928491 
Elapsed: 154.03958654403687

*** Epoch 0, batch 291/3942 ***
Training fitness: 0.9208968828352695
Model size: (39, 33) 
Validation fitness: 0.9080351572909153 
Elapsed: 67.27325248718262

*** Epoch 0, batch 292/3942 ***
Training fitness: 0.9120572515259615
Model size: (41, 49) 
Validation fitness: 0.902623761885673 
Elapsed: 74.14461135864258

*** Epoch 0, batch 293/3942 ***
Training fitness: 0.9088675314226843
Model size: (40, 40) 
Validation fitness: 0.906106838871414 
Elapsed: 80.86440300941467

*** Epoch 0, batch 294/3942 ***
Training fitness: 0.9111183531461141
Model size: (43, 36) 
Validation fitness: 0.8964599891603069 
Elapsed: 90.13593411445618

*** Epoch 0, batch 295/3942 ***
Training fitness: 0.9172716660408629
Model size: (39, 39) 
Validation fitness: 0.9074920487844342 
Elapsed: 102.59720587730408

*** Epoch 0, batch 296/3942 ***
Training fitness: 0.9082537947971604
Model size: (46, 46) 
Validation fitness: 0.9014865585233915 
Elapsed: 111.79950332641602

*** Epoch 0, batch 297/3942 ***
Training fitness: 0.8922294158598909
Model size: (42, 39) 
Validation fitness: 0.9034477672803977 
Elapsed: 122.20390248298645

*** Epoch 0, batch 298/3942 ***
Training fitness: 0.8976236815563413
Model size: (42, 38) 
Validation fitness: 0.904938301756119 
Elapsed: 140.83428049087524

*** Epoch 0, batch 299/3942 ***
Training fitness: 0.9048806928152402
Model size: (48, 46) 
Validation fitness: 0.897579815250954 
Elapsed: 151.3251006603241

*** Epoch 0, batch 300/3942 ***
Training fitness: 0.9021414842788646
Model size: (48, 48) 
Validation fitness: 0.899661691784084 
Elapsed: 160.9015998840332

*** Epoch 0, batch 301/3942 ***
Training fitness: 0.8989162509630593
Model size: (40, 43) 
Validation fitness: 0.9052169100115037 
Elapsed: 166.4447386264801

*** Epoch 0, batch 302/3942 ***
Training fitness: 0.8983081702572152
Model size: (41, 43) 
Validation fitness: 0.9018341926755605 
Elapsed: 178.58884572982788

*** Epoch 0, batch 303/3942 ***
Training fitness: 0.9190928197095158
Model size: (46, 45) 
Validation fitness: 0.907215238605429 
Elapsed: 336.7877085208893

*** Epoch 0, batch 304/3942 ***
Training fitness: 0.8974050084835147
Model size: (41, 39) 
Validation fitness: 0.8984546845577167 
Elapsed: 287.17123317718506

*** Epoch 0, batch 305/3942 ***
Training fitness: 0.8904101362089798
Model size: (43, 43) 
Validation fitness: 0.9047148388959062 
Elapsed: 202.3427550792694

*** Epoch 0, batch 306/3942 ***
Training fitness: 0.9208790339044506
Model size: (40, 37) 
Validation fitness: 0.907234923290874 
Elapsed: 207.2118215560913

*** Epoch 0, batch 307/3942 ***
Training fitness: 0.9080507039277727
Model size: (42, 42) 
Validation fitness: 0.9075467952426794 
Elapsed: 56.20494842529297

*** Epoch 0, batch 308/3942 ***
Training fitness: 0.8850790560302254
Model size: (47, 48) 
Validation fitness: 0.893591515459276 
Elapsed: 56.6049108505249

*** Epoch 0, batch 309/3942 ***
Training fitness: 0.9242219027258071
Model size: (44, 47) 
Validation fitness: 0.9007178368653409 
Elapsed: 57.595194578170776

*** Epoch 0, batch 310/3942 ***
Training fitness: 0.9138639963000624
Model size: (44, 46) 
Validation fitness: 0.8977089290231574 
Elapsed: 57.224687814712524

*** Epoch 0, batch 311/3942 ***
Training fitness: 0.8868221107875397
Model size: (40, 30) 
Validation fitness: 0.8960735290380197 
Elapsed: 57.26418423652649

*** Epoch 0, batch 312/3942 ***
Training fitness: 0.8942514173420831
Model size: (39, 38) 
Validation fitness: 0.9087392291120963 
Elapsed: 57.695411682128906

*** Epoch 0, batch 313/3942 ***
Training fitness: 0.9003429008840458
Model size: (38, 34) 
Validation fitness: 0.8993210185278196 
Elapsed: 60.36294198036194

*** Epoch 0, batch 314/3942 ***
Training fitness: 0.8842832469775475
Model size: (51, 44) 
Validation fitness: 0.8967629687201313 
Elapsed: 61.2022647857666

*** Epoch 0, batch 315/3942 ***
Training fitness: 0.8970809184937649
Model size: (48, 49) 
Validation fitness: 0.8976139223233511 
Elapsed: 58.24594068527222

*** Epoch 0, batch 316/3942 ***
Training fitness: 0.8937689015217608
Model size: (48, 44) 
Validation fitness: 0.8890032609668822 
Elapsed: 58.36074995994568

*** Epoch 0, batch 317/3942 ***
Training fitness: 0.8850379396949216
Model size: (52, 52) 
Validation fitness: 0.8840093770888224 
Elapsed: 57.436909437179565

*** Epoch 0, batch 318/3942 ***
Training fitness: 0.8907320453216065
Model size: (46, 41) 
Validation fitness: 0.8879786754997403 
Elapsed: 57.61531329154968

*** Epoch 0, batch 319/3942 ***
Training fitness: 0.9024994051191177
Model size: (40, 37) 
Validation fitness: 0.8968418548859475 
Elapsed: 56.91761374473572

*** Epoch 0, batch 320/3942 ***
Training fitness: 0.8843638221920664
Model size: (50, 46) 
Validation fitness: 0.8767978735041303 
Elapsed: 57.56659746170044

*** Epoch 0, batch 321/3942 ***
Training fitness: 0.8939534588168951
Model size: (22, 19) 
Validation fitness: 0.8888098141066049 
Elapsed: 57.809606075286865

*** Epoch 0, batch 322/3942 ***
Training fitness: 0.9015038593568961
Model size: (49, 42) 
Validation fitness: 0.901728790171373 
Elapsed: 55.085686445236206

*** Epoch 0, batch 323/3942 ***
Training fitness: 0.8637991550644899
Model size: (48, 42) 
Validation fitness: 0.8694915023583326 
Elapsed: 54.637370586395264

*** Epoch 0, batch 324/3942 ***
Training fitness: 0.9010412947296798
Model size: (47, 46) 
Validation fitness: 0.8957346403646617 
Elapsed: 54.071106910705566

*** Epoch 0, batch 325/3942 ***
Training fitness: 0.900115436144777
Model size: (39, 34) 
Validation fitness: 0.8953934085558292 
Elapsed: 3.845383405685425

*** Epoch 0, batch 326/3942 ***
Training fitness: 0.8835097544633755
Model size: (38, 33) 
Validation fitness: 0.8911832953489738 
Elapsed: 3.9036507606506348

*** Epoch 0, batch 327/3942 ***
Training fitness: 0.8998801204402368
Model size: (39, 35) 
Validation fitness: 0.8963679882993144 
Elapsed: 3.8549487590789795

*** Epoch 0, batch 328/3942 ***
Training fitness: 0.8964636648735154
Model size: (49, 48) 
Validation fitness: 0.9046400965926455 
Elapsed: 3.323300361633301

*** Epoch 0, batch 329/3942 ***
Training fitness: 0.8983387908987767
Model size: (49, 45) 
Validation fitness: 0.9035423042396408 
Elapsed: 3.2847557067871094

*** Epoch 0, batch 330/3942 ***
Training fitness: 0.8857940147697301
Model size: (39, 34) 
Validation fitness: 0.894279044358908 
Elapsed: 4.136776924133301

*** Epoch 0, batch 331/3942 ***
Training fitness: 0.9000751850890952
Model size: (44, 40) 
Validation fitness: 0.8980254693706256 
Elapsed: 5.096197128295898

*** Epoch 0, batch 332/3942 ***
Training fitness: 0.8974881378231253
Model size: (39, 36) 
Validation fitness: 0.8878153626192538 
Elapsed: 3.6493871212005615

*** Epoch 0, batch 333/3942 ***
Training fitness: 0.8715125168908532
Model size: (39, 34) 
Validation fitness: 0.8764985351146597 
Elapsed: 4.063387632369995

*** Epoch 0, batch 334/3942 ***
Training fitness: 0.8930654985092181
Model size: (38, 33) 
Validation fitness: 0.8859963969107092 
Elapsed: 4.032958030700684

*** Epoch 0, batch 335/3942 ***
Training fitness: 0.8921644198943027
Model size: (41, 32) 
Validation fitness: 0.8881916480384723 
Elapsed: 3.726292371749878

*** Epoch 0, batch 336/3942 ***
Training fitness: 0.8917838209167438
Model size: (41, 40) 
Validation fitness: 0.8795167659906878 
Elapsed: 3.45661997795105

*** Epoch 0, batch 337/3942 ***
Training fitness: 0.8762483519333544
Model size: (41, 37) 
Validation fitness: 0.8830552362039709 
Elapsed: 3.4216103553771973

*** Epoch 0, batch 338/3942 ***
Training fitness: 0.9050422947173133
Model size: (39, 38) 
Validation fitness: 0.8962177999104144 
Elapsed: 5.566512107849121

*** Epoch 0, batch 339/3942 ***
Training fitness: 0.8811038671756017
Model size: (40, 32) 
Validation fitness: 0.8940182937534193 
Elapsed: 4.265346527099609

*** Epoch 0, batch 340/3942 ***
Training fitness: 0.9015949166255484
Model size: (42, 41) 
Validation fitness: 0.8970417126390423 
Elapsed: 4.735576868057251

*** Epoch 0, batch 341/3942 ***
Training fitness: 0.8848496191723446
Model size: (43, 44) 
Validation fitness: 0.8911878724478083 
Elapsed: 4.481090068817139

*** Epoch 0, batch 342/3942 ***
Training fitness: 0.9098037638157205
Model size: (40, 33) 
Validation fitness: 0.9050572748649691 
Elapsed: 4.782557010650635

*** Epoch 0, batch 343/3942 ***
Training fitness: 0.8796389280449
Model size: (40, 32) 
Validation fitness: 0.8860809104219597 
Elapsed: 5.0204761028289795

*** Epoch 0, batch 344/3942 ***
Training fitness: 0.870816405837624
Model size: (40, 38) 
Validation fitness: 0.8737085249570422 
Elapsed: 5.712913990020752

*** Epoch 0, batch 345/3942 ***
Training fitness: 0.9004497376698637
Model size: (44, 44) 
Validation fitness: 0.8971802438705496 
Elapsed: 4.859214782714844

*** Epoch 0, batch 346/3942 ***
Training fitness: 0.8762322001342778
Model size: (40, 30) 
Validation fitness: 0.8766716657106878 
Elapsed: 5.720389366149902

*** Epoch 0, batch 347/3942 ***
Training fitness: 0.8974197038819142
Model size: (43, 51) 
Validation fitness: 0.888817378616718 
Elapsed: 5.813190937042236

*** Epoch 0, batch 348/3942 ***
Training fitness: 0.9036410417951143
Model size: (48, 53) 
Validation fitness: 0.8891841698009588 
Elapsed: 4.883282899856567

*** Epoch 0, batch 349/3942 ***
Training fitness: 0.8902616402318239
Model size: (38, 36) 
Validation fitness: 0.8693298216217134 
Elapsed: 4.6394219398498535

*** Epoch 0, batch 350/3942 ***
Training fitness: 0.8403371761496053
Model size: (46, 45) 
Validation fitness: 0.8563294352722843 
Elapsed: 5.9099602699279785

*** Epoch 0, batch 351/3942 ***
Training fitness: 0.873720134265713
Model size: (37, 27) 
Validation fitness: 0.88593182519576 
Elapsed: 6.420393705368042

*** Epoch 0, batch 352/3942 ***
Training fitness: 0.8910349002011471
Model size: (39, 33) 
Validation fitness: 0.8894035864617545 
Elapsed: 5.20992112159729

*** Epoch 0, batch 353/3942 ***
Training fitness: 0.8644514148610766
Model size: (49, 54) 
Validation fitness: 0.8686088200196452 
Elapsed: 5.368712902069092

*** Epoch 0, batch 354/3942 ***
Training fitness: 0.8769175428078961
Model size: (39, 32) 
Validation fitness: 0.886281048581283 
Elapsed: 5.50836968421936

*** Epoch 0, batch 355/3942 ***
Training fitness: 0.8815617543397598
Model size: (47, 37) 
Validation fitness: 0.8670595978666145 
Elapsed: 6.431376934051514

*** Epoch 0, batch 356/3942 ***
Training fitness: 0.8746510479165325
Model size: (48, 39) 
Validation fitness: 0.8855421240229563 
Elapsed: 6.530503034591675

*** Epoch 0, batch 357/3942 ***
Training fitness: 0.8949406446065036
Model size: (42, 40) 
Validation fitness: 0.8816539573986671 
Elapsed: 8.67500925064087

*** Epoch 0, batch 358/3942 ***
Training fitness: 0.9035809595389648
Model size: (41, 37) 
Validation fitness: 0.8936710136211188 
Elapsed: 9.175902366638184

*** Epoch 0, batch 359/3942 ***
Training fitness: 0.8767093071159894
Model size: (45, 41) 
Validation fitness: 0.8879695382219318 
Elapsed: 8.1070556640625

*** Epoch 0, batch 360/3942 ***
Training fitness: 0.9099430518392926
Model size: (46, 44) 
Validation fitness: 0.9013536434073015 
Elapsed: 9.632788181304932

*** Epoch 0, batch 361/3942 ***
Training fitness: 0.8842945079339227
Model size: (46, 42) 
Validation fitness: 0.8861219558167195 
Elapsed: 10.278101444244385

*** Epoch 0, batch 362/3942 ***
Training fitness: 0.8865430381146945
Model size: (47, 43) 
Validation fitness: 0.8894210188146962 
Elapsed: 10.986877679824829

*** Epoch 0, batch 363/3942 ***
Training fitness: 0.8831233852109448
Model size: (47, 39) 
Validation fitness: 0.8792871661133509 
Elapsed: 10.730465173721313

*** Epoch 0, batch 364/3942 ***
Training fitness: 0.8971250841626167
Model size: (46, 39) 
Validation fitness: 0.8940544493542352 
Elapsed: 12.449182510375977

*** Epoch 0, batch 365/3942 ***
Training fitness: 0.9007491691755422
Model size: (47, 41) 
Validation fitness: 0.8974183742783998 
Elapsed: 8.905826091766357

*** Epoch 0, batch 366/3942 ***
Training fitness: 0.9057878583525091
Model size: (45, 41) 
Validation fitness: 0.9036208718932068 
Elapsed: 9.53771448135376

*** Epoch 0, batch 367/3942 ***
Training fitness: 0.8936091861547029
Model size: (50, 50) 
Validation fitness: 0.8895387469910749 
Elapsed: 10.567529678344727

*** Epoch 0, batch 368/3942 ***
Training fitness: 0.8723394473877334
Model size: (53, 49) 
Validation fitness: 0.8771881333794117 
Elapsed: 9.03757381439209

*** Epoch 0, batch 369/3942 ***
Training fitness: 0.9033368434868442
Model size: (44, 37) 
Validation fitness: 0.8953015710208263 
Elapsed: 11.479635000228882

*** Epoch 0, batch 370/3942 ***
Training fitness: 0.891521257625836
Model size: (45, 42) 
Validation fitness: 0.8818224013425257 
Elapsed: 12.000367164611816

*** Epoch 0, batch 371/3942 ***
Training fitness: 0.8671002260480034
Model size: (55, 49) 
Validation fitness: 0.8801908779394279 
Elapsed: 11.912762880325317

*** Epoch 0, batch 372/3942 ***
Training fitness: 0.8934514061402912
Model size: (47, 43) 
Validation fitness: 0.882176533249356 
Elapsed: 13.2791428565979

*** Epoch 0, batch 373/3942 ***
Training fitness: 0.8687536257747246
Model size: (42, 36) 
Validation fitness: 0.8846713142910241 
Elapsed: 11.237634420394897

*** Epoch 0, batch 374/3942 ***
Training fitness: 0.8693895424366828
Model size: (45, 40) 
Validation fitness: 0.8571428882376674 
Elapsed: 13.870519161224365

*** Epoch 0, batch 375/3942 ***
Training fitness: 0.8779717284931006
Model size: (59, 57) 
Validation fitness: 0.8801305477246403 
Elapsed: 13.150483846664429

*** Epoch 0, batch 376/3942 ***
Training fitness: 0.8931915531313227
Model size: (57, 53) 
Validation fitness: 0.8761368818310526 
Elapsed: 15.324689388275146

*** Epoch 0, batch 377/3942 ***
Training fitness: 0.8963159687790287
Model size: (44, 38) 
Validation fitness: 0.8814753339578706 
Elapsed: 15.911803007125854

*** Epoch 0, batch 378/3942 ***
Training fitness: 0.9028946686850189
Model size: (46, 40) 
Validation fitness: 0.8890091074987132 
Elapsed: 16.873738288879395

*** Epoch 0, batch 379/3942 ***
Training fitness: 0.8645584548100764
Model size: (46, 39) 
Validation fitness: 0.8892295355355447 
Elapsed: 18.9187433719635

*** Epoch 0, batch 380/3942 ***
Training fitness: 0.8684834826262133
Model size: (56, 63) 
Validation fitness: 0.8721561115694669 
Elapsed: 22.075270414352417

*** Epoch 0, batch 381/3942 ***
Training fitness: 0.8910799594731502
Model size: (40, 35) 
Validation fitness: 0.8878997906004175 
Elapsed: 22.085047960281372

*** Epoch 0, batch 382/3942 ***
Training fitness: 0.8842832469775475
Model size: (46, 44) 
Validation fitness: 0.8862471592224109 
Elapsed: 26.035797834396362

*** Epoch 0, batch 383/3942 ***
Training fitness: 0.8838014062790429
Model size: (46, 39) 
Validation fitness: 0.8886920001913172 
Elapsed: 28.68636918067932

*** Epoch 0, batch 384/3942 ***
Training fitness: 0.8796502141041608
Model size: (48, 46) 
Validation fitness: 0.8743586408278963 
Elapsed: 30.740351915359497

*** Epoch 0, batch 385/3942 ***
Training fitness: 0.8887638767960407
Model size: (46, 40) 
Validation fitness: 0.8832831202265282 
Elapsed: 34.056090116500854

*** Epoch 0, batch 386/3942 ***
Training fitness: 0.8876233585871417
Model size: (46, 40) 
Validation fitness: 0.8720855537204371 
Elapsed: 36.838037967681885

*** Epoch 0, batch 387/3942 ***
Training fitness: 0.8974785525743962
Model size: (47, 37) 
Validation fitness: 0.8882115380615009 
Elapsed: 40.844969272613525

*** Epoch 0, batch 388/3942 ***
Training fitness: 0.8923825525534632
Model size: (49, 41) 
Validation fitness: 0.8892350512928596 
Elapsed: 44.74725317955017

*** Epoch 0, batch 389/3942 ***
Training fitness: 0.8978766681720972
Model size: (48, 49) 
Validation fitness: 0.8871375281296604 
Elapsed: 52.015135049819946

*** Epoch 0, batch 390/3942 ***
Training fitness: 0.8810965813524254
Model size: (55, 62) 
Validation fitness: 0.8812412774289744 
Elapsed: 58.10871982574463

*** Epoch 0, batch 391/3942 ***
Training fitness: 0.8976922065035432
Model size: (47, 39) 
Validation fitness: 0.8979114305535093 
Elapsed: 60.50927495956421

*** Epoch 0, batch 392/3942 ***
Training fitness: 0.9005088893658467
Model size: (50, 40) 
Validation fitness: 0.8946816196677126 
Elapsed: 30.671382904052734

*** Epoch 0, batch 393/3942 ***
Training fitness: 0.8917990809804134
Model size: (56, 51) 
Validation fitness: 0.8992659720908411 
Elapsed: 30.228392124176025

*** Epoch 0, batch 394/3942 ***
Training fitness: 0.8994948153467942
Model size: (56, 51) 
Validation fitness: 0.898484064152993 
Elapsed: 34.50966215133667

*** Epoch 0, batch 395/3942 ***
Training fitness: 0.9045684239060832
Model size: (56, 51) 
Validation fitness: 0.9004661095559426 
Elapsed: 38.64735984802246

*** Epoch 0, batch 396/3942 ***
Training fitness: 0.9017868357971273
Model size: (56, 51) 
Validation fitness: 0.9006041516299738 
Elapsed: 43.172109603881836

*** Epoch 0, batch 397/3942 ***
Training fitness: 0.8982104669212462
Model size: (62, 53) 
Validation fitness: 0.8888059400301173 
Elapsed: 47.895015239715576

*** Epoch 0, batch 398/3942 ***
Training fitness: 0.9009299425562498
Model size: (56, 47) 
Validation fitness: 0.8986741817622473 
Elapsed: 54.67416596412659

*** Epoch 0, batch 399/3942 ***
Training fitness: 0.8829763306313407
Model size: (56, 52) 
Validation fitness: 0.8977052990326148 
Elapsed: 61.171956062316895

*** Epoch 0, batch 400/3942 ***
Training fitness: 0.8987157085419313
Model size: (53, 40) 
Validation fitness: 0.896227041277411 
Elapsed: 67.82037210464478

*** Epoch 0, batch 401/3942 ***
Training fitness: 0.8918603679991218
Model size: (54, 43) 
Validation fitness: 0.8948982447828616 
Elapsed: 78.52524065971375

*** Epoch 0, batch 402/3942 ***
Training fitness: 0.9033897900879874
Model size: (56, 56) 
Validation fitness: 0.8918778238781953 
Elapsed: 52.05526113510132

*** Epoch 0, batch 403/3942 ***
Training fitness: 0.8968871987867758
Model size: (56, 56) 
Validation fitness: 0.8966116947308245 
Elapsed: 58.45673727989197

*** Epoch 0, batch 404/3942 ***
Training fitness: 0.8947024818166541
Model size: (59, 54) 
Validation fitness: 0.9029753737868365 
Elapsed: 66.42990446090698

*** Epoch 0, batch 405/3942 ***
Training fitness: 0.9129162717113058
Model size: (57, 47) 
Validation fitness: 0.8940477884866987 
Elapsed: 68.421701669693

*** Epoch 0, batch 406/3942 ***
Training fitness: 0.9230649165662907
Model size: (58, 63) 
Validation fitness: 0.8947544948124035 
Elapsed: 78.31760454177856

*** Epoch 0, batch 407/3942 ***
Training fitness: 0.8942430095432743
Model size: (52, 49) 
Validation fitness: 0.9004521447783099 
Elapsed: 84.92405366897583

*** Epoch 0, batch 408/3942 ***
Training fitness: 0.9074209084016055
Model size: (57, 58) 
Validation fitness: 0.897759467597584 
Elapsed: 93.5031669139862

*** Epoch 0, batch 409/3942 ***
Training fitness: 0.9041516557893314
Model size: (52, 52) 
Validation fitness: 0.9049901621180232 
Elapsed: 102.04585337638855

*** Epoch 0, batch 410/3942 ***
Training fitness: 0.88559049499244
Model size: (59, 60) 
Validation fitness: 0.8832955967572418 
Elapsed: 114.9281644821167

*** Epoch 0, batch 411/3942 ***
Training fitness: 0.9103484873450857
Model size: (55, 53) 
Validation fitness: 0.899422735417912 
Elapsed: 128.9833264350891

*** Epoch 0, batch 412/3942 ***
Training fitness: 0.8855643613049954
Model size: (55, 44) 
Validation fitness: 0.893022286536555 
Elapsed: 139.93914985656738

*** Epoch 0, batch 413/3942 ***
Training fitness: 0.8879955109595858
Model size: (55, 45) 
Validation fitness: 0.9071216656470349 
Elapsed: 154.76007771492004

*** Epoch 0, batch 414/3942 ***
Training fitness: 0.8970785331612539
Model size: (58, 52) 
Validation fitness: 0.893496504182162 
Elapsed: 172.20079827308655

*** Epoch 0, batch 415/3942 ***
Training fitness: 0.9052508354433496
Model size: (51, 48) 
Validation fitness: 0.8998871277909622 
Elapsed: 188.8384461402893

*** Epoch 0, batch 416/3942 ***
Training fitness: 0.8863272584713046
Model size: (54, 56) 
Validation fitness: 0.8985310096538669 
Elapsed: 208.52494978904724

*** Epoch 0, batch 417/3942 ***
Training fitness: 0.9085115333996228
Model size: (52, 57) 
Validation fitness: 0.89949209814141 
Elapsed: 221.98370599746704

*** Epoch 0, batch 418/3942 ***
Training fitness: 0.904720878579825
Model size: (53, 57) 
Validation fitness: 0.9002490293444059 
Elapsed: 243.55467867851257

*** Epoch 0, batch 419/3942 ***
Training fitness: 0.9019168774091382
Model size: (53, 55) 
Validation fitness: 0.898808418436189 
Elapsed: 269.3981282711029

*** Epoch 0, batch 420/3942 ***
Training fitness: 0.8917223438481454
Model size: (54, 58) 
Validation fitness: 0.8998245009807955 
Elapsed: 300.26730585098267

*** Epoch 0, batch 421/3942 ***
Training fitness: 0.883336709037229
Model size: (63, 65) 
Validation fitness: 0.8888964536979211 
Elapsed: 335.04224395751953

*** Epoch 0, batch 422/3942 ***
Training fitness: 0.8855383656832573
Model size: (52, 39) 
Validation fitness: 0.901496426801449 
Elapsed: 129.28742337226868

*** Epoch 0, batch 423/3942 ***
Training fitness: 0.8884333602337169
Model size: (47, 50) 
Validation fitness: 0.8871876716065721 
Elapsed: 142.4361183643341

*** Epoch 0, batch 424/3942 ***
Training fitness: 0.8936998457985454
Model size: (52, 46) 
Validation fitness: 0.8881770255213058 
Elapsed: 161.35491752624512

*** Epoch 0, batch 425/3942 ***
Training fitness: 0.8917527211452705
Model size: (58, 57) 
Validation fitness: 0.9001628927232721 
Elapsed: 184.32875633239746

*** Epoch 0, batch 426/3942 ***
Training fitness: 0.8951951532102241
Model size: (52, 46) 
Validation fitness: 0.8893196156095631 
Elapsed: 208.82602787017822

*** Epoch 0, batch 427/3942 ***
Training fitness: 0.8837129675962092
Model size: (57, 52) 
Validation fitness: 0.9022163587326212 
Elapsed: 160.82397770881653

*** Epoch 0, batch 428/3942 ***
Training fitness: 0.9133749335144828
Model size: (58, 56) 
Validation fitness: 0.9045077531763897 
Elapsed: 179.83860993385315

*** Epoch 0, batch 429/3942 ***
Training fitness: 0.9134831042979157
Model size: (57, 54) 
Validation fitness: 0.89673221290359 
Elapsed: 211.41457223892212

*** Epoch 0, batch 430/3942 ***
Training fitness: 0.9138996052443775
Model size: (58, 58) 
Validation fitness: 0.9086847863740685 
Elapsed: 236.5577211380005

*** Epoch 0, batch 431/3942 ***
Training fitness: 0.9147122919325837
Model size: (53, 49) 
Validation fitness: 0.9037981090452494 
Elapsed: 262.8952794075012

*** Epoch 0, batch 432/3942 ***
Training fitness: 0.9065737652500342
Model size: (55, 52) 
Validation fitness: 0.8970003644612046 
Elapsed: 298.7980577945709

*** Epoch 0, batch 433/3942 ***
Training fitness: 0.9100055824370757
Model size: (57, 44) 
Validation fitness: 0.9058689830462276 
Elapsed: 345.9488501548767

*** Epoch 0, batch 434/3942 ***
Training fitness: 0.9172578883554517
Model size: (59, 50) 
Validation fitness: 0.9024030266593884 
Elapsed: 401.67640233039856

*** Epoch 0, batch 435/3942 ***
Training fitness: 0.8982236772785124
Model size: (60, 53) 
Validation fitness: 0.9050160552427764 
Elapsed: 453.2307639122009

*** Epoch 0, batch 436/3942 ***
Training fitness: 0.8985063509456206
Model size: (60, 50) 
Validation fitness: 0.9080175932491525 
Elapsed: 525.193678855896

*** Epoch 0, batch 437/3942 ***
Training fitness: 0.9050042252606734
Model size: (59, 54) 
Validation fitness: 0.9072317778970423 
Elapsed: 595.9960279464722

*** Epoch 0, batch 438/3942 ***
Training fitness: 0.9115176144691526
Model size: (59, 52) 
Validation fitness: 0.9038624052553581 
Elapsed: 1191.7933807373047

*** Epoch 0, batch 439/3942 ***
Training fitness: 0.8957793923466739
Model size: (57, 41) 
Validation fitness: 0.8977290589912381 
Elapsed: 1372.0538160800934

*** Epoch 0, batch 440/3942 ***
Training fitness: 0.9100959450420103
Model size: (61, 50) 
Validation fitness: 0.9079749658690855 
Elapsed: 875.8772127628326

*** Epoch 0, batch 441/3942 ***
Training fitness: 0.922302186113625
Model size: (52, 47) 
Validation fitness: 0.8962616893832462 
Elapsed: 988.938220500946

*** Epoch 0, batch 442/3942 ***
Training fitness: 0.8945358213838496
Model size: (49, 47) 
Validation fitness: 0.8994314290980824 
Elapsed: 1116.3403761386871

*** Epoch 0, batch 443/3942 ***
Training fitness: 0.9123340764516081
Model size: (61, 49) 
Validation fitness: 0.9025036534388037 
Elapsed: 1275.0575640201569

*** Epoch 0, batch 444/3942 ***
Training fitness: 0.9011100301578912
Model size: (57, 53) 
Validation fitness: 0.9055924398152052 
Elapsed: 1798.5183157920837

*** Epoch 0, batch 445/3942 ***
Training fitness: 0.8936147382086915
Model size: (49, 46) 
Validation fitness: 0.9018356452339973 
Elapsed: 1145.2712259292603

*** Epoch 0, batch 446/3942 ***
Training fitness: 0.9071908379715508
Model size: (60, 60) 
Validation fitness: 0.8972969381399244 
Elapsed: 1285.423113822937

*** Epoch 0, batch 447/3942 ***
Training fitness: 0.9247839397349676
Model size: (61, 55) 
Validation fitness: 0.9061276696297671 
Elapsed: 1464.058836221695

*** Epoch 0, batch 448/3942 ***
Training fitness: 0.9013848724733146
Model size: (56, 50) 
Validation fitness: 0.9065242828561372 
Elapsed: 1622.9638676643372

*** Epoch 0, batch 449/3942 ***
Training fitness: 0.9008234866219698
Model size: (62, 60) 
Validation fitness: 0.9009359325722136 
Elapsed: 1834.8352761268616

*** Epoch 0, batch 450/3942 ***
Training fitness: 0.9042560715588942
Model size: (62, 58) 
Validation fitness: 0.898596089980403 
Elapsed: 2076.8902249336243

*** Epoch 0, batch 451/3942 ***
Training fitness: 0.9127785165384316
Model size: (57, 54) 
Validation fitness: 0.901463225962869 
Elapsed: 2292.419013261795

*** Epoch 0, batch 452/3942 ***
Training fitness: 0.9133161703616384
Model size: (55, 50) 
Validation fitness: 0.9024685993511985 
Elapsed: 2577.071111679077

*** Epoch 0, batch 453/3942 ***
Training fitness: 0.8909103480105988
Model size: (65, 60) 
Validation fitness: 0.903695187041539 
Elapsed: 2567.1298768520355

*** Epoch 0, batch 454/3942 ***
Training fitness: 0.918051258221038
Model size: (66, 57) 
Validation fitness: 0.896754831518544 
Elapsed: 3138.8738543987274

*** Epoch 0, batch 455/3942 ***
Training fitness: 0.9143712073871041
Model size: (60, 59) 
Validation fitness: 0.9045111026216383 
Elapsed: 2121.452274084091

*** Epoch 0, batch 456/3942 ***
Training fitness: 0.8913183476907965
Model size: (54, 42) 
Validation fitness: 0.8994705075349294 
Elapsed: 2383.888569355011

*** Epoch 0, batch 457/3942 ***
Training fitness: 0.9081930508906341
Model size: (55, 44) 
Validation fitness: 0.9042609417653567 
Elapsed: 2661.495705604553

*** Epoch 0, batch 458/3942 ***
Training fitness: 0.904339523344553
Model size: (60, 58) 
Validation fitness: 0.903434654417731 
Elapsed: 3018.3669726848602

*** Epoch 0, batch 459/3942 ***
Training fitness: 0.915168471622409
Model size: (60, 59) 
Validation fitness: 0.903867721507203 
Elapsed: 3286.0744557380676

*** Epoch 0, batch 460/3942 ***
Training fitness: 0.9058203930330492
Model size: (59, 52) 
Validation fitness: 0.9053227080983558 
Elapsed: 3671.314331293106

*** Epoch 0, batch 461/3942 ***
Training fitness: 0.9189119221713945
Model size: (61, 58) (!)
Validation fitness: 0.9088802221464916 (!)
Elapsed: 4110.720105648041

*** Epoch 0, batch 462/3942 ***
Training fitness: 0.9139195104993523
Model size: (58, 53) 
Validation fitness: 0.9073656382737362 
Elapsed: 4553.183940649033

*** Epoch 0, batch 463/3942 ***
Training fitness: 0.9127001401925253
Model size: (65, 70) 
Validation fitness: 0.9048882833285746 
Elapsed: 1648.130653142929

