Configuration:
Dataset: unsw2015
Selector: pca
Fold: 3
Batch size: 1
Epochs: 10
[0. 0. 0. ... 0. 0. 0.]
[0. 0. 0. ... 0. 0. 0.]
Epoch 1/10
 - 2123s - loss: 0.0299
 - val_mcc: 0.842277
Epoch 2/10
 - 2132s - loss: 0.0276
 - val_mcc: 0.855117
Epoch 3/10
 - 2099s - loss: 0.0274
 - val_mcc: 0.854439
Epoch 4/10
 - 2112s - loss: 0.0275
 - val_mcc: 0.858588
Epoch 5/10
 - 2110s - loss: 0.0282
 - val_mcc: 0.859758
Epoch 6/10
 - 2113s - loss: 0.0277
 - val_mcc: 0.873433
Epoch 7/10
 - 2052s - loss: 0.0279
 - val_mcc: 0.852117
Epoch 8/10
 - 2029s - loss: 0.0274
 - val_mcc: 0.842745
Epoch 9/10
 - 1938s - loss: 0.0278
 - val_mcc: 0.864812
Epoch 10/10
 - 1953s - loss: 0.0273
 - val_mcc: 0.868520
Total train time: 20720.70861697197
Test time: 5.516869306564331
Test statistics: Stats(total=205942, total_true=9972, total_false=195970, true_positive=9212, true_negative=194104, false_positive=1866, false_negative=760, tpr=0.9237866024869635, tnr=0.9904781344083278, ppv=0.8315580429680448, npv=0.9960998439937597, accuracy=0.9872488370512086, f1=0.875249406175772, mcc=0.8698841418616889)
