Configuration:
Dataset: nsl_kdd
Selector: pca
Fold: 4
Fitness: zero_sum
Batch size: 256
Epochs: 1
Config args: {}
*** Epoch 1, batch 1/520 ***
Training fitness: 0.887218963831867
Model size: (1, 12)
Validation fitness: 0.8636297261463906 !!!
Elapsed: 1.9537899494171143

*** Epoch 1, batch 2/520 ***
Training fitness: 0.9108058608058609
Model size: (1, 10)
Validation fitness: 0.8997368079367256 !!!
Elapsed: 2.032376766204834

*** Epoch 1, batch 3/520 ***
Training fitness: 0.9366573470021747
Model size: (3, 14)
Validation fitness: 0.9001768756000548 !!!
Elapsed: 2.175304412841797

*** Epoch 1, batch 4/520 ***
Training fitness: 0.8814484126984127
Model size: (3, 14)
Validation fitness: 0.8938925067434738 
Elapsed: 2.227867603302002

*** Epoch 1, batch 5/520 ***
Training fitness: 0.9120703437250199
Model size: (3, 12)
Validation fitness: 0.9021235861564486 !!!
Elapsed: 2.283409357070923

*** Epoch 1, batch 6/520 ***
Training fitness: 0.945648854961832
Model size: (3, 14)
Validation fitness: 0.9057571709413432 !!!
Elapsed: 2.2605419158935547

*** Epoch 1, batch 7/520 ***
Training fitness: 0.9154024957181306
Model size: (1, 8)
Validation fitness: 0.9020913180633657 
Elapsed: 2.0968103408813477

*** Epoch 1, batch 8/520 ***
Training fitness: 0.933264007829704
Model size: (1, 5)
Validation fitness: 0.9000340511132446 
Elapsed: 2.031456708908081

*** Epoch 1, batch 9/520 ***
Training fitness: 0.9301913319885079
Model size: (1, 7)
Validation fitness: 0.9139996525396608 !!!
Elapsed: 2.065530300140381

*** Epoch 1, batch 10/520 ***
Training fitness: 0.9096468669635577
Model size: (3, 14)
Validation fitness: 0.9131743702281351 
Elapsed: 2.2730729579925537

*** Epoch 1, batch 11/520 ***
Training fitness: 0.9265873015873017
Model size: (3, 13)
Validation fitness: 0.914928724911992 !!!
Elapsed: 2.2458088397979736

*** Epoch 1, batch 12/520 ***
Training fitness: 0.9066002490660026
Model size: (2, 9)
Validation fitness: 0.9093100534906048 
Elapsed: 2.198990821838379

*** Epoch 1, batch 13/520 ***
Training fitness: 0.9394551576369758
Model size: (1, 9)
Validation fitness: 0.9090397842088419 
Elapsed: 2.1996402740478516

*** Epoch 1, batch 14/520 ***
Training fitness: 0.9229282954057535
Model size: (1, 9)
Validation fitness: 0.9130752160197504 
Elapsed: 2.182408571243286

*** Epoch 1, batch 15/520 ***
Training fitness: 0.9338449161458011
Model size: (2, 8)
Validation fitness: 0.9176644081744616 !!!
Elapsed: 2.232757091522217

*** Epoch 1, batch 16/520 ***
Training fitness: 0.9210526315789473
Model size: (1, 8)
Validation fitness: 0.9141978969505783 
Elapsed: 2.276132106781006

*** Epoch 1, batch 17/520 ***
Training fitness: 0.936563497912061
Model size: (2, 12)
Validation fitness: 0.913764001280117 
Elapsed: 2.217135190963745

*** Epoch 1, batch 18/520 ***
Training fitness: 0.9337606837606838
Model size: (1, 7)
Validation fitness: 0.9190047272893521 !!!
Elapsed: 2.154494285583496

*** Epoch 1, batch 19/520 ***
Training fitness: 0.9186274509803922
Model size: (1, 7)
Validation fitness: 0.9190047272893521 
Elapsed: 2.1007890701293945

*** Epoch 1, batch 20/520 ***
Training fitness: 0.9268886833179154
Model size: (5, 16)
Validation fitness: 0.9241210167786769 !!!
Elapsed: 2.3282041549682617

*** Epoch 1, batch 21/520 ***
Training fitness: 0.9495513642190075
Model size: (5, 16)
Validation fitness: 0.9241210167786769 
Elapsed: 2.367710828781128

*** Epoch 1, batch 22/520 ***
Training fitness: 0.956019084903352
Model size: (4, 10)
Validation fitness: 0.905444639509898 
Elapsed: 2.2553534507751465

*** Epoch 1, batch 23/520 ***
Training fitness: 0.930059523809524
Model size: (4, 15)
Validation fitness: 0.9140291318063366 
Elapsed: 2.3770437240600586

*** Epoch 1, batch 24/520 ***
Training fitness: 0.9433950730484748
Model size: (2, 7)
Validation fitness: 0.9144447949526815 
Elapsed: 2.295811891555786

*** Epoch 1, batch 25/520 ***
Training fitness: 0.9454312396996887
Model size: (3, 10)
Validation fitness: 0.9089705481644036 
Elapsed: 2.3910930156707764

*** Epoch 1, batch 26/520 ***
Training fitness: 0.9351805728518057
Model size: (5, 16)
Validation fitness: 0.9241210167786769 
Elapsed: 2.5004422664642334

*** Epoch 1, batch 27/520 ***
Training fitness: 0.9311082584510055
Model size: (4, 11)
Validation fitness: 0.9118781602889408 
Elapsed: 2.4059784412384033

*** Epoch 1, batch 28/520 ***
Training fitness: 0.9192611811218186
Model size: (4, 9)
Validation fitness: 0.9173917249577104 
Elapsed: 2.403534173965454

*** Epoch 1, batch 29/520 ***
Training fitness: 0.9431372549019607
Model size: (4, 9)
Validation fitness: 0.914406574315366 
Elapsed: 2.3885791301727295

*** Epoch 1, batch 30/520 ***
Training fitness: 0.9649331624244644
Model size: (2, 6)
Validation fitness: 0.9273321080784529 !!!
Elapsed: 2.294729471206665

*** Epoch 1, batch 31/520 ***
Training fitness: 0.9259803921568628
Model size: (5, 16)
Validation fitness: 0.9241210167786769 
Elapsed: 2.537740707397461

*** Epoch 1, batch 32/520 ***
Training fitness: 0.9474601136988814
Model size: (5, 16)
Validation fitness: 0.9241210167786769 
Elapsed: 2.5471363067626953

*** Epoch 1, batch 33/520 ***
Training fitness: 0.9280268093217734
Model size: (4, 8)
Validation fitness: 0.9203465185388379 
Elapsed: 2.4739036560058594

*** Epoch 1, batch 34/520 ***
Training fitness: 0.9426470588235293
Model size: (5, 16)
Validation fitness: 0.9241210167786769 
Elapsed: 2.5397889614105225

*** Epoch 1, batch 35/520 ***
Training fitness: 0.9375
Model size: (3, 10)
Validation fitness: 0.9173578292872491 
Elapsed: 2.4717676639556885

*** Epoch 1, batch 36/520 ***
Training fitness: 0.9582211891362858
Model size: (2, 6)
Validation fitness: 0.9296482421249943 !!!
Elapsed: 2.291059732437134

*** Epoch 1, batch 37/520 ***
Training fitness: 0.9253731343283582
Model size: (5, 16)
Validation fitness: 0.9241210167786769 
Elapsed: 2.4298672676086426

*** Epoch 1, batch 38/520 ***
Training fitness: 0.9366283337411304
Model size: (5, 17)
Validation fitness: 0.9254735244365199 
Elapsed: 2.485244035720825

*** Epoch 1, batch 39/520 ***
Training fitness: 0.9443119995109726
Model size: (3, 6)
Validation fitness: 0.9027044758377908 
Elapsed: 2.393777370452881

*** Epoch 1, batch 40/520 ***
Training fitness: 0.9407380254154447
Model size: (4, 10)
Validation fitness: 0.9148983678507749 
Elapsed: 2.4483118057250977

*** Epoch 1, batch 41/520 ***
Training fitness: 0.9222222222222223
Model size: (7, 15)
Validation fitness: 0.9203985552964843 
Elapsed: 2.606260061264038

*** Epoch 1, batch 42/520 ***
Training fitness: 0.9305648854961832
Model size: (5, 17)
Validation fitness: 0.9254735244365199 
Elapsed: 2.552851438522339

*** Epoch 1, batch 43/520 ***
Training fitness: 0.9318837023860639
Model size: (3, 9)
Validation fitness: 0.9146113381794907 
Elapsed: 2.443915843963623

*** Epoch 1, batch 44/520 ***
Training fitness: 0.9421947638854906
Model size: (6, 13)
Validation fitness: 0.9276053856352581 
Elapsed: 2.5733113288879395

*** Epoch 1, batch 45/520 ***
Training fitness: 0.9518849206349205
Model size: (5, 17)
Validation fitness: 0.9254735244365199 
Elapsed: 2.6499547958374023

*** Epoch 1, batch 46/520 ***
Training fitness: 0.9115384615384615
Model size: (7, 12)
Validation fitness: 0.911476185251223 
Elapsed: 2.414891004562378

*** Epoch 1, batch 47/520 ***
Training fitness: 0.9146551724137932
Model size: (1, 4)
Validation fitness: 0.9146639692771911 
Elapsed: 2.293090343475342

*** Epoch 1, batch 48/520 ***
Training fitness: 0.9260258848064773
Model size: (6, 13)
Validation fitness: 0.9276053856352581 
Elapsed: 2.5195047855377197

*** Epoch 1, batch 49/520 ***
Training fitness: 0.9429977382480591
Model size: (5, 17)
Validation fitness: 0.9254735244365199 
Elapsed: 2.5680196285247803

*** Epoch 1, batch 50/520 ***
Training fitness: 0.9819227083998722
Model size: (9, 15)
Validation fitness: 0.9167269693229095 
Elapsed: 2.5053982734680176

*** Epoch 1, batch 51/520 ***
Training fitness: 0.9302275654787462
Model size: (6, 13)
Validation fitness: 0.9276053856352581 
Elapsed: 2.5271213054656982

*** Epoch 1, batch 52/520 ***
Training fitness: 0.9346285434995112
Model size: (2, 9)
Validation fitness: 0.9178238376080099 
Elapsed: 2.3472301959991455

*** Epoch 1, batch 53/520 ***
Training fitness: 0.933028083028083
Model size: (6, 13)
Validation fitness: 0.9276053856352581 
Elapsed: 2.601275682449341

*** Epoch 1, batch 54/520 ***
Training fitness: 0.9179118243866445
Model size: (6, 13)
Validation fitness: 0.9276053856352581 
Elapsed: 2.5730555057525635

*** Epoch 1, batch 55/520 ***
Training fitness: 0.9352451433857539
Model size: (6, 12)
Validation fitness: 0.9079582041786678 
Elapsed: 2.5563037395477295

*** Epoch 1, batch 56/520 ***
Training fitness: 0.921399938328708
Model size: (6, 13)
Validation fitness: 0.9276053856352581 
Elapsed: 2.6085832118988037

*** Epoch 1, batch 57/520 ***
Training fitness: 0.9265567765567766
Model size: (6, 14)
Validation fitness: 0.9254486810222649 
Elapsed: 2.5678188800811768

*** Epoch 1, batch 58/520 ***
Training fitness: 0.9404411764705882
Model size: (3, 11)
Validation fitness: 0.9223533488776117 
Elapsed: 2.6861929893493652

*** Epoch 1, batch 59/520 ***
Training fitness: 0.9297442470853934
Model size: (6, 17)
Validation fitness: 0.9140123714168152 
Elapsed: 2.6917855739593506

*** Epoch 1, batch 60/520 ***
Training fitness: 0.9165035478345975
Model size: (6, 13)
Validation fitness: 0.9276053856352581 
Elapsed: 2.65812349319458

*** Epoch 1, batch 61/520 ***
Training fitness: 0.9180023516306702
Model size: (5, 10)
Validation fitness: 0.9146781602889408 
Elapsed: 2.676736354827881

*** Epoch 1, batch 62/520 ***
Training fitness: 0.9434343434343435
Model size: (4, 11)
Validation fitness: 0.9086539752205917 
Elapsed: 2.440889596939087

*** Epoch 1, batch 63/520 ***
Training fitness: 0.937650323774283
Model size: (7, 16)
Validation fitness: 0.9195573903899785 
Elapsed: 2.7008965015411377

*** Epoch 1, batch 64/520 ***
Training fitness: 0.9345565938486293
Model size: (7, 16)
Validation fitness: 0.9274805102180771 
Elapsed: 2.8150105476379395

*** Epoch 1, batch 65/520 ***
Training fitness: 0.9347480916030535
Model size: (4, 12)
Validation fitness: 0.9321911306176565 !!!
Elapsed: 2.6041343212127686

*** Epoch 1, batch 66/520 ***
Training fitness: 0.9103764921946741
Model size: (6, 12)
Validation fitness: 0.9144348008960819 
Elapsed: 2.619582414627075

*** Epoch 1, batch 67/520 ***
Training fitness: 0.9391829724590565
Model size: (6, 13)
Validation fitness: 0.931741882686417 
Elapsed: 2.5851118564605713

*** Epoch 1, batch 68/520 ***
Training fitness: 0.9679439941046427
Model size: (6, 13)
Validation fitness: 0.931741882686417 
Elapsed: 2.6126630306243896

*** Epoch 1, batch 69/520 ***
Training fitness: 0.9375
Model size: (3, 8)
Validation fitness: 0.9185703287157684 
Elapsed: 2.5203373432159424

*** Epoch 1, batch 70/520 ***
Training fitness: 0.9380788811875115
Model size: (4, 11)
Validation fitness: 0.9311261555342203 
Elapsed: 2.4859862327575684

*** Epoch 1, batch 71/520 ***
Training fitness: 0.8972736719848402
Model size: (3, 9)
Validation fitness: 0.93175077949984 
Elapsed: 2.4660637378692627

*** Epoch 1, batch 72/520 ***
Training fitness: 0.9350753644675068
Model size: (3, 9)
Validation fitness: 0.93175077949984 
Elapsed: 2.5871880054473877

*** Epoch 1, batch 73/520 ***
Training fitness: 0.91796875
Model size: (5, 13)
Validation fitness: 0.9160014995656746 
Elapsed: 2.7765064239501953

*** Epoch 1, batch 74/520 ***
Training fitness: 0.9151404151404151
Model size: (3, 9)
Validation fitness: 0.93175077949984 
Elapsed: 2.388731002807617

*** Epoch 1, batch 75/520 ***
Training fitness: 0.9321847507331378
Model size: (5, 12)
Validation fitness: 0.9172603666620948 
Elapsed: 2.532954216003418

*** Epoch 1, batch 76/520 ***
Training fitness: 0.9408007860476542
Model size: (5, 12)
Validation fitness: 0.9162962373702739 
Elapsed: 2.521179676055908

*** Epoch 1, batch 77/520 ***
Training fitness: 0.9377403405969603
Model size: (7, 15)
Validation fitness: 0.9168121519681799 
Elapsed: 2.6329023838043213

*** Epoch 1, batch 78/520 ***
Training fitness: 0.9431372549019607
Model size: (2, 7)
Validation fitness: 0.933644639509898 !!!
Elapsed: 2.4419171810150146

*** Epoch 1, batch 79/520 ***
Training fitness: 0.9134208427896706
Model size: (3, 9)
Validation fitness: 0.93175077949984 
Elapsed: 2.4528117179870605

*** Epoch 1, batch 80/520 ***
Training fitness: 0.936996336996337
Model size: (6, 11)
Validation fitness: 0.9254565445983632 
Elapsed: 2.468870162963867

*** Epoch 1, batch 81/520 ***
Training fitness: 0.9433569855639834
Model size: (3, 9)
Validation fitness: 0.93175077949984 
Elapsed: 2.3007166385650635

*** Epoch 1, batch 82/520 ***
Training fitness: 0.9389880952380953
Model size: (6, 14)
Validation fitness: 0.914992227860833 
Elapsed: 2.4403653144836426

*** Epoch 1, batch 83/520 ***
Training fitness: 0.9261734725019838
Model size: (2, 7)
Validation fitness: 0.935570109267133 !!!
Elapsed: 2.5375702381134033

*** Epoch 1, batch 84/520 ***
Training fitness: 0.9599704851503412
Model size: (2, 7)
Validation fitness: 0.935570109267133 
Elapsed: 2.3459348678588867

*** Epoch 1, batch 85/520 ***
Training fitness: 0.9473039215686273
Model size: (3, 9)
Validation fitness: 0.93175077949984 
Elapsed: 2.3902902603149414

*** Epoch 1, batch 86/520 ***
Training fitness: 0.913690476190476
Model size: (2, 8)
Validation fitness: 0.933932108078453 
Elapsed: 2.437476396560669

*** Epoch 1, batch 87/520 ***
Training fitness: 0.9496874806609321
Model size: (2, 8)
Validation fitness: 0.933932108078453 
Elapsed: 2.4691765308380127

*** Epoch 1, batch 88/520 ***
Training fitness: 0.9273305603131882
Model size: (6, 10)
Validation fitness: 0.927956293146802 
Elapsed: 2.4751663208007812

*** Epoch 1, batch 89/520 ***
Training fitness: 0.9106695965329915
Model size: (6, 10)
Validation fitness: 0.927956293146802 
Elapsed: 2.4798121452331543

*** Epoch 1, batch 90/520 ***
Training fitness: 0.9418867214451484
Model size: (6, 10)
Validation fitness: 0.927956293146802 
Elapsed: 2.5377376079559326

*** Epoch 1, batch 91/520 ***
Training fitness: 0.933315021668803
Model size: (7, 14)
Validation fitness: 0.920683893384538 
Elapsed: 2.398366689682007

*** Epoch 1, batch 92/520 ***
Training fitness: 0.9290007973992517
Model size: (2, 8)
Validation fitness: 0.933932108078453 
Elapsed: 2.530975341796875

*** Epoch 1, batch 93/520 ***
Training fitness: 0.9529390221571141
Model size: (5, 9)
Validation fitness: 0.9159144698943904 
Elapsed: 2.4411215782165527

*** Epoch 1, batch 94/520 ***
Training fitness: 0.9240323866772986
Model size: (8, 16)
Validation fitness: 0.915789439034426 
Elapsed: 2.4097981452941895

*** Epoch 1, batch 95/520 ***
Training fitness: 0.9211233211233212
Model size: (2, 8)
Validation fitness: 0.933932108078453 
Elapsed: 2.4440417289733887

*** Epoch 1, batch 96/520 ***
Training fitness: 0.94140625
Model size: (3, 10)
Validation fitness: 0.918863969277191 
Elapsed: 2.4435746669769287

*** Epoch 1, batch 97/520 ***
Training fitness: 0.9407203907203907
Model size: (6, 12)
Validation fitness: 0.9195276276688155 
Elapsed: 2.5313780307769775

*** Epoch 1, batch 98/520 ***
Training fitness: 0.9239867962589401
Model size: (5, 10)
Validation fitness: 0.9146197960956429 
Elapsed: 2.3808557987213135

*** Epoch 1, batch 99/520 ***
Training fitness: 0.9274134119380988
Model size: (6, 13)
Validation fitness: 0.9076509669455494 
Elapsed: 2.383566379547119

*** Epoch 1, batch 100/520 ***
Training fitness: 0.9292557111274871
Model size: (6, 12)
Validation fitness: 0.9175626845883053 
Elapsed: 2.3791234493255615

*** Epoch 1, batch 101/520 ***
Training fitness: 0.9212454212454212
Model size: (6, 12)
Validation fitness: 0.9175626845883053 
Elapsed: 2.7020559310913086

*** Epoch 1, batch 102/520 ***
Training fitness: 0.9290480563207837
Model size: (4, 6)
Validation fitness: 0.9092166323778174 
Elapsed: 2.4191477298736572

*** Epoch 1, batch 103/520 ***
Training fitness: 0.926458832933653
Model size: (7, 11)
Validation fitness: 0.923331449732547 
Elapsed: 2.4702200889587402

*** Epoch 1, batch 104/520 ***
Training fitness: 0.9325007708911501
Model size: (4, 11)
Validation fitness: 0.9185533488776116 
Elapsed: 2.363314151763916

*** Epoch 1, batch 105/520 ***
Training fitness: 0.9157083435282604
Model size: (8, 14)
Validation fitness: 0.9194544141178622 
Elapsed: 2.3672103881835938

*** Epoch 1, batch 106/520 ***
Training fitness: 0.9254410059207715
Model size: (8, 14)
Validation fitness: 0.9194544141178622 
Elapsed: 2.291973829269409

*** Epoch 1, batch 107/520 ***
Training fitness: 0.9073831367409348
Model size: (6, 10)
Validation fitness: 0.9135365884880904 
Elapsed: 2.439497947692871

*** Epoch 1, batch 108/520 ***
Training fitness: 0.9276820217137949
Model size: (6, 12)
Validation fitness: 0.9193856169706944 
Elapsed: 2.266787528991699

*** Epoch 1, batch 109/520 ***
Training fitness: 0.9019410364402125
Model size: (8, 15)
Validation fitness: 0.9125270333287614 
Elapsed: 2.4366605281829834

*** Epoch 1, batch 110/520 ***
Training fitness: 0.9493894993894993
Model size: (3, 6)
Validation fitness: 0.905061180450784 
Elapsed: 2.3644702434539795

*** Epoch 1, batch 111/520 ***
Training fitness: 0.9036641221374045
Model size: (6, 14)
Validation fitness: 0.9078114936222741 
Elapsed: 2.3971877098083496

*** Epoch 1, batch 112/520 ***
Training fitness: 0.9327517600244873
Model size: (7, 17)
Validation fitness: 0.9082639692771911 
Elapsed: 2.486639976501465

*** Epoch 1, batch 113/520 ***
Training fitness: 0.9057842114948168
Model size: (3, 7)
Validation fitness: 0.9149629040369405 
Elapsed: 2.3655054569244385

*** Epoch 1, batch 114/520 ***
Training fitness: 0.9553142357860576
Model size: (4, 9)
Validation fitness: 0.9288267818772001 
Elapsed: 2.4264400005340576

*** Epoch 1, batch 115/520 ***
Training fitness: 0.9334066471163245
Model size: (5, 9)
Validation fitness: 0.9094028162574863 
Elapsed: 2.311099052429199

*** Epoch 1, batch 116/520 ***
Training fitness: 0.9447702834799608
Model size: (3, 7)
Validation fitness: 0.9149629040369405 
Elapsed: 2.4351277351379395

*** Epoch 1, batch 117/520 ***
Training fitness: 0.9349812917867877
Model size: (7, 11)
Validation fitness: 0.9056841128331733 
Elapsed: 2.4925737380981445

*** Epoch 1, batch 118/520 ***
Training fitness: 0.9243429132891181
Model size: (4, 9)
Validation fitness: 0.9288267818772001 
Elapsed: 2.5195565223693848

*** Epoch 1, batch 119/520 ***
Training fitness: 0.9429563492063492
Model size: (4, 9)
Validation fitness: 0.9288267818772001 
Elapsed: 2.4039151668548584

*** Epoch 1, batch 120/520 ***
Training fitness: 0.9246031746031745
Model size: (4, 9)
Validation fitness: 0.9288267818772001 
Elapsed: 2.5428342819213867

*** Epoch 1, batch 121/520 ***
Training fitness: 0.9280331109463801
Model size: (4, 9)
Validation fitness: 0.9288267818772001 
Elapsed: 2.6311891078948975

*** Epoch 1, batch 122/520 ***
Training fitness: 0.9217939214232764
Model size: (6, 11)
Validation fitness: 0.923952315640287 
Elapsed: 2.534628391265869

*** Epoch 1, batch 123/520 ***
Training fitness: 0.8984375
Model size: (6, 11)
Validation fitness: 0.923952315640287 
Elapsed: 2.5171310901641846

*** Epoch 1, batch 124/520 ***
Training fitness: 0.9321847507331378
Model size: (4, 9)
Validation fitness: 0.9288267818772001 
Elapsed: 2.542893171310425

*** Epoch 1, batch 125/520 ***
Training fitness: 0.9105256693687055
Model size: (6, 9)
Validation fitness: 0.9099431353723768 
Elapsed: 2.522770643234253

*** Epoch 1, batch 126/520 ***
Training fitness: 0.9320382362010484
Model size: (7, 12)
Validation fitness: 0.9277552599094774 
Elapsed: 2.465319871902466

*** Epoch 1, batch 127/520 ***
Training fitness: 0.9127086007702182
Model size: (5, 10)
Validation fitness: 0.9156030357061217 
Elapsed: 2.4411776065826416

*** Epoch 1, batch 128/520 ***
Training fitness: 0.9339980425740152
Model size: (7, 12)
Validation fitness: 0.9277552599094774 
Elapsed: 2.558434009552002

*** Epoch 1, batch 129/520 ***
Training fitness: 0.9310366003438959
Model size: (7, 12)
Validation fitness: 0.9277552599094774 
Elapsed: 2.5494484901428223

*** Epoch 1, batch 130/520 ***
Training fitness: 0.9404936461388074
Model size: (4, 9)
Validation fitness: 0.9288267818772001 
Elapsed: 2.4537742137908936

*** Epoch 1, batch 131/520 ***
Training fitness: 0.9249688667496888
Model size: (4, 9)
Validation fitness: 0.9288267818772001 
Elapsed: 2.5785775184631348

*** Epoch 1, batch 132/520 ***
Training fitness: 0.9391829724590565
Model size: (6, 8)
Validation fitness: 0.9200870571023637 
Elapsed: 2.360908269882202

*** Epoch 1, batch 133/520 ***
Training fitness: 0.9425648854961832
Model size: (4, 9)
Validation fitness: 0.9288267818772001 
Elapsed: 2.4710097312927246

*** Epoch 1, batch 134/520 ***
Training fitness: 0.9326617826617827
Model size: (6, 8)
Validation fitness: 0.9200870571023637 
Elapsed: 2.4402108192443848

*** Epoch 1, batch 135/520 ***
Training fitness: 0.9006213109661385
Model size: (7, 12)
Validation fitness: 0.9277552599094774 
Elapsed: 2.49253511428833

*** Epoch 1, batch 136/520 ***
Training fitness: 0.9296875
Model size: (4, 9)
Validation fitness: 0.9288267818772001 
Elapsed: 2.504331111907959

*** Epoch 1, batch 137/520 ***
Training fitness: 0.9379234572422633
Model size: (7, 12)
Validation fitness: 0.9277552599094774 
Elapsed: 2.5516679286956787

*** Epoch 1, batch 138/520 ***
Training fitness: 0.9408007860476542
Model size: (4, 9)
Validation fitness: 0.9288267818772001 
Elapsed: 2.5520291328430176

*** Epoch 1, batch 139/520 ***
Training fitness: 0.9323003135952777
Model size: (6, 8)
Validation fitness: 0.9200870571023637 
Elapsed: 2.4854488372802734

*** Epoch 1, batch 140/520 ***
Training fitness: 0.921875
Model size: (7, 12)
Validation fitness: 0.9277552599094774 
Elapsed: 2.5108742713928223

*** Epoch 1, batch 141/520 ***
Training fitness: 0.9360294117647059
Model size: (7, 12)
Validation fitness: 0.9277552599094774 
Elapsed: 2.6120104789733887

*** Epoch 1, batch 142/520 ***
Training fitness: 0.9393372027710166
Model size: (4, 9)
Validation fitness: 0.9288267818772001 
Elapsed: 2.6434333324432373

*** Epoch 1, batch 143/520 ***
Training fitness: 0.9523460410557184
Model size: (10, 18)
Validation fitness: 0.904773492433594 
Elapsed: 2.5299527645111084

*** Epoch 1, batch 144/520 ***
Training fitness: 0.9361433929779254
Model size: (7, 12)
Validation fitness: 0.9277552599094774 
Elapsed: 2.5595340728759766

*** Epoch 1, batch 145/520 ***
Training fitness: 0.9440159167431894
Model size: (4, 9)
Validation fitness: 0.9288267818772001 
Elapsed: 2.4604084491729736

*** Epoch 1, batch 146/520 ***
Training fitness: 0.9349060725207514
Model size: (5, 11)
Validation fitness: 0.9202183239610479 
Elapsed: 3.155245542526245

*** Epoch 1, batch 147/520 ***
Training fitness: 0.9372824427480917
Model size: (7, 12)
Validation fitness: 0.9277552599094774 
Elapsed: 3.545630931854248

*** Epoch 1, batch 148/520 ***
Training fitness: 0.927114503816794
Model size: (12, 21)
Validation fitness: 0.8961055090751154 
Elapsed: 4.7796311378479

*** Epoch 1, batch 149/520 ***
Training fitness: 0.9343711843711844
Model size: (4, 9)
Validation fitness: 0.9288267818772001 
Elapsed: 5.1206207275390625

*** Epoch 1, batch 150/520 ***
Training fitness: 0.8966141201005949
Model size: (4, 9)
Validation fitness: 0.9288267818772001 
Elapsed: 5.170980215072632

*** Epoch 1, batch 151/520 ***
Training fitness: 0.9341269841269841
Model size: (4, 9)
Validation fitness: 0.9288267818772001 
Elapsed: 4.947949171066284

*** Epoch 1, batch 152/520 ***
Training fitness: 0.9255711127487104
Model size: (4, 9)
Validation fitness: 0.9288267818772001 
Elapsed: 5.191534757614136

*** Epoch 1, batch 153/520 ***
Training fitness: 0.9371184371184372
Model size: (6, 10)
Validation fitness: 0.9148367759337996 
Elapsed: 5.229243278503418

*** Epoch 1, batch 154/520 ***
Training fitness: 0.921875
Model size: (7, 12)
Validation fitness: 0.9277552599094774 
Elapsed: 5.091560125350952

*** Epoch 1, batch 155/520 ***
Training fitness: 0.9252601702932829
Model size: (6, 8)
Validation fitness: 0.9212199515384263 
Elapsed: 4.87612509727478

*** Epoch 1, batch 156/520 ***
Training fitness: 0.9490992366412214
Model size: (5, 12)
Validation fitness: 0.9141635623828465 
Elapsed: 5.049131155014038

*** Epoch 1, batch 157/520 ***
Training fitness: 0.9139705882352941
Model size: (7, 12)
Validation fitness: 0.9211367439308737 
Elapsed: 5.055419683456421

*** Epoch 1, batch 158/520 ***
Training fitness: 0.9210012210012211
Model size: (6, 10)
Validation fitness: 0.9134751520138983 
Elapsed: 4.872523784637451

*** Epoch 1, batch 159/520 ***
Training fitness: 0.9421984732824428
Model size: (5, 11)
Validation fitness: 0.8986075161157592 
Elapsed: 4.7405126094818115

*** Epoch 1, batch 160/520 ***
Training fitness: 0.9312237345543498
Model size: (6, 8)
Validation fitness: 0.9212199515384263 
Elapsed: 4.869818210601807

*** Epoch 1, batch 161/520 ***
Training fitness: 0.922536945812808
Model size: (8, 15)
Validation fitness: 0.9094644081744616 
Elapsed: 4.8633904457092285

*** Epoch 1, batch 162/520 ***
Training fitness: 0.9354679802955664
Model size: (7, 14)
Validation fitness: 0.9152223654734146 
Elapsed: 5.119994401931763

*** Epoch 1, batch 163/520 ***
Training fitness: 0.9059139784946237
Model size: (7, 14)
Validation fitness: 0.9174489004709001 
Elapsed: 4.976442813873291

*** Epoch 1, batch 164/520 ***
Training fitness: 0.9126492976050499
Model size: (10, 17)
Validation fitness: 0.9142013441228912 
Elapsed: 5.0605103969573975

*** Epoch 1, batch 165/520 ***
Training fitness: 0.9284487517634792
Model size: (8, 15)
Validation fitness: 0.9117645956201709 
Elapsed: 5.145963191986084

*** Epoch 1, batch 166/520 ***
Training fitness: 0.9377450980392157
Model size: (5, 9)
Validation fitness: 0.9143399716545513 
Elapsed: 4.7163307666778564

*** Epoch 1, batch 167/520 ***
Training fitness: 0.914057254471098
Model size: (6, 11)
Validation fitness: 0.9090622776939606 
Elapsed: 5.081355333328247

*** Epoch 1, batch 168/520 ***
Training fitness: 0.9209366391184574
Model size: (8, 15)
Validation fitness: 0.9096363370365291 
Elapsed: 4.993151664733887

*** Epoch 1, batch 169/520 ***
Training fitness: 0.9300494414942319
Model size: (7, 14)
Validation fitness: 0.9174489004709001 
Elapsed: 4.817434787750244

*** Epoch 1, batch 170/520 ***
Training fitness: 0.9203827516408022
Model size: (7, 14)
Validation fitness: 0.9174489004709001 
Elapsed: 4.931131839752197

*** Epoch 1, batch 171/520 ***
Training fitness: 0.9088154269972452
Model size: (5, 9)
Validation fitness: 0.9143399716545513 
Elapsed: 4.7072529792785645

*** Epoch 1, batch 172/520 ***
Training fitness: 0.9260513947384484
Model size: (6, 11)
Validation fitness: 0.9154108352763681 
Elapsed: 4.934058666229248

*** Epoch 1, batch 173/520 ***
Training fitness: 0.9128658951667802
Model size: (7, 14)
Validation fitness: 0.9174489004709001 
Elapsed: 4.806880712509155

*** Epoch 1, batch 174/520 ***
Training fitness: 0.921875
Model size: (6, 12)
Validation fitness: 0.918536963379509 
Elapsed: 4.966175079345703

*** Epoch 1, batch 175/520 ***
Training fitness: 0.9297442470853934
Model size: (6, 9)
Validation fitness: 0.9108242765052804 
Elapsed: 4.845340251922607

*** Epoch 1, batch 176/520 ***
Training fitness: 0.9292938637064446
Model size: (6, 11)
Validation fitness: 0.9181906917203858 
Elapsed: 4.906476736068726

*** Epoch 1, batch 177/520 ***
Training fitness: 0.9562014793080261
Model size: (6, 9)
Validation fitness: 0.9108242765052804 
Elapsed: 5.123486518859863

*** Epoch 1, batch 178/520 ***
Training fitness: 0.9264768901132537
Model size: (7, 10)
Validation fitness: 0.9178163489233301 
Elapsed: 4.772840261459351

*** Epoch 1, batch 179/520 ***
Training fitness: 0.9086833701793171
Model size: (7, 14)
Validation fitness: 0.9174489004709001 
Elapsed: 4.999675989151001

*** Epoch 1, batch 180/520 ***
Training fitness: 0.9154447702834799
Model size: (7, 15)
Validation fitness: 0.9094743382252092 
Elapsed: 5.148844003677368

*** Epoch 1, batch 181/520 ***
Training fitness: 0.9264346764346764
Model size: (7, 10)
Validation fitness: 0.9178163489233301 
Elapsed: 4.615705251693726

*** Epoch 1, batch 182/520 ***
Training fitness: 0.9100592077153146
Model size: (7, 14)
Validation fitness: 0.9174489004709001 
Elapsed: 5.008937120437622

*** Epoch 1, batch 183/520 ***
Training fitness: 0.9339857098477788
Model size: (7, 11)
Validation fitness: 0.9212656608604215 
Elapsed: 4.886751890182495

*** Epoch 1, batch 184/520 ***
Training fitness: 0.9341397849462366
Model size: (7, 14)
Validation fitness: 0.9174489004709001 
Elapsed: 5.044070720672607

*** Epoch 1, batch 185/520 ***
Training fitness: 0.9375
Model size: (6, 10)
Validation fitness: 0.9170520001828738 
Elapsed: 4.8563127517700195

*** Epoch 1, batch 186/520 ***
Training fitness: 0.9423173173173173
Model size: (5, 10)
Validation fitness: 0.9118995565308828 
Elapsed: 4.9339985847473145

*** Epoch 1, batch 187/520 ***
Training fitness: 0.9272851042762548
Model size: (7, 15)
Validation fitness: 0.9094743382252092 
Elapsed: 5.035005569458008

*** Epoch 1, batch 188/520 ***
Training fitness: 0.9218091924555941
Model size: (7, 15)
Validation fitness: 0.9094743382252092 
Elapsed: 5.10133957862854

*** Epoch 1, batch 189/520 ***
Training fitness: 0.9189865689865689
Model size: (6, 9)
Validation fitness: 0.904719700086865 
Elapsed: 4.666841745376587

*** Epoch 1, batch 190/520 ***
Training fitness: 0.9072962435794294
Model size: (6, 9)
Validation fitness: 0.9128235541535226 
Elapsed: 4.795048952102661

*** Epoch 1, batch 191/520 ***
Training fitness: 0.9293795732644653
Model size: (10, 13)
Validation fitness: 0.9194619942394733 
Elapsed: 4.87958025932312

*** Epoch 1, batch 192/520 ***
Training fitness: 0.9284918621201808
Model size: (5, 10)
Validation fitness: 0.9118995565308828 
Elapsed: 5.070441246032715

*** Epoch 1, batch 193/520 ***
Training fitness: 0.9004926108374384
Model size: (4, 6)
Validation fitness: 0.9156461116444932 
Elapsed: 4.694391965866089

*** Epoch 1, batch 194/520 ***
Training fitness: 0.9309312977099237
Model size: (8, 14)
Validation fitness: 0.9151061674210214 
Elapsed: 5.038674831390381

*** Epoch 1, batch 195/520 ***
Training fitness: 0.9297607952780368
Model size: (9, 14)
Validation fitness: 0.8933043203950075 
Elapsed: 5.192095994949341

*** Epoch 1, batch 196/520 ***
Training fitness: 0.902991452991453
Model size: (9, 15)
Validation fitness: 0.909641850683491 
Elapsed: 4.850998401641846

*** Epoch 1, batch 197/520 ***
Training fitness: 0.9338033327229446
Model size: (8, 15)
Validation fitness: 0.9120919764092718 
Elapsed: 4.954915761947632

*** Epoch 1, batch 198/520 ***
Training fitness: 0.949063053164866
Model size: (8, 14)
Validation fitness: 0.9127077035614685 
Elapsed: 5.096301794052124

*** Epoch 1, batch 199/520 ***
Training fitness: 0.9154341233987252
Model size: (9, 13)
Validation fitness: 0.9067348969048599 
Elapsed: 5.196327447891235

*** Epoch 1, batch 200/520 ***
Training fitness: 0.9364875603643256
Model size: (9, 15)
Validation fitness: 0.9141036620491017 
Elapsed: 4.919045686721802

*** Epoch 1, batch 201/520 ***
Training fitness: 0.9330338040222508
Model size: (8, 14)
Validation fitness: 0.9127077035614685 
Elapsed: 5.124731540679932

*** Epoch 1, batch 202/520 ***
Training fitness: 0.9233601697559758
Model size: (11, 15)
Validation fitness: 0.9069541626663009 
Elapsed: 4.8882763385772705

*** Epoch 1, batch 203/520 ***
Training fitness: 0.9172906739278419
Model size: (8, 12)
Validation fitness: 0.9142620582453252 
Elapsed: 5.003974437713623

*** Epoch 1, batch 204/520 ***
Training fitness: 0.9417661984033664
Model size: (10, 17)
Validation fitness: 0.9181981163992137 
Elapsed: 5.145721197128296

*** Epoch 1, batch 205/520 ***
Training fitness: 0.9530986706609249
Model size: (8, 12)
Validation fitness: 0.9142620582453252 
Elapsed: 4.981874465942383

*** Epoch 1, batch 206/520 ***
Training fitness: 0.9222975035097357
Model size: (10, 17)
Validation fitness: 0.9181981163992137 
Elapsed: 5.132798433303833

*** Epoch 1, batch 207/520 ***
Training fitness: 0.9222016651248843
Model size: (16, 24)
Validation fitness: 0.8991019064600191 
Elapsed: 5.592737674713135

*** Epoch 1, batch 208/520 ***
Training fitness: 0.9296875
Model size: (12, 19)
Validation fitness: 0.9180705161614776 
Elapsed: 4.986051797866821

*** Epoch 1, batch 209/520 ***
Training fitness: 0.9364406779661016
Model size: (9, 15)
Validation fitness: 0.9164431033694509 
Elapsed: 5.010655641555786

*** Epoch 1, batch 210/520 ***
Training fitness: 0.9493894993894993
Model size: (7, 13)
Validation fitness: 0.9049442326155535 
Elapsed: 5.076082706451416

*** Epoch 1, batch 211/520 ***
Training fitness: 0.9317195427593373
Model size: (9, 16)
Validation fitness: 0.9114425090293969 
Elapsed: 5.107625961303711

*** Epoch 1, batch 212/520 ***
Training fitness: 0.9411638853230637
Model size: (9, 15)
Validation fitness: 0.9174264069857816 
Elapsed: 5.0634424686431885

*** Epoch 1, batch 213/520 ***
Training fitness: 0.9083068265231221
Model size: (4, 6)
Validation fitness: 0.9236030357061217 
Elapsed: 4.880223035812378

*** Epoch 1, batch 214/520 ***
Training fitness: 0.914445211064417
Model size: (6, 8)
Validation fitness: 0.9158497142595894 
Elapsed: 4.906786680221558

*** Epoch 1, batch 215/520 ***
Training fitness: 0.9229282954057535
Model size: (13, 21)
Validation fitness: 0.9168291318063366 
Elapsed: 4.992375135421753

*** Epoch 1, batch 216/520 ***
Training fitness: 0.8975579975579976
Model size: (4, 6)
Validation fitness: 0.9236030357061217 
Elapsed: 4.721919536590576

*** Epoch 1, batch 217/520 ***
Training fitness: 0.9404936461388074
Model size: (7, 14)
Validation fitness: 0.9122798518721712 
Elapsed: 5.0221848487854

*** Epoch 1, batch 218/520 ***
Training fitness: 0.9280275116678949
Model size: (7, 13)
Validation fitness: 0.9145629040369405 
Elapsed: 4.935055494308472

*** Epoch 1, batch 219/520 ***
Training fitness: 0.9180152671755726
Model size: (7, 13)
Validation fitness: 0.9091879668998308 
Elapsed: 4.806258678436279

*** Epoch 1, batch 220/520 ***
Training fitness: 0.931650700073692
Model size: (4, 6)
Validation fitness: 0.9236030357061217 
Elapsed: 4.471985578536987

*** Epoch 1, batch 221/520 ***
Training fitness: 0.943662833374113
Model size: (5, 6)
Validation fitness: 0.9164847711790792 
Elapsed: 4.184427738189697

*** Epoch 1, batch 222/520 ***
Training fitness: 0.9227731864095501
Model size: (4, 6)
Validation fitness: 0.9236030357061217 
Elapsed: 4.738829851150513

*** Epoch 1, batch 223/520 ***
Training fitness: 0.9171764130168828
Model size: (4, 7)
Validation fitness: 0.9197140309971197 
Elapsed: 4.607514142990112

*** Epoch 1, batch 224/520 ***
Training fitness: 0.9192326490713587
Model size: (6, 14)
Validation fitness: 0.9083671009920907 
Elapsed: 4.448184251785278

*** Epoch 1, batch 225/520 ***
Training fitness: 0.9019410364402125
Model size: (5, 10)
Validation fitness: 0.9232656608604215 
Elapsed: 4.634369134902954

*** Epoch 1, batch 226/520 ***
Training fitness: 0.9431372549019607
Model size: (6, 9)
Validation fitness: 0.9144987427421936 
Elapsed: 4.59757924079895

*** Epoch 1, batch 227/520 ***
Training fitness: 0.939931490090531
Model size: (6, 10)
Validation fitness: 0.9205668815434553 
Elapsed: 4.666506052017212

*** Epoch 1, batch 228/520 ***
Training fitness: 0.9364875603643256
Model size: (11, 20)
Validation fitness: 0.9170673524436519 
Elapsed: 4.5301573276519775

*** Epoch 1, batch 229/520 ***
Training fitness: 0.9187480916030535
Model size: (11, 20)
Validation fitness: 0.9170673524436519 
Elapsed: 4.555470943450928

*** Epoch 1, batch 230/520 ***
Training fitness: 0.91727761485826
Model size: (14, 24)
Validation fitness: 0.9209376217254149 
Elapsed: 4.564599275588989

*** Epoch 1, batch 231/520 ***
Training fitness: 0.9204021398266002
Model size: (5, 10)
Validation fitness: 0.9114429479266676 
Elapsed: 4.447511672973633

*** Epoch 1, batch 232/520 ***
Training fitness: 0.9179942623451138
Model size: (5, 10)
Validation fitness: 0.9114429479266676 
Elapsed: 4.495772123336792

*** Epoch 1, batch 233/520 ***
Training fitness: 0.9329178885630498
Model size: (11, 20)
Validation fitness: 0.9170673524436519 
Elapsed: 4.597305059432983

*** Epoch 1, batch 234/520 ***
Training fitness: 0.913919413919414
Model size: (5, 8)
Validation fitness: 0.9084302290495131 
Elapsed: 4.4119861125946045

*** Epoch 1, batch 235/520 ***
Training fitness: 0.9389308176100629
Model size: (4, 8)
Validation fitness: 0.9079021899145066 
Elapsed: 4.521679878234863

*** Epoch 1, batch 236/520 ***
Training fitness: 0.9134733480717268
Model size: (11, 20)
Validation fitness: 0.9170673524436519 
Elapsed: 4.542843818664551

*** Epoch 1, batch 237/520 ***
Training fitness: 0.946236559139785
Model size: (11, 20)
Validation fitness: 0.9170673524436519 
Elapsed: 4.5568225383758545

*** Epoch 1, batch 238/520 ***
Training fitness: 0.9105256693687055
Model size: (5, 8)
Validation fitness: 0.9084302290495131 
Elapsed: 4.304346799850464

*** Epoch 1, batch 239/520 ***
Training fitness: 0.9296568627450981
Model size: (7, 12)
Validation fitness: 0.9177532848717597 
Elapsed: 4.476751804351807

*** Epoch 1, batch 240/520 ***
Training fitness: 0.9351183063511831
Model size: (11, 20)
Validation fitness: 0.9170673524436519 
Elapsed: 4.631751298904419

*** Epoch 1, batch 241/520 ***
Training fitness: 0.9200795837159474
Model size: (11, 20)
Validation fitness: 0.9170673524436519 
Elapsed: 4.657602071762085

*** Epoch 1, batch 242/520 ***
Training fitness: 0.9306948862246147
Model size: (7, 12)
Validation fitness: 0.9177532848717597 
Elapsed: 4.681432008743286

*** Epoch 1, batch 243/520 ***
Training fitness: 0.9216488549618321
Model size: (4, 8)
Validation fitness: 0.9079021899145066 
Elapsed: 4.67646050453186

*** Epoch 1, batch 244/520 ***
Training fitness: 0.9117210223404913
Model size: (11, 20)
Validation fitness: 0.9170673524436519 
Elapsed: 4.684689283370972

*** Epoch 1, batch 245/520 ***
Training fitness: 0.8999377334993772
Model size: (11, 20)
Validation fitness: 0.9170673524436519 
Elapsed: 4.564107418060303

*** Epoch 1, batch 246/520 ***
Training fitness: 0.9233990147783252
Model size: (3, 10)
Validation fitness: 0.8936103049421661 
Elapsed: 4.44061279296875

*** Epoch 1, batch 247/520 ***
Training fitness: 0.9325134027120782
Model size: (11, 20)
Validation fitness: 0.9170673524436519 
Elapsed: 4.709078550338745

*** Epoch 1, batch 248/520 ***
Training fitness: 0.9236111111111112
Model size: (12, 21)
Validation fitness: 0.9165543821149362 
Elapsed: 4.6941211223602295

*** Epoch 1, batch 249/520 ***
Training fitness: 0.9025030525030526
Model size: (4, 11)
Validation fitness: 0.9066378731769762 
Elapsed: 4.444066524505615

*** Epoch 1, batch 250/520 ***
Training fitness: 0.9086738438952777
Model size: (11, 20)
Validation fitness: 0.9170673524436519 
Elapsed: 4.582420349121094

*** Epoch 1, batch 251/520 ***
Training fitness: 0.9235894614585244
Model size: (11, 15)
Validation fitness: 0.9076403785488959 
Elapsed: 4.441230058670044

*** Epoch 1, batch 252/520 ***
Training fitness: 0.9473039215686273
Model size: (6, 8)
Validation fitness: 0.9133669455493074 
Elapsed: 4.438509464263916

*** Epoch 1, batch 253/520 ***
Training fitness: 0.9428326074955529
Model size: (12, 17)
Validation fitness: 0.9162250902939697 
Elapsed: 4.623957395553589

*** Epoch 1, batch 254/520 ***
Training fitness: 0.9299884026124642
Model size: (12, 18)
Validation fitness: 0.925864563617245 
Elapsed: 4.478069067001343

*** Epoch 1, batch 255/520 ***
Training fitness: 0.920719724883321
Model size: (12, 18)
Validation fitness: 0.925864563617245 
Elapsed: 4.46181321144104

*** Epoch 1, batch 256/520 ***
Training fitness: 0.9416773484709761
Model size: (12, 18)
Validation fitness: 0.925864563617245 
Elapsed: 4.2891223430633545

*** Epoch 1, batch 257/520 ***
Training fitness: 0.9416666666666667
Model size: (12, 18)
Validation fitness: 0.9266972706075983 
Elapsed: 4.484692335128784

*** Epoch 1, batch 258/520 ***
Training fitness: 0.9332539827870353
Model size: (15, 21)
Validation fitness: 0.9197520321857999 
Elapsed: 4.666288375854492

*** Epoch 1, batch 259/520 ***
Training fitness: 0.9236111111111112
Model size: (12, 19)
Validation fitness: 0.9236021579115804 
Elapsed: 4.512274980545044

*** Epoch 1, batch 260/520 ***
Training fitness: 0.9343711843711844
Model size: (11, 15)
Validation fitness: 0.9250987427421935 
Elapsed: 4.457340240478516

*** Epoch 1, batch 261/520 ***
Training fitness: 0.9261083743842365
Model size: (13, 19)
Validation fitness: 0.922298303844923 
Elapsed: 4.614064693450928

*** Epoch 1, batch 262/520 ***
Training fitness: 0.9138502116174938
Model size: (15, 20)
Validation fitness: 0.9074630274767979 
Elapsed: 4.449982643127441

*** Epoch 1, batch 263/520 ***
Training fitness: 0.9411890374168345
Model size: (15, 21)
Validation fitness: 0.9197520321857999 
Elapsed: 4.562511682510376

*** Epoch 1, batch 264/520 ***
Training fitness: 0.9180553012268816
Model size: (9, 14)
Validation fitness: 0.912063969277191 
Elapsed: 4.547014474868774

*** Epoch 1, batch 265/520 ***
Training fitness: 0.9563664122137405
Model size: (9, 14)
Validation fitness: 0.912063969277191 
Elapsed: 4.647744655609131

*** Epoch 1, batch 266/520 ***
Training fitness: 0.9376698789226587
Model size: (15, 21)
Validation fitness: 0.9197520321857999 
Elapsed: 4.715203762054443

*** Epoch 1, batch 267/520 ***
Training fitness: 0.9012254901960784
Model size: (9, 14)
Validation fitness: 0.9134733049878846 
Elapsed: 4.934699773788452

*** Epoch 1, batch 268/520 ***
Training fitness: 0.9339352428393526
Model size: (9, 14)
Validation fitness: 0.9087440131669181 
Elapsed: 4.681070804595947

*** Epoch 1, batch 269/520 ***
Training fitness: 0.9280889216408744
Model size: (9, 11)
Validation fitness: 0.9137166003748914 
Elapsed: 4.240533351898193

*** Epoch 1, batch 270/520 ***
Training fitness: 0.9189412991473962
Model size: (10, 18)
Validation fitness: 0.9032758743656563 
Elapsed: 4.530564069747925

*** Epoch 1, batch 271/520 ***
Training fitness: 0.9311082584510055
Model size: (9, 11)
Validation fitness: 0.9137166003748914 
Elapsed: 4.305015802383423

*** Epoch 1, batch 272/520 ***
Training fitness: 0.91015625
Model size: (10, 16)
Validation fitness: 0.9146464865359119 
Elapsed: 4.55531907081604

*** Epoch 1, batch 273/520 ***
Training fitness: 0.9293795732644653
Model size: (10, 14)
Validation fitness: 0.916972834087688 
Elapsed: 4.509633541107178

*** Epoch 1, batch 274/520 ***
Training fitness: 0.9314661769207224
Model size: (10, 14)
Validation fitness: 0.916972834087688 
Elapsed: 4.5238189697265625

*** Epoch 1, batch 275/520 ***
Training fitness: 0.9314087191785032
Model size: (7, 10)
Validation fitness: 0.9168505920541307 
Elapsed: 4.525898456573486

*** Epoch 1, batch 276/520 ***
Training fitness: 0.9311274509803921
Model size: (6, 8)
Validation fitness: 0.9195361495908196 
Elapsed: 4.7813520431518555

*** Epoch 1, batch 277/520 ***
Training fitness: 0.9323003135952777
Model size: (10, 15)
Validation fitness: 0.9173879028939789 
Elapsed: 4.552096605300903

*** Epoch 1, batch 278/520 ***
Training fitness: 0.9349812917867877
Model size: (10, 15)
Validation fitness: 0.9173879028939789 
Elapsed: 4.532481908798218

*** Epoch 1, batch 279/520 ***
Training fitness: 0.925
Model size: (10, 14)
Validation fitness: 0.916972834087688 
Elapsed: 4.7272350788116455

*** Epoch 1, batch 280/520 ***
Training fitness: 0.9048760991207034
Model size: (8, 12)
Validation fitness: 0.9134610250080006 
Elapsed: 4.6200270652771

*** Epoch 1, batch 281/520 ***
Training fitness: 0.9072382727555143
Model size: (10, 15)
Validation fitness: 0.9173879028939789 
Elapsed: 4.3241658210754395

*** Epoch 1, batch 282/520 ***
Training fitness: 0.9407266943968682
Model size: (10, 15)
Validation fitness: 0.9173879028939789 
Elapsed: 4.554473876953125

*** Epoch 1, batch 283/520 ***
Training fitness: 0.9343137254901961
Model size: (10, 15)
Validation fitness: 0.9173879028939789 
Elapsed: 4.428767204284668

*** Epoch 1, batch 284/520 ***
Training fitness: 0.9355706339018278
Model size: (10, 16)
Validation fitness: 0.9154303844922964 
Elapsed: 4.570424556732178

*** Epoch 1, batch 285/520 ***
Training fitness: 0.933264007829704
Model size: (5, 10)
Validation fitness: 0.9062492753623188 
Elapsed: 4.496833801269531

*** Epoch 1, batch 286/520 ***
Training fitness: 0.9435873890419345
Model size: (10, 18)
Validation fitness: 0.9177061674210214 
Elapsed: 4.418198585510254

*** Epoch 1, batch 287/520 ***
Training fitness: 0.94140625
Model size: (8, 12)
Validation fitness: 0.9134610250080006 
Elapsed: 4.475200176239014

*** Epoch 1, batch 288/520 ***
Training fitness: 0.9492461698101691
Model size: (8, 12)
Validation fitness: 0.9134610250080006 
Elapsed: 4.625880002975464

*** Epoch 1, batch 289/520 ***
Training fitness: 0.9611721611721611
Model size: (9, 9)
Validation fitness: 0.915763937274265 
Elapsed: 4.354757785797119

*** Epoch 1, batch 290/520 ***
Training fitness: 0.9470588235294117
Model size: (10, 17)
Validation fitness: 0.9054917569606363 
Elapsed: 4.286010503768921

*** Epoch 1, batch 291/520 ***
Training fitness: 0.940632109696858
Model size: (10, 17)
Validation fitness: 0.9054917569606363 
Elapsed: 4.295951843261719

*** Epoch 1, batch 292/520 ***
Training fitness: 0.9411279985350668
Model size: (12, 17)
Validation fitness: 0.9265703287157684 
Elapsed: 4.506563186645508

*** Epoch 1, batch 293/520 ***
Training fitness: 0.9442913988368534
Model size: (12, 17)
Validation fitness: 0.9265703287157684 
Elapsed: 4.307752370834351

*** Epoch 1, batch 294/520 ***
Training fitness: 0.9306351183063512
Model size: (11, 16)
Validation fitness: 0.925041256343437 
Elapsed: 4.478398561477661

*** Epoch 1, batch 295/520 ***
Training fitness: 0.9336530775379696
Model size: (11, 16)
Validation fitness: 0.925041256343437 
Elapsed: 4.482588529586792

*** Epoch 1, batch 296/520 ***
Training fitness: 0.9154341233987252
Model size: (11, 16)
Validation fitness: 0.9136242765052804 
Elapsed: 4.2952680587768555

*** Epoch 1, batch 297/520 ***
Training fitness: 0.9042546678910315
Model size: (11, 16)
Validation fitness: 0.925041256343437 
Elapsed: 4.37159276008606

*** Epoch 1, batch 298/520 ***
Training fitness: 0.9405695289468732
Model size: (11, 16)
Validation fitness: 0.925041256343437 
Elapsed: 4.544645071029663

*** Epoch 1, batch 299/520 ***
Training fitness: 0.939484126984127
Model size: (12, 17)
Validation fitness: 0.9265703287157684 
Elapsed: 4.459091901779175

*** Epoch 1, batch 300/520 ***
Training fitness: 0.8952991452991453
Model size: (12, 17)
Validation fitness: 0.9265703287157684 
Elapsed: 4.308948755264282

*** Epoch 1, batch 301/520 ***
Training fitness: 0.9118920295390884
Model size: (12, 17)
Validation fitness: 0.9265703287157684 
Elapsed: 4.479942560195923

*** Epoch 1, batch 302/520 ***
Training fitness: 0.9455769705955028
Model size: (13, 23)
Validation fitness: 0.9172652219631509 
Elapsed: 4.659806966781616

*** Epoch 1, batch 303/520 ***
Training fitness: 0.9246971109040075
Model size: (11, 14)
Validation fitness: 0.9154603666620947 
Elapsed: 4.169788837432861

*** Epoch 1, batch 304/520 ***
Training fitness: 0.9562595653504744
Model size: (13, 22)
Validation fitness: 0.9115629040369405 
Elapsed: 4.288395643234253

*** Epoch 1, batch 305/520 ***
Training fitness: 0.9044477028347996
Model size: (11, 16)
Validation fitness: 0.924662433136744 
Elapsed: 4.344869375228882

*** Epoch 1, batch 306/520 ***
Training fitness: 0.9223585423915034
Model size: (11, 20)
Validation fitness: 0.9160263429799296 
Elapsed: 4.682205677032471

*** Epoch 1, batch 307/520 ***
Training fitness: 0.9437927663734115
Model size: (13, 19)
Validation fitness: 0.9296346454532985 
Elapsed: 4.490716457366943

*** Epoch 1, batch 308/520 ***
Training fitness: 0.9388304379740641
Model size: (8, 11)
Validation fitness: 0.9152755909111691 
Elapsed: 4.074223756790161

*** Epoch 1, batch 309/520 ***
Training fitness: 0.9521016617790811
Model size: (11, 19)
Validation fitness: 0.9192896264801352 
Elapsed: 4.515721082687378

*** Epoch 1, batch 310/520 ***
Training fitness: 0.9443664122137405
Model size: (8, 11)
Validation fitness: 0.9152755909111691 
Elapsed: 4.218597412109375

*** Epoch 1, batch 311/520 ***
Training fitness: 0.9445665445665447
Model size: (12, 18)
Validation fitness: 0.9273945137841173 
Elapsed: 4.276262998580933

*** Epoch 1, batch 312/520 ***
Training fitness: 0.8990416895562473
Model size: (12, 15)
Validation fitness: 0.9270310428382024 
Elapsed: 4.099116086959839

*** Epoch 1, batch 313/520 ***
Training fitness: 0.9321847507331378
Model size: (12, 15)
Validation fitness: 0.9270310428382024 
Elapsed: 4.287556409835815

*** Epoch 1, batch 314/520 ***
Training fitness: 0.9161623571122929
Model size: (12, 15)
Validation fitness: 0.9270310428382024 
Elapsed: 4.32175350189209

*** Epoch 1, batch 315/520 ***
Training fitness: 0.9549739822467096
Model size: (13, 19)
Validation fitness: 0.9296346454532985 
Elapsed: 4.422440052032471

*** Epoch 1, batch 316/520 ***
Training fitness: 0.9126984126984128
Model size: (12, 18)
Validation fitness: 0.9273945137841173 
Elapsed: 4.336972951889038

*** Epoch 1, batch 317/520 ***
Training fitness: 0.9134450697333008
Model size: (13, 19)
Validation fitness: 0.9296346454532985 
Elapsed: 4.451972961425781

*** Epoch 1, batch 318/520 ***
Training fitness: 0.9103764921946741
Model size: (13, 19)
Validation fitness: 0.9296346454532985 
Elapsed: 4.436774253845215

*** Epoch 1, batch 319/520 ***
Training fitness: 0.9483664122137405
Model size: (13, 19)
Validation fitness: 0.9296346454532985 
Elapsed: 4.417272329330444

*** Epoch 1, batch 320/520 ***
Training fitness: 0.9453125
Model size: (13, 19)
Validation fitness: 0.9253348328990079 
Elapsed: 4.394265174865723

*** Epoch 1, batch 321/520 ***
Training fitness: 0.9284921369102683
Model size: (13, 19)
Validation fitness: 0.9253348328990079 
Elapsed: 4.354637384414673

*** Epoch 1, batch 322/520 ***
Training fitness: 0.9310376492194673
Model size: (14, 19)
Validation fitness: 0.914292790197961 
Elapsed: 4.390766620635986

*** Epoch 1, batch 323/520 ***
Training fitness: 0.9274809160305343
Model size: (13, 19)
Validation fitness: 0.9296346454532985 
Elapsed: 4.568531036376953

*** Epoch 1, batch 324/520 ***
Training fitness: 0.9407203907203907
Model size: (8, 13)
Validation fitness: 0.9212458921958578 
Elapsed: 4.4708826541900635

*** Epoch 1, batch 325/520 ***
Training fitness: 0.9164222873900294
Model size: (13, 19)
Validation fitness: 0.9296346454532985 
Elapsed: 4.543525457382202

*** Epoch 1, batch 326/520 ***
Training fitness: 0.9080078604765414
Model size: (8, 13)
Validation fitness: 0.9212830155899968 
Elapsed: 4.0496180057525635

*** Epoch 1, batch 327/520 ***
Training fitness: 0.9470883288475654
Model size: (13, 19)
Validation fitness: 0.9296346454532985 
Elapsed: 2.35434889793396

*** Epoch 1, batch 328/520 ***
Training fitness: 0.9296798029556651
Model size: (7, 10)
Validation fitness: 0.9230348649019339 
Elapsed: 2.1678574085235596

*** Epoch 1, batch 329/520 ***
Training fitness: 0.9261734725019838
Model size: (13, 19)
Validation fitness: 0.9296346454532985 
Elapsed: 2.4468741416931152

*** Epoch 1, batch 330/520 ***
Training fitness: 0.9230205278592375
Model size: (7, 10)
Validation fitness: 0.9230348649019339 
Elapsed: 2.3645224571228027

*** Epoch 1, batch 331/520 ***
Training fitness: 0.9456654456654457
Model size: (13, 18)
Validation fitness: 0.9278609610021488 
Elapsed: 2.531510591506958

*** Epoch 1, batch 332/520 ***
Training fitness: 0.9453125
Model size: (13, 18)
Validation fitness: 0.9278609610021488 
Elapsed: 2.5284950733184814

*** Epoch 1, batch 333/520 ***
Training fitness: 0.9488188976377953
Model size: (13, 18)
Validation fitness: 0.9278609610021488 
Elapsed: 2.5309057235717773

*** Epoch 1, batch 334/520 ***
Training fitness: 0.9470271592855395
Model size: (13, 18)
Validation fitness: 0.9278609610021488 
Elapsed: 2.5923397541046143

*** Epoch 1, batch 335/520 ***
Training fitness: 0.882378074833669
Model size: (8, 14)
Validation fitness: 0.9132745576738445 
Elapsed: 2.23909592628479

*** Epoch 1, batch 336/520 ***
Training fitness: 0.9051808406647116
Model size: (6, 6)
Validation fitness: 0.903617007269236 
Elapsed: 2.1816370487213135

*** Epoch 1, batch 337/520 ***
Training fitness: 0.9295326645461218
Model size: (7, 12)
Validation fitness: 0.9126378731769762 
Elapsed: 2.3475630283355713

*** Epoch 1, batch 338/520 ***
Training fitness: 0.9228327228327229
Model size: (10, 16)
Validation fitness: 0.9164842682759566 
Elapsed: 2.127580404281616

*** Epoch 1, batch 339/520 ***
Training fitness: 0.9241071428571428
Model size: (10, 16)
Validation fitness: 0.9164842682759566 
Elapsed: 2.323279619216919

*** Epoch 1, batch 340/520 ***
Training fitness: 0.8960620744648224
Model size: (10, 16)
Validation fitness: 0.9164842682759566 
Elapsed: 2.206801176071167

*** Epoch 1, batch 341/520 ***
Training fitness: 0.9451208264157903
Model size: (10, 16)
Validation fitness: 0.924021048781603 
Elapsed: 2.289327383041382

*** Epoch 1, batch 342/520 ***
Training fitness: 0.9310966138552345
Model size: (11, 17)
Validation fitness: 0.9135709230558223 
Elapsed: 2.2430598735809326

*** Epoch 1, batch 343/520 ***
Training fitness: 0.9151145038167939
Model size: (10, 16)
Validation fitness: 0.924021048781603 
Elapsed: 2.181666374206543

*** Epoch 1, batch 344/520 ***
Training fitness: 0.90625
Model size: (10, 16)
Validation fitness: 0.924021048781603 
Elapsed: 2.182708501815796

*** Epoch 1, batch 345/520 ***
Training fitness: 0.94921875
Model size: (11, 14)
Validation fitness: 0.906864563617245 
Elapsed: 2.124825954437256

*** Epoch 1, batch 346/520 ***
Training fitness: 0.9208791208791209
Model size: (10, 16)
Validation fitness: 0.9164842682759566 
Elapsed: 2.2466213703155518

*** Epoch 1, batch 347/520 ***
Training fitness: 0.9216260758102911
Model size: (10, 16)
Validation fitness: 0.924021048781603 
Elapsed: 2.234992265701294

*** Epoch 1, batch 348/520 ***
Training fitness: 0.8960911225331557
Model size: (7, 12)
Validation fitness: 0.9126378731769762 
Elapsed: 2.2631313800811768

*** Epoch 1, batch 349/520 ***
Training fitness: 0.8897435897435898
Model size: (8, 15)
Validation fitness: 0.9078785351803593 
Elapsed: 2.357072353363037

*** Epoch 1, batch 350/520 ***
Training fitness: 0.9005509641873278
Model size: (8, 13)
Validation fitness: 0.9044824212499428 
Elapsed: 2.1140823364257812

*** Epoch 1, batch 351/520 ***
Training fitness: 0.9437484647506755
Model size: (7, 12)
Validation fitness: 0.9126378731769762 
Elapsed: 2.3913075923919678

*** Epoch 1, batch 352/520 ***
Training fitness: 0.8949202273977628
Model size: (6, 12)
Validation fitness: 0.8725924747405477 
Elapsed: 2.335514783859253

*** Epoch 1, batch 353/520 ***
Training fitness: 0.8983702618568028
Model size: (7, 12)
Validation fitness: 0.9126378731769762 
Elapsed: 2.23305344581604

*** Epoch 1, batch 354/520 ***
Training fitness: 0.9253511623627554
Model size: (5, 10)
Validation fitness: 0.9142923513006904 
Elapsed: 2.3160622119903564

*** Epoch 1, batch 355/520 ***
Training fitness: 0.93359375
Model size: (5, 10)
Validation fitness: 0.9142923513006904 
Elapsed: 2.303959846496582

*** Epoch 1, batch 356/520 ***
Training fitness: 0.9351732991014121
Model size: (5, 10)
Validation fitness: 0.9142923513006904 
Elapsed: 2.3767571449279785

*** Epoch 1, batch 357/520 ***
Training fitness: 0.8979797979797979
Model size: (5, 10)
Validation fitness: 0.9142923513006904 
Elapsed: 2.3318569660186768

*** Epoch 1, batch 358/520 ***
Training fitness: 0.9271299760780224
Model size: (10, 16)
Validation fitness: 0.9102860238650391 
Elapsed: 2.2795567512512207

*** Epoch 1, batch 359/520 ***
Training fitness: 0.9161330049261084
Model size: (7, 12)
Validation fitness: 0.9126378731769762 
Elapsed: 2.3227977752685547

*** Epoch 1, batch 360/520 ***
Training fitness: 0.9127328244274809
Model size: (5, 10)
Validation fitness: 0.9142923513006904 
Elapsed: 2.440904140472412

*** Epoch 1, batch 361/520 ***
Training fitness: 0.941827746513335
Model size: (7, 12)
Validation fitness: 0.9126378731769762 
Elapsed: 2.220170021057129

*** Epoch 1, batch 362/520 ***
Training fitness: 0.9260752688172044
Model size: (7, 12)
Validation fitness: 0.9126378731769762 
Elapsed: 2.2075135707855225

*** Epoch 1, batch 363/520 ***
Training fitness: 0.8899533284205354
Model size: (7, 12)
Validation fitness: 0.8921318886298176 
Elapsed: 2.369688034057617

*** Epoch 1, batch 364/520 ***
Training fitness: 0.9343816793893129
Model size: (7, 11)
Validation fitness: 0.9040378091711242 
Elapsed: 2.3050291538238525

*** Epoch 1, batch 365/520 ***
Training fitness: 0.9249460376194881
Model size: (5, 10)
Validation fitness: 0.9142923513006904 
Elapsed: 2.3552114963531494

*** Epoch 1, batch 366/520 ***
Training fitness: 0.9266788766788767
Model size: (5, 10)
Validation fitness: 0.9142923513006904 
Elapsed: 2.4302144050598145

*** Epoch 1, batch 367/520 ***
Training fitness: 0.8939449429286456
Model size: (8, 11)
Validation fitness: 0.911636931376583 
Elapsed: 2.1752443313598633

*** Epoch 1, batch 368/520 ***
Training fitness: 0.889754874992359
Model size: (8, 14)
Validation fitness: 0.9182603026562428 
Elapsed: 2.297600269317627

*** Epoch 1, batch 369/520 ***
Training fitness: 0.94140625
Model size: (9, 13)
Validation fitness: 0.9065509989484752 
Elapsed: 2.4832048416137695

*** Epoch 1, batch 370/520 ***
Training fitness: 0.9619525324198679
Model size: (5, 10)
Validation fitness: 0.9142923513006904 
Elapsed: 2.3613085746765137

*** Epoch 1, batch 371/520 ***
Training fitness: 0.9108527131782946
Model size: (4, 6)
Validation fitness: 0.8831638092625612 
Elapsed: 2.3781325817108154

*** Epoch 1, batch 372/520 ***
Training fitness: 0.9249999999999999
Model size: (8, 14)
Validation fitness: 0.9182603026562428 
Elapsed: 2.4415667057037354

*** Epoch 1, batch 373/520 ***
Training fitness: 0.9099479644934191
Model size: (8, 14)
Validation fitness: 0.9182603026562428 
Elapsed: 2.4392805099487305

*** Epoch 1, batch 374/520 ***
Training fitness: 0.9340597758405977
Model size: (8, 14)
Validation fitness: 0.9182603026562428 
Elapsed: 2.4966981410980225

*** Epoch 1, batch 375/520 ***
Training fitness: 0.9273504273504274
Model size: (8, 14)
Validation fitness: 0.9182603026562428 
Elapsed: 2.431774377822876

*** Epoch 1, batch 376/520 ***
Training fitness: 0.9186074943456202
Model size: (9, 14)
Validation fitness: 0.9042943263384081 
Elapsed: 2.392181634902954

*** Epoch 1, batch 377/520 ***
Training fitness: 0.9350212576940161
Model size: (3, 6)
Validation fitness: 0.917249558816806 
Elapsed: 2.368194103240967

*** Epoch 1, batch 378/520 ***
Training fitness: 0.9212824427480916
Model size: (9, 13)
Validation fitness: 0.9065509989484752 
Elapsed: 2.507539749145508

*** Epoch 1, batch 379/520 ***
Training fitness: 0.9181745690977121
Model size: (5, 10)
Validation fitness: 0.9142923513006904 
Elapsed: 2.432574987411499

*** Epoch 1, batch 380/520 ***
Training fitness: 0.9333394461764166
Model size: (3, 6)
Validation fitness: 0.917249558816806 
Elapsed: 2.2885499000549316

*** Epoch 1, batch 381/520 ***
Training fitness: 0.9024913276568907
Model size: (8, 11)
Validation fitness: 0.911636931376583 
Elapsed: 2.2988126277923584

*** Epoch 1, batch 382/520 ***
Training fitness: 0.9343294595093156
Model size: (9, 13)
Validation fitness: 0.9065509989484752 
Elapsed: 2.4925334453582764

*** Epoch 1, batch 383/520 ***
Training fitness: 0.9404411764705882
Model size: (3, 6)
Validation fitness: 0.9094342705618799 
Elapsed: 2.3165316581726074

*** Epoch 1, batch 384/520 ***
Training fitness: 0.9419061655612871
Model size: (9, 13)
Validation fitness: 0.9173352717962785 
Elapsed: 2.2878072261810303

*** Epoch 1, batch 385/520 ***
Training fitness: 0.9104936335695916
Model size: (9, 13)
Validation fitness: 0.9173352717962785 
Elapsed: 2.3476340770721436

*** Epoch 1, batch 386/520 ***
Training fitness: 0.941648854961832
Model size: (3, 6)
Validation fitness: 0.917249558816806 
Elapsed: 2.253479242324829

*** Epoch 1, batch 387/520 ***
Training fitness: 0.9454312396996887
Model size: (4, 7)
Validation fitness: 0.9154297901522426 
Elapsed: 2.2708585262298584

*** Epoch 1, batch 388/520 ***
Training fitness: 0.9275525525525525
Model size: (9, 13)
Validation fitness: 0.9173352717962785 
Elapsed: 2.2454309463500977

*** Epoch 1, batch 389/520 ***
Training fitness: 0.9127450980392157
Model size: (8, 11)
Validation fitness: 0.9056380286197595 
Elapsed: 2.3493716716766357

*** Epoch 1, batch 390/520 ***
Training fitness: 0.9084799608993157
Model size: (4, 8)
Validation fitness: 0.9290599277648242 
Elapsed: 2.227027416229248

*** Epoch 1, batch 391/520 ***
Training fitness: 0.9161365304624418
Model size: (4, 8)
Validation fitness: 0.9290599277648242 
Elapsed: 2.2257180213928223

*** Epoch 1, batch 392/520 ***
Training fitness: 0.9345238095238094
Model size: (9, 13)
Validation fitness: 0.9173352717962785 
Elapsed: 2.3767714500427246

*** Epoch 1, batch 393/520 ***
Training fitness: 0.9477941176470589
Model size: (3, 9)
Validation fitness: 0.9299698898184977 
Elapsed: 2.292567491531372

*** Epoch 1, batch 394/520 ***
Training fitness: 0.937984496124031
Model size: (3, 9)
Validation fitness: 0.9299698898184977 
Elapsed: 2.264467477798462

*** Epoch 1, batch 395/520 ***
Training fitness: 0.9082462253193961
Model size: (9, 19)
Validation fitness: 0.8932700132583551 
Elapsed: 2.480579376220703

*** Epoch 1, batch 396/520 ***
Training fitness: 0.9225885225885225
Model size: (3, 9)
Validation fitness: 0.9299698898184977 
Elapsed: 2.3701562881469727

*** Epoch 1, batch 397/520 ***
Training fitness: 0.9372520295428187
Model size: (3, 9)
Validation fitness: 0.9299698898184977 
Elapsed: 2.362236499786377

*** Epoch 1, batch 398/520 ***
Training fitness: 0.9410937117690238
Model size: (13, 19)
Validation fitness: 0.9125019704658711 
Elapsed: 2.3311824798583984

*** Epoch 1, batch 399/520 ***
Training fitness: 0.9419413919413919
Model size: (2, 7)
Validation fitness: 0.9244074521099072 
Elapsed: 2.314829111099243

*** Epoch 1, batch 400/520 ***
Training fitness: 0.90625
Model size: (3, 9)
Validation fitness: 0.9299698898184977 
Elapsed: 2.3285653591156006

*** Epoch 1, batch 401/520 ***
Training fitness: 0.9634817714705162
Model size: (3, 9)
Validation fitness: 0.9299698898184977 
Elapsed: 2.470867872238159

*** Epoch 1, batch 402/520 ***
Training fitness: 0.9176280290545077
Model size: (3, 9)
Validation fitness: 0.9299698898184977 
Elapsed: 2.3348658084869385

*** Epoch 1, batch 403/520 ***
Training fitness: 0.9340456890198967
Model size: (3, 9)
Validation fitness: 0.9229386549627394 
Elapsed: 2.406038999557495

*** Epoch 1, batch 404/520 ***
Training fitness: 0.9505165352405405
Model size: (10, 13)
Validation fitness: 0.9081144698943904 
Elapsed: 2.2630748748779297

*** Epoch 1, batch 405/520 ***
Training fitness: 0.9169364881693649
Model size: (14, 20)
Validation fitness: 0.912518291958122 
Elapsed: 2.4460160732269287

*** Epoch 1, batch 406/520 ***
Training fitness: 0.9269230769230768
Model size: (3, 9)
Validation fitness: 0.9229386549627394 
Elapsed: 2.3674912452697754

*** Epoch 1, batch 407/520 ***
Training fitness: 0.949063053164866
Model size: (4, 10)
Validation fitness: 0.9150841128331733 
Elapsed: 2.414478302001953

*** Epoch 1, batch 408/520 ***
Training fitness: 0.9092824427480916
Model size: (13, 18)
Validation fitness: 0.9107509989484753 
Elapsed: 2.3722493648529053

*** Epoch 1, batch 409/520 ***
Training fitness: 0.90625
Model size: (9, 11)
Validation fitness: 0.9092683856809766 
Elapsed: 2.4065258502960205

*** Epoch 1, batch 410/520 ***
Training fitness: 0.9079398091509664
Model size: (9, 11)
Validation fitness: 0.9092683856809766 
Elapsed: 2.431489944458008

*** Epoch 1, batch 411/520 ***
Training fitness: 0.9367647058823529
Model size: (13, 18)
Validation fitness: 0.9097189503040277 
Elapsed: 2.4143893718719482

*** Epoch 1, batch 412/520 ***
Training fitness: 0.9107616404563676
Model size: (13, 18)
Validation fitness: 0.9097189503040277 
Elapsed: 2.4017956256866455

*** Epoch 1, batch 413/520 ***
Training fitness: 0.9253357753357754
Model size: (13, 16)
Validation fitness: 0.9160769076029809 
Elapsed: 2.395341157913208

*** Epoch 1, batch 414/520 ***
Training fitness: 0.9367932025184913
Model size: (9, 12)
Validation fitness: 0.9127904722717506 
Elapsed: 2.4393162727355957

*** Epoch 1, batch 415/520 ***
Training fitness: 0.9191994069681246
Model size: (13, 16)
Validation fitness: 0.9160769076029809 
Elapsed: 2.3431501388549805

*** Epoch 1, batch 416/520 ***
Training fitness: 0.9073356699255979
Model size: (9, 12)
Validation fitness: 0.9127904722717506 
Elapsed: 2.3486785888671875

*** Epoch 1, batch 417/520 ***
Training fitness: 0.9473716531564726
Model size: (13, 16)
Validation fitness: 0.9160769076029809 
Elapsed: 2.354123592376709

*** Epoch 1, batch 418/520 ***
Training fitness: 0.9123910336239104
Model size: (14, 19)
Validation fitness: 0.9168633109312851 
Elapsed: 2.3948781490325928

*** Epoch 1, batch 419/520 ***
Training fitness: 0.9298084008843035
Model size: (3, 8)
Validation fitness: 0.8886394367485027 
Elapsed: 2.3402414321899414

*** Epoch 1, batch 420/520 ***
Training fitness: 0.9296875
Model size: (7, 11)
Validation fitness: 0.8888033465916884 
Elapsed: 2.487093925476074

*** Epoch 1, batch 421/520 ***
Training fitness: 0.9011485826001955
Model size: (9, 16)
Validation fitness: 0.9044119325195447 
Elapsed: 2.5657498836517334

*** Epoch 1, batch 422/520 ***
Training fitness: 0.9248908565455327
Model size: (9, 16)
Validation fitness: 0.9044119325195447 
Elapsed: 2.5055105686187744

*** Epoch 1, batch 423/520 ***
Training fitness: 0.9225620240727094
Model size: (7, 11)
Validation fitness: 0.8888033465916884 
Elapsed: 2.6321206092834473

*** Epoch 1, batch 424/520 ***
Training fitness: 0.9135347580447065
Model size: (10, 21)
Validation fitness: 0.9069518767430165 
Elapsed: 2.5127859115600586

*** Epoch 1, batch 425/520 ***
Training fitness: 0.9146825396825398
Model size: (10, 21)
Validation fitness: 0.9069518767430165 
Elapsed: 2.6134016513824463

*** Epoch 1, batch 426/520 ***
Training fitness: 0.9115196078431372
Model size: (10, 21)
Validation fitness: 0.9069518767430165 
Elapsed: 2.612117290496826

*** Epoch 1, batch 427/520 ***
Training fitness: 0.916170634920635
Model size: (7, 11)
Validation fitness: 0.8975217391304348 
Elapsed: 2.76960825920105

*** Epoch 1, batch 428/520 ***
Training fitness: 0.9329160305343511
Model size: (8, 12)
Validation fitness: 0.9023575458327618 
Elapsed: 2.4828176498413086

*** Epoch 1, batch 429/520 ***
Training fitness: 0.9407380254154447
Model size: (9, 16)
Validation fitness: 0.9044119325195447 
Elapsed: 2.5354197025299072

*** Epoch 1, batch 430/520 ***
Training fitness: 0.9111681329423266
Model size: (10, 20)
Validation fitness: 0.9040289763635533 
Elapsed: 2.544616937637329

*** Epoch 1, batch 431/520 ***
Training fitness: 0.913874137825795
Model size: (9, 16)
Validation fitness: 0.9044119325195447 
Elapsed: 2.589427947998047

*** Epoch 1, batch 432/520 ***
Training fitness: 0.9135292317110499
Model size: (6, 16)
Validation fitness: 0.9152679467837059 
Elapsed: 2.7723898887634277

*** Epoch 1, batch 433/520 ***
Training fitness: 0.9315047119765337
Model size: (15, 25)
Validation fitness: 0.908063969277191 
Elapsed: 2.553413152694702

*** Epoch 1, batch 434/520 ***
Training fitness: 0.9152175258369949
Model size: (6, 16)
Validation fitness: 0.9152679467837059 
Elapsed: 2.74971342086792

*** Epoch 1, batch 435/520 ***
Training fitness: 0.9245496183206107
Model size: (6, 16)
Validation fitness: 0.9152679467837059 
Elapsed: 2.5985255241394043

*** Epoch 1, batch 436/520 ***
Training fitness: 0.9056695992179863
Model size: (6, 16)
Validation fitness: 0.9152679467837059 
Elapsed: 2.7022271156311035

*** Epoch 1, batch 437/520 ***
Training fitness: 0.9112745098039216
Model size: (6, 17)
Validation fitness: 0.9223605541078042 
Elapsed: 2.6617798805236816

*** Epoch 1, batch 438/520 ***
Training fitness: 0.9219701162147206
Model size: (9, 16)
Validation fitness: 0.9044119325195447 
Elapsed: 2.471984624862671

*** Epoch 1, batch 439/520 ***
Training fitness: 0.9218559218559219
Model size: (6, 17)
Validation fitness: 0.9223605541078042 
Elapsed: 2.661113739013672

*** Epoch 1, batch 440/520 ***
Training fitness: 0.9127450980392157
Model size: (13, 21)
Validation fitness: 0.9063593014218443 
Elapsed: 2.4395623207092285

*** Epoch 1, batch 441/520 ***
Training fitness: 0.9338033327229446
Model size: (6, 17)
Validation fitness: 0.9223605541078042 
Elapsed: 2.5974271297454834

*** Epoch 1, batch 442/520 ***
Training fitness: 0.9249037227214377
Model size: (16, 28)
Validation fitness: 0.9098174461665066 
Elapsed: 2.681605815887451

*** Epoch 1, batch 443/520 ***
Training fitness: 0.9072057744066553
Model size: (6, 17)
Validation fitness: 0.9223605541078042 
Elapsed: 2.646617889404297

*** Epoch 1, batch 444/520 ***
Training fitness: 0.953125
Model size: (6, 17)
Validation fitness: 0.9223605541078042 
Elapsed: 2.673844337463379

*** Epoch 1, batch 445/520 ***
Training fitness: 0.9267993122083026
Model size: (7, 15)
Validation fitness: 0.9046690440268824 
Elapsed: 2.453178644180298

*** Epoch 1, batch 446/520 ***
Training fitness: 0.8982750183508686
Model size: (6, 8)
Validation fitness: 0.885493320532163 
Elapsed: 2.5172173976898193

*** Epoch 1, batch 447/520 ***
Training fitness: 0.9369458128078817
Model size: (4, 8)
Validation fitness: 0.9115890001371554 
Elapsed: 2.4867005348205566

*** Epoch 1, batch 448/520 ***
Training fitness: 0.9132281924323002
Model size: (9, 22)
Validation fitness: 0.8857638092625613 
Elapsed: 2.5612945556640625

*** Epoch 1, batch 449/520 ***
Training fitness: 0.8889774888057413
Model size: (11, 26)
Validation fitness: 0.9033433548210122 
Elapsed: 2.4699628353118896

*** Epoch 1, batch 450/520 ***
Training fitness: 0.892291704871936
Model size: (4, 8)
Validation fitness: 0.9115890001371554 
Elapsed: 2.5217745304107666

*** Epoch 1, batch 451/520 ***
Training fitness: 0.9213098729227761
Model size: (3, 8)
Validation fitness: 0.9018966122616925 
Elapsed: 2.4749460220336914

*** Epoch 1, batch 452/520 ***
Training fitness: 0.9125194159676919
Model size: (4, 8)
Validation fitness: 0.9115890001371554 
Elapsed: 2.643700122833252

*** Epoch 1, batch 453/520 ***
Training fitness: 0.913423107667712
Model size: (6, 12)
Validation fitness: 0.9075263749828556 
Elapsed: 2.56825590133667

*** Epoch 1, batch 454/520 ***
Training fitness: 0.9294201373847392
Model size: (15, 27)
Validation fitness: 0.9090936679925021 
Elapsed: 2.5102458000183105

*** Epoch 1, batch 455/520 ***
Training fitness: 0.8978021978021978
Model size: (5, 10)
Validation fitness: 0.9021684176839024 
Elapsed: 2.7134177684783936

*** Epoch 1, batch 456/520 ***
Training fitness: 0.9156674660271782
Model size: (11, 19)
Validation fitness: 0.8872783157317241 
Elapsed: 2.7175674438476562

*** Epoch 1, batch 457/520 ***
Training fitness: 0.924969474969475
Model size: (4, 7)
Validation fitness: 0.8764531888629818 
Elapsed: 2.645439386367798

*** Epoch 1, batch 458/520 ***
Training fitness: 0.9537558111083925
Model size: (3, 8)
Validation fitness: 0.9018966122616925 
Elapsed: 2.587629795074463

*** Epoch 1, batch 459/520 ***
Training fitness: 0.9270833333333334
Model size: (2, 6)
Validation fitness: 0.8891166918118227 
Elapsed: 2.6073076725006104

*** Epoch 1, batch 460/520 ***
Training fitness: 0.9287084596819111
Model size: (3, 7)
Validation fitness: 0.8984139989941937 
Elapsed: 2.6492815017700195

*** Epoch 1, batch 461/520 ***
Training fitness: 0.9362745098039216
Model size: (15, 19)
Validation fitness: 0.9124231792621039 
Elapsed: 2.4735615253448486

*** Epoch 1, batch 462/520 ***
Training fitness: 0.9127722045510154
Model size: (15, 19)
Validation fitness: 0.9124231792621039 
Elapsed: 2.497565507888794

*** Epoch 1, batch 463/520 ***
Training fitness: 0.9083333333333333
Model size: (15, 18)
Validation fitness: 0.913972239747634 
Elapsed: 2.4765756130218506

*** Epoch 1, batch 464/520 ***
Training fitness: 0.9373130684245864
Model size: (11, 27)
Validation fitness: 0.9078484615736295 
Elapsed: 2.5649471282958984

*** Epoch 1, batch 465/520 ***
Training fitness: 0.9293381586211127
Model size: (5, 10)
Validation fitness: 0.9094465505417638 
Elapsed: 2.5540082454681396

*** Epoch 1, batch 466/520 ***
Training fitness: 0.9290674603174602
Model size: (15, 18)
Validation fitness: 0.9127182919581219 
Elapsed: 2.539041042327881

*** Epoch 1, batch 467/520 ***
Training fitness: 0.9305648854961832
Model size: (15, 18)
Validation fitness: 0.9127182919581219 
Elapsed: 2.4426827430725098

*** Epoch 1, batch 468/520 ***
Training fitness: 0.9059390831959959
Model size: (14, 16)
Validation fitness: 0.9115537877748823 
Elapsed: 2.6051015853881836

*** Epoch 1, batch 469/520 ***
Training fitness: 0.919614345369688
Model size: (14, 16)
Validation fitness: 0.9115537877748823 
Elapsed: 2.544078826904297

*** Epoch 1, batch 470/520 ***
Training fitness: 0.9509803921568626
Model size: (8, 15)
Validation fitness: 0.9077637178256298 
Elapsed: 2.747473955154419

*** Epoch 1, batch 471/520 ***
Training fitness: 0.94140625
Model size: (13, 17)
Validation fitness: 0.9129786311891372 
Elapsed: 2.598768711090088

*** Epoch 1, batch 472/520 ***
Training fitness: 0.9214896214896215
Model size: (13, 17)
Validation fitness: 0.9173426964751062 
Elapsed: 2.671469211578369

*** Epoch 1, batch 473/520 ***
Training fitness: 0.924732824427481
Model size: (13, 16)
Validation fitness: 0.9152841128331732 
Elapsed: 2.517848014831543

*** Epoch 1, batch 474/520 ***
Training fitness: 0.9325980392156863
Model size: (7, 14)
Validation fitness: 0.906925341745531 
Elapsed: 2.747586488723755

*** Epoch 1, batch 475/520 ***
Training fitness: 0.9490992366412213
Model size: (6, 12)
Validation fitness: 0.9069603346591688 
Elapsed: 2.4965426921844482

*** Epoch 1, batch 476/520 ***
Training fitness: 0.9152977099236641
Model size: (13, 16)
Validation fitness: 0.9152841128331732 
Elapsed: 2.612921714782715

*** Epoch 1, batch 477/520 ***
Training fitness: 0.9539215686274511
Model size: (4, 10)
Validation fitness: 0.9125544461207882 
Elapsed: 2.594151258468628

*** Epoch 1, batch 478/520 ***
Training fitness: 0.9231527093596059
Model size: (9, 16)
Validation fitness: 0.909132044072601 
Elapsed: 2.6490654945373535

*** Epoch 1, batch 479/520 ***
Training fitness: 0.9194572926302805
Model size: (6, 12)
Validation fitness: 0.9069639372742649 
Elapsed: 2.497276544570923

*** Epoch 1, batch 480/520 ***
Training fitness: 0.9172851622400785
Model size: (12, 25)
Validation fitness: 0.9064828601472135 
Elapsed: 2.75215744972229

*** Epoch 1, batch 481/520 ***
Training fitness: 0.9161810709685333
Model size: (6, 12)
Validation fitness: 0.9069639372742649 
Elapsed: 2.629997968673706

*** Epoch 1, batch 482/520 ***
Training fitness: 0.9140625
Model size: (8, 15)
Validation fitness: 0.9077637178256298 
Elapsed: 2.7512223720550537

*** Epoch 1, batch 483/520 ***
Training fitness: 0.9368742368742369
Model size: (9, 16)
Validation fitness: 0.909132044072601 
Elapsed: 2.657219648361206

*** Epoch 1, batch 484/520 ***
Training fitness: 0.9186074943456202
Model size: (4, 10)
Validation fitness: 0.9125544461207882 
Elapsed: 2.681969404220581

*** Epoch 1, batch 485/520 ***
Training fitness: 0.9504901960784312
Model size: (9, 16)
Validation fitness: 0.909132044072601 
Elapsed: 2.6162495613098145

*** Epoch 1, batch 486/520 ***
Training fitness: 0.9301318150875673
Model size: (9, 14)
Validation fitness: 0.8845103003703196 
Elapsed: 2.631958484649658

*** Epoch 1, batch 487/520 ***
Training fitness: 0.9219479243429133
Model size: (9, 14)
Validation fitness: 0.89199548301559 
Elapsed: 2.4620845317840576

*** Epoch 1, batch 488/520 ***
Training fitness: 0.9261402314499658
Model size: (4, 10)
Validation fitness: 0.9125843642847346 
Elapsed: 2.432657480239868

*** Epoch 1, batch 489/520 ***
Training fitness: 0.9235380926028407
Model size: (5, 11)
Validation fitness: 0.9067820143555982 
Elapsed: 2.4756712913513184

*** Epoch 1, batch 490/520 ***
Training fitness: 0.9220876048462255
Model size: (9, 16)
Validation fitness: 0.909132044072601 
Elapsed: 2.5429039001464844

*** Epoch 1, batch 491/520 ***
Training fitness: 0.9032356532356532
Model size: (8, 13)
Validation fitness: 0.8780075161157592 
Elapsed: 2.4762959480285645

*** Epoch 1, batch 492/520 ***
Training fitness: 0.924915824915825
Model size: (4, 10)
Validation fitness: 0.9125843642847346 
Elapsed: 2.570314645767212

*** Epoch 1, batch 493/520 ***
Training fitness: 0.915109466543324
Model size: (5, 13)
Validation fitness: 0.9068488364650482 
Elapsed: 2.5429484844207764

*** Epoch 1, batch 494/520 ***
Training fitness: 0.9372405372405374
Model size: (6, 13)
Validation fitness: 0.8939920084121976 
Elapsed: 2.6564149856567383

*** Epoch 1, batch 495/520 ***
Training fitness: 0.9009794918885827
Model size: (9, 15)
Validation fitness: 0.8943573263841266 
Elapsed: 2.4971110820770264

*** Epoch 1, batch 496/520 ***
Training fitness: 0.9224864257629657
Model size: (5, 11)
Validation fitness: 0.9067820143555982 
Elapsed: 2.4889979362487793

*** Epoch 1, batch 497/520 ***
Training fitness: 0.8916177908113392
Model size: (7, 10)
Validation fitness: 0.897032012069675 
Elapsed: 2.531773567199707

*** Epoch 1, batch 498/520 ***
Training fitness: 0.892412439428326
Model size: (7, 10)
Validation fitness: 0.897032012069675 
Elapsed: 2.60188889503479

*** Epoch 1, batch 499/520 ***
Training fitness: 0.906891495601173
Model size: (5, 11)
Validation fitness: 0.9067820143555982 
Elapsed: 2.4913651943206787

*** Epoch 1, batch 500/520 ***
Training fitness: 0.9283251231527093
Model size: (5, 11)
Validation fitness: 0.9067820143555982 
Elapsed: 2.4863247871398926

*** Epoch 1, batch 501/520 ***
Training fitness: 0.9068627450980392
Model size: (7, 9)
Validation fitness: 0.8984036940520277 
Elapsed: 2.383920431137085

*** Epoch 1, batch 502/520 ***
Training fitness: 0.90625
Model size: (7, 10)
Validation fitness: 0.897032012069675 
Elapsed: 2.4760866165161133

*** Epoch 1, batch 503/520 ***
Training fitness: 0.9140625
Model size: (7, 10)
Validation fitness: 0.897032012069675 
Elapsed: 2.5423333644866943

*** Epoch 1, batch 504/520 ***
Training fitness: 0.9028693528693529
Model size: (4, 9)
Validation fitness: 0.9127359301421845 
Elapsed: 2.3484139442443848

*** Epoch 1, batch 505/520 ***
Training fitness: 0.9369656119328466
Model size: (7, 10)
Validation fitness: 0.897032012069675 
Elapsed: 2.481175422668457

*** Epoch 1, batch 506/520 ***
Training fitness: 0.9157943067033976
Model size: (4, 9)
Validation fitness: 0.9127359301421845 
Elapsed: 2.3846793174743652

*** Epoch 1, batch 507/520 ***
Training fitness: 0.9069069069069069
Model size: (7, 10)
Validation fitness: 0.8954014355598227 
Elapsed: 2.3825197219848633

*** Epoch 1, batch 508/520 ***
Training fitness: 0.8963290905736949
Model size: (4, 9)
Validation fitness: 0.9127359301421845 
Elapsed: 2.315993309020996

*** Epoch 1, batch 509/520 ***
Training fitness: 0.89453125
Model size: (4, 9)
Validation fitness: 0.9127359301421845 
Elapsed: 2.425344467163086

*** Epoch 1, batch 510/520 ***
Training fitness: 0.9560785767234989
Model size: (3, 7)
Validation fitness: 0.9060644081744617 
Elapsed: 2.424146890640259

*** Epoch 1, batch 511/520 ***
Training fitness: 0.8962609970674487
Model size: (7, 10)
Validation fitness: 0.8557109587162255 
Elapsed: 2.2561142444610596

*** Epoch 1, batch 512/520 ***
Training fitness: 0.9338320610687023
Model size: (4, 9)
Validation fitness: 0.9127359301421845 
Elapsed: 2.4454236030578613

*** Epoch 1, batch 513/520 ***
Training fitness: 0.9208386820710313
Model size: (5, 13)
Validation fitness: 0.9132017190143099 
Elapsed: 2.630185604095459

*** Epoch 1, batch 514/520 ***
Training fitness: 0.9363860622880049
Model size: (5, 13)
Validation fitness: 0.908462433136744 
Elapsed: 2.650378465652466

*** Epoch 1, batch 515/520 ***
Training fitness: 0.9021851919672832
Model size: (5, 13)
Validation fitness: 0.908462433136744 
Elapsed: 2.6208558082580566

*** Epoch 1, batch 516/520 ***
Training fitness: 0.9338449161458011
Model size: (5, 13)
Validation fitness: 0.9132017190143099 
Elapsed: 2.57531476020813

*** Epoch 1, batch 517/520 ***
Training fitness: 0.9194915254237288
Model size: (10, 18)
Validation fitness: 0.8732554747862661 
Elapsed: 2.581303834915161

*** Epoch 1, batch 518/520 ***
Training fitness: 0.9255672385168788
Model size: (6, 9)
Validation fitness: 0.8991692954784437 
Elapsed: 2.601797103881836

*** Epoch 1, batch 519/520 ***
Training fitness: 0.9247252747252748
Model size: (4, 8)
Validation fitness: 0.911278315731724 
Elapsed: 2.388596296310425

*** Epoch 1, batch 520/520 ***
Training fitness: 0.897429435483871
Model size: (7, 16)
Validation fitness: 0.9119748091254057 
Elapsed: 2.7643988132476807

Total train time: 1675.7708814144135
Test time: 0.1941850185394287
Test fitness: 0.9318392015346959
Test statistics: Stats(total=14791, total_true=7158, total_false=7633, true_positive=6321, true_negative=7485, false_positive=148, false_negative=837, tpr=0.8830678960603521, tnr=0.9806105070090397, ppv=0.9771216571340238, npv=0.8994232155731795, accuracy=0.9334054492596849, f1=0.927717032362222, mcc=0.870087855264295)
