Configuration:
Dataset: nsl_kdd
Selector: pca
Fold: 8
Fitness: mcc
Batch size: 256
Epochs: 1
Config args: {}
*** Epoch 1, batch 1/520 ***
Training fitness: 0.8515341268497455
Model size: (1, 12)
Validation fitness: 0.7848411004587855 !!!
Elapsed: 3.6004996299743652

*** Epoch 1, batch 2/520 ***
Training fitness: 0.8297471856878231
Model size: (1, 12)
Validation fitness: 0.7848411004587855 
Elapsed: 3.8268189430236816

*** Epoch 1, batch 3/520 ***
Training fitness: 0.8060348961034987
Model size: (1, 11)
Validation fitness: 0.7682476287375608 
Elapsed: 3.484903335571289

*** Epoch 1, batch 4/520 ***
Training fitness: 0.804143880013826
Model size: (2, 12)
Validation fitness: 0.7580438827999805 
Elapsed: 2.063452959060669

*** Epoch 1, batch 5/520 ***
Training fitness: 0.810939517678008
Model size: (2, 10)
Validation fitness: 0.7954018293547319 !!!
Elapsed: 2.0271973609924316

*** Epoch 1, batch 6/520 ***
Training fitness: 0.8101196141536221
Model size: (1, 8)
Validation fitness: 0.7893244839711849 
Elapsed: 2.162780284881592

*** Epoch 1, batch 7/520 ***
Training fitness: 0.8454027929649518
Model size: (1, 10)
Validation fitness: 0.7808842737371366 
Elapsed: 2.0376968383789062

*** Epoch 1, batch 8/520 ***
Training fitness: 0.8438530156892917
Model size: (3, 10)
Validation fitness: 0.8249429713454467 !!!
Elapsed: 2.071902275085449

*** Epoch 1, batch 9/520 ***
Training fitness: 0.8741860170364298
Model size: (3, 10)
Validation fitness: 0.8249429713454467 
Elapsed: 2.059401273727417

*** Epoch 1, batch 10/520 ***
Training fitness: 0.8130602602518727
Model size: (1, 5)
Validation fitness: 0.7921307484127597 
Elapsed: 2.00897216796875

*** Epoch 1, batch 11/520 ***
Training fitness: 0.8420737474484297
Model size: (4, 13)
Validation fitness: 0.8281892202082809 !!!
Elapsed: 2.1231322288513184

*** Epoch 1, batch 12/520 ***
Training fitness: 0.8134961832061068
Model size: (5, 12)
Validation fitness: 0.8311814067074805 !!!
Elapsed: 2.062854051589966

*** Epoch 1, batch 13/520 ***
Training fitness: 0.8654024264219251
Model size: (5, 16)
Validation fitness: 0.8437791020209768 !!!
Elapsed: 2.2776753902435303

*** Epoch 1, batch 14/520 ***
Training fitness: 0.8447080623480541
Model size: (5, 14)
Validation fitness: 0.8494913501931456 !!!
Elapsed: 4.2050395011901855

*** Epoch 1, batch 15/520 ***
Training fitness: 0.8244574445480144
Model size: (4, 10)
Validation fitness: 0.8150945723668303 
Elapsed: 4.485797882080078

*** Epoch 1, batch 16/520 ***
Training fitness: 0.842478905193719
Model size: (3, 13)
Validation fitness: 0.8382442008724873 
Elapsed: 4.3779356479644775

*** Epoch 1, batch 17/520 ***
Training fitness: 0.8534360789870605
Model size: (3, 12)
Validation fitness: 0.854801894018778 !!!
Elapsed: 4.608375787734985

*** Epoch 1, batch 18/520 ***
Training fitness: 0.8587491311038694
Model size: (2, 11)
Validation fitness: 0.832922388557054 
Elapsed: 4.652373790740967

*** Epoch 1, batch 19/520 ***
Training fitness: 0.8536753350213125
Model size: (3, 11)
Validation fitness: 0.8389951585836115 
Elapsed: 4.820628881454468

*** Epoch 1, batch 20/520 ***
Training fitness: 0.8465584171413254
Model size: (3, 11)
Validation fitness: 0.8389951585836115 
Elapsed: 4.488694667816162

*** Epoch 1, batch 21/520 ***
Training fitness: 0.8822280323748932
Model size: (3, 14)
Validation fitness: 0.8200701678984205 
Elapsed: 2.484752893447876

*** Epoch 1, batch 22/520 ***
Training fitness: 0.9002490062176361
Model size: (4, 11)
Validation fitness: 0.8653778288679179 !!!
Elapsed: 2.3956916332244873

*** Epoch 1, batch 23/520 ***
Training fitness: 0.8674470710039951
Model size: (4, 12)
Validation fitness: 0.8518694668535964 
Elapsed: 2.3868050575256348

*** Epoch 1, batch 24/520 ***
Training fitness: 0.8335198475048359
Model size: (4, 12)
Validation fitness: 0.8518694668535964 
Elapsed: 2.4558253288269043

*** Epoch 1, batch 25/520 ***
Training fitness: 0.8896064926123864
Model size: (6, 8)
Validation fitness: 0.8349388576021447 
Elapsed: 2.3809964656829834

*** Epoch 1, batch 26/520 ***
Training fitness: 0.8653432638248066
Model size: (2, 11)
Validation fitness: 0.832922388557054 
Elapsed: 2.3693325519561768

*** Epoch 1, batch 27/520 ***
Training fitness: 0.882346156062733
Model size: (2, 11)
Validation fitness: 0.832922388557054 
Elapsed: 2.3696670532226562

*** Epoch 1, batch 28/520 ***
Training fitness: 0.9080638172541892
Model size: (11, 23)
Validation fitness: 0.8625221088024245 
Elapsed: 2.539057970046997

*** Epoch 1, batch 29/520 ***
Training fitness: 0.8380490933199906
Model size: (3, 13)
Validation fitness: 0.8535606602161854 
Elapsed: 2.427229881286621

*** Epoch 1, batch 30/520 ***
Training fitness: 0.8922505253867423
Model size: (11, 23)
Validation fitness: 0.8625221088024245 
Elapsed: 2.6079773902893066

*** Epoch 1, batch 31/520 ***
Training fitness: 0.9055911850717359
Model size: (11, 23)
Validation fitness: 0.8625221088024245 
Elapsed: 2.596538543701172

*** Epoch 1, batch 32/520 ***
Training fitness: 0.8875785811071791
Model size: (11, 23)
Validation fitness: 0.8625221088024245 
Elapsed: 2.704029083251953

*** Epoch 1, batch 33/520 ***
Training fitness: 0.8205898287530771
Model size: (12, 25)
Validation fitness: 0.8587700735649875 
Elapsed: 2.7468113899230957

*** Epoch 1, batch 34/520 ***
Training fitness: 0.8784089891659315
Model size: (6, 9)
Validation fitness: 0.8546699098048033 
Elapsed: 2.42655611038208

*** Epoch 1, batch 35/520 ***
Training fitness: 0.8558687051749554
Model size: (4, 13)
Validation fitness: 0.8590039200902754 
Elapsed: 2.4194223880767822

*** Epoch 1, batch 36/520 ***
Training fitness: 0.8573362058672077
Model size: (4, 13)
Validation fitness: 0.8590039200902754 
Elapsed: 2.486578941345215

*** Epoch 1, batch 37/520 ***
Training fitness: 0.8317745132214326
Model size: (6, 11)
Validation fitness: 0.7507328674023463 
Elapsed: 2.451655387878418

*** Epoch 1, batch 38/520 ***
Training fitness: 0.8701734109688944
Model size: (6, 9)
Validation fitness: 0.8546699098048033 
Elapsed: 2.368919849395752

*** Epoch 1, batch 39/520 ***
Training fitness: 0.9007160608545094
Model size: (6, 9)
Validation fitness: 0.8546699098048033 
Elapsed: 2.3576929569244385

*** Epoch 1, batch 40/520 ***
Training fitness: 0.8931781689706763
Model size: (6, 9)
Validation fitness: 0.8546699098048033 
Elapsed: 2.439929485321045

*** Epoch 1, batch 41/520 ***
Training fitness: 0.8476646945456721
Model size: (12, 24)
Validation fitness: 0.842763664484639 
Elapsed: 2.470921039581299

*** Epoch 1, batch 42/520 ***
Training fitness: 0.8848575112273599
Model size: (12, 24)
Validation fitness: 0.8640977737510325 
Elapsed: 2.6305670738220215

*** Epoch 1, batch 43/520 ***
Training fitness: 0.8924472611077572
Model size: (12, 23)
Validation fitness: 0.8597556859383421 
Elapsed: 2.589942216873169

*** Epoch 1, batch 44/520 ***
Training fitness: 0.849200409009924
Model size: (12, 23)
Validation fitness: 0.8597556859383421 
Elapsed: 2.6748454570770264

*** Epoch 1, batch 45/520 ***
Training fitness: 0.8776825742010899
Model size: (12, 23)
Validation fitness: 0.8597556859383421 
Elapsed: 3.547407388687134

*** Epoch 1, batch 46/520 ***
Training fitness: 0.8850994159574669
Model size: (11, 22)
Validation fitness: 0.865374269640055 
Elapsed: 5.094097375869751

*** Epoch 1, batch 47/520 ***
Training fitness: 0.8264576512374493
Model size: (12, 23)
Validation fitness: 0.8597556859383421 
Elapsed: 5.170818328857422

*** Epoch 1, batch 48/520 ***
Training fitness: 0.8410653754808551
Model size: (11, 22)
Validation fitness: 0.865374269640055 
Elapsed: 4.94262170791626

*** Epoch 1, batch 49/520 ***
Training fitness: 0.8792395114137739
Model size: (11, 22)
Validation fitness: 0.865374269640055 
Elapsed: 5.0382654666900635

*** Epoch 1, batch 50/520 ***
Training fitness: 0.8394200144223015
Model size: (6, 11)
Validation fitness: 0.8560449848037314 
Elapsed: 4.511335372924805

*** Epoch 1, batch 51/520 ***
Training fitness: 0.8658867651337919
Model size: (11, 22)
Validation fitness: 0.865374269640055 
Elapsed: 4.926790237426758

*** Epoch 1, batch 52/520 ***
Training fitness: 0.8066840321761026
Model size: (11, 21)
Validation fitness: 0.8330070980706803 
Elapsed: 4.89463472366333

*** Epoch 1, batch 53/520 ***
Training fitness: 0.8822280323748932
Model size: (5, 11)
Validation fitness: 0.8193433853127643 
Elapsed: 4.699621200561523

*** Epoch 1, batch 54/520 ***
Training fitness: 0.8961998965016332
Model size: (8, 13)
Validation fitness: 0.861664559541739 
Elapsed: 4.867578983306885

*** Epoch 1, batch 55/520 ***
Training fitness: 0.8682350822905949
Model size: (6, 11)
Validation fitness: 0.8560449848037314 
Elapsed: 4.58311128616333

*** Epoch 1, batch 56/520 ***
Training fitness: 0.8523643213095468
Model size: (8, 13)
Validation fitness: 0.861664559541739 
Elapsed: 4.691903352737427

*** Epoch 1, batch 57/520 ***
Training fitness: 0.9075803429337248
Model size: (6, 12)
Validation fitness: 0.8602464234088106 
Elapsed: 4.622251987457275

*** Epoch 1, batch 58/520 ***
Training fitness: 0.8441579069722881
Model size: (8, 18)
Validation fitness: 0.8327726815168482 
Elapsed: 4.355027914047241

*** Epoch 1, batch 59/520 ***
Training fitness: 0.8797732472410854
Model size: (6, 12)
Validation fitness: 0.8602464234088106 
Elapsed: 4.600421190261841

*** Epoch 1, batch 60/520 ***
Training fitness: 0.8790143278602764
Model size: (7, 13)
Validation fitness: 0.8543770796838256 
Elapsed: 4.667234182357788

*** Epoch 1, batch 61/520 ***
Training fitness: 0.8069991282235818
Model size: (7, 13)
Validation fitness: 0.8543770796838256 
Elapsed: 4.506415367126465

*** Epoch 1, batch 62/520 ***
Training fitness: 0.8844265698746072
Model size: (6, 12)
Validation fitness: 0.8602464234088106 
Elapsed: 4.589789867401123

*** Epoch 1, batch 63/520 ***
Training fitness: 0.8504282174427525
Model size: (8, 15)
Validation fitness: 0.8485966562637975 
Elapsed: 4.6248650550842285

*** Epoch 1, batch 64/520 ***
Training fitness: 0.8790318556967284
Model size: (6, 12)
Validation fitness: 0.8602464234088106 
Elapsed: 4.502591133117676

*** Epoch 1, batch 65/520 ***
Training fitness: 0.9127845729703038
Model size: (8, 15)
Validation fitness: 0.8485966562637975 
Elapsed: 4.840162038803101

*** Epoch 1, batch 66/520 ***
Training fitness: 0.8612454093299163
Model size: (7, 12)
Validation fitness: 0.8577837367932056 
Elapsed: 4.76480770111084

*** Epoch 1, batch 67/520 ***
Training fitness: 0.8597522314586026
Model size: (12, 25)
Validation fitness: 0.8288837252777548 
Elapsed: 4.551513195037842

*** Epoch 1, batch 68/520 ***
Training fitness: 0.8920678095422888
Model size: (8, 15)
Validation fitness: 0.8189838162094042 
Elapsed: 4.871399402618408

*** Epoch 1, batch 69/520 ***
Training fitness: 0.8248069400467511
Model size: (13, 28)
Validation fitness: 0.8271052488996999 
Elapsed: 4.544159650802612

*** Epoch 1, batch 70/520 ***
Training fitness: 0.8278068302345828
Model size: (11, 16)
Validation fitness: 0.839186093271049 
Elapsed: 4.487122297286987

*** Epoch 1, batch 71/520 ***
Training fitness: 0.8834443350960266
Model size: (14, 29)
Validation fitness: 0.8337190708009069 
Elapsed: 4.895142316818237

*** Epoch 1, batch 72/520 ***
Training fitness: 0.8196078431372549
Model size: (14, 29)
Validation fitness: 0.8337190708009069 
Elapsed: 4.880692481994629

*** Epoch 1, batch 73/520 ***
Training fitness: 0.8670092792468101
Model size: (14, 25)
Validation fitness: 0.8287034727397002 
Elapsed: 5.020670652389526

*** Epoch 1, batch 74/520 ***
Training fitness: 0.8755479024962777
Model size: (10, 19)
Validation fitness: 0.8163835395794481 
Elapsed: 5.032924652099609

*** Epoch 1, batch 75/520 ***
Training fitness: 0.8186800328393105
Model size: (9, 16)
Validation fitness: 0.8039348720103692 
Elapsed: 4.739370107650757

*** Epoch 1, batch 76/520 ***
Training fitness: 0.866168583979479
Model size: (12, 18)
Validation fitness: 0.8331037191899101 
Elapsed: 4.658553838729858

*** Epoch 1, batch 77/520 ***
Training fitness: 0.8113091773617563
Model size: (11, 16)
Validation fitness: 0.839186093271049 
Elapsed: 4.8730785846710205

*** Epoch 1, batch 78/520 ***
Training fitness: 0.8225410005882143
Model size: (14, 24)
Validation fitness: 0.8251913335263353 
Elapsed: 5.054507255554199

*** Epoch 1, batch 79/520 ***
Training fitness: 0.8925930525111171
Model size: (11, 16)
Validation fitness: 0.839186093271049 
Elapsed: 4.724057197570801

*** Epoch 1, batch 80/520 ***
Training fitness: 0.8960005030179674
Model size: (12, 17)
Validation fitness: 0.839197012239211 
Elapsed: 4.601988315582275

*** Epoch 1, batch 81/520 ***
Training fitness: 0.883676344263077
Model size: (11, 16)
Validation fitness: 0.839186093271049 
Elapsed: 4.91128134727478

*** Epoch 1, batch 82/520 ***
Training fitness: 0.8562872128151677
Model size: (9, 19)
Validation fitness: 0.799256340700734 
Elapsed: 5.317044019699097

*** Epoch 1, batch 83/520 ***
Training fitness: 0.8394693307919809
Model size: (12, 17)
Validation fitness: 0.839197012239211 
Elapsed: 5.017919301986694

*** Epoch 1, batch 84/520 ***
Training fitness: 0.9065735913298127
Model size: (4, 12)
Validation fitness: 0.8143688894220674 
Elapsed: 4.635090112686157

*** Epoch 1, batch 85/520 ***
Training fitness: 0.8522999235056915
Model size: (10, 17)
Validation fitness: 0.8466484049879374 
Elapsed: 4.469891548156738

*** Epoch 1, batch 86/520 ***
Training fitness: 0.880055973990098
Model size: (12, 17)
Validation fitness: 0.839197012239211 
Elapsed: 4.731431007385254

*** Epoch 1, batch 87/520 ***
Training fitness: 0.8319487757193482
Model size: (5, 9)
Validation fitness: 0.8176484306920047 
Elapsed: 4.774341106414795

*** Epoch 1, batch 88/520 ***
Training fitness: 0.8716948943863142
Model size: (12, 17)
Validation fitness: 0.839197012239211 
Elapsed: 4.827385187149048

*** Epoch 1, batch 89/520 ***
Training fitness: 0.8864658456962712
Model size: (9, 16)
Validation fitness: 0.8532240764704699 
Elapsed: 4.390625715255737

*** Epoch 1, batch 90/520 ***
Training fitness: 0.8595172900611018
Model size: (8, 14)
Validation fitness: 0.8623657892493225 
Elapsed: 4.722505807876587

*** Epoch 1, batch 91/520 ***
Training fitness: 0.8301588242483476
Model size: (8, 14)
Validation fitness: 0.8623657892493225 
Elapsed: 4.712583541870117

*** Epoch 1, batch 92/520 ***
Training fitness: 0.8643055315025796
Model size: (9, 14)
Validation fitness: 0.8211789553942472 
Elapsed: 4.88462233543396

*** Epoch 1, batch 93/520 ***
Training fitness: 0.879432203587686
Model size: (8, 15)
Validation fitness: 0.8551597004859555 
Elapsed: 4.76668119430542

*** Epoch 1, batch 94/520 ***
Training fitness: 0.8785710337481841
Model size: (6, 14)
Validation fitness: 0.8012949798530175 
Elapsed: 4.857619285583496

*** Epoch 1, batch 95/520 ***
Training fitness: 0.8430595324806988
Model size: (8, 14)
Validation fitness: 0.8566335427986377 
Elapsed: 4.656513452529907

*** Epoch 1, batch 96/520 ***
Training fitness: 0.8581950082297485
Model size: (9, 15)
Validation fitness: 0.8372175061897361 
Elapsed: 4.636175632476807

*** Epoch 1, batch 97/520 ***
Training fitness: 0.8296545580300387
Model size: (8, 14)
Validation fitness: 0.8697315371534582 !!!
Elapsed: 5.253925323486328

*** Epoch 1, batch 98/520 ***
Training fitness: 0.8891690458784031
Model size: (8, 14)
Validation fitness: 0.8697315371534582 
Elapsed: 4.7174646854400635

*** Epoch 1, batch 99/520 ***
Training fitness: 0.8477283567355103
Model size: (9, 15)
Validation fitness: 0.8372175061897361 
Elapsed: 4.605963468551636

*** Epoch 1, batch 100/520 ***
Training fitness: 0.793300703852542
Model size: (9, 12)
Validation fitness: 0.8103957327276265 
Elapsed: 4.561028480529785

*** Epoch 1, batch 101/520 ***
Training fitness: 0.9080252220734668
Model size: (8, 14)
Validation fitness: 0.8697315371534582 
Elapsed: 4.6536946296691895

*** Epoch 1, batch 102/520 ***
Training fitness: 0.829439920073379
Model size: (9, 16)
Validation fitness: 0.8472964151509103 
Elapsed: 4.485267639160156

*** Epoch 1, batch 103/520 ***
Training fitness: 0.838925387980811
Model size: (7, 15)
Validation fitness: 0.8287431093608049 
Elapsed: 4.526123285293579

*** Epoch 1, batch 104/520 ***
Training fitness: 0.8805899139163632
Model size: (8, 14)
Validation fitness: 0.8697315371534582 
Elapsed: 4.865072250366211

*** Epoch 1, batch 105/520 ***
Training fitness: 0.882855233446771
Model size: (14, 22)
Validation fitness: 0.846592136568817 
Elapsed: 4.51795768737793

*** Epoch 1, batch 106/520 ***
Training fitness: 0.8816705170473672
Model size: (8, 14)
Validation fitness: 0.8697315371534582 
Elapsed: 4.366912364959717

*** Epoch 1, batch 107/520 ***
Training fitness: 0.8664457000549762
Model size: (11, 18)
Validation fitness: 0.8453291843669838 
Elapsed: 4.342674016952515

*** Epoch 1, batch 108/520 ***
Training fitness: 0.9308247862023743
Model size: (8, 14)
Validation fitness: 0.8697315371534582 
Elapsed: 4.8085267543792725

*** Epoch 1, batch 109/520 ***
Training fitness: 0.8774968501558204
Model size: (6, 11)
Validation fitness: 0.8499326605548387 
Elapsed: 4.554120302200317

*** Epoch 1, batch 110/520 ***
Training fitness: 0.8428564270235445
Model size: (7, 14)
Validation fitness: 0.8514297310454876 
Elapsed: 4.258987188339233

*** Epoch 1, batch 111/520 ***
Training fitness: 0.8230627306780341
Model size: (7, 12)
Validation fitness: 0.8517555730466764 
Elapsed: 4.378456354141235

*** Epoch 1, batch 112/520 ***
Training fitness: 0.8516758202778619
Model size: (7, 12)
Validation fitness: 0.8624502889041179 
Elapsed: 4.429478883743286

*** Epoch 1, batch 113/520 ***
Training fitness: 0.8752201441800717
Model size: (7, 12)
Validation fitness: 0.8624502889041179 
Elapsed: 4.622251272201538

*** Epoch 1, batch 114/520 ***
Training fitness: 0.8850028702514524
Model size: (7, 12)
Validation fitness: 0.8624502889041179 
Elapsed: 4.475354433059692

*** Epoch 1, batch 115/520 ***
Training fitness: 0.8843783158382543
Model size: (11, 19)
Validation fitness: 0.836103098946261 
Elapsed: 4.744843482971191

*** Epoch 1, batch 116/520 ***
Training fitness: 0.8176654093097296
Model size: (7, 12)
Validation fitness: 0.8624502889041179 
Elapsed: 4.2310755252838135

*** Epoch 1, batch 117/520 ***
Training fitness: 0.8513162801457863
Model size: (11, 19)
Validation fitness: 0.836103098946261 
Elapsed: 4.5263965129852295

*** Epoch 1, batch 118/520 ***
Training fitness: 0.8375011769856721
Model size: (11, 19)
Validation fitness: 0.836103098946261 
Elapsed: 4.665702819824219

*** Epoch 1, batch 119/520 ***
Training fitness: 0.8763547993551896
Model size: (5, 10)
Validation fitness: 0.797997727633101 
Elapsed: 4.471888065338135

*** Epoch 1, batch 120/520 ***
Training fitness: 0.8771308038353725
Model size: (8, 16)
Validation fitness: 0.8234766373709335 
Elapsed: 4.704190254211426

*** Epoch 1, batch 121/520 ***
Training fitness: 0.8628047357024149
Model size: (11, 21)
Validation fitness: 0.8540043980552543 
Elapsed: 5.054731369018555

*** Epoch 1, batch 122/520 ***
Training fitness: 0.8657226102052077
Model size: (6, 13)
Validation fitness: 0.8244927531332658 
Elapsed: 4.9864501953125

*** Epoch 1, batch 123/520 ***
Training fitness: 0.8078322555376757
Model size: (7, 16)
Validation fitness: 0.807938703008594 
Elapsed: 5.212600231170654

*** Epoch 1, batch 124/520 ***
Training fitness: 0.8614657452128689
Model size: (6, 15)
Validation fitness: 0.8248734210833445 
Elapsed: 4.856098413467407

*** Epoch 1, batch 125/520 ***
Training fitness: 0.8028657404322838
Model size: (13, 23)
Validation fitness: 0.8199884627119309 
Elapsed: 4.814511299133301

*** Epoch 1, batch 126/520 ***
Training fitness: 0.8916378914814367
Model size: (11, 21)
Validation fitness: 0.8540043980552543 
Elapsed: 5.161211729049683

*** Epoch 1, batch 127/520 ***
Training fitness: 0.8405678853362605
Model size: (11, 17)
Validation fitness: 0.8011898593960762 
Elapsed: 4.7287492752075195

*** Epoch 1, batch 128/520 ***
Training fitness: 0.8317193053951671
Model size: (11, 21)
Validation fitness: 0.8540043980552543 
Elapsed: 5.211924076080322

*** Epoch 1, batch 129/520 ***
Training fitness: 0.8909208740316114
Model size: (11, 17)
Validation fitness: 0.810320500604569 
Elapsed: 4.941331624984741

*** Epoch 1, batch 130/520 ***
Training fitness: 0.8180574227587165
Model size: (9, 15)
Validation fitness: 0.800298651441008 
Elapsed: 4.874331712722778

*** Epoch 1, batch 131/520 ***
Training fitness: 0.8642997484267573
Model size: (12, 24)
Validation fitness: 0.811821389866489 
Elapsed: 5.024474143981934

*** Epoch 1, batch 132/520 ***
Training fitness: 0.8440125569923091
Model size: (13, 19)
Validation fitness: 0.8029876891711304 
Elapsed: 4.918408632278442

*** Epoch 1, batch 133/520 ***
Training fitness: 0.8529276810638599
Model size: (6, 15)
Validation fitness: 0.8248734210833445 
Elapsed: 4.60535740852356

*** Epoch 1, batch 134/520 ***
Training fitness: 0.781211448261011
Model size: (14, 26)
Validation fitness: 0.8228281274040078 
Elapsed: 5.125428676605225

*** Epoch 1, batch 135/520 ***
Training fitness: 0.8044107314391092
Model size: (7, 12)
Validation fitness: 0.8196077668151991 
Elapsed: 5.312044382095337

*** Epoch 1, batch 136/520 ***
Training fitness: 0.8209557939927521
Model size: (5, 9)
Validation fitness: 0.7955983385107417 
Elapsed: 4.556683540344238

*** Epoch 1, batch 137/520 ***
Training fitness: 0.9054469497533821
Model size: (13, 23)
Validation fitness: 0.8199884627119309 
Elapsed: 4.703710079193115

*** Epoch 1, batch 138/520 ***
Training fitness: 0.8898112279407243
Model size: (11, 21)
Validation fitness: 0.8242935852911276 
Elapsed: 4.7001001834869385

*** Epoch 1, batch 139/520 ***
Training fitness: 0.8644418426206677
Model size: (13, 23)
Validation fitness: 0.8199884627119309 
Elapsed: 4.758569002151489

*** Epoch 1, batch 140/520 ***
Training fitness: 0.9006666378665225
Model size: (11, 21)
Validation fitness: 0.8242935852911276 
Elapsed: 4.585894346237183

*** Epoch 1, batch 141/520 ***
Training fitness: 0.8500584872336907
Model size: (6, 14)
Validation fitness: 0.8352167471568657 
Elapsed: 4.590287208557129

*** Epoch 1, batch 142/520 ***
Training fitness: 0.8528768758974455
Model size: (6, 14)
Validation fitness: 0.8352167471568657 
Elapsed: 4.704562187194824

*** Epoch 1, batch 143/520 ***
Training fitness: 0.8643835813944324
Model size: (11, 19)
Validation fitness: 0.8284649474132472 
Elapsed: 4.978693008422852

*** Epoch 1, batch 144/520 ***
Training fitness: 0.842580363427192
Model size: (11, 21)
Validation fitness: 0.8242935852911276 
Elapsed: 4.697331190109253

*** Epoch 1, batch 145/520 ***
Training fitness: 0.7751456965312076
Model size: (6, 11)
Validation fitness: 0.8428655470764507 
Elapsed: 4.227692127227783

*** Epoch 1, batch 146/520 ***
Training fitness: 0.8321507218008319
Model size: (7, 15)
Validation fitness: 0.8251695789930624 
Elapsed: 4.527624607086182

*** Epoch 1, batch 147/520 ***
Training fitness: 0.852231792326023
Model size: (7, 15)
Validation fitness: 0.8251695789930624 
Elapsed: 4.655621767044067

*** Epoch 1, batch 148/520 ***
Training fitness: 0.8790644998766973
Model size: (4, 7)
Validation fitness: 0.8318238610915378 
Elapsed: 4.3490540981292725

*** Epoch 1, batch 149/520 ***
Training fitness: 0.8512248175636856
Model size: (6, 11)
Validation fitness: 0.8428655470764507 
Elapsed: 4.14510178565979

*** Epoch 1, batch 150/520 ***
Training fitness: 0.9146365594719937
Model size: (6, 12)
Validation fitness: 0.8283254887854123 
Elapsed: 4.448368549346924

*** Epoch 1, batch 151/520 ***
Training fitness: 0.8745098039215686
Model size: (9, 15)
Validation fitness: 0.8250911698267203 
Elapsed: 4.23943305015564

*** Epoch 1, batch 152/520 ***
Training fitness: 0.8505517710648717
Model size: (6, 11)
Validation fitness: 0.8428655470764507 
Elapsed: 4.0337677001953125

*** Epoch 1, batch 153/520 ***
Training fitness: 0.8763561139872544
Model size: (9, 15)
Validation fitness: 0.8250911698267203 
Elapsed: 4.107915878295898

*** Epoch 1, batch 154/520 ***
Training fitness: 0.8649232775704958
Model size: (9, 18)
Validation fitness: 0.8311647659017329 
Elapsed: 4.929880142211914

*** Epoch 1, batch 155/520 ***
Training fitness: 0.8386649523881287
Model size: (5, 8)
Validation fitness: 0.8588263130642109 
Elapsed: 4.551939964294434

*** Epoch 1, batch 156/520 ***
Training fitness: 0.8941652042182352
Model size: (5, 8)
Validation fitness: 0.8588263130642109 
Elapsed: 4.584934949874878

*** Epoch 1, batch 157/520 ***
Training fitness: 0.856405040978828
Model size: (9, 18)
Validation fitness: 0.8594192994355982 
Elapsed: 4.4222047328948975

*** Epoch 1, batch 158/520 ***
Training fitness: 0.8779071807330344
Model size: (8, 14)
Validation fitness: 0.8370734695787625 
Elapsed: 4.538466691970825

*** Epoch 1, batch 159/520 ***
Training fitness: 0.8684925533990204
Model size: (5, 8)
Validation fitness: 0.8588263130642109 
Elapsed: 4.327548980712891

*** Epoch 1, batch 160/520 ***
Training fitness: 0.8525707489182149
Model size: (6, 10)
Validation fitness: 0.8634864800352879 
Elapsed: 4.522239446640015

*** Epoch 1, batch 161/520 ***
Training fitness: 0.8475827645976588
Model size: (6, 11)
Validation fitness: 0.8461975605631376 
Elapsed: 4.473812580108643

*** Epoch 1, batch 162/520 ***
Training fitness: 0.8759628907969446
Model size: (11, 22)
Validation fitness: 0.8317121889756681 
Elapsed: 5.024954080581665

*** Epoch 1, batch 163/520 ***
Training fitness: 0.878317527419567
Model size: (8, 15)
Validation fitness: 0.8426306744581589 
Elapsed: 4.5966291427612305

*** Epoch 1, batch 164/520 ***
Training fitness: 0.8604740756831998
Model size: (5, 8)
Validation fitness: 0.8588263130642109 
Elapsed: 4.465633153915405

*** Epoch 1, batch 165/520 ***
Training fitness: 0.8616857452118113
Model size: (9, 20)
Validation fitness: 0.8379751700953785 
Elapsed: 4.583042144775391

*** Epoch 1, batch 166/520 ***
Training fitness: 0.8483838696011449
Model size: (10, 16)
Validation fitness: 0.8436261947295864 
Elapsed: 5.242100238800049

*** Epoch 1, batch 167/520 ***
Training fitness: 0.8736182210904682
Model size: (9, 16)
Validation fitness: 0.85750076044978 
Elapsed: 4.901773929595947

*** Epoch 1, batch 168/520 ***
Training fitness: 0.8522185536954501
Model size: (6, 10)
Validation fitness: 0.8629074316148378 
Elapsed: 4.610640287399292

*** Epoch 1, batch 169/520 ***
Training fitness: 0.8563303628745754
Model size: (8, 14)
Validation fitness: 0.8460505489079283 
Elapsed: 4.645089149475098

*** Epoch 1, batch 170/520 ***
Training fitness: 0.8810078679489635
Model size: (9, 17)
Validation fitness: 0.8452458101859877 
Elapsed: 4.5507965087890625

*** Epoch 1, batch 171/520 ***
Training fitness: 0.8716948943863142
Model size: (9, 17)
Validation fitness: 0.8162942499818583 
Elapsed: 4.507715702056885

*** Epoch 1, batch 172/520 ***
Training fitness: 0.8454491936179432
Model size: (9, 16)
Validation fitness: 0.8438898013632066 
Elapsed: 4.7472615242004395

*** Epoch 1, batch 173/520 ***
Training fitness: 0.8830179331183888
Model size: (9, 17)
Validation fitness: 0.7927601142054377 
Elapsed: 4.183765888214111

*** Epoch 1, batch 174/520 ***
Training fitness: 0.8579060946345873
Model size: (8, 14)
Validation fitness: 0.8460505489079283 
Elapsed: 2.415982246398926

*** Epoch 1, batch 175/520 ***
Training fitness: 0.8564852867682444
Model size: (10, 16)
Validation fitness: 0.8364608972724088 
Elapsed: 2.2276742458343506

*** Epoch 1, batch 176/520 ***
Training fitness: 0.9059687786960514
Model size: (9, 17)
Validation fitness: 0.8259700342464124 
Elapsed: 2.390023708343506

*** Epoch 1, batch 177/520 ***
Training fitness: 0.8464376601773316
Model size: (8, 14)
Validation fitness: 0.8460505489079283 
Elapsed: 2.4356236457824707

*** Epoch 1, batch 178/520 ***
Training fitness: 0.8573955497503296
Model size: (8, 15)
Validation fitness: 0.8420099139256358 
Elapsed: 2.356626272201538

*** Epoch 1, batch 179/520 ***
Training fitness: 0.9061479586639897
Model size: (8, 15)
Validation fitness: 0.8420099139256358 
Elapsed: 2.299264669418335

*** Epoch 1, batch 180/520 ***
Training fitness: 0.8631569221054648
Model size: (8, 15)
Validation fitness: 0.8426306744581589 
Elapsed: 2.4895641803741455

*** Epoch 1, batch 181/520 ***
Training fitness: 0.8302729495982947
Model size: (9, 16)
Validation fitness: 0.8438898013632066 
Elapsed: 2.331162691116333

*** Epoch 1, batch 182/520 ***
Training fitness: 0.8283727330161665
Model size: (10, 18)
Validation fitness: 0.8332594884279512 
Elapsed: 2.3613171577453613

*** Epoch 1, batch 183/520 ***
Training fitness: 0.8528768758974455
Model size: (8, 14)
Validation fitness: 0.8460505489079283 
Elapsed: 2.2808115482330322

*** Epoch 1, batch 184/520 ***
Training fitness: 0.918793161661406
Model size: (8, 14)
Validation fitness: 0.8460505489079283 
Elapsed: 2.3506224155426025

*** Epoch 1, batch 185/520 ***
Training fitness: 0.830926611063619
Model size: (10, 19)
Validation fitness: 0.837866563993167 
Elapsed: 2.406850576400757

*** Epoch 1, batch 186/520 ***
Training fitness: 0.9221742688311069
Model size: (9, 17)
Validation fitness: 0.8124530672852978 
Elapsed: 2.3346316814422607

*** Epoch 1, batch 187/520 ***
Training fitness: 0.8780483767105662
Model size: (9, 16)
Validation fitness: 0.8438898013632066 
Elapsed: 2.4940996170043945

*** Epoch 1, batch 188/520 ***
Training fitness: 0.8525707489182149
Model size: (14, 19)
Validation fitness: 0.7948672432222736 
Elapsed: 2.1750974655151367

*** Epoch 1, batch 189/520 ***
Training fitness: 0.8834868042641508
Model size: (8, 13)
Validation fitness: 0.8133269577427527 
Elapsed: 2.277785301208496

*** Epoch 1, batch 190/520 ***
Training fitness: 0.8242606906877448
Model size: (10, 19)
Validation fitness: 0.837866563993167 
Elapsed: 2.364481210708618

*** Epoch 1, batch 191/520 ***
Training fitness: 0.8790318556967284
Model size: (8, 14)
Validation fitness: 0.8460505489079283 
Elapsed: 2.34706974029541

*** Epoch 1, batch 192/520 ***
Training fitness: 0.8914275876003688
Model size: (15, 24)
Validation fitness: 0.8329385046262112 
Elapsed: 2.1882269382476807

*** Epoch 1, batch 193/520 ***
Training fitness: 0.8212163297653543
Model size: (9, 11)
Validation fitness: 0.8252205759361241 
Elapsed: 2.2456858158111572

*** Epoch 1, batch 194/520 ***
Training fitness: 0.9070531238957178
Model size: (13, 14)
Validation fitness: 0.7848035146723532 
Elapsed: 2.227360248565674

*** Epoch 1, batch 195/520 ***
Training fitness: 0.843022990404569
Model size: (10, 15)
Validation fitness: 0.8029876891711304 
Elapsed: 2.1450066566467285

*** Epoch 1, batch 196/520 ***
Training fitness: 0.8895759280369454
Model size: (15, 24)
Validation fitness: 0.8329385046262112 
Elapsed: 2.0979578495025635

*** Epoch 1, batch 197/520 ***
Training fitness: 0.8820252592711499
Model size: (9, 15)
Validation fitness: 0.8210869992303299 
Elapsed: 2.2544562816619873

*** Epoch 1, batch 198/520 ***
Training fitness: 0.8828894030335825
Model size: (15, 24)
Validation fitness: 0.8329385046262112 
Elapsed: 2.053819417953491

*** Epoch 1, batch 199/520 ***
Training fitness: 0.8494915374892681
Model size: (16, 25)
Validation fitness: 0.843028043145568 
Elapsed: 2.233381986618042

*** Epoch 1, batch 200/520 ***
Training fitness: 0.818740239275372
Model size: (16, 25)
Validation fitness: 0.843028043145568 
Elapsed: 2.268042802810669

*** Epoch 1, batch 201/520 ***
Training fitness: 0.8432437157347599
Model size: (14, 23)
Validation fitness: 0.8329669335642538 
Elapsed: 2.174149513244629

*** Epoch 1, batch 202/520 ***
Training fitness: 0.8832368156686842
Model size: (16, 25)
Validation fitness: 0.843028043145568 
Elapsed: 2.143773078918457

*** Epoch 1, batch 203/520 ***
Training fitness: 0.8734874067842519
Model size: (9, 16)
Validation fitness: 0.849588388393487 
Elapsed: 2.3468868732452393

*** Epoch 1, batch 204/520 ***
Training fitness: 0.8616857452118113
Model size: (9, 16)
Validation fitness: 0.849588388393487 
Elapsed: 2.368865489959717

*** Epoch 1, batch 205/520 ***
Training fitness: 0.9072977099236641
Model size: (11, 20)
Validation fitness: 0.8027066920944973 
Elapsed: 2.3076205253601074

*** Epoch 1, batch 206/520 ***
Training fitness: 0.8542003125150278
Model size: (14, 23)
Validation fitness: 0.8329669335642538 
Elapsed: 2.2955267429351807

*** Epoch 1, batch 207/520 ***
Training fitness: 0.8984525264292802
Model size: (16, 27)
Validation fitness: 0.822343194255344 
Elapsed: 2.2035670280456543

*** Epoch 1, batch 208/520 ***
Training fitness: 0.8520293867572145
Model size: (5, 8)
Validation fitness: 0.8220625596369665 
Elapsed: 2.209927558898926

*** Epoch 1, batch 209/520 ***
Training fitness: 0.8676568325007196
Model size: (8, 14)
Validation fitness: 0.859646566178614 
Elapsed: 2.3377890586853027

*** Epoch 1, batch 210/520 ***
Training fitness: 0.8294061948136483
Model size: (8, 14)
Validation fitness: 0.859646566178614 
Elapsed: 2.3163299560546875

*** Epoch 1, batch 211/520 ***
Training fitness: 0.8298708440046113
Model size: (8, 14)
Validation fitness: 0.859646566178614 
Elapsed: 2.3633899688720703

*** Epoch 1, batch 212/520 ***
Training fitness: 0.8810078679489635
Model size: (8, 12)
Validation fitness: 0.8681361272413476 
Elapsed: 2.141116142272949

*** Epoch 1, batch 213/520 ***
Training fitness: 0.8818688978222912
Model size: (8, 12)
Validation fitness: 0.8681361272413476 
Elapsed: 2.121088743209839

*** Epoch 1, batch 214/520 ***
Training fitness: 0.8577026653331652
Model size: (8, 12)
Validation fitness: 0.8681361272413476 
Elapsed: 2.1027607917785645

*** Epoch 1, batch 215/520 ***
Training fitness: 0.8733078436646732
Model size: (7, 9)
Validation fitness: 0.8677468016618854 
Elapsed: 2.173269510269165

*** Epoch 1, batch 216/520 ***
Training fitness: 0.9303473644222329
Model size: (7, 9)
Validation fitness: 0.8677468016618854 
Elapsed: 2.231353521347046

*** Epoch 1, batch 217/520 ***
Training fitness: 0.8931068050756705
Model size: (7, 9)
Validation fitness: 0.8677468016618854 
Elapsed: 2.11456561088562

*** Epoch 1, batch 218/520 ***
Training fitness: 0.8747247369708833
Model size: (15, 24)
Validation fitness: 0.8168950748537666 
Elapsed: 2.310055732727051

*** Epoch 1, batch 219/520 ***
Training fitness: 0.874316981898682
Model size: (14, 24)
Validation fitness: 0.8390473501841993 
Elapsed: 2.291592836380005

*** Epoch 1, batch 220/520 ***
Training fitness: 0.8345053766393807
Model size: (14, 23)
Validation fitness: 0.8306908717268374 
Elapsed: 2.224860191345215

*** Epoch 1, batch 221/520 ***
Training fitness: 0.8561660628358443
Model size: (5, 8)
Validation fitness: 0.8220625596369665 
Elapsed: 2.2443761825561523

*** Epoch 1, batch 222/520 ***
Training fitness: 0.8440671838489181
Model size: (13, 27)
Validation fitness: 0.8090007408284614 
Elapsed: 2.335721015930176

*** Epoch 1, batch 223/520 ***
Training fitness: 0.8775795710243242
Model size: (11, 23)
Validation fitness: 0.7999611413483437 
Elapsed: 2.347315788269043

*** Epoch 1, batch 224/520 ***
Training fitness: 0.8719676894280401
Model size: (10, 20)
Validation fitness: 0.8558097803309697 
Elapsed: 2.321357011795044

*** Epoch 1, batch 225/520 ***
Training fitness: 0.7753642529669637
Model size: (8, 16)
Validation fitness: 0.799485343151582 
Elapsed: 2.293541431427002

*** Epoch 1, batch 226/520 ***
Training fitness: 0.7983258323810701
Model size: (7, 12)
Validation fitness: 0.8151330528559627 
Elapsed: 2.1536786556243896

*** Epoch 1, batch 227/520 ***
Training fitness: 0.8215643404130519
Model size: (4, 7)
Validation fitness: 0.7915258585333246 
Elapsed: 3.33687162399292

*** Epoch 1, batch 228/520 ***
Training fitness: 0.829036307361394
Model size: (7, 12)
Validation fitness: 0.8151330528559627 
Elapsed: 4.218109846115112

*** Epoch 1, batch 229/520 ***
Training fitness: 0.8529276810638599
Model size: (4, 10)
Validation fitness: 0.800612204515582 
Elapsed: 3.9423580169677734

*** Epoch 1, batch 230/520 ***
Training fitness: 0.8188784624125953
Model size: (8, 14)
Validation fitness: 0.8259392294494952 
Elapsed: 4.2975358963012695

*** Epoch 1, batch 231/520 ***
Training fitness: 0.8214111636628237
Model size: (2, 5)
Validation fitness: 0.8236492834042484 
Elapsed: 4.14832878112793

*** Epoch 1, batch 232/520 ***
Training fitness: 0.8566019931018206
Model size: (5, 8)
Validation fitness: 0.8091176507078295 
Elapsed: 4.032920837402344

*** Epoch 1, batch 233/520 ***
Training fitness: 0.8815261966465601
Model size: (6, 10)
Validation fitness: 0.7913242217557444 
Elapsed: 4.025418043136597

*** Epoch 1, batch 234/520 ***
Training fitness: 0.8382070167534404
Model size: (10, 12)
Validation fitness: 0.8051106820147319 
Elapsed: 4.285020112991333

*** Epoch 1, batch 235/520 ***
Training fitness: 0.8681360258178012
Model size: (9, 16)
Validation fitness: 0.8171450370257051 
Elapsed: 4.145396947860718

*** Epoch 1, batch 236/520 ***
Training fitness: 0.8430595324806988
Model size: (2, 5)
Validation fitness: 0.8243638500350791 
Elapsed: 4.402541637420654

*** Epoch 1, batch 237/520 ***
Training fitness: 0.7726053711919434
Model size: (7, 13)
Validation fitness: 0.8318578288335964 
Elapsed: 4.140080213546753

*** Epoch 1, batch 238/520 ***
Training fitness: 0.7864555679635515
Model size: (2, 5)
Validation fitness: 0.8243638500350791 
Elapsed: 4.019396543502808

*** Epoch 1, batch 239/520 ***
Training fitness: 0.7985215513154812
Model size: (7, 13)
Validation fitness: 0.8318578288335964 
Elapsed: 3.992262601852417

*** Epoch 1, batch 240/520 ***
Training fitness: 0.8598205275024366
Model size: (11, 12)
Validation fitness: 0.8052545147384291 
Elapsed: 4.043097019195557

*** Epoch 1, batch 241/520 ***
Training fitness: 0.8983408534759095
Model size: (7, 13)
Validation fitness: 0.8318578288335964 
Elapsed: 4.1374335289001465

*** Epoch 1, batch 242/520 ***
Training fitness: 0.816480308079155
Model size: (8, 14)
Validation fitness: 0.8126662850168607 
Elapsed: 4.172786235809326

*** Epoch 1, batch 243/520 ***
Training fitness: 0.8466592595371264
Model size: (8, 12)
Validation fitness: 0.7755226495765611 
Elapsed: 3.9835216999053955

*** Epoch 1, batch 244/520 ***
Training fitness: 0.87566135654976
Model size: (3, 7)
Validation fitness: 0.8313688882541269 
Elapsed: 4.159820795059204

*** Epoch 1, batch 245/520 ***
Training fitness: 0.8519596295498318
Model size: (12, 13)
Validation fitness: 0.8123059559570391 
Elapsed: 4.757522106170654

*** Epoch 1, batch 246/520 ***
Training fitness: 0.9304228470483595
Model size: (12, 15)
Validation fitness: 0.814917646737258 
Elapsed: 4.143970727920532

*** Epoch 1, batch 247/520 ***
Training fitness: 0.8981384396397109
Model size: (7, 13)
Validation fitness: 0.8318578288335964 
Elapsed: 4.096065521240234

*** Epoch 1, batch 248/520 ***
Training fitness: 0.828083028083028
Model size: (7, 13)
Validation fitness: 0.8318578288335964 
Elapsed: 3.9790539741516113

*** Epoch 1, batch 249/520 ***
Training fitness: 0.8261133383167537
Model size: (8, 14)
Validation fitness: 0.7419109626960058 
Elapsed: 3.9447240829467773

*** Epoch 1, batch 250/520 ***
Training fitness: 0.8596924177803292
Model size: (7, 13)
Validation fitness: 0.8318578288335964 
Elapsed: 4.187165260314941

*** Epoch 1, batch 251/520 ***
Training fitness: 0.8634370542558771
Model size: (2, 5)
Validation fitness: 0.8176118344172203 
Elapsed: 4.156271457672119

*** Epoch 1, batch 252/520 ***
Training fitness: 0.7883081481282852
Model size: (8, 12)
Validation fitness: 0.7989234424482322 
Elapsed: 4.676007270812988

*** Epoch 1, batch 253/520 ***
Training fitness: 0.8282994729374619
Model size: (6, 12)
Validation fitness: 0.8297282767556762 
Elapsed: 4.300175905227661

*** Epoch 1, batch 254/520 ***
Training fitness: 0.7991844715703982
Model size: (7, 10)
Validation fitness: 0.828735482444703 
Elapsed: 4.11081075668335

*** Epoch 1, batch 255/520 ***
Training fitness: 0.781039210641874
Model size: (4, 6)
Validation fitness: 0.8190538202996474 
Elapsed: 4.320029973983765

*** Epoch 1, batch 256/520 ***
Training fitness: 0.843776775837732
Model size: (7, 13)
Validation fitness: 0.8318578288335964 
Elapsed: 4.444819450378418

*** Epoch 1, batch 257/520 ***
Training fitness: 0.8142267397288248
Model size: (6, 12)
Validation fitness: 0.8297282767556762 
Elapsed: 4.3087990283966064

*** Epoch 1, batch 258/520 ***
Training fitness: 0.8593512360337152
Model size: (7, 13)
Validation fitness: 0.8318578288335964 
Elapsed: 4.2787134647369385

*** Epoch 1, batch 259/520 ***
Training fitness: 0.8594884941707868
Model size: (3, 6)
Validation fitness: 0.7985135210949861 
Elapsed: 4.158684968948364

*** Epoch 1, batch 260/520 ***
Training fitness: 0.8120578298971829
Model size: (6, 9)
Validation fitness: 0.7993028117188615 
Elapsed: 3.955495834350586

*** Epoch 1, batch 261/520 ***
Training fitness: 0.8319220789144064
Model size: (2, 8)
Validation fitness: 0.8337448696718762 
Elapsed: 3.8764243125915527

*** Epoch 1, batch 262/520 ***
Training fitness: 0.7996434477161347
Model size: (1, 4)
Validation fitness: 0.8003129550779113 
Elapsed: 3.903768301010132

*** Epoch 1, batch 263/520 ***
Training fitness: 0.8359630119558145
Model size: (8, 16)
Validation fitness: 0.7488206910452679 
Elapsed: 4.51459264755249

*** Epoch 1, batch 264/520 ***
Training fitness: 0.8298708440046113
Model size: (8, 12)
Validation fitness: 0.8023531829581002 
Elapsed: 4.1916210651397705

*** Epoch 1, batch 265/520 ***
Training fitness: 0.8454437123676074
Model size: (2, 8)
Validation fitness: 0.828910665462958 
Elapsed: 4.080917596817017

*** Epoch 1, batch 266/520 ***
Training fitness: 0.8299918230863352
Model size: (10, 16)
Validation fitness: 0.7983675936976561 
Elapsed: 4.357096910476685

*** Epoch 1, batch 267/520 ***
Training fitness: 0.8766187485157445
Model size: (3, 7)
Validation fitness: 0.8079964875262361 
Elapsed: 4.289270401000977

*** Epoch 1, batch 268/520 ***
Training fitness: 0.9014235949805866
Model size: (2, 7)
Validation fitness: 0.8056359658562634 
Elapsed: 4.154031276702881

*** Epoch 1, batch 269/520 ***
Training fitness: 0.8079534294747254
Model size: (3, 7)
Validation fitness: 0.8079964875262361 
Elapsed: 4.133423805236816

*** Epoch 1, batch 270/520 ***
Training fitness: 0.8355353178901477
Model size: (2, 6)
Validation fitness: 0.8159840462098095 
Elapsed: 4.284501314163208

*** Epoch 1, batch 271/520 ***
Training fitness: 0.8280896326420674
Model size: (6, 12)
Validation fitness: 0.7821413083544497 
Elapsed: 4.568855047225952

*** Epoch 1, batch 272/520 ***
Training fitness: 0.8832315236638419
Model size: (2, 6)
Validation fitness: 0.8159840462098095 
Elapsed: 3.946399211883545

*** Epoch 1, batch 273/520 ***
Training fitness: 0.8519596295498318
Model size: (10, 16)
Validation fitness: 0.7828668033623755 
Elapsed: 4.024091482162476

*** Epoch 1, batch 274/520 ***
Training fitness: 0.8302444165562545
Model size: (3, 7)
Validation fitness: 0.8079964875262361 
Elapsed: 4.411777973175049

*** Epoch 1, batch 275/520 ***
Training fitness: 0.8610819956362068
Model size: (2, 6)
Validation fitness: 0.8159840462098095 
Elapsed: 4.091884136199951

*** Epoch 1, batch 276/520 ***
Training fitness: 0.852678069392993
Model size: (7, 13)
Validation fitness: 0.8212580829854018 
Elapsed: 4.416504383087158

*** Epoch 1, batch 277/520 ***
Training fitness: 0.8468596127197069
Model size: (4, 8)
Validation fitness: 0.8051725733120227 
Elapsed: 2.6081137657165527

*** Epoch 1, batch 278/520 ***
Training fitness: 0.8295601424718053
Model size: (9, 17)
Validation fitness: 0.7931777377357565 
Elapsed: 2.2833263874053955

*** Epoch 1, batch 279/520 ***
Training fitness: 0.8431249184438848
Model size: (2, 6)
Validation fitness: 0.8159840462098095 
Elapsed: 2.1808815002441406

*** Epoch 1, batch 280/520 ***
Training fitness: 0.8324447026820163
Model size: (10, 14)
Validation fitness: 0.7873173131390497 
Elapsed: 2.21124529838562

*** Epoch 1, batch 281/520 ***
Training fitness: 0.8234879914696609
Model size: (7, 14)
Validation fitness: 0.8269667539712439 
Elapsed: 2.375321388244629

*** Epoch 1, batch 282/520 ***
Training fitness: 0.8177502960574423
Model size: (13, 19)
Validation fitness: 0.7840418559824722 
Elapsed: 2.2916204929351807

*** Epoch 1, batch 283/520 ***
Training fitness: 0.8475942959394628
Model size: (6, 11)
Validation fitness: 0.8035680572062529 
Elapsed: 2.1995368003845215

*** Epoch 1, batch 284/520 ***
Training fitness: 0.810229799851742
Model size: (2, 6)
Validation fitness: 0.8159840462098095 
Elapsed: 2.133326768875122

*** Epoch 1, batch 285/520 ***
Training fitness: 0.8164472825956933
Model size: (3, 7)
Validation fitness: 0.8214219347746763 
Elapsed: 2.237563371658325

*** Epoch 1, batch 286/520 ***
Training fitness: 0.8244939515052212
Model size: (3, 7)
Validation fitness: 0.8214219347746763 
Elapsed: 2.1986780166625977

*** Epoch 1, batch 287/520 ***
Training fitness: 0.7888577281884391
Model size: (9, 18)
Validation fitness: 0.8029422654465258 
Elapsed: 2.1642091274261475

*** Epoch 1, batch 288/520 ***
Training fitness: 0.837839747378887
Model size: (1, 5)
Validation fitness: 0.8035017165215221 
Elapsed: 2.1964967250823975

*** Epoch 1, batch 289/520 ***
Training fitness: 0.8321301332619777
Model size: (2, 6)
Validation fitness: 0.8159840462098095 
Elapsed: 2.3411974906921387

*** Epoch 1, batch 290/520 ***
Training fitness: 0.8267885358382497
Model size: (4, 8)
Validation fitness: 0.8057182073095602 
Elapsed: 2.3324036598205566

*** Epoch 1, batch 291/520 ***
Training fitness: 0.8018016826185138
Model size: (7, 15)
Validation fitness: 0.7574319226716559 
Elapsed: 2.431480884552002

*** Epoch 1, batch 292/520 ***
Training fitness: 0.7970327073987504
Model size: (4, 11)
Validation fitness: 0.836743686316471 
Elapsed: 2.2478671073913574

*** Epoch 1, batch 293/520 ***
Training fitness: 0.8522668394212497
Model size: (4, 11)
Validation fitness: 0.8618965978285879 
Elapsed: 2.3083384037017822

*** Epoch 1, batch 294/520 ***
Training fitness: 0.8696131021312187
Model size: (4, 11)
Validation fitness: 0.8551744513943789 
Elapsed: 2.3079440593719482

*** Epoch 1, batch 295/520 ***
Training fitness: 0.9017037859121432
Model size: (4, 11)
Validation fitness: 0.8618965978285879 
Elapsed: 2.1950597763061523

*** Epoch 1, batch 296/520 ***
Training fitness: 0.8710077733069272
Model size: (4, 11)
Validation fitness: 0.8618965978285879 
Elapsed: 2.24436616897583

*** Epoch 1, batch 297/520 ***
Training fitness: 0.8629479364206694
Model size: (4, 11)
Validation fitness: 0.8618965978285879 
Elapsed: 2.252772331237793

*** Epoch 1, batch 298/520 ***
Training fitness: 0.838550161127302
Model size: (4, 11)
Validation fitness: 0.8618965978285879 
Elapsed: 2.3908982276916504

*** Epoch 1, batch 299/520 ***
Training fitness: 0.8302646853479521
Model size: (4, 11)
Validation fitness: 0.8618965978285879 
Elapsed: 2.2499258518218994

*** Epoch 1, batch 300/520 ***
Training fitness: 0.8509018513231452
Model size: (4, 11)
Validation fitness: 0.8618965978285879 
Elapsed: 2.49056339263916

*** Epoch 1, batch 301/520 ***
Training fitness: 0.8160862713220005
Model size: (4, 11)
Validation fitness: 0.8618965978285879 
Elapsed: 2.2821872234344482

*** Epoch 1, batch 302/520 ***
Training fitness: 0.8776825742010899
Model size: (4, 11)
Validation fitness: 0.8618965978285879 
Elapsed: 2.281980514526367

*** Epoch 1, batch 303/520 ***
Training fitness: 0.8924666551542465
Model size: (4, 11)
Validation fitness: 0.8551744513943789 
Elapsed: 2.362055778503418

*** Epoch 1, batch 304/520 ***
Training fitness: 0.8534809593560573
Model size: (4, 11)
Validation fitness: 0.8551744513943789 
Elapsed: 2.2297284603118896

*** Epoch 1, batch 305/520 ***
Training fitness: 0.8876391109735035
Model size: (4, 11)
Validation fitness: 0.8551744513943789 
Elapsed: 2.1917974948883057

*** Epoch 1, batch 306/520 ***
Training fitness: 0.9146365594719937
Model size: (5, 13)
Validation fitness: 0.8309679540361699 
Elapsed: 2.210631847381592

*** Epoch 1, batch 307/520 ***
Training fitness: 0.8671991694565816
Model size: (4, 7)
Validation fitness: 0.8325485774180489 
Elapsed: 2.0315310955047607

*** Epoch 1, batch 308/520 ***
Training fitness: 0.8977491266396646
Model size: (4, 11)
Validation fitness: 0.8551744513943789 
Elapsed: 2.2955048084259033

*** Epoch 1, batch 309/520 ***
Training fitness: 0.8477283567355103
Model size: (4, 7)
Validation fitness: 0.8325485774180489 
Elapsed: 2.107201337814331

*** Epoch 1, batch 310/520 ***
Training fitness: 0.9129752950310926
Model size: (4, 7)
Validation fitness: 0.8466947596012233 
Elapsed: 2.2699081897735596

*** Epoch 1, batch 311/520 ***
Training fitness: 0.867101813979916
Model size: (4, 6)
Validation fitness: 0.8471642914653327 
Elapsed: 2.152707815170288

*** Epoch 1, batch 312/520 ***
Training fitness: 0.8469632177050075
Model size: (7, 12)
Validation fitness: 0.7916484633825839 
Elapsed: 2.0751826763153076

*** Epoch 1, batch 313/520 ***
Training fitness: 0.8536919808748877
Model size: (6, 12)
Validation fitness: 0.8100068868683513 
Elapsed: 2.2219340801239014

*** Epoch 1, batch 314/520 ***
Training fitness: 0.8372890326282024
Model size: (8, 14)
Validation fitness: 0.8112724015874936 
Elapsed: 2.3680529594421387

*** Epoch 1, batch 315/520 ***
Training fitness: 0.8515431054663922
Model size: (5, 12)
Validation fitness: 0.8113508253125007 
Elapsed: 2.156095504760742

*** Epoch 1, batch 316/520 ***
Training fitness: 0.8516336975922261
Model size: (4, 7)
Validation fitness: 0.8466947596012233 
Elapsed: 2.207073211669922

*** Epoch 1, batch 317/520 ***
Training fitness: 0.8763561139872544
Model size: (5, 9)
Validation fitness: 0.8551939461044022 
Elapsed: 2.1814768314361572

*** Epoch 1, batch 318/520 ***
Training fitness: 0.8444644133688259
Model size: (5, 10)
Validation fitness: 0.8536147420395491 
Elapsed: 2.216481924057007

*** Epoch 1, batch 319/520 ***
Training fitness: 0.8729510765752121
Model size: (5, 9)
Validation fitness: 0.8551939461044022 
Elapsed: 2.257293462753296

*** Epoch 1, batch 320/520 ***
Training fitness: 0.87566135654976
Model size: (5, 9)
Validation fitness: 0.8551939461044022 
Elapsed: 2.289975881576538

*** Epoch 1, batch 321/520 ***
Training fitness: 0.8885882292129974
Model size: (4, 10)
Validation fitness: 0.8445137729132718 
Elapsed: 2.281191110610962

*** Epoch 1, batch 322/520 ***
Training fitness: 0.8768031568319707
Model size: (5, 9)
Validation fitness: 0.8551939461044022 
Elapsed: 2.1326732635498047

*** Epoch 1, batch 323/520 ***
Training fitness: 0.9011567946840926
Model size: (10, 14)
Validation fitness: 0.8001796545188905 
Elapsed: 2.238919496536255

*** Epoch 1, batch 324/520 ***
Training fitness: 0.8840564663835783
Model size: (5, 10)
Validation fitness: 0.8536147420395491 
Elapsed: 2.3745641708374023

*** Epoch 1, batch 325/520 ***
Training fitness: 0.8755479024962777
Model size: (5, 9)
Validation fitness: 0.8551939461044022 
Elapsed: 2.234787940979004

*** Epoch 1, batch 326/520 ***
Training fitness: 0.8366379269074536
Model size: (4, 10)
Validation fitness: 0.8445137729132718 
Elapsed: 2.2938790321350098

*** Epoch 1, batch 327/520 ***
Training fitness: 0.8596346735850197
Model size: (3, 10)
Validation fitness: 0.8571866523264917 
Elapsed: 2.220897912979126

*** Epoch 1, batch 328/520 ***
Training fitness: 0.8560913561651596
Model size: (7, 14)
Validation fitness: 0.8340513435960664 
Elapsed: 2.3541433811187744

*** Epoch 1, batch 329/520 ***
Training fitness: 0.9001290358086588
Model size: (4, 8)
Validation fitness: 0.8564265229302005 
Elapsed: 2.3333706855773926

*** Epoch 1, batch 330/520 ***
Training fitness: 0.8916050852754615
Model size: (4, 8)
Validation fitness: 0.8564265229302005 
Elapsed: 2.2783420085906982

*** Epoch 1, batch 331/520 ***
Training fitness: 0.8593048309093827
Model size: (6, 10)
Validation fitness: 0.827777349998339 
Elapsed: 2.3038251399993896

*** Epoch 1, batch 332/520 ***
Training fitness: 0.8797732472410854
Model size: (8, 15)
Validation fitness: 0.8446064598441084 
Elapsed: 2.4604408740997314

*** Epoch 1, batch 333/520 ***
Training fitness: 0.8713293470155565
Model size: (7, 12)
Validation fitness: 0.8462472452171013 
Elapsed: 2.3573126792907715

*** Epoch 1, batch 334/520 ***
Training fitness: 0.9231993610719209
Model size: (4, 8)
Validation fitness: 0.8564265229302005 
Elapsed: 2.401714563369751

*** Epoch 1, batch 335/520 ***
Training fitness: 0.9076652822126349
Model size: (4, 10)
Validation fitness: 0.8445137729132718 
Elapsed: 2.4065005779266357

*** Epoch 1, batch 336/520 ***
Training fitness: 0.8373707732757218
Model size: (10, 18)
Validation fitness: 0.8095179157368992 
Elapsed: 2.437731981277466

*** Epoch 1, batch 337/520 ***
Training fitness: 0.8996751095317771
Model size: (7, 12)
Validation fitness: 0.8462472452171013 
Elapsed: 2.342663288116455

*** Epoch 1, batch 338/520 ***
Training fitness: 0.8052084497925098
Model size: (4, 8)
Validation fitness: 0.8564265229302005 
Elapsed: 2.3470258712768555

*** Epoch 1, batch 339/520 ***
Training fitness: 0.8431648548452588
Model size: (9, 17)
Validation fitness: 0.8452514335818083 
Elapsed: 2.3879234790802

*** Epoch 1, batch 340/520 ***
Training fitness: 0.8770948689442297
Model size: (7, 12)
Validation fitness: 0.8462472452171013 
Elapsed: 2.1740949153900146

*** Epoch 1, batch 341/520 ***
Training fitness: 0.8486281703299482
Model size: (4, 8)
Validation fitness: 0.8564265229302005 
Elapsed: 2.1900362968444824

*** Epoch 1, batch 342/520 ***
Training fitness: 0.8531404119730608
Model size: (4, 8)
Validation fitness: 0.8564265229302005 
Elapsed: 2.315911054611206

*** Epoch 1, batch 343/520 ***
Training fitness: 0.850665728387355
Model size: (9, 17)
Validation fitness: 0.8452514335818083 
Elapsed: 2.444753646850586

*** Epoch 1, batch 344/520 ***
Training fitness: 0.884649394430587
Model size: (4, 8)
Validation fitness: 0.8564265229302005 
Elapsed: 2.252296209335327

*** Epoch 1, batch 345/520 ***
Training fitness: 0.8683415085040109
Model size: (9, 17)
Validation fitness: 0.8452514335818083 
Elapsed: 2.43731427192688

*** Epoch 1, batch 346/520 ***
Training fitness: 0.8629479364206694
Model size: (9, 17)
Validation fitness: 0.8452514335818083 
Elapsed: 2.559375524520874

*** Epoch 1, batch 347/520 ***
Training fitness: 0.8658390888970785
Model size: (9, 19)
Validation fitness: 0.8430619701894068 
Elapsed: 2.4658336639404297

*** Epoch 1, batch 348/520 ***
Training fitness: 0.8327750769616286
Model size: (9, 19)
Validation fitness: 0.8430619701894068 
Elapsed: 2.5161356925964355

*** Epoch 1, batch 349/520 ***
Training fitness: 0.8497136655433776
Model size: (9, 17)
Validation fitness: 0.8452514335818083 
Elapsed: 2.466318130493164

*** Epoch 1, batch 350/520 ***
Training fitness: 0.8907137453477987
Model size: (4, 9)
Validation fitness: 0.8567845049058495 
Elapsed: 2.3071508407592773

*** Epoch 1, batch 351/520 ***
Training fitness: 0.8862529744268489
Model size: (7, 15)
Validation fitness: 0.8114167974451421 
Elapsed: 2.325298547744751

*** Epoch 1, batch 352/520 ***
Training fitness: 0.9235895877294796
Model size: (5, 9)
Validation fitness: 0.8297417832048075 
Elapsed: 2.308781623840332

*** Epoch 1, batch 353/520 ***
Training fitness: 0.8160853706899799
Model size: (5, 9)
Validation fitness: 0.8297417832048075 
Elapsed: 2.332921266555786

*** Epoch 1, batch 354/520 ***
Training fitness: 0.8525867158614023
Model size: (4, 8)
Validation fitness: 0.8003625940163859 
Elapsed: 2.167013168334961

*** Epoch 1, batch 355/520 ***
Training fitness: 0.8764172122721084
Model size: (11, 19)
Validation fitness: 0.843404352687314 
Elapsed: 2.4429759979248047

*** Epoch 1, batch 356/520 ***
Training fitness: 0.8561745260090532
Model size: (9, 16)
Validation fitness: 0.8461434059146867 
Elapsed: 2.4635097980499268

*** Epoch 1, batch 357/520 ***
Training fitness: 0.8482698953378359
Model size: (9, 17)
Validation fitness: 0.8493498688017146 
Elapsed: 2.399362087249756

*** Epoch 1, batch 358/520 ***
Training fitness: 0.8341130641425641
Model size: (9, 17)
Validation fitness: 0.8493498688017146 
Elapsed: 2.4608495235443115

*** Epoch 1, batch 359/520 ***
Training fitness: 0.8321301332619777
Model size: (10, 18)
Validation fitness: 0.841828099538372 
Elapsed: 2.471404552459717

*** Epoch 1, batch 360/520 ***
Training fitness: 0.8532150659704516
Model size: (10, 18)
Validation fitness: 0.841828099538372 
Elapsed: 2.3437678813934326

*** Epoch 1, batch 361/520 ***
Training fitness: 0.8453920073828568
Model size: (7, 16)
Validation fitness: 0.834449079849993 
Elapsed: 2.312260150909424

*** Epoch 1, batch 362/520 ***
Training fitness: 0.8276444527499438
Model size: (9, 17)
Validation fitness: 0.8386752387522465 
Elapsed: 2.3857414722442627

*** Epoch 1, batch 363/520 ***
Training fitness: 0.8401128081681347
Model size: (9, 17)
Validation fitness: 0.8386752387522465 
Elapsed: 2.425100088119507

*** Epoch 1, batch 364/520 ***
Training fitness: 0.9089689539816019
Model size: (9, 16)
Validation fitness: 0.848943807585176 
Elapsed: 2.4940319061279297

*** Epoch 1, batch 365/520 ***
Training fitness: 0.8820398959306955
Model size: (9, 16)
Validation fitness: 0.848943807585176 
Elapsed: 2.488725423812866

*** Epoch 1, batch 366/520 ***
Training fitness: 0.8040423448174191
Model size: (6, 7)
Validation fitness: 0.8091018775655607 
Elapsed: 2.1474838256835938

*** Epoch 1, batch 367/520 ***
Training fitness: 0.8977787839828082
Model size: (10, 18)
Validation fitness: 0.8295424743412594 
Elapsed: 2.186583995819092

*** Epoch 1, batch 368/520 ***
Training fitness: 0.8318992671103439
Model size: (6, 7)
Validation fitness: 0.8091018775655607 
Elapsed: 2.0807993412017822

*** Epoch 1, batch 369/520 ***
Training fitness: 0.832224036309739
Model size: (3, 7)
Validation fitness: 0.7981053863318263 
Elapsed: 2.0422961711883545

*** Epoch 1, batch 370/520 ***
Training fitness: 0.8296545580300387
Model size: (5, 7)
Validation fitness: 0.7970194569201353 
Elapsed: 2.0918781757354736

*** Epoch 1, batch 371/520 ***
Training fitness: 0.8380580611652417
Model size: (6, 8)
Validation fitness: 0.7957444686548536 
Elapsed: 2.016491174697876

*** Epoch 1, batch 372/520 ***
Training fitness: 0.8751844971709231
Model size: (6, 9)
Validation fitness: 0.8144439077486091 
Elapsed: 1.9237592220306396

*** Epoch 1, batch 373/520 ***
Training fitness: 0.8396131023883997
Model size: (4, 6)
Validation fitness: 0.7967377794561602 
Elapsed: 2.056591272354126

*** Epoch 1, batch 374/520 ***
Training fitness: 0.8577026653331652
Model size: (6, 10)
Validation fitness: 0.809350199640608 
Elapsed: 2.0187878608703613

*** Epoch 1, batch 375/520 ***
Training fitness: 0.7610314855231101
Model size: (12, 20)
Validation fitness: 0.810251316756701 
Elapsed: 2.2401111125946045

*** Epoch 1, batch 376/520 ***
Training fitness: 0.80976948876589
Model size: (6, 8)
Validation fitness: 0.797123454190757 
Elapsed: 2.102534532546997

*** Epoch 1, batch 377/520 ***
Training fitness: 0.8088700371332465
Model size: (11, 13)
Validation fitness: 0.825407880692903 
Elapsed: 2.105297803878784

*** Epoch 1, batch 378/520 ***
Training fitness: 0.8676568325007196
Model size: (7, 13)
Validation fitness: 0.7907706273472834 
Elapsed: 2.1123416423797607

*** Epoch 1, batch 379/520 ***
Training fitness: 0.8139482710852316
Model size: (7, 11)
Validation fitness: 0.8390060558505024 
Elapsed: 2.1711623668670654

*** Epoch 1, batch 380/520 ***
Training fitness: 0.861016486292248
Model size: (7, 11)
Validation fitness: 0.8390060558505024 
Elapsed: 2.0004842281341553

*** Epoch 1, batch 381/520 ***
Training fitness: 0.8673176559355643
Model size: (7, 13)
Validation fitness: 0.8493744396100679 
Elapsed: 1.972987413406372

*** Epoch 1, batch 382/520 ***
Training fitness: 0.8667109600678456
Model size: (7, 13)
Validation fitness: 0.8493744396100679 
Elapsed: 2.0170938968658447

*** Epoch 1, batch 383/520 ***
Training fitness: 0.7960619683768656
Model size: (7, 15)
Validation fitness: 0.8437454239156809 
Elapsed: 1.9687440395355225

*** Epoch 1, batch 384/520 ***
Training fitness: 0.8593406593406593
Model size: (7, 15)
Validation fitness: 0.8437454239156809 
Elapsed: 1.996178388595581

*** Epoch 1, batch 385/520 ***
Training fitness: 0.8906336983763574
Model size: (7, 15)
Validation fitness: 0.8437454239156809 
Elapsed: 2.0960161685943604

*** Epoch 1, batch 386/520 ***
Training fitness: 0.8954221769375642
Model size: (4, 7)
Validation fitness: 0.8095722965847935 
Elapsed: 2.0163228511810303

*** Epoch 1, batch 387/520 ***
Training fitness: 0.8685826176562406
Model size: (7, 8)
Validation fitness: 0.8246923593915388 
Elapsed: 1.9939117431640625

*** Epoch 1, batch 388/520 ***
Training fitness: 0.8313237358092475
Model size: (3, 6)
Validation fitness: 0.8159036576098863 
Elapsed: 2.1340017318725586

*** Epoch 1, batch 389/520 ***
Training fitness: 0.862326539081653
Model size: (8, 16)
Validation fitness: 0.8356506007464812 
Elapsed: 2.0689315795898438

*** Epoch 1, batch 390/520 ***
Training fitness: 0.8396316987344901
Model size: (6, 10)
Validation fitness: 0.8417370713771346 
Elapsed: 2.041355609893799

*** Epoch 1, batch 391/520 ***
Training fitness: 0.875842452952653
Model size: (5, 6)
Validation fitness: 0.842345463037912 
Elapsed: 2.036660671234131

*** Epoch 1, batch 392/520 ***
Training fitness: 0.8897729984329282
Model size: (6, 10)
Validation fitness: 0.8390938658404382 
Elapsed: 2.0125277042388916

*** Epoch 1, batch 393/520 ***
Training fitness: 0.8420737474484297
Model size: (5, 6)
Validation fitness: 0.842345463037912 
Elapsed: 2.0943307876586914

*** Epoch 1, batch 394/520 ***
Training fitness: 0.8519596295498318
Model size: (6, 10)
Validation fitness: 0.8433309721467998 
Elapsed: 2.103306770324707

*** Epoch 1, batch 395/520 ***
Training fitness: 0.8753896432705672
Model size: (3, 6)
Validation fitness: 0.7967911186427894 
Elapsed: 2.1644515991210938

*** Epoch 1, batch 396/520 ***
Training fitness: 0.8217872880008925
Model size: (5, 6)
Validation fitness: 0.842345463037912 
Elapsed: 2.157900333404541

*** Epoch 1, batch 397/520 ***
Training fitness: 0.8452282031828136
Model size: (8, 11)
Validation fitness: 0.8284219621084947 
Elapsed: 2.0866291522979736

*** Epoch 1, batch 398/520 ***
Training fitness: 0.8561745260090532
Model size: (6, 10)
Validation fitness: 0.8433309721467998 
Elapsed: 2.1420650482177734

*** Epoch 1, batch 399/520 ***
Training fitness: 0.8470313895900303
Model size: (4, 10)
Validation fitness: 0.8290375050240224 
Elapsed: 2.141589641571045

*** Epoch 1, batch 400/520 ***
Training fitness: 0.8036304275727276
Model size: (5, 6)
Validation fitness: 0.842345463037912 
Elapsed: 2.1610193252563477

*** Epoch 1, batch 401/520 ***
Training fitness: 0.8683437494392543
Model size: (5, 6)
Validation fitness: 0.842345463037912 
Elapsed: 2.125258207321167

*** Epoch 1, batch 402/520 ***
Training fitness: 0.8985731751113039
Model size: (5, 6)
Validation fitness: 0.842345463037912 
Elapsed: 2.0957396030426025

*** Epoch 1, batch 403/520 ***
Training fitness: 0.8283525867114828
Model size: (6, 9)
Validation fitness: 0.8579160552720294 
Elapsed: 2.0916781425476074

*** Epoch 1, batch 404/520 ***
Training fitness: 0.8840094294855158
Model size: (6, 11)
Validation fitness: 0.8471371948208805 
Elapsed: 2.038658618927002

*** Epoch 1, batch 405/520 ***
Training fitness: 0.8441622892989752
Model size: (6, 10)
Validation fitness: 0.8433309721467998 
Elapsed: 2.251288414001465

*** Epoch 1, batch 406/520 ***
Training fitness: 0.9045054364078002
Model size: (4, 9)
Validation fitness: 0.8193566726837208 
Elapsed: 2.215343952178955

*** Epoch 1, batch 407/520 ***
Training fitness: 0.8597128341751337
Model size: (5, 6)
Validation fitness: 0.842345463037912 
Elapsed: 2.0461463928222656

*** Epoch 1, batch 408/520 ***
Training fitness: 0.8994200851135322
Model size: (5, 6)
Validation fitness: 0.842345463037912 
Elapsed: 2.10550856590271

*** Epoch 1, batch 409/520 ***
Training fitness: 0.861483817670748
Model size: (4, 8)
Validation fitness: 0.8074358610314194 
Elapsed: 2.1836724281311035

*** Epoch 1, batch 410/520 ***
Training fitness: 0.8275544805954812
Model size: (5, 6)
Validation fitness: 0.842345463037912 
Elapsed: 2.200084924697876

*** Epoch 1, batch 411/520 ***
Training fitness: 0.9154629290640939
Model size: (5, 7)
Validation fitness: 0.8452803516460272 
Elapsed: 2.174912452697754

*** Epoch 1, batch 412/520 ***
Training fitness: 0.900535760273893
Model size: (5, 6)
Validation fitness: 0.842345463037912 
Elapsed: 2.144528388977051

*** Epoch 1, batch 413/520 ***
Training fitness: 0.8829943676419953
Model size: (13, 18)
Validation fitness: 0.8367474902993935 
Elapsed: 2.3276710510253906

*** Epoch 1, batch 414/520 ***
Training fitness: 0.8743571100503519
Model size: (7, 11)
Validation fitness: 0.8656488161353394 
Elapsed: 2.4182324409484863

*** Epoch 1, batch 415/520 ***
Training fitness: 0.9003567329247902
Model size: (7, 13)
Validation fitness: 0.8624717350667654 
Elapsed: 2.1821324825286865

*** Epoch 1, batch 416/520 ***
Training fitness: 0.9013063755505606
Model size: (7, 13)
Validation fitness: 0.8624717350667654 
Elapsed: 2.240081787109375

*** Epoch 1, batch 417/520 ***
Training fitness: 0.8776019590069722
Model size: (5, 6)
Validation fitness: 0.842345463037912 
Elapsed: 2.3005378246307373

*** Epoch 1, batch 418/520 ***
Training fitness: 0.8355077223367429
Model size: (7, 13)
Validation fitness: 0.8624717350667654 
Elapsed: 2.218343734741211

*** Epoch 1, batch 419/520 ***
Training fitness: 0.8607661071707353
Model size: (12, 19)
Validation fitness: 0.8001929846200114 
Elapsed: 2.4477503299713135

*** Epoch 1, batch 420/520 ***
Training fitness: 0.8657685955941848
Model size: (7, 13)
Validation fitness: 0.8624717350667654 
Elapsed: 2.274829626083374

*** Epoch 1, batch 421/520 ***
Training fitness: 0.8196078431372549
Model size: (7, 11)
Validation fitness: 0.8656488161353394 
Elapsed: 2.3298962116241455

*** Epoch 1, batch 422/520 ***
Training fitness: 0.8635954953632595
Model size: (7, 13)
Validation fitness: 0.8624717350667654 
Elapsed: 2.240753412246704

*** Epoch 1, batch 423/520 ***
Training fitness: 0.8913696885516293
Model size: (7, 11)
Validation fitness: 0.8656488161353394 
Elapsed: 2.3382656574249268

*** Epoch 1, batch 424/520 ***
Training fitness: 0.886783969039175
Model size: (7, 11)
Validation fitness: 0.8656488161353394 
Elapsed: 2.444749116897583

*** Epoch 1, batch 425/520 ***
Training fitness: 0.8668300888242739
Model size: (7, 11)
Validation fitness: 0.8439178759362821 
Elapsed: 2.339132308959961

*** Epoch 1, batch 426/520 ***
Training fitness: 0.8477283567355103
Model size: (7, 11)
Validation fitness: 0.8656488161353394 
Elapsed: 2.204200506210327

*** Epoch 1, batch 427/520 ***
Training fitness: 0.8927412627098512
Model size: (7, 11)
Validation fitness: 0.8656488161353394 
Elapsed: 2.1745076179504395

*** Epoch 1, batch 428/520 ***
Training fitness: 0.9080956882822263
Model size: (7, 11)
Validation fitness: 0.8656488161353394 
Elapsed: 2.295254945755005

*** Epoch 1, batch 429/520 ***
Training fitness: 0.8694019740555796
Model size: (7, 11)
Validation fitness: 0.8656488161353394 
Elapsed: 2.2778191566467285

*** Epoch 1, batch 430/520 ***
Training fitness: 0.8324447026820163
Model size: (7, 11)
Validation fitness: 0.8656488161353394 
Elapsed: 2.118856191635132

*** Epoch 1, batch 431/520 ***
Training fitness: 0.8738761982092178
Model size: (7, 11)
Validation fitness: 0.8656488161353394 
Elapsed: 2.200782060623169

*** Epoch 1, batch 432/520 ***
Training fitness: 0.8293026721717404
Model size: (12, 20)
Validation fitness: 0.8602535343617256 
Elapsed: 2.253199338912964

*** Epoch 1, batch 433/520 ***
Training fitness: 0.8408977561517433
Model size: (12, 21)
Validation fitness: 0.8441928334486537 
Elapsed: 2.1872081756591797

*** Epoch 1, batch 434/520 ***
Training fitness: 0.831580460084549
Model size: (12, 20)
Validation fitness: 0.8602535343617256 
Elapsed: 2.198486328125

*** Epoch 1, batch 435/520 ***
Training fitness: 0.8497136655433776
Model size: (12, 20)
Validation fitness: 0.8602535343617256 
Elapsed: 2.2043352127075195

*** Epoch 1, batch 436/520 ***
Training fitness: 0.8775065490432551
Model size: (12, 21)
Validation fitness: 0.8441928334486537 
Elapsed: 2.242224931716919

*** Epoch 1, batch 437/520 ***
Training fitness: 0.9089689539816019
Model size: (12, 21)
Validation fitness: 0.8569910710699491 
Elapsed: 2.201730966567993

*** Epoch 1, batch 438/520 ***
Training fitness: 0.8759628907969446
Model size: (8, 13)
Validation fitness: 0.7997075088678898 
Elapsed: 2.098299503326416

*** Epoch 1, batch 439/520 ***
Training fitness: 0.8358870414762029
Model size: (11, 21)
Validation fitness: 0.8194737871171903 
Elapsed: 2.3627896308898926

*** Epoch 1, batch 440/520 ***
Training fitness: 0.8776019590069722
Model size: (11, 22)
Validation fitness: 0.8284996796854289 
Elapsed: 2.2045211791992188

*** Epoch 1, batch 441/520 ***
Training fitness: 0.8666340564153018
Model size: (11, 22)
Validation fitness: 0.8420468751470015 
Elapsed: 2.0709924697875977

*** Epoch 1, batch 442/520 ***
Training fitness: 0.8750458630720198
Model size: (10, 18)
Validation fitness: 0.8327870513489467 
Elapsed: 2.0529117584228516

*** Epoch 1, batch 443/520 ***
Training fitness: 0.8671977571989642
Model size: (10, 18)
Validation fitness: 0.8327870513489467 
Elapsed: 2.0325450897216797

*** Epoch 1, batch 444/520 ***
Training fitness: 0.8747478833981698
Model size: (6, 11)
Validation fitness: 0.8344287201948193 
Elapsed: 2.03913950920105

*** Epoch 1, batch 445/520 ***
Training fitness: 0.8529276810638599
Model size: (13, 25)
Validation fitness: 0.8413463657267022 
Elapsed: 2.031059980392456

*** Epoch 1, batch 446/520 ***
Training fitness: 0.9220100782054704
Model size: (6, 13)
Validation fitness: 0.8426514428986762 
Elapsed: 1.9934589862823486

*** Epoch 1, batch 447/520 ***
Training fitness: 0.8768047694016826
Model size: (6, 13)
Validation fitness: 0.8426514428986762 
Elapsed: 1.9742810726165771

*** Epoch 1, batch 448/520 ***
Training fitness: 0.8653432638248066
Model size: (12, 23)
Validation fitness: 0.8566448789181236 
Elapsed: 2.0266494750976562

*** Epoch 1, batch 449/520 ***
Training fitness: 0.8768031568319707
Model size: (8, 15)
Validation fitness: 0.7985207219809239 
Elapsed: 1.9913842678070068

*** Epoch 1, batch 450/520 ***
Training fitness: 0.8704849109201251
Model size: (12, 23)
Validation fitness: 0.8566448789181236 
Elapsed: 1.976203203201294

*** Epoch 1, batch 451/520 ***
Training fitness: 0.8108794568373829
Model size: (6, 12)
Validation fitness: 0.8390650078030415 
Elapsed: 1.9123687744140625

*** Epoch 1, batch 452/520 ***
Training fitness: 0.877396275143741
Model size: (12, 23)
Validation fitness: 0.8566448789181236 
Elapsed: 1.9977378845214844

*** Epoch 1, batch 453/520 ***
Training fitness: 0.8134961832061068
Model size: (9, 14)
Validation fitness: 0.8306336042583257 
Elapsed: 1.9942641258239746

*** Epoch 1, batch 454/520 ***
Training fitness: 0.8618593998759695
Model size: (12, 20)
Validation fitness: 0.8563790575244952 
Elapsed: 2.0806424617767334

*** Epoch 1, batch 455/520 ***
Training fitness: 0.9077596925399891
Model size: (11, 19)
Validation fitness: 0.8642284691686712 
Elapsed: 2.031743049621582

*** Epoch 1, batch 456/520 ***
Training fitness: 0.8335198475048359
Model size: (11, 19)
Validation fitness: 0.8642284691686712 
Elapsed: 1.9537482261657715

*** Epoch 1, batch 457/520 ***
Training fitness: 0.8542003125150278
Model size: (7, 15)
Validation fitness: 0.8404787519035057 
Elapsed: 1.9743356704711914

*** Epoch 1, batch 458/520 ***
Training fitness: 0.839901242755838
Model size: (9, 14)
Validation fitness: 0.8306336042583257 
Elapsed: 2.0382800102233887

*** Epoch 1, batch 459/520 ***
Training fitness: 0.8645318944792166
Model size: (11, 19)
Validation fitness: 0.8642284691686712 
Elapsed: 2.0167620182037354

*** Epoch 1, batch 460/520 ***
Training fitness: 0.8451394924986593
Model size: (11, 19)
Validation fitness: 0.8642284691686712 
Elapsed: 1.9292869567871094

*** Epoch 1, batch 461/520 ***
Training fitness: 0.862808713051596
Model size: (11, 16)
Validation fitness: 0.8430991798091843 
Elapsed: 1.9605743885040283

*** Epoch 1, batch 462/520 ***
Training fitness: 0.858951081892108
Model size: (11, 19)
Validation fitness: 0.8642284691686712 
Elapsed: 1.9461162090301514

*** Epoch 1, batch 463/520 ***
Training fitness: 0.9104268259160609
Model size: (11, 19)
Validation fitness: 0.8642284691686712 
Elapsed: 2.0342752933502197

*** Epoch 1, batch 464/520 ***
Training fitness: 0.880512568398767
Model size: (11, 19)
Validation fitness: 0.8642284691686712 
Elapsed: 1.941117525100708

*** Epoch 1, batch 465/520 ***
Training fitness: 0.9149310934345602
Model size: (10, 18)
Validation fitness: 0.8625007522757301 
Elapsed: 2.023338794708252

*** Epoch 1, batch 466/520 ***
Training fitness: 0.8317745132214326
Model size: (11, 19)
Validation fitness: 0.8642284691686712 
Elapsed: 1.9750258922576904

*** Epoch 1, batch 467/520 ***
Training fitness: 0.8298945330727635
Model size: (11, 19)
Validation fitness: 0.8642284691686712 
Elapsed: 1.9630067348480225

*** Epoch 1, batch 468/520 ***
Training fitness: 0.8855458269070535
Model size: (11, 19)
Validation fitness: 0.8642284691686712 
Elapsed: 1.9599895477294922

*** Epoch 1, batch 469/520 ***
Training fitness: 0.8927412627098512
Model size: (11, 19)
Validation fitness: 0.8642284691686712 
Elapsed: 2.004603385925293

*** Epoch 1, batch 470/520 ***
Training fitness: 0.864152857520835
Model size: (10, 18)
Validation fitness: 0.8636664634714614 
Elapsed: 1.9406485557556152

*** Epoch 1, batch 471/520 ***
Training fitness: 0.8741391429242898
Model size: (11, 20)
Validation fitness: 0.8481699721072493 
Elapsed: 2.065284252166748

*** Epoch 1, batch 472/520 ***
Training fitness: 0.8658371987612917
Model size: (11, 20)
Validation fitness: 0.8481699721072493 
Elapsed: 2.058387279510498

*** Epoch 1, batch 473/520 ***
Training fitness: 0.8379164218269644
Model size: (10, 16)
Validation fitness: 0.7997574065551083 
Elapsed: 1.839383602142334

*** Epoch 1, batch 474/520 ***
Training fitness: 0.8493165269278281
Model size: (14, 25)
Validation fitness: 0.8304105904489989 
Elapsed: 1.9041218757629395

*** Epoch 1, batch 475/520 ***
Training fitness: 0.8143631046055934
Model size: (14, 25)
Validation fitness: 0.8304105904489989 
Elapsed: 1.898242712020874

*** Epoch 1, batch 476/520 ***
Training fitness: 0.8441579069722881
Model size: (14, 24)
Validation fitness: 0.8060630300588549 
Elapsed: 1.9113271236419678

*** Epoch 1, batch 477/520 ***
Training fitness: 0.8512722985684789
Model size: (14, 26)
Validation fitness: 0.8099021814198012 
Elapsed: 1.9937810897827148

*** Epoch 1, batch 478/520 ***
Training fitness: 0.8293026721717404
Model size: (15, 22)
Validation fitness: 0.7938401073498452 
Elapsed: 1.8735382556915283

*** Epoch 1, batch 479/520 ***
Training fitness: 0.8535870465641008
Model size: (14, 26)
Validation fitness: 0.8099021814198012 
Elapsed: 1.9739983081817627

*** Epoch 1, batch 480/520 ***
Training fitness: 0.8099790920620796
Model size: (11, 14)
Validation fitness: 0.8103538218505445 
Elapsed: 2.062321186065674

*** Epoch 1, batch 481/520 ***
Training fitness: 0.8266584874014337
Model size: (15, 22)
Validation fitness: 0.7992865714296625 
Elapsed: 1.9038007259368896

*** Epoch 1, batch 482/520 ***
Training fitness: 0.8299919982916761
Model size: (6, 9)
Validation fitness: 0.7932729412013099 
Elapsed: 1.8870561122894287

*** Epoch 1, batch 483/520 ***
Training fitness: 0.8075111697026139
Model size: (10, 16)
Validation fitness: 0.7997574065551083 
Elapsed: 1.8896052837371826

*** Epoch 1, batch 484/520 ***
Training fitness: 0.7720075197833044
Model size: (11, 14)
Validation fitness: 0.8103538218505445 
Elapsed: 1.869494915008545

*** Epoch 1, batch 485/520 ***
Training fitness: 0.8396839431738368
Model size: (11, 16)
Validation fitness: 0.7966769664410798 
Elapsed: 1.9420816898345947

*** Epoch 1, batch 486/520 ***
Training fitness: 0.8437100048623941
Model size: (15, 25)
Validation fitness: 0.7931605504735163 
Elapsed: 2.0460829734802246

*** Epoch 1, batch 487/520 ***
Training fitness: 0.8152419216436493
Model size: (7, 10)
Validation fitness: 0.7846904053883749 
Elapsed: 1.9026131629943848

*** Epoch 1, batch 488/520 ***
Training fitness: 0.8209390659091667
Model size: (11, 15)
Validation fitness: 0.8074537241315906 
Elapsed: 1.9776029586791992

*** Epoch 1, batch 489/520 ***
Training fitness: 0.852927876372024
Model size: (12, 19)
Validation fitness: 0.8067996120131584 
Elapsed: 1.7906239032745361

*** Epoch 1, batch 490/520 ***
Training fitness: 0.7981022104301223
Model size: (7, 9)
Validation fitness: 0.8105806654814853 
Elapsed: 1.894312858581543

*** Epoch 1, batch 491/520 ***
Training fitness: 0.8229107226124512
Model size: (13, 19)
Validation fitness: 0.8102652594413219 
Elapsed: 1.8225054740905762

*** Epoch 1, batch 492/520 ***
Training fitness: 0.7896826148430212
Model size: (7, 9)
Validation fitness: 0.8105806654814853 
Elapsed: 1.9192912578582764

*** Epoch 1, batch 493/520 ***
Training fitness: 0.775628715123554
Model size: (7, 9)
Validation fitness: 0.8105806654814853 
Elapsed: 1.9135677814483643

*** Epoch 1, batch 494/520 ***
Training fitness: 0.8372890326282024
Model size: (7, 9)
Validation fitness: 0.8105806654814853 
Elapsed: 1.8250203132629395

*** Epoch 1, batch 495/520 ***
Training fitness: 0.8507620173685165
Model size: (4, 5)
Validation fitness: 0.7988688280959223 
Elapsed: 1.8675572872161865

*** Epoch 1, batch 496/520 ***
Training fitness: 0.8409000940577143
Model size: (7, 11)
Validation fitness: 0.8098309942688797 
Elapsed: 1.9265127182006836

*** Epoch 1, batch 497/520 ***
Training fitness: 0.8441148196466379
Model size: (13, 21)
Validation fitness: 0.8029888776905806 
Elapsed: 1.9562885761260986

*** Epoch 1, batch 498/520 ***
Training fitness: 0.8438530156892917
Model size: (13, 18)
Validation fitness: 0.8128908202464655 
Elapsed: 1.8209798336029053

*** Epoch 1, batch 499/520 ***
Training fitness: 0.7329175867902588
Model size: (10, 16)
Validation fitness: 0.8115624313908864 
Elapsed: 2.0307488441467285

*** Epoch 1, batch 500/520 ***
Training fitness: 0.8440483135045428
Model size: (14, 20)
Validation fitness: 0.821307343281556 
Elapsed: 1.84700608253479

*** Epoch 1, batch 501/520 ***
Training fitness: 0.8351639490816164
Model size: (13, 17)
Validation fitness: 0.8114239231968297 
Elapsed: 1.8043415546417236

*** Epoch 1, batch 502/520 ***
Training fitness: 0.8464199616254574
Model size: (14, 20)
Validation fitness: 0.821307343281556 
Elapsed: 1.8115041255950928

*** Epoch 1, batch 503/520 ***
Training fitness: 0.8346144135898219
Model size: (14, 20)
Validation fitness: 0.821307343281556 
Elapsed: 1.8334872722625732

*** Epoch 1, batch 504/520 ***
Training fitness: 0.8420361386880919
Model size: (13, 17)
Validation fitness: 0.8124796464747196 
Elapsed: 1.818824291229248

*** Epoch 1, batch 505/520 ***
Training fitness: 0.8055166737770474
Model size: (14, 20)
Validation fitness: 0.7714692241720652 
Elapsed: 1.8973760604858398

*** Epoch 1, batch 506/520 ***
Training fitness: 0.8133560166049363
Model size: (14, 20)
Validation fitness: 0.8082278127552928 
Elapsed: 1.8040740489959717

*** Epoch 1, batch 507/520 ***
Training fitness: 0.8439962883062726
Model size: (13, 16)
Validation fitness: 0.8097264905461828 
Elapsed: 1.7986257076263428

*** Epoch 1, batch 508/520 ***
Training fitness: 0.8103387732996818
Model size: (6, 9)
Validation fitness: 0.7967694699034875 
Elapsed: 1.9183721542358398

*** Epoch 1, batch 509/520 ***
Training fitness: 0.8748728895100192
Model size: (14, 18)
Validation fitness: 0.8120901623031853 
Elapsed: 1.872574806213379

*** Epoch 1, batch 510/520 ***
Training fitness: 0.8044199283812086
Model size: (9, 13)
Validation fitness: 0.802358172617158 
Elapsed: 1.923767328262329

*** Epoch 1, batch 511/520 ***
Training fitness: 0.8131399034795114
Model size: (15, 23)
Validation fitness: 0.8148614948880434 
Elapsed: 1.8865556716918945

*** Epoch 1, batch 512/520 ***
Training fitness: 0.8777996427916533
Model size: (7, 7)
Validation fitness: 0.7647068375859484 
Elapsed: 1.7688164710998535

*** Epoch 1, batch 513/520 ***
Training fitness: 0.7435949857754502
Model size: (8, 12)
Validation fitness: 0.7997673233089355 
Elapsed: 1.7947168350219727

*** Epoch 1, batch 514/520 ***
Training fitness: 0.8278623387737637
Model size: (14, 19)
Validation fitness: 0.7820134934818563 
Elapsed: 1.8144409656524658

*** Epoch 1, batch 515/520 ***
Training fitness: 0.8355414790638588
Model size: (7, 7)
Validation fitness: 0.8150541982343666 
Elapsed: 1.7686431407928467

*** Epoch 1, batch 516/520 ***
Training fitness: 0.8366356378958277
Model size: (13, 16)
Validation fitness: 0.805706961744955 
Elapsed: 1.756364345550537

*** Epoch 1, batch 517/520 ***
Training fitness: 0.7741108317941398
Model size: (6, 10)
Validation fitness: 0.8082562925099875 
Elapsed: 1.7726430892944336

*** Epoch 1, batch 518/520 ***
Training fitness: 0.8608060089709284
Model size: (7, 7)
Validation fitness: 0.8150541982343666 
Elapsed: 1.808997392654419

*** Epoch 1, batch 519/520 ***
Training fitness: 0.8048744159365258
Model size: (6, 10)
Validation fitness: 0.8150374675938559 
Elapsed: 1.8171274662017822

*** Epoch 1, batch 520/520 ***
Training fitness: 0.8724003734246332
Model size: (7, 11)
Validation fitness: 0.8239813582952257 
Elapsed: 1.7847285270690918

Total train time: 1577.9483172893524
Test time: 0.2868020534515381
Test fitness: 0.8619422394673225
Test statistics: Stats(total=14791, total_true=7158, total_false=7633, true_positive=6237, true_negative=7501, false_positive=132, false_negative=921, tpr=0.8713327745180218, tnr=0.9827066684134679, ppv=0.9792746113989638, npv=0.8906435526003325, accuracy=0.9288080589547698, f1=0.9221556886227545, mcc=0.8619422394673225)
