Configuration:
Dataset: nsl_kdd
Selector: pca
Fold: 8
Fitness: mcc
Batch size: 256
Epochs: 1
Config args: {}
*** Epoch 1, batch 1/520 ***
Training fitness: 0.8028349323762518
Model size: (1, 12)
Validation fitness: 0.7141750385760954 !!!
Elapsed: 3.6605324745178223

*** Epoch 1, batch 2/520 ***
Training fitness: 0.7555376712032013
Model size: (2, 13)
Validation fitness: 0.7160336940413226 !!!
Elapsed: 3.848210573196411

*** Epoch 1, batch 3/520 ***
Training fitness: 0.7991931414991966
Model size: (2, 12)
Validation fitness: 0.7808931605525572 !!!
Elapsed: 4.129505395889282

*** Epoch 1, batch 4/520 ***
Training fitness: 0.8077677189531688
Model size: (3, 13)
Validation fitness: 0.7790083209502484 
Elapsed: 3.996877431869507

*** Epoch 1, batch 5/520 ***
Training fitness: 0.8284629092102934
Model size: (2, 10)
Validation fitness: 0.8208729386621867 !!!
Elapsed: 4.3140339851379395

*** Epoch 1, batch 6/520 ***
Training fitness: 0.8699241071838195
Model size: (3, 11)
Validation fitness: 0.7938348234932062 
Elapsed: 4.177799701690674

*** Epoch 1, batch 7/520 ***
Training fitness: 0.8825541919411608
Model size: (2, 8)
Validation fitness: 0.7921883096134412 
Elapsed: 4.07219934463501

*** Epoch 1, batch 8/520 ***
Training fitness: 0.8404932046845879
Model size: (1, 8)
Validation fitness: 0.7832145249798991 
Elapsed: 4.028745889663696

*** Epoch 1, batch 9/520 ***
Training fitness: 0.8974018578092855
Model size: (2, 6)
Validation fitness: 0.8243638500350791 !!!
Elapsed: 4.022305250167847

*** Epoch 1, batch 10/520 ***
Training fitness: 0.8373087568798696
Model size: (3, 12)
Validation fitness: 0.770044067277894 
Elapsed: 3.928682327270508

*** Epoch 1, batch 11/520 ***
Training fitness: 0.8687612055029715
Model size: (2, 6)
Validation fitness: 0.8243638500350791 
Elapsed: 4.054819822311401

*** Epoch 1, batch 12/520 ***
Training fitness: 0.8488252700733444
Model size: (2, 6)
Validation fitness: 0.8243638500350791 
Elapsed: 4.254277944564819

*** Epoch 1, batch 13/520 ***
Training fitness: 0.8524653922079506
Model size: (1, 5)
Validation fitness: 0.8311530559837266 !!!
Elapsed: 4.278727769851685

*** Epoch 1, batch 14/520 ***
Training fitness: 0.8122134604804695
Model size: (6, 15)
Validation fitness: 0.7659949314593725 
Elapsed: 4.782471179962158

*** Epoch 1, batch 15/520 ***
Training fitness: 0.8848508266346145
Model size: (6, 17)
Validation fitness: 0.8190703029720163 
Elapsed: 4.668181896209717

*** Epoch 1, batch 16/520 ***
Training fitness: 0.8317883872610065
Model size: (3, 8)
Validation fitness: 0.8234408963935157 
Elapsed: 4.591487646102905

*** Epoch 1, batch 17/520 ***
Training fitness: 0.8515431054663922
Model size: (3, 11)
Validation fitness: 0.8061586913771885 
Elapsed: 4.724789619445801

*** Epoch 1, batch 18/520 ***
Training fitness: 0.8891020483940838
Model size: (1, 4)
Validation fitness: 0.8292464634494103 
Elapsed: 4.37578821182251

*** Epoch 1, batch 19/520 ***
Training fitness: 0.8011233577289465
Model size: (7, 14)
Validation fitness: 0.8128401684040244 
Elapsed: 4.544600009918213

*** Epoch 1, batch 20/520 ***
Training fitness: 0.8030446450242559
Model size: (1, 7)
Validation fitness: 0.7998155892690008 
Elapsed: 4.27113676071167

*** Epoch 1, batch 21/520 ***
Training fitness: 0.8965248400001441
Model size: (1, 4)
Validation fitness: 0.7911016433723416 
Elapsed: 4.108459711074829

*** Epoch 1, batch 22/520 ***
Training fitness: 0.8618105123918386
Model size: (6, 15)
Validation fitness: 0.8377256391962232 !!!
Elapsed: 4.4113898277282715

*** Epoch 1, batch 23/520 ***
Training fitness: 0.8348070407130849
Model size: (4, 10)
Validation fitness: 0.8491340730403173 !!!
Elapsed: 4.569833993911743

*** Epoch 1, batch 24/520 ***
Training fitness: 0.8025043091399001
Model size: (7, 16)
Validation fitness: 0.8059910373952553 
Elapsed: 4.5928795337677

*** Epoch 1, batch 25/520 ***
Training fitness: 0.877396275143741
Model size: (5, 12)
Validation fitness: 0.8461665155018604 
Elapsed: 4.500953674316406

*** Epoch 1, batch 26/520 ***
Training fitness: 0.8981973397333154
Model size: (5, 12)
Validation fitness: 0.8461665155018604 
Elapsed: 4.517343521118164

*** Epoch 1, batch 27/520 ***
Training fitness: 0.8437100048623941
Model size: (4, 15)
Validation fitness: 0.8210620059051814 
Elapsed: 4.390248775482178

*** Epoch 1, batch 28/520 ***
Training fitness: 0.8203156033534902
Model size: (5, 12)
Validation fitness: 0.819410865621859 
Elapsed: 4.155838251113892

*** Epoch 1, batch 29/520 ***
Training fitness: 0.8693391026363825
Model size: (5, 13)
Validation fitness: 0.8270478085088454 
Elapsed: 4.033540964126587

*** Epoch 1, batch 30/520 ***
Training fitness: 0.8832315236638419
Model size: (5, 13)
Validation fitness: 0.8270478085088454 
Elapsed: 4.0738019943237305

*** Epoch 1, batch 31/520 ***
Training fitness: 0.8505854844551698
Model size: (4, 13)
Validation fitness: 0.8568139974819733 !!!
Elapsed: 3.5984973907470703

*** Epoch 1, batch 32/520 ***
Training fitness: 0.900535760273893
Model size: (4, 13)
Validation fitness: 0.8568139974819733 
Elapsed: 2.267441987991333

*** Epoch 1, batch 33/520 ***
Training fitness: 0.8689289549552311
Model size: (6, 14)
Validation fitness: 0.8060222059224013 
Elapsed: 2.2962522506713867

*** Epoch 1, batch 34/520 ***
Training fitness: 0.8426342530254233
Model size: (5, 14)
Validation fitness: 0.8205075361636119 
Elapsed: 2.293241262435913

*** Epoch 1, batch 35/520 ***
Training fitness: 0.8487079562565801
Model size: (4, 13)
Validation fitness: 0.8568139974819733 
Elapsed: 2.2351255416870117

*** Epoch 1, batch 36/520 ***
Training fitness: 0.9054225244865632
Model size: (4, 13)
Validation fitness: 0.8568139974819733 
Elapsed: 2.252856492996216

*** Epoch 1, batch 37/520 ***
Training fitness: 0.8934888979633475
Model size: (3, 5)
Validation fitness: 0.818290485374712 
Elapsed: 2.162437677383423

*** Epoch 1, batch 38/520 ***
Training fitness: 0.871679185210858
Model size: (5, 13)
Validation fitness: 0.8420335491908392 
Elapsed: 2.199028730392456

*** Epoch 1, batch 39/520 ***
Training fitness: 0.8794893136686195
Model size: (4, 13)
Validation fitness: 0.8419039691145418 
Elapsed: 2.284712553024292

*** Epoch 1, batch 40/520 ***
Training fitness: 0.843776775837732
Model size: (4, 13)
Validation fitness: 0.8419039691145418 
Elapsed: 2.312352418899536

*** Epoch 1, batch 41/520 ***
Training fitness: 0.9222688348834752
Model size: (5, 14)
Validation fitness: 0.8396794390955824 
Elapsed: 2.207139253616333

*** Epoch 1, batch 42/520 ***
Training fitness: 0.8233710217067614
Model size: (4, 11)
Validation fitness: 0.8268494211613214 
Elapsed: 2.2949094772338867

*** Epoch 1, batch 43/520 ***
Training fitness: 0.853373081275019
Model size: (6, 16)
Validation fitness: 0.8408857397988201 
Elapsed: 2.34049916267395

*** Epoch 1, batch 44/520 ***
Training fitness: 0.8833167414911444
Model size: (5, 14)
Validation fitness: 0.8396794390955824 
Elapsed: 2.288261890411377

*** Epoch 1, batch 45/520 ***
Training fitness: 0.8267620639030596
Model size: (4, 16)
Validation fitness: 0.8065023746022099 
Elapsed: 2.463101625442505

*** Epoch 1, batch 46/520 ***
Training fitness: 0.890500025826647
Model size: (4, 15)
Validation fitness: 0.8210620059051814 
Elapsed: 2.4966018199920654

*** Epoch 1, batch 47/520 ***
Training fitness: 0.8209772148138821
Model size: (7, 18)
Validation fitness: 0.8065977233022378 
Elapsed: 2.4631736278533936

*** Epoch 1, batch 48/520 ***
Training fitness: 0.8901686212305561
Model size: (7, 10)
Validation fitness: 0.8099313233206813 
Elapsed: 2.4393839836120605

*** Epoch 1, batch 49/520 ***
Training fitness: 0.796375950658844
Model size: (4, 15)
Validation fitness: 0.8210620059051814 
Elapsed: 2.5200693607330322

*** Epoch 1, batch 50/520 ***
Training fitness: 0.8080227931221391
Model size: (5, 10)
Validation fitness: 0.820601792191781 
Elapsed: 2.3759050369262695

*** Epoch 1, batch 51/520 ***
Training fitness: 0.8225036323330253
Model size: (3, 10)
Validation fitness: 0.8362772540337147 
Elapsed: 2.5370054244995117

*** Epoch 1, batch 52/520 ***
Training fitness: 0.873015873015873
Model size: (7, 19)
Validation fitness: 0.8185819811172547 
Elapsed: 3.4902069568634033

*** Epoch 1, batch 53/520 ***
Training fitness: 0.7526732555716412
Model size: (4, 12)
Validation fitness: 0.7769380043163763 
Elapsed: 4.7967119216918945

*** Epoch 1, batch 54/520 ***
Training fitness: 0.8622165169020112
Model size: (4, 15)
Validation fitness: 0.8210620059051814 
Elapsed: 4.8986968994140625

*** Epoch 1, batch 55/520 ***
Training fitness: 0.8748089736536463
Model size: (6, 13)
Validation fitness: 0.8143608345738985 
Elapsed: 4.391343593597412

*** Epoch 1, batch 56/520 ***
Training fitness: 0.8661908647148095
Model size: (6, 13)
Validation fitness: 0.8348776170108437 
Elapsed: 4.619767904281616

*** Epoch 1, batch 57/520 ***
Training fitness: 0.8829329823843954
Model size: (8, 18)
Validation fitness: 0.8401250976610695 
Elapsed: 4.557785511016846

*** Epoch 1, batch 58/520 ***
Training fitness: 0.8594230963896994
Model size: (8, 14)
Validation fitness: 0.8396902789997966 
Elapsed: 4.657366991043091

*** Epoch 1, batch 59/520 ***
Training fitness: 0.858243439930185
Model size: (5, 12)
Validation fitness: 0.8378115484993456 
Elapsed: 2.798243761062622

*** Epoch 1, batch 60/520 ***
Training fitness: 0.8588235294117647
Model size: (4, 15)
Validation fitness: 0.8210620059051814 
Elapsed: 2.4680795669555664

*** Epoch 1, batch 61/520 ***
Training fitness: 0.8519793925843117
Model size: (2, 8)
Validation fitness: 0.8216992237807761 
Elapsed: 2.3449435234069824

*** Epoch 1, batch 62/520 ***
Training fitness: 0.899310391071759
Model size: (4, 13)
Validation fitness: 0.8197836044395902 
Elapsed: 2.476433753967285

*** Epoch 1, batch 63/520 ***
Training fitness: 0.8584169383911031
Model size: (4, 8)
Validation fitness: 0.842480809801279 
Elapsed: 2.416811227798462

*** Epoch 1, batch 64/520 ***
Training fitness: 0.8522488756826735
Model size: (5, 9)
Validation fitness: 0.8255121807323391 
Elapsed: 2.8919677734375

*** Epoch 1, batch 65/520 ***
Training fitness: 0.8074045905730932
Model size: (4, 8)
Validation fitness: 0.842480809801279 
Elapsed: 2.3196914196014404

*** Epoch 1, batch 66/520 ***
Training fitness: 0.8320602851649168
Model size: (4, 8)
Validation fitness: 0.8319194829943923 
Elapsed: 2.4845855236053467

*** Epoch 1, batch 67/520 ***
Training fitness: 0.8369082443770754
Model size: (12, 25)
Validation fitness: 0.8319805392082817 
Elapsed: 2.5937867164611816

*** Epoch 1, batch 68/520 ***
Training fitness: 0.8128032593554527
Model size: (4, 8)
Validation fitness: 0.842480809801279 
Elapsed: 2.33325457572937

*** Epoch 1, batch 69/520 ***
Training fitness: 0.8561768073253083
Model size: (4, 9)
Validation fitness: 0.8492870143787548 
Elapsed: 2.3916444778442383

*** Epoch 1, batch 70/520 ***
Training fitness: 0.8459918472699067
Model size: (11, 23)
Validation fitness: 0.8413234870252206 
Elapsed: 2.363682270050049

*** Epoch 1, batch 71/520 ***
Training fitness: 0.8129312166225197
Model size: (9, 18)
Validation fitness: 0.832782354061888 
Elapsed: 2.318096399307251

*** Epoch 1, batch 72/520 ***
Training fitness: 0.8533891026726149
Model size: (2, 8)
Validation fitness: 0.830234458149632 
Elapsed: 2.2400388717651367

*** Epoch 1, batch 73/520 ***
Training fitness: 0.8359181137253137
Model size: (6, 5)
Validation fitness: 0.7818255704436696 
Elapsed: 2.0286638736724854

*** Epoch 1, batch 74/520 ***
Training fitness: 0.8109335168337043
Model size: (1, 5)
Validation fitness: 0.7965191002794895 
Elapsed: 2.035865545272827

*** Epoch 1, batch 75/520 ***
Training fitness: 0.8227020330966189
Model size: (5, 12)
Validation fitness: 0.802173750609947 
Elapsed: 2.2297279834747314

*** Epoch 1, batch 76/520 ***
Training fitness: 0.8253857719552545
Model size: (6, 7)
Validation fitness: 0.7755296325829218 
Elapsed: 2.009075164794922

*** Epoch 1, batch 77/520 ***
Training fitness: 0.8676568325007196
Model size: (2, 5)
Validation fitness: 0.8252230852472378 
Elapsed: 2.0351529121398926

*** Epoch 1, batch 78/520 ***
Training fitness: 0.8356621379451455
Model size: (1, 3)
Validation fitness: 0.8060463462740338 
Elapsed: 2.0148887634277344

*** Epoch 1, batch 79/520 ***
Training fitness: 0.8828251418141222
Model size: (2, 6)
Validation fitness: 0.8138310210348887 
Elapsed: 2.0535807609558105

*** Epoch 1, batch 80/520 ***
Training fitness: 0.8760230220480912
Model size: (11, 20)
Validation fitness: 0.8035652799934516 
Elapsed: 2.3547511100769043

*** Epoch 1, batch 81/520 ***
Training fitness: 0.8744944602031038
Model size: (11, 20)
Validation fitness: 0.8035652799934516 
Elapsed: 2.366847515106201

*** Epoch 1, batch 82/520 ***
Training fitness: 0.8399148386748307
Model size: (8, 11)
Validation fitness: 0.8042513695815314 
Elapsed: 2.1181015968322754

*** Epoch 1, batch 83/520 ***
Training fitness: 0.8290742275395527
Model size: (1, 3)
Validation fitness: 0.8238936139391908 
Elapsed: 2.0517497062683105

*** Epoch 1, batch 84/520 ***
Training fitness: 0.8462349640323427
Model size: (3, 7)
Validation fitness: 0.8439681697363546 
Elapsed: 2.1653716564178467

*** Epoch 1, batch 85/520 ***
Training fitness: 0.8515341268497455
Model size: (1, 4)
Validation fitness: 0.827629827908016 
Elapsed: 2.1286747455596924

*** Epoch 1, batch 86/520 ***
Training fitness: 0.830926611063619
Model size: (1, 4)
Validation fitness: 0.827629827908016 
Elapsed: 2.098165273666382

*** Epoch 1, batch 87/520 ***
Training fitness: 0.9066644668944964
Model size: (3, 7)
Validation fitness: 0.834573344284425 
Elapsed: 2.1657207012176514

*** Epoch 1, batch 88/520 ***
Training fitness: 0.8743789486597559
Model size: (1, 4)
Validation fitness: 0.827629827908016 
Elapsed: 2.332584857940674

*** Epoch 1, batch 89/520 ***
Training fitness: 0.8304653488298207
Model size: (3, 5)
Validation fitness: 0.841329228117578 
Elapsed: 2.167513847351074

*** Epoch 1, batch 90/520 ***
Training fitness: 0.849200409009924
Model size: (2, 5)
Validation fitness: 0.8280051410063571 
Elapsed: 2.219330310821533

*** Epoch 1, batch 91/520 ***
Training fitness: 0.8310402843325699
Model size: (3, 7)
Validation fitness: 0.8439681697363546 
Elapsed: 2.2107913494110107

*** Epoch 1, batch 92/520 ***
Training fitness: 0.8765651377575729
Model size: (2, 5)
Validation fitness: 0.8280051410063571 
Elapsed: 2.1301565170288086

*** Epoch 1, batch 93/520 ***
Training fitness: 0.8633964283061037
Model size: (3, 7)
Validation fitness: 0.8439681697363546 
Elapsed: 2.336143732070923

*** Epoch 1, batch 94/520 ***
Training fitness: 0.8724576184870333
Model size: (3, 6)
Validation fitness: 0.8027439000765931 
Elapsed: 2.233741521835327

*** Epoch 1, batch 95/520 ***
Training fitness: 0.7984724298639733
Model size: (3, 7)
Validation fitness: 0.8286869441750746 
Elapsed: 2.288360357284546

*** Epoch 1, batch 96/520 ***
Training fitness: 0.8192204762281567
Model size: (1, 6)
Validation fitness: 0.8243762663041083 
Elapsed: 2.2216005325317383

*** Epoch 1, batch 97/520 ***
Training fitness: 0.8815540658587612
Model size: (1, 6)
Validation fitness: 0.8243762663041083 
Elapsed: 2.1906683444976807

*** Epoch 1, batch 98/520 ***
Training fitness: 0.874992370139779
Model size: (1, 6)
Validation fitness: 0.8243762663041083 
Elapsed: 2.164815902709961

*** Epoch 1, batch 99/520 ***
Training fitness: 0.8430438644300349
Model size: (1, 6)
Validation fitness: 0.8243762663041083 
Elapsed: 2.1757092475891113

*** Epoch 1, batch 100/520 ***
Training fitness: 0.8726375646434433
Model size: (4, 8)
Validation fitness: 0.8252473211730638 
Elapsed: 2.3113675117492676

*** Epoch 1, batch 101/520 ***
Training fitness: 0.8210966387201253
Model size: (2, 5)
Validation fitness: 0.8280051410063571 
Elapsed: 2.3193719387054443

*** Epoch 1, batch 102/520 ***
Training fitness: 0.854619987463644
Model size: (4, 8)
Validation fitness: 0.8381189921776906 
Elapsed: 2.1466994285583496

*** Epoch 1, batch 103/520 ***
Training fitness: 0.8223863993342555
Model size: (4, 8)
Validation fitness: 0.8381189921776906 
Elapsed: 2.152045965194702

*** Epoch 1, batch 104/520 ***
Training fitness: 0.8285296543119571
Model size: (8, 14)
Validation fitness: 0.8288373560097874 
Elapsed: 2.3694794178009033

*** Epoch 1, batch 105/520 ***
Training fitness: 0.8821081809526399
Model size: (6, 8)
Validation fitness: 0.850866554158908 
Elapsed: 2.344095230102539

*** Epoch 1, batch 106/520 ***
Training fitness: 0.8803587798505532
Model size: (6, 8)
Validation fitness: 0.850866554158908 
Elapsed: 2.272648572921753

*** Epoch 1, batch 107/520 ***
Training fitness: 0.8983868710679815
Model size: (4, 8)
Validation fitness: 0.8381189921776906 
Elapsed: 2.132293701171875

*** Epoch 1, batch 108/520 ***
Training fitness: 0.8671991694565816
Model size: (6, 10)
Validation fitness: 0.8416140883097152 
Elapsed: 2.2440555095672607

*** Epoch 1, batch 109/520 ***
Training fitness: 0.8271442946473633
Model size: (4, 8)
Validation fitness: 0.8381189921776906 
Elapsed: 2.201885223388672

*** Epoch 1, batch 110/520 ***
Training fitness: 0.8947883533153903
Model size: (6, 11)
Validation fitness: 0.8400334432376808 
Elapsed: 2.1721739768981934

*** Epoch 1, batch 111/520 ***
Training fitness: 0.9060435527281625
Model size: (7, 17)
Validation fitness: 0.832128558628179 
Elapsed: 2.2148659229278564

*** Epoch 1, batch 112/520 ***
Training fitness: 0.8399960178179509
Model size: (4, 8)
Validation fitness: 0.8381189921776906 
Elapsed: 2.6371707916259766

*** Epoch 1, batch 113/520 ***
Training fitness: 0.8509716695078251
Model size: (6, 8)
Validation fitness: 0.850866554158908 
Elapsed: 4.500007390975952

*** Epoch 1, batch 114/520 ***
Training fitness: 0.8851161786752532
Model size: (6, 8)
Validation fitness: 0.850866554158908 
Elapsed: 4.338519334793091

*** Epoch 1, batch 115/520 ***
Training fitness: 0.8891048110180543
Model size: (6, 8)
Validation fitness: 0.850866554158908 
Elapsed: 4.505625486373901

*** Epoch 1, batch 116/520 ***
Training fitness: 0.8535870465641008
Model size: (6, 8)
Validation fitness: 0.850866554158908 
Elapsed: 4.267168760299683

*** Epoch 1, batch 117/520 ***
Training fitness: 0.9384725278006639
Model size: (9, 18)
Validation fitness: 0.8627653196761427 !!!
Elapsed: 2.676588773727417

*** Epoch 1, batch 118/520 ***
Training fitness: 0.8967817753617298
Model size: (7, 11)
Validation fitness: 0.8313519265855246 
Elapsed: 2.1410458087921143

*** Epoch 1, batch 119/520 ***
Training fitness: 0.9094102633174024
Model size: (6, 8)
Validation fitness: 0.850866554158908 
Elapsed: 2.2935431003570557

*** Epoch 1, batch 120/520 ***
Training fitness: 0.8525867158614023
Model size: (6, 8)
Validation fitness: 0.850866554158908 
Elapsed: 2.190589666366577

*** Epoch 1, batch 121/520 ***
Training fitness: 0.8465307460687432
Model size: (8, 17)
Validation fitness: 0.8411931212412334 
Elapsed: 2.3800716400146484

*** Epoch 1, batch 122/520 ***
Training fitness: 0.8285815652041767
Model size: (9, 18)
Validation fitness: 0.8627653196761427 
Elapsed: 2.337745189666748

*** Epoch 1, batch 123/520 ***
Training fitness: 0.8528764898390294
Model size: (9, 19)
Validation fitness: 0.8642701657499784 !!!
Elapsed: 2.353046417236328

*** Epoch 1, batch 124/520 ***
Training fitness: 0.8935599755035915
Model size: (6, 8)
Validation fitness: 0.850866554158908 
Elapsed: 2.411118268966675

*** Epoch 1, batch 125/520 ***
Training fitness: 0.866758627655097
Model size: (5, 7)
Validation fitness: 0.8318651508253487 
Elapsed: 2.3204145431518555

*** Epoch 1, batch 126/520 ***
Training fitness: 0.8767140075192094
Model size: (9, 19)
Validation fitness: 0.8642701657499784 
Elapsed: 2.3615000247955322

*** Epoch 1, batch 127/520 ***
Training fitness: 0.8566019931018206
Model size: (9, 19)
Validation fitness: 0.8642701657499784 
Elapsed: 2.2593514919281006

*** Epoch 1, batch 128/520 ***
Training fitness: 0.8487133559465401
Model size: (9, 19)
Validation fitness: 0.8642701657499784 
Elapsed: 2.3327250480651855

*** Epoch 1, batch 129/520 ***
Training fitness: 0.8832368156686842
Model size: (9, 19)
Validation fitness: 0.8642701657499784 
Elapsed: 2.726139545440674

*** Epoch 1, batch 130/520 ***
Training fitness: 0.8417372315210054
Model size: (9, 19)
Validation fitness: 0.8642701657499784 
Elapsed: 2.3353350162506104

*** Epoch 1, batch 131/520 ***
Training fitness: 0.8550058681058205
Model size: (9, 19)
Validation fitness: 0.8642701657499784 
Elapsed: 2.3910317420959473

*** Epoch 1, batch 132/520 ***
Training fitness: 0.858951081892108
Model size: (11, 21)
Validation fitness: 0.8243870762442866 
Elapsed: 2.4089746475219727

*** Epoch 1, batch 133/520 ***
Training fitness: 0.8309085792738947
Model size: (12, 20)
Validation fitness: 0.8246093339015482 
Elapsed: 2.4281699657440186

*** Epoch 1, batch 134/520 ***
Training fitness: 0.83901166803524
Model size: (6, 8)
Validation fitness: 0.7698234029436849 
Elapsed: 2.1596744060516357

*** Epoch 1, batch 135/520 ***
Training fitness: 0.8277215110005285
Model size: (7, 12)
Validation fitness: 0.8210054155370696 
Elapsed: 2.010432004928589

*** Epoch 1, batch 136/520 ***
Training fitness: 0.8202309774860136
Model size: (7, 12)
Validation fitness: 0.8210054155370696 
Elapsed: 2.0386743545532227

*** Epoch 1, batch 137/520 ***
Training fitness: 0.8264473435477407
Model size: (6, 8)
Validation fitness: 0.8269649898794577 
Elapsed: 2.0785534381866455

*** Epoch 1, batch 138/520 ***
Training fitness: 0.8265002518776977
Model size: (7, 12)
Validation fitness: 0.8210054155370696 
Elapsed: 2.004162549972534

*** Epoch 1, batch 139/520 ***
Training fitness: 0.8202168243870906
Model size: (6, 8)
Validation fitness: 0.8269649898794577 
Elapsed: 2.0727362632751465

*** Epoch 1, batch 140/520 ***
Training fitness: 0.8171825100947567
Model size: (11, 17)
Validation fitness: 0.8100850752199312 
Elapsed: 1.9742968082427979

*** Epoch 1, batch 141/520 ***
Training fitness: 0.8319487757193482
Model size: (10, 15)
Validation fitness: 0.7988730664824653 
Elapsed: 2.0394577980041504

*** Epoch 1, batch 142/520 ***
Training fitness: 0.8671166554323482
Model size: (7, 11)
Validation fitness: 0.7719900391409743 
Elapsed: 1.9886431694030762

*** Epoch 1, batch 143/520 ***
Training fitness: 0.8467033085665698
Model size: (9, 11)
Validation fitness: 0.800935923090357 
Elapsed: 2.0272912979125977

*** Epoch 1, batch 144/520 ***
Training fitness: 0.8767140075192094
Model size: (9, 12)
Validation fitness: 0.8049120925298437 
Elapsed: 2.0035030841827393

*** Epoch 1, batch 145/520 ***
Training fitness: 0.8204542570918602
Model size: (9, 10)
Validation fitness: 0.8031355027995852 
Elapsed: 1.974149227142334

*** Epoch 1, batch 146/520 ***
Training fitness: 0.8261646951186319
Model size: (5, 8)
Validation fitness: 0.787651046238775 
Elapsed: 2.0572803020477295

*** Epoch 1, batch 147/520 ***
Training fitness: 0.7972352903625709
Model size: (9, 10)
Validation fitness: 0.8010548314740223 
Elapsed: 1.93251371383667

*** Epoch 1, batch 148/520 ***
Training fitness: 0.8120402509282552
Model size: (6, 10)
Validation fitness: 0.791413065330283 
Elapsed: 1.9856963157653809

*** Epoch 1, batch 149/520 ***
Training fitness: 0.8306638648688885
Model size: (6, 10)
Validation fitness: 0.791413065330283 
Elapsed: 1.9741275310516357

*** Epoch 1, batch 150/520 ***
Training fitness: 0.8230627306780341
Model size: (3, 8)
Validation fitness: 0.8036894764000766 
Elapsed: 2.0146663188934326

*** Epoch 1, batch 151/520 ***
Training fitness: 0.7909649964604158
Model size: (6, 12)
Validation fitness: 0.7570387529369363 
Elapsed: 2.0593669414520264

*** Epoch 1, batch 152/520 ***
Training fitness: 0.8275633611797493
Model size: (7, 9)
Validation fitness: 0.7505945301228284 
Elapsed: 2.1788456439971924

*** Epoch 1, batch 153/520 ***
Training fitness: 0.8009956541022455
Model size: (7, 12)
Validation fitness: 0.8030474266671848 
Elapsed: 2.1528749465942383

*** Epoch 1, batch 154/520 ***
Training fitness: 0.8421320417640915
Model size: (10, 13)
Validation fitness: 0.8089629264754078 
Elapsed: 2.1472268104553223

*** Epoch 1, batch 155/520 ***
Training fitness: 0.8074045905730932
Model size: (10, 13)
Validation fitness: 0.8089629264754078 
Elapsed: 2.0720088481903076

*** Epoch 1, batch 156/520 ***
Training fitness: 0.8453185693526852
Model size: (7, 12)
Validation fitness: 0.8047033859261026 
Elapsed: 2.1459767818450928

*** Epoch 1, batch 157/520 ***
Training fitness: 0.7396019196309322
Model size: (11, 19)
Validation fitness: 0.776310236708526 
Elapsed: 2.0393779277801514

*** Epoch 1, batch 158/520 ***
Training fitness: 0.8320686028154145
Model size: (6, 11)
Validation fitness: 0.8040625782038282 
Elapsed: 2.123173475265503

*** Epoch 1, batch 159/520 ***
Training fitness: 0.8410647594639498
Model size: (6, 9)
Validation fitness: 0.8120812199537539 
Elapsed: 2.0991783142089844

*** Epoch 1, batch 160/520 ***
Training fitness: 0.8293400255919043
Model size: (10, 11)
Validation fitness: 0.8071872263263266 
Elapsed: 1.9782259464263916

*** Epoch 1, batch 161/520 ***
Training fitness: 0.8264473435477407
Model size: (3, 5)
Validation fitness: 0.8095319692205603 
Elapsed: 2.044978618621826

*** Epoch 1, batch 162/520 ***
Training fitness: 0.8358870414762029
Model size: (7, 10)
Validation fitness: 0.8001578801144893 
Elapsed: 2.1473617553710938

*** Epoch 1, batch 163/520 ***
Training fitness: 0.8059105646447327
Model size: (10, 15)
Validation fitness: 0.8121853724853242 
Elapsed: 2.0825722217559814

*** Epoch 1, batch 164/520 ***
Training fitness: 0.8223477997911727
Model size: (7, 11)
Validation fitness: 0.8141340389671995 
Elapsed: 2.088811159133911

*** Epoch 1, batch 165/520 ***
Training fitness: 0.8518744254883744
Model size: (5, 5)
Validation fitness: 0.7639619556528678 
Elapsed: 2.096031427383423

*** Epoch 1, batch 166/520 ***
Training fitness: 0.8431372549019608
Model size: (7, 11)
Validation fitness: 0.8141340389671995 
Elapsed: 2.1247220039367676

*** Epoch 1, batch 167/520 ***
Training fitness: 0.8072508022383525
Model size: (3, 5)
Validation fitness: 0.8095319692205603 
Elapsed: 2.0539681911468506

*** Epoch 1, batch 168/520 ***
Training fitness: 0.875928402387793
Model size: (7, 7)
Validation fitness: 0.8111208126262317 
Elapsed: 4.042135715484619

*** Epoch 1, batch 169/520 ***
Training fitness: 0.8280582864645732
Model size: (4, 6)
Validation fitness: 0.807780850625472 
Elapsed: 4.086843252182007

*** Epoch 1, batch 170/520 ***
Training fitness: 0.7586839891154246
Model size: (4, 6)
Validation fitness: 0.807780850625472 
Elapsed: 4.001311302185059

*** Epoch 1, batch 171/520 ***
Training fitness: 0.8291805298812961
Model size: (4, 6)
Validation fitness: 0.807780850625472 
Elapsed: 4.104728937149048

*** Epoch 1, batch 172/520 ***
Training fitness: 0.8245413929323445
Model size: (10, 16)
Validation fitness: 0.8017150239842373 
Elapsed: 4.098207235336304

*** Epoch 1, batch 173/520 ***
Training fitness: 0.8818072255174199
Model size: (7, 8)
Validation fitness: 0.8027468323191534 
Elapsed: 4.234271287918091

*** Epoch 1, batch 174/520 ***
Training fitness: 0.8455522971652004
Model size: (2, 4)
Validation fitness: 0.8307161137593086 
Elapsed: 4.078547954559326

*** Epoch 1, batch 175/520 ***
Training fitness: 0.8249851675813429
Model size: (2, 3)
Validation fitness: 0.8033733539780566 
Elapsed: 3.979187488555908

*** Epoch 1, batch 176/520 ***
Training fitness: 0.8316768126037677
Model size: (2, 4)
Validation fitness: 0.8307161137593086 
Elapsed: 4.0149641036987305

*** Epoch 1, batch 177/520 ***
Training fitness: 0.9066928292470475
Model size: (4, 7)
Validation fitness: 0.8259189173572021 
Elapsed: 3.9892423152923584

*** Epoch 1, batch 178/520 ***
Training fitness: 0.8281947255107394
Model size: (3, 8)
Validation fitness: 0.8260016316940175 
Elapsed: 4.253895282745361

*** Epoch 1, batch 179/520 ***
Training fitness: 0.8674470710039951
Model size: (4, 6)
Validation fitness: 0.8205094839568406 
Elapsed: 4.046541690826416

*** Epoch 1, batch 180/520 ***
Training fitness: 0.8760230220480912
Model size: (3, 8)
Validation fitness: 0.8385724040217949 
Elapsed: 4.200902223587036

*** Epoch 1, batch 181/520 ***
Training fitness: 0.7962974397699871
Model size: (11, 16)
Validation fitness: 0.8052534777628593 
Elapsed: 3.9014732837677

*** Epoch 1, batch 182/520 ***
Training fitness: 0.8123825546495226
Model size: (5, 8)
Validation fitness: 0.8098099092254155 
Elapsed: 4.4976630210876465

*** Epoch 1, batch 183/520 ***
Training fitness: 0.8421320417640915
Model size: (12, 19)
Validation fitness: 0.8054670193781426 
Elapsed: 3.8736748695373535

*** Epoch 1, batch 184/520 ***
Training fitness: 0.8151695679436424
Model size: (4, 6)
Validation fitness: 0.8205094839568406 
Elapsed: 3.926380157470703

*** Epoch 1, batch 185/520 ***
Training fitness: 0.8577825980700187
Model size: (4, 9)
Validation fitness: 0.7984234525916688 
Elapsed: 4.029777526855469

*** Epoch 1, batch 186/520 ***
Training fitness: 0.8289158220312306
Model size: (6, 7)
Validation fitness: 0.8120997611555714 
Elapsed: 4.20405650138855

*** Epoch 1, batch 187/520 ***
Training fitness: 0.8160853706899799
Model size: (6, 8)
Validation fitness: 0.8103847956507463 
Elapsed: 4.141446590423584

*** Epoch 1, batch 188/520 ***
Training fitness: 0.7901107684788777
Model size: (4, 9)
Validation fitness: 0.7984234525916688 
Elapsed: 4.056819438934326

*** Epoch 1, batch 189/520 ***
Training fitness: 0.8139811383752619
Model size: (6, 9)
Validation fitness: 0.7790215564382368 
Elapsed: 4.330537796020508

*** Epoch 1, batch 190/520 ***
Training fitness: 0.829036307361394
Model size: (5, 5)
Validation fitness: 0.8120974846751433 
Elapsed: 4.123323678970337

*** Epoch 1, batch 191/520 ***
Training fitness: 0.8643874207943743
Model size: (12, 19)
Validation fitness: 0.8021827357532356 
Elapsed: 4.1778833866119385

*** Epoch 1, batch 192/520 ***
Training fitness: 0.8370123893467315
Model size: (5, 8)
Validation fitness: 0.8174269843811303 
Elapsed: 4.296013832092285

*** Epoch 1, batch 193/520 ***
Training fitness: 0.8477780854977195
Model size: (5, 8)
Validation fitness: 0.7947146219561013 
Elapsed: 4.43424129486084

*** Epoch 1, batch 194/520 ***
Training fitness: 0.8514797250441627
Model size: (5, 5)
Validation fitness: 0.8120974846751433 
Elapsed: 4.224005937576294

*** Epoch 1, batch 195/520 ***
Training fitness: 0.7892029943910625
Model size: (5, 5)
Validation fitness: 0.8120974846751433 
Elapsed: 4.217582702636719

*** Epoch 1, batch 196/520 ***
Training fitness: 0.8284774078346733
Model size: (6, 8)
Validation fitness: 0.8088172061885551 
Elapsed: 4.266833066940308

*** Epoch 1, batch 197/520 ***
Training fitness: 0.8833876613196157
Model size: (5, 5)
Validation fitness: 0.8120974846751433 
Elapsed: 4.2611777782440186

*** Epoch 1, batch 198/520 ***
Training fitness: 0.8348070407130849
Model size: (8, 12)
Validation fitness: 0.7980763720900766 
Elapsed: 4.481500625610352

*** Epoch 1, batch 199/520 ***
Training fitness: 0.8467033085665698
Model size: (7, 9)
Validation fitness: 0.8299771531291849 
Elapsed: 4.407616376876831

*** Epoch 1, batch 200/520 ***
Training fitness: 0.8618593998759695
Model size: (7, 7)
Validation fitness: 0.803577236467267 
Elapsed: 4.30251145362854

*** Epoch 1, batch 201/520 ***
Training fitness: 0.8366356378958277
Model size: (8, 11)
Validation fitness: 0.8261692454870921 
Elapsed: 4.996551990509033

*** Epoch 1, batch 202/520 ***
Training fitness: 0.8295018954139965
Model size: (13, 18)
Validation fitness: 0.8016693737345199 
Elapsed: 4.344476222991943

*** Epoch 1, batch 203/520 ***
Training fitness: 0.847684477585739
Model size: (8, 11)
Validation fitness: 0.8261692454870921 
Elapsed: 4.886105298995972

*** Epoch 1, batch 204/520 ***
Training fitness: 0.8562450949126907
Model size: (7, 11)
Validation fitness: 0.7960720868785459 
Elapsed: 4.721096515655518

*** Epoch 1, batch 205/520 ***
Training fitness: 0.8461035518531118
Model size: (7, 7)
Validation fitness: 0.803577236467267 
Elapsed: 2.9095053672790527

*** Epoch 1, batch 206/520 ***
Training fitness: 0.7952228675433706
Model size: (9, 13)
Validation fitness: 0.8160552462559337 
Elapsed: 2.6188509464263916

*** Epoch 1, batch 207/520 ***
Training fitness: 0.7912359358942829
Model size: (9, 13)
Validation fitness: 0.8160552462559337 
Elapsed: 2.4186062812805176

*** Epoch 1, batch 208/520 ***
Training fitness: 0.8331445673650343
Model size: (6, 13)
Validation fitness: 0.8155538342261106 
Elapsed: 2.3919379711151123

*** Epoch 1, batch 209/520 ***
Training fitness: 0.7885854892267811
Model size: (9, 13)
Validation fitness: 0.8160552462559337 
Elapsed: 2.397812604904175

*** Epoch 1, batch 210/520 ***
Training fitness: 0.8121981756474819
Model size: (9, 13)
Validation fitness: 0.8160552462559337 
Elapsed: 2.3286945819854736

*** Epoch 1, batch 211/520 ***
Training fitness: 0.8690554288406019
Model size: (9, 13)
Validation fitness: 0.8160552462559337 
Elapsed: 2.435480833053589

*** Epoch 1, batch 212/520 ***
Training fitness: 0.8227020330966189
Model size: (6, 14)
Validation fitness: 0.8125773295801478 
Elapsed: 2.2801334857940674

*** Epoch 1, batch 213/520 ***
Training fitness: 0.8410403905203738
Model size: (4, 6)
Validation fitness: 0.7936451141416228 
Elapsed: 2.235081195831299

*** Epoch 1, batch 214/520 ***
Training fitness: 0.8620834647386912
Model size: (7, 18)
Validation fitness: 0.7886378669202725 
Elapsed: 2.3162527084350586

*** Epoch 1, batch 215/520 ***
Training fitness: 0.7867563110401674
Model size: (6, 8)
Validation fitness: 0.7971648772410007 
Elapsed: 2.142050266265869

*** Epoch 1, batch 216/520 ***
Training fitness: 0.7865081299634754
Model size: (7, 11)
Validation fitness: 0.7673473793100506 
Elapsed: 2.2620184421539307

*** Epoch 1, batch 217/520 ***
Training fitness: 0.8475127773349909
Model size: (8, 21)
Validation fitness: 0.7972116418204919 
Elapsed: 2.3128232955932617

*** Epoch 1, batch 218/520 ***
Training fitness: 0.8588960962685178
Model size: (7, 12)
Validation fitness: 0.7755603996686606 
Elapsed: 2.34944748878479

*** Epoch 1, batch 219/520 ***
Training fitness: 0.7964891498950483
Model size: (4, 8)
Validation fitness: 0.7905497942172036 
Elapsed: 2.115013837814331

*** Epoch 1, batch 220/520 ***
Training fitness: 0.7775816385648548
Model size: (8, 12)
Validation fitness: 0.7694937364813148 
Elapsed: 2.1818082332611084

*** Epoch 1, batch 221/520 ***
Training fitness: 0.8347800427745719
Model size: (6, 10)
Validation fitness: 0.7894097650897679 
Elapsed: 2.1582350730895996

*** Epoch 1, batch 222/520 ***
Training fitness: 0.8195980245594291
Model size: (6, 18)
Validation fitness: 0.7977510279201798 
Elapsed: 2.1337485313415527

*** Epoch 1, batch 223/520 ***
Training fitness: 0.7910202645610327
Model size: (6, 6)
Validation fitness: 0.8125801847118106 
Elapsed: 2.0720925331115723

*** Epoch 1, batch 224/520 ***
Training fitness: 0.7671821401866814
Model size: (6, 6)
Validation fitness: 0.8125801847118106 
Elapsed: 2.052403211593628

*** Epoch 1, batch 225/520 ***
Training fitness: 0.8526465455851058
Model size: (7, 8)
Validation fitness: 0.830034027484247 
Elapsed: 2.1646876335144043

*** Epoch 1, batch 226/520 ***
Training fitness: 0.8699241071838195
Model size: (5, 17)
Validation fitness: 0.801195982997133 
Elapsed: 2.2342233657836914

*** Epoch 1, batch 227/520 ***
Training fitness: 0.8475942959394628
Model size: (7, 8)
Validation fitness: 0.830034027484247 
Elapsed: 2.0525527000427246

*** Epoch 1, batch 228/520 ***
Training fitness: 0.8261535613997895
Model size: (7, 8)
Validation fitness: 0.830034027484247 
Elapsed: 2.1759467124938965

*** Epoch 1, batch 229/520 ***
Training fitness: 0.862326539081653
Model size: (7, 8)
Validation fitness: 0.830034027484247 
Elapsed: 2.04601788520813

*** Epoch 1, batch 230/520 ***
Training fitness: 0.8158002342722729
Model size: (6, 10)
Validation fitness: 0.836878989798994 
Elapsed: 2.182616710662842

*** Epoch 1, batch 231/520 ***
Training fitness: 0.8062858654598464
Model size: (6, 10)
Validation fitness: 0.836878989798994 
Elapsed: 2.0232062339782715

*** Epoch 1, batch 232/520 ***
Training fitness: 0.8442187420870106
Model size: (6, 10)
Validation fitness: 0.836878989798994 
Elapsed: 2.117619037628174

*** Epoch 1, batch 233/520 ***
Training fitness: 0.8438862056201547
Model size: (4, 9)
Validation fitness: 0.7854753998396139 
Elapsed: 2.0091097354888916

*** Epoch 1, batch 234/520 ***
Training fitness: 0.8484160617381953
Model size: (8, 11)
Validation fitness: 0.8225994061568624 
Elapsed: 2.161541700363159

*** Epoch 1, batch 235/520 ***
Training fitness: 0.8382265105545978
Model size: (7, 8)
Validation fitness: 0.830034027484247 
Elapsed: 2.033843994140625

*** Epoch 1, batch 236/520 ***
Training fitness: 0.839171450377872
Model size: (5, 16)
Validation fitness: 0.8096770890413089 
Elapsed: 2.18473482131958

*** Epoch 1, batch 237/520 ***
Training fitness: 0.8584816206991309
Model size: (7, 8)
Validation fitness: 0.830034027484247 
Elapsed: 2.092231035232544

*** Epoch 1, batch 238/520 ***
Training fitness: 0.8643874207943743
Model size: (6, 16)
Validation fitness: 0.8062105614866854 
Elapsed: 2.124950885772705

*** Epoch 1, batch 239/520 ***
Training fitness: 0.8780483767105662
Model size: (8, 11)
Validation fitness: 0.8225994061568624 
Elapsed: 2.1413726806640625

*** Epoch 1, batch 240/520 ***
Training fitness: 0.8075111697026139
Model size: (7, 9)
Validation fitness: 0.8160687329813359 
Elapsed: 2.222182273864746

*** Epoch 1, batch 241/520 ***
Training fitness: 0.8102704191276968
Model size: (8, 12)
Validation fitness: 0.8422656356808276 
Elapsed: 2.1131021976470947

*** Epoch 1, batch 242/520 ***
Training fitness: 0.8548115294884504
Model size: (8, 12)
Validation fitness: 0.8422656356808276 
Elapsed: 2.1017649173736572

*** Epoch 1, batch 243/520 ***
Training fitness: 0.840890720677901
Model size: (6, 16)
Validation fitness: 0.8107563937770709 
Elapsed: 2.086235523223877

*** Epoch 1, batch 244/520 ***
Training fitness: 0.7848271958540296
Model size: (6, 6)
Validation fitness: 0.7624413666470027 
Elapsed: 2.1348721981048584

*** Epoch 1, batch 245/520 ***
Training fitness: 0.8374031821824905
Model size: (9, 15)
Validation fitness: 0.8432345897998299 
Elapsed: 2.0554516315460205

*** Epoch 1, batch 246/520 ***
Training fitness: 0.8363275053359017
Model size: (9, 15)
Validation fitness: 0.8432345897998299 
Elapsed: 2.0647518634796143

*** Epoch 1, batch 247/520 ***
Training fitness: 0.9161507272705752
Model size: (9, 20)
Validation fitness: 0.8274614746055858 
Elapsed: 2.077953338623047

*** Epoch 1, batch 248/520 ***
Training fitness: 0.860787144587227
Model size: (9, 20)
Validation fitness: 0.8274614746055858 
Elapsed: 2.1148602962493896

*** Epoch 1, batch 249/520 ***
Training fitness: 0.8369706500563219
Model size: (9, 15)
Validation fitness: 0.8432345897998299 
Elapsed: 2.098254442214966

*** Epoch 1, batch 250/520 ***
Training fitness: 0.8288994982569317
Model size: (9, 15)
Validation fitness: 0.8432345897998299 
Elapsed: 2.067943572998047

*** Epoch 1, batch 251/520 ***
Training fitness: 0.8610584002420806
Model size: (8, 15)
Validation fitness: 0.8314479424588932 
Elapsed: 2.095421314239502

*** Epoch 1, batch 252/520 ***
Training fitness: 0.8864658456962712
Model size: (10, 21)
Validation fitness: 0.8362538095774198 
Elapsed: 2.302995204925537

*** Epoch 1, batch 253/520 ***
Training fitness: 0.8582659963369286
Model size: (9, 15)
Validation fitness: 0.8432345897998299 
Elapsed: 2.103076696395874

*** Epoch 1, batch 254/520 ***
Training fitness: 0.8295406877856663
Model size: (10, 21)
Validation fitness: 0.8362538095774198 
Elapsed: 2.143650770187378

*** Epoch 1, batch 255/520 ***
Training fitness: 0.8981876536309885
Model size: (10, 21)
Validation fitness: 0.8362538095774198 
Elapsed: 2.018400192260742

*** Epoch 1, batch 256/520 ***
Training fitness: 0.8454437123676074
Model size: (12, 27)
Validation fitness: 0.807648212214506 
Elapsed: 2.0239500999450684

*** Epoch 1, batch 257/520 ***
Training fitness: 0.828657443703665
Model size: (8, 15)
Validation fitness: 0.8314479424588932 
Elapsed: 2.122551918029785

*** Epoch 1, batch 258/520 ***
Training fitness: 0.848555089015061
Model size: (10, 21)
Validation fitness: 0.8293407135532354 
Elapsed: 2.136188507080078

*** Epoch 1, batch 259/520 ***
Training fitness: 0.8689289549552311
Model size: (10, 22)
Validation fitness: 0.8303219793007746 
Elapsed: 2.1061055660247803

*** Epoch 1, batch 260/520 ***
Training fitness: 0.853745888985361
Model size: (10, 22)
Validation fitness: 0.8303219793007746 
Elapsed: 2.0168673992156982

*** Epoch 1, batch 261/520 ***
Training fitness: 0.8976710800312961
Model size: (10, 22)
Validation fitness: 0.8303219793007746 
Elapsed: 2.1670501232147217

*** Epoch 1, batch 262/520 ***
Training fitness: 0.8525867158614023
Model size: (10, 19)
Validation fitness: 0.8244498559113196 
Elapsed: 2.114041566848755

*** Epoch 1, batch 263/520 ***
Training fitness: 0.8464846053676478
Model size: (13, 25)
Validation fitness: 0.8368361721729237 
Elapsed: 2.272650957107544

*** Epoch 1, batch 264/520 ***
Training fitness: 0.8346308584433757
Model size: (10, 21)
Validation fitness: 0.8329728665629069 
Elapsed: 1.8758034706115723

*** Epoch 1, batch 265/520 ***
Training fitness: 0.9162206939131716
Model size: (10, 21)
Validation fitness: 0.8329728665629069 
Elapsed: 2.845853090286255

*** Epoch 1, batch 266/520 ***
Training fitness: 0.8431648548452588
Model size: (11, 20)
Validation fitness: 0.8328868747496445 
Elapsed: 3.8550188541412354

*** Epoch 1, batch 267/520 ***
Training fitness: 0.836167191726083
Model size: (11, 20)
Validation fitness: 0.8328868747496445 
Elapsed: 2.89302134513855

*** Epoch 1, batch 268/520 ***
Training fitness: 0.8298945330727635
Model size: (9, 17)
Validation fitness: 0.8273840653849083 
Elapsed: 3.668097972869873

*** Epoch 1, batch 269/520 ***
Training fitness: 0.852678069392993
Model size: (11, 23)
Validation fitness: 0.8263920297222836 
Elapsed: 4.057220697402954

*** Epoch 1, batch 270/520 ***
Training fitness: 0.8418516386165998
Model size: (11, 22)
Validation fitness: 0.8147104369362919 
Elapsed: 4.117517709732056

*** Epoch 1, batch 271/520 ***
Training fitness: 0.7871768804185264
Model size: (3, 5)
Validation fitness: 0.8033694479066232 
Elapsed: 3.8119237422943115

*** Epoch 1, batch 272/520 ***
Training fitness: 0.7873860490512765
Model size: (4, 7)
Validation fitness: 0.8183028852709942 
Elapsed: 4.175932884216309

*** Epoch 1, batch 273/520 ***
Training fitness: 0.8180050896154243
Model size: (4, 7)
Validation fitness: 0.8183028852709942 
Elapsed: 4.023100137710571

*** Epoch 1, batch 274/520 ***
Training fitness: 0.8299635825495769
Model size: (5, 9)
Validation fitness: 0.8169295431518018 
Elapsed: 4.025345802307129

*** Epoch 1, batch 275/520 ***
Training fitness: 0.8751403289360087
Model size: (5, 9)
Validation fitness: 0.8169295431518018 
Elapsed: 4.1200056076049805

*** Epoch 1, batch 276/520 ***
Training fitness: 0.8238593392631055
Model size: (5, 9)
Validation fitness: 0.8169295431518018 
Elapsed: 3.9499895572662354

*** Epoch 1, batch 277/520 ***
Training fitness: 0.908621651010445
Model size: (7, 11)
Validation fitness: 0.8348842737879101 
Elapsed: 4.214676856994629

*** Epoch 1, batch 278/520 ***
Training fitness: 0.8536919808748877
Model size: (7, 11)
Validation fitness: 0.8218531045965106 
Elapsed: 4.100138187408447

*** Epoch 1, batch 279/520 ***
Training fitness: 0.7779391601552608
Model size: (5, 9)
Validation fitness: 0.8169295431518018 
Elapsed: 4.146224737167358

*** Epoch 1, batch 280/520 ***
Training fitness: 0.883384673152794
Model size: (7, 11)
Validation fitness: 0.8348842737879101 
Elapsed: 4.054273843765259

*** Epoch 1, batch 281/520 ***
Training fitness: 0.8229107226124512
Model size: (7, 11)
Validation fitness: 0.8348842737879101 
Elapsed: 4.193904876708984

*** Epoch 1, batch 282/520 ***
Training fitness: 0.8516173787527398
Model size: (7, 11)
Validation fitness: 0.8218531045965106 
Elapsed: 4.092347621917725

*** Epoch 1, batch 283/520 ***
Training fitness: 0.828416869579514
Model size: (5, 9)
Validation fitness: 0.8169295431518018 
Elapsed: 4.194787979125977

*** Epoch 1, batch 284/520 ***
Training fitness: 0.8069991282235818
Model size: (7, 11)
Validation fitness: 0.8130122481292682 
Elapsed: 4.065985918045044

*** Epoch 1, batch 285/520 ***
Training fitness: 0.8548810556494985
Model size: (7, 12)
Validation fitness: 0.8370324015381496 
Elapsed: 4.1877219676971436

*** Epoch 1, batch 286/520 ***
Training fitness: 0.8421483334324054
Model size: (7, 12)
Validation fitness: 0.8370324015381496 
Elapsed: 4.225334167480469

*** Epoch 1, batch 287/520 ***
Training fitness: 0.8521398965803568
Model size: (8, 13)
Validation fitness: 0.8228242369241802 
Elapsed: 4.4890735149383545

*** Epoch 1, batch 288/520 ***
Training fitness: 0.8057991284578164
Model size: (8, 13)
Validation fitness: 0.8228242369241802 
Elapsed: 4.2590718269348145

*** Epoch 1, batch 289/520 ***
Training fitness: 0.8820918243977129
Model size: (10, 14)
Validation fitness: 0.814790636440084 
Elapsed: 3.9501266479492188

*** Epoch 1, batch 290/520 ***
Training fitness: 0.8791003114759385
Model size: (7, 12)
Validation fitness: 0.8370324015381496 
Elapsed: 4.262109994888306

*** Epoch 1, batch 291/520 ***
Training fitness: 0.8841888707679414
Model size: (7, 12)
Validation fitness: 0.8370324015381496 
Elapsed: 4.164349794387817

*** Epoch 1, batch 292/520 ***
Training fitness: 0.8233749436185492
Model size: (7, 12)
Validation fitness: 0.8370324015381496 
Elapsed: 4.035626649856567

*** Epoch 1, batch 293/520 ***
Training fitness: 0.8683437494392543
Model size: (7, 12)
Validation fitness: 0.8370324015381496 
Elapsed: 4.122398853302002

*** Epoch 1, batch 294/520 ***
Training fitness: 0.8610584002420806
Model size: (8, 13)
Validation fitness: 0.8367397545510347 
Elapsed: 4.262916088104248

*** Epoch 1, batch 295/520 ***
Training fitness: 0.8509335060882469
Model size: (4, 8)
Validation fitness: 0.8205081089115195 
Elapsed: 3.9402942657470703

*** Epoch 1, batch 296/520 ***
Training fitness: 0.8494665923419213
Model size: (6, 10)
Validation fitness: 0.7995968068765474 
Elapsed: 4.089070796966553

*** Epoch 1, batch 297/520 ***
Training fitness: 0.8116899074765741
Model size: (8, 12)
Validation fitness: 0.8253555952874457 
Elapsed: 4.244278907775879

*** Epoch 1, batch 298/520 ***
Training fitness: 0.825920679163181
Model size: (8, 13)
Validation fitness: 0.8367397545510347 
Elapsed: 4.356508255004883

*** Epoch 1, batch 299/520 ***
Training fitness: 0.8439578915976637
Model size: (9, 11)
Validation fitness: 0.8164111894132016 
Elapsed: 3.943812370300293

*** Epoch 1, batch 300/520 ***
Training fitness: 0.8442187420870106
Model size: (9, 11)
Validation fitness: 0.8164111894132016 
Elapsed: 4.107712984085083

*** Epoch 1, batch 301/520 ***
Training fitness: 0.8195645332294692
Model size: (7, 12)
Validation fitness: 0.8370324015381496 
Elapsed: 4.041320085525513

*** Epoch 1, batch 302/520 ***
Training fitness: 0.8910945537471394
Model size: (8, 13)
Validation fitness: 0.8367397545510347 
Elapsed: 4.356579065322876

*** Epoch 1, batch 303/520 ***
Training fitness: 0.8376585632206197
Model size: (8, 13)
Validation fitness: 0.8367397545510347 
Elapsed: 4.055082321166992

*** Epoch 1, batch 304/520 ***
Training fitness: 0.847801048150821
Model size: (8, 13)
Validation fitness: 0.8367397545510347 
Elapsed: 4.007498741149902

*** Epoch 1, batch 305/520 ***
Training fitness: 0.8504830811559817
Model size: (7, 12)
Validation fitness: 0.8370324015381496 
Elapsed: 4.13455605506897

*** Epoch 1, batch 306/520 ***
Training fitness: 0.8329740698924927
Model size: (8, 13)
Validation fitness: 0.8367397545510347 
Elapsed: 3.886662244796753

*** Epoch 1, batch 307/520 ***
Training fitness: 0.8618162081080318
Model size: (11, 16)
Validation fitness: 0.8207194335545824 
Elapsed: 3.7343976497650146

*** Epoch 1, batch 308/520 ***
Training fitness: 0.8528730165753561
Model size: (9, 15)
Validation fitness: 0.8754664087610438 !!!
Elapsed: 4.041729927062988

*** Epoch 1, batch 309/520 ***
Training fitness: 0.9154629290640939
Model size: (9, 15)
Validation fitness: 0.8754664087610438 
Elapsed: 3.8716304302215576

*** Epoch 1, batch 310/520 ***
Training fitness: 0.8634695375581111
Model size: (4, 6)
Validation fitness: 0.8170745052500832 
Elapsed: 3.6260483264923096

*** Epoch 1, batch 311/520 ***
Training fitness: 0.8946332570596033
Model size: (9, 15)
Validation fitness: 0.8754664087610438 
Elapsed: 4.1094818115234375

*** Epoch 1, batch 312/520 ***
Training fitness: 0.8152587414064641
Model size: (9, 15)
Validation fitness: 0.8754664087610438 
Elapsed: 3.8417882919311523

*** Epoch 1, batch 313/520 ***
Training fitness: 0.900535760273893
Model size: (9, 15)
Validation fitness: 0.8754664087610438 
Elapsed: 3.9129321575164795

*** Epoch 1, batch 314/520 ***
Training fitness: 0.8991482119197252
Model size: (9, 15)
Validation fitness: 0.8754664087610438 
Elapsed: 3.925671100616455

*** Epoch 1, batch 315/520 ***
Training fitness: 0.8562450949126907
Model size: (8, 13)
Validation fitness: 0.8367397545510347 
Elapsed: 3.9050490856170654

*** Epoch 1, batch 316/520 ***
Training fitness: 0.8359171015699153
Model size: (9, 15)
Validation fitness: 0.8754664087610438 
Elapsed: 3.908886194229126

*** Epoch 1, batch 317/520 ***
Training fitness: 0.8759102280333407
Model size: (9, 15)
Validation fitness: 0.8754664087610438 
Elapsed: 4.086673974990845

*** Epoch 1, batch 318/520 ***
Training fitness: 0.8291969893611119
Model size: (9, 15)
Validation fitness: 0.8754664087610438 
Elapsed: 3.906766653060913

*** Epoch 1, batch 319/520 ***
Training fitness: 0.8825541919411608
Model size: (9, 15)
Validation fitness: 0.8754664087610438 
Elapsed: 3.995661497116089

*** Epoch 1, batch 320/520 ***
Training fitness: 0.9164298937907986
Model size: (9, 15)
Validation fitness: 0.8754664087610438 
Elapsed: 3.9288296699523926

*** Epoch 1, batch 321/520 ***
Training fitness: 0.8671991694565816
Model size: (8, 15)
Validation fitness: 0.8338936243734802 
Elapsed: 4.128402471542358

*** Epoch 1, batch 322/520 ***
Training fitness: 0.8600685382030304
Model size: (9, 15)
Validation fitness: 0.8754664087610438 
Elapsed: 2.9300832748413086

*** Epoch 1, batch 323/520 ***
Training fitness: 0.8649207495609035
Model size: (9, 15)
Validation fitness: 0.8754664087610438 
Elapsed: 2.060359001159668

*** Epoch 1, batch 324/520 ***
Training fitness: 0.8914275876003688
Model size: (9, 15)
Validation fitness: 0.8754664087610438 
Elapsed: 2.0107474327087402

*** Epoch 1, batch 325/520 ***
Training fitness: 0.8146591970269439
Model size: (9, 15)
Validation fitness: 0.8754664087610438 
Elapsed: 1.9443137645721436

*** Epoch 1, batch 326/520 ***
Training fitness: 0.874839655790814
Model size: (9, 15)
Validation fitness: 0.8754664087610438 
Elapsed: 2.1168363094329834

*** Epoch 1, batch 327/520 ***
Training fitness: 0.8907682792560303
Model size: (9, 15)
Validation fitness: 0.8754664087610438 
Elapsed: 2.0530409812927246

*** Epoch 1, batch 328/520 ***
Training fitness: 0.8915343453570008
Model size: (9, 15)
Validation fitness: 0.8754664087610438 
Elapsed: 2.0428216457366943

*** Epoch 1, batch 329/520 ***
Training fitness: 0.854497832866627
Model size: (9, 15)
Validation fitness: 0.8754664087610438 
Elapsed: 1.9963128566741943

*** Epoch 1, batch 330/520 ***
Training fitness: 0.8682479584946452
Model size: (9, 15)
Validation fitness: 0.8754664087610438 
Elapsed: 1.9941961765289307

*** Epoch 1, batch 331/520 ***
Training fitness: 0.8734706130684119
Model size: (9, 15)
Validation fitness: 0.8768084259372961 !!!
Elapsed: 2.000760793685913

*** Epoch 1, batch 332/520 ***
Training fitness: 0.9074423748438782
Model size: (9, 15)
Validation fitness: 0.8754664087610438 
Elapsed: 2.053645372390747

*** Epoch 1, batch 333/520 ***
Training fitness: 0.9164199556263698
Model size: (9, 15)
Validation fitness: 0.8768084259372961 
Elapsed: 1.9746499061584473

*** Epoch 1, batch 334/520 ***
Training fitness: 0.9144184874840379
Model size: (9, 15)
Validation fitness: 0.8754664087610438 
Elapsed: 2.1016712188720703

*** Epoch 1, batch 335/520 ***
Training fitness: 0.8008199380433219
Model size: (6, 7)
Validation fitness: 0.8030695119804637 
Elapsed: 1.9874119758605957

*** Epoch 1, batch 336/520 ***
Training fitness: 0.7946945477857202
Model size: (7, 10)
Validation fitness: 0.7733327153162911 
Elapsed: 2.0654056072235107

*** Epoch 1, batch 337/520 ***
Training fitness: 0.8223191055378893
Model size: (10, 10)
Validation fitness: 0.7868230501963941 
Elapsed: 1.996523141860962

*** Epoch 1, batch 338/520 ***
Training fitness: 0.7901051479481007
Model size: (8, 10)
Validation fitness: 0.7943244211343031 
Elapsed: 1.9756355285644531

*** Epoch 1, batch 339/520 ***
Training fitness: 0.7833305732067097
Model size: (7, 14)
Validation fitness: 0.7838060540081428 
Elapsed: 2.0502164363861084

*** Epoch 1, batch 340/520 ***
Training fitness: 0.8467896028996503
Model size: (14, 21)
Validation fitness: 0.7989763450213733 
Elapsed: 1.9459495544433594

*** Epoch 1, batch 341/520 ***
Training fitness: 0.8315594054235514
Model size: (10, 13)
Validation fitness: 0.7882220635398403 
Elapsed: 2.040541648864746

*** Epoch 1, batch 342/520 ***
Training fitness: 0.836952447938871
Model size: (11, 14)
Validation fitness: 0.793439629811607 
Elapsed: 2.058344841003418

*** Epoch 1, batch 343/520 ***
Training fitness: 0.7867807795972028
Model size: (9, 14)
Validation fitness: 0.7997993020761623 
Elapsed: 2.142566680908203

*** Epoch 1, batch 344/520 ***
Training fitness: 0.8324447026820163
Model size: (7, 12)
Validation fitness: 0.8041630137956978 
Elapsed: 2.011915683746338

*** Epoch 1, batch 345/520 ***
Training fitness: 0.8457309707190543
Model size: (7, 9)
Validation fitness: 0.8028200295764719 
Elapsed: 2.145426034927368

*** Epoch 1, batch 346/520 ***
Training fitness: 0.8070322940488819
Model size: (9, 17)
Validation fitness: 0.754234335127526 
Elapsed: 2.0743534564971924

*** Epoch 1, batch 347/520 ***
Training fitness: 0.8288765088084163
Model size: (4, 11)
Validation fitness: 0.7850693563512459 
Elapsed: 2.138899564743042

*** Epoch 1, batch 348/520 ***
Training fitness: 0.806894508081855
Model size: (4, 11)
Validation fitness: 0.7850693563512459 
Elapsed: 2.1215927600860596

*** Epoch 1, batch 349/520 ***
Training fitness: 0.7845306255134794
Model size: (7, 12)
Validation fitness: 0.8041630137956978 
Elapsed: 2.0714006423950195

*** Epoch 1, batch 350/520 ***
Training fitness: 0.8183195755098134
Model size: (7, 13)
Validation fitness: 0.8161881781509711 
Elapsed: 2.1144919395446777

*** Epoch 1, batch 351/520 ***
Training fitness: 0.8401479306544284
Model size: (10, 13)
Validation fitness: 0.8028677781494824 
Elapsed: 2.1088452339172363

*** Epoch 1, batch 352/520 ***
Training fitness: 0.8819474419192402
Model size: (7, 12)
Validation fitness: 0.820777067703246 
Elapsed: 2.800593852996826

*** Epoch 1, batch 353/520 ***
Training fitness: 0.8118797965070877
Model size: (9, 14)
Validation fitness: 0.8071781633247447 
Elapsed: 4.262804269790649

*** Epoch 1, batch 354/520 ***
Training fitness: 0.8504200642707612
Model size: (9, 15)
Validation fitness: 0.7904123695703033 
Elapsed: 4.30887246131897

*** Epoch 1, batch 355/520 ***
Training fitness: 0.8536637053631275
Model size: (5, 11)
Validation fitness: 0.7998859668438745 
Elapsed: 4.474672079086304

*** Epoch 1, batch 356/520 ***
Training fitness: 0.820982651524639
Model size: (8, 14)
Validation fitness: 0.8193420401092663 
Elapsed: 3.952664852142334

*** Epoch 1, batch 357/520 ***
Training fitness: 0.8199519229407694
Model size: (8, 14)
Validation fitness: 0.8193420401092663 
Elapsed: 4.18222451210022

*** Epoch 1, batch 358/520 ***
Training fitness: 0.843464979891126
Model size: (5, 11)
Validation fitness: 0.7998859668438745 
Elapsed: 4.474355936050415

*** Epoch 1, batch 359/520 ***
Training fitness: 0.8143085364345367
Model size: (10, 15)
Validation fitness: 0.8243385244769703 
Elapsed: 4.503284692764282

*** Epoch 1, batch 360/520 ***
Training fitness: 0.860787144587227
Model size: (5, 12)
Validation fitness: 0.8436796296179879 
Elapsed: 4.38020133972168

*** Epoch 1, batch 361/520 ***
Training fitness: 0.891080068089048
Model size: (10, 15)
Validation fitness: 0.8243385244769703 
Elapsed: 4.318809509277344

*** Epoch 1, batch 362/520 ***
Training fitness: 0.856296267882577
Model size: (10, 15)
Validation fitness: 0.8243385244769703 
Elapsed: 4.416428089141846

*** Epoch 1, batch 363/520 ***
Training fitness: 0.7820750707450754
Model size: (10, 15)
Validation fitness: 0.8243385244769703 
Elapsed: 4.48923659324646

*** Epoch 1, batch 364/520 ***
Training fitness: 0.8501030132202168
Model size: (5, 12)
Validation fitness: 0.8436796296179879 
Elapsed: 4.518202066421509

*** Epoch 1, batch 365/520 ***
Training fitness: 0.8897725094031171
Model size: (10, 15)
Validation fitness: 0.8243385244769703 
Elapsed: 4.453531980514526

*** Epoch 1, batch 366/520 ***
Training fitness: 0.9139854288833812
Model size: (6, 10)
Validation fitness: 0.8178985752084321 
Elapsed: 4.352045059204102

*** Epoch 1, batch 367/520 ***
Training fitness: 0.8616581273162931
Model size: (9, 15)
Validation fitness: 0.8351885833687807 
Elapsed: 4.366880655288696

*** Epoch 1, batch 368/520 ***
Training fitness: 0.8054919850401709
Model size: (9, 15)
Validation fitness: 0.8307426462542646 
Elapsed: 4.362572193145752

*** Epoch 1, batch 369/520 ***
Training fitness: 0.8350474715188481
Model size: (5, 12)
Validation fitness: 0.8436796296179879 
Elapsed: 4.452620029449463

*** Epoch 1, batch 370/520 ***
Training fitness: 0.8791217882224871
Model size: (6, 12)
Validation fitness: 0.8453578520239818 
Elapsed: 4.294676780700684

*** Epoch 1, batch 371/520 ***
Training fitness: 0.8388748644609115
Model size: (9, 15)
Validation fitness: 0.8307426462542646 
Elapsed: 4.46327018737793

*** Epoch 1, batch 372/520 ***
Training fitness: 0.890999033842048
Model size: (15, 29)
Validation fitness: 0.8274960997654592 
Elapsed: 4.562898874282837

*** Epoch 1, batch 373/520 ***
Training fitness: 0.8664783421269722
Model size: (8, 14)
Validation fitness: 0.8313224446859321 
Elapsed: 4.748227596282959

*** Epoch 1, batch 374/520 ***
Training fitness: 0.8751844971709231
Model size: (6, 10)
Validation fitness: 0.8122997011797315 
Elapsed: 4.268576622009277

*** Epoch 1, batch 375/520 ***
Training fitness: 0.8584653425668078
Model size: (6, 10)
Validation fitness: 0.8122997011797315 
Elapsed: 4.324343681335449

*** Epoch 1, batch 376/520 ***
Training fitness: 0.8906804066891636
Model size: (10, 13)
Validation fitness: 0.8382422904941625 
Elapsed: 4.443617105484009

*** Epoch 1, batch 377/520 ***
Training fitness: 0.867441935083576
Model size: (10, 13)
Validation fitness: 0.8382422904941625 
Elapsed: 4.197058439254761

*** Epoch 1, batch 378/520 ***
Training fitness: 0.8569243885233906
Model size: (6, 10)
Validation fitness: 0.8122997011797315 
Elapsed: 4.171869993209839

*** Epoch 1, batch 379/520 ***
Training fitness: 0.8500330635377886
Model size: (14, 24)
Validation fitness: 0.8257042008721429 
Elapsed: 4.944270133972168

*** Epoch 1, batch 380/520 ***
Training fitness: 0.8549402613844151
Model size: (7, 11)
Validation fitness: 0.7890147857807247 
Elapsed: 4.2439117431640625

*** Epoch 1, batch 381/520 ***
Training fitness: 0.8500001913580069
Model size: (15, 20)
Validation fitness: 0.7736900342798902 
Elapsed: 4.509920835494995

*** Epoch 1, batch 382/520 ***
Training fitness: 0.8690554288406019
Model size: (7, 11)
Validation fitness: 0.808252565675427 
Elapsed: 2.1655166149139404

*** Epoch 1, batch 383/520 ***
Training fitness: 0.8717859556479927
Model size: (9, 15)
Validation fitness: 0.8406434796232697 
Elapsed: 2.3629801273345947

*** Epoch 1, batch 384/520 ***
Training fitness: 0.8484160617381953
Model size: (9, 15)
Validation fitness: 0.8503032686818013 
Elapsed: 2.3286774158477783

*** Epoch 1, batch 385/520 ***
Training fitness: 0.8755624972608675
Model size: (9, 15)
Validation fitness: 0.8503032686818013 
Elapsed: 2.320693254470825

*** Epoch 1, batch 386/520 ***
Training fitness: 0.8848575112273599
Model size: (8, 15)
Validation fitness: 0.8519016785672137 
Elapsed: 2.464522123336792

*** Epoch 1, batch 387/520 ***
Training fitness: 0.9173983853949762
Model size: (8, 15)
Validation fitness: 0.8519016785672137 
Elapsed: 2.3084657192230225

*** Epoch 1, batch 388/520 ***
Training fitness: 0.8533891026726149
Model size: (8, 15)
Validation fitness: 0.8519016785672137 
Elapsed: 2.3596949577331543

*** Epoch 1, batch 389/520 ***
Training fitness: 0.8512248175636856
Model size: (8, 15)
Validation fitness: 0.8519016785672137 
Elapsed: 2.3489036560058594

*** Epoch 1, batch 390/520 ***
Training fitness: 0.8038750444849405
Model size: (13, 17)
Validation fitness: 0.8137389414223497 
Elapsed: 2.2205708026885986

*** Epoch 1, batch 391/520 ***
Training fitness: 0.866614607332214
Model size: (8, 15)
Validation fitness: 0.8519016785672137 
Elapsed: 2.419890880584717

*** Epoch 1, batch 392/520 ***
Training fitness: 0.8666340564153018
Model size: (9, 15)
Validation fitness: 0.8503032686818013 
Elapsed: 2.450788974761963

*** Epoch 1, batch 393/520 ***
Training fitness: 0.8912429002582725
Model size: (13, 18)
Validation fitness: 0.8307132061323687 
Elapsed: 2.2789835929870605

*** Epoch 1, batch 394/520 ***
Training fitness: 0.875842452952653
Model size: (13, 18)
Validation fitness: 0.8307132061323687 
Elapsed: 2.0778841972351074

*** Epoch 1, batch 395/520 ***
Training fitness: 0.8768047694016826
Model size: (14, 21)
Validation fitness: 0.7984854915088436 
Elapsed: 2.3208670616149902

*** Epoch 1, batch 396/520 ***
Training fitness: 0.8432437157347599
Model size: (18, 29)
Validation fitness: 0.8169371220681005 
Elapsed: 2.201859951019287

*** Epoch 1, batch 397/520 ***
Training fitness: 0.8202309774860136
Model size: (8, 13)
Validation fitness: 0.8144376675645081 
Elapsed: 3.3248226642608643

*** Epoch 1, batch 398/520 ***
Training fitness: 0.8906183238723067
Model size: (9, 15)
Validation fitness: 0.8281944836832568 
Elapsed: 2.7748992443084717

*** Epoch 1, batch 399/520 ***
Training fitness: 0.8776825742010899
Model size: (12, 21)
Validation fitness: 0.8268714076951457 
Elapsed: 2.2041406631469727

*** Epoch 1, batch 400/520 ***
Training fitness: 0.7740065999493719
Model size: (17, 23)
Validation fitness: 0.8077977988885295 
Elapsed: 2.169079303741455

*** Epoch 1, batch 401/520 ***
Training fitness: 0.8359181137253137
Model size: (12, 17)
Validation fitness: 0.7814279867041102 
Elapsed: 2.074477434158325

*** Epoch 1, batch 402/520 ***
Training fitness: 0.8586262080878262
Model size: (12, 21)
Validation fitness: 0.8268714076951457 
Elapsed: 2.0646467208862305

*** Epoch 1, batch 403/520 ***
Training fitness: 0.8708232913053501
Model size: (17, 20)
Validation fitness: 0.8143213861200982 
Elapsed: 2.190033435821533

*** Epoch 1, batch 404/520 ***
Training fitness: 0.8740079746666511
Model size: (8, 14)
Validation fitness: 0.8320233534664816 
Elapsed: 2.1160993576049805

*** Epoch 1, batch 405/520 ***
Training fitness: 0.8338334571847024
Model size: (9, 15)
Validation fitness: 0.8281944836832568 
Elapsed: 2.1967971324920654

*** Epoch 1, batch 406/520 ***
Training fitness: 0.807791385193426
Model size: (11, 20)
Validation fitness: 0.8243672433272197 
Elapsed: 2.1839261054992676

*** Epoch 1, batch 407/520 ***
Training fitness: 0.8566262355601351
Model size: (8, 12)
Validation fitness: 0.807260900363053 
Elapsed: 2.027766466140747

*** Epoch 1, batch 408/520 ***
Training fitness: 0.8759628907969446
Model size: (8, 14)
Validation fitness: 0.8320233534664816 
Elapsed: 2.103388786315918

*** Epoch 1, batch 409/520 ***
Training fitness: 0.8440483135045428
Model size: (8, 10)
Validation fitness: 0.829539907397735 
Elapsed: 2.082789659500122

*** Epoch 1, batch 410/520 ***
Training fitness: 0.8489915656560383
Model size: (6, 11)
Validation fitness: 0.8041694720629469 
Elapsed: 1.9926769733428955

*** Epoch 1, batch 411/520 ***
Training fitness: 0.8929980453037798
Model size: (17, 23)
Validation fitness: 0.8249638934396905 
Elapsed: 2.1081433296203613

*** Epoch 1, batch 412/520 ***
Training fitness: 0.8014791992623838
Model size: (8, 13)
Validation fitness: 0.8030849461093613 
Elapsed: 1.9483511447906494

*** Epoch 1, batch 413/520 ***
Training fitness: 0.7988436254840928
Model size: (18, 26)
Validation fitness: 0.7517523435357295 
Elapsed: 2.211954355239868

*** Epoch 1, batch 414/520 ***
Training fitness: 0.8532150659704516
Model size: (19, 28)
Validation fitness: 0.8023802817827321 
Elapsed: 2.143772840499878

*** Epoch 1, batch 415/520 ***
Training fitness: 0.8423184385165053
Model size: (19, 29)
Validation fitness: 0.7829403738135671 
Elapsed: 2.198096752166748

*** Epoch 1, batch 416/520 ***
Training fitness: 0.823718473071898
Model size: (7, 14)
Validation fitness: 0.806869335940129 
Elapsed: 2.124297857284546

*** Epoch 1, batch 417/520 ***
Training fitness: 0.8328579983222871
Model size: (7, 14)
Validation fitness: 0.806869335940129 
Elapsed: 1.9661266803741455

*** Epoch 1, batch 418/520 ***
Training fitness: 0.8276007956273828
Model size: (6, 12)
Validation fitness: 0.7995801330013874 
Elapsed: 1.9813315868377686

*** Epoch 1, batch 419/520 ***
Training fitness: 0.8325512277332148
Model size: (10, 12)
Validation fitness: 0.7925414371692868 
Elapsed: 1.9074206352233887

*** Epoch 1, batch 420/520 ***
Training fitness: 0.8412862515681719
Model size: (10, 14)
Validation fitness: 0.7927708294726182 
Elapsed: 1.9147179126739502

*** Epoch 1, batch 421/520 ***
Training fitness: 0.7721727761652805
Model size: (10, 13)
Validation fitness: 0.7969226546416822 
Elapsed: 2.0674164295196533

*** Epoch 1, batch 422/520 ***
Training fitness: 0.8123969465648855
Model size: (16, 19)
Validation fitness: 0.7993996788942918 
Elapsed: 1.973330020904541

*** Epoch 1, batch 423/520 ***
Training fitness: 0.8299918230863352
Model size: (7, 11)
Validation fitness: 0.8109559898878075 
Elapsed: 1.9278278350830078

*** Epoch 1, batch 424/520 ***
Training fitness: 0.8583721910161342
Model size: (8, 16)
Validation fitness: 0.8078834925721075 
Elapsed: 1.9375309944152832

*** Epoch 1, batch 425/520 ***
Training fitness: 0.81336779033648
Model size: (8, 16)
Validation fitness: 0.8078834925721075 
Elapsed: 1.9932143688201904

*** Epoch 1, batch 426/520 ***
Training fitness: 0.7993614919285437
Model size: (12, 13)
Validation fitness: 0.7994094922950153 
Elapsed: 1.8635644912719727

*** Epoch 1, batch 427/520 ***
Training fitness: 0.8262722833104982
Model size: (4, 8)
Validation fitness: 0.7730361036635227 
Elapsed: 1.8963186740875244

*** Epoch 1, batch 428/520 ***
Training fitness: 0.9072921092823789
Model size: (10, 16)
Validation fitness: 0.8219593721664846 
Elapsed: 2.113276481628418

*** Epoch 1, batch 429/520 ***
Training fitness: 0.8380898039151423
Model size: (10, 16)
Validation fitness: 0.8219593721664846 
Elapsed: 2.770820379257202

*** Epoch 1, batch 430/520 ***
Training fitness: 0.8288994982569317
Model size: (12, 20)
Validation fitness: 0.8285795236113669 
Elapsed: 2.534271001815796

*** Epoch 1, batch 431/520 ***
Training fitness: 0.8365956535203359
Model size: (10, 16)
Validation fitness: 0.8219593721664846 
Elapsed: 2.0265519618988037

*** Epoch 1, batch 432/520 ***
Training fitness: 0.7936601018980485
Model size: (12, 21)
Validation fitness: 0.8151143023081876 
Elapsed: 2.106638193130493

*** Epoch 1, batch 433/520 ***
Training fitness: 0.8375581164201374
Model size: (6, 11)
Validation fitness: 0.8329672502455834 
Elapsed: 2.011032819747925

*** Epoch 1, batch 434/520 ***
Training fitness: 0.8542003125150278
Model size: (13, 22)
Validation fitness: 0.8264425867247698 
Elapsed: 2.1645314693450928

*** Epoch 1, batch 435/520 ***
Training fitness: 0.8521398965803568
Model size: (6, 11)
Validation fitness: 0.8329672502455834 
Elapsed: 2.4701287746429443

*** Epoch 1, batch 436/520 ***
Training fitness: 0.8613528588642378
Model size: (12, 19)
Validation fitness: 0.8009721391882287 
Elapsed: 4.1442506313323975

*** Epoch 1, batch 437/520 ***
Training fitness: 0.7999226762168163
Model size: (8, 11)
Validation fitness: 0.8134722900895388 
Elapsed: 4.054579257965088

*** Epoch 1, batch 438/520 ***
Training fitness: 0.8851161786752532
Model size: (10, 15)
Validation fitness: 0.793543325988727 
Elapsed: 3.7859463691711426

*** Epoch 1, batch 439/520 ***
Training fitness: 0.8317883872610065
Model size: (14, 24)
Validation fitness: 0.8263715549284527 
Elapsed: 4.239003419876099

*** Epoch 1, batch 440/520 ***
Training fitness: 0.8079996774936781
Model size: (14, 24)
Validation fitness: 0.8263715549284527 
Elapsed: 3.469217300415039

*** Epoch 1, batch 441/520 ***
Training fitness: 0.7903215541659986
Model size: (12, 19)
Validation fitness: 0.8230346011362215 
Elapsed: 2.1726396083831787

*** Epoch 1, batch 442/520 ***
Training fitness: 0.8309187603154227
Model size: (14, 24)
Validation fitness: 0.8263715549284527 
Elapsed: 2.1948864459991455

*** Epoch 1, batch 443/520 ***
Training fitness: 0.7731268833936583
Model size: (14, 24)
Validation fitness: 0.8263715549284527 
Elapsed: 2.2059926986694336

*** Epoch 1, batch 444/520 ***
Training fitness: 0.8298945330727635
Model size: (14, 24)
Validation fitness: 0.8263715549284527 
Elapsed: 2.3340699672698975

*** Epoch 1, batch 445/520 ***
Training fitness: 0.8222402837007512
Model size: (14, 24)
Validation fitness: 0.8263715549284527 
Elapsed: 2.1342179775238037

*** Epoch 1, batch 446/520 ***
Training fitness: 0.8305382741865155
Model size: (6, 6)
Validation fitness: 0.8340544557675575 
Elapsed: 1.9487669467926025

*** Epoch 1, batch 447/520 ***
Training fitness: 0.8479858637770449
Model size: (15, 25)
Validation fitness: 0.7900025406285633 
Elapsed: 2.1401994228363037

*** Epoch 1, batch 448/520 ***
Training fitness: 0.8928762274229087
Model size: (6, 6)
Validation fitness: 0.8340544557675575 
Elapsed: 1.9239377975463867

*** Epoch 1, batch 449/520 ***
Training fitness: 0.8237408673012915
Model size: (6, 8)
Validation fitness: 0.8373997649746914 
Elapsed: 2.0091166496276855

*** Epoch 1, batch 450/520 ***
Training fitness: 0.8153841289567166
Model size: (5, 7)
Validation fitness: 0.8396589860723996 
Elapsed: 1.9622368812561035

*** Epoch 1, batch 451/520 ***
Training fitness: 0.9094102633174024
Model size: (5, 7)
Validation fitness: 0.8507643169415747 
Elapsed: 1.9732205867767334

*** Epoch 1, batch 452/520 ***
Training fitness: 0.8419497419708617
Model size: (18, 32)
Validation fitness: 0.8149941842202049 
Elapsed: 2.3247487545013428

*** Epoch 1, batch 453/520 ***
Training fitness: 0.8056914032395326
Model size: (17, 29)
Validation fitness: 0.8074337142957781 
Elapsed: 2.2101473808288574

*** Epoch 1, batch 454/520 ***
Training fitness: 0.808100130022865
Model size: (5, 7)
Validation fitness: 0.8507643169415747 
Elapsed: 2.016651153564453

*** Epoch 1, batch 455/520 ***
Training fitness: 0.8562610464955682
Model size: (5, 7)
Validation fitness: 0.8507643169415747 
Elapsed: 2.0615015029907227

*** Epoch 1, batch 456/520 ***
Training fitness: 0.8779071807330344
Model size: (5, 7)
Validation fitness: 0.8662753576607234 
Elapsed: 2.031536817550659

*** Epoch 1, batch 457/520 ***
Training fitness: 0.863983710554762
Model size: (5, 7)
Validation fitness: 0.8662753576607234 
Elapsed: 1.9754798412322998

*** Epoch 1, batch 458/520 ***
Training fitness: 0.9056504338142514
Model size: (6, 9)
Validation fitness: 0.8230636973711866 
Elapsed: 1.9967448711395264

*** Epoch 1, batch 459/520 ***
Training fitness: 0.838925387980811
Model size: (5, 7)
Validation fitness: 0.8610695882301052 
Elapsed: 2.007120370864868

*** Epoch 1, batch 460/520 ***
Training fitness: 0.8924731182795699
Model size: (5, 7)
Validation fitness: 0.8662753576607234 
Elapsed: 1.8721578121185303

*** Epoch 1, batch 461/520 ***
Training fitness: 0.884649394430587
Model size: (4, 5)
Validation fitness: 0.8690500362058889 
Elapsed: 1.953949213027954

*** Epoch 1, batch 462/520 ***
Training fitness: 0.8913419180548481
Model size: (4, 5)
Validation fitness: 0.8690500362058889 
Elapsed: 1.924340009689331

*** Epoch 1, batch 463/520 ***
Training fitness: 0.8786691627033119
Model size: (4, 5)
Validation fitness: 0.8690500362058889 
Elapsed: 1.9455289840698242

*** Epoch 1, batch 464/520 ***
Training fitness: 0.8997840097249555
Model size: (4, 5)
Validation fitness: 0.8690500362058889 
Elapsed: 1.9706237316131592

*** Epoch 1, batch 465/520 ***
Training fitness: 0.8549852197240615
Model size: (4, 5)
Validation fitness: 0.8690500362058889 
Elapsed: 2.0239696502685547

*** Epoch 1, batch 466/520 ***
Training fitness: 0.8276714961793893
Model size: (4, 5)
Validation fitness: 0.8690500362058889 
Elapsed: 2.100403308868408

*** Epoch 1, batch 467/520 ***
Training fitness: 0.8487079562565801
Model size: (4, 6)
Validation fitness: 0.8573946413190788 
Elapsed: 1.997488260269165

*** Epoch 1, batch 468/520 ***
Training fitness: 0.8512248175636856
Model size: (4, 5)
Validation fitness: 0.8690500362058889 
Elapsed: 2.138914108276367

*** Epoch 1, batch 469/520 ***
Training fitness: 0.8392153756032371
Model size: (4, 5)
Validation fitness: 0.8690500362058889 
Elapsed: 2.087071180343628

*** Epoch 1, batch 470/520 ***
Training fitness: 0.8892844806137729
Model size: (4, 5)
Validation fitness: 0.8690500362058889 
Elapsed: 2.160771608352661

*** Epoch 1, batch 471/520 ***
Training fitness: 0.9136940483838307
Model size: (4, 5)
Validation fitness: 0.8690500362058889 
Elapsed: 2.1285722255706787

*** Epoch 1, batch 472/520 ***
Training fitness: 0.8452155044429686
Model size: (4, 5)
Validation fitness: 0.8690500362058889 
Elapsed: 2.060030937194824

*** Epoch 1, batch 473/520 ***
Training fitness: 0.8412297448246849
Model size: (5, 8)
Validation fitness: 0.8447613021604959 
Elapsed: 2.1906068325042725

*** Epoch 1, batch 474/520 ***
Training fitness: 0.8200520990277936
Model size: (5, 8)
Validation fitness: 0.8447613021604959 
Elapsed: 2.1370625495910645

*** Epoch 1, batch 475/520 ***
Training fitness: 0.8996961095465633
Model size: (6, 11)
Validation fitness: 0.8392743213421962 
Elapsed: 2.2004783153533936

*** Epoch 1, batch 476/520 ***
Training fitness: 0.8480994624740741
Model size: (4, 9)
Validation fitness: 0.8531179850609418 
Elapsed: 2.152538299560547

*** Epoch 1, batch 477/520 ***
Training fitness: 0.8487133559465401
Model size: (4, 9)
Validation fitness: 0.8531179850609418 
Elapsed: 2.2314043045043945

*** Epoch 1, batch 478/520 ***
Training fitness: 0.8601380112365595
Model size: (12, 19)
Validation fitness: 0.7737075745054549 
Elapsed: 2.1376333236694336

*** Epoch 1, batch 479/520 ***
Training fitness: 0.8404891542123692
Model size: (5, 11)
Validation fitness: 0.7843451127624855 
Elapsed: 2.206198215484619

*** Epoch 1, batch 480/520 ***
Training fitness: 0.8264473435477407
Model size: (11, 19)
Validation fitness: 0.8000129595214194 
Elapsed: 2.0411572456359863

*** Epoch 1, batch 481/520 ***
Training fitness: 0.8282848972499604
Model size: (11, 19)
Validation fitness: 0.8000129595214194 
Elapsed: 2.026946544647217

*** Epoch 1, batch 482/520 ***
Training fitness: 0.8060660020124977
Model size: (11, 12)
Validation fitness: 0.8034948456765452 
Elapsed: 1.9988183975219727

*** Epoch 1, batch 483/520 ***
Training fitness: 0.8479858637770449
Model size: (12, 19)
Validation fitness: 0.7721105005821467 
Elapsed: 2.168985605239868

*** Epoch 1, batch 484/520 ***
Training fitness: 0.8611171318518858
Model size: (14, 20)
Validation fitness: 0.8101430689118706 
Elapsed: 2.063760757446289

*** Epoch 1, batch 485/520 ***
Training fitness: 0.859980795044672
Model size: (8, 10)
Validation fitness: 0.8114004889206906 
Elapsed: 2.2541146278381348

*** Epoch 1, batch 486/520 ***
Training fitness: 0.8147577764392958
Model size: (21, 27)
Validation fitness: 0.7746721729889946 
Elapsed: 2.1352922916412354

*** Epoch 1, batch 487/520 ***
Training fitness: 0.8046537387878268
Model size: (6, 8)
Validation fitness: 0.7582580977016877 
Elapsed: 1.9792311191558838

*** Epoch 1, batch 488/520 ***
Training fitness: 0.8242706770312548
Model size: (12, 14)
Validation fitness: 0.789154616641844 
Elapsed: 2.0989558696746826

*** Epoch 1, batch 489/520 ***
Training fitness: 0.8088338655505234
Model size: (13, 12)
Validation fitness: 0.7846399993012751 
Elapsed: 1.9665536880493164

*** Epoch 1, batch 490/520 ***
Training fitness: 0.840681766469847
Model size: (9, 11)
Validation fitness: 0.8054843773285761 
Elapsed: 1.9920353889465332

*** Epoch 1, batch 491/520 ***
Training fitness: 0.7776654036343129
Model size: (15, 15)
Validation fitness: 0.7836703356637379 
Elapsed: 1.9806017875671387

*** Epoch 1, batch 492/520 ***
Training fitness: 0.8307033724315975
Model size: (9, 13)
Validation fitness: 0.7921495613296083 
Elapsed: 2.003424644470215

*** Epoch 1, batch 493/520 ***
Training fitness: 0.8546977810759834
Model size: (9, 12)
Validation fitness: 0.8099403513796285 
Elapsed: 1.9811997413635254

*** Epoch 1, batch 494/520 ***
Training fitness: 0.8736182210904682
Model size: (9, 13)
Validation fitness: 0.811093240027239 
Elapsed: 1.9134864807128906

*** Epoch 1, batch 495/520 ***
Training fitness: 0.8372657653836846
Model size: (14, 21)
Validation fitness: 0.7831539471258218 
Elapsed: 2.1791679859161377

*** Epoch 1, batch 496/520 ***
Training fitness: 0.8087173100871731
Model size: (8, 12)
Validation fitness: 0.808480902319772 
Elapsed: 1.9946739673614502

*** Epoch 1, batch 497/520 ***
Training fitness: 0.7901643746632139
Model size: (14, 20)
Validation fitness: 0.7839547620362528 
Elapsed: 2.0891361236572266

*** Epoch 1, batch 498/520 ***
Training fitness: 0.7851207681555709
Model size: (11, 18)
Validation fitness: 0.8156975887303503 
Elapsed: 1.9691331386566162

*** Epoch 1, batch 499/520 ***
Training fitness: 0.8359630119558145
Model size: (7, 11)
Validation fitness: 0.7919988964349883 
Elapsed: 1.9140825271606445

*** Epoch 1, batch 500/520 ***
Training fitness: 0.8225489822884643
Model size: (7, 9)
Validation fitness: 0.8093935770054855 
Elapsed: 2.0125246047973633

*** Epoch 1, batch 501/520 ***
Training fitness: 0.828030534351145
Model size: (7, 12)
Validation fitness: 0.8124668859608344 
Elapsed: 1.9290916919708252

*** Epoch 1, batch 502/520 ***
Training fitness: 0.8511614070117546
Model size: (7, 12)
Validation fitness: 0.8124668859608344 
Elapsed: 2.080864191055298

*** Epoch 1, batch 503/520 ***
Training fitness: 0.841893550003555
Model size: (6, 10)
Validation fitness: 0.7707944161091159 
Elapsed: 2.1684672832489014

*** Epoch 1, batch 504/520 ***
Training fitness: 0.820889545622037
Model size: (7, 11)
Validation fitness: 0.7936631318045263 
Elapsed: 2.0125784873962402

*** Epoch 1, batch 505/520 ***
Training fitness: 0.827622091501374
Model size: (15, 23)
Validation fitness: 0.7845359236751984 
Elapsed: 2.2424113750457764

*** Epoch 1, batch 506/520 ***
Training fitness: 0.8199681525676947
Model size: (7, 7)
Validation fitness: 0.8426401700293757 
Elapsed: 2.112436056137085

*** Epoch 1, batch 507/520 ***
Training fitness: 0.8472827497167138
Model size: (7, 7)
Validation fitness: 0.8426401700293757 
Elapsed: 2.201035499572754

*** Epoch 1, batch 508/520 ***
Training fitness: 0.8329740698924927
Model size: (9, 13)
Validation fitness: 0.8530462384363291 
Elapsed: 2.2113890647888184

*** Epoch 1, batch 509/520 ***
Training fitness: 0.7936601018980485
Model size: (7, 7)
Validation fitness: 0.8426401700293757 
Elapsed: 2.201544761657715

*** Epoch 1, batch 510/520 ***
Training fitness: 0.8751148802718766
Model size: (9, 13)
Validation fitness: 0.8530462384363291 
Elapsed: 2.1240861415863037

*** Epoch 1, batch 511/520 ***
Training fitness: 0.8480994624740741
Model size: (9, 13)
Validation fitness: 0.8530462384363291 
Elapsed: 2.1121864318847656

*** Epoch 1, batch 512/520 ***
Training fitness: 0.8616857452118113
Model size: (9, 13)
Validation fitness: 0.8530462384363291 
Elapsed: 2.110570192337036

*** Epoch 1, batch 513/520 ***
Training fitness: 0.8351639490816164
Model size: (9, 13)
Validation fitness: 0.8530462384363291 
Elapsed: 2.1697475910186768

*** Epoch 1, batch 514/520 ***
Training fitness: 0.8682350822905949
Model size: (9, 13)
Validation fitness: 0.8530462384363291 
Elapsed: 2.2026896476745605

*** Epoch 1, batch 515/520 ***
Training fitness: 0.847482507775365
Model size: (7, 7)
Validation fitness: 0.8426401700293757 
Elapsed: 2.1992712020874023

*** Epoch 1, batch 516/520 ***
Training fitness: 0.8620096710903561
Model size: (9, 13)
Validation fitness: 0.8530462384363291 
Elapsed: 2.2261157035827637

*** Epoch 1, batch 517/520 ***
Training fitness: 0.8740699747893993
Model size: (7, 8)
Validation fitness: 0.8299001716450378 
Elapsed: 2.245432138442993

*** Epoch 1, batch 518/520 ***
Training fitness: 0.8479858637770449
Model size: (8, 12)
Validation fitness: 0.8546487965572942 
Elapsed: 2.2502822875976562

*** Epoch 1, batch 519/520 ***
Training fitness: 0.8233710217067614
Model size: (7, 7)
Validation fitness: 0.8344062588272863 
Elapsed: 2.1528308391571045

*** Epoch 1, batch 520/520 ***
Training fitness: 0.8294495706617258
Model size: (9, 13)
Validation fitness: 0.8530462384363291 
Elapsed: 2.142780303955078

Total train time: 1473.88773727417
Test time: 0.29466962814331055
Test fitness: 0.8705916474010428
Test statistics: Stats(total=14791, total_true=7158, total_false=7633, true_positive=6279, true_negative=7524, false_positive=109, false_negative=879, tpr=0.877200335289187, tnr=0.9857199004323333, ppv=0.9829367564182843, npv=0.8953945019635844, accuracy=0.933202623216821, f1=0.927063339731286, mcc=0.8705916474010428)
