Configuration:
Dataset: nsl_kdd
Selector: pca
Fold: 6
Fitness: mcc
Batch size: 256
Epochs: 1
Config args: {}
*** Epoch 1, batch 1/520 ***
Training fitness: 0.8046882187383321
Model size: (1, 12)
Validation fitness: 0.7847453986896565 !!!
Elapsed: 1.8446390628814697

*** Epoch 1, batch 2/520 ***
Training fitness: 0.8134508324216135
Model size: (1, 11)
Validation fitness: 0.7784234532690966 
Elapsed: 1.9670000076293945

*** Epoch 1, batch 3/520 ***
Training fitness: 0.8528387570436534
Model size: (1, 11)
Validation fitness: 0.7784234532690966 
Elapsed: 2.0279061794281006

*** Epoch 1, batch 4/520 ***
Training fitness: 0.8279742346737515
Model size: (1, 11)
Validation fitness: 0.7784234532690966 
Elapsed: 2.0632402896881104

*** Epoch 1, batch 5/520 ***
Training fitness: 0.8650817548485902
Model size: (2, 10)
Validation fitness: 0.7521427390611014 
Elapsed: 2.125148057937622

*** Epoch 1, batch 6/520 ***
Training fitness: 0.7996434477161347
Model size: (2, 12)
Validation fitness: 0.7364754259042694 
Elapsed: 2.3364264965057373

*** Epoch 1, batch 7/520 ***
Training fitness: 0.8358427946559772
Model size: (2, 13)
Validation fitness: 0.8167686203357624 !!!
Elapsed: 2.140385627746582

*** Epoch 1, batch 8/520 ***
Training fitness: 0.7894147994978402
Model size: (2, 9)
Validation fitness: 0.8057091807341298 
Elapsed: 1.9779820442199707

*** Epoch 1, batch 9/520 ***
Training fitness: 0.843464979891126
Model size: (2, 9)
Validation fitness: 0.8057091807341298 
Elapsed: 1.9737040996551514

*** Epoch 1, batch 10/520 ***
Training fitness: 0.8849338094274504
Model size: (3, 8)
Validation fitness: 0.8064123117688524 
Elapsed: 2.0200862884521484

*** Epoch 1, batch 11/520 ***
Training fitness: 0.9127845729703038
Model size: (3, 10)
Validation fitness: 0.8333817746917896 !!!
Elapsed: 2.0941762924194336

*** Epoch 1, batch 12/520 ***
Training fitness: 0.805230975784717
Model size: (4, 12)
Validation fitness: 0.8041562815168511 
Elapsed: 2.101694345474243

*** Epoch 1, batch 13/520 ***
Training fitness: 0.8123599957404288
Model size: (3, 12)
Validation fitness: 0.8074340032722447 
Elapsed: 2.1984691619873047

*** Epoch 1, batch 14/520 ***
Training fitness: 0.8694019740555796
Model size: (3, 10)
Validation fitness: 0.7801043859845759 
Elapsed: 2.162886381149292

*** Epoch 1, batch 15/520 ***
Training fitness: 0.8185355093930662
Model size: (2, 7)
Validation fitness: 0.8425577887242468 !!!
Elapsed: 2.2770915031433105

*** Epoch 1, batch 16/520 ***
Training fitness: 0.8521589913715027
Model size: (5, 17)
Validation fitness: 0.8281675723968415 
Elapsed: 2.3011035919189453

*** Epoch 1, batch 17/520 ***
Training fitness: 0.8514342487357843
Model size: (6, 19)
Validation fitness: 0.8160475900416259 
Elapsed: 2.324864625930786

*** Epoch 1, batch 18/520 ***
Training fitness: 0.8206771055294454
Model size: (6, 19)
Validation fitness: 0.8160475900416259 
Elapsed: 2.366370439529419

*** Epoch 1, batch 19/520 ***
Training fitness: 0.8746634628240959
Model size: (3, 10)
Validation fitness: 0.8161965341593247 
Elapsed: 2.349334478378296

*** Epoch 1, batch 20/520 ***
Training fitness: 0.8069770300494692
Model size: (7, 19)
Validation fitness: 0.8208584733026321 
Elapsed: 2.4738004207611084

*** Epoch 1, batch 21/520 ***
Training fitness: 0.867441935083576
Model size: (5, 15)
Validation fitness: 0.8109998497638036 
Elapsed: 2.4790000915527344

*** Epoch 1, batch 22/520 ***
Training fitness: 0.7903215541659986
Model size: (4, 12)
Validation fitness: 0.8059999422018194 
Elapsed: 2.423194646835327

*** Epoch 1, batch 23/520 ***
Training fitness: 0.808511653772362
Model size: (2, 7)
Validation fitness: 0.8203616328121905 
Elapsed: 2.3292267322540283

*** Epoch 1, batch 24/520 ***
Training fitness: 0.8749237482760434
Model size: (5, 14)
Validation fitness: 0.8442227982565413 !!!
Elapsed: 2.425265073776245

*** Epoch 1, batch 25/520 ***
Training fitness: 0.8514342487357843
Model size: (5, 14)
Validation fitness: 0.8442227982565413 
Elapsed: 2.4503180980682373

*** Epoch 1, batch 26/520 ***
Training fitness: 0.8671199948728239
Model size: (2, 11)
Validation fitness: 0.8256755890477087 
Elapsed: 2.3811841011047363

*** Epoch 1, batch 27/520 ***
Training fitness: 0.9004522944605842
Model size: (5, 14)
Validation fitness: 0.8442227982565413 
Elapsed: 2.546222686767578

*** Epoch 1, batch 28/520 ***
Training fitness: 0.8520870050846231
Model size: (5, 14)
Validation fitness: 0.8442227982565413 
Elapsed: 2.4842441082000732

*** Epoch 1, batch 29/520 ***
Training fitness: 0.8710077733069272
Model size: (4, 12)
Validation fitness: 0.8311942246302302 
Elapsed: 2.39109468460083

*** Epoch 1, batch 30/520 ***
Training fitness: 0.8666470092140754
Model size: (6, 14)
Validation fitness: 0.8356303512149976 
Elapsed: 2.5508105754852295

*** Epoch 1, batch 31/520 ***
Training fitness: 0.8685066428680047
Model size: (4, 12)
Validation fitness: 0.8399047949380943 
Elapsed: 2.550408363342285

*** Epoch 1, batch 32/520 ***
Training fitness: 0.8384592183598416
Model size: (4, 10)
Validation fitness: 0.8206048739471358 
Elapsed: 2.404244899749756

*** Epoch 1, batch 33/520 ***
Training fitness: 0.8130602602518727
Model size: (5, 13)
Validation fitness: 0.8140112863044879 
Elapsed: 2.4737865924835205

*** Epoch 1, batch 34/520 ***
Training fitness: 0.8594193122442989
Model size: (7, 12)
Validation fitness: 0.8333427834225947 
Elapsed: 2.6704647541046143

*** Epoch 1, batch 35/520 ***
Training fitness: 0.8368380961384191
Model size: (4, 9)
Validation fitness: 0.808235357703543 
Elapsed: 2.4158382415771484

*** Epoch 1, batch 36/520 ***
Training fitness: 0.874839655790814
Model size: (6, 14)
Validation fitness: 0.8356303512149976 
Elapsed: 2.5996029376983643

*** Epoch 1, batch 37/520 ***
Training fitness: 0.8613853802478361
Model size: (6, 14)
Validation fitness: 0.8356303512149976 
Elapsed: 2.6067280769348145

*** Epoch 1, batch 38/520 ***
Training fitness: 0.8605779742670495
Model size: (7, 15)
Validation fitness: 0.8404426258488698 
Elapsed: 2.5874295234680176

*** Epoch 1, batch 39/520 ***
Training fitness: 0.8755479024962777
Model size: (3, 5)
Validation fitness: 0.8304528899160902 
Elapsed: 2.4012680053710938

*** Epoch 1, batch 40/520 ***
Training fitness: 0.8610819956362068
Model size: (3, 11)
Validation fitness: 0.8457204381061603 !!!
Elapsed: 2.473515748977661

*** Epoch 1, batch 41/520 ***
Training fitness: 0.9007160608545094
Model size: (3, 11)
Validation fitness: 0.8457204381061603 
Elapsed: 2.4888830184936523

*** Epoch 1, batch 42/520 ***
Training fitness: 0.8599756074682574
Model size: (7, 17)
Validation fitness: 0.8331121800035469 
Elapsed: 2.6031301021575928

*** Epoch 1, batch 43/520 ***
Training fitness: 0.841645919721546
Model size: (2, 6)
Validation fitness: 0.8110194762771046 
Elapsed: 2.284414529800415

*** Epoch 1, batch 44/520 ***
Training fitness: 0.8903636908594089
Model size: (3, 6)
Validation fitness: 0.8296795243285428 
Elapsed: 2.3885600566864014

*** Epoch 1, batch 45/520 ***
Training fitness: 0.8991604439975156
Model size: (3, 6)
Validation fitness: 0.8355088145241728 
Elapsed: 2.2571322917938232

*** Epoch 1, batch 46/520 ***
Training fitness: 0.8598529047342829
Model size: (6, 12)
Validation fitness: 0.8197253244418876 
Elapsed: 2.414597749710083

*** Epoch 1, batch 47/520 ***
Training fitness: 0.8884453212630812
Model size: (6, 13)
Validation fitness: 0.8471375737824008 !!!
Elapsed: 2.5978758335113525

*** Epoch 1, batch 48/520 ***
Training fitness: 0.8885882292129974
Model size: (7, 14)
Validation fitness: 0.8496061522381652 !!!
Elapsed: 2.5698390007019043

*** Epoch 1, batch 49/520 ***
Training fitness: 0.8909208740316114
Model size: (5, 10)
Validation fitness: 0.8189354546823854 
Elapsed: 2.380237340927124

*** Epoch 1, batch 50/520 ***
Training fitness: 0.8716948943863142
Model size: (4, 7)
Validation fitness: 0.84969275243633 !!!
Elapsed: 2.3761777877807617

*** Epoch 1, batch 51/520 ***
Training fitness: 0.8940334010754224
Model size: (4, 7)
Validation fitness: 0.84969275243633 
Elapsed: 2.421348810195923

*** Epoch 1, batch 52/520 ***
Training fitness: 0.8618105123918386
Model size: (4, 7)
Validation fitness: 0.84969275243633 
Elapsed: 2.4761059284210205

*** Epoch 1, batch 53/520 ***
Training fitness: 0.8129731549049225
Model size: (7, 14)
Validation fitness: 0.8496061522381652 
Elapsed: 2.615454912185669

*** Epoch 1, batch 54/520 ***
Training fitness: 0.8641060580501109
Model size: (7, 14)
Validation fitness: 0.8287448299621503 
Elapsed: 2.5763003826141357

*** Epoch 1, batch 55/520 ***
Training fitness: 0.8914275876003688
Model size: (1, 7)
Validation fitness: 0.8363105758832544 
Elapsed: 2.3217179775238037

*** Epoch 1, batch 56/520 ***
Training fitness: 0.8946332570596033
Model size: (4, 7)
Validation fitness: 0.84969275243633 
Elapsed: 2.4078762531280518

*** Epoch 1, batch 57/520 ***
Training fitness: 0.8492717702598005
Model size: (4, 7)
Validation fitness: 0.84969275243633 
Elapsed: 2.455836296081543

*** Epoch 1, batch 58/520 ***
Training fitness: 0.8669745335957367
Model size: (5, 10)
Validation fitness: 0.8217227964154555 
Elapsed: 2.581753730773926

*** Epoch 1, batch 59/520 ***
Training fitness: 0.8844265698746072
Model size: (4, 7)
Validation fitness: 0.846286284154374 
Elapsed: 2.36655330657959

*** Epoch 1, batch 60/520 ***
Training fitness: 0.8624800060695207
Model size: (4, 7)
Validation fitness: 0.846286284154374 
Elapsed: 2.2889955043792725

*** Epoch 1, batch 61/520 ***
Training fitness: 0.8834640839915521
Model size: (3, 10)
Validation fitness: 0.8431565950420407 
Elapsed: 2.3726916313171387

*** Epoch 1, batch 62/520 ***
Training fitness: 0.9018780957882826
Model size: (6, 11)
Validation fitness: 0.8341817526422546 
Elapsed: 2.370929718017578

*** Epoch 1, batch 63/520 ***
Training fitness: 0.8767646321897742
Model size: (5, 11)
Validation fitness: 0.8447219392022983 
Elapsed: 2.5057411193847656

*** Epoch 1, batch 64/520 ***
Training fitness: 0.8628047357024149
Model size: (3, 10)
Validation fitness: 0.8431565950420407 
Elapsed: 2.4752840995788574

*** Epoch 1, batch 65/520 ***
Training fitness: 0.8577026653331652
Model size: (5, 15)
Validation fitness: 0.828625927664092 
Elapsed: 2.6905665397644043

*** Epoch 1, batch 66/520 ***
Training fitness: 0.8701734109688944
Model size: (6, 11)
Validation fitness: 0.8341817526422546 
Elapsed: 2.4501726627349854

*** Epoch 1, batch 67/520 ***
Training fitness: 0.8682609292957645
Model size: (2, 8)
Validation fitness: 0.8271847968325375 
Elapsed: 2.417999029159546

*** Epoch 1, batch 68/520 ***
Training fitness: 0.8626151466426553
Model size: (2, 7)
Validation fitness: 0.8485419717383034 
Elapsed: 2.305459976196289

*** Epoch 1, batch 69/520 ***
Training fitness: 0.8711764176772593
Model size: (6, 12)
Validation fitness: 0.836869522752749 
Elapsed: 2.2031469345092773

*** Epoch 1, batch 70/520 ***
Training fitness: 0.8933757781009599
Model size: (8, 12)
Validation fitness: 0.8391544041110297 
Elapsed: 2.3889193534851074

*** Epoch 1, batch 71/520 ***
Training fitness: 0.8745578283358373
Model size: (6, 12)
Validation fitness: 0.8286013661918179 
Elapsed: 2.262557029724121

*** Epoch 1, batch 72/520 ***
Training fitness: 0.870314586946477
Model size: (3, 9)
Validation fitness: 0.8564539206123083 !!!
Elapsed: 2.187650203704834

*** Epoch 1, batch 73/520 ***
Training fitness: 0.8459918472699067
Model size: (3, 9)
Validation fitness: 0.8564539206123083 
Elapsed: 2.230783462524414

*** Epoch 1, batch 74/520 ***
Training fitness: 0.8566262355601351
Model size: (9, 12)
Validation fitness: 0.8406335221920914 
Elapsed: 2.193197250366211

*** Epoch 1, batch 75/520 ***
Training fitness: 0.8820398959306955
Model size: (3, 9)
Validation fitness: 0.8564539206123083 
Elapsed: 2.253955602645874

*** Epoch 1, batch 76/520 ***
Training fitness: 0.8572716285421584
Model size: (8, 11)
Validation fitness: 0.8312117371448856 
Elapsed: 2.2461209297180176

*** Epoch 1, batch 77/520 ***
Training fitness: 0.83618716585326
Model size: (3, 9)
Validation fitness: 0.8314617697695308 
Elapsed: 2.176698684692383

*** Epoch 1, batch 78/520 ***
Training fitness: 0.8396874539641114
Model size: (8, 16)
Validation fitness: 0.8244385269956792 
Elapsed: 2.2756619453430176

*** Epoch 1, batch 79/520 ***
Training fitness: 0.873204043914314
Model size: (8, 16)
Validation fitness: 0.83970148035809 
Elapsed: 2.4922730922698975

*** Epoch 1, batch 80/520 ***
Training fitness: 0.8140915784106943
Model size: (3, 8)
Validation fitness: 0.8067914253893875 
Elapsed: 2.1383323669433594

*** Epoch 1, batch 81/520 ***
Training fitness: 0.9001290358086588
Model size: (9, 19)
Validation fitness: 0.8395209078042998 
Elapsed: 2.381441593170166

*** Epoch 1, batch 82/520 ***
Training fitness: 0.8597923141478182
Model size: (9, 19)
Validation fitness: 0.8395209078042998 
Elapsed: 2.362952947616577

*** Epoch 1, batch 83/520 ***
Training fitness: 0.8421483334324054
Model size: (8, 18)
Validation fitness: 0.8307965685826236 
Elapsed: 2.436708450317383

*** Epoch 1, batch 84/520 ***
Training fitness: 0.9131828090543538
Model size: (9, 19)
Validation fitness: 0.8395209078042998 
Elapsed: 2.504887580871582

*** Epoch 1, batch 85/520 ***
Training fitness: 0.8618004163847417
Model size: (9, 19)
Validation fitness: 0.8395209078042998 
Elapsed: 2.4727840423583984

*** Epoch 1, batch 86/520 ***
Training fitness: 0.8362547753958937
Model size: (9, 19)
Validation fitness: 0.8395209078042998 
Elapsed: 2.353634834289551

*** Epoch 1, batch 87/520 ***
Training fitness: 0.8665424956895248
Model size: (9, 19)
Validation fitness: 0.8395209078042998 
Elapsed: 2.571798801422119

*** Epoch 1, batch 88/520 ***
Training fitness: 0.8690755626664138
Model size: (9, 19)
Validation fitness: 0.8395209078042998 
Elapsed: 2.4866974353790283

*** Epoch 1, batch 89/520 ***
Training fitness: 0.8593512360337152
Model size: (5, 10)
Validation fitness: 0.8110436701249301 
Elapsed: 2.4902076721191406

*** Epoch 1, batch 90/520 ***
Training fitness: 0.8993421242542478
Model size: (9, 19)
Validation fitness: 0.8395209078042998 
Elapsed: 2.576451301574707

*** Epoch 1, batch 91/520 ***
Training fitness: 0.849280685644322
Model size: (6, 11)
Validation fitness: 0.8403010105510975 
Elapsed: 2.5708398818969727

*** Epoch 1, batch 92/520 ***
Training fitness: 0.8802811959474768
Model size: (7, 15)
Validation fitness: 0.8424315266369982 
Elapsed: 2.4662652015686035

*** Epoch 1, batch 93/520 ***
Training fitness: 0.882346156062733
Model size: (7, 15)
Validation fitness: 0.8424315266369982 
Elapsed: 2.476315498352051

*** Epoch 1, batch 94/520 ***
Training fitness: 0.8421483334324054
Model size: (6, 12)
Validation fitness: 0.8299980796497243 
Elapsed: 2.4278082847595215

*** Epoch 1, batch 95/520 ***
Training fitness: 0.8540247296200394
Model size: (6, 11)
Validation fitness: 0.8403010105510975 
Elapsed: 2.6209452152252197

*** Epoch 1, batch 96/520 ***
Training fitness: 0.793300703852542
Model size: (3, 8)
Validation fitness: 0.8367731927742027 
Elapsed: 2.4654791355133057

*** Epoch 1, batch 97/520 ***
Training fitness: 0.9139789813923221
Model size: (7, 12)
Validation fitness: 0.8437311305909693 
Elapsed: 2.628945827484131

*** Epoch 1, batch 98/520 ***
Training fitness: 0.8454682367177846
Model size: (3, 8)
Validation fitness: 0.8367731927742027 
Elapsed: 2.3696846961975098

*** Epoch 1, batch 99/520 ***
Training fitness: 0.881099165561584
Model size: (6, 11)
Validation fitness: 0.8403010105510975 
Elapsed: 2.4121506214141846

*** Epoch 1, batch 100/520 ***
Training fitness: 0.8494285111195276
Model size: (3, 8)
Validation fitness: 0.8367731927742027 
Elapsed: 2.371178150177002

*** Epoch 1, batch 101/520 ***
Training fitness: 0.8635954953632595
Model size: (3, 8)
Validation fitness: 0.8367731927742027 
Elapsed: 2.336108684539795

*** Epoch 1, batch 102/520 ***
Training fitness: 0.8692604279957755
Model size: (6, 11)
Validation fitness: 0.8403010105510975 
Elapsed: 2.3756611347198486

*** Epoch 1, batch 103/520 ***
Training fitness: 0.8484160617381953
Model size: (5, 10)
Validation fitness: 0.8363242068049859 
Elapsed: 2.402083396911621

*** Epoch 1, batch 104/520 ***
Training fitness: 0.8235888414155756
Model size: (5, 10)
Validation fitness: 0.8363242068049859 
Elapsed: 2.5334815979003906

*** Epoch 1, batch 105/520 ***
Training fitness: 0.8995248201024596
Model size: (5, 10)
Validation fitness: 0.8363242068049859 
Elapsed: 2.439549684524536

*** Epoch 1, batch 106/520 ***
Training fitness: 0.7795618405412835
Model size: (6, 15)
Validation fitness: 0.8199185002640046 
Elapsed: 2.5075063705444336

*** Epoch 1, batch 107/520 ***
Training fitness: 0.8267885358382497
Model size: (5, 13)
Validation fitness: 0.8123410341798086 
Elapsed: 2.4108827114105225

*** Epoch 1, batch 108/520 ***
Training fitness: 0.8580981515427771
Model size: (9, 19)
Validation fitness: 0.7992395862396434 
Elapsed: 2.524277925491333

*** Epoch 1, batch 109/520 ***
Training fitness: 0.7694575109355096
Model size: (5, 13)
Validation fitness: 0.8086018508795197 
Elapsed: 2.4478626251220703

*** Epoch 1, batch 110/520 ***
Training fitness: 0.8451224548897706
Model size: (6, 7)
Validation fitness: 0.8219944216654831 
Elapsed: 2.1796045303344727

*** Epoch 1, batch 111/520 ***
Training fitness: 0.867101813979916
Model size: (5, 13)
Validation fitness: 0.8086018508795197 
Elapsed: 2.309723377227783

*** Epoch 1, batch 112/520 ***
Training fitness: 0.8060597759507745
Model size: (7, 8)
Validation fitness: 0.821598430192372 
Elapsed: 2.2217254638671875

*** Epoch 1, batch 113/520 ***
Training fitness: 0.8874805551308257
Model size: (7, 8)
Validation fitness: 0.821598430192372 
Elapsed: 2.1473746299743652

*** Epoch 1, batch 114/520 ***
Training fitness: 0.8796100725507244
Model size: (7, 12)
Validation fitness: 0.7886863216503737 
Elapsed: 2.2237389087677

*** Epoch 1, batch 115/520 ***
Training fitness: 0.849250896082597
Model size: (7, 8)
Validation fitness: 0.821598430192372 
Elapsed: 2.2167747020721436

*** Epoch 1, batch 116/520 ***
Training fitness: 0.8892588493114836
Model size: (8, 9)
Validation fitness: 0.809360102071275 
Elapsed: 2.26113224029541

*** Epoch 1, batch 117/520 ***
Training fitness: 0.846335550743739
Model size: (7, 8)
Validation fitness: 0.821598430192372 
Elapsed: 2.3401906490325928

*** Epoch 1, batch 118/520 ***
Training fitness: 0.7766681021612749
Model size: (7, 9)
Validation fitness: 0.8185315722378999 
Elapsed: 2.2779016494750977

*** Epoch 1, batch 119/520 ***
Training fitness: 0.901622228647294
Model size: (7, 8)
Validation fitness: 0.821598430192372 
Elapsed: 2.3753414154052734

*** Epoch 1, batch 120/520 ***
Training fitness: 0.9006071908591251
Model size: (7, 7)
Validation fitness: 0.8078800280140492 
Elapsed: 2.289121150970459

*** Epoch 1, batch 121/520 ***
Training fitness: 0.835590554068473
Model size: (9, 15)
Validation fitness: 0.7903654410302676 
Elapsed: 2.4251060485839844

*** Epoch 1, batch 122/520 ***
Training fitness: 0.8764172122721084
Model size: (7, 8)
Validation fitness: 0.821632649867484 
Elapsed: 2.294177293777466

*** Epoch 1, batch 123/520 ***
Training fitness: 0.8407948526332368
Model size: (7, 8)
Validation fitness: 0.821598430192372 
Elapsed: 2.34157657623291

*** Epoch 1, batch 124/520 ***
Training fitness: 0.8214233127187617
Model size: (7, 8)
Validation fitness: 0.821598430192372 
Elapsed: 2.3775038719177246

*** Epoch 1, batch 125/520 ***
Training fitness: 0.8507009868362839
Model size: (7, 8)
Validation fitness: 0.821632649867484 
Elapsed: 2.3204212188720703

*** Epoch 1, batch 126/520 ***
Training fitness: 0.8643055315025796
Model size: (7, 8)
Validation fitness: 0.821632649867484 
Elapsed: 2.3108022212982178

*** Epoch 1, batch 127/520 ***
Training fitness: 0.8256515030320148
Model size: (9, 15)
Validation fitness: 0.7903654410302676 
Elapsed: 2.4034833908081055

*** Epoch 1, batch 128/520 ***
Training fitness: 0.879851354716506
Model size: (7, 8)
Validation fitness: 0.821632649867484 
Elapsed: 2.2684779167175293

*** Epoch 1, batch 129/520 ***
Training fitness: 0.8370123893467315
Model size: (9, 16)
Validation fitness: 0.8056669316814984 
Elapsed: 2.3692731857299805

*** Epoch 1, batch 130/520 ***
Training fitness: 0.8069770300494692
Model size: (7, 8)
Validation fitness: 0.821632649867484 
Elapsed: 2.4187357425689697

*** Epoch 1, batch 131/520 ***
Training fitness: 0.834754125427301
Model size: (7, 10)
Validation fitness: 0.8044993678631132 
Elapsed: 2.436640739440918

*** Epoch 1, batch 132/520 ***
Training fitness: 0.846051180375714
Model size: (6, 13)
Validation fitness: 0.7743706440785414 
Elapsed: 2.5589945316314697

*** Epoch 1, batch 133/520 ***
Training fitness: 0.8664783421269722
Model size: (7, 10)
Validation fitness: 0.8044993678631132 
Elapsed: 2.4869165420532227

*** Epoch 1, batch 134/520 ***
Training fitness: 0.7804086118530031
Model size: (7, 10)
Validation fitness: 0.8044993678631132 
Elapsed: 2.409083604812622

*** Epoch 1, batch 135/520 ***
Training fitness: 0.8276007956273828
Model size: (6, 13)
Validation fitness: 0.7843559022018903 
Elapsed: 2.4463858604431152

*** Epoch 1, batch 136/520 ***
Training fitness: 0.8223191055378893
Model size: (6, 10)
Validation fitness: 0.7813990825853838 
Elapsed: 2.319408655166626

*** Epoch 1, batch 137/520 ***
Training fitness: 0.852347186594598
Model size: (7, 11)
Validation fitness: 0.7856057635902424 
Elapsed: 2.5240259170532227

*** Epoch 1, batch 138/520 ***
Training fitness: 0.7933742824131482
Model size: (16, 27)
Validation fitness: 0.7619390909932388 
Elapsed: 2.6115610599517822

*** Epoch 1, batch 139/520 ***
Training fitness: 0.7905483825399913
Model size: (5, 10)
Validation fitness: 0.7851388218212035 
Elapsed: 2.381347179412842

*** Epoch 1, batch 140/520 ***
Training fitness: 0.7686151382644183
Model size: (8, 15)
Validation fitness: 0.7751145330412931 
Elapsed: 2.2163474559783936

*** Epoch 1, batch 141/520 ***
Training fitness: 0.7950599287056016
Model size: (6, 11)
Validation fitness: 0.7620692677995128 
Elapsed: 2.3559727668762207

*** Epoch 1, batch 142/520 ***
Training fitness: 0.8113776932480703
Model size: (4, 7)
Validation fitness: 0.7804267881229701 
Elapsed: 2.182145595550537

*** Epoch 1, batch 143/520 ***
Training fitness: 0.8387682258247243
Model size: (4, 8)
Validation fitness: 0.7515478962246385 
Elapsed: 2.1049270629882812

*** Epoch 1, batch 144/520 ***
Training fitness: 0.7927572051601198
Model size: (4, 6)
Validation fitness: 0.7741827417871768 
Elapsed: 2.1573402881622314

*** Epoch 1, batch 145/520 ***
Training fitness: 0.7394573088265379
Model size: (8, 13)
Validation fitness: 0.7483966953892465 
Elapsed: 2.238949775695801

*** Epoch 1, batch 146/520 ***
Training fitness: 0.8305382741865155
Model size: (6, 11)
Validation fitness: 0.7833260559914715 
Elapsed: 2.3929977416992188

*** Epoch 1, batch 147/520 ***
Training fitness: 0.7798068770100061
Model size: (7, 11)
Validation fitness: 0.7881597958107809 
Elapsed: 2.3103442192077637

*** Epoch 1, batch 148/520 ***
Training fitness: 0.8118397044621136
Model size: (7, 11)
Validation fitness: 0.7881597958107809 
Elapsed: 2.3144192695617676

*** Epoch 1, batch 149/520 ***
Training fitness: 0.8359429879686482
Model size: (9, 14)
Validation fitness: 0.7958153522508554 
Elapsed: 2.2391812801361084

*** Epoch 1, batch 150/520 ***
Training fitness: 0.8473959491269929
Model size: (9, 10)
Validation fitness: 0.7762539914463484 
Elapsed: 2.415031909942627

*** Epoch 1, batch 151/520 ***
Training fitness: 0.8070322940488819
Model size: (6, 12)
Validation fitness: 0.7968100590929157 
Elapsed: 2.459744930267334

*** Epoch 1, batch 152/520 ***
Training fitness: 0.8365760004979127
Model size: (9, 11)
Validation fitness: 0.8049561226394092 
Elapsed: 2.1607353687286377

*** Epoch 1, batch 153/520 ***
Training fitness: 0.812921130449449
Model size: (4, 5)
Validation fitness: 0.78803300984655 
Elapsed: 2.228032350540161

*** Epoch 1, batch 154/520 ***
Training fitness: 0.85076885605993
Model size: (11, 18)
Validation fitness: 0.8006236616709748 
Elapsed: 2.1665124893188477

*** Epoch 1, batch 155/520 ***
Training fitness: 0.8171825100947567
Model size: (5, 11)
Validation fitness: 0.7939781930046973 
Elapsed: 2.2720606327056885

*** Epoch 1, batch 156/520 ***
Training fitness: 0.8280582864645732
Model size: (9, 9)
Validation fitness: 0.8086057214160006 
Elapsed: 2.2514445781707764

*** Epoch 1, batch 157/520 ***
Training fitness: 0.7830252135751448
Model size: (10, 13)
Validation fitness: 0.7636799801530604 
Elapsed: 2.3341050148010254

*** Epoch 1, batch 158/520 ***
Training fitness: 0.8584182924018255
Model size: (18, 29)
Validation fitness: 0.803639040276763 
Elapsed: 2.8210017681121826

*** Epoch 1, batch 159/520 ***
Training fitness: 0.8357625518460231
Model size: (11, 17)
Validation fitness: 0.8081738944600634 
Elapsed: 2.2901089191436768

*** Epoch 1, batch 160/520 ***
Training fitness: 0.8575333508050798
Model size: (7, 9)
Validation fitness: 0.805069887267373 
Elapsed: 2.3222053050994873

*** Epoch 1, batch 161/520 ***
Training fitness: 0.8181818181818182
Model size: (18, 29)
Validation fitness: 0.803639040276763 
Elapsed: 2.7066354751586914

*** Epoch 1, batch 162/520 ***
Training fitness: 0.8497752913060097
Model size: (9, 19)
Validation fitness: 0.7701123461405969 
Elapsed: 2.4159109592437744

*** Epoch 1, batch 163/520 ***
Training fitness: 0.8062199594394165
Model size: (19, 29)
Validation fitness: 0.7880802046033792 
Elapsed: 2.722454786300659

*** Epoch 1, batch 164/520 ***
Training fitness: 0.8841888707679414
Model size: (19, 29)
Validation fitness: 0.7880802046033792 
Elapsed: 2.7185893058776855

*** Epoch 1, batch 165/520 ***
Training fitness: 0.8376723197374003
Model size: (9, 16)
Validation fitness: 0.7769852243667239 
Elapsed: 2.274310827255249

*** Epoch 1, batch 166/520 ***
Training fitness: 0.8299681307983348
Model size: (12, 21)
Validation fitness: 0.8049402938595613 
Elapsed: 2.3418407440185547

*** Epoch 1, batch 167/520 ***
Training fitness: 0.7717747680882865
Model size: (12, 18)
Validation fitness: 0.8180136218047558 
Elapsed: 2.4175119400024414

*** Epoch 1, batch 168/520 ***
Training fitness: 0.8249534247916505
Model size: (12, 18)
Validation fitness: 0.8180136218047558 
Elapsed: 2.3449785709381104

*** Epoch 1, batch 169/520 ***
Training fitness: 0.8373237514485673
Model size: (12, 18)
Validation fitness: 0.8180136218047558 
Elapsed: 2.298229694366455

*** Epoch 1, batch 170/520 ***
Training fitness: 0.8436240725411821
Model size: (7, 9)
Validation fitness: 0.805069887267373 
Elapsed: 2.2465298175811768

*** Epoch 1, batch 171/520 ***
Training fitness: 0.8437100048623941
Model size: (11, 16)
Validation fitness: 0.8088858861119739 
Elapsed: 2.3283331394195557

*** Epoch 1, batch 172/520 ***
Training fitness: 0.8055391201889239
Model size: (11, 16)
Validation fitness: 0.8088858861119739 
Elapsed: 2.195801019668579

*** Epoch 1, batch 173/520 ***
Training fitness: 0.8528922416150463
Model size: (12, 17)
Validation fitness: 0.8362392658856957 
Elapsed: 2.25140643119812

*** Epoch 1, batch 174/520 ***
Training fitness: 0.8205898287530771
Model size: (12, 16)
Validation fitness: 0.7920641912907556 
Elapsed: 2.203350782394409

*** Epoch 1, batch 175/520 ***
Training fitness: 0.7902630070839992
Model size: (6, 10)
Validation fitness: 0.8135080600804457 
Elapsed: 2.1360270977020264

*** Epoch 1, batch 176/520 ***
Training fitness: 0.9056742815033162
Model size: (11, 16)
Validation fitness: 0.8088858861119739 
Elapsed: 2.277398109436035

*** Epoch 1, batch 177/520 ***
Training fitness: 0.8528768758974455
Model size: (11, 17)
Validation fitness: 0.8249932431469027 
Elapsed: 2.130678415298462

*** Epoch 1, batch 178/520 ***
Training fitness: 0.8671717613662253
Model size: (7, 9)
Validation fitness: 0.805069887267373 
Elapsed: 2.097777843475342

*** Epoch 1, batch 179/520 ***
Training fitness: 0.8649872675893207
Model size: (13, 27)
Validation fitness: 0.8004944613640629 
Elapsed: 2.459831953048706

*** Epoch 1, batch 180/520 ***
Training fitness: 0.8421070624798853
Model size: (6, 10)
Validation fitness: 0.8135080600804457 
Elapsed: 2.0963809490203857

*** Epoch 1, batch 181/520 ***
Training fitness: 0.8066840321761026
Model size: (6, 11)
Validation fitness: 0.8075822395833366 
Elapsed: 2.0114872455596924

*** Epoch 1, batch 182/520 ***
Training fitness: 0.8589378477346572
Model size: (6, 11)
Validation fitness: 0.8075822395833366 
Elapsed: 2.0651185512542725

*** Epoch 1, batch 183/520 ***
Training fitness: 0.8275642142178906
Model size: (6, 10)
Validation fitness: 0.8135080600804457 
Elapsed: 2.006013870239258

*** Epoch 1, batch 184/520 ***
Training fitness: 0.8552879873686119
Model size: (6, 10)
Validation fitness: 0.8135080600804457 
Elapsed: 2.2014970779418945

*** Epoch 1, batch 185/520 ***
Training fitness: 0.8168476533346294
Model size: (7, 12)
Validation fitness: 0.830914786027958 
Elapsed: 2.0626637935638428

*** Epoch 1, batch 186/520 ***
Training fitness: 0.8522999235056915
Model size: (7, 12)
Validation fitness: 0.830914786027958 
Elapsed: 2.061763286590576

*** Epoch 1, batch 187/520 ***
Training fitness: 0.8137857005188677
Model size: (7, 12)
Validation fitness: 0.830914786027958 
Elapsed: 2.0663604736328125

*** Epoch 1, batch 188/520 ***
Training fitness: 0.8595988333705183
Model size: (11, 20)
Validation fitness: 0.7729998032800331 
Elapsed: 2.1221299171447754

*** Epoch 1, batch 189/520 ***
Training fitness: 0.8596154394352085
Model size: (8, 11)
Validation fitness: 0.794488463927143 
Elapsed: 2.0069425106048584

*** Epoch 1, batch 190/520 ***
Training fitness: 0.8658867651337919
Model size: (8, 13)
Validation fitness: 0.8622391552298125 !!!
Elapsed: 2.080641031265259

*** Epoch 1, batch 191/520 ***
Training fitness: 0.878974429138712
Model size: (7, 12)
Validation fitness: 0.8319847654361128 
Elapsed: 2.1418297290802

*** Epoch 1, batch 192/520 ***
Training fitness: 0.8379136651324259
Model size: (8, 11)
Validation fitness: 0.8043015700833939 
Elapsed: 1.8950746059417725

*** Epoch 1, batch 193/520 ***
Training fitness: 0.8369706500563219
Model size: (8, 13)
Validation fitness: 0.8622391552298125 
Elapsed: 2.1029305458068848

*** Epoch 1, batch 194/520 ***
Training fitness: 0.8925033542546137
Model size: (8, 13)
Validation fitness: 0.8622391552298125 
Elapsed: 2.2038304805755615

*** Epoch 1, batch 195/520 ***
Training fitness: 0.8534360789870605
Model size: (8, 13)
Validation fitness: 0.8622391552298125 
Elapsed: 2.0400989055633545

*** Epoch 1, batch 196/520 ***
Training fitness: 0.9159803199099034
Model size: (8, 13)
Validation fitness: 0.8622391552298125 
Elapsed: 2.1350526809692383

*** Epoch 1, batch 197/520 ***
Training fitness: 0.8462778815327852
Model size: (8, 13)
Validation fitness: 0.8622391552298125 
Elapsed: 2.1594951152801514

*** Epoch 1, batch 198/520 ***
Training fitness: 0.8872019992085689
Model size: (8, 13)
Validation fitness: 0.8622391552298125 
Elapsed: 2.0484437942504883

*** Epoch 1, batch 199/520 ***
Training fitness: 0.7504003376061943
Model size: (11, 16)
Validation fitness: 0.7877697730113813 
Elapsed: 1.91072678565979

*** Epoch 1, batch 200/520 ***
Training fitness: 0.7677139182343915
Model size: (5, 8)
Validation fitness: 0.8048646734744596 
Elapsed: 1.9373722076416016

*** Epoch 1, batch 201/520 ***
Training fitness: 0.8529105072686008
Model size: (5, 10)
Validation fitness: 0.8391114447742546 
Elapsed: 1.9966769218444824

*** Epoch 1, batch 202/520 ***
Training fitness: 0.8410460815790205
Model size: (7, 11)
Validation fitness: 0.7857472505207265 
Elapsed: 1.9692180156707764

*** Epoch 1, batch 203/520 ***
Training fitness: 0.7852105478681052
Model size: (8, 15)
Validation fitness: 0.7818874305530792 
Elapsed: 2.0495760440826416

*** Epoch 1, batch 204/520 ***
Training fitness: 0.8542730260147162
Model size: (5, 10)
Validation fitness: 0.8391114447742546 
Elapsed: 1.9007585048675537

*** Epoch 1, batch 205/520 ***
Training fitness: 0.8221479002983014
Model size: (5, 10)
Validation fitness: 0.8391114447742546 
Elapsed: 1.9030277729034424

*** Epoch 1, batch 206/520 ***
Training fitness: 0.8575880568570402
Model size: (5, 10)
Validation fitness: 0.8391114447742546 
Elapsed: 1.95064115524292

*** Epoch 1, batch 207/520 ***
Training fitness: 0.854535607903457
Model size: (5, 10)
Validation fitness: 0.8391114447742546 
Elapsed: 1.9654314517974854

*** Epoch 1, batch 208/520 ***
Training fitness: 0.8164733436258373
Model size: (5, 10)
Validation fitness: 0.8391114447742546 
Elapsed: 1.9833600521087646

*** Epoch 1, batch 209/520 ***
Training fitness: 0.8458378562450851
Model size: (5, 10)
Validation fitness: 0.8391114447742546 
Elapsed: 2.0572099685668945

*** Epoch 1, batch 210/520 ***
Training fitness: 0.854400683135682
Model size: (2, 6)
Validation fitness: 0.7896359942340223 
Elapsed: 1.9768598079681396

*** Epoch 1, batch 211/520 ***
Training fitness: 0.8106584987754855
Model size: (5, 8)
Validation fitness: 0.8249473329974807 
Elapsed: 2.072293996810913

*** Epoch 1, batch 212/520 ***
Training fitness: 0.8671166554323482
Model size: (1, 5)
Validation fitness: 0.8217236481997602 
Elapsed: 1.9278483390808105

*** Epoch 1, batch 213/520 ***
Training fitness: 0.8628833220629871
Model size: (7, 13)
Validation fitness: 0.7860626863560346 
Elapsed: 2.1401398181915283

*** Epoch 1, batch 214/520 ***
Training fitness: 0.8074045905730932
Model size: (8, 15)
Validation fitness: 0.7911074211350638 
Elapsed: 1.9743449687957764

*** Epoch 1, batch 215/520 ***
Training fitness: 0.8106988665285252
Model size: (10, 16)
Validation fitness: 0.778918171334967 
Elapsed: 2.0681207180023193

*** Epoch 1, batch 216/520 ***
Training fitness: 0.8555224588384482
Model size: (4, 8)
Validation fitness: 0.8055856752794243 
Elapsed: 2.1187634468078613

*** Epoch 1, batch 217/520 ***
Training fitness: 0.785356724979209
Model size: (4, 8)
Validation fitness: 0.8055856752794243 
Elapsed: 2.04233980178833

*** Epoch 1, batch 218/520 ***
Training fitness: 0.8594113194548759
Model size: (16, 19)
Validation fitness: 0.7995889235995064 
Elapsed: 2.0512166023254395

*** Epoch 1, batch 219/520 ***
Training fitness: 0.8216409910443129
Model size: (4, 8)
Validation fitness: 0.8055856752794243 
Elapsed: 1.9749901294708252

*** Epoch 1, batch 220/520 ***
Training fitness: 0.812921130449449
Model size: (4, 8)
Validation fitness: 0.806172777017308 
Elapsed: 2.0499155521392822

*** Epoch 1, batch 221/520 ***
Training fitness: 0.8668967195386373
Model size: (5, 11)
Validation fitness: 0.8056307390075288 
Elapsed: 2.0969510078430176

*** Epoch 1, batch 222/520 ***
Training fitness: 0.8193409575046573
Model size: (5, 7)
Validation fitness: 0.8060784668399399 
Elapsed: 1.9042675495147705

*** Epoch 1, batch 223/520 ***
Training fitness: 0.8258462062025826
Model size: (5, 7)
Validation fitness: 0.8060784668399399 
Elapsed: 2.077652931213379

*** Epoch 1, batch 224/520 ***
Training fitness: 0.8202244672680671
Model size: (8, 14)
Validation fitness: 0.7891575643646613 
Elapsed: 2.0876517295837402

*** Epoch 1, batch 225/520 ***
Training fitness: 0.7957034425420754
Model size: (4, 6)
Validation fitness: 0.7745545741607804 
Elapsed: 2.0038599967956543

*** Epoch 1, batch 226/520 ***
Training fitness: 0.789319353798257
Model size: (8, 16)
Validation fitness: 0.7864320088330816 
Elapsed: 2.193103790283203

*** Epoch 1, batch 227/520 ***
Training fitness: 0.8697960038920987
Model size: (15, 16)
Validation fitness: 0.7859325281496632 
Elapsed: 1.9761643409729004

*** Epoch 1, batch 228/520 ***
Training fitness: 0.8299017304689622
Model size: (15, 16)
Validation fitness: 0.8017263886805003 
Elapsed: 1.9187729358673096

*** Epoch 1, batch 229/520 ***
Training fitness: 0.8244707168268833
Model size: (10, 13)
Validation fitness: 0.7845273896756619 
Elapsed: 2.0593130588531494

*** Epoch 1, batch 230/520 ***
Training fitness: 0.8295406877856663
Model size: (15, 16)
Validation fitness: 0.8017263886805003 
Elapsed: 1.895397663116455

*** Epoch 1, batch 231/520 ***
Training fitness: 0.8088857789915583
Model size: (9, 19)
Validation fitness: 0.7878762528305299 
Elapsed: 2.18007755279541

*** Epoch 1, batch 232/520 ***
Training fitness: 0.7962303705777617
Model size: (5, 6)
Validation fitness: 0.7856909851770738 
Elapsed: 1.9425075054168701

*** Epoch 1, batch 233/520 ***
Training fitness: 0.8543479122947835
Model size: (6, 10)
Validation fitness: 0.785231851051098 
Elapsed: 2.0196533203125

*** Epoch 1, batch 234/520 ***
Training fitness: 0.8338850270934214
Model size: (11, 18)
Validation fitness: 0.7700606704852864 
Elapsed: 1.8109512329101562

*** Epoch 1, batch 235/520 ***
Training fitness: 0.7906013565954115
Model size: (12, 15)
Validation fitness: 0.788821900506405 
Elapsed: 1.9256477355957031

*** Epoch 1, batch 236/520 ***
Training fitness: 0.8344223624517987
Model size: (11, 18)
Validation fitness: 0.792350769081477 
Elapsed: 1.9743239879608154

*** Epoch 1, batch 237/520 ***
Training fitness: 0.7892793118162091
Model size: (16, 17)
Validation fitness: 0.8008963435371976 
Elapsed: 1.9206101894378662

*** Epoch 1, batch 238/520 ***
Training fitness: 0.7956430577697592
Model size: (10, 11)
Validation fitness: 0.784331926790919 
Elapsed: 1.8691022396087646

*** Epoch 1, batch 239/520 ***
Training fitness: 0.7566299707549531
Model size: (6, 6)
Validation fitness: 0.7606769639994639 
Elapsed: 1.871253490447998

*** Epoch 1, batch 240/520 ***
Training fitness: 0.8025677050712637
Model size: (14, 12)
Validation fitness: 0.788198752136297 
Elapsed: 1.9044818878173828

*** Epoch 1, batch 241/520 ***
Training fitness: 0.8749924672050363
Model size: (16, 19)
Validation fitness: 0.7722856658381111 
Elapsed: 1.8798277378082275

*** Epoch 1, batch 242/520 ***
Training fitness: 0.8139900780382752
Model size: (17, 23)
Validation fitness: 0.789404497619153 
Elapsed: 1.910435676574707

*** Epoch 1, batch 243/520 ***
Training fitness: 0.8230627306780341
Model size: (8, 10)
Validation fitness: 0.7912022903521502 
Elapsed: 1.886641263961792

*** Epoch 1, batch 244/520 ***
Training fitness: 0.8666356457012091
Model size: (7, 10)
Validation fitness: 0.7773077861922086 
Elapsed: 1.860793113708496

*** Epoch 1, batch 245/520 ***
Training fitness: 0.84141228972958
Model size: (10, 13)
Validation fitness: 0.7777022425388155 
Elapsed: 1.858825922012329

*** Epoch 1, batch 246/520 ***
Training fitness: 0.8242882343065897
Model size: (6, 8)
Validation fitness: 0.7774767313329426 
Elapsed: 1.8911187648773193

*** Epoch 1, batch 247/520 ***
Training fitness: 0.8289158220312306
Model size: (5, 7)
Validation fitness: 0.7871362258012388 
Elapsed: 1.8296973705291748

*** Epoch 1, batch 248/520 ***
Training fitness: 0.801712680260572
Model size: (7, 12)
Validation fitness: 0.7914414478678105 
Elapsed: 1.9881505966186523

*** Epoch 1, batch 249/520 ***
Training fitness: 0.840890720677901
Model size: (10, 14)
Validation fitness: 0.759376163257724 
Elapsed: 1.7554547786712646

*** Epoch 1, batch 250/520 ***
Training fitness: 0.843022990404569
Model size: (5, 7)
Validation fitness: 0.7871362258012388 
Elapsed: 1.8829379081726074

*** Epoch 1, batch 251/520 ***
Training fitness: 0.7262841986799374
Model size: (10, 16)
Validation fitness: 0.7908483876329022 
Elapsed: 1.692561388015747

*** Epoch 1, batch 252/520 ***
Training fitness: 0.7540063607523506
Model size: (9, 13)
Validation fitness: 0.7734711689618418 
Elapsed: 1.8546535968780518

*** Epoch 1, batch 253/520 ***
Training fitness: 0.799462466780325
Model size: (7, 13)
Validation fitness: 0.786796080205615 
Elapsed: 1.7809791564941406

*** Epoch 1, batch 254/520 ***
Training fitness: 0.8303080202861102
Model size: (9, 14)
Validation fitness: 0.7899425831479122 
Elapsed: 1.7841322422027588

*** Epoch 1, batch 255/520 ***
Training fitness: 0.8354251033125817
Model size: (5, 5)
Validation fitness: 0.782689559393596 
Elapsed: 1.8413951396942139

*** Epoch 1, batch 256/520 ***
Training fitness: 0.8149666231077668
Model size: (10, 17)
Validation fitness: 0.7885166644848268 
Elapsed: 1.774571418762207

*** Epoch 1, batch 257/520 ***
Training fitness: 0.7983682977927601
Model size: (10, 17)
Validation fitness: 0.7824437077717677 
Elapsed: 1.8989040851593018

*** Epoch 1, batch 258/520 ***
Training fitness: 0.7834822276988604
Model size: (10, 17)
Validation fitness: 0.7886370181876501 
Elapsed: 1.8372950553894043

*** Epoch 1, batch 259/520 ***
Training fitness: 0.8235897095393045
Model size: (19, 26)
Validation fitness: 0.7529600209405483 
Elapsed: 2.034151077270508

*** Epoch 1, batch 260/520 ***
Training fitness: 0.8084520834544433
Model size: (10, 17)
Validation fitness: 0.7824437077717677 
Elapsed: 1.9519073963165283

*** Epoch 1, batch 261/520 ***
Training fitness: 0.8073598619663258
Model size: (6, 4)
Validation fitness: 0.7497347397257189 
Elapsed: 1.8271255493164062

*** Epoch 1, batch 262/520 ***
Training fitness: 0.7719785877905889
Model size: (10, 17)
Validation fitness: 0.7824437077717677 
Elapsed: 1.9094157218933105

*** Epoch 1, batch 263/520 ***
Training fitness: 0.841893550003555
Model size: (11, 18)
Validation fitness: 0.7740904451247683 
Elapsed: 1.7731235027313232

*** Epoch 1, batch 264/520 ***
Training fitness: 0.7847448858407081
Model size: (9, 15)
Validation fitness: 0.7786540504488965 
Elapsed: 1.8013343811035156

*** Epoch 1, batch 265/520 ***
Training fitness: 0.7099971155546366
Model size: (5, 9)
Validation fitness: 0.7650071533729563 
Elapsed: 1.796762228012085

*** Epoch 1, batch 266/520 ***
Training fitness: 0.8713212771439837
Model size: (8, 12)
Validation fitness: 0.7845186553056427 
Elapsed: 1.8228371143341064

*** Epoch 1, batch 267/520 ***
Training fitness: 0.8180574227587165
Model size: (8, 14)
Validation fitness: 0.7685310832294991 
Elapsed: 1.9958269596099854

*** Epoch 1, batch 268/520 ***
Training fitness: 0.8260642432614047
Model size: (6, 10)
Validation fitness: 0.79176397266219 
Elapsed: 1.8556451797485352

*** Epoch 1, batch 269/520 ***
Training fitness: 0.8754560855144211
Model size: (10, 17)
Validation fitness: 0.8025596242485208 
Elapsed: 1.945685625076294

*** Epoch 1, batch 270/520 ***
Training fitness: 0.758791226624016
Model size: (5, 9)
Validation fitness: 0.790846518004231 
Elapsed: 1.9002220630645752

*** Epoch 1, batch 271/520 ***
Training fitness: 0.7853079179223841
Model size: (7, 12)
Validation fitness: 0.7801970365109243 
Elapsed: 1.9172310829162598

*** Epoch 1, batch 272/520 ***
Training fitness: 0.7535353535353535
Model size: (6, 11)
Validation fitness: 0.7686500163680724 
Elapsed: 1.882716178894043

*** Epoch 1, batch 273/520 ***
Training fitness: 0.8195651947890077
Model size: (7, 9)
Validation fitness: 0.76945451848062 
Elapsed: 1.9658451080322266

*** Epoch 1, batch 274/520 ***
Training fitness: 0.8209960786589395
Model size: (5, 10)
Validation fitness: 0.789193229376697 
Elapsed: 2.0216615200042725

*** Epoch 1, batch 275/520 ***
Training fitness: 0.8347452792657594
Model size: (9, 15)
Validation fitness: 0.7909562461285776 
Elapsed: 1.8301317691802979

*** Epoch 1, batch 276/520 ***
Training fitness: 0.8492669517888335
Model size: (5, 9)
Validation fitness: 0.790846518004231 
Elapsed: 1.901291847229004

*** Epoch 1, batch 277/520 ***
Training fitness: 0.8426577991200757
Model size: (5, 9)
Validation fitness: 0.790846518004231 
Elapsed: 1.9645612239837646

*** Epoch 1, batch 278/520 ***
Training fitness: 0.8420737474484297
Model size: (6, 10)
Validation fitness: 0.7566099585182117 
Elapsed: 1.914454698562622

*** Epoch 1, batch 279/520 ***
Training fitness: 0.8507620173685165
Model size: (7, 11)
Validation fitness: 0.7941944810876731 
Elapsed: 2.002601385116577

*** Epoch 1, batch 280/520 ***
Training fitness: 0.8425599014713737
Model size: (7, 9)
Validation fitness: 0.7875533817079404 
Elapsed: 2.025085210800171

*** Epoch 1, batch 281/520 ***
Training fitness: 0.8648988949986385
Model size: (5, 8)
Validation fitness: 0.7967016653198988 
Elapsed: 1.9290449619293213

*** Epoch 1, batch 282/520 ***
Training fitness: 0.8699241071838195
Model size: (5, 9)
Validation fitness: 0.790846518004231 
Elapsed: 1.8572936058044434

*** Epoch 1, batch 283/520 ***
Training fitness: 0.7852632207623271
Model size: (9, 15)
Validation fitness: 0.7769669375856426 
Elapsed: 2.10117244720459

*** Epoch 1, batch 284/520 ***
Training fitness: 0.8428064405340069
Model size: (2, 5)
Validation fitness: 0.8086140155510887 
Elapsed: 1.9994640350341797

*** Epoch 1, batch 285/520 ***
Training fitness: 0.8352834804959804
Model size: (2, 5)
Validation fitness: 0.8086140155510887 
Elapsed: 1.9477882385253906

*** Epoch 1, batch 286/520 ***
Training fitness: 0.8170955090110952
Model size: (5, 10)
Validation fitness: 0.789193229376697 
Elapsed: 2.0661399364471436

*** Epoch 1, batch 287/520 ***
Training fitness: 0.8195375995555586
Model size: (4, 6)
Validation fitness: 0.7852210817981529 
Elapsed: 1.9703750610351562

*** Epoch 1, batch 288/520 ***
Training fitness: 0.8242706770312548
Model size: (4, 7)
Validation fitness: 0.7908382287502358 
Elapsed: 1.8688175678253174

*** Epoch 1, batch 289/520 ***
Training fitness: 0.8368380961384191
Model size: (3, 5)
Validation fitness: 0.7855301559578834 
Elapsed: 2.022958517074585

*** Epoch 1, batch 290/520 ***
Training fitness: 0.8001044293000461
Model size: (7, 11)
Validation fitness: 0.7800609571917767 
Elapsed: 1.9884262084960938

*** Epoch 1, batch 291/520 ***
Training fitness: 0.8021179784422434
Model size: (3, 5)
Validation fitness: 0.7829421424752219 
Elapsed: 2.0232746601104736

*** Epoch 1, batch 292/520 ***
Training fitness: 0.796862115137336
Model size: (2, 4)
Validation fitness: 0.8005099610914908 
Elapsed: 2.144705057144165

*** Epoch 1, batch 293/520 ***
Training fitness: 0.8365760004979127
Model size: (1, 3)
Validation fitness: 0.8206444773454635 
Elapsed: 2.039902925491333

*** Epoch 1, batch 294/520 ***
Training fitness: 0.8455149482803977
Model size: (1, 3)
Validation fitness: 0.8206444773454635 
Elapsed: 2.018887758255005

*** Epoch 1, batch 295/520 ***
Training fitness: 0.7868703014108701
Model size: (8, 13)
Validation fitness: 0.7919682152940625 
Elapsed: 2.1562790870666504

*** Epoch 1, batch 296/520 ***
Training fitness: 0.7936408175297658
Model size: (8, 12)
Validation fitness: 0.790154999415573 
Elapsed: 2.0892937183380127

*** Epoch 1, batch 297/520 ***
Training fitness: 0.834754125427301
Model size: (4, 7)
Validation fitness: 0.7831395398936049 
Elapsed: 2.1777236461639404

*** Epoch 1, batch 298/520 ***
Training fitness: 0.8085074996107223
Model size: (10, 15)
Validation fitness: 0.7539428057724615 
Elapsed: 2.195507526397705

*** Epoch 1, batch 299/520 ***
Training fitness: 0.782889400293174
Model size: (5, 7)
Validation fitness: 0.7917318167502133 
Elapsed: 2.023381233215332

*** Epoch 1, batch 300/520 ***
Training fitness: 0.7961888746248413
Model size: (7, 6)
Validation fitness: 0.7726633753322295 
Elapsed: 1.9923787117004395

*** Epoch 1, batch 301/520 ***
Training fitness: 0.7549814669348944
Model size: (10, 17)
Validation fitness: 0.7965326107628923 
Elapsed: 2.31266450881958

*** Epoch 1, batch 302/520 ***
Training fitness: 0.7728659113620818
Model size: (8, 7)
Validation fitness: 0.7896779705480494 
Elapsed: 2.3375093936920166

*** Epoch 1, batch 303/520 ***
Training fitness: 0.8338500606930652
Model size: (11, 18)
Validation fitness: 0.7851322400786462 
Elapsed: 2.1883304119110107

*** Epoch 1, batch 304/520 ***
Training fitness: 0.8050472085809548
Model size: (12, 19)
Validation fitness: 0.7824960738680093 
Elapsed: 2.021191358566284

*** Epoch 1, batch 305/520 ***
Training fitness: 0.8490574826125626
Model size: (7, 11)
Validation fitness: 0.7794525671569174 
Elapsed: 2.0916857719421387

*** Epoch 1, batch 306/520 ***
Training fitness: 0.8589378477346572
Model size: (8, 9)
Validation fitness: 0.794499902030627 
Elapsed: 2.026154041290283

*** Epoch 1, batch 307/520 ***
Training fitness: 0.7848805798770788
Model size: (7, 11)
Validation fitness: 0.7794525671569174 
Elapsed: 2.090113401412964

*** Epoch 1, batch 308/520 ***
Training fitness: 0.8751144479033144
Model size: (9, 10)
Validation fitness: 0.7783645198801026 
Elapsed: 2.0550148487091064

*** Epoch 1, batch 309/520 ***
Training fitness: 0.8139900780382752
Model size: (12, 19)
Validation fitness: 0.7995631430918769 
Elapsed: 2.2797064781188965

*** Epoch 1, batch 310/520 ***
Training fitness: 0.8085253635575388
Model size: (4, 9)
Validation fitness: 0.802688919221871 
Elapsed: 2.176893711090088

*** Epoch 1, batch 311/520 ***
Training fitness: 0.8528387570436534
Model size: (8, 8)
Validation fitness: 0.7984208992533247 
Elapsed: 2.095384359359741

*** Epoch 1, batch 312/520 ***
Training fitness: 0.8785464423384651
Model size: (7, 11)
Validation fitness: 0.7785536162207439 
Elapsed: 2.0782229900360107

*** Epoch 1, batch 313/520 ***
Training fitness: 0.83641081053955
Model size: (10, 11)
Validation fitness: 0.8101073867623003 
Elapsed: 2.026303291320801

*** Epoch 1, batch 314/520 ***
Training fitness: 0.8098849220402055
Model size: (12, 21)
Validation fitness: 0.8315839344512078 
Elapsed: 2.3970212936401367

*** Epoch 1, batch 315/520 ***
Training fitness: 0.8317883872610065
Model size: (12, 21)
Validation fitness: 0.8315839344512078 
Elapsed: 2.402907371520996

*** Epoch 1, batch 316/520 ***
Training fitness: 0.8215419219227854
Model size: (10, 13)
Validation fitness: 0.8074017216730017 
Elapsed: 2.124147891998291

*** Epoch 1, batch 317/520 ***
Training fitness: 0.8667571639316812
Model size: (8, 14)
Validation fitness: 0.809996165738044 
Elapsed: 2.3162765502929688

*** Epoch 1, batch 318/520 ***
Training fitness: 0.7931223797422731
Model size: (8, 14)
Validation fitness: 0.809996165738044 
Elapsed: 2.3023877143859863

*** Epoch 1, batch 319/520 ***
Training fitness: 0.8748728895100192
Model size: (10, 14)
Validation fitness: 0.8131222884433348 
Elapsed: 2.0482094287872314

*** Epoch 1, batch 320/520 ***
Training fitness: 0.8597522314586026
Model size: (13, 22)
Validation fitness: 0.808583523342164 
Elapsed: 2.4907867908477783

*** Epoch 1, batch 321/520 ***
Training fitness: 0.8869487771486438
Model size: (12, 21)
Validation fitness: 0.8315839344512078 
Elapsed: 2.3749282360076904

*** Epoch 1, batch 322/520 ***
Training fitness: 0.8843783158382543
Model size: (12, 21)
Validation fitness: 0.8315839344512078 
Elapsed: 2.392796277999878

*** Epoch 1, batch 323/520 ***
Training fitness: 0.9044795128516118
Model size: (13, 23)
Validation fitness: 0.8098648251820757 
Elapsed: 2.514071226119995

*** Epoch 1, batch 324/520 ***
Training fitness: 0.8944839325604517
Model size: (12, 21)
Validation fitness: 0.8315839344512078 
Elapsed: 2.3572561740875244

*** Epoch 1, batch 325/520 ***
Training fitness: 0.8764604224290841
Model size: (7, 12)
Validation fitness: 0.81600085843855 
Elapsed: 2.3242135047912598

*** Epoch 1, batch 326/520 ***
Training fitness: 0.8792395114137739
Model size: (8, 12)
Validation fitness: 0.8441879321578376 
Elapsed: 2.161374807357788

*** Epoch 1, batch 327/520 ***
Training fitness: 0.8617214032739229
Model size: (8, 12)
Validation fitness: 0.8441879321578376 
Elapsed: 2.224275827407837

*** Epoch 1, batch 328/520 ***
Training fitness: 0.8595988333705183
Model size: (8, 12)
Validation fitness: 0.8441879321578376 
Elapsed: 2.2430875301361084

*** Epoch 1, batch 329/520 ***
Training fitness: 0.8327750769616286
Model size: (12, 21)
Validation fitness: 0.8315839344512078 
Elapsed: 2.464844226837158

*** Epoch 1, batch 330/520 ***
Training fitness: 0.8915343453570008
Model size: (12, 17)
Validation fitness: 0.8427722041628647 
Elapsed: 2.172229051589966

*** Epoch 1, batch 331/520 ***
Training fitness: 0.8748083291618836
Model size: (8, 12)
Validation fitness: 0.8441879321578376 
Elapsed: 2.336642026901245

*** Epoch 1, batch 332/520 ***
Training fitness: 0.8547746665874759
Model size: (8, 12)
Validation fitness: 0.8441879321578376 
Elapsed: 2.245079755783081

*** Epoch 1, batch 333/520 ***
Training fitness: 0.7950599287056016
Model size: (8, 12)
Validation fitness: 0.8441879321578376 
Elapsed: 2.207059860229492

*** Epoch 1, batch 334/520 ***
Training fitness: 0.8538310977256046
Model size: (8, 14)
Validation fitness: 0.829767854305163 
Elapsed: 2.1191413402557373

*** Epoch 1, batch 335/520 ***
Training fitness: 0.8692604279957755
Model size: (11, 17)
Validation fitness: 0.8345429757577233 
Elapsed: 2.0382797718048096

*** Epoch 1, batch 336/520 ***
Training fitness: 0.8597621478259257
Model size: (11, 17)
Validation fitness: 0.8345429757577233 
Elapsed: 2.1850178241729736

*** Epoch 1, batch 337/520 ***
Training fitness: 0.9019360614348142
Model size: (8, 12)
Validation fitness: 0.8441879321578376 
Elapsed: 2.084392786026001

*** Epoch 1, batch 338/520 ***
Training fitness: 0.8085253635575388
Model size: (8, 14)
Validation fitness: 0.829767854305163 
Elapsed: 2.0746543407440186

*** Epoch 1, batch 339/520 ***
Training fitness: 0.7958534513648745
Model size: (8, 12)
Validation fitness: 0.8441879321578376 
Elapsed: 2.1627438068389893

*** Epoch 1, batch 340/520 ***
Training fitness: 0.894703836620621
Model size: (8, 14)
Validation fitness: 0.829767854305163 
Elapsed: 2.1287500858306885

*** Epoch 1, batch 341/520 ***
Training fitness: 0.8386950977941187
Model size: (8, 12)
Validation fitness: 0.8441879321578376 
Elapsed: 2.118119239807129

*** Epoch 1, batch 342/520 ***
Training fitness: 0.813989570735823
Model size: (6, 13)
Validation fitness: 0.7761851129249898 
Elapsed: 1.9016335010528564

*** Epoch 1, batch 343/520 ***
Training fitness: 0.7512645021682351
Model size: (7, 14)
Validation fitness: 0.7731160610308246 
Elapsed: 1.8740530014038086

*** Epoch 1, batch 344/520 ***
Training fitness: 0.7976078292063299
Model size: (3, 7)
Validation fitness: 0.7911134879926544 
Elapsed: 1.9394328594207764

*** Epoch 1, batch 345/520 ***
Training fitness: 0.8062639018300141
Model size: (10, 17)
Validation fitness: 0.7820052996587101 
Elapsed: 1.8664000034332275

*** Epoch 1, batch 346/520 ***
Training fitness: 0.8042663076981762
Model size: (6, 13)
Validation fitness: 0.7761851129249898 
Elapsed: 1.8832447528839111

*** Epoch 1, batch 347/520 ***
Training fitness: 0.8190090468416644
Model size: (6, 10)
Validation fitness: 0.7880294518964543 
Elapsed: 1.9112110137939453

*** Epoch 1, batch 348/520 ***
Training fitness: 0.7559592334501741
Model size: (1, 4)
Validation fitness: 0.7622963620048667 
Elapsed: 1.9687399864196777

*** Epoch 1, batch 349/520 ***
Training fitness: 0.8115115417384403
Model size: (9, 12)
Validation fitness: 0.7924135885902633 
Elapsed: 1.9285531044006348

*** Epoch 1, batch 350/520 ***
Training fitness: 0.8569243885233906
Model size: (4, 11)
Validation fitness: 0.7883233723669326 
Elapsed: 1.980625867843628

*** Epoch 1, batch 351/520 ***
Training fitness: 0.831132419103471
Model size: (8, 15)
Validation fitness: 0.7883871904349277 
Elapsed: 2.0360774993896484

*** Epoch 1, batch 352/520 ***
Training fitness: 0.8808062243412386
Model size: (7, 12)
Validation fitness: 0.7950298121829719 
Elapsed: 1.9463772773742676

*** Epoch 1, batch 353/520 ***
Training fitness: 0.8088857789915583
Model size: (9, 16)
Validation fitness: 0.788754109113008 
Elapsed: 1.9498991966247559

*** Epoch 1, batch 354/520 ***
Training fitness: 0.8624800060695207
Model size: (1, 2)
Validation fitness: 0.7749543296478789 
Elapsed: 1.9807217121124268

*** Epoch 1, batch 355/520 ***
Training fitness: 0.820489253055203
Model size: (5, 8)
Validation fitness: 0.7753292082491628 
Elapsed: 2.0554213523864746

*** Epoch 1, batch 356/520 ***
Training fitness: 0.8162689792997756
Model size: (5, 10)
Validation fitness: 0.782230839671792 
Elapsed: 2.09079909324646

*** Epoch 1, batch 357/520 ***
Training fitness: 0.8099729758326292
Model size: (7, 10)
Validation fitness: 0.7913859721022642 
Elapsed: 1.9910011291503906

*** Epoch 1, batch 358/520 ***
Training fitness: 0.8479858637770449
Model size: (5, 10)
Validation fitness: 0.7708549148004349 
Elapsed: 2.049146890640259

*** Epoch 1, batch 359/520 ***
Training fitness: 0.8141491094852271
Model size: (4, 7)
Validation fitness: 0.8142629242122048 
Elapsed: 2.035266399383545

*** Epoch 1, batch 360/520 ***
Training fitness: 0.8436530848822045
Model size: (10, 15)
Validation fitness: 0.7883581022762904 
Elapsed: 1.910447120666504

*** Epoch 1, batch 361/520 ***
Training fitness: 0.7955910794343072
Model size: (9, 12)
Validation fitness: 0.7959511792943672 
Elapsed: 2.0121922492980957

*** Epoch 1, batch 362/520 ***
Training fitness: 0.8423928497495674
Model size: (5, 8)
Validation fitness: 0.7849495724967863 
Elapsed: 1.9539430141448975

*** Epoch 1, batch 363/520 ***
Training fitness: 0.8129731549049225
Model size: (4, 9)
Validation fitness: 0.7865747447656479 
Elapsed: 2.01118540763855

*** Epoch 1, batch 364/520 ***
Training fitness: 0.8853776972736134
Model size: (5, 10)
Validation fitness: 0.7804080114580914 
Elapsed: 2.0699052810668945

*** Epoch 1, batch 365/520 ***
Training fitness: 0.8651574108759251
Model size: (10, 14)
Validation fitness: 0.7439707210744483 
Elapsed: 2.0621256828308105

*** Epoch 1, batch 366/520 ***
Training fitness: 0.7813779159243092
Model size: (3, 7)
Validation fitness: 0.8186304777714991 
Elapsed: 2.0256083011627197

*** Epoch 1, batch 367/520 ***
Training fitness: 0.8898112279407243
Model size: (3, 7)
Validation fitness: 0.8186304777714991 
Elapsed: 2.1767425537109375

*** Epoch 1, batch 368/520 ***
Training fitness: 0.8187923936578021
Model size: (4, 4)
Validation fitness: 0.7966178217327673 
Elapsed: 1.9808475971221924

*** Epoch 1, batch 369/520 ***
Training fitness: 0.8281145089421962
Model size: (3, 7)
Validation fitness: 0.8186304777714991 
Elapsed: 1.983429193496704

*** Epoch 1, batch 370/520 ***
Training fitness: 0.8003448453759511
Model size: (6, 9)
Validation fitness: 0.7998732655426667 
Elapsed: 2.1685874462127686

*** Epoch 1, batch 371/520 ***
Training fitness: 0.9063435156411044
Model size: (3, 7)
Validation fitness: 0.8186304777714991 
Elapsed: 2.0287392139434814

*** Epoch 1, batch 372/520 ***
Training fitness: 0.8600914444591817
Model size: (3, 7)
Validation fitness: 0.8186304777714991 
Elapsed: 2.0282669067382812

*** Epoch 1, batch 373/520 ***
Training fitness: 0.8597932889901182
Model size: (6, 9)
Validation fitness: 0.7998732655426667 
Elapsed: 2.1108903884887695

*** Epoch 1, batch 374/520 ***
Training fitness: 0.8333644636631978
Model size: (9, 11)
Validation fitness: 0.7898139668909453 
Elapsed: 2.118262529373169

*** Epoch 1, batch 375/520 ***
Training fitness: 0.8120487860961645
Model size: (5, 9)
Validation fitness: 0.8349336145000761 
Elapsed: 2.099214553833008

*** Epoch 1, batch 376/520 ***
Training fitness: 0.8109043543730298
Model size: (7, 10)
Validation fitness: 0.8070098975404347 
Elapsed: 2.166571855545044

*** Epoch 1, batch 377/520 ***
Training fitness: 0.8611171318518858
Model size: (6, 11)
Validation fitness: 0.8451636377470956 
Elapsed: 2.0379586219787598

*** Epoch 1, batch 378/520 ***
Training fitness: 0.868423468738691
Model size: (5, 9)
Validation fitness: 0.8349336145000761 
Elapsed: 2.1456422805786133

*** Epoch 1, batch 379/520 ***
Training fitness: 0.8530349466575745
Model size: (6, 11)
Validation fitness: 0.8451636377470956 
Elapsed: 2.102952718734741

*** Epoch 1, batch 380/520 ***
Training fitness: 0.8874805551308257
Model size: (6, 11)
Validation fitness: 0.8451636377470956 
Elapsed: 2.0804431438446045

*** Epoch 1, batch 381/520 ***
Training fitness: 0.8661271266460039
Model size: (6, 11)
Validation fitness: 0.8451636377470956 
Elapsed: 2.1502044200897217

*** Epoch 1, batch 382/520 ***
Training fitness: 0.882624564547068
Model size: (6, 11)
Validation fitness: 0.8451636377470956 
Elapsed: 2.0370235443115234

*** Epoch 1, batch 383/520 ***
Training fitness: 0.8151173509601324
Model size: (7, 12)
Validation fitness: 0.8493672507621761 
Elapsed: 2.072591543197632

*** Epoch 1, batch 384/520 ***
Training fitness: 0.8203375350968273
Model size: (6, 11)
Validation fitness: 0.8273864985630622 
Elapsed: 2.0081734657287598

*** Epoch 1, batch 385/520 ***
Training fitness: 0.8907117394114458
Model size: (7, 12)
Validation fitness: 0.8493672507621761 
Elapsed: 2.0911738872528076

*** Epoch 1, batch 386/520 ***
Training fitness: 0.9296300042908527
Model size: (7, 12)
Validation fitness: 0.8493672507621761 
Elapsed: 2.182224750518799

*** Epoch 1, batch 387/520 ***
Training fitness: 0.8515703725838062
Model size: (7, 12)
Validation fitness: 0.798159541981774 
Elapsed: 1.9979093074798584

*** Epoch 1, batch 388/520 ***
Training fitness: 0.7993614919285437
Model size: (3, 4)
Validation fitness: 0.8032119195712185 
Elapsed: 2.1163084506988525

*** Epoch 1, batch 389/520 ***
Training fitness: 0.8324447026820163
Model size: (3, 4)
Validation fitness: 0.8032119195712185 
Elapsed: 2.061760902404785

*** Epoch 1, batch 390/520 ***
Training fitness: 0.8269245614646833
Model size: (8, 13)
Validation fitness: 0.7907213071548225 
Elapsed: 2.074397087097168

*** Epoch 1, batch 391/520 ***
Training fitness: 0.8286196720344959
Model size: (8, 12)
Validation fitness: 0.8151027220262494 
Elapsed: 2.060045003890991

*** Epoch 1, batch 392/520 ***
Training fitness: 0.8400642225428042
Model size: (8, 11)
Validation fitness: 0.7930874312982178 
Elapsed: 2.1475791931152344

*** Epoch 1, batch 393/520 ***
Training fitness: 0.8053905913565342
Model size: (10, 11)
Validation fitness: 0.7688167449780008 
Elapsed: 1.972909927368164

*** Epoch 1, batch 394/520 ***
Training fitness: 0.8242706770312548
Model size: (8, 15)
Validation fitness: 0.7908711110036237 
Elapsed: 2.0309765338897705

*** Epoch 1, batch 395/520 ***
Training fitness: 0.8237680790643527
Model size: (6, 9)
Validation fitness: 0.7908823652526721 
Elapsed: 1.979391098022461

*** Epoch 1, batch 396/520 ***
Training fitness: 0.8482957594549851
Model size: (7, 11)
Validation fitness: 0.7841436469550547 
Elapsed: 1.9736742973327637

*** Epoch 1, batch 397/520 ***
Training fitness: 0.8426137032349337
Model size: (10, 13)
Validation fitness: 0.8042679660677289 
Elapsed: 2.0282857418060303

*** Epoch 1, batch 398/520 ***
Training fitness: 0.8436530848822045
Model size: (8, 14)
Validation fitness: 0.7982386876619135 
Elapsed: 2.0176496505737305

*** Epoch 1, batch 399/520 ***
Training fitness: 0.8197214155268385
Model size: (8, 11)
Validation fitness: 0.8075119420837213 
Elapsed: 1.98781418800354

*** Epoch 1, batch 400/520 ***
Training fitness: 0.7749868086968557
Model size: (8, 14)
Validation fitness: 0.7741060505898079 
Elapsed: 2.1438863277435303

*** Epoch 1, batch 401/520 ***
Training fitness: 0.8193409575046573
Model size: (6, 7)
Validation fitness: 0.7928927584593913 
Elapsed: 2.068704128265381

*** Epoch 1, batch 402/520 ***
Training fitness: 0.8532150659704516
Model size: (12, 14)
Validation fitness: 0.8107612469034983 
Elapsed: 1.9716558456420898

*** Epoch 1, batch 403/520 ***
Training fitness: 0.8116791023076363
Model size: (12, 14)
Validation fitness: 0.8107612469034983 
Elapsed: 1.9425246715545654

*** Epoch 1, batch 404/520 ***
Training fitness: 0.8429042776629293
Model size: (7, 10)
Validation fitness: 0.7984404046395944 
Elapsed: 2.040637731552124

*** Epoch 1, batch 405/520 ***
Training fitness: 0.7888532204837934
Model size: (11, 15)
Validation fitness: 0.7801996350579807 
Elapsed: 2.1275415420532227

*** Epoch 1, batch 406/520 ***
Training fitness: 0.8665474247258494
Model size: (8, 11)
Validation fitness: 0.8075119420837213 
Elapsed: 2.026818037033081

*** Epoch 1, batch 407/520 ***
Training fitness: 0.8227996465276152
Model size: (11, 13)
Validation fitness: 0.7930111196381403 
Elapsed: 2.134253740310669

*** Epoch 1, batch 408/520 ***
Training fitness: 0.8748410811175253
Model size: (8, 11)
Validation fitness: 0.8075119420837213 
Elapsed: 2.0792951583862305

*** Epoch 1, batch 409/520 ***
Training fitness: 0.8321033702290206
Model size: (9, 12)
Validation fitness: 0.8169788759479378 
Elapsed: 2.1885077953338623

*** Epoch 1, batch 410/520 ***
Training fitness: 0.8076664386080987
Model size: (8, 13)
Validation fitness: 0.7845992146987545 
Elapsed: 2.1162002086639404

*** Epoch 1, batch 411/520 ***
Training fitness: 0.8985112974369602
Model size: (9, 13)
Validation fitness: 0.8049517170584841 
Elapsed: 2.0322318077087402

*** Epoch 1, batch 412/520 ***
Training fitness: 0.8249851675813429
Model size: (12, 18)
Validation fitness: 0.809275760285579 
Elapsed: 1.9976897239685059

*** Epoch 1, batch 413/520 ***
Training fitness: 0.8848395989079055
Model size: (5, 7)
Validation fitness: 0.7736321142321174 
Elapsed: 2.0956764221191406

*** Epoch 1, batch 414/520 ***
Training fitness: 0.855901292511727
Model size: (12, 18)
Validation fitness: 0.809275760285579 
Elapsed: 2.0534965991973877

*** Epoch 1, batch 415/520 ***
Training fitness: 0.9053915674090175
Model size: (10, 14)
Validation fitness: 0.8027052493864114 
Elapsed: 2.073021411895752

*** Epoch 1, batch 416/520 ***
Training fitness: 0.8412297448246849
Model size: (9, 12)
Validation fitness: 0.8213759267123569 
Elapsed: 2.1597464084625244

*** Epoch 1, batch 417/520 ***
Training fitness: 0.8195645332294692
Model size: (9, 12)
Validation fitness: 0.8169788759479378 
Elapsed: 2.074082374572754

*** Epoch 1, batch 418/520 ***
Training fitness: 0.7672121738382215
Model size: (11, 18)
Validation fitness: 0.78551670229379 
Elapsed: 2.2720837593078613

*** Epoch 1, batch 419/520 ***
Training fitness: 0.8684925533990204
Model size: (8, 15)
Validation fitness: 0.7767907655339369 
Elapsed: 2.032087564468384

*** Epoch 1, batch 420/520 ***
Training fitness: 0.8573153725631696
Model size: (9, 12)
Validation fitness: 0.8294016639250281 
Elapsed: 2.0855510234832764

*** Epoch 1, batch 421/520 ***
Training fitness: 0.7920938563823505
Model size: (8, 11)
Validation fitness: 0.8338051423838831 
Elapsed: 2.076939344406128

*** Epoch 1, batch 422/520 ***
Training fitness: 0.8272575673090002
Model size: (8, 11)
Validation fitness: 0.8524209209589811 
Elapsed: 1.9702799320220947

*** Epoch 1, batch 423/520 ***
Training fitness: 0.9225713182972545
Model size: (8, 11)
Validation fitness: 0.8524209209589811 
Elapsed: 2.0531177520751953

*** Epoch 1, batch 424/520 ***
Training fitness: 0.827508011567855
Model size: (9, 12)
Validation fitness: 0.8476295670482984 
Elapsed: 2.1811070442199707

*** Epoch 1, batch 425/520 ***
Training fitness: 0.8720508658570051
Model size: (9, 12)
Validation fitness: 0.8476295670482984 
Elapsed: 2.170078992843628

*** Epoch 1, batch 426/520 ***
Training fitness: 0.8226035963188325
Model size: (9, 12)
Validation fitness: 0.8476295670482984 
Elapsed: 2.093038558959961

*** Epoch 1, batch 427/520 ***
Training fitness: 0.9075803429337248
Model size: (9, 12)
Validation fitness: 0.8476295670482984 
Elapsed: 2.034029960632324

*** Epoch 1, batch 428/520 ***
Training fitness: 0.8743807689008235
Model size: (9, 12)
Validation fitness: 0.8476295670482984 
Elapsed: 2.013254165649414

*** Epoch 1, batch 429/520 ***
Training fitness: 0.8420737474484297
Model size: (9, 12)
Validation fitness: 0.8476295670482984 
Elapsed: 2.018779993057251

*** Epoch 1, batch 430/520 ***
Training fitness: 0.8350474715188481
Model size: (8, 11)
Validation fitness: 0.842116213784842 
Elapsed: 1.9525947570800781

*** Epoch 1, batch 431/520 ***
Training fitness: 0.8633761443743824
Model size: (9, 12)
Validation fitness: 0.778406387135625 
Elapsed: 2.048792839050293

*** Epoch 1, batch 432/520 ***
Training fitness: 0.8214552135280351
Model size: (6, 11)
Validation fitness: 0.7895527569523877 
Elapsed: 2.1564226150512695

*** Epoch 1, batch 433/520 ***
Training fitness: 0.8466350422661179
Model size: (9, 12)
Validation fitness: 0.783290018855055 
Elapsed: 1.9849247932434082

*** Epoch 1, batch 434/520 ***
Training fitness: 0.7322380870882773
Model size: (5, 11)
Validation fitness: 0.7674841132752682 
Elapsed: 1.9965696334838867

*** Epoch 1, batch 435/520 ***
Training fitness: 0.8245413929323445
Model size: (8, 13)
Validation fitness: 0.782568866368716 
Elapsed: 2.2290656566619873

*** Epoch 1, batch 436/520 ***
Training fitness: 0.8297471856878231
Model size: (11, 17)
Validation fitness: 0.7848957575495148 
Elapsed: 2.360548973083496

*** Epoch 1, batch 437/520 ***
Training fitness: 0.8219416017916844
Model size: (9, 8)
Validation fitness: 0.7859905795417579 
Elapsed: 2.1193134784698486

*** Epoch 1, batch 438/520 ***
Training fitness: 0.8515341268497455
Model size: (11, 17)
Validation fitness: 0.7898411917544075 
Elapsed: 2.2871270179748535

*** Epoch 1, batch 439/520 ***
Training fitness: 0.8262310384677641
Model size: (8, 11)
Validation fitness: 0.7919855375232118 
Elapsed: 2.087017774581909

*** Epoch 1, batch 440/520 ***
Training fitness: 0.8197818848382814
Model size: (12, 22)
Validation fitness: 0.7757132586202887 
Elapsed: 2.1579713821411133

*** Epoch 1, batch 441/520 ***
Training fitness: 0.8518744254883744
Model size: (14, 21)
Validation fitness: 0.7894906224234076 
Elapsed: 1.9924523830413818

*** Epoch 1, batch 442/520 ***
Training fitness: 0.8004001462322893
Model size: (11, 17)
Validation fitness: 0.7898411917544075 
Elapsed: 2.2929904460906982

*** Epoch 1, batch 443/520 ***
Training fitness: 0.8150914703110473
Model size: (11, 17)
Validation fitness: 0.7898411917544075 
Elapsed: 2.257019519805908

*** Epoch 1, batch 444/520 ***
Training fitness: 0.8007704169526113
Model size: (8, 10)
Validation fitness: 0.7906356164847466 
Elapsed: 2.1123242378234863

*** Epoch 1, batch 445/520 ***
Training fitness: 0.8328579983222871
Model size: (8, 14)
Validation fitness: 0.7889699015166552 
Elapsed: 2.0167365074157715

*** Epoch 1, batch 446/520 ***
Training fitness: 0.897561371679245
Model size: (9, 16)
Validation fitness: 0.8216013554460231 
Elapsed: 2.232346534729004

*** Epoch 1, batch 447/520 ***
Training fitness: 0.8333644636631978
Model size: (15, 23)
Validation fitness: 0.7870211701199105 
Elapsed: 2.1288108825683594

*** Epoch 1, batch 448/520 ***
Training fitness: 0.82367693532278
Model size: (8, 15)
Validation fitness: 0.8095753093174916 
Elapsed: 2.274449348449707

*** Epoch 1, batch 449/520 ***
Training fitness: 0.8514797250441627
Model size: (9, 16)
Validation fitness: 0.8216013554460231 
Elapsed: 2.286872386932373

*** Epoch 1, batch 450/520 ***
Training fitness: 0.8199450377115279
Model size: (9, 16)
Validation fitness: 0.8216013554460231 
Elapsed: 2.2576820850372314

*** Epoch 1, batch 451/520 ***
Training fitness: 0.7524344876822273
Model size: (9, 16)
Validation fitness: 0.8216013554460231 
Elapsed: 2.35526180267334

*** Epoch 1, batch 452/520 ***
Training fitness: 0.8371903394832194
Model size: (9, 16)
Validation fitness: 0.8216013554460231 
Elapsed: 2.3350133895874023

*** Epoch 1, batch 453/520 ***
Training fitness: 0.7890608341231741
Model size: (9, 16)
Validation fitness: 0.8216013554460231 
Elapsed: 2.3225314617156982

*** Epoch 1, batch 454/520 ***
Training fitness: 0.8203407125795076
Model size: (12, 19)
Validation fitness: 0.7944967931869118 
Elapsed: 2.255735158920288

*** Epoch 1, batch 455/520 ***
Training fitness: 0.8438555574726624
Model size: (10, 18)
Validation fitness: 0.8015186955029935 
Elapsed: 2.2886695861816406

*** Epoch 1, batch 456/520 ***
Training fitness: 0.7912480155754958
Model size: (10, 18)
Validation fitness: 0.8015186955029935 
Elapsed: 2.214634656906128

*** Epoch 1, batch 457/520 ***
Training fitness: 0.7936268451264724
Model size: (3, 11)
Validation fitness: 0.7797164827646174 
Elapsed: 2.0791990756988525

*** Epoch 1, batch 458/520 ***
Training fitness: 0.8067430836895182
Model size: (11, 20)
Validation fitness: 0.8286603840251104 
Elapsed: 2.23801589012146

*** Epoch 1, batch 459/520 ***
Training fitness: 0.8399575825949552
Model size: (13, 20)
Validation fitness: 0.8102372091232766 
Elapsed: 2.1052944660186768

*** Epoch 1, batch 460/520 ***
Training fitness: 0.8354940198496805
Model size: (11, 20)
Validation fitness: 0.8286603840251104 
Elapsed: 2.135113477706909

*** Epoch 1, batch 461/520 ***
Training fitness: 0.806894508081855
Model size: (7, 11)
Validation fitness: 0.8269252008984074 
Elapsed: 2.147073268890381

*** Epoch 1, batch 462/520 ***
Training fitness: 0.9052339483557512
Model size: (7, 11)
Validation fitness: 0.8269252008984074 
Elapsed: 2.197695732116699

*** Epoch 1, batch 463/520 ***
Training fitness: 0.8694804781072921
Model size: (13, 19)
Validation fitness: 0.8120289488496095 
Elapsed: 2.0094964504241943

*** Epoch 1, batch 464/520 ***
Training fitness: 0.8459752152798817
Model size: (7, 11)
Validation fitness: 0.8269252008984074 
Elapsed: 2.1702940464019775

*** Epoch 1, batch 465/520 ***
Training fitness: 0.8315074336163983
Model size: (9, 12)
Validation fitness: 0.7922046469386663 
Elapsed: 1.9905388355255127

*** Epoch 1, batch 466/520 ***
Training fitness: 0.7936848530436683
Model size: (13, 19)
Validation fitness: 0.8120289488496095 
Elapsed: 1.9964535236358643

*** Epoch 1, batch 467/520 ***
Training fitness: 0.8603497194662263
Model size: (7, 11)
Validation fitness: 0.8269252008984074 
Elapsed: 2.0551838874816895

*** Epoch 1, batch 468/520 ***
Training fitness: 0.8649726784035615
Model size: (13, 19)
Validation fitness: 0.8120289488496095 
Elapsed: 2.1295111179351807

*** Epoch 1, batch 469/520 ***
Training fitness: 0.8338866356845952
Model size: (16, 23)
Validation fitness: 0.7863343375378621 
Elapsed: 2.007634162902832

*** Epoch 1, batch 470/520 ***
Training fitness: 0.813989570735823
Model size: (16, 24)
Validation fitness: 0.7964725716517359 
Elapsed: 2.010495662689209

*** Epoch 1, batch 471/520 ***
Training fitness: 0.8260642432614047
Model size: (17, 28)
Validation fitness: 0.8035930464005215 
Elapsed: 2.0641303062438965

*** Epoch 1, batch 472/520 ***
Training fitness: 0.8740699747893993
Model size: (17, 27)
Validation fitness: 0.8073821374880801 
Elapsed: 3.730102777481079

*** Epoch 1, batch 473/520 ***
Training fitness: 0.8124192729121644
Model size: (7, 13)
Validation fitness: 0.7836593425644085 
Elapsed: 3.9136030673980713

*** Epoch 1, batch 474/520 ***
Training fitness: 0.8359630119558145
Model size: (13, 19)
Validation fitness: 0.8120289488496095 
Elapsed: 3.924088478088379

*** Epoch 1, batch 475/520 ***
Training fitness: 0.8317745132214326
Model size: (17, 27)
Validation fitness: 0.8029188887299696 
Elapsed: 3.6831488609313965

*** Epoch 1, batch 476/520 ***
Training fitness: 0.8244291315596894
Model size: (13, 19)
Validation fitness: 0.8120289488496095 
Elapsed: 3.6838600635528564

*** Epoch 1, batch 477/520 ***
Training fitness: 0.8275544805954812
Model size: (13, 19)
Validation fitness: 0.8120289488496095 
Elapsed: 3.7784931659698486

*** Epoch 1, batch 478/520 ***
Training fitness: 0.8163172087662498
Model size: (12, 16)
Validation fitness: 0.7614789770368947 
Elapsed: 3.702225923538208

*** Epoch 1, batch 479/520 ***
Training fitness: 0.8422859269008075
Model size: (11, 14)
Validation fitness: 0.7926182226636516 
Elapsed: 3.6936428546905518

*** Epoch 1, batch 480/520 ***
Training fitness: 0.866614607332214
Model size: (12, 21)
Validation fitness: 0.7736872853240085 
Elapsed: 4.177367210388184

*** Epoch 1, batch 481/520 ***
Training fitness: 0.8177632559873023
Model size: (13, 19)
Validation fitness: 0.7815150195494256 
Elapsed: 3.776996374130249

*** Epoch 1, batch 482/520 ***
Training fitness: 0.8619581704179158
Model size: (17, 23)
Validation fitness: 0.8036733883416725 
Elapsed: 3.83734130859375

*** Epoch 1, batch 483/520 ***
Training fitness: 0.8196309363334646
Model size: (18, 25)
Validation fitness: 0.7792106649213144 
Elapsed: 3.796821355819702

*** Epoch 1, batch 484/520 ***
Training fitness: 0.8064850845087623
Model size: (9, 14)
Validation fitness: 0.8030160651186263 
Elapsed: 3.7340166568756104

*** Epoch 1, batch 485/520 ***
Training fitness: 0.8499215986400762
Model size: (18, 24)
Validation fitness: 0.8153486033641675 
Elapsed: 3.6891136169433594

*** Epoch 1, batch 486/520 ***
Training fitness: 0.7857977883447294
Model size: (10, 16)
Validation fitness: 0.7879208189619789 
Elapsed: 3.6803503036499023

*** Epoch 1, batch 487/520 ***
Training fitness: 0.8080869797917208
Model size: (19, 25)
Validation fitness: 0.8199016416594415 
Elapsed: 3.6424620151519775

*** Epoch 1, batch 488/520 ***
Training fitness: 0.8141704464495824
Model size: (19, 25)
Validation fitness: 0.8199016416594415 
Elapsed: 3.787741184234619

*** Epoch 1, batch 489/520 ***
Training fitness: 0.8036137210890855
Model size: (7, 13)
Validation fitness: 0.7909341872725975 
Elapsed: 3.7205185890197754

*** Epoch 1, batch 490/520 ***
Training fitness: 0.798724149031696
Model size: (10, 16)
Validation fitness: 0.797053653785425 
Elapsed: 3.5791566371917725

*** Epoch 1, batch 491/520 ***
Training fitness: 0.8072254351950305
Model size: (11, 13)
Validation fitness: 0.7739514891226508 
Elapsed: 3.788583517074585

*** Epoch 1, batch 492/520 ***
Training fitness: 0.8135567120668648
Model size: (8, 14)
Validation fitness: 0.7897812387860916 
Elapsed: 3.7443418502807617

*** Epoch 1, batch 493/520 ***
Training fitness: 0.8023696457402715
Model size: (6, 10)
Validation fitness: 0.7768102047442309 
Elapsed: 3.6424989700317383

*** Epoch 1, batch 494/520 ***
Training fitness: 0.852927876372024
Model size: (13, 18)
Validation fitness: 0.805464310239706 
Elapsed: 3.731997013092041

*** Epoch 1, batch 495/520 ***
Training fitness: 0.8705467356957598
Model size: (13, 18)
Validation fitness: 0.805464310239706 
Elapsed: 3.9309349060058594

*** Epoch 1, batch 496/520 ***
Training fitness: 0.8472384854020646
Model size: (19, 21)
Validation fitness: 0.7744842254510593 
Elapsed: 3.7732348442077637

*** Epoch 1, batch 497/520 ***
Training fitness: 0.8318992671103439
Model size: (13, 18)
Validation fitness: 0.805464310239706 
Elapsed: 3.8194496631622314

*** Epoch 1, batch 498/520 ***
Training fitness: 0.7753656285824032
Model size: (14, 19)
Validation fitness: 0.7859465582782961 
Elapsed: 3.7418034076690674

*** Epoch 1, batch 499/520 ***
Training fitness: 0.7630823052134535
Model size: (12, 18)
Validation fitness: 0.776264017441816 
Elapsed: 3.7309515476226807

*** Epoch 1, batch 500/520 ***
Training fitness: 0.8429042776629293
Model size: (13, 17)
Validation fitness: 0.8208359612054346 
Elapsed: 3.9343578815460205

*** Epoch 1, batch 501/520 ***
Training fitness: 0.8777633799249601
Model size: (13, 18)
Validation fitness: 0.8246433610902695 
Elapsed: 4.254450082778931

*** Epoch 1, batch 502/520 ***
Training fitness: 0.8362167635786497
Model size: (13, 17)
Validation fitness: 0.8208359612054346 
Elapsed: 3.8879756927490234

*** Epoch 1, batch 503/520 ***
Training fitness: 0.8492573294124504
Model size: (13, 18)
Validation fitness: 0.8246433610902695 
Elapsed: 3.81815242767334

*** Epoch 1, batch 504/520 ***
Training fitness: 0.8660326164710093
Model size: (13, 18)
Validation fitness: 0.8142497659349558 
Elapsed: 3.7345407009124756

*** Epoch 1, batch 505/520 ***
Training fitness: 0.843009444802893
Model size: (12, 15)
Validation fitness: 0.7887546184849334 
Elapsed: 3.4305648803710938

*** Epoch 1, batch 506/520 ***
Training fitness: 0.890864979354385
Model size: (13, 18)
Validation fitness: 0.8246433610902695 
Elapsed: 3.771033763885498

*** Epoch 1, batch 507/520 ***
Training fitness: 0.8447387362619906
Model size: (13, 18)
Validation fitness: 0.8246433610902695 
Elapsed: 3.7814199924468994

*** Epoch 1, batch 508/520 ***
Training fitness: 0.8295150620062531
Model size: (13, 18)
Validation fitness: 0.8246433610902695 
Elapsed: 4.128278493881226

*** Epoch 1, batch 509/520 ***
Training fitness: 0.8668920771978355
Model size: (12, 12)
Validation fitness: 0.8004794417238446 
Elapsed: 3.6700174808502197

*** Epoch 1, batch 510/520 ***
Training fitness: 0.8135017782180366
Model size: (20, 29)
Validation fitness: 0.7768248987723907 
Elapsed: 3.6854746341705322

*** Epoch 1, batch 511/520 ***
Training fitness: 0.8832892783672596
Model size: (13, 18)
Validation fitness: 0.8226261311633859 
Elapsed: 3.7800498008728027

*** Epoch 1, batch 512/520 ***
Training fitness: 0.8767660269859868
Model size: (13, 19)
Validation fitness: 0.8061089721645271 
Elapsed: 3.8149921894073486

*** Epoch 1, batch 513/520 ***
Training fitness: 0.7430183090691632
Model size: (13, 19)
Validation fitness: 0.8061089721645271 
Elapsed: 3.896613359451294

*** Epoch 1, batch 514/520 ***
Training fitness: 0.8206771055294454
Model size: (13, 19)
Validation fitness: 0.8023947705894598 
Elapsed: 3.809771776199341

*** Epoch 1, batch 515/520 ***
Training fitness: 0.8119375573921028
Model size: (13, 19)
Validation fitness: 0.8061089721645271 
Elapsed: 3.907956600189209

*** Epoch 1, batch 516/520 ***
Training fitness: 0.8364366769671268
Model size: (13, 20)
Validation fitness: 0.8075119683749232 
Elapsed: 3.8965072631835938

*** Epoch 1, batch 517/520 ***
Training fitness: 0.7463700946311377
Model size: (10, 13)
Validation fitness: 0.7827591895624957 
Elapsed: 3.78507661819458

*** Epoch 1, batch 518/520 ***
Training fitness: 0.7686298909596633
Model size: (10, 17)
Validation fitness: 0.7712106429609287 
Elapsed: 3.82041597366333

*** Epoch 1, batch 519/520 ***
Training fitness: 0.7842695999812676
Model size: (13, 17)
Validation fitness: 0.776224915239721 
Elapsed: 4.049222707748413

*** Epoch 1, batch 520/520 ***
Training fitness: 0.8306946954824653
Model size: (15, 22)
Validation fitness: 0.7755721521943999 
Elapsed: 3.708892345428467

Total train time: 1209.8265562057495
Test time: 0.7137022018432617
Test fitness: 0.866749577448163
Test statistics: Stats(total=14791, total_true=7158, total_false=7633, true_positive=6224, true_negative=7544, false_positive=89, false_negative=934, tpr=0.8695166247555183, tnr=0.9883401021878685, ppv=0.9859021067638207, npv=0.8898325076669026, accuracy=0.9308363193834088, f1=0.9240590898968154, mcc=0.866749577448163)
