Configuration:
Dataset: nsl_kdd
Selector: pca
Fold: 2
Fitness: auroc
Batch size: 256
Epochs: 1
Config args: {}
*** Epoch 1, batch 1/520 ***
Training fitness: 0.9562931719542759
Model size: (1, 12)
Validation fitness: 0.9367943902227566 !!!
Elapsed: 1.4225878715515137

*** Epoch 1, batch 2/520 ***
Training fitness: 0.9556047469716535
Model size: (1, 11)
Validation fitness: 0.9446372676301747 !!!
Elapsed: 1.4968633651733398

*** Epoch 1, batch 3/520 ***
Training fitness: 0.9578825111559386
Model size: (2, 13)
Validation fitness: 0.9557144294698616 !!!
Elapsed: 1.6191608905792236

*** Epoch 1, batch 4/520 ***
Training fitness: 0.9629514321295144
Model size: (3, 15)
Validation fitness: 0.9393147135036474 
Elapsed: 1.7462971210479736

*** Epoch 1, batch 5/520 ***
Training fitness: 0.9447199265381084
Model size: (2, 12)
Validation fitness: 0.9461480209007516 
Elapsed: 1.8177220821380615

*** Epoch 1, batch 6/520 ***
Training fitness: 0.9703690127077225
Model size: (1, 9)
Validation fitness: 0.9503281620341628 
Elapsed: 1.6798911094665527

*** Epoch 1, batch 7/520 ***
Training fitness: 0.96734619140625
Model size: (5, 20)
Validation fitness: 0.9482216178378203 
Elapsed: 1.8272199630737305

*** Epoch 1, batch 8/520 ***
Training fitness: 0.9788353315390261
Model size: (2, 12)
Validation fitness: 0.9518634493278485 
Elapsed: 1.6731712818145752

*** Epoch 1, batch 9/520 ***
Training fitness: 0.9575779771714582
Model size: (1, 10)
Validation fitness: 0.9553784774022127 
Elapsed: 1.707507848739624

*** Epoch 1, batch 10/520 ***
Training fitness: 0.9629559748427674
Model size: (4, 16)
Validation fitness: 0.9601225253125683 !!!
Elapsed: 1.7464628219604492

*** Epoch 1, batch 11/520 ***
Training fitness: 0.9703907203907205
Model size: (4, 14)
Validation fitness: 0.9553227190919422 
Elapsed: 1.6795952320098877

*** Epoch 1, batch 12/520 ***
Training fitness: 0.9513219668890536
Model size: (5, 17)
Validation fitness: 0.9627570321548755 !!!
Elapsed: 1.820871114730835

*** Epoch 1, batch 13/520 ***
Training fitness: 0.9755259768140833
Model size: (2, 8)
Validation fitness: 0.961553481146011 
Elapsed: 1.5946061611175537

*** Epoch 1, batch 14/520 ***
Training fitness: 0.9754974207811349
Model size: (5, 15)
Validation fitness: 0.954283345329985 
Elapsed: 1.895554542541504

*** Epoch 1, batch 15/520 ***
Training fitness: 0.9731008717310088
Model size: (4, 14)
Validation fitness: 0.9537432485612725 
Elapsed: 1.775184154510498

*** Epoch 1, batch 16/520 ***
Training fitness: 0.971272658847143
Model size: (2, 11)
Validation fitness: 0.9626759974771291 
Elapsed: 1.6472156047821045

*** Epoch 1, batch 17/520 ***
Training fitness: 0.9742610837438423
Model size: (3, 12)
Validation fitness: 0.9605429580021881 
Elapsed: 1.6304500102996826

*** Epoch 1, batch 18/520 ***
Training fitness: 0.9688112745098039
Model size: (5, 15)
Validation fitness: 0.9524300688693951 
Elapsed: 1.756328821182251

*** Epoch 1, batch 19/520 ***
Training fitness: 0.9552083333333332
Model size: (6, 15)
Validation fitness: 0.9516685335252799 
Elapsed: 1.791414737701416

*** Epoch 1, batch 20/520 ***
Training fitness: 0.9657869012707723
Model size: (6, 16)
Validation fitness: 0.9435967574398028 
Elapsed: 1.8296566009521484

*** Epoch 1, batch 21/520 ***
Training fitness: 0.9840610687022902
Model size: (2, 9)
Validation fitness: 0.9609371245318418 
Elapsed: 1.759793758392334

*** Epoch 1, batch 22/520 ***
Training fitness: 0.9732252517808893
Model size: (3, 9)
Validation fitness: 0.9531817521123364 
Elapsed: 1.7750930786132812

*** Epoch 1, batch 23/520 ***
Training fitness: 0.9750933997509341
Model size: (1, 8)
Validation fitness: 0.962993968314543 !!!
Elapsed: 1.646066665649414

*** Epoch 1, batch 24/520 ***
Training fitness: 0.9615808823529411
Model size: (3, 9)
Validation fitness: 0.948506064037008 
Elapsed: 1.7098138332366943

*** Epoch 1, batch 25/520 ***
Training fitness: 0.9770894428152492
Model size: (6, 14)
Validation fitness: 0.9562351886260378 
Elapsed: 2.0026650428771973

*** Epoch 1, batch 26/520 ***
Training fitness: 0.9549851190476191
Model size: (1, 8)
Validation fitness: 0.9615142377067315 
Elapsed: 1.6986162662506104

*** Epoch 1, batch 27/520 ***
Training fitness: 0.9625282718992604
Model size: (1, 4)
Validation fitness: 0.9568992752336141 
Elapsed: 1.6301162242889404

*** Epoch 1, batch 28/520 ***
Training fitness: 0.9660850933578207
Model size: (6, 14)
Validation fitness: 0.9643207576531581 !!!
Elapsed: 1.788961410522461

*** Epoch 1, batch 29/520 ***
Training fitness: 0.9745445623504877
Model size: (1, 6)
Validation fitness: 0.9613514351716163 
Elapsed: 1.641937494277954

*** Epoch 1, batch 30/520 ***
Training fitness: 0.9818181818181818
Model size: (6, 12)
Validation fitness: 0.9627653904025686 
Elapsed: 1.7183952331542969

*** Epoch 1, batch 31/520 ***
Training fitness: 0.96533203125
Model size: (2, 8)
Validation fitness: 0.9589306226949519 
Elapsed: 1.6932809352874756

*** Epoch 1, batch 32/520 ***
Training fitness: 0.9758991925617813
Model size: (1, 5)
Validation fitness: 0.9567429063496837 
Elapsed: 1.6202411651611328

*** Epoch 1, batch 33/520 ***
Training fitness: 0.969863683599242
Model size: (2, 8)
Validation fitness: 0.9589306226949519 
Elapsed: 1.7218656539916992

*** Epoch 1, batch 34/520 ***
Training fitness: 0.972329354147536
Model size: (8, 15)
Validation fitness: 0.9628967761908717 
Elapsed: 1.8372392654418945

*** Epoch 1, batch 35/520 ***
Training fitness: 0.9680474095796677
Model size: (3, 8)
Validation fitness: 0.9615990665890229 
Elapsed: 1.7767982482910156

*** Epoch 1, batch 36/520 ***
Training fitness: 0.9662859248341931
Model size: (6, 12)
Validation fitness: 0.9582275584257094 
Elapsed: 1.7527692317962646

*** Epoch 1, batch 37/520 ***
Training fitness: 0.96575927734375
Model size: (6, 12)
Validation fitness: 0.9582275584257094 
Elapsed: 1.7554991245269775

*** Epoch 1, batch 38/520 ***
Training fitness: 0.968189633996561
Model size: (5, 12)
Validation fitness: 0.9613177272384844 
Elapsed: 1.753082513809204

*** Epoch 1, batch 39/520 ***
Training fitness: 0.9808624179598848
Model size: (3, 12)
Validation fitness: 0.9646949542028512 !!!
Elapsed: 1.8710579872131348

*** Epoch 1, batch 40/520 ***
Training fitness: 0.9775862068965517
Model size: (7, 12)
Validation fitness: 0.9664615321731131 !!!
Elapsed: 1.7354004383087158

*** Epoch 1, batch 41/520 ***
Training fitness: 0.9764885496183207
Model size: (5, 11)
Validation fitness: 0.9624405735004323 
Elapsed: 1.7991020679473877

*** Epoch 1, batch 42/520 ***
Training fitness: 0.9734480864310566
Model size: (5, 11)
Validation fitness: 0.9624405735004323 
Elapsed: 3.162795066833496

*** Epoch 1, batch 43/520 ***
Training fitness: 0.973186409550046
Model size: (6, 13)
Validation fitness: 0.9602785367714324 
Elapsed: 2.107976198196411

*** Epoch 1, batch 44/520 ***
Training fitness: 0.9666727705548435
Model size: (9, 16)
Validation fitness: 0.9610044212564169 
Elapsed: 3.2383391857147217

*** Epoch 1, batch 45/520 ***
Training fitness: 0.9814608134920635
Model size: (3, 9)
Validation fitness: 0.9611035563060871 
Elapsed: 3.738231897354126

*** Epoch 1, batch 46/520 ***
Training fitness: 0.9553805774278215
Model size: (8, 15)
Validation fitness: 0.9683187861331539 !!!
Elapsed: 3.811370611190796

*** Epoch 1, batch 47/520 ***
Training fitness: 0.9697862932940309
Model size: (9, 15)
Validation fitness: 0.9680698899808989 
Elapsed: 3.945725440979004

*** Epoch 1, batch 48/520 ***
Training fitness: 0.9737582578908736
Model size: (6, 13)
Validation fitness: 0.9602785367714324 
Elapsed: 2.1139767169952393

*** Epoch 1, batch 49/520 ***
Training fitness: 0.9777709923664123
Model size: (8, 15)
Validation fitness: 0.9683187861331539 
Elapsed: 1.9535930156707764

*** Epoch 1, batch 50/520 ***
Training fitness: 0.9883498854087089
Model size: (7, 14)
Validation fitness: 0.9666600222263403 
Elapsed: 1.8039147853851318

*** Epoch 1, batch 51/520 ***
Training fitness: 0.9775545634920635
Model size: (7, 14)
Validation fitness: 0.962081058872674 
Elapsed: 1.9955921173095703

*** Epoch 1, batch 52/520 ***
Training fitness: 0.9815662577061588
Model size: (7, 14)
Validation fitness: 0.962081058872674 
Elapsed: 2.104203224182129

*** Epoch 1, batch 53/520 ***
Training fitness: 0.957763671875
Model size: (7, 14)
Validation fitness: 0.962081058872674 
Elapsed: 2.3214313983917236

*** Epoch 1, batch 54/520 ***
Training fitness: 0.9729960899315737
Model size: (7, 14)
Validation fitness: 0.9666600222263403 
Elapsed: 3.5256667137145996

*** Epoch 1, batch 55/520 ***
Training fitness: 0.9803571428571429
Model size: (6, 11)
Validation fitness: 0.9618673003538141 
Elapsed: 3.5556228160858154

*** Epoch 1, batch 56/520 ***
Training fitness: 0.9569852941176471
Model size: (6, 11)
Validation fitness: 0.9635960829145502 
Elapsed: 1.8755178451538086

*** Epoch 1, batch 57/520 ***
Training fitness: 0.9709923664122138
Model size: (7, 13)
Validation fitness: 0.9558381810253479 
Elapsed: 2.1845338344573975

*** Epoch 1, batch 58/520 ***
Training fitness: 0.9710144927536232
Model size: (4, 14)
Validation fitness: 0.9654483145941788 
Elapsed: 2.100404977798462

*** Epoch 1, batch 59/520 ***
Training fitness: 0.9598974546786303
Model size: (8, 14)
Validation fitness: 0.9609848820194846 
Elapsed: 2.176138162612915

*** Epoch 1, batch 60/520 ***
Training fitness: 0.9599020508111417
Model size: (6, 20)
Validation fitness: 0.9599829737362228 
Elapsed: 2.1937172412872314

*** Epoch 1, batch 61/520 ***
Training fitness: 0.9720910261914986
Model size: (8, 14)
Validation fitness: 0.9609848820194846 
Elapsed: 2.263197183609009

*** Epoch 1, batch 62/520 ***
Training fitness: 0.9686562595653504
Model size: (8, 14)
Validation fitness: 0.9609848820194846 
Elapsed: 4.241513967514038

*** Epoch 1, batch 63/520 ***
Training fitness: 0.9761023646741517
Model size: (9, 23)
Validation fitness: 0.9570553875046763 
Elapsed: 4.389422178268433

*** Epoch 1, batch 64/520 ***
Training fitness: 0.9662658032685785
Model size: (6, 20)
Validation fitness: 0.9599829737362228 
Elapsed: 4.270074129104614

*** Epoch 1, batch 65/520 ***
Training fitness: 0.9710534351145038
Model size: (9, 16)
Validation fitness: 0.9629913746916292 
Elapsed: 4.11335301399231

*** Epoch 1, batch 66/520 ***
Training fitness: 0.9658560550233358
Model size: (7, 17)
Validation fitness: 0.9578500075792443 
Elapsed: 4.273085117340088

*** Epoch 1, batch 67/520 ***
Training fitness: 0.9772365196078431
Model size: (9, 16)
Validation fitness: 0.9629913746916292 
Elapsed: 4.2738425731658936

*** Epoch 1, batch 68/520 ***
Training fitness: 0.9872976338729764
Model size: (7, 11)
Validation fitness: 0.9638522192155748 
Elapsed: 3.9859731197357178

*** Epoch 1, batch 69/520 ***
Training fitness: 0.9741464013755834
Model size: (7, 13)
Validation fitness: 0.9611410492790187 
Elapsed: 4.420857667922974

*** Epoch 1, batch 70/520 ***
Training fitness: 0.9534526225173707
Model size: (7, 11)
Validation fitness: 0.9638522192155748 
Elapsed: 3.9381744861602783

*** Epoch 1, batch 71/520 ***
Training fitness: 0.966550692791308
Model size: (7, 11)
Validation fitness: 0.9638522192155748 
Elapsed: 3.80418062210083

*** Epoch 1, batch 72/520 ***
Training fitness: 0.9621671258034894
Model size: (7, 18)
Validation fitness: 0.9552971677821078 
Elapsed: 3.881098508834839

*** Epoch 1, batch 73/520 ***
Training fitness: 0.9580882352941177
Model size: (9, 24)
Validation fitness: 0.9661146465643478 
Elapsed: 4.1505022048950195

*** Epoch 1, batch 74/520 ***
Training fitness: 0.9525643376734519
Model size: (9, 13)
Validation fitness: 0.9610295418232234 
Elapsed: 3.919492721557617

*** Epoch 1, batch 75/520 ***
Training fitness: 0.9583944281524927
Model size: (5, 15)
Validation fitness: 0.9634801672162764 
Elapsed: 4.064338207244873

*** Epoch 1, batch 76/520 ***
Training fitness: 0.9580988500122338
Model size: (6, 15)
Validation fitness: 0.9622256602236673 
Elapsed: 3.997316360473633

*** Epoch 1, batch 77/520 ***
Training fitness: 0.9617709923664123
Model size: (7, 16)
Validation fitness: 0.963002354056472 
Elapsed: 4.025385618209839

*** Epoch 1, batch 78/520 ***
Training fitness: 0.9803645705896746
Model size: (7, 11)
Validation fitness: 0.9638522192155748 
Elapsed: 3.077892303466797

*** Epoch 1, batch 79/520 ***
Training fitness: 0.9596892586249083
Model size: (4, 11)
Validation fitness: 0.9619135273289955 
Elapsed: 2.1442368030548096

*** Epoch 1, batch 80/520 ***
Training fitness: 0.966550692791308
Model size: (4, 11)
Validation fitness: 0.9619135273289955 
Elapsed: 2.1471662521362305

*** Epoch 1, batch 81/520 ***
Training fitness: 0.9706583532000734
Model size: (7, 11)
Validation fitness: 0.9638522192155748 
Elapsed: 2.14687180519104

*** Epoch 1, batch 82/520 ***
Training fitness: 0.9834720937403638
Model size: (7, 11)
Validation fitness: 0.9638522192155748 
Elapsed: 2.1370832920074463

*** Epoch 1, batch 83/520 ***
Training fitness: 0.9739417665769513
Model size: (6, 20)
Validation fitness: 0.9599829737362228 
Elapsed: 2.297236442565918

*** Epoch 1, batch 84/520 ***
Training fitness: 0.9685789829674721
Model size: (6, 15)
Validation fitness: 0.9617298108451563 
Elapsed: 2.2219183444976807

*** Epoch 1, batch 85/520 ***
Training fitness: 0.9688720703125
Model size: (5, 13)
Validation fitness: 0.9634026151417355 
Elapsed: 2.0861735343933105

*** Epoch 1, batch 86/520 ***
Training fitness: 0.9574494250753244
Model size: (5, 11)
Validation fitness: 0.9693846826679452 !!!
Elapsed: 2.230285882949829

*** Epoch 1, batch 87/520 ***
Training fitness: 0.9635838860230902
Model size: (5, 13)
Validation fitness: 0.9559921945697419 
Elapsed: 2.337566375732422

*** Epoch 1, batch 88/520 ***
Training fitness: 0.9848651960784313
Model size: (5, 13)
Validation fitness: 0.9535573875270383 
Elapsed: 2.1846179962158203

*** Epoch 1, batch 89/520 ***
Training fitness: 0.9678859799363837
Model size: (4, 13)
Validation fitness: 0.9669734931738229 
Elapsed: 2.139153480529785

*** Epoch 1, batch 90/520 ***
Training fitness: 0.9619678334910122
Model size: (4, 13)
Validation fitness: 0.9669734931738229 
Elapsed: 2.1019105911254883

*** Epoch 1, batch 91/520 ***
Training fitness: 0.9755486276667278
Model size: (6, 13)
Validation fitness: 0.9702214055823196 !!!
Elapsed: 2.1946420669555664

*** Epoch 1, batch 92/520 ***
Training fitness: 0.9608815426997245
Model size: (5, 14)
Validation fitness: 0.9650762625948802 
Elapsed: 2.283290386199951

*** Epoch 1, batch 93/520 ***
Training fitness: 0.9843130073857047
Model size: (7, 16)
Validation fitness: 0.963002354056472 
Elapsed: 2.3039298057556152

*** Epoch 1, batch 94/520 ***
Training fitness: 0.9802651865556584
Model size: (4, 13)
Validation fitness: 0.96537644466171 
Elapsed: 2.249237537384033

*** Epoch 1, batch 95/520 ***
Training fitness: 0.9575109143454468
Model size: (6, 13)
Validation fitness: 0.9702214055823196 
Elapsed: 2.190105438232422

*** Epoch 1, batch 96/520 ***
Training fitness: 0.9764957264957265
Model size: (3, 12)
Validation fitness: 0.9664384370150131 
Elapsed: 2.2432940006256104

*** Epoch 1, batch 97/520 ***
Training fitness: 0.9709923664122138
Model size: (5, 11)
Validation fitness: 0.9693846826679452 
Elapsed: 2.175013780593872

*** Epoch 1, batch 98/520 ***
Training fitness: 0.9713307659392383
Model size: (7, 16)
Validation fitness: 0.9618949962140438 
Elapsed: 2.207460403442383

*** Epoch 1, batch 99/520 ***
Training fitness: 0.9725325032045413
Model size: (5, 11)
Validation fitness: 0.9683413680655184 
Elapsed: 2.0825092792510986

*** Epoch 1, batch 100/520 ***
Training fitness: 0.957737839661412
Model size: (5, 11)
Validation fitness: 0.9693846826679452 
Elapsed: 2.1129283905029297

*** Epoch 1, batch 101/520 ***
Training fitness: 0.9686260147714094
Model size: (5, 11)
Validation fitness: 0.9693846826679452 
Elapsed: 2.1810593605041504

*** Epoch 1, batch 102/520 ***
Training fitness: 0.9748762149275629
Model size: (5, 8)
Validation fitness: 0.958706727967815 
Elapsed: 2.3447487354278564

*** Epoch 1, batch 103/520 ***
Training fitness: 0.965909090909091
Model size: (6, 19)
Validation fitness: 0.9605939873038949 
Elapsed: 2.4940192699432373

*** Epoch 1, batch 104/520 ***
Training fitness: 0.973460591133005
Model size: (6, 16)
Validation fitness: 0.9635522571026318 
Elapsed: 2.4058425426483154

*** Epoch 1, batch 105/520 ***
Training fitness: 0.9861416361416361
Model size: (4, 14)
Validation fitness: 0.9643520277640459 
Elapsed: 2.289616107940674

*** Epoch 1, batch 106/520 ***
Training fitness: 0.9795219756708844
Model size: (11, 20)
Validation fitness: 0.9513251488492105 
Elapsed: 2.4776718616485596

*** Epoch 1, batch 107/520 ***
Training fitness: 0.958117123795404
Model size: (5, 7)
Validation fitness: 0.9549074461539139 
Elapsed: 2.358628034591675

*** Epoch 1, batch 108/520 ***
Training fitness: 0.9794306703397612
Model size: (11, 20)
Validation fitness: 0.9513251488492105 
Elapsed: 2.641038179397583

*** Epoch 1, batch 109/520 ***
Training fitness: 0.9551282051282051
Model size: (9, 20)
Validation fitness: 0.9597673089503452 
Elapsed: 2.470824718475342

*** Epoch 1, batch 110/520 ***
Training fitness: 0.9872053872053872
Model size: (10, 19)
Validation fitness: 0.9565936309785986 
Elapsed: 2.3003735542297363

*** Epoch 1, batch 111/520 ***
Training fitness: 0.9491105813313772
Model size: (5, 10)
Validation fitness: 0.9601359974881266 
Elapsed: 2.331186056137085

*** Epoch 1, batch 112/520 ***
Training fitness: 0.9785038167938931
Model size: (12, 22)
Validation fitness: 0.9593157619505072 
Elapsed: 2.5208468437194824

*** Epoch 1, batch 113/520 ***
Training fitness: 0.9655490051584377
Model size: (7, 10)
Validation fitness: 0.9644044684365257 
Elapsed: 2.2816193103790283

*** Epoch 1, batch 114/520 ***
Training fitness: 0.97953431372549
Model size: (9, 19)
Validation fitness: 0.9635178159898777 
Elapsed: 2.527299165725708

*** Epoch 1, batch 115/520 ***
Training fitness: 0.9765395894428152
Model size: (12, 22)
Validation fitness: 0.9591032315075144 
Elapsed: 2.5493407249450684

*** Epoch 1, batch 116/520 ***
Training fitness: 0.980772752243179
Model size: (8, 17)
Validation fitness: 0.9552777201926281 
Elapsed: 2.350163698196411

*** Epoch 1, batch 117/520 ***
Training fitness: 0.972893772893773
Model size: (12, 22)
Validation fitness: 0.9591032315075144 
Elapsed: 2.5047528743743896

*** Epoch 1, batch 118/520 ***
Training fitness: 0.9619471213244378
Model size: (10, 19)
Validation fitness: 0.9594321725450259 
Elapsed: 2.2287676334381104

*** Epoch 1, batch 119/520 ***
Training fitness: 0.9765337327591587
Model size: (9, 19)
Validation fitness: 0.962024714018706 
Elapsed: 2.373833179473877

*** Epoch 1, batch 120/520 ***
Training fitness: 0.9719800747198007
Model size: (7, 16)
Validation fitness: 0.9570790417122385 
Elapsed: 2.405357599258423

*** Epoch 1, batch 121/520 ***
Training fitness: 0.9605483012562658
Model size: (7, 16)
Validation fitness: 0.9570790417122385 
Elapsed: 2.414475202560425

*** Epoch 1, batch 122/520 ***
Training fitness: 0.970393931979447
Model size: (7, 10)
Validation fitness: 0.9644044684365257 
Elapsed: 2.2379589080810547

*** Epoch 1, batch 123/520 ***
Training fitness: 0.9423511450381679
Model size: (5, 14)
Validation fitness: 0.9613670152385885 
Elapsed: 2.2106845378875732

*** Epoch 1, batch 124/520 ***
Training fitness: 0.9695136852394917
Model size: (12, 22)
Validation fitness: 0.9591032315075144 
Elapsed: 2.417210340499878

*** Epoch 1, batch 125/520 ***
Training fitness: 0.9725885225885226
Model size: (7, 10)
Validation fitness: 0.9644044684365257 
Elapsed: 2.1638121604919434

*** Epoch 1, batch 126/520 ***
Training fitness: 0.9651930261519303
Model size: (12, 21)
Validation fitness: 0.9591971884761027 
Elapsed: 2.384873151779175

*** Epoch 1, batch 127/520 ***
Training fitness: 0.9501468069488622
Model size: (17, 26)
Validation fitness: 0.9505362933994221 
Elapsed: 2.3174545764923096

*** Epoch 1, batch 128/520 ***
Training fitness: 0.969758064516129
Model size: (8, 11)
Validation fitness: 0.9651097505741255 
Elapsed: 2.322786331176758

*** Epoch 1, batch 129/520 ***
Training fitness: 0.978322279538197
Model size: (12, 21)
Validation fitness: 0.9591971884761027 
Elapsed: 2.4825663566589355

*** Epoch 1, batch 130/520 ***
Training fitness: 0.9809465648854961
Model size: (7, 11)
Validation fitness: 0.9669730532660495 
Elapsed: 2.350166082382202

*** Epoch 1, batch 131/520 ***
Training fitness: 0.9793526785714286
Model size: (7, 11)
Validation fitness: 0.9669730532660495 
Elapsed: 2.2462990283966064

*** Epoch 1, batch 132/520 ***
Training fitness: 0.9761421631925229
Model size: (11, 21)
Validation fitness: 0.9601346502705709 
Elapsed: 2.3783199787139893

*** Epoch 1, batch 133/520 ***
Training fitness: 0.9822290076335878
Model size: (7, 14)
Validation fitness: 0.9675102356457637 
Elapsed: 2.3152689933776855

*** Epoch 1, batch 134/520 ***
Training fitness: 0.9743026307758041
Model size: (7, 14)
Validation fitness: 0.9675102356457637 
Elapsed: 2.2840754985809326

*** Epoch 1, batch 135/520 ***
Training fitness: 0.955972906403941
Model size: (12, 21)
Validation fitness: 0.9591971884761027 
Elapsed: 2.327662467956543

*** Epoch 1, batch 136/520 ***
Training fitness: 0.9620361328125
Model size: (7, 14)
Validation fitness: 0.9675102356457637 
Elapsed: 2.238612174987793

*** Epoch 1, batch 137/520 ***
Training fitness: 0.9556779920416284
Model size: (7, 14)
Validation fitness: 0.9675102356457637 
Elapsed: 2.22298526763916

*** Epoch 1, batch 138/520 ***
Training fitness: 0.9774630541871921
Model size: (13, 23)
Validation fitness: 0.9575338788556312 
Elapsed: 2.4220519065856934

*** Epoch 1, batch 139/520 ***
Training fitness: 0.9692684419957147
Model size: (8, 23)
Validation fitness: 0.9563582711551191 
Elapsed: 2.3948562145233154

*** Epoch 1, batch 140/520 ***
Training fitness: 0.9636041105945682
Model size: (9, 19)
Validation fitness: 0.960670054689701 
Elapsed: 2.4911043643951416

*** Epoch 1, batch 141/520 ***
Training fitness: 0.9532292623201715
Model size: (10, 20)
Validation fitness: 0.9632983386699645 
Elapsed: 2.3048503398895264

*** Epoch 1, batch 142/520 ***
Training fitness: 0.9737820512820513
Model size: (9, 17)
Validation fitness: 0.9641640771678884 
Elapsed: 2.227177619934082

*** Epoch 1, batch 143/520 ***
Training fitness: 0.9826617826617827
Model size: (5, 11)
Validation fitness: 0.9585947897689916 
Elapsed: 2.2331697940826416

*** Epoch 1, batch 144/520 ***
Training fitness: 0.97430419921875
Model size: (13, 23)
Validation fitness: 0.9550325815859372 
Elapsed: 2.6491947174072266

*** Epoch 1, batch 145/520 ***
Training fitness: 0.976648939421725
Model size: (8, 24)
Validation fitness: 0.9637630645735121 
Elapsed: 2.43955135345459

*** Epoch 1, batch 146/520 ***
Training fitness: 0.9737459846800098
Model size: (8, 24)
Validation fitness: 0.9637630645735121 
Elapsed: 2.3491344451904297

*** Epoch 1, batch 147/520 ***
Training fitness: 0.9733177942709932
Model size: (10, 24)
Validation fitness: 0.9596730220509271 
Elapsed: 2.434253454208374

*** Epoch 1, batch 148/520 ***
Training fitness: 0.9628273210034792
Model size: (17, 26)
Validation fitness: 0.9525835416938171 
Elapsed: 2.417992353439331

*** Epoch 1, batch 149/520 ***
Training fitness: 0.9827712609970674
Model size: (10, 20)
Validation fitness: 0.9632983386699645 
Elapsed: 2.393820285797119

*** Epoch 1, batch 150/520 ***
Training fitness: 0.9631165294882109
Model size: (4, 10)
Validation fitness: 0.9617143224256368 
Elapsed: 2.26969575881958

*** Epoch 1, batch 151/520 ***
Training fitness: 0.963384069930925
Model size: (8, 24)
Validation fitness: 0.9637630645735121 
Elapsed: 2.5809249877929688

*** Epoch 1, batch 152/520 ***
Training fitness: 0.9599632690541782
Model size: (17, 25)
Validation fitness: 0.9636684844022451 
Elapsed: 2.458949565887451

*** Epoch 1, batch 153/520 ***
Training fitness: 0.9768009768009768
Model size: (9, 16)
Validation fitness: 0.9647377352338082 
Elapsed: 2.258197069168091

*** Epoch 1, batch 154/520 ***
Training fitness: 0.965873015873016
Model size: (15, 29)
Validation fitness: 0.960312263034055 
Elapsed: 2.553493022918701

*** Epoch 1, batch 155/520 ***
Training fitness: 0.9615575396825398
Model size: (9, 13)
Validation fitness: 0.9648260650487958 
Elapsed: 2.1930525302886963

*** Epoch 1, batch 156/520 ***
Training fitness: 0.9743699535111329
Model size: (9, 25)
Validation fitness: 0.9561678094187553 
Elapsed: 2.546665906906128

*** Epoch 1, batch 157/520 ***
Training fitness: 0.9649090348442799
Model size: (13, 25)
Validation fitness: 0.9570147876830957 
Elapsed: 2.4860434532165527

*** Epoch 1, batch 158/520 ***
Training fitness: 0.9584658673843895
Model size: (8, 22)
Validation fitness: 0.9601755800229816 
Elapsed: 2.302516222000122

*** Epoch 1, batch 159/520 ***
Training fitness: 0.976936760105502
Model size: (12, 26)
Validation fitness: 0.9547587939855077 
Elapsed: 2.4031951427459717

*** Epoch 1, batch 160/520 ***
Training fitness: 0.9704856787048568
Model size: (11, 21)
Validation fitness: 0.959294188140123 
Elapsed: 2.470447540283203

*** Epoch 1, batch 161/520 ***
Training fitness: 0.9772449229263518
Model size: (9, 17)
Validation fitness: 0.9596031133739478 
Elapsed: 2.2713258266448975

*** Epoch 1, batch 162/520 ***
Training fitness: 0.957903463522476
Model size: (9, 20)
Validation fitness: 0.9527958430181779 
Elapsed: 2.2425620555877686

*** Epoch 1, batch 163/520 ***
Training fitness: 0.9638200183654729
Model size: (9, 17)
Validation fitness: 0.9621658144370033 
Elapsed: 2.274799108505249

*** Epoch 1, batch 164/520 ***
Training fitness: 0.9621155753968255
Model size: (18, 24)
Validation fitness: 0.961154191523747 
Elapsed: 2.494349241256714

*** Epoch 1, batch 165/520 ***
Training fitness: 0.9630129424032386
Model size: (12, 25)
Validation fitness: 0.9567622256327294 
Elapsed: 2.402387857437134

*** Epoch 1, batch 166/520 ***
Training fitness: 0.9590354090354091
Model size: (9, 18)
Validation fitness: 0.96092270838752 
Elapsed: 2.419431686401367

*** Epoch 1, batch 167/520 ***
Training fitness: 0.9700244200244201
Model size: (12, 25)
Validation fitness: 0.9574535406985258 
Elapsed: 2.517007350921631

*** Epoch 1, batch 168/520 ***
Training fitness: 0.9683053435114504
Model size: (15, 30)
Validation fitness: 0.9599926242130005 
Elapsed: 2.913828134536743

*** Epoch 1, batch 169/520 ***
Training fitness: 0.9719843405921214
Model size: (11, 16)
Validation fitness: 0.9501858610342342 
Elapsed: 2.3422157764434814

*** Epoch 1, batch 170/520 ***
Training fitness: 0.9604779411764706
Model size: (12, 27)
Validation fitness: 0.961727721283233 
Elapsed: 2.4947729110717773

*** Epoch 1, batch 171/520 ***
Training fitness: 0.9752182140023195
Model size: (10, 24)
Validation fitness: 0.9546654785490889 
Elapsed: 2.80800461769104

*** Epoch 1, batch 172/520 ***
Training fitness: 0.9613731269958241
Model size: (11, 24)
Validation fitness: 0.9618679877097099 
Elapsed: 2.5639119148254395

*** Epoch 1, batch 173/520 ***
Training fitness: 0.9721865639709029
Model size: (11, 26)
Validation fitness: 0.9593401035139649 
Elapsed: 2.5931894779205322

*** Epoch 1, batch 174/520 ***
Training fitness: 0.9571297709923665
Model size: (8, 17)
Validation fitness: 0.9590518356159965 
Elapsed: 2.375796318054199

*** Epoch 1, batch 175/520 ***
Training fitness: 0.9690532869437832
Model size: (11, 24)
Validation fitness: 0.9618679877097099 
Elapsed: 2.5314433574676514

*** Epoch 1, batch 176/520 ***
Training fitness: 0.956969246031746
Model size: (4, 9)
Validation fitness: 0.959767565563213 
Elapsed: 2.1974523067474365

*** Epoch 1, batch 177/520 ***
Training fitness: 0.9860831349569676
Model size: (13, 23)
Validation fitness: 0.953059851835396 
Elapsed: 2.280820608139038

*** Epoch 1, batch 178/520 ***
Training fitness: 0.9607291411793492
Model size: (12, 22)
Validation fitness: 0.9581809831902075 
Elapsed: 3.4742038249969482

*** Epoch 1, batch 179/520 ***
Training fitness: 0.9677796224558814
Model size: (11, 24)
Validation fitness: 0.9620567722976878 
Elapsed: 4.986278533935547

*** Epoch 1, batch 180/520 ***
Training fitness: 0.9682597814808032
Model size: (10, 22)
Validation fitness: 0.9650276527859266 
Elapsed: 3.365900993347168

*** Epoch 1, batch 181/520 ***
Training fitness: 0.9775171065493646
Model size: (10, 22)
Validation fitness: 0.9650276527859266 
Elapsed: 2.314108371734619

*** Epoch 1, batch 182/520 ***
Training fitness: 0.9574351145038168
Model size: (12, 27)
Validation fitness: 0.9514521538892704 
Elapsed: 2.218165159225464

*** Epoch 1, batch 183/520 ***
Training fitness: 0.9560817027540944
Model size: (20, 29)
Validation fitness: 0.957187323177696 
Elapsed: 2.380382537841797

*** Epoch 1, batch 184/520 ***
Training fitness: 0.9784827923467204
Model size: (11, 24)
Validation fitness: 0.9638417714059582 
Elapsed: 2.3290576934814453

*** Epoch 1, batch 185/520 ***
Training fitness: 0.9743087839491069
Model size: (12, 24)
Validation fitness: 0.9628730211711114 
Elapsed: 2.3393406867980957

*** Epoch 1, batch 186/520 ***
Training fitness: 0.9803860523038603
Model size: (12, 24)
Validation fitness: 0.9599639843840073 
Elapsed: 2.30010986328125

*** Epoch 1, batch 187/520 ***
Training fitness: 0.9513417690567884
Model size: (14, 25)
Validation fitness: 0.9568455514967953 
Elapsed: 1.9840638637542725

*** Epoch 1, batch 188/520 ***
Training fitness: 0.9691607066446604
Model size: (10, 13)
Validation fitness: 0.9550811089121835 
Elapsed: 1.9550049304962158

*** Epoch 1, batch 189/520 ***
Training fitness: 0.9644843816859221
Model size: (15, 28)
Validation fitness: 0.9566158188269164 
Elapsed: 2.079761266708374

*** Epoch 1, batch 190/520 ***
Training fitness: 0.9679863147605083
Model size: (9, 20)
Validation fitness: 0.957687424998016 
Elapsed: 1.9792380332946777

*** Epoch 1, batch 191/520 ***
Training fitness: 0.9739311783107403
Model size: (15, 28)
Validation fitness: 0.9566158188269164 
Elapsed: 2.2485883235931396

*** Epoch 1, batch 192/520 ***
Training fitness: 0.9554501488095237
Model size: (15, 28)
Validation fitness: 0.9566158188269164 
Elapsed: 2.3853907585144043

*** Epoch 1, batch 193/520 ***
Training fitness: 0.9496936274509804
Model size: (12, 24)
Validation fitness: 0.9628730211711114 
Elapsed: 2.22780179977417

*** Epoch 1, batch 194/520 ***
Training fitness: 0.9636818653482268
Model size: (20, 33)
Validation fitness: 0.9569364199462249 
Elapsed: 2.3900468349456787

*** Epoch 1, batch 195/520 ***
Training fitness: 0.9771825396825397
Model size: (12, 21)
Validation fitness: 0.9549608124656663 
Elapsed: 2.298532724380493

*** Epoch 1, batch 196/520 ***
Training fitness: 0.9486354353610991
Model size: (15, 26)
Validation fitness: 0.9563171397783121 
Elapsed: 2.18507981300354

*** Epoch 1, batch 197/520 ***
Training fitness: 0.9658062148275018
Model size: (11, 22)
Validation fitness: 0.9635704399572629 
Elapsed: 2.1634082794189453

*** Epoch 1, batch 198/520 ***
Training fitness: 0.9853983382209188
Model size: (11, 22)
Validation fitness: 0.9635704399572629 
Elapsed: 2.290865182876587

*** Epoch 1, batch 199/520 ***
Training fitness: 0.9543134722990838
Model size: (11, 22)
Validation fitness: 0.9635704399572629 
Elapsed: 2.170290946960449

*** Epoch 1, batch 200/520 ***
Training fitness: 0.9645190839694657
Model size: (11, 22)
Validation fitness: 0.9635704399572629 
Elapsed: 2.16658616065979

*** Epoch 1, batch 201/520 ***
Training fitness: 0.9790598290598291
Model size: (17, 29)
Validation fitness: 0.9575370773517331 
Elapsed: 1.975527286529541

*** Epoch 1, batch 202/520 ***
Training fitness: 0.9655874190564292
Model size: (10, 18)
Validation fitness: 0.9596019586160427 
Elapsed: 2.061807870864868

*** Epoch 1, batch 203/520 ***
Training fitness: 0.9612432128814828
Model size: (11, 19)
Validation fitness: 0.9658552476140044 
Elapsed: 2.158712148666382

*** Epoch 1, batch 204/520 ***
Training fitness: 0.9751818570817288
Model size: (11, 19)
Validation fitness: 0.9658552476140044 
Elapsed: 2.2393860816955566

*** Epoch 1, batch 205/520 ***
Training fitness: 0.960085085085085
Model size: (11, 22)
Validation fitness: 0.9611113188453375 
Elapsed: 2.2041008472442627

*** Epoch 1, batch 206/520 ***
Training fitness: 0.9626505287609268
Model size: (11, 19)
Validation fitness: 0.9658552476140044 
Elapsed: 2.184582471847534

*** Epoch 1, batch 207/520 ***
Training fitness: 0.9724611671514326
Model size: (11, 25)
Validation fitness: 0.958254328646666 
Elapsed: 2.2528622150421143

*** Epoch 1, batch 208/520 ***
Training fitness: 0.9700055204563577
Model size: (11, 20)
Validation fitness: 0.9627968254788717 
Elapsed: 2.204468250274658

*** Epoch 1, batch 209/520 ***
Training fitness: 0.9717396623440177
Model size: (10, 13)
Validation fitness: 0.9532350267766362 
Elapsed: 1.9592998027801514

*** Epoch 1, batch 210/520 ***
Training fitness: 0.9795831041017178
Model size: (11, 19)
Validation fitness: 0.9658552476140044 
Elapsed: 2.299842119216919

*** Epoch 1, batch 211/520 ***
Training fitness: 0.9687786960514233
Model size: (11, 20)
Validation fitness: 0.9624316836975128 
Elapsed: 2.2126126289367676

*** Epoch 1, batch 212/520 ***
Training fitness: 0.9779002142638507
Model size: (11, 20)
Validation fitness: 0.9627968254788717 
Elapsed: 2.1241517066955566

*** Epoch 1, batch 213/520 ***
Training fitness: 0.951147842056933
Model size: (15, 26)
Validation fitness: 0.9592478236937625 
Elapsed: 2.0505104064941406

*** Epoch 1, batch 214/520 ***
Training fitness: 0.9528539892778303
Model size: (13, 19)
Validation fitness: 0.960210662667905 
Elapsed: 2.051011800765991

*** Epoch 1, batch 215/520 ***
Training fitness: 0.9778715080383886
Model size: (12, 21)
Validation fitness: 0.9580028755304786 
Elapsed: 2.1251609325408936

*** Epoch 1, batch 216/520 ***
Training fitness: 0.9362332112332111
Model size: (12, 20)
Validation fitness: 0.9587594802416339 
Elapsed: 1.9294264316558838

*** Epoch 1, batch 217/520 ***
Training fitness: 0.972247692401736
Model size: (12, 22)
Validation fitness: 0.9619459155388074 
Elapsed: 2.0884487628936768

*** Epoch 1, batch 218/520 ***
Training fitness: 0.9725684261974584
Model size: (15, 28)
Validation fitness: 0.9569685423784237 
Elapsed: 2.16772198677063

*** Epoch 1, batch 219/520 ***
Training fitness: 0.9705738705738706
Model size: (11, 16)
Validation fitness: 0.9524832702157325 
Elapsed: 1.8945462703704834

*** Epoch 1, batch 220/520 ***
Training fitness: 0.9546372819100093
Model size: (19, 30)
Validation fitness: 0.9586499432060734 
Elapsed: 1.9822566509246826

*** Epoch 1, batch 221/520 ***
Training fitness: 0.9638583638583639
Model size: (11, 19)
Validation fitness: 0.9531997425073166 
Elapsed: 1.8139262199401855

*** Epoch 1, batch 222/520 ***
Training fitness: 0.945736434108527
Model size: (15, 27)
Validation fitness: 0.9587584537901629 
Elapsed: 2.0313785076141357

*** Epoch 1, batch 223/520 ***
Training fitness: 0.9548858221424593
Model size: (11, 19)
Validation fitness: 0.9608541011043703 
Elapsed: 1.862983226776123

*** Epoch 1, batch 224/520 ***
Training fitness: 0.9712601326455417
Model size: (16, 30)
Validation fitness: 0.956154438055395 
Elapsed: 1.85123610496521

*** Epoch 1, batch 225/520 ***
Training fitness: 0.9454822954822955
Model size: (15, 23)
Validation fitness: 0.9445399930237961 
Elapsed: 1.9803721904754639

*** Epoch 1, batch 226/520 ***
Training fitness: 0.9712977099236642
Model size: (12, 21)
Validation fitness: 0.9619923716326206 
Elapsed: 1.9623074531555176

*** Epoch 1, batch 227/520 ***
Training fitness: 0.9560916030534351
Model size: (12, 21)
Validation fitness: 0.9619923716326206 
Elapsed: 1.9927644729614258

*** Epoch 1, batch 228/520 ***
Training fitness: 0.9729960899315738
Model size: (12, 21)
Validation fitness: 0.9619923716326206 
Elapsed: 1.845456838607788

*** Epoch 1, batch 229/520 ***
Training fitness: 0.9656351095647928
Model size: (12, 21)
Validation fitness: 0.9619923716326206 
Elapsed: 1.957308053970337

*** Epoch 1, batch 230/520 ***
Training fitness: 0.9690476190476189
Model size: (12, 17)
Validation fitness: 0.9646166322897072 
Elapsed: 1.7576422691345215

*** Epoch 1, batch 231/520 ***
Training fitness: 0.9495710784313726
Model size: (18, 29)
Validation fitness: 0.9566366319634422 
Elapsed: 2.1514105796813965

*** Epoch 1, batch 232/520 ***
Training fitness: 0.9698320610687022
Model size: (11, 16)
Validation fitness: 0.96522601453272 
Elapsed: 1.8617875576019287

*** Epoch 1, batch 233/520 ***
Training fitness: 0.9697210667971617
Model size: (11, 17)
Validation fitness: 0.9631647166838138 
Elapsed: 1.9387249946594238

*** Epoch 1, batch 234/520 ***
Training fitness: 0.9610000611284308
Model size: (11, 16)
Validation fitness: 0.96522601453272 
Elapsed: 1.7249414920806885

*** Epoch 1, batch 235/520 ***
Training fitness: 0.9666037735849058
Model size: (11, 16)
Validation fitness: 0.96522601453272 
Elapsed: 1.7800965309143066

*** Epoch 1, batch 236/520 ***
Training fitness: 0.9465126230209671
Model size: (12, 20)
Validation fitness: 0.9635737575950534 
Elapsed: 1.826953649520874

*** Epoch 1, batch 237/520 ***
Training fitness: 0.97344970703125
Model size: (12, 19)
Validation fitness: 0.9618517294515871 
Elapsed: 1.946589469909668

*** Epoch 1, batch 238/520 ***
Training fitness: 0.9611114518800221
Model size: (14, 22)
Validation fitness: 0.9537894938659444 
Elapsed: 1.8465495109558105

*** Epoch 1, batch 239/520 ***
Training fitness: 0.9704719545342229
Model size: (10, 14)
Validation fitness: 0.9644502555039336 
Elapsed: 1.7520885467529297

*** Epoch 1, batch 240/520 ***
Training fitness: 0.9732883979279785
Model size: (10, 12)
Validation fitness: 0.9649793545783127 
Elapsed: 1.839146614074707

*** Epoch 1, batch 241/520 ***
Training fitness: 0.9614020063616344
Model size: (10, 12)
Validation fitness: 0.9649793545783127 
Elapsed: 1.8159222602844238

*** Epoch 1, batch 242/520 ***
Training fitness: 0.9705049261083742
Model size: (10, 12)
Validation fitness: 0.9649793545783127 
Elapsed: 1.8459115028381348

*** Epoch 1, batch 243/520 ***
Training fitness: 0.9755114503816794
Model size: (10, 12)
Validation fitness: 0.9649793545783127 
Elapsed: 1.902613639831543

*** Epoch 1, batch 244/520 ***
Training fitness: 0.9574780058651027
Model size: (14, 23)
Validation fitness: 0.9607223762204921 
Elapsed: 1.8498539924621582

*** Epoch 1, batch 245/520 ***
Training fitness: 0.9616931740825546
Model size: (13, 22)
Validation fitness: 0.9624262764977989 
Elapsed: 1.7577247619628906

*** Epoch 1, batch 246/520 ***
Training fitness: 0.9798276178250505
Model size: (13, 22)
Validation fitness: 0.9586131559185282 
Elapsed: 1.790388584136963

*** Epoch 1, batch 247/520 ***
Training fitness: 0.9618055555555556
Model size: (10, 12)
Validation fitness: 0.9649793545783127 
Elapsed: 1.7502448558807373

*** Epoch 1, batch 248/520 ***
Training fitness: 0.9628063725490197
Model size: (12, 23)
Validation fitness: 0.957942534847569 
Elapsed: 1.8509442806243896

*** Epoch 1, batch 249/520 ***
Training fitness: 0.9577296900788558
Model size: (14, 21)
Validation fitness: 0.9673465166361206 
Elapsed: 1.9250411987304688

*** Epoch 1, batch 250/520 ***
Training fitness: 0.9658730158730159
Model size: (14, 21)
Validation fitness: 0.9672898876750489 
Elapsed: 1.8186583518981934

*** Epoch 1, batch 251/520 ***
Training fitness: 0.9642006958432521
Model size: (15, 22)
Validation fitness: 0.9660738726126067 
Elapsed: 1.797743797302246

*** Epoch 1, batch 252/520 ***
Training fitness: 0.9813831410608558
Model size: (14, 21)
Validation fitness: 0.9673465166361206 
Elapsed: 1.862440586090088

*** Epoch 1, batch 253/520 ***
Training fitness: 0.9806558585114222
Model size: (10, 13)
Validation fitness: 0.9617823248355982 
Elapsed: 1.7960190773010254

*** Epoch 1, batch 254/520 ***
Training fitness: 0.9758800122436486
Model size: (14, 21)
Validation fitness: 0.9673465166361206 
Elapsed: 1.9316620826721191

*** Epoch 1, batch 255/520 ***
Training fitness: 0.9680009883864591
Model size: (10, 13)
Validation fitness: 0.9658438741651147 
Elapsed: 1.7419328689575195

*** Epoch 1, batch 256/520 ***
Training fitness: 0.970947265625
Model size: (10, 13)
Validation fitness: 0.9658438741651147 
Elapsed: 1.688255786895752

*** Epoch 1, batch 257/520 ***
Training fitness: 0.9826140189776553
Model size: (13, 20)
Validation fitness: 0.935524229845213 
Elapsed: 1.9811606407165527

*** Epoch 1, batch 258/520 ***
Training fitness: 0.9750305250305251
Model size: (11, 21)
Validation fitness: 0.9582729605738156 
Elapsed: 1.8140907287597656

*** Epoch 1, batch 259/520 ***
Training fitness: 0.9660714285714287
Model size: (18, 24)
Validation fitness: 0.9583067051659288 
Elapsed: 1.7316563129425049

*** Epoch 1, batch 260/520 ***
Training fitness: 0.9521430773974715
Model size: (10, 13)
Validation fitness: 0.9658438741651147 
Elapsed: 1.9444966316223145

*** Epoch 1, batch 261/520 ***
Training fitness: 0.9544338000491279
Model size: (13, 18)
Validation fitness: 0.9618642026699102 
Elapsed: 1.9490268230438232

*** Epoch 1, batch 262/520 ***
Training fitness: 0.9649122807017545
Model size: (13, 18)
Validation fitness: 0.9618642026699102 
Elapsed: 2.0112900733947754

*** Epoch 1, batch 263/520 ***
Training fitness: 0.974609375
Model size: (10, 13)
Validation fitness: 0.9658438741651147 
Elapsed: 1.9043998718261719

*** Epoch 1, batch 264/520 ***
Training fitness: 0.96047165200391
Model size: (19, 30)
Validation fitness: 0.9576438557989652 
Elapsed: 1.86946439743042

*** Epoch 1, batch 265/520 ***
Training fitness: 0.9722832722832723
Model size: (14, 20)
Validation fitness: 0.9630852400127646 
Elapsed: 1.9047307968139648

*** Epoch 1, batch 266/520 ***
Training fitness: 0.9677850264057161
Model size: (11, 15)
Validation fitness: 0.9669254699085671 
Elapsed: 1.8777215480804443

*** Epoch 1, batch 267/520 ***
Training fitness: 0.9690482016148765
Model size: (19, 30)
Validation fitness: 0.9576438557989652 
Elapsed: 1.7820227146148682

*** Epoch 1, batch 268/520 ***
Training fitness: 0.9737496116806461
Model size: (11, 16)
Validation fitness: 0.9646976944616894 
Elapsed: 1.8164927959442139

*** Epoch 1, batch 269/520 ***
Training fitness: 0.9716312056737588
Model size: (10, 15)
Validation fitness: 0.9664086974165866 
Elapsed: 1.7320115566253662

*** Epoch 1, batch 270/520 ***
Training fitness: 0.9714460784313725
Model size: (12, 20)
Validation fitness: 0.9630649034429932 
Elapsed: 1.7725787162780762

*** Epoch 1, batch 271/520 ***
Training fitness: 0.9747067448680352
Model size: (23, 31)
Validation fitness: 0.9568390811866292 
Elapsed: 1.7823681831359863

*** Epoch 1, batch 272/520 ***
Training fitness: 0.9663065372642373
Model size: (23, 31)
Validation fitness: 0.9572275380799748 
Elapsed: 1.7648005485534668

*** Epoch 1, batch 273/520 ***
Training fitness: 0.9770220588235294
Model size: (21, 33)
Validation fitness: 0.9382658267360914 
Elapsed: 1.6970179080963135

*** Epoch 1, batch 274/520 ***
Training fitness: 0.9729465648854961
Model size: (14, 20)
Validation fitness: 0.9630852400127646 
Elapsed: 1.7225024700164795

*** Epoch 1, batch 275/520 ***
Training fitness: 0.977183753364326
Model size: (14, 20)
Validation fitness: 0.9630852400127646 
Elapsed: 1.7892258167266846

*** Epoch 1, batch 276/520 ***
Training fitness: 0.9646278555637435
Model size: (5, 11)
Validation fitness: 0.9531139055030446 
Elapsed: 1.555821180343628

*** Epoch 1, batch 277/520 ***
Training fitness: 0.9624266862170088
Model size: (18, 25)
Validation fitness: 0.9583577344676356 
Elapsed: 1.6092355251312256

*** Epoch 1, batch 278/520 ***
Training fitness: 0.97216796875
Model size: (9, 20)
Validation fitness: 0.9596143585164036 
Elapsed: 1.7846465110778809

*** Epoch 1, batch 279/520 ***
Training fitness: 0.9786907393760746
Model size: (14, 21)
Validation fitness: 0.9611036846125209 
Elapsed: 1.7538764476776123

*** Epoch 1, batch 280/520 ***
Training fitness: 0.9574754901960784
Model size: (16, 23)
Validation fitness: 0.9574069104745523 
Elapsed: 1.7643485069274902

*** Epoch 1, batch 281/520 ***
Training fitness: 0.9597390493942218
Model size: (6, 9)
Validation fitness: 0.9637919701801185 
Elapsed: 1.8972454071044922

*** Epoch 1, batch 282/520 ***
Training fitness: 0.9785143136177745
Model size: (21, 27)
Validation fitness: 0.9468703769588039 
Elapsed: 1.6203265190124512

*** Epoch 1, batch 283/520 ***
Training fitness: 0.9516039992639391
Model size: (15, 24)
Validation fitness: 0.963941227221713 
Elapsed: 1.8124985694885254

*** Epoch 1, batch 284/520 ***
Training fitness: 0.9716030534351144
Model size: (15, 24)
Validation fitness: 0.963941227221713 
Elapsed: 1.8543567657470703

*** Epoch 1, batch 285/520 ***
Training fitness: 0.9742038021883979
Model size: (14, 22)
Validation fitness: 0.964573374691996 
Elapsed: 1.8540174961090088

*** Epoch 1, batch 286/520 ***
Training fitness: 0.9700367647058823
Model size: (14, 22)
Validation fitness: 0.964573374691996 
Elapsed: 1.8499023914337158

*** Epoch 1, batch 287/520 ***
Training fitness: 0.9689312091802478
Model size: (14, 20)
Validation fitness: 0.9623588056430635 
Elapsed: 1.8594274520874023

*** Epoch 1, batch 288/520 ***
Training fitness: 0.977394916911046
Model size: (6, 9)
Validation fitness: 0.9637919701801185 
Elapsed: 1.7513024806976318

*** Epoch 1, batch 289/520 ***
Training fitness: 0.9797961301348959
Model size: (4, 8)
Validation fitness: 0.9580965942156894 
Elapsed: 1.7286734580993652

*** Epoch 1, batch 290/520 ***
Training fitness: 0.971236641221374
Model size: (7, 12)
Validation fitness: 0.9572830031183961 
Elapsed: 1.8513240814208984

*** Epoch 1, batch 291/520 ***
Training fitness: 0.986825980392157
Model size: (16, 23)
Validation fitness: 0.9646388476322606 
Elapsed: 1.7478597164154053

*** Epoch 1, batch 292/520 ***
Training fitness: 0.9813186813186814
Model size: (6, 13)
Validation fitness: 0.958286854327657 
Elapsed: 1.7224493026733398

*** Epoch 1, batch 293/520 ***
Training fitness: 0.9876709808010796
Model size: (14, 22)
Validation fitness: 0.9593759559974919 
Elapsed: 1.7242364883422852

*** Epoch 1, batch 294/520 ***
Training fitness: 0.9597390493942219
Model size: (8, 13)
Validation fitness: 0.9582125099139631 
Elapsed: 1.830204725265503

*** Epoch 1, batch 295/520 ***
Training fitness: 0.9744872745243389
Model size: (16, 23)
Validation fitness: 0.9646388476322606 
Elapsed: 1.7602107524871826

*** Epoch 1, batch 296/520 ***
Training fitness: 0.9664268585131894
Model size: (7, 13)
Validation fitness: 0.9588220021339193 
Elapsed: 1.9064915180206299

*** Epoch 1, batch 297/520 ***
Training fitness: 0.9543293293293293
Model size: (17, 25)
Validation fitness: 0.9636090052053919 
Elapsed: 1.7034046649932861

*** Epoch 1, batch 298/520 ***
Training fitness: 0.9784330713534254
Model size: (7, 12)
Validation fitness: 0.9604931751058392 
Elapsed: 1.7463529109954834

*** Epoch 1, batch 299/520 ***
Training fitness: 0.9666666666666667
Model size: (9, 19)
Validation fitness: 0.9571396298432702 
Elapsed: 1.7757644653320312

*** Epoch 1, batch 300/520 ***
Training fitness: 0.9552584996642861
Model size: (7, 15)
Validation fitness: 0.961983087745654 
Elapsed: 2.0077407360076904

*** Epoch 1, batch 301/520 ***
Training fitness: 0.9655334629618014
Model size: (7, 12)
Validation fitness: 0.9604931751058392 
Elapsed: 1.8366990089416504

*** Epoch 1, batch 302/520 ***
Training fitness: 0.9722629521016618
Model size: (7, 13)
Validation fitness: 0.9588220021339193 
Elapsed: 1.8205487728118896

*** Epoch 1, batch 303/520 ***
Training fitness: 0.9656889872717211
Model size: (14, 21)
Validation fitness: 0.959183313051752 
Elapsed: 1.8271703720092773

*** Epoch 1, batch 304/520 ***
Training fitness: 0.9788805469083807
Model size: (7, 15)
Validation fitness: 0.961983087745654 
Elapsed: 1.8551137447357178

*** Epoch 1, batch 305/520 ***
Training fitness: 0.9511688945858512
Model size: (15, 21)
Validation fitness: 0.9559558930136964 
Elapsed: 1.8545596599578857

*** Epoch 1, batch 306/520 ***
Training fitness: 0.974365234375
Model size: (14, 18)
Validation fitness: 0.9602416944954157 
Elapsed: 1.674518346786499

*** Epoch 1, batch 307/520 ***
Training fitness: 0.9659626568717478
Model size: (13, 20)
Validation fitness: 0.9592881394082396 
Elapsed: 1.7422246932983398

*** Epoch 1, batch 308/520 ***
Training fitness: 0.9728987364951475
Model size: (7, 11)
Validation fitness: 0.9562934672412595 
Elapsed: 1.9079535007476807

*** Epoch 1, batch 309/520 ***
Training fitness: 0.971978021978022
Model size: (7, 13)
Validation fitness: 0.9588220021339193 
Elapsed: 1.7608425617218018

*** Epoch 1, batch 310/520 ***
Training fitness: 0.9810661764705881
Model size: (14, 19)
Validation fitness: 0.9559674589222369 
Elapsed: 1.8468451499938965

*** Epoch 1, batch 311/520 ***
Training fitness: 0.9629355534998459
Model size: (7, 13)
Validation fitness: 0.9588220021339193 
Elapsed: 1.852020025253296

*** Epoch 1, batch 312/520 ***
Training fitness: 0.9593222412527526
Model size: (17, 25)
Validation fitness: 0.9604935416956502 
Elapsed: 1.8863017559051514

*** Epoch 1, batch 313/520 ***
Training fitness: 0.9713587786259543
Model size: (15, 23)
Validation fitness: 0.9623948780804771 
Elapsed: 1.8904898166656494

*** Epoch 1, batch 314/520 ***
Training fitness: 0.9516483516483516
Model size: (14, 23)
Validation fitness: 0.9562474785494555 
Elapsed: 1.6698334217071533

*** Epoch 1, batch 315/520 ***
Training fitness: 0.9674318947046219
Model size: (7, 15)
Validation fitness: 0.9614152401282404 
Elapsed: 1.8801963329315186

*** Epoch 1, batch 316/520 ***
Training fitness: 0.9374384236453202
Model size: (16, 25)
Validation fitness: 0.96349067917911 
Elapsed: 1.8805062770843506

*** Epoch 1, batch 317/520 ***
Training fitness: 0.979718137254902
Model size: (8, 9)
Validation fitness: 0.9596442630802453 
Elapsed: 1.665184497833252

*** Epoch 1, batch 318/520 ***
Training fitness: 0.959228515625
Model size: (19, 22)
Validation fitness: 0.960087580138824 
Elapsed: 1.9069204330444336

*** Epoch 1, batch 319/520 ***
Training fitness: 0.9783836895111765
Model size: (8, 9)
Validation fitness: 0.9558787533526929 
Elapsed: 1.8639285564422607

*** Epoch 1, batch 320/520 ***
Training fitness: 0.974247614387081
Model size: (11, 15)
Validation fitness: 0.9460464938525638 
Elapsed: 1.696460485458374

*** Epoch 1, batch 321/520 ***
Training fitness: 0.9700325325325325
Model size: (16, 27)
Validation fitness: 0.957554288743365 
Elapsed: 1.6389834880828857

*** Epoch 1, batch 322/520 ***
Training fitness: 0.9658730158730159
Model size: (16, 24)
Validation fitness: 0.956901914680254 
Elapsed: 1.73699951171875

*** Epoch 1, batch 323/520 ***
Training fitness: 0.9677853169509139
Model size: (15, 20)
Validation fitness: 0.9579809168007928 
Elapsed: 1.744657039642334

*** Epoch 1, batch 324/520 ***
Training fitness: 0.9740347018572826
Model size: (14, 19)
Validation fitness: 0.9578447745096907 
Elapsed: 1.73252272605896

*** Epoch 1, batch 325/520 ***
Training fitness: 0.9714285714285713
Model size: (5, 13)
Validation fitness: 0.9508996113964706 
Elapsed: 1.9427154064178467

*** Epoch 1, batch 326/520 ***
Training fitness: 0.9427455289019105
Model size: (18, 20)
Validation fitness: 0.9571450553724745 
Elapsed: 1.7545888423919678

*** Epoch 1, batch 327/520 ***
Training fitness: 0.9780766396462786
Model size: (19, 30)
Validation fitness: 0.9567597144925233 
Elapsed: 1.7521734237670898

*** Epoch 1, batch 328/520 ***
Training fitness: 0.959050262102991
Model size: (18, 22)
Validation fitness: 0.9527919480014349 
Elapsed: 1.6675312519073486

*** Epoch 1, batch 329/520 ***
Training fitness: 0.9597504281869341
Model size: (15, 23)
Validation fitness: 0.9546377826888592 
Elapsed: 1.7336912155151367

*** Epoch 1, batch 330/520 ***
Training fitness: 0.9444750535659626
Model size: (8, 9)
Validation fitness: 0.9636124053258901 
Elapsed: 1.7582058906555176

*** Epoch 1, batch 331/520 ***
Training fitness: 0.9750229007633587
Model size: (6, 14)
Validation fitness: 0.9494313275555113 
Elapsed: 1.9532594680786133

*** Epoch 1, batch 332/520 ***
Training fitness: 0.9640151515151515
Model size: (8, 9)
Validation fitness: 0.9606871011159178 
Elapsed: 1.7406275272369385

*** Epoch 1, batch 333/520 ***
Training fitness: 0.9703832752613241
Model size: (18, 22)
Validation fitness: 0.9545013929496348 
Elapsed: 1.7508065700531006

*** Epoch 1, batch 334/520 ***
Training fitness: 0.9838669950738916
Model size: (8, 9)
Validation fitness: 0.9583337778234793 
Elapsed: 1.6971089839935303

*** Epoch 1, batch 335/520 ***
Training fitness: 0.9576923076923076
Model size: (8, 9)
Validation fitness: 0.9610818633540145 
Elapsed: 1.7328529357910156

*** Epoch 1, batch 336/520 ***
Training fitness: 0.9601600985221674
Model size: (20, 28)
Validation fitness: 0.9603472173725446 
Elapsed: 1.8585293292999268

*** Epoch 1, batch 337/520 ***
Training fitness: 0.9728029602220167
Model size: (8, 10)
Validation fitness: 0.9619603408478744 
Elapsed: 1.7881417274475098

*** Epoch 1, batch 338/520 ***
Training fitness: 0.9607249831896816
Model size: (15, 21)
Validation fitness: 0.9584897984470889 
Elapsed: 1.869469165802002

*** Epoch 1, batch 339/520 ***
Training fitness: 0.9659574468085107
Model size: (20, 27)
Validation fitness: 0.9615995614852679 
Elapsed: 1.7780959606170654

*** Epoch 1, batch 340/520 ***
Training fitness: 0.9624915452253582
Model size: (20, 27)
Validation fitness: 0.9573828988419244 
Elapsed: 1.7543323040008545

*** Epoch 1, batch 341/520 ***
Training fitness: 0.9658388930071659
Model size: (14, 20)
Validation fitness: 0.9586487884481685 
Elapsed: 1.756075382232666

*** Epoch 1, batch 342/520 ***
Training fitness: 0.9669386002576212
Model size: (9, 11)
Validation fitness: 0.9563590868174486 
Elapsed: 1.7744426727294922

*** Epoch 1, batch 343/520 ***
Training fitness: 0.963958740234375
Model size: (10, 16)
Validation fitness: 0.9646300128178128 
Elapsed: 1.8315906524658203

*** Epoch 1, batch 344/520 ***
Training fitness: 0.9563249327134817
Model size: (10, 18)
Validation fitness: 0.9648603045371539 
Elapsed: 2.0273654460906982

*** Epoch 1, batch 345/520 ***
Training fitness: 0.9818938096403229
Model size: (10, 18)
Validation fitness: 0.9648603045371539 
Elapsed: 1.9720571041107178

*** Epoch 1, batch 346/520 ***
Training fitness: 0.9657509157509158
Model size: (10, 18)
Validation fitness: 0.9648603045371539 
Elapsed: 1.9588613510131836

*** Epoch 1, batch 347/520 ***
Training fitness: 0.9683528836754642
Model size: (9, 14)
Validation fitness: 0.9588714917584195 
Elapsed: 1.8828761577606201

*** Epoch 1, batch 348/520 ***
Training fitness: 0.9688264442074892
Model size: (8, 9)
Validation fitness: 0.9610818633540145 
Elapsed: 1.7672827243804932

*** Epoch 1, batch 349/520 ***
Training fitness: 0.9714896214896214
Model size: (10, 18)
Validation fitness: 0.9648603045371539 
Elapsed: 1.9514732360839844

*** Epoch 1, batch 350/520 ***
Training fitness: 0.9600831346659331
Model size: (9, 17)
Validation fitness: 0.9657578447011917 
Elapsed: 2.0832226276397705

*** Epoch 1, batch 351/520 ***
Training fitness: 0.981331368214198
Model size: (9, 17)
Validation fitness: 0.9630973833002577 
Elapsed: 1.891432285308838

*** Epoch 1, batch 352/520 ***
Training fitness: 0.9441169245885532
Model size: (9, 17)
Validation fitness: 0.9632146462160874 
Elapsed: 1.9190022945404053

*** Epoch 1, batch 353/520 ***
Training fitness: 0.9732866617538688
Model size: (21, 31)
Validation fitness: 0.9559985732324552 
Elapsed: 1.8656301498413086

*** Epoch 1, batch 354/520 ***
Training fitness: 0.9667175572519083
Model size: (10, 14)
Validation fitness: 0.966419227708911 
Elapsed: 1.8351376056671143

*** Epoch 1, batch 355/520 ***
Training fitness: 0.9737292277614858
Model size: (10, 14)
Validation fitness: 0.966419227708911 
Elapsed: 1.8657994270324707

*** Epoch 1, batch 356/520 ***
Training fitness: 0.9728803183348638
Model size: (12, 19)
Validation fitness: 0.9590986857938566 
Elapsed: 1.942918300628662

*** Epoch 1, batch 357/520 ***
Training fitness: 0.9588328847565452
Model size: (17, 19)
Validation fitness: 0.9451365171291838 
Elapsed: 1.7854888439178467

*** Epoch 1, batch 358/520 ***
Training fitness: 0.9652519083969466
Model size: (9, 18)
Validation fitness: 0.9596772378337549 
Elapsed: 1.9240388870239258

*** Epoch 1, batch 359/520 ***
Training fitness: 0.9710410557184751
Model size: (10, 14)
Validation fitness: 0.966419227708911 
Elapsed: 1.9119129180908203

*** Epoch 1, batch 360/520 ***
Training fitness: 0.9790441176470589
Model size: (9, 18)
Validation fitness: 0.9596772378337549 
Elapsed: 2.064497232437134

*** Epoch 1, batch 361/520 ***
Training fitness: 0.975145038167939
Model size: (8, 14)
Validation fitness: 0.9641427141466459 
Elapsed: 1.890819787979126

*** Epoch 1, batch 362/520 ***
Training fitness: 0.9649498409591387
Model size: (10, 19)
Validation fitness: 0.964829831759105 
Elapsed: 1.8934450149536133

*** Epoch 1, batch 363/520 ***
Training fitness: 0.9550513435405522
Model size: (10, 19)
Validation fitness: 0.964829831759105 
Elapsed: 2.0176796913146973

*** Epoch 1, batch 364/520 ***
Training fitness: 0.9697581879400061
Model size: (10, 13)
Validation fitness: 0.9624011834252283 
Elapsed: 1.8592808246612549

*** Epoch 1, batch 365/520 ***
Training fitness: 0.9716900024563988
Model size: (10, 19)
Validation fitness: 0.964829831759105 
Elapsed: 1.8453648090362549

*** Epoch 1, batch 366/520 ***
Training fitness: 0.9818548387096775
Model size: (8, 13)
Validation fitness: 0.9638280059585508 
Elapsed: 1.7618844509124756

*** Epoch 1, batch 367/520 ***
Training fitness: 0.9500091558322651
Model size: (8, 13)
Validation fitness: 0.9638280059585508 
Elapsed: 1.8048439025878906

*** Epoch 1, batch 368/520 ***
Training fitness: 0.9405024509803922
Model size: (9, 14)
Validation fitness: 0.9615214228670294 
Elapsed: 1.7988615036010742

*** Epoch 1, batch 369/520 ***
Training fitness: 0.9712454212454212
Model size: (10, 16)
Validation fitness: 0.9616424708226587 
Elapsed: 1.8468022346496582

*** Epoch 1, batch 370/520 ***
Training fitness: 0.9775507707364817
Model size: (10, 14)
Validation fitness: 0.9624782772625052 
Elapsed: 1.8931639194488525

*** Epoch 1, batch 371/520 ***
Training fitness: 0.9654203323558163
Model size: (9, 15)
Validation fitness: 0.9578886186510998 
Elapsed: 1.8767054080963135

*** Epoch 1, batch 372/520 ***
Training fitness: 0.9769207223752678
Model size: (8, 12)
Validation fitness: 0.9550148386390793 
Elapsed: 1.9082083702087402

*** Epoch 1, batch 373/520 ***
Training fitness: 0.9597079667644184
Model size: (11, 19)
Validation fitness: 0.9563917682991094 
Elapsed: 2.1277077198028564

*** Epoch 1, batch 374/520 ***
Training fitness: 0.964987829994383
Model size: (9, 12)
Validation fitness: 0.964060478887268 
Elapsed: 1.7980296611785889

*** Epoch 1, batch 375/520 ***
Training fitness: 0.9661631048882339
Model size: (4, 7)
Validation fitness: 0.9606724741824543 
Elapsed: 1.830047607421875

*** Epoch 1, batch 376/520 ***
Training fitness: 0.9671920821114369
Model size: (13, 20)
Validation fitness: 0.9607800499625254 
Elapsed: 1.8969686031341553

*** Epoch 1, batch 377/520 ***
Training fitness: 0.9745989304812834
Model size: (4, 8)
Validation fitness: 0.9592949029902548 
Elapsed: 1.9542303085327148

*** Epoch 1, batch 378/520 ***
Training fitness: 0.9728987364951474
Model size: (10, 16)
Validation fitness: 0.9616424708226587 
Elapsed: 1.8885352611541748

*** Epoch 1, batch 379/520 ***
Training fitness: 0.9712454212454212
Model size: (4, 8)
Validation fitness: 0.9592949029902548 
Elapsed: 1.843674898147583

*** Epoch 1, batch 380/520 ***
Training fitness: 0.9718559218559218
Model size: (11, 18)
Validation fitness: 0.961594484216384 
Elapsed: 1.9168617725372314

*** Epoch 1, batch 381/520 ***
Training fitness: 0.9720898570456092
Model size: (10, 15)
Validation fitness: 0.9655569901436831 
Elapsed: 1.884528636932373

*** Epoch 1, batch 382/520 ***
Training fitness: 0.9752806231981843
Model size: (8, 10)
Validation fitness: 0.9579479787062642 
Elapsed: 1.8892183303833008

*** Epoch 1, batch 383/520 ***
Training fitness: 0.9774625399164825
Model size: (10, 15)
Validation fitness: 0.9655569901436831 
Elapsed: 1.9141342639923096

*** Epoch 1, batch 384/520 ***
Training fitness: 0.9861649142224681
Model size: (14, 20)
Validation fitness: 0.9546938251062331 
Elapsed: 1.9744200706481934

*** Epoch 1, batch 385/520 ***
Training fitness: 0.9718070009460738
Model size: (12, 20)
Validation fitness: 0.9618975623427216 
Elapsed: 2.0452728271484375

*** Epoch 1, batch 386/520 ***
Training fitness: 0.9783311969724715
Model size: (10, 13)
Validation fitness: 0.9671019829026177 
Elapsed: 1.8803162574768066

*** Epoch 1, batch 387/520 ***
Training fitness: 0.9654541015625
Model size: (10, 14)
Validation fitness: 0.9597499875817702 
Elapsed: 1.8252840042114258

*** Epoch 1, batch 388/520 ***
Training fitness: 0.9635838860230902
Model size: (11, 14)
Validation fitness: 0.969032591483862 
Elapsed: 1.9261338710784912

*** Epoch 1, batch 389/520 ***
Training fitness: 0.9779538197003194
Model size: (12, 20)
Validation fitness: 0.9618975623427216 
Elapsed: 2.0183961391448975

*** Epoch 1, batch 390/520 ***
Training fitness: 0.972776658731612
Model size: (11, 14)
Validation fitness: 0.969032591483862 
Elapsed: 1.8872654438018799

*** Epoch 1, batch 391/520 ***
Training fitness: 0.9716520039100685
Model size: (11, 14)
Validation fitness: 0.969032591483862 
Elapsed: 1.946462631225586

*** Epoch 1, batch 392/520 ***
Training fitness: 0.9750603378921963
Model size: (10, 15)
Validation fitness: 0.9655569901436831 
Elapsed: 1.847975254058838

*** Epoch 1, batch 393/520 ***
Training fitness: 0.9768934531450578
Model size: (11, 14)
Validation fitness: 0.969032591483862 
Elapsed: 1.9355578422546387

*** Epoch 1, batch 394/520 ***
Training fitness: 0.9825954198473281
Model size: (11, 14)
Validation fitness: 0.969032591483862 
Elapsed: 1.8570373058319092

*** Epoch 1, batch 395/520 ***
Training fitness: 0.9601343101343102
Model size: (11, 16)
Validation fitness: 0.9649284169240586 
Elapsed: 1.7420825958251953

*** Epoch 1, batch 396/520 ***
Training fitness: 0.9760416666666667
Model size: (11, 16)
Validation fitness: 0.9649284169240586 
Elapsed: 1.7612316608428955

*** Epoch 1, batch 397/520 ***
Training fitness: 0.9667338094366111
Model size: (5, 7)
Validation fitness: 0.9548041411451422 
Elapsed: 1.7803168296813965

*** Epoch 1, batch 398/520 ***
Training fitness: 0.9738095238095238
Model size: (8, 11)
Validation fitness: 0.9620858795286901 
Elapsed: 1.8878467082977295

*** Epoch 1, batch 399/520 ***
Training fitness: 0.9817155067155066
Model size: (12, 24)
Validation fitness: 0.9611731717112175 
Elapsed: 2.083456039428711

*** Epoch 1, batch 400/520 ***
Training fitness: 0.95587158203125
Model size: (11, 16)
Validation fitness: 0.9670891522592289 
Elapsed: 1.6854188442230225

*** Epoch 1, batch 401/520 ***
Training fitness: 0.9842288648450394
Model size: (8, 14)
Validation fitness: 0.9669910894847562 
Elapsed: 1.9644041061401367

*** Epoch 1, batch 402/520 ***
Training fitness: 0.9641176111009231
Model size: (6, 9)
Validation fitness: 0.956281736367304 
Elapsed: 1.6508617401123047

*** Epoch 1, batch 403/520 ***
Training fitness: 0.9708302628346843
Model size: (5, 9)
Validation fitness: 0.962526135562346 
Elapsed: 1.7339777946472168

*** Epoch 1, batch 404/520 ***
Training fitness: 0.9782661782661782
Model size: (8, 15)
Validation fitness: 0.9545922522343191 
Elapsed: 1.8125901222229004

*** Epoch 1, batch 405/520 ***
Training fitness: 0.9770582793709528
Model size: (10, 12)
Validation fitness: 0.9619115935677418 
Elapsed: 1.8404014110565186

*** Epoch 1, batch 406/520 ***
Training fitness: 0.9732868757259001
Model size: (5, 9)
Validation fitness: 0.962526135562346 
Elapsed: 1.723684549331665

*** Epoch 1, batch 407/520 ***
Training fitness: 0.9728937728937729
Model size: (11, 16)
Validation fitness: 0.9677208414922478 
Elapsed: 1.5758090019226074

*** Epoch 1, batch 408/520 ***
Training fitness: 0.9698025551684089
Model size: (6, 12)
Validation fitness: 0.9634221727081584 
Elapsed: 1.7978265285491943

*** Epoch 1, batch 409/520 ***
Training fitness: 0.9880250552689757
Model size: (8, 14)
Validation fitness: 0.9669910894847562 
Elapsed: 1.8455026149749756

*** Epoch 1, batch 410/520 ***
Training fitness: 0.9674019607843137
Model size: (8, 14)
Validation fitness: 0.9669910894847562 
Elapsed: 1.7984068393707275

*** Epoch 1, batch 411/520 ***
Training fitness: 0.9780766396462786
Model size: (6, 9)
Validation fitness: 0.9634296144813241 
Elapsed: 1.7570736408233643

*** Epoch 1, batch 412/520 ***
Training fitness: 0.9565831491034144
Model size: (11, 16)
Validation fitness: 0.9677208414922478 
Elapsed: 1.6956963539123535

*** Epoch 1, batch 413/520 ***
Training fitness: 0.9655788177339901
Model size: (10, 16)
Validation fitness: 0.9667182366883449 
Elapsed: 1.6007919311523438

*** Epoch 1, batch 414/520 ***
Training fitness: 0.9800245098039215
Model size: (10, 16)
Validation fitness: 0.9667182366883449 
Elapsed: 1.6075477600097656

*** Epoch 1, batch 415/520 ***
Training fitness: 0.9701857282502443
Model size: (6, 11)
Validation fitness: 0.9510830346084609 
Elapsed: 1.799790859222412

*** Epoch 1, batch 416/520 ***
Training fitness: 0.971830985915493
Model size: (10, 15)
Validation fitness: 0.9677671601148818 
Elapsed: 1.6323697566986084

*** Epoch 1, batch 417/520 ***
Training fitness: 0.9846059113300493
Model size: (10, 18)
Validation fitness: 0.9686347498913519 
Elapsed: 1.6168460845947266

*** Epoch 1, batch 418/520 ***
Training fitness: 0.9591344628466273
Model size: (6, 10)
Validation fitness: 0.9547475030193253 
Elapsed: 1.6257667541503906

*** Epoch 1, batch 419/520 ***
Training fitness: 0.9781380496192582
Model size: (8, 14)
Validation fitness: 0.9662429346687468 
Elapsed: 1.7457118034362793

*** Epoch 1, batch 420/520 ***
Training fitness: 0.9777777777777779
Model size: (8, 14)
Validation fitness: 0.9662429346687468 
Elapsed: 1.7331719398498535

*** Epoch 1, batch 421/520 ***
Training fitness: 0.9822214076246334
Model size: (7, 13)
Validation fitness: 0.9449739803716817 
Elapsed: 1.7492973804473877

*** Epoch 1, batch 422/520 ***
Training fitness: 0.9745094443425637
Model size: (8, 14)
Validation fitness: 0.9662429346687468 
Elapsed: 1.6115639209747314

*** Epoch 1, batch 423/520 ***
Training fitness: 0.982124273033364
Model size: (7, 15)
Validation fitness: 0.9608389334509352 
Elapsed: 1.7026088237762451

*** Epoch 1, batch 424/520 ***
Training fitness: 0.9662658032685786
Model size: (8, 14)
Validation fitness: 0.9662429346687468 
Elapsed: 1.6809489727020264

*** Epoch 1, batch 425/520 ***
Training fitness: 0.9678156659253768
Model size: (7, 15)
Validation fitness: 0.9608389334509352 
Elapsed: 1.6779966354370117

*** Epoch 1, batch 426/520 ***
Training fitness: 0.98016357421875
Model size: (5, 10)
Validation fitness: 0.9515962786735095 
Elapsed: 1.600649356842041

*** Epoch 1, batch 427/520 ***
Training fitness: 0.9608886688532706
Model size: (7, 11)
Validation fitness: 0.9600073336291713 
Elapsed: 1.7174303531646729

*** Epoch 1, batch 428/520 ***
Training fitness: 0.9730158730158731
Model size: (8, 11)
Validation fitness: 0.9660570736345125 
Elapsed: 1.7078020572662354

*** Epoch 1, batch 429/520 ***
Training fitness: 0.9724580152671756
Model size: (8, 11)
Validation fitness: 0.9662303148144993 
Elapsed: 1.6640894412994385

*** Epoch 1, batch 430/520 ***
Training fitness: 0.9638716800588849
Model size: (8, 11)
Validation fitness: 0.9660570736345125 
Elapsed: 1.7241978645324707

*** Epoch 1, batch 431/520 ***
Training fitness: 0.973492500765228
Model size: (8, 12)
Validation fitness: 0.9677266702702445 
Elapsed: 1.757864236831665

*** Epoch 1, batch 432/520 ***
Training fitness: 0.9563249327134818
Model size: (8, 13)
Validation fitness: 0.9669994477324495 
Elapsed: 1.7021551132202148

*** Epoch 1, batch 433/520 ***
Training fitness: 0.9707970112079701
Model size: (9, 10)
Validation fitness: 0.9652048256416376 
Elapsed: 1.7709124088287354

*** Epoch 1, batch 434/520 ***
Training fitness: 0.959464508094645
Model size: (9, 18)
Validation fitness: 0.9665709409022399 
Elapsed: 1.6977169513702393

*** Epoch 1, batch 435/520 ***
Training fitness: 0.978494623655914
Model size: (9, 10)
Validation fitness: 0.9652048256416376 
Elapsed: 1.7361814975738525

*** Epoch 1, batch 436/520 ***
Training fitness: 0.9647689011325374
Model size: (9, 10)
Validation fitness: 0.9652048256416376 
Elapsed: 1.7325670719146729

*** Epoch 1, batch 437/520 ***
Training fitness: 0.9688101894998447
Model size: (9, 18)
Validation fitness: 0.9665709409022399 
Elapsed: 1.6828405857086182

*** Epoch 1, batch 438/520 ***
Training fitness: 0.9709558823529413
Model size: (9, 13)
Validation fitness: 0.9620979586629663 
Elapsed: 1.6715915203094482

*** Epoch 1, batch 439/520 ***
Training fitness: 0.9874075432483648
Model size: (11, 17)
Validation fitness: 0.9658090023093324 
Elapsed: 1.7087655067443848

*** Epoch 1, batch 440/520 ***
Training fitness: 0.9591967724188519
Model size: (10, 15)
Validation fitness: 0.9597235197974079 
Elapsed: 1.5650615692138672

*** Epoch 1, batch 441/520 ***
Training fitness: 0.970766129032258
Model size: (10, 15)
Validation fitness: 0.9620881615502643 
Elapsed: 1.585031270980835

*** Epoch 1, batch 442/520 ***
Training fitness: 0.9703314271659595
Model size: (10, 15)
Validation fitness: 0.9620881615502643 
Elapsed: 1.5646803379058838

*** Epoch 1, batch 443/520 ***
Training fitness: 0.9620763358778627
Model size: (4, 6)
Validation fitness: 0.9578797746719068 
Elapsed: 1.6377606391906738

*** Epoch 1, batch 444/520 ***
Training fitness: 0.9846717557251908
Model size: (6, 10)
Validation fitness: 0.9572722803664211 
Elapsed: 1.6150853633880615

*** Epoch 1, batch 445/520 ***
Training fitness: 0.9621775793650794
Model size: (11, 17)
Validation fitness: 0.9658090023093324 
Elapsed: 1.6898870468139648

*** Epoch 1, batch 446/520 ***
Training fitness: 0.97576904296875
Model size: (11, 17)
Validation fitness: 0.9658090023093324 
Elapsed: 1.738300085067749

*** Epoch 1, batch 447/520 ***
Training fitness: 0.9863916256157635
Model size: (4, 6)
Validation fitness: 0.9578797746719068 
Elapsed: 1.5728273391723633

*** Epoch 1, batch 448/520 ***
Training fitness: 0.981695745332109
Model size: (10, 15)
Validation fitness: 0.9638971997853983 
Elapsed: 1.6837043762207031

*** Epoch 1, batch 449/520 ***
Training fitness: 0.9565217391304347
Model size: (4, 6)
Validation fitness: 0.9578797746719068 
Elapsed: 1.5928115844726562

*** Epoch 1, batch 450/520 ***
Training fitness: 0.9699078312885308
Model size: (10, 14)
Validation fitness: 0.9657473785620844 
Elapsed: 1.7016057968139648

*** Epoch 1, batch 451/520 ***
Training fitness: 0.9612658846529815
Model size: (12, 21)
Validation fitness: 0.9653214745195337 
Elapsed: 1.7862370014190674

*** Epoch 1, batch 452/520 ***
Training fitness: 0.9741443452380951
Model size: (4, 10)
Validation fitness: 0.9552192491177558 
Elapsed: 1.7214372158050537

*** Epoch 1, batch 453/520 ***
Training fitness: 0.9636083743842364
Model size: (10, 15)
Validation fitness: 0.9649657357668296 
Elapsed: 1.6963276863098145

*** Epoch 1, batch 454/520 ***
Training fitness: 0.9783533533533534
Model size: (5, 8)
Validation fitness: 0.9603763795920185 
Elapsed: 1.6686835289001465

*** Epoch 1, batch 455/520 ***
Training fitness: 0.9671920821114369
Model size: (11, 21)
Validation fitness: 0.965037752335223 
Elapsed: 1.9368879795074463

*** Epoch 1, batch 456/520 ***
Training fitness: 0.9730724406550941
Model size: (11, 21)
Validation fitness: 0.965037752335223 
Elapsed: 1.9632604122161865

*** Epoch 1, batch 457/520 ***
Training fitness: 0.9762254901960785
Model size: (10, 15)
Validation fitness: 0.9642073897540715 
Elapsed: 1.8317396640777588

*** Epoch 1, batch 458/520 ***
Training fitness: 0.9734237536656891
Model size: (10, 15)
Validation fitness: 0.9649657357668296 
Elapsed: 1.856842279434204

*** Epoch 1, batch 459/520 ***
Training fitness: 0.9786261428218433
Model size: (6, 9)
Validation fitness: 0.9636427314680145 
Elapsed: 1.6838326454162598

*** Epoch 1, batch 460/520 ***
Training fitness: 0.9628036437246964
Model size: (4, 6)
Validation fitness: 0.9578797746719068 
Elapsed: 1.690053939819336

*** Epoch 1, batch 461/520 ***
Training fitness: 0.9652014652014651
Model size: (9, 8)
Validation fitness: 0.9556540063042449 
Elapsed: 1.6382830142974854

*** Epoch 1, batch 462/520 ***
Training fitness: 0.9615455044863579
Model size: (9, 8)
Validation fitness: 0.9556540063042449 
Elapsed: 1.7051618099212646

*** Epoch 1, batch 463/520 ***
Training fitness: 0.9619658119658119
Model size: (7, 8)
Validation fitness: 0.964992955060305 
Elapsed: 1.6835765838623047

*** Epoch 1, batch 464/520 ***
Training fitness: 0.9676434676434676
Model size: (7, 8)
Validation fitness: 0.964992955060305 
Elapsed: 1.6768567562103271

*** Epoch 1, batch 465/520 ***
Training fitness: 0.9720458984375
Model size: (7, 8)
Validation fitness: 0.964992955060305 
Elapsed: 1.6561882495880127

*** Epoch 1, batch 466/520 ***
Training fitness: 0.9744525547445256
Model size: (8, 7)
Validation fitness: 0.9603960929591111 
Elapsed: 1.701350212097168

*** Epoch 1, batch 467/520 ***
Training fitness: 0.9747067448680351
Model size: (12, 22)
Validation fitness: 0.96391045200707 
Elapsed: 1.9071018695831299

*** Epoch 1, batch 468/520 ***
Training fitness: 0.970707442888725
Model size: (9, 12)
Validation fitness: 0.9585607519050299 
Elapsed: 1.717719554901123

*** Epoch 1, batch 469/520 ***
Training fitness: 0.9761599119750596
Model size: (7, 8)
Validation fitness: 0.964992955060305 
Elapsed: 1.7948131561279297

*** Epoch 1, batch 470/520 ***
Training fitness: 0.9647671568627451
Model size: (6, 9)
Validation fitness: 0.9591438129996046 
Elapsed: 1.6915595531463623

*** Epoch 1, batch 471/520 ***
Training fitness: 0.9882554440910203
Model size: (8, 8)
Validation fitness: 0.9573630296741621 
Elapsed: 1.6515378952026367

*** Epoch 1, batch 472/520 ***
Training fitness: 0.972795381970032
Model size: (8, 9)
Validation fitness: 0.9559521537976229 
Elapsed: 1.7535619735717773

*** Epoch 1, batch 473/520 ***
Training fitness: 0.9591999021287007
Model size: (10, 19)
Validation fitness: 0.9631575681824971 
Elapsed: 1.664820671081543

*** Epoch 1, batch 474/520 ***
Training fitness: 0.9611792711957519
Model size: (9, 11)
Validation fitness: 0.9548804834733065 
Elapsed: 1.7665073871612549

*** Epoch 1, batch 475/520 ***
Training fitness: 0.9650076335877862
Model size: (7, 6)
Validation fitness: 0.9599379565074182 
Elapsed: 1.5617866516113281

*** Epoch 1, batch 476/520 ***
Training fitness: 0.9638649819935299
Model size: (7, 6)
Validation fitness: 0.9599379565074182 
Elapsed: 1.602342128753662

*** Epoch 1, batch 477/520 ***
Training fitness: 0.9881331049669684
Model size: (4, 8)
Validation fitness: 0.9535362811186635 
Elapsed: 1.6097769737243652

*** Epoch 1, batch 478/520 ***
Training fitness: 0.9712853518163254
Model size: (8, 11)
Validation fitness: 0.9603095685989431 
Elapsed: 1.6378178596496582

*** Epoch 1, batch 479/520 ***
Training fitness: 0.9826823876197495
Model size: (8, 12)
Validation fitness: 0.9451114882098302 
Elapsed: 1.634244441986084

*** Epoch 1, batch 480/520 ***
Training fitness: 0.9717185469397858
Model size: (6, 10)
Validation fitness: 0.9602031200825415 
Elapsed: 1.7631313800811768

*** Epoch 1, batch 481/520 ***
Training fitness: 0.9627757352941176
Model size: (6, 10)
Validation fitness: 0.9602031200825415 
Elapsed: 1.717085838317871

*** Epoch 1, batch 482/520 ***
Training fitness: 0.9484432234432235
Model size: (9, 13)
Validation fitness: 0.9569016305731504 
Elapsed: 1.6082241535186768

*** Epoch 1, batch 483/520 ***
Training fitness: 0.9794117647058823
Model size: (8, 11)
Validation fitness: 0.9603095685989431 
Elapsed: 1.648634672164917

*** Epoch 1, batch 484/520 ***
Training fitness: 0.9654961832061069
Model size: (4, 6)
Validation fitness: 0.9558100269278546 
Elapsed: 1.6843676567077637

*** Epoch 1, batch 485/520 ***
Training fitness: 0.9736359187668215
Model size: (8, 15)
Validation fitness: 0.9597965994762532 
Elapsed: 1.5663070678710938

*** Epoch 1, batch 486/520 ***
Training fitness: 0.963731527093596
Model size: (8, 7)
Validation fitness: 0.9619879817196325 
Elapsed: 1.5784447193145752

*** Epoch 1, batch 487/520 ***
Training fitness: 0.973992516714715
Model size: (11, 15)
Validation fitness: 0.9581771339971907 
Elapsed: 1.6735050678253174

*** Epoch 1, batch 488/520 ***
Training fitness: 0.9759698542129972
Model size: (9, 17)
Validation fitness: 0.938687331700909 
Elapsed: 1.7835888862609863

*** Epoch 1, batch 489/520 ***
Training fitness: 0.9858086616099828
Model size: (12, 21)
Validation fitness: 0.9551061928200085 
Elapsed: 1.8234062194824219

*** Epoch 1, batch 490/520 ***
Training fitness: 0.9498754669987546
Model size: (11, 16)
Validation fitness: 0.9634089571454678 
Elapsed: 1.7128703594207764

*** Epoch 1, batch 491/520 ***
Training fitness: 0.9829813284358739
Model size: (11, 16)
Validation fitness: 0.9634089571454678 
Elapsed: 1.6436960697174072

*** Epoch 1, batch 492/520 ***
Training fitness: 0.9720223820943246
Model size: (6, 10)
Validation fitness: 0.9602031200825415 
Elapsed: 1.7704389095306396

*** Epoch 1, batch 493/520 ***
Training fitness: 0.9678816758462776
Model size: (6, 10)
Validation fitness: 0.9602031200825415 
Elapsed: 1.7721202373504639

*** Epoch 1, batch 494/520 ***
Training fitness: 0.9810606060606061
Model size: (5, 9)
Validation fitness: 0.9624679394298318 
Elapsed: 1.8428783416748047

*** Epoch 1, batch 495/520 ***
Training fitness: 0.9529843893480258
Model size: (12, 19)
Validation fitness: 0.9628954198085704 
Elapsed: 1.6827723979949951

*** Epoch 1, batch 496/520 ***
Training fitness: 0.9758620689655172
Model size: (6, 10)
Validation fitness: 0.9602031200825415 
Elapsed: 1.722097635269165

*** Epoch 1, batch 497/520 ***
Training fitness: 0.96271165719176
Model size: (6, 10)
Validation fitness: 0.9602031200825415 
Elapsed: 1.7577731609344482

*** Epoch 1, batch 498/520 ***
Training fitness: 0.9707074428887251
Model size: (13, 21)
Validation fitness: 0.962669233895114 
Elapsed: 1.698131799697876

*** Epoch 1, batch 499/520 ***
Training fitness: 0.9603276483892659
Model size: (13, 21)
Validation fitness: 0.962669233895114 
Elapsed: 1.7283143997192383

*** Epoch 1, batch 500/520 ***
Training fitness: 0.9655278169662026
Model size: (11, 19)
Validation fitness: 0.9645415546963912 
Elapsed: 1.7741978168487549

*** Epoch 1, batch 501/520 ***
Training fitness: 0.95188246097337
Model size: (11, 19)
Validation fitness: 0.9645415546963912 
Elapsed: 1.8518149852752686

*** Epoch 1, batch 502/520 ***
Training fitness: 0.9736858246948414
Model size: (6, 10)
Validation fitness: 0.9602031200825415 
Elapsed: 1.7590608596801758

*** Epoch 1, batch 503/520 ***
Training fitness: 0.9778566185466111
Model size: (5, 6)
Validation fitness: 0.9454464229907533 
Elapsed: 1.5445683002471924

*** Epoch 1, batch 504/520 ***
Training fitness: 0.962807881773399
Model size: (4, 7)
Validation fitness: 0.9407869198555856 
Elapsed: 1.8147308826446533

*** Epoch 1, batch 505/520 ***
Training fitness: 0.9811869546382821
Model size: (6, 10)
Validation fitness: 0.9602031200825415 
Elapsed: 1.6918766498565674

*** Epoch 1, batch 506/520 ***
Training fitness: 0.9648351648351648
Model size: (6, 10)
Validation fitness: 0.9637342414496136 
Elapsed: 1.7449450492858887

*** Epoch 1, batch 507/520 ***
Training fitness: 0.9715304679333456
Model size: (8, 15)
Validation fitness: 0.9583687871504405 
Elapsed: 1.6231987476348877

*** Epoch 1, batch 508/520 ***
Training fitness: 0.9591299019607843
Model size: (3, 5)
Validation fitness: 0.9552445804737036 
Elapsed: 1.664189338684082

*** Epoch 1, batch 509/520 ***
Training fitness: 0.9627321603128054
Model size: (9, 8)
Validation fitness: 0.9387681647542593 
Elapsed: 1.512634038925171

*** Epoch 1, batch 510/520 ***
Training fitness: 0.9777954977611483
Model size: (5, 8)
Validation fitness: 0.9618859414457093 
Elapsed: 1.6942846775054932

*** Epoch 1, batch 511/520 ***
Training fitness: 0.9727367198484015
Model size: (5, 8)
Validation fitness: 0.9618859414457093 
Elapsed: 1.7168760299682617

*** Epoch 1, batch 512/520 ***
Training fitness: 0.976318359375
Model size: (5, 9)
Validation fitness: 0.9613053181733784 
Elapsed: 1.6002328395843506

*** Epoch 1, batch 513/520 ***
Training fitness: 0.9821996574504526
Model size: (4, 7)
Validation fitness: 0.9616045287772086 
Elapsed: 1.8300788402557373

*** Epoch 1, batch 514/520 ***
Training fitness: 0.9785123966942149
Model size: (5, 9)
Validation fitness: 0.9591070257120595 
Elapsed: 1.7183818817138672

*** Epoch 1, batch 515/520 ***
Training fitness: 0.9704571812244399
Model size: (13, 22)
Validation fitness: 0.966328020163906 
Elapsed: 1.6698641777038574

*** Epoch 1, batch 516/520 ***
Training fitness: 0.959094003341791
Model size: (13, 22)
Validation fitness: 0.966328020163906 
Elapsed: 1.6620211601257324

*** Epoch 1, batch 517/520 ***
Training fitness: 0.9579181880066836
Model size: (7, 12)
Validation fitness: 0.9573397145621754 
Elapsed: 1.7476766109466553

*** Epoch 1, batch 518/520 ***
Training fitness: 0.9805860805860805
Model size: (4, 7)
Validation fitness: 0.9616045287772086 
Elapsed: 1.6830534934997559

*** Epoch 1, batch 519/520 ***
Training fitness: 0.9793997188092182
Model size: (4, 8)
Validation fitness: 0.9622099335207708 
Elapsed: 1.635443925857544

*** Epoch 1, batch 520/520 ***
Training fitness: 0.96875
Model size: (5, 10)
Validation fitness: 0.9507410979621456 
Elapsed: 1.794318675994873

Total train time: 1059.0104539394379
Test time: 0.26516294479370117
Test fitness: 0.9713938155551471
Test statistics: Stats(total=14791, total_true=7158, total_false=7633, true_positive=6164, true_negative=7502, false_positive=131, false_negative=994, tpr=0.8611343950824253, tnr=0.9828376785012446, ppv=0.9791898332009531, npv=0.8830037664783428, accuracy=0.9239402339260361, f1=0.9163755296216457, mcc=0.8530341846326581)
