Configuration:
Dataset: nsl_kdd
Selector: pca
Fold: 0
Fitness: zero_sum
Batch size: 256
Epochs: 1
Config args: {}
*** Epoch 1, batch 1/520 ***
Training fitness: 0.8761360845001229
Model size: (1, 12)
Validation fitness: 0.8716676308000499 !!!
Elapsed: 3.2958767414093018

*** Epoch 1, batch 2/520 ***
Training fitness: 0.9241741741741741
Model size: (1, 12)
Validation fitness: 0.8647381709260114 
Elapsed: 2.07401967048645

*** Epoch 1, batch 3/520 ***
Training fitness: 0.8989478835331539
Model size: (2, 12)
Validation fitness: 0.8560110907700745 
Elapsed: 2.1461451053619385

*** Epoch 1, batch 4/520 ***
Training fitness: 0.9203090507726269
Model size: (2, 13)
Validation fitness: 0.9043964207509836 !!!
Elapsed: 2.17162823677063

*** Epoch 1, batch 5/520 ***
Training fitness: 0.9256851614478422
Model size: (3, 15)
Validation fitness: 0.8956593664856001 
Elapsed: 2.521012544631958

*** Epoch 1, batch 6/520 ***
Training fitness: 0.9488025415444771
Model size: (1, 9)
Validation fitness: 0.9137308683025549 !!!
Elapsed: 2.194173574447632

*** Epoch 1, batch 7/520 ***
Training fitness: 0.8980650674479644
Model size: (3, 16)
Validation fitness: 0.9036444516657771 
Elapsed: 2.2935404777526855

*** Epoch 1, batch 8/520 ***
Training fitness: 0.9294261294261293
Model size: (2, 10)
Validation fitness: 0.9021328474443016 
Elapsed: 2.2108802795410156

*** Epoch 1, batch 9/520 ***
Training fitness: 0.9180107526881721
Model size: (1, 5)
Validation fitness: 0.9053661441539995 
Elapsed: 2.2238729000091553

*** Epoch 1, batch 10/520 ***
Training fitness: 0.9037698412698413
Model size: (3, 16)
Validation fitness: 0.9075408114180749 
Elapsed: 2.3012888431549072

*** Epoch 1, batch 11/520 ***
Training fitness: 0.9215542521994134
Model size: (2, 10)
Validation fitness: 0.9021328474443016 
Elapsed: 2.2724192142486572

*** Epoch 1, batch 12/520 ***
Training fitness: 0.9204433497536946
Model size: (3, 13)
Validation fitness: 0.909488089136482 
Elapsed: 2.314345121383667

*** Epoch 1, batch 13/520 ***
Training fitness: 0.9318947046219773
Model size: (1, 7)
Validation fitness: 0.900656706723081 
Elapsed: 2.275330066680908

*** Epoch 1, batch 14/520 ***
Training fitness: 0.9214499663793632
Model size: (2, 8)
Validation fitness: 0.9106440600285687 
Elapsed: 2.293853998184204

*** Epoch 1, batch 15/520 ***
Training fitness: 0.9438472942920683
Model size: (3, 11)
Validation fitness: 0.915104767532726 !!!
Elapsed: 5.11097264289856

*** Epoch 1, batch 16/520 ***
Training fitness: 0.9245123251583767
Model size: (3, 13)
Validation fitness: 0.9060652751883358 
Elapsed: 4.595789909362793

*** Epoch 1, batch 17/520 ***
Training fitness: 0.9311274509803921
Model size: (5, 12)
Validation fitness: 0.9151591626071095 !!!
Elapsed: 4.718353986740112

*** Epoch 1, batch 18/520 ***
Training fitness: 0.9161764705882353
Model size: (3, 11)
Validation fitness: 0.915104767532726 
Elapsed: 4.41023850440979

*** Epoch 1, batch 19/520 ***
Training fitness: 0.9259803921568628
Model size: (4, 11)
Validation fitness: 0.916436920214818 !!!
Elapsed: 4.594974994659424

*** Epoch 1, batch 20/520 ***
Training fitness: 0.9304969741426737
Model size: (2, 12)
Validation fitness: 0.9137017794397426 
Elapsed: 4.388036727905273

*** Epoch 1, batch 21/520 ***
Training fitness: 0.9453125
Model size: (4, 11)
Validation fitness: 0.916436920214818 
Elapsed: 4.581759929656982

*** Epoch 1, batch 22/520 ***
Training fitness: 0.9301318150875673
Model size: (5, 16)
Validation fitness: 0.9098508664561082 
Elapsed: 4.814211130142212

*** Epoch 1, batch 23/520 ***
Training fitness: 0.922782307882382
Model size: (3, 10)
Validation fitness: 0.9009835076405892 
Elapsed: 4.732020139694214

*** Epoch 1, batch 24/520 ***
Training fitness: 0.9221311475409837
Model size: (3, 8)
Validation fitness: 0.9173606839473074 !!!
Elapsed: 4.6647303104400635

*** Epoch 1, batch 25/520 ***
Training fitness: 0.9570992366412213
Model size: (5, 11)
Validation fitness: 0.9121606558842483 
Elapsed: 4.61499285697937

*** Epoch 1, batch 26/520 ***
Training fitness: 0.9187668216295571
Model size: (3, 6)
Validation fitness: 0.915889360840016 
Elapsed: 4.78692889213562

*** Epoch 1, batch 27/520 ***
Training fitness: 0.923599217029606
Model size: (3, 12)
Validation fitness: 0.9172605856533289 
Elapsed: 4.856543302536011

*** Epoch 1, batch 28/520 ***
Training fitness: 0.9177838996020815
Model size: (4, 12)
Validation fitness: 0.9129424099133673 
Elapsed: 4.6482274532318115

*** Epoch 1, batch 29/520 ***
Training fitness: 0.9196078431372549
Model size: (4, 8)
Validation fitness: 0.9244133959708628 !!!
Elapsed: 4.870133399963379

*** Epoch 1, batch 30/520 ***
Training fitness: 0.9736679249953586
Model size: (8, 19)
Validation fitness: 0.9138771002873349 
Elapsed: 5.076937675476074

*** Epoch 1, batch 31/520 ***
Training fitness: 0.9237536656891495
Model size: (4, 12)
Validation fitness: 0.9129424099133673 
Elapsed: 4.680912733078003

*** Epoch 1, batch 32/520 ***
Training fitness: 0.9399509803921569
Model size: (1, 6)
Validation fitness: 0.913825462060466 
Elapsed: 4.525846242904663

*** Epoch 1, batch 33/520 ***
Training fitness: 0.9287861129853401
Model size: (2, 7)
Validation fitness: 0.9177830128368346 
Elapsed: 4.602362632751465

*** Epoch 1, batch 34/520 ***
Training fitness: 0.9512359688400909
Model size: (6, 14)
Validation fitness: 0.9092275624668675 
Elapsed: 4.953929662704468

*** Epoch 1, batch 35/520 ***
Training fitness: 0.94140625
Model size: (1, 5)
Validation fitness: 0.9138857921421236 
Elapsed: 4.399458885192871

*** Epoch 1, batch 36/520 ***
Training fitness: 0.9324762779308234
Model size: (4, 8)
Validation fitness: 0.9244133959708628 
Elapsed: 4.654033184051514

*** Epoch 1, batch 37/520 ***
Training fitness: 0.9316959921798631
Model size: (2, 7)
Validation fitness: 0.9146242517586123 
Elapsed: 4.441646337509155

*** Epoch 1, batch 38/520 ***
Training fitness: 0.9435528500276702
Model size: (5, 10)
Validation fitness: 0.9048255547491598 
Elapsed: 4.87614893913269

*** Epoch 1, batch 39/520 ***
Training fitness: 0.9269607843137254
Model size: (7, 15)
Validation fitness: 0.9150582033707177 
Elapsed: 4.7860307693481445

*** Epoch 1, batch 40/520 ***
Training fitness: 0.9411618515066791
Model size: (2, 7)
Validation fitness: 0.9177830128368346 
Elapsed: 4.6739044189453125

*** Epoch 1, batch 41/520 ***
Training fitness: 0.94921875
Model size: (2, 11)
Validation fitness: 0.9171762407737197 
Elapsed: 4.684265375137329

*** Epoch 1, batch 42/520 ***
Training fitness: 0.9341984732824428
Model size: (7, 16)
Validation fitness: 0.9245625496644706 !!!
Elapsed: 4.895395994186401

*** Epoch 1, batch 43/520 ***
Training fitness: 0.927114503816794
Model size: (4, 8)
Validation fitness: 0.9241194757263698 
Elapsed: 4.661591291427612

*** Epoch 1, batch 44/520 ***
Training fitness: 0.94140625
Model size: (10, 21)
Validation fitness: 0.905270350572087 
Elapsed: 4.816732883453369

*** Epoch 1, batch 45/520 ***
Training fitness: 0.9437927663734115
Model size: (3, 6)
Validation fitness: 0.9208430586243167 
Elapsed: 4.609727144241333

*** Epoch 1, batch 46/520 ***
Training fitness: 0.9010378510378511
Model size: (4, 8)
Validation fitness: 0.9241194757263698 
Elapsed: 4.527833461761475

*** Epoch 1, batch 47/520 ***
Training fitness: 0.9246031746031745
Model size: (5, 9)
Validation fitness: 0.9158353962368391 
Elapsed: 4.605406999588013

*** Epoch 1, batch 48/520 ***
Training fitness: 0.9375
Model size: (2, 7)
Validation fitness: 0.9163459442468348 
Elapsed: 4.449530601501465

*** Epoch 1, batch 49/520 ***
Training fitness: 0.9404761904761905
Model size: (2, 3)
Validation fitness: 0.9223592240087897 
Elapsed: 4.448646783828735

*** Epoch 1, batch 50/520 ***
Training fitness: 0.9504504504504505
Model size: (2, 3)
Validation fitness: 0.9223592240087897 
Elapsed: 4.5378758907318115

*** Epoch 1, batch 51/520 ***
Training fitness: 0.9442138364779873
Model size: (4, 12)
Validation fitness: 0.9129424099133673 
Elapsed: 4.659114122390747

*** Epoch 1, batch 52/520 ***
Training fitness: 0.9264705882352942
Model size: (8, 17)
Validation fitness: 0.9225673339397786 
Elapsed: 4.977651834487915

*** Epoch 1, batch 53/520 ***
Training fitness: 0.9456654456654457
Model size: (9, 19)
Validation fitness: 0.9196837263932337 
Elapsed: 4.936711549758911

*** Epoch 1, batch 54/520 ***
Training fitness: 0.9259293169749131
Model size: (4, 11)
Validation fitness: 0.9149678318942163 
Elapsed: 4.454879283905029

*** Epoch 1, batch 55/520 ***
Training fitness: 0.9391625615763547
Model size: (9, 19)
Validation fitness: 0.9196837263932337 
Elapsed: 4.940034627914429

*** Epoch 1, batch 56/520 ***
Training fitness: 0.9060152671755726
Model size: (9, 19)
Validation fitness: 0.9196837263932337 
Elapsed: 4.857807874679565

*** Epoch 1, batch 57/520 ***
Training fitness: 0.9404936461388074
Model size: (5, 15)
Validation fitness: 0.9199511406021541 
Elapsed: 4.605298757553101

*** Epoch 1, batch 58/520 ***
Training fitness: 0.9287045666356011
Model size: (4, 9)
Validation fitness: 0.9228202861479494 
Elapsed: 4.475538015365601

*** Epoch 1, batch 59/520 ***
Training fitness: 0.9304969741426737
Model size: (2, 6)
Validation fitness: 0.9122554145034726 
Elapsed: 4.373285293579102

*** Epoch 1, batch 60/520 ***
Training fitness: 0.9296875
Model size: (1, 4)
Validation fitness: 0.9039080740644945 
Elapsed: 4.12072229385376

*** Epoch 1, batch 61/520 ***
Training fitness: 0.928431612429655
Model size: (2, 7)
Validation fitness: 0.9014142719339735 
Elapsed: 4.2855260372161865

*** Epoch 1, batch 62/520 ***
Training fitness: 0.9325496183206107
Model size: (3, 8)
Validation fitness: 0.9146660807373477 
Elapsed: 4.35998797416687

*** Epoch 1, batch 63/520 ***
Training fitness: 0.9529411764705882
Model size: (4, 11)
Validation fitness: 0.9149678318942163 
Elapsed: 4.371222734451294

*** Epoch 1, batch 64/520 ***
Training fitness: 0.9271682727946627
Model size: (4, 8)
Validation fitness: 0.9192672500803242 
Elapsed: 4.582645654678345

*** Epoch 1, batch 65/520 ***
Training fitness: 0.9253731343283582
Model size: (4, 8)
Validation fitness: 0.916093166058939 
Elapsed: 4.4423675537109375

*** Epoch 1, batch 66/520 ***
Training fitness: 0.9235235977267112
Model size: (4, 11)
Validation fitness: 0.9031486129485006 
Elapsed: 4.26051664352417

*** Epoch 1, batch 67/520 ***
Training fitness: 0.9530989824236817
Model size: (5, 7)
Validation fitness: 0.914572869982675 
Elapsed: 4.30251145362854

*** Epoch 1, batch 68/520 ***
Training fitness: 0.9417285162240078
Model size: (6, 8)
Validation fitness: 0.8762320543881136 
Elapsed: 4.329012632369995

*** Epoch 1, batch 69/520 ***
Training fitness: 0.9329633055812518
Model size: (4, 11)
Validation fitness: 0.9117315218860721 
Elapsed: 4.353941917419434

*** Epoch 1, batch 70/520 ***
Training fitness: 0.9231388080945603
Model size: (4, 8)
Validation fitness: 0.916093166058939 
Elapsed: 4.243242025375366

*** Epoch 1, batch 71/520 ***
Training fitness: 0.9281524926686217
Model size: (5, 10)
Validation fitness: 0.9269305259771972 !!!
Elapsed: 4.440945625305176

*** Epoch 1, batch 72/520 ***
Training fitness: 0.9264768901132537
Model size: (5, 10)
Validation fitness: 0.9269305259771972 
Elapsed: 4.430204391479492

*** Epoch 1, batch 73/520 ***
Training fitness: 0.9447676217587722
Model size: (3, 9)
Validation fitness: 0.9160274963025271 
Elapsed: 4.161624908447266

*** Epoch 1, batch 74/520 ***
Training fitness: 0.9007352941176471
Model size: (3, 7)
Validation fitness: 0.9241550216572811 
Elapsed: 4.416272878646851

*** Epoch 1, batch 75/520 ***
Training fitness: 0.8979490980973561
Model size: (4, 12)
Validation fitness: 0.9089345031647877 
Elapsed: 2.8833749294281006

*** Epoch 1, batch 76/520 ***
Training fitness: 0.9353229262320171
Model size: (5, 10)
Validation fitness: 0.9145640041076112 
Elapsed: 2.2882003784179688

*** Epoch 1, batch 77/520 ***
Training fitness: 0.9316959921798631
Model size: (3, 7)
Validation fitness: 0.9241550216572811 
Elapsed: 2.2981529235839844

*** Epoch 1, batch 78/520 ***
Training fitness: 0.9452590420332356
Model size: (4, 6)
Validation fitness: 0.9129290653059624 
Elapsed: 2.2364120483398438

*** Epoch 1, batch 79/520 ***
Training fitness: 0.9018817204301075
Model size: (6, 20)
Validation fitness: 0.9132238464928687 
Elapsed: 2.366760492324829

*** Epoch 1, batch 80/520 ***
Training fitness: 0.9090964853094523
Model size: (7, 20)
Validation fitness: 0.9162531639633686 
Elapsed: 2.3537867069244385

*** Epoch 1, batch 81/520 ***
Training fitness: 0.9453125
Model size: (7, 20)
Validation fitness: 0.9162531639633686 
Elapsed: 2.3305094242095947

*** Epoch 1, batch 82/520 ***
Training fitness: 0.9277801844173524
Model size: (7, 20)
Validation fitness: 0.9162531639633686 
Elapsed: 2.3368544578552246

*** Epoch 1, batch 83/520 ***
Training fitness: 0.9449232838193043
Model size: (3, 10)
Validation fitness: 0.9121916406521621 
Elapsed: 2.168663740158081

*** Epoch 1, batch 84/520 ***
Training fitness: 0.9490903484427997
Model size: (4, 6)
Validation fitness: 0.908311721236372 
Elapsed: 2.155987024307251

*** Epoch 1, batch 85/520 ***
Training fitness: 0.9338033327229446
Model size: (2, 6)
Validation fitness: 0.9186164050928224 
Elapsed: 2.0880515575408936

*** Epoch 1, batch 86/520 ***
Training fitness: 0.9166513621059076
Model size: (4, 5)
Validation fitness: 0.8805960982089833 
Elapsed: 2.138063430786133

*** Epoch 1, batch 87/520 ***
Training fitness: 0.9166513621059076
Model size: (1, 3)
Validation fitness: 0.9066033641965924 
Elapsed: 2.165498733520508

*** Epoch 1, batch 88/520 ***
Training fitness: 0.9407393760746745
Model size: (4, 8)
Validation fitness: 0.916147130662116 
Elapsed: 2.2888526916503906

*** Epoch 1, batch 89/520 ***
Training fitness: 0.9307480916030535
Model size: (5, 10)
Validation fitness: 0.9234696657015563 
Elapsed: 2.2018425464630127

*** Epoch 1, batch 90/520 ***
Training fitness: 0.9241443108233116
Model size: (4, 6)
Validation fitness: 0.913361212602585 
Elapsed: 2.1412289142608643

*** Epoch 1, batch 91/520 ***
Training fitness: 0.9352941176470588
Model size: (5, 10)
Validation fitness: 0.9234696657015563 
Elapsed: 2.2516889572143555

*** Epoch 1, batch 92/520 ***
Training fitness: 0.9269312977099237
Model size: (5, 10)
Validation fitness: 0.9234696657015563 
Elapsed: 2.2677717208862305

*** Epoch 1, batch 93/520 ***
Training fitness: 0.9571114369501467
Model size: (2, 7)
Validation fitness: 0.9115048192625423 
Elapsed: 2.302377462387085

*** Epoch 1, batch 94/520 ***
Training fitness: 0.9622559920929084
Model size: (4, 7)
Validation fitness: 0.913702814402431 
Elapsed: 2.2138562202453613

*** Epoch 1, batch 95/520 ***
Training fitness: 0.9123910336239104
Model size: (5, 10)
Validation fitness: 0.9234696657015563 
Elapsed: 2.312049150466919

*** Epoch 1, batch 96/520 ***
Training fitness: 0.9395644727183754
Model size: (5, 10)
Validation fitness: 0.9234696657015563 
Elapsed: 2.218142032623291

*** Epoch 1, batch 97/520 ***
Training fitness: 0.94140625
Model size: (2, 8)
Validation fitness: 0.9148193651227465 
Elapsed: 2.2133820056915283

*** Epoch 1, batch 98/520 ***
Training fitness: 0.9277859237536658
Model size: (6, 12)
Validation fitness: 0.9201484063223214 
Elapsed: 2.2996206283569336

*** Epoch 1, batch 99/520 ***
Training fitness: 0.91756699017274
Model size: (6, 12)
Validation fitness: 0.9201484063223214 
Elapsed: 2.334512233734131

*** Epoch 1, batch 100/520 ***
Training fitness: 0.9036567772690208
Model size: (2, 8)
Validation fitness: 0.9164701397694213 
Elapsed: 2.3836562633514404

*** Epoch 1, batch 101/520 ***
Training fitness: 0.9208425448292803
Model size: (3, 6)
Validation fitness: 0.9180855425054597 
Elapsed: 2.4677658081054688

*** Epoch 1, batch 102/520 ***
Training fitness: 0.9313316567502913
Model size: (6, 12)
Validation fitness: 0.9201484063223214 
Elapsed: 4.666666269302368

*** Epoch 1, batch 103/520 ***
Training fitness: 0.9164215686274509
Model size: (9, 21)
Validation fitness: 0.9191955537270197 
Elapsed: 4.831259727478027

*** Epoch 1, batch 104/520 ***
Training fitness: 0.9350135903138127
Model size: (2, 8)
Validation fitness: 0.9148193651227465 
Elapsed: 4.577063322067261

*** Epoch 1, batch 105/520 ***
Training fitness: 0.9414607291411794
Model size: (2, 8)
Validation fitness: 0.9148193651227465 
Elapsed: 4.419069051742554

*** Epoch 1, batch 106/520 ***
Training fitness: 0.9307796111145188
Model size: (9, 21)
Validation fitness: 0.9191955537270197 
Elapsed: 4.603980541229248

*** Epoch 1, batch 107/520 ***
Training fitness: 0.9040695868282075
Model size: (5, 8)
Validation fitness: 0.9192956520209982 
Elapsed: 4.399219274520874

*** Epoch 1, batch 108/520 ***
Training fitness: 0.9426229508196721
Model size: (5, 8)
Validation fitness: 0.9253191715022933 
Elapsed: 4.438245058059692

*** Epoch 1, batch 109/520 ***
Training fitness: 0.9068546664225112
Model size: (9, 21)
Validation fitness: 0.9191955537270197 
Elapsed: 4.492840766906738

*** Epoch 1, batch 110/520 ***
Training fitness: 0.9644428152492669
Model size: (5, 8)
Validation fitness: 0.9253191715022933 
Elapsed: 3.536067247390747

*** Epoch 1, batch 111/520 ***
Training fitness: 0.9174449124092047
Model size: (5, 8)
Validation fitness: 0.9253191715022933 
Elapsed: 2.2998147010803223

*** Epoch 1, batch 112/520 ***
Training fitness: 0.9166819487743749
Model size: (9, 20)
Validation fitness: 0.9109650083694593 
Elapsed: 2.3672893047332764

*** Epoch 1, batch 113/520 ***
Training fitness: 0.9069586828207516
Model size: (6, 13)
Validation fitness: 0.8992127505937755 
Elapsed: 2.2053542137145996

*** Epoch 1, batch 114/520 ***
Training fitness: 0.9172824427480916
Model size: (8, 17)
Validation fitness: 0.907668276690039 
Elapsed: 2.3574576377868652

*** Epoch 1, batch 115/520 ***
Training fitness: 0.9154341233987252
Model size: (3, 11)
Validation fitness: 0.9183103492238879 
Elapsed: 2.2922396659851074

*** Epoch 1, batch 116/520 ***
Training fitness: 0.9372520295428187
Model size: (7, 15)
Validation fitness: 0.9192313561088628 
Elapsed: 2.1693570613861084

*** Epoch 1, batch 117/520 ***
Training fitness: 0.9069312977099236
Model size: (3, 11)
Validation fitness: 0.9183103492238879 
Elapsed: 2.195572853088379

*** Epoch 1, batch 118/520 ***
Training fitness: 0.9156746031746033
Model size: (8, 15)
Validation fitness: 0.9040978569128363 
Elapsed: 2.252814531326294

*** Epoch 1, batch 119/520 ***
Training fitness: 0.9361768368617684
Model size: (9, 18)
Validation fitness: 0.9114254660171375 
Elapsed: 2.3860814571380615

*** Epoch 1, batch 120/520 ***
Training fitness: 0.9371216376458842
Model size: (7, 14)
Validation fitness: 0.9171780450892028 
Elapsed: 2.3079988956451416

*** Epoch 1, batch 121/520 ***
Training fitness: 0.9342652997825411
Model size: (8, 17)
Validation fitness: 0.9218349009201826 
Elapsed: 2.2362210750579834

*** Epoch 1, batch 122/520 ***
Training fitness: 0.9052824427480916
Model size: (7, 14)
Validation fitness: 0.8997318255972468 
Elapsed: 2.1444828510284424

*** Epoch 1, batch 123/520 ***
Training fitness: 0.9347290640394088
Model size: (7, 15)
Validation fitness: 0.9192313561088628 
Elapsed: 2.195554256439209

*** Epoch 1, batch 124/520 ***
Training fitness: 0.9237533050482691
Model size: (8, 17)
Validation fitness: 0.9218349009201826 
Elapsed: 2.3113901615142822

*** Epoch 1, batch 125/520 ***
Training fitness: 0.9255799755799756
Model size: (7, 15)
Validation fitness: 0.8975077548929922 
Elapsed: 2.3938348293304443

*** Epoch 1, batch 126/520 ***
Training fitness: 0.913690476190476
Model size: (2, 9)
Validation fitness: 0.9232705040762875 
Elapsed: 2.201855421066284

*** Epoch 1, batch 127/520 ***
Training fitness: 0.918177378990417
Model size: (3, 10)
Validation fitness: 0.9124385662634403 
Elapsed: 2.247950553894043

*** Epoch 1, batch 128/520 ***
Training fitness: 0.9301715192577672
Model size: (8, 18)
Validation fitness: 0.9225896268529038 
Elapsed: 2.252859592437744

*** Epoch 1, batch 129/520 ***
Training fitness: 0.896011744555909
Model size: (7, 15)
Validation fitness: 0.9183571698368276 
Elapsed: 2.266115188598633

*** Epoch 1, batch 130/520 ***
Training fitness: 0.9434343434343435
Model size: (8, 18)
Validation fitness: 0.9225896268529038 
Elapsed: 2.3382232189178467

*** Epoch 1, batch 131/520 ***
Training fitness: 0.9385347170743761
Model size: (7, 11)
Validation fitness: 0.9211900825295734 
Elapsed: 2.3729939460754395

*** Epoch 1, batch 132/520 ***
Training fitness: 0.9394607843137255
Model size: (7, 11)
Validation fitness: 0.9194519497048432 
Elapsed: 2.3660547733306885

*** Epoch 1, batch 133/520 ***
Training fitness: 0.9502688172043011
Model size: (8, 18)
Validation fitness: 0.9225896268529038 
Elapsed: 2.268698215484619

*** Epoch 1, batch 134/520 ***
Training fitness: 0.932422519713919
Model size: (9, 20)
Validation fitness: 0.9243911030577378 
Elapsed: 2.412430763244629

*** Epoch 1, batch 135/520 ***
Training fitness: 0.9061274509803922
Model size: (8, 19)
Validation fitness: 0.9185520267500303 
Elapsed: 2.3131890296936035

*** Epoch 1, batch 136/520 ***
Training fitness: 0.9239662344017616
Model size: (7, 16)
Validation fitness: 0.9225866135544576 
Elapsed: 2.2817587852478027

*** Epoch 1, batch 137/520 ***
Training fitness: 0.9273305603131882
Model size: (7, 12)
Validation fitness: 0.9286145201784751 !!!
Elapsed: 2.2810873985290527

*** Epoch 1, batch 138/520 ***
Training fitness: 0.9371184371184372
Model size: (7, 12)
Validation fitness: 0.9286145201784751 
Elapsed: 2.349154472351074

*** Epoch 1, batch 139/520 ***
Training fitness: 0.945187084172618
Model size: (7, 12)
Validation fitness: 0.9286145201784751 
Elapsed: 2.358877182006836

*** Epoch 1, batch 140/520 ***
Training fitness: 0.9364613880742912
Model size: (9, 12)
Validation fitness: 0.9153284568578093 
Elapsed: 2.3089311122894287

*** Epoch 1, batch 141/520 ***
Training fitness: 0.9045698924731184
Model size: (7, 18)
Validation fitness: 0.9261350884590853 
Elapsed: 2.4588122367858887

*** Epoch 1, batch 142/520 ***
Training fitness: 0.9364364364364366
Model size: (9, 23)
Validation fitness: 0.9235914524171782 
Elapsed: 2.71156907081604

*** Epoch 1, batch 143/520 ***
Training fitness: 0.9718503576013203
Model size: (7, 12)
Validation fitness: 0.9286145201784751 
Elapsed: 2.438450813293457

*** Epoch 1, batch 144/520 ***
Training fitness: 0.9343816793893129
Model size: (10, 23)
Validation fitness: 0.9260154540994964 
Elapsed: 2.6625139713287354

*** Epoch 1, batch 145/520 ***
Training fitness: 0.9493682475737044
Model size: (6, 9)
Validation fitness: 0.9081110941772084 
Elapsed: 2.375453233718872

*** Epoch 1, batch 146/520 ***
Training fitness: 0.9117647058823529
Model size: (2, 7)
Validation fitness: 0.9157372762786186 
Elapsed: 2.4835917949676514

*** Epoch 1, batch 147/520 ***
Training fitness: 0.933264007829704
Model size: (3, 6)
Validation fitness: 0.9159666441600445 
Elapsed: 4.5737199783325195

*** Epoch 1, batch 148/520 ***
Training fitness: 0.9210992366412214
Model size: (9, 19)
Validation fitness: 0.9132444175211673 
Elapsed: 4.62552809715271

*** Epoch 1, batch 149/520 ***
Training fitness: 0.922100122100122
Model size: (3, 6)
Validation fitness: 0.9159666441600445 
Elapsed: 4.73487114906311

*** Epoch 1, batch 150/520 ***
Training fitness: 0.9044117647058824
Model size: (10, 19)
Validation fitness: 0.908799719882311 
Elapsed: 4.639478921890259

*** Epoch 1, batch 151/520 ***
Training fitness: 0.92578125
Model size: (3, 6)
Validation fitness: 0.9018612201129337 
Elapsed: 4.381520748138428

*** Epoch 1, batch 152/520 ***
Training fitness: 0.9176905678831225
Model size: (8, 20)
Validation fitness: 0.9136979051988833 
Elapsed: 4.600369453430176

*** Epoch 1, batch 153/520 ***
Training fitness: 0.9444444444444444
Model size: (9, 19)
Validation fitness: 0.9132444175211673 
Elapsed: 4.6712257862091064

*** Epoch 1, batch 154/520 ***
Training fitness: 0.93359375
Model size: (6, 18)
Validation fitness: 0.9082529390192657 
Elapsed: 4.784433126449585

*** Epoch 1, batch 155/520 ***
Training fitness: 0.9027777777777778
Model size: (10, 19)
Validation fitness: 0.8998959541934674 
Elapsed: 4.90397572517395

*** Epoch 1, batch 156/520 ***
Training fitness: 0.9331501831501832
Model size: (4, 8)
Validation fitness: 0.912611304283793 
Elapsed: 4.5873801708221436

*** Epoch 1, batch 157/520 ***
Training fitness: 0.9102030829459261
Model size: (6, 18)
Validation fitness: 0.9082529390192657 
Elapsed: 4.856712341308594

*** Epoch 1, batch 158/520 ***
Training fitness: 0.94140625
Model size: (4, 8)
Validation fitness: 0.912611304283793 
Elapsed: 4.4849653244018555

*** Epoch 1, batch 159/520 ***
Training fitness: 0.9524509803921568
Model size: (7, 19)
Validation fitness: 0.8881389612345109 
Elapsed: 4.55958890914917

*** Epoch 1, batch 160/520 ***
Training fitness: 0.9245495495495496
Model size: (4, 8)
Validation fitness: 0.912611304283793 
Elapsed: 4.650902032852173

*** Epoch 1, batch 161/520 ***
Training fitness: 0.9206019084903352
Model size: (4, 9)
Validation fitness: 0.9134839426912766 
Elapsed: 4.594944477081299

*** Epoch 1, batch 162/520 ***
Training fitness: 0.9067180145485665
Model size: (5, 12)
Validation fitness: 0.9127964343795187 
Elapsed: 4.54819130897522

*** Epoch 1, batch 163/520 ***
Training fitness: 0.9105089307560559
Model size: (2, 7)
Validation fitness: 0.9125215372987731 
Elapsed: 4.549915552139282

*** Epoch 1, batch 164/520 ***
Training fitness: 0.9120906029996939
Model size: (8, 20)
Validation fitness: 0.9136979051988833 
Elapsed: 4.505781412124634

*** Epoch 1, batch 165/520 ***
Training fitness: 0.9267156862745097
Model size: (4, 9)
Validation fitness: 0.912467572695596 
Elapsed: 4.377330541610718

*** Epoch 1, batch 166/520 ***
Training fitness: 0.9178320610687023
Model size: (8, 20)
Validation fitness: 0.9136979051988833 
Elapsed: 4.398486614227295

*** Epoch 1, batch 167/520 ***
Training fitness: 0.9217986314760508
Model size: (5, 9)
Validation fitness: 0.9022787313885315 
Elapsed: 4.3867270946502686

*** Epoch 1, batch 168/520 ***
Training fitness: 0.90234375
Model size: (6, 10)
Validation fitness: 0.9129763163901088 
Elapsed: 4.6453704833984375

*** Epoch 1, batch 169/520 ***
Training fitness: 0.9189882697947214
Model size: (2, 5)
Validation fitness: 0.9101214588247879 
Elapsed: 4.32368278503418

*** Epoch 1, batch 170/520 ***
Training fitness: 0.9327517600244873
Model size: (8, 20)
Validation fitness: 0.9136979051988833 
Elapsed: 4.559918642044067

*** Epoch 1, batch 171/520 ***
Training fitness: 0.961050061050061
Model size: (8, 20)
Validation fitness: 0.9075532034934479 
Elapsed: 4.638054370880127

*** Epoch 1, batch 172/520 ***
Training fitness: 0.9322955275512725
Model size: (6, 13)
Validation fitness: 0.906325710268332 
Elapsed: 4.627657890319824

*** Epoch 1, batch 173/520 ***
Training fitness: 0.9073292988568984
Model size: (4, 7)
Validation fitness: 0.9106186713863408 
Elapsed: 4.55993914604187

*** Epoch 1, batch 174/520 ***
Training fitness: 0.92578125
Model size: (4, 9)
Validation fitness: 0.91560481937245 
Elapsed: 4.852578401565552

*** Epoch 1, batch 175/520 ***
Training fitness: 0.913423107667712
Model size: (6, 10)
Validation fitness: 0.9120373213040749 
Elapsed: 4.475188732147217

*** Epoch 1, batch 176/520 ***
Training fitness: 0.8949106924394421
Model size: (8, 9)
Validation fitness: 0.8799017115168817 
Elapsed: 4.456611394882202

*** Epoch 1, batch 177/520 ***
Training fitness: 0.9405526010147319
Model size: (5, 13)
Validation fitness: 0.905883753723576 
Elapsed: 4.76339864730835

*** Epoch 1, batch 178/520 ***
Training fitness: 0.9149743087839491
Model size: (6, 10)
Validation fitness: 0.9145100395044342 
Elapsed: 4.391600608825684

*** Epoch 1, batch 179/520 ***
Training fitness: 0.9163623986632837
Model size: (6, 10)
Validation fitness: 0.9145100395044342 
Elapsed: 4.274383068084717

*** Epoch 1, batch 180/520 ***
Training fitness: 0.9028693528693529
Model size: (6, 10)
Validation fitness: 0.9145100395044342 
Elapsed: 4.514808177947998

*** Epoch 1, batch 181/520 ***
Training fitness: 0.9331622678396871
Model size: (6, 10)
Validation fitness: 0.9145100395044342 
Elapsed: 4.31656813621521

*** Epoch 1, batch 182/520 ***
Training fitness: 0.9121832061068703
Model size: (8, 15)
Validation fitness: 0.8845128641282665 
Elapsed: 4.843529224395752

*** Epoch 1, batch 183/520 ***
Training fitness: 0.9022058823529412
Model size: (11, 20)
Validation fitness: 0.8987727723847775 
Elapsed: 4.870760440826416

*** Epoch 1, batch 184/520 ***
Training fitness: 0.9145320197044335
Model size: (11, 13)
Validation fitness: 0.8868199882985103 
Elapsed: 4.4982311725616455

*** Epoch 1, batch 185/520 ***
Training fitness: 0.9212937342433746
Model size: (6, 9)
Validation fitness: 0.8840267430695051 
Elapsed: 4.540093898773193

*** Epoch 1, batch 186/520 ***
Training fitness: 0.9379895158803578
Model size: (6, 13)
Validation fitness: 0.8813554768943206 
Elapsed: 4.7323997020721436

*** Epoch 1, batch 187/520 ***
Training fitness: 0.8878787878787879
Model size: (13, 23)
Validation fitness: 0.903498567721547 
Elapsed: 4.78431510925293

*** Epoch 1, batch 188/520 ***
Training fitness: 0.9146825396825398
Model size: (6, 9)
Validation fitness: 0.8787175951350527 
Elapsed: 4.6778764724731445

*** Epoch 1, batch 189/520 ***
Training fitness: 0.9100732600732601
Model size: (7, 14)
Validation fitness: 0.8898072111803813 
Elapsed: 4.776121139526367

*** Epoch 1, batch 190/520 ***
Training fitness: 0.9015781747002691
Model size: (13, 22)
Validation fitness: 0.902350427741836 
Elapsed: 4.851472854614258

*** Epoch 1, batch 191/520 ***
Training fitness: 0.9255711127487104
Model size: (5, 11)
Validation fitness: 0.896943672751026 
Elapsed: 4.691386461257935

*** Epoch 1, batch 192/520 ***
Training fitness: 0.8964047442550037
Model size: (6, 9)
Validation fitness: 0.8937778501132231 
Elapsed: 4.534556150436401

*** Epoch 1, batch 193/520 ***
Training fitness: 0.8875360363123352
Model size: (13, 23)
Validation fitness: 0.8996999798869197 
Elapsed: 4.8073906898498535

*** Epoch 1, batch 194/520 ***
Training fitness: 0.9032977099236641
Model size: (13, 23)
Validation fitness: 0.8996999798869197 
Elapsed: 4.904736518859863

*** Epoch 1, batch 195/520 ***
Training fitness: 0.9425202652910833
Model size: (13, 23)
Validation fitness: 0.8996999798869197 
Elapsed: 4.905411720275879

*** Epoch 1, batch 196/520 ***
Training fitness: 0.8943452380952381
Model size: (6, 9)
Validation fitness: 0.8937778501132231 
Elapsed: 4.651169300079346

*** Epoch 1, batch 197/520 ***
Training fitness: 0.9101812854788499
Model size: (14, 26)
Validation fitness: 0.9057047326553992 
Elapsed: 5.076345443725586

*** Epoch 1, batch 198/520 ***
Training fitness: 0.9342563726389144
Model size: (14, 26)
Validation fitness: 0.9057047326553992 
Elapsed: 5.1540138721466064

*** Epoch 1, batch 199/520 ***
Training fitness: 0.8875710402767483
Model size: (13, 23)
Validation fitness: 0.9052230994879408 
Elapsed: 4.793976068496704

*** Epoch 1, batch 200/520 ***
Training fitness: 0.9117647058823529
Model size: (9, 15)
Validation fitness: 0.9038760634928544 
Elapsed: 4.868950605392456

*** Epoch 1, batch 201/520 ***
Training fitness: 0.9420152671755725
Model size: (13, 22)
Validation fitness: 0.8950991585844934 
Elapsed: 4.777772426605225

*** Epoch 1, batch 202/520 ***
Training fitness: 0.9354670110065795
Model size: (13, 23)
Validation fitness: 0.9095510020453794 
Elapsed: 3.7019717693328857

*** Epoch 1, batch 203/520 ***
Training fitness: 0.9285714285714285
Model size: (9, 17)
Validation fitness: 0.8854451456952696 
Elapsed: 2.477911949157715

*** Epoch 1, batch 204/520 ***
Training fitness: 0.9194396868118425
Model size: (13, 23)
Validation fitness: 0.9095510020453794 
Elapsed: 2.4875004291534424

*** Epoch 1, batch 205/520 ***
Training fitness: 0.8912500780128565
Model size: (9, 15)
Validation fitness: 0.9038760634928544 
Elapsed: 2.5637404918670654

*** Epoch 1, batch 206/520 ***
Training fitness: 0.9202348911181796
Model size: (8, 14)
Validation fitness: 0.9078635640744483 
Elapsed: 2.4570891857147217

*** Epoch 1, batch 207/520 ***
Training fitness: 0.930565010211028
Model size: (8, 14)
Validation fitness: 0.9078635640744483 
Elapsed: 2.345459461212158

*** Epoch 1, batch 208/520 ***
Training fitness: 0.923201714110805
Model size: (11, 21)
Validation fitness: 0.9034239496594149 
Elapsed: 2.488041639328003

*** Epoch 1, batch 209/520 ***
Training fitness: 0.918009768009768
Model size: (8, 14)
Validation fitness: 0.9078635640744483 
Elapsed: 2.3029606342315674

*** Epoch 1, batch 210/520 ***
Training fitness: 0.9492673992673992
Model size: (8, 14)
Validation fitness: 0.9078635640744483 
Elapsed: 2.3140978813171387

*** Epoch 1, batch 211/520 ***
Training fitness: 0.9222975035097357
Model size: (11, 19)
Validation fitness: 0.9028771596374078 
Elapsed: 2.390270948410034

*** Epoch 1, batch 212/520 ***
Training fitness: 0.9350198412698413
Model size: (8, 14)
Validation fitness: 0.9078635640744483 
Elapsed: 2.3665947914123535

*** Epoch 1, batch 213/520 ***
Training fitness: 0.8978320610687023
Model size: (8, 14)
Validation fitness: 0.9078635640744483 
Elapsed: 2.4111897945404053

*** Epoch 1, batch 214/520 ***
Training fitness: 0.91811320754717
Model size: (11, 19)
Validation fitness: 0.9028771596374078 
Elapsed: 2.350198268890381

*** Epoch 1, batch 215/520 ***
Training fitness: 0.9267241379310345
Model size: (12, 22)
Validation fitness: 0.8922307915504547 
Elapsed: 2.19553804397583

*** Epoch 1, batch 216/520 ***
Training fitness: 0.8955616773798593
Model size: (6, 10)
Validation fitness: 0.8999002589055334 
Elapsed: 2.2001638412475586

*** Epoch 1, batch 217/520 ***
Training fitness: 0.9366300366300366
Model size: (8, 14)
Validation fitness: 0.9015284017574949 
Elapsed: 2.2848894596099854

*** Epoch 1, batch 218/520 ***
Training fitness: 0.9132824427480916
Model size: (4, 8)
Validation fitness: 0.902534266423942 
Elapsed: 2.174973964691162

*** Epoch 1, batch 219/520 ***
Training fitness: 0.9293743890518084
Model size: (11, 15)
Validation fitness: 0.9056546422930817 
Elapsed: 2.2394680976867676

*** Epoch 1, batch 220/520 ***
Training fitness: 0.9020063616344507
Model size: (8, 12)
Validation fitness: 0.8996320753438182 
Elapsed: 2.2269463539123535

*** Epoch 1, batch 221/520 ***
Training fitness: 0.9103764921946741
Model size: (6, 13)
Validation fitness: 0.9151364392227779 
Elapsed: 2.3174021244049072

*** Epoch 1, batch 222/520 ***
Training fitness: 0.9031221303948577
Model size: (10, 14)
Validation fitness: 0.9039637605524978 
Elapsed: 2.2667934894561768

*** Epoch 1, batch 223/520 ***
Training fitness: 0.9157650223118772
Model size: (8, 12)
Validation fitness: 0.8996320753438182 
Elapsed: 2.2791223526000977

*** Epoch 1, batch 224/520 ***
Training fitness: 0.9306337166625887
Model size: (9, 16)
Validation fitness: 0.9152886062148319 
Elapsed: 2.127664566040039

*** Epoch 1, batch 225/520 ***
Training fitness: 0.8931372549019608
Model size: (11, 18)
Validation fitness: 0.8804264650766953 
Elapsed: 2.0599234104156494

*** Epoch 1, batch 226/520 ***
Training fitness: 0.9141488577745026
Model size: (11, 13)
Validation fitness: 0.909683806992098 
Elapsed: 2.2494375705718994

*** Epoch 1, batch 227/520 ***
Training fitness: 0.8948107448107449
Model size: (10, 18)
Validation fitness: 0.9155252921067701 
Elapsed: 2.304616689682007

*** Epoch 1, batch 228/520 ***
Training fitness: 0.9336385836385837
Model size: (15, 21)
Validation fitness: 0.9048686751415151 
Elapsed: 2.130575180053711

*** Epoch 1, batch 229/520 ***
Training fitness: 0.9219701162147206
Model size: (8, 15)
Validation fitness: 0.9124244523032408 
Elapsed: 2.1986327171325684

*** Epoch 1, batch 230/520 ***
Training fitness: 0.9435873890419345
Model size: (11, 18)
Validation fitness: 0.9088780473239895 
Elapsed: 2.129995107650757

*** Epoch 1, batch 231/520 ***
Training fitness: 0.9263125763125762
Model size: (12, 15)
Validation fitness: 0.9121615168266616 
Elapsed: 2.455615758895874

*** Epoch 1, batch 232/520 ***
Training fitness: 0.9263196480938417
Model size: (12, 19)
Validation fitness: 0.9147878674529696 
Elapsed: 2.1887764930725098

*** Epoch 1, batch 233/520 ***
Training fitness: 0.9294261294261296
Model size: (7, 16)
Validation fitness: 0.9114252095662059 
Elapsed: 2.273411989212036

*** Epoch 1, batch 234/520 ***
Training fitness: 0.9183816793893129
Model size: (12, 19)
Validation fitness: 0.9147878674529696 
Elapsed: 2.1320602893829346

*** Epoch 1, batch 235/520 ***
Training fitness: 0.935701466674918
Model size: (7, 16)
Validation fitness: 0.9114252095662059 
Elapsed: 2.278944253921509

*** Epoch 1, batch 236/520 ***
Training fitness: 0.9126169081239685
Model size: (12, 18)
Validation fitness: 0.9183397861272502 
Elapsed: 2.1457629203796387

*** Epoch 1, batch 237/520 ***
Training fitness: 0.94692118226601
Model size: (6, 6)
Validation fitness: 0.904800166106932 
Elapsed: 2.19409441947937

*** Epoch 1, batch 238/520 ***
Training fitness: 0.9092360599361335
Model size: (12, 18)
Validation fitness: 0.9183397861272502 
Elapsed: 2.1967036724090576

*** Epoch 1, batch 239/520 ***
Training fitness: 0.953777366635831
Model size: (12, 18)
Validation fitness: 0.9183397861272502 
Elapsed: 2.189056634902954

*** Epoch 1, batch 240/520 ***
Training fitness: 0.9424471775465152
Model size: (7, 17)
Validation fitness: 0.8857563672186833 
Elapsed: 2.5012669563293457

*** Epoch 1, batch 241/520 ***
Training fitness: 0.9169875909285408
Model size: (8, 11)
Validation fitness: 0.9080487857597926 
Elapsed: 2.307021141052246

*** Epoch 1, batch 242/520 ***
Training fitness: 0.9352649917476619
Model size: (14, 22)
Validation fitness: 0.9202578009625703 
Elapsed: 2.2966456413269043

*** Epoch 1, batch 243/520 ***
Training fitness: 0.9532356532356533
Model size: (7, 17)
Validation fitness: 0.9133380587470468 
Elapsed: 2.4392638206481934

*** Epoch 1, batch 244/520 ***
Training fitness: 0.918543612281023
Model size: (4, 11)
Validation fitness: 0.8822565172424783 
Elapsed: 2.3147940635681152

*** Epoch 1, batch 245/520 ***
Training fitness: 0.9048841616235711
Model size: (6, 10)
Validation fitness: 0.8818929614110956 
Elapsed: 2.284118413925171

*** Epoch 1, batch 246/520 ***
Training fitness: 0.9428326074955529
Model size: (5, 14)
Validation fitness: 0.9072394907324128 
Elapsed: 2.5783143043518066

*** Epoch 1, batch 247/520 ***
Training fitness: 0.9209908574252533
Model size: (8, 18)
Validation fitness: 0.9109481375617451 
Elapsed: 2.4517717361450195

*** Epoch 1, batch 248/520 ***
Training fitness: 0.9370547776958977
Model size: (8, 10)
Validation fitness: 0.9187455098189566 
Elapsed: 2.2317028045654297

*** Epoch 1, batch 249/520 ***
Training fitness: 0.8984849414218241
Model size: (6, 14)
Validation fitness: 0.9035359179679415 
Elapsed: 2.3652305603027344

*** Epoch 1, batch 250/520 ***
Training fitness: 0.9225885225885225
Model size: (6, 10)
Validation fitness: 0.9182901262361393 
Elapsed: 2.303260326385498

*** Epoch 1, batch 251/520 ***
Training fitness: 0.919867873746024
Model size: (6, 14)
Validation fitness: 0.906331993316156 
Elapsed: 2.4580326080322266

*** Epoch 1, batch 252/520 ***
Training fitness: 0.9441832061068702
Model size: (6, 10)
Validation fitness: 0.9182901262361393 
Elapsed: 2.3193793296813965

*** Epoch 1, batch 253/520 ***
Training fitness: 0.955020598905491
Model size: (8, 10)
Validation fitness: 0.9187455098189566 
Elapsed: 2.378979444503784

*** Epoch 1, batch 254/520 ***
Training fitness: 0.9425202652910833
Model size: (6, 12)
Validation fitness: 0.9203401675064214 
Elapsed: 2.3695640563964844

*** Epoch 1, batch 255/520 ***
Training fitness: 0.9188034188034189
Model size: (6, 12)
Validation fitness: 0.9203401675064214 
Elapsed: 2.255157470703125

*** Epoch 1, batch 256/520 ***
Training fitness: 0.9375615763546798
Model size: (6, 12)
Validation fitness: 0.9203401675064214 
Elapsed: 2.650217056274414

*** Epoch 1, batch 257/520 ***
Training fitness: 0.9710743801652892
Model size: (6, 12)
Validation fitness: 0.9203401675064214 
Elapsed: 4.623958110809326

*** Epoch 1, batch 258/520 ***
Training fitness: 0.9391974553462198
Model size: (6, 12)
Validation fitness: 0.9203401675064214 
Elapsed: 4.433986186981201

*** Epoch 1, batch 259/520 ***
Training fitness: 0.9149149149149148
Model size: (9, 14)
Validation fitness: 0.9183291983673602 
Elapsed: 4.567122936248779

*** Epoch 1, batch 260/520 ***
Training fitness: 0.9144234877617042
Model size: (5, 10)
Validation fitness: 0.9134401353767833 
Elapsed: 4.413844585418701

*** Epoch 1, batch 261/520 ***
Training fitness: 0.887973137973138
Model size: (6, 13)
Validation fitness: 0.9243691581851626 
Elapsed: 4.409053802490234

*** Epoch 1, batch 262/520 ***
Training fitness: 0.9208791208791209
Model size: (6, 13)
Validation fitness: 0.9243691581851626 
Elapsed: 4.461475372314453

*** Epoch 1, batch 263/520 ***
Training fitness: 0.9505662687480869
Model size: (6, 13)
Validation fitness: 0.9243691581851626 
Elapsed: 4.386213064193726

*** Epoch 1, batch 264/520 ***
Training fitness: 0.9259803921568628
Model size: (7, 14)
Validation fitness: 0.9284528003892193 
Elapsed: 4.262501239776611

*** Epoch 1, batch 265/520 ***
Training fitness: 0.9474601136988814
Model size: (7, 14)
Validation fitness: 0.9284528003892193 
Elapsed: 4.36448073387146

*** Epoch 1, batch 266/520 ***
Training fitness: 0.9386052303860523
Model size: (7, 14)
Validation fitness: 0.9284528003892193 
Elapsed: 4.4299399852752686

*** Epoch 1, batch 267/520 ***
Training fitness: 0.9100592077153146
Model size: (7, 15)
Validation fitness: 0.9233721502348174 
Elapsed: 4.387868642807007

*** Epoch 1, batch 268/520 ***
Training fitness: 0.9253846153846155
Model size: (7, 15)
Validation fitness: 0.9233721502348174 
Elapsed: 4.421998023986816

*** Epoch 1, batch 269/520 ***
Training fitness: 0.934004884004884
Model size: (10, 19)
Validation fitness: 0.9142224023077653 
Elapsed: 3.9607906341552734

*** Epoch 1, batch 270/520 ***
Training fitness: 0.9239662344017616
Model size: (7, 14)
Validation fitness: 0.9284528003892193 
Elapsed: 4.400234699249268

*** Epoch 1, batch 271/520 ***
Training fitness: 0.953125
Model size: (7, 14)
Validation fitness: 0.9284528003892193 
Elapsed: 4.389882564544678

*** Epoch 1, batch 272/520 ***
Training fitness: 0.9413111151803699
Model size: (7, 15)
Validation fitness: 0.9233721502348174 
Elapsed: 4.543490648269653

*** Epoch 1, batch 273/520 ***
Training fitness: 0.9377293858575974
Model size: (9, 17)
Validation fitness: 0.9116668870923483 
Elapsed: 4.27786111831665

*** Epoch 1, batch 274/520 ***
Training fitness: 0.90625
Model size: (11, 16)
Validation fitness: 0.9016672241421442 
Elapsed: 4.259214878082275

*** Epoch 1, batch 275/520 ***
Training fitness: 0.9166048925129726
Model size: (11, 16)
Validation fitness: 0.9016672241421442 
Elapsed: 4.518726825714111

*** Epoch 1, batch 276/520 ***
Training fitness: 0.9212824427480916
Model size: (10, 18)
Validation fitness: 0.9106771971525154 
Elapsed: 4.3686957359313965

*** Epoch 1, batch 277/520 ***
Training fitness: 0.8992909102023351
Model size: (10, 16)
Validation fitness: 0.9108730890284064 
Elapsed: 4.46207857131958

*** Epoch 1, batch 278/520 ***
Training fitness: 0.9347320773183264
Model size: (12, 18)
Validation fitness: 0.9210123528750165 
Elapsed: 4.557340145111084

*** Epoch 1, batch 279/520 ***
Training fitness: 0.9573260073260074
Model size: (11, 17)
Validation fitness: 0.9197974257455487 
Elapsed: 4.398972034454346

*** Epoch 1, batch 280/520 ***
Training fitness: 0.9323664122137405
Model size: (11, 17)
Validation fitness: 0.9197974257455487 
Elapsed: 4.317946195602417

*** Epoch 1, batch 281/520 ***
Training fitness: 0.9366573470021747
Model size: (8, 13)
Validation fitness: 0.9133452027372839 
Elapsed: 4.51865553855896

*** Epoch 1, batch 282/520 ***
Training fitness: 0.9421947638854906
Model size: (8, 14)
Validation fitness: 0.9134505491163982 
Elapsed: 4.5183703899383545

*** Epoch 1, batch 283/520 ***
Training fitness: 0.9321847507331378
Model size: (11, 18)
Validation fitness: 0.9211825080681295 
Elapsed: 4.4114460945129395

*** Epoch 1, batch 284/520 ***
Training fitness: 0.9134656488549618
Model size: (8, 14)
Validation fitness: 0.9134505491163982 
Elapsed: 4.4304420948028564

*** Epoch 1, batch 285/520 ***
Training fitness: 0.9140625
Model size: (10, 22)
Validation fitness: 0.8965425926529739 
Elapsed: 4.504827260971069

*** Epoch 1, batch 286/520 ***
Training fitness: 0.9285496183206107
Model size: (6, 10)
Validation fitness: 0.8926643126913537 
Elapsed: 4.055296421051025

*** Epoch 1, batch 287/520 ***
Training fitness: 0.9088522588522588
Model size: (9, 14)
Validation fitness: 0.8805331028694295 
Elapsed: 4.126696348190308

*** Epoch 1, batch 288/520 ***
Training fitness: 0.956019084903352
Model size: (10, 16)
Validation fitness: 0.9158367700811154 
Elapsed: 4.14207124710083

*** Epoch 1, batch 289/520 ***
Training fitness: 0.9200024709661477
Model size: (10, 17)
Validation fitness: 0.9056412152550203 
Elapsed: 4.200701951980591

*** Epoch 1, batch 290/520 ***
Training fitness: 0.9080322758114799
Model size: (9, 9)
Validation fitness: 0.8917300436296307 
Elapsed: 4.203359603881836

*** Epoch 1, batch 291/520 ***
Training fitness: 0.9373623684854416
Model size: (12, 23)
Validation fitness: 0.9133038042297551 
Elapsed: 4.076675176620483

*** Epoch 1, batch 292/520 ***
Training fitness: 0.9375
Model size: (9, 13)
Validation fitness: 0.9110801639967072 
Elapsed: 4.090371608734131

*** Epoch 1, batch 293/520 ***
Training fitness: 0.9384236453201971
Model size: (12, 19)
Validation fitness: 0.9129546279684653 
Elapsed: 4.028001308441162

*** Epoch 1, batch 294/520 ***
Training fitness: 0.896329365079365
Model size: (11, 17)
Validation fitness: 0.9028450574761492 
Elapsed: 4.209571838378906

*** Epoch 1, batch 295/520 ***
Training fitness: 0.9470021745883815
Model size: (12, 17)
Validation fitness: 0.910031691839768 
Elapsed: 4.252169609069824

*** Epoch 1, batch 296/520 ***
Training fitness: 0.9028469532066655
Model size: (11, 17)
Validation fitness: 0.9028450574761492 
Elapsed: 4.132598400115967

*** Epoch 1, batch 297/520 ***
Training fitness: 0.9419642857142857
Model size: (7, 11)
Validation fitness: 0.8926012257621814 
Elapsed: 4.08244776725769

*** Epoch 1, batch 298/520 ***
Training fitness: 0.9201561827461108
Model size: (10, 19)
Validation fitness: 0.882501034046792 
Elapsed: 4.738305568695068

*** Epoch 1, batch 299/520 ***
Training fitness: 0.9251081979552156
Model size: (12, 17)
Validation fitness: 0.910031691839768 
Elapsed: 4.17729926109314

*** Epoch 1, batch 300/520 ***
Training fitness: 0.9053095179838512
Model size: (12, 17)
Validation fitness: 0.910031691839768 
Elapsed: 4.159653425216675

*** Epoch 1, batch 301/520 ***
Training fitness: 0.9094338465313132
Model size: (11, 21)
Validation fitness: 0.9100553585971695 
Elapsed: 4.510452508926392

*** Epoch 1, batch 302/520 ***
Training fitness: 0.9182384178721846
Model size: (12, 17)
Validation fitness: 0.910031691839768 
Elapsed: 4.378970384597778

*** Epoch 1, batch 303/520 ***
Training fitness: 0.9194933447831688
Model size: (11, 16)
Validation fitness: 0.9107896875218671 
Elapsed: 4.846531391143799

*** Epoch 1, batch 304/520 ***
Training fitness: 0.9494656488549619
Model size: (11, 16)
Validation fitness: 0.9107896875218671 
Elapsed: 4.51209568977356

*** Epoch 1, batch 305/520 ***
Training fitness: 0.89453125
Model size: (12, 17)
Validation fitness: 0.910031691839768 
Elapsed: 4.310737133026123

*** Epoch 1, batch 306/520 ***
Training fitness: 0.91796875
Model size: (8, 14)
Validation fitness: 0.9041711835613487 
Elapsed: 4.4143757820129395

*** Epoch 1, batch 307/520 ***
Training fitness: 0.9107142857142857
Model size: (12, 17)
Validation fitness: 0.910031691839768 
Elapsed: 4.352860927581787

*** Epoch 1, batch 308/520 ***
Training fitness: 0.9176470588235294
Model size: (12, 20)
Validation fitness: 0.8988122841461668 
Elapsed: 4.078740358352661

*** Epoch 1, batch 309/520 ***
Training fitness: 0.9254901960784314
Model size: (8, 15)
Validation fitness: 0.9205504297934435 
Elapsed: 4.603825330734253

*** Epoch 1, batch 310/520 ***
Training fitness: 0.9464418087472202
Model size: (8, 15)
Validation fitness: 0.9205504297934435 
Elapsed: 4.549041271209717

*** Epoch 1, batch 311/520 ***
Training fitness: 0.911332503113325
Model size: (8, 15)
Validation fitness: 0.9196530896658701 
Elapsed: 4.572986364364624

*** Epoch 1, batch 312/520 ***
Training fitness: 0.9195529353967083
Model size: (11, 19)
Validation fitness: 0.9049139478899035 
Elapsed: 4.134441614151001

*** Epoch 1, batch 313/520 ***
Training fitness: 0.9170792835747906
Model size: (11, 21)
Validation fitness: 0.9129519627105692 
Elapsed: 4.447000980377197

*** Epoch 1, batch 314/520 ***
Training fitness: 0.9043664122137405
Model size: (12, 22)
Validation fitness: 0.9058955504664293 
Elapsed: 4.169362783432007

*** Epoch 1, batch 315/520 ***
Training fitness: 0.9396356745522342
Model size: (8, 15)
Validation fitness: 0.9205504297934435 
Elapsed: 4.809937000274658

*** Epoch 1, batch 316/520 ***
Training fitness: 0.9346153846153846
Model size: (8, 15)
Validation fitness: 0.9218795691770892 
Elapsed: 4.533407926559448

*** Epoch 1, batch 317/520 ***
Training fitness: 0.9207811348563006
Model size: (8, 16)
Validation fitness: 0.9032133393318428 
Elapsed: 4.459561824798584

*** Epoch 1, batch 318/520 ***
Training fitness: 0.9058170054324606
Model size: (8, 15)
Validation fitness: 0.9218795691770892 
Elapsed: 4.468185901641846

*** Epoch 1, batch 319/520 ***
Training fitness: 0.9595347413529232
Model size: (8, 15)
Validation fitness: 0.9205504297934435 
Elapsed: 4.649418592453003

*** Epoch 1, batch 320/520 ***
Training fitness: 0.9246068455134135
Model size: (13, 21)
Validation fitness: 0.9001924572651999 
Elapsed: 4.703837633132935

*** Epoch 1, batch 321/520 ***
Training fitness: 0.9295143212951432
Model size: (10, 18)
Validation fitness: 0.9213060166685778 
Elapsed: 4.443947792053223

*** Epoch 1, batch 322/520 ***
Training fitness: 0.9389051808406647
Model size: (10, 18)
Validation fitness: 0.9213060166685778 
Elapsed: 4.268775224685669

*** Epoch 1, batch 323/520 ***
Training fitness: 0.9204433497536946
Model size: (13, 22)
Validation fitness: 0.9044228443558997 
Elapsed: 4.441884994506836

*** Epoch 1, batch 324/520 ***
Training fitness: 0.9504132231404958
Model size: (11, 20)
Validation fitness: 0.9189804738260683 
Elapsed: 4.524402141571045

*** Epoch 1, batch 325/520 ***
Training fitness: 0.9143624488799366
Model size: (8, 14)
Validation fitness: 0.9024958812148594 
Elapsed: 4.235381126403809

*** Epoch 1, batch 326/520 ***
Training fitness: 0.904325513196481
Model size: (12, 22)
Validation fitness: 0.9101582137386626 
Elapsed: 4.28860068321228

*** Epoch 1, batch 327/520 ***
Training fitness: 0.9518572825024437
Model size: (11, 18)
Validation fitness: 0.9214815939671018 
Elapsed: 4.314713954925537

*** Epoch 1, batch 328/520 ***
Training fitness: 0.9072057744066553
Model size: (12, 19)
Validation fitness: 0.9173531094858635 
Elapsed: 4.436949729919434

*** Epoch 1, batch 329/520 ***
Training fitness: 0.9229262320171411
Model size: (13, 21)
Validation fitness: 0.9274915123900604 
Elapsed: 4.629255771636963

*** Epoch 1, batch 330/520 ***
Training fitness: 0.9191145038167939
Model size: (12, 18)
Validation fitness: 0.9244961929859205 
Elapsed: 4.528743505477905

*** Epoch 1, batch 331/520 ***
Training fitness: 0.937973137973138
Model size: (13, 21)
Validation fitness: 0.9274915123900604 
Elapsed: 4.605279922485352

*** Epoch 1, batch 332/520 ***
Training fitness: 0.9304029304029303
Model size: (12, 18)
Validation fitness: 0.9244961929859205 
Elapsed: 4.704322576522827

*** Epoch 1, batch 333/520 ***
Training fitness: 0.9310344827586207
Model size: (12, 18)
Validation fitness: 0.9244961929859205 
Elapsed: 4.552177906036377

*** Epoch 1, batch 334/520 ***
Training fitness: 0.9456521739130435
Model size: (12, 18)
Validation fitness: 0.9244961929859205 
Elapsed: 4.447396755218506

*** Epoch 1, batch 335/520 ***
Training fitness: 0.8912897515717512
Model size: (13, 22)
Validation fitness: 0.9252856039071399 
Elapsed: 4.550469875335693

*** Epoch 1, batch 336/520 ***
Training fitness: 0.9313063063063064
Model size: (13, 19)
Validation fitness: 0.9268885229781867 
Elapsed: 4.6185314655303955

*** Epoch 1, batch 337/520 ***
Training fitness: 0.9296798029556651
Model size: (13, 19)
Validation fitness: 0.9268885229781867 
Elapsed: 4.538191080093384

*** Epoch 1, batch 338/520 ***
Training fitness: 0.9341984732824428
Model size: (14, 23)
Validation fitness: 0.9280869273404904 
Elapsed: 2.660149335861206

*** Epoch 1, batch 339/520 ***
Training fitness: 0.9225620240727094
Model size: (9, 16)
Validation fitness: 0.9208858309761219 
Elapsed: 2.496371030807495

*** Epoch 1, batch 340/520 ***
Training fitness: 0.8932824427480915
Model size: (14, 21)
Validation fitness: 0.9245679717698815 
Elapsed: 2.37937593460083

*** Epoch 1, batch 341/520 ***
Training fitness: 0.9221853286601488
Model size: (14, 23)
Validation fitness: 0.9252615891091884 
Elapsed: 2.3631505966186523

*** Epoch 1, batch 342/520 ***
Training fitness: 0.9222222222222223
Model size: (15, 26)
Validation fitness: 0.9204004975880791 
Elapsed: 2.532773017883301

*** Epoch 1, batch 343/520 ***
Training fitness: 0.9402870637306018
Model size: (15, 26)
Validation fitness: 0.9204004975880791 
Elapsed: 2.415175437927246

*** Epoch 1, batch 344/520 ***
Training fitness: 0.9130142429243842
Model size: (20, 34)
Validation fitness: 0.9147395814061351 
Elapsed: 2.4578540325164795

*** Epoch 1, batch 345/520 ***
Training fitness: 0.9283574790635124
Model size: (16, 28)
Validation fitness: 0.929533548727692 !!!
Elapsed: 2.3128132820129395

*** Epoch 1, batch 346/520 ***
Training fitness: 0.9252450980392156
Model size: (14, 21)
Validation fitness: 0.9245692631835013 
Elapsed: 2.43928861618042

*** Epoch 1, batch 347/520 ***
Training fitness: 0.9182994567539523
Model size: (14, 21)
Validation fitness: 0.9245692631835013 
Elapsed: 2.3999369144439697

*** Epoch 1, batch 348/520 ***
Training fitness: 0.9411654017437119
Model size: (20, 33)
Validation fitness: 0.918480504417001 
Elapsed: 2.4421839714050293

*** Epoch 1, batch 349/520 ***
Training fitness: 0.9419599217986315
Model size: (15, 22)
Validation fitness: 0.9270712442669478 
Elapsed: 2.3211238384246826

*** Epoch 1, batch 350/520 ***
Training fitness: 0.9127328244274809
Model size: (15, 22)
Validation fitness: 0.9270712442669478 
Elapsed: 2.229302167892456

*** Epoch 1, batch 351/520 ***
Training fitness: 0.94140625
Model size: (16, 24)
Validation fitness: 0.9196209875046115 
Elapsed: 2.3105690479278564

*** Epoch 1, batch 352/520 ***
Training fitness: 0.8930840664711632
Model size: (22, 41)
Validation fitness: 0.9139337301484082 
Elapsed: 2.510568857192993

*** Epoch 1, batch 353/520 ***
Training fitness: 0.9508928571428572
Model size: (23, 40)
Validation fitness: 0.913679056055411 
Elapsed: 2.4269535541534424

*** Epoch 1, batch 354/520 ***
Training fitness: 0.9348729227761485
Model size: (13, 18)
Validation fitness: 0.9285271620004197 
Elapsed: 2.273885726928711

*** Epoch 1, batch 355/520 ***
Training fitness: 0.9497666421026775
Model size: (14, 21)
Validation fitness: 0.9290631902422619 
Elapsed: 2.3607163429260254

*** Epoch 1, batch 356/520 ***
Training fitness: 0.946145852435968
Model size: (22, 39)
Validation fitness: 0.907179755983275 
Elapsed: 2.5335140228271484

*** Epoch 1, batch 357/520 ***
Training fitness: 0.9222975035097357
Model size: (14, 21)
Validation fitness: 0.9290631902422619 
Elapsed: 2.230675458908081

*** Epoch 1, batch 358/520 ***
Training fitness: 0.9554025099479645
Model size: (14, 21)
Validation fitness: 0.9264055983971085 
Elapsed: 2.2941300868988037

*** Epoch 1, batch 359/520 ***
Training fitness: 0.9217338217338218
Model size: (22, 39)
Validation fitness: 0.9116051740074524 
Elapsed: 2.642066478729248

*** Epoch 1, batch 360/520 ***
Training fitness: 0.9336510263929619
Model size: (24, 43)
Validation fitness: 0.9159156928553137 
Elapsed: 2.566112995147705

*** Epoch 1, batch 361/520 ***
Training fitness: 0.9294201373847392
Model size: (16, 20)
Validation fitness: 0.9077328290531063 
Elapsed: 2.399327039718628

*** Epoch 1, batch 362/520 ***
Training fitness: 0.9449232838193043
Model size: (24, 42)
Validation fitness: 0.9158693027135806 
Elapsed: 2.5258734226226807

*** Epoch 1, batch 363/520 ***
Training fitness: 0.9028677150786308
Model size: (24, 44)
Validation fitness: 0.9114044645176324 
Elapsed: 2.5245845317840576

*** Epoch 1, batch 364/520 ***
Training fitness: 0.9144672531769306
Model size: (11, 18)
Validation fitness: 0.9073359712364636 
Elapsed: 2.3654940128326416

*** Epoch 1, batch 365/520 ***
Training fitness: 0.933648854961832
Model size: (13, 24)
Validation fitness: 0.9109812746856918 
Elapsed: 2.350480556488037

*** Epoch 1, batch 366/520 ***
Training fitness: 0.9318112354055872
Model size: (10, 15)
Validation fitness: 0.9111579693775607 
Elapsed: 2.457423210144043

*** Epoch 1, batch 367/520 ***
Training fitness: 0.9138047138047138
Model size: (23, 41)
Validation fitness: 0.9124177387842102 
Elapsed: 2.6861376762390137

*** Epoch 1, batch 368/520 ***
Training fitness: 0.921875
Model size: (24, 44)
Validation fitness: 0.9114044645176324 
Elapsed: 2.5537915229797363

*** Epoch 1, batch 369/520 ***
Training fitness: 0.9338827838827839
Model size: (10, 17)
Validation fitness: 0.9113177108310586 
Elapsed: 2.563793659210205

*** Epoch 1, batch 370/520 ***
Training fitness: 0.9452991452991453
Model size: (10, 17)
Validation fitness: 0.9113177108310586 
Elapsed: 2.5804760456085205

*** Epoch 1, batch 371/520 ***
Training fitness: 0.9462048636698601
Model size: (18, 29)
Validation fitness: 0.9117605283182277 
Elapsed: 2.6187314987182617

*** Epoch 1, batch 372/520 ***
Training fitness: 0.936732824427481
Model size: (9, 13)
Validation fitness: 0.9065708315641271 
Elapsed: 2.359250545501709

*** Epoch 1, batch 373/520 ***
Training fitness: 0.90234375
Model size: (10, 17)
Validation fitness: 0.9060540005063075 
Elapsed: 2.425022840499878

*** Epoch 1, batch 374/520 ***
Training fitness: 0.933264007829704
Model size: (23, 41)
Validation fitness: 0.9148642073999284 
Elapsed: 2.5863099098205566

*** Epoch 1, batch 375/520 ***
Training fitness: 0.9229282954057535
Model size: (17, 27)
Validation fitness: 0.9053970464912567 
Elapsed: 2.4428017139434814

*** Epoch 1, batch 376/520 ***
Training fitness: 0.9301913319885079
Model size: (24, 38)
Validation fitness: 0.9168004668872389 
Elapsed: 2.3691625595092773

*** Epoch 1, batch 377/520 ***
Training fitness: 0.910236822001528
Model size: (10, 10)
Validation fitness: 0.9169445465159859 
Elapsed: 2.260004997253418

*** Epoch 1, batch 378/520 ***
Training fitness: 0.915018315018315
Model size: (10, 10)
Validation fitness: 0.918426887854374 
Elapsed: 2.3689346313476562

*** Epoch 1, batch 379/520 ***
Training fitness: 0.9341397849462366
Model size: (28, 49)
Validation fitness: 0.9153194169624707 
Elapsed: 2.398270845413208

*** Epoch 1, batch 380/520 ***
Training fitness: 0.9403664122137405
Model size: (10, 10)
Validation fitness: 0.918426887854374 
Elapsed: 2.3138935565948486

*** Epoch 1, batch 381/520 ***
Training fitness: 0.9052728954671599
Model size: (27, 45)
Validation fitness: 0.9184386754382654 
Elapsed: 2.3942925930023193

*** Epoch 1, batch 382/520 ***
Training fitness: 0.9366374286941054
Model size: (27, 44)
Validation fitness: 0.9118381596788062 
Elapsed: 2.3731930255889893

*** Epoch 1, batch 383/520 ***
Training fitness: 0.9293897882938978
Model size: (28, 43)
Validation fitness: 0.9160110559660195 
Elapsed: 2.4048163890838623

*** Epoch 1, batch 384/520 ***
Training fitness: 0.9518572825024437
Model size: (10, 10)
Validation fitness: 0.918426887854374 
Elapsed: 2.345344066619873

*** Epoch 1, batch 385/520 ***
Training fitness: 0.9096135419993611
Model size: (11, 10)
Validation fitness: 0.9177250915621415 
Elapsed: 2.3057010173797607

*** Epoch 1, batch 386/520 ***
Training fitness: 0.9483990147783251
Model size: (28, 45)
Validation fitness: 0.9174786788527264 
Elapsed: 2.380699396133423

*** Epoch 1, batch 387/520 ***
Training fitness: 0.9134897360703812
Model size: (25, 43)
Validation fitness: 0.9189558545366353 
Elapsed: 2.3494749069213867

*** Epoch 1, batch 388/520 ***
Training fitness: 0.8798073974115194
Model size: (11, 12)
Validation fitness: 0.9187392267711326 
Elapsed: 2.3506574630737305

*** Epoch 1, batch 389/520 ***
Training fitness: 0.9455819959417081
Model size: (20, 30)
Validation fitness: 0.912463442003805 
Elapsed: 2.371535539627075

*** Epoch 1, batch 390/520 ***
Training fitness: 0.9087328244274809
Model size: (13, 21)
Validation fitness: 0.918646702938598 
Elapsed: 2.3266875743865967

*** Epoch 1, batch 391/520 ***
Training fitness: 0.9542699724517907
Model size: (26, 38)
Validation fitness: 0.9185787068058779 
Elapsed: 2.343698501586914

*** Epoch 1, batch 392/520 ***
Training fitness: 0.9141488577745026
Model size: (25, 37)
Validation fitness: 0.9164328719536835 
Elapsed: 2.499225616455078

*** Epoch 1, batch 393/520 ***
Training fitness: 0.926535356006851
Model size: (25, 37)
Validation fitness: 0.9164328719536835 
Elapsed: 2.424748659133911

*** Epoch 1, batch 394/520 ***
Training fitness: 0.9224981649131393
Model size: (11, 12)
Validation fitness: 0.9187392267711326 
Elapsed: 2.370737075805664

*** Epoch 1, batch 395/520 ***
Training fitness: 0.9136299822987243
Model size: (25, 36)
Validation fitness: 0.914235224854345 
Elapsed: 2.4104068279266357

*** Epoch 1, batch 396/520 ***
Training fitness: 0.9199217556085335
Model size: (28, 42)
Validation fitness: 0.9202398951921678 
Elapsed: 2.4277400970458984

*** Epoch 1, batch 397/520 ***
Training fitness: 0.9117916743077205
Model size: (11, 12)
Validation fitness: 0.9187392267711326 
Elapsed: 2.4023280143737793

*** Epoch 1, batch 398/520 ***
Training fitness: 0.9433569855639834
Model size: (11, 12)
Validation fitness: 0.9187392267711326 
Elapsed: 2.4582412242889404

*** Epoch 1, batch 399/520 ***
Training fitness: 0.945187084172618
Model size: (12, 15)
Validation fitness: 0.9161176937587536 
Elapsed: 2.372783660888672

*** Epoch 1, batch 400/520 ***
Training fitness: 0.8879210220673636
Model size: (28, 42)
Validation fitness: 0.917750910675576 
Elapsed: 2.3531205654144287

*** Epoch 1, batch 401/520 ***
Training fitness: 0.913625527232716
Model size: (6, 8)
Validation fitness: 0.9030052294008537 
Elapsed: 2.2510581016540527

*** Epoch 1, batch 402/520 ***
Training fitness: 0.905495445931903
Model size: (28, 42)
Validation fitness: 0.9157602561138819 
Elapsed: 2.3728842735290527

*** Epoch 1, batch 403/520 ***
Training fitness: 0.9455665024630542
Model size: (29, 43)
Validation fitness: 0.9152138141324246 
Elapsed: 2.295743465423584

*** Epoch 1, batch 404/520 ***
Training fitness: 0.9565934065934066
Model size: (28, 42)
Validation fitness: 0.916930514986443 
Elapsed: 2.3441102504730225

*** Epoch 1, batch 405/520 ***
Training fitness: 0.9235380926028407
Model size: (29, 43)
Validation fitness: 0.9152138141324246 
Elapsed: 2.389923572540283

*** Epoch 1, batch 406/520 ***
Training fitness: 0.918743890518084
Model size: (29, 45)
Validation fitness: 0.9163184032485739 
Elapsed: 2.313321352005005

*** Epoch 1, batch 407/520 ***
Training fitness: 0.9367521367521369
Model size: (10, 18)
Validation fitness: 0.9041869369757181 
Elapsed: 2.3092873096466064

*** Epoch 1, batch 408/520 ***
Training fitness: 0.9257020757020757
Model size: (29, 41)
Validation fitness: 0.9125343598453528 
Elapsed: 2.3301990032196045

*** Epoch 1, batch 409/520 ***
Training fitness: 0.9279713367926858
Model size: (10, 16)
Validation fitness: 0.9027930712087302 
Elapsed: 2.3069658279418945

*** Epoch 1, batch 410/520 ***
Training fitness: 0.9172354424152985
Model size: (14, 26)
Validation fitness: 0.9127515096716805 
Elapsed: 2.370195150375366

*** Epoch 1, batch 411/520 ***
Training fitness: 0.9347211987226727
Model size: (30, 44)
Validation fitness: 0.9148360619101857 
Elapsed: 2.354879856109619

*** Epoch 1, batch 412/520 ***
Training fitness: 0.9040163376446563
Model size: (29, 38)
Validation fitness: 0.9134984871226828 
Elapsed: 2.465320587158203

*** Epoch 1, batch 413/520 ***
Training fitness: 0.9215686274509803
Model size: (30, 43)
Validation fitness: 0.9161497959200122 
Elapsed: 2.2818450927734375

*** Epoch 1, batch 414/520 ***
Training fitness: 0.9375572239516572
Model size: (15, 19)
Validation fitness: 0.901704317937607 
Elapsed: 2.1502251625061035

*** Epoch 1, batch 415/520 ***
Training fitness: 0.900782970393932
Model size: (16, 28)
Validation fitness: 0.9130597178966481 
Elapsed: 2.2164902687072754

*** Epoch 1, batch 416/520 ***
Training fitness: 0.9306680161943319
Model size: (28, 37)
Validation fitness: 0.9158764467038177 
Elapsed: 2.492999792098999

*** Epoch 1, batch 417/520 ***
Training fitness: 0.9285714285714286
Model size: (29, 36)
Validation fitness: 0.9152901540793833 
Elapsed: 2.5228404998779297

*** Epoch 1, batch 418/520 ***
Training fitness: 0.9336091410559496
Model size: (29, 36)
Validation fitness: 0.9152901540793833 
Elapsed: 2.522730588912964

*** Epoch 1, batch 419/520 ***
Training fitness: 0.9353215284249766
Model size: (9, 11)
Validation fitness: 0.9151156117435476 
Elapsed: 2.405198097229004

*** Epoch 1, batch 420/520 ***
Training fitness: 0.93359375
Model size: (9, 11)
Validation fitness: 0.9151156117435476 
Elapsed: 2.271047592163086

*** Epoch 1, batch 421/520 ***
Training fitness: 0.9322647998034881
Model size: (29, 36)
Validation fitness: 0.9152901540793833 
Elapsed: 2.4576830863952637

*** Epoch 1, batch 422/520 ***
Training fitness: 0.9259293169749131
Model size: (18, 32)
Validation fitness: 0.9070613306066493 
Elapsed: 2.745166778564453

*** Epoch 1, batch 423/520 ***
Training fitness: 0.9489234157083436
Model size: (18, 31)
Validation fitness: 0.916436920214818 
Elapsed: 2.443699836730957

*** Epoch 1, batch 424/520 ***
Training fitness: 0.929580047680176
Model size: (28, 34)
Validation fitness: 0.9180079935755378 
Elapsed: 2.5144526958465576

*** Epoch 1, batch 425/520 ***
Training fitness: 0.9118226600985222
Model size: (28, 37)
Validation fitness: 0.9038888860394341 
Elapsed: 2.6102826595306396

*** Epoch 1, batch 426/520 ***
Training fitness: 0.9295482295482296
Model size: (29, 32)
Validation fitness: 0.9059464101815417 
Elapsed: 2.373668670654297

*** Epoch 1, batch 427/520 ***
Training fitness: 0.9133004926108375
Model size: (29, 32)
Validation fitness: 0.9156718629731382 
Elapsed: 2.309955596923828

*** Epoch 1, batch 428/520 ***
Training fitness: 0.9418320610687023
Model size: (28, 37)
Validation fitness: 0.9138697822768227 
Elapsed: 2.5821993350982666

*** Epoch 1, batch 429/520 ***
Training fitness: 0.9274509803921568
Model size: (11, 18)
Validation fitness: 0.9121103090709992 
Elapsed: 2.388150691986084

*** Epoch 1, batch 430/520 ***
Training fitness: 0.9123679685580939
Model size: (29, 33)
Validation fitness: 0.917728791782726 
Elapsed: 2.612001419067383

*** Epoch 1, batch 431/520 ***
Training fitness: 0.919477028347996
Model size: (10, 14)
Validation fitness: 0.9093533058540054 
Elapsed: 2.4183356761932373

*** Epoch 1, batch 432/520 ***
Training fitness: 0.9018799975584448
Model size: (13, 15)
Validation fitness: 0.9083273006304664 
Elapsed: 2.5881781578063965

*** Epoch 1, batch 433/520 ***
Training fitness: 0.9223483660540676
Model size: (29, 35)
Validation fitness: 0.9165750556773291 
Elapsed: 2.655543804168701

*** Epoch 1, batch 434/520 ***
Training fitness: 0.9118108260678668
Model size: (9, 13)
Validation fitness: 0.9070107273424687 
Elapsed: 2.369231939315796

*** Epoch 1, batch 435/520 ***
Training fitness: 0.9412824427480916
Model size: (28, 37)
Validation fitness: 0.9138697822768227 
Elapsed: 2.8044748306274414

*** Epoch 1, batch 436/520 ***
Training fitness: 0.9109371176902373
Model size: (9, 13)
Validation fitness: 0.9189219480598938 
Elapsed: 2.433389902114868

*** Epoch 1, batch 437/520 ***
Training fitness: 0.9338088088088088
Model size: (27, 34)
Validation fitness: 0.9138979277665652 
Elapsed: 2.6855175495147705

*** Epoch 1, batch 438/520 ***
Training fitness: 0.917487684729064
Model size: (9, 14)
Validation fitness: 0.912221508026731 
Elapsed: 2.4472711086273193

*** Epoch 1, batch 439/520 ***
Training fitness: 0.9514705882352942
Model size: (10, 15)
Validation fitness: 0.9168602016363767 
Elapsed: 2.393033742904663

*** Epoch 1, batch 440/520 ***
Training fitness: 0.9140625
Model size: (10, 16)
Validation fitness: 0.9144155373361416 
Elapsed: 2.498289108276367

*** Epoch 1, batch 441/520 ***
Training fitness: 0.9370689128975157
Model size: (9, 13)
Validation fitness: 0.9216701678324803 
Elapsed: 2.287543535232544

*** Epoch 1, batch 442/520 ***
Training fitness: 0.9332512315270937
Model size: (12, 19)
Validation fitness: 0.9192102721787008 
Elapsed: 2.416454553604126

*** Epoch 1, batch 443/520 ***
Training fitness: 0.9354789412555781
Model size: (10, 16)
Validation fitness: 0.9186204533539569 
Elapsed: 2.314817428588867

*** Epoch 1, batch 444/520 ***
Training fitness: 0.951219512195122
Model size: (9, 12)
Validation fitness: 0.9174112047808315 
Elapsed: 2.359877824783325

*** Epoch 1, batch 445/520 ***
Training fitness: 0.8978616352201259
Model size: (16, 20)
Validation fitness: 0.897567315621855 
Elapsed: 2.6358466148376465

*** Epoch 1, batch 446/520 ***
Training fitness: 0.939572586588062
Model size: (13, 21)
Validation fitness: 0.9057534491734403 
Elapsed: 2.5031497478485107

*** Epoch 1, batch 447/520 ***
Training fitness: 0.9415237041136321
Model size: (13, 20)
Validation fitness: 0.915183177405061 
Elapsed: 2.5045316219329834

*** Epoch 1, batch 448/520 ***
Training fitness: 0.9231145038167939
Model size: (13, 18)
Validation fitness: 0.9210077917120187 
Elapsed: 2.477325916290283

*** Epoch 1, batch 449/520 ***
Training fitness: 0.9057539682539684
Model size: (14, 20)
Validation fitness: 0.9163655719020636 
Elapsed: 2.4917287826538086

*** Epoch 1, batch 450/520 ***
Training fitness: 0.9456753952267595
Model size: (10, 16)
Validation fitness: 0.9186204533539569 
Elapsed: 2.379272699356079

*** Epoch 1, batch 451/520 ***
Training fitness: 0.9287031912931194
Model size: (10, 16)
Validation fitness: 0.9186204533539569 
Elapsed: 2.336878538131714

*** Epoch 1, batch 452/520 ***
Training fitness: 0.9275862068965517
Model size: (12, 18)
Validation fitness: 0.9217750837403881 
Elapsed: 2.525036573410034

*** Epoch 1, batch 453/520 ***
Training fitness: 0.9175084175084176
Model size: (14, 18)
Validation fitness: 0.9114005078461163 
Elapsed: 2.6652674674987793

*** Epoch 1, batch 454/520 ***
Training fitness: 0.9205705798626153
Model size: (10, 12)
Validation fitness: 0.9108267813173299 
Elapsed: 2.4715888500213623

*** Epoch 1, batch 455/520 ***
Training fitness: 0.9262295081967213
Model size: (10, 12)
Validation fitness: 0.916347153229798 
Elapsed: 2.535083770751953

*** Epoch 1, batch 456/520 ***
Training fitness: 0.9478223635918767
Model size: (11, 17)
Validation fitness: 0.9166582007329368 
Elapsed: 2.504236936569214

*** Epoch 1, batch 457/520 ***
Training fitness: 0.934384164222874
Model size: (12, 18)
Validation fitness: 0.9217750837403881 
Elapsed: 2.6356191635131836

*** Epoch 1, batch 458/520 ***
Training fitness: 0.9258206491839354
Model size: (14, 18)
Validation fitness: 0.9114005078461163 
Elapsed: 2.7567877769470215

*** Epoch 1, batch 459/520 ***
Training fitness: 0.939049394221808
Model size: (13, 18)
Validation fitness: 0.9210077917120187 
Elapsed: 2.5917749404907227

*** Epoch 1, batch 460/520 ***
Training fitness: 0.9218242041342085
Model size: (12, 17)
Validation fitness: 0.8977005510397803 
Elapsed: 2.6584465503692627

*** Epoch 1, batch 461/520 ***
Training fitness: 0.9296875
Model size: (12, 18)
Validation fitness: 0.9217750837403881 
Elapsed: 2.780205249786377

*** Epoch 1, batch 462/520 ***
Training fitness: 0.9066727884909704
Model size: (11, 16)
Validation fitness: 0.9146071244999664 
Elapsed: 2.7771217823028564

*** Epoch 1, batch 463/520 ***
Training fitness: 0.9175434303890384
Model size: (12, 18)
Validation fitness: 0.9217750837403881 
Elapsed: 2.727454423904419

*** Epoch 1, batch 464/520 ***
Training fitness: 0.9348039215686273
Model size: (11, 17)
Validation fitness: 0.9161781154300297 
Elapsed: 2.722447395324707

*** Epoch 1, batch 465/520 ***
Training fitness: 0.9258013212625398
Model size: (14, 22)
Validation fitness: 0.9164976807676822 
Elapsed: 2.643343210220337

*** Epoch 1, batch 466/520 ***
Training fitness: 0.9287031912931194
Model size: (13, 18)
Validation fitness: 0.9167676778038422 
Elapsed: 2.8049864768981934

*** Epoch 1, batch 467/520 ***
Training fitness: 0.9461434536968804
Model size: (11, 16)
Validation fitness: 0.920297047114066 
Elapsed: 2.605193853378296

*** Epoch 1, batch 468/520 ***
Training fitness: 0.9450650064090825
Model size: (12, 16)
Validation fitness: 0.9065615352178569 
Elapsed: 2.70231032371521

*** Epoch 1, batch 469/520 ***
Training fitness: 0.9495356793743891
Model size: (13, 16)
Validation fitness: 0.9146832079959935 
Elapsed: 2.60848331451416

*** Epoch 1, batch 470/520 ***
Training fitness: 0.9392793457541657
Model size: (13, 16)
Validation fitness: 0.9146832079959935 
Elapsed: 2.53710675239563

*** Epoch 1, batch 471/520 ***
Training fitness: 0.9566176470588235
Model size: (14, 20)
Validation fitness: 0.9293601237852012 
Elapsed: 2.752950429916382

*** Epoch 1, batch 472/520 ***
Training fitness: 0.9339857098477788
Model size: (23, 33)
Validation fitness: 0.9089338986733061 
Elapsed: 2.6277332305908203

*** Epoch 1, batch 473/520 ***
Training fitness: 0.9047280153474844
Model size: (15, 22)
Validation fitness: 0.9047747774647041 
Elapsed: 2.603856325149536

*** Epoch 1, batch 474/520 ***
Training fitness: 0.9184475558830755
Model size: (11, 18)
Validation fitness: 0.909113954704171 
Elapsed: 2.718463659286499

*** Epoch 1, batch 475/520 ***
Training fitness: 0.9153413261561048
Model size: (11, 18)
Validation fitness: 0.8966962250789229 
Elapsed: 2.6556828022003174

*** Epoch 1, batch 476/520 ***
Training fitness: 0.8998105018644171
Model size: (25, 31)
Validation fitness: 0.9117542452704037 
Elapsed: 2.6809163093566895

*** Epoch 1, batch 477/520 ***
Training fitness: 0.90506018177352
Model size: (23, 32)
Validation fitness: 0.9121498116734266 
Elapsed: 2.656592845916748

*** Epoch 1, batch 478/520 ***
Training fitness: 0.9265508373580883
Model size: (14, 20)
Validation fitness: 0.9167292925947595 
Elapsed: 2.6255104541778564

*** Epoch 1, batch 479/520 ***
Training fitness: 0.921875
Model size: (23, 30)
Validation fitness: 0.8987916215282498 
Elapsed: 2.638474225997925

*** Epoch 1, batch 480/520 ***
Training fitness: 0.9334656488549619
Model size: (25, 31)
Validation fitness: 0.9129090987691454 
Elapsed: 2.5529708862304688

*** Epoch 1, batch 481/520 ***
Training fitness: 0.9001233425840272
Model size: (23, 28)
Validation fitness: 0.910213552186116 
Elapsed: 2.4847464561462402

*** Epoch 1, batch 482/520 ***
Training fitness: 0.9140625
Model size: (14, 20)
Validation fitness: 0.9092344500061732 
Elapsed: 2.5966639518737793

*** Epoch 1, batch 483/520 ***
Training fitness: 0.9455293539670843
Model size: (14, 20)
Validation fitness: 0.9167292925947595 
Elapsed: 2.433912515640259

*** Epoch 1, batch 484/520 ***
Training fitness: 0.9455293539670843
Model size: (14, 20)
Validation fitness: 0.9167292925947595 
Elapsed: 2.5306355953216553

*** Epoch 1, batch 485/520 ***
Training fitness: 0.9521273339455157
Model size: (26, 33)
Validation fitness: 0.9102033948974325 
Elapsed: 2.665977954864502

*** Epoch 1, batch 486/520 ***
Training fitness: 0.9030788177339901
Model size: (14, 21)
Validation fitness: 0.8700410449716017 
Elapsed: 2.6309070587158203

*** Epoch 1, batch 487/520 ***
Training fitness: 0.9227731864095501
Model size: (14, 18)
Validation fitness: 0.9183477910599007 
Elapsed: 2.621892213821411

*** Epoch 1, batch 488/520 ***
Training fitness: 0.9525904203323559
Model size: (14, 19)
Validation fitness: 0.9177595200997081 
Elapsed: 2.5234880447387695

*** Epoch 1, batch 489/520 ***
Training fitness: 0.9548856038765872
Model size: (27, 36)
Validation fitness: 0.9098806422410588 
Elapsed: 2.4777445793151855

*** Epoch 1, batch 490/520 ***
Training fitness: 0.8950943396226415
Model size: (14, 31)
Validation fitness: 0.8836660448342173 
Elapsed: 2.91894793510437

*** Epoch 1, batch 491/520 ***
Training fitness: 0.9625
Model size: (26, 32)
Validation fitness: 0.9175613934371276 
Elapsed: 2.526898145675659

*** Epoch 1, batch 492/520 ***
Training fitness: 0.9334886610748679
Model size: (16, 20)
Validation fitness: 0.9157346110207223 
Elapsed: 2.5368826389312744

*** Epoch 1, batch 493/520 ***
Training fitness: 0.9325007708911501
Model size: (27, 33)
Validation fitness: 0.9113428430223549 
Elapsed: 2.385453462600708

*** Epoch 1, batch 494/520 ***
Training fitness: 0.9362613163689748
Model size: (12, 18)
Validation fitness: 0.9088695203305139 
Elapsed: 2.5530903339385986

*** Epoch 1, batch 495/520 ***
Training fitness: 0.9201832061068702
Model size: (26, 33)
Validation fitness: 0.9153082338700607 
Elapsed: 2.420058012008667

*** Epoch 1, batch 496/520 ***
Training fitness: 0.9398260329294811
Model size: (27, 33)
Validation fitness: 0.9119369665591648 
Elapsed: 2.4265151023864746

*** Epoch 1, batch 497/520 ***
Training fitness: 0.905006105006105
Model size: (16, 20)
Validation fitness: 0.9157346110207223 
Elapsed: 2.2863874435424805

*** Epoch 1, batch 498/520 ***
Training fitness: 0.9139705882352941
Model size: (26, 32)
Validation fitness: 0.9175613934371276 
Elapsed: 2.2649734020233154

*** Epoch 1, batch 499/520 ***
Training fitness: 0.9072039072039072
Model size: (16, 20)
Validation fitness: 0.9157346110207223 
Elapsed: 2.3092989921569824

*** Epoch 1, batch 500/520 ***
Training fitness: 0.9085399449035813
Model size: (26, 33)
Validation fitness: 0.9162340583689648 
Elapsed: 2.302776575088501

*** Epoch 1, batch 501/520 ***
Training fitness: 0.89613880742913
Model size: (26, 32)
Validation fitness: 0.9175613934371276 
Elapsed: 2.450500965118408

*** Epoch 1, batch 502/520 ***
Training fitness: 0.923783287419651
Model size: (27, 33)
Validation fitness: 0.9120877597069426 
Elapsed: 2.1942903995513916

*** Epoch 1, batch 503/520 ***
Training fitness: 0.9507585025691216
Model size: (15, 24)
Validation fitness: 0.9043699147154108 
Elapsed: 2.2498068809509277

*** Epoch 1, batch 504/520 ***
Training fitness: 0.9263546798029556
Model size: (15, 24)
Validation fitness: 0.9043699147154108 
Elapsed: 2.2036702632904053

*** Epoch 1, batch 505/520 ***
Training fitness: 0.9450549450549451
Model size: (15, 20)
Validation fitness: 0.9048298594612258 
Elapsed: 2.2494304180145264

*** Epoch 1, batch 506/520 ***
Training fitness: 0.921875
Model size: (16, 25)
Validation fitness: 0.9112830258425604 
Elapsed: 2.2900099754333496

*** Epoch 1, batch 507/520 ***
Training fitness: 0.9235853718804051
Model size: (17, 28)
Validation fitness: 0.9041336592946794 
Elapsed: 2.3005590438842773

*** Epoch 1, batch 508/520 ***
Training fitness: 0.911078359125522
Model size: (16, 25)
Validation fitness: 0.9097243445572137 
Elapsed: 2.3131914138793945

*** Epoch 1, batch 509/520 ***
Training fitness: 0.8967457793002201
Model size: (17, 25)
Validation fitness: 0.9027037346949168 
Elapsed: 2.29107666015625

*** Epoch 1, batch 510/520 ***
Training fitness: 0.9304187192118226
Model size: (16, 22)
Validation fitness: 0.9060933290884599 
Elapsed: 2.314811944961548

*** Epoch 1, batch 511/520 ***
Training fitness: 0.918009768009768
Model size: (15, 21)
Validation fitness: 0.9028708765895836 
Elapsed: 2.203601837158203

*** Epoch 1, batch 512/520 ***
Training fitness: 0.9375
Model size: (22, 31)
Validation fitness: 0.8810918544956031 
Elapsed: 2.4732091426849365

*** Epoch 1, batch 513/520 ***
Training fitness: 0.9305250305250305
Model size: (17, 21)
Validation fitness: 0.9196823525489574 
Elapsed: 2.249028205871582

*** Epoch 1, batch 514/520 ***
Training fitness: 0.9441176470588236
Model size: (17, 21)
Validation fitness: 0.9196823525489574 
Elapsed: 2.26521897315979

*** Epoch 1, batch 515/520 ***
Training fitness: 0.9313316567502913
Model size: (17, 21)
Validation fitness: 0.9196823525489574 
Elapsed: 2.339272975921631

*** Epoch 1, batch 516/520 ***
Training fitness: 0.9183247359371162
Model size: (18, 23)
Validation fitness: 0.9156342562758122 
Elapsed: 2.283466100692749

*** Epoch 1, batch 517/520 ***
Training fitness: 0.898859081097749
Model size: (18, 23)
Validation fitness: 0.9148214350481231 
Elapsed: 2.277489423751831

*** Epoch 1, batch 518/520 ***
Training fitness: 0.9344658708295072
Model size: (17, 25)
Validation fitness: 0.9123709181712704 
Elapsed: 2.3054420948028564

*** Epoch 1, batch 519/520 ***
Training fitness: 0.9249570130189143
Model size: (18, 23)
Validation fitness: 0.9156342562758122 
Elapsed: 2.1848700046539307

*** Epoch 1, batch 520/520 ***
Training fitness: 0.9119203629032258
Model size: (18, 24)
Validation fitness: 0.9162934450775526 
Elapsed: 2.154261589050293

Total train time: 1683.3643400669098
Test time: 0.18716645240783691
Test fitness: 0.9290470559024328
Test statistics: Stats(total=14791, total_true=7158, total_false=7633, true_positive=6402, true_negative=7356, false_positive=277, false_negative=756, tpr=0.8943839061190276, tnr=0.9637102056858378, ppv=0.9585267255577182, npv=0.9068047337278107, accuracy=0.9301602325738625, f1=0.9253450892534509, mcc=0.861705187388601)
