*** Epoch 0, batch 1/3942 ***
Training fitness: 0.7070051049347702
Model size: (1, 5) (!)
Validation fitness: 0.7098122773789027 (!)
Elapsed: 5.8953070640563965

*** Epoch 0, batch 2/3942 ***
Training fitness: 0.7294705761978543
Model size: (1, 3) 
Validation fitness: 0.7066646047312823 
Elapsed: 5.423783302307129

*** Epoch 0, batch 3/3942 ***
Training fitness: 0.6988092229056085
Model size: (1, 4) 
Validation fitness: 0.6952560316234068 
Elapsed: 4.946973562240601

*** Epoch 0, batch 4/3942 ***
Training fitness: 0.6926078671921901
Model size: (1, 3) 
Validation fitness: 0.707567472290607 
Elapsed: 5.249088287353516

*** Epoch 0, batch 5/3942 ***
Training fitness: 0.6984681497939018
Model size: (4, 7) (!)
Validation fitness: 0.7130818850966493 (!)
Elapsed: 6.759573698043823

*** Epoch 0, batch 6/3942 ***
Training fitness: 0.6997447532614861
Model size: (2, 3) 
Validation fitness: 0.7129302693174421 
Elapsed: 5.213337421417236

*** Epoch 0, batch 7/3942 ***
Training fitness: 0.7352912621359223
Model size: (2, 4) 
Validation fitness: 0.7114144506094147 
Elapsed: 6.2794883251190186

*** Epoch 0, batch 8/3942 ***
Training fitness: 0.7117925247902365
Model size: (1, 1) 
Validation fitness: 0.7035675388665698 
Elapsed: 5.140955924987793

*** Epoch 0, batch 9/3942 ***
Training fitness: 0.7107632933104632
Model size: (2, 3) (!)
Validation fitness: 0.7138424638142669 (!)
Elapsed: 5.739006280899048

*** Epoch 0, batch 10/3942 ***
Training fitness: 0.7221269296740995
Model size: (2, 4) (!)
Validation fitness: 0.7140180124363154 (!)
Elapsed: 6.213858366012573

*** Epoch 0, batch 11/3942 ***
Training fitness: 0.7206467875454727
Model size: (4, 7) 
Validation fitness: 0.7038999056899615 
Elapsed: 5.122602701187134

*** Epoch 0, batch 12/3942 ***
Training fitness: 0.7060987595293118
Model size: (4, 9) 
Validation fitness: 0.7034244140651879 
Elapsed: 7.419753313064575

*** Epoch 0, batch 13/3942 ***
Training fitness: 0.7144557133198107
Model size: (2, 3) 
Validation fitness: 0.7114798504093874 
Elapsed: 5.032456874847412

*** Epoch 0, batch 14/3942 ***
Training fitness: 0.6742323097463284
Model size: (5, 9) 
Validation fitness: 0.701595023637833 
Elapsed: 5.846217632293701

*** Epoch 0, batch 15/3942 ***
Training fitness: 0.7340450523348385
Model size: (6, 10) 
Validation fitness: 0.7078320916885836 
Elapsed: 7.867006063461304

*** Epoch 0, batch 16/3942 ***
Training fitness: 0.6918086583364887
Model size: (5, 6) 
Validation fitness: 0.707846605604788 
Elapsed: 5.133118629455566

*** Epoch 0, batch 17/3942 ***
Training fitness: 0.6930555555555555
Model size: (4, 5) 
Validation fitness: 0.7044864825907008 
Elapsed: 5.196011304855347

*** Epoch 0, batch 18/3942 ***
Training fitness: 0.7147923766250158
Model size: (6, 6) 
Validation fitness: 0.6996084508574907 
Elapsed: 5.78744649887085

*** Epoch 0, batch 19/3942 ***
Training fitness: 0.7145028795275821
Model size: (4, 6) 
Validation fitness: 0.706569987077545 
Elapsed: 7.504081964492798

*** Epoch 0, batch 20/3942 ***
Training fitness: 0.701263823064771
Model size: (7, 13) 
Validation fitness: 0.7120167757818084 
Elapsed: 7.97237491607666

*** Epoch 0, batch 21/3942 ***
Training fitness: 0.7450682108155855
Model size: (2, 2) 
Validation fitness: 0.7054864024943494 
Elapsed: 5.229558706283569

*** Epoch 0, batch 22/3942 ***
Training fitness: 0.7568840300767316
Model size: (3, 4) (!)
Validation fitness: 0.7140913600081883 (!)
Elapsed: 5.359719753265381

*** Epoch 0, batch 23/3942 ***
Training fitness: 0.7219325961032123
Model size: (8, 11) 
Validation fitness: 0.7071830501351737 
Elapsed: 4.817113161087036

*** Epoch 0, batch 24/3942 ***
Training fitness: 0.6799621717846017
Model size: (7, 11) 
Validation fitness: 0.7042724272264225 
Elapsed: 5.241399765014648

*** Epoch 0, batch 25/3942 ***
Training fitness: 0.7158989764129952
Model size: (3, 4) 
Validation fitness: 0.7078770195411499 
Elapsed: 5.602487325668335

*** Epoch 0, batch 26/3942 ***
Training fitness: 0.680324074074074
Model size: (9, 14) 
Validation fitness: 0.7073663030153002 
Elapsed: 5.480173110961914

*** Epoch 0, batch 27/3942 ***
Training fitness: 0.733490221299734
Model size: (9, 11) 
Validation fitness: 0.703465509708504 
Elapsed: 4.880664110183716

*** Epoch 0, batch 28/3942 ***
Training fitness: 0.6831416064338797
Model size: (5, 8) 
Validation fitness: 0.6962314280289043 
Elapsed: 6.095975399017334

*** Epoch 0, batch 29/3942 ***
Training fitness: 0.6725614053405027
Model size: (6, 7) 
Validation fitness: 0.7136549968916356 
Elapsed: 5.265896320343018

*** Epoch 0, batch 30/3942 ***
Training fitness: 0.7311660661644285
Model size: (13, 17) 
Validation fitness: 0.708707357582848 
Elapsed: 6.1280505657196045

*** Epoch 0, batch 31/3942 ***
Training fitness: 0.7074441569539726
Model size: (11, 20) 
Validation fitness: 0.7064958124987115 
Elapsed: 5.640910863876343

*** Epoch 0, batch 32/3942 ***
Training fitness: 0.704296066252588
Model size: (8, 9) 
Validation fitness: 0.714011245079763 
Elapsed: 6.49524712562561

*** Epoch 0, batch 33/3942 ***
Training fitness: 0.7249275362318841
Model size: (8, 11) 
Validation fitness: 0.7049144776054286 
Elapsed: 4.930444240570068

*** Epoch 0, batch 34/3942 ***
Training fitness: 0.6850801068090788
Model size: (9, 14) 
Validation fitness: 0.7033009136130096 
Elapsed: 5.496998310089111

*** Epoch 0, batch 35/3942 ***
Training fitness: 0.6779806215290086
Model size: (8, 9) 
Validation fitness: 0.6962487148244687 
Elapsed: 5.974208116531372

*** Epoch 0, batch 36/3942 ***
Training fitness: 0.7182194616977227
Model size: (9, 10) 
Validation fitness: 0.7078370237387551 
Elapsed: 7.957353830337524

*** Epoch 0, batch 37/3942 ***
Training fitness: 0.7182209469153515
Model size: (8, 10) 
Validation fitness: 0.7073605683543138 
Elapsed: 5.259631395339966

*** Epoch 0, batch 38/3942 ***
Training fitness: 0.6805825242718446
Model size: (8, 10) 
Validation fitness: 0.7131059385773125 
Elapsed: 5.288628339767456

*** Epoch 0, batch 39/3942 ***
Training fitness: 0.6965540059045099
Model size: (9, 14) 
Validation fitness: 0.713847831637795 
Elapsed: 4.894636869430542

*** Epoch 0, batch 40/3942 ***
Training fitness: 0.7343640295447524
Model size: (9, 7) 
Validation fitness: 0.7066614300988792 
Elapsed: 5.00005316734314

*** Epoch 0, batch 41/3942 ***
Training fitness: 0.7276073443900203
Model size: (9, 7) 
Validation fitness: 0.7032608150782212 
Elapsed: 5.0896453857421875

*** Epoch 0, batch 42/3942 ***
Training fitness: 0.6913621093352337
Model size: (9, 8) 
Validation fitness: 0.7075489856075418 
Elapsed: 5.2137463092803955

*** Epoch 0, batch 43/3942 ***
Training fitness: 0.7097240765465065
Model size: (9, 10) 
Validation fitness: 0.6960855137856415 
Elapsed: 5.38954758644104

*** Epoch 0, batch 44/3942 ***
Training fitness: 0.6963083164300202
Model size: (9, 9) 
Validation fitness: 0.6833575921892568 
Elapsed: 5.412431001663208

*** Epoch 0, batch 45/3942 ***
Training fitness: 0.634020618556701
Model size: (10, 11) 
Validation fitness: 0.6338751081223754 
Elapsed: 5.8860156536102295

*** Epoch 0, batch 46/3942 ***
Training fitness: 0.6618589743589745
Model size: (11, 11) 
Validation fitness: 0.6372339455267243 
Elapsed: 6.076467037200928

*** Epoch 0, batch 47/3942 ***
Training fitness: 0.7250320418022281
Model size: (10, 17) 
Validation fitness: 0.6862999773131064 
Elapsed: 6.528264284133911

*** Epoch 0, batch 48/3942 ***
Training fitness: 0.6533333333333333
Model size: (6, 7) 
Validation fitness: 0.6265616362365527 
Elapsed: 6.5277440547943115

*** Epoch 0, batch 49/3942 ***
Training fitness: 0.6647446024223276
Model size: (10, 12) 
Validation fitness: 0.664883685542236 
Elapsed: 6.970581531524658

*** Epoch 0, batch 50/3942 ***
Training fitness: 0.6159722222222223
Model size: (8, 8) 
Validation fitness: 0.6151072854397295 
Elapsed: 5.554124593734741

*** Epoch 0, batch 51/3942 ***
Training fitness: 0.6282544921158782
Model size: (13, 17) 
Validation fitness: 0.638534980791003 
Elapsed: 6.852201700210571

*** Epoch 0, batch 52/3942 ***
Training fitness: 0.6932859399684044
Model size: (13, 16) 
Validation fitness: 0.6764925789843081 
Elapsed: 7.192546129226685

*** Epoch 0, batch 53/3942 ***
Training fitness: 0.6490137221269296
Model size: (12, 15) 
Validation fitness: 0.6761674658736596 
Elapsed: 7.320801496505737

*** Epoch 0, batch 54/3942 ***
Training fitness: 0.7169443459766042
Model size: (7, 9) 
Validation fitness: 0.7076543411465138 
Elapsed: 5.416267156600952

*** Epoch 0, batch 55/3942 ***
Training fitness: 0.6984450203628285
Model size: (12, 14) 
Validation fitness: 0.6667786599716552 
Elapsed: 5.455060243606567

*** Epoch 0, batch 56/3942 ***
Training fitness: 0.6703884452331657
Model size: (8, 9) 
Validation fitness: 0.6890316670262613 
Elapsed: 5.646466493606567

*** Epoch 0, batch 57/3942 ***
Training fitness: 0.6598589571566762
Model size: (13, 12) 
Validation fitness: 0.6636010933165415 
Elapsed: 5.356248378753662

*** Epoch 0, batch 58/3942 ***
Training fitness: 0.6878572733679621
Model size: (14, 14) 
Validation fitness: 0.6690715798549022 
Elapsed: 5.579291105270386

*** Epoch 0, batch 59/3942 ***
Training fitness: 0.7039042135716536
Model size: (11, 10) 
Validation fitness: 0.6637104202794673 
Elapsed: 5.486637353897095

*** Epoch 0, batch 60/3942 ***
Training fitness: 0.6939895185063871
Model size: (13, 16) 
Validation fitness: 0.7063461439348108 
Elapsed: 5.805138826370239

*** Epoch 0, batch 61/3942 ***
Training fitness: 0.6076579807155948
Model size: (16, 16) 
Validation fitness: 0.6518938131281159 
Elapsed: 5.7267067432403564

*** Epoch 0, batch 62/3942 ***
Training fitness: 0.6729517894114166
Model size: (15, 15) 
Validation fitness: 0.6534737795990558 
Elapsed: 5.6302220821380615

*** Epoch 0, batch 63/3942 ***
Training fitness: 0.7317129629629631
Model size: (11, 12) 
Validation fitness: 0.6885587598262171 
Elapsed: 6.0942113399505615

*** Epoch 0, batch 64/3942 ***
Training fitness: 0.6339285714285714
Model size: (15, 14) 
Validation fitness: 0.6561218516344124 
Elapsed: 7.079095125198364

*** Epoch 0, batch 65/3942 ***
Training fitness: 0.6791397849462366
Model size: (16, 18) 
Validation fitness: 0.6519863873248707 
Elapsed: 5.805482625961304

*** Epoch 0, batch 66/3942 ***
Training fitness: 0.634427544327003
Model size: (15, 19) 
Validation fitness: 0.6666816568672586 
Elapsed: 6.308990955352783

*** Epoch 0, batch 67/3942 ***
Training fitness: 0.6392532198983812
Model size: (16, 20) 
Validation fitness: 0.6596566456807529 
Elapsed: 6.180916786193848

*** Epoch 0, batch 68/3942 ***
Training fitness: 0.6691657200555345
Model size: (12, 17) 
Validation fitness: 0.6619787753603218 
Elapsed: 10.019510746002197

*** Epoch 0, batch 69/3942 ***
Training fitness: 0.7370600414078675
Model size: (12, 17) 
Validation fitness: 0.7118784196435668 
Elapsed: 6.471615791320801

*** Epoch 0, batch 70/3942 ***
Training fitness: 0.6333333333333333
Model size: (12, 20) 
Validation fitness: 0.5983567254411986 
Elapsed: 6.940788507461548

*** Epoch 0, batch 71/3942 ***
Training fitness: 0.6839087397392564
Model size: (13, 21) 
Validation fitness: 0.696776883099639 
Elapsed: 6.784271001815796

*** Epoch 0, batch 72/3942 ***
Training fitness: 0.754279176201373
Model size: (14, 21) 
Validation fitness: 0.7099832943609157 
Elapsed: 6.710752487182617

*** Epoch 0, batch 73/3942 ***
Training fitness: 0.6282612969359957
Model size: (15, 17) 
Validation fitness: 0.6630683531141223 
Elapsed: 8.8977792263031

*** Epoch 0, batch 74/3942 ***
Training fitness: 0.6518995330051749
Model size: (14, 19) 
Validation fitness: 0.6389840166981152 
Elapsed: 6.6747658252716064

*** Epoch 0, batch 75/3942 ***
Training fitness: 0.6334633108826657
Model size: (12, 12) 
Validation fitness: 0.6389591762738868 
Elapsed: 6.506821632385254

*** Epoch 0, batch 76/3942 ***
Training fitness: 0.721242200794101
Model size: (16, 18) 
Validation fitness: 0.6906125947948728 
Elapsed: 8.3299241065979

*** Epoch 0, batch 77/3942 ***
Training fitness: 0.6711854792966535
Model size: (13, 15) 
Validation fitness: 0.67018107426402 
Elapsed: 7.759539604187012

*** Epoch 0, batch 78/3942 ***
Training fitness: 0.6239430351579884
Model size: (15, 15) 
Validation fitness: 0.6858378124746537 
Elapsed: 6.5338194370269775

*** Epoch 0, batch 79/3942 ***
Training fitness: 0.6959554295207815
Model size: (10, 11) 
Validation fitness: 0.7061934793451522 
Elapsed: 7.126848936080933

*** Epoch 0, batch 80/3942 ***
Training fitness: 0.7120605251446372
Model size: (13, 14) 
Validation fitness: 0.6963093437231228 
Elapsed: 6.579686164855957

*** Epoch 0, batch 81/3942 ***
Training fitness: 0.7509302743346934
Model size: (15, 15) 
Validation fitness: 0.7049385310860918 
Elapsed: 6.320384740829468

*** Epoch 0, batch 82/3942 ***
Training fitness: 0.6775425022905426
Model size: (13, 13) 
Validation fitness: 0.7061948699254624 
Elapsed: 6.25750732421875

*** Epoch 0, batch 83/3942 ***
Training fitness: 0.7179851250845165
Model size: (17, 17) 
Validation fitness: 0.708579283412878 
Elapsed: 6.6017866134643555

*** Epoch 0, batch 84/3942 ***
Training fitness: 0.6587005594268328
Model size: (16, 16) 
Validation fitness: 0.6404711887355347 
Elapsed: 6.398459434509277

*** Epoch 0, batch 85/3942 ***
Training fitness: 0.6525462962962962
Model size: (17, 9) 
Validation fitness: 0.6452719294501496 
Elapsed: 5.977543115615845

*** Epoch 0, batch 86/3942 ***
Training fitness: 0.6493213270645736
Model size: (14, 11) 
Validation fitness: 0.6330781820571574 
Elapsed: 5.941135406494141

*** Epoch 0, batch 87/3942 ***
Training fitness: 0.5
Model size: (18, 11) 
Validation fitness: 0.5 
Elapsed: 6.768525838851929

*** Epoch 0, batch 88/3942 ***
Training fitness: 0.7167895632444697
Model size: (13, 15) 
Validation fitness: 0.6573322952804633 
Elapsed: 5.957005023956299

*** Epoch 0, batch 89/3942 ***
Training fitness: 0.68370702931273
Model size: (20, 25) 
Validation fitness: 0.6532686308423526 
Elapsed: 6.403781890869141

*** Epoch 0, batch 90/3942 ***
Training fitness: 0.6777233536707628
Model size: (13, 14) 
Validation fitness: 0.6410228247600515 
Elapsed: 7.727535247802734

*** Epoch 0, batch 91/3942 ***
Training fitness: 0.6666465475615644
Model size: (14, 14) 
Validation fitness: 0.6515355371502557 
Elapsed: 6.296072483062744

*** Epoch 0, batch 92/3942 ***
Training fitness: 0.6269668737060041
Model size: (13, 13) 
Validation fitness: 0.6415376975834 
Elapsed: 5.658027648925781

*** Epoch 0, batch 93/3942 ***
Training fitness: 0.6248792853693867
Model size: (14, 13) 
Validation fitness: 0.6415017123730832 
Elapsed: 5.658024072647095

*** Epoch 0, batch 94/3942 ***
Training fitness: 0.6698717948717949
Model size: (14, 14) 
Validation fitness: 0.6415742752395693 
Elapsed: 5.5754711627960205

*** Epoch 0, batch 95/3942 ***
Training fitness: 0.6743611931181919
Model size: (15, 14) 
Validation fitness: 0.643374101119308 
Elapsed: 5.082582950592041

*** Epoch 0, batch 96/3942 ***
Training fitness: 0.7006215220062152
Model size: (16, 12) 
Validation fitness: 0.6681736848567804 
Elapsed: 5.953182935714722

*** Epoch 0, batch 97/3942 ***
Training fitness: 0.6891258557135335
Model size: (17, 16) 
Validation fitness: 0.6527979011661837 
Elapsed: 5.704296588897705

*** Epoch 0, batch 98/3942 ***
Training fitness: 0.6758888170652876
Model size: (16, 15) 
Validation fitness: 0.6671855178523225 
Elapsed: 5.583270788192749

*** Epoch 0, batch 99/3942 ***
Training fitness: 0.6102852459762789
Model size: (18, 17) 
Validation fitness: 0.6360439509986588 
Elapsed: 5.658122301101685

*** Epoch 0, batch 100/3942 ***
Training fitness: 0.6146661618073962
Model size: (19, 17) 
Validation fitness: 0.6363317879176241 
Elapsed: 5.694904327392578

*** Epoch 0, batch 101/3942 ***
Training fitness: 0.7122769703414865
Model size: (17, 18) 
Validation fitness: 0.6408315907591646 
Elapsed: 5.889035701751709

*** Epoch 0, batch 102/3942 ***
Training fitness: 0.6458074534161491
Model size: (17, 18) 
Validation fitness: 0.6512011761098087 
Elapsed: 5.858334541320801

*** Epoch 0, batch 103/3942 ***
Training fitness: 0.6630867143993635
Model size: (19, 19) 
Validation fitness: 0.6356335496337697 
Elapsed: 7.22966742515564

*** Epoch 0, batch 104/3942 ***
Training fitness: 0.6796717171717171
Model size: (21, 18) 
Validation fitness: 0.6593717698719608 
Elapsed: 7.381195306777954

*** Epoch 0, batch 105/3942 ***
Training fitness: 0.6802892796369824
Model size: (20, 17) 
Validation fitness: 0.6722996266120199 
Elapsed: 7.8123743534088135

*** Epoch 0, batch 106/3942 ***
Training fitness: 0.6373339304373786
Model size: (15, 12) 
Validation fitness: 0.6591918941793926 
Elapsed: 6.401146650314331

*** Epoch 0, batch 107/3942 ***
Training fitness: 0.6663447609850314
Model size: (17, 20) 
Validation fitness: 0.6416368938789216 
Elapsed: 6.573631525039673

*** Epoch 0, batch 108/3942 ***
Training fitness: 0.6849951714147754
Model size: (16, 19) 
Validation fitness: 0.6699048978074729 
Elapsed: 7.601274251937866

*** Epoch 0, batch 109/3942 ***
Training fitness: 0.658505295337919
Model size: (15, 9) 
Validation fitness: 0.6628868809288208 
Elapsed: 7.458725690841675

*** Epoch 0, batch 110/3942 ***
Training fitness: 0.6681294097401481
Model size: (21, 16) 
Validation fitness: 0.6415838170422067 
Elapsed: 7.662979602813721

*** Epoch 0, batch 111/3942 ***
Training fitness: 0.6614736898026403
Model size: (20, 15) 
Validation fitness: 0.6502991360050804 
Elapsed: 7.763779401779175

*** Epoch 0, batch 112/3942 ***
Training fitness: 0.6534663544741932
Model size: (15, 17) 
Validation fitness: 0.6829072516478895 
Elapsed: 7.6410205364227295

*** Epoch 0, batch 113/3942 ***
Training fitness: 0.7284722222222222
Model size: (14, 17) 
Validation fitness: 0.6831317899688699 
Elapsed: 7.739231824874878

*** Epoch 0, batch 114/3942 ***
Training fitness: 0.7021282690269544
Model size: (25, 27) 
Validation fitness: 0.6693170778223873 
Elapsed: 7.627452611923218

*** Epoch 0, batch 115/3942 ***
Training fitness: 0.6558857739691885
Model size: (17, 17) 
Validation fitness: 0.6512187406633264 
Elapsed: 8.724107503890991

*** Epoch 0, batch 116/3942 ***
Training fitness: 0.6850329151658179
Model size: (26, 20) 
Validation fitness: 0.6861606330190512 
Elapsed: 9.813688278198242

*** Epoch 0, batch 117/3942 ***
Training fitness: 0.697079107505071
Model size: (25, 22) 
Validation fitness: 0.6690016081276806 
Elapsed: 11.32510232925415

*** Epoch 0, batch 118/3942 ***
Training fitness: 0.7367538564721663
Model size: (18, 17) 
Validation fitness: 0.7075301343251966 
Elapsed: 9.312788009643555

*** Epoch 0, batch 119/3942 ***
Training fitness: 0.6981884057971015
Model size: (17, 15) 
Validation fitness: 0.6853142183649107 
Elapsed: 9.367373943328857

*** Epoch 0, batch 120/3942 ***
Training fitness: 0.6459075638806882
Model size: (21, 17) 
Validation fitness: 0.6403302481725639 
Elapsed: 9.74997091293335

*** Epoch 0, batch 121/3942 ***
Training fitness: 0.6942427680090754
Model size: (25, 29) 
Validation fitness: 0.6850389011450948 
Elapsed: 11.054546594619751

*** Epoch 0, batch 122/3942 ***
Training fitness: 0.6736199956314164
Model size: (19, 17) 
Validation fitness: 0.6515743594756559 
Elapsed: 10.12317967414856

*** Epoch 0, batch 123/3942 ***
Training fitness: 0.6802264349657714
Model size: (14, 12) 
Validation fitness: 0.6904258140977736 
Elapsed: 11.63680648803711

*** Epoch 0, batch 124/3942 ***
Training fitness: 0.7118497404051716
Model size: (16, 15) 
Validation fitness: 0.7051794616026851 
Elapsed: 10.784064292907715

*** Epoch 0, batch 125/3942 ***
Training fitness: 0.667929292929293
Model size: (24, 29) 
Validation fitness: 0.7023118193311937 
Elapsed: 14.229893684387207

*** Epoch 0, batch 126/3942 ***
Training fitness: 0.6673342234089897
Model size: (15, 13) 
Validation fitness: 0.6701426245953422 
Elapsed: 12.451727628707886

*** Epoch 0, batch 127/3942 ***
Training fitness: 0.7035714285714286
Model size: (24, 26) 
Validation fitness: 0.6843485289396248 
Elapsed: 14.380585193634033

*** Epoch 0, batch 128/3942 ***
Training fitness: 0.6903850089163037
Model size: (16, 16) 
Validation fitness: 0.6788972576114354 
Elapsed: 13.495133399963379

*** Epoch 0, batch 129/3942 ***
Training fitness: 0.6870317782285328
Model size: (16, 15) 
Validation fitness: 0.6854639851848482 
Elapsed: 13.742072582244873

*** Epoch 0, batch 130/3942 ***
Training fitness: 0.7054336468129572
Model size: (24, 24) 
Validation fitness: 0.7062191223801955 
Elapsed: 14.365356206893921

*** Epoch 0, batch 131/3942 ***
Training fitness: 0.6995957803411219
Model size: (23, 24) 
Validation fitness: 0.6865677559000544 
Elapsed: 15.452697038650513

*** Epoch 0, batch 132/3942 ***
Training fitness: 0.6923361717882266
Model size: (24, 23) 
Validation fitness: 0.7097416505368302 
Elapsed: 15.040251016616821

*** Epoch 0, batch 133/3942 ***
Training fitness: 0.7080194344360737
Model size: (24, 29) 
Validation fitness: 0.6860095604457691 
Elapsed: 16.305551528930664

*** Epoch 0, batch 134/3942 ***
Training fitness: 0.6642478661481037
Model size: (16, 15) 
Validation fitness: 0.6845955179816354 
Elapsed: 16.61922526359558

*** Epoch 0, batch 135/3942 ***
Training fitness: 0.6725643834077569
Model size: (29, 33) 
Validation fitness: 0.6699979104633982 
Elapsed: 16.37157392501831

*** Epoch 0, batch 136/3942 ***
Training fitness: 0.6619770455386893
Model size: (31, 37) 
Validation fitness: 0.6575272509245816 
Elapsed: 16.65385365486145

*** Epoch 0, batch 137/3942 ***
Training fitness: 0.6541485942521921
Model size: (20, 24) 
Validation fitness: 0.6645059526309249 
Elapsed: 18.760842084884644

*** Epoch 0, batch 138/3942 ***
Training fitness: 0.6551111663147435
Model size: (26, 23) 
Validation fitness: 0.6746601338909184 
Elapsed: 19.834445476531982

*** Epoch 0, batch 139/3942 ***
Training fitness: 0.704916726432385
Model size: (26, 25) 
Validation fitness: 0.68397097038242 
Elapsed: 20.049363613128662

*** Epoch 0, batch 140/3942 ***
Training fitness: 0.6602650941642096
Model size: (32, 37) 
Validation fitness: 0.664060083522591 
Elapsed: 19.08958864212036

*** Epoch 0, batch 141/3942 ***
Training fitness: 0.6181705469072875
Model size: (24, 28) 
Validation fitness: 0.6530025367085538 
Elapsed: 19.073508262634277

*** Epoch 0, batch 142/3942 ***
Training fitness: 0.7169913003310494
Model size: (25, 32) 
Validation fitness: 0.6552159620864593 
Elapsed: 19.821478128433228

*** Epoch 0, batch 143/3942 ***
Training fitness: 0.7412808457513214
Model size: (30, 34) 
Validation fitness: 0.6745236336502999 
Elapsed: 24.916407346725464

*** Epoch 0, batch 144/3942 ***
Training fitness: 0.6939553752535497
Model size: (27, 29) 
Validation fitness: 0.6695502573029715 
Elapsed: 21.645920276641846

*** Epoch 0, batch 145/3942 ***
Training fitness: 0.6699185248713551
Model size: (30, 27) 
Validation fitness: 0.6518133349433177 
Elapsed: 19.024659633636475

*** Epoch 0, batch 146/3942 ***
Training fitness: 0.7085976554506387
Model size: (17, 17) 
Validation fitness: 0.6659948214314754 
Elapsed: 20.81313180923462

*** Epoch 0, batch 147/3942 ***
Training fitness: 0.6839096294255407
Model size: (23, 24) 
Validation fitness: 0.6711345976223618 
Elapsed: 20.580276250839233

*** Epoch 0, batch 148/3942 ***
Training fitness: 0.6769151138716356
Model size: (19, 18) 
Validation fitness: 0.698013959055636 
Elapsed: 20.418829917907715

*** Epoch 0, batch 149/3942 ***
Training fitness: 0.718321043675553
Model size: (20, 19) 
Validation fitness: 0.7052184247095137 
Elapsed: 19.941298246383667

*** Epoch 0, batch 150/3942 ***
Training fitness: 0.7211981566820277
Model size: (28, 38) 
Validation fitness: 0.7014488157455493 
Elapsed: 25.149941444396973

*** Epoch 0, batch 151/3942 ***
Training fitness: 0.6521053285306173
Model size: (28, 25) 
Validation fitness: 0.6616238083055753 
Elapsed: 22.544945240020752

*** Epoch 0, batch 152/3942 ***
Training fitness: 0.6574221502962595
Model size: (17, 18) 
Validation fitness: 0.6517300106907223 
Elapsed: 19.79309630393982

*** Epoch 0, batch 153/3942 ***
Training fitness: 0.6547197941941708
Model size: (28, 25) 
Validation fitness: 0.6699205834101288 
Elapsed: 19.138218641281128

*** Epoch 0, batch 154/3942 ***
Training fitness: 0.6708664686531889
Model size: (27, 32) 
Validation fitness: 0.6987443924183131 
Elapsed: 21.515270233154297

*** Epoch 0, batch 155/3942 ***
Training fitness: 0.7091000076988221
Model size: (28, 30) 
Validation fitness: 0.6848248142224993 
Elapsed: 19.013481855392456

*** Epoch 0, batch 156/3942 ***
Training fitness: 0.6635349666353496
Model size: (31, 31) 
Validation fitness: 0.6628707653720723 
Elapsed: 18.009082078933716

*** Epoch 0, batch 157/3942 ***
Training fitness: 0.7555226459336049
Model size: (24, 24) 
Validation fitness: 0.6798554220567422 
Elapsed: 18.88219118118286

*** Epoch 0, batch 158/3942 ***
Training fitness: 0.6337517903782964
Model size: (31, 33) 
Validation fitness: 0.6695726321497498 
Elapsed: 19.503538608551025

*** Epoch 0, batch 159/3942 ***
Training fitness: 0.6878332387975042
Model size: (19, 15) 
Validation fitness: 0.6720696240020172 
Elapsed: 18.05168080329895

*** Epoch 0, batch 160/3942 ***
Training fitness: 0.7497685185185184
Model size: (25, 24) 
Validation fitness: 0.7128833562005346 
Elapsed: 17.354371547698975

*** Epoch 0, batch 161/3942 ***
Training fitness: 0.711424549100858
Model size: (26, 26) 
Validation fitness: 0.7126532953978907 
Elapsed: 17.66437268257141

*** Epoch 0, batch 162/3942 ***
Training fitness: 0.7225421697313416
Model size: (25, 26) 
Validation fitness: 0.6994643130565139 
Elapsed: 17.37412691116333

*** Epoch 0, batch 163/3942 ***
Training fitness: 0.706845725515886
Model size: (29, 29) 
Validation fitness: 0.7076777977049675 
Elapsed: 16.20675039291382

*** Epoch 0, batch 164/3942 ***
Training fitness: 0.6510536084725408
Model size: (30, 35) 
Validation fitness: 0.7037174220717898 
Elapsed: 16.319902420043945

*** Epoch 0, batch 165/3942 ***
Training fitness: 0.7245145631067961
Model size: (28, 28) 
Validation fitness: 0.7107399627568529 
Elapsed: 17.07026743888855

*** Epoch 0, batch 166/3942 ***
Training fitness: 0.6623163060217693
Model size: (21, 26) 
Validation fitness: 0.6808150124455797 
Elapsed: 14.671571493148804

*** Epoch 0, batch 167/3942 ***
Training fitness: 0.6679377958079784
Model size: (24, 26) 
Validation fitness: 0.6948066904287454 
Elapsed: 15.606627702713013

*** Epoch 0, batch 168/3942 ***
Training fitness: 0.7036607373034287
Model size: (35, 30) 
Validation fitness: 0.7088697672017528 
Elapsed: 15.235183715820312

*** Epoch 0, batch 169/3942 ***
Training fitness: 0.6778879183433114
Model size: (27, 29) 
Validation fitness: 0.7032005257112476 
Elapsed: 14.901661157608032

*** Epoch 0, batch 170/3942 ***
Training fitness: 0.7365477338476374
Model size: (35, 31) 
Validation fitness: 0.7009477618839769 
Elapsed: 13.645588636398315

*** Epoch 0, batch 171/3942 ***
Training fitness: 0.729114971050455
Model size: (32, 27) 
Validation fitness: 0.7083520731543884 
Elapsed: 13.909595251083374

*** Epoch 0, batch 172/3942 ***
Training fitness: 0.657710370313342
Model size: (24, 24) 
Validation fitness: 0.6659918336869781 
Elapsed: 12.865391254425049

*** Epoch 0, batch 173/3942 ***
Training fitness: 0.7030130532927666
Model size: (25, 25) 
Validation fitness: 0.7017475872856406 
Elapsed: 11.879207372665405

*** Epoch 0, batch 174/3942 ***
Training fitness: 0.734149552395998
Model size: (28, 25) 
Validation fitness: 0.6857958692331347 
Elapsed: 12.078829765319824

*** Epoch 0, batch 175/3942 ***
Training fitness: 0.7238674780256931
Model size: (24, 21) 
Validation fitness: 0.7108210680792704 
Elapsed: 11.386744499206543

*** Epoch 0, batch 176/3942 ***
Training fitness: 0.6740921720800995
Model size: (25, 22) 
Validation fitness: 0.6946394203813814 
Elapsed: 11.524328708648682

*** Epoch 0, batch 177/3942 ***
Training fitness: 0.7162818178914758
Model size: (30, 29) 
Validation fitness: 0.7042070274264497 
Elapsed: 10.8539297580719

*** Epoch 0, batch 178/3942 ***
Training fitness: 0.6997163925127623
Model size: (26, 24) 
Validation fitness: 0.6890201280969367 
Elapsed: 11.404205560684204

*** Epoch 0, batch 179/3942 ***
Training fitness: 0.7104166666666666
Model size: (26, 23) 
Validation fitness: 0.6904100302390809 
Elapsed: 11.605830192565918

*** Epoch 0, batch 180/3942 ***
Training fitness: 0.764985260399607
Model size: (28, 33) 
Validation fitness: 0.6986921584796264 
Elapsed: 12.218836545944214

*** Epoch 0, batch 181/3942 ***
Training fitness: 0.6498798995523528
Model size: (41, 55) 
Validation fitness: 0.6554253134709566 
Elapsed: 11.19723391532898

*** Epoch 0, batch 182/3942 ***
Training fitness: 0.6847380647855706
Model size: (28, 33) 
Validation fitness: 0.6860892707115193 
Elapsed: 11.577005386352539

*** Epoch 0, batch 183/3942 ***
Training fitness: 0.7348151648431537
Model size: (30, 36) 
Validation fitness: 0.7075020724906342 
Elapsed: 12.035780668258667

*** Epoch 0, batch 184/3942 ***
Training fitness: 0.719591653326593
Model size: (27, 30) 
Validation fitness: 0.7079493366556354 
Elapsed: 11.500952959060669

*** Epoch 0, batch 185/3942 ***
Training fitness: 0.6794596208389312
Model size: (34, 36) 
Validation fitness: 0.7073989345389331 
Elapsed: 11.434823274612427

*** Epoch 0, batch 186/3942 ***
Training fitness: 0.720771196674811
Model size: (35, 38) 
Validation fitness: 0.6939945393780097 
Elapsed: 11.956895112991333

*** Epoch 0, batch 187/3942 ***
Training fitness: 0.6997447532614861
Model size: (31, 37) 
Validation fitness: 0.7066423464936045 
Elapsed: 11.162056922912598

*** Epoch 0, batch 188/3942 ***
Training fitness: 0.6791136744552893
Model size: (27, 28) 
Validation fitness: 0.6961648596759298 
Elapsed: 11.01581621170044

*** Epoch 0, batch 189/3942 ***
Training fitness: 0.700925925925926
Model size: (32, 39) 
Validation fitness: 0.6891745928535733 
Elapsed: 10.708561420440674

*** Epoch 0, batch 190/3942 ***
Training fitness: 0.6864389233954451
Model size: (30, 35) 
Validation fitness: 0.70676480037351 
Elapsed: 10.995887279510498

*** Epoch 0, batch 191/3942 ***
Training fitness: 0.7281455719786362
Model size: (30, 36) 
Validation fitness: 0.710105233907399 
Elapsed: 10.50161600112915

*** Epoch 0, batch 192/3942 ***
Training fitness: 0.6741210502892746
Model size: (31, 37) 
Validation fitness: 0.7023118193311937 
Elapsed: 10.418645858764648

*** Epoch 0, batch 193/3942 ***
Training fitness: 0.7184736324926302
Model size: (32, 38) 
Validation fitness: 0.7088621526946332 
Elapsed: 10.188522577285767

*** Epoch 0, batch 194/3942 ***
Training fitness: 0.7367517539931333
Model size: (31, 34) 
Validation fitness: 0.7100067509193694 
Elapsed: 9.974633693695068

*** Epoch 0, batch 195/3942 ***
Training fitness: 0.7217194570135747
Model size: (30, 32) 
Validation fitness: 0.6983693912038775 
Elapsed: 9.470582008361816

*** Epoch 0, batch 196/3942 ***
Training fitness: 0.732213763248246
Model size: (30, 32) 
Validation fitness: 0.7069399109840236 
Elapsed: 9.061923265457153

*** Epoch 0, batch 197/3942 ***
Training fitness: 0.7281455719786362
Model size: (30, 32) 
Validation fitness: 0.7132745119160248 
Elapsed: 8.8984534740448

*** Epoch 0, batch 198/3942 ***
Training fitness: 0.6848837209302325
Model size: (35, 31) 
Validation fitness: 0.6245003508192623 
Elapsed: 7.894680976867676

*** Epoch 0, batch 199/3942 ***
Training fitness: 0.7185301740096262
Model size: (38, 42) 
Validation fitness: 0.6706109992600797 
Elapsed: 9.06615400314331

*** Epoch 0, batch 200/3942 ***
Training fitness: 0.7171665091231989
Model size: (23, 24) 
Validation fitness: 0.695080465543566 
Elapsed: 8.21907663345337

*** Epoch 0, batch 201/3942 ***
Training fitness: 0.6308857969417275
Model size: (34, 31) 
Validation fitness: 0.6259747292044827 
Elapsed: 8.025761365890503

*** Epoch 0, batch 202/3942 ***
Training fitness: 0.6963503067973543
Model size: (26, 22) 
Validation fitness: 0.7011774645780586 
Elapsed: 9.957901954650879

*** Epoch 0, batch 203/3942 ***
Training fitness: 0.7265258215962441
Model size: (28, 23) 
Validation fitness: 0.7063137467484683 
Elapsed: 8.150784492492676

*** Epoch 0, batch 204/3942 ***
Training fitness: 0.6353784146887594
Model size: (32, 30) 
Validation fitness: 0.6291705690204314 
Elapsed: 8.101719379425049

*** Epoch 0, batch 205/3942 ***
Training fitness: 0.7007337679422341
Model size: (35, 33) 
Validation fitness: 0.7048095177764178 
Elapsed: 8.28974986076355

*** Epoch 0, batch 206/3942 ***
Training fitness: 0.6933244809270883
Model size: (34, 32) 
Validation fitness: 0.7066757428028352 
Elapsed: 8.123640298843384

*** Epoch 0, batch 207/3942 ***
Training fitness: 0.7346790890269151
Model size: (35, 34) 
Validation fitness: 0.706364239160454 
Elapsed: 8.168625354766846

*** Epoch 0, batch 208/3942 ***
Training fitness: 0.6689790398918188
Model size: (30, 33) 
Validation fitness: 0.6515999443180578 
Elapsed: 8.500124216079712

*** Epoch 0, batch 209/3942 ***
Training fitness: 0.6151053608472541
Model size: (27, 24) 
Validation fitness: 0.626540963076898 
Elapsed: 7.968993663787842

*** Epoch 0, batch 210/3942 ***
Training fitness: 0.6268859897901304
Model size: (35, 38) 
Validation fitness: 0.6386479163691455 
Elapsed: 7.964089393615723

*** Epoch 0, batch 211/3942 ***
Training fitness: 0.7286507635996466
Model size: (35, 33) 
Validation fitness: 0.7063497274824282 
Elapsed: 8.067259073257446

*** Epoch 0, batch 212/3942 ***
Training fitness: 0.67155051416459
Model size: (40, 40) 
Validation fitness: 0.6503659286235418 
Elapsed: 9.352582454681396

*** Epoch 0, batch 213/3942 ***
Training fitness: 0.6407349896480332
Model size: (29, 30) 
Validation fitness: 0.6451288024105892 
Elapsed: 9.354322910308838

*** Epoch 0, batch 214/3942 ***
Training fitness: 0.6533064636512912
Model size: (40, 39) 
Validation fitness: 0.6363252038678918 
Elapsed: 9.160270929336548

*** Epoch 0, batch 215/3942 ***
Training fitness: 0.688678251711427
Model size: (33, 40) 
Validation fitness: 0.6521391188360667 
Elapsed: 10.462779998779297

*** Epoch 0, batch 216/3942 ***
Training fitness: 0.6796296296296297
Model size: (39, 36) 
Validation fitness: 0.6393850127892563 
Elapsed: 9.42048716545105

*** Epoch 0, batch 217/3942 ***
Training fitness: 0.6119283941864587
Model size: (35, 44) 
Validation fitness: 0.6413058426568599 
Elapsed: 8.983922243118286

*** Epoch 0, batch 218/3942 ***
Training fitness: 0.6740097908322208
Model size: (37, 41) 
Validation fitness: 0.6883373153393951 
Elapsed: 8.616465330123901

*** Epoch 0, batch 219/3942 ***
Training fitness: 0.6512638230647709
Model size: (40, 39) 
Validation fitness: 0.6282272551133775 
Elapsed: 9.203928232192993

*** Epoch 0, batch 220/3942 ***
Training fitness: 0.6525752383988099
Model size: (31, 40) 
Validation fitness: 0.6659590342999568 
Elapsed: 10.082223415374756

*** Epoch 0, batch 221/3942 ***
Training fitness: 0.6862836438923395
Model size: (35, 40) 
Validation fitness: 0.6943904868098787 
Elapsed: 9.196344375610352

*** Epoch 0, batch 222/3942 ***
Training fitness: 0.5853343865192207
Model size: (34, 42) 
Validation fitness: 0.6405983676340995 
Elapsed: 9.367822885513306

*** Epoch 0, batch 223/3942 ***
Training fitness: 0.6522238163558107
Model size: (36, 38) 
Validation fitness: 0.6517934252263539 
Elapsed: 8.791161060333252

*** Epoch 0, batch 224/3942 ***
Training fitness: 0.6451317499704596
Model size: (39, 45) 
Validation fitness: 0.6501888918365998 
Elapsed: 8.361661195755005

*** Epoch 0, batch 225/3942 ***
Training fitness: 0.7027243589743589
Model size: (40, 46) 
Validation fitness: 0.6875240913058801 
Elapsed: 8.808135509490967

*** Epoch 0, batch 226/3942 ***
Training fitness: 0.69258853596203
Model size: (35, 38) 
Validation fitness: 0.6644376796811949 
Elapsed: 9.068413019180298

*** Epoch 0, batch 227/3942 ***
Training fitness: 0.7331018518518518
Model size: (41, 46) 
Validation fitness: 0.7027590183652 
Elapsed: 9.43717885017395

*** Epoch 0, batch 228/3942 ***
Training fitness: 0.659026369168357
Model size: (36, 33) 
Validation fitness: 0.6667641460554509 
Elapsed: 9.569247961044312

*** Epoch 0, batch 229/3942 ***
Training fitness: 0.7051282051282051
Model size: (27, 23) 
Validation fitness: 0.6448105426025481 
Elapsed: 9.660791635513306

*** Epoch 0, batch 230/3942 ***
Training fitness: 0.6701861084283888
Model size: (38, 43) 
Validation fitness: 0.6693077349938198 
Elapsed: 10.568098783493042

*** Epoch 0, batch 231/3942 ***
Training fitness: 0.6898971670820085
Model size: (37, 35) 
Validation fitness: 0.6834205906475028 
Elapsed: 9.319692611694336

*** Epoch 0, batch 232/3942 ***
Training fitness: 0.6816188562031792
Model size: (33, 30) 
Validation fitness: 0.6849548179261654 
Elapsed: 9.90300965309143

*** Epoch 0, batch 233/3942 ***
Training fitness: 0.7073104604160504
Model size: (34, 31) 
Validation fitness: 0.6945497128436663 
Elapsed: 10.246890306472778

*** Epoch 0, batch 234/3942 ***
Training fitness: 0.7245145631067961
Model size: (35, 45) 
Validation fitness: 0.7138764794274921 
Elapsed: 10.086046934127808

*** Epoch 0, batch 235/3942 ***
Training fitness: 0.7164883309461623
Model size: (35, 31) 
Validation fitness: 0.7047451106086156 
Elapsed: 10.18306589126587

*** Epoch 0, batch 236/3942 ***
Training fitness: 0.6586394042660608
Model size: (33, 31) 
Validation fitness: 0.6529263788797396 
Elapsed: 11.034619808197021

*** Epoch 0, batch 237/3942 ***
Training fitness: 0.6827368628610864
Model size: (35, 34) 
Validation fitness: 0.6856515528255126 
Elapsed: 9.870522737503052

*** Epoch 0, batch 238/3942 ***
Training fitness: 0.693944099378882
Model size: (35, 34) 
Validation fitness: 0.7063461439348108 
Elapsed: 10.071227073669434

*** Epoch 0, batch 239/3942 ***
Training fitness: 0.7377760949135428
Model size: (41, 39) 
Validation fitness: 0.7079071944400466 
Elapsed: 11.035123109817505

*** Epoch 0, batch 240/3942 ***
Training fitness: 0.6971540021043447
Model size: (35, 33) 
Validation fitness: 0.7087520262543425 
Elapsed: 10.98642373085022

*** Epoch 0, batch 241/3942 ***
Training fitness: 0.7182245597258746
Model size: (35, 31) 
Validation fitness: 0.7062608688858232 
Elapsed: 10.514036178588867

*** Epoch 0, batch 242/3942 ***
Training fitness: 0.7145028795275821
Model size: (34, 31) 
Validation fitness: 0.698486278286185 
Elapsed: 10.88735842704773

*** Epoch 0, batch 243/3942 ***
Training fitness: 0.7042435476170416
Model size: (34, 32) 
Validation fitness: 0.7052062984821472 
Elapsed: 10.92296814918518

*** Epoch 0, batch 244/3942 ***
Training fitness: 0.6826388888888888
Model size: (33, 30) 
Validation fitness: 0.6509620341216653 
Elapsed: 11.21672010421753

*** Epoch 0, batch 245/3942 ***
Training fitness: 0.6729528259902091
Model size: (33, 23) 
Validation fitness: 0.7081833053179633 
Elapsed: 10.688459396362305

*** Epoch 0, batch 246/3942 ***
Training fitness: 0.7396158058808662
Model size: (33, 29) 
Validation fitness: 0.7065870809421215 
Elapsed: 11.5930917263031

*** Epoch 0, batch 247/3942 ***
Training fitness: 0.6998109417464257
Model size: (39, 40) 
Validation fitness: 0.6715175448181551 
Elapsed: 12.765474796295166

*** Epoch 0, batch 248/3942 ***
Training fitness: 0.7142654566080544
Model size: (34, 31) 
Validation fitness: 0.6944537001332618 
Elapsed: 12.078472137451172

*** Epoch 0, batch 249/3942 ***
Training fitness: 0.6991615956727518
Model size: (31, 31) 
Validation fitness: 0.6985292163980532 
Elapsed: 12.62717080116272

*** Epoch 0, batch 250/3942 ***
Training fitness: 0.6860429603990634
Model size: (33, 29) 
Validation fitness: 0.7134890505030442 
Elapsed: 12.396198749542236

*** Epoch 0, batch 251/3942 ***
Training fitness: 0.6871972113907597
Model size: (38, 30) 
Validation fitness: 0.6645089327656153 
Elapsed: 12.793371677398682

*** Epoch 0, batch 252/3942 ***
Training fitness: 0.6815092537984104
Model size: (31, 32) 
Validation fitness: 0.6717193584650556 
Elapsed: 14.020864009857178

*** Epoch 0, batch 253/3942 ***
Training fitness: 0.6960581188408107
Model size: (31, 26) 
Validation fitness: 0.7003874824616779 
Elapsed: 14.846125841140747

*** Epoch 0, batch 254/3942 ***
Training fitness: 0.6878216123499142
Model size: (40, 41) 
Validation fitness: 0.7087254060305603 
Elapsed: 16.63012981414795

*** Epoch 0, batch 255/3942 ***
Training fitness: 0.6712962962962963
Model size: (40, 41) 
Validation fitness: 0.6964703620902638 
Elapsed: 15.586083889007568

*** Epoch 0, batch 256/3942 ***
Training fitness: 0.6873343932167462
Model size: (31, 28) 
Validation fitness: 0.7054742648522724 
Elapsed: 16.133658170700073

*** Epoch 0, batch 257/3942 ***
Training fitness: 0.7680884029584587
Model size: (47, 44) 
Validation fitness: 0.6936436552085069 
Elapsed: 17.087489128112793

*** Epoch 0, batch 258/3942 ***
Training fitness: 0.7251565638662413
Model size: (47, 44) 
Validation fitness: 0.7085570741913096 
Elapsed: 17.324127435684204

*** Epoch 0, batch 259/3942 ***
Training fitness: 0.7289278305491865
Model size: (36, 29) 
Validation fitness: 0.713805289235888 
Elapsed: 17.22639799118042

*** Epoch 0, batch 260/3942 ***
Training fitness: 0.7471139275382284
Model size: (34, 34) 
Validation fitness: 0.7078042243517338 
Elapsed: 18.075300931930542

*** Epoch 0, batch 261/3942 ***
Training fitness: 0.6759807888073921
Model size: (36, 27) 
Validation fitness: 0.7035513859322401 
Elapsed: 18.963037490844727

*** Epoch 0, batch 262/3942 ***
Training fitness: 0.6589914589914591
Model size: (38, 33) 
Validation fitness: 0.7042630843978549 
Elapsed: 20.372129678726196

*** Epoch 0, batch 263/3942 ***
Training fitness: 0.6676154022311643
Model size: (42, 42) 
Validation fitness: 0.7098966244790788 
Elapsed: 20.44716191291809

*** Epoch 0, batch 264/3942 ***
Training fitness: 0.702323717948718
Model size: (43, 44) 
Validation fitness: 0.6960065971779922 
Elapsed: 21.02694010734558

*** Epoch 0, batch 265/3942 ***
Training fitness: 0.6802847689944463
Model size: (44, 45) 
Validation fitness: 0.7124158168240183 
Elapsed: 22.051946878433228

*** Epoch 0, batch 266/3942 ***
Training fitness: 0.6926078671921901
Model size: (31, 23) 
Validation fitness: 0.6913077423780183 
Elapsed: 23.21662950515747

*** Epoch 0, batch 267/3942 ***
Training fitness: 0.7083069293291087
Model size: (30, 21) 
Validation fitness: 0.7052240073981791 
Elapsed: 24.25949001312256

*** Epoch 0, batch 268/3942 ***
Training fitness: 0.7090622239050864
Model size: (31, 21) 
Validation fitness: 0.7089627373322865 
Elapsed: 25.316057920455933

*** Epoch 0, batch 269/3942 ***
Training fitness: 0.7371495327102804
Model size: (31, 20) 
Validation fitness: 0.7138255913055452 
Elapsed: 24.923255681991577

*** Epoch 0, batch 270/3942 ***
Training fitness: 0.7365196078431373
Model size: (30, 19) 
Validation fitness: 0.713888207706719 
Elapsed: 26.324338912963867

*** Epoch 0, batch 271/3942 ***
Training fitness: 0.6974847870182556
Model size: (30, 20) 
Validation fitness: 0.6991948826938231 
Elapsed: 27.114084720611572

*** Epoch 0, batch 272/3942 ***
Training fitness: 0.7111210628452007
Model size: (43, 37) 
Validation fitness: 0.7042044203961175 
Elapsed: 27.795066595077515

*** Epoch 0, batch 273/3942 ***
Training fitness: 0.6647010385953728
Model size: (37, 39) 
Validation fitness: 0.7079493366556354 
Elapsed: 26.31588387489319

*** Epoch 0, batch 274/3942 ***
Training fitness: 0.6900609430729913
Model size: (39, 40) 
Validation fitness: 0.7135446692390965 
Elapsed: 26.831271171569824

*** Epoch 0, batch 275/3942 ***
Training fitness: 0.7002653338269778
Model size: (40, 29) 
Validation fitness: 0.6551668624929622 
Elapsed: 26.77104139328003

*** Epoch 0, batch 276/3942 ***
Training fitness: 0.7053355866731048
Model size: (30, 23) 
Validation fitness: 0.6992205257288665 
Elapsed: 26.19890022277832

*** Epoch 0, batch 277/3942 ***
Training fitness: 0.7167961165048543
Model size: (30, 22) 
Validation fitness: 0.7062873078171457 
Elapsed: 25.325771808624268

*** Epoch 0, batch 278/3942 ***
Training fitness: 0.682864077669903
Model size: (47, 49) 
Validation fitness: 0.7093044469842458 
Elapsed: 23.09362554550171

*** Epoch 0, batch 279/3942 ***
Training fitness: 0.6644339596146825
Model size: (39, 35) 
Validation fitness: 0.6636594316633051 
Elapsed: 23.98322296142578

*** Epoch 0, batch 280/3942 ***
Training fitness: 0.7211503356081669
Model size: (37, 36) 
Validation fitness: 0.7074537999040978 
Elapsed: 21.551074028015137

*** Epoch 0, batch 281/3942 ***
Training fitness: 0.6771010598596805
Model size: (36, 35) 
Validation fitness: 0.6913239279897542 
Elapsed: 21.14739441871643

*** Epoch 0, batch 282/3942 ***
Training fitness: 0.6601851851851852
Model size: (35, 31) 
Validation fitness: 0.6996122109973929 
Elapsed: 20.444888830184937

*** Epoch 0, batch 283/3942 ***
Training fitness: 0.7439320388349514
Model size: (46, 47) 
Validation fitness: 0.7016460908140609 
Elapsed: 19.34981608390808

*** Epoch 0, batch 284/3942 ***
Training fitness: 0.6798578199052132
Model size: (36, 31) 
Validation fitness: 0.7051102835335642 
Elapsed: 17.511732816696167

*** Epoch 0, batch 285/3942 ***
Training fitness: 0.693193013882669
Model size: (37, 40) 
Validation fitness: 0.7066807126782237 
Elapsed: 15.9587082862854

*** Epoch 0, batch 286/3942 ***
Training fitness: 0.7300698687403163
Model size: (44, 42) 
Validation fitness: 0.7049331834061703 
Elapsed: 16.581748485565186

*** Epoch 0, batch 287/3942 ***
Training fitness: 0.6617947764662143
Model size: (37, 44) 
Validation fitness: 0.6666611256081215 
Elapsed: 14.245956659317017

*** Epoch 0, batch 288/3942 ***
Training fitness: 0.6515314804310833
Model size: (37, 33) 
Validation fitness: 0.7046258380756487 
Elapsed: 14.64264988899231

*** Epoch 0, batch 289/3942 ***
Training fitness: 0.7113726602382302
Model size: (51, 51) 
Validation fitness: 0.6852464331142786 
Elapsed: 14.273988485336304

*** Epoch 0, batch 290/3942 ***
Training fitness: 0.6856385894390645
Model size: (43, 39) 
Validation fitness: 0.7008769893364831 
Elapsed: 14.5859534740448

*** Epoch 0, batch 291/3942 ***
Training fitness: 0.7474392200419598
Model size: (41, 33) 
Validation fitness: 0.7088459126951594 
Elapsed: 14.61470913887024

*** Epoch 0, batch 292/3942 ***
Training fitness: 0.7351851851851853
Model size: (44, 42) 
Validation fitness: 0.7025731029479142 
Elapsed: 13.962060689926147

*** Epoch 0, batch 293/3942 ***
Training fitness: 0.6483704974271012
Model size: (39, 34) 
Validation fitness: 0.6630840393882318 
Elapsed: 13.099534511566162

*** Epoch 0, batch 294/3942 ***
Training fitness: 0.7250141803743618
Model size: (38, 38) 
Validation fitness: 0.6902036968144907 
Elapsed: 12.755486726760864

*** Epoch 0, batch 295/3942 ***
Training fitness: 0.7769570097361073
Model size: (39, 41) 
Validation fitness: 0.6968673290124456 
Elapsed: 12.663454532623291

*** Epoch 0, batch 296/3942 ***
Training fitness: 0.7066278549037169
Model size: (50, 46) 
Validation fitness: 0.6844782152695779 
Elapsed: 13.426523447036743

*** Epoch 0, batch 297/3942 ***
Training fitness: 0.6780097087378641
Model size: (38, 38) 
Validation fitness: 0.6912143140923429 
Elapsed: 12.958003520965576

*** Epoch 0, batch 298/3942 ***
Training fitness: 0.7303366949712023
Model size: (38, 37) 
Validation fitness: 0.7137599611970035 
Elapsed: 13.63111662864685

*** Epoch 0, batch 299/3942 ***
Training fitness: 0.7282784816851275
Model size: (40, 43) 
Validation fitness: 0.7138339146438001 
Elapsed: 12.906568050384521

*** Epoch 0, batch 300/3942 ***
Training fitness: 0.720257478227944
Model size: (44, 39) 
Validation fitness: 0.696991378713631 
Elapsed: 13.72940731048584

*** Epoch 0, batch 301/3942 ***
Training fitness: 0.6763717805151176
Model size: (45, 36) 
Validation fitness: 0.6651822323692045 
Elapsed: 12.857178926467896

*** Epoch 0, batch 302/3942 ***
Training fitness: 0.6790308747855917
Model size: (47, 45) 
Validation fitness: 0.6991175556405538 
Elapsed: 13.12144422531128

*** Epoch 0, batch 303/3942 ***
Training fitness: 0.7050144648023144
Model size: (51, 47) 
Validation fitness: 0.6573457946303476 
Elapsed: 13.145699501037598

*** Epoch 0, batch 304/3942 ***
Training fitness: 0.7163738873952651
Model size: (47, 44) 
Validation fitness: 0.7052033161092784 
Elapsed: 13.228206872940063

*** Epoch 0, batch 305/3942 ***
Training fitness: 0.6469239869860988
Model size: (44, 48) 
Validation fitness: 0.6573948942238446 
Elapsed: 15.806551456451416

*** Epoch 0, batch 306/3942 ***
Training fitness: 0.7039816933638443
Model size: (47, 44) 
Validation fitness: 0.6717259335620737 
Elapsed: 13.225041151046753

*** Epoch 0, batch 307/3942 ***
Training fitness: 0.7050439486139283
Model size: (42, 44) 
Validation fitness: 0.7050100946058719 
Elapsed: 12.253825664520264

*** Epoch 0, batch 308/3942 ***
Training fitness: 0.6779053084648493
Model size: (42, 48) 
Validation fitness: 0.6904234035795149 
Elapsed: 12.93612813949585

*** Epoch 0, batch 309/3942 ***
Training fitness: 0.7351542329120805
Model size: (43, 46) 
Validation fitness: 0.7050721163230148 
Elapsed: 12.845576524734497

*** Epoch 0, batch 310/3942 ***
Training fitness: 0.7439642684693385
Model size: (42, 48) 
Validation fitness: 0.7060487629750296 
Elapsed: 13.35545039176941

*** Epoch 0, batch 311/3942 ***
Training fitness: 0.7218086772180867
Model size: (44, 47) 
Validation fitness: 0.7094656605205533 
Elapsed: 13.507570266723633

*** Epoch 0, batch 312/3942 ***
Training fitness: 0.6777838440904883
Model size: (53, 46) 
Validation fitness: 0.6518010142182386 
Elapsed: 13.506659746170044

*** Epoch 0, batch 313/3942 ***
Training fitness: 0.7104934770277935
Model size: (45, 37) 
Validation fitness: 0.6661333575192694 
Elapsed: 13.453567504882812

*** Epoch 0, batch 314/3942 ***
Training fitness: 0.582186919969429
Model size: (50, 42) 
Validation fitness: 0.6535729758945774 
Elapsed: 13.249436378479004

*** Epoch 0, batch 315/3942 ***
Training fitness: 0.6738522339415404
Model size: (49, 49) 
Validation fitness: 0.6685595128121378 
Elapsed: 14.220569610595703

*** Epoch 0, batch 316/3942 ***
Training fitness: 0.6689814814814815
Model size: (51, 46) 
Validation fitness: 0.6690294376393134 
Elapsed: 15.173352479934692

*** Epoch 0, batch 317/3942 ***
Training fitness: 0.6587116154873165
Model size: (48, 41) 
Validation fitness: 0.6651867606519724 
Elapsed: 15.49463963508606

*** Epoch 0, batch 318/3942 ***
Training fitness: 0.7108796296296297
Model size: (41, 34) 
Validation fitness: 0.7016035526646931 
Elapsed: 16.58980631828308

*** Epoch 0, batch 319/3942 ***
Training fitness: 0.7254947817698132
Model size: (45, 49) 
Validation fitness: 0.6950987532525612 
Elapsed: 16.162927627563477

*** Epoch 0, batch 320/3942 ***
Training fitness: 0.6710468617534423
Model size: (56, 56) 
Validation fitness: 0.6837929761027101 
Elapsed: 15.282049417495728

*** Epoch 0, batch 321/3942 ***
Training fitness: 0.6916196253545651
Model size: (48, 50) 
Validation fitness: 0.6932155053118261 
Elapsed: 15.682042360305786

*** Epoch 0, batch 322/3942 ***
Training fitness: 0.6461369955345858
Model size: (47, 48) 
Validation fitness: 0.6862212619177053 
Elapsed: 16.707200288772583

*** Epoch 0, batch 323/3942 ***
Training fitness: 0.6335966298051606
Model size: (53, 47) 
Validation fitness: 0.6822512171295328 
Elapsed: 17.03965663909912

*** Epoch 0, batch 324/3942 ***
Training fitness: 0.6886309819627562
Model size: (39, 33) 
Validation fitness: 0.6662174407381988 
Elapsed: 17.557467699050903

*** Epoch 0, batch 325/3942 ***
Training fitness: 0.6509536455818445
Model size: (51, 53) 
Validation fitness: 0.6706864963785967 
Elapsed: 17.39091396331787

*** Epoch 0, batch 326/3942 ***
Training fitness: 0.7015774437958018
Model size: (53, 45) 
Validation fitness: 0.6627384308293025 
Elapsed: 17.05923104286194

*** Epoch 0, batch 327/3942 ***
Training fitness: 0.6535720811255253
Model size: (56, 52) 
Validation fitness: 0.6559222148399336 
Elapsed: 18.28491973876953

*** Epoch 0, batch 328/3942 ***
Training fitness: 0.7048950014788524
Model size: (53, 54) 
Validation fitness: 0.7133383243997959 
Elapsed: 19.62856125831604

*** Epoch 0, batch 329/3942 ***
Training fitness: 0.69273382188548
Model size: (51, 51) 
Validation fitness: 0.6708973661433973 
Elapsed: 19.89764428138733

*** Epoch 0, batch 330/3942 ***
Training fitness: 0.6655908837357558
Model size: (47, 52) 
Validation fitness: 0.6710291628518704 
Elapsed: 19.774664640426636

*** Epoch 0, batch 331/3942 ***
Training fitness: 0.6814883453838323
Model size: (55, 47) 
Validation fitness: 0.6295834308149603 
Elapsed: 21.498846769332886

*** Epoch 0, batch 332/3942 ***
Training fitness: 0.6764143902074936
Model size: (39, 31) 
Validation fitness: 0.6717515765971169 
Elapsed: 20.716974020004272

*** Epoch 0, batch 333/3942 ***
Training fitness: 0.665734989648033
Model size: (54, 50) 
Validation fitness: 0.667379530775651 
Elapsed: 22.349429607391357

*** Epoch 0, batch 334/3942 ***
Training fitness: 0.6977131836341094
Model size: (55, 64) 
Validation fitness: 0.6644182901169173 
Elapsed: 22.212116956710815

*** Epoch 0, batch 335/3942 ***
Training fitness: 0.7054347826086956
Model size: (47, 49) 
Validation fitness: 0.691115170841652 
Elapsed: 24.280707597732544

*** Epoch 0, batch 336/3942 ***
Training fitness: 0.6956018518518519
Model size: (56, 49) 
Validation fitness: 0.6632010965721065 
Elapsed: 27.865753173828125

*** Epoch 0, batch 337/3942 ***
Training fitness: 0.6528467908902692
Model size: (56, 49) 
Validation fitness: 0.6652467950904134 
Elapsed: 25.805803537368774

*** Epoch 0, batch 338/3942 ***
Training fitness: 0.6961835334476844
Model size: (54, 45) 
Validation fitness: 0.655888243318825 
Elapsed: 27.97156524658203

*** Epoch 0, batch 339/3942 ***
Training fitness: 0.6477643496645872
Model size: (61, 56) 
Validation fitness: 0.6662365243434735 
Elapsed: 29.55161452293396

*** Epoch 0, batch 340/3942 ***
Training fitness: 0.7118198098911696
Model size: (57, 54) 
Validation fitness: 0.6876552888539651 
Elapsed: 31.19217324256897

*** Epoch 0, batch 341/3942 ***
Training fitness: 0.6222537309157572
Model size: (56, 53) 
Validation fitness: 0.6637151947618716 
Elapsed: 30.42555570602417

*** Epoch 0, batch 342/3942 ***
Training fitness: 0.7023809523809523
Model size: (66, 69) 
Validation fitness: 0.6725577631259331 
Elapsed: 31.215167999267578

*** Epoch 0, batch 343/3942 ***
Training fitness: 0.6762645315266764
Model size: (58, 58) 
Validation fitness: 0.706879096316553 
Elapsed: 34.49076437950134

*** Epoch 0, batch 344/3942 ***
Training fitness: 0.6744627725980822
Model size: (59, 60) 
Validation fitness: 0.6554878179632045 
Elapsed: 35.79682683944702

*** Epoch 0, batch 345/3942 ***
Training fitness: 0.6645707866570973
Model size: (62, 71) 
Validation fitness: 0.6260441127383911 
Elapsed: 35.52183246612549

*** Epoch 0, batch 346/3942 ***
Training fitness: 0.6456795131845842
Model size: (56, 50) 
Validation fitness: 0.6704689490082021 
Elapsed: 36.60152578353882

*** Epoch 0, batch 347/3942 ***
Training fitness: 0.7038829550511794
Model size: (55, 46) 
Validation fitness: 0.6881228282304814 
Elapsed: 39.244858503341675

*** Epoch 0, batch 348/3942 ***
Training fitness: 0.7726634899289619
Model size: (55, 46) 
Validation fitness: 0.7053788468258989 
Elapsed: 39.91484308242798

*** Epoch 0, batch 349/3942 ***
Training fitness: 0.6946210916799151
Model size: (55, 46) 
Validation fitness: 0.7084763133245653 
Elapsed: 40.977890968322754

*** Epoch 0, batch 350/3942 ***
Training fitness: 0.6814058956916099
Model size: (62, 51) 
Validation fitness: 0.6678450826496476 
Elapsed: 42.4799427986145

*** Epoch 0, batch 351/3942 ***
Training fitness: 0.6810334119985094
Model size: (52, 40) 
Validation fitness: 0.6773035131373862 
Elapsed: 44.07478451728821

*** Epoch 0, batch 352/3942 ***
Training fitness: 0.6882071553378593
Model size: (58, 61) 
Validation fitness: 0.7040260906134485 
Elapsed: 46.254347801208496

*** Epoch 0, batch 353/3942 ***
Training fitness: 0.6924310292171434
Model size: (55, 56) 
Validation fitness: 0.6695702552041689 
Elapsed: 47.032408237457275

*** Epoch 0, batch 354/3942 ***
Training fitness: 0.6704374057315234
Model size: (47, 47) 
Validation fitness: 0.6667623508124655 
Elapsed: 48.425912857055664

*** Epoch 0, batch 355/3942 ***
Training fitness: 0.6367069711897299
Model size: (55, 53) 
Validation fitness: 0.6570151838818173 
Elapsed: 52.28780198097229

*** Epoch 0, batch 356/3942 ***
Training fitness: 0.6717571644042233
Model size: (58, 49) 
Validation fitness: 0.6649764911666489 
Elapsed: 54.73876643180847

*** Epoch 0, batch 357/3942 ***
Training fitness: 0.6881617086193745
Model size: (48, 46) 
Validation fitness: 0.6987224379014596 
Elapsed: 60.172362327575684

*** Epoch 0, batch 358/3942 ***
Training fitness: 0.6892523364485982
Model size: (61, 64) 
Validation fitness: 0.6618522081559447 
Elapsed: 61.656272172927856

*** Epoch 0, batch 359/3942 ***
Training fitness: 0.7207875804619464
Model size: (59, 58) 
Validation fitness: 0.667267217858771 
Elapsed: 63.682661294937134

*** Epoch 0, batch 360/3942 ***
Training fitness: 0.7022037102682265
Model size: (52, 52) 
Validation fitness: 0.6529355406396655 
Elapsed: 69.36486601829529

*** Epoch 0, batch 361/3942 ***
Training fitness: 0.6230005672149744
Model size: (62, 62) 
Validation fitness: 0.6665945912754606 
Elapsed: 71.80979609489441

*** Epoch 0, batch 362/3942 ***
Training fitness: 0.7117421185217795
Model size: (61, 62) 
Validation fitness: 0.6711514513303839 
Elapsed: 74.70679068565369

*** Epoch 0, batch 363/3942 ***
Training fitness: 0.6929381735677823
Model size: (59, 62) 
Validation fitness: 0.6873000556797936 
Elapsed: 79.13614654541016

*** Epoch 0, batch 364/3942 ***
Training fitness: 0.6904580933727015
Model size: (57, 51) 
Validation fitness: 0.6844741458134053 
Elapsed: 80.78738307952881

*** Epoch 0, batch 365/3942 ***
Training fitness: 0.7069728764644019
Model size: (58, 57) 
Validation fitness: 0.665611550818887 
Elapsed: 85.26634454727173

*** Epoch 0, batch 366/3942 ***
Training fitness: 0.6898424841288814
Model size: (63, 64) 
Validation fitness: 0.6720173497761172 
Elapsed: 88.51867628097534

*** Epoch 0, batch 367/3942 ***
Training fitness: 0.7001804588811549
Model size: (62, 66) 
Validation fitness: 0.6955431735879436 
Elapsed: 92.08924341201782

*** Epoch 0, batch 368/3942 ***
Training fitness: 0.6929089026915113
Model size: (51, 54) 
Validation fitness: 0.6707939958687665 
Elapsed: 95.01449465751648

*** Epoch 0, batch 369/3942 ***
Training fitness: 0.6918308306929328
Model size: (53, 59) 
Validation fitness: 0.6700008301672687 
Elapsed: 99.56892418861389

*** Epoch 0, batch 370/3942 ***
Training fitness: 0.6686163299066525
Model size: (56, 63) 
Validation fitness: 0.6716122300648832 
Elapsed: 103.63627433776855

*** Epoch 0, batch 371/3942 ***
Training fitness: 0.7089050309389292
Model size: (60, 54) 
Validation fitness: 0.6982973742291305 
Elapsed: 107.68039870262146

*** Epoch 0, batch 372/3942 ***
Training fitness: 0.700446644133269
Model size: (51, 36) 
Validation fitness: 0.70462106717433 
Elapsed: 107.41879796981812

*** Epoch 0, batch 373/3942 ***
Training fitness: 0.669503754249517
Model size: (60, 56) 
Validation fitness: 0.696758197442504 
Elapsed: 114.19142079353333

*** Epoch 0, batch 374/3942 ***
Training fitness: 0.7105340895663476
Model size: (51, 37) 
Validation fitness: 0.6985780570342963 
Elapsed: 121.04221796989441

*** Epoch 0, batch 375/3942 ***
Training fitness: 0.7103122611638825
Model size: (51, 35) 
Validation fitness: 0.7127688568070648 
Elapsed: 119.63728475570679

*** Epoch 0, batch 376/3942 ***
Training fitness: 0.6681240063593005
Model size: (48, 42) 
Validation fitness: 0.707738862376978 
Elapsed: 123.18171215057373

*** Epoch 0, batch 377/3942 ***
Training fitness: 0.7351598173515982
Model size: (53, 36) 
Validation fitness: 0.7079493366556354 
Elapsed: 130.99204301834106

*** Epoch 0, batch 378/3942 ***
Training fitness: 0.7746708794102158
Model size: (66, 70) 
Validation fitness: 0.7076895259841944 
Elapsed: 135.0728919506073

*** Epoch 0, batch 379/3942 ***
Training fitness: 0.679687311796873
Model size: (59, 59) 
Validation fitness: 0.6657727677124622 
Elapsed: 137.74755787849426

*** Epoch 0, batch 380/3942 ***
Training fitness: 0.7381194882623276
Model size: (49, 42) 
Validation fitness: 0.7132461369602884 
Elapsed: 141.3824417591095

*** Epoch 0, batch 381/3942 ***
Training fitness: 0.6747128373634397
Model size: (66, 67) 
Validation fitness: 0.7061708164447993 
Elapsed: 147.91078567504883

*** Epoch 0, batch 382/3942 ***
Training fitness: 0.7153073479637515
Model size: (65, 61) 
Validation fitness: 0.682736047106517 
Elapsed: 149.03331637382507

*** Epoch 0, batch 383/3942 ***
Training fitness: 0.6830929487179488
Model size: (57, 53) 
Validation fitness: 0.6860258606522449 
Elapsed: 149.5854730606079

*** Epoch 0, batch 384/3942 ***
Training fitness: 0.7075133911947524
Model size: (60, 56) 
Validation fitness: 0.7060095984321348 
Elapsed: 155.8242654800415

*** Epoch 0, batch 385/3942 ***
Training fitness: 0.6638154948499777
Model size: (62, 59) 
Validation fitness: 0.6878208574380235 
Elapsed: 159.20742321014404

*** Epoch 0, batch 386/3942 ***
Training fitness: 0.7002344810563988
Model size: (51, 48) 
Validation fitness: 0.7131409803953862 
Elapsed: 170.63143682479858

*** Epoch 0, batch 387/3942 ***
Training fitness: 0.7165312026449924
Model size: (64, 56) 
Validation fitness: 0.7062294600791121 
Elapsed: 173.4325876235962

*** Epoch 0, batch 388/3942 ***
Training fitness: 0.7311320754716981
Model size: (53, 45) 
Validation fitness: 0.7063234875251754 
Elapsed: 178.21945977210999

*** Epoch 0, batch 389/3942 ***
Training fitness: 0.738206497552292
Model size: (71, 63) 
Validation fitness: 0.711000473306715 
Elapsed: 183.2988200187683

*** Epoch 0, batch 390/3942 ***
Training fitness: 0.7220379146919431
Model size: (62, 61) 
Validation fitness: 0.687408943512095 
Elapsed: 186.07709622383118

*** Epoch 0, batch 391/3942 ***
Training fitness: 0.7138333879244458
Model size: (56, 53) (!)
Validation fitness: 0.7182696679784648 (!)
Elapsed: 195.5042097568512

*** Epoch 0, batch 392/3942 ***
Training fitness: 0.7685609782727373
Model size: (57, 49) 
Validation fitness: 0.7139993178264663 
Elapsed: 206.05398774147034

*** Epoch 0, batch 393/3942 ***
Training fitness: 0.7200828157349896
Model size: (56, 54) 
Validation fitness: 0.6990481853118987 
Elapsed: 198.30780482292175

*** Epoch 0, batch 394/3942 ***
Training fitness: 0.7248105799696928
Model size: (55, 50) 
Validation fitness: 0.7072194288172732 
Elapsed: 194.70461583137512

*** Epoch 0, batch 395/3942 ***
Training fitness: 0.7312206572769953
Model size: (60, 60) 
Validation fitness: 0.7053669195726021 
Elapsed: 196.273131608963

*** Epoch 0, batch 396/3942 ***
Training fitness: 0.719626168224299
Model size: (67, 64) 
Validation fitness: 0.7061374201355686 
Elapsed: 194.30107307434082

*** Epoch 0, batch 397/3942 ***
Training fitness: 0.7202028397565924
Model size: (60, 61) 
Validation fitness: 0.7140971257798562 
Elapsed: 199.7746970653534

*** Epoch 0, batch 398/3942 ***
Training fitness: 0.7250214408233275
Model size: (55, 48) 
Validation fitness: 0.7066015948583259 
Elapsed: 205.55435967445374

*** Epoch 0, batch 399/3942 ***
Training fitness: 0.6847195357833655
Model size: (57, 54) 
Validation fitness: 0.7067767276268067 
Elapsed: 218.55394339561462

*** Epoch 0, batch 400/3942 ***
Training fitness: 0.7330009657800631
Model size: (65, 58) 
Validation fitness: 0.7134798641231548 
Elapsed: 208.9339759349823

*** Epoch 0, batch 401/3942 ***
Training fitness: 0.7219461697722567
Model size: (55, 53) 
Validation fitness: 0.7106612428850947 
Elapsed: 203.51918029785156

*** Epoch 0, batch 402/3942 ***
Training fitness: 0.7279797198590702
Model size: (60, 45) 
Validation fitness: 0.7096998281569511 
Elapsed: 202.43797039985657

*** Epoch 0, batch 403/3942 ***
Training fitness: 0.7209677872328475
Model size: (60, 56) 
Validation fitness: 0.6922172266644813 
Elapsed: 191.508314371109

*** Epoch 0, batch 404/3942 ***
Training fitness: 0.6689984599723318
Model size: (59, 55) 
Validation fitness: 0.7080163705497405 
Elapsed: 185.09095430374146

*** Epoch 0, batch 405/3942 ***
Training fitness: 0.7371547992237648
Model size: (65, 51) 
Validation fitness: 0.708014935429678 
Elapsed: 185.2946457862854

*** Epoch 0, batch 406/3942 ***
Training fitness: 0.7603051767716167
Model size: (60, 42) 
Validation fitness: 0.7053997326125124 
Elapsed: 183.4985408782959

*** Epoch 0, batch 407/3942 ***
Training fitness: 0.6789904367544118
Model size: (65, 56) 
Validation fitness: 0.7049194474808171 
Elapsed: 180.36054682731628

*** Epoch 0, batch 408/3942 ***
Training fitness: 0.68588696972301
Model size: (59, 60) 
Validation fitness: 0.6508069780382654 
Elapsed: 172.59071588516235

*** Epoch 0, batch 409/3942 ***
Training fitness: 0.7437575384299535
Model size: (62, 59) 
Validation fitness: 0.7065990104335967 
Elapsed: 167.76976203918457

*** Epoch 0, batch 410/3942 ***
Training fitness: 0.6932870370370371
Model size: (59, 39) 
Validation fitness: 0.7052691160955693 
Elapsed: 161.2474136352539

*** Epoch 0, batch 411/3942 ***
Training fitness: 0.7108466819221968
Model size: (64, 52) 
Validation fitness: 0.7064701851309179 
Elapsed: 152.25309014320374

*** Epoch 0, batch 412/3942 ***
Training fitness: 0.7168176241810447
Model size: (65, 53) 
Validation fitness: 0.7138416925379512 
Elapsed: 146.56454038619995

*** Epoch 0, batch 413/3942 ***
Training fitness: 0.644175186166856
Model size: (56, 50) 
Validation fitness: 0.704691631347404 
Elapsed: 139.3634967803955

*** Epoch 0, batch 414/3942 ***
Training fitness: 0.7217706590166547
Model size: (56, 48) 
Validation fitness: 0.7140239659911605 
Elapsed: 124.40486311912537

*** Epoch 0, batch 415/3942 ***
Training fitness: 0.7330019378212149
Model size: (57, 53) 
Validation fitness: 0.7132655670355968 
Elapsed: 116.48489713668823

*** Epoch 0, batch 416/3942 ***
Training fitness: 0.7171172881999668
Model size: (58, 50) 
Validation fitness: 0.7086727116985534 
Elapsed: 106.03113770484924

*** Epoch 0, batch 417/3942 ***
Training fitness: 0.7370346107653674
Model size: (67, 55) 
Validation fitness: 0.7132880802018075 
Elapsed: 96.26382231712341

*** Epoch 0, batch 418/3942 ***
Training fitness: 0.7097984562607204
Model size: (60, 44) 
Validation fitness: 0.6851037062610366 
Elapsed: 96.32806396484375

*** Epoch 0, batch 419/3942 ***
Training fitness: 0.6968519568916619
Model size: (66, 68) 
Validation fitness: 0.713988977889371 
Elapsed: 96.09892749786377

*** Epoch 0, batch 420/3942 ***
Training fitness: 0.700803946647177
Model size: (61, 50) 
Validation fitness: 0.6763161556820965 
Elapsed: 91.17572021484375

*** Epoch 0, batch 421/3942 ***
Training fitness: 0.7011689291101056
Model size: (59, 51) 
Validation fitness: 0.696224249518959 
Elapsed: 83.2565712928772

*** Epoch 0, batch 422/3942 ***
Training fitness: 0.654647435897436
Model size: (59, 52) 
Validation fitness: 0.7050029382538939 
Elapsed: 68.1551764011383

*** Epoch 0, batch 423/3942 ***
Training fitness: 0.7007933104631218
Model size: (63, 68) 
Validation fitness: 0.6971032851772933 
Elapsed: 65.21985960006714

*** Epoch 0, batch 424/3942 ***
Training fitness: 0.7132874767987772
Model size: (58, 49) 
Validation fitness: 0.6642040165302339 
Elapsed: 58.57429528236389

*** Epoch 0, batch 425/3942 ***
Training fitness: 0.6703264876250659
Model size: (36, 28) 
Validation fitness: 0.6636100390922408 
Elapsed: 52.59374117851257

*** Epoch 0, batch 426/3942 ***
Training fitness: 0.6835353204498308
Model size: (74, 76) 
Validation fitness: 0.7104940623648712 
Elapsed: 49.755226850509644

*** Epoch 0, batch 427/3942 ***
Training fitness: 0.6684265010351967
Model size: (60, 53) 
Validation fitness: 0.7050530327177401 
Elapsed: 45.70646047592163

*** Epoch 0, batch 428/3942 ***
Training fitness: 0.7906719662153769
Model size: (74, 78) 
Validation fitness: 0.7051961597573004 
Elapsed: 42.212329149246216

*** Epoch 0, batch 429/3942 ***
Training fitness: 0.7187459599224306
Model size: (73, 78) 
Validation fitness: 0.7055661149982781 
Elapsed: 41.8831000328064

*** Epoch 0, batch 430/3942 ***
Training fitness: 0.7196759259259259
Model size: (74, 78) 
Validation fitness: 0.6988040734483669 
Elapsed: 39.059420585632324

*** Epoch 0, batch 431/3942 ***
Training fitness: 0.7329924665578185
Model size: (59, 50) 
Validation fitness: 0.7071695066931725 
Elapsed: 38.65777564048767

*** Epoch 0, batch 432/3942 ***
Training fitness: 0.7029503105590063
Model size: (63, 65) 
Validation fitness: 0.6941777882294149 
Elapsed: 36.834731101989746

*** Epoch 0, batch 433/3942 ***
Training fitness: 0.7359154929577465
Model size: (64, 64) 
Validation fitness: 0.7085136846388355 
Elapsed: 33.85029721260071

*** Epoch 0, batch 434/3942 ***
Training fitness: 0.7706708913073426
Model size: (64, 66) 
Validation fitness: 0.7074561853547572 
Elapsed: 29.844726085662842

*** Epoch 0, batch 435/3942 ***
Training fitness: 0.6980871941373743
Model size: (63, 68) 
Validation fitness: 0.6878425433734555 
Elapsed: 28.61336898803711

*** Epoch 0, batch 436/3942 ***
Training fitness: 0.7051661244207829
Model size: (62, 51) 
Validation fitness: 0.7139611461395597 
Elapsed: 28.842833280563354

*** Epoch 0, batch 437/3942 ***
Training fitness: 0.6751184834123222
Model size: (71, 66) 
Validation fitness: 0.6696656732305424 
Elapsed: 25.774683475494385

*** Epoch 0, batch 438/3942 ***
Training fitness: 0.6665485052581827
Model size: (69, 51) 
Validation fitness: 0.6621484151910956 
Elapsed: 26.006327152252197

*** Epoch 0, batch 439/3942 ***
Training fitness: 0.7077214063195372
Model size: (64, 56) 
Validation fitness: 0.702539556904541 
Elapsed: 27.23961615562439

*** Epoch 0, batch 440/3942 ***
Training fitness: 0.7229722064662507
Model size: (65, 58) 
Validation fitness: 0.7109904350760834 
Elapsed: 24.236571311950684

*** Epoch 0, batch 441/3942 ***
Training fitness: 0.757137953630605
Model size: (70, 55) 
Validation fitness: 0.6835904162470933 
Elapsed: 22.63884162902832

*** Epoch 0, batch 442/3942 ***
Training fitness: 0.7053820053820054
Model size: (64, 70) 
Validation fitness: 0.706572770476344 
Elapsed: 22.121826648712158

*** Epoch 0, batch 443/3942 ***
Training fitness: 0.7156946826758147
Model size: (66, 61) 
Validation fitness: 0.6747992416095048 
Elapsed: 21.982897996902466

*** Epoch 0, batch 444/3942 ***
Training fitness: 0.6779502713618578
Model size: (61, 43) 
Validation fitness: 0.6692282214639608 
Elapsed: 19.31685447692871

*** Epoch 0, batch 445/3942 ***
Training fitness: 0.6653050037848137
Model size: (63, 56) 
Validation fitness: 0.664084942747519 
Elapsed: 19.547672033309937

*** Epoch 0, batch 446/3942 ***
Training fitness: 0.6566919191919193
Model size: (84, 89) 
Validation fitness: 0.6643920277778795 
Elapsed: 19.17391562461853

*** Epoch 0, batch 447/3942 ***
Training fitness: 0.7144893509978198
Model size: (87, 95) 
Validation fitness: 0.6676695564093842 
Elapsed: 18.26089859008789

*** Epoch 0, batch 448/3942 ***
Training fitness: 0.6754807692307693
Model size: (39, 33) 
Validation fitness: 0.664806107812973 
Elapsed: 18.21107292175293

*** Epoch 0, batch 449/3942 ***
Training fitness: 0.6942554070808651
Model size: (66, 63) 
Validation fitness: 0.705263947246111 
Elapsed: 19.75071430206299

*** Epoch 0, batch 450/3942 ***
Training fitness: 0.7038003403289846
Model size: (65, 63) 
Validation fitness: 0.7063771612840998 
Elapsed: 20.048566818237305

*** Epoch 0, batch 451/3942 ***
Training fitness: 0.6899605084536592
Model size: (69, 61) 
Validation fitness: 0.7035561568335588 
Elapsed: 20.642523050308228

*** Epoch 0, batch 452/3942 ***
Training fitness: 0.7170640604375544
Model size: (69, 64) 
Validation fitness: 0.6975419956954707 
Elapsed: 20.55412220954895

*** Epoch 0, batch 453/3942 ***
Training fitness: 0.6692201974956734
Model size: (59, 48) 
Validation fitness: 0.6861379992150188 
Elapsed: 19.8527352809906

*** Epoch 0, batch 454/3942 ***
Training fitness: 0.70251758607923
Model size: (41, 35) 
Validation fitness: 0.6692655927782309 
Elapsed: 21.033867359161377

*** Epoch 0, batch 455/3942 ***
Training fitness: 0.7021091358440755
Model size: (70, 59) 
Validation fitness: 0.6675033729976884 
Elapsed: 21.43452501296997

*** Epoch 0, batch 456/3942 ***
Training fitness: 0.6571329586573255
Model size: (54, 43) 
Validation fitness: 0.6695393182054883 
Elapsed: 21.99190664291382

*** Epoch 0, batch 457/3942 ***
Training fitness: 0.6612509534706332
Model size: (68, 65) 
Validation fitness: 0.6624416000138001 
Elapsed: 22.22084665298462

*** Epoch 0, batch 458/3942 ***
Training fitness: 0.6600052659294365
Model size: (67, 58) 
Validation fitness: 0.6720918889542306 
Elapsed: 23.012735605239868

*** Epoch 0, batch 459/3942 ***
Training fitness: 0.7018518518518518
Model size: (74, 59) 
Validation fitness: 0.6640803752966271 
Elapsed: 22.162431716918945

*** Epoch 0, batch 460/3942 ***
Training fitness: 0.6982203297303199
Model size: (63, 56) 
Validation fitness: 0.6777175365465634 
Elapsed: 22.567290544509888

*** Epoch 0, batch 461/3942 ***
Training fitness: 0.695453919272627
Model size: (70, 65) 
Validation fitness: 0.6667611847214601 
Elapsed: 23.11593508720398

*** Epoch 0, batch 462/3942 ***
Training fitness: 0.7292214519085187
Model size: (90, 94) 
Validation fitness: 0.68409830707257 
Elapsed: 24.31510853767395

*** Epoch 0, batch 463/3942 ***
Training fitness: 0.6651975344128261
Model size: (60, 52) 
Validation fitness: 0.6715494146896398 
Elapsed: 24.154869079589844

*** Epoch 0, batch 464/3942 ***
Training fitness: 0.6905092592592593
Model size: (68, 66) 
Validation fitness: 0.6664610082767161 
Elapsed: 25.10654616355896

*** Epoch 0, batch 465/3942 ***
Training fitness: 0.667287784679089
Model size: (69, 64) 
Validation fitness: 0.677666888581171 
Elapsed: 25.689422130584717

*** Epoch 0, batch 466/3942 ***
Training fitness: 0.687099358974359
Model size: (69, 56) 
Validation fitness: 0.6644987738971617 
Elapsed: 26.916260957717896

*** Epoch 0, batch 467/3942 ***
Training fitness: 0.7079326923076923
Model size: (58, 44) 
Validation fitness: 0.6845640534442793 
Elapsed: 26.790945291519165

*** Epoch 0, batch 468/3942 ***
Training fitness: 0.7242567408838193
Model size: (59, 46) 
Validation fitness: 0.6649927913731246 
Elapsed: 27.451091527938843

*** Epoch 0, batch 469/3942 ***
Training fitness: 0.7001783260736107
Model size: (68, 74) 
Validation fitness: 0.7127010715564327 
Elapsed: 28.52398681640625

*** Epoch 0, batch 470/3942 ***
Training fitness: 0.7000339328130302
Model size: (68, 73) 
Validation fitness: 0.6830297995312924 
Elapsed: 29.29223322868347

*** Epoch 0, batch 471/3942 ***
Training fitness: 0.72165587546494
Model size: (66, 62) 
Validation fitness: 0.6657750842272234 
Elapsed: 28.056549072265625

*** Epoch 0, batch 472/3942 ***
Training fitness: 0.6632278594708343
Model size: (56, 47) 
Validation fitness: 0.6645663024287185 
Elapsed: 33.22390365600586

*** Epoch 0, batch 473/3942 ***
Training fitness: 0.690808898763411
Model size: (56, 46) 
Validation fitness: 0.6938704576708714 
Elapsed: 35.95653438568115

*** Epoch 0, batch 474/3942 ***
Training fitness: 0.7035665802789091
Model size: (70, 60) 
Validation fitness: 0.706258284461094 
Elapsed: 34.408122539520264

*** Epoch 0, batch 475/3942 ***
Training fitness: 0.6577682778419196
Model size: (70, 56) 
Validation fitness: 0.6675359067129202 
Elapsed: 35.7101092338562

*** Epoch 0, batch 476/3942 ***
Training fitness: 0.7214285714285714
Model size: (66, 63) 
Validation fitness: 0.6871300984753066 
Elapsed: 36.56534171104431

*** Epoch 0, batch 477/3942 ***
Training fitness: 0.6862637362637363
Model size: (69, 61) 
Validation fitness: 0.6777853240353741 
Elapsed: 36.41541385650635

*** Epoch 0, batch 478/3942 ***
Training fitness: 0.7084393769724118
Model size: (75, 61) 
Validation fitness: 0.6732709972058257 
Elapsed: 37.863290548324585

*** Epoch 0, batch 479/3942 ***
Training fitness: 0.671073717948718
Model size: (71, 64) 
Validation fitness: 0.698013959055636 
Elapsed: 37.94365191459656

*** Epoch 0, batch 480/3942 ***
Training fitness: 0.7363228169679782
Model size: (72, 63) 
Validation fitness: 0.7062296590531819 
Elapsed: 38.47411489486694

*** Epoch 0, batch 481/3942 ***
Training fitness: 0.7237647410061203
Model size: (73, 66) 
Validation fitness: 0.7050959708296082 
Elapsed: 40.965277433395386

*** Epoch 0, batch 482/3942 ***
Training fitness: 0.6529366895499619
Model size: (70, 66) 
Validation fitness: 0.7140770473042323 
Elapsed: 41.89512324333191

*** Epoch 0, batch 483/3942 ***
Training fitness: 0.6891025641025641
Model size: (74, 69) 
Validation fitness: 0.7006836762915756 
Elapsed: 43.178871631622314

*** Epoch 0, batch 484/3942 ***
Training fitness: 0.7187222715173025
Model size: (70, 69) 
Validation fitness: 0.6852464331142786 
Elapsed: 41.74060654640198

*** Epoch 0, batch 485/3942 ***
Training fitness: 0.6930844468935115
Model size: (70, 67) 
Validation fitness: 0.7065560723217287 
Elapsed: 43.669710636138916

*** Epoch 0, batch 486/3942 ***
Training fitness: 0.6939614058258127
Model size: (73, 63) 
Validation fitness: 0.7065759495851042 
Elapsed: 45.09802269935608

*** Epoch 0, batch 487/3942 ***
Training fitness: 0.6822182872687146
Model size: (72, 62) 
Validation fitness: 0.7074537999040978 
Elapsed: 46.61711859703064

*** Epoch 0, batch 488/3942 ***
Training fitness: 0.662728079974793
Model size: (72, 64) 
Validation fitness: 0.6986532598323387 
Elapsed: 48.36936807632446

*** Epoch 0, batch 489/3942 ***
Training fitness: 0.7211337400819227
Model size: (64, 63) 
Validation fitness: 0.6842588966047078 
Elapsed: 50.21109938621521

*** Epoch 0, batch 490/3942 ***
Training fitness: 0.7146735617323853
Model size: (68, 55) 
Validation fitness: 0.6864403410974744 
Elapsed: 53.41280722618103

*** Epoch 0, batch 491/3942 ***
Training fitness: 0.6869869628198938
Model size: (69, 56) 
Validation fitness: 0.6865437046575696 
Elapsed: 56.623480796813965

*** Epoch 0, batch 492/3942 ***
Training fitness: 0.7264042851823208
Model size: (72, 63) 
Validation fitness: 0.7049097067041099 
Elapsed: 59.362475872039795

*** Epoch 0, batch 493/3942 ***
Training fitness: 0.671563981042654
Model size: (72, 64) 
Validation fitness: 0.706321102074516 
Elapsed: 61.153950452804565

*** Epoch 0, batch 494/3942 ***
Training fitness: 0.680052790346908
Model size: (76, 70) 
Validation fitness: 0.6959250961456135 
Elapsed: 65.22710680961609

*** Epoch 0, batch 495/3942 ***
Training fitness: 0.7160310995927434
Model size: (70, 60) 
Validation fitness: 0.7130801525226623 
Elapsed: 69.38054728507996

*** Epoch 0, batch 496/3942 ***
Training fitness: 0.7082581421328521
Model size: (70, 59) 
Validation fitness: 0.7036587312119104 
Elapsed: 67.3959469795227

*** Epoch 0, batch 497/3942 ***
Training fitness: 0.7267812508776365
Model size: (70, 59) 
Validation fitness: 0.7128857416511939 
Elapsed: 70.01740527153015

*** Epoch 0, batch 498/3942 ***
Training fitness: 0.7349657714586625
Model size: (75, 79) 
Validation fitness: 0.6987223734419183 
Elapsed: 73.66065764427185

*** Epoch 0, batch 499/3942 ***
Training fitness: 0.7078687821612349
Model size: (81, 67) 
Validation fitness: 0.6867860145635806 
Elapsed: 78.83397150039673

*** Epoch 0, batch 500/3942 ***
Training fitness: 0.7238425372539645
Model size: (70, 63) 
Validation fitness: 0.7064678084091547 
Elapsed: 81.49885201454163

*** Epoch 0, batch 501/3942 ***
Training fitness: 0.703577195379456
Model size: (74, 76) 
Validation fitness: 0.7062501312244062 
Elapsed: 87.83226299285889

*** Epoch 0, batch 502/3942 ***
Training fitness: 0.7349560513860717
Model size: (73, 74) 
Validation fitness: 0.7061278783329311 
Elapsed: 93.87326788902283

*** Epoch 0, batch 503/3942 ***
Training fitness: 0.715632183908046
Model size: (73, 72) 
Validation fitness: 0.7127946339090011 
Elapsed: 100.16040682792664

*** Epoch 0, batch 504/3942 ***
Training fitness: 0.7009215376513955
Model size: (91, 83) 
Validation fitness: 0.6701862787005166 
Elapsed: 108.9397304058075

*** Epoch 0, batch 505/3942 ***
Training fitness: 0.7128315094153603
Model size: (70, 61) 
Validation fitness: 0.6989037321515693 
Elapsed: 108.61711883544922

*** Epoch 0, batch 506/3942 ***
Training fitness: 0.6768401200626876
Model size: (71, 62) 
Validation fitness: 0.7052041120055577 
Elapsed: 112.48293280601501

*** Epoch 0, batch 507/3942 ***
Training fitness: 0.6541280667820422
Model size: (76, 74) 
Validation fitness: 0.6981220469629369 
Elapsed: 122.46208906173706

*** Epoch 0, batch 508/3942 ***
Training fitness: 0.6872144389751358
Model size: (77, 76) 
Validation fitness: 0.6927483705979849 
Elapsed: 126.1663498878479

*** Epoch 0, batch 509/3942 ***
Training fitness: 0.7103634957463263
Model size: (76, 64) 
Validation fitness: 0.6864830824734511 
Elapsed: 135.56737661361694

*** Epoch 0, batch 510/3942 ***
Training fitness: 0.7205225293449451
Model size: (76, 69) 
Validation fitness: 0.7088244436392254 
Elapsed: 149.2964391708374

*** Epoch 0, batch 511/3942 ***
Training fitness: 0.673908111174135
Model size: (72, 56) 
Validation fitness: 0.7140901684019481 
Elapsed: 157.72193336486816

*** Epoch 0, batch 512/3942 ***
Training fitness: 0.7393274374931761
Model size: (75, 67) 
Validation fitness: 0.7136148802276012 
Elapsed: 163.09743428230286

*** Epoch 0, batch 513/3942 ***
Training fitness: 0.7170289855072465
Model size: (78, 71) 
Validation fitness: 0.7079704077634298 
Elapsed: 172.53853154182434

*** Epoch 0, batch 514/3942 ***
Training fitness: 0.6883179501308719
Model size: (64, 56) 
Validation fitness: 0.7108974025003693 
Elapsed: 179.73394560813904

*** Epoch 0, batch 515/3942 ***
Training fitness: 0.704296066252588
Model size: (72, 75) 
Validation fitness: 0.7123923602655645 
Elapsed: 194.47653031349182

*** Epoch 0, batch 516/3942 ***
Training fitness: 0.7614753331045028
Model size: (78, 74) 
Validation fitness: 0.7065918518434402 
Elapsed: 195.61662411689758

*** Epoch 0, batch 517/3942 ***
Training fitness: 0.7660497870946611
Model size: (73, 78) 
Validation fitness: 0.7062067971787591 
Elapsed: 211.91099429130554

*** Epoch 0, batch 518/3942 ***
Training fitness: 0.7237322515212983
Model size: (76, 73) 
Validation fitness: 0.7140303309232161 
Elapsed: 217.90534901618958

*** Epoch 0, batch 519/3942 ***
Training fitness: 0.7382608695652174
Model size: (76, 72) 
Validation fitness: 0.7073631527790429 
Elapsed: 228.59211921691895

*** Epoch 0, batch 520/3942 ***
Training fitness: 0.7124577498792855
Model size: (76, 71) 
Validation fitness: 0.7072265851692512 
Elapsed: 238.85479640960693

*** Epoch 0, batch 521/3942 ***
Training fitness: 0.7270405476566615
Model size: (78, 78) 
Validation fitness: 0.7073241607997114 
Elapsed: 264.66831946372986

*** Epoch 0, batch 522/3942 ***
Training fitness: 0.752603690845971
Model size: (73, 65) 
Validation fitness: 0.7115919665903764 
Elapsed: 280.02196192741394

*** Epoch 0, batch 523/3942 ***
Training fitness: 0.7132287494437027
Model size: (72, 83) 
Validation fitness: 0.7052333502267466 
Elapsed: 298.3874053955078

*** Epoch 0, batch 524/3942 ***
Training fitness: 0.698124745209947
Model size: (72, 63) 
Validation fitness: 0.7122266954398302 
Elapsed: 322.6705982685089

*** Epoch 0, batch 525/3942 ***
Training fitness: 0.7139555359894343
Model size: (82, 79) 
Validation fitness: 0.7134751357472279 
Elapsed: 339.79045605659485

*** Epoch 0, batch 526/3942 ***
Training fitness: 0.7021366489618542
Model size: (68, 60) 
Validation fitness: 0.6974402122894056 
Elapsed: 350.3017563819885

*** Epoch 0, batch 527/3942 ***
Training fitness: 0.7006239364719228
Model size: (76, 66) 
Validation fitness: 0.6982973742291305 
Elapsed: 378.3630816936493

*** Epoch 0, batch 528/3942 ***
Training fitness: 0.7362583362583363
Model size: (76, 63) 
Validation fitness: 0.7090490739493428 
Elapsed: 408.58094477653503

*** Epoch 0, batch 529/3942 ***
Training fitness: 0.7274748478449883
Model size: (76, 66) 
Validation fitness: 0.6960276682857865 
Elapsed: 442.51032543182373

*** Epoch 0, batch 530/3942 ***
Training fitness: 0.7184490094228813
Model size: (81, 66) 
Validation fitness: 0.7140472325282584 
Elapsed: 476.6214783191681

*** Epoch 0, batch 531/3942 ***
Training fitness: 0.7027229845626072
Model size: (79, 79) 
Validation fitness: 0.7136577802904346 
Elapsed: 492.8394627571106

*** Epoch 0, batch 532/3942 ***
Training fitness: 0.7575842410668838
Model size: (82, 79) 
Validation fitness: 0.7118758352188377 
Elapsed: 506.786985874176

*** Epoch 0, batch 533/3942 ***
Training fitness: 0.705449628127113
Model size: (85, 74) 
Validation fitness: 0.7095616732309578 
Elapsed: 764.6237432956696

*** Epoch 0, batch 534/3942 ***
Training fitness: 0.795573904007639
Model size: (74, 64) 
Validation fitness: 0.7075793995439037 
Elapsed: 975.635312795639

*** Epoch 0, batch 535/3942 ***
Training fitness: 0.6787858936565127
Model size: (80, 69) 
Validation fitness: 0.7067168923862535 
Elapsed: 1028.4186823368073

*** Epoch 0, batch 536/3942 ***
Training fitness: 0.6692644704692897
Model size: (79, 66) 
Validation fitness: 0.7020655254674294 
Elapsed: 1108.0095527172089

*** Epoch 0, batch 537/3942 ***
Training fitness: 0.644133268952197
Model size: (86, 76) 
Validation fitness: 0.7059479793633066 
Elapsed: 1140.2236597537994

*** Epoch 0, batch 538/3942 ***
Training fitness: 0.6883120427994323
Model size: (72, 59) 
Validation fitness: 0.6874393596866355 
Elapsed: 1170.544694185257

*** Epoch 0, batch 539/3942 ***
Training fitness: 0.7289263531499556
Model size: (79, 86) 
Validation fitness: 0.7141179979135807 
Elapsed: 1237.0972573757172

*** Epoch 0, batch 540/3942 ***
Training fitness: 0.7224537037037038
Model size: (78, 64) 
Validation fitness: 0.7089253660180164 
Elapsed: 1319.6986038684845

*** Epoch 0, batch 541/3942 ***
Training fitness: 0.7210331819231658
Model size: (87, 94) 
Validation fitness: 0.7077433964790101 
Elapsed: 1409.1414351463318

*** Epoch 0, batch 542/3942 ***
Training fitness: 0.7047940487670478
Model size: (90, 86) 
Validation fitness: 0.7138076746865474 
Elapsed: 1533.5062754154205

*** Epoch 0, batch 543/3942 ***
Training fitness: 0.7075320512820512
Model size: (79, 73) 
Validation fitness: 0.6867860145635806 
Elapsed: 1661.2968933582306

*** Epoch 0, batch 544/3942 ***
Training fitness: 0.7306144100851875
Model size: (77, 82) 
Validation fitness: 0.7134751357472279 
Elapsed: 1009.4661660194397

*** Epoch 0, batch 545/3942 ***
Training fitness: 0.7182111673637097
Model size: (78, 67) 
Validation fitness: 0.7052448636408363 
Elapsed: 1048.2612142562866

*** Epoch 0, batch 546/3942 ***
Training fitness: 0.7061504498302751
Model size: (74, 76) 
Validation fitness: 0.7060843477752106 
Elapsed: 1119.1622605323792

*** Epoch 0, batch 547/3942 ***
Training fitness: 0.6933885834196616
Model size: (76, 86) 
Validation fitness: 0.7139251810728495 
Elapsed: 1217.8682010173798

*** Epoch 0, batch 548/3942 ***
Training fitness: 0.7217243622172436
Model size: (81, 72) 
Validation fitness: 0.7125566835270982 
Elapsed: 1243.6484305858612

*** Epoch 0, batch 549/3942 ***
Training fitness: 0.7427101200686106
Model size: (77, 67) 
Validation fitness: 0.7072585620256688 
Elapsed: 1297.1675720214844

*** Epoch 0, batch 550/3942 ***
Training fitness: 0.7211862831035672
Model size: (81, 88) 
Validation fitness: 0.7062992350704423 
Elapsed: 1276.3906908035278

*** Epoch 0, batch 551/3942 ***
Training fitness: 0.7561932089909134
Model size: (88, 85) 
Validation fitness: 0.7122402905837549 
Elapsed: 1394.374763727188

*** Epoch 0, batch 552/3942 ***
Training fitness: 0.7473811329233015
Model size: (81, 71) 
Validation fitness: 0.7090259506556698 
Elapsed: 1505.3314907550812

*** Epoch 0, batch 553/3942 ***
Training fitness: 0.7250267547179661
Model size: (79, 67) 
Validation fitness: 0.6851552333829489 
Elapsed: 1607.9324476718903

*** Epoch 0, batch 554/3942 ***
Training fitness: 0.7099262620533182
Model size: (87, 81) 
Validation fitness: 0.6644693528167883 
Elapsed: 1710.1161172389984

*** Epoch 0, batch 555/3942 ***
Training fitness: 0.7226010101010101
Model size: (90, 92) 
Validation fitness: 0.7078082394201687 
Elapsed: 1840.8395454883575

*** Epoch 0, batch 556/3942 ***
Training fitness: 0.6936471922858763
Model size: (82, 76) 
Validation fitness: 0.7140203978869747 
Elapsed: 1941.0181634426117

*** Epoch 0, batch 557/3942 ***
Training fitness: 0.7714268469338484
Model size: (86, 81) 
Validation fitness: 0.7131503232239538 
Elapsed: 2019.9256048202515

*** Epoch 0, batch 558/3942 ***
Training fitness: 0.6744317399090785
Model size: (85, 81) 
Validation fitness: 0.696663585384213 
Elapsed: 2213.237476348877

*** Epoch 0, batch 559/3942 ***
Training fitness: 0.7651922064244339
Model size: (93, 100) 
Validation fitness: 0.7065602463008379 
Elapsed: 2437.4473774433136

*** Epoch 0, batch 560/3942 ***
Training fitness: 0.6958619210977702
Model size: (84, 75) 
Validation fitness: 0.7109093297536659 
Elapsed: 2529.1014432907104

*** Epoch 0, batch 561/3942 ***
Training fitness: 0.7063221960004968
Model size: (91, 79) 
Validation fitness: 0.707796312166872 
Elapsed: 2717.5870587825775

*** Epoch 0, batch 562/3942 ***
Training fitness: 0.720600414078675
Model size: (89, 80) 
Validation fitness: 0.71404385220725 
Elapsed: 2936.3494186401367

*** Epoch 0, batch 563/3942 ***
Training fitness: 0.7342333654773384
Model size: (86, 75) 
Validation fitness: 0.7073512255257463 
Elapsed: 3153.089482307434

