Configuration:
Dataset: nsl_kdd
Selector: pca
Fold: 1
Fitness: auroc
Batch size: 256
Epochs: 1
Config args: {}
*** Epoch 1, batch 1/520 ***
Training fitness: 0.9713726449718619
Model size: (1, 12)
Validation fitness: 0.9567109827132078 !!!
Elapsed: 1.4086287021636963

*** Epoch 1, batch 2/520 ***
Training fitness: 0.9622395833333334
Model size: (1, 12)
Validation fitness: 0.9567109827132078 
Elapsed: 1.5073533058166504

*** Epoch 1, batch 3/520 ***
Training fitness: 0.9677379859198041
Model size: (1, 12)
Validation fitness: 0.95390698938591 
Elapsed: 1.5649528503417969

*** Epoch 1, batch 4/520 ***
Training fitness: 0.9388446340086558
Model size: (1, 12)
Validation fitness: 0.95390698938591 
Elapsed: 1.5285727977752686

*** Epoch 1, batch 5/520 ***
Training fitness: 0.9605006105006105
Model size: (1, 12)
Validation fitness: 0.9567109827132078 
Elapsed: 1.5472545623779297

*** Epoch 1, batch 6/520 ***
Training fitness: 0.9764885496183207
Model size: (2, 13)
Validation fitness: 0.9635932335067495 !!!
Elapsed: 1.6772727966308594

*** Epoch 1, batch 7/520 ***
Training fitness: 0.9604162851736557
Model size: (2, 13)
Validation fitness: 0.9618892869429188 
Elapsed: 1.6161179542541504

*** Epoch 1, batch 8/520 ***
Training fitness: 0.9803885630498532
Model size: (1, 8)
Validation fitness: 0.9593724420501081 
Elapsed: 1.5049853324890137

*** Epoch 1, batch 9/520 ***
Training fitness: 0.9711896478056522
Model size: (3, 12)
Validation fitness: 0.9489031041615527 
Elapsed: 1.606125831604004

*** Epoch 1, batch 10/520 ***
Training fitness: 0.9554116558741906
Model size: (2, 7)
Validation fitness: 0.9562972198833157 
Elapsed: 1.6648483276367188

*** Epoch 1, batch 11/520 ***
Training fitness: 0.9696026368796924
Model size: (2, 12)
Validation fitness: 0.9442615661494089 
Elapsed: 1.695465326309204

*** Epoch 1, batch 12/520 ***
Training fitness: 0.9582898852971845
Model size: (3, 14)
Validation fitness: 0.9607118143081251 
Elapsed: 1.7775235176086426

*** Epoch 1, batch 13/520 ***
Training fitness: 0.9777003910068427
Model size: (3, 11)
Validation fitness: 0.9504729118697087 
Elapsed: 1.8246135711669922

*** Epoch 1, batch 14/520 ***
Training fitness: 0.9678167938931297
Model size: (5, 15)
Validation fitness: 0.9496745217266086 
Elapsed: 1.9146969318389893

*** Epoch 1, batch 15/520 ***
Training fitness: 0.9758195695695695
Model size: (3, 15)
Validation fitness: 0.964148943767408 !!!
Elapsed: 2.0411534309387207

*** Epoch 1, batch 16/520 ***
Training fitness: 0.9598937246963563
Model size: (3, 15)
Validation fitness: 0.964148943767408 
Elapsed: 1.8888218402862549

*** Epoch 1, batch 17/520 ***
Training fitness: 0.9747279099797086
Model size: (3, 15)
Validation fitness: 0.964148943767408 
Elapsed: 1.9030132293701172

*** Epoch 1, batch 18/520 ***
Training fitness: 0.9625
Model size: (4, 11)
Validation fitness: 0.9593108899488022 
Elapsed: 1.9012763500213623

*** Epoch 1, batch 19/520 ***
Training fitness: 0.9610000611284308
Model size: (4, 16)
Validation fitness: 0.9560874056702132 
Elapsed: 1.9567935466766357

*** Epoch 1, batch 20/520 ***
Training fitness: 0.9551364219007508
Model size: (5, 14)
Validation fitness: 0.9558511229537501 
Elapsed: 1.873708963394165

*** Epoch 1, batch 21/520 ***
Training fitness: 0.9764389916376732
Model size: (2, 7)
Validation fitness: 0.9611192257970098 
Elapsed: 1.7832844257354736

*** Epoch 1, batch 22/520 ***
Training fitness: 0.9645206911393962
Model size: (4, 14)
Validation fitness: 0.9492627935254374 
Elapsed: 1.920100212097168

*** Epoch 1, batch 23/520 ***
Training fitness: 0.9767111440573264
Model size: (3, 9)
Validation fitness: 0.9643165165220652 !!!
Elapsed: 1.8140928745269775

*** Epoch 1, batch 24/520 ***
Training fitness: 0.9603053435114505
Model size: (3, 8)
Validation fitness: 0.9449739886465519 
Elapsed: 1.8398733139038086

*** Epoch 1, batch 25/520 ***
Training fitness: 0.981954979202349
Model size: (2, 7)
Validation fitness: 0.9639713628390423 
Elapsed: 1.892425775527954

*** Epoch 1, batch 26/520 ***
Training fitness: 0.9628902655952892
Model size: (5, 13)
Validation fitness: 0.9594584463560424 
Elapsed: 2.05538010597229

*** Epoch 1, batch 27/520 ***
Training fitness: 0.9718559218559218
Model size: (2, 7)
Validation fitness: 0.9538071092786988 
Elapsed: 1.8724365234375

*** Epoch 1, batch 28/520 ***
Training fitness: 0.9679471494984095
Model size: (3, 9)
Validation fitness: 0.9643165165220652 
Elapsed: 1.9774017333984375

*** Epoch 1, batch 29/520 ***
Training fitness: 0.967882584131663
Model size: (4, 11)
Validation fitness: 0.9588912798525858 
Elapsed: 1.8500330448150635

*** Epoch 1, batch 30/520 ***
Training fitness: 0.9909029024073273
Model size: (2, 4)
Validation fitness: 0.9323059594751816 
Elapsed: 1.8625760078430176

*** Epoch 1, batch 31/520 ***
Training fitness: 0.963909958404698
Model size: (4, 8)
Validation fitness: 0.9670202081524163 !!!
Elapsed: 1.8817543983459473

*** Epoch 1, batch 32/520 ***
Training fitness: 0.9691912708600771
Model size: (4, 8)
Validation fitness: 0.9670202081524163 
Elapsed: 1.8558080196380615

*** Epoch 1, batch 33/520 ***
Training fitness: 0.9751903709162368
Model size: (3, 7)
Validation fitness: 0.9469914696632824 
Elapsed: 1.7459638118743896

*** Epoch 1, batch 34/520 ***
Training fitness: 0.9720296877875239
Model size: (3, 8)
Validation fitness: 0.9651146592103206 
Elapsed: 1.7886903285980225

*** Epoch 1, batch 35/520 ***
Training fitness: 0.9708844533968137
Model size: (4, 8)
Validation fitness: 0.9670202081524163 
Elapsed: 1.753366231918335

*** Epoch 1, batch 36/520 ***
Training fitness: 0.971875
Model size: (4, 8)
Validation fitness: 0.9670202081524163 
Elapsed: 1.8558735847473145

*** Epoch 1, batch 37/520 ***
Training fitness: 0.963665280156594
Model size: (2, 5)
Validation fitness: 0.9583227752599706 
Elapsed: 1.7011151313781738

*** Epoch 1, batch 38/520 ***
Training fitness: 0.9632982627844385
Model size: (2, 5)
Validation fitness: 0.9583227752599706 
Elapsed: 1.6499807834625244

*** Epoch 1, batch 39/520 ***
Training fitness: 0.9758004926108375
Model size: (2, 7)
Validation fitness: 0.950222313432245 
Elapsed: 1.673025131225586

*** Epoch 1, batch 40/520 ***
Training fitness: 0.9748768472906404
Model size: (4, 10)
Validation fitness: 0.9589199204595814 
Elapsed: 1.7041616439819336

*** Epoch 1, batch 41/520 ***
Training fitness: 0.9780870414454007
Model size: (8, 15)
Validation fitness: 0.957134387117039 
Elapsed: 1.8997116088867188

*** Epoch 1, batch 42/520 ***
Training fitness: 0.9679389312977099
Model size: (4, 11)
Validation fitness: 0.9582577954508197 
Elapsed: 1.777350664138794

*** Epoch 1, batch 43/520 ***
Training fitness: 0.9613013489592871
Model size: (4, 11)
Validation fitness: 0.9653933483551256 
Elapsed: 1.7631399631500244

*** Epoch 1, batch 44/520 ***
Training fitness: 0.9657258064516129
Model size: (3, 9)
Validation fitness: 0.9575759198794735 
Elapsed: 1.763451099395752

*** Epoch 1, batch 45/520 ***
Training fitness: 0.977523949889462
Model size: (6, 18)
Validation fitness: 0.9605760165884929 
Elapsed: 1.9788177013397217

*** Epoch 1, batch 46/520 ***
Training fitness: 0.951267175572519
Model size: (6, 18)
Validation fitness: 0.9605760165884929 
Elapsed: 2.123474597930908

*** Epoch 1, batch 47/520 ***
Training fitness: 0.9663318452380953
Model size: (5, 13)
Validation fitness: 0.9610049749788325 
Elapsed: 1.9820737838745117

*** Epoch 1, batch 48/520 ***
Training fitness: 0.9710056275997063
Model size: (4, 12)
Validation fitness: 0.9599753245361122 
Elapsed: 1.9528274536132812

*** Epoch 1, batch 49/520 ***
Training fitness: 0.9735572519083968
Model size: (4, 11)
Validation fitness: 0.9582577954508197 
Elapsed: 1.9345061779022217

*** Epoch 1, batch 50/520 ***
Training fitness: 0.9793012607413911
Model size: (7, 9)
Validation fitness: 0.9605671632040585 
Elapsed: 1.8306217193603516

*** Epoch 1, batch 51/520 ***
Training fitness: 0.9751615128896695
Model size: (5, 11)
Validation fitness: 0.962907710267697 
Elapsed: 1.9871397018432617

*** Epoch 1, batch 52/520 ***
Training fitness: 0.9701895356682819
Model size: (8, 17)
Validation fitness: 0.9582989462749503 
Elapsed: 2.1344547271728516

*** Epoch 1, batch 53/520 ***
Training fitness: 0.96478271484375
Model size: (4, 10)
Validation fitness: 0.9654440857632299 
Elapsed: 1.9944710731506348

*** Epoch 1, batch 54/520 ***
Training fitness: 0.9733211233211234
Model size: (7, 9)
Validation fitness: 0.9605671632040585 
Elapsed: 2.342301368713379

*** Epoch 1, batch 55/520 ***
Training fitness: 0.9756609834445269
Model size: (9, 20)
Validation fitness: 0.9606095879623885 
Elapsed: 2.252335786819458

*** Epoch 1, batch 56/520 ***
Training fitness: 0.9517266760718887
Model size: (4, 9)
Validation fitness: 0.9600426597487822 
Elapsed: 2.0269393920898438

*** Epoch 1, batch 57/520 ***
Training fitness: 0.9632820136852395
Model size: (4, 11)
Validation fitness: 0.955582689437498 
Elapsed: 2.1323235034942627

*** Epoch 1, batch 58/520 ***
Training fitness: 0.9691129231529527
Model size: (9, 23)
Validation fitness: 0.9595343508383256 
Elapsed: 2.3287715911865234

*** Epoch 1, batch 59/520 ***
Training fitness: 0.965557251908397
Model size: (9, 19)
Validation fitness: 0.9613517508658354 
Elapsed: 2.2453012466430664

*** Epoch 1, batch 60/520 ***
Training fitness: 0.957679389312977
Model size: (2, 7)
Validation fitness: 0.9620043076206122 
Elapsed: 1.9898316860198975

*** Epoch 1, batch 61/520 ***
Training fitness: 0.9667957941339237
Model size: (5, 13)
Validation fitness: 0.9606664750816272 
Elapsed: 2.131943941116333

*** Epoch 1, batch 62/520 ***
Training fitness: 0.9555596307842777
Model size: (5, 13)
Validation fitness: 0.9606664750816272 
Elapsed: 2.1106269359588623

*** Epoch 1, batch 63/520 ***
Training fitness: 0.9728270870391953
Model size: (6, 15)
Validation fitness: 0.9598077976064261 
Elapsed: 1.9305882453918457

*** Epoch 1, batch 64/520 ***
Training fitness: 0.9645390070921985
Model size: (4, 11)
Validation fitness: 0.9547088530618266 
Elapsed: 1.993415355682373

*** Epoch 1, batch 65/520 ***
Training fitness: 0.9595941072192675
Model size: (5, 11)
Validation fitness: 0.9545988364709874 
Elapsed: 1.8588635921478271

*** Epoch 1, batch 66/520 ***
Training fitness: 0.9641783720787586
Model size: (3, 7)
Validation fitness: 0.9572701481766941 
Elapsed: 1.872925043106079

*** Epoch 1, batch 67/520 ***
Training fitness: 0.9742213999383287
Model size: (2, 6)
Validation fitness: 0.9597759950764184 
Elapsed: 1.837559461593628

*** Epoch 1, batch 68/520 ***
Training fitness: 0.9827275551413482
Model size: (5, 11)
Validation fitness: 0.9603211839236909 
Elapsed: 1.8454203605651855

*** Epoch 1, batch 69/520 ***
Training fitness: 0.9681896339965611
Model size: (8, 19)
Validation fitness: 0.9562668104324323 
Elapsed: 2.0551865100860596

*** Epoch 1, batch 70/520 ***
Training fitness: 0.9441964285714286
Model size: (8, 20)
Validation fitness: 0.9600424764488976 
Elapsed: 2.2264461517333984

*** Epoch 1, batch 71/520 ***
Training fitness: 0.9650183150183149
Model size: (4, 9)
Validation fitness: 0.9549728415558729 
Elapsed: 2.0104479789733887

*** Epoch 1, batch 72/520 ***
Training fitness: 0.9711279667237582
Model size: (3, 8)
Validation fitness: 0.9544883707954306 
Elapsed: 1.8597517013549805

*** Epoch 1, batch 73/520 ***
Training fitness: 0.9653815409211092
Model size: (7, 13)
Validation fitness: 0.9625349332920395 
Elapsed: 1.9503467082977295

*** Epoch 1, batch 74/520 ***
Training fitness: 0.9492500765228038
Model size: (6, 13)
Validation fitness: 0.9526283443797176 
Elapsed: 1.9508874416351318

*** Epoch 1, batch 75/520 ***
Training fitness: 0.9496402877697842
Model size: (4, 10)
Validation fitness: 0.9502738940198192 
Elapsed: 1.7072243690490723

*** Epoch 1, batch 76/520 ***
Training fitness: 0.9623807193540493
Model size: (6, 12)
Validation fitness: 0.9600859735115537 
Elapsed: 2.7924954891204834

*** Epoch 1, batch 77/520 ***
Training fitness: 0.972763358778626
Model size: (10, 17)
Validation fitness: 0.9619299336923666 
Elapsed: 3.7831852436065674

*** Epoch 1, batch 78/520 ***
Training fitness: 0.9825954198473283
Model size: (5, 10)
Validation fitness: 0.9619918432284477 
Elapsed: 3.5157251358032227

*** Epoch 1, batch 79/520 ***
Training fitness: 0.9662454983824696
Model size: (9, 18)
Validation fitness: 0.9572642550853985 
Elapsed: 3.777158498764038

*** Epoch 1, batch 80/520 ***
Training fitness: 0.9621671258034894
Model size: (5, 12)
Validation fitness: 0.9653834868213249 
Elapsed: 3.330540895462036

*** Epoch 1, batch 81/520 ***
Training fitness: 0.9761221374045802
Model size: (10, 18)
Validation fitness: 0.9549157436417669 
Elapsed: 3.9107460975646973

*** Epoch 1, batch 82/520 ***
Training fitness: 0.980417593278972
Model size: (6, 13)
Validation fitness: 0.9648966056673979 
Elapsed: 3.461629629135132

*** Epoch 1, batch 83/520 ***
Training fitness: 0.9734351145038167
Model size: (5, 10)
Validation fitness: 0.9656075709304566 
Elapsed: 3.5284862518310547

*** Epoch 1, batch 84/520 ***
Training fitness: 0.9747285775624118
Model size: (4, 13)
Validation fitness: 0.9594771246143007 
Elapsed: 3.4368643760681152

*** Epoch 1, batch 85/520 ***
Training fitness: 0.9645909645909646
Model size: (6, 13)
Validation fitness: 0.9672586813025026 !!!
Elapsed: 3.3158462047576904

*** Epoch 1, batch 86/520 ***
Training fitness: 0.9645050356177843
Model size: (4, 11)
Validation fitness: 0.9609882763593299 
Elapsed: 3.5458858013153076

*** Epoch 1, batch 87/520 ***
Training fitness: 0.9736551215917465
Model size: (6, 13)
Validation fitness: 0.9672586813025026 
Elapsed: 3.229390859603882

*** Epoch 1, batch 88/520 ***
Training fitness: 0.9758578431372549
Model size: (4, 11)
Validation fitness: 0.9609882763593299 
Elapsed: 3.330148696899414

*** Epoch 1, batch 89/520 ***
Training fitness: 0.9692824427480917
Model size: (6, 13)
Validation fitness: 0.9672586813025026 
Elapsed: 3.2816059589385986

*** Epoch 1, batch 90/520 ***
Training fitness: 0.9676714722586283
Model size: (5, 12)
Validation fitness: 0.9647999882981353 
Elapsed: 2.572364330291748

*** Epoch 1, batch 91/520 ***
Training fitness: 0.9724580152671756
Model size: (4, 8)
Validation fitness: 0.95771365141289 
Elapsed: 1.7616868019104004

*** Epoch 1, batch 92/520 ***
Training fitness: 0.9651148582600195
Model size: (9, 18)
Validation fitness: 0.9596705518177043 
Elapsed: 2.0547597408294678

*** Epoch 1, batch 93/520 ***
Training fitness: 0.9886446886446887
Model size: (6, 15)
Validation fitness: 0.96503186265237 
Elapsed: 1.9549925327301025

*** Epoch 1, batch 94/520 ***
Training fitness: 0.9898399014778325
Model size: (7, 13)
Validation fitness: 0.9639184075023324 
Elapsed: 1.9446723461151123

*** Epoch 1, batch 95/520 ***
Training fitness: 0.9580553496417099
Model size: (6, 13)
Validation fitness: 0.9672586813025026 
Elapsed: 1.8459117412567139

*** Epoch 1, batch 96/520 ***
Training fitness: 0.9728244274809161
Model size: (7, 13)
Validation fitness: 0.9593228044413122 
Elapsed: 1.9173617362976074

*** Epoch 1, batch 97/520 ***
Training fitness: 0.97760009765625
Model size: (3, 7)
Validation fitness: 0.9551328990152543 
Elapsed: 1.7839200496673584

*** Epoch 1, batch 98/520 ***
Training fitness: 0.9685667155425219
Model size: (6, 15)
Validation fitness: 0.96503186265237 
Elapsed: 2.0519073009490967

*** Epoch 1, batch 99/520 ***
Training fitness: 0.9701519868156016
Model size: (6, 9)
Validation fitness: 0.9630406943340979 
Elapsed: 1.9072532653808594

*** Epoch 1, batch 100/520 ***
Training fitness: 0.9592777085927771
Model size: (8, 21)
Validation fitness: 0.9643244442420813 
Elapsed: 2.207517147064209

*** Epoch 1, batch 101/520 ***
Training fitness: 0.9739125122189638
Model size: (6, 14)
Validation fitness: 0.9559991101157196 
Elapsed: 1.9711647033691406

*** Epoch 1, batch 102/520 ***
Training fitness: 0.9715909090909091
Model size: (6, 9)
Validation fitness: 0.9609407008742378 
Elapsed: 1.9308350086212158

*** Epoch 1, batch 103/520 ***
Training fitness: 0.9667033235581622
Model size: (6, 13)
Validation fitness: 0.9641946679236639 
Elapsed: 1.9070463180541992

*** Epoch 1, batch 104/520 ***
Training fitness: 0.9769607843137254
Model size: (6, 15)
Validation fitness: 0.96503186265237 
Elapsed: 2.016796350479126

*** Epoch 1, batch 105/520 ***
Training fitness: 0.9752747252747253
Model size: (6, 15)
Validation fitness: 0.96503186265237 
Elapsed: 2.031127691268921

*** Epoch 1, batch 106/520 ***
Training fitness: 0.9682407919817992
Model size: (6, 15)
Validation fitness: 0.96503186265237 
Elapsed: 2.1283340454101562

*** Epoch 1, batch 107/520 ***
Training fitness: 0.9569280277244879
Model size: (4, 9)
Validation fitness: 0.9586338534944143 
Elapsed: 3.6501963138580322

*** Epoch 1, batch 108/520 ***
Training fitness: 0.9784683141668706
Model size: (4, 9)
Validation fitness: 0.9643551927977516 
Elapsed: 3.7658209800720215

*** Epoch 1, batch 109/520 ***
Training fitness: 0.9642246642246642
Model size: (4, 9)
Validation fitness: 0.9586338534944143 
Elapsed: 3.843930959701538

*** Epoch 1, batch 110/520 ***
Training fitness: 0.9851239669421488
Model size: (5, 11)
Validation fitness: 0.9642406486997586 
Elapsed: 3.7616798877716064

*** Epoch 1, batch 111/520 ***
Training fitness: 0.9382286516511018
Model size: (3, 8)
Validation fitness: 0.9560951317603563 
Elapsed: 3.7825045585632324

*** Epoch 1, batch 112/520 ***
Training fitness: 0.9715298142717497
Model size: (5, 11)
Validation fitness: 0.9642406486997586 
Elapsed: 4.05933690071106

*** Epoch 1, batch 113/520 ***
Training fitness: 0.9633578431372549
Model size: (5, 8)
Validation fitness: 0.964738729476645 
Elapsed: 3.8191630840301514

*** Epoch 1, batch 114/520 ***
Training fitness: 0.9758187940006122
Model size: (5, 8)
Validation fitness: 0.964738729476645 
Elapsed: 3.8070595264434814

*** Epoch 1, batch 115/520 ***
Training fitness: 0.9734513274336284
Model size: (5, 11)
Validation fitness: 0.9642406486997586 
Elapsed: 3.6708779335021973

*** Epoch 1, batch 116/520 ***
Training fitness: 0.97998046875
Model size: (5, 8)
Validation fitness: 0.964738729476645 
Elapsed: 3.720150947570801

*** Epoch 1, batch 117/520 ***
Training fitness: 0.964091603053435
Model size: (5, 8)
Validation fitness: 0.964738729476645 
Elapsed: 4.3805091381073

*** Epoch 1, batch 118/520 ***
Training fitness: 0.9644610127368749
Model size: (9, 16)
Validation fitness: 0.9566241535577921 
Elapsed: 3.9694957733154297

*** Epoch 1, batch 119/520 ***
Training fitness: 0.9726720647773278
Model size: (9, 17)
Validation fitness: 0.9594860329887003 
Elapsed: 3.8430137634277344

*** Epoch 1, batch 120/520 ***
Training fitness: 0.9640890890890891
Model size: (8, 13)
Validation fitness: 0.9547518002248284 
Elapsed: 3.592432975769043

*** Epoch 1, batch 121/520 ***
Training fitness: 0.9519440803844473
Model size: (11, 23)
Validation fitness: 0.9528236687369289 
Elapsed: 4.0811238288879395

*** Epoch 1, batch 122/520 ***
Training fitness: 0.9662145650048874
Model size: (6, 13)
Validation fitness: 0.9586911163784166 
Elapsed: 3.779686450958252

*** Epoch 1, batch 123/520 ***
Training fitness: 0.95220947265625
Model size: (5, 8)
Validation fitness: 0.964738729476645 
Elapsed: 3.948080062866211

*** Epoch 1, batch 124/520 ***
Training fitness: 0.9664589442815249
Model size: (5, 11)
Validation fitness: 0.9555927617661661 
Elapsed: 3.7171132564544678

*** Epoch 1, batch 125/520 ***
Training fitness: 0.975226327379496
Model size: (6, 13)
Validation fitness: 0.9578985643366464 
Elapsed: 3.898813009262085

*** Epoch 1, batch 126/520 ***
Training fitness: 0.9571865443425076
Model size: (8, 15)
Validation fitness: 0.9578275906212633 
Elapsed: 3.8864378929138184

*** Epoch 1, batch 127/520 ***
Training fitness: 0.9598388671875
Model size: (4, 12)
Validation fitness: 0.9642845490221611 
Elapsed: 4.00417947769165

*** Epoch 1, batch 128/520 ***
Training fitness: 0.9664896539095403
Model size: (8, 15)
Validation fitness: 0.9541865400401734 
Elapsed: 3.6809768676757812

*** Epoch 1, batch 129/520 ***
Training fitness: 0.968840090780838
Model size: (5, 11)
Validation fitness: 0.9555927617661661 
Elapsed: 3.7712152004241943

*** Epoch 1, batch 130/520 ***
Training fitness: 0.9845956354300385
Model size: (6, 11)
Validation fitness: 0.954306326514871 
Elapsed: 4.101536273956299

*** Epoch 1, batch 131/520 ***
Training fitness: 0.9764836932978526
Model size: (6, 11)
Validation fitness: 0.955823609641046 
Elapsed: 3.9825611114501953

*** Epoch 1, batch 132/520 ***
Training fitness: 0.9742359958187297
Model size: (3, 10)
Validation fitness: 0.9542045950788234 
Elapsed: 3.897101402282715

*** Epoch 1, batch 133/520 ***
Training fitness: 0.9803454800708051
Model size: (11, 25)
Validation fitness: 0.9576269505673939 
Elapsed: 4.174698829650879

*** Epoch 1, batch 134/520 ***
Training fitness: 0.9718197933859037
Model size: (8, 16)
Validation fitness: 0.9606253700824673 
Elapsed: 3.717806339263916

*** Epoch 1, batch 135/520 ***
Training fitness: 0.9477216748768473
Model size: (7, 15)
Validation fitness: 0.9535976891603487 
Elapsed: 3.5500574111938477

*** Epoch 1, batch 136/520 ***
Training fitness: 0.9658479960899315
Model size: (7, 13)
Validation fitness: 0.9613387732339935 
Elapsed: 3.6862666606903076

*** Epoch 1, batch 137/520 ***
Training fitness: 0.9554373739226113
Model size: (8, 15)
Validation fitness: 0.9638061729828875 
Elapsed: 3.6044135093688965

*** Epoch 1, batch 138/520 ***
Training fitness: 0.9696598972351358
Model size: (5, 15)
Validation fitness: 0.9650535653587267 
Elapsed: 3.785583257675171

*** Epoch 1, batch 139/520 ***
Training fitness: 0.9817937438905181
Model size: (7, 13)
Validation fitness: 0.9613387732339935 
Elapsed: 3.750077247619629

*** Epoch 1, batch 140/520 ***
Training fitness: 0.969863683599242
Model size: (7, 15)
Validation fitness: 0.965619650392863 
Elapsed: 3.636291742324829

*** Epoch 1, batch 141/520 ***
Training fitness: 0.9601102941176471
Model size: (7, 15)
Validation fitness: 0.965619650392863 
Elapsed: 3.6984941959381104

*** Epoch 1, batch 142/520 ***
Training fitness: 0.973134708428826
Model size: (7, 15)
Validation fitness: 0.964698036902226 
Elapsed: 3.8305153846740723

*** Epoch 1, batch 143/520 ***
Training fitness: 0.9889418377321604
Model size: (8, 13)
Validation fitness: 0.9560350277281402 
Elapsed: 3.780945301055908

*** Epoch 1, batch 144/520 ***
Training fitness: 0.9746564885496183
Model size: (12, 22)
Validation fitness: 0.958746775388427 
Elapsed: 4.009262323379517

*** Epoch 1, batch 145/520 ***
Training fitness: 0.98175048828125
Model size: (8, 17)
Validation fitness: 0.9629580627460435 
Elapsed: 4.092685699462891

*** Epoch 1, batch 146/520 ***
Training fitness: 0.967877440079071
Model size: (4, 13)
Validation fitness: 0.9656178540539921 
Elapsed: 3.7445483207702637

*** Epoch 1, batch 147/520 ***
Training fitness: 0.9735313894492328
Model size: (7, 14)
Validation fitness: 0.9577595130440597 
Elapsed: 3.880789041519165

*** Epoch 1, batch 148/520 ***
Training fitness: 0.9669189453125
Model size: (8, 13)
Validation fitness: 0.9477035988806095 
Elapsed: 3.7355778217315674

*** Epoch 1, batch 149/520 ***
Training fitness: 0.9746642246642248
Model size: (4, 10)
Validation fitness: 0.9567078849451554 
Elapsed: 3.829066276550293

*** Epoch 1, batch 150/520 ***
Training fitness: 0.9630926062392533
Model size: (7, 15)
Validation fitness: 0.965619650392863 
Elapsed: 3.5881214141845703

*** Epoch 1, batch 151/520 ***
Training fitness: 0.9583104437526705
Model size: (7, 15)
Validation fitness: 0.965619650392863 
Elapsed: 3.6227877140045166

*** Epoch 1, batch 152/520 ***
Training fitness: 0.9684139784946236
Model size: (7, 15)
Validation fitness: 0.965619650392863 
Elapsed: 3.6156351566314697

*** Epoch 1, batch 153/520 ***
Training fitness: 0.9827639084831012
Model size: (4, 14)
Validation fitness: 0.9667421238972314 
Elapsed: 3.600785493850708

*** Epoch 1, batch 154/520 ***
Training fitness: 0.9710839694656488
Model size: (3, 10)
Validation fitness: 0.9681295940450121 !!!
Elapsed: 3.5207362174987793

*** Epoch 1, batch 155/520 ***
Training fitness: 0.9673239087301586
Model size: (7, 12)
Validation fitness: 0.9624771021783944 
Elapsed: 3.649641990661621

*** Epoch 1, batch 156/520 ***
Training fitness: 0.973570164194592
Model size: (8, 13)
Validation fitness: 0.9602154198901784 
Elapsed: 3.569042444229126

*** Epoch 1, batch 157/520 ***
Training fitness: 0.9652280379553106
Model size: (6, 11)
Validation fitness: 0.9586047912976841 
Elapsed: 3.6859331130981445

*** Epoch 1, batch 158/520 ***
Training fitness: 0.9728244274809161
Model size: (3, 10)
Validation fitness: 0.9681295940450121 
Elapsed: 3.5563905239105225

*** Epoch 1, batch 159/520 ***
Training fitness: 0.9795129730724407
Model size: (3, 10)
Validation fitness: 0.9681295940450121 
Elapsed: 3.590057611465454

*** Epoch 1, batch 160/520 ***
Training fitness: 0.9749106190804742
Model size: (5, 8)
Validation fitness: 0.9198106446202364 
Elapsed: 3.699878215789795

*** Epoch 1, batch 161/520 ***
Training fitness: 0.9756127450980392
Model size: (3, 10)
Validation fitness: 0.9660386372694711 
Elapsed: 3.432002305984497

*** Epoch 1, batch 162/520 ***
Training fitness: 0.9634236453201971
Model size: (7, 15)
Validation fitness: 0.9678540576582252 
Elapsed: 3.6108994483947754

*** Epoch 1, batch 163/520 ***
Training fitness: 0.9722987450260178
Model size: (2, 8)
Validation fitness: 0.9611305353999002 
Elapsed: 3.449481725692749

*** Epoch 1, batch 164/520 ***
Training fitness: 0.9614345369688038
Model size: (7, 15)
Validation fitness: 0.9678540576582252 
Elapsed: 3.6138575077056885

*** Epoch 1, batch 165/520 ***
Training fitness: 0.9670566502463054
Model size: (2, 8)
Validation fitness: 0.9660560690885127 
Elapsed: 3.4960055351257324

*** Epoch 1, batch 166/520 ***
Training fitness: 0.9670390038454496
Model size: (2, 8)
Validation fitness: 0.9660560690885127 
Elapsed: 3.508932113647461

*** Epoch 1, batch 167/520 ***
Training fitness: 0.9707966764418376
Model size: (7, 16)
Validation fitness: 0.9598068077870483 
Elapsed: 3.610164165496826

*** Epoch 1, batch 168/520 ***
Training fitness: 0.9738143197216627
Model size: (3, 9)
Validation fitness: 0.9674492215327214 
Elapsed: 3.5320563316345215

*** Epoch 1, batch 169/520 ***
Training fitness: 0.9681085043988269
Model size: (7, 12)
Validation fitness: 0.9624771021783944 
Elapsed: 3.7560718059539795

*** Epoch 1, batch 170/520 ***
Training fitness: 0.9721678492781992
Model size: (3, 9)
Validation fitness: 0.9674492215327214 
Elapsed: 3.606438159942627

*** Epoch 1, batch 171/520 ***
Training fitness: 0.97161865234375
Model size: (4, 9)
Validation fitness: 0.9608459714937886 
Elapsed: 3.50502610206604

*** Epoch 1, batch 172/520 ***
Training fitness: 0.963306152705708
Model size: (5, 13)
Validation fitness: 0.9571939412496007 
Elapsed: 4.010810613632202

*** Epoch 1, batch 173/520 ***
Training fitness: 0.9592273366342685
Model size: (4, 9)
Validation fitness: 0.95976153271551 
Elapsed: 3.8911290168762207

*** Epoch 1, batch 174/520 ***
Training fitness: 0.974729902948178
Model size: (6, 10)
Validation fitness: 0.9572938580167891 
Elapsed: 3.7432138919830322

*** Epoch 1, batch 175/520 ***
Training fitness: 0.9761861034588307
Model size: (10, 17)
Validation fitness: 0.963722808195294 
Elapsed: 3.9400148391723633

*** Epoch 1, batch 176/520 ***
Training fitness: 0.9614583333333333
Model size: (8, 13)
Validation fitness: 0.9600280507479662 
Elapsed: 3.56164288520813

*** Epoch 1, batch 177/520 ***
Training fitness: 0.9903352091999021
Model size: (11, 20)
Validation fitness: 0.9559129133449061 
Elapsed: 3.8029329776763916

*** Epoch 1, batch 178/520 ***
Training fitness: 0.9676767676767677
Model size: (4, 14)
Validation fitness: 0.9602022864534349 
Elapsed: 3.867154836654663

*** Epoch 1, batch 179/520 ***
Training fitness: 0.9604687018193031
Model size: (13, 23)
Validation fitness: 0.9593768962373079 
Elapsed: 3.744318723678589

*** Epoch 1, batch 180/520 ***
Training fitness: 0.9552503052503052
Model size: (4, 9)
Validation fitness: 0.9488403606109957 
Elapsed: 3.8251683712005615

*** Epoch 1, batch 181/520 ***
Training fitness: 0.9825879765395894
Model size: (11, 20)
Validation fitness: 0.9648313692384081 
Elapsed: 4.084731817245483

*** Epoch 1, batch 182/520 ***
Training fitness: 0.9628815628815629
Model size: (9, 14)
Validation fitness: 0.963101256616026 
Elapsed: 3.5798306465148926

*** Epoch 1, batch 183/520 ***
Training fitness: 0.9539026629935721
Model size: (11, 17)
Validation fitness: 0.9568958406469986 
Elapsed: 3.5804967880249023

*** Epoch 1, batch 184/520 ***
Training fitness: 0.976402273288856
Model size: (11, 20)
Validation fitness: 0.9648313692384081 
Elapsed: 3.9527945518493652

*** Epoch 1, batch 185/520 ***
Training fitness: 0.9689014291848127
Model size: (7, 13)
Validation fitness: 0.9532165995349168 
Elapsed: 3.4912986755371094

*** Epoch 1, batch 186/520 ***
Training fitness: 0.9780172413793102
Model size: (8, 15)
Validation fitness: 0.9467812063654625 
Elapsed: 3.984564781188965

*** Epoch 1, batch 187/520 ***
Training fitness: 0.9588605660492695
Model size: (10, 19)
Validation fitness: 0.9601046151098347 
Elapsed: 3.9913926124572754

*** Epoch 1, batch 188/520 ***
Training fitness: 0.9673066306814697
Model size: (11, 19)
Validation fitness: 0.9583278709967672 
Elapsed: 3.8037514686584473

*** Epoch 1, batch 189/520 ***
Training fitness: 0.9739847328244275
Model size: (7, 16)
Validation fitness: 0.95507716668529 
Elapsed: 3.86134934425354

*** Epoch 1, batch 190/520 ***
Training fitness: 0.9574871543919746
Model size: (11, 19)
Validation fitness: 0.9583278709967672 
Elapsed: 3.664663076400757

*** Epoch 1, batch 191/520 ***
Training fitness: 0.9773104593248477
Model size: (11, 20)
Validation fitness: 0.9648313692384081 
Elapsed: 3.7383675575256348

*** Epoch 1, batch 192/520 ***
Training fitness: 0.9541284403669724
Model size: (7, 17)
Validation fitness: 0.9563582037549789 
Elapsed: 3.732818603515625

*** Epoch 1, batch 193/520 ***
Training fitness: 0.949825185548672
Model size: (9, 16)
Validation fitness: 0.9564090419780199 
Elapsed: 3.804076671600342

*** Epoch 1, batch 194/520 ***
Training fitness: 0.9686106870229008
Model size: (11, 20)
Validation fitness: 0.9648313692384081 
Elapsed: 3.9072165489196777

*** Epoch 1, batch 195/520 ***
Training fitness: 0.985118306351183
Model size: (14, 21)
Validation fitness: 0.9614320728753418 
Elapsed: 3.7511746883392334

*** Epoch 1, batch 196/520 ***
Training fitness: 0.9604679802955665
Model size: (10, 17)
Validation fitness: 0.954438476566796 
Elapsed: 3.7816905975341797

*** Epoch 1, batch 197/520 ***
Training fitness: 0.9667277167277167
Model size: (14, 23)
Validation fitness: 0.9645173582058079 
Elapsed: 3.918646812438965

*** Epoch 1, batch 198/520 ***
Training fitness: 0.9857099236641221
Model size: (10, 20)
Validation fitness: 0.9656214284017453 
Elapsed: 4.174959659576416

*** Epoch 1, batch 199/520 ***
Training fitness: 0.9581251927227875
Model size: (9, 19)
Validation fitness: 0.9585344957918747 
Elapsed: 3.8967254161834717

*** Epoch 1, batch 200/520 ***
Training fitness: 0.9616113454367626
Model size: (10, 21)
Validation fitness: 0.9567819839235736 
Elapsed: 4.031469345092773

*** Epoch 1, batch 201/520 ***
Training fitness: 0.9846792406763107
Model size: (14, 23)
Validation fitness: 0.9645173582058079 
Elapsed: 3.740506410598755

*** Epoch 1, batch 202/520 ***
Training fitness: 0.9790640394088671
Model size: (11, 20)
Validation fitness: 0.9648313692384081 
Elapsed: 4.032485246658325

*** Epoch 1, batch 203/520 ***
Training fitness: 0.9656538152113373
Model size: (10, 22)
Validation fitness: 0.9689259770543737 !!!
Elapsed: 4.137007713317871

*** Epoch 1, batch 204/520 ***
Training fitness: 0.9792676194565417
Model size: (11, 20)
Validation fitness: 0.9648313692384081 
Elapsed: 4.007288932800293

*** Epoch 1, batch 205/520 ***
Training fitness: 0.9503878878878879
Model size: (10, 22)
Validation fitness: 0.9689259770543737 
Elapsed: 4.4297144412994385

*** Epoch 1, batch 206/520 ***
Training fitness: 0.9705269607843137
Model size: (11, 20)
Validation fitness: 0.9648313692384081 
Elapsed: 4.104715585708618

*** Epoch 1, batch 207/520 ***
Training fitness: 0.9645957341269842
Model size: (11, 21)
Validation fitness: 0.9506893798686281 
Elapsed: 3.7998344898223877

*** Epoch 1, batch 208/520 ***
Training fitness: 0.9731291889565271
Model size: (8, 19)
Validation fitness: 0.9564627305142692 
Elapsed: 3.7462987899780273

*** Epoch 1, batch 209/520 ***
Training fitness: 0.9754874992358945
Model size: (11, 25)
Validation fitness: 0.9543242165836243 
Elapsed: 3.769873857498169

*** Epoch 1, batch 210/520 ***
Training fitness: 0.9776488549618321
Model size: (10, 17)
Validation fitness: 0.963091761681995 
Elapsed: 3.9554102420806885

*** Epoch 1, batch 211/520 ***
Training fitness: 0.9730423620025674
Model size: (6, 12)
Validation fitness: 0.9586381610417063 
Elapsed: 3.9396133422851562

*** Epoch 1, batch 212/520 ***
Training fitness: 0.9801108374384236
Model size: (11, 22)
Validation fitness: 0.9629204312797001 
Elapsed: 4.163347005844116

*** Epoch 1, batch 213/520 ***
Training fitness: 0.9606332905434317
Model size: (7, 13)
Validation fitness: 0.9493536736083067 
Elapsed: 3.971618890762329

*** Epoch 1, batch 214/520 ***
Training fitness: 0.9505130130130129
Model size: (8, 17)
Validation fitness: 0.9574983840282159 
Elapsed: 4.1460981369018555

*** Epoch 1, batch 215/520 ***
Training fitness: 0.9871323529411764
Model size: (11, 20)
Validation fitness: 0.9594871511179972 
Elapsed: 4.136679172515869

*** Epoch 1, batch 216/520 ***
Training fitness: 0.9465299395715071
Model size: (5, 12)
Validation fitness: 0.9640435280036765 
Elapsed: 3.898068904876709

*** Epoch 1, batch 217/520 ***
Training fitness: 0.9769390751162221
Model size: (6, 12)
Validation fitness: 0.9586381610417063 
Elapsed: 3.897397756576538

*** Epoch 1, batch 218/520 ***
Training fitness: 0.9728739002932552
Model size: (6, 18)
Validation fitness: 0.9628999750125598 
Elapsed: 3.956974506378174

*** Epoch 1, batch 219/520 ***
Training fitness: 0.9752792528840871
Model size: (13, 24)
Validation fitness: 0.9583458160554862 
Elapsed: 4.277684926986694

*** Epoch 1, batch 220/520 ***
Training fitness: 0.971900826446281
Model size: (8, 18)
Validation fitness: 0.9520632491649591 
Elapsed: 3.9737963676452637

*** Epoch 1, batch 221/520 ***
Training fitness: 0.963064713064713
Model size: (9, 18)
Validation fitness: 0.9581010007293869 
Elapsed: 4.052793741226196

*** Epoch 1, batch 222/520 ***
Training fitness: 0.9549120234604105
Model size: (3, 7)
Validation fitness: 0.9564882183632464 
Elapsed: 3.8430895805358887

*** Epoch 1, batch 223/520 ***
Training fitness: 0.9728191000918274
Model size: (5, 12)
Validation fitness: 0.9554195067150812 
Elapsed: 3.8813273906707764

*** Epoch 1, batch 224/520 ***
Training fitness: 0.973406862745098
Model size: (9, 14)
Validation fitness: 0.9658689932261161 
Elapsed: 3.614142417907715

*** Epoch 1, batch 225/520 ***
Training fitness: 0.9548872180451128
Model size: (4, 11)
Validation fitness: 0.9607050138824 
Elapsed: 3.864260196685791

*** Epoch 1, batch 226/520 ***
Training fitness: 0.977978957670663
Model size: (10, 15)
Validation fitness: 0.9662631979583033 
Elapsed: 3.7164926528930664

*** Epoch 1, batch 227/520 ***
Training fitness: 0.958981871452115
Model size: (4, 11)
Validation fitness: 0.9607050138824 
Elapsed: 3.976494312286377

*** Epoch 1, batch 228/520 ***
Training fitness: 0.9759389312977098
Model size: (10, 15)
Validation fitness: 0.9662631979583033 
Elapsed: 3.763097047805786

*** Epoch 1, batch 229/520 ***
Training fitness: 0.9705522971652004
Model size: (9, 14)
Validation fitness: 0.9658689932261161 
Elapsed: 3.778744697570801

*** Epoch 1, batch 230/520 ***
Training fitness: 0.9697802197802198
Model size: (9, 14)
Validation fitness: 0.9658689932261161 
Elapsed: 3.764652729034424

*** Epoch 1, batch 231/520 ***
Training fitness: 0.9698828436484082
Model size: (9, 19)
Validation fitness: 0.9569504823426488 
Elapsed: 3.9019641876220703

*** Epoch 1, batch 232/520 ***
Training fitness: 0.9705038167938931
Model size: (9, 19)
Validation fitness: 0.9569504823426488 
Elapsed: 4.012581825256348

*** Epoch 1, batch 233/520 ***
Training fitness: 0.9726412213740459
Model size: (9, 14)
Validation fitness: 0.9658689932261161 
Elapsed: 3.9158458709716797

*** Epoch 1, batch 234/520 ***
Training fitness: 0.9737888426718865
Model size: (3, 9)
Validation fitness: 0.9666903508447778 
Elapsed: 3.6873090267181396

*** Epoch 1, batch 235/520 ***
Training fitness: 0.9730042542542543
Model size: (3, 9)
Validation fitness: 0.9666903508447778 
Elapsed: 3.683366537094116

*** Epoch 1, batch 236/520 ***
Training fitness: 0.9554943373125192
Model size: (9, 19)
Validation fitness: 0.9569504823426488 
Elapsed: 3.9830539226531982

*** Epoch 1, batch 237/520 ***
Training fitness: 0.97784423828125
Model size: (10, 15)
Validation fitness: 0.9662631979583033 
Elapsed: 3.6998350620269775

*** Epoch 1, batch 238/520 ***
Training fitness: 0.9655024509803921
Model size: (8, 19)
Validation fitness: 0.9580998001151416 
Elapsed: 4.098335266113281

*** Epoch 1, batch 239/520 ***
Training fitness: 0.9802339901477832
Model size: (3, 10)
Validation fitness: 0.9632976257825805 
Elapsed: 3.6738224029541016

*** Epoch 1, batch 240/520 ***
Training fitness: 0.9767265846736045
Model size: (10, 15)
Validation fitness: 0.9662631979583033 
Elapsed: 3.6581199169158936

*** Epoch 1, batch 241/520 ***
Training fitness: 0.9662859248341931
Model size: (10, 15)
Validation fitness: 0.9662631979583033 
Elapsed: 3.6994214057922363

*** Epoch 1, batch 242/520 ***
Training fitness: 0.975650249031544
Model size: (9, 19)
Validation fitness: 0.9569504823426488 
Elapsed: 4.050859689712524

*** Epoch 1, batch 243/520 ***
Training fitness: 0.9792429792429792
Model size: (4, 10)
Validation fitness: 0.9678925872940038 
Elapsed: 3.7928802967071533

*** Epoch 1, batch 244/520 ***
Training fitness: 0.9729960899315738
Model size: (3, 11)
Validation fitness: 0.9582497302558896 
Elapsed: 3.493917226791382

*** Epoch 1, batch 245/520 ***
Training fitness: 0.957843137254902
Model size: (3, 11)
Validation fitness: 0.9599270891714348 
Elapsed: 3.822922706604004

*** Epoch 1, batch 246/520 ***
Training fitness: 0.9802873986735446
Model size: (8, 15)
Validation fitness: 0.9584533397678925 
Elapsed: 3.620298385620117

*** Epoch 1, batch 247/520 ***
Training fitness: 0.9546901329339075
Model size: (13, 19)
Validation fitness: 0.9566910396857449 
Elapsed: 4.18911600112915

*** Epoch 1, batch 248/520 ***
Training fitness: 0.9629834593863371
Model size: (8, 14)
Validation fitness: 0.9595734670337358 
Elapsed: 3.6968119144439697

*** Epoch 1, batch 249/520 ***
Training fitness: 0.9592099613568055
Model size: (7, 16)
Validation fitness: 0.9635060469165586 
Elapsed: 3.8786540031433105

*** Epoch 1, batch 250/520 ***
Training fitness: 0.96038818359375
Model size: (6, 11)
Validation fitness: 0.9591650382304904 
Elapsed: 4.026623964309692

*** Epoch 1, batch 251/520 ***
Training fitness: 0.9696488549618321
Model size: (10, 18)
Validation fitness: 0.9559096872669341 
Elapsed: 4.127484560012817

*** Epoch 1, batch 252/520 ***
Training fitness: 0.979044477028348
Model size: (7, 16)
Validation fitness: 0.9635060469165586 
Elapsed: 3.92211651802063

*** Epoch 1, batch 253/520 ***
Training fitness: 0.9773399014778326
Model size: (12, 18)
Validation fitness: 0.9619092941253412 
Elapsed: 4.184680700302124

*** Epoch 1, batch 254/520 ***
Training fitness: 0.9750841750841751
Model size: (6, 13)
Validation fitness: 0.9649266485185116 
Elapsed: 3.8481404781341553

*** Epoch 1, batch 255/520 ***
Training fitness: 0.9604942894589029
Model size: (9, 16)
Validation fitness: 0.9593920001478131 
Elapsed: 3.725468635559082

*** Epoch 1, batch 256/520 ***
Training fitness: 0.9772167487684729
Model size: (7, 15)
Validation fitness: 0.9661280509532622 
Elapsed: 3.6492443084716797

*** Epoch 1, batch 257/520 ***
Training fitness: 0.9794721407624634
Model size: (7, 15)
Validation fitness: 0.9661280509532622 
Elapsed: 3.6777701377868652

*** Epoch 1, batch 258/520 ***
Training fitness: 0.9796442325325508
Model size: (12, 18)
Validation fitness: 0.9619092941253412 
Elapsed: 3.861642837524414

*** Epoch 1, batch 259/520 ***
Training fitness: 0.9599875737806773
Model size: (7, 15)
Validation fitness: 0.9661280509532622 
Elapsed: 3.637897253036499

*** Epoch 1, batch 260/520 ***
Training fitness: 0.9535723024223146
Model size: (14, 27)
Validation fitness: 0.9643431316653337 
Elapsed: 4.187278985977173

*** Epoch 1, batch 261/520 ***
Training fitness: 0.9614844656045902
Model size: (7, 10)
Validation fitness: 0.9391358048316676 
Elapsed: 3.744227170944214

*** Epoch 1, batch 262/520 ***
Training fitness: 0.9709444580376805
Model size: (7, 14)
Validation fitness: 0.964892692214858 
Elapsed: 3.905855894088745

*** Epoch 1, batch 263/520 ***
Training fitness: 0.9742476143870811
Model size: (7, 14)
Validation fitness: 0.9664652494212855 
Elapsed: 3.498608350753784

*** Epoch 1, batch 264/520 ***
Training fitness: 0.9651759530791789
Model size: (7, 14)
Validation fitness: 0.9658433862322136 
Elapsed: 3.87546706199646

*** Epoch 1, batch 265/520 ***
Training fitness: 0.9787741619770003
Model size: (5, 14)
Validation fitness: 0.9579118994032635 
Elapsed: 3.7459137439727783

*** Epoch 1, batch 266/520 ***
Training fitness: 0.9772671114405733
Model size: (12, 23)
Validation fitness: 0.9596022451156446 
Elapsed: 3.923513650894165

*** Epoch 1, batch 267/520 ***
Training fitness: 0.9689258624908246
Model size: (7, 14)
Validation fitness: 0.9664652494212855 
Elapsed: 3.6308484077453613

*** Epoch 1, batch 268/520 ***
Training fitness: 0.9693565499594334
Model size: (13, 26)
Validation fitness: 0.967794100265917 
Elapsed: 4.1117212772369385

*** Epoch 1, batch 269/520 ***
Training fitness: 0.9660238751147843
Model size: (13, 26)
Validation fitness: 0.967794100265917 
Elapsed: 4.276120901107788

*** Epoch 1, batch 270/520 ***
Training fitness: 0.9713215426185213
Model size: (7, 14)
Validation fitness: 0.9592591168963489 
Elapsed: 4.156820297241211

*** Epoch 1, batch 271/520 ***
Training fitness: 0.983089133089133
Model size: (10, 19)
Validation fitness: 0.9553750198330475 
Elapsed: 4.296905279159546

*** Epoch 1, batch 272/520 ***
Training fitness: 0.972410425441006
Model size: (13, 26)
Validation fitness: 0.9666816166052686 
Elapsed: 4.19268798828125

*** Epoch 1, batch 273/520 ***
Training fitness: 0.9727183753364326
Model size: (16, 37)
Validation fitness: 0.949930591665633 
Elapsed: 4.395998954772949

*** Epoch 1, batch 274/520 ***
Training fitness: 0.9725190839694656
Model size: (10, 19)
Validation fitness: 0.9553750198330475 
Elapsed: 4.492190361022949

*** Epoch 1, batch 275/520 ***
Training fitness: 0.9693540494250061
Model size: (11, 20)
Validation fitness: 0.9644164149592649 
Elapsed: 4.536055088043213

*** Epoch 1, batch 276/520 ***
Training fitness: 0.9712601326455417
Model size: (8, 16)
Validation fitness: 0.9655639363928871 
Elapsed: 4.038657903671265

*** Epoch 1, batch 277/520 ***
Training fitness: 0.9629426129426129
Model size: (11, 20)
Validation fitness: 0.9644164149592649 
Elapsed: 4.668108701705933

*** Epoch 1, batch 278/520 ***
Training fitness: 0.9839608203244568
Model size: (13, 26)
Validation fitness: 0.964059951673352 
Elapsed: 4.123894214630127

*** Epoch 1, batch 279/520 ***
Training fitness: 0.9851102941176472
Model size: (8, 16)
Validation fitness: 0.9655639363928871 
Elapsed: 3.9940807819366455

*** Epoch 1, batch 280/520 ***
Training fitness: 0.9715686274509805
Model size: (13, 26)
Validation fitness: 0.964059951673352 
Elapsed: 4.115785360336304

*** Epoch 1, batch 281/520 ***
Training fitness: 0.9650917658730158
Model size: (16, 37)
Validation fitness: 0.9551364367030303 
Elapsed: 4.419503211975098

*** Epoch 1, batch 282/520 ***
Training fitness: 0.9810791015625
Model size: (12, 23)
Validation fitness: 0.9629405209470709 
Elapsed: 3.9737648963928223

*** Epoch 1, batch 283/520 ***
Training fitness: 0.968
Model size: (12, 23)
Validation fitness: 0.9653585946969732 
Elapsed: 3.849839925765991

*** Epoch 1, batch 284/520 ***
Training fitness: 0.9706744868035191
Model size: (8, 14)
Validation fitness: 0.9644750159324259 
Elapsed: 3.8725385665893555

*** Epoch 1, batch 285/520 ***
Training fitness: 0.9719169719169719
Model size: (8, 14)
Validation fitness: 0.9644750159324259 
Elapsed: 3.623897075653076

*** Epoch 1, batch 286/520 ***
Training fitness: 0.9639194139194138
Model size: (12, 23)
Validation fitness: 0.9653585946969732 
Elapsed: 3.7782599925994873

*** Epoch 1, batch 287/520 ***
Training fitness: 0.9738625954198472
Model size: (9, 16)
Validation fitness: 0.9630190832776835 
Elapsed: 3.767723798751831

*** Epoch 1, batch 288/520 ***
Training fitness: 0.983582364877329
Model size: (15, 29)
Validation fitness: 0.9658630726398381 
Elapsed: 3.952991008758545

*** Epoch 1, batch 289/520 ***
Training fitness: 0.9821854912764003
Model size: (10, 17)
Validation fitness: 0.9600124152677953 
Elapsed: 3.6575241088867188

*** Epoch 1, batch 290/520 ***
Training fitness: 0.9561737103600565
Model size: (15, 29)
Validation fitness: 0.9658630726398381 
Elapsed: 4.070405006408691

*** Epoch 1, batch 291/520 ***
Training fitness: 0.9862637362637363
Model size: (9, 17)
Validation fitness: 0.9518617292716425 
Elapsed: 3.820852279663086

*** Epoch 1, batch 292/520 ***
Training fitness: 0.9871794871794872
Model size: (15, 29)
Validation fitness: 0.9658630726398381 
Elapsed: 4.034162759780884

*** Epoch 1, batch 293/520 ***
Training fitness: 0.9861827560795873
Model size: (6, 11)
Validation fitness: 0.9640167845504886 
Elapsed: 3.5088095664978027

*** Epoch 1, batch 294/520 ***
Training fitness: 0.9548611111111112
Model size: (6, 11)
Validation fitness: 0.9640167845504886 
Elapsed: 3.4583816528320312

*** Epoch 1, batch 295/520 ***
Training fitness: 0.9831257783312578
Model size: (6, 11)
Validation fitness: 0.9640167845504886 
Elapsed: 3.6305930614471436

*** Epoch 1, batch 296/520 ***
Training fitness: 0.9650956659942539
Model size: (7, 12)
Validation fitness: 0.9613337691471393 
Elapsed: 3.5801799297332764

*** Epoch 1, batch 297/520 ***
Training fitness: 0.9600451608856551
Model size: (10, 21)
Validation fitness: 0.9608969563567374 
Elapsed: 3.939523935317993

*** Epoch 1, batch 298/520 ***
Training fitness: 0.9758326688339569
Model size: (5, 10)
Validation fitness: 0.9576983642025003 
Elapsed: 3.515218496322632

*** Epoch 1, batch 299/520 ***
Training fitness: 0.9691158156911581
Model size: (11, 22)
Validation fitness: 0.9477904372010195 
Elapsed: 3.935612201690674

*** Epoch 1, batch 300/520 ***
Training fitness: 0.9596946564885497
Model size: (6, 11)
Validation fitness: 0.9640167845504886 
Elapsed: 3.50738263130188

*** Epoch 1, batch 301/520 ***
Training fitness: 0.9605792437650845
Model size: (15, 27)
Validation fitness: 0.9587393059181227 
Elapsed: 3.8441879749298096

*** Epoch 1, batch 302/520 ***
Training fitness: 0.9726412213740457
Model size: (10, 22)
Validation fitness: 0.9578675041711722 
Elapsed: 3.5228731632232666

*** Epoch 1, batch 303/520 ***
Training fitness: 0.9675755342667649
Model size: (9, 18)
Validation fitness: 0.9570952342616518 
Elapsed: 3.984210252761841

*** Epoch 1, batch 304/520 ***
Training fitness: 0.980510752688172
Model size: (11, 19)
Validation fitness: 0.9594961694723281 
Elapsed: 3.8907628059387207

*** Epoch 1, batch 305/520 ***
Training fitness: 0.9519536019536019
Model size: (4, 9)
Validation fitness: 0.9600112788085096 
Elapsed: 3.4239768981933594

*** Epoch 1, batch 306/520 ***
Training fitness: 0.9750961362387841
Model size: (9, 18)
Validation fitness: 0.9585456587548572 
Elapsed: 3.9502830505371094

*** Epoch 1, batch 307/520 ***
Training fitness: 0.9647167487684729
Model size: (9, 18)
Validation fitness: 0.9585456587548572 
Elapsed: 2.972611665725708

*** Epoch 1, batch 308/520 ***
Training fitness: 0.969415218987032
Model size: (6, 13)
Validation fitness: 0.9629141807536294 
Elapsed: 1.9111378192901611

*** Epoch 1, batch 309/520 ***
Training fitness: 0.9745343511450383
Model size: (6, 14)
Validation fitness: 0.9647280064333862 
Elapsed: 2.0411391258239746

*** Epoch 1, batch 310/520 ***
Training fitness: 0.9852605612087574
Model size: (10, 19)
Validation fitness: 0.9617776481480994 
Elapsed: 2.149338722229004

*** Epoch 1, batch 311/520 ***
Training fitness: 0.9553571428571429
Model size: (6, 14)
Validation fitness: 0.9647280064333862 
Elapsed: 2.07718825340271

*** Epoch 1, batch 312/520 ***
Training fitness: 0.9581798084008842
Model size: (10, 19)
Validation fitness: 0.9625219006702325 
Elapsed: 2.0797994136810303

*** Epoch 1, batch 313/520 ***
Training fitness: 0.966275659824047
Model size: (10, 19)
Validation fitness: 0.9625219006702325 
Elapsed: 2.1526474952697754

*** Epoch 1, batch 314/520 ***
Training fitness: 0.9651945192072424
Model size: (11, 19)
Validation fitness: 0.9579120460431713 
Elapsed: 2.143455743789673

*** Epoch 1, batch 315/520 ***
Training fitness: 0.9742692213215427
Model size: (10, 19)
Validation fitness: 0.9592041177659234 
Elapsed: 2.1778788566589355

*** Epoch 1, batch 316/520 ***
Training fitness: 0.9534812641359496
Model size: (11, 18)
Validation fitness: 0.9566431434258544 
Elapsed: 2.203972339630127

*** Epoch 1, batch 317/520 ***
Training fitness: 0.9700547254504089
Model size: (4, 9)
Validation fitness: 0.9658178708882537 
Elapsed: 2.079207420349121

*** Epoch 1, batch 318/520 ***
Training fitness: 0.9655130318012574
Model size: (4, 9)
Validation fitness: 0.9658178708882537 
Elapsed: 2.0759811401367188

*** Epoch 1, batch 319/520 ***
Training fitness: 0.9815879618301934
Model size: (10, 19)
Validation fitness: 0.9625219006702325 
Elapsed: 2.0396482944488525

*** Epoch 1, batch 320/520 ***
Training fitness: 0.9678876678876678
Model size: (5, 10)
Validation fitness: 0.9508402631687769 
Elapsed: 2.024968385696411

*** Epoch 1, batch 321/520 ***
Training fitness: 0.9717117230132346
Model size: (4, 9)
Validation fitness: 0.9554371218340076 
Elapsed: 1.9539403915405273

*** Epoch 1, batch 322/520 ***
Training fitness: 0.979002624671916
Model size: (11, 21)
Validation fitness: 0.9606930443999246 
Elapsed: 2.0989325046539307

*** Epoch 1, batch 323/520 ***
Training fitness: 0.97310243183493
Model size: (11, 21)
Validation fitness: 0.9606930443999246 
Elapsed: 2.349039316177368

*** Epoch 1, batch 324/520 ***
Training fitness: 0.9844362745098039
Model size: (11, 16)
Validation fitness: 0.9538450890148232 
Elapsed: 1.8954308032989502

*** Epoch 1, batch 325/520 ***
Training fitness: 0.9733870475492888
Model size: (4, 9)
Validation fitness: 0.9658178708882537 
Elapsed: 1.899296760559082

*** Epoch 1, batch 326/520 ***
Training fitness: 0.9384117682964048
Model size: (10, 19)
Validation fitness: 0.9625219006702325 
Elapsed: 1.933593511581421

*** Epoch 1, batch 327/520 ***
Training fitness: 0.9788353315390262
Model size: (10, 19)
Validation fitness: 0.9625219006702325 
Elapsed: 1.8642151355743408

*** Epoch 1, batch 328/520 ***
Training fitness: 0.9607142857142857
Model size: (4, 7)
Validation fitness: 0.9606435534310365 
Elapsed: 1.8091187477111816

*** Epoch 1, batch 329/520 ***
Training fitness: 0.965634164222874
Model size: (10, 19)
Validation fitness: 0.9625219006702325 
Elapsed: 1.9216763973236084

*** Epoch 1, batch 330/520 ***
Training fitness: 0.9514234766033327
Model size: (4, 7)
Validation fitness: 0.9606435534310365 
Elapsed: 1.8102502822875977

*** Epoch 1, batch 331/520 ***
Training fitness: 0.9756708845283941
Model size: (7, 15)
Validation fitness: 0.9552667537561078 
Elapsed: 1.8634133338928223

*** Epoch 1, batch 332/520 ***
Training fitness: 0.9595922602697919
Model size: (3, 7)
Validation fitness: 0.9580654313867472 
Elapsed: 1.8231430053710938

*** Epoch 1, batch 333/520 ***
Training fitness: 0.9706896551724138
Model size: (4, 7)
Validation fitness: 0.9606435534310365 
Elapsed: 1.823777437210083

*** Epoch 1, batch 334/520 ***
Training fitness: 0.9752505687757486
Model size: (10, 19)
Validation fitness: 0.9625219006702325 
Elapsed: 1.999722957611084

*** Epoch 1, batch 335/520 ***
Training fitness: 0.9442401960784313
Model size: (12, 18)
Validation fitness: 0.9643704066881875 
Elapsed: 1.8577773571014404

*** Epoch 1, batch 336/520 ***
Training fitness: 0.968987963645296
Model size: (4, 8)
Validation fitness: 0.9679095975233105 
Elapsed: 1.8062825202941895

*** Epoch 1, batch 337/520 ***
Training fitness: 0.974899784150478
Model size: (4, 8)
Validation fitness: 0.9679095975233105 
Elapsed: 1.789431095123291

*** Epoch 1, batch 338/520 ***
Training fitness: 0.9746146317592367
Model size: (4, 8)
Validation fitness: 0.9679095975233105 
Elapsed: 1.8020784854888916

*** Epoch 1, batch 339/520 ***
Training fitness: 0.9708294788775824
Model size: (13, 17)
Validation fitness: 0.9599809793375571 
Elapsed: 1.8333747386932373

*** Epoch 1, batch 340/520 ***
Training fitness: 0.962355686563498
Model size: (4, 8)
Validation fitness: 0.9679095975233105 
Elapsed: 1.878861904144287

*** Epoch 1, batch 341/520 ***
Training fitness: 0.9595436324390997
Model size: (13, 17)
Validation fitness: 0.9599809793375571 
Elapsed: 3.3920395374298096

*** Epoch 1, batch 342/520 ***
Training fitness: 0.9693304007820137
Model size: (4, 8)
Validation fitness: 0.9679095975233105 
Elapsed: 3.4645230770111084

*** Epoch 1, batch 343/520 ***
Training fitness: 0.9676808406647116
Model size: (4, 9)
Validation fitness: 0.9669474197681741 
Elapsed: 3.3889312744140625

*** Epoch 1, batch 344/520 ***
Training fitness: 0.9620601173020528
Model size: (4, 8)
Validation fitness: 0.9679095975233105 
Elapsed: 3.4367711544036865

*** Epoch 1, batch 345/520 ***
Training fitness: 0.9752565982404692
Model size: (4, 7)
Validation fitness: 0.9607250118998285 
Elapsed: 3.4335813522338867

*** Epoch 1, batch 346/520 ***
Training fitness: 0.9612824427480916
Model size: (4, 6)
Validation fitness: 0.9601729676368655 
Elapsed: 3.418701410293579

*** Epoch 1, batch 347/520 ***
Training fitness: 0.9717338217338218
Model size: (6, 10)
Validation fitness: 0.9539295719317138 
Elapsed: 3.6904120445251465

*** Epoch 1, batch 348/520 ***
Training fitness: 0.975566037735849
Model size: (15, 22)
Validation fitness: 0.9651337498933195 
Elapsed: 3.683283805847168

*** Epoch 1, batch 349/520 ***
Training fitness: 0.9754013306476226
Model size: (15, 22)
Validation fitness: 0.9651337498933195 
Elapsed: 3.677551746368408

*** Epoch 1, batch 350/520 ***
Training fitness: 0.9613057032825967
Model size: (15, 22)
Validation fitness: 0.9651337498933195 
Elapsed: 3.556884288787842

*** Epoch 1, batch 351/520 ***
Training fitness: 0.9793040293040293
Model size: (4, 9)
Validation fitness: 0.9669474197681741 
Elapsed: 3.6239840984344482

*** Epoch 1, batch 352/520 ***
Training fitness: 0.9557132370932224
Model size: (15, 23)
Validation fitness: 0.9649355752229001 
Elapsed: 3.7364330291748047

*** Epoch 1, batch 353/520 ***
Training fitness: 0.9871653156472611
Model size: (15, 23)
Validation fitness: 0.9649355752229001 
Elapsed: 3.6491262912750244

*** Epoch 1, batch 354/520 ***
Training fitness: 0.9684274809160305
Model size: (4, 9)
Validation fitness: 0.9669474197681741 
Elapsed: 2.3636419773101807

*** Epoch 1, batch 355/520 ***
Training fitness: 0.9809995112414468
Model size: (4, 9)
Validation fitness: 0.9669474197681741 
Elapsed: 1.9121668338775635

*** Epoch 1, batch 356/520 ***
Training fitness: 0.98638916015625
Model size: (15, 22)
Validation fitness: 0.9595151226804132 
Elapsed: 1.917452096939087

*** Epoch 1, batch 357/520 ***
Training fitness: 0.9598386209426005
Model size: (5, 6)
Validation fitness: 0.9490484793001639 
Elapsed: 1.8812613487243652

*** Epoch 1, batch 358/520 ***
Training fitness: 0.9749618320610687
Model size: (4, 7)
Validation fitness: 0.9607250118998285 
Elapsed: 1.8277819156646729

*** Epoch 1, batch 359/520 ***
Training fitness: 0.9692213740458016
Model size: (8, 17)
Validation fitness: 0.9511367782273757 
Elapsed: 2.1115171909332275

*** Epoch 1, batch 360/520 ***
Training fitness: 0.9791245791245791
Model size: (3, 5)
Validation fitness: 0.9565277744783798 
Elapsed: 1.8312289714813232

*** Epoch 1, batch 361/520 ***
Training fitness: 0.9688112745098039
Model size: (8, 16)
Validation fitness: 0.9602251531140598 
Elapsed: 2.0567128658294678

*** Epoch 1, batch 362/520 ***
Training fitness: 0.9736568986568986
Model size: (6, 13)
Validation fitness: 0.9481805818407589 
Elapsed: 1.9476301670074463

*** Epoch 1, batch 363/520 ***
Training fitness: 0.958289498112507
Model size: (7, 11)
Validation fitness: 0.9632024564824078 
Elapsed: 1.8893921375274658

*** Epoch 1, batch 364/520 ***
Training fitness: 0.9700152671755725
Model size: (6, 10)
Validation fitness: 0.9539295719317138 
Elapsed: 1.9964468479156494

*** Epoch 1, batch 365/520 ***
Training fitness: 0.9787741619770003
Model size: (7, 12)
Validation fitness: 0.9637965680689254 
Elapsed: 1.7756397724151611

*** Epoch 1, batch 366/520 ***
Training fitness: 0.9835725190839695
Model size: (5, 7)
Validation fitness: 0.9570204845686425 
Elapsed: 1.8277709484100342

*** Epoch 1, batch 367/520 ***
Training fitness: 0.9530000610388818
Model size: (7, 11)
Validation fitness: 0.9607187430437696 
Elapsed: 1.8326551914215088

*** Epoch 1, batch 368/520 ***
Training fitness: 0.9443968681184243
Model size: (7, 11)
Validation fitness: 0.9607187430437696 
Elapsed: 1.902358055114746

*** Epoch 1, batch 369/520 ***
Training fitness: 0.9697857535249954
Model size: (5, 9)
Validation fitness: 0.9568610319988808 
Elapsed: 1.9244847297668457

*** Epoch 1, batch 370/520 ***
Training fitness: 0.9834503816793894
Model size: (4, 7)
Validation fitness: 0.9607250118998285 
Elapsed: 2.0183260440826416

*** Epoch 1, batch 371/520 ***
Training fitness: 0.9835043988269794
Model size: (7, 16)
Validation fitness: 0.9601009124521624 
Elapsed: 1.8436253070831299

*** Epoch 1, batch 372/520 ***
Training fitness: 0.9785714285714286
Model size: (8, 9)
Validation fitness: 0.9580835689103452 
Elapsed: 1.915973424911499

*** Epoch 1, batch 373/520 ***
Training fitness: 0.9664306640625
Model size: (5, 9)
Validation fitness: 0.9532627086209309 
Elapsed: 1.8260419368743896

*** Epoch 1, batch 374/520 ***
Training fitness: 0.9632439099599136
Model size: (7, 12)
Validation fitness: 0.9614126247575676 
Elapsed: 1.9147231578826904

*** Epoch 1, batch 375/520 ***
Training fitness: 0.9652173913043478
Model size: (9, 13)
Validation fitness: 0.9563879716562655 
Elapsed: 1.945812702178955

*** Epoch 1, batch 376/520 ***
Training fitness: 0.9708091603053435
Model size: (7, 12)
Validation fitness: 0.9614126247575676 
Elapsed: 1.8618574142456055

*** Epoch 1, batch 377/520 ***
Training fitness: 0.9545656450282378
Model size: (7, 9)
Validation fitness: 0.9578954665685939 
Elapsed: 1.8367931842803955

*** Epoch 1, batch 378/520 ***
Training fitness: 0.9733300709566919
Model size: (10, 12)
Validation fitness: 0.9545360654254478 
Elapsed: 1.9752225875854492

*** Epoch 1, batch 379/520 ***
Training fitness: 0.9695580414450762
Model size: (10, 18)
Validation fitness: 0.9542643141812815 
Elapsed: 2.0644941329956055

*** Epoch 1, batch 380/520 ***
Training fitness: 0.9766178266178266
Model size: (8, 13)
Validation fitness: 0.9634414062121943 
Elapsed: 1.9463059902191162

*** Epoch 1, batch 381/520 ***
Training fitness: 0.9642945391648134
Model size: (8, 14)
Validation fitness: 0.9656825314183333 
Elapsed: 1.8853161334991455

*** Epoch 1, batch 382/520 ***
Training fitness: 0.9816345270890725
Model size: (8, 14)
Validation fitness: 0.9656825314183333 
Elapsed: 1.9196689128875732

*** Epoch 1, batch 383/520 ***
Training fitness: 0.9703006825308983
Model size: (8, 13)
Validation fitness: 0.9634414062121943 
Elapsed: 1.9907894134521484

*** Epoch 1, batch 384/520 ***
Training fitness: 0.9765073912776789
Model size: (6, 9)
Validation fitness: 0.9549088882260766 
Elapsed: 1.8716411590576172

*** Epoch 1, batch 385/520 ***
Training fitness: 0.9817927170868347
Model size: (6, 14)
Validation fitness: 0.9474699923424641 
Elapsed: 1.9533915519714355

*** Epoch 1, batch 386/520 ***
Training fitness: 0.9769672531769306
Model size: (7, 16)
Validation fitness: 0.957007781886628 
Elapsed: 2.1236917972564697

*** Epoch 1, batch 387/520 ***
Training fitness: 0.9669169260819142
Model size: (7, 15)
Validation fitness: 0.965911262179544 
Elapsed: 2.165860652923584

*** Epoch 1, batch 388/520 ***
Training fitness: 0.9587324981577009
Model size: (8, 17)
Validation fitness: 0.9558608745076198 
Elapsed: 2.14461612701416

*** Epoch 1, batch 389/520 ***
Training fitness: 0.9817824940195056
Model size: (8, 14)
Validation fitness: 0.9638814909055397 
Elapsed: 1.9883160591125488

*** Epoch 1, batch 390/520 ***
Training fitness: 0.9536714887383263
Model size: (10, 15)
Validation fitness: 0.9673327069609671 
Elapsed: 2.1796066761016846

*** Epoch 1, batch 391/520 ***
Training fitness: 0.977587786259542
Model size: (8, 12)
Validation fitness: 0.9599085758830729 
Elapsed: 2.122365951538086

*** Epoch 1, batch 392/520 ***
Training fitness: 0.9625970798384592
Model size: (8, 13)
Validation fitness: 0.9586026925140034 
Elapsed: 2.0619139671325684

*** Epoch 1, batch 393/520 ***
Training fitness: 0.9726966636057546
Model size: (11, 17)
Validation fitness: 0.9572046276328828 
Elapsed: 2.0785741806030273

*** Epoch 1, batch 394/520 ***
Training fitness: 0.9725801526717557
Model size: (8, 14)
Validation fitness: 0.9636592031352784 
Elapsed: 2.191551685333252

*** Epoch 1, batch 395/520 ***
Training fitness: 0.9703206106870229
Model size: (6, 9)
Validation fitness: 0.9583744658274758 
Elapsed: 2.008171319961548

*** Epoch 1, batch 396/520 ***
Training fitness: 0.975096136238784
Model size: (7, 11)
Validation fitness: 0.9570082218063515 
Elapsed: 1.9920709133148193

*** Epoch 1, batch 397/520 ***
Training fitness: 0.9655235650100862
Model size: (8, 14)
Validation fitness: 0.9584521483186413 
Elapsed: 2.0830860137939453

*** Epoch 1, batch 398/520 ***
Training fitness: 0.9736312030763596
Model size: (6, 13)
Validation fitness: 0.9621717062403785 
Elapsed: 2.110365629196167

*** Epoch 1, batch 399/520 ***
Training fitness: 0.98175048828125
Model size: (10, 14)
Validation fitness: 0.9635217832116661 
Elapsed: 2.1240649223327637

*** Epoch 1, batch 400/520 ***
Training fitness: 0.9510498046875
Model size: (9, 17)
Validation fitness: 0.9634914654107252 
Elapsed: 2.143357515335083

*** Epoch 1, batch 401/520 ***
Training fitness: 0.973186409550046
Model size: (8, 14)
Validation fitness: 0.9636592031352784 
Elapsed: 2.097989559173584

*** Epoch 1, batch 402/520 ***
Training fitness: 0.9673992673992673
Model size: (8, 14)
Validation fitness: 0.9617318598368837 
Elapsed: 2.135843515396118

*** Epoch 1, batch 403/520 ***
Training fitness: 0.9724269221321543
Model size: (12, 22)
Validation fitness: 0.96104430196911 
Elapsed: 2.2913899421691895

*** Epoch 1, batch 404/520 ***
Training fitness: 0.9761119257086999
Model size: (12, 22)
Validation fitness: 0.96104430196911 
Elapsed: 2.351944923400879

*** Epoch 1, batch 405/520 ***
Training fitness: 0.9705232129697863
Model size: (9, 10)
Validation fitness: 0.966102572269279 
Elapsed: 1.884352445602417

*** Epoch 1, batch 406/520 ***
Training fitness: 0.9632982627844384
Model size: (10, 16)
Validation fitness: 0.9582963159216039 
Elapsed: 2.1741349697113037

*** Epoch 1, batch 407/520 ***
Training fitness: 0.97125244140625
Model size: (12, 23)
Validation fitness: 0.9648023895266258 
Elapsed: 2.215834617614746

*** Epoch 1, batch 408/520 ***
Training fitness: 0.9662571061800843
Model size: (7, 11)
Validation fitness: 0.9494190016872389 
Elapsed: 1.9336936473846436

*** Epoch 1, batch 409/520 ***
Training fitness: 0.980972906403941
Model size: (7, 14)
Validation fitness: 0.9552044043003033 
Elapsed: 2.128566026687622

*** Epoch 1, batch 410/520 ***
Training fitness: 0.9663911845730028
Model size: (7, 10)
Validation fitness: 0.963418530386575 
Elapsed: 2.0718705654144287

*** Epoch 1, batch 411/520 ***
Training fitness: 0.9804534313725489
Model size: (7, 10)
Validation fitness: 0.963418530386575 
Elapsed: 2.0731825828552246

*** Epoch 1, batch 412/520 ***
Training fitness: 0.9532774153463809
Model size: (12, 23)
Validation fitness: 0.9648023895266258 
Elapsed: 2.375318765640259

*** Epoch 1, batch 413/520 ***
Training fitness: 0.9676369442397446
Model size: (9, 10)
Validation fitness: 0.966102572269279 
Elapsed: 2.0381927490234375

*** Epoch 1, batch 414/520 ***
Training fitness: 0.9742290076335878
Model size: (12, 23)
Validation fitness: 0.9648023895266258 
Elapsed: 2.225179433822632

*** Epoch 1, batch 415/520 ***
Training fitness: 0.9661348493184181
Model size: (8, 14)
Validation fitness: 0.9584993663689584 
Elapsed: 2.0531163215637207

*** Epoch 1, batch 416/520 ***
Training fitness: 0.9719094094094094
Model size: (7, 13)
Validation fitness: 0.9557508854117633 
Elapsed: 1.9655823707580566

*** Epoch 1, batch 417/520 ***
Training fitness: 0.982851817334576
Model size: (9, 10)
Validation fitness: 0.966102572269279 
Elapsed: 1.874366044998169

*** Epoch 1, batch 418/520 ***
Training fitness: 0.9535649702919142
Model size: (14, 21)
Validation fitness: 0.9587297010041609 
Elapsed: 1.9202632904052734

*** Epoch 1, batch 419/520 ***
Training fitness: 0.9819295748499288
Model size: (8, 10)
Validation fitness: 0.9547543297632382 
Elapsed: 1.9380977153778076

*** Epoch 1, batch 420/520 ***
Training fitness: 0.9803418803418803
Model size: (9, 10)
Validation fitness: 0.966102572269279 
Elapsed: 1.9159669876098633

*** Epoch 1, batch 421/520 ***
Training fitness: 0.9854117072575231
Model size: (8, 14)
Validation fitness: 0.9584993663689584 
Elapsed: 2.0060017108917236

*** Epoch 1, batch 422/520 ***
Training fitness: 0.9820458015267175
Model size: (8, 14)
Validation fitness: 0.9584993663689584 
Elapsed: 2.0756115913391113

*** Epoch 1, batch 423/520 ***
Training fitness: 0.9832720588235293
Model size: (10, 18)
Validation fitness: 0.9525541079263856 
Elapsed: 1.9588682651519775

*** Epoch 1, batch 424/520 ***
Training fitness: 0.9802877257422712
Model size: (8, 10)
Validation fitness: 0.9686447858661419 
Elapsed: 1.9909675121307373

*** Epoch 1, batch 425/520 ***
Training fitness: 0.9559771825396826
Model size: (8, 10)
Validation fitness: 0.9686447858661419 
Elapsed: 1.9189088344573975

*** Epoch 1, batch 426/520 ***
Training fitness: 0.9763169138741378
Model size: (9, 10)
Validation fitness: 0.966102572269279 
Elapsed: 1.8827195167541504

*** Epoch 1, batch 427/520 ***
Training fitness: 0.957499382258463
Model size: (8, 10)
Validation fitness: 0.9686447858661419 
Elapsed: 1.8711440563201904

*** Epoch 1, batch 428/520 ***
Training fitness: 0.96905517578125
Model size: (8, 10)
Validation fitness: 0.9686447858661419 
Elapsed: 1.8894970417022705

*** Epoch 1, batch 429/520 ***
Training fitness: 0.9719975490196079
Model size: (8, 10)
Validation fitness: 0.9686447858661419 
Elapsed: 1.967085599899292

*** Epoch 1, batch 430/520 ***
Training fitness: 0.9622536945812807
Model size: (10, 18)
Validation fitness: 0.9590414391181897 
Elapsed: 2.0006818771362305

*** Epoch 1, batch 431/520 ***
Training fitness: 0.9677734375
Model size: (6, 8)
Validation fitness: 0.9521895519505601 
Elapsed: 1.9249937534332275

*** Epoch 1, batch 432/520 ***
Training fitness: 0.9588522588522589
Model size: (8, 10)
Validation fitness: 0.9686447858661419 
Elapsed: 2.0725064277648926

*** Epoch 1, batch 433/520 ***
Training fitness: 0.9635849056603774
Model size: (8, 10)
Validation fitness: 0.9686447858661419 
Elapsed: 1.9723410606384277

*** Epoch 1, batch 434/520 ***
Training fitness: 0.9619295634920635
Model size: (8, 10)
Validation fitness: 0.9686447858661419 
Elapsed: 1.9148144721984863

*** Epoch 1, batch 435/520 ***
Training fitness: 0.9732600732600734
Model size: (9, 11)
Validation fitness: 0.9667484294132674 
Elapsed: 1.938838005065918

*** Epoch 1, batch 436/520 ***
Training fitness: 0.9681918277465134
Model size: (12, 23)
Validation fitness: 0.958221850343416 
Elapsed: 2.274099588394165

*** Epoch 1, batch 437/520 ***
Training fitness: 0.9779265873015872
Model size: (12, 17)
Validation fitness: 0.9645270456047179 
Elapsed: 1.9842545986175537

*** Epoch 1, batch 438/520 ***
Training fitness: 0.9663865546218486
Model size: (9, 14)
Validation fitness: 0.9611732992630171 
Elapsed: 1.9946532249450684

*** Epoch 1, batch 439/520 ***
Training fitness: 0.9844632768361583
Model size: (13, 20)
Validation fitness: 0.9547960304870233 
Elapsed: 1.8074989318847656

*** Epoch 1, batch 440/520 ***
Training fitness: 0.9590229007633588
Model size: (7, 15)
Validation fitness: 0.9632085420385822 
Elapsed: 1.9553425312042236

*** Epoch 1, batch 441/520 ***
Training fitness: 0.9732649697857535
Model size: (7, 15)
Validation fitness: 0.9610298945981668 
Elapsed: 1.9987215995788574

*** Epoch 1, batch 442/520 ***
Training fitness: 0.9681282240235815
Model size: (7, 15)
Validation fitness: 0.9632085420385822 
Elapsed: 1.9223864078521729

*** Epoch 1, batch 443/520 ***
Training fitness: 0.968131868131868
Model size: (11, 16)
Validation fitness: 0.957885751674701 
Elapsed: 2.0639235973358154

*** Epoch 1, batch 444/520 ***
Training fitness: 0.9844208211143695
Model size: (7, 15)
Validation fitness: 0.9632085420385822 
Elapsed: 1.9386281967163086

*** Epoch 1, batch 445/520 ***
Training fitness: 0.9557682682682682
Model size: (8, 16)
Validation fitness: 0.9632816786926057 
Elapsed: 1.9911296367645264

*** Epoch 1, batch 446/520 ***
Training fitness: 0.9747549019607844
Model size: (8, 14)
Validation fitness: 0.953340372782108 
Elapsed: 1.7505571842193604

*** Epoch 1, batch 447/520 ***
Training fitness: 0.9901245169600688
Model size: (10, 14)
Validation fitness: 0.9582055733136483 
Elapsed: 1.863109827041626

*** Epoch 1, batch 448/520 ***
Training fitness: 0.9661679389312977
Model size: (11, 20)
Validation fitness: 0.9513785874353649 
Elapsed: 1.8831496238708496

*** Epoch 1, batch 449/520 ***
Training fitness: 0.9582713293650793
Model size: (7, 16)
Validation fitness: 0.9627687322950642 
Elapsed: 1.8617455959320068

*** Epoch 1, batch 450/520 ***
Training fitness: 0.9614234267228225
Model size: (5, 7)
Validation fitness: 0.9564957886484874 
Elapsed: 1.7308032512664795

*** Epoch 1, batch 451/520 ***
Training fitness: 0.9521002210759026
Model size: (12, 19)
Validation fitness: 0.9576587530974014 
Elapsed: 1.935856819152832

*** Epoch 1, batch 452/520 ***
Training fitness: 0.974549048678033
Model size: (12, 19)
Validation fitness: 0.9576587530974014 
Elapsed: 1.842240333557129

*** Epoch 1, batch 453/520 ***
Training fitness: 0.9614937251300888
Model size: (12, 19)
Validation fitness: 0.9576587530974014 
Elapsed: 1.9671499729156494

*** Epoch 1, batch 454/520 ***
Training fitness: 0.9750933997509341
Model size: (12, 22)
Validation fitness: 0.958627502153407 
Elapsed: 1.7805595397949219

*** Epoch 1, batch 455/520 ***
Training fitness: 0.9613269794721409
Model size: (6, 9)
Validation fitness: 0.9585824378767362 
Elapsed: 1.6562321186065674

*** Epoch 1, batch 456/520 ***
Training fitness: 0.9643362233290291
Model size: (5, 7)
Validation fitness: 0.9564957886484874 
Elapsed: 1.6867852210998535

*** Epoch 1, batch 457/520 ***
Training fitness: 0.9782382786233877
Model size: (6, 9)
Validation fitness: 0.9585824378767362 
Elapsed: 1.7422046661376953

*** Epoch 1, batch 458/520 ***
Training fitness: 0.9684113865932048
Model size: (6, 9)
Validation fitness: 0.9585824378767362 
Elapsed: 1.7786142826080322

*** Epoch 1, batch 459/520 ***
Training fitness: 0.9699507389162562
Model size: (6, 9)
Validation fitness: 0.9585824378767362 
Elapsed: 1.6298694610595703

*** Epoch 1, batch 460/520 ***
Training fitness: 0.962491418585783
Model size: (7, 10)
Validation fitness: 0.9582958485068979 
Elapsed: 1.732217788696289

*** Epoch 1, batch 461/520 ***
Training fitness: 0.9671610816089848
Model size: (6, 9)
Validation fitness: 0.9585824378767362 
Elapsed: 1.6538994312286377

*** Epoch 1, batch 462/520 ***
Training fitness: 0.9561950146627567
Model size: (6, 8)
Validation fitness: 0.9602182976983693 
Elapsed: 1.6499557495117188

*** Epoch 1, batch 463/520 ***
Training fitness: 0.958004768017605
Model size: (11, 15)
Validation fitness: 0.9575952396873286 
Elapsed: 1.6313183307647705

*** Epoch 1, batch 464/520 ***
Training fitness: 0.9643206256109482
Model size: (8, 15)
Validation fitness: 0.9487329468785202 
Elapsed: 1.8875343799591064

*** Epoch 1, batch 465/520 ***
Training fitness: 0.9709799608993157
Model size: (10, 16)
Validation fitness: 0.9590300378653569 
Elapsed: 1.739485263824463

*** Epoch 1, batch 466/520 ***
Training fitness: 0.9724590566153469
Model size: (6, 9)
Validation fitness: 0.9585824378767362 
Elapsed: 1.8042187690734863

*** Epoch 1, batch 467/520 ***
Training fitness: 0.9807786784573815
Model size: (7, 10)
Validation fitness: 0.9642583921286044 
Elapsed: 1.765376091003418

*** Epoch 1, batch 468/520 ***
Training fitness: 0.9788797061524335
Model size: (10, 17)
Validation fitness: 0.9458807273515397 
Elapsed: 1.9488654136657715

*** Epoch 1, batch 469/520 ***
Training fitness: 0.973592517880066
Model size: (12, 19)
Validation fitness: 0.961333714157174 
Elapsed: 1.7343645095825195

*** Epoch 1, batch 470/520 ***
Training fitness: 0.9660539215686275
Model size: (13, 19)
Validation fitness: 0.956486513674318 
Elapsed: 1.7493133544921875

*** Epoch 1, batch 471/520 ***
Training fitness: 0.9834193072955049
Model size: (12, 19)
Validation fitness: 0.955198557033979 
Elapsed: 1.6727485656738281

*** Epoch 1, batch 472/520 ***
Training fitness: 0.9728646315140302
Model size: (9, 14)
Validation fitness: 0.9597498198528733 
Elapsed: 1.6134755611419678

*** Epoch 1, batch 473/520 ***
Training fitness: 0.9636975818794
Model size: (10, 19)
Validation fitness: 0.9570630651318747 
Elapsed: 2.015342950820923

*** Epoch 1, batch 474/520 ***
Training fitness: 0.9694805591161569
Model size: (14, 23)
Validation fitness: 0.955196247455431 
Elapsed: 1.6614007949829102

*** Epoch 1, batch 475/520 ***
Training fitness: 0.96942138671875
Model size: (12, 19)
Validation fitness: 0.961333714157174 
Elapsed: 1.7257554531097412

*** Epoch 1, batch 476/520 ***
Training fitness: 0.9627052432399439
Model size: (12, 20)
Validation fitness: 0.9611102349376619 
Elapsed: 1.6878454685211182

*** Epoch 1, batch 477/520 ***
Training fitness: 0.9723039215686274
Model size: (9, 14)
Validation fitness: 0.9597498198528733 
Elapsed: 1.644578456878662

*** Epoch 1, batch 478/520 ***
Training fitness: 0.9632403420083631
Model size: (10, 18)
Validation fitness: 0.9567161700999469 
Elapsed: 1.624002456665039

*** Epoch 1, batch 479/520 ***
Training fitness: 0.9668866080156404
Model size: (8, 11)
Validation fitness: 0.9433293579254325 
Elapsed: 1.6489794254302979

*** Epoch 1, batch 480/520 ***
Training fitness: 0.973172987974098
Model size: (12, 20)
Validation fitness: 0.9618377705103041 
Elapsed: 1.6901614665985107

*** Epoch 1, batch 481/520 ***
Training fitness: 0.9555759803921569
Model size: (13, 21)
Validation fitness: 0.9617845585537552 
Elapsed: 1.4707717895507812

*** Epoch 1, batch 482/520 ***
Training fitness: 0.9596532991515596
Model size: (13, 19)
Validation fitness: 0.9617358007844063 
Elapsed: 1.4645533561706543

*** Epoch 1, batch 483/520 ***
Training fitness: 0.9787990196078431
Model size: (11, 17)
Validation fitness: 0.9605724147457572 
Elapsed: 1.613666296005249

*** Epoch 1, batch 484/520 ***
Training fitness: 0.9652824633503037
Model size: (11, 20)
Validation fitness: 0.9640813794298817 
Elapsed: 1.5842735767364502

*** Epoch 1, batch 485/520 ***
Training fitness: 0.974908424908425
Model size: (9, 17)
Validation fitness: 0.9594822203510971 
Elapsed: 1.6489484310150146

*** Epoch 1, batch 486/520 ***
Training fitness: 0.9641685747880437
Model size: (11, 20)
Validation fitness: 0.9640813794298817 
Elapsed: 1.5633139610290527

*** Epoch 1, batch 487/520 ***
Training fitness: 0.9746376811594204
Model size: (8, 15)
Validation fitness: 0.9549427895397649 
Elapsed: 1.619607925415039

*** Epoch 1, batch 488/520 ***
Training fitness: 0.9718128224023581
Model size: (7, 13)
Validation fitness: 0.9553725636145916 
Elapsed: 1.4709067344665527

*** Epoch 1, batch 489/520 ***
Training fitness: 0.9858757062146893
Model size: (7, 15)
Validation fitness: 0.9524444579353161 
Elapsed: 1.5188493728637695

*** Epoch 1, batch 490/520 ***
Training fitness: 0.9423899371069183
Model size: (16, 27)
Validation fitness: 0.9560916307325572 
Elapsed: 1.5726971626281738

*** Epoch 1, batch 491/520 ***
Training fitness: 0.9875909285408644
Model size: (11, 18)
Validation fitness: 0.9595870220602143 
Elapsed: 1.477658987045288

*** Epoch 1, batch 492/520 ***
Training fitness: 0.974193947645275
Model size: (9, 13)
Validation fitness: 0.9598166693208491 
Elapsed: 1.6187012195587158

*** Epoch 1, batch 493/520 ***
Training fitness: 0.9541718555417186
Model size: (12, 19)
Validation fitness: 0.9602320268597387 
Elapsed: 1.5367519855499268

*** Epoch 1, batch 494/520 ***
Training fitness: 0.9751571751205519
Model size: (9, 13)
Validation fitness: 0.9594309147133497 
Elapsed: 1.5338914394378662

*** Epoch 1, batch 495/520 ***
Training fitness: 0.9525735294117647
Model size: (9, 13)
Validation fitness: 0.9599833255760821 
Elapsed: 1.6500897407531738

*** Epoch 1, batch 496/520 ***
Training fitness: 0.9678199404761905
Model size: (9, 10)
Validation fitness: 0.9603034771548221 
Elapsed: 1.491844892501831

*** Epoch 1, batch 497/520 ***
Training fitness: 0.9528169443935787
Model size: (11, 13)
Validation fitness: 0.9580620311738847 
Elapsed: 1.5588090419769287

*** Epoch 1, batch 498/520 ***
Training fitness: 0.9593939765687297
Model size: (9, 13)
Validation fitness: 0.9599833255760821 
Elapsed: 1.6980421543121338

*** Epoch 1, batch 499/520 ***
Training fitness: 0.9596552356501009
Model size: (15, 22)
Validation fitness: 0.9589972180209887 
Elapsed: 1.6334729194641113

*** Epoch 1, batch 500/520 ***
Training fitness: 0.9559299273637307
Model size: (13, 16)
Validation fitness: 0.9622423316859806 
Elapsed: 1.554696798324585

*** Epoch 1, batch 501/520 ***
Training fitness: 0.9533700980392157
Model size: (11, 11)
Validation fitness: 0.9622189792806608 
Elapsed: 1.5567419528961182

*** Epoch 1, batch 502/520 ***
Training fitness: 0.9683009559050262
Model size: (11, 12)
Validation fitness: 0.9621491786845403 
Elapsed: 1.6096105575561523

*** Epoch 1, batch 503/520 ***
Training fitness: 0.9737373737373737
Model size: (14, 19)
Validation fitness: 0.953512317239017 
Elapsed: 1.4407086372375488

*** Epoch 1, batch 504/520 ***
Training fitness: 0.9592777085927771
Model size: (7, 13)
Validation fitness: 0.9589438685895265 
Elapsed: 1.4900987148284912

*** Epoch 1, batch 505/520 ***
Training fitness: 0.978476719087265
Model size: (12, 15)
Validation fitness: 0.9596014019361748 
Elapsed: 1.6359565258026123

*** Epoch 1, batch 506/520 ***
Training fitness: 0.9640415140415141
Model size: (12, 15)
Validation fitness: 0.9596014019361748 
Elapsed: 1.6878056526184082

*** Epoch 1, batch 507/520 ***
Training fitness: 0.9693627450980392
Model size: (6, 13)
Validation fitness: 0.9602759821721066 
Elapsed: 1.3828752040863037

*** Epoch 1, batch 508/520 ***
Training fitness: 0.9569404404097406
Model size: (6, 13)
Validation fitness: 0.960189354646564 
Elapsed: 1.43922758102417

*** Epoch 1, batch 509/520 ***
Training fitness: 0.9633229415000917
Model size: (6, 13)
Validation fitness: 0.9563806213308863 
Elapsed: 1.4983229637145996

*** Epoch 1, batch 510/520 ***
Training fitness: 0.9732866617538689
Model size: (6, 13)
Validation fitness: 0.959800263981162 
Elapsed: 1.5433716773986816

*** Epoch 1, batch 511/520 ***
Training fitness: 0.9560661764705882
Model size: (10, 12)
Validation fitness: 0.9607387593911864 
Elapsed: 1.4469006061553955

*** Epoch 1, batch 512/520 ***
Training fitness: 0.9774156137459562
Model size: (10, 12)
Validation fitness: 0.9607387593911864 
Elapsed: 1.4439668655395508

*** Epoch 1, batch 513/520 ***
Training fitness: 0.97636975818794
Model size: (10, 12)
Validation fitness: 0.9607387593911864 
Elapsed: 1.5404942035675049

*** Epoch 1, batch 514/520 ***
Training fitness: 0.9822290076335878
Model size: (6, 13)
Validation fitness: 0.9636430177554534 
Elapsed: 1.4853565692901611

*** Epoch 1, batch 515/520 ***
Training fitness: 0.9680759803921568
Model size: (11, 13)
Validation fitness: 0.9640710413163806 
Elapsed: 1.5640647411346436

*** Epoch 1, batch 516/520 ***
Training fitness: 0.9642485460667279
Model size: (11, 13)
Validation fitness: 0.9640710413163806 
Elapsed: 1.5432255268096924

*** Epoch 1, batch 517/520 ***
Training fitness: 0.9471726190476191
Model size: (11, 13)
Validation fitness: 0.9640710413163806 
Elapsed: 1.4951579570770264

*** Epoch 1, batch 518/520 ***
Training fitness: 0.9822303921568627
Model size: (7, 13)
Validation fitness: 0.9596754367596334 
Elapsed: 1.5750153064727783

*** Epoch 1, batch 519/520 ***
Training fitness: 0.9684726048362413
Model size: (12, 15)
Validation fitness: 0.9644671523673695 
Elapsed: 1.613588809967041

*** Epoch 1, batch 520/520 ***
Training fitness: 0.9549606299212599
Model size: (8, 10)
Validation fitness: 0.9416136893339704 
Elapsed: 1.6230788230895996

Total train time: 1413.910936832428
Test time: 0.5051627159118652
Test fitness: 0.9698234698550693
Test statistics: Stats(total=14791, total_true=7158, total_false=7633, true_positive=6628, true_negative=6568, false_positive=1065, false_negative=530, tpr=0.9259569712210115, tnr=0.8604742565177519, ppv=0.8615624593786559, npv=0.925331079177233, accuracy=0.8921641538773578, f1=0.8925998249276142, mcc=0.7866623491856005)
