Configuration:
Dataset: nsl_kdd
Selector: pca
Fold: 4
Fitness: f1
Batch size: 256
Epochs: 1
Config args: {}
*** Epoch 1, batch 1/520 ***
Training fitness: 0.8702928870292888
Model size: (1, 12)
Validation fitness: 0.8429327286470144 !!!
Elapsed: 1.9837000370025635

*** Epoch 1, batch 2/520 ***
Training fitness: 0.9083969465648855
Model size: (2, 13)
Validation fitness: 0.8852023888520238 !!!
Elapsed: 1.961594581604004

*** Epoch 1, batch 3/520 ***
Training fitness: 0.9116279069767442
Model size: (1, 12)
Validation fitness: 0.9023540883131356 !!!
Elapsed: 1.9869999885559082

*** Epoch 1, batch 4/520 ***
Training fitness: 0.8839285714285714
Model size: (2, 12)
Validation fitness: 0.8978778930018543 
Elapsed: 2.061406373977661

*** Epoch 1, batch 5/520 ***
Training fitness: 0.9026548672566371
Model size: (2, 11)
Validation fitness: 0.8995780590717299 
Elapsed: 2.0880892276763916

*** Epoch 1, batch 6/520 ***
Training fitness: 0.9453125
Model size: (1, 11)
Validation fitness: 0.9098509126375923 !!!
Elapsed: 1.9670536518096924

*** Epoch 1, batch 7/520 ***
Training fitness: 0.9082969432314411
Model size: (2, 11)
Validation fitness: 0.8957726465364121 
Elapsed: 2.064218282699585

*** Epoch 1, batch 8/520 ***
Training fitness: 0.9402985074626866
Model size: (2, 10)
Validation fitness: 0.8903815153143472 
Elapsed: 2.0168673992156982

*** Epoch 1, batch 9/520 ***
Training fitness: 0.928
Model size: (2, 11)
Validation fitness: 0.9058807364660622 
Elapsed: 2.015934467315674

*** Epoch 1, batch 10/520 ***
Training fitness: 0.9029126213592233
Model size: (2, 12)
Validation fitness: 0.8923032532640842 
Elapsed: 2.037177324295044

*** Epoch 1, batch 11/520 ***
Training fitness: 0.9124423963133641
Model size: (3, 8)
Validation fitness: 0.9031430404105195 
Elapsed: 1.9816405773162842

*** Epoch 1, batch 12/520 ***
Training fitness: 0.8909090909090909
Model size: (2, 11)
Validation fitness: 0.9013190378782535 
Elapsed: 1.9733355045318604

*** Epoch 1, batch 13/520 ***
Training fitness: 0.9387755102040817
Model size: (1, 9)
Validation fitness: 0.9158267880725655 !!!
Elapsed: 1.9096040725708008

*** Epoch 1, batch 14/520 ***
Training fitness: 0.9276595744680851
Model size: (3, 12)
Validation fitness: 0.9151416564999322 
Elapsed: 1.9912660121917725

*** Epoch 1, batch 15/520 ***
Training fitness: 0.9321266968325792
Model size: (3, 10)
Validation fitness: 0.9105063633901976 
Elapsed: 2.1439599990844727

*** Epoch 1, batch 16/520 ***
Training fitness: 0.8979591836734694
Model size: (3, 10)
Validation fitness: 0.9237557870370371 !!!
Elapsed: 2.03293776512146

*** Epoch 1, batch 17/520 ***
Training fitness: 0.9344978165938864
Model size: (3, 10)
Validation fitness: 0.9237557870370371 
Elapsed: 2.010427713394165

*** Epoch 1, batch 18/520 ***
Training fitness: 0.9407114624505929
Model size: (4, 11)
Validation fitness: 0.9296261614924728 !!!
Elapsed: 2.020773410797119

*** Epoch 1, batch 19/520 ***
Training fitness: 0.9237668161434978
Model size: (4, 11)
Validation fitness: 0.9296261614924728 
Elapsed: 1.9935369491577148

*** Epoch 1, batch 20/520 ***
Training fitness: 0.9279279279279279
Model size: (1, 5)
Validation fitness: 0.8931608133086876 
Elapsed: 1.9434864521026611

*** Epoch 1, batch 21/520 ***
Training fitness: 0.9641434262948207
Model size: (4, 11)
Validation fitness: 0.9296261614924728 
Elapsed: 2.076925754547119

*** Epoch 1, batch 22/520 ***
Training fitness: 0.9504132231404959
Model size: (3, 8)
Validation fitness: 0.9131837210898359 
Elapsed: 2.0184755325317383

*** Epoch 1, batch 23/520 ***
Training fitness: 0.9395348837209302
Model size: (4, 11)
Validation fitness: 0.9296261614924728 
Elapsed: 2.1593005657196045

*** Epoch 1, batch 24/520 ***
Training fitness: 0.9531914893617022
Model size: (4, 11)
Validation fitness: 0.9296261614924728 
Elapsed: 2.1482760906219482

*** Epoch 1, batch 25/520 ***
Training fitness: 0.9473684210526315
Model size: (4, 11)
Validation fitness: 0.9296261614924728 
Elapsed: 2.2527008056640625

*** Epoch 1, batch 26/520 ***
Training fitness: 0.9345794392523364
Model size: (4, 11)
Validation fitness: 0.9296261614924728 
Elapsed: 2.1664745807647705

*** Epoch 1, batch 27/520 ***
Training fitness: 0.9307692307692308
Model size: (4, 10)
Validation fitness: 0.9172375227177408 
Elapsed: 2.147174596786499

*** Epoch 1, batch 28/520 ***
Training fitness: 0.9209302325581395
Model size: (4, 11)
Validation fitness: 0.9296261614924728 
Elapsed: 2.2018749713897705

*** Epoch 1, batch 29/520 ***
Training fitness: 0.9437229437229437
Model size: (3, 9)
Validation fitness: 0.9164073243106319 
Elapsed: 2.1509430408477783

*** Epoch 1, batch 30/520 ***
Training fitness: 0.9603174603174603
Model size: (6, 14)
Validation fitness: 0.9231870570549073 
Elapsed: 2.2409350872039795

*** Epoch 1, batch 31/520 ***
Training fitness: 0.9184549356223176
Model size: (4, 11)
Validation fitness: 0.9296261614924728 
Elapsed: 2.2544870376586914

*** Epoch 1, batch 32/520 ***
Training fitness: 0.95
Model size: (4, 11)
Validation fitness: 0.9296261614924728 
Elapsed: 2.250079870223999

*** Epoch 1, batch 33/520 ***
Training fitness: 0.9279279279279279
Model size: (5, 12)
Validation fitness: 0.9296525875738793 !!!
Elapsed: 2.3417134284973145

*** Epoch 1, batch 34/520 ***
Training fitness: 0.9367088607594937
Model size: (5, 14)
Validation fitness: 0.9303716360529688 !!!
Elapsed: 2.570202112197876

*** Epoch 1, batch 35/520 ***
Training fitness: 0.9402390438247012
Model size: (5, 11)
Validation fitness: 0.904445073612684 
Elapsed: 2.312767744064331

*** Epoch 1, batch 36/520 ***
Training fitness: 0.9578544061302682
Model size: (5, 12)
Validation fitness: 0.9296525875738793 
Elapsed: 2.237112283706665

*** Epoch 1, batch 37/520 ***
Training fitness: 0.9206349206349206
Model size: (3, 9)
Validation fitness: 0.9092573037662794 
Elapsed: 2.1283328533172607

*** Epoch 1, batch 38/520 ***
Training fitness: 0.9230769230769231
Model size: (5, 12)
Validation fitness: 0.9296525875738793 
Elapsed: 2.3112072944641113

*** Epoch 1, batch 39/520 ***
Training fitness: 0.9416666666666667
Model size: (4, 9)
Validation fitness: 0.9075499682180945 
Elapsed: 2.268186569213867

*** Epoch 1, batch 40/520 ***
Training fitness: 0.9344262295081968
Model size: (4, 8)
Validation fitness: 0.9233128834355828 
Elapsed: 2.3416671752929688

*** Epoch 1, batch 41/520 ***
Training fitness: 0.936
Model size: (5, 12)
Validation fitness: 0.9296525875738793 
Elapsed: 2.379213571548462

*** Epoch 1, batch 42/520 ***
Training fitness: 0.932806324110672
Model size: (4, 8)
Validation fitness: 0.9233128834355828 
Elapsed: 2.2766473293304443

*** Epoch 1, batch 43/520 ***
Training fitness: 0.9375
Model size: (5, 12)
Validation fitness: 0.9296525875738793 
Elapsed: 2.334510326385498

*** Epoch 1, batch 44/520 ***
Training fitness: 0.9461538461538461
Model size: (5, 12)
Validation fitness: 0.9296525875738793 
Elapsed: 2.396406888961792

*** Epoch 1, batch 45/520 ***
Training fitness: 0.9369369369369369
Model size: (4, 11)
Validation fitness: 0.9167820548324563 
Elapsed: 2.3999414443969727

*** Epoch 1, batch 46/520 ***
Training fitness: 0.9166666666666666
Model size: (5, 12)
Validation fitness: 0.9296525875738793 
Elapsed: 2.327784776687622

*** Epoch 1, batch 47/520 ***
Training fitness: 0.918918918918919
Model size: (5, 11)
Validation fitness: 0.9100361010830325 
Elapsed: 2.3962762355804443

*** Epoch 1, batch 48/520 ***
Training fitness: 0.9244444444444444
Model size: (6, 14)
Validation fitness: 0.9231870570549073 
Elapsed: 2.4478812217712402

*** Epoch 1, batch 49/520 ***
Training fitness: 0.9411764705882353
Model size: (4, 8)
Validation fitness: 0.9233128834355828 
Elapsed: 2.313335418701172

*** Epoch 1, batch 50/520 ***
Training fitness: 0.98
Model size: (5, 12)
Validation fitness: 0.9296525875738793 
Elapsed: 2.3848772048950195

*** Epoch 1, batch 51/520 ***
Training fitness: 0.9196428571428571
Model size: (5, 12)
Validation fitness: 0.9296525875738793 
Elapsed: 2.4268088340759277

*** Epoch 1, batch 52/520 ***
Training fitness: 0.9402985074626866
Model size: (7, 18)
Validation fitness: 0.9024520970119255 
Elapsed: 2.255723237991333

*** Epoch 1, batch 53/520 ***
Training fitness: 0.9206349206349206
Model size: (5, 15)
Validation fitness: 0.9091032979013355 
Elapsed: 2.354367733001709

*** Epoch 1, batch 54/520 ***
Training fitness: 0.8990825688073395
Model size: (5, 12)
Validation fitness: 0.9296525875738793 
Elapsed: 2.424419641494751

*** Epoch 1, batch 55/520 ***
Training fitness: 0.9375
Model size: (6, 14)
Validation fitness: 0.9231870570549073 
Elapsed: 2.497858762741089

*** Epoch 1, batch 56/520 ***
Training fitness: 0.91324200913242
Model size: (5, 12)
Validation fitness: 0.9296525875738793 
Elapsed: 2.3843414783477783

*** Epoch 1, batch 57/520 ***
Training fitness: 0.9156626506024096
Model size: (6, 15)
Validation fitness: 0.9160011016248967 
Elapsed: 2.3191142082214355

*** Epoch 1, batch 58/520 ***
Training fitness: 0.9487179487179487
Model size: (3, 12)
Validation fitness: 0.9197526476650792 
Elapsed: 2.2624423503875732

*** Epoch 1, batch 59/520 ***
Training fitness: 0.926829268292683
Model size: (5, 13)
Validation fitness: 0.9277658815132048 
Elapsed: 2.375495672225952

*** Epoch 1, batch 60/520 ***
Training fitness: 0.9113924050632911
Model size: (4, 8)
Validation fitness: 0.9147988305721844 
Elapsed: 2.180405855178833

*** Epoch 1, batch 61/520 ***
Training fitness: 0.9158878504672897
Model size: (5, 11)
Validation fitness: 0.9100361010830325 
Elapsed: 2.421567678451538

*** Epoch 1, batch 62/520 ***
Training fitness: 0.9437229437229437
Model size: (5, 12)
Validation fitness: 0.9296525875738793 
Elapsed: 2.3923823833465576

*** Epoch 1, batch 63/520 ***
Training fitness: 0.9375
Model size: (5, 12)
Validation fitness: 0.9296525875738793 
Elapsed: 2.426384210586548

*** Epoch 1, batch 64/520 ***
Training fitness: 0.9210526315789473
Model size: (6, 13)
Validation fitness: 0.8984962406015038 
Elapsed: 2.444650411605835

*** Epoch 1, batch 65/520 ***
Training fitness: 0.9402390438247012
Model size: (5, 12)
Validation fitness: 0.928709055876686 
Elapsed: 2.3054957389831543

*** Epoch 1, batch 66/520 ***
Training fitness: 0.9082969432314411
Model size: (5, 12)
Validation fitness: 0.9296525875738793 
Elapsed: 2.4459598064422607

*** Epoch 1, batch 67/520 ***
Training fitness: 0.9298245614035088
Model size: (5, 13)
Validation fitness: 0.9232551404575732 
Elapsed: 2.49900221824646

*** Epoch 1, batch 68/520 ***
Training fitness: 0.9515418502202643
Model size: (8, 17)
Validation fitness: 0.881694763538714 
Elapsed: 2.2217390537261963

*** Epoch 1, batch 69/520 ***
Training fitness: 0.9300411522633745
Model size: (5, 12)
Validation fitness: 0.9296525875738793 
Elapsed: 2.3565967082977295

*** Epoch 1, batch 70/520 ***
Training fitness: 0.933920704845815
Model size: (5, 12)
Validation fitness: 0.9296525875738793 
Elapsed: 2.3771910667419434

*** Epoch 1, batch 71/520 ***
Training fitness: 0.8906882591093117
Model size: (5, 12)
Validation fitness: 0.9296525875738793 
Elapsed: 2.375808000564575

*** Epoch 1, batch 72/520 ***
Training fitness: 0.9357798165137615
Model size: (8, 14)
Validation fitness: 0.9104789341015485 
Elapsed: 2.55271053314209

*** Epoch 1, batch 73/520 ***
Training fitness: 0.9159663865546218
Model size: (6, 13)
Validation fitness: 0.9169154591130853 
Elapsed: 2.499248743057251

*** Epoch 1, batch 74/520 ***
Training fitness: 0.9090909090909091
Model size: (5, 12)
Validation fitness: 0.9296525875738793 
Elapsed: 2.4225008487701416

*** Epoch 1, batch 75/520 ***
Training fitness: 0.9243697478991597
Model size: (5, 10)
Validation fitness: 0.9107254860965921 
Elapsed: 2.535878896713257

*** Epoch 1, batch 76/520 ***
Training fitness: 0.9288389513108615
Model size: (5, 10)
Validation fitness: 0.9107254860965921 
Elapsed: 2.4466049671173096

*** Epoch 1, batch 77/520 ***
Training fitness: 0.9317269076305221
Model size: (5, 10)
Validation fitness: 0.9180165523095424 
Elapsed: 2.357665777206421

*** Epoch 1, batch 78/520 ***
Training fitness: 0.9367088607594937
Model size: (5, 11)
Validation fitness: 0.918448359913643 
Elapsed: 2.405226707458496

*** Epoch 1, batch 79/520 ***
Training fitness: 0.9004329004329005
Model size: (2, 7)
Validation fitness: 0.9112726275370269 
Elapsed: 2.2468926906585693

*** Epoch 1, batch 80/520 ***
Training fitness: 0.9193548387096774
Model size: (6, 16)
Validation fitness: 0.9152776817207275 
Elapsed: 2.456028699874878

*** Epoch 1, batch 81/520 ***
Training fitness: 0.9300411522633745
Model size: (6, 13)
Validation fitness: 0.9085160492130043 
Elapsed: 2.266146659851074

*** Epoch 1, batch 82/520 ***
Training fitness: 0.9321266968325792
Model size: (6, 10)
Validation fitness: 0.911559029206088 
Elapsed: 2.2902748584747314

*** Epoch 1, batch 83/520 ***
Training fitness: 0.9230769230769231
Model size: (7, 13)
Validation fitness: 0.9091163898815781 
Elapsed: 2.376351833343506

*** Epoch 1, batch 84/520 ***
Training fitness: 0.9451476793248945
Model size: (5, 10)
Validation fitness: 0.9153640332347557 
Elapsed: 2.224635124206543

*** Epoch 1, batch 85/520 ***
Training fitness: 0.9356223175965666
Model size: (9, 17)
Validation fitness: 0.9215811510893478 
Elapsed: 2.487386465072632

*** Epoch 1, batch 86/520 ***
Training fitness: 0.8942307692307693
Model size: (5, 9)
Validation fitness: 0.9116022099447514 
Elapsed: 2.3490371704101562

*** Epoch 1, batch 87/520 ***
Training fitness: 0.9380530973451328
Model size: (6, 12)
Validation fitness: 0.9087970770095559 
Elapsed: 2.452816963195801

*** Epoch 1, batch 88/520 ***
Training fitness: 0.9338842975206612
Model size: (6, 12)
Validation fitness: 0.9067307692307692 
Elapsed: 2.334468364715576

*** Epoch 1, batch 89/520 ***
Training fitness: 0.9083665338645418
Model size: (6, 10)
Validation fitness: 0.911559029206088 
Elapsed: 2.4366111755371094

*** Epoch 1, batch 90/520 ***
Training fitness: 0.9282296650717703
Model size: (4, 11)
Validation fitness: 0.9018795111841635 
Elapsed: 2.2577064037323

*** Epoch 1, batch 91/520 ***
Training fitness: 0.9322709163346613
Model size: (6, 12)
Validation fitness: 0.9129642606867554 
Elapsed: 2.3275556564331055

*** Epoch 1, batch 92/520 ***
Training fitness: 0.924812030075188
Model size: (9, 20)
Validation fitness: 0.9237032357689338 
Elapsed: 2.446131467819214

*** Epoch 1, batch 93/520 ***
Training fitness: 0.9490196078431372
Model size: (7, 15)
Validation fitness: 0.9149242476177418 
Elapsed: 2.365255832672119

*** Epoch 1, batch 94/520 ***
Training fitness: 0.9098712446351931
Model size: (12, 28)
Validation fitness: 0.9223519482346322 
Elapsed: 2.546058416366577

*** Epoch 1, batch 95/520 ***
Training fitness: 0.9098360655737705
Model size: (9, 20)
Validation fitness: 0.9237032357689338 
Elapsed: 2.4676363468170166

*** Epoch 1, batch 96/520 ***
Training fitness: 0.9402390438247012
Model size: (4, 10)
Validation fitness: 0.9137954891379549 
Elapsed: 2.2293832302093506

*** Epoch 1, batch 97/520 ***
Training fitness: 0.9397590361445783
Model size: (6, 10)
Validation fitness: 0.9138287605128912 
Elapsed: 2.272266387939453

*** Epoch 1, batch 98/520 ***
Training fitness: 0.9191489361702128
Model size: (7, 18)
Validation fitness: 0.913295605393698 
Elapsed: 2.3775229454040527

*** Epoch 1, batch 99/520 ***
Training fitness: 0.9210526315789473
Model size: (5, 14)
Validation fitness: 0.9117731309080492 
Elapsed: 2.4483654499053955

*** Epoch 1, batch 100/520 ***
Training fitness: 0.9137931034482759
Model size: (8, 18)
Validation fitness: 0.9168040128986027 
Elapsed: 2.3930954933166504

*** Epoch 1, batch 101/520 ***
Training fitness: 0.9218106995884774
Model size: (9, 20)
Validation fitness: 0.9067321178120618 
Elapsed: 2.4366509914398193

*** Epoch 1, batch 102/520 ***
Training fitness: 0.925
Model size: (3, 6)
Validation fitness: 0.9056216659827657 
Elapsed: 2.3039283752441406

*** Epoch 1, batch 103/520 ***
Training fitness: 0.9285714285714286
Model size: (8, 18)
Validation fitness: 0.9168040128986027 
Elapsed: 2.4870874881744385

*** Epoch 1, batch 104/520 ***
Training fitness: 0.9298245614035088
Model size: (4, 12)
Validation fitness: 0.9159593710866842 
Elapsed: 2.392190456390381

*** Epoch 1, batch 105/520 ***
Training fitness: 0.9176470588235294
Model size: (6, 15)
Validation fitness: 0.9107602420532795 
Elapsed: 2.468639612197876

*** Epoch 1, batch 106/520 ***
Training fitness: 0.9288702928870293
Model size: (7, 17)
Validation fitness: 0.9189501843684477 
Elapsed: 2.4419875144958496

*** Epoch 1, batch 107/520 ***
Training fitness: 0.9029126213592233
Model size: (7, 13)
Validation fitness: 0.9183472006769144 
Elapsed: 2.4530580043792725

*** Epoch 1, batch 108/520 ***
Training fitness: 0.9344978165938864
Model size: (8, 19)
Validation fitness: 0.9235023041474655 
Elapsed: 2.5511837005615234

*** Epoch 1, batch 109/520 ***
Training fitness: 0.904
Model size: (8, 15)
Validation fitness: 0.9089417555373257 
Elapsed: 2.5042271614074707

*** Epoch 1, batch 110/520 ***
Training fitness: 0.9727626459143969
Model size: (8, 19)
Validation fitness: 0.9235023041474655 
Elapsed: 2.4950530529022217

*** Epoch 1, batch 111/520 ***
Training fitness: 0.9193548387096774
Model size: (8, 19)
Validation fitness: 0.9235023041474655 
Elapsed: 2.575653076171875

*** Epoch 1, batch 112/520 ***
Training fitness: 0.940677966101695
Model size: (7, 17)
Validation fitness: 0.9163429522752498 
Elapsed: 2.513134241104126

*** Epoch 1, batch 113/520 ***
Training fitness: 0.9137931034482759
Model size: (8, 20)
Validation fitness: 0.8652827487473157 
Elapsed: 2.5390303134918213

*** Epoch 1, batch 114/520 ***
Training fitness: 0.9488372093023256
Model size: (8, 19)
Validation fitness: 0.9235023041474655 
Elapsed: 2.4664735794067383

*** Epoch 1, batch 115/520 ***
Training fitness: 0.9382716049382716
Model size: (8, 19)
Validation fitness: 0.9235023041474655 
Elapsed: 2.4474287033081055

*** Epoch 1, batch 116/520 ***
Training fitness: 0.9421487603305785
Model size: (8, 19)
Validation fitness: 0.9235023041474655 
Elapsed: 2.57832932472229

*** Epoch 1, batch 117/520 ***
Training fitness: 0.9356223175965666
Model size: (8, 19)
Validation fitness: 0.9235023041474655 
Elapsed: 2.5689947605133057

*** Epoch 1, batch 118/520 ***
Training fitness: 0.9017857142857143
Model size: (8, 19)
Validation fitness: 0.9235023041474655 
Elapsed: 2.5367982387542725

*** Epoch 1, batch 119/520 ***
Training fitness: 0.9369369369369369
Model size: (8, 19)
Validation fitness: 0.9235023041474655 
Elapsed: 2.5381762981414795

*** Epoch 1, batch 120/520 ***
Training fitness: 0.9124423963133641
Model size: (8, 19)
Validation fitness: 0.9235023041474655 
Elapsed: 2.5195188522338867

*** Epoch 1, batch 121/520 ***
Training fitness: 0.9009009009009009
Model size: (13, 23)
Validation fitness: 0.9163535142658316 
Elapsed: 2.582245349884033

*** Epoch 1, batch 122/520 ***
Training fitness: 0.9122807017543859
Model size: (11, 21)
Validation fitness: 0.9141316371681416 
Elapsed: 2.5329301357269287

*** Epoch 1, batch 123/520 ***
Training fitness: 0.8852459016393442
Model size: (9, 21)
Validation fitness: 0.9251949146589872 
Elapsed: 2.571166515350342

*** Epoch 1, batch 124/520 ***
Training fitness: 0.9256198347107438
Model size: (8, 19)
Validation fitness: 0.9235023041474655 
Elapsed: 2.622170925140381

*** Epoch 1, batch 125/520 ***
Training fitness: 0.9032258064516129
Model size: (6, 14)
Validation fitness: 0.9117746175102783 
Elapsed: 2.415573835372925

*** Epoch 1, batch 126/520 ***
Training fitness: 0.9223744292237442
Model size: (9, 21)
Validation fitness: 0.9251949146589872 
Elapsed: 2.5866379737854004

*** Epoch 1, batch 127/520 ***
Training fitness: 0.9105691056910569
Model size: (9, 16)
Validation fitness: 0.9076943808112115 
Elapsed: 2.3259787559509277

*** Epoch 1, batch 128/520 ***
Training fitness: 0.9429657794676806
Model size: (4, 9)
Validation fitness: 0.910071687131805 
Elapsed: 2.335878372192383

*** Epoch 1, batch 129/520 ***
Training fitness: 0.9285714285714286
Model size: (5, 11)
Validation fitness: 0.92689556509299 
Elapsed: 2.4032704830169678

*** Epoch 1, batch 130/520 ***
Training fitness: 0.9344262295081968
Model size: (5, 11)
Validation fitness: 0.92689556509299 
Elapsed: 2.3918542861938477

*** Epoch 1, batch 131/520 ***
Training fitness: 0.9178743961352657
Model size: (6, 12)
Validation fitness: 0.9189970373581906 
Elapsed: 2.4240598678588867

*** Epoch 1, batch 132/520 ***
Training fitness: 0.9367088607594937
Model size: (5, 11)
Validation fitness: 0.9199859501229364 
Elapsed: 2.5281989574432373

*** Epoch 1, batch 133/520 ***
Training fitness: 0.9317269076305221
Model size: (5, 10)
Validation fitness: 0.9242819843342036 
Elapsed: 2.419023036956787

*** Epoch 1, batch 134/520 ***
Training fitness: 0.9205020920502092
Model size: (4, 9)
Validation fitness: 0.9199738808677356 
Elapsed: 2.390979051589966

*** Epoch 1, batch 135/520 ***
Training fitness: 0.8942307692307693
Model size: (6, 12)
Validation fitness: 0.9189970373581906 
Elapsed: 2.456953287124634

*** Epoch 1, batch 136/520 ***
Training fitness: 0.9205020920502092
Model size: (4, 9)
Validation fitness: 0.9199738808677356 
Elapsed: 2.3704614639282227

*** Epoch 1, batch 137/520 ***
Training fitness: 0.9163346613545816
Model size: (7, 13)
Validation fitness: 0.9066794942275975 
Elapsed: 2.401277780532837

*** Epoch 1, batch 138/520 ***
Training fitness: 0.9358490566037736
Model size: (4, 9)
Validation fitness: 0.9199738808677356 
Elapsed: 2.455087184906006

*** Epoch 1, batch 139/520 ***
Training fitness: 0.9304347826086956
Model size: (5, 7)
Validation fitness: 0.9259285461620091 
Elapsed: 2.424877882003784

*** Epoch 1, batch 140/520 ***
Training fitness: 0.9224489795918367
Model size: (8, 13)
Validation fitness: 0.908735696343846 
Elapsed: 2.406247615814209

*** Epoch 1, batch 141/520 ***
Training fitness: 0.9420849420849421
Model size: (5, 7)
Validation fitness: 0.9259285461620091 
Elapsed: 2.474208354949951

*** Epoch 1, batch 142/520 ***
Training fitness: 0.9289099526066351
Model size: (4, 9)
Validation fitness: 0.9199738808677356 
Elapsed: 2.6372783184051514

*** Epoch 1, batch 143/520 ***
Training fitness: 0.9465020576131687
Model size: (9, 15)
Validation fitness: 0.9098022776496891 
Elapsed: 2.465033769607544

*** Epoch 1, batch 144/520 ***
Training fitness: 0.9111111111111111
Model size: (8, 15)
Validation fitness: 0.9072843048072213 
Elapsed: 2.666102886199951

*** Epoch 1, batch 145/520 ***
Training fitness: 0.951310861423221
Model size: (13, 21)
Validation fitness: 0.9093296475466482 
Elapsed: 2.8091180324554443

*** Epoch 1, batch 146/520 ***
Training fitness: 0.9295774647887324
Model size: (6, 8)
Validation fitness: 0.9151182432432432 
Elapsed: 2.695173501968384

*** Epoch 1, batch 147/520 ***
Training fitness: 0.926829268292683
Model size: (5, 8)
Validation fitness: 0.9098143236074271 
Elapsed: 2.6289961338043213

*** Epoch 1, batch 148/520 ***
Training fitness: 0.9243027888446215
Model size: (6, 10)
Validation fitness: 0.8964026770775237 
Elapsed: 2.620741128921509

*** Epoch 1, batch 149/520 ***
Training fitness: 0.9453125
Model size: (7, 12)
Validation fitness: 0.9139035943159655 
Elapsed: 2.7058606147766113

*** Epoch 1, batch 150/520 ***
Training fitness: 0.8928571428571429
Model size: (4, 9)
Validation fitness: 0.9199738808677356 
Elapsed: 2.625335216522217

*** Epoch 1, batch 151/520 ***
Training fitness: 0.936
Model size: (4, 10)
Validation fitness: 0.9187806437859731 
Elapsed: 2.6968133449554443

*** Epoch 1, batch 152/520 ***
Training fitness: 0.9217391304347826
Model size: (6, 9)
Validation fitness: 0.9209913153992798 
Elapsed: 2.7414944171905518

*** Epoch 1, batch 153/520 ***
Training fitness: 0.9382716049382716
Model size: (6, 9)
Validation fitness: 0.9209913153992798 
Elapsed: 2.541829824447632

*** Epoch 1, batch 154/520 ***
Training fitness: 0.9159663865546218
Model size: (4, 9)
Validation fitness: 0.9199738808677356 
Elapsed: 2.491197109222412

*** Epoch 1, batch 155/520 ***
Training fitness: 0.9064039408866995
Model size: (12, 17)
Validation fitness: 0.9148408140112033 
Elapsed: 2.59321665763855

*** Epoch 1, batch 156/520 ***
Training fitness: 0.9420849420849421
Model size: (10, 13)
Validation fitness: 0.9023728341799457 
Elapsed: 2.366722583770752

*** Epoch 1, batch 157/520 ***
Training fitness: 0.9170305676855895
Model size: (4, 9)
Validation fitness: 0.9199738808677356 
Elapsed: 2.5761735439300537

*** Epoch 1, batch 158/520 ***
Training fitness: 0.9243697478991597
Model size: (4, 9)
Validation fitness: 0.9199738808677356 
Elapsed: 2.6199498176574707

*** Epoch 1, batch 159/520 ***
Training fitness: 0.932806324110672
Model size: (9, 15)
Validation fitness: 0.8941731222633883 
Elapsed: 2.722172498703003

*** Epoch 1, batch 160/520 ***
Training fitness: 0.9207920792079208
Model size: (4, 9)
Validation fitness: 0.9199738808677356 
Elapsed: 2.5899345874786377

*** Epoch 1, batch 161/520 ***
Training fitness: 0.9272727272727272
Model size: (6, 7)
Validation fitness: 0.9214320883449392 
Elapsed: 2.55886173248291

*** Epoch 1, batch 162/520 ***
Training fitness: 0.9237668161434978
Model size: (6, 7)
Validation fitness: 0.9214320883449392 
Elapsed: 2.4242942333221436

*** Epoch 1, batch 163/520 ***
Training fitness: 0.9365079365079365
Model size: (4, 9)
Validation fitness: 0.9199738808677356 
Elapsed: 2.3921396732330322

*** Epoch 1, batch 164/520 ***
Training fitness: 0.909952606635071
Model size: (7, 9)
Validation fitness: 0.9275570219480705 
Elapsed: 2.4762990474700928

*** Epoch 1, batch 165/520 ***
Training fitness: 0.916030534351145
Model size: (3, 8)
Validation fitness: 0.912217694592168 
Elapsed: 2.492448091506958

*** Epoch 1, batch 166/520 ***
Training fitness: 0.9367088607594937
Model size: (6, 7)
Validation fitness: 0.9214320883449392 
Elapsed: 2.565786123275757

*** Epoch 1, batch 167/520 ***
Training fitness: 0.9311740890688259
Model size: (6, 7)
Validation fitness: 0.9214320883449392 
Elapsed: 2.5475285053253174

*** Epoch 1, batch 168/520 ***
Training fitness: 0.9277566539923955
Model size: (6, 7)
Validation fitness: 0.9214320883449392 
Elapsed: 2.6074068546295166

*** Epoch 1, batch 169/520 ***
Training fitness: 0.9311740890688259
Model size: (6, 7)
Validation fitness: 0.9214320883449392 
Elapsed: 2.542526960372925

*** Epoch 1, batch 170/520 ***
Training fitness: 0.9177489177489178
Model size: (6, 7)
Validation fitness: 0.9214320883449392 
Elapsed: 2.6182656288146973

*** Epoch 1, batch 171/520 ***
Training fitness: 0.9130434782608695
Model size: (7, 13)
Validation fitness: 0.8879070761775815 
Elapsed: 2.692870855331421

*** Epoch 1, batch 172/520 ***
Training fitness: 0.9254901960784314
Model size: (7, 17)
Validation fitness: 0.9084330642916782 
Elapsed: 2.5439226627349854

*** Epoch 1, batch 173/520 ***
Training fitness: 0.91324200913242
Model size: (10, 19)
Validation fitness: 0.9016298860522141 
Elapsed: 2.614229202270508

*** Epoch 1, batch 174/520 ***
Training fitness: 0.9126984126984127
Model size: (3, 8)
Validation fitness: 0.912217694592168 
Elapsed: 2.3843834400177

*** Epoch 1, batch 175/520 ***
Training fitness: 0.943089430894309
Model size: (10, 19)
Validation fitness: 0.9016298860522141 
Elapsed: 2.617434501647949

*** Epoch 1, batch 176/520 ***
Training fitness: 0.9174311926605505
Model size: (10, 19)
Validation fitness: 0.8898209871919707 
Elapsed: 2.5901286602020264

*** Epoch 1, batch 177/520 ***
Training fitness: 0.9504132231404959
Model size: (3, 8)
Validation fitness: 0.912217694592168 
Elapsed: 2.466489553451538

*** Epoch 1, batch 178/520 ***
Training fitness: 0.9
Model size: (10, 19)
Validation fitness: 0.8898209871919707 
Elapsed: 2.5867395401000977

*** Epoch 1, batch 179/520 ***
Training fitness: 0.9051724137931034
Model size: (7, 14)
Validation fitness: 0.9125464618837226 
Elapsed: 2.707524299621582

*** Epoch 1, batch 180/520 ***
Training fitness: 0.9105058365758755
Model size: (7, 13)
Validation fitness: 0.9109598555354911 
Elapsed: 2.5419318675994873

*** Epoch 1, batch 181/520 ***
Training fitness: 0.921161825726141
Model size: (10, 19)
Validation fitness: 0.8898209871919707 
Elapsed: 2.529912233352661

*** Epoch 1, batch 182/520 ***
Training fitness: 0.900398406374502
Model size: (7, 14)
Validation fitness: 0.910578046601141 
Elapsed: 2.3891384601593018

*** Epoch 1, batch 183/520 ***
Training fitness: 0.9196428571428571
Model size: (7, 13)
Validation fitness: 0.9109598555354911 
Elapsed: 2.4335100650787354

*** Epoch 1, batch 184/520 ***
Training fitness: 0.9307692307692308
Model size: (7, 13)
Validation fitness: 0.9109598555354911 
Elapsed: 2.342524528503418

*** Epoch 1, batch 185/520 ***
Training fitness: 0.9182879377431906
Model size: (7, 14)
Validation fitness: 0.8930851063829788 
Elapsed: 2.5474960803985596

*** Epoch 1, batch 186/520 ***
Training fitness: 0.9066666666666666
Model size: (7, 14)
Validation fitness: 0.910578046601141 
Elapsed: 2.550626277923584

*** Epoch 1, batch 187/520 ***
Training fitness: 0.9280575539568345
Model size: (8, 17)
Validation fitness: 0.9093140597299877 
Elapsed: 2.596543073654175

*** Epoch 1, batch 188/520 ***
Training fitness: 0.9147286821705426
Model size: (15, 25)
Validation fitness: 0.9009143244158483 
Elapsed: 2.5347132682800293

*** Epoch 1, batch 189/520 ***
Training fitness: 0.9149797570850202
Model size: (7, 13)
Validation fitness: 0.9056442417331813 
Elapsed: 2.4735021591186523

*** Epoch 1, batch 190/520 ***
Training fitness: 0.8990825688073395
Model size: (7, 13)
Validation fitness: 0.9056442417331813 
Elapsed: 2.583827257156372

*** Epoch 1, batch 191/520 ***
Training fitness: 0.9162995594713657
Model size: (8, 15)
Validation fitness: 0.8725314183123878 
Elapsed: 2.475677013397217

*** Epoch 1, batch 192/520 ***
Training fitness: 0.911504424778761
Model size: (7, 15)
Validation fitness: 0.9080253723110866 
Elapsed: 2.5653154850006104

*** Epoch 1, batch 193/520 ***
Training fitness: 0.8953068592057761
Model size: (7, 15)
Validation fitness: 0.9080253723110866 
Elapsed: 2.478268623352051

*** Epoch 1, batch 194/520 ***
Training fitness: 0.9266409266409267
Model size: (7, 15)
Validation fitness: 0.9080253723110866 
Elapsed: 2.5042152404785156

*** Epoch 1, batch 195/520 ***
Training fitness: 0.9056603773584906
Model size: (7, 13)
Validation fitness: 0.8879070761775815 
Elapsed: 2.4480435848236084

*** Epoch 1, batch 196/520 ***
Training fitness: 0.9024390243902439
Model size: (7, 13)
Validation fitness: 0.8879070761775815 
Elapsed: 2.3881335258483887

*** Epoch 1, batch 197/520 ***
Training fitness: 0.924901185770751
Model size: (1, 5)
Validation fitness: 0.9022912459084894 
Elapsed: 2.165337562561035

*** Epoch 1, batch 198/520 ***
Training fitness: 0.9256198347107438
Model size: (15, 19)
Validation fitness: 0.9119140908431287 
Elapsed: 2.2592971324920654

*** Epoch 1, batch 199/520 ***
Training fitness: 0.9029126213592233
Model size: (9, 18)
Validation fitness: 0.8594306049822064 
Elapsed: 2.166543483734131

*** Epoch 1, batch 200/520 ***
Training fitness: 0.9205020920502092
Model size: (1, 6)
Validation fitness: 0.9069702472412348 
Elapsed: 2.0908572673797607

*** Epoch 1, batch 201/520 ***
Training fitness: 0.9262295081967213
Model size: (1, 7)
Validation fitness: 0.9069430051813472 
Elapsed: 2.101684808731079

*** Epoch 1, batch 202/520 ***
Training fitness: 0.9023255813953488
Model size: (1, 5)
Validation fitness: 0.9075136420875892 
Elapsed: 2.2270073890686035

*** Epoch 1, batch 203/520 ***
Training fitness: 0.9074889867841409
Model size: (2, 9)
Validation fitness: 0.9093050647820966 
Elapsed: 2.2397329807281494

*** Epoch 1, batch 204/520 ***
Training fitness: 0.9385964912280702
Model size: (7, 12)
Validation fitness: 0.910237083733041 
Elapsed: 2.183417797088623

*** Epoch 1, batch 205/520 ***
Training fitness: 0.9488372093023256
Model size: (1, 5)
Validation fitness: 0.9123704215618521 
Elapsed: 2.1328158378601074

*** Epoch 1, batch 206/520 ***
Training fitness: 0.918918918918919
Model size: (7, 12)
Validation fitness: 0.910237083733041 
Elapsed: 2.2208423614501953

*** Epoch 1, batch 207/520 ***
Training fitness: 0.9051724137931034
Model size: (1, 5)
Validation fitness: 0.9123704215618521 
Elapsed: 2.165515422821045

*** Epoch 1, batch 208/520 ***
Training fitness: 0.9285714285714286
Model size: (1, 4)
Validation fitness: 0.9041772412373963 
Elapsed: 2.040048599243164

*** Epoch 1, batch 209/520 ***
Training fitness: 0.9067796610169492
Model size: (6, 7)
Validation fitness: 0.9055250948966681 
Elapsed: 2.100579261779785

*** Epoch 1, batch 210/520 ***
Training fitness: 0.9453125
Model size: (2, 6)
Validation fitness: 0.9099649749330403 
Elapsed: 2.1178741455078125

*** Epoch 1, batch 211/520 ***
Training fitness: 0.9172932330827067
Model size: (10, 20)
Validation fitness: 0.8775674587192912 
Elapsed: 2.4056849479675293

*** Epoch 1, batch 212/520 ***
Training fitness: 0.9306122448979591
Model size: (1, 4)
Validation fitness: 0.9106704967421004 
Elapsed: 2.1836066246032715

*** Epoch 1, batch 213/520 ***
Training fitness: 0.902127659574468
Model size: (5, 7)
Validation fitness: 0.9108271503160209 
Elapsed: 2.2704341411590576

*** Epoch 1, batch 214/520 ***
Training fitness: 0.9054726368159204
Model size: (7, 12)
Validation fitness: 0.8949293552320161 
Elapsed: 2.0495564937591553

*** Epoch 1, batch 215/520 ***
Training fitness: 0.9191489361702128
Model size: (5, 7)
Validation fitness: 0.9108271503160209 
Elapsed: 2.031198740005493

*** Epoch 1, batch 216/520 ***
Training fitness: 0.8861788617886179
Model size: (5, 7)
Validation fitness: 0.9151127191761759 
Elapsed: 2.031423330307007

*** Epoch 1, batch 217/520 ***
Training fitness: 0.9264069264069265
Model size: (9, 20)
Validation fitness: 0.8703448275862069 
Elapsed: 2.100964307785034

*** Epoch 1, batch 218/520 ***
Training fitness: 0.9159663865546218
Model size: (4, 10)
Validation fitness: 0.9035963352933133 
Elapsed: 2.111013412475586

*** Epoch 1, batch 219/520 ***
Training fitness: 0.9163346613545816
Model size: (4, 10)
Validation fitness: 0.9035963352933133 
Elapsed: 2.14982271194458

*** Epoch 1, batch 220/520 ***
Training fitness: 0.9166666666666666
Model size: (4, 8)
Validation fitness: 0.9010543390105434 
Elapsed: 2.1315059661865234

*** Epoch 1, batch 221/520 ***
Training fitness: 0.9358490566037736
Model size: (3, 8)
Validation fitness: 0.8990381381583372 
Elapsed: 2.1473281383514404

*** Epoch 1, batch 222/520 ***
Training fitness: 0.902127659574468
Model size: (4, 6)
Validation fitness: 0.9023652365236524 
Elapsed: 2.0886216163635254

*** Epoch 1, batch 223/520 ***
Training fitness: 0.8976377952755905
Model size: (5, 10)
Validation fitness: 0.9008510638297872 
Elapsed: 2.091324806213379

*** Epoch 1, batch 224/520 ***
Training fitness: 0.918918918918919
Model size: (4, 5)
Validation fitness: 0.9053849332047927 
Elapsed: 1.9496257305145264

*** Epoch 1, batch 225/520 ***
Training fitness: 0.8879668049792531
Model size: (6, 12)
Validation fitness: 0.9078163336838416 
Elapsed: 2.1396336555480957

*** Epoch 1, batch 226/520 ***
Training fitness: 0.9333333333333333
Model size: (6, 12)
Validation fitness: 0.9078163336838416 
Elapsed: 2.1207752227783203

*** Epoch 1, batch 227/520 ***
Training fitness: 0.9323308270676691
Model size: (6, 11)
Validation fitness: 0.9082939048149179 
Elapsed: 2.019151449203491

*** Epoch 1, batch 228/520 ***
Training fitness: 0.9349593495934959
Model size: (6, 9)
Validation fitness: 0.9013633834168058 
Elapsed: 2.094283103942871

*** Epoch 1, batch 229/520 ***
Training fitness: 0.9069767441860465
Model size: (4, 5)
Validation fitness: 0.9053849332047927 
Elapsed: 1.9984469413757324

*** Epoch 1, batch 230/520 ***
Training fitness: 0.9128630705394191
Model size: (6, 12)
Validation fitness: 0.8953201101150561 
Elapsed: 2.077636957168579

*** Epoch 1, batch 231/520 ***
Training fitness: 0.917910447761194
Model size: (3, 7)
Validation fitness: 0.9087142659853611 
Elapsed: 2.0352020263671875

*** Epoch 1, batch 232/520 ***
Training fitness: 0.9098039215686274
Model size: (3, 8)
Validation fitness: 0.9047223376263676 
Elapsed: 2.074204683303833

*** Epoch 1, batch 233/520 ***
Training fitness: 0.9349593495934959
Model size: (6, 10)
Validation fitness: 0.9111376908464082 
Elapsed: 1.9594180583953857

*** Epoch 1, batch 234/520 ***
Training fitness: 0.921875
Model size: (6, 10)
Validation fitness: 0.9111376908464082 
Elapsed: 1.985997200012207

*** Epoch 1, batch 235/520 ***
Training fitness: 0.9333333333333333
Model size: (1, 4)
Validation fitness: 0.9042716015027132 
Elapsed: 2.0216076374053955

*** Epoch 1, batch 236/520 ***
Training fitness: 0.8986784140969163
Model size: (2, 5)
Validation fitness: 0.9119170984455959 
Elapsed: 1.9949970245361328

*** Epoch 1, batch 237/520 ***
Training fitness: 0.9384615384615385
Model size: (1, 4)
Validation fitness: 0.9042716015027132 
Elapsed: 1.8476393222808838

*** Epoch 1, batch 238/520 ***
Training fitness: 0.9152542372881356
Model size: (2, 5)
Validation fitness: 0.9102049152426986 
Elapsed: 1.9811460971832275

*** Epoch 1, batch 239/520 ***
Training fitness: 0.9029535864978903
Model size: (6, 10)
Validation fitness: 0.9049520207326469 
Elapsed: 1.9725863933563232

*** Epoch 1, batch 240/520 ***
Training fitness: 0.9357798165137615
Model size: (2, 6)
Validation fitness: 0.9125971143174251 
Elapsed: 2.0381481647491455

*** Epoch 1, batch 241/520 ***
Training fitness: 0.9153846153846154
Model size: (10, 18)
Validation fitness: 0.9037234415538882 
Elapsed: 1.9534647464752197

*** Epoch 1, batch 242/520 ***
Training fitness: 0.9262295081967213
Model size: (5, 12)
Validation fitness: 0.9120357442055291 
Elapsed: 2.056816816329956

*** Epoch 1, batch 243/520 ***
Training fitness: 0.9243027888446215
Model size: (2, 6)
Validation fitness: 0.910343877058783 
Elapsed: 2.032907009124756

*** Epoch 1, batch 244/520 ***
Training fitness: 0.8928571428571429
Model size: (4, 7)
Validation fitness: 0.9017027338715148 
Elapsed: 2.088085412979126

*** Epoch 1, batch 245/520 ***
Training fitness: 0.8857142857142857
Model size: (4, 6)
Validation fitness: 0.8900486130969403 
Elapsed: 2.215880870819092

*** Epoch 1, batch 246/520 ***
Training fitness: 0.9177489177489178
Model size: (1, 4)
Validation fitness: 0.9059769796144779 
Elapsed: 1.8998489379882812

*** Epoch 1, batch 247/520 ***
Training fitness: 0.926829268292683
Model size: (8, 16)
Validation fitness: 0.9091919683179324 
Elapsed: 2.0391387939453125

*** Epoch 1, batch 248/520 ***
Training fitness: 0.9124423963133641
Model size: (7, 14)
Validation fitness: 0.9081561761845214 
Elapsed: 1.9689371585845947

*** Epoch 1, batch 249/520 ***
Training fitness: 0.8987854251012146
Model size: (3, 2)
Validation fitness: 0.9029741589468552 
Elapsed: 1.8480167388916016

*** Epoch 1, batch 250/520 ***
Training fitness: 0.8925619834710744
Model size: (3, 2)
Validation fitness: 0.9029741589468552 
Elapsed: 1.9971644878387451

*** Epoch 1, batch 251/520 ***
Training fitness: 0.9182879377431906
Model size: (4, 7)
Validation fitness: 0.9017027338715148 
Elapsed: 2.02964448928833

*** Epoch 1, batch 252/520 ***
Training fitness: 0.9361702127659575
Model size: (8, 11)
Validation fitness: 0.9079056865464632 
Elapsed: 2.0040552616119385

*** Epoch 1, batch 253/520 ***
Training fitness: 0.9316239316239316
Model size: (8, 11)
Validation fitness: 0.9079056865464632 
Elapsed: 1.942138910293579

*** Epoch 1, batch 254/520 ***
Training fitness: 0.9182879377431906
Model size: (7, 13)
Validation fitness: 0.9006772009029346 
Elapsed: 1.8768141269683838

*** Epoch 1, batch 255/520 ***
Training fitness: 0.9066666666666666
Model size: (7, 11)
Validation fitness: 0.8996350364963503 
Elapsed: 1.7983098030090332

*** Epoch 1, batch 256/520 ***
Training fitness: 0.9490196078431372
Model size: (7, 11)
Validation fitness: 0.8884927990874091 
Elapsed: 1.8850290775299072

*** Epoch 1, batch 257/520 ***
Training fitness: 0.9282700421940928
Model size: (8, 9)
Validation fitness: 0.9029226836177711 
Elapsed: 1.9806325435638428

*** Epoch 1, batch 258/520 ***
Training fitness: 0.9236947791164659
Model size: (7, 9)
Validation fitness: 0.902447626437187 
Elapsed: 1.969818353652954

*** Epoch 1, batch 259/520 ***
Training fitness: 0.9107981220657277
Model size: (7, 9)
Validation fitness: 0.9017128574579137 
Elapsed: 2.0436387062072754

*** Epoch 1, batch 260/520 ***
Training fitness: 0.9230769230769231
Model size: (5, 7)
Validation fitness: 0.908997730434146 
Elapsed: 2.046598196029663

*** Epoch 1, batch 261/520 ***
Training fitness: 0.905829596412556
Model size: (5, 8)
Validation fitness: 0.9097821318906273 
Elapsed: 2.0446157455444336

*** Epoch 1, batch 262/520 ***
Training fitness: 0.916030534351145
Model size: (8, 10)
Validation fitness: 0.9145018555523837 
Elapsed: 2.074291944503784

*** Epoch 1, batch 263/520 ***
Training fitness: 0.943089430894309
Model size: (5, 8)
Validation fitness: 0.9097821318906273 
Elapsed: 2.0614664554595947

*** Epoch 1, batch 264/520 ***
Training fitness: 0.9149797570850202
Model size: (8, 10)
Validation fitness: 0.9145018555523837 
Elapsed: 2.066602945327759

*** Epoch 1, batch 265/520 ***
Training fitness: 0.9590163934426229
Model size: (10, 15)
Validation fitness: 0.9097543859649123 
Elapsed: 2.1943976879119873

*** Epoch 1, batch 266/520 ***
Training fitness: 0.9369369369369369
Model size: (9, 12)
Validation fitness: 0.9173996996352713 
Elapsed: 2.0997300148010254

*** Epoch 1, batch 267/520 ***
Training fitness: 0.9
Model size: (6, 15)
Validation fitness: 0.908309654168688 
Elapsed: 2.2297229766845703

*** Epoch 1, batch 268/520 ***
Training fitness: 0.9245283018867925
Model size: (9, 12)
Validation fitness: 0.9173996996352713 
Elapsed: 2.1080267429351807

*** Epoch 1, batch 269/520 ***
Training fitness: 0.9368029739776952
Model size: (4, 12)
Validation fitness: 0.906487634445434 
Elapsed: 2.243950366973877

*** Epoch 1, batch 270/520 ***
Training fitness: 0.9276595744680851
Model size: (4, 12)
Validation fitness: 0.9145616122034848 
Elapsed: 2.4007408618927

*** Epoch 1, batch 271/520 ***
Training fitness: 0.937984496124031
Model size: (6, 13)
Validation fitness: 0.9148861646234676 
Elapsed: 2.4209415912628174

*** Epoch 1, batch 272/520 ***
Training fitness: 0.9166666666666666
Model size: (7, 12)
Validation fitness: 0.9172888303323086 
Elapsed: 2.098238468170166

*** Epoch 1, batch 273/520 ***
Training fitness: 0.9292035398230089
Model size: (6, 9)
Validation fitness: 0.9142980810849806 
Elapsed: 2.0523431301116943

*** Epoch 1, batch 274/520 ***
Training fitness: 0.9177489177489178
Model size: (6, 12)
Validation fitness: 0.9147585419787432 
Elapsed: 2.259917974472046

*** Epoch 1, batch 275/520 ***
Training fitness: 0.9310344827586207
Model size: (3, 7)
Validation fitness: 0.9113430758524704 
Elapsed: 2.0476133823394775

*** Epoch 1, batch 276/520 ***
Training fitness: 0.925
Model size: (9, 16)
Validation fitness: 0.9103287030669784 
Elapsed: 2.091125011444092

*** Epoch 1, batch 277/520 ***
Training fitness: 0.9237668161434978
Model size: (6, 9)
Validation fitness: 0.9142980810849806 
Elapsed: 2.2165043354034424

*** Epoch 1, batch 278/520 ***
Training fitness: 0.9344978165938864
Model size: (8, 10)
Validation fitness: 0.9177607848795267 
Elapsed: 2.2482872009277344

*** Epoch 1, batch 279/520 ***
Training fitness: 0.9212598425196851
Model size: (6, 9)
Validation fitness: 0.9170852442309092 
Elapsed: 2.092562675476074

*** Epoch 1, batch 280/520 ***
Training fitness: 0.9090909090909091
Model size: (6, 12)
Validation fitness: 0.9147585419787432 
Elapsed: 2.316993474960327

*** Epoch 1, batch 281/520 ***
Training fitness: 0.905829596412556
Model size: (9, 16)
Validation fitness: 0.9103287030669784 
Elapsed: 2.1715714931488037

*** Epoch 1, batch 282/520 ***
Training fitness: 0.9387755102040817
Model size: (6, 12)
Validation fitness: 0.92310936182176 
Elapsed: 2.3358657360076904

*** Epoch 1, batch 283/520 ***
Training fitness: 0.9316239316239316
Model size: (6, 10)
Validation fitness: 0.9151052176419717 
Elapsed: 2.167079448699951

*** Epoch 1, batch 284/520 ***
Training fitness: 0.927038626609442
Model size: (7, 12)
Validation fitness: 0.9149640287769785 
Elapsed: 2.1278693675994873

*** Epoch 1, batch 285/520 ***
Training fitness: 0.9264069264069265
Model size: (5, 7)
Validation fitness: 0.9105452410655317 
Elapsed: 2.088069438934326

*** Epoch 1, batch 286/520 ***
Training fitness: 0.9343629343629344
Model size: (6, 10)
Validation fitness: 0.9183171895330345 
Elapsed: 2.1168887615203857

*** Epoch 1, batch 287/520 ***
Training fitness: 0.9392712550607287
Model size: (2, 10)
Validation fitness: 0.9142100494808001 
Elapsed: 2.079190492630005

*** Epoch 1, batch 288/520 ***
Training fitness: 0.9448818897637795
Model size: (7, 16)
Validation fitness: 0.9167191987112139 
Elapsed: 2.133074998855591

*** Epoch 1, batch 289/520 ***
Training fitness: 0.9571984435797666
Model size: (7, 16)
Validation fitness: 0.9167191987112139 
Elapsed: 2.0827603340148926

*** Epoch 1, batch 290/520 ***
Training fitness: 0.9318181818181818
Model size: (1, 8)
Validation fitness: 0.914190502638156 
Elapsed: 2.1213839054107666

*** Epoch 1, batch 291/520 ***
Training fitness: 0.935064935064935
Model size: (2, 6)
Validation fitness: 0.9141480206540448 
Elapsed: 2.0295722484588623

*** Epoch 1, batch 292/520 ***
Training fitness: 0.943089430894309
Model size: (8, 16)
Validation fitness: 0.9097111033762617 
Elapsed: 2.061537504196167

*** Epoch 1, batch 293/520 ***
Training fitness: 0.9282700421940928
Model size: (8, 12)
Validation fitness: 0.9135767256132344 
Elapsed: 2.0161473751068115

*** Epoch 1, batch 294/520 ***
Training fitness: 0.9245283018867925
Model size: (3, 13)
Validation fitness: 0.9118036672941504 
Elapsed: 2.043044090270996

*** Epoch 1, batch 295/520 ***
Training fitness: 0.9217391304347826
Model size: (3, 12)
Validation fitness: 0.9150719374214276 
Elapsed: 1.909111499786377

*** Epoch 1, batch 296/520 ***
Training fitness: 0.8981481481481481
Model size: (10, 20)
Validation fitness: 0.9193906015306488 
Elapsed: 2.0254576206207275

*** Epoch 1, batch 297/520 ***
Training fitness: 0.8833333333333333
Model size: (7, 14)
Validation fitness: 0.9123564218586843 
Elapsed: 2.1729302406311035

*** Epoch 1, batch 298/520 ***
Training fitness: 0.9306930693069307
Model size: (8, 12)
Validation fitness: 0.9135767256132344 
Elapsed: 2.064373016357422

*** Epoch 1, batch 299/520 ***
Training fitness: 0.9308755760368663
Model size: (8, 12)
Validation fitness: 0.9135767256132344 
Elapsed: 2.053596258163452

*** Epoch 1, batch 300/520 ***
Training fitness: 0.8825910931174089
Model size: (9, 13)
Validation fitness: 0.9145578618140461 
Elapsed: 2.1044650077819824

*** Epoch 1, batch 301/520 ***
Training fitness: 0.91005291005291
Model size: (13, 14)
Validation fitness: 0.8706195475380748 
Elapsed: 2.1437065601348877

*** Epoch 1, batch 302/520 ***
Training fitness: 0.9369369369369369
Model size: (8, 11)
Validation fitness: 0.9125829685072729 
Elapsed: 2.0137157440185547

*** Epoch 1, batch 303/520 ***
Training fitness: 0.9366197183098591
Model size: (4, 8)
Validation fitness: 0.9077244258872651 
Elapsed: 2.038378953933716

*** Epoch 1, batch 304/520 ***
Training fitness: 0.9495798319327731
Model size: (2, 7)
Validation fitness: 0.9137871338549962 
Elapsed: 1.948915719985962

*** Epoch 1, batch 305/520 ***
Training fitness: 0.8945147679324894
Model size: (7, 12)
Validation fitness: 0.9133708604430149 
Elapsed: 2.134568452835083

*** Epoch 1, batch 306/520 ***
Training fitness: 0.9285714285714286
Model size: (1, 6)
Validation fitness: 0.9115406320541761 
Elapsed: 1.9131100177764893

*** Epoch 1, batch 307/520 ***
Training fitness: 0.925
Model size: (10, 20)
Validation fitness: 0.9193906015306488 
Elapsed: 1.9426279067993164

*** Epoch 1, batch 308/520 ***
Training fitness: 0.922509225092251
Model size: (3, 12)
Validation fitness: 0.9097572781965286 
Elapsed: 2.0122265815734863

*** Epoch 1, batch 309/520 ***
Training fitness: 0.9300411522633745
Model size: (2, 5)
Validation fitness: 0.9059008879977084 
Elapsed: 1.8720407485961914

*** Epoch 1, batch 310/520 ***
Training fitness: 0.9477911646586346
Model size: (5, 15)
Validation fitness: 0.9029769959404601 
Elapsed: 2.0569846630096436

*** Epoch 1, batch 311/520 ***
Training fitness: 0.9180327868852459
Model size: (2, 5)
Validation fitness: 0.9059008879977084 
Elapsed: 2.0915091037750244

*** Epoch 1, batch 312/520 ***
Training fitness: 0.9142857142857143
Model size: (2, 7)
Validation fitness: 0.9137871338549962 
Elapsed: 1.9861133098602295

*** Epoch 1, batch 313/520 ***
Training fitness: 0.9230769230769231
Model size: (3, 9)
Validation fitness: 0.9089544089544089 
Elapsed: 2.0312509536743164

*** Epoch 1, batch 314/520 ***
Training fitness: 0.8987854251012146
Model size: (2, 7)
Validation fitness: 0.8914785142024764 
Elapsed: 1.9197793006896973

*** Epoch 1, batch 315/520 ***
Training fitness: 0.9142857142857143
Model size: (4, 13)
Validation fitness: 0.9138798869199476 
Elapsed: 2.0594191551208496

*** Epoch 1, batch 316/520 ***
Training fitness: 0.8858447488584474
Model size: (1, 5)
Validation fitness: 0.9030626580500141 
Elapsed: 1.9555518627166748

*** Epoch 1, batch 317/520 ***
Training fitness: 0.9
Model size: (4, 13)
Validation fitness: 0.9126360755132975 
Elapsed: 2.1522014141082764

*** Epoch 1, batch 318/520 ***
Training fitness: 0.902127659574468
Model size: (4, 13)
Validation fitness: 0.9126360755132975 
Elapsed: 2.1352198123931885

*** Epoch 1, batch 319/520 ***
Training fitness: 0.9236947791164659
Model size: (10, 14)
Validation fitness: 0.9024712843717368 
Elapsed: 1.9994471073150635

*** Epoch 1, batch 320/520 ***
Training fitness: 0.9296875
Model size: (10, 14)
Validation fitness: 0.9024712843717368 
Elapsed: 1.889455795288086

*** Epoch 1, batch 321/520 ***
Training fitness: 0.9166666666666666
Model size: (2, 7)
Validation fitness: 0.8753399818676337 
Elapsed: 1.9211909770965576

*** Epoch 1, batch 322/520 ***
Training fitness: 0.9130434782608695
Model size: (1, 4)
Validation fitness: 0.8673499267935578 
Elapsed: 2.04581880569458

*** Epoch 1, batch 323/520 ***
Training fitness: 0.924901185770751
Model size: (1, 5)
Validation fitness: 0.907150776053215 
Elapsed: 1.9773657321929932

*** Epoch 1, batch 324/520 ***
Training fitness: 0.9274193548387096
Model size: (1, 5)
Validation fitness: 0.910171365395246 
Elapsed: 2.0653140544891357

*** Epoch 1, batch 325/520 ***
Training fitness: 0.9083665338645418
Model size: (4, 9)
Validation fitness: 0.9024749351468836 
Elapsed: 2.1006863117218018

*** Epoch 1, batch 326/520 ***
Training fitness: 0.8738738738738738
Model size: (10, 12)
Validation fitness: 0.8936965428016963 
Elapsed: 2.115030527114868

*** Epoch 1, batch 327/520 ***
Training fitness: 0.9338842975206612
Model size: (5, 9)
Validation fitness: 0.894926033457763 
Elapsed: 1.992239236831665

*** Epoch 1, batch 328/520 ***
Training fitness: 0.9035087719298246
Model size: (4, 9)
Validation fitness: 0.9024749351468836 
Elapsed: 2.043921709060669

*** Epoch 1, batch 329/520 ***
Training fitness: 0.8941176470588236
Model size: (4, 9)
Validation fitness: 0.9024749351468836 
Elapsed: 2.0890586376190186

*** Epoch 1, batch 330/520 ***
Training fitness: 0.8941176470588236
Model size: (4, 9)
Validation fitness: 0.9024749351468836 
Elapsed: 2.1336402893066406

*** Epoch 1, batch 331/520 ***
Training fitness: 0.9242424242424242
Model size: (6, 10)
Validation fitness: 0.8998201189982011 
Elapsed: 1.99015474319458

*** Epoch 1, batch 332/520 ***
Training fitness: 0.9206349206349206
Model size: (10, 12)
Validation fitness: 0.8936965428016963 
Elapsed: 2.3303463459014893

*** Epoch 1, batch 333/520 ***
Training fitness: 0.9149797570850202
Model size: (5, 8)
Validation fitness: 0.9035038146369031 
Elapsed: 2.0691757202148438

*** Epoch 1, batch 334/520 ***
Training fitness: 0.9277566539923955
Model size: (5, 9)
Validation fitness: 0.9037981702245633 
Elapsed: 2.18612003326416

*** Epoch 1, batch 335/520 ***
Training fitness: 0.8724279835390947
Model size: (5, 8)
Validation fitness: 0.9045148625911386 
Elapsed: 2.197373390197754

*** Epoch 1, batch 336/520 ***
Training fitness: 0.8962655601659751
Model size: (7, 13)
Validation fitness: 0.8952055282467763 
Elapsed: 2.225245237350464

*** Epoch 1, batch 337/520 ***
Training fitness: 0.9128630705394191
Model size: (4, 6)
Validation fitness: 0.9 
Elapsed: 2.168548583984375

*** Epoch 1, batch 338/520 ***
Training fitness: 0.9212598425196851
Model size: (4, 9)
Validation fitness: 0.9024749351468836 
Elapsed: 2.1418445110321045

*** Epoch 1, batch 339/520 ***
Training fitness: 0.9023255813953488
Model size: (4, 10)
Validation fitness: 0.8969601826744684 
Elapsed: 2.1685945987701416

*** Epoch 1, batch 340/520 ***
Training fitness: 0.8782608695652174
Model size: (5, 9)
Validation fitness: 0.9078664167187391 
Elapsed: 2.1277058124542236

*** Epoch 1, batch 341/520 ***
Training fitness: 0.933920704845815
Model size: (6, 9)
Validation fitness: 0.9093222135839989 
Elapsed: 2.204972982406616

*** Epoch 1, batch 342/520 ***
Training fitness: 0.9166666666666666
Model size: (6, 9)
Validation fitness: 0.9093222135839989 
Elapsed: 2.249854803085327

*** Epoch 1, batch 343/520 ***
Training fitness: 0.9083665338645418
Model size: (4, 12)
Validation fitness: 0.9079633544749823 
Elapsed: 2.1550815105438232

*** Epoch 1, batch 344/520 ***
Training fitness: 0.8968253968253969
Model size: (4, 6)
Validation fitness: 0.9 
Elapsed: 2.047492504119873

*** Epoch 1, batch 345/520 ***
Training fitness: 0.9461538461538461
Model size: (4, 6)
Validation fitness: 0.9 
Elapsed: 2.123361110687256

*** Epoch 1, batch 346/520 ***
Training fitness: 0.9135802469135802
Model size: (8, 11)
Validation fitness: 0.8985083357706932 
Elapsed: 2.1899540424346924

*** Epoch 1, batch 347/520 ***
Training fitness: 0.9206349206349206
Model size: (7, 12)
Validation fitness: 0.9028178694158076 
Elapsed: 2.1746644973754883

*** Epoch 1, batch 348/520 ***
Training fitness: 0.8775510204081632
Model size: (7, 10)
Validation fitness: 0.9110455311973018 
Elapsed: 2.2444849014282227

*** Epoch 1, batch 349/520 ***
Training fitness: 0.889795918367347
Model size: (8, 13)
Validation fitness: 0.9137685290763968 
Elapsed: 2.17275333404541

*** Epoch 1, batch 350/520 ***
Training fitness: 0.9051724137931034
Model size: (7, 13)
Validation fitness: 0.9094751673124339 
Elapsed: 2.092484951019287

*** Epoch 1, batch 351/520 ***
Training fitness: 0.9437229437229437
Model size: (7, 13)
Validation fitness: 0.9087611607142857 
Elapsed: 2.175781726837158

*** Epoch 1, batch 352/520 ***
Training fitness: 0.8983050847457628
Model size: (6, 13)
Validation fitness: 0.9012529199405394 
Elapsed: 2.354297637939453

*** Epoch 1, batch 353/520 ***
Training fitness: 0.9061224489795918
Model size: (7, 13)
Validation fitness: 0.9087611607142857 
Elapsed: 2.3359735012054443

*** Epoch 1, batch 354/520 ***
Training fitness: 0.9298892988929889
Model size: (7, 13)
Validation fitness: 0.9087611607142857 
Elapsed: 2.337063789367676

*** Epoch 1, batch 355/520 ***
Training fitness: 0.936
Model size: (6, 9)
Validation fitness: 0.9140138529350031 
Elapsed: 2.3693525791168213

*** Epoch 1, batch 356/520 ***
Training fitness: 0.9307692307692308
Model size: (5, 9)
Validation fitness: 0.911648289510885 
Elapsed: 2.4103140830993652

*** Epoch 1, batch 357/520 ***
Training fitness: 0.8974358974358975
Model size: (6, 9)
Validation fitness: 0.9140138529350031 
Elapsed: 2.3791520595550537

*** Epoch 1, batch 358/520 ***
Training fitness: 0.925764192139738
Model size: (5, 9)
Validation fitness: 0.911648289510885 
Elapsed: 2.37589168548584

*** Epoch 1, batch 359/520 ***
Training fitness: 0.9124423963133641
Model size: (5, 13)
Validation fitness: 0.897666593519128 
Elapsed: 2.615248441696167

*** Epoch 1, batch 360/520 ***
Training fitness: 0.9372384937238494
Model size: (5, 13)
Validation fitness: 0.897666593519128 
Elapsed: 2.6804099082946777

*** Epoch 1, batch 361/520 ***
Training fitness: 0.9382716049382716
Model size: (6, 9)
Validation fitness: 0.9140138529350031 
Elapsed: 2.2951271533966064

*** Epoch 1, batch 362/520 ***
Training fitness: 0.921875
Model size: (6, 9)
Validation fitness: 0.9043717728055077 
Elapsed: 2.2848129272460938

*** Epoch 1, batch 363/520 ***
Training fitness: 0.875
Model size: (6, 11)
Validation fitness: 0.9074202979256578 
Elapsed: 2.4292280673980713

*** Epoch 1, batch 364/520 ***
Training fitness: 0.916030534351145
Model size: (8, 13)
Validation fitness: 0.8805751378516089 
Elapsed: 2.453118085861206

*** Epoch 1, batch 365/520 ***
Training fitness: 0.9074889867841409
Model size: (6, 11)
Validation fitness: 0.9074202979256578 
Elapsed: 2.4699208736419678

*** Epoch 1, batch 366/520 ***
Training fitness: 0.9343629343629344
Model size: (7, 13)
Validation fitness: 0.9057869723231758 
Elapsed: 2.523982048034668

*** Epoch 1, batch 367/520 ***
Training fitness: 0.8870967741935484
Model size: (8, 13)
Validation fitness: 0.9027592501579723 
Elapsed: 2.3780179023742676

*** Epoch 1, batch 368/520 ***
Training fitness: 0.8941176470588236
Model size: (9, 16)
Validation fitness: 0.8796031025085599 
Elapsed: 2.3313968181610107

*** Epoch 1, batch 369/520 ***
Training fitness: 0.9435483870967742
Model size: (4, 8)
Validation fitness: 0.9159652076318743 
Elapsed: 2.3073532581329346

*** Epoch 1, batch 370/520 ***
Training fitness: 0.959409594095941
Model size: (4, 8)
Validation fitness: 0.9159652076318743 
Elapsed: 2.3073232173919678

*** Epoch 1, batch 371/520 ***
Training fitness: 0.9291338582677166
Model size: (7, 18)
Validation fitness: 0.9105356898205234 
Elapsed: 2.4637253284454346

*** Epoch 1, batch 372/520 ***
Training fitness: 0.9098712446351931
Model size: (6, 11)
Validation fitness: 0.8960676071696313 
Elapsed: 2.201798677444458

*** Epoch 1, batch 373/520 ***
Training fitness: 0.9016393442622951
Model size: (7, 18)
Validation fitness: 0.9105356898205234 
Elapsed: 2.5202691555023193

*** Epoch 1, batch 374/520 ***
Training fitness: 0.9147982062780269
Model size: (4, 8)
Validation fitness: 0.9159652076318743 
Elapsed: 2.4157445430755615

*** Epoch 1, batch 375/520 ***
Training fitness: 0.926605504587156
Model size: (6, 15)
Validation fitness: 0.8874143211316903 
Elapsed: 2.524103879928589

*** Epoch 1, batch 376/520 ***
Training fitness: 0.9397590361445783
Model size: (5, 8)
Validation fitness: 0.9078379507169706 
Elapsed: 2.314107656478882

*** Epoch 1, batch 377/520 ***
Training fitness: 0.9154228855721394
Model size: (4, 7)
Validation fitness: 0.920228316859251 
Elapsed: 2.3218817710876465

*** Epoch 1, batch 378/520 ***
Training fitness: 0.9193548387096774
Model size: (6, 11)
Validation fitness: 0.9091670739370243 
Elapsed: 2.2709484100341797

*** Epoch 1, batch 379/520 ***
Training fitness: 0.9137931034482759
Model size: (4, 8)
Validation fitness: 0.9159652076318743 
Elapsed: 2.2856438159942627

*** Epoch 1, batch 380/520 ***
Training fitness: 0.923728813559322
Model size: (5, 11)
Validation fitness: 0.8842425119374909 
Elapsed: 2.2846150398254395

*** Epoch 1, batch 381/520 ***
Training fitness: 0.8815165876777251
Model size: (4, 7)
Validation fitness: 0.920228316859251 
Elapsed: 2.3676249980926514

*** Epoch 1, batch 382/520 ***
Training fitness: 0.9427312775330396
Model size: (4, 8)
Validation fitness: 0.9159652076318743 
Elapsed: 2.34063982963562

*** Epoch 1, batch 383/520 ***
Training fitness: 0.9356223175965666
Model size: (4, 7)
Validation fitness: 0.920228316859251 
Elapsed: 2.3704748153686523

*** Epoch 1, batch 384/520 ***
Training fitness: 0.9310344827586207
Model size: (4, 7)
Validation fitness: 0.920228316859251 
Elapsed: 2.3852529525756836

*** Epoch 1, batch 385/520 ***
Training fitness: 0.8653846153846154
Model size: (7, 12)
Validation fitness: 0.9067098500316835 
Elapsed: 2.3968513011932373

*** Epoch 1, batch 386/520 ***
Training fitness: 0.9411764705882353
Model size: (7, 13)
Validation fitness: 0.9095418532552532 
Elapsed: 2.1373515129089355

*** Epoch 1, batch 387/520 ***
Training fitness: 0.9333333333333333
Model size: (7, 13)
Validation fitness: 0.9095418532552532 
Elapsed: 2.1399664878845215

*** Epoch 1, batch 388/520 ***
Training fitness: 0.9065420560747663
Model size: (8, 11)
Validation fitness: 0.9099079820243955 
Elapsed: 2.1654677391052246

*** Epoch 1, batch 389/520 ***
Training fitness: 0.9113924050632911
Model size: (6, 10)
Validation fitness: 0.9067569473832698 
Elapsed: 2.210923194885254

*** Epoch 1, batch 390/520 ***
Training fitness: 0.9
Model size: (7, 13)
Validation fitness: 0.9119055883373829 
Elapsed: 2.224703550338745

*** Epoch 1, batch 391/520 ***
Training fitness: 0.9367088607594937
Model size: (10, 17)
Validation fitness: 0.8893540238181162 
Elapsed: 2.2906177043914795

*** Epoch 1, batch 392/520 ***
Training fitness: 0.925764192139738
Model size: (8, 15)
Validation fitness: 0.9081847536150498 
Elapsed: 2.3120315074920654

*** Epoch 1, batch 393/520 ***
Training fitness: 0.9137931034482759
Model size: (10, 17)
Validation fitness: 0.8893540238181162 
Elapsed: 2.2968714237213135

*** Epoch 1, batch 394/520 ***
Training fitness: 0.9243027888446215
Model size: (6, 9)
Validation fitness: 0.9098605232114357 
Elapsed: 2.3273186683654785

*** Epoch 1, batch 395/520 ***
Training fitness: 0.9022556390977443
Model size: (5, 10)
Validation fitness: 0.9186957738595019 
Elapsed: 2.4229745864868164

*** Epoch 1, batch 396/520 ***
Training fitness: 0.9090909090909091
Model size: (6, 9)
Validation fitness: 0.9098605232114357 
Elapsed: 2.3484156131744385

*** Epoch 1, batch 397/520 ***
Training fitness: 0.9243027888446215
Model size: (5, 10)
Validation fitness: 0.9186957738595019 
Elapsed: 2.360581874847412

*** Epoch 1, batch 398/520 ***
Training fitness: 0.9372384937238494
Model size: (7, 12)
Validation fitness: 0.9027015467959227 
Elapsed: 2.305393695831299

*** Epoch 1, batch 399/520 ***
Training fitness: 0.9457364341085271
Model size: (5, 10)
Validation fitness: 0.9186957738595019 
Elapsed: 2.3327090740203857

*** Epoch 1, batch 400/520 ***
Training fitness: 0.8809523809523809
Model size: (5, 10)
Validation fitness: 0.9186957738595019 
Elapsed: 2.216622829437256

*** Epoch 1, batch 401/520 ***
Training fitness: 0.925764192139738
Model size: (10, 17)
Validation fitness: 0.8649976962064199 
Elapsed: 2.3722219467163086

*** Epoch 1, batch 402/520 ***
Training fitness: 0.8968253968253969
Model size: (5, 10)
Validation fitness: 0.9186957738595019 
Elapsed: 2.2449769973754883

*** Epoch 1, batch 403/520 ***
Training fitness: 0.9356223175965666
Model size: (6, 12)
Validation fitness: 0.9244087837837838 
Elapsed: 2.328042507171631

*** Epoch 1, batch 404/520 ***
Training fitness: 0.9498069498069498
Model size: (6, 12)
Validation fitness: 0.9244087837837838 
Elapsed: 2.2849960327148438

*** Epoch 1, batch 405/520 ***
Training fitness: 0.9302325581395349
Model size: (3, 8)
Validation fitness: 0.9046153846153846 
Elapsed: 2.3724663257598877

*** Epoch 1, batch 406/520 ***
Training fitness: 0.9435483870967742
Model size: (5, 10)
Validation fitness: 0.9186957738595019 
Elapsed: 2.397474765777588

*** Epoch 1, batch 407/520 ***
Training fitness: 0.9477911646586346
Model size: (6, 12)
Validation fitness: 0.9244087837837838 
Elapsed: 2.3734145164489746

*** Epoch 1, batch 408/520 ***
Training fitness: 0.9090909090909091
Model size: (5, 10)
Validation fitness: 0.9133770400334775 
Elapsed: 2.3924310207366943

*** Epoch 1, batch 409/520 ***
Training fitness: 0.8934426229508197
Model size: (5, 10)
Validation fitness: 0.9133770400334775 
Elapsed: 2.3863461017608643

*** Epoch 1, batch 410/520 ***
Training fitness: 0.9152542372881356
Model size: (6, 12)
Validation fitness: 0.9244087837837838 
Elapsed: 2.446676254272461

*** Epoch 1, batch 411/520 ***
Training fitness: 0.9491525423728814
Model size: (6, 12)
Validation fitness: 0.9244087837837838 
Elapsed: 2.3210203647613525

*** Epoch 1, batch 412/520 ***
Training fitness: 0.8959276018099548
Model size: (3, 10)
Validation fitness: 0.9052974043425985 
Elapsed: 2.2182440757751465

*** Epoch 1, batch 413/520 ***
Training fitness: 0.9169960474308301
Model size: (3, 8)
Validation fitness: 0.9028124367707561 
Elapsed: 2.2150819301605225

*** Epoch 1, batch 414/520 ***
Training fitness: 0.92
Model size: (3, 8)
Validation fitness: 0.9069927187800522 
Elapsed: 2.200727939605713

*** Epoch 1, batch 415/520 ***
Training fitness: 0.911504424778761
Model size: (3, 8)
Validation fitness: 0.9069927187800522 
Elapsed: 2.164383888244629

*** Epoch 1, batch 416/520 ***
Training fitness: 0.9009009009009009
Model size: (6, 12)
Validation fitness: 0.8766822703335284 
Elapsed: 2.3202972412109375

*** Epoch 1, batch 417/520 ***
Training fitness: 0.9177489177489178
Model size: (6, 16)
Validation fitness: 0.9093862560915319 
Elapsed: 2.2501025199890137

*** Epoch 1, batch 418/520 ***
Training fitness: 0.9065420560747663
Model size: (3, 8)
Validation fitness: 0.9069927187800522 
Elapsed: 2.221418857574463

*** Epoch 1, batch 419/520 ***
Training fitness: 0.923728813559322
Model size: (3, 8)
Validation fitness: 0.9069927187800522 
Elapsed: 2.2213644981384277

*** Epoch 1, batch 420/520 ***
Training fitness: 0.944
Model size: (6, 13)
Validation fitness: 0.9124713958810069 
Elapsed: 2.297337770462036

*** Epoch 1, batch 421/520 ***
Training fitness: 0.9135802469135802
Model size: (3, 8)
Validation fitness: 0.9069927187800522 
Elapsed: 2.247518539428711

*** Epoch 1, batch 422/520 ***
Training fitness: 0.9279279279279279
Model size: (7, 17)
Validation fitness: 0.9100722047990665 
Elapsed: 2.3578736782073975

*** Epoch 1, batch 423/520 ***
Training fitness: 0.9391304347826087
Model size: (7, 15)
Validation fitness: 0.9089077565117283 
Elapsed: 2.258418321609497

*** Epoch 1, batch 424/520 ***
Training fitness: 0.9037656903765691
Model size: (1, 5)
Validation fitness: 0.9056190541372938 
Elapsed: 2.231966733932495

*** Epoch 1, batch 425/520 ***
Training fitness: 0.8928571428571429
Model size: (7, 18)
Validation fitness: 0.907667575312784 
Elapsed: 2.3955514430999756

*** Epoch 1, batch 426/520 ***
Training fitness: 0.9166666666666666
Model size: (6, 11)
Validation fitness: 0.9087512971290211 
Elapsed: 2.3686444759368896

*** Epoch 1, batch 427/520 ***
Training fitness: 0.91324200913242
Model size: (5, 8)
Validation fitness: 0.8983122362869198 
Elapsed: 2.337671995162964

*** Epoch 1, batch 428/520 ***
Training fitness: 0.9392712550607287
Model size: (6, 11)
Validation fitness: 0.9087512971290211 
Elapsed: 2.407099723815918

*** Epoch 1, batch 429/520 ***
Training fitness: 0.9262295081967213
Model size: (6, 15)
Validation fitness: 0.9219425735554768 
Elapsed: 2.348207950592041

*** Epoch 1, batch 430/520 ***
Training fitness: 0.8927038626609443
Model size: (8, 20)
Validation fitness: 0.9217403688670512 
Elapsed: 2.38818621635437

*** Epoch 1, batch 431/520 ***
Training fitness: 0.9098039215686274
Model size: (3, 10)
Validation fitness: 0.9035998382095187 
Elapsed: 2.2699928283691406

*** Epoch 1, batch 432/520 ***
Training fitness: 0.9125475285171103
Model size: (7, 17)
Validation fitness: 0.9183541111191179 
Elapsed: 2.3176381587982178

*** Epoch 1, batch 433/520 ***
Training fitness: 0.9345794392523364
Model size: (7, 17)
Validation fitness: 0.9183541111191179 
Elapsed: 2.3981540203094482

*** Epoch 1, batch 434/520 ***
Training fitness: 0.9158878504672897
Model size: (7, 17)
Validation fitness: 0.9183541111191179 
Elapsed: 2.3307547569274902

*** Epoch 1, batch 435/520 ***
Training fitness: 0.9243027888446215
Model size: (6, 11)
Validation fitness: 0.9025647893926204 
Elapsed: 2.2413272857666016

*** Epoch 1, batch 436/520 ***
Training fitness: 0.9256198347107438
Model size: (5, 13)
Validation fitness: 0.9197930142302717 
Elapsed: 2.376862049102783

*** Epoch 1, batch 437/520 ***
Training fitness: 0.9008264462809917
Model size: (2, 5)
Validation fitness: 0.9005446842848497 
Elapsed: 2.2348012924194336

*** Epoch 1, batch 438/520 ***
Training fitness: 0.9321266968325792
Model size: (7, 17)
Validation fitness: 0.91649605147704 
Elapsed: 2.2840628623962402

*** Epoch 1, batch 439/520 ***
Training fitness: 0.9382716049382716
Model size: (6, 15)
Validation fitness: 0.9223600258083017 
Elapsed: 2.3078043460845947

*** Epoch 1, batch 440/520 ***
Training fitness: 0.9140625
Model size: (6, 15)
Validation fitness: 0.9223600258083017 
Elapsed: 2.2761967182159424

*** Epoch 1, batch 441/520 ***
Training fitness: 0.9365079365079365
Model size: (6, 16)
Validation fitness: 0.9186803646360874 
Elapsed: 2.342817544937134

*** Epoch 1, batch 442/520 ***
Training fitness: 0.9135802469135802
Model size: (3, 11)
Validation fitness: 0.9098986533388865 
Elapsed: 2.22971248626709

*** Epoch 1, batch 443/520 ***
Training fitness: 0.8977777777777778
Model size: (6, 15)
Validation fitness: 0.9223600258083017 
Elapsed: 2.2833101749420166

*** Epoch 1, batch 444/520 ***
Training fitness: 0.9482071713147411
Model size: (3, 11)
Validation fitness: 0.9098986533388865 
Elapsed: 2.183180809020996

*** Epoch 1, batch 445/520 ***
Training fitness: 0.9285714285714286
Model size: (3, 6)
Validation fitness: 0.9015364639688379 
Elapsed: 2.117288827896118

*** Epoch 1, batch 446/520 ***
Training fitness: 0.9037656903765691
Model size: (5, 11)
Validation fitness: 0.9062935115566695 
Elapsed: 2.3303215503692627

*** Epoch 1, batch 447/520 ***
Training fitness: 0.9427312775330396
Model size: (4, 10)
Validation fitness: 0.9073337123365549 
Elapsed: 2.29292893409729

*** Epoch 1, batch 448/520 ***
Training fitness: 0.9307692307692308
Model size: (4, 10)
Validation fitness: 0.9073337123365549 
Elapsed: 2.2569901943206787

*** Epoch 1, batch 449/520 ***
Training fitness: 0.8823529411764706
Model size: (9, 10)
Validation fitness: 0.9021311252884485 
Elapsed: 2.20576810836792

*** Epoch 1, batch 450/520 ***
Training fitness: 0.9236363636363636
Model size: (5, 12)
Validation fitness: 0.8992410363779115 
Elapsed: 2.1305179595947266

*** Epoch 1, batch 451/520 ***
Training fitness: 0.9218106995884774
Model size: (4, 9)
Validation fitness: 0.9075107751006853 
Elapsed: 2.1509006023406982

*** Epoch 1, batch 452/520 ***
Training fitness: 0.926605504587156
Model size: (6, 16)
Validation fitness: 0.913177858949143 
Elapsed: 2.4200615882873535

*** Epoch 1, batch 453/520 ***
Training fitness: 0.9130434782608695
Model size: (6, 16)
Validation fitness: 0.913177858949143 
Elapsed: 2.4381861686706543

*** Epoch 1, batch 454/520 ***
Training fitness: 0.9321266968325792
Model size: (7, 14)
Validation fitness: 0.9085635359116022 
Elapsed: 2.306840658187866

*** Epoch 1, batch 455/520 ***
Training fitness: 0.9045643153526971
Model size: (7, 17)
Validation fitness: 0.9128734990226194 
Elapsed: 2.3397510051727295

*** Epoch 1, batch 456/520 ***
Training fitness: 0.9224137931034483
Model size: (6, 16)
Validation fitness: 0.913177858949143 
Elapsed: 2.4929983615875244

*** Epoch 1, batch 457/520 ***
Training fitness: 0.9173553719008265
Model size: (6, 9)
Validation fitness: 0.8614347475635671 
Elapsed: 2.1904547214508057

*** Epoch 1, batch 458/520 ***
Training fitness: 0.9623430962343096
Model size: (4, 9)
Validation fitness: 0.8892319000367512 
Elapsed: 2.2294797897338867

*** Epoch 1, batch 459/520 ***
Training fitness: 0.926605504587156
Model size: (7, 11)
Validation fitness: 0.8693965838740956 
Elapsed: 2.0952537059783936

*** Epoch 1, batch 460/520 ***
Training fitness: 0.9217391304347826
Model size: (6, 16)
Validation fitness: 0.913177858949143 
Elapsed: 2.299415349960327

*** Epoch 1, batch 461/520 ***
Training fitness: 0.9367088607594937
Model size: (7, 17)
Validation fitness: 0.9128734990226194 
Elapsed: 2.4259033203125

*** Epoch 1, batch 462/520 ***
Training fitness: 0.9159663865546218
Model size: (7, 17)
Validation fitness: 0.9128734990226194 
Elapsed: 2.3476617336273193

*** Epoch 1, batch 463/520 ***
Training fitness: 0.9042145593869731
Model size: (7, 17)
Validation fitness: 0.9128734990226194 
Elapsed: 2.3286283016204834

*** Epoch 1, batch 464/520 ***
Training fitness: 0.9311740890688259
Model size: (7, 17)
Validation fitness: 0.9128734990226194 
Elapsed: 2.346342086791992

*** Epoch 1, batch 465/520 ***
Training fitness: 0.9328358208955224
Model size: (6, 11)
Validation fitness: 0.9043465929234915 
Elapsed: 2.345200538635254

*** Epoch 1, batch 466/520 ***
Training fitness: 0.9166666666666666
Model size: (6, 11)
Validation fitness: 0.9043465929234915 
Elapsed: 2.3810336589813232

*** Epoch 1, batch 467/520 ***
Training fitness: 0.9333333333333333
Model size: (8, 10)
Validation fitness: 0.9062326869806094 
Elapsed: 2.2134432792663574

*** Epoch 1, batch 468/520 ***
Training fitness: 0.8979591836734694
Model size: (7, 14)
Validation fitness: 0.9085635359116022 
Elapsed: 2.328810214996338

*** Epoch 1, batch 469/520 ***
Training fitness: 0.9157509157509157
Model size: (6, 15)
Validation fitness: 0.9030840030221856 
Elapsed: 2.318478584289551

*** Epoch 1, batch 470/520 ***
Training fitness: 0.9344978165938864
Model size: (4, 5)
Validation fitness: 0.9112563543936093 
Elapsed: 2.1510202884674072

*** Epoch 1, batch 471/520 ***
Training fitness: 0.9516129032258065
Model size: (4, 5)
Validation fitness: 0.9112563543936093 
Elapsed: 3.4459128379821777

*** Epoch 1, batch 472/520 ***
Training fitness: 0.9300411522633745
Model size: (4, 5)
Validation fitness: 0.9112563543936093 
Elapsed: 2.154130220413208

*** Epoch 1, batch 473/520 ***
Training fitness: 0.9218106995884774
Model size: (5, 11)
Validation fitness: 0.8912881102736471 
Elapsed: 4.375135898590088

*** Epoch 1, batch 474/520 ***
Training fitness: 0.9251101321585903
Model size: (4, 5)
Validation fitness: 0.9112563543936093 
Elapsed: 4.347356081008911

*** Epoch 1, batch 475/520 ***
Training fitness: 0.9477911646586346
Model size: (4, 5)
Validation fitness: 0.9141764622574706 
Elapsed: 4.0464184284210205

*** Epoch 1, batch 476/520 ***
Training fitness: 0.9169960474308301
Model size: (7, 10)
Validation fitness: 0.9116563564328908 
Elapsed: 4.0038673877716064

*** Epoch 1, batch 477/520 ***
Training fitness: 0.9531914893617022
Model size: (7, 10)
Validation fitness: 0.9116563564328908 
Elapsed: 4.239014148712158

*** Epoch 1, batch 478/520 ***
Training fitness: 0.9244444444444444
Model size: (7, 10)
Validation fitness: 0.9116563564328908 
Elapsed: 4.099228858947754

*** Epoch 1, batch 479/520 ***
Training fitness: 0.9082969432314411
Model size: (4, 5)
Validation fitness: 0.9141764622574706 
Elapsed: 4.115968465805054

*** Epoch 1, batch 480/520 ***
Training fitness: 0.9230769230769231
Model size: (7, 10)
Validation fitness: 0.9116563564328908 
Elapsed: 3.988213300704956

*** Epoch 1, batch 481/520 ***
Training fitness: 0.9251101321585903
Model size: (4, 5)
Validation fitness: 0.9112563543936093 
Elapsed: 4.276142358779907

*** Epoch 1, batch 482/520 ***
Training fitness: 0.9186991869918699
Model size: (5, 12)
Validation fitness: 0.8988443429875874 
Elapsed: 3.7366719245910645

*** Epoch 1, batch 483/520 ***
Training fitness: 0.9477911646586346
Model size: (6, 9)
Validation fitness: 0.8885782189291207 
Elapsed: 2.1711511611938477

*** Epoch 1, batch 484/520 ***
Training fitness: 0.9024390243902439
Model size: (7, 10)
Validation fitness: 0.9116563564328908 
Elapsed: 2.1161065101623535

*** Epoch 1, batch 485/520 ***
Training fitness: 0.9519650655021834
Model size: (4, 11)
Validation fitness: 0.8947016422679647 
Elapsed: 2.2774977684020996

*** Epoch 1, batch 486/520 ***
Training fitness: 0.919431279620853
Model size: (8, 14)
Validation fitness: 0.8682455736951024 
Elapsed: 2.154232978820801

*** Epoch 1, batch 487/520 ***
Training fitness: 0.9184549356223176
Model size: (7, 10)
Validation fitness: 0.9116563564328908 
Elapsed: 2.104149103164673

*** Epoch 1, batch 488/520 ***
Training fitness: 0.9321266968325792
Model size: (4, 5)
Validation fitness: 0.9112563543936093 
Elapsed: 2.163149356842041

*** Epoch 1, batch 489/520 ***
Training fitness: 0.9251101321585903
Model size: (6, 16)
Validation fitness: 0.9078278306954093 
Elapsed: 2.297875165939331

*** Epoch 1, batch 490/520 ***
Training fitness: 0.9038461538461539
Model size: (7, 17)
Validation fitness: 0.9044981165521826 
Elapsed: 2.3544604778289795

*** Epoch 1, batch 491/520 ***
Training fitness: 0.919831223628692
Model size: (4, 5)
Validation fitness: 0.9112563543936093 
Elapsed: 2.238948106765747

*** Epoch 1, batch 492/520 ***
Training fitness: 0.935064935064935
Model size: (7, 17)
Validation fitness: 0.9044981165521826 
Elapsed: 2.3983850479125977

*** Epoch 1, batch 493/520 ***
Training fitness: 0.9217391304347826
Model size: (9, 15)
Validation fitness: 0.9064199449113638 
Elapsed: 2.2137012481689453

*** Epoch 1, batch 494/520 ***
Training fitness: 0.9387755102040817
Model size: (6, 8)
Validation fitness: 0.8996572995202193 
Elapsed: 2.2790191173553467

*** Epoch 1, batch 495/520 ***
Training fitness: 0.9043478260869565
Model size: (7, 17)
Validation fitness: 0.9044981165521826 
Elapsed: 2.4220731258392334

*** Epoch 1, batch 496/520 ***
Training fitness: 0.91324200913242
Model size: (6, 10)
Validation fitness: 0.9121820991991008 
Elapsed: 2.2367379665374756

*** Epoch 1, batch 497/520 ***
Training fitness: 0.8983050847457628
Model size: (6, 16)
Validation fitness: 0.9078278306954093 
Elapsed: 2.414046287536621

*** Epoch 1, batch 498/520 ***
Training fitness: 0.8986784140969163
Model size: (8, 19)
Validation fitness: 0.8991127647395535 
Elapsed: 2.444507122039795

*** Epoch 1, batch 499/520 ***
Training fitness: 0.9133858267716536
Model size: (6, 10)
Validation fitness: 0.9121820991991008 
Elapsed: 2.2062032222747803

*** Epoch 1, batch 500/520 ***
Training fitness: 0.9177489177489178
Model size: (5, 8)
Validation fitness: 0.908963878991127 
Elapsed: 2.2509148120880127

*** Epoch 1, batch 501/520 ***
Training fitness: 0.8906882591093117
Model size: (4, 6)
Validation fitness: 0.8972227853233327 
Elapsed: 2.122922658920288

*** Epoch 1, batch 502/520 ***
Training fitness: 0.9176470588235294
Model size: (6, 7)
Validation fitness: 0.9041958041958041 
Elapsed: 2.1694047451019287

*** Epoch 1, batch 503/520 ***
Training fitness: 0.9205020920502092
Model size: (17, 26)
Validation fitness: 0.9122626232886796 
Elapsed: 2.4199576377868652

*** Epoch 1, batch 504/520 ***
Training fitness: 0.896551724137931
Model size: (4, 6)
Validation fitness: 0.8972227853233327 
Elapsed: 2.135021448135376

*** Epoch 1, batch 505/520 ***
Training fitness: 0.9326923076923077
Model size: (16, 26)
Validation fitness: 0.9145305351826302 
Elapsed: 2.4461278915405273

*** Epoch 1, batch 506/520 ***
Training fitness: 0.9082969432314411
Model size: (6, 10)
Validation fitness: 0.9079565472695243 
Elapsed: 2.3565261363983154

*** Epoch 1, batch 507/520 ***
Training fitness: 0.9215686274509803
Model size: (6, 10)
Validation fitness: 0.9079565472695243 
Elapsed: 2.2865068912506104

*** Epoch 1, batch 508/520 ***
Training fitness: 0.905829596412556
Model size: (10, 20)
Validation fitness: 0.9054495319642987 
Elapsed: 2.512554883956909

*** Epoch 1, batch 509/520 ***
Training fitness: 0.9121338912133892
Model size: (10, 20)
Validation fitness: 0.9054495319642987 
Elapsed: 2.5302863121032715

*** Epoch 1, batch 510/520 ***
Training fitness: 0.9417040358744395
Model size: (6, 9)
Validation fitness: 0.9121309640408563 
Elapsed: 2.3789124488830566

*** Epoch 1, batch 511/520 ***
Training fitness: 0.8992248062015504
Model size: (8, 13)
Validation fitness: 0.8575210757332962 
Elapsed: 2.3980636596679688

*** Epoch 1, batch 512/520 ***
Training fitness: 0.9453125
Model size: (6, 9)
Validation fitness: 0.9165858389912707 
Elapsed: 2.2508509159088135

*** Epoch 1, batch 513/520 ***
Training fitness: 0.9230769230769231
Model size: (8, 16)
Validation fitness: 0.9096092337644277 
Elapsed: 2.3449697494506836

*** Epoch 1, batch 514/520 ***
Training fitness: 0.9369369369369369
Model size: (9, 20)
Validation fitness: 0.9100141043723554 
Elapsed: 2.4999096393585205

*** Epoch 1, batch 515/520 ***
Training fitness: 0.8979591836734694
Model size: (8, 16)
Validation fitness: 0.9168278529980658 
Elapsed: 2.291921377182007

*** Epoch 1, batch 516/520 ***
Training fitness: 0.9369369369369369
Model size: (6, 9)
Validation fitness: 0.9165858389912707 
Elapsed: 2.299565553665161

*** Epoch 1, batch 517/520 ***
Training fitness: 0.91324200913242
Model size: (6, 8)
Validation fitness: 0.8744101080834221 
Elapsed: 2.3040571212768555

*** Epoch 1, batch 518/520 ***
Training fitness: 0.9181818181818182
Model size: (7, 11)
Validation fitness: 0.9047967241883592 
Elapsed: 2.536931276321411

*** Epoch 1, batch 519/520 ***
Training fitness: 0.9300411522633745
Model size: (5, 8)
Validation fitness: 0.9146323848042756 
Elapsed: 2.3606369495391846

*** Epoch 1, batch 520/520 ***
Training fitness: 0.8888888888888888
Model size: (6, 9)
Validation fitness: 0.9165858389912707 
Elapsed: 2.3080527782440186

Total train time: 1203.834820508957
Test time: 0.32100749015808105
Test fitness: 0.9274246276788958
Test statistics: Stats(total=14791, total_true=7158, total_false=7633, true_positive=6383, true_negative=7409, false_positive=224, false_negative=775, tpr=0.8917295333892149, tnr=0.970653740338006, ppv=0.9660965642500379, npv=0.9053030303030303, accuracy=0.9324589277263201, f1=0.9274246276788958, mcc=0.8668797119988723)
