Configuration:
Dataset: nsl_kdd
Selector: pca
Fold: 9
Fitness: f1
Batch size: 256
Epochs: 1
Config args: {}
*** Epoch 1, batch 1/520 ***
Training fitness: 0.8703703703703703
Model size: (1, 12)
Validation fitness: 0.8726880172724002 !!!
Elapsed: 3.3769443035125732

*** Epoch 1, batch 2/520 ***
Training fitness: 0.8559670781893004
Model size: (1, 12)
Validation fitness: 0.8630320934604538 
Elapsed: 3.607926607131958

*** Epoch 1, batch 3/520 ***
Training fitness: 0.8925619834710744
Model size: (2, 14)
Validation fitness: 0.8747720808110276 !!!
Elapsed: 3.737438440322876

*** Epoch 1, batch 4/520 ***
Training fitness: 0.8764044943820225
Model size: (3, 14)
Validation fitness: 0.8872409730404047 !!!
Elapsed: 3.8361575603485107

*** Epoch 1, batch 5/520 ***
Training fitness: 0.9022556390977443
Model size: (3, 12)
Validation fitness: 0.8817760106030483 
Elapsed: 4.084366321563721

*** Epoch 1, batch 6/520 ***
Training fitness: 0.9230769230769231
Model size: (1, 8)
Validation fitness: 0.8930500540151243 !!!
Elapsed: 3.752073287963867

*** Epoch 1, batch 7/520 ***
Training fitness: 0.9411764705882353
Model size: (1, 8)
Validation fitness: 0.901887316125451 !!!
Elapsed: 3.603375196456909

*** Epoch 1, batch 8/520 ***
Training fitness: 0.9285714285714286
Model size: (2, 12)
Validation fitness: 0.894368736029995 
Elapsed: 3.703794240951538

*** Epoch 1, batch 9/520 ***
Training fitness: 0.92018779342723
Model size: (1, 5)
Validation fitness: 0.9002936857562408 
Elapsed: 3.6473801136016846

*** Epoch 1, batch 10/520 ***
Training fitness: 0.9218106995884774
Model size: (1, 8)
Validation fitness: 0.8979621332562508 
Elapsed: 3.665682077407837

*** Epoch 1, batch 11/520 ***
Training fitness: 0.9230769230769231
Model size: (1, 5)
Validation fitness: 0.8967991962107076 
Elapsed: 3.69586443901062

*** Epoch 1, batch 12/520 ***
Training fitness: 0.9216589861751152
Model size: (1, 9)
Validation fitness: 0.8795803994826843 
Elapsed: 3.680680513381958

*** Epoch 1, batch 13/520 ***
Training fitness: 0.921161825726141
Model size: (1, 8)
Validation fitness: 0.8858220103862844 
Elapsed: 3.7254977226257324

*** Epoch 1, batch 14/520 ***
Training fitness: 0.8761061946902655
Model size: (2, 11)
Validation fitness: 0.9072541041111267 !!!
Elapsed: 3.6811752319335938

*** Epoch 1, batch 15/520 ***
Training fitness: 0.9253731343283582
Model size: (3, 12)
Validation fitness: 0.8945044494259901 
Elapsed: 4.111203670501709

*** Epoch 1, batch 16/520 ***
Training fitness: 0.9166666666666666
Model size: (1, 9)
Validation fitness: 0.910754189944134 !!!
Elapsed: 3.8299083709716797

*** Epoch 1, batch 17/520 ***
Training fitness: 0.9180327868852459
Model size: (2, 7)
Validation fitness: 0.9147743201569947 !!!
Elapsed: 3.7836341857910156

*** Epoch 1, batch 18/520 ***
Training fitness: 0.9422222222222222
Model size: (1, 5)
Validation fitness: 0.9128394710649794 
Elapsed: 3.8209521770477295

*** Epoch 1, batch 19/520 ***
Training fitness: 0.8917748917748918
Model size: (1, 5)
Validation fitness: 0.9128394710649794 
Elapsed: 3.97200345993042

*** Epoch 1, batch 20/520 ***
Training fitness: 0.8994708994708994
Model size: (1, 5)
Validation fitness: 0.880215746497865 
Elapsed: 4.081241130828857

*** Epoch 1, batch 21/520 ***
Training fitness: 0.9259259259259259
Model size: (2, 7)
Validation fitness: 0.9139906634601782 
Elapsed: 4.005406379699707

*** Epoch 1, batch 22/520 ***
Training fitness: 0.923728813559322
Model size: (3, 13)
Validation fitness: 0.8995639753420538 
Elapsed: 4.062432765960693

*** Epoch 1, batch 23/520 ***
Training fitness: 0.918918918918919
Model size: (4, 13)
Validation fitness: 0.9100655151876117 
Elapsed: 2.260627031326294

*** Epoch 1, batch 24/520 ***
Training fitness: 0.896551724137931
Model size: (1, 7)
Validation fitness: 0.918736718692753 !!!
Elapsed: 2.1055197715759277

*** Epoch 1, batch 25/520 ***
Training fitness: 0.9152542372881356
Model size: (3, 13)
Validation fitness: 0.917831028741041 
Elapsed: 2.2957212924957275

*** Epoch 1, batch 26/520 ***
Training fitness: 0.9539748953974896
Model size: (2, 9)
Validation fitness: 0.9080871809578435 
Elapsed: 2.1682932376861572

*** Epoch 1, batch 27/520 ***
Training fitness: 0.9274193548387096
Model size: (8, 16)
Validation fitness: 0.9110702672133465 
Elapsed: 2.3762972354888916

*** Epoch 1, batch 28/520 ***
Training fitness: 0.929368029739777
Model size: (4, 12)
Validation fitness: 0.9078493387004025 
Elapsed: 2.3431310653686523

*** Epoch 1, batch 29/520 ***
Training fitness: 0.9318181818181818
Model size: (7, 16)
Validation fitness: 0.9029784320438206 
Elapsed: 2.2817068099975586

*** Epoch 1, batch 30/520 ***
Training fitness: 0.9338235294117647
Model size: (3, 10)
Validation fitness: 0.9118150684931506 
Elapsed: 2.266307830810547

*** Epoch 1, batch 31/520 ***
Training fitness: 0.9310344827586207
Model size: (6, 16)
Validation fitness: 0.9226852862026329 !!!
Elapsed: 2.453080177307129

*** Epoch 1, batch 32/520 ***
Training fitness: 0.95
Model size: (6, 16)
Validation fitness: 0.9226852862026329 
Elapsed: 2.4588825702667236

*** Epoch 1, batch 33/520 ***
Training fitness: 0.925
Model size: (9, 20)
Validation fitness: 0.915657561250352 
Elapsed: 2.5419089794158936

*** Epoch 1, batch 34/520 ***
Training fitness: 0.9244444444444444
Model size: (5, 14)
Validation fitness: 0.9205837060937156 
Elapsed: 2.4642155170440674

*** Epoch 1, batch 35/520 ***
Training fitness: 0.9053497942386831
Model size: (9, 18)
Validation fitness: 0.9154356668807536 
Elapsed: 2.457761764526367

*** Epoch 1, batch 36/520 ***
Training fitness: 0.9406392694063926
Model size: (5, 14)
Validation fitness: 0.9205837060937156 
Elapsed: 2.436741828918457

*** Epoch 1, batch 37/520 ***
Training fitness: 0.9568345323741008
Model size: (9, 20)
Validation fitness: 0.915657561250352 
Elapsed: 2.5544567108154297

*** Epoch 1, batch 38/520 ***
Training fitness: 0.9142857142857143
Model size: (9, 20)
Validation fitness: 0.915657561250352 
Elapsed: 2.7002182006835938

*** Epoch 1, batch 39/520 ***
Training fitness: 0.9150943396226415
Model size: (4, 11)
Validation fitness: 0.90598656950993 
Elapsed: 2.4469728469848633

*** Epoch 1, batch 40/520 ***
Training fitness: 0.9243697478991597
Model size: (5, 12)
Validation fitness: 0.9188646788990825 
Elapsed: 2.512301206588745

*** Epoch 1, batch 41/520 ***
Training fitness: 0.9682539682539683
Model size: (5, 12)
Validation fitness: 0.9188646788990825 
Elapsed: 2.4168877601623535

*** Epoch 1, batch 42/520 ***
Training fitness: 0.9145299145299145
Model size: (3, 6)
Validation fitness: 0.8928440097080238 
Elapsed: 2.2859067916870117

*** Epoch 1, batch 43/520 ***
Training fitness: 0.9304347826086956
Model size: (2, 8)
Validation fitness: 0.9051105472997463 
Elapsed: 2.3159663677215576

*** Epoch 1, batch 44/520 ***
Training fitness: 0.9377593360995851
Model size: (4, 9)
Validation fitness: 0.9103027724597603 
Elapsed: 2.310110092163086

*** Epoch 1, batch 45/520 ***
Training fitness: 0.911504424778761
Model size: (4, 8)
Validation fitness: 0.9098464572474997 
Elapsed: 2.343252658843994

*** Epoch 1, batch 46/520 ***
Training fitness: 0.9575289575289575
Model size: (4, 9)
Validation fitness: 0.9055638456619057 
Elapsed: 2.315735101699829

*** Epoch 1, batch 47/520 ***
Training fitness: 0.9149797570850202
Model size: (10, 24)
Validation fitness: 0.9095440551238821 
Elapsed: 2.700568914413452

*** Epoch 1, batch 48/520 ***
Training fitness: 0.940677966101695
Model size: (2, 6)
Validation fitness: 0.9145123592322403 
Elapsed: 2.337085485458374

*** Epoch 1, batch 49/520 ***
Training fitness: 0.8898678414096917
Model size: (10, 25)
Validation fitness: 0.9060147680837336 
Elapsed: 2.621549606323242

*** Epoch 1, batch 50/520 ***
Training fitness: 0.9272030651340997
Model size: (5, 15)
Validation fitness: 0.9019302835324896 
Elapsed: 2.4043357372283936

*** Epoch 1, batch 51/520 ***
Training fitness: 0.9191489361702128
Model size: (3, 5)
Validation fitness: 0.904510484235933 
Elapsed: 2.405453681945801

*** Epoch 1, batch 52/520 ***
Training fitness: 0.9237668161434978
Model size: (6, 13)
Validation fitness: 0.9052376195233338 
Elapsed: 2.4717485904693604

*** Epoch 1, batch 53/520 ***
Training fitness: 0.8532110091743119
Model size: (4, 9)
Validation fitness: 0.9060234244283324 
Elapsed: 2.360304355621338

*** Epoch 1, batch 54/520 ***
Training fitness: 0.9207547169811321
Model size: (3, 9)
Validation fitness: 0.9062966915688367 
Elapsed: 2.3091468811035156

*** Epoch 1, batch 55/520 ***
Training fitness: 0.9435483870967742
Model size: (3, 9)
Validation fitness: 0.9155080213903743 
Elapsed: 2.346207618713379

*** Epoch 1, batch 56/520 ***
Training fitness: 0.9302325581395349
Model size: (10, 24)
Validation fitness: 0.9095440551238821 
Elapsed: 2.668266773223877

*** Epoch 1, batch 57/520 ***
Training fitness: 0.9372384937238494
Model size: (4, 8)
Validation fitness: 0.9015333187995058 
Elapsed: 2.3460302352905273

*** Epoch 1, batch 58/520 ***
Training fitness: 0.9315068493150684
Model size: (10, 26)
Validation fitness: 0.9177784222737819 
Elapsed: 2.5892491340637207

*** Epoch 1, batch 59/520 ***
Training fitness: 0.9205020920502092
Model size: (2, 8)
Validation fitness: 0.9125826872466036 
Elapsed: 2.394533634185791

*** Epoch 1, batch 60/520 ***
Training fitness: 0.925
Model size: (5, 12)
Validation fitness: 0.915722732777659 
Elapsed: 2.40523362159729

*** Epoch 1, batch 61/520 ***
Training fitness: 0.9116279069767442
Model size: (12, 24)
Validation fitness: 0.8983712874935514 
Elapsed: 2.6758179664611816

*** Epoch 1, batch 62/520 ***
Training fitness: 0.9456066945606695
Model size: (10, 26)
Validation fitness: 0.9177784222737819 
Elapsed: 2.689117193222046

*** Epoch 1, batch 63/520 ***
Training fitness: 0.909952606635071
Model size: (5, 12)
Validation fitness: 0.8979411764705882 
Elapsed: 2.7021751403808594

*** Epoch 1, batch 64/520 ***
Training fitness: 0.9083333333333333
Model size: (10, 24)
Validation fitness: 0.9050303555941024 
Elapsed: 2.911062002182007

*** Epoch 1, batch 65/520 ***
Training fitness: 0.9367088607594937
Model size: (4, 12)
Validation fitness: 0.9085987034266582 
Elapsed: 2.650956153869629

*** Epoch 1, batch 66/520 ***
Training fitness: 0.896
Model size: (10, 26)
Validation fitness: 0.9177784222737819 
Elapsed: 2.758408784866333

*** Epoch 1, batch 67/520 ***
Training fitness: 0.9083333333333333
Model size: (10, 19)
Validation fitness: 0.9046621998883305 
Elapsed: 2.760978937149048

*** Epoch 1, batch 68/520 ***
Training fitness: 0.8888888888888888
Model size: (11, 27)
Validation fitness: 0.9172164290274526 
Elapsed: 2.7035794258117676

*** Epoch 1, batch 69/520 ***
Training fitness: 0.9322709163346613
Model size: (5, 10)
Validation fitness: 0.9087164398675984 
Elapsed: 2.6258552074432373

*** Epoch 1, batch 70/520 ***
Training fitness: 0.905829596412556
Model size: (11, 20)
Validation fitness: 0.9067197170645447 
Elapsed: 2.770714521408081

*** Epoch 1, batch 71/520 ***
Training fitness: 0.9068825910931174
Model size: (11, 20)
Validation fitness: 0.9067197170645447 
Elapsed: 2.628850221633911

*** Epoch 1, batch 72/520 ***
Training fitness: 0.9400921658986175
Model size: (6, 12)
Validation fitness: 0.9098924088463838 
Elapsed: 2.4109816551208496

*** Epoch 1, batch 73/520 ***
Training fitness: 0.9230769230769231
Model size: (11, 23)
Validation fitness: 0.8963652748573145 
Elapsed: 2.4056098461151123

*** Epoch 1, batch 74/520 ***
Training fitness: 0.9068825910931174
Model size: (7, 18)
Validation fitness: 0.9009157887488811 
Elapsed: 2.5368049144744873

*** Epoch 1, batch 75/520 ***
Training fitness: 0.9122807017543859
Model size: (11, 20)
Validation fitness: 0.9067197170645447 
Elapsed: 2.59395170211792

*** Epoch 1, batch 76/520 ***
Training fitness: 0.918918918918919
Model size: (11, 20)
Validation fitness: 0.9067197170645447 
Elapsed: 2.4549641609191895

*** Epoch 1, batch 77/520 ***
Training fitness: 0.928
Model size: (5, 11)
Validation fitness: 0.9139194139194139 
Elapsed: 2.3741769790649414

*** Epoch 1, batch 78/520 ***
Training fitness: 0.9285714285714286
Model size: (5, 11)
Validation fitness: 0.9139194139194139 
Elapsed: 2.2940561771392822

*** Epoch 1, batch 79/520 ***
Training fitness: 0.9243697478991597
Model size: (4, 9)
Validation fitness: 0.9105135865699246 
Elapsed: 2.2545058727264404

*** Epoch 1, batch 80/520 ***
Training fitness: 0.9349593495934959
Model size: (2, 6)
Validation fitness: 0.9040269398063702 
Elapsed: 2.229555130004883

*** Epoch 1, batch 81/520 ***
Training fitness: 0.9338235294117647
Model size: (6, 11)
Validation fitness: 0.9045464039546056 
Elapsed: 2.300434112548828

*** Epoch 1, batch 82/520 ***
Training fitness: 0.9245283018867925
Model size: (5, 11)
Validation fitness: 0.8857589984350548 
Elapsed: 2.2691092491149902

*** Epoch 1, batch 83/520 ***
Training fitness: 0.9264069264069265
Model size: (3, 6)
Validation fitness: 0.9077496060736284 
Elapsed: 2.2092199325561523

*** Epoch 1, batch 84/520 ***
Training fitness: 0.9180327868852459
Model size: (8, 16)
Validation fitness: 0.9064821558630736 
Elapsed: 2.479201555252075

*** Epoch 1, batch 85/520 ***
Training fitness: 0.9512195121951219
Model size: (8, 16)
Validation fitness: 0.9064821558630736 
Elapsed: 2.377444267272949

*** Epoch 1, batch 86/520 ***
Training fitness: 0.9247311827956989
Model size: (6, 7)
Validation fitness: 0.9097712510590229 
Elapsed: 2.3168141841888428

*** Epoch 1, batch 87/520 ***
Training fitness: 0.952755905511811
Model size: (3, 6)
Validation fitness: 0.9077496060736284 
Elapsed: 2.298591375350952

*** Epoch 1, batch 88/520 ***
Training fitness: 0.9396551724137931
Model size: (5, 13)
Validation fitness: 0.895580872215369 
Elapsed: 3.008979558944702

*** Epoch 1, batch 89/520 ***
Training fitness: 0.9245283018867925
Model size: (9, 20)
Validation fitness: 0.9208840256281046 
Elapsed: 5.061242580413818

*** Epoch 1, batch 90/520 ***
Training fitness: 0.9090909090909091
Model size: (4, 9)
Validation fitness: 0.8993927684239581 
Elapsed: 3.2913272380828857

*** Epoch 1, batch 91/520 ***
Training fitness: 0.9147982062780269
Model size: (7, 14)
Validation fitness: 0.9158997593090754 
Elapsed: 2.397111177444458

*** Epoch 1, batch 92/520 ***
Training fitness: 0.9477911646586346
Model size: (3, 6)
Validation fitness: 0.9077496060736284 
Elapsed: 2.319284439086914

*** Epoch 1, batch 93/520 ***
Training fitness: 0.9243027888446215
Model size: (9, 19)
Validation fitness: 0.9209491920221284 
Elapsed: 2.502427577972412

*** Epoch 1, batch 94/520 ***
Training fitness: 0.9224137931034483
Model size: (9, 20)
Validation fitness: 0.9208840256281046 
Elapsed: 2.595237970352173

*** Epoch 1, batch 95/520 ***
Training fitness: 0.9047619047619048
Model size: (9, 20)
Validation fitness: 0.9208840256281046 
Elapsed: 2.6269917488098145

*** Epoch 1, batch 96/520 ***
Training fitness: 0.9122807017543859
Model size: (5, 11)
Validation fitness: 0.9139194139194139 
Elapsed: 2.442697286605835

*** Epoch 1, batch 97/520 ***
Training fitness: 0.9310344827586207
Model size: (6, 12)
Validation fitness: 0.9034246095664963 
Elapsed: 2.5497703552246094

*** Epoch 1, batch 98/520 ***
Training fitness: 0.9389312977099237
Model size: (5, 11)
Validation fitness: 0.9139194139194139 
Elapsed: 2.369537353515625

*** Epoch 1, batch 99/520 ***
Training fitness: 0.933920704845815
Model size: (5, 9)
Validation fitness: 0.9005173688100517 
Elapsed: 2.3730692863464355

*** Epoch 1, batch 100/520 ***
Training fitness: 0.9473684210526315
Model size: (3, 7)
Validation fitness: 0.9107079331198862 
Elapsed: 2.2858598232269287

*** Epoch 1, batch 101/520 ***
Training fitness: 0.9043478260869565
Model size: (8, 10)
Validation fitness: 0.9058891454965358 
Elapsed: 2.3868136405944824

*** Epoch 1, batch 102/520 ***
Training fitness: 0.9306122448979591
Model size: (4, 7)
Validation fitness: 0.9152712899748473 
Elapsed: 2.3598132133483887

*** Epoch 1, batch 103/520 ***
Training fitness: 0.9122807017543859
Model size: (9, 18)
Validation fitness: 0.8965568750466801 
Elapsed: 2.3989315032958984

*** Epoch 1, batch 104/520 ***
Training fitness: 0.9260700389105059
Model size: (5, 11)
Validation fitness: 0.9139194139194139 
Elapsed: 2.367969036102295

*** Epoch 1, batch 105/520 ***
Training fitness: 0.9523809523809523
Model size: (9, 20)
Validation fitness: 0.9060269335491942 
Elapsed: 2.4675981998443604

*** Epoch 1, batch 106/520 ***
Training fitness: 0.9417040358744395
Model size: (8, 18)
Validation fitness: 0.898769116001492 
Elapsed: 2.4317526817321777

*** Epoch 1, batch 107/520 ***
Training fitness: 0.9203539823008849
Model size: (5, 11)
Validation fitness: 0.918227033352838 
Elapsed: 2.5441012382507324

*** Epoch 1, batch 108/520 ***
Training fitness: 0.9230769230769231
Model size: (8, 10)
Validation fitness: 0.9061377030329165 
Elapsed: 2.413396120071411

*** Epoch 1, batch 109/520 ***
Training fitness: 0.9073170731707317
Model size: (5, 11)
Validation fitness: 0.918227033352838 
Elapsed: 2.5382139682769775

*** Epoch 1, batch 110/520 ***
Training fitness: 0.9485294117647058
Model size: (3, 8)
Validation fitness: 0.9076571597022625 
Elapsed: 2.4101688861846924

*** Epoch 1, batch 111/520 ***
Training fitness: 0.9554655870445344
Model size: (5, 11)
Validation fitness: 0.918227033352838 
Elapsed: 2.5031070709228516

*** Epoch 1, batch 112/520 ***
Training fitness: 0.9137931034482759
Model size: (5, 11)
Validation fitness: 0.918227033352838 
Elapsed: 2.5330896377563477

*** Epoch 1, batch 113/520 ***
Training fitness: 0.9398496240601504
Model size: (5, 11)
Validation fitness: 0.918227033352838 
Elapsed: 2.556929349899292

*** Epoch 1, batch 114/520 ***
Training fitness: 0.9285714285714286
Model size: (6, 14)
Validation fitness: 0.9101040118870728 
Elapsed: 2.6532227993011475

*** Epoch 1, batch 115/520 ***
Training fitness: 0.9426229508196722
Model size: (8, 15)
Validation fitness: 0.907910447761194 
Elapsed: 2.420037269592285

*** Epoch 1, batch 116/520 ***
Training fitness: 0.9375
Model size: (9, 17)
Validation fitness: 0.8992928917007815 
Elapsed: 2.3706276416778564

*** Epoch 1, batch 117/520 ***
Training fitness: 0.953125
Model size: (5, 11)
Validation fitness: 0.9147588192944565 
Elapsed: 2.5443496704101562

*** Epoch 1, batch 118/520 ***
Training fitness: 0.9454545454545454
Model size: (7, 13)
Validation fitness: 0.9090258904305536 
Elapsed: 2.5115597248077393

*** Epoch 1, batch 119/520 ***
Training fitness: 0.935064935064935
Model size: (5, 11)
Validation fitness: 0.9147588192944565 
Elapsed: 2.519474983215332

*** Epoch 1, batch 120/520 ***
Training fitness: 0.9191489361702128
Model size: (6, 14)
Validation fitness: 0.9009320505111245 
Elapsed: 2.5980114936828613

*** Epoch 1, batch 121/520 ***
Training fitness: 0.9169960474308301
Model size: (8, 17)
Validation fitness: 0.9021558872305141 
Elapsed: 2.4791979789733887

*** Epoch 1, batch 122/520 ***
Training fitness: 0.9173553719008265
Model size: (7, 15)
Validation fitness: 0.9049503575643963 
Elapsed: 2.4960110187530518

*** Epoch 1, batch 123/520 ***
Training fitness: 0.9185185185185185
Model size: (4, 8)
Validation fitness: 0.9107488256424426 
Elapsed: 2.261779546737671

*** Epoch 1, batch 124/520 ***
Training fitness: 0.9243027888446215
Model size: (7, 13)
Validation fitness: 0.9033894722006905 
Elapsed: 2.4770052433013916

*** Epoch 1, batch 125/520 ***
Training fitness: 0.9377289377289377
Model size: (6, 15)
Validation fitness: 0.9092962518528975 
Elapsed: 2.455540180206299

*** Epoch 1, batch 126/520 ***
Training fitness: 0.9392712550607287
Model size: (6, 16)
Validation fitness: 0.9117922827262892 
Elapsed: 2.464282989501953

*** Epoch 1, batch 127/520 ***
Training fitness: 0.9032258064516129
Model size: (6, 13)
Validation fitness: 0.9153360300901284 
Elapsed: 2.415173292160034

*** Epoch 1, batch 128/520 ***
Training fitness: 0.9135802469135802
Model size: (9, 19)
Validation fitness: 0.9075265808617795 
Elapsed: 2.402982234954834

*** Epoch 1, batch 129/520 ***
Training fitness: 0.926605504587156
Model size: (7, 12)
Validation fitness: 0.9046723346625536 
Elapsed: 2.368117332458496

*** Epoch 1, batch 130/520 ***
Training fitness: 0.9135802469135802
Model size: (8, 13)
Validation fitness: 0.9028489001081861 
Elapsed: 2.383042335510254

*** Epoch 1, batch 131/520 ***
Training fitness: 0.9203539823008849
Model size: (7, 12)
Validation fitness: 0.8992443324937027 
Elapsed: 2.43530011177063

*** Epoch 1, batch 132/520 ***
Training fitness: 0.9288702928870293
Model size: (6, 13)
Validation fitness: 0.9153360300901284 
Elapsed: 2.498638868331909

*** Epoch 1, batch 133/520 ***
Training fitness: 0.9266409266409267
Model size: (5, 10)
Validation fitness: 0.8945852109034498 
Elapsed: 2.3408050537109375

*** Epoch 1, batch 134/520 ***
Training fitness: 0.9152542372881356
Model size: (7, 11)
Validation fitness: 0.9073383522127629 
Elapsed: 2.3194403648376465

*** Epoch 1, batch 135/520 ***
Training fitness: 0.9361702127659575
Model size: (8, 15)
Validation fitness: 0.9216328312595503 
Elapsed: 2.4766268730163574

*** Epoch 1, batch 136/520 ***
Training fitness: 0.9349593495934959
Model size: (8, 15)
Validation fitness: 0.9216328312595503 
Elapsed: 2.4641687870025635

*** Epoch 1, batch 137/520 ***
Training fitness: 0.9368029739776952
Model size: (8, 15)
Validation fitness: 0.9216328312595503 
Elapsed: 2.4481019973754883

*** Epoch 1, batch 138/520 ***
Training fitness: 0.9527272727272728
Model size: (8, 17)
Validation fitness: 0.9162900796212611 
Elapsed: 2.546915292739868

*** Epoch 1, batch 139/520 ***
Training fitness: 0.9288702928870293
Model size: (8, 15)
Validation fitness: 0.9216328312595503 
Elapsed: 2.526846408843994

*** Epoch 1, batch 140/520 ***
Training fitness: 0.9152542372881356
Model size: (8, 14)
Validation fitness: 0.9174447902771602 
Elapsed: 2.469670057296753

*** Epoch 1, batch 141/520 ***
Training fitness: 0.9402390438247012
Model size: (6, 9)
Validation fitness: 0.9144576586903568 
Elapsed: 2.439662218093872

*** Epoch 1, batch 142/520 ***
Training fitness: 0.951310861423221
Model size: (3, 6)
Validation fitness: 0.9017063883796361 
Elapsed: 2.474731206893921

*** Epoch 1, batch 143/520 ***
Training fitness: 0.9300411522633745
Model size: (9, 19)
Validation fitness: 0.9050482450006992 
Elapsed: 2.609384536743164

*** Epoch 1, batch 144/520 ***
Training fitness: 0.9236947791164659
Model size: (6, 9)
Validation fitness: 0.9144576586903568 
Elapsed: 2.3282294273376465

*** Epoch 1, batch 145/520 ***
Training fitness: 0.9045643153526971
Model size: (8, 16)
Validation fitness: 0.9068866571018651 
Elapsed: 2.3477492332458496

*** Epoch 1, batch 146/520 ***
Training fitness: 0.9224137931034483
Model size: (9, 15)
Validation fitness: 0.8896679727778923 
Elapsed: 2.473816394805908

*** Epoch 1, batch 147/520 ***
Training fitness: 0.9224489795918367
Model size: (6, 9)
Validation fitness: 0.9144576586903568 
Elapsed: 2.4511325359344482

*** Epoch 1, batch 148/520 ***
Training fitness: 0.925764192139738
Model size: (9, 16)
Validation fitness: 0.9017075620605539 
Elapsed: 2.3514821529388428

*** Epoch 1, batch 149/520 ***
Training fitness: 0.9530685920577617
Model size: (6, 9)
Validation fitness: 0.9158798283261803 
Elapsed: 2.3622243404388428

*** Epoch 1, batch 150/520 ***
Training fitness: 0.8979591836734694
Model size: (6, 9)
Validation fitness: 0.9144576586903568 
Elapsed: 2.4008359909057617

*** Epoch 1, batch 151/520 ***
Training fitness: 0.9382716049382716
Model size: (8, 15)
Validation fitness: 0.8987452582433615 
Elapsed: 2.3450160026550293

*** Epoch 1, batch 152/520 ***
Training fitness: 0.9008264462809917
Model size: (9, 15)
Validation fitness: 0.8896679727778923 
Elapsed: 2.393606424331665

*** Epoch 1, batch 153/520 ***
Training fitness: 0.9292035398230089
Model size: (9, 19)
Validation fitness: 0.9066535654126895 
Elapsed: 2.45917010307312

*** Epoch 1, batch 154/520 ***
Training fitness: 0.9152542372881356
Model size: (9, 15)
Validation fitness: 0.907645170703239 
Elapsed: 2.3936092853546143

*** Epoch 1, batch 155/520 ***
Training fitness: 0.9156626506024096
Model size: (9, 19)
Validation fitness: 0.9066535654126895 
Elapsed: 2.525704860687256

*** Epoch 1, batch 156/520 ***
Training fitness: 0.9416342412451362
Model size: (10, 21)
Validation fitness: 0.9063749211024617 
Elapsed: 2.359591245651245

*** Epoch 1, batch 157/520 ***
Training fitness: 0.8663967611336032
Model size: (10, 21)
Validation fitness: 0.9063749211024617 
Elapsed: 2.389528274536133

*** Epoch 1, batch 158/520 ***
Training fitness: 0.9223744292237442
Model size: (6, 12)
Validation fitness: 0.9022742134709002 
Elapsed: 2.140573740005493

*** Epoch 1, batch 159/520 ***
Training fitness: 0.9333333333333333
Model size: (9, 15)
Validation fitness: 0.9070861717817262 
Elapsed: 2.33601713180542

*** Epoch 1, batch 160/520 ***
Training fitness: 0.9344978165938864
Model size: (9, 15)
Validation fitness: 0.907645170703239 
Elapsed: 2.339585542678833

*** Epoch 1, batch 161/520 ***
Training fitness: 0.9304347826086956
Model size: (10, 21)
Validation fitness: 0.9060572069545709 
Elapsed: 2.5505783557891846

*** Epoch 1, batch 162/520 ***
Training fitness: 0.9377593360995851
Model size: (9, 15)
Validation fitness: 0.907645170703239 
Elapsed: 2.3870556354522705

*** Epoch 1, batch 163/520 ***
Training fitness: 0.8828828828828829
Model size: (9, 15)
Validation fitness: 0.907645170703239 
Elapsed: 2.7162063121795654

*** Epoch 1, batch 164/520 ***
Training fitness: 0.9243697478991597
Model size: (8, 14)
Validation fitness: 0.9058979920240677 
Elapsed: 2.397433042526245

*** Epoch 1, batch 165/520 ***
Training fitness: 0.9310344827586207
Model size: (15, 21)
Validation fitness: 0.9115930542546293 
Elapsed: 2.368152618408203

*** Epoch 1, batch 166/520 ***
Training fitness: 0.9377593360995851
Model size: (15, 21)
Validation fitness: 0.9115930542546293 
Elapsed: 2.4223222732543945

*** Epoch 1, batch 167/520 ***
Training fitness: 0.9210526315789473
Model size: (9, 19)
Validation fitness: 0.9248179917825993 !!!
Elapsed: 2.3891565799713135

*** Epoch 1, batch 168/520 ***
Training fitness: 0.9464285714285714
Model size: (9, 19)
Validation fitness: 0.9036985827860352 
Elapsed: 2.4676313400268555

*** Epoch 1, batch 169/520 ***
Training fitness: 0.9098360655737705
Model size: (9, 19)
Validation fitness: 0.9248179917825993 
Elapsed: 2.438015937805176

*** Epoch 1, batch 170/520 ***
Training fitness: 0.923728813559322
Model size: (15, 21)
Validation fitness: 0.9136494358823095 
Elapsed: 2.526981830596924

*** Epoch 1, batch 171/520 ***
Training fitness: 0.9145299145299145
Model size: (7, 12)
Validation fitness: 0.910972497873547 
Elapsed: 2.2221014499664307

*** Epoch 1, batch 172/520 ***
Training fitness: 0.9182879377431906
Model size: (10, 22)
Validation fitness: 0.9106326500516148 
Elapsed: 2.5676302909851074

*** Epoch 1, batch 173/520 ***
Training fitness: 0.9473684210526315
Model size: (4, 8)
Validation fitness: 0.8984018264840182 
Elapsed: 2.326291561126709

*** Epoch 1, batch 174/520 ***
Training fitness: 0.9097744360902256
Model size: (11, 19)
Validation fitness: 0.9077162238552855 
Elapsed: 2.3722591400146484

*** Epoch 1, batch 175/520 ***
Training fitness: 0.9098712446351931
Model size: (14, 20)
Validation fitness: 0.9109191121704157 
Elapsed: 2.451547622680664

*** Epoch 1, batch 176/520 ***
Training fitness: 0.9140271493212669
Model size: (11, 21)
Validation fitness: 0.9092458457605453 
Elapsed: 2.225430965423584

*** Epoch 1, batch 177/520 ***
Training fitness: 0.9486166007905138
Model size: (5, 13)
Validation fitness: 0.9059022397520777 
Elapsed: 2.359114646911621

*** Epoch 1, batch 178/520 ***
Training fitness: 0.9306122448979591
Model size: (10, 19)
Validation fitness: 0.9138950217220996 
Elapsed: 2.421778678894043

*** Epoch 1, batch 179/520 ***
Training fitness: 0.937007874015748
Model size: (11, 19)
Validation fitness: 0.906623540992828 
Elapsed: 2.313837766647339

*** Epoch 1, batch 180/520 ***
Training fitness: 0.918918918918919
Model size: (10, 20)
Validation fitness: 0.909065335114987 
Elapsed: 2.4536426067352295

*** Epoch 1, batch 181/520 ***
Training fitness: 0.8943089430894309
Model size: (13, 22)
Validation fitness: 0.9129938667807731 
Elapsed: 2.350446939468384

*** Epoch 1, batch 182/520 ***
Training fitness: 0.8947368421052632
Model size: (7, 13)
Validation fitness: 0.9080143793613872 
Elapsed: 2.265547513961792

*** Epoch 1, batch 183/520 ***
Training fitness: 0.9230769230769231
Model size: (1, 6)
Validation fitness: 0.8920031785017698 
Elapsed: 2.1425414085388184

*** Epoch 1, batch 184/520 ***
Training fitness: 0.9118773946360154
Model size: (10, 13)
Validation fitness: 0.9095824144554314 
Elapsed: 2.2656123638153076

*** Epoch 1, batch 185/520 ***
Training fitness: 0.9276595744680851
Model size: (4, 8)
Validation fitness: 0.9027758207693392 
Elapsed: 2.1918880939483643

*** Epoch 1, batch 186/520 ***
Training fitness: 0.925764192139738
Model size: (10, 20)
Validation fitness: 0.9098607722118559 
Elapsed: 2.283461093902588

*** Epoch 1, batch 187/520 ***
Training fitness: 0.919831223628692
Model size: (10, 19)
Validation fitness: 0.909876810028096 
Elapsed: 2.2542994022369385

*** Epoch 1, batch 188/520 ***
Training fitness: 0.8962655601659751
Model size: (8, 12)
Validation fitness: 0.9088564058469476 
Elapsed: 2.3518357276916504

*** Epoch 1, batch 189/520 ***
Training fitness: 0.9012875536480687
Model size: (9, 16)
Validation fitness: 0.9073577178364638 
Elapsed: 2.3641717433929443

*** Epoch 1, batch 190/520 ***
Training fitness: 0.9128630705394191
Model size: (9, 17)
Validation fitness: 0.9101787876629389 
Elapsed: 2.4332079887390137

*** Epoch 1, batch 191/520 ***
Training fitness: 0.9469026548672567
Model size: (7, 9)
Validation fitness: 0.9003405221339387 
Elapsed: 2.2839157581329346

*** Epoch 1, batch 192/520 ***
Training fitness: 0.9264069264069265
Model size: (10, 18)
Validation fitness: 0.9099756690997567 
Elapsed: 2.4353766441345215

*** Epoch 1, batch 193/520 ***
Training fitness: 0.9357798165137615
Model size: (11, 21)
Validation fitness: 0.9100128553063848 
Elapsed: 2.1898627281188965

*** Epoch 1, batch 194/520 ***
Training fitness: 0.9105691056910569
Model size: (8, 15)
Validation fitness: 0.9044457274826789 
Elapsed: 2.310628652572632

*** Epoch 1, batch 195/520 ***
Training fitness: 0.9191489361702128
Model size: (10, 18)
Validation fitness: 0.9069090392672016 
Elapsed: 2.437263250350952

*** Epoch 1, batch 196/520 ***
Training fitness: 0.936
Model size: (11, 20)
Validation fitness: 0.9071262094780704 
Elapsed: 2.3229546546936035

*** Epoch 1, batch 197/520 ***
Training fitness: 0.9416342412451362
Model size: (13, 21)
Validation fitness: 0.9047315031567 
Elapsed: 2.3395228385925293

*** Epoch 1, batch 198/520 ***
Training fitness: 0.9282700421940928
Model size: (10, 19)
Validation fitness: 0.9011317531496904 
Elapsed: 2.471506357192993

*** Epoch 1, batch 199/520 ***
Training fitness: 0.9304347826086956
Model size: (11, 21)
Validation fitness: 0.9065032058056789 
Elapsed: 2.5014657974243164

*** Epoch 1, batch 200/520 ***
Training fitness: 0.935064935064935
Model size: (7, 12)
Validation fitness: 0.9097446433812738 
Elapsed: 2.484677791595459

*** Epoch 1, batch 201/520 ***
Training fitness: 0.9348659003831418
Model size: (8, 15)
Validation fitness: 0.9043117031943848 
Elapsed: 2.3559937477111816

*** Epoch 1, batch 202/520 ***
Training fitness: 0.9068825910931174
Model size: (10, 16)
Validation fitness: 0.9116561753852833 
Elapsed: 2.29002046585083

*** Epoch 1, batch 203/520 ***
Training fitness: 0.9285714285714286
Model size: (7, 12)
Validation fitness: 0.9097446433812738 
Elapsed: 2.3883707523345947

*** Epoch 1, batch 204/520 ***
Training fitness: 0.9285714285714286
Model size: (7, 12)
Validation fitness: 0.9097446433812738 
Elapsed: 2.3872129917144775

*** Epoch 1, batch 205/520 ***
Training fitness: 0.9207920792079208
Model size: (11, 19)
Validation fitness: 0.9006243114212266 
Elapsed: 2.371642589569092

*** Epoch 1, batch 206/520 ***
Training fitness: 0.9195402298850575
Model size: (11, 16)
Validation fitness: 0.9093093942178554 
Elapsed: 2.330578565597534

*** Epoch 1, batch 207/520 ***
Training fitness: 0.9090909090909091
Model size: (11, 17)
Validation fitness: 0.9 
Elapsed: 2.2152864933013916

*** Epoch 1, batch 208/520 ***
Training fitness: 0.9302325581395349
Model size: (10, 22)
Validation fitness: 0.9098430813124109 
Elapsed: 2.3072502613067627

*** Epoch 1, batch 209/520 ***
Training fitness: 0.9116279069767442
Model size: (10, 16)
Validation fitness: 0.8973214285714286 
Elapsed: 2.336611270904541

*** Epoch 1, batch 210/520 ***
Training fitness: 0.9083665338645418
Model size: (11, 18)
Validation fitness: 0.8927399800313792 
Elapsed: 2.4025142192840576

*** Epoch 1, batch 211/520 ***
Training fitness: 0.9328358208955224
Model size: (11, 15)
Validation fitness: 0.9057811277821233 
Elapsed: 2.424093246459961

*** Epoch 1, batch 212/520 ***
Training fitness: 0.9152542372881356
Model size: (12, 21)
Validation fitness: 0.9149589432345591 
Elapsed: 2.257312297821045

*** Epoch 1, batch 213/520 ***
Training fitness: 0.9417040358744395
Model size: (10, 19)
Validation fitness: 0.9002828854314003 
Elapsed: 2.311344623565674

*** Epoch 1, batch 214/520 ***
Training fitness: 0.9310344827586207
Model size: (18, 30)
Validation fitness: 0.909965034965035 
Elapsed: 2.5856738090515137

*** Epoch 1, batch 215/520 ***
Training fitness: 0.9166666666666666
Model size: (18, 30)
Validation fitness: 0.909965034965035 
Elapsed: 2.5177879333496094

*** Epoch 1, batch 216/520 ***
Training fitness: 0.9008264462809917
Model size: (3, 5)
Validation fitness: 0.8999783970620004 
Elapsed: 2.2508504390716553

*** Epoch 1, batch 217/520 ***
Training fitness: 0.9082969432314411
Model size: (12, 22)
Validation fitness: 0.9092325120362503 
Elapsed: 2.1436657905578613

*** Epoch 1, batch 218/520 ***
Training fitness: 0.9447236180904522
Model size: (6, 11)
Validation fitness: 0.9154531623560096 
Elapsed: 2.3533284664154053

*** Epoch 1, batch 219/520 ***
Training fitness: 0.895397489539749
Model size: (18, 30)
Validation fitness: 0.909965034965035 
Elapsed: 2.5767159461975098

*** Epoch 1, batch 220/520 ***
Training fitness: 0.8846153846153846
Model size: (14, 20)
Validation fitness: 0.8969253294289897 
Elapsed: 2.3908135890960693

*** Epoch 1, batch 221/520 ***
Training fitness: 0.9523809523809523
Model size: (12, 22)
Validation fitness: 0.9092325120362503 
Elapsed: 2.2012929916381836

*** Epoch 1, batch 222/520 ***
Training fitness: 0.927038626609442
Model size: (6, 10)
Validation fitness: 0.9014560033762398 
Elapsed: 2.15014910697937

*** Epoch 1, batch 223/520 ***
Training fitness: 0.8995983935742972
Model size: (6, 11)
Validation fitness: 0.9154531623560096 
Elapsed: 2.2872982025146484

*** Epoch 1, batch 224/520 ***
Training fitness: 0.9008264462809917
Model size: (6, 17)
Validation fitness: 0.8961203261175148 
Elapsed: 2.334578275680542

*** Epoch 1, batch 225/520 ***
Training fitness: 0.9113924050632911
Model size: (18, 30)
Validation fitness: 0.909965034965035 
Elapsed: 2.565027952194214

*** Epoch 1, batch 226/520 ***
Training fitness: 0.927038626609442
Model size: (13, 24)
Validation fitness: 0.9093883357041251 
Elapsed: 2.267746686935425

*** Epoch 1, batch 227/520 ***
Training fitness: 0.9606299212598425
Model size: (10, 14)
Validation fitness: 0.9093009820912767 
Elapsed: 2.089460849761963

*** Epoch 1, batch 228/520 ***
Training fitness: 0.9032258064516129
Model size: (6, 9)
Validation fitness: 0.9044865695674449 
Elapsed: 2.174779176712036

*** Epoch 1, batch 229/520 ***
Training fitness: 0.9230769230769231
Model size: (6, 9)
Validation fitness: 0.9017546352205725 
Elapsed: 2.1066079139709473

*** Epoch 1, batch 230/520 ***
Training fitness: 0.8899082568807339
Model size: (6, 11)
Validation fitness: 0.912980838495894 
Elapsed: 2.133882522583008

*** Epoch 1, batch 231/520 ***
Training fitness: 0.9022556390977443
Model size: (6, 11)
Validation fitness: 0.912980838495894 
Elapsed: 2.006293296813965

*** Epoch 1, batch 232/520 ***
Training fitness: 0.9343629343629344
Model size: (6, 10)
Validation fitness: 0.9030803906836965 
Elapsed: 2.113145351409912

*** Epoch 1, batch 233/520 ***
Training fitness: 0.9298245614035088
Model size: (5, 9)
Validation fitness: 0.9112850142616836 
Elapsed: 2.083144187927246

*** Epoch 1, batch 234/520 ***
Training fitness: 0.9170305676855895
Model size: (7, 15)
Validation fitness: 0.9050823192555476 
Elapsed: 2.014096260070801

*** Epoch 1, batch 235/520 ***
Training fitness: 0.9166666666666666
Model size: (4, 7)
Validation fitness: 0.9037444774389802 
Elapsed: 2.06304931640625

*** Epoch 1, batch 236/520 ***
Training fitness: 0.9045226130653267
Model size: (4, 8)
Validation fitness: 0.9102753923600829 
Elapsed: 2.1246180534362793

*** Epoch 1, batch 237/520 ***
Training fitness: 0.9282700421940928
Model size: (4, 8)
Validation fitness: 0.9102753923600829 
Elapsed: 2.1808924674987793

*** Epoch 1, batch 238/520 ***
Training fitness: 0.9206349206349206
Model size: (7, 12)
Validation fitness: 0.9135123704800169 
Elapsed: 2.136301040649414

*** Epoch 1, batch 239/520 ***
Training fitness: 0.9252336448598131
Model size: (9, 16)
Validation fitness: 0.9016725418135454 
Elapsed: 2.3189475536346436

*** Epoch 1, batch 240/520 ***
Training fitness: 0.902127659574468
Model size: (7, 12)
Validation fitness: 0.9135123704800169 
Elapsed: 2.4545116424560547

*** Epoch 1, batch 241/520 ***
Training fitness: 0.9224806201550387
Model size: (7, 12)
Validation fitness: 0.9135123704800169 
Elapsed: 2.174499750137329

*** Epoch 1, batch 242/520 ***
Training fitness: 0.9392712550607287
Model size: (4, 9)
Validation fitness: 0.903286520920805 
Elapsed: 2.0838489532470703

*** Epoch 1, batch 243/520 ***
Training fitness: 0.9166666666666666
Model size: (7, 12)
Validation fitness: 0.911355524801515 
Elapsed: 2.235189199447632

*** Epoch 1, batch 244/520 ***
Training fitness: 0.8983050847457628
Model size: (7, 12)
Validation fitness: 0.9073369947894663 
Elapsed: 2.2571938037872314

*** Epoch 1, batch 245/520 ***
Training fitness: 0.9019607843137255
Model size: (5, 12)
Validation fitness: 0.8995285798467885 
Elapsed: 2.2888762950897217

*** Epoch 1, batch 246/520 ***
Training fitness: 0.9122807017543859
Model size: (6, 12)
Validation fitness: 0.90292515055922 
Elapsed: 2.2127835750579834

*** Epoch 1, batch 247/520 ***
Training fitness: 0.961038961038961
Model size: (6, 11)
Validation fitness: 0.9199231262011531 
Elapsed: 2.2563316822052

*** Epoch 1, batch 248/520 ***
Training fitness: 0.911504424778761
Model size: (6, 10)
Validation fitness: 0.9057169366925987 
Elapsed: 2.1431055068969727

*** Epoch 1, batch 249/520 ***
Training fitness: 0.9314079422382672
Model size: (6, 13)
Validation fitness: 0.9041727825539946 
Elapsed: 2.299309730529785

*** Epoch 1, batch 250/520 ***
Training fitness: 0.9152542372881356
Model size: (6, 13)
Validation fitness: 0.9041727825539946 
Elapsed: 2.247570276260376

*** Epoch 1, batch 251/520 ***
Training fitness: 0.9322709163346613
Model size: (10, 19)
Validation fitness: 0.909748799665994 
Elapsed: 2.238654136657715

*** Epoch 1, batch 252/520 ***
Training fitness: 0.9356223175965666
Model size: (6, 11)
Validation fitness: 0.9199231262011531 
Elapsed: 2.0943994522094727

*** Epoch 1, batch 253/520 ***
Training fitness: 0.9487179487179487
Model size: (11, 18)
Validation fitness: 0.9080664294187426 
Elapsed: 2.311152935028076

*** Epoch 1, batch 254/520 ***
Training fitness: 0.9242424242424242
Model size: (10, 20)
Validation fitness: 0.9169690501600853 
Elapsed: 2.22700834274292

*** Epoch 1, batch 255/520 ***
Training fitness: 0.9401709401709402
Model size: (6, 11)
Validation fitness: 0.9199231262011531 
Elapsed: 2.21974778175354

*** Epoch 1, batch 256/520 ***
Training fitness: 0.9256198347107438
Model size: (10, 20)
Validation fitness: 0.9169690501600853 
Elapsed: 2.2112181186676025

*** Epoch 1, batch 257/520 ***
Training fitness: 0.9098712446351931
Model size: (10, 13)
Validation fitness: 0.9129862532904358 
Elapsed: 2.1175642013549805

*** Epoch 1, batch 258/520 ***
Training fitness: 0.9294605809128631
Model size: (10, 20)
Validation fitness: 0.9169690501600853 
Elapsed: 2.298057794570923

*** Epoch 1, batch 259/520 ***
Training fitness: 0.9416666666666667
Model size: (5, 10)
Validation fitness: 0.9095470183486238 
Elapsed: 2.244920015335083

*** Epoch 1, batch 260/520 ***
Training fitness: 0.932806324110672
Model size: (10, 20)
Validation fitness: 0.9169690501600853 
Elapsed: 2.22477126121521

*** Epoch 1, batch 261/520 ***
Training fitness: 0.9310344827586207
Model size: (10, 13)
Validation fitness: 0.9129862532904358 
Elapsed: 2.208094596862793

*** Epoch 1, batch 262/520 ***
Training fitness: 0.9377593360995851
Model size: (5, 8)
Validation fitness: 0.9122036874451273 
Elapsed: 2.1593875885009766

*** Epoch 1, batch 263/520 ***
Training fitness: 0.925
Model size: (5, 8)
Validation fitness: 0.9122036874451273 
Elapsed: 2.111663818359375

*** Epoch 1, batch 264/520 ***
Training fitness: 0.9187279151943463
Model size: (9, 13)
Validation fitness: 0.9094897742551836 
Elapsed: 2.0775156021118164

*** Epoch 1, batch 265/520 ***
Training fitness: 0.9495798319327731
Model size: (5, 8)
Validation fitness: 0.9118217750628818 
Elapsed: 2.087162971496582

*** Epoch 1, batch 266/520 ***
Training fitness: 0.9082969432314411
Model size: (7, 12)
Validation fitness: 0.9120700614450173 
Elapsed: 2.1000163555145264

*** Epoch 1, batch 267/520 ***
Training fitness: 0.9159663865546218
Model size: (5, 8)
Validation fitness: 0.912883796092258 
Elapsed: 2.3922295570373535

*** Epoch 1, batch 268/520 ***
Training fitness: 0.9162995594713657
Model size: (5, 8)
Validation fitness: 0.912883796092258 
Elapsed: 2.0251832008361816

*** Epoch 1, batch 269/520 ***
Training fitness: 0.9285714285714286
Model size: (4, 9)
Validation fitness: 0.8953463281306193 
Elapsed: 1.9847769737243652

*** Epoch 1, batch 270/520 ***
Training fitness: 0.8995633187772926
Model size: (7, 13)
Validation fitness: 0.9058217936634525 
Elapsed: 2.0748062133789062

*** Epoch 1, batch 271/520 ***
Training fitness: 0.8949416342412452
Model size: (9, 15)
Validation fitness: 0.9091546333940839 
Elapsed: 2.1162359714508057

*** Epoch 1, batch 272/520 ***
Training fitness: 0.8796296296296297
Model size: (7, 10)
Validation fitness: 0.8997273553468645 
Elapsed: 1.969557285308838

*** Epoch 1, batch 273/520 ***
Training fitness: 0.918918918918919
Model size: (10, 18)
Validation fitness: 0.9102628374991047 
Elapsed: 2.150808334350586

*** Epoch 1, batch 274/520 ***
Training fitness: 0.9041095890410958
Model size: (6, 11)
Validation fitness: 0.9133768001719568 
Elapsed: 2.106333017349243

*** Epoch 1, batch 275/520 ***
Training fitness: 0.9454545454545454
Model size: (8, 10)
Validation fitness: 0.9106432240792997 
Elapsed: 2.198652744293213

*** Epoch 1, batch 276/520 ***
Training fitness: 0.9288702928870293
Model size: (10, 18)
Validation fitness: 0.9140304628002344 
Elapsed: 2.2804412841796875

*** Epoch 1, batch 277/520 ***
Training fitness: 0.9523809523809523
Model size: (7, 8)
Validation fitness: 0.9123764567045287 
Elapsed: 1.9989423751831055

*** Epoch 1, batch 278/520 ***
Training fitness: 0.9391304347826087
Model size: (7, 8)
Validation fitness: 0.9123764567045287 
Elapsed: 2.0242066383361816

*** Epoch 1, batch 279/520 ***
Training fitness: 0.9076923076923077
Model size: (8, 13)
Validation fitness: 0.9147930688815695 
Elapsed: 2.1257147789001465

*** Epoch 1, batch 280/520 ***
Training fitness: 0.9251101321585903
Model size: (8, 13)
Validation fitness: 0.9147930688815695 
Elapsed: 2.116828203201294

*** Epoch 1, batch 281/520 ***
Training fitness: 0.9176470588235294
Model size: (8, 15)
Validation fitness: 0.9158958303685784 
Elapsed: 2.1778290271759033

*** Epoch 1, batch 282/520 ***
Training fitness: 0.9224489795918367
Model size: (11, 18)
Validation fitness: 0.9023772682515122 
Elapsed: 2.0616135597229004

*** Epoch 1, batch 283/520 ***
Training fitness: 0.9135802469135802
Model size: (10, 18)
Validation fitness: 0.9160517889461228 
Elapsed: 2.074326515197754

*** Epoch 1, batch 284/520 ***
Training fitness: 0.907563025210084
Model size: (11, 19)
Validation fitness: 0.9216985942166217 
Elapsed: 2.178967237472534

*** Epoch 1, batch 285/520 ***
Training fitness: 0.9291338582677166
Model size: (11, 19)
Validation fitness: 0.9181941373653805 
Elapsed: 2.1267828941345215

*** Epoch 1, batch 286/520 ***
Training fitness: 0.9291338582677166
Model size: (11, 19)
Validation fitness: 0.9274082651805746 !!!
Elapsed: 2.2202680110931396

*** Epoch 1, batch 287/520 ***
Training fitness: 0.944206008583691
Model size: (12, 21)
Validation fitness: 0.9156901971991998 
Elapsed: 2.222925901412964

*** Epoch 1, batch 288/520 ***
Training fitness: 0.9172932330827067
Model size: (6, 12)
Validation fitness: 0.9016210173281163 
Elapsed: 2.260342836380005

*** Epoch 1, batch 289/520 ***
Training fitness: 0.9375
Model size: (11, 19)
Validation fitness: 0.9274082651805746 
Elapsed: 2.228215217590332

*** Epoch 1, batch 290/520 ***
Training fitness: 0.9498069498069498
Model size: (11, 19)
Validation fitness: 0.9274082651805746 
Elapsed: 2.1666719913482666

*** Epoch 1, batch 291/520 ***
Training fitness: 0.9315068493150684
Model size: (11, 17)
Validation fitness: 0.9299963728690606 !!!
Elapsed: 2.1442606449127197

*** Epoch 1, batch 292/520 ***
Training fitness: 0.9274193548387096
Model size: (11, 17)
Validation fitness: 0.9299963728690606 
Elapsed: 2.2166025638580322

*** Epoch 1, batch 293/520 ***
Training fitness: 0.932806324110672
Model size: (9, 12)
Validation fitness: 0.9131396549181536 
Elapsed: 1.981935739517212

*** Epoch 1, batch 294/520 ***
Training fitness: 0.9453125
Model size: (11, 17)
Validation fitness: 0.9299963728690606 
Elapsed: 2.012688398361206

*** Epoch 1, batch 295/520 ***
Training fitness: 0.9363636363636364
Model size: (11, 17)
Validation fitness: 0.9299963728690606 
Elapsed: 2.094418525695801

*** Epoch 1, batch 296/520 ***
Training fitness: 0.9391304347826087
Model size: (11, 17)
Validation fitness: 0.9299963728690606 
Elapsed: 2.1010615825653076

*** Epoch 1, batch 297/520 ***
Training fitness: 0.8947368421052632
Model size: (12, 20)
Validation fitness: 0.9240104016180295 
Elapsed: 2.0405499935150146

*** Epoch 1, batch 298/520 ***
Training fitness: 0.911504424778761
Model size: (10, 16)
Validation fitness: 0.9077901430842608 
Elapsed: 2.078278064727783

*** Epoch 1, batch 299/520 ***
Training fitness: 0.9448818897637795
Model size: (7, 11)
Validation fitness: 0.9157397310069065 
Elapsed: 1.9950625896453857

*** Epoch 1, batch 300/520 ***
Training fitness: 0.9264069264069265
Model size: (12, 20)
Validation fitness: 0.9240104016180295 
Elapsed: 2.2395100593566895

*** Epoch 1, batch 301/520 ***
Training fitness: 0.9014084507042254
Model size: (7, 11)
Validation fitness: 0.9157397310069065 
Elapsed: 2.0879874229431152

*** Epoch 1, batch 302/520 ***
Training fitness: 0.9383886255924171
Model size: (12, 20)
Validation fitness: 0.9240104016180295 
Elapsed: 2.2000606060028076

*** Epoch 1, batch 303/520 ***
Training fitness: 0.9333333333333333
Model size: (12, 16)
Validation fitness: 0.9005607211299596 
Elapsed: 2.0386416912078857

*** Epoch 1, batch 304/520 ***
Training fitness: 0.9384615384615385
Model size: (12, 20)
Validation fitness: 0.9240104016180295 
Elapsed: 2.129598379135132

*** Epoch 1, batch 305/520 ***
Training fitness: 0.960352422907489
Model size: (7, 12)
Validation fitness: 0.9270954598370198 
Elapsed: 2.211671829223633

*** Epoch 1, batch 306/520 ***
Training fitness: 0.9304347826086956
Model size: (7, 12)
Validation fitness: 0.9270954598370198 
Elapsed: 2.0937092304229736

*** Epoch 1, batch 307/520 ***
Training fitness: 0.9516728624535316
Model size: (12, 19)
Validation fitness: 0.9135768051296348 
Elapsed: 2.305232286453247

*** Epoch 1, batch 308/520 ***
Training fitness: 0.911504424778761
Model size: (7, 12)
Validation fitness: 0.9270954598370198 
Elapsed: 2.135716438293457

*** Epoch 1, batch 309/520 ***
Training fitness: 0.9649805447470817
Model size: (11, 18)
Validation fitness: 0.917191851091895 
Elapsed: 2.203192710876465

*** Epoch 1, batch 310/520 ***
Training fitness: 0.9438202247191011
Model size: (8, 15)
Validation fitness: 0.908973900607794 
Elapsed: 2.180158853530884

*** Epoch 1, batch 311/520 ***
Training fitness: 0.9416342412451362
Model size: (10, 14)
Validation fitness: 0.9236180904522613 
Elapsed: 2.0677738189697266

*** Epoch 1, batch 312/520 ***
Training fitness: 0.9126984126984127
Model size: (12, 18)
Validation fitness: 0.9245449207281269 
Elapsed: 2.1337099075317383

*** Epoch 1, batch 313/520 ***
Training fitness: 0.9392712550607287
Model size: (8, 16)
Validation fitness: 0.909823677581864 
Elapsed: 2.1036839485168457

*** Epoch 1, batch 314/520 ***
Training fitness: 0.937007874015748
Model size: (13, 18)
Validation fitness: 0.9072609633357297 
Elapsed: 2.1805455684661865

*** Epoch 1, batch 315/520 ***
Training fitness: 0.9243697478991597
Model size: (10, 14)
Validation fitness: 0.9135202767351145 
Elapsed: 2.152003049850464

*** Epoch 1, batch 316/520 ***
Training fitness: 0.905829596412556
Model size: (12, 18)
Validation fitness: 0.9227765726681127 
Elapsed: 2.027881622314453

*** Epoch 1, batch 317/520 ***
Training fitness: 0.9387755102040817
Model size: (8, 16)
Validation fitness: 0.9230105671770541 
Elapsed: 2.026738166809082

*** Epoch 1, batch 318/520 ***
Training fitness: 0.9145299145299145
Model size: (10, 14)
Validation fitness: 0.923087899543379 
Elapsed: 1.97705078125

*** Epoch 1, batch 319/520 ***
Training fitness: 0.9372384937238494
Model size: (12, 18)
Validation fitness: 0.9126020589279376 
Elapsed: 1.9736289978027344

*** Epoch 1, batch 320/520 ***
Training fitness: 0.937007874015748
Model size: (10, 15)
Validation fitness: 0.9242831215970961 
Elapsed: 1.9888441562652588

*** Epoch 1, batch 321/520 ***
Training fitness: 0.9288702928870293
Model size: (10, 15)
Validation fitness: 0.9242831215970961 
Elapsed: 2.0878677368164062

*** Epoch 1, batch 322/520 ***
Training fitness: 0.9051724137931034
Model size: (10, 15)
Validation fitness: 0.9242831215970961 
Elapsed: 2.079875946044922

*** Epoch 1, batch 323/520 ***
Training fitness: 0.9256198347107438
Model size: (10, 16)
Validation fitness: 0.9243306169965075 
Elapsed: 2.0522279739379883

*** Epoch 1, batch 324/520 ***
Training fitness: 0.9372384937238494
Model size: (10, 14)
Validation fitness: 0.925427428155693 
Elapsed: 1.992098093032837

*** Epoch 1, batch 325/520 ***
Training fitness: 0.8957528957528957
Model size: (10, 16)
Validation fitness: 0.9245854361932228 
Elapsed: 1.9040017127990723

*** Epoch 1, batch 326/520 ***
Training fitness: 0.9304347826086956
Model size: (7, 10)
Validation fitness: 0.9059841489129644 
Elapsed: 2.0110738277435303

*** Epoch 1, batch 327/520 ***
Training fitness: 0.9285714285714286
Model size: (11, 19)
Validation fitness: 0.9203994293865906 
Elapsed: 2.054173231124878

*** Epoch 1, batch 328/520 ***
Training fitness: 0.9306122448979591
Model size: (11, 19)
Validation fitness: 0.9203994293865906 
Elapsed: 2.0987253189086914

*** Epoch 1, batch 329/520 ***
Training fitness: 0.9276595744680851
Model size: (10, 17)
Validation fitness: 0.9238799478033928 
Elapsed: 2.158954381942749

*** Epoch 1, batch 330/520 ***
Training fitness: 0.952755905511811
Model size: (11, 17)
Validation fitness: 0.9219009158433692 
Elapsed: 2.1004481315612793

*** Epoch 1, batch 331/520 ***
Training fitness: 0.926829268292683
Model size: (11, 19)
Validation fitness: 0.9207375303019173 
Elapsed: 2.133524179458618

*** Epoch 1, batch 332/520 ***
Training fitness: 0.946058091286307
Model size: (15, 28)
Validation fitness: 0.9034473094170403 
Elapsed: 2.079603433609009

*** Epoch 1, batch 333/520 ***
Training fitness: 0.968
Model size: (11, 19)
Validation fitness: 0.9232559831235906 
Elapsed: 2.0911686420440674

*** Epoch 1, batch 334/520 ***
Training fitness: 0.9606986899563319
Model size: (11, 19)
Validation fitness: 0.9234893493696565 
Elapsed: 2.2587943077087402

*** Epoch 1, batch 335/520 ***
Training fitness: 0.9615384615384616
Model size: (10, 17)
Validation fitness: 0.9207742678275886 
Elapsed: 2.083319902420044

*** Epoch 1, batch 336/520 ***
Training fitness: 0.9137931034482759
Model size: (11, 19)
Validation fitness: 0.9006421321549403 
Elapsed: 2.493072748184204

*** Epoch 1, batch 337/520 ***
Training fitness: 0.9519650655021834
Model size: (11, 19)
Validation fitness: 0.9232559831235906 
Elapsed: 2.198794364929199

*** Epoch 1, batch 338/520 ***
Training fitness: 0.9642857142857143
Model size: (15, 23)
Validation fitness: 0.9049967831867897 
Elapsed: 2.1741416454315186

*** Epoch 1, batch 339/520 ***
Training fitness: 0.918918918918919
Model size: (11, 18)
Validation fitness: 0.9078621311106105 
Elapsed: 2.211703300476074

*** Epoch 1, batch 340/520 ***
Training fitness: 0.9446808510638298
Model size: (11, 19)
Validation fitness: 0.9232559831235906 
Elapsed: 2.194390296936035

*** Epoch 1, batch 341/520 ***
Training fitness: 0.9333333333333333
Model size: (11, 19)
Validation fitness: 0.9232559831235906 
Elapsed: 2.226515293121338

*** Epoch 1, batch 342/520 ***
Training fitness: 0.926605504587156
Model size: (12, 20)
Validation fitness: 0.925105638933411 
Elapsed: 2.1444895267486572

*** Epoch 1, batch 343/520 ***
Training fitness: 0.9256198347107438
Model size: (11, 19)
Validation fitness: 0.9232559831235906 
Elapsed: 2.190100908279419

*** Epoch 1, batch 344/520 ***
Training fitness: 0.9162995594713657
Model size: (12, 20)
Validation fitness: 0.925105638933411 
Elapsed: 2.1605772972106934

*** Epoch 1, batch 345/520 ***
Training fitness: 0.9333333333333333
Model size: (11, 19)
Validation fitness: 0.9232559831235906 
Elapsed: 2.098485231399536

*** Epoch 1, batch 346/520 ***
Training fitness: 0.918918918918919
Model size: (5, 5)
Validation fitness: 0.9037449240487291 
Elapsed: 2.121124505996704

*** Epoch 1, batch 347/520 ***
Training fitness: 0.944206008583691
Model size: (11, 19)
Validation fitness: 0.9232559831235906 
Elapsed: 2.2032954692840576

*** Epoch 1, batch 348/520 ***
Training fitness: 0.9448818897637795
Model size: (13, 23)
Validation fitness: 0.9224144118280342 
Elapsed: 2.1370291709899902

*** Epoch 1, batch 349/520 ***
Training fitness: 0.8859649122807017
Model size: (13, 22)
Validation fitness: 0.9191118726351111 
Elapsed: 2.25390625

*** Epoch 1, batch 350/520 ***
Training fitness: 0.9065420560747663
Model size: (7, 9)
Validation fitness: 0.9122961012361934 
Elapsed: 2.125155210494995

*** Epoch 1, batch 351/520 ***
Training fitness: 0.9230769230769231
Model size: (10, 12)
Validation fitness: 0.9090773698711744 
Elapsed: 2.185037612915039

*** Epoch 1, batch 352/520 ***
Training fitness: 0.926605504587156
Model size: (5, 5)
Validation fitness: 0.9037449240487291 
Elapsed: 2.1306421756744385

*** Epoch 1, batch 353/520 ***
Training fitness: 0.9090909090909091
Model size: (10, 13)
Validation fitness: 0.9048640420673909 
Elapsed: 2.2157649993896484

*** Epoch 1, batch 354/520 ***
Training fitness: 0.9243027888446215
Model size: (10, 14)
Validation fitness: 0.9049892740986782 
Elapsed: 2.1997125148773193

*** Epoch 1, batch 355/520 ***
Training fitness: 0.9090909090909091
Model size: (13, 22)
Validation fitness: 0.9076071529946068 
Elapsed: 2.3066272735595703

*** Epoch 1, batch 356/520 ***
Training fitness: 0.921875
Model size: (4, 6)
Validation fitness: 0.9076832325615691 
Elapsed: 1.995474100112915

*** Epoch 1, batch 357/520 ***
Training fitness: 0.9288702928870293
Model size: (9, 13)
Validation fitness: 0.9059637838215759 
Elapsed: 2.164318561553955

*** Epoch 1, batch 358/520 ***
Training fitness: 0.9298245614035088
Model size: (5, 5)
Validation fitness: 0.9037449240487291 
Elapsed: 2.0889883041381836

*** Epoch 1, batch 359/520 ***
Training fitness: 0.9012875536480687
Model size: (10, 13)
Validation fitness: 0.9043112513144059 
Elapsed: 2.077415704727173

*** Epoch 1, batch 360/520 ***
Training fitness: 0.9244444444444444
Model size: (7, 12)
Validation fitness: 0.9009139706949079 
Elapsed: 2.1094918251037598

*** Epoch 1, batch 361/520 ***
Training fitness: 0.9477911646586346
Model size: (4, 6)
Validation fitness: 0.9009686280179269 
Elapsed: 3.6074464321136475

*** Epoch 1, batch 362/520 ***
Training fitness: 0.9291338582677166
Model size: (5, 8)
Validation fitness: 0.9036402569593148 
Elapsed: 4.082434892654419

*** Epoch 1, batch 363/520 ***
Training fitness: 0.8986784140969163
Model size: (10, 16)
Validation fitness: 0.909205903021785 
Elapsed: 4.623321294784546

*** Epoch 1, batch 364/520 ***
Training fitness: 0.895397489539749
Model size: (10, 16)
Validation fitness: 0.9015803013597942 
Elapsed: 4.192631006240845

*** Epoch 1, batch 365/520 ***
Training fitness: 0.9427312775330396
Model size: (12, 15)
Validation fitness: 0.9098033627814192 
Elapsed: 4.544520378112793

*** Epoch 1, batch 366/520 ***
Training fitness: 0.967741935483871
Model size: (10, 16)
Validation fitness: 0.909205903021785 
Elapsed: 4.682469606399536

*** Epoch 1, batch 367/520 ***
Training fitness: 0.9298892988929889
Model size: (12, 21)
Validation fitness: 0.9055631130521945 
Elapsed: 4.1701741218566895

*** Epoch 1, batch 368/520 ***
Training fitness: 0.90625
Model size: (11, 13)
Validation fitness: 0.8829890475530292 
Elapsed: 4.512619256973267

*** Epoch 1, batch 369/520 ***
Training fitness: 0.919831223628692
Model size: (12, 21)
Validation fitness: 0.9040376106194691 
Elapsed: 4.203284978866577

*** Epoch 1, batch 370/520 ***
Training fitness: 0.9505703422053232
Model size: (7, 11)
Validation fitness: 0.9076305220883534 
Elapsed: 4.309617042541504

*** Epoch 1, batch 371/520 ***
Training fitness: 0.9166666666666666
Model size: (12, 21)
Validation fitness: 0.9040376106194691 
Elapsed: 4.2578229904174805

*** Epoch 1, batch 372/520 ***
Training fitness: 0.9333333333333333
Model size: (7, 11)
Validation fitness: 0.9076305220883534 
Elapsed: 4.448693513870239

*** Epoch 1, batch 373/520 ***
Training fitness: 0.909952606635071
Model size: (9, 13)
Validation fitness: 0.9090521529060679 
Elapsed: 4.500360727310181

*** Epoch 1, batch 374/520 ***
Training fitness: 0.9421487603305785
Model size: (7, 11)
Validation fitness: 0.9076305220883534 
Elapsed: 4.497049331665039

*** Epoch 1, batch 375/520 ***
Training fitness: 0.9427312775330396
Model size: (4, 7)
Validation fitness: 0.9061982578648046 
Elapsed: 4.242314577102661

*** Epoch 1, batch 376/520 ***
Training fitness: 0.937007874015748
Model size: (11, 16)
Validation fitness: 0.910522954658341 
Elapsed: 4.6013994216918945

*** Epoch 1, batch 377/520 ***
Training fitness: 0.9243027888446215
Model size: (10, 16)
Validation fitness: 0.9094223219293326 
Elapsed: 4.552222967147827

*** Epoch 1, batch 378/520 ***
Training fitness: 0.9276595744680851
Model size: (4, 8)
Validation fitness: 0.9077135989511254 
Elapsed: 3.6917803287506104

*** Epoch 1, batch 379/520 ***
Training fitness: 0.919431279620853
Model size: (4, 8)
Validation fitness: 0.9066378066378067 
Elapsed: 3.791944980621338

*** Epoch 1, batch 380/520 ***
Training fitness: 0.9389312977099237
Model size: (11, 11)
Validation fitness: 0.8946414328185048 
Elapsed: 3.241410493850708

*** Epoch 1, batch 381/520 ***
Training fitness: 0.9108910891089109
Model size: (12, 14)
Validation fitness: 0.9128612716763006 
Elapsed: 4.006608009338379

*** Epoch 1, batch 382/520 ***
Training fitness: 0.9416666666666667
Model size: (5, 9)
Validation fitness: 0.9125081955270634 
Elapsed: 4.2285566329956055

*** Epoch 1, batch 383/520 ***
Training fitness: 0.9393939393939394
Model size: (5, 8)
Validation fitness: 0.9051053599208033 
Elapsed: 3.1073718070983887

*** Epoch 1, batch 384/520 ***
Training fitness: 0.9099099099099099
Model size: (4, 6)
Validation fitness: 0.9125189626526042 
Elapsed: 1.9219768047332764

*** Epoch 1, batch 385/520 ***
Training fitness: 0.9230769230769231
Model size: (7, 13)
Validation fitness: 0.9133014908090896 
Elapsed: 1.9605205059051514

*** Epoch 1, batch 386/520 ***
Training fitness: 0.9495798319327731
Model size: (16, 28)
Validation fitness: 0.9139661600229424 
Elapsed: 2.1360979080200195

*** Epoch 1, batch 387/520 ***
Training fitness: 0.9590163934426229
Model size: (5, 7)
Validation fitness: 0.9121252399940925 
Elapsed: 1.9967212677001953

*** Epoch 1, batch 388/520 ***
Training fitness: 0.925764192139738
Model size: (16, 28)
Validation fitness: 0.9139661600229424 
Elapsed: 2.1999685764312744

*** Epoch 1, batch 389/520 ***
Training fitness: 0.9166666666666666
Model size: (7, 11)
Validation fitness: 0.907928029238122 
Elapsed: 2.062607765197754

*** Epoch 1, batch 390/520 ***
Training fitness: 0.904
Model size: (12, 17)
Validation fitness: 0.8959864330130017 
Elapsed: 1.9164307117462158

*** Epoch 1, batch 391/520 ***
Training fitness: 0.9223744292237442
Model size: (16, 28)
Validation fitness: 0.9139661600229424 
Elapsed: 2.188582420349121

*** Epoch 1, batch 392/520 ***
Training fitness: 0.9210526315789473
Model size: (5, 8)
Validation fitness: 0.920742720901669 
Elapsed: 2.0208725929260254

*** Epoch 1, batch 393/520 ***
Training fitness: 0.935064935064935
Model size: (5, 8)
Validation fitness: 0.920742720901669 
Elapsed: 2.0297460556030273

*** Epoch 1, batch 394/520 ***
Training fitness: 0.9465020576131687
Model size: (9, 15)
Validation fitness: 0.9174192616140452 
Elapsed: 2.0908567905426025

*** Epoch 1, batch 395/520 ***
Training fitness: 0.936
Model size: (12, 17)
Validation fitness: 0.8834790146644513 
Elapsed: 1.8950259685516357

*** Epoch 1, batch 396/520 ***
Training fitness: 0.9343629343629344
Model size: (5, 8)
Validation fitness: 0.920742720901669 
Elapsed: 2.0505521297454834

*** Epoch 1, batch 397/520 ***
Training fitness: 0.9309090909090909
Model size: (9, 15)
Validation fitness: 0.9182234498800611 
Elapsed: 2.0781171321868896

*** Epoch 1, batch 398/520 ***
Training fitness: 0.9512195121951219
Model size: (10, 15)
Validation fitness: 0.9197806954263454 
Elapsed: 2.08376145362854

*** Epoch 1, batch 399/520 ***
Training fitness: 0.9300411522633745
Model size: (12, 15)
Validation fitness: 0.9066856330014225 
Elapsed: 1.9932849407196045

*** Epoch 1, batch 400/520 ***
Training fitness: 0.9099099099099099
Model size: (8, 14)
Validation fitness: 0.9001939430105923 
Elapsed: 2.2232604026794434

*** Epoch 1, batch 401/520 ***
Training fitness: 0.9292035398230089
Model size: (8, 14)
Validation fitness: 0.9001939430105923 
Elapsed: 2.1637179851531982

*** Epoch 1, batch 402/520 ***
Training fitness: 0.9155555555555556
Model size: (5, 8)
Validation fitness: 0.912257397978009 
Elapsed: 2.065171718597412

*** Epoch 1, batch 403/520 ***
Training fitness: 0.9377593360995851
Model size: (13, 16)
Validation fitness: 0.909710391822828 
Elapsed: 1.962047815322876

*** Epoch 1, batch 404/520 ***
Training fitness: 0.9478260869565217
Model size: (9, 16)
Validation fitness: 0.9110673378565697 
Elapsed: 2.049274206161499

*** Epoch 1, batch 405/520 ***
Training fitness: 0.9158878504672897
Model size: (13, 16)
Validation fitness: 0.909710391822828 
Elapsed: 2.140613555908203

*** Epoch 1, batch 406/520 ***
Training fitness: 0.919831223628692
Model size: (9, 16)
Validation fitness: 0.9107321965897693 
Elapsed: 2.135603427886963

*** Epoch 1, batch 407/520 ***
Training fitness: 0.9259259259259259
Model size: (15, 23)
Validation fitness: 0.8932734059571875 
Elapsed: 2.0454533100128174

*** Epoch 1, batch 408/520 ***
Training fitness: 0.9451476793248945
Model size: (7, 10)
Validation fitness: 0.9079094779296437 
Elapsed: 2.039698362350464

*** Epoch 1, batch 409/520 ***
Training fitness: 0.9387755102040817
Model size: (7, 9)
Validation fitness: 0.9196546172984048 
Elapsed: 2.1256818771362305

*** Epoch 1, batch 410/520 ***
Training fitness: 0.9411764705882353
Model size: (7, 9)
Validation fitness: 0.9196546172984048 
Elapsed: 2.0992531776428223

*** Epoch 1, batch 411/520 ***
Training fitness: 0.9562043795620438
Model size: (20, 22)
Validation fitness: 0.9014004001143183 
Elapsed: 2.0020244121551514

*** Epoch 1, batch 412/520 ***
Training fitness: 0.9140625
Model size: (8, 10)
Validation fitness: 0.9192066501385445 
Elapsed: 2.0918941497802734

*** Epoch 1, batch 413/520 ***
Training fitness: 0.9311740890688259
Model size: (21, 23)
Validation fitness: 0.8994058311455023 
Elapsed: 1.9989748001098633

*** Epoch 1, batch 414/520 ***
Training fitness: 0.9367088607594937
Model size: (14, 20)
Validation fitness: 0.9135692558795163 
Elapsed: 2.0902037620544434

*** Epoch 1, batch 415/520 ***
Training fitness: 0.926605504587156
Model size: (15, 21)
Validation fitness: 0.8959625189472233 
Elapsed: 1.9912080764770508

*** Epoch 1, batch 416/520 ***
Training fitness: 0.905982905982906
Model size: (7, 9)
Validation fitness: 0.9196546172984048 
Elapsed: 2.2553741931915283

*** Epoch 1, batch 417/520 ***
Training fitness: 0.9349593495934959
Model size: (7, 9)
Validation fitness: 0.9196546172984048 
Elapsed: 2.151219129562378

*** Epoch 1, batch 418/520 ***
Training fitness: 0.9387755102040817
Model size: (17, 23)
Validation fitness: 0.9039307714872397 
Elapsed: 2.029245615005493

*** Epoch 1, batch 419/520 ***
Training fitness: 0.9272030651340997
Model size: (16, 25)
Validation fitness: 0.8935536294691224 
Elapsed: 2.021932601928711

*** Epoch 1, batch 420/520 ***
Training fitness: 0.9333333333333333
Model size: (7, 10)
Validation fitness: 0.9217657342657343 
Elapsed: 2.0592715740203857

*** Epoch 1, batch 421/520 ***
Training fitness: 0.8975609756097561
Model size: (7, 9)
Validation fitness: 0.9196546172984048 
Elapsed: 2.227614641189575

*** Epoch 1, batch 422/520 ***
Training fitness: 0.9416666666666667
Model size: (7, 9)
Validation fitness: 0.9196546172984048 
Elapsed: 2.2000372409820557

*** Epoch 1, batch 423/520 ***
Training fitness: 0.9294605809128631
Model size: (19, 32)
Validation fitness: 0.9038814396612562 
Elapsed: 2.0851669311523438

*** Epoch 1, batch 424/520 ***
Training fitness: 0.933920704845815
Model size: (15, 18)
Validation fitness: 0.9132004621606008 
Elapsed: 2.0209500789642334

*** Epoch 1, batch 425/520 ***
Training fitness: 0.9140271493212669
Model size: (14, 18)
Validation fitness: 0.9063955950868277 
Elapsed: 2.0605883598327637

*** Epoch 1, batch 426/520 ***
Training fitness: 0.9184549356223176
Model size: (7, 10)
Validation fitness: 0.9217657342657343 
Elapsed: 2.276582717895508

*** Epoch 1, batch 427/520 ***
Training fitness: 0.9318181818181818
Model size: (21, 31)
Validation fitness: 0.9042412424263528 
Elapsed: 2.103121519088745

*** Epoch 1, batch 428/520 ***
Training fitness: 0.9568627450980393
Model size: (15, 17)
Validation fitness: 0.9040668839450191 
Elapsed: 2.004986047744751

*** Epoch 1, batch 429/520 ***
Training fitness: 0.923728813559322
Model size: (9, 17)
Validation fitness: 0.914476119955572 
Elapsed: 2.0811033248901367

*** Epoch 1, batch 430/520 ***
Training fitness: 0.925764192139738
Model size: (15, 21)
Validation fitness: 0.9127506845260119 
Elapsed: 2.0458950996398926

*** Epoch 1, batch 431/520 ***
Training fitness: 0.9356223175965666
Model size: (15, 20)
Validation fitness: 0.9096098953377736 
Elapsed: 2.0909671783447266

*** Epoch 1, batch 432/520 ***
Training fitness: 0.9007633587786259
Model size: (7, 11)
Validation fitness: 0.9193677616723723 
Elapsed: 2.0501527786254883

*** Epoch 1, batch 433/520 ***
Training fitness: 0.9191489361702128
Model size: (13, 17)
Validation fitness: 0.9115520907158043 
Elapsed: 1.9910361766815186

*** Epoch 1, batch 434/520 ***
Training fitness: 0.928
Model size: (14, 21)
Validation fitness: 0.9117186387583653 
Elapsed: 1.9452900886535645

*** Epoch 1, batch 435/520 ***
Training fitness: 0.9090909090909091
Model size: (11, 20)
Validation fitness: 0.9100671140939597 
Elapsed: 2.0201377868652344

*** Epoch 1, batch 436/520 ***
Training fitness: 0.9166666666666666
Model size: (20, 29)
Validation fitness: 0.9150626118067978 
Elapsed: 3.5707006454467773

*** Epoch 1, batch 437/520 ***
Training fitness: 0.9162995594713657
Model size: (14, 21)
Validation fitness: 0.9117186387583653 
Elapsed: 2.0822300910949707

*** Epoch 1, batch 438/520 ***
Training fitness: 0.9298245614035088
Model size: (20, 22)
Validation fitness: 0.8747666459240822 
Elapsed: 4.181533336639404

*** Epoch 1, batch 439/520 ***
Training fitness: 0.9149797570850202
Model size: (16, 24)
Validation fitness: 0.9123353632629939 
Elapsed: 4.196565628051758

*** Epoch 1, batch 440/520 ***
Training fitness: 0.9277566539923955
Model size: (13, 18)
Validation fitness: 0.912369640787949 
Elapsed: 2.0452396869659424

*** Epoch 1, batch 441/520 ***
Training fitness: 0.9407114624505929
Model size: (16, 27)
Validation fitness: 0.9131963984243107 
Elapsed: 2.022542953491211

*** Epoch 1, batch 442/520 ***
Training fitness: 0.9266409266409267
Model size: (17, 21)
Validation fitness: 0.9150495903406641 
Elapsed: 2.1259424686431885

*** Epoch 1, batch 443/520 ***
Training fitness: 0.8956521739130435
Model size: (13, 18)
Validation fitness: 0.8914098173515982 
Elapsed: 1.9806725978851318

*** Epoch 1, batch 444/520 ***
Training fitness: 0.9402390438247012
Model size: (15, 18)
Validation fitness: 0.9119156414762741 
Elapsed: 1.8834784030914307

*** Epoch 1, batch 445/520 ***
Training fitness: 0.9392712550607287
Model size: (15, 18)
Validation fitness: 0.9136947218259629 
Elapsed: 1.969560146331787

*** Epoch 1, batch 446/520 ***
Training fitness: 0.9159663865546218
Model size: (12, 17)
Validation fitness: 0.9060789608115011 
Elapsed: 1.995955467224121

*** Epoch 1, batch 447/520 ***
Training fitness: 0.9322033898305084
Model size: (13, 18)
Validation fitness: 0.9165037294518068 
Elapsed: 2.0671238899230957

*** Epoch 1, batch 448/520 ***
Training fitness: 0.9583333333333334
Model size: (12, 26)
Validation fitness: 0.9212694319077298 
Elapsed: 2.14845871925354

*** Epoch 1, batch 449/520 ***
Training fitness: 0.9090909090909091
Model size: (13, 28)
Validation fitness: 0.9100057504312824 
Elapsed: 2.1788365840911865

*** Epoch 1, batch 450/520 ***
Training fitness: 0.9
Model size: (16, 21)
Validation fitness: 0.9086890454482663 
Elapsed: 2.0274271965026855

*** Epoch 1, batch 451/520 ***
Training fitness: 0.9543568464730291
Model size: (14, 29)
Validation fitness: 0.9157695664823975 
Elapsed: 2.233628988265991

*** Epoch 1, batch 452/520 ***
Training fitness: 0.9292929292929293
Model size: (15, 22)
Validation fitness: 0.9126879836472478 
Elapsed: 2.0583689212799072

*** Epoch 1, batch 453/520 ***
Training fitness: 0.9012875536480687
Model size: (17, 23)
Validation fitness: 0.9073386636207881 
Elapsed: 2.097196340560913

*** Epoch 1, batch 454/520 ***
Training fitness: 0.897196261682243
Model size: (16, 25)
Validation fitness: 0.911054359722729 
Elapsed: 2.061185359954834

*** Epoch 1, batch 455/520 ***
Training fitness: 0.9272727272727272
Model size: (16, 26)
Validation fitness: 0.9130402768573743 
Elapsed: 2.094550609588623

*** Epoch 1, batch 456/520 ***
Training fitness: 0.9367088607594937
Model size: (13, 23)
Validation fitness: 0.914183891660727 
Elapsed: 2.134861946105957

*** Epoch 1, batch 457/520 ***
Training fitness: 0.9212598425196851
Model size: (18, 24)
Validation fitness: 0.9101997896950579 
Elapsed: 1.9588267803192139

*** Epoch 1, batch 458/520 ***
Training fitness: 0.9356223175965666
Model size: (14, 22)
Validation fitness: 0.9148517736178892 
Elapsed: 2.011688709259033

*** Epoch 1, batch 459/520 ***
Training fitness: 0.9090909090909091
Model size: (19, 27)
Validation fitness: 0.9121641570711544 
Elapsed: 1.985891342163086

*** Epoch 1, batch 460/520 ***
Training fitness: 0.9581749049429658
Model size: (14, 19)
Validation fitness: 0.9015022675736961 
Elapsed: 1.9272406101226807

*** Epoch 1, batch 461/520 ***
Training fitness: 0.9531914893617022
Model size: (22, 31)
Validation fitness: 0.9124303998843011 
Elapsed: 1.9665138721466064

*** Epoch 1, batch 462/520 ***
Training fitness: 0.9243697478991597
Model size: (16, 26)
Validation fitness: 0.9120245309191793 
Elapsed: 2.115065574645996

*** Epoch 1, batch 463/520 ***
Training fitness: 0.9451476793248945
Model size: (21, 28)
Validation fitness: 0.9111533957845434 
Elapsed: 2.088141679763794

*** Epoch 1, batch 464/520 ***
Training fitness: 0.944
Model size: (20, 28)
Validation fitness: 0.9079915495009835 
Elapsed: 2.059555768966675

*** Epoch 1, batch 465/520 ***
Training fitness: 0.9444444444444444
Model size: (18, 25)
Validation fitness: 0.9072372199885124 
Elapsed: 2.029324531555176

*** Epoch 1, batch 466/520 ***
Training fitness: 0.909952606635071
Model size: (16, 26)
Validation fitness: 0.9100750577367206 
Elapsed: 2.0486090183258057

*** Epoch 1, batch 467/520 ***
Training fitness: 0.9180327868852459
Model size: (21, 31)
Validation fitness: 0.913578449217328 
Elapsed: 2.081385850906372

*** Epoch 1, batch 468/520 ***
Training fitness: 0.896551724137931
Model size: (22, 29)
Validation fitness: 0.9075195745309499 
Elapsed: 2.1452858448028564

*** Epoch 1, batch 469/520 ***
Training fitness: 0.9180327868852459
Model size: (21, 32)
Validation fitness: 0.910384276914051 
Elapsed: 2.0179500579833984

*** Epoch 1, batch 470/520 ***
Training fitness: 0.9133858267716536
Model size: (15, 22)
Validation fitness: 0.9103116828044385 
Elapsed: 2.1227173805236816

*** Epoch 1, batch 471/520 ***
Training fitness: 0.96
Model size: (21, 32)
Validation fitness: 0.9008662175168431 
Elapsed: 1.9946980476379395

*** Epoch 1, batch 472/520 ***
Training fitness: 0.9252669039145908
Model size: (21, 26)
Validation fitness: 0.914898177920686 
Elapsed: 2.0179762840270996

*** Epoch 1, batch 473/520 ***
Training fitness: 0.9152542372881356
Model size: (21, 26)
Validation fitness: 0.914898177920686 
Elapsed: 2.031029224395752

*** Epoch 1, batch 474/520 ***
Training fitness: 0.8899521531100478
Model size: (23, 37)
Validation fitness: 0.9084370279795727 
Elapsed: 2.1119627952575684

*** Epoch 1, batch 475/520 ***
Training fitness: 0.9223300970873787
Model size: (23, 35)
Validation fitness: 0.9121041728321989 
Elapsed: 2.0365498065948486

*** Epoch 1, batch 476/520 ***
Training fitness: 0.925764192139738
Model size: (18, 27)
Validation fitness: 0.8960264424804196 
Elapsed: 1.9571068286895752

*** Epoch 1, batch 477/520 ***
Training fitness: 0.9422222222222222
Model size: (17, 26)
Validation fitness: 0.9151689432063264 
Elapsed: 1.9692859649658203

*** Epoch 1, batch 478/520 ***
Training fitness: 0.9382716049382716
Model size: (9, 17)
Validation fitness: 0.905788092277939 
Elapsed: 2.0391674041748047

*** Epoch 1, batch 479/520 ***
Training fitness: 0.9158878504672897
Model size: (24, 37)
Validation fitness: 0.910874897792314 
Elapsed: 2.1433510780334473

*** Epoch 1, batch 480/520 ***
Training fitness: 0.9333333333333333
Model size: (24, 30)
Validation fitness: 0.9143608089362634 
Elapsed: 4.098140239715576

*** Epoch 1, batch 481/520 ***
Training fitness: 0.9083665338645418
Model size: (25, 33)
Validation fitness: 0.90325737452817 
Elapsed: 4.193479776382446

*** Epoch 1, batch 482/520 ***
Training fitness: 0.918918918918919
Model size: (26, 34)
Validation fitness: 0.9117647058823529 
Elapsed: 4.116539239883423

*** Epoch 1, batch 483/520 ***
Training fitness: 0.946058091286307
Model size: (24, 30)
Validation fitness: 0.9089028444772811 
Elapsed: 4.253551959991455

*** Epoch 1, batch 484/520 ***
Training fitness: 0.9140625
Model size: (21, 27)
Validation fitness: 0.9032347826086956 
Elapsed: 4.236605644226074

*** Epoch 1, batch 485/520 ***
Training fitness: 0.9205020920502092
Model size: (7, 12)
Validation fitness: 0.9054869684499314 
Elapsed: 2.3201518058776855

*** Epoch 1, batch 486/520 ***
Training fitness: 0.8938053097345132
Model size: (11, 19)
Validation fitness: 0.9001131861912847 
Elapsed: 2.346845865249634

*** Epoch 1, batch 487/520 ***
Training fitness: 0.9375
Model size: (23, 28)
Validation fitness: 0.8990668851057768 
Elapsed: 2.239748001098633

*** Epoch 1, batch 488/520 ***
Training fitness: 0.896551724137931
Model size: (16, 25)
Validation fitness: 0.8786279683377308 
Elapsed: 2.2591934204101562

*** Epoch 1, batch 489/520 ***
Training fitness: 0.9311740890688259
Model size: (10, 17)
Validation fitness: 0.9067639067639067 
Elapsed: 2.3812801837921143

*** Epoch 1, batch 490/520 ***
Training fitness: 0.9311740890688259
Model size: (23, 27)
Validation fitness: 0.903455140054031 
Elapsed: 2.58630108833313

*** Epoch 1, batch 491/520 ***
Training fitness: 0.9011857707509882
Model size: (8, 11)
Validation fitness: 0.8903253303025997 
Elapsed: 2.3519182205200195

*** Epoch 1, batch 492/520 ***
Training fitness: 0.9191489361702128
Model size: (23, 27)
Validation fitness: 0.903455140054031 
Elapsed: 2.295480489730835

*** Epoch 1, batch 493/520 ***
Training fitness: 0.9261083743842364
Model size: (12, 16)
Validation fitness: 0.9092783505154639 
Elapsed: 2.277212381362915

*** Epoch 1, batch 494/520 ***
Training fitness: 0.9365079365079365
Model size: (12, 16)
Validation fitness: 0.9092783505154639 
Elapsed: 2.2952609062194824

*** Epoch 1, batch 495/520 ***
Training fitness: 0.9426229508196722
Model size: (12, 17)
Validation fitness: 0.9100966147946014 
Elapsed: 2.3191964626312256

*** Epoch 1, batch 496/520 ***
Training fitness: 0.8955223880597015
Model size: (12, 17)
Validation fitness: 0.9100966147946014 
Elapsed: 2.338844060897827

*** Epoch 1, batch 497/520 ***
Training fitness: 0.8918918918918919
Model size: (9, 16)
Validation fitness: 0.8871090770404272 
Elapsed: 2.24238920211792

*** Epoch 1, batch 498/520 ***
Training fitness: 0.9138576779026217
Model size: (12, 19)
Validation fitness: 0.904539432396625 
Elapsed: 2.3238470554351807

*** Epoch 1, batch 499/520 ***
Training fitness: 0.9387755102040817
Model size: (13, 19)
Validation fitness: 0.9015597410241318 
Elapsed: 2.238086223602295

*** Epoch 1, batch 500/520 ***
Training fitness: 0.909952606635071
Model size: (14, 20)
Validation fitness: 0.9115735669952537 
Elapsed: 2.1370034217834473

*** Epoch 1, batch 501/520 ***
Training fitness: 0.9224489795918367
Model size: (23, 26)
Validation fitness: 0.9067386977537674 
Elapsed: 2.128450632095337

*** Epoch 1, batch 502/520 ***
Training fitness: 0.9034749034749034
Model size: (12, 19)
Validation fitness: 0.9072020216201039 
Elapsed: 2.111478567123413

*** Epoch 1, batch 503/520 ***
Training fitness: 0.933920704845815
Model size: (12, 17)
Validation fitness: 0.9105763517528224 
Elapsed: 2.138303518295288

*** Epoch 1, batch 504/520 ***
Training fitness: 0.927038626609442
Model size: (14, 21)
Validation fitness: 0.9107912617812522 
Elapsed: 2.2034411430358887

*** Epoch 1, batch 505/520 ***
Training fitness: 0.8629441624365483
Model size: (12, 21)
Validation fitness: 0.915437771603619 
Elapsed: 2.19998836517334

*** Epoch 1, batch 506/520 ***
Training fitness: 0.905829596412556
Model size: (10, 18)
Validation fitness: 0.9043774535219613 
Elapsed: 2.3225386142730713

*** Epoch 1, batch 507/520 ***
Training fitness: 0.9326923076923077
Model size: (12, 22)
Validation fitness: 0.9218594039640667 
Elapsed: 2.2003531455993652

*** Epoch 1, batch 508/520 ***
Training fitness: 0.9029535864978903
Model size: (12, 21)
Validation fitness: 0.915437771603619 
Elapsed: 2.1557371616363525

*** Epoch 1, batch 509/520 ***
Training fitness: 0.8992248062015504
Model size: (19, 28)
Validation fitness: 0.8785824345146379 
Elapsed: 2.112610340118408

*** Epoch 1, batch 510/520 ***
Training fitness: 0.9181818181818182
Model size: (12, 21)
Validation fitness: 0.9052555273649873 
Elapsed: 2.188903570175171

*** Epoch 1, batch 511/520 ***
Training fitness: 0.9170305676855895
Model size: (12, 22)
Validation fitness: 0.9122831367106177 
Elapsed: 2.242392063140869

*** Epoch 1, batch 512/520 ***
Training fitness: 0.926829268292683
Model size: (12, 21)
Validation fitness: 0.9052555273649873 
Elapsed: 2.1492702960968018

*** Epoch 1, batch 513/520 ***
Training fitness: 0.9166666666666666
Model size: (11, 21)
Validation fitness: 0.9101671309192201 
Elapsed: 2.181939125061035

*** Epoch 1, batch 514/520 ***
Training fitness: 0.908256880733945
Model size: (12, 21)
Validation fitness: 0.90700788573129 
Elapsed: 2.312711238861084

*** Epoch 1, batch 515/520 ***
Training fitness: 0.9348659003831418
Model size: (11, 21)
Validation fitness: 0.9019444444444444 
Elapsed: 2.183880567550659

*** Epoch 1, batch 516/520 ***
Training fitness: 0.9402390438247012
Model size: (10, 18)
Validation fitness: 0.9208716426554695 
Elapsed: 2.1990973949432373

*** Epoch 1, batch 517/520 ***
Training fitness: 0.935064935064935
Model size: (11, 18)
Validation fitness: 0.9051214953271028 
Elapsed: 2.2735190391540527

*** Epoch 1, batch 518/520 ***
Training fitness: 0.9147982062780269
Model size: (10, 18)
Validation fitness: 0.9208716426554695 
Elapsed: 2.2686808109283447

*** Epoch 1, batch 519/520 ***
Training fitness: 0.8986784140969163
Model size: (10, 18)
Validation fitness: 0.9208716426554695 
Elapsed: 2.183572769165039

*** Epoch 1, batch 520/520 ***
Training fitness: 0.9140625
Model size: (10, 17)
Validation fitness: 0.9062716322857538 
Elapsed: 2.1723368167877197

Total train time: 1269.6729009151459
Test time: 0.27044105529785156
Test fitness: 0.9299963728690606
Test statistics: Stats(total=14791, total_true=7158, total_false=7633, true_positive=6410, true_negative=7416, false_positive=217, false_negative=748, tpr=0.8955015367421068, tnr=0.9715708109524434, ppv=0.967255168251094, npv=0.9083782459578638, accuracy=0.9347576228787776, f1=0.9299963728690606, mcc=0.8713423667984678)
