Configuration:
Dataset: nsl_kdd
Selector: pca
Fold: 9
Fitness: mcc
Batch size: 512
Epochs: 1
Config args: {}
*** Epoch 1, batch 1/260 ***
Training fitness: 0.8082849150327653
Model size: (1, 12)
Validation fitness: 0.7963432814582074 !!!
Elapsed: 6.441263914108276

*** Epoch 1, batch 2/260 ***
Training fitness: 0.7959585083302739
Model size: (1, 12)
Validation fitness: 0.7963432814582074 
Elapsed: 6.742829322814941

*** Epoch 1, batch 3/260 ***
Training fitness: 0.7895349954861539
Model size: (2, 13)
Validation fitness: 0.7886889807304533 
Elapsed: 7.006863117218018

*** Epoch 1, batch 4/260 ***
Training fitness: 0.8205625162146901
Model size: (2, 13)
Validation fitness: 0.7886889807304533 
Elapsed: 7.135014533996582

*** Epoch 1, batch 5/260 ***
Training fitness: 0.8159672679562355
Model size: (2, 14)
Validation fitness: 0.8168146730894699 !!!
Elapsed: 7.236041069030762

*** Epoch 1, batch 6/260 ***
Training fitness: 0.7852167214246096
Model size: (3, 13)
Validation fitness: 0.8206464093152941 !!!
Elapsed: 7.370333433151245

*** Epoch 1, batch 7/260 ***
Training fitness: 0.8273098780333741
Model size: (1, 9)
Validation fitness: 0.8167615099818141 
Elapsed: 7.273251295089722

*** Epoch 1, batch 8/260 ***
Training fitness: 0.8120743556717362
Model size: (2, 10)
Validation fitness: 0.8326021925871394 !!!
Elapsed: 6.733640432357788

*** Epoch 1, batch 9/260 ***
Training fitness: 0.8246711725627288
Model size: (3, 13)
Validation fitness: 0.8239269270712064 
Elapsed: 7.312619686126709

*** Epoch 1, batch 10/260 ***
Training fitness: 0.8437936637744331
Model size: (2, 9)
Validation fitness: 0.8595926697577991 !!!
Elapsed: 7.118297815322876

*** Epoch 1, batch 11/260 ***
Training fitness: 0.8961366650231679
Model size: (2, 9)
Validation fitness: 0.8595926697577991 
Elapsed: 7.075965166091919

*** Epoch 1, batch 12/260 ***
Training fitness: 0.8465468887438745
Model size: (2, 9)
Validation fitness: 0.8595926697577991 
Elapsed: 7.236486911773682

*** Epoch 1, batch 13/260 ***
Training fitness: 0.8528396675317231
Model size: (3, 11)
Validation fitness: 0.844437906559448 
Elapsed: 7.048893451690674

*** Epoch 1, batch 14/260 ***
Training fitness: 0.8771153900314141
Model size: (2, 9)
Validation fitness: 0.8595926697577991 
Elapsed: 7.0148844718933105

*** Epoch 1, batch 15/260 ***
Training fitness: 0.8873296459588875
Model size: (2, 7)
Validation fitness: 0.8645109368001577 !!!
Elapsed: 7.646477460861206

*** Epoch 1, batch 16/260 ***
Training fitness: 0.8816200232852511
Model size: (2, 9)
Validation fitness: 0.8595926697577991 
Elapsed: 7.167728424072266

*** Epoch 1, batch 17/260 ***
Training fitness: 0.8404018340994253
Model size: (2, 9)
Validation fitness: 0.8520578356020843 
Elapsed: 7.28499960899353

*** Epoch 1, batch 18/260 ***
Training fitness: 0.8739037340944454
Model size: (2, 9)
Validation fitness: 0.8595926697577991 
Elapsed: 7.51554799079895

*** Epoch 1, batch 19/260 ***
Training fitness: 0.8478746813482443
Model size: (2, 9)
Validation fitness: 0.8595926697577991 
Elapsed: 7.268515586853027

*** Epoch 1, batch 20/260 ***
Training fitness: 0.9011079327177316
Model size: (2, 6)
Validation fitness: 0.8608177972210165 
Elapsed: 7.10971474647522

*** Epoch 1, batch 21/260 ***
Training fitness: 0.8646158400381222
Model size: (5, 15)
Validation fitness: 0.8478864391689183 
Elapsed: 7.490403175354004

*** Epoch 1, batch 22/260 ***
Training fitness: 0.8490574826125626
Model size: (2, 9)
Validation fitness: 0.8595926697577991 
Elapsed: 7.134361505508423

*** Epoch 1, batch 23/260 ***
Training fitness: 0.8798780694533653
Model size: (2, 9)
Validation fitness: 0.8595926697577991 
Elapsed: 7.300942420959473

*** Epoch 1, batch 24/260 ***
Training fitness: 0.8275527904447861
Model size: (2, 6)
Validation fitness: 0.8608177972210165 
Elapsed: 6.50759482383728

*** Epoch 1, batch 25/260 ***
Training fitness: 0.8434642606809283
Model size: (2, 6)
Validation fitness: 0.8608177972210165 
Elapsed: 3.9427990913391113

*** Epoch 1, batch 26/260 ***
Training fitness: 0.8437538302338559
Model size: (5, 12)
Validation fitness: 0.8531003645308262 
Elapsed: 3.9497156143188477

*** Epoch 1, batch 27/260 ***
Training fitness: 0.8975562319388577
Model size: (5, 15)
Validation fitness: 0.8478864391689183 
Elapsed: 4.078330755233765

*** Epoch 1, batch 28/260 ***
Training fitness: 0.8780894747982789
Model size: (2, 6)
Validation fitness: 0.8608177972210165 
Elapsed: 3.881106376647949

*** Epoch 1, batch 29/260 ***
Training fitness: 0.867147664662966
Model size: (5, 14)
Validation fitness: 0.8599324039008749 
Elapsed: 4.174687385559082

*** Epoch 1, batch 30/260 ***
Training fitness: 0.871464383564415
Model size: (3, 8)
Validation fitness: 0.8426588045161425 
Elapsed: 4.129185438156128

*** Epoch 1, batch 31/260 ***
Training fitness: 0.8602074080025276
Model size: (5, 14)
Validation fitness: 0.8599324039008749 
Elapsed: 4.217109680175781

*** Epoch 1, batch 32/260 ***
Training fitness: 0.8819961722029686
Model size: (5, 14)
Validation fitness: 0.8599324039008749 
Elapsed: 4.182384729385376

*** Epoch 1, batch 33/260 ***
Training fitness: 0.8875161247441443
Model size: (5, 14)
Validation fitness: 0.8599324039008749 
Elapsed: 4.346461534500122

*** Epoch 1, batch 34/260 ***
Training fitness: 0.8615265212668327
Model size: (5, 12)
Validation fitness: 0.8531003645308262 
Elapsed: 4.159167289733887

*** Epoch 1, batch 35/260 ***
Training fitness: 0.8606178127304712
Model size: (2, 6)
Validation fitness: 0.8608177972210165 
Elapsed: 4.174418926239014

*** Epoch 1, batch 36/260 ***
Training fitness: 0.8869319400859691
Model size: (2, 6)
Validation fitness: 0.8608177972210165 
Elapsed: 4.148461103439331

*** Epoch 1, batch 37/260 ***
Training fitness: 0.8851113822610694
Model size: (5, 12)
Validation fitness: 0.8531003645308262 
Elapsed: 4.286696672439575

*** Epoch 1, batch 38/260 ***
Training fitness: 0.8571846650156335
Model size: (2, 7)
Validation fitness: 0.8606643137910228 
Elapsed: 4.216540575027466

*** Epoch 1, batch 39/260 ***
Training fitness: 0.8480923547945642
Model size: (4, 13)
Validation fitness: 0.8384131133964293 
Elapsed: 4.2708070278167725

*** Epoch 1, batch 40/260 ***
Training fitness: 0.8772710571641424
Model size: (2, 7)
Validation fitness: 0.8606643137910228 
Elapsed: 4.162851810455322

*** Epoch 1, batch 41/260 ***
Training fitness: 0.8750240911382946
Model size: (2, 7)
Validation fitness: 0.8606643137910228 
Elapsed: 4.310718297958374

*** Epoch 1, batch 42/260 ***
Training fitness: 0.8856582270365304
Model size: (2, 6)
Validation fitness: 0.8403745036529455 
Elapsed: 4.1948840618133545

*** Epoch 1, batch 43/260 ***
Training fitness: 0.8716109073228903
Model size: (2, 6)
Validation fitness: 0.8608177972210165 
Elapsed: 4.082399845123291

*** Epoch 1, batch 44/260 ***
Training fitness: 0.8643335702168787
Model size: (2, 6)
Validation fitness: 0.8608177972210165 
Elapsed: 4.1387364864349365

*** Epoch 1, batch 45/260 ***
Training fitness: 0.8604019743469709
Model size: (6, 15)
Validation fitness: 0.8544759171819909 
Elapsed: 4.620360612869263

*** Epoch 1, batch 46/260 ***
Training fitness: 0.8461444552982859
Model size: (4, 9)
Validation fitness: 0.8356669930341029 
Elapsed: 4.109308481216431

*** Epoch 1, batch 47/260 ***
Training fitness: 0.8678753064142791
Model size: (3, 8)
Validation fitness: 0.8349462292457889 
Elapsed: 4.1633570194244385

*** Epoch 1, batch 48/260 ***
Training fitness: 0.8579224711032168
Model size: (6, 15)
Validation fitness: 0.8544759171819909 
Elapsed: 4.299316644668579

*** Epoch 1, batch 49/260 ***
Training fitness: 0.8608839647946932
Model size: (7, 18)
Validation fitness: 0.8412280063842709 
Elapsed: 4.5321409702301025

*** Epoch 1, batch 50/260 ***
Training fitness: 0.8308270866556451
Model size: (3, 9)
Validation fitness: 0.8269524159425055 
Elapsed: 4.225799560546875

*** Epoch 1, batch 51/260 ***
Training fitness: 0.8565739016339948
Model size: (3, 5)
Validation fitness: 0.8569602182084525 
Elapsed: 4.2658140659332275

*** Epoch 1, batch 52/260 ***
Training fitness: 0.8472094242450298
Model size: (4, 10)
Validation fitness: 0.8409737098488738 
Elapsed: 4.3248820304870605

*** Epoch 1, batch 53/260 ***
Training fitness: 0.899820257201832
Model size: (4, 10)
Validation fitness: 0.8409737098488738 
Elapsed: 4.463386058807373

*** Epoch 1, batch 54/260 ***
Training fitness: 0.8912822172380453
Model size: (7, 20)
Validation fitness: 0.8310276410291181 
Elapsed: 4.523998975753784

*** Epoch 1, batch 55/260 ***
Training fitness: 0.8441123652117256
Model size: (1, 5)
Validation fitness: 0.8381246433882984 
Elapsed: 4.226064920425415

*** Epoch 1, batch 56/260 ***
Training fitness: 0.8279961905058318
Model size: (3, 9)
Validation fitness: 0.8290832000517191 
Elapsed: 4.296472787857056

*** Epoch 1, batch 57/260 ***
Training fitness: 0.8676339398509921
Model size: (5, 10)
Validation fitness: 0.8418093691677211 
Elapsed: 4.3362884521484375

*** Epoch 1, batch 58/260 ***
Training fitness: 0.8635990085132599
Model size: (4, 11)
Validation fitness: 0.8432681094920172 
Elapsed: 4.706106424331665

*** Epoch 1, batch 59/260 ***
Training fitness: 0.8624800060695207
Model size: (4, 12)
Validation fitness: 0.824807809090685 
Elapsed: 4.50372576713562

*** Epoch 1, batch 60/260 ***
Training fitness: 0.8632644369315817
Model size: (3, 7)
Validation fitness: 0.8264290605705417 
Elapsed: 4.286102771759033

*** Epoch 1, batch 61/260 ***
Training fitness: 0.8674587303785118
Model size: (6, 20)
Validation fitness: 0.8408393564616721 
Elapsed: 4.448752403259277

*** Epoch 1, batch 62/260 ***
Training fitness: 0.8351802784585479
Model size: (4, 12)
Validation fitness: 0.8256748532782947 
Elapsed: 4.36863374710083

*** Epoch 1, batch 63/260 ***
Training fitness: 0.828110935827103
Model size: (5, 13)
Validation fitness: 0.8234644796837053 
Elapsed: 4.413550853729248

*** Epoch 1, batch 64/260 ***
Training fitness: 0.835590554068473
Model size: (5, 13)
Validation fitness: 0.855317349751452 
Elapsed: 4.2452919483184814

*** Epoch 1, batch 65/260 ***
Training fitness: 0.8695573861832505
Model size: (5, 13)
Validation fitness: 0.855317349751452 
Elapsed: 4.403613567352295

*** Epoch 1, batch 66/260 ***
Training fitness: 0.853639002868853
Model size: (5, 13)
Validation fitness: 0.855317349751452 
Elapsed: 4.182128667831421

*** Epoch 1, batch 67/260 ***
Training fitness: 0.8466667460535122
Model size: (5, 13)
Validation fitness: 0.855317349751452 
Elapsed: 4.247483968734741

*** Epoch 1, batch 68/260 ***
Training fitness: 0.8582258158272565
Model size: (5, 13)
Validation fitness: 0.855317349751452 
Elapsed: 4.361879110336304

*** Epoch 1, batch 69/260 ***
Training fitness: 0.9303772078775152
Model size: (5, 13)
Validation fitness: 0.8292011851963286 
Elapsed: 4.444947719573975

*** Epoch 1, batch 70/260 ***
Training fitness: 0.868886203880645
Model size: (6, 14)
Validation fitness: 0.8346333268097785 
Elapsed: 4.351606845855713

*** Epoch 1, batch 71/260 ***
Training fitness: 0.8792926397415077
Model size: (6, 15)
Validation fitness: 0.8533630225035881 
Elapsed: 4.552827835083008

*** Epoch 1, batch 72/260 ***
Training fitness: 0.8776412591226929
Model size: (6, 17)
Validation fitness: 0.8218577268045743 
Elapsed: 4.309201955795288

*** Epoch 1, batch 73/260 ***
Training fitness: 0.8281639588326871
Model size: (5, 13)
Validation fitness: 0.8279741416962032 
Elapsed: 4.4886205196380615

*** Epoch 1, batch 74/260 ***
Training fitness: 0.8864742537010991
Model size: (6, 15)
Validation fitness: 0.8579468364202664 
Elapsed: 4.579550504684448

*** Epoch 1, batch 75/260 ***
Training fitness: 0.8715373442158161
Model size: (5, 15)
Validation fitness: 0.8611957836812902 
Elapsed: 4.543689727783203

*** Epoch 1, batch 76/260 ***
Training fitness: 0.8630786195094949
Model size: (5, 15)
Validation fitness: 0.8611957836812902 
Elapsed: 4.327986001968384

*** Epoch 1, batch 77/260 ***
Training fitness: 0.8913167944777871
Model size: (5, 15)
Validation fitness: 0.8611957836812902 
Elapsed: 4.443351984024048

*** Epoch 1, batch 78/260 ***
Training fitness: 0.8757949565020009
Model size: (6, 15)
Validation fitness: 0.8579468364202664 
Elapsed: 4.588408708572388

*** Epoch 1, batch 79/260 ***
Training fitness: 0.8900052587855642
Model size: (4, 10)
Validation fitness: 0.8377930773356619 
Elapsed: 4.435019016265869

*** Epoch 1, batch 80/260 ***
Training fitness: 0.8814679925897086
Model size: (6, 15)
Validation fitness: 0.8579468364202664 
Elapsed: 7.963911771774292

*** Epoch 1, batch 81/260 ***
Training fitness: 0.8527743424644041
Model size: (6, 16)
Validation fitness: 0.838997358797558 
Elapsed: 8.007948160171509

*** Epoch 1, batch 82/260 ***
Training fitness: 0.8474602600214216
Model size: (4, 14)
Validation fitness: 0.8244895125763324 
Elapsed: 6.4723896980285645

*** Epoch 1, batch 83/260 ***
Training fitness: 0.8548594780842865
Model size: (5, 15)
Validation fitness: 0.8611957836812902 
Elapsed: 4.541225433349609

*** Epoch 1, batch 84/260 ***
Training fitness: 0.8812109849305293
Model size: (7, 18)
Validation fitness: 0.8419630545830136 
Elapsed: 4.625959396362305

*** Epoch 1, batch 85/260 ***
Training fitness: 0.8794999929626253
Model size: (7, 17)
Validation fitness: 0.8603448525444759 
Elapsed: 4.5628111362457275

*** Epoch 1, batch 86/260 ***
Training fitness: 0.8604569738946724
Model size: (7, 17)
Validation fitness: 0.8603448525444759 
Elapsed: 4.471514463424683

*** Epoch 1, batch 87/260 ***
Training fitness: 0.8540099151826287
Model size: (5, 15)
Validation fitness: 0.8611957836812902 
Elapsed: 4.455167055130005

*** Epoch 1, batch 88/260 ***
Training fitness: 0.8640703505221085
Model size: (7, 17)
Validation fitness: 0.8544842219733173 
Elapsed: 4.669741868972778

*** Epoch 1, batch 89/260 ***
Training fitness: 0.8509418421237871
Model size: (7, 19)
Validation fitness: 0.8496199669957383 
Elapsed: 4.53828763961792

*** Epoch 1, batch 90/260 ***
Training fitness: 0.8918702662540068
Model size: (7, 17)
Validation fitness: 0.8544842219733173 
Elapsed: 4.341987371444702

*** Epoch 1, batch 91/260 ***
Training fitness: 0.8452155044429686
Model size: (7, 17)
Validation fitness: 0.8444849041652032 
Elapsed: 4.1264073848724365

*** Epoch 1, batch 92/260 ***
Training fitness: 0.8886138886509372
Model size: (3, 8)
Validation fitness: 0.8219605834471134 
Elapsed: 4.129778146743774

*** Epoch 1, batch 93/260 ***
Training fitness: 0.8805899139163632
Model size: (3, 8)
Validation fitness: 0.8219605834471134 
Elapsed: 4.161155939102173

*** Epoch 1, batch 94/260 ***
Training fitness: 0.882081995944797
Model size: (7, 17)
Validation fitness: 0.8544842219733173 
Elapsed: 4.399577617645264

*** Epoch 1, batch 95/260 ***
Training fitness: 0.8707450229515032
Model size: (5, 15)
Validation fitness: 0.8611957836812902 
Elapsed: 4.301706552505493

*** Epoch 1, batch 96/260 ***
Training fitness: 0.9158076748101078
Model size: (5, 14)
Validation fitness: 0.8463829409175996 
Elapsed: 4.436632871627808

*** Epoch 1, batch 97/260 ***
Training fitness: 0.8484755270588449
Model size: (7, 14)
Validation fitness: 0.8028629845111652 
Elapsed: 4.529767036437988

*** Epoch 1, batch 98/260 ***
Training fitness: 0.8729238934488034
Model size: (12, 20)
Validation fitness: 0.8405999616519818 
Elapsed: 4.769573450088501

*** Epoch 1, batch 99/260 ***
Training fitness: 0.8842212958297067
Model size: (10, 19)
Validation fitness: 0.8286185584682072 
Elapsed: 4.159956216812134

*** Epoch 1, batch 100/260 ***
Training fitness: 0.824071322407884
Model size: (2, 7)
Validation fitness: 0.831942216175952 
Elapsed: 4.04410982131958

*** Epoch 1, batch 101/260 ***
Training fitness: 0.8596285330315973
Model size: (10, 19)
Validation fitness: 0.8286185584682072 
Elapsed: 4.289360523223877

*** Epoch 1, batch 102/260 ***
Training fitness: 0.8547973233984678
Model size: (2, 7)
Validation fitness: 0.8292062611152359 
Elapsed: 4.252301931381226

*** Epoch 1, batch 103/260 ***
Training fitness: 0.8679000473202974
Model size: (10, 19)
Validation fitness: 0.8286185584682072 
Elapsed: 4.317264556884766

*** Epoch 1, batch 104/260 ***
Training fitness: 0.8830711004624048
Model size: (2, 7)
Validation fitness: 0.8292062611152359 
Elapsed: 4.145388603210449

*** Epoch 1, batch 105/260 ***
Training fitness: 0.8281639588326871
Model size: (3, 7)
Validation fitness: 0.829338090842536 
Elapsed: 4.193063735961914

*** Epoch 1, batch 106/260 ***
Training fitness: 0.7935032791587762
Model size: (10, 19)
Validation fitness: 0.8286185584682072 
Elapsed: 4.362442255020142

*** Epoch 1, batch 107/260 ***
Training fitness: 0.8615722053117054
Model size: (10, 17)
Validation fitness: 0.8395199665257855 
Elapsed: 4.541495084762573

*** Epoch 1, batch 108/260 ***
Training fitness: 0.8669704223464272
Model size: (10, 19)
Validation fitness: 0.8286185584682072 
Elapsed: 4.38034987449646

*** Epoch 1, batch 109/260 ***
Training fitness: 0.870094619371806
Model size: (10, 17)
Validation fitness: 0.8395199665257855 
Elapsed: 4.255686283111572

*** Epoch 1, batch 110/260 ***
Training fitness: 0.8401578936366766
Model size: (10, 20)
Validation fitness: 0.8314557134998821 
Elapsed: 4.410242557525635

*** Epoch 1, batch 111/260 ***
Training fitness: 0.8795480015429477
Model size: (4, 9)
Validation fitness: 0.8348318996642542 
Elapsed: 4.397771596908569

*** Epoch 1, batch 112/260 ***
Training fitness: 0.8774177010591191
Model size: (10, 17)
Validation fitness: 0.8395199665257855 
Elapsed: 4.3600544929504395

*** Epoch 1, batch 113/260 ***
Training fitness: 0.8330955698455206
Model size: (3, 8)
Validation fitness: 0.835714243690572 
Elapsed: 4.311798095703125

*** Epoch 1, batch 114/260 ***
Training fitness: 0.839227331368708
Model size: (2, 5)
Validation fitness: 0.8119679165713187 
Elapsed: 4.234055995941162

*** Epoch 1, batch 115/260 ***
Training fitness: 0.835829963203465
Model size: (5, 11)
Validation fitness: 0.8331669300806629 
Elapsed: 4.397276878356934

*** Epoch 1, batch 116/260 ***
Training fitness: 0.831848956430728
Model size: (5, 13)
Validation fitness: 0.8477804757197253 
Elapsed: 4.6760289669036865

*** Epoch 1, batch 117/260 ***
Training fitness: 0.8829821799634026
Model size: (5, 13)
Validation fitness: 0.8477804757197253 
Elapsed: 4.49809455871582

*** Epoch 1, batch 118/260 ***
Training fitness: 0.8375823674415014
Model size: (4, 9)
Validation fitness: 0.8209823864023763 
Elapsed: 4.466934442520142

*** Epoch 1, batch 119/260 ***
Training fitness: 0.8080631214596584
Model size: (5, 11)
Validation fitness: 0.8259706537999978 
Elapsed: 4.32183051109314

*** Epoch 1, batch 120/260 ***
Training fitness: 0.8366157636036563
Model size: (5, 10)
Validation fitness: 0.8292526497596924 
Elapsed: 4.49964714050293

*** Epoch 1, batch 121/260 ***
Training fitness: 0.8633196847803251
Model size: (6, 12)
Validation fitness: 0.8305565188320477 
Elapsed: 4.681356191635132

*** Epoch 1, batch 122/260 ***
Training fitness: 0.869784543782875
Model size: (5, 13)
Validation fitness: 0.8477804757197253 
Elapsed: 4.654390335083008

*** Epoch 1, batch 123/260 ***
Training fitness: 0.8725023626152658
Model size: (4, 9)
Validation fitness: 0.8209823864023763 
Elapsed: 4.6082963943481445

*** Epoch 1, batch 124/260 ***
Training fitness: 0.8677004036152803
Model size: (6, 14)
Validation fitness: 0.8302623729830827 
Elapsed: 4.543118238449097

*** Epoch 1, batch 125/260 ***
Training fitness: 0.8606619239300302
Model size: (5, 13)
Validation fitness: 0.8477804757197253 
Elapsed: 4.560348749160767

*** Epoch 1, batch 126/260 ***
Training fitness: 0.8231861332731577
Model size: (5, 13)
Validation fitness: 0.8477804757197253 
Elapsed: 4.648052453994751

*** Epoch 1, batch 127/260 ***
Training fitness: 0.8168655255072177
Model size: (5, 14)
Validation fitness: 0.8405424246260608 
Elapsed: 9.300228118896484

*** Epoch 1, batch 128/260 ***
Training fitness: 0.8150489094691169
Model size: (5, 13)
Validation fitness: 0.8311689611050597 
Elapsed: 8.409879922866821

*** Epoch 1, batch 129/260 ***
Training fitness: 0.8231861332731577
Model size: (6, 16)
Validation fitness: 0.8487584112257947 
Elapsed: 9.213922023773193

*** Epoch 1, batch 130/260 ***
Training fitness: 0.8583616366576848
Model size: (6, 16)
Validation fitness: 0.8487584112257947 
Elapsed: 8.807618141174316

*** Epoch 1, batch 131/260 ***
Training fitness: 0.8610720104628413
Model size: (7, 14)
Validation fitness: 0.8414919540778905 
Elapsed: 8.111132860183716

*** Epoch 1, batch 132/260 ***
Training fitness: 0.818713443864213
Model size: (6, 12)
Validation fitness: 0.8375453004901193 
Elapsed: 8.044337749481201

*** Epoch 1, batch 133/260 ***
Training fitness: 0.8242270852029896
Model size: (5, 11)
Validation fitness: 0.8338182753489803 
Elapsed: 8.064735651016235

*** Epoch 1, batch 134/260 ***
Training fitness: 0.8792755564703579
Model size: (5, 10)
Validation fitness: 0.8307365429317962 
Elapsed: 7.142204284667969

*** Epoch 1, batch 135/260 ***
Training fitness: 0.8528922416150463
Model size: (5, 9)
Validation fitness: 0.8396540329617367 
Elapsed: 4.13042140007019

*** Epoch 1, batch 136/260 ***
Training fitness: 0.848182407072584
Model size: (5, 12)
Validation fitness: 0.8479229486051512 
Elapsed: 4.130891561508179

*** Epoch 1, batch 137/260 ***
Training fitness: 0.8618715044843177
Model size: (6, 13)
Validation fitness: 0.8370232702038922 
Elapsed: 4.290906667709351

*** Epoch 1, batch 138/260 ***
Training fitness: 0.8757251438260579
Model size: (6, 12)
Validation fitness: 0.8375453004901193 
Elapsed: 4.360802412033081

*** Epoch 1, batch 139/260 ***
Training fitness: 0.8664277416217928
Model size: (6, 14)
Validation fitness: 0.8507044187402024 
Elapsed: 4.07935643196106

*** Epoch 1, batch 140/260 ***
Training fitness: 0.8564338543370771
Model size: (6, 14)
Validation fitness: 0.8507044187402024 
Elapsed: 4.2120044231414795

*** Epoch 1, batch 141/260 ***
Training fitness: 0.869729507016101
Model size: (6, 14)
Validation fitness: 0.8507044187402024 
Elapsed: 4.0985777378082275

*** Epoch 1, batch 142/260 ***
Training fitness: 0.8494056223616028
Model size: (6, 14)
Validation fitness: 0.8507044187402024 
Elapsed: 4.0212929248809814

*** Epoch 1, batch 143/260 ***
Training fitness: 0.8620201119902365
Model size: (6, 14)
Validation fitness: 0.8507044187402024 
Elapsed: 4.141914367675781

*** Epoch 1, batch 144/260 ***
Training fitness: 0.863645664811485
Model size: (6, 11)
Validation fitness: 0.8447978790688652 
Elapsed: 4.121129989624023

*** Epoch 1, batch 145/260 ***
Training fitness: 0.8824466044782572
Model size: (6, 12)
Validation fitness: 0.8502381800236507 
Elapsed: 4.168169021606445

*** Epoch 1, batch 146/260 ***
Training fitness: 0.8396316987344901
Model size: (7, 13)
Validation fitness: 0.8444187303480132 
Elapsed: 4.213240623474121

*** Epoch 1, batch 147/260 ***
Training fitness: 0.8580013142127144
Model size: (7, 13)
Validation fitness: 0.8444187303480132 
Elapsed: 4.261763095855713

*** Epoch 1, batch 148/260 ***
Training fitness: 0.8837721313776621
Model size: (7, 12)
Validation fitness: 0.8539073728353934 
Elapsed: 4.185644865036011

*** Epoch 1, batch 149/260 ***
Training fitness: 0.8737107638594364
Model size: (10, 23)
Validation fitness: 0.8317738675428346 
Elapsed: 4.3255345821380615

*** Epoch 1, batch 150/260 ***
Training fitness: 0.8502036134832747
Model size: (7, 15)
Validation fitness: 0.8537092912610658 
Elapsed: 4.094064235687256

*** Epoch 1, batch 151/260 ***
Training fitness: 0.8418051180110584
Model size: (8, 16)
Validation fitness: 0.853761564960566 
Elapsed: 4.029636383056641

*** Epoch 1, batch 152/260 ***
Training fitness: 0.8691658929953359
Model size: (8, 16)
Validation fitness: 0.853761564960566 
Elapsed: 4.077105760574341

*** Epoch 1, batch 153/260 ***
Training fitness: 0.904963909570335
Model size: (7, 15)
Validation fitness: 0.8613865987976856 
Elapsed: 4.0478456020355225

*** Epoch 1, batch 154/260 ***
Training fitness: 0.8600757087644633
Model size: (4, 9)
Validation fitness: 0.836725784148984 
Elapsed: 4.057384252548218

*** Epoch 1, batch 155/260 ***
Training fitness: 0.8472564832739623
Model size: (5, 14)
Validation fitness: 0.8577968023814184 
Elapsed: 4.18694543838501

*** Epoch 1, batch 156/260 ***
Training fitness: 0.882519860788481
Model size: (5, 14)
Validation fitness: 0.8577968023814184 
Elapsed: 3.9771692752838135

*** Epoch 1, batch 157/260 ***
Training fitness: 0.8360480450105858
Model size: (10, 27)
Validation fitness: 0.8261642641161631 
Elapsed: 4.109677791595459

*** Epoch 1, batch 158/260 ***
Training fitness: 0.8633030016835936
Model size: (6, 13)
Validation fitness: 0.8263790151833469 
Elapsed: 4.205444812774658

*** Epoch 1, batch 159/260 ***
Training fitness: 0.85773069293112
Model size: (6, 15)
Validation fitness: 0.8592340043326904 
Elapsed: 4.165379524230957

*** Epoch 1, batch 160/260 ***
Training fitness: 0.8748739903647021
Model size: (12, 24)
Validation fitness: 0.8337568008638485 
Elapsed: 4.317676782608032

*** Epoch 1, batch 161/260 ***
Training fitness: 0.8678498696754048
Model size: (12, 32)
Validation fitness: 0.82962968063519 
Elapsed: 4.302688837051392

*** Epoch 1, batch 162/260 ***
Training fitness: 0.8667814693733842
Model size: (4, 11)
Validation fitness: 0.8340321926569368 
Elapsed: 4.088303565979004

*** Epoch 1, batch 163/260 ***
Training fitness: 0.8310573580292542
Model size: (7, 19)
Validation fitness: 0.8386580080566809 
Elapsed: 4.16617751121521

*** Epoch 1, batch 164/260 ***
Training fitness: 0.8600914444591817
Model size: (13, 27)
Validation fitness: 0.8337593524716945 
Elapsed: 4.009959936141968

*** Epoch 1, batch 165/260 ***
Training fitness: 0.8688596859259052
Model size: (8, 18)
Validation fitness: 0.8363974204497587 
Elapsed: 4.103996992111206

*** Epoch 1, batch 166/260 ***
Training fitness: 0.8402889139604371
Model size: (13, 28)
Validation fitness: 0.8377326643942757 
Elapsed: 4.069027423858643

*** Epoch 1, batch 167/260 ***
Training fitness: 0.858790855979479
Model size: (6, 13)
Validation fitness: 0.8364560915447258 
Elapsed: 4.123913049697876

*** Epoch 1, batch 168/260 ***
Training fitness: 0.8645286481802456
Model size: (7, 13)
Validation fitness: 0.8666398015925296 !!!
Elapsed: 4.114852666854858

*** Epoch 1, batch 169/260 ***
Training fitness: 0.8778119537478072
Model size: (7, 13)
Validation fitness: 0.8666398015925296 
Elapsed: 4.2015345096588135

*** Epoch 1, batch 170/260 ***
Training fitness: 0.8500561676568116
Model size: (7, 13)
Validation fitness: 0.8666398015925296 
Elapsed: 4.010662794113159

*** Epoch 1, batch 171/260 ***
Training fitness: 0.8504586694151555
Model size: (8, 15)
Validation fitness: 0.8628896527970447 
Elapsed: 4.240020751953125

*** Epoch 1, batch 172/260 ***
Training fitness: 0.8168098938121858
Model size: (9, 22)
Validation fitness: 0.8362869056494003 
Elapsed: 4.076610326766968

*** Epoch 1, batch 173/260 ***
Training fitness: 0.8756683369697777
Model size: (8, 21)
Validation fitness: 0.8389865611329318 
Elapsed: 4.18499493598938

*** Epoch 1, batch 174/260 ***
Training fitness: 0.8555292102916325
Model size: (17, 28)
Validation fitness: 0.8217606679762411 
Elapsed: 4.017298460006714

*** Epoch 1, batch 175/260 ***
Training fitness: 0.8438509516805011
Model size: (9, 23)
Validation fitness: 0.8375013653372146 
Elapsed: 4.150646448135376

*** Epoch 1, batch 176/260 ***
Training fitness: 0.9070604910634008
Model size: (18, 31)
Validation fitness: 0.8204851615206017 
Elapsed: 3.8747003078460693

*** Epoch 1, batch 177/260 ***
Training fitness: 0.8238280015411286
Model size: (9, 21)
Validation fitness: 0.8401598451773669 
Elapsed: 4.222247123718262

*** Epoch 1, batch 178/260 ***
Training fitness: 0.8454699071585372
Model size: (9, 21)
Validation fitness: 0.8401598451773669 
Elapsed: 4.32253360748291

*** Epoch 1, batch 179/260 ***
Training fitness: 0.8591407889076446
Model size: (10, 25)
Validation fitness: 0.839941937649792 
Elapsed: 4.0808446407318115

*** Epoch 1, batch 180/260 ***
Training fitness: 0.8268744877775356
Model size: (12, 24)
Validation fitness: 0.8368540244439302 
Elapsed: 4.046596050262451

*** Epoch 1, batch 181/260 ***
Training fitness: 0.833767992353207
Model size: (12, 23)
Validation fitness: 0.8326799861047249 
Elapsed: 4.022981643676758

*** Epoch 1, batch 182/260 ***
Training fitness: 0.819766192483831
Model size: (10, 23)
Validation fitness: 0.8406225672686389 
Elapsed: 4.333042621612549

*** Epoch 1, batch 183/260 ***
Training fitness: 0.850469291718308
Model size: (12, 23)
Validation fitness: 0.8326799861047249 
Elapsed: 4.254828453063965

*** Epoch 1, batch 184/260 ***
Training fitness: 0.8543701174115663
Model size: (6, 11)
Validation fitness: 0.8033415036709634 
Elapsed: 3.795224666595459

*** Epoch 1, batch 185/260 ***
Training fitness: 0.8433923111614039
Model size: (10, 23)
Validation fitness: 0.8406225672686389 
Elapsed: 3.934797763824463

*** Epoch 1, batch 186/260 ***
Training fitness: 0.8667814693733842
Model size: (10, 23)
Validation fitness: 0.8406225672686389 
Elapsed: 3.8163249492645264

*** Epoch 1, batch 187/260 ***
Training fitness: 0.8378907419722748
Model size: (10, 23)
Validation fitness: 0.8406225672686389 
Elapsed: 4.021765232086182

*** Epoch 1, batch 188/260 ***
Training fitness: 0.8010769058420742
Model size: (9, 15)
Validation fitness: 0.8529418297772335 
Elapsed: 4.015995979309082

*** Epoch 1, batch 189/260 ***
Training fitness: 0.840918112481167
Model size: (9, 15)
Validation fitness: 0.8160270405833968 
Elapsed: 4.281553030014038

*** Epoch 1, batch 190/260 ***
Training fitness: 0.8179335894925912
Model size: (9, 15)
Validation fitness: 0.8529418297772335 
Elapsed: 4.213542461395264

*** Epoch 1, batch 191/260 ***
Training fitness: 0.8696730225469587
Model size: (9, 16)
Validation fitness: 0.8522128552246205 
Elapsed: 4.100043535232544

*** Epoch 1, batch 192/260 ***
Training fitness: 0.8566262355601351
Model size: (9, 16)
Validation fitness: 0.8522128552246205 
Elapsed: 4.033564805984497

*** Epoch 1, batch 193/260 ***
Training fitness: 0.9113133324819249
Model size: (9, 15)
Validation fitness: 0.8529418297772335 
Elapsed: 3.948331832885742

*** Epoch 1, batch 194/260 ***
Training fitness: 0.8667347020557752
Model size: (9, 15)
Validation fitness: 0.8529418297772335 
Elapsed: 4.076805114746094

*** Epoch 1, batch 195/260 ***
Training fitness: 0.8523069469840513
Model size: (9, 15)
Validation fitness: 0.8529418297772335 
Elapsed: 3.9878182411193848

*** Epoch 1, batch 196/260 ***
Training fitness: 0.8876263643957721
Model size: (11, 20)
Validation fitness: 0.8480297882823827 
Elapsed: 3.8842265605926514

*** Epoch 1, batch 197/260 ***
Training fitness: 0.8532150659704516
Model size: (11, 20)
Validation fitness: 0.8480297882823827 
Elapsed: 3.9175117015838623

*** Epoch 1, batch 198/260 ***
Training fitness: 0.8558444003249666
Model size: (10, 18)
Validation fitness: 0.8430720426064987 
Elapsed: 3.8333656787872314

*** Epoch 1, batch 199/260 ***
Training fitness: 0.8587009356966224
Model size: (9, 15)
Validation fitness: 0.8529418297772335 
Elapsed: 4.001034736633301

*** Epoch 1, batch 200/260 ***
Training fitness: 0.8485445572599991
Model size: (11, 20)
Validation fitness: 0.8452059751729932 
Elapsed: 3.8578274250030518

*** Epoch 1, batch 201/260 ***
Training fitness: 0.8985437926293831
Model size: (11, 20)
Validation fitness: 0.8452059751729932 
Elapsed: 3.789717435836792

*** Epoch 1, batch 202/260 ***
Training fitness: 0.8464199616254574
Model size: (9, 15)
Validation fitness: 0.8519843062296029 
Elapsed: 3.9680099487304688

*** Epoch 1, batch 203/260 ***
Training fitness: 0.8718044833955696
Model size: (9, 16)
Validation fitness: 0.8547631644373681 
Elapsed: 3.9938693046569824

*** Epoch 1, batch 204/260 ***
Training fitness: 0.8581489069419345
Model size: (9, 15)
Validation fitness: 0.8519843062296029 
Elapsed: 4.289473056793213

*** Epoch 1, batch 205/260 ***
Training fitness: 0.8439638098134968
Model size: (9, 16)
Validation fitness: 0.8547631644373681 
Elapsed: 4.003363847732544

*** Epoch 1, batch 206/260 ***
Training fitness: 0.9054231738907181
Model size: (9, 16)
Validation fitness: 0.8547631644373681 
Elapsed: 3.958561658859253

*** Epoch 1, batch 207/260 ***
Training fitness: 0.8650516627343885
Model size: (9, 16)
Validation fitness: 0.8547631644373681 
Elapsed: 3.936818838119507

*** Epoch 1, batch 208/260 ***
Training fitness: 0.8946814809291763
Model size: (10, 18)
Validation fitness: 0.8430720426064987 
Elapsed: 3.9092535972595215

*** Epoch 1, batch 209/260 ***
Training fitness: 0.8585445015286892
Model size: (10, 17)
Validation fitness: 0.8602753263242479 
Elapsed: 4.090391159057617

*** Epoch 1, batch 210/260 ***
Training fitness: 0.8692958521201536
Model size: (10, 17)
Validation fitness: 0.8602753263242479 
Elapsed: 4.18694543838501

*** Epoch 1, batch 211/260 ***
Training fitness: 0.8194280401697674
Model size: (10, 19)
Validation fitness: 0.8529956253266818 
Elapsed: 4.381571054458618

*** Epoch 1, batch 212/260 ***
Training fitness: 0.8918083475404293
Model size: (10, 17)
Validation fitness: 0.8602753263242479 
Elapsed: 4.456615924835205

*** Epoch 1, batch 213/260 ***
Training fitness: 0.8612697079528342
Model size: (10, 17)
Validation fitness: 0.8602753263242479 
Elapsed: 4.200800895690918

*** Epoch 1, batch 214/260 ***
Training fitness: 0.8870528638018584
Model size: (10, 19)
Validation fitness: 0.8529956253266818 
Elapsed: 4.304596900939941

*** Epoch 1, batch 215/260 ***
Training fitness: 0.8325213871232485
Model size: (12, 18)
Validation fitness: 0.8238682514008141 
Elapsed: 4.090631723403931

*** Epoch 1, batch 216/260 ***
Training fitness: 0.8238233522570991
Model size: (12, 18)
Validation fitness: 0.8238682514008141 
Elapsed: 4.365546464920044

*** Epoch 1, batch 217/260 ***
Training fitness: 0.8275010456350984
Model size: (9, 14)
Validation fitness: 0.8469202764760748 
Elapsed: 4.307146310806274

*** Epoch 1, batch 218/260 ***
Training fitness: 0.8182948474616495
Model size: (11, 15)
Validation fitness: 0.8348277257991802 
Elapsed: 4.3190412521362305

*** Epoch 1, batch 219/260 ***
Training fitness: 0.859724467168745
Model size: (11, 15)
Validation fitness: 0.8348277257991802 
Elapsed: 4.263577699661255

*** Epoch 1, batch 220/260 ***
Training fitness: 0.8515816957464525
Model size: (8, 14)
Validation fitness: 0.8158816893203958 
Elapsed: 3.9963111877441406

*** Epoch 1, batch 221/260 ***
Training fitness: 0.8518296169170545
Model size: (8, 16)
Validation fitness: 0.8300793987903174 
Elapsed: 4.121245384216309

*** Epoch 1, batch 222/260 ***
Training fitness: 0.861209711746816
Model size: (8, 17)
Validation fitness: 0.8419778244611095 
Elapsed: 4.1807701587677

*** Epoch 1, batch 223/260 ***
Training fitness: 0.8498558400219758
Model size: (8, 17)
Validation fitness: 0.8419778244611095 
Elapsed: 4.314804315567017

*** Epoch 1, batch 224/260 ***
Training fitness: 0.8790625974129516
Model size: (8, 17)
Validation fitness: 0.8419778244611095 
Elapsed: 4.329945087432861

*** Epoch 1, batch 225/260 ***
Training fitness: 0.8406040818748416
Model size: (8, 17)
Validation fitness: 0.8419778244611095 
Elapsed: 4.4048988819122314

*** Epoch 1, batch 226/260 ***
Training fitness: 0.8418593990793508
Model size: (12, 21)
Validation fitness: 0.8226391377701019 
Elapsed: 4.507588624954224

*** Epoch 1, batch 227/260 ***
Training fitness: 0.8422648828927459
Model size: (8, 17)
Validation fitness: 0.8419778244611095 
Elapsed: 4.334580183029175

*** Epoch 1, batch 228/260 ***
Training fitness: 0.825973120755204
Model size: (8, 15)
Validation fitness: 0.8225422243933058 
Elapsed: 4.2936108112335205

*** Epoch 1, batch 229/260 ***
Training fitness: 0.8100211958987714
Model size: (8, 14)
Validation fitness: 0.8047571309987203 
Elapsed: 4.325671434402466

*** Epoch 1, batch 230/260 ***
Training fitness: 0.8405759915114095
Model size: (11, 22)
Validation fitness: 0.8161485203092165 
Elapsed: 4.390693664550781

*** Epoch 1, batch 231/260 ***
Training fitness: 0.8431926258141531
Model size: (14, 27)
Validation fitness: 0.8290860555877697 
Elapsed: 4.581027269363403

*** Epoch 1, batch 232/260 ***
Training fitness: 0.8507647321160012
Model size: (14, 27)
Validation fitness: 0.8290860555877697 
Elapsed: 4.614325046539307

*** Epoch 1, batch 233/260 ***
Training fitness: 0.8382664574147138
Model size: (14, 27)
Validation fitness: 0.8290860555877697 
Elapsed: 4.726884365081787

*** Epoch 1, batch 234/260 ***
Training fitness: 0.8408647298578789
Model size: (14, 27)
Validation fitness: 0.8290860555877697 
Elapsed: 4.7304792404174805

*** Epoch 1, batch 235/260 ***
Training fitness: 0.8402757314572898
Model size: (12, 22)
Validation fitness: 0.8210362585911514 
Elapsed: 4.38683009147644

*** Epoch 1, batch 236/260 ***
Training fitness: 0.8402000275513444
Model size: (13, 23)
Validation fitness: 0.8271550206298028 
Elapsed: 4.3794403076171875

*** Epoch 1, batch 237/260 ***
Training fitness: 0.8451474607223769
Model size: (7, 13)
Validation fitness: 0.7985506547507347 
Elapsed: 3.973512649536133

*** Epoch 1, batch 238/260 ***
Training fitness: 0.8256546929281389
Model size: (14, 27)
Validation fitness: 0.8290860555877697 
Elapsed: 4.711863040924072

*** Epoch 1, batch 239/260 ***
Training fitness: 0.8477018809676748
Model size: (12, 26)
Validation fitness: 0.8245837909374797 
Elapsed: 4.526987314224243

*** Epoch 1, batch 240/260 ***
Training fitness: 0.8437340182796239
Model size: (10, 19)
Validation fitness: 0.8121401154243758 
Elapsed: 4.336261987686157

*** Epoch 1, batch 241/260 ***
Training fitness: 0.8252064084599859
Model size: (8, 16)
Validation fitness: 0.8193101936116151 
Elapsed: 4.1908018589019775

*** Epoch 1, batch 242/260 ***
Training fitness: 0.8121862579230137
Model size: (14, 27)
Validation fitness: 0.8290860555877697 
Elapsed: 4.568302631378174

*** Epoch 1, batch 243/260 ***
Training fitness: 0.8320375979673154
Model size: (14, 24)
Validation fitness: 0.829268150215907 
Elapsed: 4.3739447593688965

*** Epoch 1, batch 244/260 ***
Training fitness: 0.8171178770591362
Model size: (9, 17)
Validation fitness: 0.8155493842444604 
Elapsed: 4.166898965835571

*** Epoch 1, batch 245/260 ***
Training fitness: 0.8222967459080442
Model size: (12, 26)
Validation fitness: 0.8245837909374797 
Elapsed: 4.553757905960083

*** Epoch 1, batch 246/260 ***
Training fitness: 0.8217889705360034
Model size: (8, 16)
Validation fitness: 0.8193101936116151 
Elapsed: 4.143496036529541

*** Epoch 1, batch 247/260 ***
Training fitness: 0.8328766316157944
Model size: (15, 26)
Validation fitness: 0.8261105026506904 
Elapsed: 4.3640265464782715

*** Epoch 1, batch 248/260 ***
Training fitness: 0.8595422575745054
Model size: (8, 15)
Validation fitness: 0.8279988476143199 
Elapsed: 4.265521049499512

*** Epoch 1, batch 249/260 ***
Training fitness: 0.8373013608467248
Model size: (12, 25)
Validation fitness: 0.8211101719990599 
Elapsed: 4.331255674362183

*** Epoch 1, batch 250/260 ***
Training fitness: 0.8052716008150589
Model size: (8, 15)
Validation fitness: 0.8279988476143199 
Elapsed: 4.43198299407959

*** Epoch 1, batch 251/260 ***
Training fitness: 0.827152088503658
Model size: (8, 15)
Validation fitness: 0.8279988476143199 
Elapsed: 4.228214740753174

*** Epoch 1, batch 252/260 ***
Training fitness: 0.8229406364174702
Model size: (8, 15)
Validation fitness: 0.8279988476143199 
Elapsed: 4.457029104232788

*** Epoch 1, batch 253/260 ***
Training fitness: 0.8176601769135531
Model size: (8, 15)
Validation fitness: 0.8279988476143199 
Elapsed: 4.443899393081665

*** Epoch 1, batch 254/260 ***
Training fitness: 0.8196348617648709
Model size: (8, 13)
Validation fitness: 0.8254229956272068 
Elapsed: 4.337067604064941

*** Epoch 1, batch 255/260 ***
Training fitness: 0.8414285197780682
Model size: (8, 13)
Validation fitness: 0.8254229956272068 
Elapsed: 4.336336612701416

*** Epoch 1, batch 256/260 ***
Training fitness: 0.8676239557340223
Model size: (9, 14)
Validation fitness: 0.8479524556801274 
Elapsed: 4.2282397747039795

*** Epoch 1, batch 257/260 ***
Training fitness: 0.8436222227114175
Model size: (9, 14)
Validation fitness: 0.8479524556801274 
Elapsed: 3.9688522815704346

*** Epoch 1, batch 258/260 ***
Training fitness: 0.8216062951553752
Model size: (9, 16)
Validation fitness: 0.8461344167877471 
Elapsed: 3.891413450241089

*** Epoch 1, batch 259/260 ***
Training fitness: 0.8194661547261199
Model size: (9, 14)
Validation fitness: 0.8479524556801274 
Elapsed: 3.9561965465545654

*** Epoch 1, batch 260/260 ***
Training fitness: 0.8711255814743325
Model size: (11, 17)
Validation fitness: 0.8434195083968212 
Elapsed: 4.0567028522491455

Total train time: 1218.9569442272186
Test time: 0.3085005283355713
Test fitness: 0.866647284859362
Test statistics: Stats(total=14791, total_true=7158, total_false=7633, true_positive=6310, true_negative=7471, false_positive=162, false_negative=848, tpr=0.8815311539536184, tnr=0.978776365780165, ppv=0.9749690976514215, npv=0.8980646712345234, accuracy=0.9317152322358191, f1=0.925898752751284, mcc=0.866647284859362)
