Configuration:
Dataset: unsw2015
Selector: pca
Fold: 6
Batch size: 1
Epochs: 10
[0. 0. 0. ... 0. 0. 0.]
[0. 0. 0. ... 0. 0. 0.]
Epoch 1/10
 - 3782s - loss: 0.0288
 - val_mcc: 0.863658
Epoch 2/10
 - 3921s - loss: 0.0285
 - val_mcc: 0.861468
Epoch 3/10
 - 3837s - loss: 0.0296
 - val_mcc: 0.789082
Epoch 4/10
 - 3820s - loss: 0.0319
 - val_mcc: 0.872550
Epoch 5/10
 - 4422s - loss: 0.0344
 - val_mcc: 0.869367
Epoch 6/10
 - 4513s - loss: 0.0359
 - val_mcc: 0.864210
Epoch 7/10
 - 4755s - loss: 0.0365
 - val_mcc: 0.839196
Epoch 8/10
 - 4494s - loss: 0.0372
 - val_mcc: 0.783470
Epoch 9/10
 - 4740s - loss: 0.0391
 - val_mcc: 0.872726
Epoch 10/10
 - 4451s - loss: 0.0394
 - val_mcc: 0.857976
Total train time: 42826.20189189911
Test time: 8.278959274291992
Test statistics: Stats(total=205942, total_true=9972, total_false=195970, true_positive=8312, true_negative=195026, false_positive=944, false_negative=1660, tpr=0.833533894905736, tnr=0.9951829361636986, ppv=0.8980121002592912, npv=0.9915601517138993, accuracy=0.9873556632449914, f1=0.8645724984397753, mcc=0.8586055541763767)
