Configuration:
Dataset: nsl_kdd
Selector: pca
Fold: 4
Batch size: 1
Epochs: 10
Epoch 1/10
 - 259s - loss: 0.0943
 - val_mcc: 0.943175
Epoch 2/10
 - 261s - loss: 0.0701
 - val_mcc: 0.952189
Epoch 3/10
 - 259s - loss: 0.0665
 - val_mcc: 0.954153
Epoch 4/10
 - 253s - loss: 0.0636
 - val_mcc: 0.957127
Epoch 5/10
 - 240s - loss: 0.0620
 - val_mcc: 0.961193
Epoch 6/10
 - 238s - loss: 0.0602
 - val_mcc: 0.951760
Epoch 7/10
 - 240s - loss: 0.0590
 - val_mcc: 0.960733
Epoch 8/10
 - 244s - loss: 0.0582
 - val_mcc: 0.962847
Epoch 9/10
 - 239s - loss: 0.0561
 - val_mcc: 0.965133
Epoch 10/10
 - 243s - loss: 0.0552
 - val_mcc: 0.957811
Total train time: 2482.966093301773
Test time: 0.44821786880493164
Test statistics: Stats(total=14791, total_true=7158, total_false=7633, true_positive=7011, true_negative=7488, false_positive=145, false_negative=147, tpr=0.9794635373009221, tnr=0.98100353727237, ppv=0.9797372833985467, npv=0.980746561886051, accuracy=0.9802582651612467, f1=0.9796003912253738, mcc=0.9604754598923411)
