Configuration:
Dataset: nsl_kdd
Selector: pca
Fold: 4
Fitness: inverse_binary_crossentropy
Batch size: 256
Epochs: 1
Config args: {}
*** Epoch 1, batch 1/520 ***
Training fitness: 0.507119967310218
Model size: (1, 12)
Validation fitness: 0.3956811972618298 !!!
Elapsed: 1.4187171459197998

*** Epoch 1, batch 2/520 ***
Training fitness: 0.5030183104199182
Model size: (1, 12)
Validation fitness: 0.4406058487287677 !!!
Elapsed: 1.5105376243591309

*** Epoch 1, batch 3/520 ***
Training fitness: 0.5944638320917603
Model size: (1, 9)
Validation fitness: 0.45720459889130927 !!!
Elapsed: 1.5877346992492676

*** Epoch 1, batch 4/520 ***
Training fitness: 0.549648163705709
Model size: (1, 10)
Validation fitness: 0.5175583637371513 !!!
Elapsed: 1.5510382652282715

*** Epoch 1, batch 5/520 ***
Training fitness: 0.558126899895733
Model size: (2, 12)
Validation fitness: 0.535011884616102 !!!
Elapsed: 1.8244078159332275

*** Epoch 1, batch 6/520 ***
Training fitness: 0.6754242808895228
Model size: (1, 8)
Validation fitness: 0.5349905908044 
Elapsed: 1.561537742614746

*** Epoch 1, batch 7/520 ***
Training fitness: 0.6099352487160824
Model size: (1, 5)
Validation fitness: 0.5951155054352463 !!!
Elapsed: 1.5006694793701172

*** Epoch 1, batch 8/520 ***
Training fitness: 0.7084964310290903
Model size: (2, 12)
Validation fitness: 0.5370802125861919 
Elapsed: 1.5172290802001953

*** Epoch 1, batch 9/520 ***
Training fitness: 0.6639261174847111
Model size: (1, 5)
Validation fitness: 0.5936831848625717 
Elapsed: 1.4635155200958252

*** Epoch 1, batch 10/520 ***
Training fitness: 0.6333124805412148
Model size: (2, 5)
Validation fitness: 0.6142815478689689 !!!
Elapsed: 1.5161864757537842

*** Epoch 1, batch 11/520 ***
Training fitness: 0.7508291808797115
Model size: (2, 6)
Validation fitness: 0.7059718056713946 !!!
Elapsed: 1.50596284866333

*** Epoch 1, batch 12/520 ***
Training fitness: 0.7035177329181491
Model size: (2, 6)
Validation fitness: 0.7059718056713946 
Elapsed: 1.5267951488494873

*** Epoch 1, batch 13/520 ***
Training fitness: 0.750491352735037
Model size: (2, 6)
Validation fitness: 0.7059718056713946 
Elapsed: 1.4606759548187256

*** Epoch 1, batch 14/520 ***
Training fitness: 0.7591634446682937
Model size: (3, 7)
Validation fitness: 0.7085072836622922 !!!
Elapsed: 1.467339038848877

*** Epoch 1, batch 15/520 ***
Training fitness: 0.7394889196168458
Model size: (3, 7)
Validation fitness: 0.7085072836622922 
Elapsed: 1.4706685543060303

*** Epoch 1, batch 16/520 ***
Training fitness: 0.7648072452785698
Model size: (2, 6)
Validation fitness: 0.7059718056713946 
Elapsed: 1.7226252555847168

*** Epoch 1, batch 17/520 ***
Training fitness: 0.7491566707458497
Model size: (3, 7)
Validation fitness: 0.7085072836622922 
Elapsed: 1.3829028606414795

*** Epoch 1, batch 18/520 ***
Training fitness: 0.7029630175706025
Model size: (2, 6)
Validation fitness: 0.7059718056713946 
Elapsed: 1.4486310482025146

*** Epoch 1, batch 19/520 ***
Training fitness: 0.7369627470631509
Model size: (2, 3)
Validation fitness: 0.6946127861333583 
Elapsed: 1.4128785133361816

*** Epoch 1, batch 20/520 ***
Training fitness: 0.8015848196977228
Model size: (2, 6)
Validation fitness: 0.7059718056713946 
Elapsed: 1.4773502349853516

*** Epoch 1, batch 21/520 ***
Training fitness: 0.7656870315489349
Model size: (1, 2)
Validation fitness: 0.7247751481327043 !!!
Elapsed: 1.4019489288330078

*** Epoch 1, batch 22/520 ***
Training fitness: 0.7712699314950309
Model size: (1, 2)
Validation fitness: 0.7247751481327043 
Elapsed: 1.3673794269561768

*** Epoch 1, batch 23/520 ***
Training fitness: 0.7073105664445094
Model size: (1, 2)
Validation fitness: 0.7247751481327043 
Elapsed: 1.3801937103271484

*** Epoch 1, batch 24/520 ***
Training fitness: 0.7419857769744507
Model size: (3, 3)
Validation fitness: 0.7307297156346672 !!!
Elapsed: 1.4207324981689453

*** Epoch 1, batch 25/520 ***
Training fitness: 0.8037113519807905
Model size: (3, 3)
Validation fitness: 0.7307297156346672 
Elapsed: 1.3602485656738281

*** Epoch 1, batch 26/520 ***
Training fitness: 0.7703002776589277
Model size: (3, 5)
Validation fitness: 0.7341536062562319 !!!
Elapsed: 1.4868366718292236

*** Epoch 1, batch 27/520 ***
Training fitness: 0.7572060489713772
Model size: (4, 7)
Validation fitness: 0.7421238308313757 !!!
Elapsed: 1.5491666793823242

*** Epoch 1, batch 28/520 ***
Training fitness: 0.7914847573825204
Model size: (4, 8)
Validation fitness: 0.7373299312510365 
Elapsed: 1.5277905464172363

*** Epoch 1, batch 29/520 ***
Training fitness: 0.7606679988782213
Model size: (3, 3)
Validation fitness: 0.7323660896027618 
Elapsed: 1.3109354972839355

*** Epoch 1, batch 30/520 ***
Training fitness: 0.8076210041537991
Model size: (3, 5)
Validation fitness: 0.7291707881682199 
Elapsed: 1.4800512790679932

*** Epoch 1, batch 31/520 ***
Training fitness: 0.7655695982968985
Model size: (11, 18)
Validation fitness: 0.7548255269490248 !!!
Elapsed: 1.3710932731628418

*** Epoch 1, batch 32/520 ***
Training fitness: 0.7938117051827717
Model size: (3, 5)
Validation fitness: 0.7291707881682199 
Elapsed: 1.4949636459350586

*** Epoch 1, batch 33/520 ***
Training fitness: 0.7997746335989695
Model size: (3, 5)
Validation fitness: 0.7291707881682199 
Elapsed: 1.4873559474945068

*** Epoch 1, batch 34/520 ***
Training fitness: 0.7811402389386204
Model size: (11, 18)
Validation fitness: 0.7548255269490248 
Elapsed: 1.4349772930145264

*** Epoch 1, batch 35/520 ***
Training fitness: 0.7692464821632132
Model size: (11, 17)
Validation fitness: 0.7543810001505009 
Elapsed: 1.4340038299560547

*** Epoch 1, batch 36/520 ***
Training fitness: 0.7888467797744778
Model size: (2, 4)
Validation fitness: 0.7464232985718338 
Elapsed: 1.4355878829956055

*** Epoch 1, batch 37/520 ***
Training fitness: 0.78186683560721
Model size: (2, 4)
Validation fitness: 0.7464232985718338 
Elapsed: 1.3980870246887207

*** Epoch 1, batch 38/520 ***
Training fitness: 0.7807930067311756
Model size: (2, 4)
Validation fitness: 0.7464232985718338 
Elapsed: 1.4236247539520264

*** Epoch 1, batch 39/520 ***
Training fitness: 0.7896192338291038
Model size: (3, 5)
Validation fitness: 0.7291707881682199 
Elapsed: 1.397141695022583

*** Epoch 1, batch 40/520 ***
Training fitness: 0.7909480025845425
Model size: (2, 4)
Validation fitness: 0.7424364179652191 
Elapsed: 1.3640873432159424

*** Epoch 1, batch 41/520 ***
Training fitness: 0.7576246872824607
Model size: (2, 3)
Validation fitness: 0.7457034539580792 
Elapsed: 1.3592901229858398

*** Epoch 1, batch 42/520 ***
Training fitness: 0.7713648871603417
Model size: (3, 6)
Validation fitness: 0.7478099424301753 
Elapsed: 1.3707990646362305

*** Epoch 1, batch 43/520 ***
Training fitness: 0.7475945006755367
Model size: (4, 6)
Validation fitness: 0.7470843610043727 
Elapsed: 1.4522035121917725

*** Epoch 1, batch 44/520 ***
Training fitness: 0.8048633815981526
Model size: (3, 5)
Validation fitness: 0.7291707881682199 
Elapsed: 1.4045403003692627

*** Epoch 1, batch 45/520 ***
Training fitness: 0.7800906403340465
Model size: (3, 7)
Validation fitness: 0.7489731706314862 
Elapsed: 1.4104242324829102

*** Epoch 1, batch 46/520 ***
Training fitness: 0.7588335937343152
Model size: (3, 7)
Validation fitness: 0.7489731706314862 
Elapsed: 1.4672067165374756

*** Epoch 1, batch 47/520 ***
Training fitness: 0.7475780384817724
Model size: (3, 4)
Validation fitness: 0.7121329377105536 
Elapsed: 1.4114727973937988

*** Epoch 1, batch 48/520 ***
Training fitness: 0.7661237101700783
Model size: (3, 4)
Validation fitness: 0.7121329377105536 
Elapsed: 1.346043348312378

*** Epoch 1, batch 49/520 ***
Training fitness: 0.8066190536093001
Model size: (4, 7)
Validation fitness: 0.7656720341449537 !!!
Elapsed: 1.436063528060913

*** Epoch 1, batch 50/520 ***
Training fitness: 0.8464045323766634
Model size: (7, 10)
Validation fitness: 0.692461532029935 
Elapsed: 1.4122676849365234

*** Epoch 1, batch 51/520 ***
Training fitness: 0.7523132885944245
Model size: (4, 7)
Validation fitness: 0.7318639580515574 
Elapsed: 1.3868904113769531

*** Epoch 1, batch 52/520 ***
Training fitness: 0.7640342466110731
Model size: (4, 8)
Validation fitness: 0.7408617635050481 
Elapsed: 1.4191808700561523

*** Epoch 1, batch 53/520 ***
Training fitness: 0.7577423050401765
Model size: (5, 8)
Validation fitness: 0.7254219380187722 
Elapsed: 1.3901996612548828

*** Epoch 1, batch 54/520 ***
Training fitness: 0.7822226888704592
Model size: (8, 11)
Validation fitness: 0.7565122172210889 
Elapsed: 1.4045310020446777

*** Epoch 1, batch 55/520 ***
Training fitness: 0.7799010978626443
Model size: (4, 8)
Validation fitness: 0.7408617635050481 
Elapsed: 1.3864314556121826

*** Epoch 1, batch 56/520 ***
Training fitness: 0.760624259108777
Model size: (3, 4)
Validation fitness: 0.7198207396681781 
Elapsed: 1.435631275177002

*** Epoch 1, batch 57/520 ***
Training fitness: 0.7758744091266566
Model size: (5, 7)
Validation fitness: 0.7388390188082045 
Elapsed: 1.35469388961792

*** Epoch 1, batch 58/520 ***
Training fitness: 0.7897644320550313
Model size: (4, 8)
Validation fitness: 0.7408617635050481 
Elapsed: 1.3900277614593506

*** Epoch 1, batch 59/520 ***
Training fitness: 0.7564116758973245
Model size: (7, 11)
Validation fitness: 0.7431637378854817 
Elapsed: 1.3686480522155762

*** Epoch 1, batch 60/520 ***
Training fitness: 0.7637809079098484
Model size: (4, 6)
Validation fitness: 0.7405520096729202 
Elapsed: 1.4171011447906494

*** Epoch 1, batch 61/520 ***
Training fitness: 0.7570245761874833
Model size: (4, 7)
Validation fitness: 0.7463634468802479 
Elapsed: 1.3724677562713623

*** Epoch 1, batch 62/520 ***
Training fitness: 0.794022661190958
Model size: (4, 5)
Validation fitness: 0.7391492321819891 
Elapsed: 1.3993818759918213

*** Epoch 1, batch 63/520 ***
Training fitness: 0.7801103003366757
Model size: (8, 11)
Validation fitness: 0.7565122172210889 
Elapsed: 1.4388625621795654

*** Epoch 1, batch 64/520 ***
Training fitness: 0.7956845388145567
Model size: (10, 14)
Validation fitness: 0.7743577780925306 !!!
Elapsed: 1.3795585632324219

*** Epoch 1, batch 65/520 ***
Training fitness: 0.7880106333703354
Model size: (10, 14)
Validation fitness: 0.7743577780925306 
Elapsed: 1.4200217723846436

*** Epoch 1, batch 66/520 ***
Training fitness: 0.7778106751259218
Model size: (8, 11)
Validation fitness: 0.7565122172210889 
Elapsed: 1.5129425525665283

*** Epoch 1, batch 67/520 ***
Training fitness: 0.7935529587702539
Model size: (10, 14)
Validation fitness: 0.7803935086109485 !!!
Elapsed: 1.457592248916626

*** Epoch 1, batch 68/520 ***
Training fitness: 0.8296044127134234
Model size: (12, 17)
Validation fitness: 0.7214483758217429 
Elapsed: 1.4580979347229004

*** Epoch 1, batch 69/520 ***
Training fitness: 0.7985609158382786
Model size: (10, 14)
Validation fitness: 0.7803935086109485 
Elapsed: 1.5196566581726074

*** Epoch 1, batch 70/520 ***
Training fitness: 0.7789961792922183
Model size: (4, 5)
Validation fitness: 0.7403546531544207 
Elapsed: 1.4970271587371826

*** Epoch 1, batch 71/520 ***
Training fitness: 0.7583818370818909
Model size: (10, 14)
Validation fitness: 0.7803935086109485 
Elapsed: 1.4704017639160156

*** Epoch 1, batch 72/520 ***
Training fitness: 0.7766181671149819
Model size: (10, 14)
Validation fitness: 0.7803935086109485 
Elapsed: 1.4499659538269043

*** Epoch 1, batch 73/520 ***
Training fitness: 0.7671306378906936
Model size: (4, 5)
Validation fitness: 0.7403546531544207 
Elapsed: 1.4698805809020996

*** Epoch 1, batch 74/520 ***
Training fitness: 0.7773027809118016
Model size: (10, 14)
Validation fitness: 0.7810162863075485 !!!
Elapsed: 1.4426300525665283

*** Epoch 1, batch 75/520 ***
Training fitness: 0.7950457797422156
Model size: (10, 14)
Validation fitness: 0.7901237942025388 !!!
Elapsed: 1.433063268661499

*** Epoch 1, batch 76/520 ***
Training fitness: 0.7922219287490215
Model size: (10, 14)
Validation fitness: 0.7803935086109485 
Elapsed: 1.4729530811309814

*** Epoch 1, batch 77/520 ***
Training fitness: 0.8054982631595256
Model size: (10, 14)
Validation fitness: 0.7901237942025388 
Elapsed: 1.4480490684509277

*** Epoch 1, batch 78/520 ***
Training fitness: 0.8008485475556814
Model size: (10, 14)
Validation fitness: 0.7810162863075485 
Elapsed: 1.501777172088623

*** Epoch 1, batch 79/520 ***
Training fitness: 0.7837105338185165
Model size: (8, 11)
Validation fitness: 0.7424403385562113 
Elapsed: 1.4914674758911133

*** Epoch 1, batch 80/520 ***
Training fitness: 0.7878314961197955
Model size: (10, 14)
Validation fitness: 0.7901237942025388 
Elapsed: 1.503122091293335

*** Epoch 1, batch 81/520 ***
Training fitness: 0.7960644246902953
Model size: (10, 16)
Validation fitness: 0.7966534878560273 !!!
Elapsed: 1.450507402420044

*** Epoch 1, batch 82/520 ***
Training fitness: 0.831337691095412
Model size: (10, 16)
Validation fitness: 0.7966534878560273 
Elapsed: 1.5452501773834229

*** Epoch 1, batch 83/520 ***
Training fitness: 0.8008611883964418
Model size: (10, 14)
Validation fitness: 0.7901237942025388 
Elapsed: 2.0141661167144775

*** Epoch 1, batch 84/520 ***
Training fitness: 0.7925850114680545
Model size: (10, 14)
Validation fitness: 0.7901237942025388 
Elapsed: 1.4415268898010254

*** Epoch 1, batch 85/520 ***
Training fitness: 0.789336892752349
Model size: (10, 14)
Validation fitness: 0.7810162863075485 
Elapsed: 1.465054988861084

*** Epoch 1, batch 86/520 ***
Training fitness: 0.7565964076706243
Model size: (8, 11)
Validation fitness: 0.7565122172210889 
Elapsed: 1.4750194549560547

*** Epoch 1, batch 87/520 ***
Training fitness: 0.8023586182923056
Model size: (10, 14)
Validation fitness: 0.7901237942025388 
Elapsed: 1.8135805130004883

*** Epoch 1, batch 88/520 ***
Training fitness: 0.7942089958427891
Model size: (10, 14)
Validation fitness: 0.7901237942025388 
Elapsed: 1.4996397495269775

*** Epoch 1, batch 89/520 ***
Training fitness: 0.7788817572705731
Model size: (10, 14)
Validation fitness: 0.7901237942025388 
Elapsed: 1.4622540473937988

*** Epoch 1, batch 90/520 ***
Training fitness: 0.798517750891717
Model size: (10, 14)
Validation fitness: 0.7901237942025388 
Elapsed: 1.4448215961456299

*** Epoch 1, batch 91/520 ***
Training fitness: 0.7991055398831974
Model size: (10, 14)
Validation fitness: 0.7901237942025388 
Elapsed: 1.4674482345581055

*** Epoch 1, batch 92/520 ***
Training fitness: 0.7733692469669488
Model size: (10, 14)
Validation fitness: 0.7901237942025388 
Elapsed: 1.4673726558685303

*** Epoch 1, batch 93/520 ***
Training fitness: 0.8365988946732259
Model size: (10, 14)
Validation fitness: 0.7901237942025388 
Elapsed: 1.4569671154022217

*** Epoch 1, batch 94/520 ***
Training fitness: 0.7391899938036037
Model size: (7, 9)
Validation fitness: 0.7559762148967357 
Elapsed: 1.4193196296691895

*** Epoch 1, batch 95/520 ***
Training fitness: 0.7552797465243504
Model size: (8, 11)
Validation fitness: 0.7565122172210889 
Elapsed: 1.5221526622772217

*** Epoch 1, batch 96/520 ***
Training fitness: 0.7656496531475571
Model size: (6, 8)
Validation fitness: 0.7439256801029104 
Elapsed: 1.4090750217437744

*** Epoch 1, batch 97/520 ***
Training fitness: 0.7865458469603412
Model size: (6, 13)
Validation fitness: 0.7024296597854205 
Elapsed: 1.7202448844909668

*** Epoch 1, batch 98/520 ***
Training fitness: 0.748924134546586
Model size: (8, 11)
Validation fitness: 0.7565122172210889 
Elapsed: 1.5475068092346191

*** Epoch 1, batch 99/520 ***
Training fitness: 0.7783688833363294
Model size: (4, 7)
Validation fitness: 0.7485257175120935 
Elapsed: 1.4731221199035645

*** Epoch 1, batch 100/520 ***
Training fitness: 0.7683683218713793
Model size: (8, 11)
Validation fitness: 0.7565122172210889 
Elapsed: 1.5339016914367676

*** Epoch 1, batch 101/520 ***
Training fitness: 0.7392545040468829
Model size: (7, 9)
Validation fitness: 0.7467754734089046 
Elapsed: 1.5777866840362549

*** Epoch 1, batch 102/520 ***
Training fitness: 0.7522079020445458
Model size: (5, 7)
Validation fitness: 0.7456601942359076 
Elapsed: 1.4880404472351074

*** Epoch 1, batch 103/520 ***
Training fitness: 0.7666249098289161
Model size: (8, 11)
Validation fitness: 0.7565122172210889 
Elapsed: 1.4487745761871338

*** Epoch 1, batch 104/520 ***
Training fitness: 0.7569949705100236
Model size: (5, 6)
Validation fitness: 0.748501579639952 
Elapsed: 1.3398420810699463

*** Epoch 1, batch 105/520 ***
Training fitness: 0.7351078672476742
Model size: (5, 7)
Validation fitness: 0.7456601942359076 
Elapsed: 1.33748197555542

*** Epoch 1, batch 106/520 ***
Training fitness: 0.7390363639840042
Model size: (8, 12)
Validation fitness: 0.7253259169489096 
Elapsed: 1.4307656288146973

*** Epoch 1, batch 107/520 ***
Training fitness: 0.7575671122126932
Model size: (8, 11)
Validation fitness: 0.7565122172210889 
Elapsed: 1.3957364559173584

*** Epoch 1, batch 108/520 ***
Training fitness: 0.7702956654320496
Model size: (4, 7)
Validation fitness: 0.7538938865780502 
Elapsed: 1.3779242038726807

*** Epoch 1, batch 109/520 ***
Training fitness: 0.7502613658953843
Model size: (5, 9)
Validation fitness: 0.7566217620646606 
Elapsed: 1.454901933670044

*** Epoch 1, batch 110/520 ***
Training fitness: 0.8046066584423917
Model size: (4, 7)
Validation fitness: 0.7538938865780502 
Elapsed: 1.3692712783813477

*** Epoch 1, batch 111/520 ***
Training fitness: 0.7544083681407623
Model size: (5, 9)
Validation fitness: 0.7566217620646606 
Elapsed: 1.4568965435028076

*** Epoch 1, batch 112/520 ***
Training fitness: 0.7859094532142438
Model size: (9, 13)
Validation fitness: 0.6835151144795486 
Elapsed: 1.3190937042236328

*** Epoch 1, batch 113/520 ***
Training fitness: 0.7575095627878928
Model size: (8, 13)
Validation fitness: 0.7435757241205913 
Elapsed: 1.3395357131958008

*** Epoch 1, batch 114/520 ***
Training fitness: 0.8014259003319542
Model size: (4, 7)
Validation fitness: 0.7538938865780502 
Elapsed: 1.4126112461090088

*** Epoch 1, batch 115/520 ***
Training fitness: 0.7667983268647675
Model size: (4, 7)
Validation fitness: 0.7538938865780502 
Elapsed: 1.4593605995178223

*** Epoch 1, batch 116/520 ***
Training fitness: 0.7968169959334116
Model size: (4, 8)
Validation fitness: 0.7660801104598375 
Elapsed: 1.3820128440856934

*** Epoch 1, batch 117/520 ***
Training fitness: 0.7849634741479878
Model size: (4, 8)
Validation fitness: 0.7660801104598375 
Elapsed: 1.4045321941375732

*** Epoch 1, batch 118/520 ***
Training fitness: 0.7716985012419612
Model size: (10, 13)
Validation fitness: 0.7370543437993006 
Elapsed: 1.377147912979126

*** Epoch 1, batch 119/520 ***
Training fitness: 0.8173057578269892
Model size: (3, 6)
Validation fitness: 0.7605081093724106 
Elapsed: 1.433483600616455

*** Epoch 1, batch 120/520 ***
Training fitness: 0.7755258439290563
Model size: (3, 6)
Validation fitness: 0.7605081093724106 
Elapsed: 1.4515221118927002

*** Epoch 1, batch 121/520 ***
Training fitness: 0.7847000159658747
Model size: (4, 7)
Validation fitness: 0.7850729692745878 
Elapsed: 1.495753526687622

*** Epoch 1, batch 122/520 ***
Training fitness: 0.7790219190148029
Model size: (4, 7)
Validation fitness: 0.7705409601196124 
Elapsed: 1.5282058715820312

*** Epoch 1, batch 123/520 ***
Training fitness: 0.7432319717934582
Model size: (4, 7)
Validation fitness: 0.7705409601196124 
Elapsed: 1.4930438995361328

*** Epoch 1, batch 124/520 ***
Training fitness: 0.7920841337934336
Model size: (3, 5)
Validation fitness: 0.7563955791815766 
Elapsed: 1.4843580722808838

*** Epoch 1, batch 125/520 ***
Training fitness: 0.7351805916295343
Model size: (3, 5)
Validation fitness: 0.7563955791815766 
Elapsed: 1.549429178237915

*** Epoch 1, batch 126/520 ***
Training fitness: 0.7872864903980057
Model size: (4, 7)
Validation fitness: 0.7705409601196124 
Elapsed: 1.458139181137085

*** Epoch 1, batch 127/520 ***
Training fitness: 0.738266134688283
Model size: (4, 7)
Validation fitness: 0.7705409601196124 
Elapsed: 1.3907358646392822

*** Epoch 1, batch 128/520 ***
Training fitness: 0.7969128416148389
Model size: (3, 5)
Validation fitness: 0.7563955791815766 
Elapsed: 1.444242238998413

*** Epoch 1, batch 129/520 ***
Training fitness: 0.8018212845612694
Model size: (4, 5)
Validation fitness: 0.7372482888685675 
Elapsed: 1.3732531070709229

*** Epoch 1, batch 130/520 ***
Training fitness: 0.7851191321357506
Model size: (4, 7)
Validation fitness: 0.7705409601196124 
Elapsed: 1.407055377960205

*** Epoch 1, batch 131/520 ***
Training fitness: 0.7742434060139467
Model size: (3, 5)
Validation fitness: 0.7563955791815766 
Elapsed: 1.4164214134216309

*** Epoch 1, batch 132/520 ***
Training fitness: 0.8152186020891341
Model size: (3, 5)
Validation fitness: 0.7563955791815766 
Elapsed: 1.4301283359527588

*** Epoch 1, batch 133/520 ***
Training fitness: 0.7756959374557012
Model size: (2, 5)
Validation fitness: 0.7213246184382021 
Elapsed: 1.4652533531188965

*** Epoch 1, batch 134/520 ***
Training fitness: 0.7912567979973708
Model size: (4, 7)
Validation fitness: 0.7705409601196124 
Elapsed: 1.4421045780181885

*** Epoch 1, batch 135/520 ***
Training fitness: 0.7574235685285065
Model size: (7, 12)
Validation fitness: 0.7234937078477055 
Elapsed: 1.5680789947509766

*** Epoch 1, batch 136/520 ***
Training fitness: 0.7958926860184066
Model size: (5, 8)
Validation fitness: 0.7688282200379074 
Elapsed: 1.9152827262878418

*** Epoch 1, batch 137/520 ***
Training fitness: 0.7894002346987055
Model size: (5, 6)
Validation fitness: 0.7673878589137483 
Elapsed: 1.519042730331421

*** Epoch 1, batch 138/520 ***
Training fitness: 0.7711427342154268
Model size: (5, 8)
Validation fitness: 0.7688282200379074 
Elapsed: 1.4046406745910645

*** Epoch 1, batch 139/520 ***
Training fitness: 0.7987503860109865
Model size: (5, 8)
Validation fitness: 0.7688282200379074 
Elapsed: 1.3986313343048096

*** Epoch 1, batch 140/520 ***
Training fitness: 0.7987919889257854
Model size: (4, 7)
Validation fitness: 0.7690604617461569 
Elapsed: 1.4298863410949707

*** Epoch 1, batch 141/520 ***
Training fitness: 0.7864612736362682
Model size: (7, 8)
Validation fitness: 0.7699864319831031 
Elapsed: 1.3890535831451416

*** Epoch 1, batch 142/520 ***
Training fitness: 0.812790178542908
Model size: (6, 6)
Validation fitness: 0.7736765198707108 
Elapsed: 1.402273416519165

*** Epoch 1, batch 143/520 ***
Training fitness: 0.8348908523736925
Model size: (4, 7)
Validation fitness: 0.7690604617461569 
Elapsed: 1.478686809539795

*** Epoch 1, batch 144/520 ***
Training fitness: 0.7921939801621448
Model size: (5, 6)
Validation fitness: 0.7673878589137483 
Elapsed: 1.514845848083496

*** Epoch 1, batch 145/520 ***
Training fitness: 0.8103466298293718
Model size: (7, 8)
Validation fitness: 0.7699864319831031 
Elapsed: 1.4571166038513184

*** Epoch 1, batch 146/520 ***
Training fitness: 0.7961387054273512
Model size: (8, 9)
Validation fitness: 0.7905760335696226 
Elapsed: 1.4950642585754395

*** Epoch 1, batch 147/520 ***
Training fitness: 0.8093471872314583
Model size: (8, 9)
Validation fitness: 0.7905760335696226 
Elapsed: 1.482722520828247

*** Epoch 1, batch 148/520 ***
Training fitness: 0.7669779944250297
Model size: (8, 9)
Validation fitness: 0.7905760335696226 
Elapsed: 1.4559805393218994

*** Epoch 1, batch 149/520 ***
Training fitness: 0.7812846769126929
Model size: (8, 9)
Validation fitness: 0.7905760335696226 
Elapsed: 1.4264609813690186

*** Epoch 1, batch 150/520 ***
Training fitness: 0.7373740295340397
Model size: (8, 9)
Validation fitness: 0.7905760335696226 
Elapsed: 1.465761423110962

*** Epoch 1, batch 151/520 ***
Training fitness: 0.7826269336298302
Model size: (8, 9)
Validation fitness: 0.7905760335696226 
Elapsed: 1.4695606231689453

*** Epoch 1, batch 152/520 ***
Training fitness: 0.787288896961118
Model size: (7, 12)
Validation fitness: 0.7535231130712009 
Elapsed: 1.4417998790740967

*** Epoch 1, batch 153/520 ***
Training fitness: 0.8035979225877214
Model size: (8, 9)
Validation fitness: 0.7905760335696226 
Elapsed: 1.436931848526001

*** Epoch 1, batch 154/520 ***
Training fitness: 0.7690459435347872
Model size: (7, 12)
Validation fitness: 0.627983360441743 
Elapsed: 1.5406272411346436

*** Epoch 1, batch 155/520 ***
Training fitness: 0.8010819673059576
Model size: (8, 9)
Validation fitness: 0.7905760335696226 
Elapsed: 1.5331857204437256

*** Epoch 1, batch 156/520 ***
Training fitness: 0.8133449003441086
Model size: (6, 6)
Validation fitness: 0.7736765198707108 
Elapsed: 1.6065387725830078

*** Epoch 1, batch 157/520 ***
Training fitness: 0.7598868021141936
Model size: (8, 9)
Validation fitness: 0.7905760335696226 
Elapsed: 1.570162296295166

*** Epoch 1, batch 158/520 ***
Training fitness: 0.7770644214810193
Model size: (6, 11)
Validation fitness: 0.7583896671761758 
Elapsed: 1.5626311302185059

*** Epoch 1, batch 159/520 ***
Training fitness: 0.8361832977284918
Model size: (8, 9)
Validation fitness: 0.7905760335696226 
Elapsed: 1.617478847503662

*** Epoch 1, batch 160/520 ***
Training fitness: 0.8335936329999826
Model size: (8, 9)
Validation fitness: 0.7905760335696226 
Elapsed: 1.5695154666900635

*** Epoch 1, batch 161/520 ***
Training fitness: 0.79655883102112
Model size: (8, 9)
Validation fitness: 0.7905760335696226 
Elapsed: 1.5715889930725098

*** Epoch 1, batch 162/520 ***
Training fitness: 0.7866205664043172
Model size: (6, 9)
Validation fitness: 0.7541006005264016 
Elapsed: 1.5290920734405518

*** Epoch 1, batch 163/520 ***
Training fitness: 0.7596915959649747
Model size: (10, 10)
Validation fitness: 0.7594569043836927 
Elapsed: 1.5952394008636475

*** Epoch 1, batch 164/520 ***
Training fitness: 0.7566193128002346
Model size: (6, 11)
Validation fitness: 0.7208450114017886 
Elapsed: 1.5312681198120117

*** Epoch 1, batch 165/520 ***
Training fitness: 0.7786751706313818
Model size: (6, 11)
Validation fitness: 0.7583896671761758 
Elapsed: 1.6059935092926025

*** Epoch 1, batch 166/520 ***
Training fitness: 0.7876280932393516
Model size: (7, 10)
Validation fitness: 0.7166191407725632 
Elapsed: 1.4469070434570312

*** Epoch 1, batch 167/520 ***
Training fitness: 0.767270607080012
Model size: (10, 10)
Validation fitness: 0.7594569043836927 
Elapsed: 1.532372236251831

*** Epoch 1, batch 168/520 ***
Training fitness: 0.7504773495640866
Model size: (8, 11)
Validation fitness: 0.7430151663682729 
Elapsed: 1.5145728588104248

*** Epoch 1, batch 169/520 ***
Training fitness: 0.7488574305770058
Model size: (10, 10)
Validation fitness: 0.7594569043836927 
Elapsed: 1.5363969802856445

*** Epoch 1, batch 170/520 ***
Training fitness: 0.748228186143639
Model size: (10, 10)
Validation fitness: 0.7594569043836927 
Elapsed: 1.5385196208953857

*** Epoch 1, batch 171/520 ***
Training fitness: 0.7573730488220354
Model size: (7, 8)
Validation fitness: 0.7388641273044044 
Elapsed: 1.4295215606689453

*** Epoch 1, batch 172/520 ***
Training fitness: 0.7777811380576899
Model size: (7, 8)
Validation fitness: 0.7388641273044044 
Elapsed: 1.4244754314422607

*** Epoch 1, batch 173/520 ***
Training fitness: 0.7651353417539213
Model size: (5, 8)
Validation fitness: 0.7498866958250489 
Elapsed: 1.4698288440704346

*** Epoch 1, batch 174/520 ***
Training fitness: 0.7486566722789316
Model size: (7, 8)
Validation fitness: 0.7388641273044044 
Elapsed: 1.525780200958252

*** Epoch 1, batch 175/520 ***
Training fitness: 0.7971310514175515
Model size: (7, 8)
Validation fitness: 0.7098172718017228 
Elapsed: 1.396573781967163

*** Epoch 1, batch 176/520 ***
Training fitness: 0.7869108896733992
Model size: (7, 8)
Validation fitness: 0.7388641273044044 
Elapsed: 1.3810663223266602

*** Epoch 1, batch 177/520 ***
Training fitness: 0.7959762043794041
Model size: (7, 8)
Validation fitness: 0.7388641273044044 
Elapsed: 1.39975905418396

*** Epoch 1, batch 178/520 ***
Training fitness: 0.7774118747212194
Model size: (6, 11)
Validation fitness: 0.7477617031701456 
Elapsed: 1.3968737125396729

*** Epoch 1, batch 179/520 ***
Training fitness: 0.7434840377219328
Model size: (7, 12)
Validation fitness: 0.7439654408087678 
Elapsed: 1.3645210266113281

*** Epoch 1, batch 180/520 ***
Training fitness: 0.7399240806672241
Model size: (8, 14)
Validation fitness: 0.7522134697815732 
Elapsed: 1.4423940181732178

*** Epoch 1, batch 181/520 ***
Training fitness: 0.7813670660323269
Model size: (7, 8)
Validation fitness: 0.7388641273044044 
Elapsed: 1.409754991531372

*** Epoch 1, batch 182/520 ***
Training fitness: 0.7546673678497604
Model size: (8, 14)
Validation fitness: 0.7522134697815732 
Elapsed: 1.3968110084533691

*** Epoch 1, batch 183/520 ***
Training fitness: 0.7514426668240857
Model size: (8, 12)
Validation fitness: 0.7424317448602321 
Elapsed: 1.436594009399414

*** Epoch 1, batch 184/520 ***
Training fitness: 0.7712313907238545
Model size: (5, 6)
Validation fitness: 0.7043550538453074 
Elapsed: 1.4849517345428467

*** Epoch 1, batch 185/520 ***
Training fitness: 0.7731191205379008
Model size: (7, 8)
Validation fitness: 0.7388641273044044 
Elapsed: 1.3913674354553223

*** Epoch 1, batch 186/520 ***
Training fitness: 0.7806560690971961
Model size: (5, 7)
Validation fitness: 0.7431268891775353 
Elapsed: 1.4256219863891602

*** Epoch 1, batch 187/520 ***
Training fitness: 0.7487616693115193
Model size: (8, 13)
Validation fitness: 0.7361462410899489 
Elapsed: 1.6395270824432373

*** Epoch 1, batch 188/520 ***
Training fitness: 0.7425409935013205
Model size: (8, 13)
Validation fitness: 0.7361462410899489 
Elapsed: 1.6747708320617676

*** Epoch 1, batch 189/520 ***
Training fitness: 0.7769446768621153
Model size: (8, 11)
Validation fitness: 0.7402667519253008 
Elapsed: 1.5659687519073486

*** Epoch 1, batch 190/520 ***
Training fitness: 0.7573212871048153
Model size: (7, 13)
Validation fitness: 0.7578796439715976 
Elapsed: 1.400360107421875

*** Epoch 1, batch 191/520 ***
Training fitness: 0.7916516768097173
Model size: (12, 23)
Validation fitness: 0.7410143725431704 
Elapsed: 1.359283208847046

*** Epoch 1, batch 192/520 ***
Training fitness: 0.7904712721866725
Model size: (7, 13)
Validation fitness: 0.7578796439715976 
Elapsed: 1.4809601306915283

*** Epoch 1, batch 193/520 ***
Training fitness: 0.7227951328925091
Model size: (5, 2)
Validation fitness: 0.7440545336847155 
Elapsed: 1.3504953384399414

*** Epoch 1, batch 194/520 ***
Training fitness: 0.764762053282826
Model size: (10, 14)
Validation fitness: 0.7131873382234966 
Elapsed: 1.390665054321289

*** Epoch 1, batch 195/520 ***
Training fitness: 0.7786976655488108
Model size: (10, 14)
Validation fitness: 0.7418845440237827 
Elapsed: 1.3600564002990723

*** Epoch 1, batch 196/520 ***
Training fitness: 0.7811630211728732
Model size: (10, 15)
Validation fitness: 0.7547719587192003 
Elapsed: 1.426511287689209

*** Epoch 1, batch 197/520 ***
Training fitness: 0.7371452109036466
Model size: (10, 15)
Validation fitness: 0.7547719587192003 
Elapsed: 1.4248285293579102

*** Epoch 1, batch 198/520 ***
Training fitness: 0.7604429838154242
Model size: (9, 12)
Validation fitness: 0.7647763607991162 
Elapsed: 1.5812487602233887

*** Epoch 1, batch 199/520 ***
Training fitness: 0.7866066131995003
Model size: (6, 5)
Validation fitness: 0.7253655310362223 
Elapsed: 1.4341440200805664

*** Epoch 1, batch 200/520 ***
Training fitness: 0.8141234996098663
Model size: (9, 12)
Validation fitness: 0.7647763607991162 
Elapsed: 1.5410428047180176

*** Epoch 1, batch 201/520 ***
Training fitness: 0.7979427737314789
Model size: (9, 12)
Validation fitness: 0.7647763607991162 
Elapsed: 1.6380198001861572

*** Epoch 1, batch 202/520 ***
Training fitness: 0.7711512162587736
Model size: (9, 14)
Validation fitness: 0.7446895326132382 
Elapsed: 1.4066815376281738

*** Epoch 1, batch 203/520 ***
Training fitness: 0.7654346422363951
Model size: (9, 15)
Validation fitness: 0.7588073330485606 
Elapsed: 1.4556255340576172

*** Epoch 1, batch 204/520 ***
Training fitness: 0.7757897721774885
Model size: (7, 8)
Validation fitness: 0.7405541219886667 
Elapsed: 1.3838365077972412

*** Epoch 1, batch 205/520 ***
Training fitness: 0.7657355493466141
Model size: (13, 25)
Validation fitness: 0.7437389567786782 
Elapsed: 1.3838133811950684

*** Epoch 1, batch 206/520 ***
Training fitness: 0.7471332170547511
Model size: (6, 7)
Validation fitness: 0.7494810685536876 
Elapsed: 1.4074172973632812

*** Epoch 1, batch 207/520 ***
Training fitness: 0.7569138602776323
Model size: (13, 18)
Validation fitness: 0.7405593440210617 
Elapsed: 1.3553452491760254

*** Epoch 1, batch 208/520 ***
Training fitness: 0.7656665533345149
Model size: (5, 6)
Validation fitness: 0.7498095957077344 
Elapsed: 1.5011827945709229

*** Epoch 1, batch 209/520 ***
Training fitness: 0.7366121096273377
Model size: (6, 7)
Validation fitness: 0.7494810685536876 
Elapsed: 1.482908010482788

*** Epoch 1, batch 210/520 ***
Training fitness: 0.7814319422032915
Model size: (6, 7)
Validation fitness: 0.7494810685536876 
Elapsed: 1.3938884735107422

*** Epoch 1, batch 211/520 ***
Training fitness: 0.7724876096370393
Model size: (13, 15)
Validation fitness: 0.7390812331168304 
Elapsed: 1.3558826446533203

*** Epoch 1, batch 212/520 ***
Training fitness: 0.7766098105131458
Model size: (6, 7)
Validation fitness: 0.7494810685536876 
Elapsed: 1.3255150318145752

*** Epoch 1, batch 213/520 ***
Training fitness: 0.7496222873003643
Model size: (10, 12)
Validation fitness: 0.7172817867311923 
Elapsed: 1.3411047458648682

*** Epoch 1, batch 214/520 ***
Training fitness: 0.750806553002614
Model size: (11, 14)
Validation fitness: 0.7413632964643536 
Elapsed: 1.3786823749542236

*** Epoch 1, batch 215/520 ***
Training fitness: 0.7904675135146028
Model size: (12, 16)
Validation fitness: 0.7345488056730383 
Elapsed: 1.3796992301940918

*** Epoch 1, batch 216/520 ***
Training fitness: 0.7301678553549369
Model size: (10, 11)
Validation fitness: 0.7470143521546071 
Elapsed: 1.3375654220581055

*** Epoch 1, batch 217/520 ***
Training fitness: 0.8047713598852808
Model size: (8, 8)
Validation fitness: 0.7118089397014484 
Elapsed: 1.4931275844573975

*** Epoch 1, batch 218/520 ***
Training fitness: 0.7625888388032727
Model size: (11, 13)
Validation fitness: 0.7408643122366567 
Elapsed: 1.3304219245910645

*** Epoch 1, batch 219/520 ***
Training fitness: 0.7448384420780864
Model size: (11, 12)
Validation fitness: 0.7579274620662764 
Elapsed: 1.3057737350463867

*** Epoch 1, batch 220/520 ***
Training fitness: 0.760738792442497
Model size: (11, 12)
Validation fitness: 0.7579274620662764 
Elapsed: 1.3319683074951172

*** Epoch 1, batch 221/520 ***
Training fitness: 0.7472864472384351
Model size: (11, 13)
Validation fitness: 0.7589395111807321 
Elapsed: 1.3686554431915283

*** Epoch 1, batch 222/520 ***
Training fitness: 0.7376605014671552
Model size: (11, 13)
Validation fitness: 0.7589395111807321 
Elapsed: 1.3391172885894775

*** Epoch 1, batch 223/520 ***
Training fitness: 0.752576203797883
Model size: (11, 12)
Validation fitness: 0.7579274620662764 
Elapsed: 1.3404686450958252

*** Epoch 1, batch 224/520 ***
Training fitness: 0.7406524462253417
Model size: (11, 13)
Validation fitness: 0.7589395111807321 
Elapsed: 1.3563239574432373

*** Epoch 1, batch 225/520 ***
Training fitness: 0.754960029704105
Model size: (11, 13)
Validation fitness: 0.7589395111807321 
Elapsed: 1.3964431285858154

*** Epoch 1, batch 226/520 ***
Training fitness: 0.7628424991381573
Model size: (11, 12)
Validation fitness: 0.7579274620662764 
Elapsed: 1.3339149951934814

*** Epoch 1, batch 227/520 ***
Training fitness: 0.7802857039740262
Model size: (12, 14)
Validation fitness: 0.7571529364266641 
Elapsed: 1.3876597881317139

*** Epoch 1, batch 228/520 ***
Training fitness: 0.7790810213289063
Model size: (12, 14)
Validation fitness: 0.7571529364266641 
Elapsed: 1.4052698612213135

*** Epoch 1, batch 229/520 ***
Training fitness: 0.7660452197964409
Model size: (13, 14)
Validation fitness: 0.7531682587269033 
Elapsed: 1.3931474685668945

*** Epoch 1, batch 230/520 ***
Training fitness: 0.7781930356807139
Model size: (11, 12)
Validation fitness: 0.7579274620662764 
Elapsed: 1.3860914707183838

*** Epoch 1, batch 231/520 ***
Training fitness: 0.759099668898717
Model size: (13, 12)
Validation fitness: 0.7459465061135648 
Elapsed: 1.3757567405700684

*** Epoch 1, batch 232/520 ***
Training fitness: 0.7668424912908751
Model size: (10, 12)
Validation fitness: 0.7344250577094308 
Elapsed: 1.3683979511260986

*** Epoch 1, batch 233/520 ***
Training fitness: 0.7794790724093301
Model size: (9, 14)
Validation fitness: 0.7179099700876513 
Elapsed: 1.6095502376556396

*** Epoch 1, batch 234/520 ***
Training fitness: 0.7893422314422023
Model size: (13, 14)
Validation fitness: 0.7241739207980615 
Elapsed: 1.3491427898406982

*** Epoch 1, batch 235/520 ***
Training fitness: 0.7697373134033585
Model size: (12, 13)
Validation fitness: 0.75629697945034 
Elapsed: 1.3953001499176025

*** Epoch 1, batch 236/520 ***
Training fitness: 0.76905901564593
Model size: (12, 13)
Validation fitness: 0.75629697945034 
Elapsed: 1.4739651679992676

*** Epoch 1, batch 237/520 ***
Training fitness: 0.7601374787440879
Model size: (12, 13)
Validation fitness: 0.75629697945034 
Elapsed: 1.3750083446502686

*** Epoch 1, batch 238/520 ***
Training fitness: 0.771535451034326
Model size: (12, 13)
Validation fitness: 0.75629697945034 
Elapsed: 1.4207401275634766

*** Epoch 1, batch 239/520 ***
Training fitness: 0.7986441616463474
Model size: (4, 6)
Validation fitness: 0.7432875290347307 
Elapsed: 1.393552303314209

*** Epoch 1, batch 240/520 ***
Training fitness: 0.788597973659307
Model size: (4, 7)
Validation fitness: 0.7358287353963969 
Elapsed: 1.3339147567749023

*** Epoch 1, batch 241/520 ***
Training fitness: 0.7323634526786654
Model size: (12, 13)
Validation fitness: 0.75629697945034 
Elapsed: 1.4614129066467285

*** Epoch 1, batch 242/520 ***
Training fitness: 0.7671627554726922
Model size: (11, 12)
Validation fitness: 0.7579274620662764 
Elapsed: 1.3481159210205078

*** Epoch 1, batch 243/520 ***
Training fitness: 0.7639303942357758
Model size: (13, 17)
Validation fitness: 0.754336432401112 
Elapsed: 1.3797967433929443

*** Epoch 1, batch 244/520 ***
Training fitness: 0.7839704491754771
Model size: (4, 7)
Validation fitness: 0.7358287353963969 
Elapsed: 1.3663175106048584

*** Epoch 1, batch 245/520 ***
Training fitness: 0.7380364463304202
Model size: (4, 7)
Validation fitness: 0.7384823294761004 
Elapsed: 1.325774908065796

*** Epoch 1, batch 246/520 ***
Training fitness: 0.7703015807268768
Model size: (12, 15)
Validation fitness: 0.7537860927056529 
Elapsed: 1.440422534942627

*** Epoch 1, batch 247/520 ***
Training fitness: 0.7818707267766437
Model size: (5, 8)
Validation fitness: 0.7301183544588828 
Elapsed: 1.3264694213867188

*** Epoch 1, batch 248/520 ***
Training fitness: 0.7941052019449422
Model size: (12, 17)
Validation fitness: 0.737742067830933 
Elapsed: 1.3823626041412354

*** Epoch 1, batch 249/520 ***
Training fitness: 0.7404661884620798
Model size: (13, 20)
Validation fitness: 0.7558510058129415 
Elapsed: 1.5282533168792725

*** Epoch 1, batch 250/520 ***
Training fitness: 0.7380413132278915
Model size: (13, 20)
Validation fitness: 0.7558510058129415 
Elapsed: 1.4525213241577148

*** Epoch 1, batch 251/520 ***
Training fitness: 0.7631303468974835
Model size: (11, 12)
Validation fitness: 0.7579274620662764 
Elapsed: 1.324432134628296

*** Epoch 1, batch 252/520 ***
Training fitness: 0.775018414195672
Model size: (14, 19)
Validation fitness: 0.7583765110657926 
Elapsed: 1.3003840446472168

*** Epoch 1, batch 253/520 ***
Training fitness: 0.7931613063067471
Model size: (11, 12)
Validation fitness: 0.7558693930327235 
Elapsed: 1.3238530158996582

*** Epoch 1, batch 254/520 ***
Training fitness: 0.7425725078805925
Model size: (14, 19)
Validation fitness: 0.7583765110657926 
Elapsed: 1.3292288780212402

*** Epoch 1, batch 255/520 ***
Training fitness: 0.7692644074228943
Model size: (11, 12)
Validation fitness: 0.7579274620662764 
Elapsed: 1.3780946731567383

*** Epoch 1, batch 256/520 ***
Training fitness: 0.777257571342887
Model size: (11, 12)
Validation fitness: 0.7558693930327235 
Elapsed: 2.6443445682525635

*** Epoch 1, batch 257/520 ***
Training fitness: 0.7754412179578003
Model size: (11, 12)
Validation fitness: 0.7558693930327235 
Elapsed: 3.241971731185913

*** Epoch 1, batch 258/520 ***
Training fitness: 0.7748628919987975
Model size: (8, 14)
Validation fitness: 0.7419589452911469 
Elapsed: 2.591662883758545

*** Epoch 1, batch 259/520 ***
Training fitness: 0.7686417521768681
Model size: (11, 12)
Validation fitness: 0.7558693930327235 
Elapsed: 2.6016845703125

*** Epoch 1, batch 260/520 ***
Training fitness: 0.7662915269177212
Model size: (11, 12)
Validation fitness: 0.7534516332715567 
Elapsed: 2.547046422958374

*** Epoch 1, batch 261/520 ***
Training fitness: 0.7531316567658471
Model size: (8, 7)
Validation fitness: 0.7569344745236007 
Elapsed: 2.525161027908325

*** Epoch 1, batch 262/520 ***
Training fitness: 0.7697016628996951
Model size: (11, 12)
Validation fitness: 0.7579274620662764 
Elapsed: 2.544494867324829

*** Epoch 1, batch 263/520 ***
Training fitness: 0.8036827766309111
Model size: (11, 12)
Validation fitness: 0.7534516332715567 
Elapsed: 2.5313847064971924

*** Epoch 1, batch 264/520 ***
Training fitness: 0.7689643200598159
Model size: (11, 12)
Validation fitness: 0.7579274620662764 
Elapsed: 2.5959482192993164

*** Epoch 1, batch 265/520 ***
Training fitness: 0.8035976280167197
Model size: (9, 16)
Validation fitness: 0.7433506056266641 
Elapsed: 2.723571538925171

*** Epoch 1, batch 266/520 ***
Training fitness: 0.7612074369728161
Model size: (9, 9)
Validation fitness: 0.7425962782838479 
Elapsed: 2.531137466430664

*** Epoch 1, batch 267/520 ***
Training fitness: 0.7408317885539469
Model size: (9, 12)
Validation fitness: 0.743127165572533 
Elapsed: 2.4582982063293457

*** Epoch 1, batch 268/520 ***
Training fitness: 0.7700797348617706
Model size: (9, 16)
Validation fitness: 0.7433506056266641 
Elapsed: 2.5778706073760986

*** Epoch 1, batch 269/520 ***
Training fitness: 0.7543143804037297
Model size: (11, 19)
Validation fitness: 0.7431510397260462 
Elapsed: 2.525693416595459

*** Epoch 1, batch 270/520 ***
Training fitness: 0.7712432940764821
Model size: (9, 16)
Validation fitness: 0.7433506056266641 
Elapsed: 2.5482962131500244

*** Epoch 1, batch 271/520 ***
Training fitness: 0.7343320513542455
Model size: (8, 12)
Validation fitness: 0.738782389281847 
Elapsed: 2.890284538269043

*** Epoch 1, batch 272/520 ***
Training fitness: 0.7471066503779622
Model size: (8, 12)
Validation fitness: 0.738782389281847 
Elapsed: 2.884371519088745

*** Epoch 1, batch 273/520 ***
Training fitness: 0.7614345871685628
Model size: (10, 14)
Validation fitness: 0.7413149596955161 
Elapsed: 2.543344020843506

*** Epoch 1, batch 274/520 ***
Training fitness: 0.7835722119530396
Model size: (9, 9)
Validation fitness: 0.7535631038769556 
Elapsed: 2.51979923248291

*** Epoch 1, batch 275/520 ***
Training fitness: 0.7797140234347364
Model size: (9, 9)
Validation fitness: 0.7535631038769556 
Elapsed: 2.6235172748565674

*** Epoch 1, batch 276/520 ***
Training fitness: 0.7542961195643897
Model size: (9, 9)
Validation fitness: 0.7535631038769556 
Elapsed: 2.5421700477600098

*** Epoch 1, batch 277/520 ***
Training fitness: 0.7835007572090066
Model size: (9, 9)
Validation fitness: 0.7535631038769556 
Elapsed: 2.535815477371216

*** Epoch 1, batch 278/520 ***
Training fitness: 0.7788117273399492
Model size: (8, 11)
Validation fitness: 0.7466159059546837 
Elapsed: 2.8203301429748535

*** Epoch 1, batch 279/520 ***
Training fitness: 0.7538876544248735
Model size: (8, 9)
Validation fitness: 0.7558341912942577 
Elapsed: 2.4785268306732178

*** Epoch 1, batch 280/520 ***
Training fitness: 0.7572945390488499
Model size: (8, 10)
Validation fitness: 0.7583987636836346 
Elapsed: 2.516094923019409

*** Epoch 1, batch 281/520 ***
Training fitness: 0.7631312748021184
Model size: (10, 13)
Validation fitness: 0.7451858857174872 
Elapsed: 3.1082451343536377

*** Epoch 1, batch 282/520 ***
Training fitness: 0.7751647190774869
Model size: (8, 10)
Validation fitness: 0.7583987636836346 
Elapsed: 2.4895758628845215

*** Epoch 1, batch 283/520 ***
Training fitness: 0.7797798870790669
Model size: (11, 15)
Validation fitness: 0.7592320843972288 
Elapsed: 2.488121747970581

*** Epoch 1, batch 284/520 ***
Training fitness: 0.7755713393207717
Model size: (11, 15)
Validation fitness: 0.7592320843972288 
Elapsed: 2.5067946910858154

*** Epoch 1, batch 285/520 ***
Training fitness: 0.7854590544828493
Model size: (11, 15)
Validation fitness: 0.7592320843972288 
Elapsed: 2.4520750045776367

*** Epoch 1, batch 286/520 ***
Training fitness: 0.7811747655902901
Model size: (11, 15)
Validation fitness: 0.7592320843972288 
Elapsed: 2.618041515350342

*** Epoch 1, batch 287/520 ***
Training fitness: 0.7854769710618573
Model size: (11, 15)
Validation fitness: 0.7592320843972288 
Elapsed: 2.5131802558898926

*** Epoch 1, batch 288/520 ***
Training fitness: 0.7754905133881437
Model size: (10, 20)
Validation fitness: 0.7465318610613892 
Elapsed: 2.5206172466278076

*** Epoch 1, batch 289/520 ***
Training fitness: 0.7905769632721069
Model size: (10, 19)
Validation fitness: 0.7471668366470053 
Elapsed: 2.552563428878784

*** Epoch 1, batch 290/520 ***
Training fitness: 0.7762120478497112
Model size: (10, 13)
Validation fitness: 0.753214354476609 
Elapsed: 2.496137857437134

*** Epoch 1, batch 291/520 ***
Training fitness: 0.7954275535914268
Model size: (10, 13)
Validation fitness: 0.753214354476609 
Elapsed: 2.537680149078369

*** Epoch 1, batch 292/520 ***
Training fitness: 0.8101125139441245
Model size: (10, 13)
Validation fitness: 0.753214354476609 
Elapsed: 2.5778417587280273

*** Epoch 1, batch 293/520 ***
Training fitness: 0.79348393956553
Model size: (10, 19)
Validation fitness: 0.7467405194100174 
Elapsed: 2.49983811378479

*** Epoch 1, batch 294/520 ***
Training fitness: 0.7900944722109253
Model size: (10, 13)
Validation fitness: 0.753214354476609 
Elapsed: 2.50219464302063

*** Epoch 1, batch 295/520 ***
Training fitness: 0.7580171520417853
Model size: (9, 9)
Validation fitness: 0.7535631038769556 
Elapsed: 2.481227159500122

*** Epoch 1, batch 296/520 ***
Training fitness: 0.7782517061261883
Model size: (11, 15)
Validation fitness: 0.7592320843972288 
Elapsed: 2.48612904548645

*** Epoch 1, batch 297/520 ***
Training fitness: 0.7596432596020903
Model size: (11, 15)
Validation fitness: 0.7592320843972288 
Elapsed: 2.609548807144165

*** Epoch 1, batch 298/520 ***
Training fitness: 0.8066407987204203
Model size: (10, 13)
Validation fitness: 0.7445696053170785 
Elapsed: 2.490440845489502

*** Epoch 1, batch 299/520 ***
Training fitness: 0.8082291285812214
Model size: (11, 12)
Validation fitness: 0.7048180647851723 
Elapsed: 2.5485215187072754

*** Epoch 1, batch 300/520 ***
Training fitness: 0.7460064782727782
Model size: (11, 21)
Validation fitness: 0.7444240964348593 
Elapsed: 2.555645704269409

*** Epoch 1, batch 301/520 ***
Training fitness: 0.810714568312464
Model size: (14, 15)
Validation fitness: 0.7292998938140772 
Elapsed: 2.522204637527466

*** Epoch 1, batch 302/520 ***
Training fitness: 0.77061330243038
Model size: (10, 19)
Validation fitness: 0.744266809440296 
Elapsed: 2.621086359024048

*** Epoch 1, batch 303/520 ***
Training fitness: 0.7583322608514013
Model size: (10, 19)
Validation fitness: 0.744266809440296 
Elapsed: 2.673940658569336

*** Epoch 1, batch 304/520 ***
Training fitness: 0.8049675662305775
Model size: (11, 14)
Validation fitness: 0.7459470943243399 
Elapsed: 2.5923259258270264

*** Epoch 1, batch 305/520 ***
Training fitness: 0.7260016456647198
Model size: (11, 17)
Validation fitness: 0.7436125834478204 
Elapsed: 2.590172290802002

*** Epoch 1, batch 306/520 ***
Training fitness: 0.7713991076473323
Model size: (10, 19)
Validation fitness: 0.744266809440296 
Elapsed: 2.5685219764709473

*** Epoch 1, batch 307/520 ***
Training fitness: 0.7883927042153723
Model size: (13, 13)
Validation fitness: 0.7218652824890563 
Elapsed: 2.5544018745422363

*** Epoch 1, batch 308/520 ***
Training fitness: 0.7471310644204051
Model size: (11, 14)
Validation fitness: 0.7459470943243399 
Elapsed: 2.7493317127227783

*** Epoch 1, batch 309/520 ***
Training fitness: 0.8051983540898275
Model size: (11, 14)
Validation fitness: 0.7459470943243399 
Elapsed: 2.631683349609375

*** Epoch 1, batch 310/520 ***
Training fitness: 0.823087565455542
Model size: (11, 14)
Validation fitness: 0.7459470943243399 
Elapsed: 2.6914610862731934

*** Epoch 1, batch 311/520 ***
Training fitness: 0.7872889449939544
Model size: (13, 14)
Validation fitness: 0.740177347581654 
Elapsed: 2.698420524597168

*** Epoch 1, batch 312/520 ***
Training fitness: 0.7216749301073713
Model size: (11, 19)
Validation fitness: 0.7428543312789798 
Elapsed: 2.5972988605499268

*** Epoch 1, batch 313/520 ***
Training fitness: 0.7569974949184217
Model size: (11, 14)
Validation fitness: 0.7459470943243399 
Elapsed: 2.6066675186157227

*** Epoch 1, batch 314/520 ***
Training fitness: 0.7379470727725905
Model size: (11, 14)
Validation fitness: 0.7459470943243399 
Elapsed: 2.565596103668213

*** Epoch 1, batch 315/520 ***
Training fitness: 0.7461334989762878
Model size: (9, 15)
Validation fitness: 0.7437794312830247 
Elapsed: 2.692164421081543

*** Epoch 1, batch 316/520 ***
Training fitness: 0.7450431419356586
Model size: (9, 15)
Validation fitness: 0.7437794312830247 
Elapsed: 2.6263279914855957

*** Epoch 1, batch 317/520 ***
Training fitness: 0.7212372157323812
Model size: (7, 9)
Validation fitness: 0.7325856385397751 
Elapsed: 2.6747052669525146

*** Epoch 1, batch 318/520 ***
Training fitness: 0.7492824234948152
Model size: (8, 14)
Validation fitness: 0.744135804358392 
Elapsed: 2.642784357070923

*** Epoch 1, batch 319/520 ***
Training fitness: 0.7555190579289538
Model size: (9, 15)
Validation fitness: 0.7437794312830247 
Elapsed: 2.4547622203826904

*** Epoch 1, batch 320/520 ***
Training fitness: 0.7312876502628674
Model size: (7, 9)
Validation fitness: 0.7367203861504281 
Elapsed: 2.669504165649414

*** Epoch 1, batch 321/520 ***
Training fitness: 0.7652343369907482
Model size: (8, 7)
Validation fitness: 0.7420372798108652 
Elapsed: 2.6441526412963867

*** Epoch 1, batch 322/520 ***
Training fitness: 0.7751540408207769
Model size: (8, 13)
Validation fitness: 0.7101811073623154 
Elapsed: 2.6757256984710693

*** Epoch 1, batch 323/520 ***
Training fitness: 0.7363128413345424
Model size: (10, 14)
Validation fitness: 0.7397198006371274 
Elapsed: 2.56903076171875

*** Epoch 1, batch 324/520 ***
Training fitness: 0.7739690772700515
Model size: (10, 12)
Validation fitness: 0.7369288069986918 
Elapsed: 2.674858808517456

*** Epoch 1, batch 325/520 ***
Training fitness: 0.758932011192113
Model size: (14, 14)
Validation fitness: 0.7426064202899055 
Elapsed: 2.618511915206909

*** Epoch 1, batch 326/520 ***
Training fitness: 0.7259193225856786
Model size: (9, 14)
Validation fitness: 0.7416508774977901 
Elapsed: 2.61535906791687

*** Epoch 1, batch 327/520 ***
Training fitness: 0.7764680245125672
Model size: (8, 7)
Validation fitness: 0.7420372798108652 
Elapsed: 2.4378294944763184

*** Epoch 1, batch 328/520 ***
Training fitness: 0.749424044355809
Model size: (14, 14)
Validation fitness: 0.7438796622781749 
Elapsed: 2.4853122234344482

*** Epoch 1, batch 329/520 ***
Training fitness: 0.7348728950194388
Model size: (8, 15)
Validation fitness: 0.7438655506962205 
Elapsed: 2.5018510818481445

*** Epoch 1, batch 330/520 ***
Training fitness: 0.7344857942503844
Model size: (6, 5)
Validation fitness: 0.755948097016839 
Elapsed: 2.60675048828125

*** Epoch 1, batch 331/520 ***
Training fitness: 0.7631446224116535
Model size: (8, 13)
Validation fitness: 0.7365786859829843 
Elapsed: 2.5837666988372803

*** Epoch 1, batch 332/520 ***
Training fitness: 0.8207027142333628
Model size: (6, 6)
Validation fitness: 0.7577019160516674 
Elapsed: 2.5719926357269287

*** Epoch 1, batch 333/520 ***
Training fitness: 0.8092703354190922
Model size: (6, 6)
Validation fitness: 0.7577019160516674 
Elapsed: 2.6108102798461914

*** Epoch 1, batch 334/520 ***
Training fitness: 0.7866372456561748
Model size: (6, 6)
Validation fitness: 0.7577019160516674 
Elapsed: 2.587066173553467

*** Epoch 1, batch 335/520 ***
Training fitness: 0.7501615955786847
Model size: (6, 6)
Validation fitness: 0.7577019160516674 
Elapsed: 2.7035634517669678

*** Epoch 1, batch 336/520 ***
Training fitness: 0.7372435588231702
Model size: (10, 11)
Validation fitness: 0.7440877440618205 
Elapsed: 2.5200767517089844

*** Epoch 1, batch 337/520 ***
Training fitness: 0.7923585091266728
Model size: (7, 7)
Validation fitness: 0.738850751246659 
Elapsed: 2.6231069564819336

*** Epoch 1, batch 338/520 ***
Training fitness: 0.7791304246227172
Model size: (6, 6)
Validation fitness: 0.7577019160516674 
Elapsed: 2.5946803092956543

*** Epoch 1, batch 339/520 ***
Training fitness: 0.7734405816610549
Model size: (8, 8)
Validation fitness: 0.7471270770292296 
Elapsed: 2.5902907848358154

*** Epoch 1, batch 340/520 ***
Training fitness: 0.7630437665606705
Model size: (6, 6)
Validation fitness: 0.7577019160516674 
Elapsed: 2.666193962097168

*** Epoch 1, batch 341/520 ***
Training fitness: 0.8016826702883717
Model size: (6, 6)
Validation fitness: 0.7577019160516674 
Elapsed: 2.550340414047241

*** Epoch 1, batch 342/520 ***
Training fitness: 0.8034860315327308
Model size: (6, 6)
Validation fitness: 0.7577019160516674 
Elapsed: 2.6287271976470947

*** Epoch 1, batch 343/520 ***
Training fitness: 0.758664987867117
Model size: (6, 6)
Validation fitness: 0.7577019160516674 
Elapsed: 2.6771721839904785

*** Epoch 1, batch 344/520 ***
Training fitness: 0.7703294258167164
Model size: (6, 6)
Validation fitness: 0.7577019160516674 
Elapsed: 1.5731968879699707

*** Epoch 1, batch 345/520 ***
Training fitness: 0.7942478910242003
Model size: (10, 11)
Validation fitness: 0.768021580041415 
Elapsed: 1.3172426223754883

*** Epoch 1, batch 346/520 ***
Training fitness: 0.7726994696615191
Model size: (10, 11)
Validation fitness: 0.768021580041415 
Elapsed: 1.8784129619598389

*** Epoch 1, batch 347/520 ***
Training fitness: 0.7754090191733898
Model size: (6, 6)
Validation fitness: 0.7577019160516674 
Elapsed: 1.304614543914795

*** Epoch 1, batch 348/520 ***
Training fitness: 0.7555888573255501
Model size: (10, 7)
Validation fitness: 0.7679846381387941 
Elapsed: 1.2712419033050537

*** Epoch 1, batch 349/520 ***
Training fitness: 0.7577745044500831
Model size: (10, 7)
Validation fitness: 0.7679846381387941 
Elapsed: 2.4829540252685547

*** Epoch 1, batch 350/520 ***
Training fitness: 0.7442711227519111
Model size: (6, 6)
Validation fitness: 0.7577019160516674 
Elapsed: 2.8198585510253906

*** Epoch 1, batch 351/520 ***
Training fitness: 0.8084746756372365
Model size: (6, 6)
Validation fitness: 0.7577019160516674 
Elapsed: 2.7608485221862793

*** Epoch 1, batch 352/520 ***
Training fitness: 0.767885210368043
Model size: (6, 6)
Validation fitness: 0.7577019160516674 
Elapsed: 2.622704267501831

*** Epoch 1, batch 353/520 ***
Training fitness: 0.7559830154385853
Model size: (9, 13)
Validation fitness: 0.7614441593503639 
Elapsed: 2.8416385650634766

*** Epoch 1, batch 354/520 ***
Training fitness: 0.7706584920817084
Model size: (6, 6)
Validation fitness: 0.7577019160516674 
Elapsed: 2.603909730911255

*** Epoch 1, batch 355/520 ***
Training fitness: 0.812604512507029
Model size: (7, 7)
Validation fitness: 0.7324557329304234 
Elapsed: 2.701281785964966

*** Epoch 1, batch 356/520 ***
Training fitness: 0.8028580298163651
Model size: (7, 8)
Validation fitness: 0.7367928372755278 
Elapsed: 2.6617071628570557

*** Epoch 1, batch 357/520 ***
Training fitness: 0.7741807972924257
Model size: (10, 18)
Validation fitness: 0.7385356753033182 
Elapsed: 2.6637113094329834

*** Epoch 1, batch 358/520 ***
Training fitness: 0.747691605868097
Model size: (14, 18)
Validation fitness: 0.7457407340411883 
Elapsed: 2.679173231124878

*** Epoch 1, batch 359/520 ***
Training fitness: 0.7867345698131484
Model size: (7, 12)
Validation fitness: 0.766936800295815 
Elapsed: 2.8060462474823

*** Epoch 1, batch 360/520 ***
Training fitness: 0.7943246974180947
Model size: (7, 12)
Validation fitness: 0.766936800295815 
Elapsed: 2.915273904800415

*** Epoch 1, batch 361/520 ***
Training fitness: 0.810994944274327
Model size: (7, 12)
Validation fitness: 0.766936800295815 
Elapsed: 2.930988311767578

*** Epoch 1, batch 362/520 ***
Training fitness: 0.7705068265059611
Model size: (7, 12)
Validation fitness: 0.766936800295815 
Elapsed: 2.928206443786621

*** Epoch 1, batch 363/520 ***
Training fitness: 0.7375623659521738
Model size: (7, 12)
Validation fitness: 0.766936800295815 
Elapsed: 2.8424367904663086

*** Epoch 1, batch 364/520 ***
Training fitness: 0.8054581364674995
Model size: (7, 12)
Validation fitness: 0.7673196535331481 
Elapsed: 3.106027126312256

*** Epoch 1, batch 365/520 ***
Training fitness: 0.8050791695032048
Model size: (7, 12)
Validation fitness: 0.7673196535331481 
Elapsed: 2.914560556411743

*** Epoch 1, batch 366/520 ***
Training fitness: 0.7831605382709086
Model size: (11, 16)
Validation fitness: 0.7440150748204409 
Elapsed: 2.7116293907165527

*** Epoch 1, batch 367/520 ***
Training fitness: 0.7589397139111952
Model size: (7, 12)
Validation fitness: 0.766936800295815 
Elapsed: 3.0551791191101074

*** Epoch 1, batch 368/520 ***
Training fitness: 0.7585117521103343
Model size: (7, 12)
Validation fitness: 0.766936800295815 
Elapsed: 3.0020339488983154

*** Epoch 1, batch 369/520 ***
Training fitness: 0.7920069366396479
Model size: (11, 19)
Validation fitness: 0.7485300089834841 
Elapsed: 2.746985912322998

*** Epoch 1, batch 370/520 ***
Training fitness: 0.8052664225671149
Model size: (9, 6)
Validation fitness: 0.7012235731305784 
Elapsed: 2.8043627738952637

*** Epoch 1, batch 371/520 ***
Training fitness: 0.8014575696852478
Model size: (7, 12)
Validation fitness: 0.7673196535331481 
Elapsed: 3.0111188888549805

*** Epoch 1, batch 372/520 ***
Training fitness: 0.8127041342941222
Model size: (7, 12)
Validation fitness: 0.766936800295815 
Elapsed: 3.655508518218994

*** Epoch 1, batch 373/520 ***
Training fitness: 0.7898944102269753
Model size: (7, 12)
Validation fitness: 0.7673196535331481 
Elapsed: 2.972273826599121

*** Epoch 1, batch 374/520 ***
Training fitness: 0.8212304124127113
Model size: (7, 12)
Validation fitness: 0.7673196535331481 
Elapsed: 2.993723154067993

*** Epoch 1, batch 375/520 ***
Training fitness: 0.8112268348066967
Model size: (7, 12)
Validation fitness: 0.7673196535331481 
Elapsed: 3.0104920864105225

*** Epoch 1, batch 376/520 ***
Training fitness: 0.7908352191978042
Model size: (7, 12)
Validation fitness: 0.7673196535331481 
Elapsed: 3.0781500339508057

*** Epoch 1, batch 377/520 ***
Training fitness: 0.7819337623016931
Model size: (15, 19)
Validation fitness: 0.723690753891565 
Elapsed: 2.8151605129241943

*** Epoch 1, batch 378/520 ***
Training fitness: 0.8030947011684961
Model size: (7, 12)
Validation fitness: 0.7673196535331481 
Elapsed: 3.0415728092193604

*** Epoch 1, batch 379/520 ***
Training fitness: 0.7902338447943175
Model size: (7, 12)
Validation fitness: 0.7673196535331481 
Elapsed: 2.988476514816284

*** Epoch 1, batch 380/520 ***
Training fitness: 0.790265151864973
Model size: (9, 7)
Validation fitness: 0.748907323317874 
Elapsed: 3.031344413757324

*** Epoch 1, batch 381/520 ***
Training fitness: 0.7918802714483859
Model size: (7, 12)
Validation fitness: 0.7673196535331481 
Elapsed: 3.0419819355010986

*** Epoch 1, batch 382/520 ***
Training fitness: 0.8122140685104476
Model size: (7, 12)
Validation fitness: 0.766936800295815 
Elapsed: 3.079068899154663

*** Epoch 1, batch 383/520 ***
Training fitness: 0.7820635729125975
Model size: (7, 12)
Validation fitness: 0.7673196535331481 
Elapsed: 2.987551212310791

*** Epoch 1, batch 384/520 ***
Training fitness: 0.8299767973145313
Model size: (7, 12)
Validation fitness: 0.7673196535331481 
Elapsed: 2.951744318008423

*** Epoch 1, batch 385/520 ***
Training fitness: 0.7753655113739307
Model size: (7, 12)
Validation fitness: 0.7673196535331481 
Elapsed: 2.917868137359619

*** Epoch 1, batch 386/520 ***
Training fitness: 0.8473434758154366
Model size: (7, 12)
Validation fitness: 0.7673196535331481 
Elapsed: 3.002328872680664

*** Epoch 1, batch 387/520 ***
Training fitness: 0.787271550204117
Model size: (9, 9)
Validation fitness: 0.7488810713341062 
Elapsed: 2.897843360900879

*** Epoch 1, batch 388/520 ***
Training fitness: 0.7889864454898751
Model size: (9, 10)
Validation fitness: 0.7569867444396877 
Elapsed: 2.7657217979431152

*** Epoch 1, batch 389/520 ***
Training fitness: 0.7846789470128506
Model size: (7, 12)
Validation fitness: 0.7673196535331481 
Elapsed: 2.9714853763580322

*** Epoch 1, batch 390/520 ***
Training fitness: 0.741550391339367
Model size: (8, 11)
Validation fitness: 0.7587193607392215 
Elapsed: 2.7130179405212402

*** Epoch 1, batch 391/520 ***
Training fitness: 0.7854735639238947
Model size: (7, 10)
Validation fitness: 0.7317964567345477 
Elapsed: 2.6572866439819336

*** Epoch 1, batch 392/520 ***
Training fitness: 0.7935351782781616
Model size: (9, 9)
Validation fitness: 0.7488810713341062 
Elapsed: 2.846113681793213

*** Epoch 1, batch 393/520 ***
Training fitness: 0.776238243368003
Model size: (9, 10)
Validation fitness: 0.7569867444396877 
Elapsed: 2.6878879070281982

*** Epoch 1, batch 394/520 ***
Training fitness: 0.7607569087979876
Model size: (9, 10)
Validation fitness: 0.7569867444396877 
Elapsed: 2.7200238704681396

*** Epoch 1, batch 395/520 ***
Training fitness: 0.7757084165558191
Model size: (9, 10)
Validation fitness: 0.7569867444396877 
Elapsed: 2.7582106590270996

*** Epoch 1, batch 396/520 ***
Training fitness: 0.7732446817735162
Model size: (8, 10)
Validation fitness: 0.7410202029744832 
Elapsed: 2.7406482696533203

*** Epoch 1, batch 397/520 ***
Training fitness: 0.7447407990597913
Model size: (11, 9)
Validation fitness: 0.7499946161600434 
Elapsed: 2.7588822841644287

*** Epoch 1, batch 398/520 ***
Training fitness: 0.7897009203288597
Model size: (11, 10)
Validation fitness: 0.7356944220030063 
Elapsed: 2.7345879077911377

*** Epoch 1, batch 399/520 ***
Training fitness: 0.7656382189946572
Model size: (11, 9)
Validation fitness: 0.7499946161600434 
Elapsed: 2.737210988998413

*** Epoch 1, batch 400/520 ***
Training fitness: 0.7250059656325891
Model size: (11, 9)
Validation fitness: 0.7499946161600434 
Elapsed: 2.692305088043213

*** Epoch 1, batch 401/520 ***
Training fitness: 0.8059571342368194
Model size: (7, 8)
Validation fitness: 0.7394501621539298 
Elapsed: 2.6003904342651367

*** Epoch 1, batch 402/520 ***
Training fitness: 0.7325139878057976
Model size: (11, 9)
Validation fitness: 0.7499946161600434 
Elapsed: 2.709787607192993

*** Epoch 1, batch 403/520 ***
Training fitness: 0.7592636510623867
Model size: (6, 6)
Validation fitness: 0.7541924370036476 
Elapsed: 2.730849266052246

*** Epoch 1, batch 404/520 ***
Training fitness: 0.7482637590990359
Model size: (11, 11)
Validation fitness: 0.7517657205453419 
Elapsed: 2.7261502742767334

*** Epoch 1, batch 405/520 ***
Training fitness: 0.7497969677693171
Model size: (7, 9)
Validation fitness: 0.7520775598034839 
Elapsed: 2.6575801372528076

*** Epoch 1, batch 406/520 ***
Training fitness: 0.7660186213016569
Model size: (8, 12)
Validation fitness: 0.7303475991743672 
Elapsed: 1.867570400238037

*** Epoch 1, batch 407/520 ***
Training fitness: 0.7810378935120902
Model size: (7, 9)
Validation fitness: 0.7520775598034839 
Elapsed: 1.3297698497772217

*** Epoch 1, batch 408/520 ***
Training fitness: 0.7299782365349103
Model size: (9, 10)
Validation fitness: 0.7515922888552701 
Elapsed: 1.3718206882476807

*** Epoch 1, batch 409/520 ***
Training fitness: 0.7666193211512639
Model size: (9, 10)
Validation fitness: 0.7515922888552701 
Elapsed: 1.3792612552642822

*** Epoch 1, batch 410/520 ***
Training fitness: 0.7377752703898255
Model size: (11, 9)
Validation fitness: 0.7499946161600434 
Elapsed: 1.3972699642181396

*** Epoch 1, batch 411/520 ***
Training fitness: 0.7695473866709364
Model size: (7, 9)
Validation fitness: 0.7528472825674278 
Elapsed: 1.435093879699707

*** Epoch 1, batch 412/520 ***
Training fitness: 0.7520136105667128
Model size: (7, 9)
Validation fitness: 0.7528472825674278 
Elapsed: 1.379129409790039

*** Epoch 1, batch 413/520 ***
Training fitness: 0.7678511373209278
Model size: (8, 9)
Validation fitness: 0.7328091106432295 
Elapsed: 1.4200549125671387

*** Epoch 1, batch 414/520 ***
Training fitness: 0.7805207835373186
Model size: (10, 10)
Validation fitness: 0.7512345447096775 
Elapsed: 1.355757236480713

*** Epoch 1, batch 415/520 ***
Training fitness: 0.782230967356603
Model size: (10, 10)
Validation fitness: 0.7512345447096775 
Elapsed: 1.3642964363098145

*** Epoch 1, batch 416/520 ***
Training fitness: 0.776038487075988
Model size: (8, 9)
Validation fitness: 0.7535829140880853 
Elapsed: 1.3651115894317627

*** Epoch 1, batch 417/520 ***
Training fitness: 0.7777402368525019
Model size: (8, 9)
Validation fitness: 0.7535829140880853 
Elapsed: 1.345243215560913

*** Epoch 1, batch 418/520 ***
Training fitness: 0.7583707226876453
Model size: (8, 9)
Validation fitness: 0.7501470369750036 
Elapsed: 1.4164056777954102

*** Epoch 1, batch 419/520 ***
Training fitness: 0.8183414237459927
Model size: (11, 10)
Validation fitness: 0.7366785256847217 
Elapsed: 1.3705213069915771

*** Epoch 1, batch 420/520 ***
Training fitness: 0.7971977551310951
Model size: (10, 10)
Validation fitness: 0.7512345447096775 
Elapsed: 1.3559978008270264

*** Epoch 1, batch 421/520 ***
Training fitness: 0.7505035594308671
Model size: (8, 10)
Validation fitness: 0.7562316908506447 
Elapsed: 1.3473601341247559

*** Epoch 1, batch 422/520 ***
Training fitness: 0.7497477090630595
Model size: (7, 6)
Validation fitness: 0.7483491411682293 
Elapsed: 1.4002289772033691

*** Epoch 1, batch 423/520 ***
Training fitness: 0.7826702205818097
Model size: (8, 10)
Validation fitness: 0.7491604070115786 
Elapsed: 1.308133840560913

*** Epoch 1, batch 424/520 ***
Training fitness: 0.7542245867245483
Model size: (10, 8)
Validation fitness: 0.7419909041754734 
Elapsed: 1.326171875

*** Epoch 1, batch 425/520 ***
Training fitness: 0.7388406089380579
Model size: (7, 10)
Validation fitness: 0.7541589042081125 
Elapsed: 1.3960895538330078

*** Epoch 1, batch 426/520 ***
Training fitness: 0.7351274478334231
Model size: (9, 10)
Validation fitness: 0.7515922888552701 
Elapsed: 1.3514630794525146

*** Epoch 1, batch 427/520 ***
Training fitness: 0.773626497362816
Model size: (10, 10)
Validation fitness: 0.7512345447096775 
Elapsed: 1.3387360572814941

*** Epoch 1, batch 428/520 ***
Training fitness: 0.7718630944565482
Model size: (10, 10)
Validation fitness: 0.7512345447096775 
Elapsed: 1.330306053161621

*** Epoch 1, batch 429/520 ***
Training fitness: 0.7917127082524578
Model size: (10, 10)
Validation fitness: 0.7512345447096775 
Elapsed: 1.305485725402832

*** Epoch 1, batch 430/520 ***
Training fitness: 0.7312910712479491
Model size: (7, 6)
Validation fitness: 0.7483491411682293 
Elapsed: 1.3342599868774414

*** Epoch 1, batch 431/520 ***
Training fitness: 0.7583523606033389
Model size: (8, 9)
Validation fitness: 0.7521859805840238 
Elapsed: 1.3797128200531006

*** Epoch 1, batch 432/520 ***
Training fitness: 0.7374419695986191
Model size: (7, 10)
Validation fitness: 0.7541589042081125 
Elapsed: 1.380204677581787

*** Epoch 1, batch 433/520 ***
Training fitness: 0.7471560983157605
Model size: (7, 10)
Validation fitness: 0.7541589042081125 
Elapsed: 1.356396198272705

*** Epoch 1, batch 434/520 ***
Training fitness: 0.7713058885671515
Model size: (8, 9)
Validation fitness: 0.7478074848821052 
Elapsed: 1.4011073112487793

*** Epoch 1, batch 435/520 ***
Training fitness: 0.7582966163754182
Model size: (11, 9)
Validation fitness: 0.754543862738692 
Elapsed: 1.3205199241638184

*** Epoch 1, batch 436/520 ***
Training fitness: 0.7382801366585154
Model size: (11, 9)
Validation fitness: 0.754543862738692 
Elapsed: 1.2802636623382568

*** Epoch 1, batch 437/520 ***
Training fitness: 0.7158273394480686
Model size: (11, 9)
Validation fitness: 0.754543862738692 
Elapsed: 1.3452160358428955

*** Epoch 1, batch 438/520 ***
Training fitness: 0.7619702081738328
Model size: (8, 9)
Validation fitness: 0.7521859805840238 
Elapsed: 1.454068899154663

*** Epoch 1, batch 439/520 ***
Training fitness: 0.7545834875464781
Model size: (12, 11)
Validation fitness: 0.7423058667735165 
Elapsed: 1.3382019996643066

*** Epoch 1, batch 440/520 ***
Training fitness: 0.7386560440454186
Model size: (12, 11)
Validation fitness: 0.7423058667735165 
Elapsed: 1.315711259841919

*** Epoch 1, batch 441/520 ***
Training fitness: 0.7667061661724791
Model size: (12, 11)
Validation fitness: 0.7423058667735165 
Elapsed: 1.2930243015289307

*** Epoch 1, batch 442/520 ***
Training fitness: 0.7679232826034031
Model size: (12, 11)
Validation fitness: 0.7423058667735165 
Elapsed: 1.298861026763916

*** Epoch 1, batch 443/520 ***
Training fitness: 0.740459478670456
Model size: (10, 14)
Validation fitness: 0.738908629811663 
Elapsed: 1.3411104679107666

*** Epoch 1, batch 444/520 ***
Training fitness: 0.81721431119505
Model size: (11, 9)
Validation fitness: 0.754543862738692 
Elapsed: 1.3687593936920166

*** Epoch 1, batch 445/520 ***
Training fitness: 0.7474278805080625
Model size: (12, 11)
Validation fitness: 0.7423058667735165 
Elapsed: 1.3117449283599854

*** Epoch 1, batch 446/520 ***
Training fitness: 0.7643104723234719
Model size: (12, 11)
Validation fitness: 0.7423058667735165 
Elapsed: 1.3461651802062988

*** Epoch 1, batch 447/520 ***
Training fitness: 0.8035834977936401
Model size: (12, 17)
Validation fitness: 0.7431534551307262 
Elapsed: 1.339282751083374

*** Epoch 1, batch 448/520 ***
Training fitness: 0.7726169357736877
Model size: (11, 9)
Validation fitness: 0.754543862738692 
Elapsed: 1.3774340152740479

*** Epoch 1, batch 449/520 ***
Training fitness: 0.7395764737566467
Model size: (11, 9)
Validation fitness: 0.754543862738692 
Elapsed: 1.333181619644165

*** Epoch 1, batch 450/520 ***
Training fitness: 0.7191932249205989
Model size: (11, 9)
Validation fitness: 0.754543862738692 
Elapsed: 1.4043679237365723

*** Epoch 1, batch 451/520 ***
Training fitness: 0.760155017959213
Model size: (11, 10)
Validation fitness: 0.734973587479767 
Elapsed: 1.3556711673736572

*** Epoch 1, batch 452/520 ***
Training fitness: 0.7714340798940081
Model size: (11, 10)
Validation fitness: 0.734973587479767 
Elapsed: 1.3201820850372314

*** Epoch 1, batch 453/520 ***
Training fitness: 0.7512343357192068
Model size: (11, 9)
Validation fitness: 0.754543862738692 
Elapsed: 1.3380680084228516

*** Epoch 1, batch 454/520 ***
Training fitness: 0.7890688631874958
Model size: (14, 23)
Validation fitness: 0.7383488802727662 
Elapsed: 1.2794783115386963

*** Epoch 1, batch 455/520 ***
Training fitness: 0.7320935355323337
Model size: (10, 9)
Validation fitness: 0.7433468198943538 
Elapsed: 1.4178597927093506

*** Epoch 1, batch 456/520 ***
Training fitness: 0.770564267830674
Model size: (11, 10)
Validation fitness: 0.752482312350017 
Elapsed: 1.340390920639038

*** Epoch 1, batch 457/520 ***
Training fitness: 0.7982037533340631
Model size: (11, 10)
Validation fitness: 0.7549269437212183 
Elapsed: 1.361158847808838

*** Epoch 1, batch 458/520 ***
Training fitness: 0.8030594019188441
Model size: (11, 9)
Validation fitness: 0.7522514835426771 
Elapsed: 1.3605239391326904

*** Epoch 1, batch 459/520 ***
Training fitness: 0.805587296656337
Model size: (13, 10)
Validation fitness: 0.7309958078564267 
Elapsed: 1.6553959846496582

*** Epoch 1, batch 460/520 ***
Training fitness: 0.8136597640613483
Model size: (12, 11)
Validation fitness: 0.7295212864405325 
Elapsed: 1.5136728286743164

*** Epoch 1, batch 461/520 ***
Training fitness: 0.7680334375705711
Model size: (13, 19)
Validation fitness: 0.742710646281581 
Elapsed: 1.5130243301391602

*** Epoch 1, batch 462/520 ***
Training fitness: 0.7455971508428372
Model size: (11, 17)
Validation fitness: 0.7439686426830213 
Elapsed: 1.4682347774505615

*** Epoch 1, batch 463/520 ***
Training fitness: 0.7516208457141311
Model size: (13, 18)
Validation fitness: 0.7427700189472066 
Elapsed: 1.355215311050415

*** Epoch 1, batch 464/520 ***
Training fitness: 0.7610329413017601
Model size: (11, 10)
Validation fitness: 0.752482312350017 
Elapsed: 1.4005560874938965

*** Epoch 1, batch 465/520 ***
Training fitness: 0.7429660714891382
Model size: (12, 13)
Validation fitness: 0.7458921550472623 
Elapsed: 1.477393388748169

*** Epoch 1, batch 466/520 ***
Training fitness: 0.7773245224297883
Model size: (12, 13)
Validation fitness: 0.7458921550472623 
Elapsed: 1.4461674690246582

*** Epoch 1, batch 467/520 ***
Training fitness: 0.7464901898630703
Model size: (15, 25)
Validation fitness: 0.7263250159164069 
Elapsed: 1.6701405048370361

*** Epoch 1, batch 468/520 ***
Training fitness: 0.7453568086160981
Model size: (15, 25)
Validation fitness: 0.7263250159164069 
Elapsed: 1.3879637718200684

*** Epoch 1, batch 469/520 ***
Training fitness: 0.780100837922484
Model size: (12, 13)
Validation fitness: 0.7458921550472623 
Elapsed: 1.5029096603393555

*** Epoch 1, batch 470/520 ***
Training fitness: 0.7584781396327922
Model size: (13, 12)
Validation fitness: 0.7384248306560921 
Elapsed: 1.3732635974884033

*** Epoch 1, batch 471/520 ***
Training fitness: 0.7760771981838251
Model size: (12, 12)
Validation fitness: 0.7471163067238313 
Elapsed: 1.3663089275360107

*** Epoch 1, batch 472/520 ***
Training fitness: 0.7796821551727268
Model size: (12, 13)
Validation fitness: 0.7574644584772672 
Elapsed: 1.4854507446289062

*** Epoch 1, batch 473/520 ***
Training fitness: 0.7671761692191285
Model size: (12, 13)
Validation fitness: 0.7574644584772672 
Elapsed: 1.3395466804504395

*** Epoch 1, batch 474/520 ***
Training fitness: 0.7662486513740916
Model size: (12, 13)
Validation fitness: 0.7574644584772672 
Elapsed: 1.3912138938903809

*** Epoch 1, batch 475/520 ***
Training fitness: 0.7798535984507258
Model size: (15, 15)
Validation fitness: 0.7596870161954811 
Elapsed: 1.3603169918060303

*** Epoch 1, batch 476/520 ***
Training fitness: 0.765003236021051
Model size: (12, 19)
Validation fitness: 0.7420461679754397 
Elapsed: 1.2950384616851807

*** Epoch 1, batch 477/520 ***
Training fitness: 0.7897618024252636
Model size: (15, 15)
Validation fitness: 0.7596870161954811 
Elapsed: 1.429490566253662

*** Epoch 1, batch 478/520 ***
Training fitness: 0.7778653811862588
Model size: (15, 15)
Validation fitness: 0.7596870161954811 
Elapsed: 1.3064219951629639

*** Epoch 1, batch 479/520 ***
Training fitness: 0.7702670804193313
Model size: (15, 15)
Validation fitness: 0.7596870161954811 
Elapsed: 1.2897253036499023

*** Epoch 1, batch 480/520 ***
Training fitness: 0.7534087210509958
Model size: (15, 15)
Validation fitness: 0.7596870161954811 
Elapsed: 1.306558609008789

*** Epoch 1, batch 481/520 ***
Training fitness: 0.7722876122569412
Model size: (16, 20)
Validation fitness: 0.7534906945231157 
Elapsed: 1.3437645435333252

*** Epoch 1, batch 482/520 ***
Training fitness: 0.7486095370788672
Model size: (15, 15)
Validation fitness: 0.7596870161954811 
Elapsed: 1.4701275825500488

*** Epoch 1, batch 483/520 ***
Training fitness: 0.7906332734666026
Model size: (16, 20)
Validation fitness: 0.7529961348050097 
Elapsed: 1.4040350914001465

*** Epoch 1, batch 484/520 ***
Training fitness: 0.7667919873626364
Model size: (16, 20)
Validation fitness: 0.7529961348050097 
Elapsed: 1.323598861694336

*** Epoch 1, batch 485/520 ***
Training fitness: 0.7816721359344337
Model size: (16, 21)
Validation fitness: 0.7565801544753836 
Elapsed: 1.3645613193511963

*** Epoch 1, batch 486/520 ***
Training fitness: 0.7931456700620634
Model size: (16, 21)
Validation fitness: 0.7565801544753836 
Elapsed: 1.342522382736206

*** Epoch 1, batch 487/520 ***
Training fitness: 0.7875972275960081
Model size: (16, 17)
Validation fitness: 0.7520280205466359 
Elapsed: 1.5113894939422607

*** Epoch 1, batch 488/520 ***
Training fitness: 0.7899361993523593
Model size: (18, 25)
Validation fitness: 0.7546022515589625 
Elapsed: 1.424140453338623

*** Epoch 1, batch 489/520 ***
Training fitness: 0.7635180535092051
Model size: (18, 25)
Validation fitness: 0.7546022515589625 
Elapsed: 1.381474256515503

*** Epoch 1, batch 490/520 ***
Training fitness: 0.7505137849159591
Model size: (21, 30)
Validation fitness: 0.7423978053334411 
Elapsed: 1.3459720611572266

*** Epoch 1, batch 491/520 ***
Training fitness: 0.766514887268618
Model size: (15, 25)
Validation fitness: 0.7412718768873918 
Elapsed: 1.438575267791748

*** Epoch 1, batch 492/520 ***
Training fitness: 0.7737675745123967
Model size: (15, 18)
Validation fitness: 0.742264892490793 
Elapsed: 1.3351325988769531

*** Epoch 1, batch 493/520 ***
Training fitness: 0.7527157851567725
Model size: (21, 30)
Validation fitness: 0.7423978053334411 
Elapsed: 1.3586416244506836

*** Epoch 1, batch 494/520 ***
Training fitness: 0.7711324492540224
Model size: (11, 11)
Validation fitness: 0.737866355531827 
Elapsed: 1.3814456462860107

*** Epoch 1, batch 495/520 ***
Training fitness: 0.7513083174232061
Model size: (14, 16)
Validation fitness: 0.7434944623614915 
Elapsed: 1.3355073928833008

*** Epoch 1, batch 496/520 ***
Training fitness: 0.7640168518842813
Model size: (12, 13)
Validation fitness: 0.7515296895012067 
Elapsed: 1.4850969314575195

*** Epoch 1, batch 497/520 ***
Training fitness: 0.7288195152164623
Model size: (12, 13)
Validation fitness: 0.7515296895012067 
Elapsed: 1.4093399047851562

*** Epoch 1, batch 498/520 ***
Training fitness: 0.7460763729044435
Model size: (12, 13)
Validation fitness: 0.7515296895012067 
Elapsed: 1.3563339710235596

*** Epoch 1, batch 499/520 ***
Training fitness: 0.7409455128098991
Model size: (14, 21)
Validation fitness: 0.7501624341517228 
Elapsed: 1.4059233665466309

*** Epoch 1, batch 500/520 ***
Training fitness: 0.7454023957280533
Model size: (11, 12)
Validation fitness: 0.7585679426874522 
Elapsed: 1.4853334426879883

*** Epoch 1, batch 501/520 ***
Training fitness: 0.7489406484228188
Model size: (11, 12)
Validation fitness: 0.7585679426874522 
Elapsed: 1.385815143585205

*** Epoch 1, batch 502/520 ***
Training fitness: 0.7720879442318116
Model size: (11, 12)
Validation fitness: 0.7585679426874522 
Elapsed: 1.3811802864074707

*** Epoch 1, batch 503/520 ***
Training fitness: 0.7820002450954467
Model size: (11, 12)
Validation fitness: 0.7585679426874522 
Elapsed: 1.3477632999420166

*** Epoch 1, batch 504/520 ***
Training fitness: 0.7260827637385845
Model size: (11, 11)
Validation fitness: 0.7518380483592031 
Elapsed: 1.3408715724945068

*** Epoch 1, batch 505/520 ***
Training fitness: 0.793880389291681
Model size: (13, 17)
Validation fitness: 0.7402946613974511 
Elapsed: 1.5081257820129395

*** Epoch 1, batch 506/520 ***
Training fitness: 0.741772823348962
Model size: (11, 11)
Validation fitness: 0.7518380483592031 
Elapsed: 1.3724405765533447

*** Epoch 1, batch 507/520 ***
Training fitness: 0.7788354633986345
Model size: (13, 17)
Validation fitness: 0.7402946613974511 
Elapsed: 1.398165225982666

*** Epoch 1, batch 508/520 ***
Training fitness: 0.7554317467705304
Model size: (11, 12)
Validation fitness: 0.7585679426874522 
Elapsed: 1.324657678604126

*** Epoch 1, batch 509/520 ***
Training fitness: 0.7650364208089068
Model size: (11, 12)
Validation fitness: 0.7585679426874522 
Elapsed: 1.3414866924285889

*** Epoch 1, batch 510/520 ***
Training fitness: 0.7537211421173599
Model size: (11, 11)
Validation fitness: 0.7518380483592031 
Elapsed: 1.547968864440918

*** Epoch 1, batch 511/520 ***
Training fitness: 0.7581267847421501
Model size: (11, 11)
Validation fitness: 0.7518380483592031 
Elapsed: 1.3590748310089111

*** Epoch 1, batch 512/520 ***
Training fitness: 0.7814249051369923
Model size: (15, 19)
Validation fitness: 0.7411545249780295 
Elapsed: 1.406907558441162

*** Epoch 1, batch 513/520 ***
Training fitness: 0.7806219632425766
Model size: (15, 19)
Validation fitness: 0.7411545249780295 
Elapsed: 1.3147087097167969

*** Epoch 1, batch 514/520 ***
Training fitness: 0.7669960694817411
Model size: (15, 24)
Validation fitness: 0.7419978523536714 
Elapsed: 1.3425328731536865

*** Epoch 1, batch 515/520 ***
Training fitness: 0.7599431751867727
Model size: (14, 17)
Validation fitness: 0.7453245758184611 
Elapsed: 1.5668795108795166

*** Epoch 1, batch 516/520 ***
Training fitness: 0.7724904430048141
Model size: (15, 19)
Validation fitness: 0.7411545249780295 
Elapsed: 1.3377666473388672

*** Epoch 1, batch 517/520 ***
Training fitness: 0.7958580066197306
Model size: (15, 19)
Validation fitness: 0.7355982684053515 
Elapsed: 1.3397626876831055

*** Epoch 1, batch 518/520 ***
Training fitness: 0.7569958772177231
Model size: (15, 14)
Validation fitness: 0.7436943639085859 
Elapsed: 1.3497436046600342

*** Epoch 1, batch 519/520 ***
Training fitness: 0.7196354801135819
Model size: (14, 17)
Validation fitness: 0.7453245758184611 
Elapsed: 1.5639078617095947

*** Epoch 1, batch 520/520 ***
Training fitness: 0.7405798260686931
Model size: (17, 16)
Validation fitness: 0.7429536765592137 
Elapsed: 1.3793039321899414

Total train time: 927.918125629425
Test time: 0.16782236099243164
Test fitness: 0.8001699106169636
Test statistics: Stats(total=14791, total_true=7158, total_false=7633, true_positive=5951, true_negative=7274, false_positive=359, false_negative=1207, tpr=0.831377479742945, tnr=0.9529673784881436, ppv=0.9431061806656101, npv=0.8576818771371301, accuracy=0.8941248056250423, f1=0.8837243837243838, mcc=0.7925238139453218)
