Configuration:
Dataset: ids2017
Selector: pca
Fold: 4
Batch size: 1
Epochs: 10
[1. 0. 1. ... 0. 0. 0.]
[0. 0. 0. ... 0. 1. 1.]
Epoch 1/10
 - 3390s - loss: 0.2182
 - val_mcc: 0.769868
Epoch 2/10
 - 3206s - loss: 0.2034
 - val_mcc: 0.772069
Epoch 3/10
 - 3426s - loss: 0.1890
 - val_mcc: 0.780398
Epoch 4/10
 - 3325s - loss: 0.1785
 - val_mcc: 0.781220
Epoch 5/10
 - 3333s - loss: 0.1732
 - val_mcc: 0.786178
Epoch 6/10
 - 3441s - loss: 0.1709
 - val_mcc: 0.787120
Epoch 7/10
 - 3320s - loss: 0.1693
 - val_mcc: 0.785884
Epoch 8/10
 - 2681s - loss: 0.1680
 - val_mcc: 0.787269
Epoch 9/10
 - 2510s - loss: 0.1669
 - val_mcc: 0.786431
Epoch 10/10
 - 2529s - loss: 0.1659
 - val_mcc: 0.786473
Total train time: 31247.69801235199
Test time: 7.048079252243042
Test statistics: Stats(total=252237, total_true=42632, total_false=209605, true_positive=29497, true_negative=208406, false_positive=1199, false_negative=13135, tpr=0.691898104710077, tnr=0.9942797166098137, ppv=0.9609395360959082, npv=0.9407107488004478, accuracy=0.9431724925367809, f1=0.8045221470652411, mcc=0.786570040163392)
