Configuration:
Dataset: nsl_kdd
Selector: pca
Fold: 0
Fitness: mcc
Batch size: 512
Epochs: 1
Config args: {}
*** Epoch 1, batch 1/260 ***
Training fitness: 0.7459785475038879
Model size: (1, 12)
Validation fitness: 0.7488427992479451 !!!
Elapsed: 3.415070056915283

*** Epoch 1, batch 2/260 ***
Training fitness: 0.7622056488156761
Model size: (2, 13)
Validation fitness: 0.77196544041104 !!!
Elapsed: 3.593808889389038

*** Epoch 1, batch 3/260 ***
Training fitness: 0.8062008731409025
Model size: (2, 12)
Validation fitness: 0.76796160286395 
Elapsed: 3.638241767883301

*** Epoch 1, batch 4/260 ***
Training fitness: 0.81532021118687
Model size: (2, 13)
Validation fitness: 0.774609052012956 !!!
Elapsed: 3.6505908966064453

*** Epoch 1, batch 5/260 ***
Training fitness: 0.8240348148132887
Model size: (1, 12)
Validation fitness: 0.7890481379065818 !!!
Elapsed: 3.78308367729187

*** Epoch 1, batch 6/260 ***
Training fitness: 0.8204469042521698
Model size: (1, 9)
Validation fitness: 0.8063897444758118 !!!
Elapsed: 3.821864366531372

*** Epoch 1, batch 7/260 ***
Training fitness: 0.8039336305526863
Model size: (1, 8)
Validation fitness: 0.8250427287816341 !!!
Elapsed: 3.7924702167510986

*** Epoch 1, batch 8/260 ***
Training fitness: 0.8351753186581493
Model size: (4, 12)
Validation fitness: 0.813684266368678 
Elapsed: 3.910496473312378

*** Epoch 1, batch 9/260 ***
Training fitness: 0.7974697256553352
Model size: (4, 12)
Validation fitness: 0.813684266368678 
Elapsed: 4.005918741226196

*** Epoch 1, batch 10/260 ***
Training fitness: 0.8296442324932823
Model size: (1, 8)
Validation fitness: 0.824603186549891 
Elapsed: 3.8614635467529297

*** Epoch 1, batch 11/260 ***
Training fitness: 0.8178660387274097
Model size: (4, 13)
Validation fitness: 0.8316470013336104 !!!
Elapsed: 3.9678497314453125

*** Epoch 1, batch 12/260 ***
Training fitness: 0.8243161800665727
Model size: (4, 11)
Validation fitness: 0.8244132777862792 
Elapsed: 3.810575008392334

*** Epoch 1, batch 13/260 ***
Training fitness: 0.8437404626747238
Model size: (5, 14)
Validation fitness: 0.829953437223542 
Elapsed: 3.9316201210021973

*** Epoch 1, batch 14/260 ***
Training fitness: 0.8594933798501727
Model size: (4, 13)
Validation fitness: 0.8316470013336104 
Elapsed: 3.8546595573425293

*** Epoch 1, batch 15/260 ***
Training fitness: 0.8316803693740431
Model size: (2, 11)
Validation fitness: 0.8224950844832366 
Elapsed: 9.435632705688477

*** Epoch 1, batch 16/260 ***
Training fitness: 0.8675447263261064
Model size: (1, 6)
Validation fitness: 0.8283856408882605 
Elapsed: 6.927267551422119

*** Epoch 1, batch 17/260 ***
Training fitness: 0.8448341441261406
Model size: (3, 12)
Validation fitness: 0.8363524560163859 !!!
Elapsed: 7.117248773574829

*** Epoch 1, batch 18/260 ***
Training fitness: 0.8547935229343867
Model size: (2, 9)
Validation fitness: 0.8405953752764647 !!!
Elapsed: 7.050954580307007

*** Epoch 1, batch 19/260 ***
Training fitness: 0.8788314037286424
Model size: (3, 11)
Validation fitness: 0.8141158426465517 
Elapsed: 7.370434522628784

*** Epoch 1, batch 20/260 ***
Training fitness: 0.8865297758446331
Model size: (5, 11)
Validation fitness: 0.8520377336397931 !!!
Elapsed: 7.734461784362793

*** Epoch 1, batch 21/260 ***
Training fitness: 0.8591819494160552
Model size: (5, 11)
Validation fitness: 0.8520377336397931 
Elapsed: 7.690830230712891

*** Epoch 1, batch 22/260 ***
Training fitness: 0.8409918057423983
Model size: (5, 11)
Validation fitness: 0.8520377336397931 
Elapsed: 7.674203157424927

*** Epoch 1, batch 23/260 ***
Training fitness: 0.8506079605808061
Model size: (5, 12)
Validation fitness: 0.8541771318147849 !!!
Elapsed: 7.714750289916992

*** Epoch 1, batch 24/260 ***
Training fitness: 0.8732810806357303
Model size: (5, 12)
Validation fitness: 0.8541771318147849 
Elapsed: 7.857216835021973

*** Epoch 1, batch 25/260 ***
Training fitness: 0.8624709356611211
Model size: (1, 6)
Validation fitness: 0.8277667654917739 
Elapsed: 7.451507091522217

*** Epoch 1, batch 26/260 ***
Training fitness: 0.8997356388791283
Model size: (4, 11)
Validation fitness: 0.8373645409228929 
Elapsed: 7.9389119148254395

*** Epoch 1, batch 27/260 ***
Training fitness: 0.8740989940152043
Model size: (6, 14)
Validation fitness: 0.8295697087097437 
Elapsed: 8.36886191368103

*** Epoch 1, batch 28/260 ***
Training fitness: 0.8697602102633148
Model size: (6, 13)
Validation fitness: 0.85748331139687 !!!
Elapsed: 8.466509103775024

*** Epoch 1, batch 29/260 ***
Training fitness: 0.8405678853362605
Model size: (6, 21)
Validation fitness: 0.850568139762692 
Elapsed: 8.404893636703491

*** Epoch 1, batch 30/260 ***
Training fitness: 0.8908976572524183
Model size: (6, 13)
Validation fitness: 0.85748331139687 
Elapsed: 8.377683639526367

*** Epoch 1, batch 31/260 ***
Training fitness: 0.8967542418492377
Model size: (6, 21)
Validation fitness: 0.850568139762692 
Elapsed: 8.643110275268555

*** Epoch 1, batch 32/260 ***
Training fitness: 0.8906810492109286
Model size: (7, 23)
Validation fitness: 0.8479135840014618 
Elapsed: 8.820672512054443

*** Epoch 1, batch 33/260 ***
Training fitness: 0.8584177687609315
Model size: (6, 13)
Validation fitness: 0.85748331139687 
Elapsed: 8.436235904693604

*** Epoch 1, batch 34/260 ***
Training fitness: 0.8493007379870473
Model size: (7, 23)
Validation fitness: 0.8401468289172551 
Elapsed: 8.622534275054932

*** Epoch 1, batch 35/260 ***
Training fitness: 0.8754275592730114
Model size: (4, 12)
Validation fitness: 0.8356640473370494 
Elapsed: 7.974342584609985

*** Epoch 1, batch 36/260 ***
Training fitness: 0.859903630504003
Model size: (6, 10)
Validation fitness: 0.8531684122732498 
Elapsed: 8.595422983169556

*** Epoch 1, batch 37/260 ***
Training fitness: 0.8691972174000626
Model size: (8, 19)
Validation fitness: 0.8486444896587576 
Elapsed: 8.696934700012207

*** Epoch 1, batch 38/260 ***
Training fitness: 0.859951418477066
Model size: (5, 8)
Validation fitness: 0.8492435762191163 
Elapsed: 8.16621446609497

*** Epoch 1, batch 39/260 ***
Training fitness: 0.9018079967856762
Model size: (7, 22)
Validation fitness: 0.852515522762808 
Elapsed: 8.48344612121582

*** Epoch 1, batch 40/260 ***
Training fitness: 0.848555089015061
Model size: (6, 20)
Validation fitness: 0.8461821164865331 
Elapsed: 8.294101238250732

*** Epoch 1, batch 41/260 ***
Training fitness: 0.895970607958011
Model size: (3, 8)
Validation fitness: 0.8343436294216954 
Elapsed: 8.303354978561401

*** Epoch 1, batch 42/260 ***
Training fitness: 0.8270198306112654
Model size: (4, 10)
Validation fitness: 0.8331116485146975 
Elapsed: 8.142878532409668

*** Epoch 1, batch 43/260 ***
Training fitness: 0.8527427945055024
Model size: (6, 8)
Validation fitness: 0.854301600323401 
Elapsed: 8.08354902267456

*** Epoch 1, batch 44/260 ***
Training fitness: 0.8970503359925867
Model size: (6, 8)
Validation fitness: 0.854301600323401 
Elapsed: 8.30271601676941

*** Epoch 1, batch 45/260 ***
Training fitness: 0.8980460636878903
Model size: (5, 9)
Validation fitness: 0.8553355879128881 
Elapsed: 8.31040620803833

*** Epoch 1, batch 46/260 ***
Training fitness: 0.8506109630395745
Model size: (5, 9)
Validation fitness: 0.8553355879128881 
Elapsed: 8.419398307800293

*** Epoch 1, batch 47/260 ***
Training fitness: 0.8540879643574399
Model size: (3, 8)
Validation fitness: 0.847774080578849 
Elapsed: 8.523247003555298

*** Epoch 1, batch 48/260 ***
Training fitness: 0.8786691627033119
Model size: (3, 8)
Validation fitness: 0.847774080578849 
Elapsed: 8.357834815979004

*** Epoch 1, batch 49/260 ***
Training fitness: 0.8874018932821468
Model size: (7, 22)
Validation fitness: 0.852515522762808 
Elapsed: 8.699344873428345

*** Epoch 1, batch 50/260 ***
Training fitness: 0.856204953077136
Model size: (7, 22)
Validation fitness: 0.852515522762808 
Elapsed: 8.908874273300171

*** Epoch 1, batch 51/260 ***
Training fitness: 0.8572935938021917
Model size: (4, 10)
Validation fitness: 0.840915178381527 
Elapsed: 8.676708698272705

*** Epoch 1, batch 52/260 ***
Training fitness: 0.8594016001521537
Model size: (5, 16)
Validation fitness: 0.8390672516522198 
Elapsed: 9.133880138397217

*** Epoch 1, batch 53/260 ***
Training fitness: 0.8913419180548481
Model size: (5, 10)
Validation fitness: 0.8469189754980349 
Elapsed: 8.939926147460938

*** Epoch 1, batch 54/260 ***
Training fitness: 0.8711300959924895
Model size: (6, 20)
Validation fitness: 0.8460043003273617 
Elapsed: 8.882198095321655

*** Epoch 1, batch 55/260 ***
Training fitness: 0.8869564050492209
Model size: (5, 10)
Validation fitness: 0.8469189754980349 
Elapsed: 8.596832036972046

*** Epoch 1, batch 56/260 ***
Training fitness: 0.8729146047632828
Model size: (8, 18)
Validation fitness: 0.8319282004118611 
Elapsed: 8.864433288574219

*** Epoch 1, batch 57/260 ***
Training fitness: 0.8951962119822334
Model size: (7, 22)
Validation fitness: 0.852515522762808 
Elapsed: 8.478525876998901

*** Epoch 1, batch 58/260 ***
Training fitness: 0.8348970645862891
Model size: (3, 8)
Validation fitness: 0.8262274285004115 
Elapsed: 4.407094240188599

*** Epoch 1, batch 59/260 ***
Training fitness: 0.8890678421231184
Model size: (6, 12)
Validation fitness: 0.8399671436863116 
Elapsed: 4.556526184082031

*** Epoch 1, batch 60/260 ***
Training fitness: 0.87566135654976
Model size: (8, 18)
Validation fitness: 0.8353205341677042 
Elapsed: 4.516144275665283

*** Epoch 1, batch 61/260 ***
Training fitness: 0.8854499666745923
Model size: (5, 10)
Validation fitness: 0.8464086540511435 
Elapsed: 4.5319554805755615

*** Epoch 1, batch 62/260 ***
Training fitness: 0.8911912957948532
Model size: (6, 11)
Validation fitness: 0.8496932289106234 
Elapsed: 4.553141832351685

*** Epoch 1, batch 63/260 ***
Training fitness: 0.8790625974129516
Model size: (7, 17)
Validation fitness: 0.8516422702398206 
Elapsed: 4.6912500858306885

*** Epoch 1, batch 64/260 ***
Training fitness: 0.876035865925139
Model size: (3, 10)
Validation fitness: 0.8344572147171383 
Elapsed: 4.478558778762817

*** Epoch 1, batch 65/260 ***
Training fitness: 0.8552395337227197
Model size: (5, 13)
Validation fitness: 0.8329564219956447 
Elapsed: 4.226203680038452

*** Epoch 1, batch 66/260 ***
Training fitness: 0.8699250293201739
Model size: (6, 16)
Validation fitness: 0.8495766058791795 
Elapsed: 4.458964109420776

*** Epoch 1, batch 67/260 ***
Training fitness: 0.8556771412510462
Model size: (6, 16)
Validation fitness: 0.8495766058791795 
Elapsed: 4.603509187698364

*** Epoch 1, batch 68/260 ***
Training fitness: 0.868497593269579
Model size: (7, 16)
Validation fitness: 0.8464141631843972 
Elapsed: 4.564797639846802

*** Epoch 1, batch 69/260 ***
Training fitness: 0.8297614061154135
Model size: (6, 16)
Validation fitness: 0.8495766058791795 
Elapsed: 4.419016122817993

*** Epoch 1, batch 70/260 ***
Training fitness: 0.823697297174944
Model size: (5, 13)
Validation fitness: 0.8513090625866645 
Elapsed: 4.542665243148804

*** Epoch 1, batch 71/260 ***
Training fitness: 0.8495109865663515
Model size: (3, 10)
Validation fitness: 0.8254883199861263 
Elapsed: 4.264580726623535

*** Epoch 1, batch 72/260 ***
Training fitness: 0.8513070073612522
Model size: (4, 14)
Validation fitness: 0.8356668217662072 
Elapsed: 4.368839263916016

*** Epoch 1, batch 73/260 ***
Training fitness: 0.8502482859701554
Model size: (5, 15)
Validation fitness: 0.8305648838299999 
Elapsed: 4.505559921264648

*** Epoch 1, batch 74/260 ***
Training fitness: 0.8396316987344901
Model size: (5, 9)
Validation fitness: 0.8416795584762732 
Elapsed: 4.269981384277344

*** Epoch 1, batch 75/260 ***
Training fitness: 0.8253035589766107
Model size: (6, 9)
Validation fitness: 0.8339982645430734 
Elapsed: 4.293450117111206

*** Epoch 1, batch 76/260 ***
Training fitness: 0.8589718640728302
Model size: (6, 9)
Validation fitness: 0.8339982645430734 
Elapsed: 4.553357362747192

*** Epoch 1, batch 77/260 ***
Training fitness: 0.8598269268448283
Model size: (5, 15)
Validation fitness: 0.8305648838299999 
Elapsed: 4.47203516960144

*** Epoch 1, batch 78/260 ***
Training fitness: 0.8328168095251635
Model size: (6, 11)
Validation fitness: 0.830990922179231 
Elapsed: 4.397989511489868

*** Epoch 1, batch 79/260 ***
Training fitness: 0.8700889818917666
Model size: (7, 13)
Validation fitness: 0.8457544372605729 
Elapsed: 4.547313451766968

*** Epoch 1, batch 80/260 ***
Training fitness: 0.8559979039579917
Model size: (7, 13)
Validation fitness: 0.8457544372605729 
Elapsed: 4.591234445571899

*** Epoch 1, batch 81/260 ***
Training fitness: 0.859147549599723
Model size: (9, 16)
Validation fitness: 0.8193856939681816 
Elapsed: 4.508179426193237

*** Epoch 1, batch 82/260 ***
Training fitness: 0.8303847290497047
Model size: (7, 13)
Validation fitness: 0.8457544372605729 
Elapsed: 4.821658372879028

*** Epoch 1, batch 83/260 ***
Training fitness: 0.8864194376268866
Model size: (7, 13)
Validation fitness: 0.8457544372605729 
Elapsed: 4.724769353866577

*** Epoch 1, batch 84/260 ***
Training fitness: 0.8555751588730162
Model size: (7, 13)
Validation fitness: 0.8457544372605729 
Elapsed: 4.692799806594849

*** Epoch 1, batch 85/260 ***
Training fitness: 0.8741587331040296
Model size: (6, 12)
Validation fitness: 0.8500346015141055 
Elapsed: 4.700725793838501

*** Epoch 1, batch 86/260 ***
Training fitness: 0.8311532404028923
Model size: (6, 12)
Validation fitness: 0.8500346015141055 
Elapsed: 4.628081321716309

*** Epoch 1, batch 87/260 ***
Training fitness: 0.8737131865069848
Model size: (6, 12)
Validation fitness: 0.8500346015141055 
Elapsed: 4.610426187515259

*** Epoch 1, batch 88/260 ***
Training fitness: 0.8798966540317714
Model size: (6, 12)
Validation fitness: 0.8500346015141055 
Elapsed: 4.476618528366089

*** Epoch 1, batch 89/260 ***
Training fitness: 0.8377100765592042
Model size: (7, 13)
Validation fitness: 0.8457544372605729 
Elapsed: 4.477003335952759

*** Epoch 1, batch 90/260 ***
Training fitness: 0.8297692204857465
Model size: (6, 12)
Validation fitness: 0.8500346015141055 
Elapsed: 4.588904619216919

*** Epoch 1, batch 91/260 ***
Training fitness: 0.8743578261603423
Model size: (6, 12)
Validation fitness: 0.8500346015141055 
Elapsed: 4.268192529678345

*** Epoch 1, batch 92/260 ***
Training fitness: 0.8157915712831241
Model size: (7, 13)
Validation fitness: 0.8457544372605729 
Elapsed: 4.391514301300049

*** Epoch 1, batch 93/260 ***
Training fitness: 0.8335347935279195
Model size: (7, 12)
Validation fitness: 0.8454139237067578 
Elapsed: 4.453685998916626

*** Epoch 1, batch 94/260 ***
Training fitness: 0.8515036041578193
Model size: (6, 12)
Validation fitness: 0.8529363978902875 
Elapsed: 4.253184080123901

*** Epoch 1, batch 95/260 ***
Training fitness: 0.8725023626152658
Model size: (6, 12)
Validation fitness: 0.8529363978902875 
Elapsed: 4.446431398391724

*** Epoch 1, batch 96/260 ***
Training fitness: 0.848223661325264
Model size: (7, 11)
Validation fitness: 0.8444275557200369 
Elapsed: 4.355379104614258

*** Epoch 1, batch 97/260 ***
Training fitness: 0.8700816014724574
Model size: (6, 12)
Validation fitness: 0.8529363978902875 
Elapsed: 4.140306234359741

*** Epoch 1, batch 98/260 ***
Training fitness: 0.8282390070682283
Model size: (11, 15)
Validation fitness: 0.8245728951663773 
Elapsed: 3.973875045776367

*** Epoch 1, batch 99/260 ***
Training fitness: 0.8441832586760561
Model size: (6, 12)
Validation fitness: 0.8529363978902875 
Elapsed: 4.054579257965088

*** Epoch 1, batch 100/260 ***
Training fitness: 0.8275214030363529
Model size: (7, 12)
Validation fitness: 0.8454139237067578 
Elapsed: 4.158677339553833

*** Epoch 1, batch 101/260 ***
Training fitness: 0.8624730564350324
Model size: (6, 13)
Validation fitness: 0.8435775903512311 
Elapsed: 4.299091100692749

*** Epoch 1, batch 102/260 ***
Training fitness: 0.8619900549202141
Model size: (6, 12)
Validation fitness: 0.8529363978902875 
Elapsed: 4.092233896255493

*** Epoch 1, batch 103/260 ***
Training fitness: 0.8815638005796725
Model size: (7, 13)
Validation fitness: 0.8438425189638727 
Elapsed: 4.129388093948364

*** Epoch 1, batch 104/260 ***
Training fitness: 0.8006586753471733
Model size: (7, 16)
Validation fitness: 0.818575719730356 
Elapsed: 4.337547302246094

*** Epoch 1, batch 105/260 ***
Training fitness: 0.8463297654374348
Model size: (7, 13)
Validation fitness: 0.8438425189638727 
Elapsed: 4.423827886581421

*** Epoch 1, batch 106/260 ***
Training fitness: 0.8864194376268866
Model size: (7, 13)
Validation fitness: 0.8438425189638727 
Elapsed: 4.274566411972046

*** Epoch 1, batch 107/260 ***
Training fitness: 0.8220070119860786
Model size: (8, 16)
Validation fitness: 0.8352111205150352 
Elapsed: 4.214068174362183

*** Epoch 1, batch 108/260 ***
Training fitness: 0.8672046606004091
Model size: (8, 16)
Validation fitness: 0.8352111205150352 
Elapsed: 7.9814231395721436

*** Epoch 1, batch 109/260 ***
Training fitness: 0.8357301836315543
Model size: (9, 15)
Validation fitness: 0.8411531561321818 
Elapsed: 7.824342489242554

*** Epoch 1, batch 110/260 ***
Training fitness: 0.8595450116871951
Model size: (8, 16)
Validation fitness: 0.8346276141860968 
Elapsed: 7.94142484664917

*** Epoch 1, batch 111/260 ***
Training fitness: 0.8626482202042878
Model size: (8, 16)
Validation fitness: 0.8346276141860968 
Elapsed: 7.537260293960571

*** Epoch 1, batch 112/260 ***
Training fitness: 0.8395754032808187
Model size: (8, 16)
Validation fitness: 0.8346276141860968 
Elapsed: 7.754236936569214

*** Epoch 1, batch 113/260 ***
Training fitness: 0.8718347864653726
Model size: (7, 15)
Validation fitness: 0.8363763937845121 
Elapsed: 7.849549055099487

*** Epoch 1, batch 114/260 ***
Training fitness: 0.8604569738946724
Model size: (9, 15)
Validation fitness: 0.8411531561321818 
Elapsed: 4.442656517028809

*** Epoch 1, batch 115/260 ***
Training fitness: 0.8424392728802989
Model size: (9, 21)
Validation fitness: 0.8225009647124277 
Elapsed: 4.138479232788086

*** Epoch 1, batch 116/260 ***
Training fitness: 0.8404295979385331
Model size: (6, 14)
Validation fitness: 0.8274255988048655 
Elapsed: 4.140671968460083

*** Epoch 1, batch 117/260 ***
Training fitness: 0.8609134322180316
Model size: (7, 15)
Validation fitness: 0.8416156420204868 
Elapsed: 4.069057941436768

*** Epoch 1, batch 118/260 ***
Training fitness: 0.8479316206219276
Model size: (9, 14)
Validation fitness: 0.8296880556187618 
Elapsed: 3.9869141578674316

*** Epoch 1, batch 119/260 ***
Training fitness: 0.8597126664426205
Model size: (8, 17)
Validation fitness: 0.8493029823070419 
Elapsed: 4.359468698501587

*** Epoch 1, batch 120/260 ***
Training fitness: 0.8227923023622894
Model size: (8, 17)
Validation fitness: 0.8493029823070419 
Elapsed: 4.186197280883789

*** Epoch 1, batch 121/260 ***
Training fitness: 0.8444157617262885
Model size: (6, 14)
Validation fitness: 0.8265458182052188 
Elapsed: 4.044746160507202

*** Epoch 1, batch 122/260 ***
Training fitness: 0.8542892571664096
Model size: (8, 17)
Validation fitness: 0.8493029823070419 
Elapsed: 4.406050205230713

*** Epoch 1, batch 123/260 ***
Training fitness: 0.8450978678307798
Model size: (9, 14)
Validation fitness: 0.8296880556187618 
Elapsed: 4.1253204345703125

*** Epoch 1, batch 124/260 ***
Training fitness: 0.867821075797216
Model size: (4, 8)
Validation fitness: 0.8084114253210207 
Elapsed: 4.117911338806152

*** Epoch 1, batch 125/260 ***
Training fitness: 0.816282777511126
Model size: (9, 20)
Validation fitness: 0.8604436073387246 !!!
Elapsed: 4.338334083557129

*** Epoch 1, batch 126/260 ***
Training fitness: 0.8507682503338271
Model size: (9, 20)
Validation fitness: 0.8604436073387246 
Elapsed: 4.180979490280151

*** Epoch 1, batch 127/260 ***
Training fitness: 0.8904837912845666
Model size: (9, 20)
Validation fitness: 0.8604436073387246 
Elapsed: 4.351030349731445

*** Epoch 1, batch 128/260 ***
Training fitness: 0.8611745283759558
Model size: (9, 20)
Validation fitness: 0.8604436073387246 
Elapsed: 4.364513158798218

*** Epoch 1, batch 129/260 ***
Training fitness: 0.8618665840160963
Model size: (8, 17)
Validation fitness: 0.8493029823070419 
Elapsed: 4.410988807678223

*** Epoch 1, batch 130/260 ***
Training fitness: 0.8604569738946724
Model size: (8, 17)
Validation fitness: 0.8493029823070419 
Elapsed: 4.394068956375122

*** Epoch 1, batch 131/260 ***
Training fitness: 0.8527012524620875
Model size: (9, 15)
Validation fitness: 0.8411531561321818 
Elapsed: 4.259010076522827

*** Epoch 1, batch 132/260 ***
Training fitness: 0.8492172126425737
Model size: (9, 19)
Validation fitness: 0.8519104839332229 
Elapsed: 4.409005641937256

*** Epoch 1, batch 133/260 ***
Training fitness: 0.8816487793318207
Model size: (9, 19)
Validation fitness: 0.8519104839332229 
Elapsed: 4.824140787124634

*** Epoch 1, batch 134/260 ***
Training fitness: 0.8814461595285892
Model size: (9, 19)
Validation fitness: 0.8519104839332229 
Elapsed: 4.793785095214844

*** Epoch 1, batch 135/260 ***
Training fitness: 0.8898976813290449
Model size: (8, 12)
Validation fitness: 0.8417633713063042 
Elapsed: 4.580160140991211

*** Epoch 1, batch 136/260 ***
Training fitness: 0.8712480681705228
Model size: (8, 17)
Validation fitness: 0.8493029823070419 
Elapsed: 4.700873374938965

*** Epoch 1, batch 137/260 ***
Training fitness: 0.8320928668980373
Model size: (8, 17)
Validation fitness: 0.8493029823070419 
Elapsed: 4.275792121887207

*** Epoch 1, batch 138/260 ***
Training fitness: 0.8682350822905949
Model size: (8, 17)
Validation fitness: 0.8493029823070419 
Elapsed: 4.354104042053223

*** Epoch 1, batch 139/260 ***
Training fitness: 0.8669374862404783
Model size: (8, 17)
Validation fitness: 0.8493029823070419 
Elapsed: 4.215551376342773

*** Epoch 1, batch 140/260 ***
Training fitness: 0.8326019456012993
Model size: (7, 13)
Validation fitness: 0.8321419468214889 
Elapsed: 4.251260757446289

*** Epoch 1, batch 141/260 ***
Training fitness: 0.833161840658769
Model size: (12, 19)
Validation fitness: 0.8177734796932272 
Elapsed: 4.206486463546753

*** Epoch 1, batch 142/260 ***
Training fitness: 0.8114817160340508
Model size: (7, 14)
Validation fitness: 0.821958912835389 
Elapsed: 4.328552722930908

*** Epoch 1, batch 143/260 ***
Training fitness: 0.8715616590316058
Model size: (13, 22)
Validation fitness: 0.8249918860659239 
Elapsed: 4.278453350067139

*** Epoch 1, batch 144/260 ***
Training fitness: 0.8531223447375308
Model size: (5, 12)
Validation fitness: 0.811487970538104 
Elapsed: 4.299299478530884

*** Epoch 1, batch 145/260 ***
Training fitness: 0.8662282346163036
Model size: (6, 13)
Validation fitness: 0.8117214329078574 
Elapsed: 4.324349880218506

*** Epoch 1, batch 146/260 ***
Training fitness: 0.8558444003249666
Model size: (10, 19)
Validation fitness: 0.8268669987011134 
Elapsed: 4.348877191543579

*** Epoch 1, batch 147/260 ***
Training fitness: 0.8371025556662041
Model size: (9, 15)
Validation fitness: 0.8361586054540564 
Elapsed: 4.134394645690918

*** Epoch 1, batch 148/260 ***
Training fitness: 0.8731098513486355
Model size: (9, 15)
Validation fitness: 0.8361586054540564 
Elapsed: 4.265535831451416

*** Epoch 1, batch 149/260 ***
Training fitness: 0.8604323483788313
Model size: (14, 23)
Validation fitness: 0.8303058580300576 
Elapsed: 4.284552812576294

*** Epoch 1, batch 150/260 ***
Training fitness: 0.8133589320111649
Model size: (7, 14)
Validation fitness: 0.82874105398094 
Elapsed: 4.419914960861206

*** Epoch 1, batch 151/260 ***
Training fitness: 0.818740239275372
Model size: (7, 14)
Validation fitness: 0.82874105398094 
Elapsed: 4.2932469844818115

*** Epoch 1, batch 152/260 ***
Training fitness: 0.819419213467695
Model size: (8, 14)
Validation fitness: 0.8251074826011211 
Elapsed: 4.255648851394653

*** Epoch 1, batch 153/260 ***
Training fitness: 0.8477841953939069
Model size: (7, 13)
Validation fitness: 0.8321419468214889 
Elapsed: 4.14755654335022

*** Epoch 1, batch 154/260 ***
Training fitness: 0.8658066760046045
Model size: (9, 15)
Validation fitness: 0.8361586054540564 
Elapsed: 4.3224122524261475

*** Epoch 1, batch 155/260 ***
Training fitness: 0.8762432998264802
Model size: (9, 15)
Validation fitness: 0.8361586054540564 
Elapsed: 4.216691017150879

*** Epoch 1, batch 156/260 ***
Training fitness: 0.8875246126412473
Model size: (8, 15)
Validation fitness: 0.8350412368234369 
Elapsed: 4.119538307189941

*** Epoch 1, batch 157/260 ***
Training fitness: 0.8243664743338144
Model size: (8, 13)
Validation fitness: 0.8138435849134737 
Elapsed: 4.05864691734314

*** Epoch 1, batch 158/260 ***
Training fitness: 0.8270546121270869
Model size: (14, 25)
Validation fitness: 0.8152160494082006 
Elapsed: 4.100289344787598

*** Epoch 1, batch 159/260 ***
Training fitness: 0.804607394315904
Model size: (14, 25)
Validation fitness: 0.8309656931805888 
Elapsed: 4.169048309326172

*** Epoch 1, batch 160/260 ***
Training fitness: 0.8302736402988193
Model size: (15, 25)
Validation fitness: 0.82481258718774 
Elapsed: 3.8393452167510986

*** Epoch 1, batch 161/260 ***
Training fitness: 0.8549758958241586
Model size: (9, 13)
Validation fitness: 0.8229614533424483 
Elapsed: 4.0602991580963135

*** Epoch 1, batch 162/260 ***
Training fitness: 0.8567763888235526
Model size: (5, 8)
Validation fitness: 0.8192364811179857 
Elapsed: 3.9447197914123535

*** Epoch 1, batch 163/260 ***
Training fitness: 0.9099488538049411
Model size: (12, 14)
Validation fitness: 0.8329945319944206 
Elapsed: 3.848362922668457

*** Epoch 1, batch 164/260 ***
Training fitness: 0.8411592501198227
Model size: (14, 25)
Validation fitness: 0.832141195232239 
Elapsed: 4.117655515670776

*** Epoch 1, batch 165/260 ***
Training fitness: 0.8868016527492402
Model size: (13, 17)
Validation fitness: 0.8494137460266413 
Elapsed: 4.024353504180908

*** Epoch 1, batch 166/260 ***
Training fitness: 0.8468721436503045
Model size: (13, 17)
Validation fitness: 0.8494137460266413 
Elapsed: 3.934436798095703

*** Epoch 1, batch 167/260 ***
Training fitness: 0.8521382432095642
Model size: (13, 17)
Validation fitness: 0.8494137460266413 
Elapsed: 3.926673650741577

*** Epoch 1, batch 168/260 ***
Training fitness: 0.8559979039579917
Model size: (10, 17)
Validation fitness: 0.825872333822729 
Elapsed: 4.165642738342285

*** Epoch 1, batch 169/260 ***
Training fitness: 0.8448020606994481
Model size: (13, 17)
Validation fitness: 0.8494137460266413 
Elapsed: 4.081571340560913

*** Epoch 1, batch 170/260 ***
Training fitness: 0.8420092621968019
Model size: (11, 15)
Validation fitness: 0.8384129577883143 
Elapsed: 4.095640659332275

*** Epoch 1, batch 171/260 ***
Training fitness: 0.8300372377418941
Model size: (11, 15)
Validation fitness: 0.8384129577883143 
Elapsed: 3.8333516120910645

*** Epoch 1, batch 172/260 ***
Training fitness: 0.8636249281013236
Model size: (11, 15)
Validation fitness: 0.8384129577883143 
Elapsed: 3.9725074768066406

*** Epoch 1, batch 173/260 ***
Training fitness: 0.8259947038933481
Model size: (11, 15)
Validation fitness: 0.8384129577883143 
Elapsed: 3.932870864868164

*** Epoch 1, batch 174/260 ***
Training fitness: 0.8015442889699498
Model size: (12, 17)
Validation fitness: 0.8039347361249192 
Elapsed: 3.978555202484131

*** Epoch 1, batch 175/260 ***
Training fitness: 0.870850206353277
Model size: (12, 16)
Validation fitness: 0.837575445010396 
Elapsed: 4.028453588485718

*** Epoch 1, batch 176/260 ***
Training fitness: 0.8476646938140467
Model size: (13, 18)
Validation fitness: 0.8303974403787505 
Elapsed: 3.8731069564819336

*** Epoch 1, batch 177/260 ***
Training fitness: 0.8371782538875379
Model size: (13, 18)
Validation fitness: 0.8357701597301144 
Elapsed: 3.9117321968078613

*** Epoch 1, batch 178/260 ***
Training fitness: 0.8611151902950369
Model size: (14, 21)
Validation fitness: 0.8328768993204526 
Elapsed: 3.8419699668884277

*** Epoch 1, batch 179/260 ***
Training fitness: 0.8374864465240827
Model size: (13, 15)
Validation fitness: 0.83857297262354 
Elapsed: 3.9248225688934326

*** Epoch 1, batch 180/260 ***
Training fitness: 0.8368251838373638
Model size: (11, 19)
Validation fitness: 0.8292859314312802 
Elapsed: 3.934448719024658

*** Epoch 1, batch 181/260 ***
Training fitness: 0.8269086962666802
Model size: (14, 16)
Validation fitness: 0.8278173852888803 
Elapsed: 3.936387538909912

*** Epoch 1, batch 182/260 ***
Training fitness: 0.8585960874568469
Model size: (14, 17)
Validation fitness: 0.8361638005779244 
Elapsed: 3.8788866996765137

*** Epoch 1, batch 183/260 ***
Training fitness: 0.852231792326023
Model size: (14, 17)
Validation fitness: 0.8361638005779244 
Elapsed: 3.9249088764190674

*** Epoch 1, batch 184/260 ***
Training fitness: 0.8445162008755185
Model size: (14, 17)
Validation fitness: 0.8369205179961479 
Elapsed: 3.8954076766967773

*** Epoch 1, batch 185/260 ***
Training fitness: 0.8246697143852927
Model size: (14, 17)
Validation fitness: 0.8369205179961479 
Elapsed: 3.941420555114746

*** Epoch 1, batch 186/260 ***
Training fitness: 0.851669833646891
Model size: (15, 19)
Validation fitness: 0.8300515072846169 
Elapsed: 3.826080799102783

*** Epoch 1, batch 187/260 ***
Training fitness: 0.8184896077188659
Model size: (14, 17)
Validation fitness: 0.8369205179961479 
Elapsed: 3.9925267696380615

*** Epoch 1, batch 188/260 ***
Training fitness: 0.8708223148128666
Model size: (14, 17)
Validation fitness: 0.8369205179961479 
Elapsed: 3.91426944732666

*** Epoch 1, batch 189/260 ***
Training fitness: 0.8181309980659374
Model size: (6, 14)
Validation fitness: 0.7890748753519948 
Elapsed: 3.9417965412139893

*** Epoch 1, batch 190/260 ***
Training fitness: 0.8511743855336623
Model size: (15, 18)
Validation fitness: 0.8344388395923045 
Elapsed: 4.000384092330933

*** Epoch 1, batch 191/260 ***
Training fitness: 0.8337763585545624
Model size: (13, 16)
Validation fitness: 0.8298423343413822 
Elapsed: 4.015800952911377

*** Epoch 1, batch 192/260 ***
Training fitness: 0.8113766472021126
Model size: (14, 16)
Validation fitness: 0.8372038204044373 
Elapsed: 4.027632474899292

*** Epoch 1, batch 193/260 ***
Training fitness: 0.8308325343108434
Model size: (13, 14)
Validation fitness: 0.8388844750015683 
Elapsed: 4.456522226333618

*** Epoch 1, batch 194/260 ***
Training fitness: 0.8438509516805011
Model size: (12, 21)
Validation fitness: 0.7927899106613513 
Elapsed: 4.068175792694092

*** Epoch 1, batch 195/260 ***
Training fitness: 0.7951694538057973
Model size: (5, 12)
Validation fitness: 0.7996109679490954 
Elapsed: 4.2252888679504395

*** Epoch 1, batch 196/260 ***
Training fitness: 0.8249622301326794
Model size: (5, 10)
Validation fitness: 0.8370405326037963 
Elapsed: 4.063790321350098

*** Epoch 1, batch 197/260 ***
Training fitness: 0.8676640330073516
Model size: (5, 10)
Validation fitness: 0.8370405326037963 
Elapsed: 3.9320175647735596

*** Epoch 1, batch 198/260 ***
Training fitness: 0.8480861142274164
Model size: (6, 10)
Validation fitness: 0.8377280635435523 
Elapsed: 4.103158950805664

*** Epoch 1, batch 199/260 ***
Training fitness: 0.8143760867115694
Model size: (5, 10)
Validation fitness: 0.8370405326037963 
Elapsed: 4.025205612182617

*** Epoch 1, batch 200/260 ***
Training fitness: 0.83601351092324
Model size: (5, 11)
Validation fitness: 0.8343763621617738 
Elapsed: 4.143836498260498

*** Epoch 1, batch 201/260 ***
Training fitness: 0.8506795186643532
Model size: (16, 19)
Validation fitness: 0.8245273197763046 
Elapsed: 4.066755056381226

*** Epoch 1, batch 202/260 ***
Training fitness: 0.8663366665832316
Model size: (5, 9)
Validation fitness: 0.8328730640223329 
Elapsed: 4.1099207401275635

*** Epoch 1, batch 203/260 ***
Training fitness: 0.8551151308065645
Model size: (14, 18)
Validation fitness: 0.8326913832464136 
Elapsed: 3.9598190784454346

*** Epoch 1, batch 204/260 ***
Training fitness: 0.8438152580956645
Model size: (5, 10)
Validation fitness: 0.8370405326037963 
Elapsed: 3.8860883712768555

*** Epoch 1, batch 205/260 ***
Training fitness: 0.8232164303904032
Model size: (12, 10)
Validation fitness: 0.8292871956473697 
Elapsed: 3.7811472415924072

*** Epoch 1, batch 206/260 ***
Training fitness: 0.8428079960739043
Model size: (15, 24)
Validation fitness: 0.8386043097534632 
Elapsed: 4.093283176422119

*** Epoch 1, batch 207/260 ***
Training fitness: 0.8590791583618058
Model size: (6, 14)
Validation fitness: 0.8568603746505127 
Elapsed: 3.91586971282959

*** Epoch 1, batch 208/260 ***
Training fitness: 0.8670988293423281
Model size: (5, 9)
Validation fitness: 0.8519785070272047 
Elapsed: 3.705625295639038

*** Epoch 1, batch 209/260 ***
Training fitness: 0.8332819083662723
Model size: (5, 8)
Validation fitness: 0.8258132137515395 
Elapsed: 3.6062734127044678

*** Epoch 1, batch 210/260 ***
Training fitness: 0.8344808631024693
Model size: (5, 8)
Validation fitness: 0.8258132137515395 
Elapsed: 6.6045355796813965

*** Epoch 1, batch 211/260 ***
Training fitness: 0.8569813722186669
Model size: (15, 24)
Validation fitness: 0.8386043097534632 
Elapsed: 7.366257429122925

*** Epoch 1, batch 212/260 ***
Training fitness: 0.837198191360986
Model size: (15, 24)
Validation fitness: 0.8386043097534632 
Elapsed: 7.61641788482666

*** Epoch 1, batch 213/260 ***
Training fitness: 0.8377678427330743
Model size: (16, 24)
Validation fitness: 0.8480586087853224 
Elapsed: 7.794444799423218

*** Epoch 1, batch 214/260 ***
Training fitness: 0.8983615068639578
Model size: (5, 8)
Validation fitness: 0.8303906922362759 
Elapsed: 7.3392112255096436

*** Epoch 1, batch 215/260 ***
Training fitness: 0.8410300300224474
Model size: (8, 16)
Validation fitness: 0.8230404236896369 
Elapsed: 7.276448726654053

*** Epoch 1, batch 216/260 ***
Training fitness: 0.863794521843216
Model size: (4, 7)
Validation fitness: 0.8367309559549314 
Elapsed: 7.241581678390503

*** Epoch 1, batch 217/260 ***
Training fitness: 0.874992370139779
Model size: (4, 7)
Validation fitness: 0.8348711389347651 
Elapsed: 7.187409162521362

*** Epoch 1, batch 218/260 ***
Training fitness: 0.8397301330501934
Model size: (16, 24)
Validation fitness: 0.8480586087853224 
Elapsed: 4.409184217453003

*** Epoch 1, batch 219/260 ***
Training fitness: 0.8444233728885883
Model size: (17, 24)
Validation fitness: 0.8390705837486189 
Elapsed: 4.042066335678101

*** Epoch 1, batch 220/260 ***
Training fitness: 0.8845251182881526
Model size: (5, 8)
Validation fitness: 0.8603755409739282 
Elapsed: 3.8819479942321777

*** Epoch 1, batch 221/260 ***
Training fitness: 0.8598269268448283
Model size: (3, 6)
Validation fitness: 0.8498769323690496 
Elapsed: 3.7608749866485596

*** Epoch 1, batch 222/260 ***
Training fitness: 0.8924997884324004
Model size: (5, 10)
Validation fitness: 0.863809990023922 !!!
Elapsed: 3.919057846069336

*** Epoch 1, batch 223/260 ***
Training fitness: 0.8720961946244044
Model size: (5, 10)
Validation fitness: 0.863809990023922 
Elapsed: 3.858445882797241

*** Epoch 1, batch 224/260 ***
Training fitness: 0.8210042686824084
Model size: (11, 16)
Validation fitness: 0.8470637938338899 
Elapsed: 3.7279257774353027

*** Epoch 1, batch 225/260 ***
Training fitness: 0.8533569960306108
Model size: (18, 27)
Validation fitness: 0.8472183662411416 
Elapsed: 4.1871562004089355

*** Epoch 1, batch 226/260 ***
Training fitness: 0.8210128498941964
Model size: (5, 8)
Validation fitness: 0.8528315933163162 
Elapsed: 3.681525468826294

*** Epoch 1, batch 227/260 ***
Training fitness: 0.8354421377178536
Model size: (5, 8)
Validation fitness: 0.8528315933163162 
Elapsed: 3.781845808029175

*** Epoch 1, batch 228/260 ***
Training fitness: 0.8399491520293149
Model size: (5, 8)
Validation fitness: 0.8528315933163162 
Elapsed: 3.6547634601593018

*** Epoch 1, batch 229/260 ***
Training fitness: 0.8443658431319384
Model size: (17, 20)
Validation fitness: 0.8391199540756742 
Elapsed: 3.787956953048706

*** Epoch 1, batch 230/260 ***
Training fitness: 0.8886502523793504
Model size: (5, 8)
Validation fitness: 0.8528315933163162 
Elapsed: 3.9726462364196777

*** Epoch 1, batch 231/260 ***
Training fitness: 0.8866016969737355
Model size: (6, 13)
Validation fitness: 0.8507252680393638 
Elapsed: 3.7832298278808594

*** Epoch 1, batch 232/260 ***
Training fitness: 0.8941516838785171
Model size: (7, 10)
Validation fitness: 0.8610755295536475 
Elapsed: 3.695279598236084

*** Epoch 1, batch 233/260 ***
Training fitness: 0.8739527853919102
Model size: (8, 11)
Validation fitness: 0.8507143776602276 
Elapsed: 3.752399206161499

*** Epoch 1, batch 234/260 ***
Training fitness: 0.8797187434885286
Model size: (8, 11)
Validation fitness: 0.8507143776602276 
Elapsed: 3.685634136199951

*** Epoch 1, batch 235/260 ***
Training fitness: 0.8358859407436142
Model size: (7, 10)
Validation fitness: 0.8646405512964612 !!!
Elapsed: 3.695706605911255

*** Epoch 1, batch 236/260 ***
Training fitness: 0.9346216557168302
Model size: (7, 10)
Validation fitness: 0.8646405512964612 
Elapsed: 3.905707359313965

*** Epoch 1, batch 237/260 ***
Training fitness: 0.8590687690757526
Model size: (7, 10)
Validation fitness: 0.8646405512964612 
Elapsed: 3.6208834648132324

*** Epoch 1, batch 238/260 ***
Training fitness: 0.8938564861707267
Model size: (7, 10)
Validation fitness: 0.8646405512964612 
Elapsed: 3.697949171066284

*** Epoch 1, batch 239/260 ***
Training fitness: 0.8687123787433365
Model size: (8, 12)
Validation fitness: 0.8670494197462053 !!!
Elapsed: 3.6102607250213623

*** Epoch 1, batch 240/260 ***
Training fitness: 0.8901782738047602
Model size: (8, 12)
Validation fitness: 0.8670494197462053 
Elapsed: 3.8892452716827393

*** Epoch 1, batch 241/260 ***
Training fitness: 0.8870171927669861
Model size: (8, 12)
Validation fitness: 0.8670494197462053 
Elapsed: 3.7572762966156006

*** Epoch 1, batch 242/260 ***
Training fitness: 0.8474330860347863
Model size: (17, 20)
Validation fitness: 0.8391199540756742 
Elapsed: 3.742807388305664

*** Epoch 1, batch 243/260 ***
Training fitness: 0.828638924219916
Model size: (8, 12)
Validation fitness: 0.8670494197462053 
Elapsed: 3.6707820892333984

*** Epoch 1, batch 244/260 ***
Training fitness: 0.862808713051596
Model size: (8, 12)
Validation fitness: 0.8670494197462053 
Elapsed: 3.6820361614227295

*** Epoch 1, batch 245/260 ***
Training fitness: 0.8749213765861756
Model size: (9, 13)
Validation fitness: 0.8650481678555174 
Elapsed: 3.797386884689331

*** Epoch 1, batch 246/260 ***
Training fitness: 0.9011272052379445
Model size: (7, 13)
Validation fitness: 0.8562258105479948 
Elapsed: 3.6679258346557617

*** Epoch 1, batch 247/260 ***
Training fitness: 0.8933577418526223
Model size: (9, 14)
Validation fitness: 0.8666399336751726 
Elapsed: 3.7336926460266113

*** Epoch 1, batch 248/260 ***
Training fitness: 0.8839669400256462
Model size: (9, 14)
Validation fitness: 0.8666399336751726 
Elapsed: 3.7200491428375244

*** Epoch 1, batch 249/260 ***
Training fitness: 0.8524104689848534
Model size: (9, 14)
Validation fitness: 0.8666399336751726 
Elapsed: 3.501763343811035

*** Epoch 1, batch 250/260 ***
Training fitness: 0.887143792430747
Model size: (9, 14)
Validation fitness: 0.8666399336751726 
Elapsed: 3.5253052711486816

*** Epoch 1, batch 251/260 ***
Training fitness: 0.9063958188604345
Model size: (8, 12)
Validation fitness: 0.8670494197462053 
Elapsed: 3.7320597171783447

*** Epoch 1, batch 252/260 ***
Training fitness: 0.8611893383672381
Model size: (9, 14)
Validation fitness: 0.8666399336751726 
Elapsed: 3.619701385498047

*** Epoch 1, batch 253/260 ***
Training fitness: 0.8714128291442261
Model size: (9, 14)
Validation fitness: 0.8666399336751726 
Elapsed: 3.698850393295288

*** Epoch 1, batch 254/260 ***
Training fitness: 0.8756065462906654
Model size: (9, 16)
Validation fitness: 0.8365388241198491 
Elapsed: 3.8115317821502686

*** Epoch 1, batch 255/260 ***
Training fitness: 0.868816381298717
Model size: (8, 12)
Validation fitness: 0.8670494197462053 
Elapsed: 3.7676336765289307

*** Epoch 1, batch 256/260 ***
Training fitness: 0.8801474495362418
Model size: (8, 12)
Validation fitness: 0.8670494197462053 
Elapsed: 3.724331855773926

*** Epoch 1, batch 257/260 ***
Training fitness: 0.84735757490441
Model size: (9, 15)
Validation fitness: 0.8686171721767658 !!!
Elapsed: 4.061233758926392

*** Epoch 1, batch 258/260 ***
Training fitness: 0.873123565687748
Model size: (8, 12)
Validation fitness: 0.8670494197462053 
Elapsed: 3.8134613037109375

*** Epoch 1, batch 259/260 ***
Training fitness: 0.8354623824826019
Model size: (8, 12)
Validation fitness: 0.8670494197462053 
Elapsed: 3.770956516265869

*** Epoch 1, batch 260/260 ***
Training fitness: 0.8960666656723835
Model size: (8, 12)
Validation fitness: 0.8670494197462053 
Elapsed: 3.7466626167297363

Total train time: 1294.499895811081
Test time: 0.34789109230041504
Test fitness: 0.8656765392315445
Test statistics: Stats(total=14791, total_true=7158, total_false=7633, true_positive=6329, true_negative=7448, false_positive=185, false_negative=829, tpr=0.8841855266834311, tnr=0.9757631337612996, ppv=0.9715996315627878, npv=0.8998429382626556, accuracy=0.9314447975120005, f1=0.9258338209479228, mcc=0.8656765392315445)
