*** Epoch 0, batch 1/3218 ***
Training fitness: 0.8253500477638914
Model size: (1, 17) (!)
Validation fitness: 0.8170117808360957 (!)
Elapsed: 4.497816801071167

*** Epoch 0, batch 2/3218 ***
Training fitness: 0.8575572430677056
Model size: (2, 19) 
Validation fitness: 0.8136970644146344 
Elapsed: 5.996821880340576

*** Epoch 0, batch 3/3218 ***
Training fitness: 0.8225881009825782
Model size: (2, 19) 
Validation fitness: 0.7974497844564999 
Elapsed: 5.0895819664001465

*** Epoch 0, batch 4/3218 ***
Training fitness: 0.8408845414255217
Model size: (2, 16) (!)
Validation fitness: 0.8232516710326877 (!)
Elapsed: 5.62910270690918

*** Epoch 0, batch 5/3218 ***
Training fitness: 0.8575962884587194
Model size: (2, 17) 
Validation fitness: 0.781290143705608 
Elapsed: 5.445369482040405

*** Epoch 0, batch 6/3218 ***
Training fitness: 0.8863891667067975
Model size: (2, 17) 
Validation fitness: 0.8103624707785875 
Elapsed: 5.876992702484131

*** Epoch 0, batch 7/3218 ***
Training fitness: 0.8526541978925115
Model size: (4, 21) (!)
Validation fitness: 0.8244391015866063 (!)
Elapsed: 7.164139747619629

*** Epoch 0, batch 8/3218 ***
Training fitness: 0.9022329828738378
Model size: (3, 16) (!)
Validation fitness: 0.8575687581419953 (!)
Elapsed: 5.994768381118774

*** Epoch 0, batch 9/3218 ***
Training fitness: 0.8396254853306221
Model size: (3, 16) 
Validation fitness: 0.8297597385038638 
Elapsed: 6.044744491577148

*** Epoch 0, batch 10/3218 ***
Training fitness: 0.8867257275756015
Model size: (3, 15) 
Validation fitness: 0.8310648918042495 
Elapsed: 5.753324031829834

*** Epoch 0, batch 11/3218 ***
Training fitness: 0.7901266868413529
Model size: (3, 16) 
Validation fitness: 0.8064659314529383 
Elapsed: 5.840785980224609

*** Epoch 0, batch 12/3218 ***
Training fitness: 0.8069938535244345
Model size: (2, 14) 
Validation fitness: 0.8315660978568871 
Elapsed: 5.202044248580933

*** Epoch 0, batch 13/3218 ***
Training fitness: 0.8452221551349262
Model size: (3, 13) 
Validation fitness: 0.8176019444174829 
Elapsed: 6.164628982543945

*** Epoch 0, batch 14/3218 ***
Training fitness: 0.8481815549524443
Model size: (3, 16) 
Validation fitness: 0.8350253579772083 
Elapsed: 6.22193169593811

*** Epoch 0, batch 15/3218 ***
Training fitness: 0.7024040474662675
Model size: (4, 16) 
Validation fitness: 0.6960565845579246 
Elapsed: 6.233197927474976

*** Epoch 0, batch 16/3218 ***
Training fitness: 0.769308400326849
Model size: (2, 12) 
Validation fitness: 0.7169492997912481 
Elapsed: 5.484095335006714

*** Epoch 0, batch 17/3218 ***
Training fitness: 0.764144383983826
Model size: (1, 10) 
Validation fitness: 0.7428499193131433 
Elapsed: 4.569145202636719

*** Epoch 0, batch 18/3218 ***
Training fitness: 0.7350527077195862
Model size: (5, 14) 
Validation fitness: 0.687598139905966 
Elapsed: 6.779583692550659

*** Epoch 0, batch 19/3218 ***
Training fitness: 0.8537750718706973
Model size: (6, 14) 
Validation fitness: 0.7969214350863985 
Elapsed: 6.402979612350464

*** Epoch 0, batch 20/3218 ***
Training fitness: 0.7069225400072706
Model size: (4, 11) 
Validation fitness: 0.7070827438161861 
Elapsed: 4.819106101989746

*** Epoch 0, batch 21/3218 ***
Training fitness: 0.774580082516599
Model size: (5, 13) 
Validation fitness: 0.7872091950594887 
Elapsed: 6.403894662857056

*** Epoch 0, batch 22/3218 ***
Training fitness: 0.659425573905457
Model size: (4, 10) 
Validation fitness: 0.7367097258246644 
Elapsed: 4.758177995681763

*** Epoch 0, batch 23/3218 ***
Training fitness: 0.8174926635061512
Model size: (4, 10) 
Validation fitness: 0.7895792666563201 
Elapsed: 4.958519220352173

*** Epoch 0, batch 24/3218 ***
Training fitness: 0.8203377460374054
Model size: (4, 11) 
Validation fitness: 0.8316043935653382 
Elapsed: 4.963200330734253

*** Epoch 0, batch 25/3218 ***
Training fitness: 0.7258247162451604
Model size: (3, 6) 
Validation fitness: 0.7214903803784858 
Elapsed: 4.028231382369995

*** Epoch 0, batch 26/3218 ***
Training fitness: 0.7031939713994744
Model size: (9, 21) 
Validation fitness: 0.7283901340922573 
Elapsed: 9.122760534286499

*** Epoch 0, batch 27/3218 ***
Training fitness: 0.8221901274626436
Model size: (3, 8) 
Validation fitness: 0.7614059638140436 
Elapsed: 3.743842363357544

*** Epoch 0, batch 28/3218 ***
Training fitness: 0.832563304588807
Model size: (9, 23) 
Validation fitness: 0.8375788297156256 
Elapsed: 7.369728326797485

*** Epoch 0, batch 29/3218 ***
Training fitness: 0.8206457390862485
Model size: (3, 7) 
Validation fitness: 0.8362047143648416 
Elapsed: 4.003436326980591

*** Epoch 0, batch 30/3218 ***
Training fitness: 0.7613645084996931
Model size: (4, 8) 
Validation fitness: 0.8000200092951324 
Elapsed: 4.820694208145142

*** Epoch 0, batch 31/3218 ***
Training fitness: 0.8558222982909375
Model size: (4, 9) 
Validation fitness: 0.8310247562126614 
Elapsed: 4.634410381317139

*** Epoch 0, batch 32/3218 ***
Training fitness: 0.8421350035243191
Model size: (10, 21) 
Validation fitness: 0.8269247646361872 
Elapsed: 8.55193018913269

*** Epoch 0, batch 33/3218 ***
Training fitness: 0.8472434503887994
Model size: (5, 10) 
Validation fitness: 0.8126536787498189 
Elapsed: 6.202188014984131

*** Epoch 0, batch 34/3218 ***
Training fitness: 0.7475775576152148
Model size: (4, 7) 
Validation fitness: 0.8051622214840034 
Elapsed: 4.434004306793213

*** Epoch 0, batch 35/3218 ***
Training fitness: 0.700791648468102
Model size: (12, 19) 
Validation fitness: 0.6640104525731105 
Elapsed: 5.6905882358551025

*** Epoch 0, batch 36/3218 ***
Training fitness: 0.797557888034551
Model size: (11, 20) 
Validation fitness: 0.7848323356546163 
Elapsed: 6.779919385910034

*** Epoch 0, batch 37/3218 ***
Training fitness: 0.7754922330709999
Model size: (8, 18) 
Validation fitness: 0.778153764255804 
Elapsed: 7.04710578918457

*** Epoch 0, batch 38/3218 ***
Training fitness: 0.7792409374536942
Model size: (13, 25) 
Validation fitness: 0.7760363394099307 
Elapsed: 9.714375019073486

*** Epoch 0, batch 39/3218 ***
Training fitness: 0.765955431408111
Model size: (9, 15) 
Validation fitness: 0.8190005850563219 
Elapsed: 7.799668788909912

*** Epoch 0, batch 40/3218 ***
Training fitness: 0.8210748568963684
Model size: (8, 16) 
Validation fitness: 0.7959933730258397 
Elapsed: 6.413823127746582

*** Epoch 0, batch 41/3218 ***
Training fitness: 0.8157393517353632
Model size: (9, 20) 
Validation fitness: 0.8189539986605577 
Elapsed: 6.85389256477356

*** Epoch 0, batch 42/3218 ***
Training fitness: 0.6316256280488103
Model size: (7, 13) 
Validation fitness: 0.6268954846784573 
Elapsed: 6.693579912185669

*** Epoch 0, batch 43/3218 ***
Training fitness: 0.8774848794939588
Model size: (8, 16) 
Validation fitness: 0.7812937136555019 
Elapsed: 4.732727289199829

*** Epoch 0, batch 44/3218 ***
Training fitness: 0.752772889873567
Model size: (9, 16) 
Validation fitness: 0.7435131004517584 
Elapsed: 4.815054416656494

*** Epoch 0, batch 45/3218 ***
Training fitness: 0.8186375541045031
Model size: (14, 25) 
Validation fitness: 0.8150614480237994 
Elapsed: 7.643823623657227

*** Epoch 0, batch 46/3218 ***
Training fitness: 0.7046739344571993
Model size: (8, 17) 
Validation fitness: 0.705684976461566 
Elapsed: 7.204798698425293

*** Epoch 0, batch 47/3218 ***
Training fitness: 0.7934881351416304
Model size: (8, 14) 
Validation fitness: 0.820718818695229 
Elapsed: 6.807126998901367

*** Epoch 0, batch 48/3218 ***
Training fitness: 0.5136247057097315
Model size: (12, 23) 
Validation fitness: 0.49561253670394984 
Elapsed: 7.534239292144775

*** Epoch 0, batch 49/3218 ***
Training fitness: 0.7843321258464212
Model size: (8, 12) 
Validation fitness: 0.7226682713659527 
Elapsed: 6.21427583694458

*** Epoch 0, batch 50/3218 ***
Training fitness: 0.6315343962588276
Model size: (10, 17) 
Validation fitness: 0.6748052977360945 
Elapsed: 4.7077107429504395

*** Epoch 0, batch 51/3218 ***
Training fitness: 0.6942357911314297
Model size: (9, 13) 
Validation fitness: 0.6678922922313456 
Elapsed: 5.506195068359375

*** Epoch 0, batch 52/3218 ***
Training fitness: 0.8019427514924778
Model size: (10, 16) 
Validation fitness: 0.8002637282533799 
Elapsed: 6.154847145080566

*** Epoch 0, batch 53/3218 ***
Training fitness: 0.7284956915798583
Model size: (11, 14) 
Validation fitness: 0.736146303422386 
Elapsed: 6.508608818054199

*** Epoch 0, batch 54/3218 ***
Training fitness: 0.7682703443866993
Model size: (11, 14) 
Validation fitness: 0.7278473014788855 
Elapsed: 6.615161180496216

*** Epoch 0, batch 55/3218 ***
Training fitness: 0.7500388453632778
Model size: (11, 14) 
Validation fitness: 0.8110271223562242 
Elapsed: 6.666172981262207

*** Epoch 0, batch 56/3218 ***
Training fitness: 0.8328391466959767
Model size: (14, 20) 
Validation fitness: 0.833828154777828 
Elapsed: 7.475778579711914

*** Epoch 0, batch 57/3218 ***
Training fitness: 0.8238632860532642
Model size: (10, 14) 
Validation fitness: 0.8350058218721644 
Elapsed: 7.535932540893555

*** Epoch 0, batch 58/3218 ***
Training fitness: 0.7128645236224828
Model size: (12, 22) 
Validation fitness: 0.6693286387696148 
Elapsed: 9.860694885253906

*** Epoch 0, batch 59/3218 ***
Training fitness: 0.5514811412704802
Model size: (12, 20) 
Validation fitness: 0.5412776192542078 
Elapsed: 5.635720491409302

*** Epoch 0, batch 60/3218 ***
Training fitness: 0.7641033475214918
Model size: (19, 33) 
Validation fitness: 0.7634386380719211 
Elapsed: 10.048147916793823

*** Epoch 0, batch 61/3218 ***
Training fitness: 0.864061778338198
Model size: (12, 20) 
Validation fitness: 0.8259822608568598 
Elapsed: 8.45354175567627

*** Epoch 0, batch 62/3218 ***
Training fitness: 0.7880849890561701
Model size: (19, 31) 
Validation fitness: 0.7904266160218458 
Elapsed: 8.501768350601196

*** Epoch 0, batch 63/3218 ***
Training fitness: 0.7760734822242391
Model size: (13, 21) 
Validation fitness: 0.8022893133718478 
Elapsed: 8.302092790603638

*** Epoch 0, batch 64/3218 ***
Training fitness: 0.5650932415700884
Model size: (15, 30) 
Validation fitness: 0.6187573330908346 
Elapsed: 8.116119623184204

*** Epoch 0, batch 65/3218 ***
Training fitness: 0.6285479341294853
Model size: (15, 22) 
Validation fitness: 0.6288918331987544 
Elapsed: 8.308054685592651

*** Epoch 0, batch 66/3218 ***
Training fitness: 0.8058833467591136
Model size: (12, 24) 
Validation fitness: 0.7398061252840958 
Elapsed: 8.267516374588013

*** Epoch 0, batch 67/3218 ***
Training fitness: 0.6492815743368975
Model size: (15, 21) 
Validation fitness: 0.624552944341448 
Elapsed: 9.556514501571655

*** Epoch 0, batch 68/3218 ***
Training fitness: 0.7799962250307473
Model size: (14, 21) 
Validation fitness: 0.7157379714506427 
Elapsed: 10.042617559432983

*** Epoch 0, batch 69/3218 ***
Training fitness: 0.8253103522743162
Model size: (14, 20) 
Validation fitness: 0.784205706816632 
Elapsed: 10.16263484954834

*** Epoch 0, batch 70/3218 ***
Training fitness: 0.9049706188181261
Model size: (15, 22) 
Validation fitness: 0.8432779451334863 
Elapsed: 10.728901386260986

*** Epoch 0, batch 71/3218 ***
Training fitness: 0.6149726548111601
Model size: (11, 17) 
Validation fitness: 0.6155852431359369 
Elapsed: 8.40563416481018

*** Epoch 0, batch 72/3218 ***
Training fitness: 0.8461069400769486
Model size: (16, 21) 
Validation fitness: 0.8449073436151172 
Elapsed: 10.873111486434937

*** Epoch 0, batch 73/3218 ***
Training fitness: 0.8524214536392098
Model size: (12, 19) 
Validation fitness: 0.8070064384565462 
Elapsed: 8.89899492263794

*** Epoch 0, batch 74/3218 ***
Training fitness: 0.772500604548407
Model size: (10, 18) 
Validation fitness: 0.8075026641478552 
Elapsed: 8.813908815383911

*** Epoch 0, batch 75/3218 ***
Training fitness: 0.8457290426597432
Model size: (22, 32) 
Validation fitness: 0.8328829331301597 
Elapsed: 8.47260046005249

*** Epoch 0, batch 76/3218 ***
Training fitness: 0.8173994417690114
Model size: (19, 30) 
Validation fitness: 0.7920310467910764 
Elapsed: 9.222522020339966

*** Epoch 0, batch 77/3218 ***
Training fitness: 0.7715189094741166
Model size: (13, 21) 
Validation fitness: 0.7688584650546317 
Elapsed: 9.861705780029297

*** Epoch 0, batch 78/3218 ***
Training fitness: 0.8083064460536707
Model size: (17, 29) 
Validation fitness: 0.7973710797245798 
Elapsed: 8.733741283416748

*** Epoch 0, batch 79/3218 ***
Training fitness: 0.8528836677294964
Model size: (14, 28) 
Validation fitness: 0.8416159419710162 
Elapsed: 13.63846492767334

*** Epoch 0, batch 80/3218 ***
Training fitness: 0.826367025474667
Model size: (14, 20) 
Validation fitness: 0.808170156092562 
Elapsed: 9.594072341918945

*** Epoch 0, batch 81/3218 ***
Training fitness: 0.8267911986606382
Model size: (17, 31) 
Validation fitness: 0.809795615427779 
Elapsed: 12.461885929107666

*** Epoch 0, batch 82/3218 ***
Training fitness: 0.7697291563512981
Model size: (11, 16) 
Validation fitness: 0.7788057274130515 
Elapsed: 7.446699142456055

*** Epoch 0, batch 83/3218 ***
Training fitness: 0.8141434787900055
Model size: (13, 13) 
Validation fitness: 0.8354161154764904 
Elapsed: 7.555815935134888

*** Epoch 0, batch 84/3218 ***
Training fitness: 0.8471195033460894
Model size: (12, 13) 
Validation fitness: 0.827717828239732 
Elapsed: 7.931365966796875

*** Epoch 0, batch 85/3218 ***
Training fitness: 0.8337854416659896
Model size: (18, 25) 
Validation fitness: 0.7883924301210973 
Elapsed: 6.602178335189819

*** Epoch 0, batch 86/3218 ***
Training fitness: 0.8598041054263397
Model size: (24, 37) 
Validation fitness: 0.8006553242759311 
Elapsed: 9.476430654525757

*** Epoch 0, batch 87/3218 ***
Training fitness: 0.7173799187659731
Model size: (24, 40) 
Validation fitness: 0.6624441150230851 
Elapsed: 10.39271354675293

*** Epoch 0, batch 88/3218 ***
Training fitness: 0.8866029117738208
Model size: (19, 29) (!)
Validation fitness: 0.8633599219282889 (!)
Elapsed: 10.292572498321533

*** Epoch 0, batch 89/3218 ***
Training fitness: 0.8735938966584305
Model size: (19, 28) 
Validation fitness: 0.8001800310618709 
Elapsed: 10.725046634674072

*** Epoch 0, batch 90/3218 ***
Training fitness: 0.758508569600207
Model size: (19, 29) 
Validation fitness: 0.8006862112238698 
Elapsed: 11.59542727470398

*** Epoch 0, batch 91/3218 ***
Training fitness: 0.8121068061416159
Model size: (19, 28) 
Validation fitness: 0.820115027509103 
Elapsed: 11.959772825241089

*** Epoch 0, batch 92/3218 ***
Training fitness: 0.861501104640341
Model size: (19, 29) 
Validation fitness: 0.8297000933566193 
Elapsed: 12.165143013000488

*** Epoch 0, batch 93/3218 ***
Training fitness: 0.7536759888567769
Model size: (19, 24) 
Validation fitness: 0.7699125433996632 
Elapsed: 13.54818081855774

*** Epoch 0, batch 94/3218 ***
Training fitness: 0.8050900641435467
Model size: (13, 22) 
Validation fitness: 0.8174339019947716 
Elapsed: 11.816525936126709

*** Epoch 0, batch 95/3218 ***
Training fitness: 0.753799885756544
Model size: (16, 24) 
Validation fitness: 0.7573706246894278 
Elapsed: 15.747564554214478

*** Epoch 0, batch 96/3218 ***
Training fitness: 0.8101733931761125
Model size: (15, 23) 
Validation fitness: 0.7562801185181406 
Elapsed: 13.033401727676392

*** Epoch 0, batch 97/3218 ***
Training fitness: 0.7968905417004952
Model size: (14, 13) 
Validation fitness: 0.7666143606238006 
Elapsed: 12.11141586303711

*** Epoch 0, batch 98/3218 ***
Training fitness: 0.8186037659757934
Model size: (15, 23) 
Validation fitness: 0.8363640156295988 
Elapsed: 15.292617321014404

*** Epoch 0, batch 99/3218 ***
Training fitness: 0.8443448010614946
Model size: (13, 16) 
Validation fitness: 0.8295385580411334 
Elapsed: 13.750131368637085

*** Epoch 0, batch 100/3218 ***
Training fitness: 0.8662460854487969
Model size: (21, 31) 
Validation fitness: 0.8412095697854338 
Elapsed: 19.32695698738098

*** Epoch 0, batch 101/3218 ***
Training fitness: 0.840008656490696
Model size: (21, 26) 
Validation fitness: 0.8280773148935018 
Elapsed: 16.164522409439087

*** Epoch 0, batch 102/3218 ***
Training fitness: 0.8233146738039607
Model size: (21, 32) 
Validation fitness: 0.8169514832867728 
Elapsed: 18.35004448890686

*** Epoch 0, batch 103/3218 ***
Training fitness: 0.8168958465533094
Model size: (15, 16) 
Validation fitness: 0.8368039777445512 
Elapsed: 15.789083003997803

*** Epoch 0, batch 104/3218 ***
Training fitness: 0.871497390593481
Model size: (24, 33) 
Validation fitness: 0.8305324547422536 
Elapsed: 21.613430500030518

*** Epoch 0, batch 105/3218 ***
Training fitness: 0.8485880442657581
Model size: (15, 20) 
Validation fitness: 0.825834442670444 
Elapsed: 12.616952896118164

*** Epoch 0, batch 106/3218 ***
Training fitness: 0.8560938386896778
Model size: (27, 41) 
Validation fitness: 0.814920188264466 
Elapsed: 15.838027000427246

*** Epoch 0, batch 107/3218 ***
Training fitness: 0.8408878616587026
Model size: (21, 24) 
Validation fitness: 0.8375832821892334 
Elapsed: 12.526161909103394

*** Epoch 0, batch 108/3218 ***
Training fitness: 0.7979728774350592
Model size: (26, 36) 
Validation fitness: 0.8047412217268061 
Elapsed: 12.953487157821655

*** Epoch 0, batch 109/3218 ***
Training fitness: 0.8236256904925624
Model size: (18, 19) 
Validation fitness: 0.8266894550077492 
Elapsed: 13.803673028945923

*** Epoch 0, batch 110/3218 ***
Training fitness: 0.8373113911939771
Model size: (18, 28) 
Validation fitness: 0.8230069593254838 
Elapsed: 15.034672737121582

*** Epoch 0, batch 111/3218 ***
Training fitness: 0.8516998920541483
Model size: (21, 33) 
Validation fitness: 0.8329698155868484 
Elapsed: 20.115442514419556

*** Epoch 0, batch 112/3218 ***
Training fitness: 0.7803748028178776
Model size: (29, 42) 
Validation fitness: 0.7894325982034389 
Elapsed: 18.23908495903015

*** Epoch 0, batch 113/3218 ***
Training fitness: 0.8440656491313565
Model size: (23, 31) 
Validation fitness: 0.8154829785398001 
Elapsed: 18.14467167854309

*** Epoch 0, batch 114/3218 ***
Training fitness: 0.8559627036482702
Model size: (21, 28) 
Validation fitness: 0.8379382862734367 
Elapsed: 20.574753522872925

*** Epoch 0, batch 115/3218 ***
Training fitness: 0.8169952712326004
Model size: (22, 34) 
Validation fitness: 0.8348899200021939 
Elapsed: 24.79196262359619

*** Epoch 0, batch 116/3218 ***
Training fitness: 0.7979182194711748
Model size: (21, 29) 
Validation fitness: 0.8061147894852655 
Elapsed: 21.107425689697266

*** Epoch 0, batch 117/3218 ***
Training fitness: 0.8450254623706467
Model size: (14, 15) 
Validation fitness: 0.8304986031327556 
Elapsed: 22.406476736068726

*** Epoch 0, batch 118/3218 ***
Training fitness: 0.7955597024531649
Model size: (20, 26) 
Validation fitness: 0.8074381504213635 
Elapsed: 27.439220666885376

*** Epoch 0, batch 119/3218 ***
Training fitness: 0.827513037289633
Model size: (20, 31) 
Validation fitness: 0.8354259269319863 
Elapsed: 27.239643335342407

*** Epoch 0, batch 120/3218 ***
Training fitness: 0.7850476300614047
Model size: (21, 21) 
Validation fitness: 0.7694502169428428 
Elapsed: 18.44754934310913

*** Epoch 0, batch 121/3218 ***
Training fitness: 0.8033194653859116
Model size: (21, 30) 
Validation fitness: 0.8369885571777113 
Elapsed: 21.165356874465942

*** Epoch 0, batch 122/3218 ***
Training fitness: 0.8710669485456753
Model size: (20, 26) 
Validation fitness: 0.8549531939538806 
Elapsed: 19.252094507217407

*** Epoch 0, batch 123/3218 ***
Training fitness: 0.7889119654317182
Model size: (17, 21) 
Validation fitness: 0.8123828243817638 
Elapsed: 18.472681760787964

*** Epoch 0, batch 124/3218 ***
Training fitness: 0.8237922672564982
Model size: (20, 27) 
Validation fitness: 0.837298595697441 
Elapsed: 24.902860164642334

*** Epoch 0, batch 125/3218 ***
Training fitness: 0.8277459722002042
Model size: (21, 32) 
Validation fitness: 0.8371613153458817 
Elapsed: 27.14301323890686

*** Epoch 0, batch 126/3218 ***
Training fitness: 0.8607389610120083
Model size: (22, 25) 
Validation fitness: 0.8307558312635847 
Elapsed: 26.181804418563843

*** Epoch 0, batch 127/3218 ***
Training fitness: 0.8288400856118687
Model size: (24, 28) 
Validation fitness: 0.8374097492980987 
Elapsed: 27.19032096862793

*** Epoch 0, batch 128/3218 ***
Training fitness: 0.8178294092106698
Model size: (31, 35) 
Validation fitness: 0.8357839392104823 
Elapsed: 27.022675275802612

*** Epoch 0, batch 129/3218 ***
Training fitness: 0.8620942534714959
Model size: (22, 33) 
Validation fitness: 0.8376115161335551 
Elapsed: 35.959553718566895

*** Epoch 0, batch 130/3218 ***
Training fitness: 0.8578172903332778
Model size: (22, 32) 
Validation fitness: 0.8352478180619134 
Elapsed: 37.26194453239441

*** Epoch 0, batch 131/3218 ***
Training fitness: 0.8003486449977525
Model size: (22, 34) 
Validation fitness: 0.8211666345551835 
Elapsed: 40.03833794593811

*** Epoch 0, batch 132/3218 ***
Training fitness: 0.8302926216009828
Model size: (22, 30) 
Validation fitness: 0.8136755858270063 
Elapsed: 39.28198957443237

*** Epoch 0, batch 133/3218 ***
Training fitness: 0.8477713587084394
Model size: (27, 37) 
Validation fitness: 0.8471627891521766 
Elapsed: 45.777796030044556

*** Epoch 0, batch 134/3218 ***
Training fitness: 0.8057671757858633
Model size: (26, 34) 
Validation fitness: 0.8205064037271301 
Elapsed: 49.92189836502075

*** Epoch 0, batch 135/3218 ***
Training fitness: 0.8843070574789247
Model size: (27, 33) 
Validation fitness: 0.8298487044206546 
Elapsed: 54.64824843406677

*** Epoch 0, batch 136/3218 ***
Training fitness: 0.8329403344076021
Model size: (28, 39) 
Validation fitness: 0.8374105671709865 
Elapsed: 57.73131060600281

*** Epoch 0, batch 137/3218 ***
Training fitness: 0.8127986497993477
Model size: (21, 28) 
Validation fitness: 0.8159017796180149 
Elapsed: 63.11832070350647

*** Epoch 0, batch 138/3218 ***
Training fitness: 0.8463150339906292
Model size: (30, 40) 
Validation fitness: 0.8341330896902257 
Elapsed: 69.06902265548706

*** Epoch 0, batch 139/3218 ***
Training fitness: 0.8439980983333386
Model size: (21, 15) 
Validation fitness: 0.8355021279011473 
Elapsed: 75.17678666114807

*** Epoch 0, batch 140/3218 ***
Training fitness: 0.8957360339380778
Model size: (30, 35) (!)
Validation fitness: 0.8634610051657143 (!)
Elapsed: 84.77538013458252

*** Epoch 0, batch 141/3218 ***
Training fitness: 0.8214220446725636
Model size: (26, 27) 
Validation fitness: 0.8177266905217164 
Elapsed: 95.8558874130249

*** Epoch 0, batch 142/3218 ***
Training fitness: 0.8067874211331545
Model size: (30, 37) 
Validation fitness: 0.8297581741552408 
Elapsed: 66.24707341194153

*** Epoch 0, batch 143/3218 ***
Training fitness: 0.7959882495542723
Model size: (31, 39) 
Validation fitness: 0.8253015914647296 
Elapsed: 67.07913899421692

*** Epoch 0, batch 144/3218 ***
Training fitness: 0.8828477672085548
Model size: (31, 38) 
Validation fitness: 0.8563471147690921 
Elapsed: 71.91052556037903

*** Epoch 0, batch 145/3218 ***
Training fitness: 0.8370902399591389
Model size: (22, 24) 
Validation fitness: 0.831409380865288 
Elapsed: 77.58568143844604

*** Epoch 0, batch 146/3218 ***
Training fitness: 0.8217057587294512
Model size: (23, 21) 
Validation fitness: 0.8246793670361081 
Elapsed: 83.85847592353821

*** Epoch 0, batch 147/3218 ***
Training fitness: 0.8501781701950867
Model size: (23, 33) 
Validation fitness: 0.8251429108307349 
Elapsed: 93.34438633918762

*** Epoch 0, batch 148/3218 ***
Training fitness: 0.8216140917421095
Model size: (22, 30) 
Validation fitness: 0.821875040144121 
Elapsed: 100.01579594612122

*** Epoch 0, batch 149/3218 ***
Training fitness: 0.9172029550441212
Model size: (24, 33) (!)
Validation fitness: 0.8689744045397773 (!)
Elapsed: 111.02794790267944

*** Epoch 0, batch 150/3218 ***
Training fitness: 0.8661598484723465
Model size: (27, 35) 
Validation fitness: 0.804365431479801 
Elapsed: 120.87920784950256

*** Epoch 0, batch 151/3218 ***
Training fitness: 0.8217358470405731
Model size: (17, 22) 
Validation fitness: 0.8284837196731958 
Elapsed: 130.76565670967102

*** Epoch 0, batch 152/3218 ***
Training fitness: 0.869256904148461
Model size: (37, 40) 
Validation fitness: 0.8681667955056774 
Elapsed: 142.3754367828369

*** Epoch 0, batch 153/3218 ***
Training fitness: 0.8652229864546968
Model size: (32, 38) 
Validation fitness: 0.8305843974709358 
Elapsed: 154.8472249507904

*** Epoch 0, batch 154/3218 ***
Training fitness: 0.8177419478108596
Model size: (31, 36) 
Validation fitness: 0.8437907390037583 
Elapsed: 170.48692631721497

*** Epoch 0, batch 155/3218 ***
Training fitness: 0.8059106870322862
Model size: (26, 38) 
Validation fitness: 0.8292517220484046 
Elapsed: 190.9617841243744

*** Epoch 0, batch 156/3218 ***
Training fitness: 0.8447853173634318
Model size: (25, 37) 
Validation fitness: 0.8350774446017568 
Elapsed: 208.53203058242798

*** Epoch 0, batch 157/3218 ***
Training fitness: 0.8667639733210295
Model size: (26, 37) 
Validation fitness: 0.855431876816816 
Elapsed: 224.5390522480011

*** Epoch 0, batch 158/3218 ***
Training fitness: 0.8705172657070303
Model size: (27, 30) 
Validation fitness: 0.8563039030668346 
Elapsed: 255.51740622520447

*** Epoch 0, batch 159/3218 ***
Training fitness: 0.8522828690731096
Model size: (22, 22) 
Validation fitness: 0.8466891336082419 
Elapsed: 279.155565738678

*** Epoch 0, batch 160/3218 ***
Training fitness: 0.923919055039227
Model size: (28, 36) (!)
Validation fitness: 0.8821579354893573 (!)
Elapsed: 303.4372351169586

*** Epoch 0, batch 161/3218 ***
Training fitness: 0.8863990215882972
Model size: (36, 36) 
Validation fitness: 0.8096186279237864 
Elapsed: 329.93670415878296

*** Epoch 0, batch 162/3218 ***
Training fitness: 0.8327238632776577
Model size: (28, 25) 
Validation fitness: 0.8041776003576314 
Elapsed: 348.0991840362549

*** Epoch 0, batch 163/3218 ***
Training fitness: 0.856291870938546
Model size: (28, 42) 
Validation fitness: 0.8393524681424998 
Elapsed: 374.8041932582855

*** Epoch 0, batch 164/3218 ***
Training fitness: 0.8582509433473773
Model size: (23, 25) 
Validation fitness: 0.84049024360985 
Elapsed: 408.200097322464

*** Epoch 0, batch 165/3218 ***
Training fitness: 0.8664955555158944
Model size: (30, 40) 
Validation fitness: 0.8603553652961131 
Elapsed: 178.43318963050842

*** Epoch 0, batch 166/3218 ***
Training fitness: 0.8452812062836986
Model size: (27, 31) 
Validation fitness: 0.834169729704243 
Elapsed: 196.46569895744324

*** Epoch 0, batch 167/3218 ***
Training fitness: 0.840857424997551
Model size: (29, 33) 
Validation fitness: 0.8345775012361376 
Elapsed: 214.54311347007751

*** Epoch 0, batch 168/3218 ***
Training fitness: 0.8697918401120459
Model size: (25, 35) 
Validation fitness: 0.8195892769719617 
Elapsed: 234.38523530960083

*** Epoch 0, batch 169/3218 ***
Training fitness: 0.8225494823481231
Model size: (35, 40) 
Validation fitness: 0.8372366071897855 
Elapsed: 254.54223132133484

*** Epoch 0, batch 170/3218 ***
Training fitness: 0.8287636890302523
Model size: (30, 33) 
Validation fitness: 0.837627174054585 
Elapsed: 283.12282061576843

*** Epoch 0, batch 171/3218 ***
Training fitness: 0.8473952111146786
Model size: (24, 25) 
Validation fitness: 0.840238969649888 
Elapsed: 546.5700054168701

*** Epoch 0, batch 172/3218 ***
Training fitness: 0.8450663090723269
Model size: (25, 24) 
Validation fitness: 0.8376199525097737 
Elapsed: 598.1064116954803

*** Epoch 0, batch 173/3218 ***
Training fitness: 0.850148124660945
Model size: (29, 34) 
Validation fitness: 0.8373215700708081 
Elapsed: 667.5972924232483

*** Epoch 0, batch 174/3218 ***
Training fitness: 0.8594494277373359
Model size: (27, 26) 
Validation fitness: 0.838259515166848 
Elapsed: 728.5931737422943

*** Epoch 0, batch 175/3218 ***
Training fitness: 0.8288310397717314
Model size: (19, 21) 
Validation fitness: 0.8375818899215866 
Elapsed: 771.6104121208191

*** Epoch 0, batch 176/3218 ***
Training fitness: 0.8763194899620789
Model size: (32, 46) 
Validation fitness: 0.8108960843377483 
Elapsed: 391.7716419696808

*** Epoch 0, batch 177/3218 ***
Training fitness: 0.8336991165517261
Model size: (17, 23) 
Validation fitness: 0.8288292202966182 
Elapsed: 395.6754231452942

*** Epoch 0, batch 178/3218 ***
Training fitness: 0.8372307320692155
Model size: (23, 34) 
Validation fitness: 0.8339521635179438 
Elapsed: 420.9677062034607

*** Epoch 0, batch 179/3218 ***
Training fitness: 0.8092899743012264
Model size: (32, 40) 
Validation fitness: 0.8292459831264635 
Elapsed: 442.7359731197357

*** Epoch 0, batch 180/3218 ***
Training fitness: 0.845321922707615
Model size: (34, 38) 
Validation fitness: 0.8320564124000781 
Elapsed: 445.8181781768799

*** Epoch 0, batch 181/3218 ***
Training fitness: 0.8401544716020597
Model size: (17, 21) 
Validation fitness: 0.8574878180715466 
Elapsed: 479.16055059432983

*** Epoch 0, batch 182/3218 ***
Training fitness: 0.8476480521425692
Model size: (36, 42) 
Validation fitness: 0.8356540809674714 
Elapsed: 507.66651010513306

*** Epoch 0, batch 183/3218 ***
Training fitness: 0.8362739519586039
Model size: (30, 30) 
Validation fitness: 0.8371710784359334 
Elapsed: 521.3896012306213

*** Epoch 0, batch 184/3218 ***
Training fitness: 0.8562192071623792
Model size: (44, 42) 
Validation fitness: 0.8461484682429855 
Elapsed: 524.4804215431213

*** Epoch 0, batch 185/3218 ***
Training fitness: 0.8886135150169068
Model size: (33, 39) (!)
Validation fitness: 0.8977222005269345 (!)
Elapsed: 532.8002960681915

*** Epoch 0, batch 186/3218 ***
Training fitness: 0.8445029632307085
Model size: (28, 39) 
Validation fitness: 0.8374143591527979 
Elapsed: 537.2472183704376

*** Epoch 0, batch 187/3218 ***
Training fitness: 0.8680360389023055
Model size: (15, 9) 
Validation fitness: 0.8758377208398227 
Elapsed: 440.35174036026

*** Epoch 0, batch 188/3218 ***
Training fitness: 0.8885771914821514
Model size: (36, 38) 
Validation fitness: 0.8550824706014383 
Elapsed: 292.519339799881

*** Epoch 0, batch 189/3218 ***
Training fitness: 0.8487612909694241
Model size: (30, 43) 
Validation fitness: 0.835255939946768 
Elapsed: 289.40249824523926

*** Epoch 0, batch 190/3218 ***
Training fitness: 0.7992785889774464
Model size: (29, 38) 
Validation fitness: 0.8341666506632733 
Elapsed: 281.90670919418335

*** Epoch 0, batch 191/3218 ***
Training fitness: 0.8580970671188684
Model size: (28, 36) 
Validation fitness: 0.8371329501557637 
Elapsed: 436.39125871658325

*** Epoch 0, batch 192/3218 ***
Training fitness: 0.8976655812175656
Model size: (26, 31) 
Validation fitness: 0.88299785865952 
Elapsed: 442.59746742248535

*** Epoch 0, batch 193/3218 ***
Training fitness: 0.8396132302763712
Model size: (35, 49) 
Validation fitness: 0.8452288783915186 
Elapsed: 446.94771933555603

*** Epoch 0, batch 194/3218 ***
Training fitness: 0.8769870116239832
Model size: (32, 32) 
Validation fitness: 0.8305270726127865 
Elapsed: 429.94874906539917

*** Epoch 0, batch 195/3218 ***
Training fitness: 0.844594252782045
Model size: (20, 18) 
Validation fitness: 0.8401654920855021 
Elapsed: 429.67344880104065

*** Epoch 0, batch 196/3218 ***
Training fitness: 0.8690858964202108
Model size: (16, 20) 
Validation fitness: 0.8124512076900137 
Elapsed: 422.56218361854553

*** Epoch 0, batch 197/3218 ***
Training fitness: 0.8300144491025141
Model size: (17, 16) 
Validation fitness: 0.8429146865582142 
Elapsed: 416.03897500038147

*** Epoch 0, batch 198/3218 ***
Training fitness: 0.8372993917919067
Model size: (32, 34) 
Validation fitness: 0.827131865698324 
Elapsed: 408.1434760093689

*** Epoch 0, batch 199/3218 ***
Training fitness: 0.8928602422479432
Model size: (18, 12) 
Validation fitness: 0.8685723308788742 
Elapsed: 390.6780183315277

*** Epoch 0, batch 200/3218 ***
Training fitness: 0.8650653743048644
Model size: (36, 41) 
Validation fitness: 0.7015504133655476 
Elapsed: 386.00838565826416

*** Epoch 0, batch 201/3218 ***
Training fitness: 0.8093668900702891
Model size: (15, 15) 
Validation fitness: 0.8639176304100264 
Elapsed: 19.463654279708862

*** Epoch 0, batch 202/3218 ***
Training fitness: 0.8624140184353322
Model size: (19, 14) 
Validation fitness: 0.7832646575402026 
Elapsed: 17.612497806549072

*** Epoch 0, batch 203/3218 ***
Training fitness: 0.8178637274916072
Model size: (43, 52) 
Validation fitness: 0.8263808839098407 
Elapsed: 16.771913290023804

*** Epoch 0, batch 204/3218 ***
Training fitness: 0.8199742559227156
Model size: (31, 40) 
Validation fitness: 0.8310744978645651 
Elapsed: 16.21725583076477

*** Epoch 0, batch 205/3218 ***
Training fitness: 0.841160440996708
Model size: (16, 11) 
Validation fitness: 0.8518663954114558 
Elapsed: 15.011677265167236

*** Epoch 0, batch 206/3218 ***
Training fitness: 0.8166589257137921
Model size: (28, 28) 
Validation fitness: 0.826675470607609 
Elapsed: 15.891986846923828

*** Epoch 0, batch 207/3218 ***
Training fitness: 0.8600171678159481
Model size: (17, 15) 
Validation fitness: 0.8189710728553279 
Elapsed: 12.403280019760132

*** Epoch 0, batch 208/3218 ***
Training fitness: 0.8369200675102235
Model size: (36, 41) 
Validation fitness: 0.829923806472697 
Elapsed: 11.492343664169312

*** Epoch 0, batch 209/3218 ***
Training fitness: 0.8489661673104206
Model size: (35, 38) 
Validation fitness: 0.838301407199987 
Elapsed: 10.432504415512085

*** Epoch 0, batch 210/3218 ***
Training fitness: 0.7967159198401595
Model size: (27, 36) 
Validation fitness: 0.7874250012089428 
Elapsed: 9.822164535522461

*** Epoch 0, batch 211/3218 ***
Training fitness: 0.8462130055976703
Model size: (26, 31) 
Validation fitness: 0.8262920004044408 
Elapsed: 17.36184072494507

*** Epoch 0, batch 212/3218 ***
Training fitness: 0.8140075104256241
Model size: (27, 35) 
Validation fitness: 0.8116275849774318 
Elapsed: 8.783888816833496

*** Epoch 0, batch 213/3218 ***
Training fitness: 0.8676303128922817
Model size: (26, 33) 
Validation fitness: 0.8480584804859503 
Elapsed: 8.42302918434143

*** Epoch 0, batch 214/3218 ***
Training fitness: 0.895663223868765
Model size: (26, 33) 
Validation fitness: 0.8466863023728319 
Elapsed: 7.6276819705963135

*** Epoch 0, batch 215/3218 ***
Training fitness: 0.8249163729267318
Model size: (26, 31) 
Validation fitness: 0.8441173230027729 
Elapsed: 15.783204078674316

*** Epoch 0, batch 216/3218 ***
Training fitness: 0.5307046260818892
Model size: (39, 42) 
Validation fitness: 0.5736647060462335 
Elapsed: 6.751049518585205

*** Epoch 0, batch 217/3218 ***
Training fitness: 0.8209675618503058
Model size: (39, 43) 
Validation fitness: 0.7810891609798687 
Elapsed: 6.6844000816345215

*** Epoch 0, batch 218/3218 ***
Training fitness: 0.829056972653133
Model size: (23, 19) 
Validation fitness: 0.8253296797804475 
Elapsed: 6.724920988082886

*** Epoch 0, batch 219/3218 ***
Training fitness: 0.853680315528746
Model size: (26, 31) 
Validation fitness: 0.8384106545066525 
Elapsed: 6.596999883651733

*** Epoch 0, batch 220/3218 ***
Training fitness: 0.704723290831298
Model size: (38, 44) 
Validation fitness: 0.7034768166760129 
Elapsed: 6.3514790534973145

*** Epoch 0, batch 221/3218 ***
Training fitness: 0.832762438222165
Model size: (20, 18) 
Validation fitness: 0.8286823453489855 
Elapsed: 9.476399660110474

*** Epoch 0, batch 222/3218 ***
Training fitness: 0.8272858647098579
Model size: (21, 20) 
Validation fitness: 0.8249747786552433 
Elapsed: 9.392832040786743

*** Epoch 0, batch 223/3218 ***
Training fitness: 0.8402576945216075
Model size: (28, 34) 
Validation fitness: 0.8278929144457954 
Elapsed: 8.222800016403198

*** Epoch 0, batch 224/3218 ***
Training fitness: 0.8175849202826214
Model size: (38, 39) 
Validation fitness: 0.8328722128141722 
Elapsed: 6.574178218841553

*** Epoch 0, batch 225/3218 ***
Training fitness: 0.8542362762573661
Model size: (26, 29) 
Validation fitness: 0.828244909443085 
Elapsed: 6.801836729049683

*** Epoch 0, batch 226/3218 ***
Training fitness: 0.7729773719173941
Model size: (27, 30) 
Validation fitness: 0.8099402872788158 
Elapsed: 6.6758198738098145

*** Epoch 0, batch 227/3218 ***
Training fitness: 0.8255873161732362
Model size: (39, 40) 
Validation fitness: 0.835664656203128 
Elapsed: 8.073595523834229

*** Epoch 0, batch 228/3218 ***
Training fitness: 0.8458458539672172
Model size: (40, 42) 
Validation fitness: 0.8356699788924206 
Elapsed: 8.313592433929443

*** Epoch 0, batch 229/3218 ***
Training fitness: 0.840644808339588
Model size: (42, 44) 
Validation fitness: 0.8366178389786619 
Elapsed: 6.692201852798462

*** Epoch 0, batch 230/3218 ***
Training fitness: 0.8253681851289957
Model size: (40, 38) 
Validation fitness: 0.8132163183468556 
Elapsed: 8.410472631454468

*** Epoch 0, batch 231/3218 ***
Training fitness: 0.8044200379981152
Model size: (43, 47) 
Validation fitness: 0.8315119834175135 
Elapsed: 6.45669960975647

*** Epoch 0, batch 232/3218 ***
Training fitness: 0.838445365304608
Model size: (43, 46) 
Validation fitness: 0.8213789272040664 
Elapsed: 6.468928813934326

*** Epoch 0, batch 233/3218 ***
Training fitness: 0.8067331821683549
Model size: (31, 33) 
Validation fitness: 0.835658402840928 
Elapsed: 8.338478803634644

*** Epoch 0, batch 234/3218 ***
Training fitness: 0.8149806223226578
Model size: (44, 47) 
Validation fitness: 0.8345344724490757 
Elapsed: 6.604120969772339

*** Epoch 0, batch 235/3218 ***
Training fitness: 0.7848635856873064
Model size: (31, 32) 
Validation fitness: 0.7952312428198097 
Elapsed: 8.222123622894287

*** Epoch 0, batch 236/3218 ***
Training fitness: 0.8444488342774806
Model size: (46, 44) 
Validation fitness: 0.796876010573812 
Elapsed: 6.971721887588501

*** Epoch 0, batch 237/3218 ***
Training fitness: 0.7942516158236584
Model size: (30, 29) 
Validation fitness: 0.7876329304310098 
Elapsed: 8.26967716217041

*** Epoch 0, batch 238/3218 ***
Training fitness: 0.7517554757539217
Model size: (30, 30) 
Validation fitness: 0.7126151630408099 
Elapsed: 8.343372583389282

*** Epoch 0, batch 239/3218 ***
Training fitness: 0.8412240197390638
Model size: (28, 27) 
Validation fitness: 0.8274565673210453 
Elapsed: 9.30639100074768

*** Epoch 0, batch 240/3218 ***
Training fitness: 0.824172482576792
Model size: (46, 57) 
Validation fitness: 0.8029921573280577 
Elapsed: 7.07538914680481

*** Epoch 0, batch 241/3218 ***
Training fitness: 0.5646735013712318
Model size: (30, 29) 
Validation fitness: 0.4932156176231503 
Elapsed: 6.908897638320923

*** Epoch 0, batch 242/3218 ***
Training fitness: 0.8324300391865452
Model size: (47, 58) 
Validation fitness: 0.8211159318736492 
Elapsed: 7.315158367156982

*** Epoch 0, batch 243/3218 ***
Training fitness: 0.8036948915892407
Model size: (47, 56) 
Validation fitness: 0.8318361218444288 
Elapsed: 7.634039640426636

*** Epoch 0, batch 244/3218 ***
Training fitness: 0.7104541049629626
Model size: (27, 29) 
Validation fitness: 0.6879261246331547 
Elapsed: 7.390979290008545

*** Epoch 0, batch 245/3218 ***
Training fitness: 0.8427705114159246
Model size: (27, 29) 
Validation fitness: 0.8569606378761705 
Elapsed: 7.984787702560425

*** Epoch 0, batch 246/3218 ***
Training fitness: 0.667822854242794
Model size: (31, 31) 
Validation fitness: 0.6147727636935175 
Elapsed: 8.08653450012207

*** Epoch 0, batch 247/3218 ***
Training fitness: 0.7709515052095363
Model size: (27, 28) 
Validation fitness: 0.7570516647672106 
Elapsed: 8.227960109710693

*** Epoch 0, batch 248/3218 ***
Training fitness: 0.7927785751800752
Model size: (28, 28) 
Validation fitness: 0.8065089711741676 
Elapsed: 9.168317079544067

*** Epoch 0, batch 249/3218 ***
Training fitness: 0.5511589170635431
Model size: (27, 24) 
Validation fitness: 0.5531834142160426 
Elapsed: 8.077441453933716

*** Epoch 0, batch 250/3218 ***
Training fitness: 0.6563950199586148
Model size: (35, 39) 
Validation fitness: 0.6383494044079495 
Elapsed: 15.704314231872559

*** Epoch 0, batch 251/3218 ***
Training fitness: 0.6039362158099237
Model size: (40, 42) 
Validation fitness: 0.590456278883192 
Elapsed: 9.2759850025177

*** Epoch 0, batch 252/3218 ***
Training fitness: 0.8681037392423293
Model size: (32, 32) 
Validation fitness: 0.8126755475897263 
Elapsed: 8.715200901031494

*** Epoch 0, batch 253/3218 ***
Training fitness: 0.8252340713707921
Model size: (29, 29) 
Validation fitness: 0.8352904670401651 
Elapsed: 9.634913921356201

*** Epoch 0, batch 254/3218 ***
Training fitness: 0.8678767219272524
Model size: (35, 41) 
Validation fitness: 0.8721474302085912 
Elapsed: 16.161863327026367

*** Epoch 0, batch 255/3218 ***
Training fitness: 0.8456796811847148
Model size: (36, 42) 
Validation fitness: 0.8576600541265174 
Elapsed: 11.4292471408844

*** Epoch 0, batch 256/3218 ***
Training fitness: 0.8388298029468796
Model size: (35, 38) 
Validation fitness: 0.8361398452136095 
Elapsed: 15.68596363067627

*** Epoch 0, batch 257/3218 ***
Training fitness: 0.7529862749225156
Model size: (35, 42) 
Validation fitness: 0.7401935095592612 
Elapsed: 9.894715309143066

*** Epoch 0, batch 258/3218 ***
Training fitness: 0.7743105093948067
Model size: (50, 52) 
Validation fitness: 0.8054234043671996 
Elapsed: 9.90086579322815

*** Epoch 0, batch 259/3218 ***
Training fitness: 0.7978341021996541
Model size: (35, 39) 
Validation fitness: 0.8159337913036273 
Elapsed: 10.581933498382568

*** Epoch 0, batch 260/3218 ***
Training fitness: 0.8223543730694166
Model size: (40, 38) 
Validation fitness: 0.8506549169404398 
Elapsed: 9.963697671890259

*** Epoch 0, batch 261/3218 ***
Training fitness: 0.8772484747319658
Model size: (50, 55) 
Validation fitness: 0.8303761912016888 
Elapsed: 12.16383695602417

*** Epoch 0, batch 262/3218 ***
Training fitness: 0.8700897274190185
Model size: (32, 31) 
Validation fitness: 0.8488679789638343 
Elapsed: 10.575484991073608

*** Epoch 0, batch 263/3218 ***
Training fitness: 0.8199992384191778
Model size: (35, 34) 
Validation fitness: 0.832253290458604 
Elapsed: 10.81093692779541

*** Epoch 0, batch 264/3218 ***
Training fitness: 0.8016690004381617
Model size: (49, 56) 
Validation fitness: 0.809475525850118 
Elapsed: 13.378772497177124

*** Epoch 0, batch 265/3218 ***
Training fitness: 0.8644458655882229
Model size: (30, 25) 
Validation fitness: 0.8430112290402012 
Elapsed: 12.618446350097656

*** Epoch 0, batch 266/3218 ***
Training fitness: 0.8386436328896264
Model size: (35, 35) 
Validation fitness: 0.8270178136422407 
Elapsed: 11.45061206817627

*** Epoch 0, batch 267/3218 ***
Training fitness: 0.8760323179833825
Model size: (35, 38) 
Validation fitness: 0.8182112215592642 
Elapsed: 12.946074485778809

*** Epoch 0, batch 268/3218 ***
Training fitness: 0.7627291212705033
Model size: (30, 32) 
Validation fitness: 0.7481945741508658 
Elapsed: 12.435707569122314

*** Epoch 0, batch 269/3218 ***
Training fitness: 0.8035178359485871
Model size: (51, 44) 
Validation fitness: 0.7896265523015625 
Elapsed: 13.206801176071167

*** Epoch 0, batch 270/3218 ***
Training fitness: 0.8898361541907697
Model size: (31, 25) 
Validation fitness: 0.8326316111747217 
Elapsed: 15.469468116760254

*** Epoch 0, batch 271/3218 ***
Training fitness: 0.8723518384820949
Model size: (51, 46) 
Validation fitness: 0.829772192819254 
Elapsed: 14.481351375579834

*** Epoch 0, batch 272/3218 ***
Training fitness: 0.849778089292995
Model size: (49, 54) 
Validation fitness: 0.8104149331251751 
Elapsed: 18.536364793777466

*** Epoch 0, batch 273/3218 ***
Training fitness: 0.8827056895163057
Model size: (35, 41) 
Validation fitness: 0.8444862966602491 
Elapsed: 16.311110734939575

*** Epoch 0, batch 274/3218 ***
Training fitness: 0.810204387351872
Model size: (52, 48) 
Validation fitness: 0.8270691112975106 
Elapsed: 19.00524640083313

*** Epoch 0, batch 275/3218 ***
Training fitness: 0.8583094555587182
Model size: (36, 38) 
Validation fitness: 0.8303059841517965 
Elapsed: 19.779606342315674

*** Epoch 0, batch 276/3218 ***
Training fitness: 0.8090823213835278
Model size: (41, 39) 
Validation fitness: 0.7822287069254886 
Elapsed: 20.734639167785645

*** Epoch 0, batch 277/3218 ***
Training fitness: 0.7741086503903154
Model size: (38, 43) 
Validation fitness: 0.8201717156717917 
Elapsed: 20.87842583656311

*** Epoch 0, batch 278/3218 ***
Training fitness: 0.8600807795504698
Model size: (37, 44) 
Validation fitness: 0.8486581196681907 
Elapsed: 23.829147577285767

*** Epoch 0, batch 279/3218 ***
Training fitness: 0.8539270383932613
Model size: (43, 44) 
Validation fitness: 0.8477018065449897 
Elapsed: 27.76019549369812

*** Epoch 0, batch 280/3218 ***
Training fitness: 0.8407405842432759
Model size: (32, 34) 
Validation fitness: 0.8247865038875919 
Elapsed: 32.390554428100586

*** Epoch 0, batch 281/3218 ***
Training fitness: 0.8363836612958491
Model size: (34, 37) 
Validation fitness: 0.8000381385908324 
Elapsed: 30.31772494316101

*** Epoch 0, batch 282/3218 ***
Training fitness: 0.8488495192727922
Model size: (33, 31) 
Validation fitness: 0.8203426454588373 
Elapsed: 32.29010081291199

*** Epoch 0, batch 283/3218 ***
Training fitness: 0.8367052365959254
Model size: (48, 46) 
Validation fitness: 0.8375320514281817 
Elapsed: 34.929033279418945

*** Epoch 0, batch 284/3218 ***
Training fitness: 0.828375806454099
Model size: (37, 43) 
Validation fitness: 0.8321693360372433 
Elapsed: 36.1292986869812

*** Epoch 0, batch 285/3218 ***
Training fitness: 0.8059870023309097
Model size: (38, 45) 
Validation fitness: 0.813590115048921 
Elapsed: 38.82841467857361

*** Epoch 0, batch 286/3218 ***
Training fitness: 0.8365950577148347
Model size: (40, 40) 
Validation fitness: 0.7835887988449388 
Elapsed: 28.09064555168152

*** Epoch 0, batch 287/3218 ***
Training fitness: 0.8351097367693857
Model size: (39, 47) 
Validation fitness: 0.8147823617516528 
Elapsed: 28.36324119567871

*** Epoch 0, batch 288/3218 ***
Training fitness: 0.8128137408609164
Model size: (51, 56) 
Validation fitness: 0.8244694106302094 
Elapsed: 34.965925216674805

*** Epoch 0, batch 289/3218 ***
Training fitness: 0.7921660789610966
Model size: (50, 52) 
Validation fitness: 0.8147427307233559 
Elapsed: 30.219345808029175

*** Epoch 0, batch 290/3218 ***
Training fitness: 0.839613505305035
Model size: (39, 37) 
Validation fitness: 0.8305385178872383 
Elapsed: 34.36793351173401

*** Epoch 0, batch 291/3218 ***
Training fitness: 0.8309654360034885
Model size: (37, 41) 
Validation fitness: 0.8286298367191459 
Elapsed: 31.589749097824097

*** Epoch 0, batch 292/3218 ***
Training fitness: 0.8093863682717211
Model size: (49, 54) 
Validation fitness: 0.8047521820143713 
Elapsed: 35.093740940093994

*** Epoch 0, batch 293/3218 ***
Training fitness: 0.8523103342878936
Model size: (37, 40) 
Validation fitness: 0.8360665091715206 
Elapsed: 37.71737813949585

*** Epoch 0, batch 294/3218 ***
Training fitness: 0.8327404573011855
Model size: (36, 46) 
Validation fitness: 0.8376315491714902 
Elapsed: 39.16086459159851

*** Epoch 0, batch 295/3218 ***
Training fitness: 0.843892418702579
Model size: (37, 30) 
Validation fitness: 0.836262255295114 
Elapsed: 44.211554527282715

*** Epoch 0, batch 296/3218 ***
Training fitness: 0.8781028744798146
Model size: (45, 52) 
Validation fitness: 0.8462605048499486 
Elapsed: 47.512136459350586

*** Epoch 0, batch 297/3218 ***
Training fitness: 0.8626011893287969
Model size: (42, 46) 
Validation fitness: 0.8046064892629613 
Elapsed: 50.4238383769989

*** Epoch 0, batch 298/3218 ***
Training fitness: 0.8445688822356245
Model size: (39, 48) 
Validation fitness: 0.8365994773394095 
Elapsed: 58.69883704185486

*** Epoch 0, batch 299/3218 ***
Training fitness: 0.8613617322261732
Model size: (40, 43) 
Validation fitness: 0.8564029228663388 
Elapsed: 59.45885515213013

*** Epoch 0, batch 300/3218 ***
Training fitness: 0.8752353994344992
Model size: (45, 52) 
Validation fitness: 0.8609978568326008 
Elapsed: 64.47214436531067

*** Epoch 0, batch 301/3218 ***
Training fitness: 0.8346674138040904
Model size: (39, 36) 
Validation fitness: 0.8276789313507207 
Elapsed: 70.30148458480835

*** Epoch 0, batch 302/3218 ***
Training fitness: 0.8059336134797416
Model size: (38, 34) 
Validation fitness: 0.8622920145036842 
Elapsed: 78.2911856174469

*** Epoch 0, batch 303/3218 ***
Training fitness: 0.8382573337142261
Model size: (47, 46) 
Validation fitness: 0.8734265000158392 
Elapsed: 82.97690343856812

*** Epoch 0, batch 304/3218 ***
Training fitness: 0.8398872978363334
Model size: (46, 48) 
Validation fitness: 0.842346561752858 
Elapsed: 93.58452129364014

*** Epoch 0, batch 305/3218 ***
Training fitness: 0.8356620191368043
Model size: (46, 49) 
Validation fitness: 0.8399106104502255 
Elapsed: 104.8370954990387

*** Epoch 0, batch 306/3218 ***
Training fitness: 0.8325742995220853
Model size: (43, 47) 
Validation fitness: 0.837574213621829 
Elapsed: 110.31961584091187

*** Epoch 0, batch 307/3218 ***
Training fitness: 0.8843861774286178
Model size: (47, 48) 
Validation fitness: 0.7093563978164428 
Elapsed: 118.2708854675293

*** Epoch 0, batch 308/3218 ***
Training fitness: 0.8517644742657606
Model size: (47, 49) 
Validation fitness: 0.8587238639522868 
Elapsed: 131.9851725101471

*** Epoch 0, batch 309/3218 ***
Training fitness: 0.8436026939292923
Model size: (48, 55) 
Validation fitness: 0.82934213012845 
Elapsed: 141.30220770835876

*** Epoch 0, batch 310/3218 ***
Training fitness: 0.8365410277042489
Model size: (46, 43) 
Validation fitness: 0.8083148550214492 
Elapsed: 156.97882175445557

*** Epoch 0, batch 311/3218 ***
Training fitness: 0.8830121722081745
Model size: (47, 45) 
Validation fitness: 0.8688616860778914 
Elapsed: 111.05595278739929

*** Epoch 0, batch 312/3218 ***
Training fitness: 0.8452076840413681
Model size: (48, 59) 
Validation fitness: 0.8313457160154177 
Elapsed: 103.43662786483765

*** Epoch 0, batch 313/3218 ***
Training fitness: 0.8585373959786721
Model size: (51, 52) 
Validation fitness: 0.8399979461703951 
Elapsed: 56.77264332771301

*** Epoch 0, batch 314/3218 ***
Training fitness: 0.8288363895787798
Model size: (52, 52) 
Validation fitness: 0.8306425726369163 
Elapsed: 63.266130447387695

*** Epoch 0, batch 315/3218 ***
Training fitness: 0.8766860826233455
Model size: (49, 45) 
Validation fitness: 0.7527622938473744 
Elapsed: 71.96828317642212

*** Epoch 0, batch 316/3218 ***
Training fitness: 0.8214068289815212
Model size: (34, 31) 
Validation fitness: 0.8176031273844876 
Elapsed: 78.62103986740112

*** Epoch 0, batch 317/3218 ***
Training fitness: 0.8585099414403309
Model size: (48, 58) 
Validation fitness: 0.8228181904004213 
Elapsed: 82.92978692054749

*** Epoch 0, batch 318/3218 ***
Training fitness: 0.843219017086989
Model size: (48, 47) 
Validation fitness: 0.8433699995811105 
Elapsed: 93.02693033218384

*** Epoch 0, batch 319/3218 ***
Training fitness: 0.8487184694666894
Model size: (44, 42) 
Validation fitness: 0.8288559095271155 
Elapsed: 101.96221661567688

*** Epoch 0, batch 320/3218 ***
Training fitness: 0.8777598052478407
Model size: (52, 56) 
Validation fitness: 0.8197000964321994 
Elapsed: 112.61544108390808

*** Epoch 0, batch 321/3218 ***
Training fitness: 0.8240793399823482
Model size: (40, 49) 
Validation fitness: 0.8558961056813661 
Elapsed: 125.20326280593872

*** Epoch 0, batch 322/3218 ***
Training fitness: 0.8544958004994667
Model size: (46, 42) 
Validation fitness: 0.8499966086068759 
Elapsed: 136.826500415802

*** Epoch 0, batch 323/3218 ***
Training fitness: 0.8719810148298832
Model size: (45, 46) 
Validation fitness: 0.8696586390869185 
Elapsed: 91.7415714263916

*** Epoch 0, batch 324/3218 ***
Training fitness: 0.8561565979922934
Model size: (45, 41) 
Validation fitness: 0.8553382798206919 
Elapsed: 102.72803592681885

*** Epoch 0, batch 325/3218 ***
Training fitness: 0.8722311657071756
Model size: (46, 43) 
Validation fitness: 0.8441232559831088 
Elapsed: 114.05051684379578

*** Epoch 0, batch 326/3218 ***
Training fitness: 0.8854308577155185
Model size: (49, 38) 
Validation fitness: 0.8289095361835954 
Elapsed: 126.24512791633606

*** Epoch 0, batch 327/3218 ***
Training fitness: 0.844741619771326
Model size: (30, 29) 
Validation fitness: 0.8358727184252608 
Elapsed: 135.5780279636383

*** Epoch 0, batch 328/3218 ***
Training fitness: 0.8592785241791557
Model size: (48, 47) 
Validation fitness: 0.8111672947585759 
Elapsed: 145.60741209983826

*** Epoch 0, batch 329/3218 ***
Training fitness: 0.9032862916569819
Model size: (55, 73) 
Validation fitness: 0.8792054702422006 
Elapsed: 106.31216764450073

*** Epoch 0, batch 330/3218 ***
Training fitness: 0.8136022026015728
Model size: (39, 38) 
Validation fitness: 0.8348327981331316 
Elapsed: 114.37801861763

*** Epoch 0, batch 331/3218 ***
Training fitness: 0.8375539167659918
Model size: (46, 43) 
Validation fitness: 0.8583384666558996 
Elapsed: 126.78608322143555

*** Epoch 0, batch 332/3218 ***
Training fitness: 0.8772749154201683
Model size: (42, 48) 
Validation fitness: 0.8304259800176371 
Elapsed: 143.3818187713623

*** Epoch 0, batch 333/3218 ***
Training fitness: 0.8658696273048951
Model size: (42, 48) 
Validation fitness: 0.860014882621315 
Elapsed: 157.54727363586426

*** Epoch 0, batch 334/3218 ***
Training fitness: 0.8471614017695845
Model size: (39, 44) 
Validation fitness: 0.8423120296729372 
Elapsed: 176.3565104007721

*** Epoch 0, batch 335/3218 ***
Training fitness: 0.8898446788593621
Model size: (52, 48) 
Validation fitness: 0.7022321548849509 
Elapsed: 192.58914923667908

*** Epoch 0, batch 336/3218 ***
Training fitness: 0.8554578856911642
Model size: (31, 32) 
Validation fitness: 0.8203895366255894 
Elapsed: 211.93956971168518

*** Epoch 0, batch 337/3218 ***
Training fitness: 0.880048962693858
Model size: (47, 52) 
Validation fitness: 0.8502709356686017 
Elapsed: 236.1258625984192

*** Epoch 0, batch 338/3218 ***
Training fitness: 0.8290758499591946
Model size: (47, 55) 
Validation fitness: 0.858192562778698 
Elapsed: 255.22944378852844

*** Epoch 0, batch 339/3218 ***
Training fitness: 0.8402291409260818
Model size: (47, 50) 
Validation fitness: 0.831566222519959 
Elapsed: 281.5220820903778

*** Epoch 0, batch 340/3218 ***
Training fitness: 0.8734689181647497
Model size: (42, 38) 
Validation fitness: 0.8520888389261336 
Elapsed: 312.93731784820557

*** Epoch 0, batch 341/3218 ***
Training fitness: 0.9019647114245017
Model size: (50, 45) 
Validation fitness: 0.88610959548078 
Elapsed: 348.13541555404663

*** Epoch 0, batch 342/3218 ***
Training fitness: 0.954127167477763
Model size: (51, 58) 
Validation fitness: 0.8872379479003242 
Elapsed: 366.1394419670105

*** Epoch 0, batch 343/3218 ***
Training fitness: 0.8782826486980095
Model size: (55, 59) 
Validation fitness: 0.8777134388507523 
Elapsed: 402.7776961326599

*** Epoch 0, batch 344/3218 ***
Training fitness: 0.8264062072803737
Model size: (51, 56) 
Validation fitness: 0.8359984838411687 
Elapsed: 427.51599764823914

*** Epoch 0, batch 345/3218 ***
Training fitness: 0.8581412031881637
Model size: (53, 45) 
Validation fitness: 0.8496334147866372 
Elapsed: 219.53347730636597

*** Epoch 0, batch 346/3218 ***
Training fitness: 0.8860112980676796
Model size: (47, 52) 
Validation fitness: 0.8712169022202131 
Elapsed: 233.8707458972931

*** Epoch 0, batch 347/3218 ***
Training fitness: 0.830090509523079
Model size: (48, 62) 
Validation fitness: 0.8520206127062586 
Elapsed: 253.13004183769226

*** Epoch 0, batch 348/3218 ***
Training fitness: 0.8734971409571844
Model size: (45, 41) 
Validation fitness: 0.8411216372490259 
Elapsed: 272.5759103298187

*** Epoch 0, batch 349/3218 ***
Training fitness: 0.8911870668410226
Model size: (48, 54) 
Validation fitness: 0.8761238560195423 
Elapsed: 282.7817876338959

*** Epoch 0, batch 350/3218 ***
Training fitness: 0.8858595117713466
Model size: (49, 54) 
Validation fitness: 0.8744009584345604 
Elapsed: 298.0153772830963

*** Epoch 0, batch 351/3218 ***
Training fitness: 0.8555146582103139
Model size: (49, 53) 
Validation fitness: 0.8583907769852189 
Elapsed: 313.7127425670624

*** Epoch 0, batch 352/3218 ***
Training fitness: 0.803059388200799
Model size: (33, 27) 
Validation fitness: 0.8295493746113167 
Elapsed: 185.13385033607483

*** Epoch 0, batch 353/3218 ***
Training fitness: 0.8631706202601824
Model size: (32, 27) 
Validation fitness: 0.860823224487731 
Elapsed: 194.5647919178009

*** Epoch 0, batch 354/3218 ***
Training fitness: 0.895564537966594
Model size: (46, 34) 
Validation fitness: 0.8305304636061062 
Elapsed: 203.69298148155212

*** Epoch 0, batch 355/3218 ***
Training fitness: 0.8688542317878897
Model size: (45, 49) 
Validation fitness: 0.8708420354421618 
Elapsed: 206.13928270339966

*** Epoch 0, batch 356/3218 ***
Training fitness: 0.862969721924781
Model size: (52, 57) 
Validation fitness: 0.8613258968069694 
Elapsed: 209.32878518104553

*** Epoch 0, batch 357/3218 ***
Training fitness: 0.8725901353495507
Model size: (53, 58) 
Validation fitness: 0.8269451401339338 
Elapsed: 211.23937320709229

*** Epoch 0, batch 358/3218 ***
Training fitness: 0.8405766172465018
Model size: (51, 55) 
Validation fitness: 0.8373654250423762 
Elapsed: 219.43205547332764

*** Epoch 0, batch 359/3218 ***
Training fitness: 0.8221795954162722
Model size: (47, 54) 
Validation fitness: 0.8398882352458771 
Elapsed: 220.91062545776367

*** Epoch 0, batch 360/3218 ***
Training fitness: 0.8334921309966659
Model size: (43, 43) 
Validation fitness: 0.8287560535871934 
Elapsed: 225.57981514930725

*** Epoch 0, batch 361/3218 ***
Training fitness: 0.8176063849053536
Model size: (41, 44) 
Validation fitness: 0.8369935902207589 
Elapsed: 220.79161834716797

*** Epoch 0, batch 362/3218 ***
Training fitness: 0.8364840493710619
Model size: (52, 63) 
Validation fitness: 0.8373690570354313 
Elapsed: 224.72127747535706

*** Epoch 0, batch 363/3218 ***
Training fitness: 0.8483122579633535
Model size: (56, 60) 
Validation fitness: 0.8352171564384319 
Elapsed: 227.51515793800354

*** Epoch 0, batch 364/3218 ***
Training fitness: 0.8815779424001753
Model size: (47, 52) 
Validation fitness: 0.8093165954909564 
Elapsed: 215.8667974472046

*** Epoch 0, batch 365/3218 ***
Training fitness: 0.8571888287931039
Model size: (52, 56) 
Validation fitness: 0.8368000386993586 
Elapsed: 216.57170248031616

*** Epoch 0, batch 366/3218 ***
Training fitness: 0.8470298704020769
Model size: (44, 42) 
Validation fitness: 0.8365214246228506 
Elapsed: 214.35070037841797

*** Epoch 0, batch 367/3218 ***
Training fitness: 0.8356034280852914
Model size: (47, 41) 
Validation fitness: 0.8464987968992208 
Elapsed: 223.2822027206421

*** Epoch 0, batch 368/3218 ***
Training fitness: 0.8356176406529578
Model size: (53, 50) 
Validation fitness: 0.8437393135358693 
Elapsed: 221.32178807258606

*** Epoch 0, batch 369/3218 ***
Training fitness: 0.9135053529015449
Model size: (44, 40) 
Validation fitness: 0.8634154777791565 
Elapsed: 221.1676800251007

*** Epoch 0, batch 370/3218 ***
Training fitness: 0.8937774291214109
Model size: (33, 29) 
Validation fitness: 0.8717978805561258 
Elapsed: 205.52627086639404

*** Epoch 0, batch 371/3218 ***
Training fitness: 0.8565464937571853
Model size: (47, 46) 
Validation fitness: 0.8593602737140803 
Elapsed: 202.3697338104248

*** Epoch 0, batch 372/3218 ***
Training fitness: 0.8664337129735871
Model size: (48, 46) 
Validation fitness: 0.8601196788105312 
Elapsed: 201.9813199043274

*** Epoch 0, batch 373/3218 ***
Training fitness: 0.8575604049972295
Model size: (51, 43) 
Validation fitness: 0.8445801824160624 
Elapsed: 200.24524545669556

*** Epoch 0, batch 374/3218 ***
Training fitness: 0.8743044764967233
Model size: (26, 18) 
Validation fitness: 0.8256285087341516 
Elapsed: 199.08306169509888

*** Epoch 0, batch 375/3218 ***
Training fitness: 0.8574284748147406
Model size: (76, 80) 
Validation fitness: 0.8341355343058656 
Elapsed: 199.59553217887878

*** Epoch 0, batch 376/3218 ***
Training fitness: 0.8976664752323728
Model size: (44, 47) 
Validation fitness: 0.8388221645421339 
Elapsed: 193.8753309249878

*** Epoch 0, batch 377/3218 ***
Training fitness: 0.8530235572163554
Model size: (49, 48) 
Validation fitness: 0.8615530759451432 
Elapsed: 195.48433995246887

*** Epoch 0, batch 378/3218 ***
Training fitness: 0.815089706153369
Model size: (55, 56) 
Validation fitness: 0.8363478460761342 
Elapsed: 194.13931965827942

*** Epoch 0, batch 379/3218 ***
Training fitness: 0.8508039045195432
Model size: (49, 45) 
Validation fitness: 0.8322638093008544 
Elapsed: 191.08320927619934

*** Epoch 0, batch 380/3218 ***
Training fitness: 0.8191919821811079
Model size: (50, 47) 
Validation fitness: 0.8400466667708052 
Elapsed: 171.15794825553894

*** Epoch 0, batch 381/3218 ***
Training fitness: 0.8637131825670118
Model size: (55, 62) 
Validation fitness: 0.8405092752550154 
Elapsed: 171.2979850769043

*** Epoch 0, batch 382/3218 ***
Training fitness: 0.8391197235013209
Model size: (28, 23) 
Validation fitness: 0.8322727308276674 
Elapsed: 168.1536774635315

*** Epoch 0, batch 383/3218 ***
Training fitness: 0.8018427829497501
Model size: (35, 37) 
Validation fitness: 0.8137535734147006 
Elapsed: 166.5237512588501

*** Epoch 0, batch 384/3218 ***
Training fitness: 0.8814350325035678
Model size: (25, 20) 
Validation fitness: 0.8130986074240991 
Elapsed: 165.54274654388428

*** Epoch 0, batch 385/3218 ***
Training fitness: 0.8244173001975803
Model size: (53, 64) 
Validation fitness: 0.8567696551569441 
Elapsed: 159.8726773262024

*** Epoch 0, batch 386/3218 ***
Training fitness: 0.8419787343398817
Model size: (47, 41) 
Validation fitness: 0.8629522797150788 
Elapsed: 156.85061478614807

*** Epoch 0, batch 387/3218 ***
Training fitness: 0.8037715173033553
Model size: (54, 46) 
Validation fitness: 0.8281539449367241 
Elapsed: 155.40926814079285

*** Epoch 0, batch 388/3218 ***
Training fitness: 0.8631091952321869
Model size: (33, 33) 
Validation fitness: 0.8378910046084327 
Elapsed: 153.4885847568512

*** Epoch 0, batch 389/3218 ***
Training fitness: 0.8250139667833426
Model size: (47, 44) 
Validation fitness: 0.8372722639852745 
Elapsed: 151.58055877685547

*** Epoch 0, batch 390/3218 ***
Training fitness: 0.8465197146069624
Model size: (57, 60) 
Validation fitness: 0.8372695836225515 
Elapsed: 150.12880206108093

*** Epoch 0, batch 391/3218 ***
Training fitness: 0.8538746784095594
Model size: (56, 60) 
Validation fitness: 0.7096025279498492 
Elapsed: 145.73721933364868

*** Epoch 0, batch 392/3218 ***
Training fitness: 0.8450484895845951
Model size: (59, 59) 
Validation fitness: 0.8645038719482305 
Elapsed: 4.6243040561676025

*** Epoch 0, batch 393/3218 ***
Training fitness: 0.8084132388615307
Model size: (58, 65) 
Validation fitness: 0.8152911467193685 
Elapsed: 5.4496471881866455

*** Epoch 0, batch 394/3218 ***
Training fitness: 0.8321663438162358
Model size: (54, 49) 
Validation fitness: 0.8222596114970483 
Elapsed: 5.904739618301392

*** Epoch 0, batch 395/3218 ***
Training fitness: 0.8570165478202443
Model size: (60, 68) 
Validation fitness: 0.8309303914538674 
Elapsed: 4.020273685455322

*** Epoch 0, batch 396/3218 ***
Training fitness: 0.8154957766253498
Model size: (55, 50) 
Validation fitness: 0.8324400006498575 
Elapsed: 5.067481279373169

*** Epoch 0, batch 397/3218 ***
Training fitness: 0.7866264380097097
Model size: (26, 26) 
Validation fitness: 0.7800689165575824 
Elapsed: 4.280941486358643

*** Epoch 0, batch 398/3218 ***
Training fitness: 0.817814077836025
Model size: (61, 67) 
Validation fitness: 0.8312243085439601 
Elapsed: 5.194852828979492

*** Epoch 0, batch 399/3218 ***
Training fitness: 0.8707665528017077
Model size: (28, 31) 
Validation fitness: 0.8365836027904854 
Elapsed: 4.689524412155151

*** Epoch 0, batch 400/3218 ***
Training fitness: 0.8113275801554729
Model size: (62, 70) 
Validation fitness: 0.8348840621501181 
Elapsed: 4.797407627105713

*** Epoch 0, batch 401/3218 ***
Training fitness: 0.8376509544324273
Model size: (30, 33) 
Validation fitness: 0.8338697542311457 
Elapsed: 4.639687538146973

*** Epoch 0, batch 402/3218 ***
Training fitness: 0.8497933124553452
Model size: (62, 66) 
Validation fitness: 0.8310791029715316 
Elapsed: 4.957814455032349

*** Epoch 0, batch 403/3218 ***
Training fitness: 0.8072852591625743
Model size: (62, 69) 
Validation fitness: 0.8320572996245569 
Elapsed: 5.014912128448486

*** Epoch 0, batch 404/3218 ***
Training fitness: 0.8407101364793508
Model size: (61, 69) 
Validation fitness: 0.8113904398225742 
Elapsed: 4.696047782897949

*** Epoch 0, batch 405/3218 ***
Training fitness: 0.8298399744899881
Model size: (61, 69) 
Validation fitness: 0.8308763527606252 
Elapsed: 4.698567867279053

*** Epoch 0, batch 406/3218 ***
Training fitness: 0.8339191946669953
Model size: (61, 67) 
Validation fitness: 0.834884635289579 
Elapsed: 4.8546226024627686

*** Epoch 0, batch 407/3218 ***
Training fitness: 0.8288103654323528
Model size: (65, 68) 
Validation fitness: 0.8376051599381835 
Elapsed: 4.445209264755249

*** Epoch 0, batch 408/3218 ***
Training fitness: 0.8010253849667812
Model size: (64, 73) 
Validation fitness: 0.8375891494743196 
Elapsed: 5.22248911857605

*** Epoch 0, batch 409/3218 ***
Training fitness: 0.8717334222074822
Model size: (63, 71) 
Validation fitness: 0.8351739882172967 
Elapsed: 5.24925971031189

*** Epoch 0, batch 410/3218 ***
Training fitness: 0.8527631610909338
Model size: (63, 59) 
Validation fitness: 0.837493744003385 
Elapsed: 4.959015130996704

*** Epoch 0, batch 411/3218 ***
Training fitness: 0.8091399438838834
Model size: (63, 60) 
Validation fitness: 0.8307579184349084 
Elapsed: 5.05106782913208

*** Epoch 0, batch 412/3218 ***
Training fitness: 0.827853653093626
Model size: (65, 67) 
Validation fitness: 0.8372356698829927 
Elapsed: 5.267738342285156

*** Epoch 0, batch 413/3218 ***
Training fitness: 0.8178245677331938
Model size: (53, 47) 
Validation fitness: 0.8274171082585452 
Elapsed: 4.641385078430176

*** Epoch 0, batch 414/3218 ***
Training fitness: 0.8442860604942745
Model size: (52, 42) 
Validation fitness: 0.8232168263922599 
Elapsed: 4.5588698387146

*** Epoch 0, batch 415/3218 ***
Training fitness: 0.8674259853266528
Model size: (60, 59) 
Validation fitness: 0.8337837875307629 
Elapsed: 4.7817676067352295

*** Epoch 0, batch 416/3218 ***
Training fitness: 0.7485203232862219
Model size: (65, 61) 
Validation fitness: 0.7500264623640973 
Elapsed: 5.1944169998168945

*** Epoch 0, batch 417/3218 ***
Training fitness: 0.8361032990926303
Model size: (65, 61) 
Validation fitness: 0.8275512247606727 
Elapsed: 4.985407590866089

*** Epoch 0, batch 418/3218 ***
Training fitness: 0.7933575647203258
Model size: (66, 76) 
Validation fitness: 0.7979189212915564 
Elapsed: 5.134762287139893

*** Epoch 0, batch 419/3218 ***
Training fitness: 0.7446653296241375
Model size: (59, 62) 
Validation fitness: 0.7505113689541085 
Elapsed: 4.123164415359497

*** Epoch 0, batch 420/3218 ***
Training fitness: 0.7426399867652613
Model size: (61, 58) 
Validation fitness: 0.7575583600074767 
Elapsed: 5.273512840270996

*** Epoch 0, batch 421/3218 ***
Training fitness: 0.7878833882535596
Model size: (64, 58) 
Validation fitness: 0.8235024634847374 
Elapsed: 6.032016277313232

*** Epoch 0, batch 422/3218 ***
Training fitness: 0.781885508200572
Model size: (64, 64) 
Validation fitness: 0.7921780575254859 
Elapsed: 5.832540035247803

*** Epoch 0, batch 423/3218 ***
Training fitness: 0.8395979899336209
Model size: (68, 70) 
Validation fitness: 0.8366241879314327 
Elapsed: 5.9714515209198

*** Epoch 0, batch 424/3218 ***
Training fitness: 0.8408927711968635
Model size: (65, 63) 
Validation fitness: 0.8376244771287394 
Elapsed: 6.083510637283325

*** Epoch 0, batch 425/3218 ***
Training fitness: 0.7829653964679322
Model size: (65, 64) 
Validation fitness: 0.7815830695401786 
Elapsed: 5.4373979568481445

*** Epoch 0, batch 426/3218 ***
Training fitness: 0.8358970735640511
Model size: (65, 61) 
Validation fitness: 0.8131278710932267 
Elapsed: 5.69720196723938

*** Epoch 0, batch 427/3218 ***
Training fitness: 0.586666928718998
Model size: (67, 73) 
Validation fitness: 0.6460077090312653 
Elapsed: 6.46752405166626

*** Epoch 0, batch 428/3218 ***
Training fitness: 0.6508609743210968
Model size: (66, 62) 
Validation fitness: 0.6122703897559135 
Elapsed: 6.259382009506226

*** Epoch 0, batch 429/3218 ***
Training fitness: 0.563693525555969
Model size: (58, 69) 
Validation fitness: 0.4943778949546246 
Elapsed: 4.905160427093506

*** Epoch 0, batch 430/3218 ***
Training fitness: 0.5371554049743644
Model size: (58, 61) 
Validation fitness: 0.5458313144219021 
Elapsed: 5.033249139785767

*** Epoch 0, batch 431/3218 ***
Training fitness: 0.8186427794231556
Model size: (64, 73) 
Validation fitness: 0.7828407413662924 
Elapsed: 5.096984148025513

*** Epoch 0, batch 432/3218 ***
Training fitness: 0.8180399108921727
Model size: (67, 64) 
Validation fitness: 0.8068856225505228 
Elapsed: 6.217451095581055

*** Epoch 0, batch 433/3218 ***
Training fitness: 0.8280346022499879
Model size: (67, 64) 
Validation fitness: 0.8320811029377001 
Elapsed: 6.420111417770386

*** Epoch 0, batch 434/3218 ***
Training fitness: 0.8351160682681781
Model size: (67, 64) 
Validation fitness: 0.7962813740947778 
Elapsed: 6.709991216659546

*** Epoch 0, batch 435/3218 ***
Training fitness: 0.7636628049757568
Model size: (58, 58) 
Validation fitness: 0.7811879211313921 
Elapsed: 6.595731496810913

*** Epoch 0, batch 436/3218 ***
Training fitness: 0.8392719933861841
Model size: (67, 63) 
Validation fitness: 0.8297345635579736 
Elapsed: 7.529740571975708

*** Epoch 0, batch 437/3218 ***
Training fitness: 0.8270606275946535
Model size: (67, 62) 
Validation fitness: 0.810435105125884 
Elapsed: 7.869879245758057

*** Epoch 0, batch 438/3218 ***
Training fitness: 0.5309639382291353
Model size: (55, 66) 
Validation fitness: 0.4941723894819101 
Elapsed: 7.565603494644165

*** Epoch 0, batch 439/3218 ***
Training fitness: 0.7497870794455015
Model size: (70, 60) 
Validation fitness: 0.7121755208515778 
Elapsed: 8.337005138397217

*** Epoch 0, batch 440/3218 ***
Training fitness: 0.623263609237755
Model size: (58, 59) 
Validation fitness: 0.6144859330514831 
Elapsed: 8.737891435623169

*** Epoch 0, batch 441/3218 ***
Training fitness: 0.7665553153049954
Model size: (66, 70) 
Validation fitness: 0.7762453083093215 
Elapsed: 9.228520631790161

*** Epoch 0, batch 442/3218 ***
Training fitness: 0.7998003107321597
Model size: (71, 71) 
Validation fitness: 0.8299875636662996 
Elapsed: 9.896294832229614

*** Epoch 0, batch 443/3218 ***
Training fitness: 0.7811082249725877
Model size: (58, 58) 
Validation fitness: 0.7882827844356587 
Elapsed: 10.341404676437378

*** Epoch 0, batch 444/3218 ***
Training fitness: 0.8244096541532709
Model size: (61, 59) 
Validation fitness: 0.8850816069596065 
Elapsed: 11.529358386993408

*** Epoch 0, batch 445/3218 ***
Training fitness: 0.8331019644762477
Model size: (54, 66) 
Validation fitness: 0.8190846403193435 
Elapsed: 11.412819385528564

*** Epoch 0, batch 446/3218 ***
Training fitness: 0.8505341897684076
Model size: (57, 58) 
Validation fitness: 0.828802175257395 
Elapsed: 12.810657024383545

*** Epoch 0, batch 447/3218 ***
Training fitness: 0.924778869648627
Model size: (60, 73) 
Validation fitness: 0.695733699877511 
Elapsed: 13.354018211364746

*** Epoch 0, batch 448/3218 ***
Training fitness: 0.8535965367049175
Model size: (58, 59) 
Validation fitness: 0.7927895209336855 
Elapsed: 15.618526697158813

*** Epoch 0, batch 449/3218 ***
Training fitness: 0.7498297275041637
Model size: (56, 71) 
Validation fitness: 0.7478990687220267 
Elapsed: 16.012198209762573

*** Epoch 0, batch 450/3218 ***
Training fitness: 0.8387355373871738
Model size: (62, 61) 
Validation fitness: 0.8345506508397038 
Elapsed: 18.865795612335205

*** Epoch 0, batch 451/3218 ***
Training fitness: 0.8635244500079914
Model size: (74, 83) 
Validation fitness: 0.8369217129234185 
Elapsed: 21.034344911575317

*** Epoch 0, batch 452/3218 ***
Training fitness: 0.8111476058041552
Model size: (74, 77) 
Validation fitness: 0.8123571198062172 
Elapsed: 23.319591999053955

*** Epoch 0, batch 453/3218 ***
Training fitness: 0.833776596360515
Model size: (56, 52) 
Validation fitness: 0.8380174465636856 
Elapsed: 25.976497411727905

*** Epoch 0, batch 454/3218 ***
Training fitness: 0.7858322603643284
Model size: (60, 54) 
Validation fitness: 0.7801883715269091 
Elapsed: 27.161466360092163

*** Epoch 0, batch 455/3218 ***
Training fitness: 0.8663732566210415
Model size: (57, 59) 
Validation fitness: 0.8559817391234896 
Elapsed: 16.873449563980103

*** Epoch 0, batch 456/3218 ***
Training fitness: 0.7031906800918283
Model size: (73, 80) 
Validation fitness: 0.8051817568414851 
Elapsed: 18.918306589126587

*** Epoch 0, batch 457/3218 ***
Training fitness: 0.8448178115996415
Model size: (71, 69) 
Validation fitness: 0.7875957114689761 
Elapsed: 20.084651947021484

*** Epoch 0, batch 458/3218 ***
Training fitness: 0.8193771227398761
Model size: (55, 49) 
Validation fitness: 0.8157826220497542 
Elapsed: 23.269201517105103

*** Epoch 0, batch 459/3218 ***
Training fitness: 0.8618857166153161
Model size: (77, 78) 
Validation fitness: 0.8260524591168045 
Elapsed: 26.348340272903442

*** Epoch 0, batch 460/3218 ***
Training fitness: 0.8364718975816634
Model size: (74, 80) 
Validation fitness: 0.832400591013029 
Elapsed: 27.94107484817505

*** Epoch 0, batch 461/3218 ***
Training fitness: 0.812621609793645
Model size: (79, 81) 
Validation fitness: 0.8141906314338855 
Elapsed: 31.564209461212158

*** Epoch 0, batch 462/3218 ***
Training fitness: 0.7757995916858771
Model size: (68, 67) 
Validation fitness: 0.8152951728609958 
Elapsed: 32.785252809524536

*** Epoch 0, batch 463/3218 ***
Training fitness: 0.8746412030660015
Model size: (68, 67) 
Validation fitness: 0.8259796694054435 
Elapsed: 26.295907020568848

*** Epoch 0, batch 464/3218 ***
Training fitness: 0.892587756042
Model size: (55, 59) 
Validation fitness: 0.8718179834148481 
Elapsed: 26.821596145629883

*** Epoch 0, batch 465/3218 ***
Training fitness: 0.8498524963629611
Model size: (63, 59) 
Validation fitness: 0.8427158502434294 
Elapsed: 29.877249717712402

*** Epoch 0, batch 466/3218 ***
Training fitness: 0.8096456459740731
Model size: (79, 78) 
Validation fitness: 0.8152262746977794 
Elapsed: 34.55589461326599

*** Epoch 0, batch 467/3218 ***
Training fitness: 0.8327329582044941
Model size: (77, 92) 
Validation fitness: 0.8310265719666164 
Elapsed: 37.89606690406799

*** Epoch 0, batch 468/3218 ***
Training fitness: 0.8850253908949633
Model size: (75, 83) 
Validation fitness: 0.8124061892624473 
Elapsed: 41.01571607589722

*** Epoch 0, batch 469/3218 ***
Training fitness: 0.8245313422956819
Model size: (72, 67) 
Validation fitness: 0.8250198955124574 
Elapsed: 44.049967765808105

*** Epoch 0, batch 470/3218 ***
Training fitness: 0.8261460095857638
Model size: (73, 85) 
Validation fitness: 0.8429980599237265 
Elapsed: 48.919013261795044

*** Epoch 0, batch 471/3218 ***
Training fitness: 0.8366296066758974
Model size: (72, 61) 
Validation fitness: 0.8374667643413816 
Elapsed: 53.35269260406494

*** Epoch 0, batch 472/3218 ***
Training fitness: 0.8334650796552504
Model size: (72, 62) 
Validation fitness: 0.8384250808907907 
Elapsed: 60.16467475891113

*** Epoch 0, batch 473/3218 ***
Training fitness: 0.8265830991650722
Model size: (76, 84) 
Validation fitness: 0.8393670010418304 
Elapsed: 65.84848475456238

*** Epoch 0, batch 474/3218 ***
Training fitness: 0.8085825136195616
Model size: (66, 58) 
Validation fitness: 0.8139386240616001 
Elapsed: 73.04432463645935

*** Epoch 0, batch 475/3218 ***
Training fitness: 0.8286341394813926
Model size: (86, 86) 
Validation fitness: 0.8376225470800441 
Elapsed: 82.70137071609497

*** Epoch 0, batch 476/3218 ***
Training fitness: 0.8257173041165919
Model size: (69, 71) 
Validation fitness: 0.8353192914636968 
Elapsed: 90.28702044487

*** Epoch 0, batch 477/3218 ***
Training fitness: 0.8479489211894689
Model size: (70, 74) 
Validation fitness: 0.8399198552374452 
Elapsed: 101.59392309188843

*** Epoch 0, batch 478/3218 ***
Training fitness: 0.8096873253985036
Model size: (54, 53) 
Validation fitness: 0.837575908636482 
Elapsed: 115.90463423728943

*** Epoch 0, batch 479/3218 ***
Training fitness: 0.8408738868761452
Model size: (55, 54) 
Validation fitness: 0.8375957572197459 
Elapsed: 65.3883638381958

*** Epoch 0, batch 480/3218 ***
Training fitness: 0.8240508124225171
Model size: (74, 66) 
Validation fitness: 0.8303183503903381 
Elapsed: 66.59234976768494

*** Epoch 0, batch 481/3218 ***
Training fitness: 0.8219775812894977
Model size: (72, 71) 
Validation fitness: 0.8259252651774083 
Elapsed: 72.71574091911316

*** Epoch 0, batch 482/3218 ***
Training fitness: 0.8201011505659296
Model size: (83, 87) 
Validation fitness: 0.8266454860360684 
Elapsed: 80.70485782623291

*** Epoch 0, batch 483/3218 ***
Training fitness: 0.8675390798408893
Model size: (83, 83) 
Validation fitness: 0.8341325465638467 
Elapsed: 92.56646990776062

*** Epoch 0, batch 484/3218 ***
Training fitness: 0.8520515230561873
Model size: (82, 85) 
Validation fitness: 0.8353580685540002 
Elapsed: 102.80376625061035

*** Epoch 0, batch 485/3218 ***
Training fitness: 0.8824711127690916
Model size: (62, 68) 
Validation fitness: 0.8364570326022213 
Elapsed: 113.68180012702942

*** Epoch 0, batch 486/3218 ***
Training fitness: 0.808659090582187
Model size: (71, 64) 
Validation fitness: 0.8315303588371705 
Elapsed: 125.72621417045593

*** Epoch 0, batch 487/3218 ***
Training fitness: 0.8740093265883441
Model size: (79, 69) 
Validation fitness: 0.8550129797052682 
Elapsed: 140.68299674987793

*** Epoch 0, batch 488/3218 ***
Training fitness: 0.8315581795657676
Model size: (76, 91) 
Validation fitness: 0.8397067381320471 
Elapsed: 157.84028887748718

*** Epoch 0, batch 489/3218 ***
Training fitness: 0.8328599578284213
Model size: (76, 71) 
Validation fitness: 0.7742988043095992 
Elapsed: 179.3565754890442

*** Epoch 0, batch 490/3218 ***
Training fitness: 0.8327411243105325
Model size: (74, 65) 
Validation fitness: 0.8368346177797752 
Elapsed: 201.23842859268188

*** Epoch 0, batch 491/3218 ***
Training fitness: 0.8679005208774404
Model size: (90, 98) 
Validation fitness: 0.8326803611615429 
Elapsed: 230.77152490615845

*** Epoch 0, batch 492/3218 ***
Training fitness: 0.8700959689753507
Model size: (91, 98) 
Validation fitness: 0.8225367170164264 
Elapsed: 258.32979249954224

*** Epoch 0, batch 493/3218 ***
Training fitness: 0.866895925268768
Model size: (75, 66) 
Validation fitness: 0.8350165004735466 
Elapsed: 291.7446405887604

*** Epoch 0, batch 494/3218 ***
Training fitness: 0.8392928987563988
Model size: (79, 73) 
Validation fitness: 0.8255193113118985 
Elapsed: 322.0073730945587

*** Epoch 0, batch 495/3218 ***
Training fitness: 0.8173538479584644
Model size: (89, 90) 
Validation fitness: 0.7892287688509432 
Elapsed: 363.5481674671173

*** Epoch 0, batch 496/3218 ***
Training fitness: 0.8297673306086241
Model size: (60, 52) 
Validation fitness: 0.8378634972307302 
Elapsed: 411.8297245502472

*** Epoch 0, batch 497/3218 ***
Training fitness: 0.8525532815710261
Model size: (83, 78) 
Validation fitness: 0.7652636999493476 
Elapsed: 469.349684715271

*** Epoch 0, batch 498/3218 ***
Training fitness: 0.8368087661212195
Model size: (78, 87) 
Validation fitness: 0.8173804148062824 
Elapsed: 536.2663729190826

*** Epoch 0, batch 499/3218 ***
Training fitness: 0.8158036909350803
Model size: (76, 74) 
Validation fitness: 0.8373813553904114 
Elapsed: 605.0027503967285

*** Epoch 0, batch 500/3218 ***
Training fitness: 0.8227220978694689
Model size: (72, 66) 
Validation fitness: 0.8336814870168868 
Elapsed: 698.867819070816

*** Epoch 0, batch 501/3218 ***
Training fitness: 0.8352087172204437
Model size: (70, 68) 
Validation fitness: 0.8383041924262558 
Elapsed: 374.63256192207336

*** Epoch 0, batch 502/3218 ***
Training fitness: 0.856449917865074
Model size: (73, 68) 
Validation fitness: 0.8477295087276555 
Elapsed: 421.0567636489868

*** Epoch 0, batch 503/3218 ***
Training fitness: 0.877874871621033
Model size: (72, 71) 
Validation fitness: 0.8339489647184308 
Elapsed: 470.5507926940918

*** Epoch 0, batch 504/3218 ***
Training fitness: 0.8401718838814551
Model size: (88, 88) 
Validation fitness: 0.8363506262286262 
Elapsed: 532.0270657539368

*** Epoch 0, batch 505/3218 ***
Training fitness: 0.8448258559506473
Model size: (78, 81) 
Validation fitness: 0.8369178908056716 
Elapsed: 608.2325735092163

*** Epoch 0, batch 506/3218 ***
Training fitness: 0.8422695125330435
Model size: (72, 66) 
Validation fitness: 0.8344698886500375 
Elapsed: 683.8411202430725

*** Epoch 0, batch 507/3218 ***
Training fitness: 0.844675914092796
Model size: (89, 91) 
Validation fitness: 0.8382351540522255 
Elapsed: 771.9478268623352

*** Epoch 0, batch 508/3218 ***
Training fitness: 0.8448404146924189
Model size: (91, 96) 
Validation fitness: 0.8281809124499784 
Elapsed: 861.5383913516998

*** Epoch 0, batch 509/3218 ***
Training fitness: 0.8572475290568862
Model size: (85, 85) 
Validation fitness: 0.839289421075808 
Elapsed: 968.7113764286041

*** Epoch 0, batch 510/3218 ***
Training fitness: 0.8497418632579369
Model size: (78, 85) 
Validation fitness: 0.8330523579501812 
Elapsed: 1111.829894065857

*** Epoch 0, batch 511/3218 ***
Training fitness: 0.8215656697083618
Model size: (83, 86) 
Validation fitness: 0.8250719881633425 
Elapsed: 1263.1284239292145

*** Epoch 0, batch 512/3218 ***
Training fitness: 0.83625140999606
Model size: (69, 66) 
Validation fitness: 0.8370461081360784 
Elapsed: 1425.994690656662

*** Epoch 0, batch 513/3218 ***
Training fitness: 0.8282930584257946
Model size: (80, 77) 
Validation fitness: 0.7546940795400396 
Elapsed: 1618.397906780243

*** Epoch 0, batch 514/3218 ***
Training fitness: 0.8561509823800256
Model size: (68, 62) 
Validation fitness: 0.8082708502524181 
Elapsed: 1814.7814123630524

*** Epoch 0, batch 515/3218 ***
Training fitness: 0.83999525419312
Model size: (77, 91) 
Validation fitness: 0.8565998030707153 
Elapsed: 2068.874011039734

*** Epoch 0, batch 516/3218 ***
Training fitness: 0.8440495221062017
Model size: (72, 74) 
Validation fitness: 0.8474899332542789 
Elapsed: 2323.61088347435

*** Epoch 0, batch 517/3218 ***
Training fitness: 0.8562728522056842
Model size: (83, 91) 
Validation fitness: 0.8512242593594486 
Elapsed: 2639.5555872917175

*** Epoch 0, batch 518/3218 ***
Training fitness: 0.8210262509452833
Model size: (71, 62) 
Validation fitness: 0.7929954341495885 
Elapsed: 2926.476183652878

*** Epoch 0, batch 519/3218 ***
Training fitness: 0.8852480950037649
Model size: (80, 74) 
Validation fitness: 0.8492012600675238 
Elapsed: 1444.5857858657837

*** Epoch 0, batch 520/3218 ***
Training fitness: 0.8603586448485554
Model size: (93, 95) 
Validation fitness: 0.8406049830453879 
Elapsed: 1619.4294517040253

*** Epoch 0, batch 521/3218 ***
Training fitness: 0.8382011611528992
Model size: (69, 64) 
Validation fitness: 0.8411140365626969 
Elapsed: 1815.3110218048096

