Configuration:
Dataset: nsl_kdd
Selector: pca
Fold: 0
Fitness: inverse_binary_crossentropy
Batch size: 256
Epochs: 1
Config args: {}
*** Epoch 1, batch 1/520 ***
Training fitness: 0.4529714330596726
Model size: (1, 12)
Validation fitness: 0.3758887599549167 !!!
Elapsed: 2.6654796600341797

*** Epoch 1, batch 2/520 ***
Training fitness: 0.5533084862491354
Model size: (1, 11)
Validation fitness: 0.4437475934368458 !!!
Elapsed: 2.881760358810425

*** Epoch 1, batch 3/520 ***
Training fitness: 0.5309794587839101
Model size: (2, 13)
Validation fitness: 0.4674811438321158 !!!
Elapsed: 3.1713905334472656

*** Epoch 1, batch 4/520 ***
Training fitness: 0.596218212963574
Model size: (2, 12)
Validation fitness: 0.5230204520359923 !!!
Elapsed: 2.0497920513153076

*** Epoch 1, batch 5/520 ***
Training fitness: 0.5761553836043944
Model size: (3, 16)
Validation fitness: 0.5597775659950537 !!!
Elapsed: 1.7431540489196777

*** Epoch 1, batch 6/520 ***
Training fitness: 0.609571254257076
Model size: (2, 9)
Validation fitness: 0.4941074354569114 
Elapsed: 1.7195191383361816

*** Epoch 1, batch 7/520 ***
Training fitness: 0.6467146887730117
Model size: (2, 10)
Validation fitness: 0.6375852766338196 !!!
Elapsed: 1.7151577472686768

*** Epoch 1, batch 8/520 ***
Training fitness: 0.660794803297045
Model size: (2, 10)
Validation fitness: 0.6375852766338196 
Elapsed: 1.7256689071655273

*** Epoch 1, batch 9/520 ***
Training fitness: 0.6439475606882652
Model size: (2, 10)
Validation fitness: 0.6375852766338196 
Elapsed: 1.682776689529419

*** Epoch 1, batch 10/520 ***
Training fitness: 0.6124058129736383
Model size: (3, 10)
Validation fitness: 0.59632491915653 
Elapsed: 1.75807785987854

*** Epoch 1, batch 11/520 ***
Training fitness: 0.65657749761662
Model size: (2, 10)
Validation fitness: 0.6375852766338196 
Elapsed: 1.7201530933380127

*** Epoch 1, batch 12/520 ***
Training fitness: 0.6764845625086436
Model size: (3, 7)
Validation fitness: 0.6642017929740484 !!!
Elapsed: 1.793776273727417

*** Epoch 1, batch 13/520 ***
Training fitness: 0.7436763178819588
Model size: (3, 10)
Validation fitness: 0.6510250710978756 
Elapsed: 1.7562780380249023

*** Epoch 1, batch 14/520 ***
Training fitness: 0.7437836453061002
Model size: (3, 8)
Validation fitness: 0.6940100696122457 !!!
Elapsed: 1.825324296951294

*** Epoch 1, batch 15/520 ***
Training fitness: 0.7454180536177908
Model size: (3, 8)
Validation fitness: 0.6940100696122457 
Elapsed: 1.7826964855194092

*** Epoch 1, batch 16/520 ***
Training fitness: 0.7000592897214165
Model size: (4, 12)
Validation fitness: 0.6872195970972163 
Elapsed: 1.764901876449585

*** Epoch 1, batch 17/520 ***
Training fitness: 0.7219942748312441
Model size: (3, 8)
Validation fitness: 0.6940100696122457 
Elapsed: 1.8312287330627441

*** Epoch 1, batch 18/520 ***
Training fitness: 0.6918689839012749
Model size: (3, 8)
Validation fitness: 0.6940100696122457 
Elapsed: 1.808567762374878

*** Epoch 1, batch 19/520 ***
Training fitness: 0.767641346113163
Model size: (3, 5)
Validation fitness: 0.7232226908146224 !!!
Elapsed: 1.755782127380371

*** Epoch 1, batch 20/520 ***
Training fitness: 0.7644409242825653
Model size: (2, 4)
Validation fitness: 0.7526375712057726 !!!
Elapsed: 1.7304348945617676

*** Epoch 1, batch 21/520 ***
Training fitness: 0.7545993032306519
Model size: (4, 6)
Validation fitness: 0.7334830025456711 
Elapsed: 1.7615857124328613

*** Epoch 1, batch 22/520 ***
Training fitness: 0.8071138126168779
Model size: (2, 4)
Validation fitness: 0.7526375712057726 
Elapsed: 1.6947600841522217

*** Epoch 1, batch 23/520 ***
Training fitness: 0.7536953635612565
Model size: (2, 4)
Validation fitness: 0.7526375712057726 
Elapsed: 1.7311909198760986

*** Epoch 1, batch 24/520 ***
Training fitness: 0.7227910243605342
Model size: (2, 4)
Validation fitness: 0.737836464872458 
Elapsed: 1.6802754402160645

*** Epoch 1, batch 25/520 ***
Training fitness: 0.8170782365075305
Model size: (1, 2)
Validation fitness: 0.7250562332386331 
Elapsed: 1.6007683277130127

*** Epoch 1, batch 26/520 ***
Training fitness: 0.7862687249346056
Model size: (2, 4)
Validation fitness: 0.7526375712057726 
Elapsed: 1.681220531463623

*** Epoch 1, batch 27/520 ***
Training fitness: 0.788180835575643
Model size: (1, 3)
Validation fitness: 0.7481524541666817 
Elapsed: 1.6672484874725342

*** Epoch 1, batch 28/520 ***
Training fitness: 0.7725302501086517
Model size: (2, 4)
Validation fitness: 0.7526375712057726 
Elapsed: 1.6981098651885986

*** Epoch 1, batch 29/520 ***
Training fitness: 0.7593865354026588
Model size: (5, 9)
Validation fitness: 0.741501092832244 
Elapsed: 1.7079999446868896

*** Epoch 1, batch 30/520 ***
Training fitness: 0.8484079167564892
Model size: (2, 5)
Validation fitness: 0.7399711919299572 
Elapsed: 1.8001456260681152

*** Epoch 1, batch 31/520 ***
Training fitness: 0.7782833361724448
Model size: (2, 4)
Validation fitness: 0.7526375712057726 
Elapsed: 1.7277226448059082

*** Epoch 1, batch 32/520 ***
Training fitness: 0.7896255035470593
Model size: (2, 4)
Validation fitness: 0.7526375712057726 
Elapsed: 1.7432985305786133

*** Epoch 1, batch 33/520 ***
Training fitness: 0.8136016241033284
Model size: (2, 4)
Validation fitness: 0.7466599816458889 
Elapsed: 1.7318427562713623

*** Epoch 1, batch 34/520 ***
Training fitness: 0.7809388615610964
Model size: (3, 5)
Validation fitness: 0.7488540108147276 
Elapsed: 1.696303129196167

*** Epoch 1, batch 35/520 ***
Training fitness: 0.8204686539966104
Model size: (2, 4)
Validation fitness: 0.7669307117365559 !!!
Elapsed: 1.6890552043914795

*** Epoch 1, batch 36/520 ***
Training fitness: 0.7976786294738184
Model size: (2, 4)
Validation fitness: 0.7466599816458889 
Elapsed: 1.6325559616088867

*** Epoch 1, batch 37/520 ***
Training fitness: 0.8007094786142067
Model size: (4, 11)
Validation fitness: 0.7641554866503976 
Elapsed: 1.727452039718628

*** Epoch 1, batch 38/520 ***
Training fitness: 0.8057630523706415
Model size: (5, 11)
Validation fitness: 0.7612401615973726 
Elapsed: 1.7423291206359863

*** Epoch 1, batch 39/520 ***
Training fitness: 0.7708285195011658
Model size: (2, 5)
Validation fitness: 0.7835125020139232 !!!
Elapsed: 1.7476530075073242

*** Epoch 1, batch 40/520 ***
Training fitness: 0.8256643365808978
Model size: (6, 12)
Validation fitness: 0.7426084767322065 
Elapsed: 1.8786141872406006

*** Epoch 1, batch 41/520 ***
Training fitness: 0.8004260644053254
Model size: (2, 5)
Validation fitness: 0.7835125020139232 
Elapsed: 1.6316678524017334

*** Epoch 1, batch 42/520 ***
Training fitness: 0.7983270265867051
Model size: (4, 11)
Validation fitness: 0.7641554866503976 
Elapsed: 1.7746527194976807

*** Epoch 1, batch 43/520 ***
Training fitness: 0.7610397308783585
Model size: (1, 3)
Validation fitness: 0.7601220626838024 
Elapsed: 1.5832741260528564

*** Epoch 1, batch 44/520 ***
Training fitness: 0.8242713008180667
Model size: (2, 4)
Validation fitness: 0.7669307117365559 
Elapsed: 1.6013925075531006

*** Epoch 1, batch 45/520 ***
Training fitness: 0.8207018209037793
Model size: (5, 11)
Validation fitness: 0.7612401615973726 
Elapsed: 1.659320592880249

*** Epoch 1, batch 46/520 ***
Training fitness: 0.7615121308028615
Model size: (2, 4)
Validation fitness: 0.7466599816458889 
Elapsed: 1.5340030193328857

*** Epoch 1, batch 47/520 ***
Training fitness: 0.7735764724023168
Model size: (6, 11)
Validation fitness: 0.7761745718842793 
Elapsed: 1.5121707916259766

*** Epoch 1, batch 48/520 ***
Training fitness: 0.7999482905670908
Model size: (5, 11)
Validation fitness: 0.7612401615973726 
Elapsed: 1.5553476810455322

*** Epoch 1, batch 49/520 ***
Training fitness: 0.8194231807619359
Model size: (6, 12)
Validation fitness: 0.7953365952214089 !!!
Elapsed: 1.544337272644043

*** Epoch 1, batch 50/520 ***
Training fitness: 0.8367798853872107
Model size: (6, 12)
Validation fitness: 0.7953365952214089 
Elapsed: 1.4920766353607178

*** Epoch 1, batch 51/520 ***
Training fitness: 0.8268313074158795
Model size: (6, 12)
Validation fitness: 0.7953365952214089 
Elapsed: 1.5737690925598145

*** Epoch 1, batch 52/520 ***
Training fitness: 0.8119863332622214
Model size: (6, 12)
Validation fitness: 0.7953365952214089 
Elapsed: 1.4844965934753418

*** Epoch 1, batch 53/520 ***
Training fitness: 0.817790412918906
Model size: (5, 11)
Validation fitness: 0.7612401615973726 
Elapsed: 1.5535969734191895

*** Epoch 1, batch 54/520 ***
Training fitness: 0.7942413301079525
Model size: (8, 13)
Validation fitness: 0.7689103403956506 
Elapsed: 1.4214503765106201

*** Epoch 1, batch 55/520 ***
Training fitness: 0.7935925896744604
Model size: (6, 12)
Validation fitness: 0.7953365952214089 
Elapsed: 1.431640386581421

*** Epoch 1, batch 56/520 ***
Training fitness: 0.7609912775064849
Model size: (4, 5)
Validation fitness: 0.7572969334323705 
Elapsed: 1.420823574066162

*** Epoch 1, batch 57/520 ***
Training fitness: 0.8104366265709629
Model size: (6, 12)
Validation fitness: 0.7953365952214089 
Elapsed: 1.4455533027648926

*** Epoch 1, batch 58/520 ***
Training fitness: 0.8025304556629181
Model size: (6, 12)
Validation fitness: 0.7953365952214089 
Elapsed: 1.4674232006072998

*** Epoch 1, batch 59/520 ***
Training fitness: 0.790294902137259
Model size: (6, 12)
Validation fitness: 0.7953365952214089 
Elapsed: 1.5914514064788818

*** Epoch 1, batch 60/520 ***
Training fitness: 0.7749594797550052
Model size: (5, 8)
Validation fitness: 0.757095731135706 
Elapsed: 1.5248608589172363

*** Epoch 1, batch 61/520 ***
Training fitness: 0.7786765154304499
Model size: (5, 8)
Validation fitness: 0.757095731135706 
Elapsed: 1.5552031993865967

*** Epoch 1, batch 62/520 ***
Training fitness: 0.7870317881159149
Model size: (4, 5)
Validation fitness: 0.7572969334323705 
Elapsed: 1.497206687927246

*** Epoch 1, batch 63/520 ***
Training fitness: 0.8300684603843139
Model size: (3, 4)
Validation fitness: 0.762597027339041 
Elapsed: 1.5735642910003662

*** Epoch 1, batch 64/520 ***
Training fitness: 0.7848161133352212
Model size: (3, 4)
Validation fitness: 0.762597027339041 
Elapsed: 1.52750563621521

*** Epoch 1, batch 65/520 ***
Training fitness: 0.7446406491917844
Model size: (4, 5)
Validation fitness: 0.7572969334323705 
Elapsed: 1.5327467918395996

*** Epoch 1, batch 66/520 ***
Training fitness: 0.7827006099980104
Model size: (5, 8)
Validation fitness: 0.757095731135706 
Elapsed: 1.6230392456054688

*** Epoch 1, batch 67/520 ***
Training fitness: 0.7997029004167474
Model size: (5, 7)
Validation fitness: 0.7619501129415306 
Elapsed: 1.5663068294525146

*** Epoch 1, batch 68/520 ***
Training fitness: 0.8303774354226523
Model size: (5, 6)
Validation fitness: 0.7719678140123784 
Elapsed: 1.5768277645111084

*** Epoch 1, batch 69/520 ***
Training fitness: 0.7645400868449752
Model size: (5, 8)
Validation fitness: 0.757095731135706 
Elapsed: 1.6016380786895752

*** Epoch 1, batch 70/520 ***
Training fitness: 0.7610990961810299
Model size: (4, 7)
Validation fitness: 0.7588942032757517 
Elapsed: 2.2692294120788574

*** Epoch 1, batch 71/520 ***
Training fitness: 0.7892148432669738
Model size: (4, 7)
Validation fitness: 0.7531758291332297 
Elapsed: 3.279444694519043

*** Epoch 1, batch 72/520 ***
Training fitness: 0.7820145120159115
Model size: (5, 7)
Validation fitness: 0.742949352020707 
Elapsed: 3.2984001636505127

*** Epoch 1, batch 73/520 ***
Training fitness: 0.8123226077775274
Model size: (4, 8)
Validation fitness: 0.7661874614896049 
Elapsed: 3.285763740539551

*** Epoch 1, batch 74/520 ***
Training fitness: 0.7606125820556534
Model size: (4, 7)
Validation fitness: 0.7416050622935605 
Elapsed: 3.266225576400757

*** Epoch 1, batch 75/520 ***
Training fitness: 0.7283979137150893
Model size: (5, 8)
Validation fitness: 0.757095731135706 
Elapsed: 3.2784969806671143

*** Epoch 1, batch 76/520 ***
Training fitness: 0.7930331297145736
Model size: (6, 8)
Validation fitness: 0.6752122973336013 
Elapsed: 3.426609754562378

*** Epoch 1, batch 77/520 ***
Training fitness: 0.7777047635416885
Model size: (5, 8)
Validation fitness: 0.757095731135706 
Elapsed: 3.3910467624664307

*** Epoch 1, batch 78/520 ***
Training fitness: 0.8122553724611681
Model size: (4, 5)
Validation fitness: 0.7769623542875809 
Elapsed: 3.2679824829101562

*** Epoch 1, batch 79/520 ***
Training fitness: 0.7733081790232769
Model size: (3, 4)
Validation fitness: 0.755341865842713 
Elapsed: 3.3129003047943115

*** Epoch 1, batch 80/520 ***
Training fitness: 0.7722544417082784
Model size: (5, 8)
Validation fitness: 0.757095731135706 
Elapsed: 3.321688175201416

*** Epoch 1, batch 81/520 ***
Training fitness: 0.800981395985318
Model size: (5, 8)
Validation fitness: 0.7731591439108836 
Elapsed: 3.3905956745147705

*** Epoch 1, batch 82/520 ***
Training fitness: 0.8071676893801462
Model size: (5, 9)
Validation fitness: 0.7674335700744014 
Elapsed: 3.436357259750366

*** Epoch 1, batch 83/520 ***
Training fitness: 0.8289069431962842
Model size: (5, 9)
Validation fitness: 0.7669629130303652 
Elapsed: 3.2487905025482178

*** Epoch 1, batch 84/520 ***
Training fitness: 0.8448889521730065
Model size: (5, 9)
Validation fitness: 0.7674335700744014 
Elapsed: 3.2163236141204834

*** Epoch 1, batch 85/520 ***
Training fitness: 0.7655178730611183
Model size: (6, 9)
Validation fitness: 0.7665891664350433 
Elapsed: 3.393159866333008

*** Epoch 1, batch 86/520 ***
Training fitness: 0.7844727083818144
Model size: (5, 9)
Validation fitness: 0.7674335700744014 
Elapsed: 3.2884488105773926

*** Epoch 1, batch 87/520 ***
Training fitness: 0.7783296990233057
Model size: (5, 8)
Validation fitness: 0.7731591439108836 
Elapsed: 3.3102948665618896

*** Epoch 1, batch 88/520 ***
Training fitness: 0.8145086289773458
Model size: (4, 7)
Validation fitness: 0.7164561688696939 
Elapsed: 3.17978572845459

*** Epoch 1, batch 89/520 ***
Training fitness: 0.7854339287326675
Model size: (6, 10)
Validation fitness: 0.754149841748885 
Elapsed: 3.4030535221099854

*** Epoch 1, batch 90/520 ***
Training fitness: 0.7993614284705641
Model size: (5, 8)
Validation fitness: 0.7731591439108836 
Elapsed: 3.2256410121917725

*** Epoch 1, batch 91/520 ***
Training fitness: 0.8126411716049747
Model size: (5, 8)
Validation fitness: 0.7731591439108836 
Elapsed: 3.1075241565704346

*** Epoch 1, batch 92/520 ***
Training fitness: 0.7782245283830312
Model size: (6, 10)
Validation fitness: 0.754149841748885 
Elapsed: 3.282087802886963

*** Epoch 1, batch 93/520 ***
Training fitness: 0.8266456744771938
Model size: (7, 9)
Validation fitness: 0.7373647198406459 
Elapsed: 3.204756021499634

*** Epoch 1, batch 94/520 ***
Training fitness: 0.830679344102084
Model size: (4, 7)
Validation fitness: 0.7164561688696939 
Elapsed: 3.3614354133605957

*** Epoch 1, batch 95/520 ***
Training fitness: 0.7745597291583007
Model size: (3, 5)
Validation fitness: 0.7741223835327952 
Elapsed: 3.1002657413482666

*** Epoch 1, batch 96/520 ***
Training fitness: 0.7996737984829752
Model size: (6, 11)
Validation fitness: 0.7623631574563764 
Elapsed: 3.092118740081787

*** Epoch 1, batch 97/520 ***
Training fitness: 0.7835872599256286
Model size: (6, 10)
Validation fitness: 0.754149841748885 
Elapsed: 3.3554728031158447

*** Epoch 1, batch 98/520 ***
Training fitness: 0.778514282710452
Model size: (4, 5)
Validation fitness: 0.7570305838469137 
Elapsed: 3.242929220199585

*** Epoch 1, batch 99/520 ***
Training fitness: 0.7843426694135227
Model size: (6, 10)
Validation fitness: 0.754149841748885 
Elapsed: 3.452472686767578

*** Epoch 1, batch 100/520 ***
Training fitness: 0.7666678807869982
Model size: (6, 10)
Validation fitness: 0.7693163060564071 
Elapsed: 3.3898112773895264

*** Epoch 1, batch 101/520 ***
Training fitness: 0.7946327731929794
Model size: (6, 10)
Validation fitness: 0.7693163060564071 
Elapsed: 3.456282615661621

*** Epoch 1, batch 102/520 ***
Training fitness: 0.7913878164745889
Model size: (6, 12)
Validation fitness: 0.7278944663249645 
Elapsed: 3.302051067352295

*** Epoch 1, batch 103/520 ***
Training fitness: 0.7780172763475347
Model size: (6, 10)
Validation fitness: 0.7693163060564071 
Elapsed: 3.3718113899230957

*** Epoch 1, batch 104/520 ***
Training fitness: 0.7964045284190719
Model size: (6, 13)
Validation fitness: 0.7544728627250025 
Elapsed: 3.3069305419921875

*** Epoch 1, batch 105/520 ***
Training fitness: 0.804002525027737
Model size: (6, 10)
Validation fitness: 0.7693163060564071 
Elapsed: 3.3630075454711914

*** Epoch 1, batch 106/520 ***
Training fitness: 0.7824273871971975
Model size: (5, 10)
Validation fitness: 0.7763469841682581 
Elapsed: 3.177992820739746

*** Epoch 1, batch 107/520 ***
Training fitness: 0.7484663718360064
Model size: (5, 10)
Validation fitness: 0.7763469841682581 
Elapsed: 3.095100164413452

*** Epoch 1, batch 108/520 ***
Training fitness: 0.7972074909924837
Model size: (4, 5)
Validation fitness: 0.7628818058996976 
Elapsed: 3.12715744972229

*** Epoch 1, batch 109/520 ***
Training fitness: 0.7786649900420345
Model size: (5, 10)
Validation fitness: 0.7763469841682581 
Elapsed: 3.2293076515197754

*** Epoch 1, batch 110/520 ***
Training fitness: 0.7844099880864173
Model size: (5, 10)
Validation fitness: 0.7763469841682581 
Elapsed: 3.1165544986724854

*** Epoch 1, batch 111/520 ***
Training fitness: 0.7485716355284125
Model size: (5, 10)
Validation fitness: 0.7763469841682581 
Elapsed: 2.949110507965088

*** Epoch 1, batch 112/520 ***
Training fitness: 0.7841923384933942
Model size: (4, 5)
Validation fitness: 0.7570305838469137 
Elapsed: 3.0812089443206787

*** Epoch 1, batch 113/520 ***
Training fitness: 0.7632258469893367
Model size: (5, 10)
Validation fitness: 0.7763469841682581 
Elapsed: 2.142331123352051

*** Epoch 1, batch 114/520 ***
Training fitness: 0.8121787798842849
Model size: (5, 9)
Validation fitness: 0.8017282615400498 !!!
Elapsed: 1.5530455112457275

*** Epoch 1, batch 115/520 ***
Training fitness: 0.7969236107722487
Model size: (5, 9)
Validation fitness: 0.8017282615400498 
Elapsed: 1.5232808589935303

*** Epoch 1, batch 116/520 ***
Training fitness: 0.8254975895605698
Model size: (5, 9)
Validation fitness: 0.8017282615400498 
Elapsed: 1.4979689121246338

*** Epoch 1, batch 117/520 ***
Training fitness: 0.7695851544374068
Model size: (5, 9)
Validation fitness: 0.8017282615400498 
Elapsed: 1.5291190147399902

*** Epoch 1, batch 118/520 ***
Training fitness: 0.7856240213277643
Model size: (5, 9)
Validation fitness: 0.8017282615400498 
Elapsed: 1.5490059852600098

*** Epoch 1, batch 119/520 ***
Training fitness: 0.8308266581630339
Model size: (5, 9)
Validation fitness: 0.8017282615400498 
Elapsed: 1.5477969646453857

*** Epoch 1, batch 120/520 ***
Training fitness: 0.8159837978469666
Model size: (5, 9)
Validation fitness: 0.8017282615400498 
Elapsed: 1.4880480766296387

*** Epoch 1, batch 121/520 ***
Training fitness: 0.7529980543424158
Model size: (7, 14)
Validation fitness: 0.7336304661020124 
Elapsed: 1.3699750900268555

*** Epoch 1, batch 122/520 ***
Training fitness: 0.7445348405048119
Model size: (10, 15)
Validation fitness: 0.7416852346394198 
Elapsed: 1.3094685077667236

*** Epoch 1, batch 123/520 ***
Training fitness: 0.7657006619970366
Model size: (5, 8)
Validation fitness: 0.7365281162631472 
Elapsed: 1.3626434803009033

*** Epoch 1, batch 124/520 ***
Training fitness: 0.7808486685611642
Model size: (6, 10)
Validation fitness: 0.7494286988869616 
Elapsed: 1.4270830154418945

*** Epoch 1, batch 125/520 ***
Training fitness: 0.7573857897914725
Model size: (4, 6)
Validation fitness: 0.747263018981098 
Elapsed: 1.3743419647216797

*** Epoch 1, batch 126/520 ***
Training fitness: 0.7812755900236648
Model size: (11, 15)
Validation fitness: 0.7389375956339799 
Elapsed: 1.366128921508789

*** Epoch 1, batch 127/520 ***
Training fitness: 0.7440718631214769
Model size: (4, 6)
Validation fitness: 0.747263018981098 
Elapsed: 1.4383866786956787

*** Epoch 1, batch 128/520 ***
Training fitness: 0.765331790324375
Model size: (7, 11)
Validation fitness: 0.749148858810742 
Elapsed: 1.3347537517547607

*** Epoch 1, batch 129/520 ***
Training fitness: 0.7635169033682674
Model size: (9, 14)
Validation fitness: 0.7416922934567358 
Elapsed: 1.3828225135803223

*** Epoch 1, batch 130/520 ***
Training fitness: 0.7765905906990884
Model size: (6, 8)
Validation fitness: 0.750931411726607 
Elapsed: 1.3600168228149414

*** Epoch 1, batch 131/520 ***
Training fitness: 0.7924083061025533
Model size: (7, 9)
Validation fitness: 0.7486764923672088 
Elapsed: 1.4184801578521729

*** Epoch 1, batch 132/520 ***
Training fitness: 0.7749451521626325
Model size: (7, 9)
Validation fitness: 0.7486764923672088 
Elapsed: 1.448768138885498

*** Epoch 1, batch 133/520 ***
Training fitness: 0.795971363865976
Model size: (4, 8)
Validation fitness: 0.7414996119425495 
Elapsed: 1.5079619884490967

*** Epoch 1, batch 134/520 ***
Training fitness: 0.7630633313264275
Model size: (6, 7)
Validation fitness: 0.740301571876922 
Elapsed: 1.525602102279663

*** Epoch 1, batch 135/520 ***
Training fitness: 0.733774896204943
Model size: (6, 7)
Validation fitness: 0.7745763679791601 
Elapsed: 1.4251995086669922

*** Epoch 1, batch 136/520 ***
Training fitness: 0.7833788558307602
Model size: (6, 7)
Validation fitness: 0.7745763679791601 
Elapsed: 1.4538531303405762

*** Epoch 1, batch 137/520 ***
Training fitness: 0.7692760850112438
Model size: (6, 7)
Validation fitness: 0.7745763679791601 
Elapsed: 1.4155726432800293

*** Epoch 1, batch 138/520 ***
Training fitness: 0.7768472379831795
Model size: (6, 7)
Validation fitness: 0.7745763679791601 
Elapsed: 1.4131968021392822

*** Epoch 1, batch 139/520 ***
Training fitness: 0.8100254060908136
Model size: (6, 7)
Validation fitness: 0.7745763679791601 
Elapsed: 1.4513294696807861

*** Epoch 1, batch 140/520 ***
Training fitness: 0.7950560943958566
Model size: (6, 7)
Validation fitness: 0.7745763679791601 
Elapsed: 1.4352760314941406

*** Epoch 1, batch 141/520 ***
Training fitness: 0.7437253676750872
Model size: (6, 10)
Validation fitness: 0.7525178855883623 
Elapsed: 1.4394292831420898

*** Epoch 1, batch 142/520 ***
Training fitness: 0.8136721518860692
Model size: (8, 11)
Validation fitness: 0.7616382384661288 
Elapsed: 1.518369197845459

*** Epoch 1, batch 143/520 ***
Training fitness: 0.8431820702973998
Model size: (8, 11)
Validation fitness: 0.7616382384661288 
Elapsed: 1.4045217037200928

*** Epoch 1, batch 144/520 ***
Training fitness: 0.7593988107486769
Model size: (6, 7)
Validation fitness: 0.7745763679791601 
Elapsed: 1.431668996810913

*** Epoch 1, batch 145/520 ***
Training fitness: 0.7817390863795131
Model size: (5, 8)
Validation fitness: 0.7005144876357196 
Elapsed: 1.4984931945800781

*** Epoch 1, batch 146/520 ***
Training fitness: 0.7411775802200685
Model size: (6, 7)
Validation fitness: 0.7745763679791601 
Elapsed: 1.3999931812286377

*** Epoch 1, batch 147/520 ***
Training fitness: 0.7757169006327111
Model size: (6, 7)
Validation fitness: 0.7745763679791601 
Elapsed: 1.3899753093719482

*** Epoch 1, batch 148/520 ***
Training fitness: 0.7562189188428364
Model size: (6, 7)
Validation fitness: 0.7745763679791601 
Elapsed: 1.4672439098358154

*** Epoch 1, batch 149/520 ***
Training fitness: 0.7505380767030575
Model size: (7, 9)
Validation fitness: 0.7163310934064018 
Elapsed: 1.4675734043121338

*** Epoch 1, batch 150/520 ***
Training fitness: 0.7567940943590683
Model size: (8, 12)
Validation fitness: 0.7674019579398992 
Elapsed: 1.522507667541504

*** Epoch 1, batch 151/520 ***
Training fitness: 0.7870616212582198
Model size: (6, 7)
Validation fitness: 0.7745763679791601 
Elapsed: 1.8360579013824463

*** Epoch 1, batch 152/520 ***
Training fitness: 0.7859834520828348
Model size: (8, 9)
Validation fitness: 0.7635291660527733 
Elapsed: 1.3795804977416992

*** Epoch 1, batch 153/520 ***
Training fitness: 0.8165693836566102
Model size: (8, 9)
Validation fitness: 0.7635291660527733 
Elapsed: 1.4121813774108887

*** Epoch 1, batch 154/520 ***
Training fitness: 0.7952661010727785
Model size: (8, 9)
Validation fitness: 0.7635291660527733 
Elapsed: 1.3673224449157715

*** Epoch 1, batch 155/520 ***
Training fitness: 0.7508312237532806
Model size: (8, 12)
Validation fitness: 0.7674019579398992 
Elapsed: 1.4350337982177734

*** Epoch 1, batch 156/520 ***
Training fitness: 0.7801631864833412
Model size: (8, 12)
Validation fitness: 0.7674019579398992 
Elapsed: 1.4035325050354004

*** Epoch 1, batch 157/520 ***
Training fitness: 0.7567780068109128
Model size: (8, 10)
Validation fitness: 0.7526826094644931 
Elapsed: 1.407306432723999

*** Epoch 1, batch 158/520 ***
Training fitness: 0.831291794384558
Model size: (8, 10)
Validation fitness: 0.7526826094644931 
Elapsed: 1.4358367919921875

*** Epoch 1, batch 159/520 ***
Training fitness: 0.8032253587464984
Model size: (7, 7)
Validation fitness: 0.7555892792956579 
Elapsed: 1.332576036453247

*** Epoch 1, batch 160/520 ***
Training fitness: 0.7962242729105319
Model size: (8, 10)
Validation fitness: 0.7517684633246945 
Elapsed: 1.467346429824829

*** Epoch 1, batch 161/520 ***
Training fitness: 0.7746525382234191
Model size: (8, 12)
Validation fitness: 0.7674019579398992 
Elapsed: 1.4477486610412598

*** Epoch 1, batch 162/520 ***
Training fitness: 0.7547215033408556
Model size: (8, 12)
Validation fitness: 0.7674019579398992 
Elapsed: 1.4526023864746094

*** Epoch 1, batch 163/520 ***
Training fitness: 0.7866018138061333
Model size: (8, 9)
Validation fitness: 0.7635291660527733 
Elapsed: 1.3409600257873535

*** Epoch 1, batch 164/520 ***
Training fitness: 0.7482068184027043
Model size: (7, 9)
Validation fitness: 0.7474424095667946 
Elapsed: 1.3484828472137451

*** Epoch 1, batch 165/520 ***
Training fitness: 0.7673238424157875
Model size: (8, 12)
Validation fitness: 0.7419348800569832 
Elapsed: 1.3086419105529785

*** Epoch 1, batch 166/520 ***
Training fitness: 0.7740548058534873
Model size: (7, 6)
Validation fitness: 0.7562929524064052 
Elapsed: 1.3639883995056152

*** Epoch 1, batch 167/520 ***
Training fitness: 0.7785889927939367
Model size: (12, 19)
Validation fitness: 0.7446489843472505 
Elapsed: 1.4009370803833008

*** Epoch 1, batch 168/520 ***
Training fitness: 0.750201560842055
Model size: (7, 13)
Validation fitness: 0.7354638467136297 
Elapsed: 1.518315315246582

*** Epoch 1, batch 169/520 ***
Training fitness: 0.7748450447938642
Model size: (11, 18)
Validation fitness: 0.7538142999185327 
Elapsed: 1.456186056137085

*** Epoch 1, batch 170/520 ***
Training fitness: 0.7686658988547078
Model size: (10, 11)
Validation fitness: 0.7471841910475748 
Elapsed: 1.3689827919006348

*** Epoch 1, batch 171/520 ***
Training fitness: 0.800597207399264
Model size: (11, 17)
Validation fitness: 0.7526424108699254 
Elapsed: 1.4067833423614502

*** Epoch 1, batch 172/520 ***
Training fitness: 0.7657155442440613
Model size: (11, 18)
Validation fitness: 0.7538142999185327 
Elapsed: 1.3093233108520508

*** Epoch 1, batch 173/520 ***
Training fitness: 0.7467292547515916
Model size: (11, 15)
Validation fitness: 0.7436661951267469 
Elapsed: 1.3773531913757324

*** Epoch 1, batch 174/520 ***
Training fitness: 0.7700381441869313
Model size: (12, 19)
Validation fitness: 0.7494732329433815 
Elapsed: 1.3754022121429443

*** Epoch 1, batch 175/520 ***
Training fitness: 0.7707682148303678
Model size: (9, 13)
Validation fitness: 0.7480733690448504 
Elapsed: 1.3278300762176514

*** Epoch 1, batch 176/520 ***
Training fitness: 0.7583488969860428
Model size: (8, 11)
Validation fitness: 0.7427539058986622 
Elapsed: 1.3067848682403564

*** Epoch 1, batch 177/520 ***
Training fitness: 0.7977071678866088
Model size: (10, 16)
Validation fitness: 0.7528234704902872 
Elapsed: 1.2958743572235107

*** Epoch 1, batch 178/520 ***
Training fitness: 0.7614218696583693
Model size: (11, 17)
Validation fitness: 0.7549637665721621 
Elapsed: 1.4246585369110107

*** Epoch 1, batch 179/520 ***
Training fitness: 0.7721464898571176
Model size: (6, 8)
Validation fitness: 0.74092810685002 
Elapsed: 1.3346211910247803

*** Epoch 1, batch 180/520 ***
Training fitness: 0.7222377096241818
Model size: (11, 18)
Validation fitness: 0.7468999978374579 
Elapsed: 1.3042011260986328

*** Epoch 1, batch 181/520 ***
Training fitness: 0.7874977589487837
Model size: (11, 17)
Validation fitness: 0.7549637665721621 
Elapsed: 1.3131847381591797

*** Epoch 1, batch 182/520 ***
Training fitness: 0.7855482020904667
Model size: (9, 12)
Validation fitness: 0.7513842537040516 
Elapsed: 1.2906928062438965

*** Epoch 1, batch 183/520 ***
Training fitness: 0.7294522321806741
Model size: (7, 9)
Validation fitness: 0.7432435604791435 
Elapsed: 1.3010296821594238

*** Epoch 1, batch 184/520 ***
Training fitness: 0.7856602788493083
Model size: (8, 10)
Validation fitness: 0.7546263585079029 
Elapsed: 1.3206713199615479

*** Epoch 1, batch 185/520 ***
Training fitness: 0.7511653880573215
Model size: (12, 15)
Validation fitness: 0.7555747383327772 
Elapsed: 1.3670527935028076

*** Epoch 1, batch 186/520 ***
Training fitness: 0.813586536228992
Model size: (8, 10)
Validation fitness: 0.7546263585079029 
Elapsed: 1.4362735748291016

*** Epoch 1, batch 187/520 ***
Training fitness: 0.7541846848156767
Model size: (12, 15)
Validation fitness: 0.7555747383327772 
Elapsed: 1.2882328033447266

*** Epoch 1, batch 188/520 ***
Training fitness: 0.767710503437866
Model size: (8, 15)
Validation fitness: 0.7420664330115124 
Elapsed: 1.2952077388763428

*** Epoch 1, batch 189/520 ***
Training fitness: 0.7676670073066825
Model size: (12, 15)
Validation fitness: 0.7555747383327772 
Elapsed: 1.2843544483184814

*** Epoch 1, batch 190/520 ***
Training fitness: 0.7623026641810469
Model size: (12, 15)
Validation fitness: 0.7555747383327772 
Elapsed: 1.296039342880249

*** Epoch 1, batch 191/520 ***
Training fitness: 0.7962339808991277
Model size: (8, 10)
Validation fitness: 0.7546263585079029 
Elapsed: 1.3026986122131348

*** Epoch 1, batch 192/520 ***
Training fitness: 0.7622122598115335
Model size: (8, 10)
Validation fitness: 0.7546263585079029 
Elapsed: 1.315173625946045

*** Epoch 1, batch 193/520 ***
Training fitness: 0.7315831114014085
Model size: (11, 11)
Validation fitness: 0.7556561529193916 
Elapsed: 1.2896850109100342

*** Epoch 1, batch 194/520 ***
Training fitness: 0.760604265938641
Model size: (11, 13)
Validation fitness: 0.7558564799766739 
Elapsed: 1.4643030166625977

*** Epoch 1, batch 195/520 ***
Training fitness: 0.8230798852189345
Model size: (12, 18)
Validation fitness: 0.7489888646852233 
Elapsed: 1.320629358291626

*** Epoch 1, batch 196/520 ***
Training fitness: 0.7495986588700277
Model size: (13, 17)
Validation fitness: 0.7534820033988238 
Elapsed: 1.3040742874145508

*** Epoch 1, batch 197/520 ***
Training fitness: 0.7400213725644798
Model size: (8, 7)
Validation fitness: 0.7428326985247864 
Elapsed: 1.2966296672821045

*** Epoch 1, batch 198/520 ***
Training fitness: 0.7824521649178967
Model size: (12, 13)
Validation fitness: 0.7470079891486522 
Elapsed: 1.333698034286499

*** Epoch 1, batch 199/520 ***
Training fitness: 0.7448283171194454
Model size: (8, 7)
Validation fitness: 0.742597103223603 
Elapsed: 1.3280375003814697

*** Epoch 1, batch 200/520 ***
Training fitness: 0.7515866219215488
Model size: (13, 18)
Validation fitness: 0.7485976859271588 
Elapsed: 1.3130223751068115

*** Epoch 1, batch 201/520 ***
Training fitness: 0.8136970648954682
Model size: (9, 10)
Validation fitness: 0.7572277752662386 
Elapsed: 1.344280481338501

*** Epoch 1, batch 202/520 ***
Training fitness: 0.7888953209230253
Model size: (15, 21)
Validation fitness: 0.7538119629481962 
Elapsed: 1.4011297225952148

*** Epoch 1, batch 203/520 ***
Training fitness: 0.7932400411435984
Model size: (6, 4)
Validation fitness: 0.736954242060121 
Elapsed: 1.3409883975982666

*** Epoch 1, batch 204/520 ***
Training fitness: 0.7803203641988868
Model size: (15, 21)
Validation fitness: 0.7538119629481962 
Elapsed: 1.3840358257293701

*** Epoch 1, batch 205/520 ***
Training fitness: 0.7152988464942578
Model size: (7, 9)
Validation fitness: 0.7533258714711472 
Elapsed: 1.4410004615783691

*** Epoch 1, batch 206/520 ***
Training fitness: 0.751880580871348
Model size: (14, 18)
Validation fitness: 0.7540843006202795 
Elapsed: 1.3687994480133057

*** Epoch 1, batch 207/520 ***
Training fitness: 0.7831253787378363
Model size: (13, 14)
Validation fitness: 0.7470200525088759 
Elapsed: 1.3844611644744873

*** Epoch 1, batch 208/520 ***
Training fitness: 0.788270470857946
Model size: (6, 4)
Validation fitness: 0.7552177282153012 
Elapsed: 1.381730079650879

*** Epoch 1, batch 209/520 ***
Training fitness: 0.7448144904042807
Model size: (13, 14)
Validation fitness: 0.7470200525088759 
Elapsed: 1.378974199295044

*** Epoch 1, batch 210/520 ***
Training fitness: 0.783719150049701
Model size: (14, 18)
Validation fitness: 0.7540843006202795 
Elapsed: 1.456348180770874

*** Epoch 1, batch 211/520 ***
Training fitness: 0.7551015642083501
Model size: (6, 5)
Validation fitness: 0.7539131482342056 
Elapsed: 1.3507089614868164

*** Epoch 1, batch 212/520 ***
Training fitness: 0.8091246030553918
Model size: (13, 14)
Validation fitness: 0.7470200525088759 
Elapsed: 1.3450899124145508

*** Epoch 1, batch 213/520 ***
Training fitness: 0.7574823826985577
Model size: (14, 20)
Validation fitness: 0.7533170438304068 
Elapsed: 1.3376696109771729

*** Epoch 1, batch 214/520 ***
Training fitness: 0.7511879323621716
Model size: (6, 7)
Validation fitness: 0.7410342987273518 
Elapsed: 1.4432833194732666

*** Epoch 1, batch 215/520 ***
Training fitness: 0.8188647328678411
Model size: (5, 6)
Validation fitness: 0.7433379641568982 
Elapsed: 1.412024736404419

*** Epoch 1, batch 216/520 ***
Training fitness: 0.7427720972322905
Model size: (14, 18)
Validation fitness: 0.7549989369009521 
Elapsed: 1.3373000621795654

*** Epoch 1, batch 217/520 ***
Training fitness: 0.785327875506784
Model size: (9, 11)
Validation fitness: 0.7555350883671413 
Elapsed: 1.4143142700195312

*** Epoch 1, batch 218/520 ***
Training fitness: 0.7694620066997666
Model size: (14, 18)
Validation fitness: 0.7549989369009521 
Elapsed: 1.4183359146118164

*** Epoch 1, batch 219/520 ***
Training fitness: 0.7742839898326866
Model size: (14, 18)
Validation fitness: 0.7549989369009521 
Elapsed: 1.3611023426055908

*** Epoch 1, batch 220/520 ***
Training fitness: 0.7461283611286558
Model size: (7, 9)
Validation fitness: 0.7612857548544437 
Elapsed: 1.429112195968628

*** Epoch 1, batch 221/520 ***
Training fitness: 0.7407589422553977
Model size: (6, 4)
Validation fitness: 0.7508085376268467 
Elapsed: 1.4248778820037842

*** Epoch 1, batch 222/520 ***
Training fitness: 0.7329796079399872
Model size: (8, 12)
Validation fitness: 0.7412192101366275 
Elapsed: 1.3770315647125244

*** Epoch 1, batch 223/520 ***
Training fitness: 0.7684452628817876
Model size: (7, 9)
Validation fitness: 0.7612857548544437 
Elapsed: 1.4455835819244385

*** Epoch 1, batch 224/520 ***
Training fitness: 0.7724309416618
Model size: (6, 4)
Validation fitness: 0.7508085376268467 
Elapsed: 1.3659570217132568

*** Epoch 1, batch 225/520 ***
Training fitness: 0.7712063168720098
Model size: (6, 4)
Validation fitness: 0.7508085376268467 
Elapsed: 1.3845059871673584

*** Epoch 1, batch 226/520 ***
Training fitness: 0.7782850516393766
Model size: (7, 9)
Validation fitness: 0.7612857548544437 
Elapsed: 1.3546926975250244

*** Epoch 1, batch 227/520 ***
Training fitness: 0.7393323009002253
Model size: (8, 9)
Validation fitness: 0.7521969265345089 
Elapsed: 1.385732889175415

*** Epoch 1, batch 228/520 ***
Training fitness: 0.7730684934509205
Model size: (8, 6)
Validation fitness: 0.755541986384945 
Elapsed: 1.3429336547851562

*** Epoch 1, batch 229/520 ***
Training fitness: 0.7811780575155706
Model size: (7, 8)
Validation fitness: 0.7603910942922185 
Elapsed: 1.3717548847198486

*** Epoch 1, batch 230/520 ***
Training fitness: 0.7972098251226787
Model size: (8, 10)
Validation fitness: 0.7618373303735457 
Elapsed: 1.3704898357391357

*** Epoch 1, batch 231/520 ***
Training fitness: 0.7581226743042969
Model size: (8, 6)
Validation fitness: 0.755541986384945 
Elapsed: 1.337735652923584

*** Epoch 1, batch 232/520 ***
Training fitness: 0.7761869000997774
Model size: (7, 8)
Validation fitness: 0.7603910942922185 
Elapsed: 1.379654884338379

*** Epoch 1, batch 233/520 ***
Training fitness: 0.7649645511556555
Model size: (8, 10)
Validation fitness: 0.7618373303735457 
Elapsed: 1.3879969120025635

*** Epoch 1, batch 234/520 ***
Training fitness: 0.777928394673694
Model size: (8, 10)
Validation fitness: 0.7618373303735457 
Elapsed: 1.4163696765899658

*** Epoch 1, batch 235/520 ***
Training fitness: 0.7988341548678417
Model size: (9, 11)
Validation fitness: 0.7398335854251076 
Elapsed: 1.377357006072998

*** Epoch 1, batch 236/520 ***
Training fitness: 0.7568522757308832
Model size: (9, 11)
Validation fitness: 0.7622300899219931 
Elapsed: 1.5001442432403564

*** Epoch 1, batch 237/520 ***
Training fitness: 0.7769503852934226
Model size: (8, 9)
Validation fitness: 0.7521969265345089 
Elapsed: 1.383350133895874

*** Epoch 1, batch 238/520 ***
Training fitness: 0.753611011081692
Model size: (9, 11)
Validation fitness: 0.7622300899219931 
Elapsed: 1.3653037548065186

*** Epoch 1, batch 239/520 ***
Training fitness: 0.8104631052028578
Model size: (7, 8)
Validation fitness: 0.758795149323959 
Elapsed: 1.4003796577453613

*** Epoch 1, batch 240/520 ***
Training fitness: 0.8152039289158286
Model size: (12, 12)
Validation fitness: 0.6817986070284325 
Elapsed: 1.3632736206054688

*** Epoch 1, batch 241/520 ***
Training fitness: 0.7468932031900865
Model size: (8, 10)
Validation fitness: 0.7618373303735457 
Elapsed: 1.4045774936676025

*** Epoch 1, batch 242/520 ***
Training fitness: 0.8013264063406939
Model size: (9, 10)
Validation fitness: 0.7629824884918432 
Elapsed: 1.3819568157196045

*** Epoch 1, batch 243/520 ***
Training fitness: 0.7878722508574165
Model size: (9, 10)
Validation fitness: 0.7629824884918432 
Elapsed: 1.4098286628723145

*** Epoch 1, batch 244/520 ***
Training fitness: 0.7746865398087875
Model size: (8, 10)
Validation fitness: 0.7618373303735457 
Elapsed: 1.397742748260498

*** Epoch 1, batch 245/520 ***
Training fitness: 0.7481805106416826
Model size: (9, 9)
Validation fitness: 0.7539988495772322 
Elapsed: 1.3671200275421143

*** Epoch 1, batch 246/520 ***
Training fitness: 0.770110666425296
Model size: (8, 10)
Validation fitness: 0.7618373303735457 
Elapsed: 1.3681261539459229

*** Epoch 1, batch 247/520 ***
Training fitness: 0.7636439796283347
Model size: (8, 11)
Validation fitness: 0.75160543765949 
Elapsed: 1.3124144077301025

*** Epoch 1, batch 248/520 ***
Training fitness: 0.7988660932257046
Model size: (9, 10)
Validation fitness: 0.7629824884918432 
Elapsed: 1.3522024154663086

*** Epoch 1, batch 249/520 ***
Training fitness: 0.746629604906191
Model size: (9, 10)
Validation fitness: 0.7629824884918432 
Elapsed: 1.3736064434051514

*** Epoch 1, batch 250/520 ***
Training fitness: 0.7570049741573721
Model size: (8, 11)
Validation fitness: 0.75160543765949 
Elapsed: 1.3335480690002441

*** Epoch 1, batch 251/520 ***
Training fitness: 0.7704986867423498
Model size: (9, 10)
Validation fitness: 0.7629824884918432 
Elapsed: 1.3580787181854248

*** Epoch 1, batch 252/520 ***
Training fitness: 0.7806695003345702
Model size: (10, 12)
Validation fitness: 0.759908888375465 
Elapsed: 1.405562162399292

*** Epoch 1, batch 253/520 ***
Training fitness: 0.7997334086915635
Model size: (9, 10)
Validation fitness: 0.7629824884918432 
Elapsed: 1.489738941192627

*** Epoch 1, batch 254/520 ***
Training fitness: 0.761310880760164
Model size: (9, 10)
Validation fitness: 0.7629824884918432 
Elapsed: 1.4104361534118652

*** Epoch 1, batch 255/520 ***
Training fitness: 0.7688214855336007
Model size: (9, 10)
Validation fitness: 0.7629824884918432 
Elapsed: 1.3768391609191895

*** Epoch 1, batch 256/520 ***
Training fitness: 0.7932068773334676
Model size: (9, 10)
Validation fitness: 0.7629824884918432 
Elapsed: 1.39693021774292

*** Epoch 1, batch 257/520 ***
Training fitness: 0.7951300242599891
Model size: (9, 10)
Validation fitness: 0.7629824884918432 
Elapsed: 1.3882765769958496

*** Epoch 1, batch 258/520 ***
Training fitness: 0.7835922910557017
Model size: (8, 11)
Validation fitness: 0.75160543765949 
Elapsed: 1.342879295349121

*** Epoch 1, batch 259/520 ***
Training fitness: 0.7654432948693122
Model size: (10, 12)
Validation fitness: 0.7589854867989229 
Elapsed: 1.3999645709991455

*** Epoch 1, batch 260/520 ***
Training fitness: 0.7484905413731796
Model size: (8, 11)
Validation fitness: 0.75160543765949 
Elapsed: 1.3774020671844482

*** Epoch 1, batch 261/520 ***
Training fitness: 0.7462744676591887
Model size: (8, 11)
Validation fitness: 0.75160543765949 
Elapsed: 1.464468002319336

*** Epoch 1, batch 262/520 ***
Training fitness: 0.7893195005911132
Model size: (14, 21)
Validation fitness: 0.7656759969066815 
Elapsed: 1.4198930263519287

*** Epoch 1, batch 263/520 ***
Training fitness: 0.8106296987015115
Model size: (14, 21)
Validation fitness: 0.7656759969066815 
Elapsed: 1.405501127243042

*** Epoch 1, batch 264/520 ***
Training fitness: 0.7822284226641126
Model size: (14, 20)
Validation fitness: 0.7589351117814868 
Elapsed: 1.4207994937896729

*** Epoch 1, batch 265/520 ***
Training fitness: 0.7761977033163369
Model size: (14, 20)
Validation fitness: 0.7589351117814868 
Elapsed: 1.481442928314209

*** Epoch 1, batch 266/520 ***
Training fitness: 0.7617975900021575
Model size: (9, 14)
Validation fitness: 0.7595362689759678 
Elapsed: 1.5528030395507812

*** Epoch 1, batch 267/520 ***
Training fitness: 0.7678187978466672
Model size: (11, 18)
Validation fitness: 0.788314203242603 
Elapsed: 1.7339129447937012

*** Epoch 1, batch 268/520 ***
Training fitness: 0.8125557924654214
Model size: (11, 18)
Validation fitness: 0.788314203242603 
Elapsed: 1.8200421333312988

*** Epoch 1, batch 269/520 ***
Training fitness: 0.7712826811731327
Model size: (11, 18)
Validation fitness: 0.788314203242603 
Elapsed: 1.7253444194793701

*** Epoch 1, batch 270/520 ***
Training fitness: 0.7925121429905979
Model size: (11, 18)
Validation fitness: 0.788314203242603 
Elapsed: 1.643967866897583

*** Epoch 1, batch 271/520 ***
Training fitness: 0.8359141305891306
Model size: (11, 18)
Validation fitness: 0.788314203242603 
Elapsed: 1.6783528327941895

*** Epoch 1, batch 272/520 ***
Training fitness: 0.8020937063908042
Model size: (11, 18)
Validation fitness: 0.788314203242603 
Elapsed: 1.6817553043365479

*** Epoch 1, batch 273/520 ***
Training fitness: 0.8043042526432478
Model size: (8, 10)
Validation fitness: 0.7016005651512657 
Elapsed: 1.5617539882659912

*** Epoch 1, batch 274/520 ***
Training fitness: 0.7585183267741956
Model size: (11, 18)
Validation fitness: 0.788314203242603 
Elapsed: 1.725238561630249

*** Epoch 1, batch 275/520 ***
Training fitness: 0.7873421201021777
Model size: (15, 20)
Validation fitness: 0.7649266307339045 
Elapsed: 1.461517572402954

*** Epoch 1, batch 276/520 ***
Training fitness: 0.7758850856854796
Model size: (15, 20)
Validation fitness: 0.7649266307339045 
Elapsed: 1.4201438426971436

*** Epoch 1, batch 277/520 ***
Training fitness: 0.7687972296786144
Model size: (15, 20)
Validation fitness: 0.7649266307339045 
Elapsed: 1.4033327102661133

*** Epoch 1, batch 278/520 ***
Training fitness: 0.8074154986894214
Model size: (15, 22)
Validation fitness: 0.7833593009259617 
Elapsed: 1.3838307857513428

*** Epoch 1, batch 279/520 ***
Training fitness: 0.829083782451453
Model size: (15, 22)
Validation fitness: 0.7833593009259617 
Elapsed: 1.4362707138061523

*** Epoch 1, batch 280/520 ***
Training fitness: 0.8070337848087751
Model size: (15, 22)
Validation fitness: 0.7833593009259617 
Elapsed: 1.472141981124878

*** Epoch 1, batch 281/520 ***
Training fitness: 0.7930704862415234
Model size: (15, 22)
Validation fitness: 0.7833593009259617 
Elapsed: 1.5490732192993164

*** Epoch 1, batch 282/520 ***
Training fitness: 0.7683995358318234
Model size: (12, 13)
Validation fitness: 0.7557153869016764 
Elapsed: 1.3552665710449219

*** Epoch 1, batch 283/520 ***
Training fitness: 0.7603925956374264
Model size: (9, 12)
Validation fitness: 0.747575244067607 
Elapsed: 1.6646623611450195

*** Epoch 1, batch 284/520 ***
Training fitness: 0.7874144815745855
Model size: (16, 22)
Validation fitness: 0.7529800084821733 
Elapsed: 1.4513826370239258

*** Epoch 1, batch 285/520 ***
Training fitness: 0.7679703561476323
Model size: (13, 13)
Validation fitness: 0.7486455961516577 
Elapsed: 1.420438528060913

*** Epoch 1, batch 286/520 ***
Training fitness: 0.8067354291665907
Model size: (10, 15)
Validation fitness: 0.7600629020821815 
Elapsed: 1.4241743087768555

*** Epoch 1, batch 287/520 ***
Training fitness: 0.7791111983536214
Model size: (10, 14)
Validation fitness: 0.7377702567928892 
Elapsed: 2.1132450103759766

*** Epoch 1, batch 288/520 ***
Training fitness: 0.809999680238286
Model size: (16, 22)
Validation fitness: 0.7529800084821733 
Elapsed: 2.722724199295044

*** Epoch 1, batch 289/520 ***
Training fitness: 0.7876217617895365
Model size: (16, 22)
Validation fitness: 0.7529800084821733 
Elapsed: 2.721562147140503

*** Epoch 1, batch 290/520 ***
Training fitness: 0.7545410057701455
Model size: (10, 15)
Validation fitness: 0.7600629020821815 
Elapsed: 2.7174434661865234

*** Epoch 1, batch 291/520 ***
Training fitness: 0.8038465642409008
Model size: (10, 15)
Validation fitness: 0.7215499792003521 
Elapsed: 2.822195529937744

*** Epoch 1, batch 292/520 ***
Training fitness: 0.8075574430361899
Model size: (15, 20)
Validation fitness: 0.7498220580229547 
Elapsed: 2.7570431232452393

*** Epoch 1, batch 293/520 ***
Training fitness: 0.8264598722433041
Model size: (11, 17)
Validation fitness: 0.6710421132805373 
Elapsed: 2.9945261478424072

*** Epoch 1, batch 294/520 ***
Training fitness: 0.7624192475225183
Model size: (16, 22)
Validation fitness: 0.7529800084821733 
Elapsed: 2.7406656742095947

*** Epoch 1, batch 295/520 ***
Training fitness: 0.8026184952949295
Model size: (18, 22)
Validation fitness: 0.7506619536438714 
Elapsed: 2.771308422088623

*** Epoch 1, batch 296/520 ***
Training fitness: 0.7813202864784213
Model size: (10, 15)
Validation fitness: 0.7215499792003521 
Elapsed: 2.844172477722168

*** Epoch 1, batch 297/520 ***
Training fitness: 0.8090764224587003
Model size: (10, 15)
Validation fitness: 0.7215499792003521 
Elapsed: 2.783079147338867

*** Epoch 1, batch 298/520 ***
Training fitness: 0.8113013387146294
Model size: (10, 15)
Validation fitness: 0.7215499792003521 
Elapsed: 2.8171098232269287

*** Epoch 1, batch 299/520 ***
Training fitness: 0.8103561447907861
Model size: (10, 14)
Validation fitness: 0.7377702567928892 
Elapsed: 3.440385341644287

*** Epoch 1, batch 300/520 ***
Training fitness: 0.7644404432550794
Model size: (16, 20)
Validation fitness: 0.7566208841473557 
Elapsed: 2.7471940517425537

*** Epoch 1, batch 301/520 ***
Training fitness: 0.7660738847084388
Model size: (16, 20)
Validation fitness: 0.7566208841473557 
Elapsed: 2.7002687454223633

*** Epoch 1, batch 302/520 ***
Training fitness: 0.7386375378889598
Model size: (16, 20)
Validation fitness: 0.7510103043081996 
Elapsed: 2.696924924850464

*** Epoch 1, batch 303/520 ***
Training fitness: 0.7785530833304862
Model size: (20, 24)
Validation fitness: 0.74068882656954 
Elapsed: 2.7359604835510254

*** Epoch 1, batch 304/520 ***
Training fitness: 0.8117745323177258
Model size: (15, 20)
Validation fitness: 0.7498220580229547 
Elapsed: 2.7140886783599854

*** Epoch 1, batch 305/520 ***
Training fitness: 0.7344674362773472
Model size: (21, 27)
Validation fitness: 0.7633262065950901 
Elapsed: 2.926387310028076

*** Epoch 1, batch 306/520 ***
Training fitness: 0.7986228691660744
Model size: (18, 25)
Validation fitness: 0.7518323878194837 
Elapsed: 2.6779513359069824

*** Epoch 1, batch 307/520 ***
Training fitness: 0.7879957921594039
Model size: (20, 26)
Validation fitness: 0.7595498851793362 
Elapsed: 2.8163065910339355

*** Epoch 1, batch 308/520 ***
Training fitness: 0.7853354432864502
Model size: (20, 25)
Validation fitness: 0.7593983010711404 
Elapsed: 2.788388252258301

*** Epoch 1, batch 309/520 ***
Training fitness: 0.7976428992581807
Model size: (17, 24)
Validation fitness: 0.7521509842540303 
Elapsed: 2.6801486015319824

*** Epoch 1, batch 310/520 ***
Training fitness: 0.820566088085214
Model size: (18, 17)
Validation fitness: 0.7552947540011228 
Elapsed: 2.7354822158813477

*** Epoch 1, batch 311/520 ***
Training fitness: 0.7811945519037983
Model size: (20, 25)
Validation fitness: 0.7593983010711404 
Elapsed: 2.9145994186401367

*** Epoch 1, batch 312/520 ***
Training fitness: 0.7614504428795181
Model size: (19, 22)
Validation fitness: 0.771850837648296 
Elapsed: 2.719104766845703

*** Epoch 1, batch 313/520 ***
Training fitness: 0.766377093064218
Model size: (19, 22)
Validation fitness: 0.771850837648296 
Elapsed: 2.5665578842163086

*** Epoch 1, batch 314/520 ***
Training fitness: 0.7621553410018777
Model size: (20, 25)
Validation fitness: 0.7593983010711404 
Elapsed: 2.3058719635009766

*** Epoch 1, batch 315/520 ***
Training fitness: 0.788183898022277
Model size: (19, 22)
Validation fitness: 0.771850837648296 
Elapsed: 1.3363022804260254

*** Epoch 1, batch 316/520 ***
Training fitness: 0.7641146162744156
Model size: (19, 22)
Validation fitness: 0.771850837648296 
Elapsed: 1.4565925598144531

*** Epoch 1, batch 317/520 ***
Training fitness: 0.7734392999589776
Model size: (19, 22)
Validation fitness: 0.771850837648296 
Elapsed: 1.3312253952026367

*** Epoch 1, batch 318/520 ***
Training fitness: 0.7665321008486293
Model size: (19, 22)
Validation fitness: 0.771850837648296 
Elapsed: 1.3753447532653809

*** Epoch 1, batch 319/520 ***
Training fitness: 0.8102007538521215
Model size: (18, 17)
Validation fitness: 0.7552947540011228 
Elapsed: 1.3765618801116943

*** Epoch 1, batch 320/520 ***
Training fitness: 0.7856016234410601
Model size: (20, 26)
Validation fitness: 0.7634501187055784 
Elapsed: 1.377054214477539

*** Epoch 1, batch 321/520 ***
Training fitness: 0.7800452617479652
Model size: (17, 23)
Validation fitness: 0.7559853764657758 
Elapsed: 1.4424653053283691

*** Epoch 1, batch 322/520 ***
Training fitness: 0.7821473325688374
Model size: (19, 24)
Validation fitness: 0.7537045094916932 
Elapsed: 1.3828752040863037

*** Epoch 1, batch 323/520 ***
Training fitness: 0.7588546925028228
Model size: (19, 24)
Validation fitness: 0.7537045094916932 
Elapsed: 1.376633882522583

*** Epoch 1, batch 324/520 ***
Training fitness: 0.8051019003546726
Model size: (17, 21)
Validation fitness: 0.7510975633356611 
Elapsed: 1.3058080673217773

*** Epoch 1, batch 325/520 ***
Training fitness: 0.770786963230942
Model size: (18, 27)
Validation fitness: 0.7564325371088564 
Elapsed: 1.3235833644866943

*** Epoch 1, batch 326/520 ***
Training fitness: 0.7583569884437905
Model size: (19, 24)
Validation fitness: 0.7537045094916932 
Elapsed: 1.4314448833465576

*** Epoch 1, batch 327/520 ***
Training fitness: 0.7982212337840476
Model size: (19, 24)
Validation fitness: 0.7537045094916932 
Elapsed: 1.998753309249878

*** Epoch 1, batch 328/520 ***
Training fitness: 0.7537588159028185
Model size: (20, 26)
Validation fitness: 0.7634501187055784 
Elapsed: 1.342041254043579

*** Epoch 1, batch 329/520 ***
Training fitness: 0.7485321538114457
Model size: (20, 26)
Validation fitness: 0.7634501187055784 
Elapsed: 1.3626470565795898

*** Epoch 1, batch 330/520 ***
Training fitness: 0.7644841809407987
Model size: (20, 26)
Validation fitness: 0.7634501187055784 
Elapsed: 1.8513939380645752

*** Epoch 1, batch 331/520 ***
Training fitness: 0.7571742040514097
Model size: (20, 26)
Validation fitness: 0.7634501187055784 
Elapsed: 1.4025774002075195

*** Epoch 1, batch 332/520 ***
Training fitness: 0.7683123126071612
Model size: (17, 21)
Validation fitness: 0.7369307554457042 
Elapsed: 1.3562557697296143

*** Epoch 1, batch 333/520 ***
Training fitness: 0.7925853118832158
Model size: (20, 27)
Validation fitness: 0.7470104923811671 
Elapsed: 1.7310237884521484

*** Epoch 1, batch 334/520 ***
Training fitness: 0.7824784742941944
Model size: (20, 22)
Validation fitness: 0.7396054382983117 
Elapsed: 2.758763313293457

*** Epoch 1, batch 335/520 ***
Training fitness: 0.7393390748552336
Model size: (20, 27)
Validation fitness: 0.7470104923811671 
Elapsed: 3.373608112335205

*** Epoch 1, batch 336/520 ***
Training fitness: 0.7459191648056274
Model size: (20, 26)
Validation fitness: 0.7634501187055784 
Elapsed: 2.855455160140991

*** Epoch 1, batch 337/520 ***
Training fitness: 0.7603826222105502
Model size: (22, 24)
Validation fitness: 0.7646005845307694 
Elapsed: 2.7717058658599854

*** Epoch 1, batch 338/520 ***
Training fitness: 0.7740689489505679
Model size: (22, 24)
Validation fitness: 0.7646005845307694 
Elapsed: 2.8260486125946045

*** Epoch 1, batch 339/520 ***
Training fitness: 0.7719708829099133
Model size: (22, 24)
Validation fitness: 0.7646005845307694 
Elapsed: 2.9498891830444336

*** Epoch 1, batch 340/520 ***
Training fitness: 0.7431725653478902
Model size: (22, 24)
Validation fitness: 0.7646005845307694 
Elapsed: 3.0810189247131348

*** Epoch 1, batch 341/520 ***
Training fitness: 0.7571651600637108
Model size: (21, 24)
Validation fitness: 0.7594901384016366 
Elapsed: 2.953835964202881

*** Epoch 1, batch 342/520 ***
Training fitness: 0.7688400461586209
Model size: (22, 24)
Validation fitness: 0.7646005845307694 
Elapsed: 2.9546658992767334

*** Epoch 1, batch 343/520 ***
Training fitness: 0.773642601288583
Model size: (17, 21)
Validation fitness: 0.7521257576661774 
Elapsed: 2.8182668685913086

*** Epoch 1, batch 344/520 ***
Training fitness: 0.7431239539748611
Model size: (18, 24)
Validation fitness: 0.7526670186802705 
Elapsed: 2.9528045654296875

*** Epoch 1, batch 345/520 ***
Training fitness: 0.7545868714378803
Model size: (22, 22)
Validation fitness: 0.7616686628324665 
Elapsed: 3.1145312786102295

*** Epoch 1, batch 346/520 ***
Training fitness: 0.7567204423724052
Model size: (21, 24)
Validation fitness: 0.7594901384016366 
Elapsed: 3.0375618934631348

*** Epoch 1, batch 347/520 ***
Training fitness: 0.7469064056617405
Model size: (12, 13)
Validation fitness: 0.6781730770591714 
Elapsed: 2.938422918319702

*** Epoch 1, batch 348/520 ***
Training fitness: 0.7825712830682882
Model size: (17, 21)
Validation fitness: 0.731858189309127 
Elapsed: 2.798044204711914

*** Epoch 1, batch 349/520 ***
Training fitness: 0.796424689995024
Model size: (20, 23)
Validation fitness: 0.7408453068011135 
Elapsed: 2.873224973678589

*** Epoch 1, batch 350/520 ***
Training fitness: 0.7604516189207261
Model size: (24, 28)
Validation fitness: 0.7552686955420324 
Elapsed: 3.0177793502807617

*** Epoch 1, batch 351/520 ***
Training fitness: 0.7836463026934172
Model size: (25, 31)
Validation fitness: 0.7495073176042546 
Elapsed: 3.0091257095336914

*** Epoch 1, batch 352/520 ***
Training fitness: 0.7560000634430949
Model size: (25, 32)
Validation fitness: 0.752960831728962 
Elapsed: 3.112722158432007

*** Epoch 1, batch 353/520 ***
Training fitness: 0.8148025480783925
Model size: (21, 26)
Validation fitness: 0.7395774405081483 
Elapsed: 2.9373035430908203

*** Epoch 1, batch 354/520 ***
Training fitness: 0.7317498022755345
Model size: (24, 27)
Validation fitness: 0.7300176939907327 
Elapsed: 3.1087493896484375

*** Epoch 1, batch 355/520 ***
Training fitness: 0.7765158535849621
Model size: (25, 32)
Validation fitness: 0.752960831728962 
Elapsed: 2.830742597579956

*** Epoch 1, batch 356/520 ***
Training fitness: 0.8004657043320231
Model size: (24, 28)
Validation fitness: 0.7373703090258862 
Elapsed: 2.8934550285339355

*** Epoch 1, batch 357/520 ***
Training fitness: 0.7779646350326123
Model size: (24, 28)
Validation fitness: 0.7478894904200656 
Elapsed: 2.9653542041778564

*** Epoch 1, batch 358/520 ***
Training fitness: 0.7707119237505149
Model size: (20, 25)
Validation fitness: 0.7502266553942397 
Elapsed: 2.8462412357330322

*** Epoch 1, batch 359/520 ***
Training fitness: 0.784747198526794
Model size: (26, 35)
Validation fitness: 0.7527371308228933 
Elapsed: 2.987025737762451

*** Epoch 1, batch 360/520 ***
Training fitness: 0.7781540395086877
Model size: (24, 27)
Validation fitness: 0.7578154311118039 
Elapsed: 2.814624786376953

*** Epoch 1, batch 361/520 ***
Training fitness: 0.7905040079755563
Model size: (25, 28)
Validation fitness: 0.7411244340790719 
Elapsed: 2.871098518371582

*** Epoch 1, batch 362/520 ***
Training fitness: 0.7778941246387365
Model size: (24, 27)
Validation fitness: 0.7578154311118039 
Elapsed: 2.9305624961853027

*** Epoch 1, batch 363/520 ***
Training fitness: 0.7489281286195267
Model size: (19, 19)
Validation fitness: 0.7550830973387206 
Elapsed: 2.7671656608581543

*** Epoch 1, batch 364/520 ***
Training fitness: 0.7709494845605634
Model size: (19, 19)
Validation fitness: 0.7550830973387206 
Elapsed: 2.8856730461120605

*** Epoch 1, batch 365/520 ***
Training fitness: 0.7699567909291777
Model size: (25, 34)
Validation fitness: 0.7499900049380033 
Elapsed: 2.811966896057129

*** Epoch 1, batch 366/520 ***
Training fitness: 0.7890904007180277
Model size: (25, 34)
Validation fitness: 0.7499900049380033 
Elapsed: 2.774235248565674

*** Epoch 1, batch 367/520 ***
Training fitness: 0.7300444949992796
Model size: (21, 24)
Validation fitness: 0.7552139372795018 
Elapsed: 2.967827796936035

*** Epoch 1, batch 368/520 ***
Training fitness: 0.7522717320258386
Model size: (20, 20)
Validation fitness: 0.7520154822583828 
Elapsed: 2.74233341217041

*** Epoch 1, batch 369/520 ***
Training fitness: 0.7851849250406175
Model size: (22, 26)
Validation fitness: 0.7502038895535585 
Elapsed: 2.9339516162872314

*** Epoch 1, batch 370/520 ***
Training fitness: 0.793168606761569
Model size: (22, 25)
Validation fitness: 0.7503250173124175 
Elapsed: 2.781571865081787

*** Epoch 1, batch 371/520 ***
Training fitness: 0.797958604726217
Model size: (22, 22)
Validation fitness: 0.7532931290391142 
Elapsed: 2.630350351333618

*** Epoch 1, batch 372/520 ***
Training fitness: 0.8030939940036579
Model size: (21, 20)
Validation fitness: 0.7492141716055659 
Elapsed: 2.683427333831787

*** Epoch 1, batch 373/520 ***
Training fitness: 0.751521270972372
Model size: (22, 27)
Validation fitness: 0.7565132201953478 
Elapsed: 2.916189193725586

*** Epoch 1, batch 374/520 ***
Training fitness: 0.7751364030455042
Model size: (25, 34)
Validation fitness: 0.7499900049380033 
Elapsed: 2.7536280155181885

*** Epoch 1, batch 375/520 ***
Training fitness: 0.7823215149703056
Model size: (25, 34)
Validation fitness: 0.7499900049380033 
Elapsed: 1.938997507095337

*** Epoch 1, batch 376/520 ***
Training fitness: 0.7676600891684859
Model size: (21, 20)
Validation fitness: 0.7492141716055659 
Elapsed: 1.4368908405303955

*** Epoch 1, batch 377/520 ***
Training fitness: 0.7742148075248209
Model size: (15, 22)
Validation fitness: 0.750394825261175 
Elapsed: 1.39383864402771

*** Epoch 1, batch 378/520 ***
Training fitness: 0.7486166550648102
Model size: (25, 34)
Validation fitness: 0.751251268145174 
Elapsed: 1.3564326763153076

*** Epoch 1, batch 379/520 ***
Training fitness: 0.7572620273295749
Model size: (20, 21)
Validation fitness: 0.7566205866704095 
Elapsed: 1.326622486114502

*** Epoch 1, batch 380/520 ***
Training fitness: 0.7979039838154145
Model size: (20, 21)
Validation fitness: 0.7566205866704095 
Elapsed: 1.407921552658081

*** Epoch 1, batch 381/520 ***
Training fitness: 0.7598683665725888
Model size: (20, 21)
Validation fitness: 0.7566205866704095 
Elapsed: 1.3244166374206543

*** Epoch 1, batch 382/520 ***
Training fitness: 0.7692091446056124
Model size: (21, 24)
Validation fitness: 0.7431352811361618 
Elapsed: 1.4238157272338867

*** Epoch 1, batch 383/520 ***
Training fitness: 0.7533309060946453
Model size: (20, 21)
Validation fitness: 0.7566205866704095 
Elapsed: 1.3241703510284424

*** Epoch 1, batch 384/520 ***
Training fitness: 0.781915609226011
Model size: (25, 33)
Validation fitness: 0.7578971849959352 
Elapsed: 1.3731739521026611

*** Epoch 1, batch 385/520 ***
Training fitness: 0.7960253656769949
Model size: (26, 35)
Validation fitness: 0.7601929761191474 
Elapsed: 1.3914053440093994

*** Epoch 1, batch 386/520 ***
Training fitness: 0.7986307202256634
Model size: (25, 33)
Validation fitness: 0.7578971849959352 
Elapsed: 1.9194774627685547

*** Epoch 1, batch 387/520 ***
Training fitness: 0.7677331921932594
Model size: (15, 15)
Validation fitness: 0.7372873918166892 
Elapsed: 2.799116849899292

*** Epoch 1, batch 388/520 ***
Training fitness: 0.7237689711118758
Model size: (28, 39)
Validation fitness: 0.757148133966124 
Elapsed: 2.716639518737793

*** Epoch 1, batch 389/520 ***
Training fitness: 0.7930567971226213
Model size: (26, 35)
Validation fitness: 0.7601929761191474 
Elapsed: 2.712939500808716

*** Epoch 1, batch 390/520 ***
Training fitness: 0.7409061418765718
Model size: (28, 39)
Validation fitness: 0.757148133966124 
Elapsed: 2.7709081172943115

*** Epoch 1, batch 391/520 ***
Training fitness: 0.8047386990370754
Model size: (14, 17)
Validation fitness: 0.7191622145861639 
Elapsed: 2.8240115642547607

*** Epoch 1, batch 392/520 ***
Training fitness: 0.7714961345769751
Model size: (26, 36)
Validation fitness: 0.7588718823354561 
Elapsed: 2.822486162185669

*** Epoch 1, batch 393/520 ***
Training fitness: 0.8142536288294462
Model size: (26, 36)
Validation fitness: 0.7588718823354561 
Elapsed: 2.6916213035583496

*** Epoch 1, batch 394/520 ***
Training fitness: 0.8057157268056125
Model size: (26, 36)
Validation fitness: 0.7588718823354561 
Elapsed: 2.769508123397827

*** Epoch 1, batch 395/520 ***
Training fitness: 0.7615774611604448
Model size: (28, 39)
Validation fitness: 0.757148133966124 
Elapsed: 2.6356618404388428

*** Epoch 1, batch 396/520 ***
Training fitness: 0.7852976654117543
Model size: (12, 8)
Validation fitness: 0.7488962406222613 
Elapsed: 2.6413111686706543

*** Epoch 1, batch 397/520 ***
Training fitness: 0.7509367715471719
Model size: (25, 30)
Validation fitness: 0.762644145003041 
Elapsed: 2.7268712520599365

*** Epoch 1, batch 398/520 ***
Training fitness: 0.7994693724968129
Model size: (25, 30)
Validation fitness: 0.762644145003041 
Elapsed: 2.6016948223114014

*** Epoch 1, batch 399/520 ***
Training fitness: 0.8081571103158091
Model size: (15, 17)
Validation fitness: 0.7456434411228765 
Elapsed: 1.3793416023254395

*** Epoch 1, batch 400/520 ***
Training fitness: 0.7370053573830412
Model size: (8, 6)
Validation fitness: 0.7499350276800004 
Elapsed: 1.424262285232544

*** Epoch 1, batch 401/520 ***
Training fitness: 0.7818437356037999
Model size: (15, 17)
Validation fitness: 0.7663380622037014 
Elapsed: 1.3026747703552246

*** Epoch 1, batch 402/520 ***
Training fitness: 0.7637512987046464
Model size: (15, 17)
Validation fitness: 0.7663380622037014 
Elapsed: 1.3497817516326904

*** Epoch 1, batch 403/520 ***
Training fitness: 0.8128693448477285
Model size: (15, 17)
Validation fitness: 0.7663380622037014 
Elapsed: 1.360025405883789

*** Epoch 1, batch 404/520 ***
Training fitness: 0.7853606168087224
Model size: (15, 17)
Validation fitness: 0.7663380622037014 
Elapsed: 1.4841790199279785

*** Epoch 1, batch 405/520 ***
Training fitness: 0.7913779025551084
Model size: (15, 16)
Validation fitness: 0.7750407130188278 
Elapsed: 1.4528865814208984

*** Epoch 1, batch 406/520 ***
Training fitness: 0.7651970768473327
Model size: (15, 16)
Validation fitness: 0.7750407130188278 
Elapsed: 1.407278299331665

*** Epoch 1, batch 407/520 ***
Training fitness: 0.7817973082362826
Model size: (15, 16)
Validation fitness: 0.7750407130188278 
Elapsed: 1.4300127029418945

*** Epoch 1, batch 408/520 ***
Training fitness: 0.775769761453536
Model size: (15, 16)
Validation fitness: 0.7750407130188278 
Elapsed: 1.5029418468475342

*** Epoch 1, batch 409/520 ***
Training fitness: 0.8027719379892062
Model size: (15, 16)
Validation fitness: 0.7750407130188278 
Elapsed: 1.5156636238098145

*** Epoch 1, batch 410/520 ***
Training fitness: 0.7733307077150565
Model size: (15, 16)
Validation fitness: 0.7750407130188278 
Elapsed: 1.5804553031921387

*** Epoch 1, batch 411/520 ***
Training fitness: 0.7970474356845698
Model size: (15, 17)
Validation fitness: 0.7663380622037014 
Elapsed: 1.4509179592132568

*** Epoch 1, batch 412/520 ***
Training fitness: 0.740418012291531
Model size: (15, 16)
Validation fitness: 0.7750407130188278 
Elapsed: 1.4686400890350342

*** Epoch 1, batch 413/520 ***
Training fitness: 0.7769710885564922
Model size: (14, 14)
Validation fitness: 0.7702478361040205 
Elapsed: 1.4995014667510986

*** Epoch 1, batch 414/520 ***
Training fitness: 0.7962104089920082
Model size: (15, 16)
Validation fitness: 0.7750407130188278 
Elapsed: 1.4905993938446045

*** Epoch 1, batch 415/520 ***
Training fitness: 0.7574521041932428
Model size: (14, 14)
Validation fitness: 0.7702478361040205 
Elapsed: 1.4788775444030762

*** Epoch 1, batch 416/520 ***
Training fitness: 0.794662986417481
Model size: (15, 16)
Validation fitness: 0.7750407130188278 
Elapsed: 1.5668838024139404

*** Epoch 1, batch 417/520 ***
Training fitness: 0.8020845798562594
Model size: (15, 16)
Validation fitness: 0.7750407130188278 
Elapsed: 1.4386634826660156

*** Epoch 1, batch 418/520 ***
Training fitness: 0.7840480821843423
Model size: (15, 16)
Validation fitness: 0.7637983403453457 
Elapsed: 1.4821114540100098

*** Epoch 1, batch 419/520 ***
Training fitness: 0.8213333862233402
Model size: (15, 16)
Validation fitness: 0.7453264944020331 
Elapsed: 1.4430630207061768

*** Epoch 1, batch 420/520 ***
Training fitness: 0.7801128163192553
Model size: (15, 16)
Validation fitness: 0.7637983403453457 
Elapsed: 1.4110989570617676

*** Epoch 1, batch 421/520 ***
Training fitness: 0.771767312924875
Model size: (15, 16)
Validation fitness: 0.7637983403453457 
Elapsed: 1.5177321434020996

*** Epoch 1, batch 422/520 ***
Training fitness: 0.752663962803452
Model size: (14, 17)
Validation fitness: 0.7461306717663809 
Elapsed: 1.3486461639404297

*** Epoch 1, batch 423/520 ***
Training fitness: 0.7829724660615294
Model size: (14, 16)
Validation fitness: 0.7365322675958558 
Elapsed: 1.433910846710205

*** Epoch 1, batch 424/520 ***
Training fitness: 0.7398148638313432
Model size: (16, 22)
Validation fitness: 0.7618859819116975 
Elapsed: 1.5032620429992676

*** Epoch 1, batch 425/520 ***
Training fitness: 0.7537429798900567
Model size: (16, 22)
Validation fitness: 0.7618859819116975 
Elapsed: 1.5170300006866455

*** Epoch 1, batch 426/520 ***
Training fitness: 0.744637247896591
Model size: (16, 22)
Validation fitness: 0.7618859819116975 
Elapsed: 1.5034856796264648

*** Epoch 1, batch 427/520 ***
Training fitness: 0.7720025049335643
Model size: (14, 18)
Validation fitness: 0.7375696527692335 
Elapsed: 1.408329963684082

*** Epoch 1, batch 428/520 ***
Training fitness: 0.7588773069126171
Model size: (16, 22)
Validation fitness: 0.7618859819116975 
Elapsed: 1.4944140911102295

*** Epoch 1, batch 429/520 ***
Training fitness: 0.7757198635110015
Model size: (16, 22)
Validation fitness: 0.7618859819116975 
Elapsed: 1.502565622329712

*** Epoch 1, batch 430/520 ***
Training fitness: 0.7274143874246806
Model size: (16, 22)
Validation fitness: 0.7618859819116975 
Elapsed: 1.6378250122070312

*** Epoch 1, batch 431/520 ***
Training fitness: 0.7715215129304208
Model size: (16, 22)
Validation fitness: 0.7618859819116975 
Elapsed: 1.5198514461517334

*** Epoch 1, batch 432/520 ***
Training fitness: 0.7357104689603984
Model size: (16, 22)
Validation fitness: 0.7618859819116975 
Elapsed: 1.4726836681365967

*** Epoch 1, batch 433/520 ***
Training fitness: 0.7681426323244387
Model size: (16, 22)
Validation fitness: 0.7618859819116975 
Elapsed: 1.5621027946472168

*** Epoch 1, batch 434/520 ***
Training fitness: 0.7553001399739209
Model size: (16, 22)
Validation fitness: 0.7618859819116975 
Elapsed: 1.437256097793579

*** Epoch 1, batch 435/520 ***
Training fitness: 0.7837143081552864
Model size: (16, 22)
Validation fitness: 0.7618859819116975 
Elapsed: 1.4874725341796875

*** Epoch 1, batch 436/520 ***
Training fitness: 0.7406620379763416
Model size: (16, 22)
Validation fitness: 0.7618859819116975 
Elapsed: 1.5104608535766602

*** Epoch 1, batch 437/520 ***
Training fitness: 0.7505640654438057
Model size: (16, 22)
Validation fitness: 0.7618859819116975 
Elapsed: 1.5015180110931396

*** Epoch 1, batch 438/520 ***
Training fitness: 0.7813790443143646
Model size: (16, 22)
Validation fitness: 0.7618859819116975 
Elapsed: 1.4853401184082031

*** Epoch 1, batch 439/520 ***
Training fitness: 0.7848451502974582
Model size: (17, 24)
Validation fitness: 0.7612409483413538 
Elapsed: 1.5680646896362305

*** Epoch 1, batch 440/520 ***
Training fitness: 0.7665679783998887
Model size: (17, 24)
Validation fitness: 0.7612409483413538 
Elapsed: 1.5230929851531982

*** Epoch 1, batch 441/520 ***
Training fitness: 0.783727735901184
Model size: (16, 22)
Validation fitness: 0.7618859819116975 
Elapsed: 1.6989166736602783

*** Epoch 1, batch 442/520 ***
Training fitness: 0.7653720823286441
Model size: (17, 24)
Validation fitness: 0.7612409483413538 
Elapsed: 1.5588390827178955

*** Epoch 1, batch 443/520 ***
Training fitness: 0.7664293790454423
Model size: (16, 22)
Validation fitness: 0.7618859819116975 
Elapsed: 1.527735710144043

*** Epoch 1, batch 444/520 ***
Training fitness: 0.8064071858737053
Model size: (17, 24)
Validation fitness: 0.7612409483413538 
Elapsed: 1.6113958358764648

*** Epoch 1, batch 445/520 ***
Training fitness: 0.7608771178996669
Model size: (13, 13)
Validation fitness: 0.7412971085202832 
Elapsed: 1.3857707977294922

*** Epoch 1, batch 446/520 ***
Training fitness: 0.7996666986417568
Model size: (11, 13)
Validation fitness: 0.7451243954960101 
Elapsed: 1.3359348773956299

*** Epoch 1, batch 447/520 ***
Training fitness: 0.7960107354219087
Model size: (17, 24)
Validation fitness: 0.7612409483413538 
Elapsed: 1.4558148384094238

*** Epoch 1, batch 448/520 ***
Training fitness: 0.7848882082222596
Model size: (17, 24)
Validation fitness: 0.7612409483413538 
Elapsed: 1.5486774444580078

*** Epoch 1, batch 449/520 ***
Training fitness: 0.7562350660410789
Model size: (17, 24)
Validation fitness: 0.7612409483413538 
Elapsed: 1.5034081935882568

*** Epoch 1, batch 450/520 ***
Training fitness: 0.7586936635977131
Model size: (16, 22)
Validation fitness: 0.7618859819116975 
Elapsed: 1.5379412174224854

*** Epoch 1, batch 451/520 ***
Training fitness: 0.7368153528889804
Model size: (17, 22)
Validation fitness: 0.7376417411027876 
Elapsed: 1.3020007610321045

*** Epoch 1, batch 452/520 ***
Training fitness: 0.7866824555072551
Model size: (15, 13)
Validation fitness: 0.7399582038339367 
Elapsed: 1.2953386306762695

*** Epoch 1, batch 453/520 ***
Training fitness: 0.7744827115013978
Model size: (15, 13)
Validation fitness: 0.7399582038339367 
Elapsed: 1.3121864795684814

*** Epoch 1, batch 454/520 ***
Training fitness: 0.7730042166018632
Model size: (17, 25)
Validation fitness: 0.7427210005726834 
Elapsed: 1.2966270446777344

*** Epoch 1, batch 455/520 ***
Training fitness: 0.764193790209226
Model size: (11, 12)
Validation fitness: 0.7434264150022698 
Elapsed: 1.3295764923095703

*** Epoch 1, batch 456/520 ***
Training fitness: 0.7715154252193255
Model size: (12, 13)
Validation fitness: 0.742577812950423 
Elapsed: 1.3718504905700684

*** Epoch 1, batch 457/520 ***
Training fitness: 0.7801227989013857
Model size: (11, 12)
Validation fitness: 0.7428460754958109 
Elapsed: 1.2937626838684082

*** Epoch 1, batch 458/520 ***
Training fitness: 0.7452030474969717
Model size: (10, 8)
Validation fitness: 0.744035830647316 
Elapsed: 1.275233507156372

*** Epoch 1, batch 459/520 ***
Training fitness: 0.7867106871448954
Model size: (8, 12)
Validation fitness: 0.7333560132953875 
Elapsed: 1.3000764846801758

*** Epoch 1, batch 460/520 ***
Training fitness: 0.7699133449898262
Model size: (20, 19)
Validation fitness: 0.7424948146396568 
Elapsed: 1.2898616790771484

*** Epoch 1, batch 461/520 ***
Training fitness: 0.7468295473441902
Model size: (8, 8)
Validation fitness: 0.7212061107143499 
Elapsed: 1.3106601238250732

*** Epoch 1, batch 462/520 ***
Training fitness: 0.7344144639949038
Model size: (11, 9)
Validation fitness: 0.7586962816034217 
Elapsed: 1.3782570362091064

*** Epoch 1, batch 463/520 ***
Training fitness: 0.7458498996278984
Model size: (14, 13)
Validation fitness: 0.7436903724019663 
Elapsed: 1.2934563159942627

*** Epoch 1, batch 464/520 ***
Training fitness: 0.7393787126381344
Model size: (11, 9)
Validation fitness: 0.7586962816034217 
Elapsed: 1.2785382270812988

*** Epoch 1, batch 465/520 ***
Training fitness: 0.7469108379444489
Model size: (11, 9)
Validation fitness: 0.7586962816034217 
Elapsed: 1.3229291439056396

*** Epoch 1, batch 466/520 ***
Training fitness: 0.7725063174693259
Model size: (11, 9)
Validation fitness: 0.7586962816034217 
Elapsed: 1.4057886600494385

*** Epoch 1, batch 467/520 ***
Training fitness: 0.7449875659047492
Model size: (11, 9)
Validation fitness: 0.7586962816034217 
Elapsed: 1.3405413627624512

*** Epoch 1, batch 468/520 ***
Training fitness: 0.7926381819994082
Model size: (7, 7)
Validation fitness: 0.6497249424257368 
Elapsed: 1.3201560974121094

*** Epoch 1, batch 469/520 ***
Training fitness: 0.8069593289641134
Model size: (16, 17)
Validation fitness: 0.7335299375460087 
Elapsed: 1.458458662033081

*** Epoch 1, batch 470/520 ***
Training fitness: 0.7448835553047751
Model size: (15, 17)
Validation fitness: 0.7408952996808296 
Elapsed: 1.27351713180542

*** Epoch 1, batch 471/520 ***
Training fitness: 0.7645705820692448
Model size: (8, 8)
Validation fitness: 0.7349898086797593 
Elapsed: 1.3440027236938477

*** Epoch 1, batch 472/520 ***
Training fitness: 0.8023653384191964
Model size: (18, 23)
Validation fitness: 0.7580864943645024 
Elapsed: 1.363034963607788

*** Epoch 1, batch 473/520 ***
Training fitness: 0.7513287860815966
Model size: (18, 23)
Validation fitness: 0.7580864943645024 
Elapsed: 1.3725576400756836

*** Epoch 1, batch 474/520 ***
Training fitness: 0.7664895072351122
Model size: (15, 11)
Validation fitness: 0.7416440307110491 
Elapsed: 1.2536392211914062

*** Epoch 1, batch 475/520 ***
Training fitness: 0.7707476222017745
Model size: (15, 13)
Validation fitness: 0.7436137337607281 
Elapsed: 1.2752392292022705

*** Epoch 1, batch 476/520 ***
Training fitness: 0.748116380182527
Model size: (7, 5)
Validation fitness: 0.7426429059472867 
Elapsed: 1.544642686843872

*** Epoch 1, batch 477/520 ***
Training fitness: 0.7651387069912531
Model size: (10, 12)
Validation fitness: 0.7275243785164451 
Elapsed: 1.3649201393127441

*** Epoch 1, batch 478/520 ***
Training fitness: 0.7870073045311887
Model size: (10, 12)
Validation fitness: 0.7275243785164451 
Elapsed: 1.330005168914795

*** Epoch 1, batch 479/520 ***
Training fitness: 0.747143211854896
Model size: (10, 12)
Validation fitness: 0.7275243785164451 
Elapsed: 1.3265392780303955

*** Epoch 1, batch 480/520 ***
Training fitness: 0.7653350888326049
Model size: (15, 11)
Validation fitness: 0.7414675101209142 
Elapsed: 1.2750561237335205

*** Epoch 1, batch 481/520 ***
Training fitness: 0.7501305304271321
Model size: (10, 10)
Validation fitness: 0.7438622853185596 
Elapsed: 1.2923340797424316

*** Epoch 1, batch 482/520 ***
Training fitness: 0.7488668861425429
Model size: (9, 10)
Validation fitness: 0.7432356999689677 
Elapsed: 1.3747649192810059

*** Epoch 1, batch 483/520 ***
Training fitness: 0.7715465260383206
Model size: (9, 10)
Validation fitness: 0.7432356999689677 
Elapsed: 1.3968968391418457

*** Epoch 1, batch 484/520 ***
Training fitness: 0.7720499867236974
Model size: (10, 12)
Validation fitness: 0.7275243785164451 
Elapsed: 1.3223252296447754

*** Epoch 1, batch 485/520 ***
Training fitness: 0.765730052255071
Model size: (10, 12)
Validation fitness: 0.7275243785164451 
Elapsed: 1.299659013748169

*** Epoch 1, batch 486/520 ***
Training fitness: 0.7494890022387518
Model size: (16, 15)
Validation fitness: 0.7436061712203709 
Elapsed: 1.2818267345428467

*** Epoch 1, batch 487/520 ***
Training fitness: 0.7748514385180163
Model size: (17, 16)
Validation fitness: 0.7394745604650244 
Elapsed: 1.2610816955566406

*** Epoch 1, batch 488/520 ***
Training fitness: 0.8107145473193715
Model size: (9, 9)
Validation fitness: 0.7528318436401438 
Elapsed: 1.3487610816955566

*** Epoch 1, batch 489/520 ***
Training fitness: 0.8028369528042147
Model size: (11, 15)
Validation fitness: 0.7466771854559303 
Elapsed: 1.2658355236053467

*** Epoch 1, batch 490/520 ***
Training fitness: 0.7645049142293364
Model size: (9, 9)
Validation fitness: 0.7528318436401438 
Elapsed: 1.4455451965332031

*** Epoch 1, batch 491/520 ***
Training fitness: 0.7876221432544123
Model size: (9, 9)
Validation fitness: 0.7528318436401438 
Elapsed: 1.3002076148986816

*** Epoch 1, batch 492/520 ***
Training fitness: 0.8008695234654876
Model size: (11, 13)
Validation fitness: 0.7523265761681944 
Elapsed: 1.2605390548706055

*** Epoch 1, batch 493/520 ***
Training fitness: 0.7662655489098555
Model size: (9, 9)
Validation fitness: 0.7528318436401438 
Elapsed: 1.3233106136322021

*** Epoch 1, batch 494/520 ***
Training fitness: 0.786609327330153
Model size: (8, 9)
Validation fitness: 0.7369795201661649 
Elapsed: 1.3321559429168701

*** Epoch 1, batch 495/520 ***
Training fitness: 0.7549871372503066
Model size: (11, 13)
Validation fitness: 0.7523265761681944 
Elapsed: 1.2945477962493896

*** Epoch 1, batch 496/520 ***
Training fitness: 0.7979414108949614
Model size: (9, 9)
Validation fitness: 0.7701656846337809 
Elapsed: 1.3696601390838623

*** Epoch 1, batch 497/520 ***
Training fitness: 0.7525960176335921
Model size: (9, 9)
Validation fitness: 0.7701656846337809 
Elapsed: 1.3244645595550537

*** Epoch 1, batch 498/520 ***
Training fitness: 0.7728788140354822
Model size: (9, 9)
Validation fitness: 0.7528318436401438 
Elapsed: 1.4527363777160645

*** Epoch 1, batch 499/520 ***
Training fitness: 0.7610608845123659
Model size: (9, 9)
Validation fitness: 0.7701656846337809 
Elapsed: 1.3774726390838623

*** Epoch 1, batch 500/520 ***
Training fitness: 0.7417509603698867
Model size: (9, 9)
Validation fitness: 0.7701656846337809 
Elapsed: 1.340013027191162

*** Epoch 1, batch 501/520 ***
Training fitness: 0.7419216792694101
Model size: (9, 9)
Validation fitness: 0.7701656846337809 
Elapsed: 1.339080810546875

*** Epoch 1, batch 502/520 ***
Training fitness: 0.7636566633678297
Model size: (9, 6)
Validation fitness: 0.747351623195519 
Elapsed: 1.3002421855926514

*** Epoch 1, batch 503/520 ***
Training fitness: 0.8167047161396463
Model size: (9, 8)
Validation fitness: 0.7539519464412696 
Elapsed: 1.3298544883728027

*** Epoch 1, batch 504/520 ***
Training fitness: 0.7539768057659779
Model size: (9, 9)
Validation fitness: 0.7701656846337809 
Elapsed: 1.310082197189331

*** Epoch 1, batch 505/520 ***
Training fitness: 0.7986995818892811
Model size: (9, 9)
Validation fitness: 0.7701656846337809 
Elapsed: 1.3488810062408447

*** Epoch 1, batch 506/520 ***
Training fitness: 0.7903300194510279
Model size: (9, 9)
Validation fitness: 0.7701656846337809 
Elapsed: 1.3964881896972656

*** Epoch 1, batch 507/520 ***
Training fitness: 0.7980333830329523
Model size: (9, 9)
Validation fitness: 0.7701656846337809 
Elapsed: 1.4189858436584473

*** Epoch 1, batch 508/520 ***
Training fitness: 0.7754473721986314
Model size: (9, 9)
Validation fitness: 0.7701656846337809 
Elapsed: 1.32997465133667

*** Epoch 1, batch 509/520 ***
Training fitness: 0.7571772976237938
Model size: (9, 9)
Validation fitness: 0.7701656846337809 
Elapsed: 1.2829573154449463

*** Epoch 1, batch 510/520 ***
Training fitness: 0.7852819305776914
Model size: (11, 13)
Validation fitness: 0.7568401115112325 
Elapsed: 1.2628014087677002

*** Epoch 1, batch 511/520 ***
Training fitness: 0.7559527865995586
Model size: (10, 11)
Validation fitness: 0.7521478329491559 
Elapsed: 1.2840502262115479

*** Epoch 1, batch 512/520 ***
Training fitness: 0.8255503723772182
Model size: (9, 10)
Validation fitness: 0.7682197144610418 
Elapsed: 1.2446098327636719

*** Epoch 1, batch 513/520 ***
Training fitness: 0.7938116227948504
Model size: (9, 10)
Validation fitness: 0.7682197144610418 
Elapsed: 1.3402063846588135

*** Epoch 1, batch 514/520 ***
Training fitness: 0.7798623892952883
Model size: (9, 10)
Validation fitness: 0.7682197144610418 
Elapsed: 1.3294413089752197

*** Epoch 1, batch 515/520 ***
Training fitness: 0.8000174301047901
Model size: (9, 10)
Validation fitness: 0.7682197144610418 
Elapsed: 1.3179712295532227

*** Epoch 1, batch 516/520 ***
Training fitness: 0.780707488248405
Model size: (9, 10)
Validation fitness: 0.7682197144610418 
Elapsed: 1.4449388980865479

*** Epoch 1, batch 517/520 ***
Training fitness: 0.7609344014241383
Model size: (5, 4)
Validation fitness: 0.759958247398127 
Elapsed: 1.3258376121520996

*** Epoch 1, batch 518/520 ***
Training fitness: 0.7843236828348358
Model size: (9, 10)
Validation fitness: 0.7682197144610418 
Elapsed: 1.3364124298095703

*** Epoch 1, batch 519/520 ***
Training fitness: 0.7599830022141747
Model size: (9, 10)
Validation fitness: 0.7682197144610418 
Elapsed: 1.3565802574157715

*** Epoch 1, batch 520/520 ***
Training fitness: 0.7575326442571796
Model size: (9, 10)
Validation fitness: 0.7682197144610418 
Elapsed: 1.3239197731018066

Total train time: 948.948032617569
Test time: 0.24534201622009277
Test fitness: 0.8013362845237365
Test statistics: Stats(total=14791, total_true=7158, total_false=7633, true_positive=6204, true_negative=7404, false_positive=229, false_negative=954, tpr=0.8667225481978206, tnr=0.9699986898991222, ppv=0.9644023006373387, npv=0.8858578607322326, accuracy=0.9200189304306673, f1=0.9129571039658597, mcc=0.8434635350302075)
