Configuration:
Dataset: nsl_kdd
Selector: pca
Fold: 4
Fitness: mcc
Batch size: 512
Epochs: 1
Config args: {}
*** Epoch 1, batch 1/260 ***
Training fitness: 0.7534982634426721
Model size: (1, 12)
Validation fitness: 0.7232908295938151 !!!
Elapsed: 3.4304039478302

*** Epoch 1, batch 2/260 ***
Training fitness: 0.8120871054563249
Model size: (1, 11)
Validation fitness: 0.7878672368041656 !!!
Elapsed: 3.5932931900024414

*** Epoch 1, batch 3/260 ***
Training fitness: 0.7866200685466308
Model size: (1, 9)
Validation fitness: 0.7831716506988873 
Elapsed: 3.602621078491211

*** Epoch 1, batch 4/260 ***
Training fitness: 0.7706513119455365
Model size: (2, 13)
Validation fitness: 0.8138134285769475 !!!
Elapsed: 3.6650583744049072

*** Epoch 1, batch 5/260 ***
Training fitness: 0.8366429276030942
Model size: (2, 13)
Validation fitness: 0.8138134285769475 
Elapsed: 3.7065374851226807

*** Epoch 1, batch 6/260 ***
Training fitness: 0.8509335060882469
Model size: (3, 10)
Validation fitness: 0.8323048840354442 !!!
Elapsed: 3.9591290950775146

*** Epoch 1, batch 7/260 ***
Training fitness: 0.7886767781005142
Model size: (3, 10)
Validation fitness: 0.8323048840354442 
Elapsed: 3.955836534500122

*** Epoch 1, batch 8/260 ***
Training fitness: 0.7937598643058807
Model size: (3, 12)
Validation fitness: 0.8255169911374606 
Elapsed: 3.859154462814331

*** Epoch 1, batch 9/260 ***
Training fitness: 0.8006851984558894
Model size: (3, 12)
Validation fitness: 0.8255169911374606 
Elapsed: 3.849902868270874

*** Epoch 1, batch 10/260 ***
Training fitness: 0.8096563435106643
Model size: (2, 7)
Validation fitness: 0.7841252884971162 
Elapsed: 3.806807041168213

*** Epoch 1, batch 11/260 ***
Training fitness: 0.8081750777467674
Model size: (1, 8)
Validation fitness: 0.8234301766301839 
Elapsed: 3.8378353118896484

*** Epoch 1, batch 12/260 ***
Training fitness: 0.847921409232927
Model size: (2, 8)
Validation fitness: 0.8243525169224767 
Elapsed: 3.8161587715148926

*** Epoch 1, batch 13/260 ***
Training fitness: 0.8343563022469346
Model size: (3, 12)
Validation fitness: 0.8255169911374606 
Elapsed: 3.6980648040771484

*** Epoch 1, batch 14/260 ***
Training fitness: 0.8474118745147646
Model size: (2, 7)
Validation fitness: 0.8209237771216418 
Elapsed: 3.6901168823242188

*** Epoch 1, batch 15/260 ***
Training fitness: 0.8376885159720371
Model size: (2, 9)
Validation fitness: 0.8368571769167165 !!!
Elapsed: 4.418269157409668

*** Epoch 1, batch 16/260 ***
Training fitness: 0.8632401506688002
Model size: (1, 8)
Validation fitness: 0.8365550377848885 
Elapsed: 3.6564724445343018

*** Epoch 1, batch 17/260 ***
Training fitness: 0.8262722833104982
Model size: (3, 9)
Validation fitness: 0.8372676370402492 !!!
Elapsed: 3.69899845123291

*** Epoch 1, batch 18/260 ***
Training fitness: 0.8740771684341015
Model size: (1, 8)
Validation fitness: 0.8365550377848885 
Elapsed: 3.7462189197540283

*** Epoch 1, batch 19/260 ***
Training fitness: 0.85076885605993
Model size: (3, 9)
Validation fitness: 0.8246073314843336 
Elapsed: 3.8656742572784424

*** Epoch 1, batch 20/260 ***
Training fitness: 0.8709716625036318
Model size: (4, 13)
Validation fitness: 0.8268847066940651 
Elapsed: 3.837455987930298

*** Epoch 1, batch 21/260 ***
Training fitness: 0.8350632683610162
Model size: (1, 6)
Validation fitness: 0.8299611119267862 
Elapsed: 3.7596144676208496

*** Epoch 1, batch 22/260 ***
Training fitness: 0.8388655220589055
Model size: (6, 12)
Validation fitness: 0.7885432540931077 
Elapsed: 3.8878304958343506

*** Epoch 1, batch 23/260 ***
Training fitness: 0.8791007591284997
Model size: (5, 13)
Validation fitness: 0.8453693324723337 !!!
Elapsed: 3.981400966644287

*** Epoch 1, batch 24/260 ***
Training fitness: 0.8668177535691655
Model size: (6, 15)
Validation fitness: 0.822692401205738 
Elapsed: 4.1558122634887695

*** Epoch 1, batch 25/260 ***
Training fitness: 0.8705308816397797
Model size: (5, 11)
Validation fitness: 0.8385700451439306 
Elapsed: 4.01809549331665

*** Epoch 1, batch 26/260 ***
Training fitness: 0.8756853301200221
Model size: (2, 8)
Validation fitness: 0.8339028318997205 
Elapsed: 3.8500120639801025

*** Epoch 1, batch 27/260 ***
Training fitness: 0.8264715205154342
Model size: (1, 6)
Validation fitness: 0.8337044013888151 
Elapsed: 3.8922312259674072

*** Epoch 1, batch 28/260 ***
Training fitness: 0.8856062020287312
Model size: (6, 15)
Validation fitness: 0.8644274337548364 !!!
Elapsed: 4.022449016571045

*** Epoch 1, batch 29/260 ***
Training fitness: 0.876035865925139
Model size: (1, 7)
Validation fitness: 0.8449285159625876 
Elapsed: 3.79154896736145

*** Epoch 1, batch 30/260 ***
Training fitness: 0.8693136812943097
Model size: (6, 14)
Validation fitness: 0.8397934965595877 
Elapsed: 4.138191223144531

*** Epoch 1, batch 31/260 ***
Training fitness: 0.8852302296093864
Model size: (4, 9)
Validation fitness: 0.8320034650166983 
Elapsed: 4.019141912460327

*** Epoch 1, batch 32/260 ***
Training fitness: 0.8962508059898019
Model size: (6, 15)
Validation fitness: 0.8644274337548364 
Elapsed: 4.223410129547119

*** Epoch 1, batch 33/260 ***
Training fitness: 0.8751403289360087
Model size: (6, 15)
Validation fitness: 0.8644274337548364 
Elapsed: 7.66126012802124

*** Epoch 1, batch 34/260 ***
Training fitness: 0.8622736095149532
Model size: (2, 7)
Validation fitness: 0.8083824039139993 
Elapsed: 7.785299062728882

*** Epoch 1, batch 35/260 ***
Training fitness: 0.8823877429270612
Model size: (7, 16)
Validation fitness: 0.8686769455584975 !!!
Elapsed: 7.645352363586426

*** Epoch 1, batch 36/260 ***
Training fitness: 0.8832747659470531
Model size: (7, 16)
Validation fitness: 0.8686769455584975 
Elapsed: 7.548232555389404

*** Epoch 1, batch 37/260 ***
Training fitness: 0.880671720624748
Model size: (7, 13)
Validation fitness: 0.8494271508777599 
Elapsed: 8.032910108566284

*** Epoch 1, batch 38/260 ***
Training fitness: 0.8501679112651851
Model size: (7, 16)
Validation fitness: 0.8686769455584975 
Elapsed: 8.086362361907959

*** Epoch 1, batch 39/260 ***
Training fitness: 0.8339653572671337
Model size: (7, 16)
Validation fitness: 0.8686769455584975 
Elapsed: 7.638840913772583

*** Epoch 1, batch 40/260 ***
Training fitness: 0.8457992449630443
Model size: (10, 21)
Validation fitness: 0.8444754632049692 
Elapsed: 8.046902656555176

*** Epoch 1, batch 41/260 ***
Training fitness: 0.9026898772872466
Model size: (5, 12)
Validation fitness: 0.8426373660938372 
Elapsed: 7.7088258266448975

*** Epoch 1, batch 42/260 ***
Training fitness: 0.860306829078106
Model size: (7, 16)
Validation fitness: 0.8686769455584975 
Elapsed: 7.90164041519165

*** Epoch 1, batch 43/260 ***
Training fitness: 0.8640031502810877
Model size: (7, 16)
Validation fitness: 0.8464536788746271 
Elapsed: 8.028117656707764

*** Epoch 1, batch 44/260 ***
Training fitness: 0.8762805893346416
Model size: (7, 16)
Validation fitness: 0.8686769455584975 
Elapsed: 8.384687900543213

*** Epoch 1, batch 45/260 ***
Training fitness: 0.8861261321505781
Model size: (5, 15)
Validation fitness: 0.8522741364975754 
Elapsed: 8.334897756576538

*** Epoch 1, batch 46/260 ***
Training fitness: 0.8543643759086751
Model size: (7, 16)
Validation fitness: 0.8686769455584975 
Elapsed: 8.15459418296814

*** Epoch 1, batch 47/260 ***
Training fitness: 0.8547245277420102
Model size: (9, 16)
Validation fitness: 0.8668768769714166 
Elapsed: 8.027785539627075

*** Epoch 1, batch 48/260 ***
Training fitness: 0.869941406670214
Model size: (7, 13)
Validation fitness: 0.8633238212214132 
Elapsed: 8.203422546386719

*** Epoch 1, batch 49/260 ***
Training fitness: 0.8991482119197252
Model size: (9, 16)
Validation fitness: 0.8677312292838996 
Elapsed: 8.176123857498169

*** Epoch 1, batch 50/260 ***
Training fitness: 0.8556771412510462
Model size: (10, 18)
Validation fitness: 0.8702157813879197 !!!
Elapsed: 8.076651811599731

*** Epoch 1, batch 51/260 ***
Training fitness: 0.862808713051596
Model size: (7, 13)
Validation fitness: 0.8633238212214132 
Elapsed: 8.257710695266724

*** Epoch 1, batch 52/260 ***
Training fitness: 0.8715126604636149
Model size: (11, 19)
Validation fitness: 0.8689864915076071 
Elapsed: 7.805596113204956

*** Epoch 1, batch 53/260 ***
Training fitness: 0.8909743824367917
Model size: (9, 16)
Validation fitness: 0.865423545919919 
Elapsed: 7.735091209411621

*** Epoch 1, batch 54/260 ***
Training fitness: 0.8738441162528159
Model size: (10, 18)
Validation fitness: 0.8702157813879197 
Elapsed: 8.374987363815308

*** Epoch 1, batch 55/260 ***
Training fitness: 0.8525989969421789
Model size: (10, 18)
Validation fitness: 0.8702157813879197 
Elapsed: 8.276784420013428

*** Epoch 1, batch 56/260 ***
Training fitness: 0.8549253514125107
Model size: (7, 17)
Validation fitness: 0.8399194055559118 
Elapsed: 8.01507019996643

*** Epoch 1, batch 57/260 ***
Training fitness: 0.9143726071680701
Model size: (10, 18)
Validation fitness: 0.8702157813879197 
Elapsed: 8.328510761260986

*** Epoch 1, batch 58/260 ***
Training fitness: 0.8616769031078881
Model size: (9, 16)
Validation fitness: 0.865423545919919 
Elapsed: 8.379311561584473

*** Epoch 1, batch 59/260 ***
Training fitness: 0.8751219866929862
Model size: (7, 15)
Validation fitness: 0.860623497802779 
Elapsed: 7.952589750289917

*** Epoch 1, batch 60/260 ***
Training fitness: 0.9109777432931685
Model size: (9, 16)
Validation fitness: 0.865423545919919 
Elapsed: 7.878861904144287

*** Epoch 1, batch 61/260 ***
Training fitness: 0.8874329716580409
Model size: (10, 18)
Validation fitness: 0.8702157813879197 
Elapsed: 8.513078689575195

*** Epoch 1, batch 62/260 ***
Training fitness: 0.8646601799512598
Model size: (9, 16)
Validation fitness: 0.8711138020110685 !!!
Elapsed: 8.180531978607178

*** Epoch 1, batch 63/260 ***
Training fitness: 0.8753623372353949
Model size: (9, 16)
Validation fitness: 0.8711138020110685 
Elapsed: 7.758780479431152

*** Epoch 1, batch 64/260 ***
Training fitness: 0.8825451152690791
Model size: (9, 16)
Validation fitness: 0.8711138020110685 
Elapsed: 7.923362970352173

*** Epoch 1, batch 65/260 ***
Training fitness: 0.8645621379164402
Model size: (8, 16)
Validation fitness: 0.8627973322047195 
Elapsed: 8.15150761604309

*** Epoch 1, batch 66/260 ***
Training fitness: 0.8665078806579082
Model size: (8, 16)
Validation fitness: 0.8627973322047195 
Elapsed: 7.492965459823608

*** Epoch 1, batch 67/260 ***
Training fitness: 0.853180943194712
Model size: (6, 14)
Validation fitness: 0.8351431389127245 
Elapsed: 8.145542860031128

*** Epoch 1, batch 68/260 ***
Training fitness: 0.9075873470955733
Model size: (8, 16)
Validation fitness: 0.8627973322047195 
Elapsed: 7.742969512939453

*** Epoch 1, batch 69/260 ***
Training fitness: 0.8886459839351474
Model size: (8, 16)
Validation fitness: 0.8670695355546224 
Elapsed: 8.120681285858154

*** Epoch 1, batch 70/260 ***
Training fitness: 0.869784543782875
Model size: (6, 14)
Validation fitness: 0.8563256121132351 
Elapsed: 8.231549978256226

*** Epoch 1, batch 71/260 ***
Training fitness: 0.8672046606004091
Model size: (7, 13)
Validation fitness: 0.8757047692454455 !!!
Elapsed: 7.52923321723938

*** Epoch 1, batch 72/260 ***
Training fitness: 0.8605422315602341
Model size: (5, 12)
Validation fitness: 0.8386376801997486 
Elapsed: 7.950191497802734

*** Epoch 1, batch 73/260 ***
Training fitness: 0.8648487175599145
Model size: (7, 13)
Validation fitness: 0.8757047692454455 
Elapsed: 7.50685453414917

*** Epoch 1, batch 74/260 ***
Training fitness: 0.8621755670777461
Model size: (7, 13)
Validation fitness: 0.8757047692454455 
Elapsed: 7.529027938842773

*** Epoch 1, batch 75/260 ***
Training fitness: 0.8766187485157445
Model size: (7, 18)
Validation fitness: 0.8489754634369853 
Elapsed: 7.9256391525268555

*** Epoch 1, batch 76/260 ***
Training fitness: 0.888449104662009
Model size: (8, 16)
Validation fitness: 0.8797353053244626 !!!
Elapsed: 8.138413906097412

*** Epoch 1, batch 77/260 ***
Training fitness: 0.864152857520835
Model size: (6, 13)
Validation fitness: 0.8578530226557909 
Elapsed: 8.126872539520264

*** Epoch 1, batch 78/260 ***
Training fitness: 0.8795604858119546
Model size: (4, 9)
Validation fitness: 0.8337503606848474 
Elapsed: 7.948934555053711

*** Epoch 1, batch 79/260 ***
Training fitness: 0.8775041043340257
Model size: (4, 7)
Validation fitness: 0.8638328013928747 
Elapsed: 6.819134473800659

*** Epoch 1, batch 80/260 ***
Training fitness: 0.9017811640063358
Model size: (6, 13)
Validation fitness: 0.8532404674385551 
Elapsed: 4.461438417434692

*** Epoch 1, batch 81/260 ***
Training fitness: 0.8888232037989946
Model size: (9, 13)
Validation fitness: 0.8334067347861263 
Elapsed: 4.022668361663818

*** Epoch 1, batch 82/260 ***
Training fitness: 0.8675925421291806
Model size: (4, 7)
Validation fitness: 0.8638328013928747 
Elapsed: 4.151651382446289

*** Epoch 1, batch 83/260 ***
Training fitness: 0.8670128554273562
Model size: (7, 16)
Validation fitness: 0.8649670357335474 
Elapsed: 4.61077356338501

*** Epoch 1, batch 84/260 ***
Training fitness: 0.8474254846643315
Model size: (7, 17)
Validation fitness: 0.8549958351939972 
Elapsed: 4.31069278717041

*** Epoch 1, batch 85/260 ***
Training fitness: 0.8853144449453233
Model size: (9, 15)
Validation fitness: 0.8495576507921735 
Elapsed: 4.151248455047607

*** Epoch 1, batch 86/260 ***
Training fitness: 0.8798193265267847
Model size: (4, 10)
Validation fitness: 0.8367993104899868 
Elapsed: 4.16610312461853

*** Epoch 1, batch 87/260 ***
Training fitness: 0.8730914563394814
Model size: (8, 19)
Validation fitness: 0.8631016620839372 
Elapsed: 4.5649824142456055

*** Epoch 1, batch 88/260 ***
Training fitness: 0.8871792536934284
Model size: (1, 5)
Validation fitness: 0.8354891780665996 
Elapsed: 4.221199989318848

*** Epoch 1, batch 89/260 ***
Training fitness: 0.8578346706734556
Model size: (5, 10)
Validation fitness: 0.8706906258390457 
Elapsed: 4.336138725280762

*** Epoch 1, batch 90/260 ***
Training fitness: 0.8857028881343373
Model size: (6, 14)
Validation fitness: 0.8563256121132351 
Elapsed: 4.488819122314453

*** Epoch 1, batch 91/260 ***
Training fitness: 0.8804441482646413
Model size: (6, 14)
Validation fitness: 0.8383065151502567 
Elapsed: 4.523157358169556

*** Epoch 1, batch 92/260 ***
Training fitness: 0.9063536150750606
Model size: (5, 10)
Validation fitness: 0.8706906258390457 
Elapsed: 4.442558526992798

*** Epoch 1, batch 93/260 ***
Training fitness: 0.8596847384851428
Model size: (5, 10)
Validation fitness: 0.8706906258390457 
Elapsed: 4.260985612869263

*** Epoch 1, batch 94/260 ***
Training fitness: 0.8795539206211612
Model size: (3, 7)
Validation fitness: 0.8612093619997745 
Elapsed: 4.3598902225494385

*** Epoch 1, batch 95/260 ***
Training fitness: 0.8700816014724574
Model size: (5, 10)
Validation fitness: 0.8706906258390457 
Elapsed: 4.397524118423462

*** Epoch 1, batch 96/260 ***
Training fitness: 0.8818185521273019
Model size: (8, 19)
Validation fitness: 0.8658462430536429 
Elapsed: 4.597538948059082

*** Epoch 1, batch 97/260 ***
Training fitness: 0.8952563790211576
Model size: (4, 11)
Validation fitness: 0.8649503358236877 
Elapsed: 4.390612602233887

*** Epoch 1, batch 98/260 ***
Training fitness: 0.8776655525853
Model size: (8, 19)
Validation fitness: 0.8658462430536429 
Elapsed: 4.511329650878906

*** Epoch 1, batch 99/260 ***
Training fitness: 0.8588235294117647
Model size: (8, 19)
Validation fitness: 0.8658462430536429 
Elapsed: 4.676832914352417

*** Epoch 1, batch 100/260 ***
Training fitness: 0.8475178784701823
Model size: (5, 13)
Validation fitness: 0.8749293088288145 
Elapsed: 4.54649806022644

*** Epoch 1, batch 101/260 ***
Training fitness: 0.8777096876897804
Model size: (6, 14)
Validation fitness: 0.869095129252204 
Elapsed: 4.399914741516113

*** Epoch 1, batch 102/260 ***
Training fitness: 0.8546190846057385
Model size: (8, 18)
Validation fitness: 0.8693493939862096 
Elapsed: 4.615015506744385

*** Epoch 1, batch 103/260 ***
Training fitness: 0.8892958222302245
Model size: (5, 10)
Validation fitness: 0.8706906258390457 
Elapsed: 4.372393846511841

*** Epoch 1, batch 104/260 ***
Training fitness: 0.8826462841512006
Model size: (8, 18)
Validation fitness: 0.8693493939862096 
Elapsed: 4.587510347366333

*** Epoch 1, batch 105/260 ***
Training fitness: 0.877230016590689
Model size: (5, 10)
Validation fitness: 0.8706906258390457 
Elapsed: 4.225430011749268

*** Epoch 1, batch 106/260 ***
Training fitness: 0.8994955246168852
Model size: (6, 14)
Validation fitness: 0.869095129252204 
Elapsed: 4.453649282455444

*** Epoch 1, batch 107/260 ***
Training fitness: 0.8783777209376958
Model size: (7, 16)
Validation fitness: 0.8649670357335474 
Elapsed: 4.416590929031372

*** Epoch 1, batch 108/260 ***
Training fitness: 0.8913844063682368
Model size: (5, 13)
Validation fitness: 0.8277127212471836 
Elapsed: 4.042432069778442

*** Epoch 1, batch 109/260 ***
Training fitness: 0.9025248177239259
Model size: (8, 18)
Validation fitness: 0.8693493939862096 
Elapsed: 4.222811698913574

*** Epoch 1, batch 110/260 ***
Training fitness: 0.8837346756003913
Model size: (3, 8)
Validation fitness: 0.8600324812684641 
Elapsed: 4.089007377624512

*** Epoch 1, batch 111/260 ***
Training fitness: 0.8879320610721985
Model size: (8, 19)
Validation fitness: 0.8631016620839372 
Elapsed: 4.445555686950684

*** Epoch 1, batch 112/260 ***
Training fitness: 0.9186402246454498
Model size: (8, 19)
Validation fitness: 0.8631016620839372 
Elapsed: 4.356225490570068

*** Epoch 1, batch 113/260 ***
Training fitness: 0.8923833493715025
Model size: (3, 7)
Validation fitness: 0.8728622499549309 
Elapsed: 4.054111957550049

*** Epoch 1, batch 114/260 ***
Training fitness: 0.9011771109424468
Model size: (3, 7)
Validation fitness: 0.8728622499549309 
Elapsed: 4.1306915283203125

*** Epoch 1, batch 115/260 ***
Training fitness: 0.8697932285382781
Model size: (8, 17)
Validation fitness: 0.8648081653146532 
Elapsed: 4.386443376541138

*** Epoch 1, batch 116/260 ***
Training fitness: 0.852119316389904
Model size: (3, 7)
Validation fitness: 0.8728622499549309 
Elapsed: 4.3130059242248535

*** Epoch 1, batch 117/260 ***
Training fitness: 0.8890070002456492
Model size: (7, 17)
Validation fitness: 0.8788953186719161 
Elapsed: 4.229123115539551

*** Epoch 1, batch 118/260 ***
Training fitness: 0.8574257700435941
Model size: (4, 8)
Validation fitness: 0.8601642006311552 
Elapsed: 4.153467893600464

*** Epoch 1, batch 119/260 ***
Training fitness: 0.8634529235397097
Model size: (3, 7)
Validation fitness: 0.8728622499549309 
Elapsed: 4.13976526260376

*** Epoch 1, batch 120/260 ***
Training fitness: 0.8411772556415414
Model size: (7, 17)
Validation fitness: 0.8788953186719161 
Elapsed: 4.162484645843506

*** Epoch 1, batch 121/260 ***
Training fitness: 0.8845904745530374
Model size: (5, 7)
Validation fitness: 0.8520789986432294 
Elapsed: 4.154650449752808

*** Epoch 1, batch 122/260 ***
Training fitness: 0.8716436153364958
Model size: (7, 17)
Validation fitness: 0.8788953186719161 
Elapsed: 4.172654390335083

*** Epoch 1, batch 123/260 ***
Training fitness: 0.887790316192976
Model size: (3, 8)
Validation fitness: 0.864966851472611 
Elapsed: 4.24322509765625

*** Epoch 1, batch 124/260 ***
Training fitness: 0.9081146630637698
Model size: (7, 17)
Validation fitness: 0.8788953186719161 
Elapsed: 4.158910751342773

*** Epoch 1, batch 125/260 ***
Training fitness: 0.8634910387667999
Model size: (4, 8)
Validation fitness: 0.8652522981018137 
Elapsed: 4.1617186069488525

*** Epoch 1, batch 126/260 ***
Training fitness: 0.8380066052823766
Model size: (4, 8)
Validation fitness: 0.8652522981018137 
Elapsed: 4.135387182235718

*** Epoch 1, batch 127/260 ***
Training fitness: 0.9003464968812096
Model size: (3, 9)
Validation fitness: 0.8598104309460501 
Elapsed: 4.36755633354187

*** Epoch 1, batch 128/260 ***
Training fitness: 0.8601373918905818
Model size: (5, 10)
Validation fitness: 0.8669345331078446 
Elapsed: 4.277447938919067

*** Epoch 1, batch 129/260 ***
Training fitness: 0.8765029558530522
Model size: (4, 7)
Validation fitness: 0.868435595095099 
Elapsed: 4.096017122268677

*** Epoch 1, batch 130/260 ***
Training fitness: 0.9001119083768183
Model size: (5, 10)
Validation fitness: 0.8669345331078446 
Elapsed: 4.079236745834351

*** Epoch 1, batch 131/260 ***
Training fitness: 0.8643055315025796
Model size: (4, 8)
Validation fitness: 0.8652522981018137 
Elapsed: 4.3123779296875

*** Epoch 1, batch 132/260 ***
Training fitness: 0.8390184515351722
Model size: (5, 10)
Validation fitness: 0.8589961243673007 
Elapsed: 4.469842195510864

*** Epoch 1, batch 133/260 ***
Training fitness: 0.8639318799592534
Model size: (5, 10)
Validation fitness: 0.8589961243673007 
Elapsed: 4.210745096206665

*** Epoch 1, batch 134/260 ***
Training fitness: 0.8831748080003642
Model size: (5, 10)
Validation fitness: 0.8589961243673007 
Elapsed: 7.559834003448486

*** Epoch 1, batch 135/260 ***
Training fitness: 0.8970789728463499
Model size: (5, 9)
Validation fitness: 0.8662415845990497 
Elapsed: 8.372046709060669

*** Epoch 1, batch 136/260 ***
Training fitness: 0.8697312074417597
Model size: (3, 9)
Validation fitness: 0.8598104309460501 
Elapsed: 8.178998231887817

*** Epoch 1, batch 137/260 ***
Training fitness: 0.8462659216149667
Model size: (2, 8)
Validation fitness: 0.8215591466783319 
Elapsed: 8.215057373046875

*** Epoch 1, batch 138/260 ***
Training fitness: 0.9100262092633631
Model size: (5, 9)
Validation fitness: 0.8662415845990497 
Elapsed: 8.425681352615356

*** Epoch 1, batch 139/260 ***
Training fitness: 0.896295483065896
Model size: (2, 6)
Validation fitness: 0.8598096783504628 
Elapsed: 8.281630992889404

*** Epoch 1, batch 140/260 ***
Training fitness: 0.8560398507055028
Model size: (6, 11)
Validation fitness: 0.8593308317462927 
Elapsed: 8.09330439567566

*** Epoch 1, batch 141/260 ***
Training fitness: 0.9087975545562862
Model size: (8, 13)
Validation fitness: 0.8623740038426718 
Elapsed: 7.908342361450195

*** Epoch 1, batch 142/260 ***
Training fitness: 0.861740848545996
Model size: (6, 11)
Validation fitness: 0.865925730104508 
Elapsed: 8.697782039642334

*** Epoch 1, batch 143/260 ***
Training fitness: 0.8791784783263487
Model size: (5, 13)
Validation fitness: 0.8776674038424224 
Elapsed: 8.230623006820679

*** Epoch 1, batch 144/260 ***
Training fitness: 0.8664457000549762
Model size: (4, 10)
Validation fitness: 0.8671414982781188 
Elapsed: 8.216172933578491

*** Epoch 1, batch 145/260 ***
Training fitness: 0.8967542418492377
Model size: (5, 13)
Validation fitness: 0.8776674038424224 
Elapsed: 8.211665391921997

*** Epoch 1, batch 146/260 ***
Training fitness: 0.8516970371569498
Model size: (5, 13)
Validation fitness: 0.8776674038424224 
Elapsed: 8.05491828918457

*** Epoch 1, batch 147/260 ***
Training fitness: 0.8646657563327008
Model size: (5, 13)
Validation fitness: 0.8776674038424224 
Elapsed: 8.102187156677246

*** Epoch 1, batch 148/260 ***
Training fitness: 0.8906840698788544
Model size: (8, 15)
Validation fitness: 0.8758240656015722 
Elapsed: 7.3361523151397705

*** Epoch 1, batch 149/260 ***
Training fitness: 0.8768965592632925
Model size: (5, 13)
Validation fitness: 0.8776674038424224 
Elapsed: 4.421328067779541

*** Epoch 1, batch 150/260 ***
Training fitness: 0.8804127678094555
Model size: (7, 14)
Validation fitness: 0.8703875840747172 
Elapsed: 4.208415985107422

*** Epoch 1, batch 151/260 ***
Training fitness: 0.842684827882828
Model size: (5, 13)
Validation fitness: 0.8776674038424224 
Elapsed: 4.182919025421143

*** Epoch 1, batch 152/260 ***
Training fitness: 0.8787055020463762
Model size: (5, 13)
Validation fitness: 0.8776674038424224 
Elapsed: 4.175755023956299

*** Epoch 1, batch 153/260 ***
Training fitness: 0.8967245297309012
Model size: (8, 15)
Validation fitness: 0.8758240656015722 
Elapsed: 4.136076927185059

*** Epoch 1, batch 154/260 ***
Training fitness: 0.898000809022663
Model size: (5, 13)
Validation fitness: 0.8776674038424224 
Elapsed: 3.88352370262146

*** Epoch 1, batch 155/260 ***
Training fitness: 0.8744515186683164
Model size: (5, 13)
Validation fitness: 0.8776674038424224 
Elapsed: 4.177957057952881

*** Epoch 1, batch 156/260 ***
Training fitness: 0.9070604910634008
Model size: (5, 13)
Validation fitness: 0.8776674038424224 
Elapsed: 3.9814064502716064

*** Epoch 1, batch 157/260 ***
Training fitness: 0.8355121214871224
Model size: (5, 13)
Validation fitness: 0.8776674038424224 
Elapsed: 3.9382851123809814

*** Epoch 1, batch 158/260 ***
Training fitness: 0.8793377189028692
Model size: (5, 13)
Validation fitness: 0.8776674038424224 
Elapsed: 4.087038040161133

*** Epoch 1, batch 159/260 ***
Training fitness: 0.8799840064468976
Model size: (5, 13)
Validation fitness: 0.8776674038424224 
Elapsed: 4.112113952636719

*** Epoch 1, batch 160/260 ***
Training fitness: 0.8937192059159005
Model size: (5, 13)
Validation fitness: 0.8776674038424224 
Elapsed: 4.076267719268799

*** Epoch 1, batch 161/260 ***
Training fitness: 0.8843783158382543
Model size: (4, 10)
Validation fitness: 0.8777133031425489 
Elapsed: 4.035501718521118

*** Epoch 1, batch 162/260 ***
Training fitness: 0.9000017089045326
Model size: (4, 10)
Validation fitness: 0.8777133031425489 
Elapsed: 4.080742597579956

*** Epoch 1, batch 163/260 ***
Training fitness: 0.8980884976269693
Model size: (5, 11)
Validation fitness: 0.8763607425507121 
Elapsed: 4.169590950012207

*** Epoch 1, batch 164/260 ***
Training fitness: 0.880512568398767
Model size: (4, 10)
Validation fitness: 0.8777133031425489 
Elapsed: 3.9824068546295166

*** Epoch 1, batch 165/260 ***
Training fitness: 0.9038045313520652
Model size: (4, 10)
Validation fitness: 0.8777133031425489 
Elapsed: 4.082533597946167

*** Epoch 1, batch 166/260 ***
Training fitness: 0.8644722426062204
Model size: (4, 10)
Validation fitness: 0.8777133031425489 
Elapsed: 4.076771259307861

*** Epoch 1, batch 167/260 ***
Training fitness: 0.8642312464659303
Model size: (4, 10)
Validation fitness: 0.8777133031425489 
Elapsed: 3.891880512237549

*** Epoch 1, batch 168/260 ***
Training fitness: 0.8730914563394814
Model size: (4, 10)
Validation fitness: 0.8789817588309803 
Elapsed: 3.941319227218628

*** Epoch 1, batch 169/260 ***
Training fitness: 0.8739980295570288
Model size: (4, 10)
Validation fitness: 0.8789817588309803 
Elapsed: 3.8114688396453857

*** Epoch 1, batch 170/260 ***
Training fitness: 0.862224362603611
Model size: (4, 10)
Validation fitness: 0.8580870720031591 
Elapsed: 3.9233267307281494

*** Epoch 1, batch 171/260 ***
Training fitness: 0.8448671279802833
Model size: (5, 11)
Validation fitness: 0.8763607425507121 
Elapsed: 3.9321980476379395

*** Epoch 1, batch 172/260 ***
Training fitness: 0.8651097243118262
Model size: (6, 12)
Validation fitness: 0.8717473040983574 
Elapsed: 3.8730883598327637

*** Epoch 1, batch 173/260 ***
Training fitness: 0.8619807260690091
Model size: (6, 12)
Validation fitness: 0.8717473040983574 
Elapsed: 3.8695690631866455

*** Epoch 1, batch 174/260 ***
Training fitness: 0.8222992009742022
Model size: (6, 12)
Validation fitness: 0.8717473040983574 
Elapsed: 4.00575590133667

*** Epoch 1, batch 175/260 ***
Training fitness: 0.8824395388057301
Model size: (6, 12)
Validation fitness: 0.8717473040983574 
Elapsed: 3.9977517127990723

*** Epoch 1, batch 176/260 ***
Training fitness: 0.9198992156892456
Model size: (6, 12)
Validation fitness: 0.8717473040983574 
Elapsed: 3.92571759223938

*** Epoch 1, batch 177/260 ***
Training fitness: 0.8773355396056708
Model size: (6, 15)
Validation fitness: 0.8576516217059306 
Elapsed: 3.9409279823303223

*** Epoch 1, batch 178/260 ***
Training fitness: 0.8806840646776058
Model size: (6, 12)
Validation fitness: 0.8717473040983574 
Elapsed: 3.9424703121185303

*** Epoch 1, batch 179/260 ***
Training fitness: 0.882925845892046
Model size: (6, 12)
Validation fitness: 0.8717473040983574 
Elapsed: 4.001878499984741

*** Epoch 1, batch 180/260 ***
Training fitness: 0.8787320029051149
Model size: (6, 12)
Validation fitness: 0.8717473040983574 
Elapsed: 4.024257183074951

*** Epoch 1, batch 181/260 ***
Training fitness: 0.8519565185958149
Model size: (3, 8)
Validation fitness: 0.8632662181684829 
Elapsed: 3.866865873336792

*** Epoch 1, batch 182/260 ***
Training fitness: 0.8722705837057478
Model size: (3, 8)
Validation fitness: 0.8632662181684829 
Elapsed: 6.238356351852417

*** Epoch 1, batch 183/260 ***
Training fitness: 0.8817753037138282
Model size: (6, 12)
Validation fitness: 0.8717473040983574 
Elapsed: 7.496371507644653

*** Epoch 1, batch 184/260 ***
Training fitness: 0.8918709422836077
Model size: (6, 15)
Validation fitness: 0.846090817400547 
Elapsed: 8.012140035629272

*** Epoch 1, batch 185/260 ***
Training fitness: 0.8655354059508364
Model size: (7, 13)
Validation fitness: 0.8721189192511756 
Elapsed: 7.521988868713379

*** Epoch 1, batch 186/260 ***
Training fitness: 0.8965566926255387
Model size: (7, 13)
Validation fitness: 0.8721189192511756 
Elapsed: 7.418379306793213

*** Epoch 1, batch 187/260 ***
Training fitness: 0.8667435497164746
Model size: (8, 14)
Validation fitness: 0.856468793726248 
Elapsed: 7.607583045959473

*** Epoch 1, batch 188/260 ***
Training fitness: 0.844015367860562
Model size: (7, 13)
Validation fitness: 0.8721189192511756 
Elapsed: 7.8622965812683105

*** Epoch 1, batch 189/260 ***
Training fitness: 0.8425458044164024
Model size: (4, 10)
Validation fitness: 0.8686251552996147 
Elapsed: 7.38326096534729

*** Epoch 1, batch 190/260 ***
Training fitness: 0.8933577418526223
Model size: (5, 12)
Validation fitness: 0.862722025617168 
Elapsed: 7.131760835647583

*** Epoch 1, batch 191/260 ***
Training fitness: 0.8778103428979566
Model size: (5, 12)
Validation fitness: 0.862722025617168 
Elapsed: 6.385497331619263

*** Epoch 1, batch 192/260 ***
Training fitness: 0.8301580911171835
Model size: (7, 18)
Validation fitness: 0.8488705485153315 
Elapsed: 4.070611238479614

*** Epoch 1, batch 193/260 ***
Training fitness: 0.8985221311087046
Model size: (6, 14)
Validation fitness: 0.8691685861397876 
Elapsed: 3.8090193271636963

*** Epoch 1, batch 194/260 ***
Training fitness: 0.8403972438691713
Model size: (5, 12)
Validation fitness: 0.8236688512014466 
Elapsed: 3.74878191947937

*** Epoch 1, batch 195/260 ***
Training fitness: 0.87197208354122
Model size: (7, 13)
Validation fitness: 0.8721189192511756 
Elapsed: 3.9194400310516357

*** Epoch 1, batch 196/260 ***
Training fitness: 0.8701585971370076
Model size: (8, 15)
Validation fitness: 0.8714070213501771 
Elapsed: 3.886171579360962

*** Epoch 1, batch 197/260 ***
Training fitness: 0.8698919705594066
Model size: (8, 15)
Validation fitness: 0.8714070213501771 
Elapsed: 4.036565542221069

*** Epoch 1, batch 198/260 ***
Training fitness: 0.8838017552824973
Model size: (6, 14)
Validation fitness: 0.8691685861397876 
Elapsed: 3.7749781608581543

*** Epoch 1, batch 199/260 ***
Training fitness: 0.8443077824234945
Model size: (6, 14)
Validation fitness: 0.8691685861397876 
Elapsed: 3.792724847793579

*** Epoch 1, batch 200/260 ***
Training fitness: 0.8548484735812685
Model size: (6, 14)
Validation fitness: 0.8691685861397876 
Elapsed: 3.9568700790405273

*** Epoch 1, batch 201/260 ***
Training fitness: 0.8689289549552311
Model size: (6, 15)
Validation fitness: 0.8666387390615063 
Elapsed: 3.763029098510742

*** Epoch 1, batch 202/260 ***
Training fitness: 0.8730201221294707
Model size: (5, 12)
Validation fitness: 0.8625919972314305 
Elapsed: 4.3309900760650635

*** Epoch 1, batch 203/260 ***
Training fitness: 0.888116641097444
Model size: (6, 15)
Validation fitness: 0.8666387390615063 
Elapsed: 3.88504695892334

*** Epoch 1, batch 204/260 ***
Training fitness: 0.8886881289002195
Model size: (7, 18)
Validation fitness: 0.8712785519504543 
Elapsed: 4.002068519592285

*** Epoch 1, batch 205/260 ***
Training fitness: 0.8670925048513175
Model size: (7, 18)
Validation fitness: 0.8712785519504543 
Elapsed: 4.198149681091309

*** Epoch 1, batch 206/260 ***
Training fitness: 0.8812545919379221
Model size: (5, 12)
Validation fitness: 0.8625919972314305 
Elapsed: 3.900648593902588

*** Epoch 1, batch 207/260 ***
Training fitness: 0.8850872890769602
Model size: (7, 18)
Validation fitness: 0.8715552622611218 
Elapsed: 4.1260085105896

*** Epoch 1, batch 208/260 ***
Training fitness: 0.8995173902077133
Model size: (7, 18)
Validation fitness: 0.8715552622611218 
Elapsed: 4.098812580108643

*** Epoch 1, batch 209/260 ***
Training fitness: 0.8362226300403514
Model size: (7, 18)
Validation fitness: 0.8712785519504543 
Elapsed: 3.955653190612793

*** Epoch 1, batch 210/260 ***
Training fitness: 0.8671314021572872
Model size: (7, 18)
Validation fitness: 0.8715552622611218 
Elapsed: 4.074465990066528

*** Epoch 1, batch 211/260 ***
Training fitness: 0.8698409193394253
Model size: (6, 13)
Validation fitness: 0.8351884137233588 
Elapsed: 3.9884207248687744

*** Epoch 1, batch 212/260 ***
Training fitness: 0.904077170142866
Model size: (8, 16)
Validation fitness: 0.8615970461182114 
Elapsed: 3.943723201751709

*** Epoch 1, batch 213/260 ***
Training fitness: 0.8450450802954256
Model size: (6, 15)
Validation fitness: 0.8450389706972873 
Elapsed: 3.883958339691162

*** Epoch 1, batch 214/260 ***
Training fitness: 0.886657502495509
Model size: (6, 16)
Validation fitness: 0.8605126766622677 
Elapsed: 3.987668991088867

*** Epoch 1, batch 215/260 ***
Training fitness: 0.8179252127320042
Model size: (7, 15)
Validation fitness: 0.8658976703575519 
Elapsed: 3.8405611515045166

*** Epoch 1, batch 216/260 ***
Training fitness: 0.8929980453037798
Model size: (7, 15)
Validation fitness: 0.8658976703575519 
Elapsed: 3.8600573539733887

*** Epoch 1, batch 217/260 ***
Training fitness: 0.8607522358826477
Model size: (7, 12)
Validation fitness: 0.8343510721530315 
Elapsed: 3.897857904434204

*** Epoch 1, batch 218/260 ***
Training fitness: 0.8420664604375065
Model size: (6, 16)
Validation fitness: 0.8605126766622677 
Elapsed: 4.03775954246521

*** Epoch 1, batch 219/260 ***
Training fitness: 0.8742462913788381
Model size: (6, 16)
Validation fitness: 0.8643608701377591 
Elapsed: 3.726224184036255

*** Epoch 1, batch 220/260 ***
Training fitness: 0.8856331899466442
Model size: (7, 15)
Validation fitness: 0.8593019775827228 
Elapsed: 3.7228355407714844

*** Epoch 1, batch 221/260 ***
Training fitness: 0.8763113833843045
Model size: (7, 18)
Validation fitness: 0.866897114606655 
Elapsed: 3.9897680282592773

*** Epoch 1, batch 222/260 ***
Training fitness: 0.8775867164641715
Model size: (9, 20)
Validation fitness: 0.8639465891253233 
Elapsed: 4.192406177520752

*** Epoch 1, batch 223/260 ***
Training fitness: 0.9039636384336935
Model size: (7, 16)
Validation fitness: 0.8696730082177401 
Elapsed: 4.076852560043335

*** Epoch 1, batch 224/260 ***
Training fitness: 0.8703220332506101
Model size: (7, 16)
Validation fitness: 0.8696730082177401 
Elapsed: 3.9008774757385254

*** Epoch 1, batch 225/260 ***
Training fitness: 0.8447421532469018
Model size: (7, 19)
Validation fitness: 0.8463855398704445 
Elapsed: 4.190246105194092

*** Epoch 1, batch 226/260 ***
Training fitness: 0.8499056187295172
Model size: (7, 20)
Validation fitness: 0.8530025660131625 
Elapsed: 4.071577548980713

*** Epoch 1, batch 227/260 ***
Training fitness: 0.8309145610443855
Model size: (6, 14)
Validation fitness: 0.8672006155768838 
Elapsed: 3.8162474632263184

*** Epoch 1, batch 228/260 ***
Training fitness: 0.8503889445817278
Model size: (6, 14)
Validation fitness: 0.8672006155768838 
Elapsed: 3.7595112323760986

*** Epoch 1, batch 229/260 ***
Training fitness: 0.8416853445502878
Model size: (6, 14)
Validation fitness: 0.8672006155768838 
Elapsed: 3.9174818992614746

*** Epoch 1, batch 230/260 ***
Training fitness: 0.8853316436592019
Model size: (6, 14)
Validation fitness: 0.8672006155768838 
Elapsed: 4.021066188812256

*** Epoch 1, batch 231/260 ***
Training fitness: 0.870094619371806
Model size: (6, 14)
Validation fitness: 0.8672006155768838 
Elapsed: 3.8412299156188965

*** Epoch 1, batch 232/260 ***
Training fitness: 0.8988257629555517
Model size: (2, 6)
Validation fitness: 0.8266045702676491 
Elapsed: 4.040061950683594

*** Epoch 1, batch 233/260 ***
Training fitness: 0.8454631026163545
Model size: (6, 14)
Validation fitness: 0.8672006155768838 
Elapsed: 3.785172700881958

*** Epoch 1, batch 234/260 ***
Training fitness: 0.8899558461940185
Model size: (6, 14)
Validation fitness: 0.8672006155768838 
Elapsed: 3.87479829788208

*** Epoch 1, batch 235/260 ***
Training fitness: 0.8293149374049746
Model size: (6, 14)
Validation fitness: 0.8672006155768838 
Elapsed: 3.869871139526367

*** Epoch 1, batch 236/260 ***
Training fitness: 0.8984430856572624
Model size: (6, 13)
Validation fitness: 0.8558840195945946 
Elapsed: 3.9435060024261475

*** Epoch 1, batch 237/260 ***
Training fitness: 0.8525707489182149
Model size: (6, 13)
Validation fitness: 0.8558840195945946 
Elapsed: 3.8901898860931396

*** Epoch 1, batch 238/260 ***
Training fitness: 0.8691658929953359
Model size: (8, 17)
Validation fitness: 0.8509918497999823 
Elapsed: 3.952605962753296

*** Epoch 1, batch 239/260 ***
Training fitness: 0.8765029558530522
Model size: (5, 9)
Validation fitness: 0.8652769067688745 
Elapsed: 3.826714515686035

*** Epoch 1, batch 240/260 ***
Training fitness: 0.8725271276204064
Model size: (5, 9)
Validation fitness: 0.8652769067688745 
Elapsed: 3.846660852432251

*** Epoch 1, batch 241/260 ***
Training fitness: 0.8903377459917404
Model size: (5, 9)
Validation fitness: 0.8652769067688745 
Elapsed: 3.8847787380218506

*** Epoch 1, batch 242/260 ***
Training fitness: 0.8493007379870473
Model size: (5, 9)
Validation fitness: 0.8652769067688745 
Elapsed: 3.905917167663574

*** Epoch 1, batch 243/260 ***
Training fitness: 0.8260838181553356
Model size: (10, 18)
Validation fitness: 0.8578675756301706 
Elapsed: 3.890834093093872

*** Epoch 1, batch 244/260 ***
Training fitness: 0.8645038931997973
Model size: (5, 9)
Validation fitness: 0.8652769067688745 
Elapsed: 3.9080963134765625

*** Epoch 1, batch 245/260 ***
Training fitness: 0.852349086703677
Model size: (10, 18)
Validation fitness: 0.8578675756301706 
Elapsed: 3.9853360652923584

*** Epoch 1, batch 246/260 ***
Training fitness: 0.8939320748861391
Model size: (5, 9)
Validation fitness: 0.8652769067688745 
Elapsed: 4.073113918304443

*** Epoch 1, batch 247/260 ***
Training fitness: 0.8809580196843305
Model size: (8, 16)
Validation fitness: 0.8561100495610748 
Elapsed: 3.9949727058410645

*** Epoch 1, batch 248/260 ***
Training fitness: 0.8916005821827683
Model size: (5, 9)
Validation fitness: 0.8652769067688745 
Elapsed: 4.091324806213379

*** Epoch 1, batch 249/260 ***
Training fitness: 0.8487079562565801
Model size: (9, 16)
Validation fitness: 0.8554854933333602 
Elapsed: 4.1289262771606445

*** Epoch 1, batch 250/260 ***
Training fitness: 0.844343787187412
Model size: (5, 9)
Validation fitness: 0.8652769067688745 
Elapsed: 4.04552960395813

*** Epoch 1, batch 251/260 ***
Training fitness: 0.8831748080003642
Model size: (2, 7)
Validation fitness: 0.8245447392744125 
Elapsed: 4.094515085220337

*** Epoch 1, batch 252/260 ***
Training fitness: 0.8906966296195147
Model size: (9, 15)
Validation fitness: 0.867125695158604 
Elapsed: 4.091271877288818

*** Epoch 1, batch 253/260 ***
Training fitness: 0.8843616909788753
Model size: (8, 12)
Validation fitness: 0.85324701521165 
Elapsed: 4.025974988937378

*** Epoch 1, batch 254/260 ***
Training fitness: 0.8614154805211354
Model size: (2, 6)
Validation fitness: 0.8357922810868975 
Elapsed: 3.9312615394592285

*** Epoch 1, batch 255/260 ***
Training fitness: 0.8916005821827683
Model size: (5, 10)
Validation fitness: 0.8393453634348541 
Elapsed: 4.091408967971802

*** Epoch 1, batch 256/260 ***
Training fitness: 0.8725622072438163
Model size: (5, 10)
Validation fitness: 0.8444859871253915 
Elapsed: 3.829465627670288

*** Epoch 1, batch 257/260 ***
Training fitness: 0.8500996150263388
Model size: (10, 16)
Validation fitness: 0.8594819188851381 
Elapsed: 3.7494823932647705

*** Epoch 1, batch 258/260 ***
Training fitness: 0.8442167912392698
Model size: (4, 8)
Validation fitness: 0.8223079315985259 
Elapsed: 3.7369191646575928

*** Epoch 1, batch 259/260 ***
Training fitness: 0.845296844850229
Model size: (10, 16)
Validation fitness: 0.8632359929937948 
Elapsed: 3.6985371112823486

*** Epoch 1, batch 260/260 ***
Training fitness: 0.8702097046971552
Model size: (10, 16)
Validation fitness: 0.8632359929937948 
Elapsed: 3.981515884399414

Total train time: 1330.5721499919891
Test time: 0.26409316062927246
Test fitness: 0.8745173342713667
Test statistics: Stats(total=14791, total_true=7158, total_false=7633, true_positive=6355, true_negative=7486, false_positive=147, false_negative=803, tpr=0.8878178262084381, tnr=0.9807415170968165, ppv=0.9773915718240541, npv=0.9031246229943298, accuracy=0.9357717530930971, f1=0.9304538799414348, mcc=0.8745173342713667)
