Configuration:
Dataset: nsl_kdd
Selector: pca
Fitness: mcc
Batch size: 256
Epochs: 1
Config args: {}
*** Epoch 1, batch 1/463 ***
Training fitness: 0.7584601653320894
Model size: (1, 12)
Validation fitness: 0.7071507603352624 !!!
Elapsed: 3.3869988918304443

*** Epoch 1, batch 2/463 ***
Training fitness: 0.8354940198496805
Model size: (2, 13)
Validation fitness: 0.8111531837560146 !!!
Elapsed: 2.082333564758301

*** Epoch 1, batch 3/463 ***
Training fitness: 0.8658069756431734
Model size: (2, 13)
Validation fitness: 0.8111531837560146 
Elapsed: 2.1251277923583984

*** Epoch 1, batch 4/463 ***
Training fitness: 0.8357364780315109
Model size: (2, 9)
Validation fitness: 0.804199452090292 
Elapsed: 2.191927671432495

*** Epoch 1, batch 5/463 ***
Training fitness: 0.8229107226124512
Model size: (3, 16)
Validation fitness: 0.8018658340645786 
Elapsed: 2.1946773529052734

*** Epoch 1, batch 6/463 ***
Training fitness: 0.8749710380502448
Model size: (1, 9)
Validation fitness: 0.8009972359500364 
Elapsed: 2.210458278656006

*** Epoch 1, batch 7/463 ***
Training fitness: 0.8595212399508618
Model size: (1, 10)
Validation fitness: 0.8276189184157954 !!!
Elapsed: 2.0675764083862305

*** Epoch 1, batch 8/463 ***
Training fitness: 0.8366356378958277
Model size: (1, 9)
Validation fitness: 0.8091911955469162 
Elapsed: 2.115049362182617

*** Epoch 1, batch 9/463 ***
Training fitness: 0.836167191726083
Model size: (1, 10)
Validation fitness: 0.8280241383652553 !!!
Elapsed: 2.13608455657959

*** Epoch 1, batch 10/463 ***
Training fitness: 0.8299781237673607
Model size: (4, 14)
Validation fitness: 0.8124881082694762 
Elapsed: 2.216792345046997

*** Epoch 1, batch 11/463 ***
Training fitness: 0.8824246998537782
Model size: (3, 13)
Validation fitness: 0.8205554671062008 
Elapsed: 2.141608238220215

*** Epoch 1, batch 12/463 ***
Training fitness: 0.8343711507077057
Model size: (2, 8)
Validation fitness: 0.7607192564242626 
Elapsed: 2.188798189163208

*** Epoch 1, batch 13/463 ***
Training fitness: 0.8053021313204206
Model size: (3, 14)
Validation fitness: 0.8263056736935218 
Elapsed: 2.14029860496521

*** Epoch 1, batch 14/463 ***
Training fitness: 0.8372467968165258
Model size: (3, 10)
Validation fitness: 0.7948448060124923 
Elapsed: 2.1658544540405273

*** Epoch 1, batch 15/463 ***
Training fitness: 0.874695514904512
Model size: (3, 14)
Validation fitness: 0.8263056736935218 
Elapsed: 2.3479397296905518

*** Epoch 1, batch 16/463 ***
Training fitness: 0.8644418426206677
Model size: (2, 6)
Validation fitness: 0.8274879297913402 
Elapsed: 2.2479918003082275

*** Epoch 1, batch 17/463 ***
Training fitness: 0.8331232747360048
Model size: (3, 7)
Validation fitness: 0.8370355860892937 !!!
Elapsed: 2.2936604022979736

*** Epoch 1, batch 18/463 ***
Training fitness: 0.837725795376351
Model size: (7, 21)
Validation fitness: 0.8311158244608675 
Elapsed: 2.5759806632995605

*** Epoch 1, batch 19/463 ***
Training fitness: 0.8972537548762457
Model size: (5, 15)
Validation fitness: 0.8197757855890837 
Elapsed: 2.467754364013672

*** Epoch 1, batch 20/463 ***
Training fitness: 0.8232307884979778
Model size: (6, 16)
Validation fitness: 0.8271204467610722 
Elapsed: 2.5691728591918945

*** Epoch 1, batch 21/463 ***
Training fitness: 0.8595172900611018
Model size: (7, 22)
Validation fitness: 0.7980402408335493 
Elapsed: 2.6151816844940186

*** Epoch 1, batch 22/463 ***
Training fitness: 0.8443002335395839
Model size: (7, 17)
Validation fitness: 0.8387550995140561 !!!
Elapsed: 2.5650017261505127

*** Epoch 1, batch 23/463 ***
Training fitness: 0.8380596671438915
Model size: (4, 9)
Validation fitness: 0.8352267834126361 
Elapsed: 2.586019515991211

*** Epoch 1, batch 24/463 ***
Training fitness: 0.8752201441800717
Model size: (4, 8)
Validation fitness: 0.8485791878899541 !!!
Elapsed: 2.5424182415008545

*** Epoch 1, batch 25/463 ***
Training fitness: 0.8594866453452653
Model size: (4, 8)
Validation fitness: 0.8485791878899541 
Elapsed: 2.43769907951355

*** Epoch 1, batch 26/463 ***
Training fitness: 0.8815475234314
Model size: (10, 23)
Validation fitness: 0.8395436272483422 
Elapsed: 2.730886459350586

*** Epoch 1, batch 27/463 ***
Training fitness: 0.9059016686503533
Model size: (4, 12)
Validation fitness: 0.8485130878252134 
Elapsed: 2.690317392349243

*** Epoch 1, batch 28/463 ***
Training fitness: 0.8078088690150514
Model size: (3, 9)
Validation fitness: 0.8304116479281783 
Elapsed: 2.5314183235168457

*** Epoch 1, batch 29/463 ***
Training fitness: 0.8682609292957645
Model size: (4, 12)
Validation fitness: 0.8485130878252134 
Elapsed: 2.571089029312134

*** Epoch 1, batch 30/463 ***
Training fitness: 0.9071574903766584
Model size: (4, 12)
Validation fitness: 0.8485130878252134 
Elapsed: 2.5239672660827637

*** Epoch 1, batch 31/463 ***
Training fitness: 0.8518324273993638
Model size: (6, 13)
Validation fitness: 0.8287723720797241 
Elapsed: 2.6502227783203125

*** Epoch 1, batch 32/463 ***
Training fitness: 0.9235895877294796
Model size: (8, 18)
Validation fitness: 0.8284241206620563 
Elapsed: 2.541473150253296

*** Epoch 1, batch 33/463 ***
Training fitness: 0.8594230963896994
Model size: (6, 13)
Validation fitness: 0.8287723720797241 
Elapsed: 2.5144731998443604

*** Epoch 1, batch 34/463 ***
Training fitness: 0.8372657653836846
Model size: (5, 13)
Validation fitness: 0.8257692490336905 
Elapsed: 2.452775001525879

*** Epoch 1, batch 35/463 ***
Training fitness: 0.8694490878399705
Model size: (4, 10)
Validation fitness: 0.8549368119361875 !!!
Elapsed: 2.5434255599975586

*** Epoch 1, batch 36/463 ***
Training fitness: 0.8295018954139965
Model size: (6, 13)
Validation fitness: 0.8287723720797241 
Elapsed: 2.6007027626037598

*** Epoch 1, batch 37/463 ***
Training fitness: 0.9066820383265806
Model size: (8, 20)
Validation fitness: 0.8439255768993634 
Elapsed: 2.5736329555511475

*** Epoch 1, batch 38/463 ***
Training fitness: 0.865422881189313
Model size: (5, 11)
Validation fitness: 0.8100160907119738 
Elapsed: 2.642186164855957

*** Epoch 1, batch 39/463 ***
Training fitness: 0.9169591153480608
Model size: (4, 10)
Validation fitness: 0.8549368119361875 
Elapsed: 2.669466495513916

*** Epoch 1, batch 40/463 ***
Training fitness: 0.8761965378622129
Model size: (6, 13)
Validation fitness: 0.8287723720797241 
Elapsed: 2.601153612136841

*** Epoch 1, batch 41/463 ***
Training fitness: 0.8449525354345196
Model size: (7, 18)
Validation fitness: 0.8209167891139081 
Elapsed: 2.6857211589813232

*** Epoch 1, batch 42/463 ***
Training fitness: 0.8797732472410854
Model size: (5, 9)
Validation fitness: 0.8402591782366211 
Elapsed: 2.5261547565460205

*** Epoch 1, batch 43/463 ***
Training fitness: 0.8691658929953359
Model size: (14, 26)
Validation fitness: 0.8387300473452821 
Elapsed: 2.7203166484832764

*** Epoch 1, batch 44/463 ***
Training fitness: 0.9235301634308455
Model size: (7, 18)
Validation fitness: 0.8467055401607004 
Elapsed: 2.5870134830474854

*** Epoch 1, batch 45/463 ***
Training fitness: 0.8759669818292833
Model size: (7, 18)
Validation fitness: 0.8467055401607004 
Elapsed: 2.549163818359375

*** Epoch 1, batch 46/463 ***
Training fitness: 0.8203407125795076
Model size: (13, 27)
Validation fitness: 0.8142915419149958 
Elapsed: 2.6062142848968506

*** Epoch 1, batch 47/463 ***
Training fitness: 0.8694961675683838
Model size: (7, 14)
Validation fitness: 0.826755900893421 
Elapsed: 2.346038579940796

*** Epoch 1, batch 48/463 ***
Training fitness: 0.899820257201832
Model size: (13, 24)
Validation fitness: 0.8285868734790875 
Elapsed: 2.740311861038208

*** Epoch 1, batch 49/463 ***
Training fitness: 0.8671991694565816
Model size: (6, 16)
Validation fitness: 0.841778297521815 
Elapsed: 2.4228832721710205

*** Epoch 1, batch 50/463 ***
Training fitness: 0.8354436477951074
Model size: (8, 20)
Validation fitness: 0.8210124735119024 
Elapsed: 2.5581917762756348

*** Epoch 1, batch 51/463 ***
Training fitness: 0.8373707732757218
Model size: (6, 13)
Validation fitness: 0.8297101937179816 
Elapsed: 2.58194637298584

*** Epoch 1, batch 52/463 ***
Training fitness: 0.8643874207943743
Model size: (6, 16)
Validation fitness: 0.825679426701196 
Elapsed: 2.5088658332824707

*** Epoch 1, batch 53/463 ***
Training fitness: 0.8321406781149879
Model size: (3, 6)
Validation fitness: 0.8135658219239401 
Elapsed: 2.3543379306793213

*** Epoch 1, batch 54/463 ***
Training fitness: 0.8906416504661515
Model size: (7, 18)
Validation fitness: 0.8320958146540284 
Elapsed: 2.4842851161956787

*** Epoch 1, batch 55/463 ***
Training fitness: 0.8624800060695207
Model size: (7, 16)
Validation fitness: 0.8228883362043159 
Elapsed: 2.6807191371917725

*** Epoch 1, batch 56/463 ***
Training fitness: 0.8548115294884504
Model size: (2, 5)
Validation fitness: 0.8307879859039525 
Elapsed: 2.5248141288757324

*** Epoch 1, batch 57/463 ***
Training fitness: 0.8767660269859868
Model size: (10, 22)
Validation fitness: 0.7962944622832655 
Elapsed: 2.726853847503662

*** Epoch 1, batch 58/463 ***
Training fitness: 0.8692604279957755
Model size: (16, 28)
Validation fitness: 0.8261941405419618 
Elapsed: 2.6726067066192627

*** Epoch 1, batch 59/463 ***
Training fitness: 0.8824156980743086
Model size: (7, 16)
Validation fitness: 0.8297413484629154 
Elapsed: 2.5051136016845703

*** Epoch 1, batch 60/463 ***
Training fitness: 0.8785710337481841
Model size: (8, 17)
Validation fitness: 0.8243525881956536 
Elapsed: 2.57319974899292

*** Epoch 1, batch 61/463 ***
Training fitness: 0.8399960178179509
Model size: (6, 13)
Validation fitness: 0.8287723720797241 
Elapsed: 2.474301338195801

*** Epoch 1, batch 62/463 ***
Training fitness: 0.8222670889143765
Model size: (8, 18)
Validation fitness: 0.8166444724315688 
Elapsed: 2.701794385910034

*** Epoch 1, batch 63/463 ***
Training fitness: 0.8597616346816697
Model size: (5, 10)
Validation fitness: 0.8359420298636413 
Elapsed: 2.411733865737915

*** Epoch 1, batch 64/463 ***
Training fitness: 0.8556340406269313
Model size: (6, 13)
Validation fitness: 0.8287723720797241 
Elapsed: 2.562110662460327

*** Epoch 1, batch 65/463 ***
Training fitness: 0.8754527277201575
Model size: (5, 10)
Validation fitness: 0.8359420298636413 
Elapsed: 2.4397640228271484

*** Epoch 1, batch 66/463 ***
Training fitness: 0.8460091120621586
Model size: (3, 7)
Validation fitness: 0.8171888322302479 
Elapsed: 2.3249876499176025

*** Epoch 1, batch 67/463 ***
Training fitness: 0.862808713051596
Model size: (5, 10)
Validation fitness: 0.8359420298636413 
Elapsed: 2.3562917709350586

*** Epoch 1, batch 68/463 ***
Training fitness: 0.8322384052322785
Model size: (4, 9)
Validation fitness: 0.8220348727279959 
Elapsed: 2.323060989379883

*** Epoch 1, batch 69/463 ***
Training fitness: 0.8824393873301452
Model size: (14, 25)
Validation fitness: 0.8251735448148071 
Elapsed: 2.4507954120635986

*** Epoch 1, batch 70/463 ***
Training fitness: 0.8436839851140928
Model size: (5, 12)
Validation fitness: 0.8098901561237815 
Elapsed: 2.4300501346588135

*** Epoch 1, batch 71/463 ***
Training fitness: 0.8464846053676478
Model size: (8, 17)
Validation fitness: 0.8302506923698043 
Elapsed: 2.5504813194274902

*** Epoch 1, batch 72/463 ***
Training fitness: 0.8130602602518727
Model size: (15, 28)
Validation fitness: 0.8080867459051685 
Elapsed: 2.370802164077759

*** Epoch 1, batch 73/463 ***
Training fitness: 0.7785912041802081
Model size: (3, 10)
Validation fitness: 0.82827570929961 
Elapsed: 2.21814227104187

*** Epoch 1, batch 74/463 ***
Training fitness: 0.8580692291390182
Model size: (10, 18)
Validation fitness: 0.7903622189738343 
Elapsed: 2.35163950920105

*** Epoch 1, batch 75/463 ***
Training fitness: 0.8040423448174191
Model size: (10, 19)
Validation fitness: 0.7939618074449235 
Elapsed: 2.2809324264526367

*** Epoch 1, batch 76/463 ***
Training fitness: 0.8439962883062726
Model size: (15, 25)
Validation fitness: 0.8136540216933135 
Elapsed: 2.2168335914611816

*** Epoch 1, batch 77/463 ***
Training fitness: 0.8463367679796223
Model size: (15, 25)
Validation fitness: 0.8136540216933135 
Elapsed: 2.196462631225586

*** Epoch 1, batch 78/463 ***
Training fitness: 0.8094559007252063
Model size: (2, 4)
Validation fitness: 0.7913054031419117 
Elapsed: 2.1631922721862793

*** Epoch 1, batch 79/463 ***
Training fitness: 0.8278585456833149
Model size: (14, 22)
Validation fitness: 0.8099385681357398 
Elapsed: 2.3983373641967773

*** Epoch 1, batch 80/463 ***
Training fitness: 0.7838545305196369
Model size: (14, 22)
Validation fitness: 0.7929387190422326 
Elapsed: 2.3259973526000977

*** Epoch 1, batch 81/463 ***
Training fitness: 0.874839655790814
Model size: (7, 12)
Validation fitness: 0.8211219961340915 
Elapsed: 2.15177059173584

*** Epoch 1, batch 82/463 ***
Training fitness: 0.7822232824849826
Model size: (8, 14)
Validation fitness: 0.8190713307167905 
Elapsed: 2.296973943710327

*** Epoch 1, batch 83/463 ***
Training fitness: 0.8719676894280401
Model size: (8, 14)
Validation fitness: 0.8190713307167905 
Elapsed: 2.1267383098602295

*** Epoch 1, batch 84/463 ***
Training fitness: 0.8129312166225197
Model size: (15, 25)
Validation fitness: 0.7846496445695516 
Elapsed: 2.2870380878448486

*** Epoch 1, batch 85/463 ***
Training fitness: 0.8460091120621586
Model size: (3, 8)
Validation fitness: 0.8218791284770133 
Elapsed: 2.1807334423065186

*** Epoch 1, batch 86/463 ***
Training fitness: 0.8689289549552311
Model size: (8, 15)
Validation fitness: 0.8298944428942986 
Elapsed: 2.1012306213378906

*** Epoch 1, batch 87/463 ***
Training fitness: 0.8420361386880919
Model size: (15, 23)
Validation fitness: 0.8221028197488118 
Elapsed: 2.1074728965759277

*** Epoch 1, batch 88/463 ***
Training fitness: 0.8349071473601695
Model size: (17, 28)
Validation fitness: 0.8211754288984009 
Elapsed: 2.118739128112793

*** Epoch 1, batch 89/463 ***
Training fitness: 0.8490574826125626
Model size: (11, 21)
Validation fitness: 0.8383965782682687 
Elapsed: 2.2997312545776367

*** Epoch 1, batch 90/463 ***
Training fitness: 0.8600914444591817
Model size: (16, 30)
Validation fitness: 0.8198993017711341 
Elapsed: 2.585460662841797

*** Epoch 1, batch 91/463 ***
Training fitness: 0.8606113505432808
Model size: (3, 9)
Validation fitness: 0.822838867617534 
Elapsed: 2.5367188453674316

*** Epoch 1, batch 92/463 ***
Training fitness: 0.8497829661949
Model size: (10, 16)
Validation fitness: 0.8226012652652355 
Elapsed: 2.3796396255493164

*** Epoch 1, batch 93/463 ***
Training fitness: 0.8234647666251008
Model size: (11, 22)
Validation fitness: 0.8382275706875427 
Elapsed: 2.3895013332366943

*** Epoch 1, batch 94/463 ***
Training fitness: 0.907763869081789
Model size: (11, 22)
Validation fitness: 0.8452305641462144 
Elapsed: 2.3804433345794678

*** Epoch 1, batch 95/463 ***
Training fitness: 0.8752201441800717
Model size: (4, 10)
Validation fitness: 0.838679071473764 
Elapsed: 2.4210891723632812

*** Epoch 1, batch 96/463 ***
Training fitness: 0.8369706500563219
Model size: (11, 22)
Validation fitness: 0.8405688290859844 
Elapsed: 2.3831562995910645

*** Epoch 1, batch 97/463 ***
Training fitness: 0.8815261966465601
Model size: (4, 10)
Validation fitness: 0.838679071473764 
Elapsed: 2.631380558013916

*** Epoch 1, batch 98/463 ***
Training fitness: 0.8202588219228013
Model size: (4, 10)
Validation fitness: 0.838679071473764 
Elapsed: 2.4543731212615967

*** Epoch 1, batch 99/463 ***
Training fitness: 0.814940032604923
Model size: (11, 22)
Validation fitness: 0.8452305641462144 
Elapsed: 2.414384603500366

*** Epoch 1, batch 100/463 ***
Training fitness: 0.8488425818064955
Model size: (6, 9)
Validation fitness: 0.8187023794430244 
Elapsed: 2.477968454360962

*** Epoch 1, batch 101/463 ***
Training fitness: 0.8830265650882386
Model size: (6, 15)
Validation fitness: 0.8189524962561199 
Elapsed: 2.361870288848877

*** Epoch 1, batch 102/463 ***
Training fitness: 0.8547746665874759
Model size: (11, 22)
Validation fitness: 0.8452305641462144 
Elapsed: 2.402704954147339

*** Epoch 1, batch 103/463 ***
Training fitness: 0.8282994729374619
Model size: (4, 10)
Validation fitness: 0.838679071473764 
Elapsed: 2.384955883026123

*** Epoch 1, batch 104/463 ***
Training fitness: 0.8573191959838433
Model size: (4, 10)
Validation fitness: 0.826937192008343 
Elapsed: 2.41933012008667

*** Epoch 1, batch 105/463 ***
Training fitness: 0.8487133559465401
Model size: (16, 26)
Validation fitness: 0.8288501899140694 
Elapsed: 2.4712612628936768

*** Epoch 1, batch 106/463 ***
Training fitness: 0.8777096876897804
Model size: (5, 11)
Validation fitness: 0.8107698948148108 
Elapsed: 2.5693328380584717

*** Epoch 1, batch 107/463 ***
Training fitness: 0.8864658456962712
Model size: (14, 31)
Validation fitness: 0.8338704946541838 
Elapsed: 2.831927537918091

*** Epoch 1, batch 108/463 ***
Training fitness: 0.849200409009924
Model size: (4, 11)
Validation fitness: 0.8390614093081926 
Elapsed: 2.5811965465545654

*** Epoch 1, batch 109/463 ***
Training fitness: 0.8875995140655514
Model size: (14, 31)
Validation fitness: 0.8338704946541838 
Elapsed: 2.851055145263672

*** Epoch 1, batch 110/463 ***
Training fitness: 0.8198654815725435
Model size: (14, 31)
Validation fitness: 0.8338704946541838 
Elapsed: 2.779183864593506

*** Epoch 1, batch 111/463 ***
Training fitness: 0.8785464423384651
Model size: (5, 9)
Validation fitness: 0.8390676714506506 
Elapsed: 2.442507743835449

*** Epoch 1, batch 112/463 ***
Training fitness: 0.8215924377563001
Model size: (13, 25)
Validation fitness: 0.8376522073519468 
Elapsed: 2.7267730236053467

*** Epoch 1, batch 113/463 ***
Training fitness: 0.9110082718086713
Model size: (6, 11)
Validation fitness: 0.8381496969996775 
Elapsed: 2.567202091217041

*** Epoch 1, batch 114/463 ***
Training fitness: 0.8596154394352085
Model size: (5, 11)
Validation fitness: 0.8287722563808213 
Elapsed: 2.5917327404022217

*** Epoch 1, batch 115/463 ***
Training fitness: 0.8575983804689538
Model size: (5, 11)
Validation fitness: 0.8229667493219618 
Elapsed: 2.571701765060425

*** Epoch 1, batch 116/463 ***
Training fitness: 0.8661908647148095
Model size: (8, 19)
Validation fitness: 0.7982345149729746 
Elapsed: 2.7524149417877197

*** Epoch 1, batch 117/463 ***
Training fitness: 0.8907682792560303
Model size: (17, 36)
Validation fitness: 0.8379675381916326 
Elapsed: 2.913442611694336

*** Epoch 1, batch 118/463 ***
Training fitness: 0.834302731498097
Model size: (5, 12)
Validation fitness: 0.8216965401360461 
Elapsed: 2.487945079803467

*** Epoch 1, batch 119/463 ***
Training fitness: 0.8900497310852704
Model size: (12, 20)
Validation fitness: 0.8406019616702827 
Elapsed: 2.501713991165161

*** Epoch 1, batch 120/463 ***
Training fitness: 0.8441962385238857
Model size: (12, 20)
Validation fitness: 0.8406019616702827 
Elapsed: 2.490309000015259

*** Epoch 1, batch 121/463 ***
Training fitness: 0.8187923936578021
Model size: (12, 19)
Validation fitness: 0.8332025101172501 
Elapsed: 2.4692625999450684

*** Epoch 1, batch 122/463 ***
Training fitness: 0.789469410854481
Model size: (5, 10)
Validation fitness: 0.8340462365828142 
Elapsed: 2.740469455718994

*** Epoch 1, batch 123/463 ***
Training fitness: 0.8812067077733337
Model size: (12, 20)
Validation fitness: 0.8447203472339131 
Elapsed: 2.4574356079101562

*** Epoch 1, batch 124/463 ***
Training fitness: 0.8113091773617563
Model size: (5, 13)
Validation fitness: 0.8218248633383807 
Elapsed: 2.6145851612091064

*** Epoch 1, batch 125/463 ***
Training fitness: 0.8747478833981698
Model size: (12, 20)
Validation fitness: 0.8447203472339131 
Elapsed: 2.4599785804748535

*** Epoch 1, batch 126/463 ***
Training fitness: 0.9046869945923759
Model size: (5, 8)
Validation fitness: 0.8187339252354774 
Elapsed: 2.4469995498657227

*** Epoch 1, batch 127/463 ***
Training fitness: 0.851902467956156
Model size: (16, 26)
Validation fitness: 0.8244329365719971 
Elapsed: 2.8825528621673584

*** Epoch 1, batch 128/463 ***
Training fitness: 0.8221479002983014
Model size: (6, 16)
Validation fitness: 0.8393805624652262 
Elapsed: 2.8577356338500977

*** Epoch 1, batch 129/463 ***
Training fitness: 0.8584816206991309
Model size: (7, 15)
Validation fitness: 0.8367064733237316 
Elapsed: 2.5963990688323975

*** Epoch 1, batch 130/463 ***
Training fitness: 0.8770244987737542
Model size: (11, 23)
Validation fitness: 0.849510462753691 
Elapsed: 2.7235889434814453

*** Epoch 1, batch 131/463 ***
Training fitness: 0.8483838696011449
Model size: (11, 23)
Validation fitness: 0.849510462753691 
Elapsed: 2.705592393875122

*** Epoch 1, batch 132/463 ***
Training fitness: 0.8987459698959671
Model size: (13, 16)
Validation fitness: 0.8279072303619508 
Elapsed: 2.4764456748962402

*** Epoch 1, batch 133/463 ***
Training fitness: 0.8907612137247761
Model size: (4, 8)
Validation fitness: 0.8099312656801879 
Elapsed: 2.606476306915283

*** Epoch 1, batch 134/463 ***
Training fitness: 0.8462778815327852
Model size: (9, 18)
Validation fitness: 0.7958253126347871 
Elapsed: 2.8731441497802734

*** Epoch 1, batch 135/463 ***
Training fitness: 0.8366157636036563
Model size: (5, 8)
Validation fitness: 0.8187339252354774 
Elapsed: 2.5488955974578857

*** Epoch 1, batch 136/463 ***
Training fitness: 0.8122133308536809
Model size: (7, 18)
Validation fitness: 0.8475439869643303 
Elapsed: 2.746824264526367

*** Epoch 1, batch 137/463 ***
Training fitness: 0.8543579751857886
Model size: (7, 18)
Validation fitness: 0.8475439869643303 
Elapsed: 2.7381114959716797

*** Epoch 1, batch 138/463 ***
Training fitness: 0.902835040918944
Model size: (7, 18)
Validation fitness: 0.8475439869643303 
Elapsed: 2.7298872470855713

*** Epoch 1, batch 139/463 ***
Training fitness: 0.8522999235056915
Model size: (7, 18)
Validation fitness: 0.8475439869643303 
Elapsed: 2.7027459144592285

*** Epoch 1, batch 140/463 ***
Training fitness: 0.8704075465996618
Model size: (7, 18)
Validation fitness: 0.8475439869643303 
Elapsed: 2.770832061767578

*** Epoch 1, batch 141/463 ***
Training fitness: 0.8579168932086841
Model size: (7, 18)
Validation fitness: 0.8475439869643303 
Elapsed: 2.728820562362671

*** Epoch 1, batch 142/463 ***
Training fitness: 0.8720508658570051
Model size: (13, 16)
Validation fitness: 0.8409299117404716 
Elapsed: 2.527669906616211

*** Epoch 1, batch 143/463 ***
Training fitness: 0.8928762274229087
Model size: (22, 36)
Validation fitness: 0.8374479826962064 
Elapsed: 2.3849191665649414

*** Epoch 1, batch 144/463 ***
Training fitness: 0.8841355921645215
Model size: (22, 36)
Validation fitness: 0.8374479826962064 
Elapsed: 2.3352041244506836

*** Epoch 1, batch 145/463 ***
Training fitness: 0.8673309339434461
Model size: (14, 17)
Validation fitness: 0.8340623810184182 
Elapsed: 2.321981191635132

*** Epoch 1, batch 146/463 ***
Training fitness: 0.8271442946473633
Model size: (22, 36)
Validation fitness: 0.8374479826962064 
Elapsed: 2.556746244430542

*** Epoch 1, batch 147/463 ***
Training fitness: 0.8112339978265071
Model size: (10, 17)
Validation fitness: 0.8307266376048392 
Elapsed: 2.2863426208496094

*** Epoch 1, batch 148/463 ***
Training fitness: 0.8616956341072418
Model size: (15, 20)
Validation fitness: 0.8373466996050887 
Elapsed: 2.273864269256592

*** Epoch 1, batch 149/463 ***
Training fitness: 0.8909152546496628
Model size: (22, 36)
Validation fitness: 0.8374479826962064 
Elapsed: 2.480912446975708

*** Epoch 1, batch 150/463 ***
Training fitness: 0.8571846650156335
Model size: (14, 17)
Validation fitness: 0.8359572916941054 
Elapsed: 2.441910982131958

*** Epoch 1, batch 151/463 ***
Training fitness: 0.870205964793516
Model size: (22, 36)
Validation fitness: 0.8374479826962064 
Elapsed: 2.5852415561676025

*** Epoch 1, batch 152/463 ***
Training fitness: 0.9023088543878549
Model size: (10, 17)
Validation fitness: 0.8418127509167156 
Elapsed: 2.4747796058654785

*** Epoch 1, batch 153/463 ***
Training fitness: 0.8646516349314517
Model size: (10, 17)
Validation fitness: 0.8418127509167156 
Elapsed: 2.3739020824432373

*** Epoch 1, batch 154/463 ***
Training fitness: 0.8832892783672596
Model size: (17, 28)
Validation fitness: 0.8121041594830524 
Elapsed: 2.3937032222747803

*** Epoch 1, batch 155/463 ***
Training fitness: 0.9017885472237477
Model size: (17, 24)
Validation fitness: 0.8412576841442098 
Elapsed: 2.4715793132781982

*** Epoch 1, batch 156/463 ***
Training fitness: 0.8402812598146835
Model size: (17, 24)
Validation fitness: 0.8412576841442098 
Elapsed: 2.4582722187042236

*** Epoch 1, batch 157/463 ***
Training fitness: 0.8364163984165561
Model size: (9, 22)
Validation fitness: 0.8115855442250809 
Elapsed: 2.742084264755249

*** Epoch 1, batch 158/463 ***
Training fitness: 0.8630705452587882
Model size: (16, 21)
Validation fitness: 0.8423960958505688 
Elapsed: 2.5273776054382324

*** Epoch 1, batch 159/463 ***
Training fitness: 0.88505107517757
Model size: (10, 18)
Validation fitness: 0.8270331562806046 
Elapsed: 2.510883092880249

*** Epoch 1, batch 160/463 ***
Training fitness: 0.8764887149689068
Model size: (16, 21)
Validation fitness: 0.8423960958505688 
Elapsed: 2.471007823944092

*** Epoch 1, batch 161/463 ***
Training fitness: 0.8736971939562134
Model size: (23, 37)
Validation fitness: 0.8311998235862024 
Elapsed: 2.6815707683563232

*** Epoch 1, batch 162/463 ***
Training fitness: 0.8182311615170677
Model size: (11, 20)
Validation fitness: 0.8348160773119703 
Elapsed: 2.4221255779266357

*** Epoch 1, batch 163/463 ***
Training fitness: 0.9279262067389872
Model size: (24, 41)
Validation fitness: 0.8397627535313048 
Elapsed: 2.6821703910827637

*** Epoch 1, batch 164/463 ***
Training fitness: 0.8651293820157802
Model size: (11, 18)
Validation fitness: 0.8335866776006955 
Elapsed: 2.587606906890869

*** Epoch 1, batch 165/463 ***
Training fitness: 0.8822280323748932
Model size: (17, 23)
Validation fitness: 0.8414819448443649 
Elapsed: 2.4555623531341553

*** Epoch 1, batch 166/463 ***
Training fitness: 0.9005375833582023
Model size: (8, 17)
Validation fitness: 0.7742632088995445 
Elapsed: 2.613532304763794

*** Epoch 1, batch 167/463 ***
Training fitness: 0.8676401312523504
Model size: (17, 23)
Validation fitness: 0.8414819448443649 
Elapsed: 2.462919235229492

*** Epoch 1, batch 168/463 ***
Training fitness: 0.7865081299634754
Model size: (18, 25)
Validation fitness: 0.8353721374974452 
Elapsed: 2.572934627532959

*** Epoch 1, batch 169/463 ***
Training fitness: 0.851543340151529
Model size: (18, 25)
Validation fitness: 0.8353721374974452 
Elapsed: 2.5660781860351562

*** Epoch 1, batch 170/463 ***
Training fitness: 0.8909208740316114
Model size: (17, 22)
Validation fitness: 0.8301671748128419 
Elapsed: 2.492487907409668

*** Epoch 1, batch 171/463 ***
Training fitness: 0.8805615320201
Model size: (19, 25)
Validation fitness: 0.8183733063216546 
Elapsed: 2.4813356399536133

*** Epoch 1, batch 172/463 ***
Training fitness: 0.8067842963896242
Model size: (10, 25)
Validation fitness: 0.795350983032028 
Elapsed: 2.898496389389038

*** Epoch 1, batch 173/463 ***
Training fitness: 0.8380898039151423
Model size: (11, 27)
Validation fitness: 0.82688544594384 
Elapsed: 2.9474918842315674

*** Epoch 1, batch 174/463 ***
Training fitness: 0.8689289549552311
Model size: (20, 28)
Validation fitness: 0.8170502205352872 
Elapsed: 2.525317907333374

*** Epoch 1, batch 175/463 ***
Training fitness: 0.8210639792329332
Model size: (20, 39)
Validation fitness: 0.8219358749572858 
Elapsed: 3.057009696960449

*** Epoch 1, batch 176/463 ***
Training fitness: 0.7766286313286813
Model size: (8, 18)
Validation fitness: 0.7895752481553002 
Elapsed: 2.5771450996398926

*** Epoch 1, batch 177/463 ***
Training fitness: 0.7873736703510348
Model size: (18, 24)
Validation fitness: 0.8117878677864924 
Elapsed: 2.6033549308776855

*** Epoch 1, batch 178/463 ***
Training fitness: 0.8601380112365595
Model size: (8, 18)
Validation fitness: 0.7895752481553002 
Elapsed: 2.5479016304016113

*** Epoch 1, batch 179/463 ***
Training fitness: 0.8502705140033894
Model size: (20, 27)
Validation fitness: 0.8123784724059079 
Elapsed: 2.489813804626465

*** Epoch 1, batch 180/463 ***
Training fitness: 0.8464376601773316
Model size: (8, 18)
Validation fitness: 0.7895752481553002 
Elapsed: 2.597921371459961

*** Epoch 1, batch 181/463 ***
Training fitness: 0.8511614070117546
Model size: (20, 27)
Validation fitness: 0.8243317390892484 
Elapsed: 2.4633896350860596

*** Epoch 1, batch 182/463 ***
Training fitness: 0.8694961675683838
Model size: (20, 27)
Validation fitness: 0.8104341957356509 
Elapsed: 2.4218530654907227

*** Epoch 1, batch 183/463 ***
Training fitness: 0.847684477585739
Model size: (20, 27)
Validation fitness: 0.8104341957356509 
Elapsed: 2.464618444442749

*** Epoch 1, batch 184/463 ***
Training fitness: 0.7927897171414324
Model size: (21, 28)
Validation fitness: 0.8136334129307847 
Elapsed: 2.382330894470215

*** Epoch 1, batch 185/463 ***
Training fitness: 0.8575983804689538
Model size: (8, 16)
Validation fitness: 0.815482728810792 
Elapsed: 2.5532310009002686

*** Epoch 1, batch 186/463 ***
Training fitness: 0.8191111258095752
Model size: (20, 23)
Validation fitness: 0.8118265604011194 
Elapsed: 2.3183505535125732

*** Epoch 1, batch 187/463 ***
Training fitness: 0.848269895337836
Model size: (11, 23)
Validation fitness: 0.8032409628034031 
Elapsed: 2.780564546585083

*** Epoch 1, batch 188/463 ***
Training fitness: 0.8533891026726149
Model size: (10, 24)
Validation fitness: 0.8061114268259072 
Elapsed: 2.5789053440093994

*** Epoch 1, batch 189/463 ***
Training fitness: 0.8422859269008075
Model size: (23, 30)
Validation fitness: 0.8216944464812445 
Elapsed: 2.3220839500427246

*** Epoch 1, batch 190/463 ***
Training fitness: 0.8177880848181911
Model size: (23, 30)
Validation fitness: 0.8216944464812445 
Elapsed: 2.3544392585754395

*** Epoch 1, batch 191/463 ***
Training fitness: 0.826076535181478
Model size: (23, 31)
Validation fitness: 0.8233615274868791 
Elapsed: 2.3033499717712402

*** Epoch 1, batch 192/463 ***
Training fitness: 0.8915591231674419
Model size: (23, 31)
Validation fitness: 0.8191913406122385 
Elapsed: 2.2318601608276367

*** Epoch 1, batch 193/463 ***
Training fitness: 0.8701734109688944
Model size: (10, 20)
Validation fitness: 0.7868296620581875 
Elapsed: 2.574148416519165

*** Epoch 1, batch 194/463 ***
Training fitness: 0.8362172590274521
Model size: (23, 31)
Validation fitness: 0.8233615274868791 
Elapsed: 2.2641007900238037

*** Epoch 1, batch 195/463 ***
Training fitness: 0.8835868929079583
Model size: (22, 30)
Validation fitness: 0.8211498447757204 
Elapsed: 2.193682909011841

*** Epoch 1, batch 196/463 ***
Training fitness: 0.8597932889901182
Model size: (11, 17)
Validation fitness: 0.7955448932762255 
Elapsed: 2.381889820098877

*** Epoch 1, batch 197/463 ***
Training fitness: 0.7885705660035506
Model size: (15, 25)
Validation fitness: 0.7986033690154895 
Elapsed: 2.147218942642212

*** Epoch 1, batch 198/463 ***
Training fitness: 0.8528387570436534
Model size: (22, 29)
Validation fitness: 0.8153830803712977 
Elapsed: 2.1903164386749268

*** Epoch 1, batch 199/463 ***
Training fitness: 0.8147035455833151
Model size: (22, 29)
Validation fitness: 0.7872430122967528 
Elapsed: 2.340894937515259

*** Epoch 1, batch 200/463 ***
Training fitness: 0.8198654815725435
Model size: (12, 26)
Validation fitness: 0.8057159943862731 
Elapsed: 2.524932384490967

*** Epoch 1, batch 201/463 ***
Training fitness: 0.8668727546813112
Model size: (22, 30)
Validation fitness: 0.8177419088827632 
Elapsed: 2.232968330383301

*** Epoch 1, batch 202/463 ***
Training fitness: 0.861101967620244
Model size: (15, 27)
Validation fitness: 0.8105237120720884 
Elapsed: 2.5379433631896973

*** Epoch 1, batch 203/463 ***
Training fitness: 0.828068773691073
Model size: (12, 26)
Validation fitness: 0.7971991765389078 
Elapsed: 2.5450222492218018

*** Epoch 1, batch 204/463 ***
Training fitness: 0.825346573497294
Model size: (15, 27)
Validation fitness: 0.8105237120720884 
Elapsed: 2.3830642700195312

*** Epoch 1, batch 205/463 ***
Training fitness: 0.7818105598142991
Model size: (5, 10)
Validation fitness: 0.7782866172819403 
Elapsed: 2.2831850051879883

*** Epoch 1, batch 206/463 ***
Training fitness: 0.8384232740673951
Model size: (9, 13)
Validation fitness: 0.800529633886407 
Elapsed: 2.410501480102539

*** Epoch 1, batch 207/463 ***
Training fitness: 0.8986596771672559
Model size: (12, 26)
Validation fitness: 0.8250706542692948 
Elapsed: 2.4789764881134033

*** Epoch 1, batch 208/463 ***
Training fitness: 0.8390415088843587
Model size: (12, 26)
Validation fitness: 0.8150535005684897 
Elapsed: 2.4247512817382812

*** Epoch 1, batch 209/463 ***
Training fitness: 0.8298708440046113
Model size: (13, 29)
Validation fitness: 0.8329369851945397 
Elapsed: 2.5307133197784424

*** Epoch 1, batch 210/463 ***
Training fitness: 0.862808713051596
Model size: (10, 14)
Validation fitness: 0.7627589099755087 
Elapsed: 2.2813384532928467

*** Epoch 1, batch 211/463 ***
Training fitness: 0.8277215110005285
Model size: (13, 29)
Validation fitness: 0.8329369851945397 
Elapsed: 2.4053516387939453

*** Epoch 1, batch 212/463 ***
Training fitness: 0.8983905162087191
Model size: (10, 14)
Validation fitness: 0.823784748118707 
Elapsed: 2.2673652172088623

*** Epoch 1, batch 213/463 ***
Training fitness: 0.7887039234054559
Model size: (13, 29)
Validation fitness: 0.8329369851945397 
Elapsed: 2.415301561355591

*** Epoch 1, batch 214/463 ***
Training fitness: 0.8212436619166846
Model size: (18, 23)
Validation fitness: 0.8289929995538655 
Elapsed: 2.0671162605285645

*** Epoch 1, batch 215/463 ***
Training fitness: 0.8929670019113017
Model size: (17, 25)
Validation fitness: 0.8482322270184324 
Elapsed: 2.187849521636963

*** Epoch 1, batch 216/463 ***
Training fitness: 0.8842246115503377
Model size: (17, 25)
Validation fitness: 0.8482322270184324 
Elapsed: 2.2771267890930176

*** Epoch 1, batch 217/463 ***
Training fitness: 0.8777096876897804
Model size: (17, 25)
Validation fitness: 0.8482322270184324 
Elapsed: 2.198014974594116

*** Epoch 1, batch 218/463 ***
Training fitness: 0.8848508266346145
Model size: (17, 25)
Validation fitness: 0.8316803979353916 
Elapsed: 2.235508680343628

*** Epoch 1, batch 219/463 ***
Training fitness: 0.852678069392993
Model size: (17, 25)
Validation fitness: 0.8316803979353916 
Elapsed: 2.246347188949585

*** Epoch 1, batch 220/463 ***
Training fitness: 0.8330733985345282
Model size: (8, 16)
Validation fitness: 0.7308324474849788 
Elapsed: 2.4178555011749268

*** Epoch 1, batch 221/463 ***
Training fitness: 0.8292959788372513
Model size: (18, 26)
Validation fitness: 0.812093368835736 
Elapsed: 2.2142834663391113

*** Epoch 1, batch 222/463 ***
Training fitness: 0.8275633611797493
Model size: (12, 17)
Validation fitness: 0.8212697440824489 
Elapsed: 2.286691665649414

*** Epoch 1, batch 223/463 ***
Training fitness: 0.7622166096897521
Model size: (18, 26)
Validation fitness: 0.812093368835736 
Elapsed: 2.224435806274414

*** Epoch 1, batch 224/463 ***
Training fitness: 0.8143631046055934
Model size: (12, 17)
Validation fitness: 0.8212697440824489 
Elapsed: 2.351093292236328

*** Epoch 1, batch 225/463 ***
Training fitness: 0.8003053201990639
Model size: (12, 17)
Validation fitness: 0.8212697440824489 
Elapsed: 2.298903703689575

*** Epoch 1, batch 226/463 ***
Training fitness: 0.8121144839418427
Model size: (9, 13)
Validation fitness: 0.7785857988062965 
Elapsed: 2.5872395038604736

*** Epoch 1, batch 227/463 ***
Training fitness: 0.8540660834026554
Model size: (9, 14)
Validation fitness: 0.8295579415471104 
Elapsed: 2.6234424114227295

*** Epoch 1, batch 228/463 ***
Training fitness: 0.8046405222734796
Model size: (12, 17)
Validation fitness: 0.8212697440824489 
Elapsed: 2.364440441131592

*** Epoch 1, batch 229/463 ***
Training fitness: 0.8056914032395326
Model size: (9, 13)
Validation fitness: 0.8409209607136141 
Elapsed: 2.463176965713501

*** Epoch 1, batch 230/463 ***
Training fitness: 0.7779925366539168
Model size: (9, 13)
Validation fitness: 0.8409209607136141 
Elapsed: 2.53725266456604

*** Epoch 1, batch 231/463 ***
Training fitness: 0.8290882442335782
Model size: (9, 13)
Validation fitness: 0.8409209607136141 
Elapsed: 2.4811697006225586

*** Epoch 1, batch 232/463 ***
Training fitness: 0.8693391026363825
Model size: (9, 14)
Validation fitness: 0.8260741455775681 
Elapsed: 2.394374132156372

*** Epoch 1, batch 233/463 ***
Training fitness: 0.8533313649541826
Model size: (16, 30)
Validation fitness: 0.7879443892764676 
Elapsed: 2.421933650970459

*** Epoch 1, batch 234/463 ***
Training fitness: 0.857788396432103
Model size: (9, 12)
Validation fitness: 0.834721843391135 
Elapsed: 2.5753700733184814

*** Epoch 1, batch 235/463 ***
Training fitness: 0.9149310934345602
Model size: (9, 13)
Validation fitness: 0.8409209607136141 
Elapsed: 2.5416173934936523

*** Epoch 1, batch 236/463 ***
Training fitness: 0.8524453436228452
Model size: (9, 13)
Validation fitness: 0.8409209607136141 
Elapsed: 2.4109854698181152

*** Epoch 1, batch 237/463 ***
Training fitness: 0.8096253575332305
Model size: (9, 13)
Validation fitness: 0.8409209607136141 
Elapsed: 2.3964550495147705

*** Epoch 1, batch 238/463 ***
Training fitness: 0.8656783658256099
Model size: (9, 13)
Validation fitness: 0.8409209607136141 
Elapsed: 2.398535966873169

*** Epoch 1, batch 239/463 ***
Training fitness: 0.8549852197240615
Model size: (9, 13)
Validation fitness: 0.8409209607136141 
Elapsed: 2.34588623046875

*** Epoch 1, batch 240/463 ***
Training fitness: 0.8232156930783134
Model size: (8, 11)
Validation fitness: 0.7890405460343474 
Elapsed: 2.321167230606079

*** Epoch 1, batch 241/463 ***
Training fitness: 0.8270709161672857
Model size: (9, 16)
Validation fitness: 0.8016742336712374 
Elapsed: 2.4362659454345703

*** Epoch 1, batch 242/463 ***
Training fitness: 0.8732257389098306
Model size: (8, 14)
Validation fitness: 0.7827763391487242 
Elapsed: 2.3006370067596436

*** Epoch 1, batch 243/463 ***
Training fitness: 0.8103827280881556
Model size: (7, 13)
Validation fitness: 0.7975150438607014 
Elapsed: 2.282329559326172

*** Epoch 1, batch 244/463 ***
Training fitness: 0.8367422571494222
Model size: (9, 11)
Validation fitness: 0.790964737972789 
Elapsed: 2.216869354248047

*** Epoch 1, batch 245/463 ***
Training fitness: 0.8209772148138821
Model size: (22, 40)
Validation fitness: 0.783062496762318 
Elapsed: 2.480245351791382

*** Epoch 1, batch 246/463 ***
Training fitness: 0.8536919808748877
Model size: (7, 9)
Validation fitness: 0.7858545716952439 
Elapsed: 2.292222261428833

*** Epoch 1, batch 247/463 ***
Training fitness: 0.8310402843325699
Model size: (10, 10)
Validation fitness: 0.8144002359503806 
Elapsed: 2.316575288772583

*** Epoch 1, batch 248/463 ***
Training fitness: 0.824729937405666
Model size: (7, 12)
Validation fitness: 0.7921131493272089 
Elapsed: 2.3335866928100586

*** Epoch 1, batch 249/463 ***
Training fitness: 0.8891385093831711
Model size: (7, 6)
Validation fitness: 0.8244793431154649 
Elapsed: 2.272449254989624

*** Epoch 1, batch 250/463 ***
Training fitness: 0.7743438729773678
Model size: (7, 12)
Validation fitness: 0.832470256838891 
Elapsed: 2.3283629417419434

*** Epoch 1, batch 251/463 ***
Training fitness: 0.8456278882895235
Model size: (7, 6)
Validation fitness: 0.8244793431154649 
Elapsed: 2.196208953857422

*** Epoch 1, batch 252/463 ***
Training fitness: 0.8584816206991309
Model size: (8, 8)
Validation fitness: 0.8206942489694112 
Elapsed: 2.2369742393493652

*** Epoch 1, batch 253/463 ***
Training fitness: 0.8373237514485673
Model size: (7, 12)
Validation fitness: 0.832470256838891 
Elapsed: 2.3319599628448486

*** Epoch 1, batch 254/463 ***
Training fitness: 0.8913696885516293
Model size: (7, 12)
Validation fitness: 0.832470256838891 
Elapsed: 2.37227463722229

*** Epoch 1, batch 255/463 ***
Training fitness: 0.8197686220823482
Model size: (7, 12)
Validation fitness: 0.832470256838891 
Elapsed: 2.383901596069336

*** Epoch 1, batch 256/463 ***
Training fitness: 0.8528313592506593
Model size: (7, 6)
Validation fitness: 0.8244793431154649 
Elapsed: 2.2455039024353027

*** Epoch 1, batch 257/463 ***
Training fitness: 0.8755479024962777
Model size: (7, 12)
Validation fitness: 0.832470256838891 
Elapsed: 2.368101119995117

*** Epoch 1, batch 258/463 ***
Training fitness: 0.8380490933199906
Model size: (7, 6)
Validation fitness: 0.8244793431154649 
Elapsed: 2.320769786834717

*** Epoch 1, batch 259/463 ***
Training fitness: 0.8421320417640915
Model size: (8, 8)
Validation fitness: 0.8327509279989324 
Elapsed: 2.315243721008301

*** Epoch 1, batch 260/463 ***
Training fitness: 0.8349367290781895
Model size: (8, 8)
Validation fitness: 0.8327509279989324 
Elapsed: 2.376840829849243

*** Epoch 1, batch 261/463 ***
Training fitness: 0.8466350422661179
Model size: (8, 8)
Validation fitness: 0.8327509279989324 
Elapsed: 2.304234504699707

*** Epoch 1, batch 262/463 ***
Training fitness: 0.8412297448246849
Model size: (8, 8)
Validation fitness: 0.8327509279989324 
Elapsed: 2.3516299724578857

*** Epoch 1, batch 263/463 ***
Training fitness: 0.8300967620898989
Model size: (8, 8)
Validation fitness: 0.8327509279989324 
Elapsed: 2.312317371368408

*** Epoch 1, batch 264/463 ***
Training fitness: 0.8766187485157445
Model size: (9, 15)
Validation fitness: 0.8232275353226125 
Elapsed: 2.294926643371582

*** Epoch 1, batch 265/463 ***
Training fitness: 0.8009487209950185
Model size: (8, 8)
Validation fitness: 0.8327509279989324 
Elapsed: 2.3824853897094727

*** Epoch 1, batch 266/463 ***
Training fitness: 0.7937378184946301
Model size: (8, 8)
Validation fitness: 0.8327509279989324 
Elapsed: 2.300358772277832

*** Epoch 1, batch 267/463 ***
Training fitness: 0.9070215047681729
Model size: (8, 8)
Validation fitness: 0.8327509279989324 
Elapsed: 2.336012601852417

*** Epoch 1, batch 268/463 ***
Training fitness: 0.8648988949986385
Model size: (8, 8)
Validation fitness: 0.8314353810523358 
Elapsed: 2.307769536972046

*** Epoch 1, batch 269/463 ***
Training fitness: 0.8168655255072177
Model size: (8, 8)
Validation fitness: 0.8314353810523358 
Elapsed: 2.2861015796661377

*** Epoch 1, batch 270/463 ***
Training fitness: 0.85107178015086
Model size: (9, 14)
Validation fitness: 0.8246970558802175 
Elapsed: 2.287475824356079

*** Epoch 1, batch 271/463 ***
Training fitness: 0.847758787138833
Model size: (8, 6)
Validation fitness: 0.8355594111174284 
Elapsed: 2.2973413467407227

*** Epoch 1, batch 272/463 ***
Training fitness: 0.8298600663204014
Model size: (8, 8)
Validation fitness: 0.8314353810523358 
Elapsed: 2.291127920150757

*** Epoch 1, batch 273/463 ***
Training fitness: 0.8282232746551098
Model size: (9, 16)
Validation fitness: 0.8409570483262073 
Elapsed: 2.3564164638519287

*** Epoch 1, batch 274/463 ***
Training fitness: 0.8818007887314067
Model size: (8, 14)
Validation fitness: 0.8019036303962154 
Elapsed: 2.574831485748291

*** Epoch 1, batch 275/463 ***
Training fitness: 0.8102704191276968
Model size: (6, 11)
Validation fitness: 0.7550639810744599 
Elapsed: 2.3393795490264893

*** Epoch 1, batch 276/463 ***
Training fitness: 0.8018426915140757
Model size: (7, 13)
Validation fitness: 0.7303395509025838 
Elapsed: 2.370208501815796

*** Epoch 1, batch 277/463 ***
Training fitness: 0.8174939242162305
Model size: (7, 13)
Validation fitness: 0.8228523393094699 
Elapsed: 2.4182167053222656

*** Epoch 1, batch 278/463 ***
Training fitness: 0.8869487771486438
Model size: (5, 8)
Validation fitness: 0.8078642642070522 
Elapsed: 2.2874696254730225

*** Epoch 1, batch 279/463 ***
Training fitness: 0.8911742415980138
Model size: (7, 13)
Validation fitness: 0.8228523393094699 
Elapsed: 2.370551109313965

*** Epoch 1, batch 280/463 ***
Training fitness: 0.8406627976304437
Model size: (7, 13)
Validation fitness: 0.8228523393094699 
Elapsed: 2.3404624462127686

*** Epoch 1, batch 281/463 ***
Training fitness: 0.815344382779582
Model size: (5, 8)
Validation fitness: 0.8078642642070522 
Elapsed: 2.1685233116149902

*** Epoch 1, batch 282/463 ***
Training fitness: 0.8696131021312187
Model size: (7, 13)
Validation fitness: 0.8228523393094699 
Elapsed: 2.3174452781677246

*** Epoch 1, batch 283/463 ***
Training fitness: 0.8813463648486931
Model size: (7, 13)
Validation fitness: 0.8228523393094699 
Elapsed: 2.3565192222595215

*** Epoch 1, batch 284/463 ***
Training fitness: 0.8190613692694861
Model size: (7, 14)
Validation fitness: 0.7777832921151293 
Elapsed: 2.1750268936157227

*** Epoch 1, batch 285/463 ***
Training fitness: 0.8236203473761416
Model size: (12, 20)
Validation fitness: 0.8003380739193141 
Elapsed: 2.3997538089752197

*** Epoch 1, batch 286/463 ***
Training fitness: 0.8477780854977195
Model size: (12, 17)
Validation fitness: 0.7782502186238448 
Elapsed: 2.8878159523010254

*** Epoch 1, batch 287/463 ***
Training fitness: 0.8087093447520565
Model size: (7, 13)
Validation fitness: 0.8228523393094699 
Elapsed: 4.206140518188477

*** Epoch 1, batch 288/463 ***
Training fitness: 0.8507620173685165
Model size: (7, 13)
Validation fitness: 0.8228523393094699 
Elapsed: 2.821251153945923

*** Epoch 1, batch 289/463 ***
Training fitness: 0.8349367290781895
Model size: (6, 9)
Validation fitness: 0.7886904254688871 
Elapsed: 2.1098215579986572

*** Epoch 1, batch 290/463 ***
Training fitness: 0.7649607919964506
Model size: (6, 8)
Validation fitness: 0.8088798327032755 
Elapsed: 2.050107717514038

*** Epoch 1, batch 291/463 ***
Training fitness: 0.8106768818284474
Model size: (7, 13)
Validation fitness: 0.8228523393094699 
Elapsed: 2.1758315563201904

*** Epoch 1, batch 292/463 ***
Training fitness: 0.8307061088165788
Model size: (6, 11)
Validation fitness: 0.807968515090508 
Elapsed: 2.1936638355255127

*** Epoch 1, batch 293/463 ***
Training fitness: 0.8296778622535261
Model size: (7, 13)
Validation fitness: 0.8228523393094699 
Elapsed: 2.2279813289642334

*** Epoch 1, batch 294/463 ***
Training fitness: 0.8132224044442821
Model size: (6, 13)
Validation fitness: 0.8108559766828827 
Elapsed: 2.200490951538086

*** Epoch 1, batch 295/463 ***
Training fitness: 0.8601714161597503
Model size: (7, 13)
Validation fitness: 0.8228523393094699 
Elapsed: 2.2334659099578857

*** Epoch 1, batch 296/463 ***
Training fitness: 0.8167841633954718
Model size: (7, 13)
Validation fitness: 0.8228523393094699 
Elapsed: 2.2093586921691895

*** Epoch 1, batch 297/463 ***
Training fitness: 0.8154634503130102
Model size: (7, 13)
Validation fitness: 0.8228523393094699 
Elapsed: 2.2938218116760254

*** Epoch 1, batch 298/463 ***
Training fitness: 0.8005011353573196
Model size: (9, 19)
Validation fitness: 0.7948956250016834 
Elapsed: 2.1235272884368896

*** Epoch 1, batch 299/463 ***
Training fitness: 0.879851354716506
Model size: (9, 15)
Validation fitness: 0.776425397131842 
Elapsed: 2.1003646850585938

*** Epoch 1, batch 300/463 ***
Training fitness: 0.7615922288135165
Model size: (4, 5)
Validation fitness: 0.7903266579616637 
Elapsed: 2.107416868209839

*** Epoch 1, batch 301/463 ***
Training fitness: 0.8558687051749554
Model size: (8, 12)
Validation fitness: 0.8404129331382244 
Elapsed: 2.1848299503326416

*** Epoch 1, batch 302/463 ***
Training fitness: 0.8233710217067614
Model size: (8, 12)
Validation fitness: 0.8404129331382244 
Elapsed: 2.4581997394561768

*** Epoch 1, batch 303/463 ***
Training fitness: 0.8396839431738368
Model size: (9, 17)
Validation fitness: 0.7888657094491407 
Elapsed: 2.217358112335205

*** Epoch 1, batch 304/463 ***
Training fitness: 0.818937327020552
Model size: (8, 12)
Validation fitness: 0.8404129331382244 
Elapsed: 2.1978096961975098

*** Epoch 1, batch 305/463 ***
Training fitness: 0.8332523690310374
Model size: (8, 12)
Validation fitness: 0.8404129331382244 
Elapsed: 2.229135274887085

*** Epoch 1, batch 306/463 ***
Training fitness: 0.8352844262303711
Model size: (8, 12)
Validation fitness: 0.8404129331382244 
Elapsed: 2.278109073638916

*** Epoch 1, batch 307/463 ***
Training fitness: 0.8405297188249176
Model size: (8, 12)
Validation fitness: 0.8404129331382244 
Elapsed: 2.2765846252441406

*** Epoch 1, batch 308/463 ***
Training fitness: 0.8916050852754615
Model size: (8, 12)
Validation fitness: 0.8404129331382244 
Elapsed: 2.139213800430298

*** Epoch 1, batch 309/463 ***
Training fitness: 0.8997356388791283
Model size: (8, 12)
Validation fitness: 0.8220467375618278 
Elapsed: 2.1705851554870605

*** Epoch 1, batch 310/463 ***
Training fitness: 0.870314586946477
Model size: (9, 14)
Validation fitness: 0.8398057877024726 
Elapsed: 2.2782676219940186

*** Epoch 1, batch 311/463 ***
Training fitness: 0.8090377560143898
Model size: (9, 14)
Validation fitness: 0.8398057877024726 
Elapsed: 2.233668565750122

*** Epoch 1, batch 312/463 ***
Training fitness: 0.8785464423384651
Model size: (9, 14)
Validation fitness: 0.8398057877024726 
Elapsed: 2.295520305633545

*** Epoch 1, batch 313/463 ***
Training fitness: 0.8444728508418954
Model size: (9, 14)
Validation fitness: 0.8398057877024726 
Elapsed: 2.3630919456481934

*** Epoch 1, batch 314/463 ***
Training fitness: 0.8852302296093864
Model size: (9, 14)
Validation fitness: 0.8398057877024726 
Elapsed: 2.289456605911255

*** Epoch 1, batch 315/463 ***
Training fitness: 0.8444144299317077
Model size: (9, 14)
Validation fitness: 0.8398057877024726 
Elapsed: 2.0900115966796875

*** Epoch 1, batch 316/463 ***
Training fitness: 0.8067842963896242
Model size: (9, 14)
Validation fitness: 0.8398057877024726 
Elapsed: 2.1365625858306885

*** Epoch 1, batch 317/463 ***
Training fitness: 0.8230627306780341
Model size: (9, 14)
Validation fitness: 0.8398057877024726 
Elapsed: 2.198293924331665

*** Epoch 1, batch 318/463 ***
Training fitness: 0.8396316987344901
Model size: (9, 14)
Validation fitness: 0.8398057877024726 
Elapsed: 2.132939100265503

*** Epoch 1, batch 319/463 ***
Training fitness: 0.8505865460865513
Model size: (9, 14)
Validation fitness: 0.8398057877024726 
Elapsed: 2.2627367973327637

*** Epoch 1, batch 320/463 ***
Training fitness: 0.8410220514041677
Model size: (9, 14)
Validation fitness: 0.8398057877024726 
Elapsed: 2.180807113647461

*** Epoch 1, batch 321/463 ***
Training fitness: 0.8536919808748877
Model size: (9, 14)
Validation fitness: 0.8398057877024726 
Elapsed: 2.2290210723876953

*** Epoch 1, batch 322/463 ***
Training fitness: 0.8673162863169893
Model size: (9, 14)
Validation fitness: 0.8398057877024726 
Elapsed: 2.2117185592651367

*** Epoch 1, batch 323/463 ***
Training fitness: 0.8686368214696538
Model size: (9, 14)
Validation fitness: 0.8398057877024726 
Elapsed: 2.3769772052764893

*** Epoch 1, batch 324/463 ***
Training fitness: 0.8033924842960147
Model size: (1, 4)
Validation fitness: 0.803286305744137 
Elapsed: 1.9970097541809082

*** Epoch 1, batch 325/463 ***
Training fitness: 0.8454682367177846
Model size: (9, 14)
Validation fitness: 0.8242061376309174 
Elapsed: 2.04923939704895

*** Epoch 1, batch 326/463 ***
Training fitness: 0.8743481385127231
Model size: (9, 14)
Validation fitness: 0.8242061376309174 
Elapsed: 1.920041561126709

*** Epoch 1, batch 327/463 ***
Training fitness: 0.8059105646447327
Model size: (1, 4)
Validation fitness: 0.8075543300753569 
Elapsed: 1.9659419059753418

*** Epoch 1, batch 328/463 ***
Training fitness: 0.8300900927452306
Model size: (9, 14)
Validation fitness: 0.8242061376309174 
Elapsed: 1.98036527633667

*** Epoch 1, batch 329/463 ***
Training fitness: 0.8005322721357143
Model size: (9, 14)
Validation fitness: 0.8242061376309174 
Elapsed: 1.9696040153503418

*** Epoch 1, batch 330/463 ***
Training fitness: 0.8364366769671268
Model size: (9, 14)
Validation fitness: 0.8242061376309174 
Elapsed: 1.9599452018737793

*** Epoch 1, batch 331/463 ***
Training fitness: 0.8126375006351424
Model size: (6, 6)
Validation fitness: 0.7780331885672798 
Elapsed: 2.1271936893463135

*** Epoch 1, batch 332/463 ***
Training fitness: 0.8154933781231837
Model size: (10, 17)
Validation fitness: 0.8412101816189578 
Elapsed: 2.1475603580474854

*** Epoch 1, batch 333/463 ***
Training fitness: 0.9007734631200106
Model size: (10, 17)
Validation fitness: 0.8412101816189578 
Elapsed: 2.178471565246582

*** Epoch 1, batch 334/463 ***
Training fitness: 0.8728020677502265
Model size: (10, 15)
Validation fitness: 0.8411813255218223 
Elapsed: 2.281747341156006

*** Epoch 1, batch 335/463 ***
Training fitness: 0.8444116074742308
Model size: (10, 15)
Validation fitness: 0.8411813255218223 
Elapsed: 2.197608470916748

*** Epoch 1, batch 336/463 ***
Training fitness: 0.8102704191276968
Model size: (10, 17)
Validation fitness: 0.8412101816189578 
Elapsed: 2.244860887527466

*** Epoch 1, batch 337/463 ***
Training fitness: 0.7487166671933342
Model size: (10, 15)
Validation fitness: 0.8411813255218223 
Elapsed: 2.313680648803711

*** Epoch 1, batch 338/463 ***
Training fitness: 0.8559091258604451
Model size: (10, 15)
Validation fitness: 0.8411813255218223 
Elapsed: 2.2537600994110107

*** Epoch 1, batch 339/463 ***
Training fitness: 0.8352553450930748
Model size: (10, 15)
Validation fitness: 0.8411813255218223 
Elapsed: 2.1261184215545654

*** Epoch 1, batch 340/463 ***
Training fitness: 0.8690755626664138
Model size: (10, 15)
Validation fitness: 0.8411813255218223 
Elapsed: 2.20845627784729

*** Epoch 1, batch 341/463 ***
Training fitness: 0.9141050148445156
Model size: (10, 15)
Validation fitness: 0.8411813255218223 
Elapsed: 2.336686611175537

*** Epoch 1, batch 342/463 ***
Training fitness: 0.8279961905058318
Model size: (10, 15)
Validation fitness: 0.8411813255218223 
Elapsed: 2.294649600982666

*** Epoch 1, batch 343/463 ***
Training fitness: 0.8726375646434433
Model size: (10, 15)
Validation fitness: 0.8411813255218223 
Elapsed: 2.3232016563415527

*** Epoch 1, batch 344/463 ***
Training fitness: 0.828030534351145
Model size: (6, 7)
Validation fitness: 0.8202647169698382 
Elapsed: 2.194991111755371

*** Epoch 1, batch 345/463 ***
Training fitness: 0.8483216146912919
Model size: (4, 8)
Validation fitness: 0.8048284095655959 
Elapsed: 2.274052858352661

*** Epoch 1, batch 346/463 ***
Training fitness: 0.8514797250441627
Model size: (6, 7)
Validation fitness: 0.8202647169698382 
Elapsed: 2.2821755409240723

*** Epoch 1, batch 347/463 ***
Training fitness: 0.8025677050712637
Model size: (7, 6)
Validation fitness: 0.7991026147539119 
Elapsed: 2.2757880687713623

*** Epoch 1, batch 348/463 ***
Training fitness: 0.8359667188333129
Model size: (6, 10)
Validation fitness: 0.8202985753608398 
Elapsed: 2.2393579483032227

*** Epoch 1, batch 349/463 ***
Training fitness: 0.8260038253243511
Model size: (10, 15)
Validation fitness: 0.8411813255218223 
Elapsed: 2.3589563369750977

*** Epoch 1, batch 350/463 ***
Training fitness: 0.8779532207118894
Model size: (11, 16)
Validation fitness: 0.8388119266589218 
Elapsed: 2.2856900691986084

*** Epoch 1, batch 351/463 ***
Training fitness: 0.8680714353194994
Model size: (9, 14)
Validation fitness: 0.8037775369597111 
Elapsed: 2.3084254264831543

*** Epoch 1, batch 352/463 ***
Training fitness: 0.875928402387793
Model size: (8, 15)
Validation fitness: 0.8004098267739759 
Elapsed: 2.2294352054595947

*** Epoch 1, batch 353/463 ***
Training fitness: 0.8848575112273599
Model size: (10, 15)
Validation fitness: 0.8318727229463404 
Elapsed: 2.339860439300537

*** Epoch 1, batch 354/463 ***
Training fitness: 0.8749924672050363
Model size: (10, 15)
Validation fitness: 0.8318727229463404 
Elapsed: 2.3534812927246094

*** Epoch 1, batch 355/463 ***
Training fitness: 0.8885382560330223
Model size: (6, 11)
Validation fitness: 0.8146128892909293 
Elapsed: 2.210388422012329

*** Epoch 1, batch 356/463 ***
Training fitness: 0.8363889918844772
Model size: (5, 6)
Validation fitness: 0.7951064016909759 
Elapsed: 2.2672173976898193

*** Epoch 1, batch 357/463 ***
Training fitness: 0.8694961675683838
Model size: (6, 11)
Validation fitness: 0.8146128892909293 
Elapsed: 2.1414551734924316

*** Epoch 1, batch 358/463 ***
Training fitness: 0.8538339856009328
Model size: (10, 15)
Validation fitness: 0.8318727229463404 
Elapsed: 2.3760786056518555

*** Epoch 1, batch 359/463 ***
Training fitness: 0.8349071473601695
Model size: (13, 22)
Validation fitness: 0.8149663905486864 
Elapsed: 2.3509469032287598

*** Epoch 1, batch 360/463 ***
Training fitness: 0.8906804066891636
Model size: (6, 10)
Validation fitness: 0.8140078915561882 
Elapsed: 2.2073702812194824

*** Epoch 1, batch 361/463 ***
Training fitness: 0.8176514763954459
Model size: (10, 16)
Validation fitness: 0.831769095016507 
Elapsed: 2.373563051223755

*** Epoch 1, batch 362/463 ***
Training fitness: 0.9003464968812096
Model size: (13, 13)
Validation fitness: 0.8162225883392313 
Elapsed: 2.1777560710906982

*** Epoch 1, batch 363/463 ***
Training fitness: 0.9068577387480874
Model size: (10, 15)
Validation fitness: 0.8318727229463404 
Elapsed: 2.3733205795288086

*** Epoch 1, batch 364/463 ***
Training fitness: 0.8719979281187072
Model size: (8, 9)
Validation fitness: 0.8198516032749726 
Elapsed: 2.165299892425537

*** Epoch 1, batch 365/463 ***
Training fitness: 0.8154634503130102
Model size: (10, 16)
Validation fitness: 0.7954513270875323 
Elapsed: 2.2078452110290527

*** Epoch 1, batch 366/463 ***
Training fitness: 0.8915591231674419
Model size: (10, 16)
Validation fitness: 0.831769095016507 
Elapsed: 2.3406190872192383

*** Epoch 1, batch 367/463 ***
Training fitness: 0.863983710554762
Model size: (10, 16)
Validation fitness: 0.831769095016507 
Elapsed: 2.3501944541931152

*** Epoch 1, batch 368/463 ***
Training fitness: 0.8763561139872544
Model size: (1, 3)
Validation fitness: 0.8220954667828426 
Elapsed: 2.1088943481445312

*** Epoch 1, batch 369/463 ***
Training fitness: 0.8517080034661607
Model size: (10, 15)
Validation fitness: 0.8318727229463404 
Elapsed: 2.1765224933624268

*** Epoch 1, batch 370/463 ***
Training fitness: 0.797665752362835
Model size: (8, 9)
Validation fitness: 0.8253073932509151 
Elapsed: 2.0092110633850098

*** Epoch 1, batch 371/463 ***
Training fitness: 0.8877210584459659
Model size: (5, 9)
Validation fitness: 0.8158815818153504 
Elapsed: 2.131613254547119

*** Epoch 1, batch 372/463 ***
Training fitness: 0.9216052728739781
Model size: (8, 11)
Validation fitness: 0.8035680450690239 
Elapsed: 2.1845550537109375

*** Epoch 1, batch 373/463 ***
Training fitness: 0.8750458630720198
Model size: (3, 7)
Validation fitness: 0.8214507526130025 
Elapsed: 2.132380723953247

*** Epoch 1, batch 374/463 ***
Training fitness: 0.8594884941707868
Model size: (7, 9)
Validation fitness: 0.8164565546283131 
Elapsed: 2.0957818031311035

*** Epoch 1, batch 375/463 ***
Training fitness: 0.8445274155286475
Model size: (9, 13)
Validation fitness: 0.8236951899268704 
Elapsed: 1.985701322555542

*** Epoch 1, batch 376/463 ***
Training fitness: 0.8516758202778619
Model size: (6, 13)
Validation fitness: 0.8244089541943838 
Elapsed: 2.2343266010284424

*** Epoch 1, batch 377/463 ***
Training fitness: 0.8597621478259257
Model size: (2, 7)
Validation fitness: 0.7980614164523296 
Elapsed: 2.125725746154785

*** Epoch 1, batch 378/463 ***
Training fitness: 0.8478895316917914
Model size: (9, 16)
Validation fitness: 0.798201044931844 
Elapsed: 2.1190717220306396

*** Epoch 1, batch 379/463 ***
Training fitness: 0.8365163195092408
Model size: (7, 9)
Validation fitness: 0.8218034564056732 
Elapsed: 1.9388883113861084

*** Epoch 1, batch 380/463 ***
Training fitness: 0.8379769292219329
Model size: (10, 16)
Validation fitness: 0.7864649086687323 
Elapsed: 1.920030117034912

*** Epoch 1, batch 381/463 ***
Training fitness: 0.8135463364060206
Model size: (11, 16)
Validation fitness: 0.7767697504362214 
Elapsed: 2.1100289821624756

*** Epoch 1, batch 382/463 ***
Training fitness: 0.8890464964989215
Model size: (4, 7)
Validation fitness: 0.7982030955399425 
Elapsed: 1.9259116649627686

*** Epoch 1, batch 383/463 ***
Training fitness: 0.8019693726583131
Model size: (9, 14)
Validation fitness: 0.8216296215102618 
Elapsed: 2.2103519439697266

*** Epoch 1, batch 384/463 ***
Training fitness: 0.8622165169020112
Model size: (8, 13)
Validation fitness: 0.8360731276068577 
Elapsed: 2.0243287086486816

*** Epoch 1, batch 385/463 ***
Training fitness: 0.8295601424718053
Model size: (8, 9)
Validation fitness: 0.8319491731851788 
Elapsed: 2.0629124641418457

*** Epoch 1, batch 386/463 ***
Training fitness: 0.8762000108178012
Model size: (8, 9)
Validation fitness: 0.8319491731851788 
Elapsed: 1.9751195907592773

*** Epoch 1, batch 387/463 ***
Training fitness: 0.8295406877856663
Model size: (8, 13)
Validation fitness: 0.8360731276068577 
Elapsed: 2.0527703762054443

*** Epoch 1, batch 388/463 ***
Training fitness: 0.8428064405340069
Model size: (8, 9)
Validation fitness: 0.8319491731851788 
Elapsed: 1.970188856124878

*** Epoch 1, batch 389/463 ***
Training fitness: 0.8309085792738947
Model size: (8, 13)
Validation fitness: 0.8360731276068577 
Elapsed: 2.082521677017212

*** Epoch 1, batch 390/463 ***
Training fitness: 0.8444233728885883
Model size: (8, 13)
Validation fitness: 0.8360731276068577 
Elapsed: 2.1427133083343506

*** Epoch 1, batch 391/463 ***
Training fitness: 0.8754578754578755
Model size: (7, 12)
Validation fitness: 0.7997649628791569 
Elapsed: 2.1451833248138428

*** Epoch 1, batch 392/463 ***
Training fitness: 0.8930108366813808
Model size: (10, 12)
Validation fitness: 0.795885723614405 
Elapsed: 2.11812424659729

*** Epoch 1, batch 393/463 ***
Training fitness: 0.8066840321761026
Model size: (9, 14)
Validation fitness: 0.8216296215102618 
Elapsed: 2.146853446960449

*** Epoch 1, batch 394/463 ***
Training fitness: 0.7986145737795265
Model size: (9, 14)
Validation fitness: 0.8216296215102618 
Elapsed: 2.223146438598633

*** Epoch 1, batch 395/463 ***
Training fitness: 0.8565379825653798
Model size: (8, 13)
Validation fitness: 0.8360731276068577 
Elapsed: 2.089796304702759

*** Epoch 1, batch 396/463 ***
Training fitness: 0.8209390659091667
Model size: (8, 13)
Validation fitness: 0.8360731276068577 
Elapsed: 2.0810458660125732

*** Epoch 1, batch 397/463 ***
Training fitness: 0.8611925708699902
Model size: (8, 13)
Validation fitness: 0.8360731276068577 
Elapsed: 2.107644557952881

*** Epoch 1, batch 398/463 ***
Training fitness: 0.8543579751857886
Model size: (8, 13)
Validation fitness: 0.8360731276068577 
Elapsed: 2.0346453189849854

*** Epoch 1, batch 399/463 ***
Training fitness: 0.7853736919779669
Model size: (9, 14)
Validation fitness: 0.8104704156142787 
Elapsed: 2.153867721557617

*** Epoch 1, batch 400/463 ***
Training fitness: 0.8157842575727421
Model size: (8, 13)
Validation fitness: 0.8360731276068577 
Elapsed: 2.184950590133667

*** Epoch 1, batch 401/463 ***
Training fitness: 0.8777096876897804
Model size: (9, 14)
Validation fitness: 0.8104704156142787 
Elapsed: 2.22813081741333

*** Epoch 1, batch 402/463 ***
Training fitness: 0.7295485731700156
Model size: (8, 13)
Validation fitness: 0.8360731276068577 
Elapsed: 2.1399002075195312

*** Epoch 1, batch 403/463 ***
Training fitness: 0.7901643746632139
Model size: (7, 16)
Validation fitness: 0.7917102396910586 
Elapsed: 2.375214099884033

*** Epoch 1, batch 404/463 ***
Training fitness: 0.8730852062046076
Model size: (4, 9)
Validation fitness: 0.8009532099958692 
Elapsed: 2.2143666744232178

*** Epoch 1, batch 405/463 ***
Training fitness: 0.8549678694642462
Model size: (8, 13)
Validation fitness: 0.8360731276068577 
Elapsed: 2.2347819805145264

*** Epoch 1, batch 406/463 ***
Training fitness: 0.813617743860929
Model size: (7, 14)
Validation fitness: 0.8185896516850656 
Elapsed: 2.3680472373962402

*** Epoch 1, batch 407/463 ***
Training fitness: 0.8562450949126907
Model size: (6, 11)
Validation fitness: 0.8428578250157321 
Elapsed: 2.3200855255126953

*** Epoch 1, batch 408/463 ***
Training fitness: 0.9071734589144811
Model size: (6, 11)
Validation fitness: 0.8428578250157321 
Elapsed: 2.37479567527771

*** Epoch 1, batch 409/463 ***
Training fitness: 0.8831185277353631
Model size: (6, 11)
Validation fitness: 0.8428578250157321 
Elapsed: 2.259859800338745

*** Epoch 1, batch 410/463 ***
Training fitness: 0.8987459698959671
Model size: (8, 11)
Validation fitness: 0.8412637526098787 
Elapsed: 2.3261115550994873

*** Epoch 1, batch 411/463 ***
Training fitness: 0.8595212399508618
Model size: (6, 11)
Validation fitness: 0.8428578250157321 
Elapsed: 2.3013150691986084

*** Epoch 1, batch 412/463 ***
Training fitness: 0.8790143278602764
Model size: (6, 11)
Validation fitness: 0.8428578250157321 
Elapsed: 2.241490364074707

*** Epoch 1, batch 413/463 ***
Training fitness: 0.847758787138833
Model size: (7, 12)
Validation fitness: 0.8474362813522327 
Elapsed: 2.3638954162597656

*** Epoch 1, batch 414/463 ***
Training fitness: 0.8704075465996618
Model size: (7, 12)
Validation fitness: 0.8474362813522327 
Elapsed: 2.3716185092926025

*** Epoch 1, batch 415/463 ***
Training fitness: 0.8778653951953054
Model size: (8, 11)
Validation fitness: 0.8412637526098787 
Elapsed: 2.1907315254211426

*** Epoch 1, batch 416/463 ***
Training fitness: 0.8265664671362818
Model size: (7, 12)
Validation fitness: 0.8474362813522327 
Elapsed: 2.400052547454834

*** Epoch 1, batch 417/463 ***
Training fitness: 0.8680714353194994
Model size: (7, 12)
Validation fitness: 0.8474362813522327 
Elapsed: 2.5864417552948

*** Epoch 1, batch 418/463 ***
Training fitness: 0.8943903889859542
Model size: (7, 12)
Validation fitness: 0.8474362813522327 
Elapsed: 2.3997297286987305

*** Epoch 1, batch 419/463 ***
Training fitness: 0.8964421047890405
Model size: (7, 12)
Validation fitness: 0.861681233017903 !!!
Elapsed: 2.384359121322632

*** Epoch 1, batch 420/463 ***
Training fitness: 0.863983710554762
Model size: (7, 12)
Validation fitness: 0.861681233017903 
Elapsed: 2.381708860397339

*** Epoch 1, batch 421/463 ***
Training fitness: 0.8834443350960266
Model size: (7, 12)
Validation fitness: 0.861681233017903 
Elapsed: 2.3305137157440186

*** Epoch 1, batch 422/463 ***
Training fitness: 0.8522812938132484
Model size: (7, 12)
Validation fitness: 0.8474362813522327 
Elapsed: 2.465437889099121

*** Epoch 1, batch 423/463 ***
Training fitness: 0.9078412990032037
Model size: (7, 12)
Validation fitness: 0.8474362813522327 
Elapsed: 2.406850576400757

*** Epoch 1, batch 424/463 ***
Training fitness: 0.8302744069463215
Model size: (8, 12)
Validation fitness: 0.8167322395403985 
Elapsed: 2.2190544605255127

*** Epoch 1, batch 425/463 ***
Training fitness: 0.8031672855062634
Model size: (8, 11)
Validation fitness: 0.8412637526098787 
Elapsed: 2.23433256149292

*** Epoch 1, batch 426/463 ***
Training fitness: 0.8578390156273613
Model size: (8, 11)
Validation fitness: 0.8412637526098787 
Elapsed: 2.153010129928589

*** Epoch 1, batch 427/463 ***
Training fitness: 0.8768254239829255
Model size: (8, 11)
Validation fitness: 0.8412637526098787 
Elapsed: 2.2756381034851074

*** Epoch 1, batch 428/463 ***
Training fitness: 0.8521589913715027
Model size: (9, 14)
Validation fitness: 0.8000078586341859 
Elapsed: 2.223877191543579

*** Epoch 1, batch 429/463 ***
Training fitness: 0.8194167744605791
Model size: (7, 8)
Validation fitness: 0.799303133196655 
Elapsed: 2.3433961868286133

*** Epoch 1, batch 430/463 ***
Training fitness: 0.8350474715188481
Model size: (8, 11)
Validation fitness: 0.8412637526098787 
Elapsed: 2.204033851623535

*** Epoch 1, batch 431/463 ***
Training fitness: 0.8920678095422888
Model size: (9, 13)
Validation fitness: 0.8507830873090912 
Elapsed: 2.2960026264190674

*** Epoch 1, batch 432/463 ***
Training fitness: 0.8907927583559065
Model size: (9, 13)
Validation fitness: 0.8507830873090912 
Elapsed: 2.224579095840454

*** Epoch 1, batch 433/463 ***
Training fitness: 0.8608903211002708
Model size: (9, 13)
Validation fitness: 0.8507830873090912 
Elapsed: 2.070355176925659

*** Epoch 1, batch 434/463 ***
Training fitness: 0.8479858637770449
Model size: (9, 13)
Validation fitness: 0.8507830873090912 
Elapsed: 2.139291286468506

*** Epoch 1, batch 435/463 ***
Training fitness: 0.8347452792657594
Model size: (9, 13)
Validation fitness: 0.8507830873090912 
Elapsed: 2.256429672241211

*** Epoch 1, batch 436/463 ***
Training fitness: 0.7782965342373688
Model size: (8, 11)
Validation fitness: 0.8412637526098787 
Elapsed: 2.3136203289031982

*** Epoch 1, batch 437/463 ***
Training fitness: 0.8197214155268385
Model size: (5, 5)
Validation fitness: 0.8207461023909988 
Elapsed: 2.1275949478149414

*** Epoch 1, batch 438/463 ***
Training fitness: 0.8371903394832194
Model size: (5, 5)
Validation fitness: 0.8207461023909988 
Elapsed: 2.0714876651763916

*** Epoch 1, batch 439/463 ***
Training fitness: 0.8053639995949007
Model size: (5, 5)
Validation fitness: 0.8207461023909988 
Elapsed: 2.112705707550049

*** Epoch 1, batch 440/463 ***
Training fitness: 0.8446124377651384
Model size: (5, 5)
Validation fitness: 0.8207461023909988 
Elapsed: 2.1849560737609863

*** Epoch 1, batch 441/463 ***
Training fitness: 0.8597522314586026
Model size: (5, 5)
Validation fitness: 0.8207461023909988 
Elapsed: 2.129370927810669

*** Epoch 1, batch 442/463 ***
Training fitness: 0.8354940198496805
Model size: (5, 5)
Validation fitness: 0.8207461023909988 
Elapsed: 2.150139808654785

*** Epoch 1, batch 443/463 ***
Training fitness: 0.8401479306544284
Model size: (5, 5)
Validation fitness: 0.7629629908110597 
Elapsed: 2.077202081680298

*** Epoch 1, batch 444/463 ***
Training fitness: 0.7782991326443693
Model size: (4, 8)
Validation fitness: 0.8092470415431842 
Elapsed: 2.2060070037841797

*** Epoch 1, batch 445/463 ***
Training fitness: 0.7565948335191929
Model size: (7, 15)
Validation fitness: 0.7955135658193581 
Elapsed: 2.223614454269409

*** Epoch 1, batch 446/463 ***
Training fitness: 0.8317883872610065
Model size: (8, 13)
Validation fitness: 0.8092918679551118 
Elapsed: 2.109659433364868

*** Epoch 1, batch 447/463 ***
Training fitness: 0.8557942462523779
Model size: (6, 11)
Validation fitness: 0.7828149450752728 
Elapsed: 2.3500592708587646

*** Epoch 1, batch 448/463 ***
Training fitness: 0.8228241179109785
Model size: (5, 8)
Validation fitness: 0.7998798749793053 
Elapsed: 2.202606201171875

*** Epoch 1, batch 449/463 ***
Training fitness: 0.854400683135682
Model size: (8, 12)
Validation fitness: 0.8045357551546913 
Elapsed: 2.2521591186523438

*** Epoch 1, batch 450/463 ***
Training fitness: 0.8364163984165561
Model size: (8, 17)
Validation fitness: 0.796406781641651 
Elapsed: 2.206505298614502

*** Epoch 1, batch 451/463 ***
Training fitness: 0.8436146821068596
Model size: (8, 17)
Validation fitness: 0.796406781641651 
Elapsed: 2.2575905323028564

*** Epoch 1, batch 452/463 ***
Training fitness: 0.8617684810461753
Model size: (9, 17)
Validation fitness: 0.8067502580783141 
Elapsed: 2.3507115840911865

*** Epoch 1, batch 453/463 ***
Training fitness: 0.8127288159198507
Model size: (9, 17)
Validation fitness: 0.8067502580783141 
Elapsed: 2.3129184246063232

*** Epoch 1, batch 454/463 ***
Training fitness: 0.8318761888129542
Model size: (10, 12)
Validation fitness: 0.7947686476425175 
Elapsed: 2.2578115463256836

*** Epoch 1, batch 455/463 ***
Training fitness: 0.8024553131895106
Model size: (8, 12)
Validation fitness: 0.8045357551546913 
Elapsed: 2.4372243881225586

*** Epoch 1, batch 456/463 ***
Training fitness: 0.8666470092140754
Model size: (9, 17)
Validation fitness: 0.8067502580783141 
Elapsed: 2.4421260356903076

*** Epoch 1, batch 457/463 ***
Training fitness: 0.7924701118725597
Model size: (7, 11)
Validation fitness: 0.7837245566519847 
Elapsed: 2.3404288291931152

*** Epoch 1, batch 458/463 ***
Training fitness: 0.802751757479491
Model size: (9, 17)
Validation fitness: 0.8067502580783141 
Elapsed: 2.2665953636169434

*** Epoch 1, batch 459/463 ***
Training fitness: 0.7769911005144381
Model size: (9, 14)
Validation fitness: 0.7795850794093403 
Elapsed: 2.3619542121887207

*** Epoch 1, batch 460/463 ***
Training fitness: 0.8645047258706176
Model size: (9, 17)
Validation fitness: 0.7850765210395131 
Elapsed: 2.4594290256500244

*** Epoch 1, batch 461/463 ***
Training fitness: 0.8258382051924078
Model size: (5, 12)
Validation fitness: 0.8027690752623616 
Elapsed: 2.228863477706909

*** Epoch 1, batch 462/463 ***
Training fitness: 0.8433944569708054
Model size: (7, 14)
Validation fitness: 0.7951789366984389 
Elapsed: 2.3462257385253906

*** Epoch 1, batch 463/463 ***
Training fitness: 0.7869380187526853
Model size: (7, 12)
Validation fitness: 0.7770822092572699 
Elapsed: 1.2794976234436035

Total train time: 1093.6633033752441
Test time: 0.30858707427978516
Test fitness: 0.8650796170305332
Test statistics: Stats(total=14791, total_true=7078, total_false=7713, true_positive=6303, true_negative=7478, false_positive=235, false_negative=775, tpr=0.8905057925967788, tnr=0.9695319590302087, ppv=0.9640562863260936, npv=0.9060947534229977, accuracy=0.9317152322358191, f1=0.925822561692127, mcc=0.8650796170305332)
