Configuration:
Dataset: nsl_kdd
Selector: pca
Fold: 3
Fitness: mcc
Batch size: 256
Epochs: 1
Config args: {}
*** Epoch 1, batch 1/520 ***
Training fitness: 0.8285609869158254
Model size: (1, 12)
Validation fitness: 0.8003851662733277 !!!
Elapsed: 1.9142298698425293

*** Epoch 1, batch 2/520 ***
Training fitness: 0.741326061979741
Model size: (2, 13)
Validation fitness: 0.7424512938373573 
Elapsed: 2.0187737941741943

*** Epoch 1, batch 3/520 ***
Training fitness: 0.8456278882895235
Model size: (2, 14)
Validation fitness: 0.7657185886750099 
Elapsed: 2.0849013328552246

*** Epoch 1, batch 4/520 ***
Training fitness: 0.7890093207480576
Model size: (1, 10)
Validation fitness: 0.7527809224866222 
Elapsed: 2.071300745010376

*** Epoch 1, batch 5/520 ***
Training fitness: 0.8294213417094963
Model size: (2, 12)
Validation fitness: 0.7772150550942485 
Elapsed: 2.320302724838257

*** Epoch 1, batch 6/520 ***
Training fitness: 0.8043011946967964
Model size: (2, 9)
Validation fitness: 0.7678413645981311 
Elapsed: 2.099994659423828

*** Epoch 1, batch 7/520 ***
Training fitness: 0.8452155044429686
Model size: (2, 10)
Validation fitness: 0.8216154911165829 !!!
Elapsed: 2.1391801834106445

*** Epoch 1, batch 8/520 ***
Training fitness: 0.7963777224735474
Model size: (2, 10)
Validation fitness: 0.7875237062672094 
Elapsed: 2.152423143386841

*** Epoch 1, batch 9/520 ***
Training fitness: 0.8514174201140566
Model size: (3, 11)
Validation fitness: 0.8004343448492818 
Elapsed: 2.2191879749298096

*** Epoch 1, batch 10/520 ***
Training fitness: 0.8722620994549295
Model size: (2, 8)
Validation fitness: 0.7693873937479738 
Elapsed: 2.1026275157928467

*** Epoch 1, batch 11/520 ***
Training fitness: 0.8597923141478182
Model size: (2, 7)
Validation fitness: 0.8624019017685853 !!!
Elapsed: 2.0858113765716553

*** Epoch 1, batch 12/520 ***
Training fitness: 0.8227181242046554
Model size: (3, 13)
Validation fitness: 0.7940982176971377 
Elapsed: 2.0571465492248535

*** Epoch 1, batch 13/520 ***
Training fitness: 0.824779919555843
Model size: (2, 7)
Validation fitness: 0.8624019017685853 
Elapsed: 2.170980453491211

*** Epoch 1, batch 14/520 ***
Training fitness: 0.866168583979479
Model size: (2, 7)
Validation fitness: 0.8624019017685853 
Elapsed: 2.1435303688049316

*** Epoch 1, batch 15/520 ***
Training fitness: 0.8120468282206932
Model size: (2, 7)
Validation fitness: 0.8624019017685853 
Elapsed: 2.2572789192199707

*** Epoch 1, batch 16/520 ***
Training fitness: 0.8488425818064955
Model size: (2, 7)
Validation fitness: 0.8624019017685853 
Elapsed: 2.1684987545013428

*** Epoch 1, batch 17/520 ***
Training fitness: 0.8296543236954802
Model size: (2, 7)
Validation fitness: 0.8381392087057331 
Elapsed: 2.183701753616333

*** Epoch 1, batch 18/520 ***
Training fitness: 0.8678980409466717
Model size: (2, 7)
Validation fitness: 0.8050264294255444 
Elapsed: 2.20803165435791

*** Epoch 1, batch 19/520 ***
Training fitness: 0.8728020677502265
Model size: (3, 10)
Validation fitness: 0.8558039815546298 
Elapsed: 2.352614402770996

*** Epoch 1, batch 20/520 ***
Training fitness: 0.7973998603164698
Model size: (3, 9)
Validation fitness: 0.8426727110561598 
Elapsed: 2.3689029216766357

*** Epoch 1, batch 21/520 ***
Training fitness: 0.8945648693184409
Model size: (3, 8)
Validation fitness: 0.8514506359813951 
Elapsed: 2.366849422454834

*** Epoch 1, batch 22/520 ***
Training fitness: 0.8531404119730608
Model size: (3, 9)
Validation fitness: 0.8609461610624497 
Elapsed: 2.354036331176758

*** Epoch 1, batch 23/520 ***
Training fitness: 0.8562450949126907
Model size: (4, 12)
Validation fitness: 0.8559513865911204 
Elapsed: 2.375309944152832

*** Epoch 1, batch 24/520 ***
Training fitness: 0.859530877848214
Model size: (4, 12)
Validation fitness: 0.8559513865911204 
Elapsed: 2.40547513961792

*** Epoch 1, batch 25/520 ***
Training fitness: 0.8862529744268489
Model size: (4, 12)
Validation fitness: 0.8559513865911204 
Elapsed: 2.4688148498535156

*** Epoch 1, batch 26/520 ***
Training fitness: 0.8815737654563196
Model size: (3, 11)
Validation fitness: 0.8427744372377632 
Elapsed: 2.4206900596618652

*** Epoch 1, batch 27/520 ***
Training fitness: 0.870205964793516
Model size: (3, 10)
Validation fitness: 0.8607979542114246 
Elapsed: 2.41627836227417

*** Epoch 1, batch 28/520 ***
Training fitness: 0.8571846650156335
Model size: (3, 9)
Validation fitness: 0.8564467894121127 
Elapsed: 2.4036507606506348

*** Epoch 1, batch 29/520 ***
Training fitness: 0.873791360943052
Model size: (3, 10)
Validation fitness: 0.8607979542114246 
Elapsed: 2.4544193744659424

*** Epoch 1, batch 30/520 ***
Training fitness: 0.8375211870712178
Model size: (3, 10)
Validation fitness: 0.8607979542114246 
Elapsed: 2.407541513442993

*** Epoch 1, batch 31/520 ***
Training fitness: 0.8661162626713991
Model size: (3, 9)
Validation fitness: 0.8480556193164327 
Elapsed: 2.400275945663452

*** Epoch 1, batch 32/520 ***
Training fitness: 0.892155507225113
Model size: (4, 11)
Validation fitness: 0.8488269701467838 
Elapsed: 2.449655771255493

*** Epoch 1, batch 33/520 ***
Training fitness: 0.7995713489670806
Model size: (3, 9)
Validation fitness: 0.8480556193164327 
Elapsed: 2.4500575065612793

*** Epoch 1, batch 34/520 ***
Training fitness: 0.8922505253867423
Model size: (3, 9)
Validation fitness: 0.8480556193164327 
Elapsed: 2.525045871734619

*** Epoch 1, batch 35/520 ***
Training fitness: 0.8654745821550711
Model size: (3, 9)
Validation fitness: 0.8488919464467743 
Elapsed: 2.605203866958618

*** Epoch 1, batch 36/520 ***
Training fitness: 0.8821214380154312
Model size: (4, 11)
Validation fitness: 0.8587909546205651 
Elapsed: 2.589193105697632

*** Epoch 1, batch 37/520 ***
Training fitness: 0.8916575656652351
Model size: (5, 12)
Validation fitness: 0.8468516310316634 
Elapsed: 2.5188002586364746

*** Epoch 1, batch 38/520 ***
Training fitness: 0.8562067028646321
Model size: (3, 9)
Validation fitness: 0.8458368996630874 
Elapsed: 2.4297709465026855

*** Epoch 1, batch 39/520 ***
Training fitness: 0.9137958397833555
Model size: (5, 12)
Validation fitness: 0.8468516310316634 
Elapsed: 2.515138864517212

*** Epoch 1, batch 40/520 ***
Training fitness: 0.875928402387793
Model size: (5, 12)
Validation fitness: 0.8619530347897536 
Elapsed: 2.4473371505737305

*** Epoch 1, batch 41/520 ***
Training fitness: 0.8711764176772593
Model size: (4, 12)
Validation fitness: 0.8703111486076875 !!!
Elapsed: 2.4835474491119385

*** Epoch 1, batch 42/520 ***
Training fitness: 0.8557313449481568
Model size: (3, 10)
Validation fitness: 0.864188440049021 
Elapsed: 2.467329502105713

*** Epoch 1, batch 43/520 ***
Training fitness: 0.8178935541157513
Model size: (5, 12)
Validation fitness: 0.8468516310316634 
Elapsed: 2.470698356628418

*** Epoch 1, batch 44/520 ***
Training fitness: 0.8700816014724574
Model size: (4, 10)
Validation fitness: 0.8562299011864113 
Elapsed: 2.5085597038269043

*** Epoch 1, batch 45/520 ***
Training fitness: 0.8915591231674419
Model size: (3, 10)
Validation fitness: 0.864188440049021 
Elapsed: 2.5169460773468018

*** Epoch 1, batch 46/520 ***
Training fitness: 0.8665424956895248
Model size: (4, 10)
Validation fitness: 0.8562299011864113 
Elapsed: 2.4956257343292236

*** Epoch 1, batch 47/520 ***
Training fitness: 0.869424751943045
Model size: (10, 21)
Validation fitness: 0.827917030406178 
Elapsed: 2.816983222961426

*** Epoch 1, batch 48/520 ***
Training fitness: 0.8929980453037798
Model size: (3, 10)
Validation fitness: 0.864188440049021 
Elapsed: 2.590446710586548

*** Epoch 1, batch 49/520 ***
Training fitness: 0.8593406593406593
Model size: (5, 10)
Validation fitness: 0.8402283183889936 
Elapsed: 2.514251232147217

*** Epoch 1, batch 50/520 ***
Training fitness: 0.8765651377575729
Model size: (5, 10)
Validation fitness: 0.859116579275778 
Elapsed: 2.6001126766204834

*** Epoch 1, batch 51/520 ***
Training fitness: 0.8896551724137931
Model size: (5, 10)
Validation fitness: 0.8143621998408332 
Elapsed: 2.55496883392334

*** Epoch 1, batch 52/520 ***
Training fitness: 0.8616857452118113
Model size: (5, 11)
Validation fitness: 0.811007038475628 
Elapsed: 2.541186809539795

*** Epoch 1, batch 53/520 ***
Training fitness: 0.8494285111195276
Model size: (3, 10)
Validation fitness: 0.8586479657071908 
Elapsed: 2.5286355018615723

*** Epoch 1, batch 54/520 ***
Training fitness: 0.8687863788331017
Model size: (5, 10)
Validation fitness: 0.859116579275778 
Elapsed: 2.5195086002349854

*** Epoch 1, batch 55/520 ***
Training fitness: 0.8558687051749554
Model size: (6, 12)
Validation fitness: 0.8532891591679819 
Elapsed: 2.5515003204345703

*** Epoch 1, batch 56/520 ***
Training fitness: 0.896242093525188
Model size: (5, 10)
Validation fitness: 0.859116579275778 
Elapsed: 2.4546616077423096

*** Epoch 1, batch 57/520 ***
Training fitness: 0.8349445021047126
Model size: (8, 13)
Validation fitness: 0.8292332775894378 
Elapsed: 2.5632970333099365

*** Epoch 1, batch 58/520 ***
Training fitness: 0.9135027941388525
Model size: (9, 18)
Validation fitness: 0.8127759155053815 
Elapsed: 2.5911386013031006

*** Epoch 1, batch 59/520 ***
Training fitness: 0.8903532175136972
Model size: (6, 11)
Validation fitness: 0.8409260562349432 
Elapsed: 2.519904375076294

*** Epoch 1, batch 60/520 ***
Training fitness: 0.8558687051749554
Model size: (9, 15)
Validation fitness: 0.8250906315204091 
Elapsed: 2.5444557666778564

*** Epoch 1, batch 61/520 ***
Training fitness: 0.8974018578092855
Model size: (9, 15)
Validation fitness: 0.8250906315204091 
Elapsed: 2.755828857421875

*** Epoch 1, batch 62/520 ***
Training fitness: 0.9091146802156588
Model size: (5, 12)
Validation fitness: 0.8680958952759681 
Elapsed: 2.509143114089966

*** Epoch 1, batch 63/520 ***
Training fitness: 0.9056504338142514
Model size: (6, 14)
Validation fitness: 0.8436327170909197 
Elapsed: 2.480093240737915

*** Epoch 1, batch 64/520 ***
Training fitness: 0.8734710839512821
Model size: (5, 9)
Validation fitness: 0.8666208769106154 
Elapsed: 2.508216142654419

*** Epoch 1, batch 65/520 ***
Training fitness: 0.8553406031972248
Model size: (6, 10)
Validation fitness: 0.8609157365882182 
Elapsed: 2.598101854324341

*** Epoch 1, batch 66/520 ***
Training fitness: 0.8724576184870333
Model size: (5, 9)
Validation fitness: 0.8666208769106154 
Elapsed: 2.4828062057495117

*** Epoch 1, batch 67/520 ***
Training fitness: 0.851307047222084
Model size: (6, 12)
Validation fitness: 0.8321465470244158 
Elapsed: 2.4075262546539307

*** Epoch 1, batch 68/520 ***
Training fitness: 0.8738761982092178
Model size: (6, 14)
Validation fitness: 0.8436327170909197 
Elapsed: 2.4538209438323975

*** Epoch 1, batch 69/520 ***
Training fitness: 0.8934888979633475
Model size: (6, 10)
Validation fitness: 0.8558876228490357 
Elapsed: 2.5127956867218018

*** Epoch 1, batch 70/520 ***
Training fitness: 0.8791003114759385
Model size: (6, 13)
Validation fitness: 0.8657503104415933 
Elapsed: 2.445605754852295

*** Epoch 1, batch 71/520 ***
Training fitness: 0.8317193053951671
Model size: (7, 13)
Validation fitness: 0.8396341321220664 
Elapsed: 2.472782850265503

*** Epoch 1, batch 72/520 ***
Training fitness: 0.8754578754578755
Model size: (5, 12)
Validation fitness: 0.8680958952759681 
Elapsed: 2.4469101428985596

*** Epoch 1, batch 73/520 ***
Training fitness: 0.9004522944605842
Model size: (7, 15)
Validation fitness: 0.8745784330941088 !!!
Elapsed: 2.6533069610595703

*** Epoch 1, batch 74/520 ***
Training fitness: 0.8942841716253342
Model size: (7, 15)
Validation fitness: 0.8745784330941088 
Elapsed: 2.595633029937744

*** Epoch 1, batch 75/520 ***
Training fitness: 0.8527523068521534
Model size: (5, 12)
Validation fitness: 0.8680958952759681 
Elapsed: 2.4556541442871094

*** Epoch 1, batch 76/520 ***
Training fitness: 0.8550285947330044
Model size: (8, 16)
Validation fitness: 0.8592517697588232 
Elapsed: 2.5375537872314453

*** Epoch 1, batch 77/520 ***
Training fitness: 0.8618593998759695
Model size: (9, 18)
Validation fitness: 0.8424738485335113 
Elapsed: 2.7291979789733887

*** Epoch 1, batch 78/520 ***
Training fitness: 0.8927412627098512
Model size: (10, 22)
Validation fitness: 0.8627123366664777 
Elapsed: 2.7594542503356934

*** Epoch 1, batch 79/520 ***
Training fitness: 0.8578891007344215
Model size: (9, 22)
Validation fitness: 0.8647997724343356 
Elapsed: 2.6251931190490723

*** Epoch 1, batch 80/520 ***
Training fitness: 0.8514541196988681
Model size: (7, 15)
Validation fitness: 0.8184097837448658 
Elapsed: 2.554227828979492

*** Epoch 1, batch 81/520 ***
Training fitness: 0.9069576197893064
Model size: (8, 16)
Validation fitness: 0.8592517697588232 
Elapsed: 2.6512951850891113

*** Epoch 1, batch 82/520 ***
Training fitness: 0.922977229277333
Model size: (6, 14)
Validation fitness: 0.8521658515261095 
Elapsed: 2.6171422004699707

*** Epoch 1, batch 83/520 ***
Training fitness: 0.796862115137336
Model size: (7, 15)
Validation fitness: 0.8184097837448658 
Elapsed: 2.6374850273132324

*** Epoch 1, batch 84/520 ***
Training fitness: 0.9067254725964659
Model size: (8, 16)
Validation fitness: 0.8592517697588232 
Elapsed: 2.6543166637420654

*** Epoch 1, batch 85/520 ***
Training fitness: 0.8823529411764706
Model size: (6, 11)
Validation fitness: 0.8594445685305883 
Elapsed: 2.470273971557617

*** Epoch 1, batch 86/520 ***
Training fitness: 0.8434091089927999
Model size: (8, 20)
Validation fitness: 0.8696642905761093 
Elapsed: 2.729637622833252

*** Epoch 1, batch 87/520 ***
Training fitness: 0.8918654254555362
Model size: (9, 22)
Validation fitness: 0.8683985682244137 
Elapsed: 2.652564525604248

*** Epoch 1, batch 88/520 ***
Training fitness: 0.8873019510907425
Model size: (6, 11)
Validation fitness: 0.8594445685305883 
Elapsed: 2.4648616313934326

*** Epoch 1, batch 89/520 ***
Training fitness: 0.9033443177047519
Model size: (7, 15)
Validation fitness: 0.8735119005906271 
Elapsed: 2.479351043701172

*** Epoch 1, batch 90/520 ***
Training fitness: 0.9010357072757278
Model size: (6, 11)
Validation fitness: 0.8594445685305883 
Elapsed: 2.3953542709350586

*** Epoch 1, batch 91/520 ***
Training fitness: 0.8686131386861314
Model size: (7, 15)
Validation fitness: 0.8735119005906271 
Elapsed: 2.436046838760376

*** Epoch 1, batch 92/520 ***
Training fitness: 0.8684925533990204
Model size: (6, 12)
Validation fitness: 0.8714460557420908 
Elapsed: 2.4780654907226562

*** Epoch 1, batch 93/520 ***
Training fitness: 0.8946332570596033
Model size: (7, 16)
Validation fitness: 0.8678002102647459 
Elapsed: 2.3906028270721436

*** Epoch 1, batch 94/520 ***
Training fitness: 0.8336398111537296
Model size: (10, 22)
Validation fitness: 0.8606761607552532 
Elapsed: 2.514131546020508

*** Epoch 1, batch 95/520 ***
Training fitness: 0.8933757781009599
Model size: (6, 11)
Validation fitness: 0.8594445685305883 
Elapsed: 2.451010227203369

*** Epoch 1, batch 96/520 ***
Training fitness: 0.8352553450930748
Model size: (6, 12)
Validation fitness: 0.8714460557420908 
Elapsed: 2.387507677078247

*** Epoch 1, batch 97/520 ***
Training fitness: 0.9289266564657332
Model size: (6, 12)
Validation fitness: 0.8714460557420908 
Elapsed: 2.3893635272979736

*** Epoch 1, batch 98/520 ***
Training fitness: 0.8668577994764577
Model size: (5, 8)
Validation fitness: 0.8180627848916009 
Elapsed: 2.2383193969726562

*** Epoch 1, batch 99/520 ***
Training fitness: 0.8613588520688542
Model size: (6, 11)
Validation fitness: 0.8644305757816835 
Elapsed: 2.37532901763916

*** Epoch 1, batch 100/520 ***
Training fitness: 0.8553406031972248
Model size: (6, 13)
Validation fitness: 0.8641750783018246 
Elapsed: 2.4642181396484375

*** Epoch 1, batch 101/520 ***
Training fitness: 0.8490574826125626
Model size: (6, 12)
Validation fitness: 0.8714460557420908 
Elapsed: 2.323258638381958

*** Epoch 1, batch 102/520 ***
Training fitness: 0.8457389942655411
Model size: (5, 10)
Validation fitness: 0.8538575653771422 
Elapsed: 2.2669994831085205

*** Epoch 1, batch 103/520 ***
Training fitness: 0.8591792857549809
Model size: (5, 11)
Validation fitness: 0.8010829049713513 
Elapsed: 2.2573583126068115

*** Epoch 1, batch 104/520 ***
Training fitness: 0.8690755626664138
Model size: (6, 12)
Validation fitness: 0.8714460557420908 
Elapsed: 2.491985559463501

*** Epoch 1, batch 105/520 ***
Training fitness: 0.9297606230513289
Model size: (7, 12)
Validation fitness: 0.8681760008991835 
Elapsed: 2.416442632675171

*** Epoch 1, batch 106/520 ***
Training fitness: 0.8684871746040874
Model size: (11, 16)
Validation fitness: 0.8538426368912791 
Elapsed: 2.36752986907959

*** Epoch 1, batch 107/520 ***
Training fitness: 0.8776825742010899
Model size: (5, 11)
Validation fitness: 0.8506804123162084 
Elapsed: 2.477665424346924

*** Epoch 1, batch 108/520 ***
Training fitness: 0.8757179502031937
Model size: (6, 12)
Validation fitness: 0.8468237298562667 
Elapsed: 2.510305643081665

*** Epoch 1, batch 109/520 ***
Training fitness: 0.8555765000638629
Model size: (7, 16)
Validation fitness: 0.8501076705954136 
Elapsed: 2.4882586002349854

*** Epoch 1, batch 110/520 ***
Training fitness: 0.8701176970145521
Model size: (11, 16)
Validation fitness: 0.8538426368912791 
Elapsed: 2.523453950881958

*** Epoch 1, batch 111/520 ***
Training fitness: 0.8592816240299693
Model size: (7, 12)
Validation fitness: 0.8681760008991835 
Elapsed: 2.5486855506896973

*** Epoch 1, batch 112/520 ***
Training fitness: 0.865721819145228
Model size: (8, 11)
Validation fitness: 0.858036535953038 
Elapsed: 2.4011800289154053

*** Epoch 1, batch 113/520 ***
Training fitness: 0.8919470712780184
Model size: (7, 14)
Validation fitness: 0.8576097637746609 
Elapsed: 2.4179224967956543

*** Epoch 1, batch 114/520 ***
Training fitness: 0.9070956591709622
Model size: (7, 12)
Validation fitness: 0.8681760008991835 
Elapsed: 2.5657730102539062

*** Epoch 1, batch 115/520 ***
Training fitness: 0.8313237358092475
Model size: (6, 15)
Validation fitness: 0.8115497307412874 
Elapsed: 2.5720303058624268

*** Epoch 1, batch 116/520 ***
Training fitness: 0.8477737970358159
Model size: (7, 15)
Validation fitness: 0.8793614878116622 !!!
Elapsed: 2.4800994396209717

*** Epoch 1, batch 117/520 ***
Training fitness: 0.9231993610719209
Model size: (7, 15)
Validation fitness: 0.8793614878116622 
Elapsed: 2.424456834793091

*** Epoch 1, batch 118/520 ***
Training fitness: 0.8662856574289592
Model size: (7, 15)
Validation fitness: 0.8793614878116622 
Elapsed: 2.4131762981414795

*** Epoch 1, batch 119/520 ***
Training fitness: 0.914817730021194
Model size: (7, 15)
Validation fitness: 0.8793614878116622 
Elapsed: 2.3798725605010986

*** Epoch 1, batch 120/520 ***
Training fitness: 0.8611841928116044
Model size: (7, 15)
Validation fitness: 0.8793614878116622 
Elapsed: 2.321934461593628

*** Epoch 1, batch 121/520 ***
Training fitness: 0.907763869081789
Model size: (7, 15)
Validation fitness: 0.8793614878116622 
Elapsed: 2.427999973297119

*** Epoch 1, batch 122/520 ***
Training fitness: 0.9212691209361811
Model size: (7, 15)
Validation fitness: 0.8793614878116622 
Elapsed: 2.5548810958862305

*** Epoch 1, batch 123/520 ***
Training fitness: 0.8692200889250924
Model size: (7, 15)
Validation fitness: 0.8793614878116622 
Elapsed: 2.434818983078003

*** Epoch 1, batch 124/520 ***
Training fitness: 0.9094102633174024
Model size: (7, 15)
Validation fitness: 0.8793614878116622 
Elapsed: 2.322258949279785

*** Epoch 1, batch 125/520 ***
Training fitness: 0.9019741808772509
Model size: (7, 15)
Validation fitness: 0.8793614878116622 
Elapsed: 2.405674457550049

*** Epoch 1, batch 126/520 ***
Training fitness: 0.9237491174968887
Model size: (7, 15)
Validation fitness: 0.8793614878116622 
Elapsed: 2.3468480110168457

*** Epoch 1, batch 127/520 ***
Training fitness: 0.8616179222106807
Model size: (7, 15)
Validation fitness: 0.8793614878116622 
Elapsed: 2.46871018409729

*** Epoch 1, batch 128/520 ***
Training fitness: 0.8937308967273777
Model size: (7, 15)
Validation fitness: 0.8793614878116622 
Elapsed: 2.4665987491607666

*** Epoch 1, batch 129/520 ***
Training fitness: 0.8872019992085689
Model size: (6, 14)
Validation fitness: 0.8618706302007662 
Elapsed: 2.407762050628662

*** Epoch 1, batch 130/520 ***
Training fitness: 0.8894974266585727
Model size: (7, 15)
Validation fitness: 0.8793614878116622 
Elapsed: 2.510237216949463

*** Epoch 1, batch 131/520 ***
Training fitness: 0.8875272139525712
Model size: (7, 15)
Validation fitness: 0.8793614878116622 
Elapsed: 2.463989734649658

*** Epoch 1, batch 132/520 ***
Training fitness: 0.8440125569923091
Model size: (7, 15)
Validation fitness: 0.8793614878116622 
Elapsed: 2.475863218307495

*** Epoch 1, batch 133/520 ***
Training fitness: 0.9148457111225017
Model size: (7, 15)
Validation fitness: 0.8793614878116622 
Elapsed: 2.500873327255249

*** Epoch 1, batch 134/520 ***
Training fitness: 0.8038529899970296
Model size: (7, 15)
Validation fitness: 0.8793614878116622 
Elapsed: 2.4644761085510254

*** Epoch 1, batch 135/520 ***
Training fitness: 0.8837139772152331
Model size: (7, 15)
Validation fitness: 0.8793614878116622 
Elapsed: 2.5761735439300537

*** Epoch 1, batch 136/520 ***
Training fitness: 0.9088986223460882
Model size: (7, 15)
Validation fitness: 0.8793614878116622 
Elapsed: 2.556170701980591

*** Epoch 1, batch 137/520 ***
Training fitness: 0.8761965378622129
Model size: (7, 15)
Validation fitness: 0.8793614878116622 
Elapsed: 3.3594746589660645

*** Epoch 1, batch 138/520 ***
Training fitness: 0.8753610868215336
Model size: (7, 15)
Validation fitness: 0.8793614878116622 
Elapsed: 4.79157018661499

*** Epoch 1, batch 139/520 ***
Training fitness: 0.878317527419567
Model size: (7, 15)
Validation fitness: 0.8793614878116622 
Elapsed: 3.162055015563965

*** Epoch 1, batch 140/520 ***
Training fitness: 0.8525867158614023
Model size: (7, 15)
Validation fitness: 0.8793614878116622 
Elapsed: 2.5485939979553223

*** Epoch 1, batch 141/520 ***
Training fitness: 0.8828251418141222
Model size: (9, 15)
Validation fitness: 0.8189039994337911 
Elapsed: 2.488586664199829

*** Epoch 1, batch 142/520 ***
Training fitness: 0.8643874207943743
Model size: (7, 15)
Validation fitness: 0.8793614878116622 
Elapsed: 2.482299566268921

*** Epoch 1, batch 143/520 ***
Training fitness: 0.86875845895899
Model size: (3, 7)
Validation fitness: 0.8212031457458809 
Elapsed: 2.411914348602295

*** Epoch 1, batch 144/520 ***
Training fitness: 0.8427015459670255
Model size: (8, 16)
Validation fitness: 0.8482209143595886 
Elapsed: 2.555300235748291

*** Epoch 1, batch 145/520 ***
Training fitness: 0.8088700371332465
Model size: (3, 7)
Validation fitness: 0.8479747800120534 
Elapsed: 2.260529041290283

*** Epoch 1, batch 146/520 ***
Training fitness: 0.8454437123676074
Model size: (16, 20)
Validation fitness: 0.8184892807665421 
Elapsed: 2.2318196296691895

*** Epoch 1, batch 147/520 ***
Training fitness: 0.819000043492482
Model size: (9, 13)
Validation fitness: 0.815713347249715 
Elapsed: 2.181365489959717

*** Epoch 1, batch 148/520 ***
Training fitness: 0.8114604168131355
Model size: (16, 23)
Validation fitness: 0.8059287363668026 
Elapsed: 2.3925325870513916

*** Epoch 1, batch 149/520 ***
Training fitness: 0.867441935083576
Model size: (12, 22)
Validation fitness: 0.8194475898163643 
Elapsed: 2.219669818878174

*** Epoch 1, batch 150/520 ***
Training fitness: 0.7968771941770385
Model size: (17, 22)
Validation fitness: 0.8232654601606576 
Elapsed: 2.1557652950286865

*** Epoch 1, batch 151/520 ***
Training fitness: 0.8592739104086128
Model size: (17, 21)
Validation fitness: 0.8165479455237608 
Elapsed: 2.3309953212738037

*** Epoch 1, batch 152/520 ***
Training fitness: 0.8435972629521017
Model size: (18, 27)
Validation fitness: 0.8080373125349611 
Elapsed: 2.214329481124878

*** Epoch 1, batch 153/520 ***
Training fitness: 0.7912480155754958
Model size: (14, 15)
Validation fitness: 0.8202848482115179 
Elapsed: 2.2583789825439453

*** Epoch 1, batch 154/520 ***
Training fitness: 0.8521589913715027
Model size: (15, 27)
Validation fitness: 0.8080219160700791 
Elapsed: 2.5367588996887207

*** Epoch 1, batch 155/520 ***
Training fitness: 0.8432506044572032
Model size: (18, 23)
Validation fitness: 0.8264325491127336 
Elapsed: 2.173607110977173

*** Epoch 1, batch 156/520 ***
Training fitness: 0.8748089736536463
Model size: (19, 25)
Validation fitness: 0.8469489973413734 
Elapsed: 2.2558066844940186

*** Epoch 1, batch 157/520 ***
Training fitness: 0.8605779742670495
Model size: (19, 25)
Validation fitness: 0.8469489973413734 
Elapsed: 2.263395309448242

*** Epoch 1, batch 158/520 ***
Training fitness: 0.8657226102052077
Model size: (19, 25)
Validation fitness: 0.8469489973413734 
Elapsed: 2.663891077041626

*** Epoch 1, batch 159/520 ***
Training fitness: 0.884219548044426
Model size: (19, 24)
Validation fitness: 0.8462428209619987 
Elapsed: 2.21630597114563

*** Epoch 1, batch 160/520 ***
Training fitness: 0.8740699747893993
Model size: (10, 14)
Validation fitness: 0.8178599432449248 
Elapsed: 2.104130268096924

*** Epoch 1, batch 161/520 ***
Training fitness: 0.8522668394212497
Model size: (20, 27)
Validation fitness: 0.850435968639744 
Elapsed: 2.1771740913391113

*** Epoch 1, batch 162/520 ***
Training fitness: 0.8834453614921961
Model size: (20, 27)
Validation fitness: 0.850435968639744 
Elapsed: 2.21267032623291

*** Epoch 1, batch 163/520 ***
Training fitness: 0.7970045702424029
Model size: (10, 14)
Validation fitness: 0.8178599432449248 
Elapsed: 2.171450614929199

*** Epoch 1, batch 164/520 ***
Training fitness: 0.8516758202778619
Model size: (11, 23)
Validation fitness: 0.8144483736694952 
Elapsed: 2.519601821899414

*** Epoch 1, batch 165/520 ***
Training fitness: 0.8432457885259228
Model size: (20, 27)
Validation fitness: 0.850435968639744 
Elapsed: 2.2951900959014893

*** Epoch 1, batch 166/520 ***
Training fitness: 0.8548986189785632
Model size: (21, 29)
Validation fitness: 0.8518773623622775 
Elapsed: 2.289889097213745

*** Epoch 1, batch 167/520 ***
Training fitness: 0.8343711507077057
Model size: (18, 29)
Validation fitness: 0.8380496700109215 
Elapsed: 2.4740567207336426

*** Epoch 1, batch 168/520 ***
Training fitness: 0.8764681791222468
Model size: (21, 29)
Validation fitness: 0.8527175553793213 
Elapsed: 2.18473482131958

*** Epoch 1, batch 169/520 ***
Training fitness: 0.8653432638248066
Model size: (18, 29)
Validation fitness: 0.8380496700109215 
Elapsed: 2.3907320499420166

*** Epoch 1, batch 170/520 ***
Training fitness: 0.8357666834916525
Model size: (20, 28)
Validation fitness: 0.8547752397404448 
Elapsed: 2.248488187789917

*** Epoch 1, batch 171/520 ***
Training fitness: 0.8788707488040823
Model size: (21, 29)
Validation fitness: 0.8517228275220924 
Elapsed: 2.2421436309814453

*** Epoch 1, batch 172/520 ***
Training fitness: 0.8673449354483597
Model size: (21, 29)
Validation fitness: 0.8517228275220924 
Elapsed: 2.230788469314575

*** Epoch 1, batch 173/520 ***
Training fitness: 0.8680003787638844
Model size: (18, 29)
Validation fitness: 0.8380496700109215 
Elapsed: 2.3973817825317383

*** Epoch 1, batch 174/520 ***
Training fitness: 0.8658390888970785
Model size: (22, 25)
Validation fitness: 0.8641962423847803 
Elapsed: 2.32314133644104

*** Epoch 1, batch 175/520 ***
Training fitness: 0.8610819956362068
Model size: (22, 25)
Validation fitness: 0.8641962423847803 
Elapsed: 2.3434505462646484

*** Epoch 1, batch 176/520 ***
Training fitness: 0.8982040302987636
Model size: (21, 29)
Validation fitness: 0.8525029906195319 
Elapsed: 2.369523286819458

*** Epoch 1, batch 177/520 ***
Training fitness: 0.852927876372024
Model size: (23, 28)
Validation fitness: 0.8470293542972851 
Elapsed: 2.3367061614990234

*** Epoch 1, batch 178/520 ***
Training fitness: 0.8202323750593905
Model size: (10, 14)
Validation fitness: 0.817328419788072 
Elapsed: 2.4767134189605713

*** Epoch 1, batch 179/520 ***
Training fitness: 0.8491301513552184
Model size: (22, 33)
Validation fitness: 0.8599553578211597 
Elapsed: 2.4092702865600586

*** Epoch 1, batch 180/520 ***
Training fitness: 0.8495863533964442
Model size: (22, 33)
Validation fitness: 0.8599553578211597 
Elapsed: 2.490266799926758

*** Epoch 1, batch 181/520 ***
Training fitness: 0.8764681791222468
Model size: (22, 33)
Validation fitness: 0.8599553578211597 
Elapsed: 2.393468141555786

*** Epoch 1, batch 182/520 ***
Training fitness: 0.8549852197240615
Model size: (22, 32)
Validation fitness: 0.8546742196551295 
Elapsed: 2.390484094619751

*** Epoch 1, batch 183/520 ***
Training fitness: 0.8763561139872544
Model size: (23, 33)
Validation fitness: 0.8491473938013371 
Elapsed: 2.318912982940674

*** Epoch 1, batch 184/520 ***
Training fitness: 0.8843959708842648
Model size: (22, 32)
Validation fitness: 0.8546742196551295 
Elapsed: 2.4247913360595703

*** Epoch 1, batch 185/520 ***
Training fitness: 0.829036307361394
Model size: (23, 33)
Validation fitness: 0.8491473938013371 
Elapsed: 2.4136035442352295

*** Epoch 1, batch 186/520 ***
Training fitness: 0.8920678095422888
Model size: (23, 35)
Validation fitness: 0.832754523607297 
Elapsed: 2.4401981830596924

*** Epoch 1, batch 187/520 ***
Training fitness: 0.8354251033125817
Model size: (12, 26)
Validation fitness: 0.7932748209246707 
Elapsed: 2.582207202911377

*** Epoch 1, batch 188/520 ***
Training fitness: 0.8985731751113039
Model size: (19, 33)
Validation fitness: 0.8141066193176375 
Elapsed: 2.5738182067871094

*** Epoch 1, batch 189/520 ***
Training fitness: 0.8564852867682444
Model size: (11, 16)
Validation fitness: 0.794150621770545 
Elapsed: 2.555553913116455

*** Epoch 1, batch 190/520 ***
Training fitness: 0.8359171015699153
Model size: (19, 32)
Validation fitness: 0.8288538698394448 
Elapsed: 2.62680983543396

*** Epoch 1, batch 191/520 ***
Training fitness: 0.8193707984478042
Model size: (8, 13)
Validation fitness: 0.8151521034262142 
Elapsed: 2.5557546615600586

*** Epoch 1, batch 192/520 ***
Training fitness: 0.8914999716646557
Model size: (20, 35)
Validation fitness: 0.825930162614479 
Elapsed: 2.559023380279541

*** Epoch 1, batch 193/520 ***
Training fitness: 0.8637312927246217
Model size: (11, 19)
Validation fitness: 0.7998131949932756 
Elapsed: 2.630925416946411

*** Epoch 1, batch 194/520 ***
Training fitness: 0.8743289883728385
Model size: (12, 18)
Validation fitness: 0.7804620841714063 
Elapsed: 2.6523966789245605

*** Epoch 1, batch 195/520 ***
Training fitness: 0.8069770300494692
Model size: (8, 14)
Validation fitness: 0.8385610724424942 
Elapsed: 2.7018208503723145

*** Epoch 1, batch 196/520 ***
Training fitness: 0.838148431604978
Model size: (9, 16)
Validation fitness: 0.8431666850486467 
Elapsed: 2.67525315284729

*** Epoch 1, batch 197/520 ***
Training fitness: 0.8223477997911727
Model size: (9, 16)
Validation fitness: 0.8431666850486467 
Elapsed: 2.639986276626587

*** Epoch 1, batch 198/520 ***
Training fitness: 0.8055391201889239
Model size: (8, 14)
Validation fitness: 0.8385610724424942 
Elapsed: 2.613340139389038

*** Epoch 1, batch 199/520 ***
Training fitness: 0.7907412247989429
Model size: (20, 32)
Validation fitness: 0.8302334452984917 
Elapsed: 2.6321685314178467

*** Epoch 1, batch 200/520 ***
Training fitness: 0.7925469293002515
Model size: (6, 12)
Validation fitness: 0.7834425135938428 
Elapsed: 2.5731325149536133

*** Epoch 1, batch 201/520 ***
Training fitness: 0.8521398965803568
Model size: (9, 16)
Validation fitness: 0.8431666850486467 
Elapsed: 2.6897048950195312

*** Epoch 1, batch 202/520 ***
Training fitness: 0.8511614070117546
Model size: (20, 33)
Validation fitness: 0.8329713621054721 
Elapsed: 2.591862440109253

*** Epoch 1, batch 203/520 ***
Training fitness: 0.8242706770312548
Model size: (7, 12)
Validation fitness: 0.8030812284553692 
Elapsed: 2.5873444080352783

*** Epoch 1, batch 204/520 ***
Training fitness: 0.8654745821550711
Model size: (12, 16)
Validation fitness: 0.8200572015319182 
Elapsed: 2.4064106941223145

*** Epoch 1, batch 205/520 ***
Training fitness: 0.8460091120621586
Model size: (7, 14)
Validation fitness: 0.8323966456618013 
Elapsed: 2.5378811359405518

*** Epoch 1, batch 206/520 ***
Training fitness: 0.8780894747982789
Model size: (10, 18)
Validation fitness: 0.8419293393906003 
Elapsed: 2.6874265670776367

*** Epoch 1, batch 207/520 ***
Training fitness: 0.8415743548486911
Model size: (20, 33)
Validation fitness: 0.8288247512273719 
Elapsed: 2.631436347961426

*** Epoch 1, batch 208/520 ***
Training fitness: 0.861016486292248
Model size: (7, 15)
Validation fitness: 0.8315227285216884 
Elapsed: 2.5565710067749023

*** Epoch 1, batch 209/520 ***
Training fitness: 0.806011345140559
Model size: (14, 20)
Validation fitness: 0.8136866042142699 
Elapsed: 2.3711612224578857

*** Epoch 1, batch 210/520 ***
Training fitness: 0.8364366769671268
Model size: (9, 18)
Validation fitness: 0.7880729264855126 
Elapsed: 2.7122178077697754

*** Epoch 1, batch 211/520 ***
Training fitness: 0.7771908334617027
Model size: (9, 17)
Validation fitness: 0.7993132283514598 
Elapsed: 2.6705026626586914

*** Epoch 1, batch 212/520 ***
Training fitness: 0.8467896028996503
Model size: (10, 21)
Validation fitness: 0.8098467159295649 
Elapsed: 2.700554132461548

*** Epoch 1, batch 213/520 ***
Training fitness: 0.8713736485562494
Model size: (10, 18)
Validation fitness: 0.7898175179558837 
Elapsed: 2.5471205711364746

*** Epoch 1, batch 214/520 ***
Training fitness: 0.8273251512516862
Model size: (12, 21)
Validation fitness: 0.794486474673402 
Elapsed: 2.6128201484680176

*** Epoch 1, batch 215/520 ***
Training fitness: 0.8146637641043585
Model size: (12, 22)
Validation fitness: 0.7459654219640636 
Elapsed: 2.4618823528289795

*** Epoch 1, batch 216/520 ***
Training fitness: 0.8666566944068084
Model size: (11, 20)
Validation fitness: 0.7994969514627497 
Elapsed: 2.5936427116394043

*** Epoch 1, batch 217/520 ***
Training fitness: 0.8077677189531688
Model size: (8, 14)
Validation fitness: 0.7888714407692635 
Elapsed: 2.76920223236084

*** Epoch 1, batch 218/520 ***
Training fitness: 0.8035957679367588
Model size: (20, 30)
Validation fitness: 0.7838870441519221 
Elapsed: 2.606537103652954

*** Epoch 1, batch 219/520 ***
Training fitness: 0.8439578915976637
Model size: (13, 23)
Validation fitness: 0.777303305696242 
Elapsed: 2.8029656410217285

*** Epoch 1, batch 220/520 ***
Training fitness: 0.7824240558179527
Model size: (9, 18)
Validation fitness: 0.7798394911114924 
Elapsed: 2.8054983615875244

*** Epoch 1, batch 221/520 ***
Training fitness: 0.8106988665285252
Model size: (20, 30)
Validation fitness: 0.7739402196421128 
Elapsed: 2.6393327713012695

*** Epoch 1, batch 222/520 ***
Training fitness: 0.8059558806891428
Model size: (11, 21)
Validation fitness: 0.7991805546701782 
Elapsed: 2.5051279067993164

*** Epoch 1, batch 223/520 ***
Training fitness: 0.8520293867572145
Model size: (15, 26)
Validation fitness: 0.7944603920131478 
Elapsed: 2.7597100734710693

*** Epoch 1, batch 224/520 ***
Training fitness: 0.8516758202778619
Model size: (13, 28)
Validation fitness: 0.794181673849064 
Elapsed: 2.780299663543701

*** Epoch 1, batch 225/520 ***
Training fitness: 0.801589568940164
Model size: (11, 19)
Validation fitness: 0.7815844606798198 
Elapsed: 4.229151010513306

*** Epoch 1, batch 226/520 ***
Training fitness: 0.8276007956273828
Model size: (8, 16)
Validation fitness: 0.7910168207505269 
Elapsed: 3.917290210723877

*** Epoch 1, batch 227/520 ***
Training fitness: 0.8163689135700654
Model size: (12, 19)
Validation fitness: 0.7959747885948545 
Elapsed: 2.640604019165039

*** Epoch 1, batch 228/520 ***
Training fitness: 0.811737827397328
Model size: (16, 27)
Validation fitness: 0.7961041618547482 
Elapsed: 2.794870138168335

*** Epoch 1, batch 229/520 ***
Training fitness: 0.8250600468794593
Model size: (9, 17)
Validation fitness: 0.7967538835013377 
Elapsed: 2.8341941833496094

*** Epoch 1, batch 230/520 ***
Training fitness: 0.8065924911439423
Model size: (10, 18)
Validation fitness: 0.7833677724007789 
Elapsed: 2.9155006408691406

*** Epoch 1, batch 231/520 ***
Training fitness: 0.8096812483151232
Model size: (14, 23)
Validation fitness: 0.800460079389635 
Elapsed: 2.5695760250091553

*** Epoch 1, batch 232/520 ***
Training fitness: 0.816857332101898
Model size: (16, 27)
Validation fitness: 0.7932037795554511 
Elapsed: 2.7632734775543213

*** Epoch 1, batch 233/520 ***
Training fitness: 0.8288395582323534
Model size: (14, 28)
Validation fitness: 0.7968168558504983 
Elapsed: 2.63641357421875

*** Epoch 1, batch 234/520 ***
Training fitness: 0.8408252788016852
Model size: (13, 29)
Validation fitness: 0.8014075734772024 
Elapsed: 2.6598963737487793

*** Epoch 1, batch 235/520 ***
Training fitness: 0.7679061641451336
Model size: (11, 14)
Validation fitness: 0.7799845894376444 
Elapsed: 2.602693557739258

*** Epoch 1, batch 236/520 ***
Training fitness: 0.8447080623480541
Model size: (15, 27)
Validation fitness: 0.8002702756147259 
Elapsed: 3.301980972290039

*** Epoch 1, batch 237/520 ***
Training fitness: 0.7867563110401674
Model size: (17, 37)
Validation fitness: 0.7911881937451042 
Elapsed: 2.7592921257019043

*** Epoch 1, batch 238/520 ***
Training fitness: 0.7886255927423795
Model size: (13, 20)
Validation fitness: 0.8124238818259192 
Elapsed: 2.8553755283355713

*** Epoch 1, batch 239/520 ***
Training fitness: 0.7331683181185407
Model size: (13, 20)
Validation fitness: 0.8124238818259192 
Elapsed: 2.9663307666778564

*** Epoch 1, batch 240/520 ***
Training fitness: 0.8007704169526113
Model size: (14, 22)
Validation fitness: 0.8108984314595353 
Elapsed: 2.9307937622070312

*** Epoch 1, batch 241/520 ***
Training fitness: 0.8216718264916841
Model size: (11, 22)
Validation fitness: 0.7690623632396959 
Elapsed: 2.9710497856140137

*** Epoch 1, batch 242/520 ***
Training fitness: 0.7960787442806408
Model size: (16, 25)
Validation fitness: 0.7993473728084959 
Elapsed: 2.7718374729156494

*** Epoch 1, batch 243/520 ***
Training fitness: 0.880055973990098
Model size: (20, 34)
Validation fitness: 0.7791911396768763 
Elapsed: 2.922581911087036

*** Epoch 1, batch 244/520 ***
Training fitness: 0.8180015027678323
Model size: (18, 32)
Validation fitness: 0.787080173592117 
Elapsed: 2.9898440837860107

*** Epoch 1, batch 245/520 ***
Training fitness: 0.8128032593554527
Model size: (16, 27)
Validation fitness: 0.7891763907565003 
Elapsed: 2.740720748901367

*** Epoch 1, batch 246/520 ***
Training fitness: 0.7996826431839117
Model size: (17, 31)
Validation fitness: 0.8058709822231586 
Elapsed: 2.799818277359009

*** Epoch 1, batch 247/520 ***
Training fitness: 0.8760926878335328
Model size: (15, 26)
Validation fitness: 0.7877196516465269 
Elapsed: 3.098904609680176

*** Epoch 1, batch 248/520 ***
Training fitness: 0.7997130762443764
Model size: (16, 24)
Validation fitness: 0.7910508039921569 
Elapsed: 2.672196865081787

*** Epoch 1, batch 249/520 ***
Training fitness: 0.828513806437147
Model size: (12, 22)
Validation fitness: 0.7958103047392318 
Elapsed: 2.875150442123413

*** Epoch 1, batch 250/520 ***
Training fitness: 0.8396839431738368
Model size: (15, 26)
Validation fitness: 0.7876197910843041 
Elapsed: 2.8377115726470947

*** Epoch 1, batch 251/520 ***
Training fitness: 0.7776654036343129
Model size: (14, 26)
Validation fitness: 0.7950715656186742 
Elapsed: 3.0264766216278076

*** Epoch 1, batch 252/520 ***
Training fitness: 0.8160853706899799
Model size: (18, 33)
Validation fitness: 0.8026659712767865 
Elapsed: 2.879635810852051

*** Epoch 1, batch 253/520 ***
Training fitness: 0.7848805798770788
Model size: (18, 33)
Validation fitness: 0.8026659712767865 
Elapsed: 2.951089382171631

*** Epoch 1, batch 254/520 ***
Training fitness: 0.8543479122947835
Model size: (18, 35)
Validation fitness: 0.7968206219450641 
Elapsed: 2.761500120162964

*** Epoch 1, batch 255/520 ***
Training fitness: 0.8059105646447327
Model size: (14, 27)
Validation fitness: 0.7913913147245719 
Elapsed: 2.934166431427002

*** Epoch 1, batch 256/520 ***
Training fitness: 0.7669025095194311
Model size: (18, 30)
Validation fitness: 0.7928525683795548 
Elapsed: 3.033855676651001

*** Epoch 1, batch 257/520 ***
Training fitness: 0.8009434297092389
Model size: (12, 20)
Validation fitness: 0.7955256952969273 
Elapsed: 2.7902872562408447

*** Epoch 1, batch 258/520 ***
Training fitness: 0.8351732836770254
Model size: (12, 21)
Validation fitness: 0.7946273307843184 
Elapsed: 2.7682712078094482

*** Epoch 1, batch 259/520 ***
Training fitness: 0.8326230149067949
Model size: (17, 32)
Validation fitness: 0.8014019782488859 
Elapsed: 2.7692320346832275

*** Epoch 1, batch 260/520 ***
Training fitness: 0.8501028045804278
Model size: (18, 32)
Validation fitness: 0.7982075109853053 
Elapsed: 2.9713029861450195

*** Epoch 1, batch 261/520 ***
Training fitness: 0.777202481332567
Model size: (15, 14)
Validation fitness: 0.7602366433174972 
Elapsed: 2.5079667568206787

*** Epoch 1, batch 262/520 ***
Training fitness: 0.8088857789915583
Model size: (17, 32)
Validation fitness: 0.7965976630923873 
Elapsed: 2.6316304206848145

*** Epoch 1, batch 263/520 ***
Training fitness: 0.7752454646222028
Model size: (12, 23)
Validation fitness: 0.7983237965245682 
Elapsed: 2.656686305999756

*** Epoch 1, batch 264/520 ***
Training fitness: 0.7865081299634754
Model size: (11, 23)
Validation fitness: 0.770645990390337 
Elapsed: 2.620335817337036

*** Epoch 1, batch 265/520 ***
Training fitness: 0.7244358234762067
Model size: (17, 33)
Validation fitness: 0.8003203513222625 
Elapsed: 2.565300464630127

*** Epoch 1, batch 266/520 ***
Training fitness: 0.8658867651337919
Model size: (17, 33)
Validation fitness: 0.8003203513222625 
Elapsed: 2.565037965774536

*** Epoch 1, batch 267/520 ***
Training fitness: 0.8305382741865155
Model size: (13, 24)
Validation fitness: 0.78912265255554 
Elapsed: 2.7710893154144287

*** Epoch 1, batch 268/520 ***
Training fitness: 0.8366379269074536
Model size: (15, 24)
Validation fitness: 0.7988605827329752 
Elapsed: 2.4976866245269775

*** Epoch 1, batch 269/520 ***
Training fitness: 0.8480107647036631
Model size: (14, 21)
Validation fitness: 0.7977751734526166 
Elapsed: 2.448934316635132

*** Epoch 1, batch 270/520 ***
Training fitness: 0.7617815810033276
Model size: (18, 34)
Validation fitness: 0.8069261921591709 
Elapsed: 2.5594735145568848

*** Epoch 1, batch 271/520 ***
Training fitness: 0.8062616976006375
Model size: (17, 33)
Validation fitness: 0.7838883756972548 
Elapsed: 2.534778356552124

*** Epoch 1, batch 272/520 ***
Training fitness: 0.8147803245591614
Model size: (17, 33)
Validation fitness: 0.7838883756972548 
Elapsed: 2.4780311584472656

*** Epoch 1, batch 273/520 ***
Training fitness: 0.8342809961808665
Model size: (19, 32)
Validation fitness: 0.7967092491986231 
Elapsed: 2.6243553161621094

*** Epoch 1, batch 274/520 ***
Training fitness: 0.8197818848382814
Model size: (16, 22)
Validation fitness: 0.786335493915829 
Elapsed: 2.506718158721924

*** Epoch 1, batch 275/520 ***
Training fitness: 0.8624305703884906
Model size: (19, 33)
Validation fitness: 0.7976795826817782 
Elapsed: 2.545823097229004

*** Epoch 1, batch 276/520 ***
Training fitness: 0.8607627892383966
Model size: (19, 34)
Validation fitness: 0.7974571996209392 
Elapsed: 2.753953456878662

*** Epoch 1, batch 277/520 ***
Training fitness: 0.8313664792697268
Model size: (18, 32)
Validation fitness: 0.7999650872026414 
Elapsed: 2.5267560482025146

*** Epoch 1, batch 278/520 ***
Training fitness: 0.7860277894477129
Model size: (17, 30)
Validation fitness: 0.7942101498655193 
Elapsed: 2.6341426372528076

*** Epoch 1, batch 279/520 ***
Training fitness: 0.8082208554808495
Model size: (19, 34)
Validation fitness: 0.7925211745109292 
Elapsed: 2.6519243717193604

*** Epoch 1, batch 280/520 ***
Training fitness: 0.7947350292431238
Model size: (20, 34)
Validation fitness: 0.7909345993616743 
Elapsed: 2.5377118587493896

*** Epoch 1, batch 281/520 ***
Training fitness: 0.8366379269074536
Model size: (14, 28)
Validation fitness: 0.7940974542984914 
Elapsed: 2.6234049797058105

*** Epoch 1, batch 282/520 ***
Training fitness: 0.8329740698924927
Model size: (17, 31)
Validation fitness: 0.7822194354951434 
Elapsed: 2.388589382171631

*** Epoch 1, batch 283/520 ***
Training fitness: 0.7680814688472887
Model size: (14, 20)
Validation fitness: 0.78643116521666 
Elapsed: 2.184075117111206

*** Epoch 1, batch 284/520 ***
Training fitness: 0.7598565926641434
Model size: (19, 36)
Validation fitness: 0.7817691692528261 
Elapsed: 2.5303781032562256

*** Epoch 1, batch 285/520 ***
Training fitness: 0.8594193122442989
Model size: (18, 36)
Validation fitness: 0.802230477056461 
Elapsed: 2.4669086933135986

*** Epoch 1, batch 286/520 ***
Training fitness: 0.8338202573915104
Model size: (12, 20)
Validation fitness: 0.8023165831553717 
Elapsed: 2.4398584365844727

*** Epoch 1, batch 287/520 ***
Training fitness: 0.832918419732372
Model size: (17, 25)
Validation fitness: 0.8038678851548487 
Elapsed: 2.4977877140045166

*** Epoch 1, batch 288/520 ***
Training fitness: 0.8185453074578388
Model size: (14, 16)
Validation fitness: 0.7653856183070903 
Elapsed: 2.296713352203369

*** Epoch 1, batch 289/520 ***
Training fitness: 0.8577016811881877
Model size: (19, 39)
Validation fitness: 0.8060109944483177 
Elapsed: 2.446038007736206

*** Epoch 1, batch 290/520 ***
Training fitness: 0.8460091120621586
Model size: (19, 39)
Validation fitness: 0.8060109944483177 
Elapsed: 2.3562750816345215

*** Epoch 1, batch 291/520 ***
Training fitness: 0.8229746896187592
Model size: (11, 13)
Validation fitness: 0.767607027834679 
Elapsed: 2.2123124599456787

*** Epoch 1, batch 292/520 ***
Training fitness: 0.7952932034718266
Model size: (19, 39)
Validation fitness: 0.7860696256861783 
Elapsed: 2.1803817749023438

*** Epoch 1, batch 293/520 ***
Training fitness: 0.829036307361394
Model size: (19, 41)
Validation fitness: 0.8342587328998027 
Elapsed: 2.4005279541015625

*** Epoch 1, batch 294/520 ***
Training fitness: 0.8119375573921028
Model size: (19, 41)
Validation fitness: 0.8437677953260315 
Elapsed: 2.262178897857666

*** Epoch 1, batch 295/520 ***
Training fitness: 0.7814325539829371
Model size: (16, 26)
Validation fitness: 0.8022000882887302 
Elapsed: 2.2508771419525146

*** Epoch 1, batch 296/520 ***
Training fitness: 0.7925469293002515
Model size: (12, 18)
Validation fitness: 0.7983451544276221 
Elapsed: 2.384958505630493

*** Epoch 1, batch 297/520 ***
Training fitness: 0.8223191055378893
Model size: (18, 30)
Validation fitness: 0.7905840839898801 
Elapsed: 2.240321636199951

*** Epoch 1, batch 298/520 ***
Training fitness: 0.7987625629750486
Model size: (13, 16)
Validation fitness: 0.7606641956131184 
Elapsed: 2.308253526687622

*** Epoch 1, batch 299/520 ***
Training fitness: 0.7678155441714981
Model size: (13, 18)
Validation fitness: 0.793114819930022 
Elapsed: 2.3103461265563965

*** Epoch 1, batch 300/520 ***
Training fitness: 0.7993614919285437
Model size: (14, 19)
Validation fitness: 0.7883945429774073 
Elapsed: 2.183312177658081

*** Epoch 1, batch 301/520 ***
Training fitness: 0.7413438368606204
Model size: (18, 30)
Validation fitness: 0.8094654579283929 
Elapsed: 2.252973794937134

*** Epoch 1, batch 302/520 ***
Training fitness: 0.7431531973907896
Model size: (14, 20)
Validation fitness: 0.7827008852679633 
Elapsed: 2.3278286457061768

*** Epoch 1, batch 303/520 ***
Training fitness: 0.851902467956156
Model size: (17, 22)
Validation fitness: 0.7900496020003291 
Elapsed: 2.1453440189361572

*** Epoch 1, batch 304/520 ***
Training fitness: 0.8062414752762948
Model size: (17, 28)
Validation fitness: 0.8086487294529968 
Elapsed: 2.192960023880005

*** Epoch 1, batch 305/520 ***
Training fitness: 0.8236203473761416
Model size: (12, 16)
Validation fitness: 0.7881968648124921 
Elapsed: 2.2076897621154785

*** Epoch 1, batch 306/520 ***
Training fitness: 0.7966062842179408
Model size: (15, 21)
Validation fitness: 0.7932597859126844 
Elapsed: 2.271667718887329

*** Epoch 1, batch 307/520 ***
Training fitness: 0.7834822276988604
Model size: (18, 27)
Validation fitness: 0.807470758031131 
Elapsed: 2.356639862060547

*** Epoch 1, batch 308/520 ***
Training fitness: 0.8449245454571689
Model size: (15, 20)
Validation fitness: 0.7859130846531055 
Elapsed: 2.2264368534088135

*** Epoch 1, batch 309/520 ***
Training fitness: 0.8273251512516862
Model size: (17, 26)
Validation fitness: 0.809109365906089 
Elapsed: 2.2424728870391846

*** Epoch 1, batch 310/520 ***
Training fitness: 0.8037835289802079
Model size: (13, 19)
Validation fitness: 0.7920929064085193 
Elapsed: 2.240252733230591

*** Epoch 1, batch 311/520 ***
Training fitness: 0.839994487843284
Model size: (20, 33)
Validation fitness: 0.8080119613602595 
Elapsed: 2.299271821975708

*** Epoch 1, batch 312/520 ***
Training fitness: 0.8386001648316486
Model size: (17, 26)
Validation fitness: 0.809109365906089 
Elapsed: 2.162893533706665

*** Epoch 1, batch 313/520 ***
Training fitness: 0.8025304335375171
Model size: (14, 22)
Validation fitness: 0.8495844501841854 
Elapsed: 2.3205068111419678

*** Epoch 1, batch 314/520 ***
Training fitness: 0.8317883872610065
Model size: (14, 22)
Validation fitness: 0.8495844501841854 
Elapsed: 2.1506128311157227

*** Epoch 1, batch 315/520 ***
Training fitness: 0.7847374462296857
Model size: (15, 24)
Validation fitness: 0.8240456746221375 
Elapsed: 2.460174798965454

*** Epoch 1, batch 316/520 ***
Training fitness: 0.8398236531121692
Model size: (15, 24)
Validation fitness: 0.8240456746221375 
Elapsed: 2.3200759887695312

*** Epoch 1, batch 317/520 ***
Training fitness: 0.8583287216380742
Model size: (14, 22)
Validation fitness: 0.8495844501841854 
Elapsed: 2.3140029907226562

*** Epoch 1, batch 318/520 ***
Training fitness: 0.794340204517608
Model size: (15, 24)
Validation fitness: 0.8240456746221375 
Elapsed: 2.3618760108947754

*** Epoch 1, batch 319/520 ***
Training fitness: 0.8649525558616468
Model size: (15, 23)
Validation fitness: 0.8341774433320832 
Elapsed: 2.494966745376587

*** Epoch 1, batch 320/520 ***
Training fitness: 0.8527673836684724
Model size: (14, 22)
Validation fitness: 0.8495844501841854 
Elapsed: 2.258352756500244

*** Epoch 1, batch 321/520 ***
Training fitness: 0.8633964283061037
Model size: (15, 25)
Validation fitness: 0.8493307793810582 
Elapsed: 2.363335371017456

*** Epoch 1, batch 322/520 ***
Training fitness: 0.8853776972736134
Model size: (15, 25)
Validation fitness: 0.8493307793810582 
Elapsed: 2.26279616355896

*** Epoch 1, batch 323/520 ***
Training fitness: 0.8419706185573171
Model size: (15, 25)
Validation fitness: 0.8493307793810582 
Elapsed: 2.3179633617401123

*** Epoch 1, batch 324/520 ***
Training fitness: 0.8766470606670952
Model size: (14, 22)
Validation fitness: 0.8495844501841854 
Elapsed: 2.5844523906707764

*** Epoch 1, batch 325/520 ***
Training fitness: 0.8539787221967196
Model size: (15, 23)
Validation fitness: 0.7770550935619467 
Elapsed: 2.000236988067627

*** Epoch 1, batch 326/520 ***
Training fitness: 0.852055293699927
Model size: (24, 33)
Validation fitness: 0.7720858119778349 
Elapsed: 2.0294435024261475

*** Epoch 1, batch 327/520 ***
Training fitness: 0.7823817559997243
Model size: (16, 27)
Validation fitness: 0.7900474178182708 
Elapsed: 2.233896017074585

*** Epoch 1, batch 328/520 ***
Training fitness: 0.747708172867871
Model size: (17, 25)
Validation fitness: 0.7866413339214606 
Elapsed: 2.0889031887054443

*** Epoch 1, batch 329/520 ***
Training fitness: 0.7586432528986555
Model size: (22, 29)
Validation fitness: 0.791804128316822 
Elapsed: 2.1293396949768066

*** Epoch 1, batch 330/520 ***
Training fitness: 0.8040613565334853
Model size: (7, 13)
Validation fitness: 0.7599194122570121 
Elapsed: 2.1014528274536133

*** Epoch 1, batch 331/520 ***
Training fitness: 0.7962798945160272
Model size: (22, 29)
Validation fitness: 0.7926046165955082 
Elapsed: 2.1373867988586426

*** Epoch 1, batch 332/520 ***
Training fitness: 0.8291193911966597
Model size: (18, 29)
Validation fitness: 0.8320913914022784 
Elapsed: 2.1711909770965576

*** Epoch 1, batch 333/520 ***
Training fitness: 0.7855533190649869
Model size: (17, 28)
Validation fitness: 0.8293346456371764 
Elapsed: 2.1313693523406982

*** Epoch 1, batch 334/520 ***
Training fitness: 0.8278623387737637
Model size: (18, 29)
Validation fitness: 0.8320913914022784 
Elapsed: 2.1654767990112305

*** Epoch 1, batch 335/520 ***
Training fitness: 0.8210044363704058
Model size: (17, 26)
Validation fitness: 0.8344257216975831 
Elapsed: 2.191549777984619

*** Epoch 1, batch 336/520 ***
Training fitness: 0.8205378984227917
Model size: (17, 26)
Validation fitness: 0.8344257216975831 
Elapsed: 2.0621652603149414

*** Epoch 1, batch 337/520 ***
Training fitness: 0.8382070167534404
Model size: (18, 29)
Validation fitness: 0.8320913914022784 
Elapsed: 2.066899538040161

*** Epoch 1, batch 338/520 ***
Training fitness: 0.7978134206096489
Model size: (18, 29)
Validation fitness: 0.835909219981555 
Elapsed: 2.039494752883911

*** Epoch 1, batch 339/520 ***
Training fitness: 0.7499389499389499
Model size: (18, 29)
Validation fitness: 0.835909219981555 
Elapsed: 2.157541275024414

*** Epoch 1, batch 340/520 ***
Training fitness: 0.8207096598120803
Model size: (26, 30)
Validation fitness: 0.7481883842525944 
Elapsed: 2.231457471847534

*** Epoch 1, batch 341/520 ***
Training fitness: 0.7841768256672084
Model size: (16, 19)
Validation fitness: 0.7911938531207094 
Elapsed: 2.0471811294555664

*** Epoch 1, batch 342/520 ***
Training fitness: 0.8113997592083112
Model size: (12, 22)
Validation fitness: 0.7853965705827808 
Elapsed: 2.0734188556671143

*** Epoch 1, batch 343/520 ***
Training fitness: 0.7771146576648467
Model size: (17, 21)
Validation fitness: 0.7666110819352562 
Elapsed: 2.012798547744751

*** Epoch 1, batch 344/520 ***
Training fitness: 0.8216062951553752
Model size: (11, 17)
Validation fitness: 0.775495734695002 
Elapsed: 2.2349541187286377

*** Epoch 1, batch 345/520 ***
Training fitness: 0.7460174666451311
Model size: (11, 16)
Validation fitness: 0.7857408266452125 
Elapsed: 2.0825748443603516

*** Epoch 1, batch 346/520 ***
Training fitness: 0.7992354653013896
Model size: (7, 11)
Validation fitness: 0.7655407479420904 
Elapsed: 2.1767213344573975

*** Epoch 1, batch 347/520 ***
Training fitness: 0.7768272393501902
Model size: (19, 27)
Validation fitness: 0.7818078960500668 
Elapsed: 1.9928553104400635

*** Epoch 1, batch 348/520 ***
Training fitness: 0.6921916108262081
Model size: (12, 20)
Validation fitness: 0.7857018497478614 
Elapsed: 2.253848075866699

*** Epoch 1, batch 349/520 ***
Training fitness: 0.7584953498559842
Model size: (20, 25)
Validation fitness: 0.7917747852799447 
Elapsed: 2.038285255432129

*** Epoch 1, batch 350/520 ***
Training fitness: 0.8496027698861138
Model size: (15, 22)
Validation fitness: 0.7702476339471572 
Elapsed: 2.3317573070526123

*** Epoch 1, batch 351/520 ***
Training fitness: 0.833657900600809
Model size: (13, 23)
Validation fitness: 0.7854730806497346 
Elapsed: 2.000016927719116

*** Epoch 1, batch 352/520 ***
Training fitness: 0.8390931673071863
Model size: (14, 25)
Validation fitness: 0.7947225203211405 
Elapsed: 2.046623706817627

*** Epoch 1, batch 353/520 ***
Training fitness: 0.8021179784422434
Model size: (15, 28)
Validation fitness: 0.7669110836506021 
Elapsed: 2.3272550106048584

*** Epoch 1, batch 354/520 ***
Training fitness: 0.8116899074765741
Model size: (15, 28)
Validation fitness: 0.7985052442039461 
Elapsed: 2.2234034538269043

*** Epoch 1, batch 355/520 ***
Training fitness: 0.8349367290781895
Model size: (23, 29)
Validation fitness: 0.7835582493305426 
Elapsed: 2.06361722946167

*** Epoch 1, batch 356/520 ***
Training fitness: 0.8727934821814646
Model size: (16, 31)
Validation fitness: 0.7825627498044527 
Elapsed: 2.38399600982666

*** Epoch 1, batch 357/520 ***
Training fitness: 0.8237680790643527
Model size: (11, 18)
Validation fitness: 0.7949600958212523 
Elapsed: 2.1065073013305664

*** Epoch 1, batch 358/520 ***
Training fitness: 0.8062414752762948
Model size: (9, 13)
Validation fitness: 0.7939774723343735 
Elapsed: 2.098294973373413

*** Epoch 1, batch 359/520 ***
Training fitness: 0.8062849320682468
Model size: (15, 30)
Validation fitness: 0.7714098866205645 
Elapsed: 2.32125186920166

*** Epoch 1, batch 360/520 ***
Training fitness: 0.8189507012673647
Model size: (15, 28)
Validation fitness: 0.7985052442039461 
Elapsed: 2.224832057952881

*** Epoch 1, batch 361/520 ***
Training fitness: 0.7918559169364029
Model size: (12, 10)
Validation fitness: 0.7908444385830499 
Elapsed: 2.111919403076172

*** Epoch 1, batch 362/520 ***
Training fitness: 0.815779415998433
Model size: (15, 29)
Validation fitness: 0.7995239119648343 
Elapsed: 2.2376465797424316

*** Epoch 1, batch 363/520 ***
Training fitness: 0.8577825980700187
Model size: (20, 37)
Validation fitness: 0.7997815074852718 
Elapsed: 2.229422092437744

*** Epoch 1, batch 364/520 ***
Training fitness: 0.8415514344784718
Model size: (13, 23)
Validation fitness: 0.7748288392068365 
Elapsed: 2.2005622386932373

*** Epoch 1, batch 365/520 ***
Training fitness: 0.8363889918844772
Model size: (13, 22)
Validation fitness: 0.7949341965489035 
Elapsed: 2.3498692512512207

*** Epoch 1, batch 366/520 ***
Training fitness: 0.7625399544731899
Model size: (11, 10)
Validation fitness: 0.7913465045225235 
Elapsed: 2.0345966815948486

*** Epoch 1, batch 367/520 ***
Training fitness: 0.8609915239007649
Model size: (15, 30)
Validation fitness: 0.7870069872320572 
Elapsed: 2.330625295639038

*** Epoch 1, batch 368/520 ***
Training fitness: 0.8080053462782922
Model size: (16, 14)
Validation fitness: 0.791059576702363 
Elapsed: 2.126908540725708

*** Epoch 1, batch 369/520 ***
Training fitness: 0.8200470784892472
Model size: (20, 37)
Validation fitness: 0.7997815074852718 
Elapsed: 2.2836649417877197

*** Epoch 1, batch 370/520 ***
Training fitness: 0.7837189036899497
Model size: (13, 19)
Validation fitness: 0.7896977320739988 
Elapsed: 2.078004837036133

*** Epoch 1, batch 371/520 ***
Training fitness: 0.8588614976523973
Model size: (16, 30)
Validation fitness: 0.7806221943743409 
Elapsed: 2.2345287799835205

*** Epoch 1, batch 372/520 ***
Training fitness: 0.7901504030228015
Model size: (18, 32)
Validation fitness: 0.7811013750183868 
Elapsed: 2.157209634780884

*** Epoch 1, batch 373/520 ***
Training fitness: 0.8232156930783134
Model size: (13, 20)
Validation fitness: 0.7989442146626347 
Elapsed: 2.090742826461792

*** Epoch 1, batch 374/520 ***
Training fitness: 0.8100436033920927
Model size: (11, 12)
Validation fitness: 0.790197230514096 
Elapsed: 1.9276149272918701

*** Epoch 1, batch 375/520 ***
Training fitness: 0.7752454646222028
Model size: (12, 15)
Validation fitness: 0.78978119472846 
Elapsed: 2.0076825618743896

*** Epoch 1, batch 376/520 ***
Training fitness: 0.7906988668512431
Model size: (13, 18)
Validation fitness: 0.7975988348704791 
Elapsed: 2.12752103805542

*** Epoch 1, batch 377/520 ***
Training fitness: 0.8083791730895747
Model size: (12, 13)
Validation fitness: 0.7985834578975698 
Elapsed: 2.0860161781311035

*** Epoch 1, batch 378/520 ***
Training fitness: 0.7915496492909193
Model size: (10, 12)
Validation fitness: 0.798346770464393 
Elapsed: 2.0547797679901123

*** Epoch 1, batch 379/520 ***
Training fitness: 0.8055617977432218
Model size: (13, 14)
Validation fitness: 0.791438392223856 
Elapsed: 2.111083745956421

*** Epoch 1, batch 380/520 ***
Training fitness: 0.8390184515351722
Model size: (12, 12)
Validation fitness: 0.7967457903098243 
Elapsed: 2.047376871109009

*** Epoch 1, batch 381/520 ***
Training fitness: 0.7779096763249762
Model size: (17, 27)
Validation fitness: 0.7819653575887021 
Elapsed: 2.1427273750305176

*** Epoch 1, batch 382/520 ***
Training fitness: 0.8109922450851424
Model size: (15, 22)
Validation fitness: 0.7962123046093711 
Elapsed: 2.0703206062316895

*** Epoch 1, batch 383/520 ***
Training fitness: 0.7834615656234861
Model size: (13, 13)
Validation fitness: 0.7943355530965829 
Elapsed: 1.988555669784546

*** Epoch 1, batch 384/520 ***
Training fitness: 0.7805938169574533
Model size: (9, 17)
Validation fitness: 0.8025833002115931 
Elapsed: 1.9475936889648438

*** Epoch 1, batch 385/520 ***
Training fitness: 0.8827705452492725
Model size: (15, 17)
Validation fitness: 0.7947116692943917 
Elapsed: 1.9756951332092285

*** Epoch 1, batch 386/520 ***
Training fitness: 0.8341130641425641
Model size: (17, 23)
Validation fitness: 0.8141637450074801 
Elapsed: 2.0004022121429443

*** Epoch 1, batch 387/520 ***
Training fitness: 0.8620842072826624
Model size: (17, 23)
Validation fitness: 0.8141637450074801 
Elapsed: 1.9920446872711182

*** Epoch 1, batch 388/520 ***
Training fitness: 0.7986145737795265
Model size: (17, 23)
Validation fitness: 0.8141637450074801 
Elapsed: 1.9256885051727295

*** Epoch 1, batch 389/520 ***
Training fitness: 0.7734708003916116
Model size: (17, 23)
Validation fitness: 0.8141637450074801 
Elapsed: 1.9860937595367432

*** Epoch 1, batch 390/520 ***
Training fitness: 0.8513375205123862
Model size: (13, 10)
Validation fitness: 0.7981048093006365 
Elapsed: 1.8911991119384766

*** Epoch 1, batch 391/520 ***
Training fitness: 0.7943571108452478
Model size: (17, 23)
Validation fitness: 0.8141637450074801 
Elapsed: 1.9487130641937256

*** Epoch 1, batch 392/520 ***
Training fitness: 0.8099729758326292
Model size: (18, 30)
Validation fitness: 0.7969960092983566 
Elapsed: 2.065617799758911

*** Epoch 1, batch 393/520 ***
Training fitness: 0.8145646043541294
Model size: (13, 18)
Validation fitness: 0.7975296411469018 
Elapsed: 1.9048197269439697

*** Epoch 1, batch 394/520 ***
Training fitness: 0.8025550769623133
Model size: (13, 19)
Validation fitness: 0.7958133961649608 
Elapsed: 1.922778606414795

*** Epoch 1, batch 395/520 ***
Training fitness: 0.8181818181818182
Model size: (14, 21)
Validation fitness: 0.794917918479411 
Elapsed: 1.9815874099731445

*** Epoch 1, batch 396/520 ***
Training fitness: 0.8482957594549851
Model size: (16, 23)
Validation fitness: 0.7962148115823463 
Elapsed: 2.0308330059051514

*** Epoch 1, batch 397/520 ***
Training fitness: 0.7432476715546967
Model size: (17, 21)
Validation fitness: 0.7889279803289165 
Elapsed: 2.141327142715454

*** Epoch 1, batch 398/520 ***
Training fitness: 0.7958967955940744
Model size: (18, 25)
Validation fitness: 0.7817107350775772 
Elapsed: 2.233924627304077

*** Epoch 1, batch 399/520 ***
Training fitness: 0.7658733681898656
Model size: (21, 27)
Validation fitness: 0.784827865787402 
Elapsed: 2.3319478034973145

*** Epoch 1, batch 400/520 ***
Training fitness: 0.7985215513154812
Model size: (18, 25)
Validation fitness: 0.803108502926303 
Elapsed: 2.2324652671813965

*** Epoch 1, batch 401/520 ***
Training fitness: 0.8240798498261229
Model size: (15, 22)
Validation fitness: 0.7692438874413963 
Elapsed: 2.0710818767547607

*** Epoch 1, batch 402/520 ***
Training fitness: 0.8054691103977099
Model size: (17, 24)
Validation fitness: 0.7901787577395298 
Elapsed: 2.1092278957366943

*** Epoch 1, batch 403/520 ***
Training fitness: 0.805230975784717
Model size: (19, 27)
Validation fitness: 0.7893092724327672 
Elapsed: 2.2562062740325928

*** Epoch 1, batch 404/520 ***
Training fitness: 0.8209772148138821
Model size: (20, 30)
Validation fitness: 0.7990216685611216 
Elapsed: 2.276224136352539

*** Epoch 1, batch 405/520 ***
Training fitness: 0.8289635426310373
Model size: (20, 28)
Validation fitness: 0.8024019358102736 
Elapsed: 2.349811553955078

*** Epoch 1, batch 406/520 ***
Training fitness: 0.8823224077537499
Model size: (20, 28)
Validation fitness: 0.8116998260419762 
Elapsed: 2.4614696502685547

*** Epoch 1, batch 407/520 ***
Training fitness: 0.8442187420870106
Model size: (19, 27)
Validation fitness: 0.8028380019299248 
Elapsed: 2.068399667739868

*** Epoch 1, batch 408/520 ***
Training fitness: 0.8752747652787257
Model size: (19, 24)
Validation fitness: 0.8165240045351391 
Elapsed: 2.1547131538391113

*** Epoch 1, batch 409/520 ***
Training fitness: 0.8359171015699153
Model size: (20, 26)
Validation fitness: 0.7841811810941303 
Elapsed: 2.2306978702545166

*** Epoch 1, batch 410/520 ***
Training fitness: 0.8025677050712637
Model size: (23, 24)
Validation fitness: 0.799618813806398 
Elapsed: 1.9854106903076172

*** Epoch 1, batch 411/520 ***
Training fitness: 0.8674470710039951
Model size: (20, 28)
Validation fitness: 0.8116998260419762 
Elapsed: 2.337282180786133

*** Epoch 1, batch 412/520 ***
Training fitness: 0.8075111697026139
Model size: (20, 30)
Validation fitness: 0.7729528053839114 
Elapsed: 2.0770316123962402

*** Epoch 1, batch 413/520 ***
Training fitness: 0.8410460815790205
Model size: (12, 17)
Validation fitness: 0.7961331708247582 
Elapsed: 2.037853240966797

*** Epoch 1, batch 414/520 ***
Training fitness: 0.8538102857060416
Model size: (14, 19)
Validation fitness: 0.7962106963316037 
Elapsed: 2.1713175773620605

*** Epoch 1, batch 415/520 ***
Training fitness: 0.8227020330966189
Model size: (13, 14)
Validation fitness: 0.7985840741452915 
Elapsed: 2.2458014488220215

*** Epoch 1, batch 416/520 ***
Training fitness: 0.8518744254883744
Model size: (15, 17)
Validation fitness: 0.7867475618002692 
Elapsed: 2.0929198265075684

*** Epoch 1, batch 417/520 ***
Training fitness: 0.7967068228344718
Model size: (16, 20)
Validation fitness: 0.8022209210803491 
Elapsed: 3.1598191261291504

*** Epoch 1, batch 418/520 ***
Training fitness: 0.7688564996669079
Model size: (16, 19)
Validation fitness: 0.8165367716794567 
Elapsed: 3.9237682819366455

*** Epoch 1, batch 419/520 ***
Training fitness: 0.8612454093299163
Model size: (22, 30)
Validation fitness: 0.783774581052681 
Elapsed: 4.294118881225586

*** Epoch 1, batch 420/520 ***
Training fitness: 0.7941590616000854
Model size: (16, 19)
Validation fitness: 0.8165367716794567 
Elapsed: 3.887838363647461

*** Epoch 1, batch 421/520 ***
Training fitness: 0.8065669022690765
Model size: (17, 21)
Validation fitness: 0.8159611683553772 
Elapsed: 2.5257604122161865

*** Epoch 1, batch 422/520 ***
Training fitness: 0.8216501888843807
Model size: (18, 22)
Validation fitness: 0.8176851970165468 
Elapsed: 1.9815020561218262

*** Epoch 1, batch 423/520 ***
Training fitness: 0.8416897785038312
Model size: (18, 22)
Validation fitness: 0.8113217361630857 
Elapsed: 2.1253445148468018

*** Epoch 1, batch 424/520 ***
Training fitness: 0.7948929981493859
Model size: (18, 27)
Validation fitness: 0.7966166339802836 
Elapsed: 2.2112715244293213

*** Epoch 1, batch 425/520 ***
Training fitness: 0.8084143953359973
Model size: (19, 28)
Validation fitness: 0.7943609260117588 
Elapsed: 1.999697208404541

*** Epoch 1, batch 426/520 ***
Training fitness: 0.8024021856469756
Model size: (23, 33)
Validation fitness: 0.8135398040102991 
Elapsed: 2.420072317123413

*** Epoch 1, batch 427/520 ***
Training fitness: 0.8447924384741692
Model size: (23, 33)
Validation fitness: 0.8095255593955327 
Elapsed: 2.3775198459625244

*** Epoch 1, batch 428/520 ***
Training fitness: 0.8661697658094342
Model size: (23, 33)
Validation fitness: 0.8095255593955327 
Elapsed: 2.432478189468384

*** Epoch 1, batch 429/520 ***
Training fitness: 0.7855429914945259
Model size: (16, 19)
Validation fitness: 0.7971995427419243 
Elapsed: 2.07613205909729

*** Epoch 1, batch 430/520 ***
Training fitness: 0.7395148950404977
Model size: (23, 33)
Validation fitness: 0.8135398040102991 
Elapsed: 2.3920369148254395

*** Epoch 1, batch 431/520 ***
Training fitness: 0.9082442276053768
Model size: (14, 15)
Validation fitness: 0.7975626158238691 
Elapsed: 2.0491182804107666

*** Epoch 1, batch 432/520 ***
Training fitness: 0.7792977431618886
Model size: (16, 25)
Validation fitness: 0.7803915513105724 
Elapsed: 1.9698255062103271

*** Epoch 1, batch 433/520 ***
Training fitness: 0.8347452792657594
Model size: (13, 16)
Validation fitness: 0.7886555323580667 
Elapsed: 2.1643593311309814

*** Epoch 1, batch 434/520 ***
Training fitness: 0.7532044735298211
Model size: (19, 27)
Validation fitness: 0.7667079991670293 
Elapsed: 2.0843563079833984

*** Epoch 1, batch 435/520 ***
Training fitness: 0.7780023236534684
Model size: (14, 18)
Validation fitness: 0.7989188832114421 
Elapsed: 1.9461824893951416

*** Epoch 1, batch 436/520 ***
Training fitness: 0.7615922288135165
Model size: (11, 15)
Validation fitness: 0.7895732068173335 
Elapsed: 1.941563367843628

*** Epoch 1, batch 437/520 ***
Training fitness: 0.8126375006351424
Model size: (22, 33)
Validation fitness: 0.7987434141452968 
Elapsed: 1.83935546875

*** Epoch 1, batch 438/520 ***
Training fitness: 0.8021179784422434
Model size: (17, 24)
Validation fitness: 0.7964030905491196 
Elapsed: 1.8529672622680664

*** Epoch 1, batch 439/520 ***
Training fitness: 0.827642982414233
Model size: (24, 33)
Validation fitness: 0.7853326716370295 
Elapsed: 2.2012877464294434

*** Epoch 1, batch 440/520 ***
Training fitness: 0.8577016811881877
Model size: (12, 13)
Validation fitness: 0.7920860887963299 
Elapsed: 1.9915032386779785

*** Epoch 1, batch 441/520 ***
Training fitness: 0.818626468135804
Model size: (16, 17)
Validation fitness: 0.7840758306589657 
Elapsed: 1.8214662075042725

*** Epoch 1, batch 442/520 ***
Training fitness: 0.8273251512516862
Model size: (13, 14)
Validation fitness: 0.7879390045935645 
Elapsed: 1.9113597869873047

*** Epoch 1, batch 443/520 ***
Training fitness: 0.7772598223520197
Model size: (17, 19)
Validation fitness: 0.7926611383343495 
Elapsed: 1.9232738018035889

*** Epoch 1, batch 444/520 ***
Training fitness: 0.815371449458894
Model size: (14, 15)
Validation fitness: 0.7837455215247683 
Elapsed: 1.976693868637085

*** Epoch 1, batch 445/520 ***
Training fitness: 0.8266584874014337
Model size: (23, 33)
Validation fitness: 0.7985468165381084 
Elapsed: 1.8210878372192383

*** Epoch 1, batch 446/520 ***
Training fitness: 0.8012399758263642
Model size: (17, 22)
Validation fitness: 0.7969056965226806 
Elapsed: 1.861384630203247

*** Epoch 1, batch 447/520 ***
Training fitness: 0.8065165474817961
Model size: (13, 10)
Validation fitness: 0.7883264157599777 
Elapsed: 1.7871336936950684

*** Epoch 1, batch 448/520 ***
Training fitness: 0.8072254351950305
Model size: (17, 16)
Validation fitness: 0.797517025527707 
Elapsed: 1.737912893295288

*** Epoch 1, batch 449/520 ***
Training fitness: 0.7937385784551093
Model size: (17, 16)
Validation fitness: 0.797517025527707 
Elapsed: 1.8351128101348877

*** Epoch 1, batch 450/520 ***
Training fitness: 0.7701321330689614
Model size: (18, 26)
Validation fitness: 0.7985416987488934 
Elapsed: 1.7847518920898438

*** Epoch 1, batch 451/520 ***
Training fitness: 0.7432012414797066
Model size: (14, 14)
Validation fitness: 0.790707866364205 
Elapsed: 1.8408515453338623

*** Epoch 1, batch 452/520 ***
Training fitness: 0.7921415775234045
Model size: (14, 14)
Validation fitness: 0.786735182977032 
Elapsed: 1.8466622829437256

*** Epoch 1, batch 453/520 ***
Training fitness: 0.7205389976018731
Model size: (15, 18)
Validation fitness: 0.7844803746158758 
Elapsed: 1.8979625701904297

*** Epoch 1, batch 454/520 ***
Training fitness: 0.8257356515037741
Model size: (20, 24)
Validation fitness: 0.7919154565741616 
Elapsed: 1.9007744789123535

*** Epoch 1, batch 455/520 ***
Training fitness: 0.7860031563876406
Model size: (10, 14)
Validation fitness: 0.7763093808274837 
Elapsed: 2.0761897563934326

*** Epoch 1, batch 456/520 ***
Training fitness: 0.8346001502774398
Model size: (13, 14)
Validation fitness: 0.7907908154485342 
Elapsed: 1.8835439682006836

*** Epoch 1, batch 457/520 ***
Training fitness: 0.7953634903870938
Model size: (15, 16)
Validation fitness: 0.7989317612190739 
Elapsed: 1.8427257537841797

*** Epoch 1, batch 458/520 ***
Training fitness: 0.767156431539423
Model size: (14, 13)
Validation fitness: 0.7948425229834674 
Elapsed: 1.8132004737854004

*** Epoch 1, batch 459/520 ***
Training fitness: 0.7647250756937408
Model size: (13, 17)
Validation fitness: 0.7990501746687272 
Elapsed: 1.9352798461914062

*** Epoch 1, batch 460/520 ***
Training fitness: 0.8250143528229968
Model size: (17, 20)
Validation fitness: 0.7998971333141143 
Elapsed: 2.0419795513153076

*** Epoch 1, batch 461/520 ***
Training fitness: 0.7860277894477129
Model size: (17, 28)
Validation fitness: 0.7845954447077024 
Elapsed: 1.9556615352630615

*** Epoch 1, batch 462/520 ***
Training fitness: 0.8757179502031937
Model size: (14, 22)
Validation fitness: 0.7876247359018852 
Elapsed: 1.8493328094482422

*** Epoch 1, batch 463/520 ***
Training fitness: 0.8531907959227544
Model size: (17, 18)
Validation fitness: 0.7783281104438659 
Elapsed: 1.8381006717681885

*** Epoch 1, batch 464/520 ***
Training fitness: 0.8914999716646557
Model size: (14, 21)
Validation fitness: 0.8102045928713996 
Elapsed: 1.9771080017089844

*** Epoch 1, batch 465/520 ***
Training fitness: 0.8181818181818182
Model size: (17, 24)
Validation fitness: 0.7986619516017216 
Elapsed: 1.8922410011291504

*** Epoch 1, batch 466/520 ***
Training fitness: 0.8259754207114045
Model size: (14, 15)
Validation fitness: 0.796703402815269 
Elapsed: 2.0231821537017822

*** Epoch 1, batch 467/520 ***
Training fitness: 0.8295406877856663
Model size: (14, 21)
Validation fitness: 0.8240655952900042 
Elapsed: 2.00443172454834

*** Epoch 1, batch 468/520 ***
Training fitness: 0.8276219682862248
Model size: (14, 21)
Validation fitness: 0.8240655952900042 
Elapsed: 1.9950661659240723

*** Epoch 1, batch 469/520 ***
Training fitness: 0.8276007956273828
Model size: (17, 25)
Validation fitness: 0.7961929730067756 
Elapsed: 1.915757656097412

*** Epoch 1, batch 470/520 ***
Training fitness: 0.795181772041715
Model size: (21, 24)
Validation fitness: 0.7986619516017216 
Elapsed: 1.9711480140686035

*** Epoch 1, batch 471/520 ***
Training fitness: 0.8540247296200394
Model size: (15, 23)
Validation fitness: 0.8371183650830222 
Elapsed: 1.9454164505004883

*** Epoch 1, batch 472/520 ***
Training fitness: 0.8664210351542905
Model size: (13, 20)
Validation fitness: 0.8207227474447233 
Elapsed: 2.127124547958374

*** Epoch 1, batch 473/520 ***
Training fitness: 0.8267885358382497
Model size: (15, 23)
Validation fitness: 0.8371183650830222 
Elapsed: 2.039158344268799

*** Epoch 1, batch 474/520 ***
Training fitness: 0.8076754711690556
Model size: (15, 23)
Validation fitness: 0.8371183650830222 
Elapsed: 2.0390172004699707

*** Epoch 1, batch 475/520 ***
Training fitness: 0.8450935229165145
Model size: (15, 23)
Validation fitness: 0.8371183650830222 
Elapsed: 1.9820857048034668

*** Epoch 1, batch 476/520 ***
Training fitness: 0.8304360327500048
Model size: (15, 23)
Validation fitness: 0.8371183650830222 
Elapsed: 2.0541892051696777

*** Epoch 1, batch 477/520 ***
Training fitness: 0.7953634903870938
Model size: (15, 23)
Validation fitness: 0.8371183650830222 
Elapsed: 2.08178448677063

*** Epoch 1, batch 478/520 ***
Training fitness: 0.8846428439400107
Model size: (15, 23)
Validation fitness: 0.8371183650830222 
Elapsed: 1.9363603591918945

*** Epoch 1, batch 479/520 ***
Training fitness: 0.8421320417640915
Model size: (15, 23)
Validation fitness: 0.8371183650830222 
Elapsed: 1.9897596836090088

*** Epoch 1, batch 480/520 ***
Training fitness: 0.8274614090211981
Model size: (18, 27)
Validation fitness: 0.791206711409444 
Elapsed: 1.9099490642547607

*** Epoch 1, batch 481/520 ***
Training fitness: 0.8211578742561787
Model size: (19, 23)
Validation fitness: 0.7837204327812229 
Elapsed: 1.9134790897369385

*** Epoch 1, batch 482/520 ***
Training fitness: 0.8368380961384191
Model size: (16, 23)
Validation fitness: 0.783638867687424 
Elapsed: 2.124544858932495

*** Epoch 1, batch 483/520 ***
Training fitness: 0.8439455527909705
Model size: (17, 22)
Validation fitness: 0.7903952626091729 
Elapsed: 2.0548856258392334

*** Epoch 1, batch 484/520 ***
Training fitness: 0.7872050742085884
Model size: (16, 25)
Validation fitness: 0.7519054851378708 
Elapsed: 2.1816048622131348

*** Epoch 1, batch 485/520 ***
Training fitness: 0.8081652118089618
Model size: (16, 28)
Validation fitness: 0.8027152001807569 
Elapsed: 2.209728717803955

*** Epoch 1, batch 486/520 ***
Training fitness: 0.738574780092646
Model size: (20, 25)
Validation fitness: 0.7940733146184138 
Elapsed: 2.1669039726257324

*** Epoch 1, batch 487/520 ***
Training fitness: 0.7878545564898637
Model size: (16, 28)
Validation fitness: 0.8027152001807569 
Elapsed: 2.2392213344573975

*** Epoch 1, batch 488/520 ***
Training fitness: 0.836167191726083
Model size: (16, 29)
Validation fitness: 0.8211493842554106 
Elapsed: 2.0725321769714355

*** Epoch 1, batch 489/520 ***
Training fitness: 0.8058671040622123
Model size: (13, 18)
Validation fitness: 0.7945318344494038 
Elapsed: 2.0032758712768555

*** Epoch 1, batch 490/520 ***
Training fitness: 0.8069991282235818
Model size: (13, 17)
Validation fitness: 0.7926653015009459 
Elapsed: 1.9979701042175293

*** Epoch 1, batch 491/520 ***
Training fitness: 0.8677373332021194
Model size: (16, 29)
Validation fitness: 0.8211493842554106 
Elapsed: 2.2834320068359375

*** Epoch 1, batch 492/520 ***
Training fitness: 0.8520293867572145
Model size: (17, 19)
Validation fitness: 0.7941490530504598 
Elapsed: 2.0961506366729736

*** Epoch 1, batch 493/520 ***
Training fitness: 0.8106768818284474
Model size: (14, 26)
Validation fitness: 0.8209257872384306 
Elapsed: 2.206188201904297

*** Epoch 1, batch 494/520 ***
Training fitness: 0.8447539348138036
Model size: (16, 29)
Validation fitness: 0.8211493842554106 
Elapsed: 2.1220216751098633

*** Epoch 1, batch 495/520 ***
Training fitness: 0.8834443350960266
Model size: (16, 29)
Validation fitness: 0.8211493842554106 
Elapsed: 2.1042938232421875

*** Epoch 1, batch 496/520 ***
Training fitness: 0.8275544805954812
Model size: (15, 26)
Validation fitness: 0.8472610757864757 
Elapsed: 2.293895959854126

*** Epoch 1, batch 497/520 ***
Training fitness: 0.8334505840901685
Model size: (16, 29)
Validation fitness: 0.8211493842554106 
Elapsed: 2.1433446407318115

*** Epoch 1, batch 498/520 ***
Training fitness: 0.864438951695931
Model size: (14, 26)
Validation fitness: 0.8209257872384306 
Elapsed: 2.145179033279419

*** Epoch 1, batch 499/520 ***
Training fitness: 0.7882998999258141
Model size: (15, 24)
Validation fitness: 0.8213385199146525 
Elapsed: 2.184777021408081

*** Epoch 1, batch 500/520 ***
Training fitness: 0.8694129762984147
Model size: (15, 26)
Validation fitness: 0.8472610757864757 
Elapsed: 2.2863149642944336

*** Epoch 1, batch 501/520 ***
Training fitness: 0.8991465134459979
Model size: (15, 26)
Validation fitness: 0.8472610757864757 
Elapsed: 2.332282066345215

*** Epoch 1, batch 502/520 ***
Training fitness: 0.8675860437288564
Model size: (15, 26)
Validation fitness: 0.8472610757864757 
Elapsed: 2.1544077396392822

*** Epoch 1, batch 503/520 ***
Training fitness: 0.8444594363974929
Model size: (15, 26)
Validation fitness: 0.8472610757864757 
Elapsed: 2.1603143215179443

*** Epoch 1, batch 504/520 ***
Training fitness: 0.8777633799249601
Model size: (15, 26)
Validation fitness: 0.8472610757864757 
Elapsed: 2.1677041053771973

*** Epoch 1, batch 505/520 ***
Training fitness: 0.8501694353296712
Model size: (15, 26)
Validation fitness: 0.8472610757864757 
Elapsed: 2.1960179805755615

*** Epoch 1, batch 506/520 ***
Training fitness: 0.8588305243703754
Model size: (15, 26)
Validation fitness: 0.8472610757864757 
Elapsed: 2.258765697479248

*** Epoch 1, batch 507/520 ***
Training fitness: 0.8548115294884504
Model size: (15, 26)
Validation fitness: 0.8380295489971081 
Elapsed: 1.9891550540924072

*** Epoch 1, batch 508/520 ***
Training fitness: 0.8282118644051808
Model size: (9, 18)
Validation fitness: 0.8547185403319323 
Elapsed: 2.089416265487671

*** Epoch 1, batch 509/520 ***
Training fitness: 0.803126066381815
Model size: (15, 27)
Validation fitness: 0.8059760588987128 
Elapsed: 2.302097797393799

*** Epoch 1, batch 510/520 ***
Training fitness: 0.7982537417211079
Model size: (22, 32)
Validation fitness: 0.7799684919979022 
Elapsed: 2.007098436355591

*** Epoch 1, batch 511/520 ***
Training fitness: 0.8933554773118235
Model size: (22, 25)
Validation fitness: 0.7950504461568668 
Elapsed: 1.9879930019378662

*** Epoch 1, batch 512/520 ***
Training fitness: 0.7671752661786991
Model size: (17, 23)
Validation fitness: 0.7987872815814915 
Elapsed: 1.9283626079559326

*** Epoch 1, batch 513/520 ***
Training fitness: 0.7215286826445181
Model size: (17, 24)
Validation fitness: 0.8005285789204355 
Elapsed: 1.9019734859466553

*** Epoch 1, batch 514/520 ***
Training fitness: 0.848269895337836
Model size: (17, 22)
Validation fitness: 0.8034479072894002 
Elapsed: 1.8841979503631592

*** Epoch 1, batch 515/520 ***
Training fitness: 0.7842720084229665
Model size: (17, 22)
Validation fitness: 0.800616688328448 
Elapsed: 2.0074102878570557

*** Epoch 1, batch 516/520 ***
Training fitness: 0.8109922450851424
Model size: (21, 31)
Validation fitness: 0.7931510486921686 
Elapsed: 1.9521722793579102

*** Epoch 1, batch 517/520 ***
Training fitness: 0.7983234811088669
Model size: (16, 22)
Validation fitness: 0.8048416203648832 
Elapsed: 1.92232346534729

*** Epoch 1, batch 518/520 ***
Training fitness: 0.7918559169364029
Model size: (16, 22)
Validation fitness: 0.8048416203648832 
Elapsed: 1.9149305820465088

*** Epoch 1, batch 519/520 ***
Training fitness: 0.7658733681898656
Model size: (21, 27)
Validation fitness: 0.7911142289334657 
Elapsed: 1.8640754222869873

*** Epoch 1, batch 520/520 ***
Training fitness: 0.8338269667877841
Model size: (22, 27)
Validation fitness: 0.7945649719378625 
Elapsed: 2.016463279724121

Total train time: 1225.94185256958
Test time: 0.2612600326538086
Test fitness: 0.8724589985941047
Test statistics: Stats(total=14791, total_true=7158, total_false=7633, true_positive=6341, true_negative=7484, false_positive=149, false_negative=817, tpr=0.8858619726180498, tnr=0.9804794969212629, ppv=0.9770416024653312, npv=0.9015781231176967, accuracy=0.934690014197823, f1=0.9292203985932005, mcc=0.8724589985941047)
