Configuration:
Dataset: nsl_kdd
Selector: pca
Fitness: auroc
Batch size: 256
Epochs: 1
Config args: {}
*** Epoch 1, batch 1/463 ***
Training fitness: 0.8996197018953567
Model size: (1, 12)
Validation fitness: 0.8952514445580819 !!!
Elapsed: 1.411374568939209

*** Epoch 1, batch 2/463 ***
Training fitness: 0.9292938637064446
Model size: (1, 12)
Validation fitness: 0.896513446786314 !!!
Elapsed: 1.5197579860687256

*** Epoch 1, batch 3/463 ***
Training fitness: 0.9677796224558814
Model size: (1, 11)
Validation fitness: 0.9378355948805721 !!!
Elapsed: 1.5779595375061035

*** Epoch 1, batch 4/463 ***
Training fitness: 0.9330400782013685
Model size: (1, 11)
Validation fitness: 0.9378355948805721 
Elapsed: 1.5416505336761475

*** Epoch 1, batch 5/463 ***
Training fitness: 0.9517085396417874
Model size: (4, 14)
Validation fitness: 0.9618678841108422 !!!
Elapsed: 1.6852753162384033

*** Epoch 1, batch 6/463 ***
Training fitness: 0.9654556650246305
Model size: (1, 11)
Validation fitness: 0.9588970543872566 
Elapsed: 1.804213285446167

*** Epoch 1, batch 7/463 ***
Training fitness: 0.9666351308735415
Model size: (1, 11)
Validation fitness: 0.9588970543872566 
Elapsed: 1.6422300338745117

*** Epoch 1, batch 8/463 ***
Training fitness: 0.9875977517106549
Model size: (4, 14)
Validation fitness: 0.9586621736656235 
Elapsed: 1.8309683799743652

*** Epoch 1, batch 9/463 ***
Training fitness: 0.9547619047619048
Model size: (2, 9)
Validation fitness: 0.9555023630302084 
Elapsed: 1.7430205345153809

*** Epoch 1, batch 10/463 ***
Training fitness: 0.9579430670339761
Model size: (5, 18)
Validation fitness: 0.9572542530589866 
Elapsed: 1.8056950569152832

*** Epoch 1, batch 11/463 ***
Training fitness: 0.9633620689655173
Model size: (3, 8)
Validation fitness: 0.9555422313395812 
Elapsed: 1.7484488487243652

*** Epoch 1, batch 12/463 ***
Training fitness: 0.9675609004008634
Model size: (6, 18)
Validation fitness: 0.9620168045107056 !!!
Elapsed: 1.8763236999511719

*** Epoch 1, batch 13/463 ***
Training fitness: 0.9767769607843138
Model size: (6, 18)
Validation fitness: 0.9620168045107056 
Elapsed: 1.876640796661377

*** Epoch 1, batch 14/463 ***
Training fitness: 0.9672831593725204
Model size: (6, 16)
Validation fitness: 0.9633871998491081 !!!
Elapsed: 2.0765390396118164

*** Epoch 1, batch 15/463 ***
Training fitness: 0.9524413639457887
Model size: (6, 16)
Validation fitness: 0.9633871998491081 
Elapsed: 1.986377239227295

*** Epoch 1, batch 16/463 ***
Training fitness: 0.9541290044887167
Model size: (6, 16)
Validation fitness: 0.9633871998491081 
Elapsed: 2.1068625450134277

*** Epoch 1, batch 17/463 ***
Training fitness: 0.9672351610734152
Model size: (4, 10)
Validation fitness: 0.9647082723410437 !!!
Elapsed: 1.9740283489227295

*** Epoch 1, batch 18/463 ***
Training fitness: 0.9629289215686274
Model size: (6, 16)
Validation fitness: 0.9633871998491081 
Elapsed: 2.145080327987671

*** Epoch 1, batch 19/463 ***
Training fitness: 0.9621936274509804
Model size: (2, 9)
Validation fitness: 0.9644455863108994 
Elapsed: 1.9136724472045898

*** Epoch 1, batch 20/463 ***
Training fitness: 0.9660737208875849
Model size: (5, 13)
Validation fitness: 0.9349662938888217 
Elapsed: 2.1197762489318848

*** Epoch 1, batch 21/463 ***
Training fitness: 0.9710251237850724
Model size: (5, 15)
Validation fitness: 0.9619401614384633 
Elapsed: 2.0652427673339844

*** Epoch 1, batch 22/463 ***
Training fitness: 0.9641873278236914
Model size: (5, 20)
Validation fitness: 0.9579088676345769 
Elapsed: 2.0143916606903076

*** Epoch 1, batch 23/463 ***
Training fitness: 0.9627321603128055
Model size: (5, 20)
Validation fitness: 0.9579088676345769 
Elapsed: 1.997201681137085

*** Epoch 1, batch 24/463 ***
Training fitness: 0.9650940487203207
Model size: (8, 16)
Validation fitness: 0.955585211500466 
Elapsed: 2.0460431575775146

*** Epoch 1, batch 25/463 ***
Training fitness: 0.9744719926538108
Model size: (8, 19)
Validation fitness: 0.9489776249822075 
Elapsed: 2.230447769165039

*** Epoch 1, batch 26/463 ***
Training fitness: 0.9772824427480915
Model size: (8, 21)
Validation fitness: 0.9629148665520919 
Elapsed: 2.1366560459136963

*** Epoch 1, batch 27/463 ***
Training fitness: 0.9660579228924553
Model size: (7, 18)
Validation fitness: 0.9648776943508692 !!!
Elapsed: 2.0551652908325195

*** Epoch 1, batch 28/463 ***
Training fitness: 0.9527477229659514
Model size: (6, 16)
Validation fitness: 0.9603129376727628 
Elapsed: 2.018890857696533

*** Epoch 1, batch 29/463 ***
Training fitness: 0.9717980295566503
Model size: (8, 17)
Validation fitness: 0.9539622436493335 
Elapsed: 1.9780173301696777

*** Epoch 1, batch 30/463 ***
Training fitness: 0.9739990234375
Model size: (7, 18)
Validation fitness: 0.9648776943508692 
Elapsed: 2.0748212337493896

*** Epoch 1, batch 31/463 ***
Training fitness: 0.9732214228617106
Model size: (7, 17)
Validation fitness: 0.9547409936427437 
Elapsed: 2.1308741569519043

*** Epoch 1, batch 32/463 ***
Training fitness: 0.97906494140625
Model size: (7, 17)
Validation fitness: 0.9579589318339042 
Elapsed: 2.075223207473755

*** Epoch 1, batch 33/463 ***
Training fitness: 0.9577000549349937
Model size: (2, 9)
Validation fitness: 0.9644455863108994 
Elapsed: 1.8223955631256104

*** Epoch 1, batch 34/463 ***
Training fitness: 0.9813072618828014
Model size: (8, 21)
Validation fitness: 0.9607131034722112 
Elapsed: 2.1167280673980713

*** Epoch 1, batch 35/463 ***
Training fitness: 0.9735843281297828
Model size: (8, 20)
Validation fitness: 0.9603033366955974 
Elapsed: 2.204223394393921

*** Epoch 1, batch 36/463 ***
Training fitness: 0.9696488549618321
Model size: (4, 11)
Validation fitness: 0.9540640011937794 
Elapsed: 1.9275705814361572

*** Epoch 1, batch 37/463 ***
Training fitness: 0.9828449328449329
Model size: (2, 9)
Validation fitness: 0.9621093180256597 
Elapsed: 1.8037195205688477

*** Epoch 1, batch 38/463 ***
Training fitness: 0.9615075190296429
Model size: (7, 18)
Validation fitness: 0.9648776943508692 
Elapsed: 2.0562894344329834

*** Epoch 1, batch 39/463 ***
Training fitness: 0.9545566502463054
Model size: (9, 21)
Validation fitness: 0.964514623651946 
Elapsed: 2.282414197921753

*** Epoch 1, batch 40/463 ***
Training fitness: 0.9806034482758621
Model size: (6, 11)
Validation fitness: 0.9611340271517463 
Elapsed: 1.9639034271240234

*** Epoch 1, batch 41/463 ***
Training fitness: 0.989684428981261
Model size: (10, 25)
Validation fitness: 0.9665162672220846 !!!
Elapsed: 2.3055238723754883

*** Epoch 1, batch 42/463 ***
Training fitness: 0.985103785103785
Model size: (10, 25)
Validation fitness: 0.9665162672220846 
Elapsed: 2.3368923664093018

*** Epoch 1, batch 43/463 ***
Training fitness: 0.9588831867057674
Model size: (3, 10)
Validation fitness: 0.9585805699359706 
Elapsed: 1.9993987083435059

*** Epoch 1, batch 44/463 ***
Training fitness: 0.9833363852774217
Model size: (10, 25)
Validation fitness: 0.9665162672220846 
Elapsed: 2.254951238632202

*** Epoch 1, batch 45/463 ***
Training fitness: 0.953872053872054
Model size: (9, 19)
Validation fitness: 0.9615457525643121 
Elapsed: 2.2124433517456055

*** Epoch 1, batch 46/463 ***
Training fitness: 0.974308783949107
Model size: (3, 10)
Validation fitness: 0.9646145598480069 
Elapsed: 1.9857418537139893

*** Epoch 1, batch 47/463 ***
Training fitness: 0.9698007471980075
Model size: (7, 12)
Validation fitness: 0.9612679282918118 
Elapsed: 2.115464925765991

*** Epoch 1, batch 48/463 ***
Training fitness: 0.964781746031746
Model size: (5, 14)
Validation fitness: 0.9622996168981299 
Elapsed: 2.0326220989227295

*** Epoch 1, batch 49/463 ***
Training fitness: 0.9757931413900605
Model size: (7, 12)
Validation fitness: 0.9612679282918118 
Elapsed: 2.0238449573516846

*** Epoch 1, batch 50/463 ***
Training fitness: 0.9650122549019609
Model size: (4, 11)
Validation fitness: 0.9630898807421349 
Elapsed: 2.0177948474884033

*** Epoch 1, batch 51/463 ***
Training fitness: 0.961587786259542
Model size: (3, 9)
Validation fitness: 0.9621461843135738 
Elapsed: 1.9726979732513428

*** Epoch 1, batch 52/463 ***
Training fitness: 0.9563839701770736
Model size: (8, 19)
Validation fitness: 0.954396063207635 
Elapsed: 2.2518417835235596

*** Epoch 1, batch 53/463 ***
Training fitness: 0.9771043771043771
Model size: (5, 14)
Validation fitness: 0.9536656567427159 
Elapsed: 1.9964990615844727

*** Epoch 1, batch 54/463 ***
Training fitness: 0.9673406862745098
Model size: (6, 15)
Validation fitness: 0.9646294418202384 
Elapsed: 1.8540756702423096

*** Epoch 1, batch 55/463 ***
Training fitness: 0.9729263028060438
Model size: (4, 11)
Validation fitness: 0.9598898631546824 
Elapsed: 2.0944628715515137

*** Epoch 1, batch 56/463 ***
Training fitness: 0.962031527939643
Model size: (5, 11)
Validation fitness: 0.9628121754521922 
Elapsed: 1.9727210998535156

*** Epoch 1, batch 57/463 ***
Training fitness: 0.978957670663078
Model size: (6, 15)
Validation fitness: 0.9646294418202384 
Elapsed: 1.91062593460083

*** Epoch 1, batch 58/463 ***
Training fitness: 0.9642312152841359
Model size: (2, 8)
Validation fitness: 0.9624566006544113 
Elapsed: 1.859605073928833

*** Epoch 1, batch 59/463 ***
Training fitness: 0.9776881227458891
Model size: (5, 11)
Validation fitness: 0.9576648801710185 
Elapsed: 1.9017913341522217

*** Epoch 1, batch 60/463 ***
Training fitness: 0.9744922926351847
Model size: (3, 11)
Validation fitness: 0.9630906587050128 
Elapsed: 1.9062819480895996

*** Epoch 1, batch 61/463 ***
Training fitness: 0.9597557251908397
Model size: (4, 12)
Validation fitness: 0.9616019397891146 
Elapsed: 1.9731247425079346

*** Epoch 1, batch 62/463 ***
Training fitness: 0.9423182567295366
Model size: (2, 10)
Validation fitness: 0.9616317678011086 
Elapsed: 1.9089488983154297

*** Epoch 1, batch 63/463 ***
Training fitness: 0.9740347018572825
Model size: (3, 9)
Validation fitness: 0.9633456383264125 
Elapsed: 2.0363314151763916

*** Epoch 1, batch 64/463 ***
Training fitness: 0.9442138671875
Model size: (6, 10)
Validation fitness: 0.9592833083799451 
Elapsed: 1.9641907215118408

*** Epoch 1, batch 65/463 ***
Training fitness: 0.9783153902618057
Model size: (7, 13)
Validation fitness: 0.9549601778192496 
Elapsed: 2.0292487144470215

*** Epoch 1, batch 66/463 ***
Training fitness: 0.9861756789821385
Model size: (6, 14)
Validation fitness: 0.9622261405924263 
Elapsed: 1.896843433380127

*** Epoch 1, batch 67/463 ***
Training fitness: 0.9654640764724021
Model size: (2, 10)
Validation fitness: 0.9616317678011086 
Elapsed: 2.004162073135376

*** Epoch 1, batch 68/463 ***
Training fitness: 0.9810076335877862
Model size: (4, 10)
Validation fitness: 0.9549175363010293 
Elapsed: 1.8948352336883545

*** Epoch 1, batch 69/463 ***
Training fitness: 0.9777167277167278
Model size: (6, 15)
Validation fitness: 0.959891657045554 
Elapsed: 1.9124517440795898

*** Epoch 1, batch 70/463 ***
Training fitness: 0.97357177734375
Model size: (6, 15)
Validation fitness: 0.9641250564526475 
Elapsed: 1.925158977508545

*** Epoch 1, batch 71/463 ***
Training fitness: 0.9572697697697697
Model size: (6, 15)
Validation fitness: 0.9603077024402189 
Elapsed: 1.951178789138794

*** Epoch 1, batch 72/463 ***
Training fitness: 0.980763358778626
Model size: (3, 10)
Validation fitness: 0.964113679889619 
Elapsed: 1.9436581134796143

*** Epoch 1, batch 73/463 ***
Training fitness: 0.9804802955665025
Model size: (8, 19)
Validation fitness: 0.9649576140197039 
Elapsed: 1.8567473888397217

*** Epoch 1, batch 74/463 ***
Training fitness: 0.9687633718442448
Model size: (6, 12)
Validation fitness: 0.958510553276948 
Elapsed: 1.7765870094299316

*** Epoch 1, batch 75/463 ***
Training fitness: 0.9873649514740891
Model size: (5, 7)
Validation fitness: 0.9562052662192629 
Elapsed: 1.7603156566619873

*** Epoch 1, batch 76/463 ***
Training fitness: 0.9566502463054187
Model size: (6, 16)
Validation fitness: 0.9662311850135573 
Elapsed: 1.7303636074066162

*** Epoch 1, batch 77/463 ***
Training fitness: 0.9719153716532485
Model size: (7, 15)
Validation fitness: 0.9622389357936436 
Elapsed: 1.6880996227264404

*** Epoch 1, batch 78/463 ***
Training fitness: 0.9747899159663865
Model size: (7, 15)
Validation fitness: 0.9622389357936436 
Elapsed: 1.7452430725097656

*** Epoch 1, batch 79/463 ***
Training fitness: 0.9712886440159167
Model size: (8, 17)
Validation fitness: 0.9649383388453375 
Elapsed: 1.727996587753296

*** Epoch 1, batch 80/463 ***
Training fitness: 0.96099853515625
Model size: (6, 13)
Validation fitness: 0.95830912495907 
Elapsed: 1.8818883895874023

*** Epoch 1, batch 81/463 ***
Training fitness: 0.9721407624633431
Model size: (6, 11)
Validation fitness: 0.9564348934033433 
Elapsed: 1.8202733993530273

*** Epoch 1, batch 82/463 ***
Training fitness: 0.9921908626944598
Model size: (3, 9)
Validation fitness: 0.963784427694629 
Elapsed: 1.8480916023254395

*** Epoch 1, batch 83/463 ***
Training fitness: 0.9803454800708051
Model size: (6, 14)
Validation fitness: 0.9552825381783909 
Elapsed: 1.818699598312378

*** Epoch 1, batch 84/463 ***
Training fitness: 0.9691193761990222
Model size: (5, 12)
Validation fitness: 0.9610255882790537 
Elapsed: 1.955456256866455

*** Epoch 1, batch 85/463 ***
Training fitness: 0.9731646188642338
Model size: (9, 20)
Validation fitness: 0.9647534399504915 
Elapsed: 1.903108835220337

*** Epoch 1, batch 86/463 ***
Training fitness: 0.947677291821102
Model size: (6, 14)
Validation fitness: 0.9538224208388907 
Elapsed: 2.0666720867156982

*** Epoch 1, batch 87/463 ***
Training fitness: 0.9622283440465259
Model size: (5, 10)
Validation fitness: 0.9635043152960169 
Elapsed: 1.9286024570465088

*** Epoch 1, batch 88/463 ***
Training fitness: 0.9658560550233358
Model size: (3, 8)
Validation fitness: 0.9522202383253582 
Elapsed: 1.9640955924987793

*** Epoch 1, batch 89/463 ***
Training fitness: 0.9644775390625
Model size: (4, 10)
Validation fitness: 0.9635660123284968 
Elapsed: 1.8480148315429688

*** Epoch 1, batch 90/463 ***
Training fitness: 0.9676341357757287
Model size: (9, 20)
Validation fitness: 0.9681808332059304 !!!
Elapsed: 1.906928539276123

*** Epoch 1, batch 91/463 ***
Training fitness: 0.9746936274509803
Model size: (9, 20)
Validation fitness: 0.9681808332059304 
Elapsed: 1.8520290851593018

*** Epoch 1, batch 92/463 ***
Training fitness: 0.9592796092796092
Model size: (9, 20)
Validation fitness: 0.9681808332059304 
Elapsed: 1.8427908420562744

*** Epoch 1, batch 93/463 ***
Training fitness: 0.9604519774011299
Model size: (5, 11)
Validation fitness: 0.9623815226604295 
Elapsed: 1.9993507862091064

*** Epoch 1, batch 94/463 ***
Training fitness: 0.9611111111111111
Model size: (9, 20)
Validation fitness: 0.9681808332059304 
Elapsed: 1.8660430908203125

*** Epoch 1, batch 95/463 ***
Training fitness: 0.9728327228327227
Model size: (8, 17)
Validation fitness: 0.9616294156074655 
Elapsed: 2.1248388290405273

*** Epoch 1, batch 96/463 ***
Training fitness: 0.9747893992498309
Model size: (6, 14)
Validation fitness: 0.9647402237340693 
Elapsed: 1.9909274578094482

*** Epoch 1, batch 97/463 ***
Training fitness: 0.9613623878410547
Model size: (8, 17)
Validation fitness: 0.9634202037801455 
Elapsed: 2.072331666946411

*** Epoch 1, batch 98/463 ***
Training fitness: 0.9602792191746974
Model size: (8, 17)
Validation fitness: 0.9634202037801455 
Elapsed: 2.1553242206573486

*** Epoch 1, batch 99/463 ***
Training fitness: 0.9570247933884297
Model size: (5, 13)
Validation fitness: 0.9516267899369897 
Elapsed: 1.868906021118164

*** Epoch 1, batch 100/463 ***
Training fitness: 0.9632923368022706
Model size: (5, 9)
Validation fitness: 0.9549733482731493 
Elapsed: 1.8006258010864258

*** Epoch 1, batch 101/463 ***
Training fitness: 0.9691705407389283
Model size: (10, 21)
Validation fitness: 0.9684757818142518 !!!
Elapsed: 1.8516318798065186

*** Epoch 1, batch 102/463 ***
Training fitness: 0.9488300492610837
Model size: (10, 20)
Validation fitness: 0.961795442038141 
Elapsed: 1.8167479038238525

*** Epoch 1, batch 103/463 ***
Training fitness: 0.9652179228559203
Model size: (5, 9)
Validation fitness: 0.9650060856832572 
Elapsed: 1.986285924911499

*** Epoch 1, batch 104/463 ***
Training fitness: 0.9685661764705882
Model size: (10, 21)
Validation fitness: 0.9684757818142518 
Elapsed: 1.8400702476501465

*** Epoch 1, batch 105/463 ***
Training fitness: 0.9666117316730758
Model size: (10, 20)
Validation fitness: 0.9666018614436764 
Elapsed: 1.9906926155090332

*** Epoch 1, batch 106/463 ***
Training fitness: 0.968987963645296
Model size: (6, 10)
Validation fitness: 0.9581418354827809 
Elapsed: 1.928912878036499

*** Epoch 1, batch 107/463 ***
Training fitness: 0.9762442748091604
Model size: (11, 21)
Validation fitness: 0.9572243335219484 
Elapsed: 1.856741189956665

*** Epoch 1, batch 108/463 ***
Training fitness: 0.9532768116838912
Model size: (10, 21)
Validation fitness: 0.9684757818142518 
Elapsed: 1.9411938190460205

*** Epoch 1, batch 109/463 ***
Training fitness: 0.9802555168408826
Model size: (10, 21)
Validation fitness: 0.9684757818142518 
Elapsed: 1.8563599586486816

*** Epoch 1, batch 110/463 ***
Training fitness: 0.9637385717815666
Model size: (5, 9)
Validation fitness: 0.9650060856832572 
Elapsed: 2.0303094387054443

*** Epoch 1, batch 111/463 ***
Training fitness: 0.9814780854575463
Model size: (10, 21)
Validation fitness: 0.9684757818142518 
Elapsed: 1.9939768314361572

*** Epoch 1, batch 112/463 ***
Training fitness: 0.9604499052509322
Model size: (5, 9)
Validation fitness: 0.9650060856832572 
Elapsed: 2.032947540283203

*** Epoch 1, batch 113/463 ***
Training fitness: 0.9842519685039369
Model size: (8, 13)
Validation fitness: 0.9521208055170418 
Elapsed: 1.9937543869018555

*** Epoch 1, batch 114/463 ***
Training fitness: 0.972617946345976
Model size: (5, 9)
Validation fitness: 0.9650060856832572 
Elapsed: 2.119887590408325

*** Epoch 1, batch 115/463 ***
Training fitness: 0.9569097712077532
Model size: (4, 9)
Validation fitness: 0.960924672765017 
Elapsed: 1.9890587329864502

*** Epoch 1, batch 116/463 ***
Training fitness: 0.9808014911463188
Model size: (4, 7)
Validation fitness: 0.961460259020269 
Elapsed: 2.0446643829345703

*** Epoch 1, batch 117/463 ***
Training fitness: 0.9704618029968066
Model size: (10, 17)
Validation fitness: 0.9588592636963934 
Elapsed: 2.0200653076171875

*** Epoch 1, batch 118/463 ***
Training fitness: 0.9895774823690945
Model size: (6, 9)
Validation fitness: 0.9594997925676393 
Elapsed: 1.9307160377502441

*** Epoch 1, batch 119/463 ***
Training fitness: 0.9662078373015872
Model size: (3, 6)
Validation fitness: 0.9664831717660027 
Elapsed: 1.9420850276947021

*** Epoch 1, batch 120/463 ***
Training fitness: 0.9743636696575719
Model size: (3, 6)
Validation fitness: 0.9664831717660027 
Elapsed: 1.9278302192687988

*** Epoch 1, batch 121/463 ***
Training fitness: 0.9639424548515458
Model size: (10, 17)
Validation fitness: 0.9588592636963934 
Elapsed: 1.9675490856170654

*** Epoch 1, batch 122/463 ***
Training fitness: 0.9586080586080586
Model size: (3, 6)
Validation fitness: 0.9664831717660027 
Elapsed: 2.00199031829834

*** Epoch 1, batch 123/463 ***
Training fitness: 0.9747247247247247
Model size: (3, 6)
Validation fitness: 0.9664831717660027 
Elapsed: 2.027899742126465

*** Epoch 1, batch 124/463 ***
Training fitness: 0.9736681329423266
Model size: (12, 22)
Validation fitness: 0.9556510546174605 
Elapsed: 2.257141590118408

*** Epoch 1, batch 125/463 ***
Training fitness: 0.9815593050241486
Model size: (3, 6)
Validation fitness: 0.9664831717660027 
Elapsed: 1.9326729774475098

*** Epoch 1, batch 126/463 ***
Training fitness: 0.9759803921568627
Model size: (6, 11)
Validation fitness: 0.9535704340864455 
Elapsed: 1.9101722240447998

*** Epoch 1, batch 127/463 ***
Training fitness: 0.9566574839302112
Model size: (3, 6)
Validation fitness: 0.9664831717660027 
Elapsed: 2.074314832687378

*** Epoch 1, batch 128/463 ***
Training fitness: 0.9519397084259945
Model size: (10, 15)
Validation fitness: 0.9576000072194957 
Elapsed: 1.9456770420074463

*** Epoch 1, batch 129/463 ***
Training fitness: 0.9727267053610436
Model size: (7, 15)
Validation fitness: 0.9484923683489116 
Elapsed: 2.083862066268921

*** Epoch 1, batch 130/463 ***
Training fitness: 0.958004768017605
Model size: (9, 17)
Validation fitness: 0.9636541417938208 
Elapsed: 2.140094757080078

*** Epoch 1, batch 131/463 ***
Training fitness: 0.9515774948253152
Model size: (4, 11)
Validation fitness: 0.9590024088659506 
Elapsed: 2.0606420040130615

*** Epoch 1, batch 132/463 ***
Training fitness: 0.9627213420316869
Model size: (3, 8)
Validation fitness: 0.9600194534651527 
Elapsed: 2.1110212802886963

*** Epoch 1, batch 133/463 ***
Training fitness: 0.969191270860077
Model size: (8, 16)
Validation fitness: 0.9650835067183776 
Elapsed: 2.153449773788452

*** Epoch 1, batch 134/463 ***
Training fitness: 0.9679925994449584
Model size: (4, 8)
Validation fitness: 0.9604378510534607 
Elapsed: 1.9744141101837158

*** Epoch 1, batch 135/463 ***
Training fitness: 0.961371288644016
Model size: (7, 16)
Validation fitness: 0.9557532514821199 
Elapsed: 2.1109018325805664

*** Epoch 1, batch 136/463 ***
Training fitness: 0.9766914064896032
Model size: (5, 13)
Validation fitness: 0.9521869781241965 
Elapsed: 1.9353232383728027

*** Epoch 1, batch 137/463 ***
Training fitness: 0.9678030303030303
Model size: (5, 13)
Validation fitness: 0.9576357019868402 
Elapsed: 1.8822968006134033

*** Epoch 1, batch 138/463 ***
Training fitness: 0.9723041021861949
Model size: (10, 18)
Validation fitness: 0.9609113284135329 
Elapsed: 2.0588219165802

*** Epoch 1, batch 139/463 ***
Training fitness: 0.9746642246642246
Model size: (9, 16)
Validation fitness: 0.9646309062209499 
Elapsed: 2.075094223022461

*** Epoch 1, batch 140/463 ***
Training fitness: 0.9710759027266028
Model size: (9, 16)
Validation fitness: 0.9646309062209499 
Elapsed: 2.084529161453247

*** Epoch 1, batch 141/463 ***
Training fitness: 0.971062271062271
Model size: (7, 17)
Validation fitness: 0.9603650520330862 
Elapsed: 1.99696683883667

*** Epoch 1, batch 142/463 ***
Training fitness: 0.9695360195360195
Model size: (10, 15)
Validation fitness: 0.9577841556089769 
Elapsed: 2.0087265968322754

*** Epoch 1, batch 143/463 ***
Training fitness: 0.9453740458015267
Model size: (3, 8)
Validation fitness: 0.9586074325365237 
Elapsed: 1.7462592124938965

*** Epoch 1, batch 144/463 ***
Training fitness: 0.9613051470588235
Model size: (6, 14)
Validation fitness: 0.9600875664032501 
Elapsed: 1.9120750427246094

*** Epoch 1, batch 145/463 ***
Training fitness: 0.9455157636975818
Model size: (6, 12)
Validation fitness: 0.9622522435351102 
Elapsed: 1.8856866359710693

*** Epoch 1, batch 146/463 ***
Training fitness: 0.9761642156862744
Model size: (6, 16)
Validation fitness: 0.957985483249306 
Elapsed: 1.9229092597961426

*** Epoch 1, batch 147/463 ***
Training fitness: 0.9779954831227492
Model size: (5, 12)
Validation fitness: 0.9578647525631405 
Elapsed: 1.915670394897461

*** Epoch 1, batch 148/463 ***
Training fitness: 0.9833943833943835
Model size: (7, 12)
Validation fitness: 0.958261806511077 
Elapsed: 1.774505615234375

*** Epoch 1, batch 149/463 ***
Training fitness: 0.9812576312576313
Model size: (5, 11)
Validation fitness: 0.9583459454844618 
Elapsed: 1.777317762374878

*** Epoch 1, batch 150/463 ***
Training fitness: 0.9635597875846914
Model size: (6, 13)
Validation fitness: 0.96070898484521 
Elapsed: 1.797487735748291

*** Epoch 1, batch 151/463 ***
Training fitness: 0.9612923268095682
Model size: (5, 12)
Validation fitness: 0.9610662803138269 
Elapsed: 1.818420648574829

*** Epoch 1, batch 152/463 ***
Training fitness: 0.975145038167939
Model size: (6, 14)
Validation fitness: 0.9629367410377213 
Elapsed: 1.9619011878967285

*** Epoch 1, batch 153/463 ***
Training fitness: 0.9705575660921304
Model size: (5, 13)
Validation fitness: 0.960265912104912 
Elapsed: 1.8372066020965576

*** Epoch 1, batch 154/463 ***
Training fitness: 0.966552734375
Model size: (8, 16)
Validation fitness: 0.963035752830833 
Elapsed: 1.870112419128418

*** Epoch 1, batch 155/463 ***
Training fitness: 0.9778568361651229
Model size: (4, 8)
Validation fitness: 0.9617677282546746 
Elapsed: 1.8193550109863281

*** Epoch 1, batch 156/463 ***
Training fitness: 0.967379942200086
Model size: (7, 17)
Validation fitness: 0.9596778545416631 
Elapsed: 1.9958739280700684

*** Epoch 1, batch 157/463 ***
Training fitness: 0.971616919978026
Model size: (6, 11)
Validation fitness: 0.9596794379249325 
Elapsed: 1.9540231227874756

*** Epoch 1, batch 158/463 ***
Training fitness: 0.9730724406550942
Model size: (4, 9)
Validation fitness: 0.9577770898755436 
Elapsed: 1.9935038089752197

*** Epoch 1, batch 159/463 ***
Training fitness: 0.9600073606084769
Model size: (7, 17)
Validation fitness: 0.9590167966029417 
Elapsed: 2.002145290374756

*** Epoch 1, batch 160/463 ***
Training fitness: 0.9675917360468702
Model size: (4, 9)
Validation fitness: 0.9577770898755436 
Elapsed: 1.9970293045043945

*** Epoch 1, batch 161/463 ***
Training fitness: 0.9598290598290599
Model size: (8, 12)
Validation fitness: 0.9582130419673813 
Elapsed: 1.9595072269439697

*** Epoch 1, batch 162/463 ***
Training fitness: 0.9759803921568628
Model size: (7, 16)
Validation fitness: 0.9580538066950055 
Elapsed: 2.095001220703125

*** Epoch 1, batch 163/463 ***
Training fitness: 0.9784172661870503
Model size: (8, 20)
Validation fitness: 0.9490842791165328 
Elapsed: 2.107513189315796

*** Epoch 1, batch 164/463 ***
Training fitness: 0.9583435282603376
Model size: (11, 23)
Validation fitness: 0.9561276712865581 
Elapsed: 2.188969850540161

*** Epoch 1, batch 165/463 ***
Training fitness: 0.962921142578125
Model size: (10, 13)
Validation fitness: 0.9605859934904459 
Elapsed: 2.073471784591675

*** Epoch 1, batch 166/463 ***
Training fitness: 0.954718137254902
Model size: (7, 13)
Validation fitness: 0.9580822343738191 
Elapsed: 1.8399453163146973

*** Epoch 1, batch 167/463 ***
Training fitness: 0.9515873015873016
Model size: (9, 18)
Validation fitness: 0.9602435342315381 
Elapsed: 1.9233803749084473

*** Epoch 1, batch 168/463 ***
Training fitness: 0.9616324535679375
Model size: (7, 13)
Validation fitness: 0.9604744976812679 
Elapsed: 2.021685838699341

*** Epoch 1, batch 169/463 ***
Training fitness: 0.9605440923605993
Model size: (10, 13)
Validation fitness: 0.9605859934904459 
Elapsed: 2.078500986099243

*** Epoch 1, batch 170/463 ***
Training fitness: 0.9673893129770993
Model size: (9, 13)
Validation fitness: 0.9597123686359341 
Elapsed: 2.161609649658203

*** Epoch 1, batch 171/463 ***
Training fitness: 0.9693603515625
Model size: (8, 17)
Validation fitness: 0.9587859246782565 
Elapsed: 2.286378860473633

*** Epoch 1, batch 172/463 ***
Training fitness: 0.9702508740722566
Model size: (14, 26)
Validation fitness: 0.9575848689771396 
Elapsed: 2.456017255783081

*** Epoch 1, batch 173/463 ***
Training fitness: 0.9534045801526717
Model size: (5, 10)
Validation fitness: 0.9630045885531897 
Elapsed: 2.1459736824035645

*** Epoch 1, batch 174/463 ***
Training fitness: 0.9685592185592186
Model size: (5, 10)
Validation fitness: 0.9639365240135358 
Elapsed: 2.2929227352142334

*** Epoch 1, batch 175/463 ***
Training fitness: 0.9622549019607843
Model size: (11, 20)
Validation fitness: 0.9562117919549339 
Elapsed: 2.300929546356201

*** Epoch 1, batch 176/463 ***
Training fitness: 0.9461374045801526
Model size: (8, 14)
Validation fitness: 0.9603764011386009 
Elapsed: 2.273611545562744

*** Epoch 1, batch 177/463 ***
Training fitness: 0.9690860215053763
Model size: (11, 28)
Validation fitness: 0.9558420399277641 
Elapsed: 2.504225969314575

*** Epoch 1, batch 178/463 ***
Training fitness: 0.9707074428887251
Model size: (8, 15)
Validation fitness: 0.9595359632652152 
Elapsed: 2.3685457706451416

*** Epoch 1, batch 179/463 ***
Training fitness: 0.9686106870229008
Model size: (8, 14)
Validation fitness: 0.9603764011386009 
Elapsed: 2.298532724380493

*** Epoch 1, batch 180/463 ***
Training fitness: 0.9739621714566444
Model size: (17, 32)
Validation fitness: 0.9678259723034965 
Elapsed: 2.6272895336151123

*** Epoch 1, batch 181/463 ***
Training fitness: 0.9547322540473225
Model size: (10, 19)
Validation fitness: 0.9602529155485968 
Elapsed: 2.3792624473571777

*** Epoch 1, batch 182/463 ***
Training fitness: 0.9637202763005074
Model size: (6, 13)
Validation fitness: 0.9599233979309776 
Elapsed: 2.256800651550293

*** Epoch 1, batch 183/463 ***
Training fitness: 0.9734237536656891
Model size: (17, 32)
Validation fitness: 0.9678259723034965 
Elapsed: 2.664072036743164

*** Epoch 1, batch 184/463 ***
Training fitness: 0.9736263736263736
Model size: (17, 32)
Validation fitness: 0.9678259723034965 
Elapsed: 2.6723527908325195

*** Epoch 1, batch 185/463 ***
Training fitness: 0.9728433528836755
Model size: (7, 15)
Validation fitness: 0.9608680187624876 
Elapsed: 2.252368450164795

*** Epoch 1, batch 186/463 ***
Training fitness: 0.9693307980126357
Model size: (10, 19)
Validation fitness: 0.9602529155485968 
Elapsed: 2.511204481124878

*** Epoch 1, batch 187/463 ***
Training fitness: 0.9785753524995421
Model size: (11, 28)
Validation fitness: 0.9617634448825931 
Elapsed: 2.383549213409424

*** Epoch 1, batch 188/463 ***
Training fitness: 0.9694152189870321
Model size: (17, 32)
Validation fitness: 0.9678259723034965 
Elapsed: 2.596151351928711

*** Epoch 1, batch 189/463 ***
Training fitness: 0.9591662082034353
Model size: (17, 32)
Validation fitness: 0.9678259723034965 
Elapsed: 2.582597017288208

*** Epoch 1, batch 190/463 ***
Training fitness: 0.968475073313783
Model size: (17, 32)
Validation fitness: 0.9678259723034965 
Elapsed: 2.5890390872955322

*** Epoch 1, batch 191/463 ***
Training fitness: 0.9741151935226645
Model size: (17, 32)
Validation fitness: 0.9678259723034965 
Elapsed: 2.567655324935913

*** Epoch 1, batch 192/463 ***
Training fitness: 0.9796763034346428
Model size: (17, 32)
Validation fitness: 0.9678259723034965 
Elapsed: 2.6346652507781982

*** Epoch 1, batch 193/463 ***
Training fitness: 0.951891924934287
Model size: (17, 32)
Validation fitness: 0.9678259723034965 
Elapsed: 2.526824951171875

*** Epoch 1, batch 194/463 ***
Training fitness: 0.9677241885200807
Model size: (7, 13)
Validation fitness: 0.9528353506917537 
Elapsed: 2.1187548637390137

*** Epoch 1, batch 195/463 ***
Training fitness: 0.9716364080934043
Model size: (11, 21)
Validation fitness: 0.9655491403821383 
Elapsed: 2.347898483276367

*** Epoch 1, batch 196/463 ***
Training fitness: 0.9685954953305256
Model size: (13, 30)
Validation fitness: 0.9579061676457648 
Elapsed: 2.5049400329589844

*** Epoch 1, batch 197/463 ***
Training fitness: 0.9779181745690977
Model size: (8, 14)
Validation fitness: 0.9538803928020604 
Elapsed: 2.1759588718414307

*** Epoch 1, batch 198/463 ***
Training fitness: 0.9745148612134611
Model size: (12, 22)
Validation fitness: 0.9672203693892218 
Elapsed: 2.3252696990966797

*** Epoch 1, batch 199/463 ***
Training fitness: 0.9708791208791209
Model size: (13, 30)
Validation fitness: 0.9581075410486163 
Elapsed: 2.41005277633667

*** Epoch 1, batch 200/463 ***
Training fitness: 0.9627321603128055
Model size: (15, 26)
Validation fitness: 0.963711573759228 
Elapsed: 2.3252365589141846

*** Epoch 1, batch 201/463 ***
Training fitness: 0.9575483239540005
Model size: (15, 26)
Validation fitness: 0.963711573759228 
Elapsed: 2.2356817722320557

*** Epoch 1, batch 202/463 ***
Training fitness: 0.9670907756300465
Model size: (11, 21)
Validation fitness: 0.9622504313392295 
Elapsed: 2.4059958457946777

*** Epoch 1, batch 203/463 ***
Training fitness: 0.9525240753235602
Model size: (10, 20)
Validation fitness: 0.9586804512170048 
Elapsed: 2.3904266357421875

*** Epoch 1, batch 204/463 ***
Training fitness: 0.9785648854961833
Model size: (11, 21)
Validation fitness: 0.9655491403821383 
Elapsed: 2.4475510120391846

*** Epoch 1, batch 205/463 ***
Training fitness: 0.9641689793401171
Model size: (11, 21)
Validation fitness: 0.9655491403821383 
Elapsed: 2.4183402061462402

*** Epoch 1, batch 206/463 ***
Training fitness: 0.9660238751147843
Model size: (11, 21)
Validation fitness: 0.9655491403821383 
Elapsed: 2.4065616130828857

*** Epoch 1, batch 207/463 ***
Training fitness: 0.967448480722817
Model size: (15, 28)
Validation fitness: 0.9646645142172807 
Elapsed: 2.3719704151153564

*** Epoch 1, batch 208/463 ***
Training fitness: 0.967860422405877
Model size: (15, 28)
Validation fitness: 0.9646645142172807 
Elapsed: 2.5271642208099365

*** Epoch 1, batch 209/463 ***
Training fitness: 0.9516335877862596
Model size: (10, 20)
Validation fitness: 0.9634129458441187 
Elapsed: 2.297999620437622

*** Epoch 1, batch 210/463 ***
Training fitness: 0.9627241464013755
Model size: (10, 20)
Validation fitness: 0.9634129458441187 
Elapsed: 2.1885063648223877

*** Epoch 1, batch 211/463 ***
Training fitness: 0.974186444825055
Model size: (15, 28)
Validation fitness: 0.9646645142172807 
Elapsed: 2.3217837810516357

*** Epoch 1, batch 212/463 ***
Training fitness: 0.9819236641221374
Model size: (10, 20)
Validation fitness: 0.9623564356457391 
Elapsed: 2.2676117420196533

*** Epoch 1, batch 213/463 ***
Training fitness: 0.9655130318012574
Model size: (9, 12)
Validation fitness: 0.9623405652030274 
Elapsed: 2.2829105854034424

*** Epoch 1, batch 214/463 ***
Training fitness: 0.9639222941720629
Model size: (9, 12)
Validation fitness: 0.9623405652030274 
Elapsed: 2.202965497970581

*** Epoch 1, batch 215/463 ***
Training fitness: 0.9645935960591133
Model size: (12, 20)
Validation fitness: 0.9581177186335618 
Elapsed: 2.1874985694885254

*** Epoch 1, batch 216/463 ***
Training fitness: 0.9739731335572204
Model size: (10, 21)
Validation fitness: 0.9630442372024558 
Elapsed: 2.314532518386841

*** Epoch 1, batch 217/463 ***
Training fitness: 0.9627932551319648
Model size: (9, 11)
Validation fitness: 0.9627437879389613 
Elapsed: 2.257000684738159

*** Epoch 1, batch 218/463 ***
Training fitness: 0.9736970883288476
Model size: (9, 12)
Validation fitness: 0.9623405652030274 
Elapsed: 2.1834166049957275

*** Epoch 1, batch 219/463 ***
Training fitness: 0.9702951915341296
Model size: (9, 14)
Validation fitness: 0.961630404077946 
Elapsed: 2.033426523208618

*** Epoch 1, batch 220/463 ***
Training fitness: 0.9759765266825601
Model size: (9, 12)
Validation fitness: 0.9623405652030274 
Elapsed: 2.1048038005828857

*** Epoch 1, batch 221/463 ***
Training fitness: 0.9770220588235294
Model size: (8, 14)
Validation fitness: 0.9446912874893905 
Elapsed: 1.9796407222747803

*** Epoch 1, batch 222/463 ***
Training fitness: 0.9645464025026069
Model size: (9, 14)
Validation fitness: 0.961630404077946 
Elapsed: 1.9864726066589355

*** Epoch 1, batch 223/463 ***
Training fitness: 0.9709138732566676
Model size: (10, 20)
Validation fitness: 0.9572790471935346 
Elapsed: 1.9994659423828125

*** Epoch 1, batch 224/463 ***
Training fitness: 0.9683800527510275
Model size: (8, 15)
Validation fitness: 0.9581700709590011 
Elapsed: 1.9297211170196533

*** Epoch 1, batch 225/463 ***
Training fitness: 0.9737745098039217
Model size: (11, 21)
Validation fitness: 0.9491504151136696 
Elapsed: 1.9964241981506348

*** Epoch 1, batch 226/463 ***
Training fitness: 0.9691129231529528
Model size: (9, 16)
Validation fitness: 0.9597401190294187 
Elapsed: 1.9390785694122314

*** Epoch 1, batch 227/463 ***
Training fitness: 0.9686712168726557
Model size: (7, 14)
Validation fitness: 0.9582277683470373 
Elapsed: 1.9128239154815674

*** Epoch 1, batch 228/463 ***
Training fitness: 0.9621419676214198
Model size: (9, 19)
Validation fitness: 0.9556060242955795 
Elapsed: 2.0819408893585205

*** Epoch 1, batch 229/463 ***
Training fitness: 0.9560203643501195
Model size: (9, 19)
Validation fitness: 0.9556060242955795 
Elapsed: 2.0467090606689453

*** Epoch 1, batch 230/463 ***
Training fitness: 0.9689479185882064
Model size: (10, 20)
Validation fitness: 0.9602488335316132 
Elapsed: 1.9995644092559814

*** Epoch 1, batch 231/463 ***
Training fitness: 0.9628883598852469
Model size: (11, 17)
Validation fitness: 0.9601418224496143 
Elapsed: 1.942326545715332

*** Epoch 1, batch 232/463 ***
Training fitness: 0.9687500000000001
Model size: (12, 27)
Validation fitness: 0.9496334842984027 
Elapsed: 1.979107141494751

*** Epoch 1, batch 233/463 ***
Training fitness: 0.9468475073313782
Model size: (10, 20)
Validation fitness: 0.95571482926845 
Elapsed: 2.0453040599823

*** Epoch 1, batch 234/463 ***
Training fitness: 0.9787884345008864
Model size: (10, 15)
Validation fitness: 0.96224528763173 
Elapsed: 2.0445587635040283

*** Epoch 1, batch 235/463 ***
Training fitness: 0.9802207341269842
Model size: (10, 15)
Validation fitness: 0.96224528763173 
Elapsed: 1.959740400314331

*** Epoch 1, batch 236/463 ***
Training fitness: 0.9603794642857142
Model size: (12, 19)
Validation fitness: 0.964082634594534 
Elapsed: 1.8070151805877686

*** Epoch 1, batch 237/463 ***
Training fitness: 0.9618675595238096
Model size: (13, 24)
Validation fitness: 0.9562162309195908 
Elapsed: 2.08042311668396

*** Epoch 1, batch 238/463 ***
Training fitness: 0.9723851417399805
Model size: (7, 12)
Validation fitness: 0.9630507446331178 
Elapsed: 1.9001002311706543

*** Epoch 1, batch 239/463 ***
Training fitness: 0.9745234604105572
Model size: (7, 12)
Validation fitness: 0.9630507446331178 
Elapsed: 1.8226702213287354

*** Epoch 1, batch 240/463 ***
Training fitness: 0.9695465686274509
Model size: (12, 19)
Validation fitness: 0.964082634594534 
Elapsed: 1.791424036026001

*** Epoch 1, batch 241/463 ***
Training fitness: 0.9734988880652335
Model size: (13, 20)
Validation fitness: 0.9610759636635321 
Elapsed: 1.8206369876861572

*** Epoch 1, batch 242/463 ***
Training fitness: 0.9700152671755726
Model size: (6, 12)
Validation fitness: 0.9566957306275894 
Elapsed: 1.9200775623321533

*** Epoch 1, batch 243/463 ***
Training fitness: 0.9662454983824695
Model size: (7, 12)
Validation fitness: 0.9618817135450624 
Elapsed: 1.9739997386932373

*** Epoch 1, batch 244/463 ***
Training fitness: 0.95770263671875
Model size: (14, 24)
Validation fitness: 0.9612254240611582 
Elapsed: 2.1916375160217285

*** Epoch 1, batch 245/463 ***
Training fitness: 0.9825798932711771
Model size: (13, 23)
Validation fitness: 0.9619807985582095 
Elapsed: 1.8735389709472656

*** Epoch 1, batch 246/463 ***
Training fitness: 0.9642397104827332
Model size: (14, 27)
Validation fitness: 0.9544634256403678 
Elapsed: 2.0064990520477295

*** Epoch 1, batch 247/463 ***
Training fitness: 0.9665441176470588
Model size: (11, 14)
Validation fitness: 0.9329723109649053 
Elapsed: 1.9577405452728271

*** Epoch 1, batch 248/463 ***
Training fitness: 0.97997557997558
Model size: (14, 23)
Validation fitness: 0.9624495989885091 
Elapsed: 2.0147502422332764

*** Epoch 1, batch 249/463 ***
Training fitness: 0.9483194572926303
Model size: (9, 16)
Validation fitness: 0.9580844309748867 
Elapsed: 1.9719619750976562

*** Epoch 1, batch 250/463 ***
Training fitness: 0.9503663003663004
Model size: (14, 26)
Validation fitness: 0.9599193525240118 
Elapsed: 2.1498591899871826

*** Epoch 1, batch 251/463 ***
Training fitness: 0.9358762760559937
Model size: (14, 24)
Validation fitness: 0.9624929727070854 
Elapsed: 1.9815192222595215

*** Epoch 1, batch 252/463 ***
Training fitness: 0.95989990234375
Model size: (15, 27)
Validation fitness: 0.9640434618754989 
Elapsed: 2.0168118476867676

*** Epoch 1, batch 253/463 ***
Training fitness: 0.968805031446541
Model size: (15, 21)
Validation fitness: 0.9658429632324127 
Elapsed: 1.9846162796020508

*** Epoch 1, batch 254/463 ***
Training fitness: 0.9727575982209042
Model size: (14, 24)
Validation fitness: 0.9624929727070854 
Elapsed: 1.9825501441955566

*** Epoch 1, batch 255/463 ***
Training fitness: 0.9595379293303682
Model size: (10, 21)
Validation fitness: 0.9587690474600556 
Elapsed: 1.8524296283721924

*** Epoch 1, batch 256/463 ***
Training fitness: 0.9681282240235815
Model size: (14, 21)
Validation fitness: 0.9587351740410957 
Elapsed: 2.010408639907837

*** Epoch 1, batch 257/463 ***
Training fitness: 0.979736328125
Model size: (11, 22)
Validation fitness: 0.958145258519444 
Elapsed: 1.8204662799835205

*** Epoch 1, batch 258/463 ***
Training fitness: 0.9767982858891948
Model size: (10, 21)
Validation fitness: 0.9546593899130907 
Elapsed: 1.8583381175994873

*** Epoch 1, batch 259/463 ***
Training fitness: 0.9796153846153847
Model size: (5, 7)
Validation fitness: 0.9551578444577997 
Elapsed: 1.851219892501831

*** Epoch 1, batch 260/463 ***
Training fitness: 0.9772942289498581
Model size: (16, 34)
Validation fitness: 0.956302850221681 
Elapsed: 1.8828325271606445

*** Epoch 1, batch 261/463 ***
Training fitness: 0.9815563725490197
Model size: (15, 21)
Validation fitness: 0.9658429632324127 
Elapsed: 1.9091274738311768

*** Epoch 1, batch 262/463 ***
Training fitness: 0.95281982421875
Model size: (15, 21)
Validation fitness: 0.9658429632324127 
Elapsed: 1.9043607711791992

*** Epoch 1, batch 263/463 ***
Training fitness: 0.9727328431372549
Model size: (9, 18)
Validation fitness: 0.9519144348467622 
Elapsed: 1.9224448204040527

*** Epoch 1, batch 264/463 ***
Training fitness: 0.979950186799502
Model size: (15, 30)
Validation fitness: 0.9594037919484906 
Elapsed: 1.8798413276672363

*** Epoch 1, batch 265/463 ***
Training fitness: 0.9837484433374843
Model size: (16, 34)
Validation fitness: 0.9625171993863575 
Elapsed: 1.92496657371521

*** Epoch 1, batch 266/463 ***
Training fitness: 0.9760376551133931
Model size: (16, 33)
Validation fitness: 0.9595672282204075 
Elapsed: 1.7372314929962158

*** Epoch 1, batch 267/463 ***
Training fitness: 0.9755844472929256
Model size: (5, 10)
Validation fitness: 0.9634730228833113 
Elapsed: 1.778770923614502

*** Epoch 1, batch 268/463 ***
Training fitness: 0.9535723024223146
Model size: (15, 32)
Validation fitness: 0.9623778433536416 
Elapsed: 1.716675043106079

*** Epoch 1, batch 269/463 ***
Training fitness: 0.9564182384178722
Model size: (15, 21)
Validation fitness: 0.9658429632324127 
Elapsed: 1.88277268409729

*** Epoch 1, batch 270/463 ***
Training fitness: 0.9711615323126115
Model size: (9, 17)
Validation fitness: 0.9556086144543379 
Elapsed: 1.8915247917175293

*** Epoch 1, batch 271/463 ***
Training fitness: 0.9626442043581762
Model size: (15, 21)
Validation fitness: 0.9658429632324127 
Elapsed: 1.9750583171844482

*** Epoch 1, batch 272/463 ***
Training fitness: 0.97381591796875
Model size: (5, 10)
Validation fitness: 0.9634730228833113 
Elapsed: 1.9006757736206055

*** Epoch 1, batch 273/463 ***
Training fitness: 0.9667887667887667
Model size: (15, 21)
Validation fitness: 0.9658429632324127 
Elapsed: 1.9454424381256104

*** Epoch 1, batch 274/463 ***
Training fitness: 0.9677853169509139
Model size: (15, 21)
Validation fitness: 0.9658429632324127 
Elapsed: 1.9171383380889893

*** Epoch 1, batch 275/463 ***
Training fitness: 0.9476726311258685
Model size: (6, 12)
Validation fitness: 0.9609995219463877 
Elapsed: 1.9510455131530762

*** Epoch 1, batch 276/463 ***
Training fitness: 0.9528799019607843
Model size: (6, 14)
Validation fitness: 0.9614712237205969 
Elapsed: 1.947880744934082

*** Epoch 1, batch 277/463 ***
Training fitness: 0.9650857596288835
Model size: (6, 14)
Validation fitness: 0.9614712237205969 
Elapsed: 1.9581975936889648

*** Epoch 1, batch 278/463 ***
Training fitness: 0.9783935242839353
Model size: (14, 19)
Validation fitness: 0.9557719317436971 
Elapsed: 1.957413673400879

*** Epoch 1, batch 279/463 ***
Training fitness: 0.9619921363040629
Model size: (15, 21)
Validation fitness: 0.9658429632324127 
Elapsed: 1.9117963314056396

*** Epoch 1, batch 280/463 ***
Training fitness: 0.9669108669108668
Model size: (7, 16)
Validation fitness: 0.9665494542032107 
Elapsed: 2.0531508922576904

*** Epoch 1, batch 281/463 ***
Training fitness: 0.9754710056275997
Model size: (6, 13)
Validation fitness: 0.9631937250575948 
Elapsed: 1.8272206783294678

*** Epoch 1, batch 282/463 ***
Training fitness: 0.9416256157635469
Model size: (14, 24)
Validation fitness: 0.9566482382820121 
Elapsed: 1.9208180904388428

*** Epoch 1, batch 283/463 ***
Training fitness: 0.9605920444033302
Model size: (15, 21)
Validation fitness: 0.9658429632324127 
Elapsed: 1.9220595359802246

*** Epoch 1, batch 284/463 ***
Training fitness: 0.9492913000977518
Model size: (2, 6)
Validation fitness: 0.9624396868261927 
Elapsed: 1.854295253753662

*** Epoch 1, batch 285/463 ***
Training fitness: 0.9530637254901961
Model size: (15, 21)
Validation fitness: 0.9658429632324127 
Elapsed: 2.057689666748047

*** Epoch 1, batch 286/463 ***
Training fitness: 0.9698891625615763
Model size: (17, 28)
Validation fitness: 0.9527833736189969 
Elapsed: 2.02949857711792

*** Epoch 1, batch 287/463 ***
Training fitness: 0.967041751214413
Model size: (15, 21)
Validation fitness: 0.9658429632324127 
Elapsed: 1.9882838726043701

*** Epoch 1, batch 288/463 ***
Training fitness: 0.9725497420781134
Model size: (15, 21)
Validation fitness: 0.9658429632324127 
Elapsed: 2.003051519393921

*** Epoch 1, batch 289/463 ***
Training fitness: 0.9688037337263571
Model size: (10, 20)
Validation fitness: 0.9581261114801399 
Elapsed: 2.1253201961517334

*** Epoch 1, batch 290/463 ***
Training fitness: 0.9792023489111817
Model size: (18, 23)
Validation fitness: 0.9489937242375306 
Elapsed: 1.9851198196411133

*** Epoch 1, batch 291/463 ***
Training fitness: 0.9652892561983472
Model size: (9, 18)
Validation fitness: 0.9637032632851896 
Elapsed: 2.2653872966766357

*** Epoch 1, batch 292/463 ***
Training fitness: 0.9654519929194898
Model size: (9, 18)
Validation fitness: 0.9637032632851896 
Elapsed: 2.118069648742676

*** Epoch 1, batch 293/463 ***
Training fitness: 0.9647805652200452
Model size: (7, 9)
Validation fitness: 0.9551921480444687 
Elapsed: 1.8064675331115723

*** Epoch 1, batch 294/463 ***
Training fitness: 0.9714603409933285
Model size: (4, 9)
Validation fitness: 0.9609930053632213 
Elapsed: 1.7898306846618652

*** Epoch 1, batch 295/463 ***
Training fitness: 0.9776429255828809
Model size: (9, 18)
Validation fitness: 0.9637032632851896 
Elapsed: 2.0604374408721924

*** Epoch 1, batch 296/463 ***
Training fitness: 0.9816272965879265
Model size: (7, 17)
Validation fitness: 0.9594896332877028 
Elapsed: 1.97953462600708

*** Epoch 1, batch 297/463 ***
Training fitness: 0.9738343253968254
Model size: (9, 18)
Validation fitness: 0.9637032632851896 
Elapsed: 2.15275239944458

*** Epoch 1, batch 298/463 ***
Training fitness: 0.9580946450809464
Model size: (9, 18)
Validation fitness: 0.9637032632851896 
Elapsed: 2.186746120452881

*** Epoch 1, batch 299/463 ***
Training fitness: 0.9664896539095404
Model size: (9, 18)
Validation fitness: 0.9632899544893547 
Elapsed: 2.1125383377075195

*** Epoch 1, batch 300/463 ***
Training fitness: 0.9863858363858364
Model size: (17, 28)
Validation fitness: 0.9569281767830395 
Elapsed: 2.1359686851501465

*** Epoch 1, batch 301/463 ***
Training fitness: 0.9573648152679227
Model size: (5, 13)
Validation fitness: 0.9595805908769006 
Elapsed: 2.0365140438079834

*** Epoch 1, batch 302/463 ***
Training fitness: 0.9726725620240727
Model size: (17, 28)
Validation fitness: 0.9569281767830395 
Elapsed: 2.011730194091797

*** Epoch 1, batch 303/463 ***
Training fitness: 0.9747549019607844
Model size: (9, 18)
Validation fitness: 0.9632899544893547 
Elapsed: 2.111480712890625

*** Epoch 1, batch 304/463 ***
Training fitness: 0.9608778042667645
Model size: (9, 18)
Validation fitness: 0.9637032632851896 
Elapsed: 2.1710855960845947

*** Epoch 1, batch 305/463 ***
Training fitness: 0.9797085408596199
Model size: (9, 18)
Validation fitness: 0.9637032632851896 
Elapsed: 2.210419178009033

*** Epoch 1, batch 306/463 ***
Training fitness: 0.9738805970149254
Model size: (11, 22)
Validation fitness: 0.9598043330006214 
Elapsed: 2.1495912075042725

*** Epoch 1, batch 307/463 ***
Training fitness: 0.973536036036036
Model size: (10, 20)
Validation fitness: 0.9631931392973103 
Elapsed: 2.198716402053833

*** Epoch 1, batch 308/463 ***
Training fitness: 0.9666932466417224
Model size: (8, 17)
Validation fitness: 0.9649034311933755 
Elapsed: 1.9507348537445068

*** Epoch 1, batch 309/463 ***
Training fitness: 0.9821153253160654
Model size: (9, 18)
Validation fitness: 0.9637032632851896 
Elapsed: 2.1448442935943604

*** Epoch 1, batch 310/463 ***
Training fitness: 0.9727156198498443
Model size: (9, 18)
Validation fitness: 0.9637032632851896 
Elapsed: 2.109201669692993

*** Epoch 1, batch 311/463 ***
Training fitness: 0.9805611589950487
Model size: (10, 20)
Validation fitness: 0.9617924583216912 
Elapsed: 2.14890456199646

*** Epoch 1, batch 312/463 ***
Training fitness: 0.9816998280520757
Model size: (9, 18)
Validation fitness: 0.9637032632851896 
Elapsed: 2.0356578826904297

*** Epoch 1, batch 313/463 ***
Training fitness: 0.9808056727183814
Model size: (5, 11)
Validation fitness: 0.95908042481386 
Elapsed: 1.8630456924438477

*** Epoch 1, batch 314/463 ***
Training fitness: 0.9808854961832061
Model size: (5, 10)
Validation fitness: 0.9589293169654337 
Elapsed: 1.7103791236877441

*** Epoch 1, batch 315/463 ***
Training fitness: 0.9661151960784314
Model size: (2, 6)
Validation fitness: 0.9571297881510066 
Elapsed: 1.8098559379577637

*** Epoch 1, batch 316/463 ***
Training fitness: 0.9613218639767313
Model size: (1, 8)
Validation fitness: 0.9604312978602763 
Elapsed: 1.7312467098236084

*** Epoch 1, batch 317/463 ***
Training fitness: 0.9675245098039216
Model size: (3, 8)
Validation fitness: 0.9619415343141303 
Elapsed: 1.8592779636383057

*** Epoch 1, batch 318/463 ***
Training fitness: 0.9659626568717479
Model size: (4, 7)
Validation fitness: 0.9492863664147311 
Elapsed: 1.8551888465881348

*** Epoch 1, batch 319/463 ***
Training fitness: 0.9671292013567685
Model size: (4, 9)
Validation fitness: 0.9628998564447981 
Elapsed: 1.8575165271759033

*** Epoch 1, batch 320/463 ***
Training fitness: 0.9655740706830251
Model size: (5, 11)
Validation fitness: 0.95908042481386 
Elapsed: 1.8805572986602783

*** Epoch 1, batch 321/463 ***
Training fitness: 0.9715909090909091
Model size: (9, 13)
Validation fitness: 0.9575415410210857 
Elapsed: 2.0465993881225586

*** Epoch 1, batch 322/463 ***
Training fitness: 0.9911233547597184
Model size: (7, 12)
Validation fitness: 0.9644322419594151 
Elapsed: 2.0775809288024902

*** Epoch 1, batch 323/463 ***
Training fitness: 0.9812085482682387
Model size: (6, 7)
Validation fitness: 0.9560489505958061 
Elapsed: 1.893014669418335

*** Epoch 1, batch 324/463 ***
Training fitness: 0.9782595419847329
Model size: (7, 12)
Validation fitness: 0.9644322419594151 
Elapsed: 1.9738035202026367

*** Epoch 1, batch 325/463 ***
Training fitness: 0.9628289271913145
Model size: (7, 12)
Validation fitness: 0.9644322419594151 
Elapsed: 2.0460469722747803

*** Epoch 1, batch 326/463 ***
Training fitness: 0.9591674318947047
Model size: (12, 24)
Validation fitness: 0.9500981844067098 
Elapsed: 2.2392771244049072

*** Epoch 1, batch 327/463 ***
Training fitness: 0.9495962808906289
Model size: (7, 14)
Validation fitness: 0.9640741227653977 
Elapsed: 2.070756435394287

*** Epoch 1, batch 328/463 ***
Training fitness: 0.9490076335877863
Model size: (7, 12)
Validation fitness: 0.9644322419594151 
Elapsed: 2.0144541263580322

*** Epoch 1, batch 329/463 ***
Training fitness: 0.9732039309039858
Model size: (3, 8)
Validation fitness: 0.9600695725795068 
Elapsed: 1.96683669090271

*** Epoch 1, batch 330/463 ***
Training fitness: 0.9638119689467571
Model size: (5, 10)
Validation fitness: 0.9531096329450328 
Elapsed: 1.9794974327087402

*** Epoch 1, batch 331/463 ***
Training fitness: 0.9543816793893131
Model size: (7, 12)
Validation fitness: 0.9644322419594151 
Elapsed: 2.0914275646209717

*** Epoch 1, batch 332/463 ***
Training fitness: 0.9802259887005649
Model size: (7, 10)
Validation fitness: 0.9519178761884344 
Elapsed: 2.003711700439453

*** Epoch 1, batch 333/463 ***
Training fitness: 0.9669187726741684
Model size: (7, 12)
Validation fitness: 0.9652894289159393 
Elapsed: 2.080338716506958

*** Epoch 1, batch 334/463 ***
Training fitness: 0.9792166266986411
Model size: (8, 16)
Validation fitness: 0.9629056957426356 
Elapsed: 2.0581588745117188

*** Epoch 1, batch 335/463 ***
Training fitness: 0.980058722779545
Model size: (8, 16)
Validation fitness: 0.9577835515436833 
Elapsed: 2.035351037979126

*** Epoch 1, batch 336/463 ***
Training fitness: 0.9618872549019608
Model size: (8, 17)
Validation fitness: 0.9652278874760352 
Elapsed: 2.1472833156585693

*** Epoch 1, batch 337/463 ***
Training fitness: 0.9813823163138231
Model size: (8, 17)
Validation fitness: 0.9652278874760352 
Elapsed: 2.197436571121216

*** Epoch 1, batch 338/463 ***
Training fitness: 0.9709401709401708
Model size: (8, 11)
Validation fitness: 0.9595998477462581 
Elapsed: 2.055603265762329

*** Epoch 1, batch 339/463 ***
Training fitness: 0.9789415857901483
Model size: (7, 12)
Validation fitness: 0.9652894289159393 
Elapsed: 2.0924267768859863

*** Epoch 1, batch 340/463 ***
Training fitness: 0.9751464693185322
Model size: (7, 16)
Validation fitness: 0.964044322210917 
Elapsed: 2.0636789798736572

*** Epoch 1, batch 341/463 ***
Training fitness: 0.9661809014327
Model size: (5, 11)
Validation fitness: 0.9586072403339303 
Elapsed: 2.010422945022583

*** Epoch 1, batch 342/463 ***
Training fitness: 0.9730687022900765
Model size: (7, 12)
Validation fitness: 0.9652894289159393 
Elapsed: 2.0514891147613525

*** Epoch 1, batch 343/463 ***
Training fitness: 0.9796118889707689
Model size: (6, 15)
Validation fitness: 0.9583819788944712 
Elapsed: 2.079263925552368

*** Epoch 1, batch 344/463 ***
Training fitness: 0.9720796676441837
Model size: (9, 12)
Validation fitness: 0.956252667039796 
Elapsed: 2.097144365310669

*** Epoch 1, batch 345/463 ***
Training fitness: 0.9889162561576355
Model size: (6, 10)
Validation fitness: 0.9582217185415975 
Elapsed: 2.052093267440796

*** Epoch 1, batch 346/463 ***
Training fitness: 0.963461066077131
Model size: (6, 10)
Validation fitness: 0.9582217185415975 
Elapsed: 1.9979057312011719

*** Epoch 1, batch 347/463 ***
Training fitness: 0.9708180708180708
Model size: (10, 14)
Validation fitness: 0.9642864608685773 
Elapsed: 2.139892816543579

*** Epoch 1, batch 348/463 ***
Training fitness: 0.9842973685824695
Model size: (4, 10)
Validation fitness: 0.9595109220130471 
Elapsed: 2.047011613845825

*** Epoch 1, batch 349/463 ***
Training fitness: 0.96630859375
Model size: (7, 12)
Validation fitness: 0.9644322419594151 
Elapsed: 2.151465654373169

*** Epoch 1, batch 350/463 ***
Training fitness: 0.9734988880652334
Model size: (6, 10)
Validation fitness: 0.9582217185415975 
Elapsed: 2.050870895385742

*** Epoch 1, batch 351/463 ***
Training fitness: 0.9350826164985457
Model size: (7, 14)
Validation fitness: 0.963513092547782 
Elapsed: 2.0077881813049316

*** Epoch 1, batch 352/463 ***
Training fitness: 0.9790633608815427
Model size: (5, 11)
Validation fitness: 0.9572045824173507 
Elapsed: 2.075784921646118

*** Epoch 1, batch 353/463 ***
Training fitness: 0.9601706077902528
Model size: (4, 8)
Validation fitness: 0.9567979915597801 
Elapsed: 1.9131786823272705

*** Epoch 1, batch 354/463 ***
Training fitness: 0.9612658846529814
Model size: (7, 14)
Validation fitness: 0.963513092547782 
Elapsed: 2.0129446983337402

*** Epoch 1, batch 355/463 ***
Training fitness: 0.9636041105945682
Model size: (9, 20)
Validation fitness: 0.9572746906014176 
Elapsed: 2.1954381465911865

*** Epoch 1, batch 356/463 ***
Training fitness: 0.9577551649707062
Model size: (10, 14)
Validation fitness: 0.9642864608685773 
Elapsed: 2.1507771015167236

*** Epoch 1, batch 357/463 ***
Training fitness: 0.96541169268442
Model size: (7, 15)
Validation fitness: 0.9643907261992415 
Elapsed: 2.102461576461792

*** Epoch 1, batch 358/463 ***
Training fitness: 0.9776348039215687
Model size: (8, 14)
Validation fitness: 0.9631913087964208 
Elapsed: 2.0764636993408203

*** Epoch 1, batch 359/463 ***
Training fitness: 0.9794306703397613
Model size: (8, 14)
Validation fitness: 0.9631913087964208 
Elapsed: 2.078747034072876

*** Epoch 1, batch 360/463 ***
Training fitness: 0.9742216687422167
Model size: (5, 9)
Validation fitness: 0.9563446130994744 
Elapsed: 2.046970844268799

*** Epoch 1, batch 361/463 ***
Training fitness: 0.968841642228739
Model size: (7, 11)
Validation fitness: 0.9592167788251171 
Elapsed: 2.227510690689087

*** Epoch 1, batch 362/463 ***
Training fitness: 0.9896233900994934
Model size: (9, 18)
Validation fitness: 0.9613024332335782 
Elapsed: 2.2763092517852783

*** Epoch 1, batch 363/463 ***
Training fitness: 0.9777777777777779
Model size: (8, 14)
Validation fitness: 0.9631913087964208 
Elapsed: 2.1005823612213135

*** Epoch 1, batch 364/463 ***
Training fitness: 0.9753676470588235
Model size: (5, 11)
Validation fitness: 0.9572045824173507 
Elapsed: 2.0819129943847656

*** Epoch 1, batch 365/463 ***
Training fitness: 0.9603053435114504
Model size: (8, 14)
Validation fitness: 0.9600423987938025 
Elapsed: 2.0225343704223633

*** Epoch 1, batch 366/463 ***
Training fitness: 0.9699248120300752
Model size: (5, 10)
Validation fitness: 0.9633984025145518 
Elapsed: 2.0349361896514893

*** Epoch 1, batch 367/463 ***
Training fitness: 0.9613715277777778
Model size: (7, 11)
Validation fitness: 0.9615757453213861 
Elapsed: 2.0239593982696533

*** Epoch 1, batch 368/463 ***
Training fitness: 0.9749007633587786
Model size: (3, 6)
Validation fitness: 0.961692778395755 
Elapsed: 1.9356715679168701

*** Epoch 1, batch 369/463 ***
Training fitness: 0.9867509047414585
Model size: (9, 13)
Validation fitness: 0.9633224550326474 
Elapsed: 2.135085344314575

*** Epoch 1, batch 370/463 ***
Training fitness: 0.9754042919510545
Model size: (6, 11)
Validation fitness: 0.9523077179628663 
Elapsed: 2.0707075595855713

*** Epoch 1, batch 371/463 ***
Training fitness: 0.9720185728250245
Model size: (6, 8)
Validation fitness: 0.9603519456467174 
Elapsed: 1.9970018863677979

*** Epoch 1, batch 372/463 ***
Training fitness: 0.9735042735042734
Model size: (7, 11)
Validation fitness: 0.9615757453213861 
Elapsed: 2.0027658939361572

*** Epoch 1, batch 373/463 ***
Training fitness: 0.9665587918015103
Model size: (3, 5)
Validation fitness: 0.9599150416944171 
Elapsed: 1.8591952323913574

*** Epoch 1, batch 374/463 ***
Training fitness: 0.9674975562072337
Model size: (9, 13)
Validation fitness: 0.9633224550326474 
Elapsed: 2.0510013103485107

*** Epoch 1, batch 375/463 ***
Training fitness: 0.9778225806451613
Model size: (7, 9)
Validation fitness: 0.963628761898988 
Elapsed: 1.8480465412139893

*** Epoch 1, batch 376/463 ***
Training fitness: 0.9729349951124144
Model size: (7, 12)
Validation fitness: 0.9582799193173783 
Elapsed: 2.067382335662842

*** Epoch 1, batch 377/463 ***
Training fitness: 0.9779556650246305
Model size: (7, 11)
Validation fitness: 0.9608028254733089 
Elapsed: 1.8687236309051514

*** Epoch 1, batch 378/463 ***
Training fitness: 0.9748396946564886
Model size: (7, 12)
Validation fitness: 0.9588240174017666 
Elapsed: 1.8758940696716309

*** Epoch 1, batch 379/463 ***
Training fitness: 0.9610381679389313
Model size: (5, 14)
Validation fitness: 0.9558692960860083 
Elapsed: 1.9617018699645996

*** Epoch 1, batch 380/463 ***
Training fitness: 0.9698162729658794
Model size: (7, 13)
Validation fitness: 0.9503105225098892 
Elapsed: 2.0441997051239014

*** Epoch 1, batch 381/463 ***
Training fitness: 0.9782300339192105
Model size: (6, 13)
Validation fitness: 0.9509162535592259 
Elapsed: 1.9643917083740234

*** Epoch 1, batch 382/463 ***
Training fitness: 0.9795343137254902
Model size: (7, 14)
Validation fitness: 0.957243480561252 
Elapsed: 1.981968879699707

*** Epoch 1, batch 383/463 ***
Training fitness: 0.9774766526277239
Model size: (7, 14)
Validation fitness: 0.957243480561252 
Elapsed: 2.0369386672973633

*** Epoch 1, batch 384/463 ***
Training fitness: 0.9714196762141968
Model size: (9, 17)
Validation fitness: 0.9597740565159095 
Elapsed: 2.0887646675109863

*** Epoch 1, batch 385/463 ***
Training fitness: 0.9677853169509139
Model size: (9, 17)
Validation fitness: 0.9597740565159095 
Elapsed: 2.0680935382843018

*** Epoch 1, batch 386/463 ***
Training fitness: 0.9637067059690494
Model size: (7, 9)
Validation fitness: 0.9569508749940692 
Elapsed: 1.8752903938293457

*** Epoch 1, batch 387/463 ***
Training fitness: 0.9719800747198007
Model size: (5, 14)
Validation fitness: 0.9558692960860083 
Elapsed: 2.0381457805633545

*** Epoch 1, batch 388/463 ***
Training fitness: 0.9473977350083543
Model size: (8, 15)
Validation fitness: 0.9504280406669936 
Elapsed: 2.0109751224517822

*** Epoch 1, batch 389/463 ***
Training fitness: 0.9591674318947045
Model size: (7, 13)
Validation fitness: 0.9604432876411022 
Elapsed: 2.0544230937957764

*** Epoch 1, batch 390/463 ***
Training fitness: 0.9719301481891411
Model size: (8, 15)
Validation fitness: 0.9600204327831288 
Elapsed: 2.0411152839660645

*** Epoch 1, batch 391/463 ***
Training fitness: 0.9628339140534263
Model size: (7, 11)
Validation fitness: 0.9602654727846985 
Elapsed: 1.9307096004486084

*** Epoch 1, batch 392/463 ***
Training fitness: 0.9659340659340659
Model size: (6, 11)
Validation fitness: 0.957055268459796 
Elapsed: 1.910930871963501

*** Epoch 1, batch 393/463 ***
Training fitness: 0.9680298306742466
Model size: (7, 11)
Validation fitness: 0.9580636090272688 
Elapsed: 1.98789381980896

*** Epoch 1, batch 394/463 ***
Training fitness: 0.9724159402241594
Model size: (2, 6)
Validation fitness: 0.9531466456730181 
Elapsed: 1.8381752967834473

*** Epoch 1, batch 395/463 ***
Training fitness: 0.9679075738125802
Model size: (6, 11)
Validation fitness: 0.9651603419932135 
Elapsed: 1.8678548336029053

*** Epoch 1, batch 396/463 ***
Training fitness: 0.9664583204406214
Model size: (6, 11)
Validation fitness: 0.9651603419932135 
Elapsed: 1.9586784839630127

*** Epoch 1, batch 397/463 ***
Training fitness: 0.983145038167939
Model size: (6, 7)
Validation fitness: 0.967569134723694 
Elapsed: 1.9205753803253174

*** Epoch 1, batch 398/463 ***
Training fitness: 0.97886119257087
Model size: (7, 15)
Validation fitness: 0.9539765856238025 
Elapsed: 1.9556028842926025

*** Epoch 1, batch 399/463 ***
Training fitness: 0.9586493760704673
Model size: (6, 7)
Validation fitness: 0.967569134723694 
Elapsed: 1.8772342205047607

*** Epoch 1, batch 400/463 ***
Training fitness: 0.960110294117647
Model size: (7, 10)
Validation fitness: 0.9559959026800291 
Elapsed: 1.8843295574188232

*** Epoch 1, batch 401/463 ***
Training fitness: 0.9677557251908397
Model size: (6, 7)
Validation fitness: 0.967569134723694 
Elapsed: 1.8449504375457764

*** Epoch 1, batch 402/463 ***
Training fitness: 0.9556641221374046
Model size: (7, 11)
Validation fitness: 0.9580636090272688 
Elapsed: 1.8414502143859863

*** Epoch 1, batch 403/463 ***
Training fitness: 0.9853435114503817
Model size: (6, 7)
Validation fitness: 0.967569134723694 
Elapsed: 1.740161418914795

*** Epoch 1, batch 404/463 ***
Training fitness: 0.9646520146520147
Model size: (4, 7)
Validation fitness: 0.9599944305179937 
Elapsed: 1.8137500286102295

*** Epoch 1, batch 405/463 ***
Training fitness: 0.9595443349753695
Model size: (4, 6)
Validation fitness: 0.9577597092695979 
Elapsed: 1.805112361907959

*** Epoch 1, batch 406/463 ***
Training fitness: 0.9697265625
Model size: (8, 13)
Validation fitness: 0.960818046088205 
Elapsed: 1.8745760917663574

*** Epoch 1, batch 407/463 ***
Training fitness: 0.9670390038454495
Model size: (6, 7)
Validation fitness: 0.967569134723694 
Elapsed: 1.7547695636749268

*** Epoch 1, batch 408/463 ***
Training fitness: 0.978083028083028
Model size: (8, 13)
Validation fitness: 0.960818046088205 
Elapsed: 1.921651840209961

*** Epoch 1, batch 409/463 ***
Training fitness: 0.9537100068073519
Model size: (4, 8)
Validation fitness: 0.9466219991500617 
Elapsed: 1.7254295349121094

*** Epoch 1, batch 410/463 ***
Training fitness: 0.9798406862745098
Model size: (6, 14)
Validation fitness: 0.9646048398882838 
Elapsed: 1.9299952983856201

*** Epoch 1, batch 411/463 ***
Training fitness: 0.9667033235581622
Model size: (6, 10)
Validation fitness: 0.9678469864537077 
Elapsed: 1.8490090370178223

*** Epoch 1, batch 412/463 ***
Training fitness: 0.9625786163522014
Model size: (8, 13)
Validation fitness: 0.960818046088205 
Elapsed: 1.9293246269226074

*** Epoch 1, batch 413/463 ***
Training fitness: 0.9702075702075703
Model size: (6, 7)
Validation fitness: 0.967569134723694 
Elapsed: 1.7848021984100342

*** Epoch 1, batch 414/463 ***
Training fitness: 0.9474753694581282
Model size: (8, 13)
Validation fitness: 0.960818046088205 
Elapsed: 1.861250638961792

*** Epoch 1, batch 415/463 ***
Training fitness: 0.9735459433040079
Model size: (6, 7)
Validation fitness: 0.967569134723694 
Elapsed: 1.9015007019042969

*** Epoch 1, batch 416/463 ***
Training fitness: 0.9819619471213246
Model size: (4, 7)
Validation fitness: 0.9609569994107252 
Elapsed: 1.856313705444336

*** Epoch 1, batch 417/463 ***
Training fitness: 0.9535433554409236
Model size: (7, 7)
Validation fitness: 0.9608535395004518 
Elapsed: 1.7603518962860107

*** Epoch 1, batch 418/463 ***
Training fitness: 0.9614774114774115
Model size: (6, 7)
Validation fitness: 0.967569134723694 
Elapsed: 1.8010473251342773

*** Epoch 1, batch 419/463 ***
Training fitness: 0.965140415140415
Model size: (6, 7)
Validation fitness: 0.967569134723694 
Elapsed: 1.769909381866455

*** Epoch 1, batch 420/463 ***
Training fitness: 0.9693921364166105
Model size: (6, 7)
Validation fitness: 0.967569134723694 
Elapsed: 1.700343132019043

*** Epoch 1, batch 421/463 ***
Training fitness: 0.9769230769230768
Model size: (6, 11)
Validation fitness: 0.9647277763280211 
Elapsed: 1.6856133937835693

*** Epoch 1, batch 422/463 ***
Training fitness: 0.9575572519083969
Model size: (6, 11)
Validation fitness: 0.9651215719843742 
Elapsed: 1.7531402111053467

*** Epoch 1, batch 423/463 ***
Training fitness: 0.9577325329537718
Model size: (6, 11)
Validation fitness: 0.9651215719843742 
Elapsed: 1.6850438117980957

*** Epoch 1, batch 424/463 ***
Training fitness: 0.9817225991808791
Model size: (4, 7)
Validation fitness: 0.9577948457341714 
Elapsed: 1.6280696392059326

*** Epoch 1, batch 425/463 ***
Training fitness: 0.9793858575972596
Model size: (6, 11)
Validation fitness: 0.9651215719843742 
Elapsed: 1.6803722381591797

*** Epoch 1, batch 426/463 ***
Training fitness: 0.968411330049261
Model size: (5, 12)
Validation fitness: 0.964102422309149 
Elapsed: 1.8773229122161865

*** Epoch 1, batch 427/463 ***
Training fitness: 0.9702104232933694
Model size: (5, 10)
Validation fitness: 0.9663401181214902 
Elapsed: 1.6290626525878906

*** Epoch 1, batch 428/463 ***
Training fitness: 0.9603291574551708
Model size: (5, 10)
Validation fitness: 0.9663401181214902 
Elapsed: 1.636826515197754

*** Epoch 1, batch 429/463 ***
Training fitness: 0.9597764676983542
Model size: (6, 12)
Validation fitness: 0.9563049095351818 
Elapsed: 1.8559558391571045

*** Epoch 1, batch 430/463 ***
Training fitness: 0.9847402795580785
Model size: (4, 6)
Validation fitness: 0.9655266984412333 
Elapsed: 1.6861166954040527

*** Epoch 1, batch 431/463 ***
Training fitness: 0.9792023489111817
Model size: (5, 10)
Validation fitness: 0.9663401181214902 
Elapsed: 1.675574779510498

*** Epoch 1, batch 432/463 ***
Training fitness: 0.9727657486352206
Model size: (6, 12)
Validation fitness: 0.9637187859327324 
Elapsed: 1.651268720626831

*** Epoch 1, batch 433/463 ***
Training fitness: 0.9617385981022344
Model size: (4, 8)
Validation fitness: 0.9646443970125054 
Elapsed: 1.7327349185943604

*** Epoch 1, batch 434/463 ***
Training fitness: 0.9837487781036168
Model size: (4, 8)
Validation fitness: 0.9646443970125054 
Elapsed: 1.6987197399139404

*** Epoch 1, batch 435/463 ***
Training fitness: 0.9863147605083089
Model size: (6, 11)
Validation fitness: 0.9476286648092209 
Elapsed: 1.6613125801086426

*** Epoch 1, batch 436/463 ***
Training fitness: 0.964597448574742
Model size: (6, 15)
Validation fitness: 0.9538149523952616 
Elapsed: 1.9086263179779053

*** Epoch 1, batch 437/463 ***
Training fitness: 0.9815913021991599
Model size: (6, 13)
Validation fitness: 0.9631486764307048 
Elapsed: 1.6423559188842773

*** Epoch 1, batch 438/463 ***
Training fitness: 0.9705648854961832
Model size: (1, 3)
Validation fitness: 0.9558210349300573 
Elapsed: 1.649399995803833

*** Epoch 1, batch 439/463 ***
Training fitness: 0.9627450980392157
Model size: (6, 13)
Validation fitness: 0.9631486764307048 
Elapsed: 1.6798107624053955

*** Epoch 1, batch 440/463 ***
Training fitness: 0.9666727705548434
Model size: (6, 11)
Validation fitness: 0.9642285987354607 
Elapsed: 1.638519287109375

*** Epoch 1, batch 441/463 ***
Training fitness: 0.9722906403940887
Model size: (8, 13)
Validation fitness: 0.9544470151998937 
Elapsed: 1.6841042041778564

*** Epoch 1, batch 442/463 ***
Training fitness: 0.973557251908397
Model size: (5, 12)
Validation fitness: 0.964102422309149 
Elapsed: 1.8920433521270752

*** Epoch 1, batch 443/463 ***
Training fitness: 0.9670126019273536
Model size: (6, 13)
Validation fitness: 0.9631486764307048 
Elapsed: 1.6756365299224854

*** Epoch 1, batch 444/463 ***
Training fitness: 0.983434195244208
Model size: (5, 12)
Validation fitness: 0.964102422309149 
Elapsed: 1.8886408805847168

*** Epoch 1, batch 445/463 ***
Training fitness: 0.9609887750720726
Model size: (3, 5)
Validation fitness: 0.950180877284392 
Elapsed: 1.664820671081543

*** Epoch 1, batch 446/463 ***
Training fitness: 0.9732843137254902
Model size: (6, 10)
Validation fitness: 0.9578567166642358 
Elapsed: 1.6958441734313965

*** Epoch 1, batch 447/463 ***
Training fitness: 0.96630859375
Model size: (5, 8)
Validation fitness: 0.9461814708060003 
Elapsed: 1.7448480129241943

*** Epoch 1, batch 448/463 ***
Training fitness: 0.9581672084892352
Model size: (2, 4)
Validation fitness: 0.9548222770347409 
Elapsed: 1.7367119789123535

*** Epoch 1, batch 449/463 ***
Training fitness: 0.979559748427673
Model size: (6, 13)
Validation fitness: 0.9631486764307048 
Elapsed: 1.7536118030548096

*** Epoch 1, batch 450/463 ***
Training fitness: 0.96588134765625
Model size: (7, 12)
Validation fitness: 0.9633200113139598 
Elapsed: 1.753462314605713

*** Epoch 1, batch 451/463 ***
Training fitness: 0.9742883379247015
Model size: (6, 11)
Validation fitness: 0.9653911681553764 
Elapsed: 1.8206768035888672

*** Epoch 1, batch 452/463 ***
Training fitness: 0.9756773399014778
Model size: (6, 11)
Validation fitness: 0.9653911681553764 
Elapsed: 1.7669041156768799

*** Epoch 1, batch 453/463 ***
Training fitness: 0.9573338216443875
Model size: (6, 11)
Validation fitness: 0.9572877603777684 
Elapsed: 1.8453097343444824

*** Epoch 1, batch 454/463 ***
Training fitness: 0.9734848484848485
Model size: (8, 13)
Validation fitness: 0.9601195269487806 
Elapsed: 1.6560163497924805

*** Epoch 1, batch 455/463 ***
Training fitness: 0.9720185728250245
Model size: (7, 12)
Validation fitness: 0.9633200113139598 
Elapsed: 1.640028953552246

*** Epoch 1, batch 456/463 ***
Training fitness: 0.9510989010989009
Model size: (8, 13)
Validation fitness: 0.9601195269487806 
Elapsed: 1.7104249000549316

*** Epoch 1, batch 457/463 ***
Training fitness: 0.9748287252263274
Model size: (8, 12)
Validation fitness: 0.9544684869753272 
Elapsed: 1.8098413944244385

*** Epoch 1, batch 458/463 ***
Training fitness: 0.9663567408857352
Model size: (10, 16)
Validation fitness: 0.9552178391244525 
Elapsed: 1.7612550258636475

*** Epoch 1, batch 459/463 ***
Training fitness: 0.9745762711864407
Model size: (4, 8)
Validation fitness: 0.9621940336068247 
Elapsed: 1.6801214218139648

*** Epoch 1, batch 460/463 ***
Training fitness: 0.9645299145299145
Model size: (7, 13)
Validation fitness: 0.9589171990495453 
Elapsed: 1.778956413269043

*** Epoch 1, batch 461/463 ***
Training fitness: 0.9714076246334311
Model size: (6, 10)
Validation fitness: 0.954130603968643 
Elapsed: 1.778376579284668

*** Epoch 1, batch 462/463 ***
Training fitness: 0.9771505376344086
Model size: (7, 15)
Validation fitness: 0.9513233111945234 
Elapsed: 1.8785088062286377

*** Epoch 1, batch 463/463 ***
Training fitness: 0.9780219780219781
Model size: (6, 11)
Validation fitness: 0.9653911681553764 
Elapsed: 1.008134126663208

Total train time: 920.4177992343903
Test time: 0.19584918022155762
Test fitness: 0.9701359693089617
Test statistics: Stats(total=14791, total_true=7078, total_false=7713, true_positive=6529, true_negative=7059, false_positive=654, false_negative=549, tpr=0.9224357163040406, tnr=0.9152080902372618, ppv=0.9089516914938048, npv=0.9278391167192429, accuracy=0.9186667568115746, f1=0.9156440642311199, mcc=0.8372171987425666)
