Configuration:
Dataset: nsl_kdd
Selector: pca
Fold: 2
Fitness: mcc
Batch size: 256
Epochs: 1
Config args: {}
*** Epoch 1, batch 1/520 ***
Training fitness: 0.7888288256236082
Model size: (1, 12)
Validation fitness: 0.7480910306554804 !!!
Elapsed: 1.878300428390503

*** Epoch 1, batch 2/520 ***
Training fitness: 0.8035303721977938
Model size: (1, 10)
Validation fitness: 0.691007685774461 
Elapsed: 1.9898388385772705

*** Epoch 1, batch 3/520 ***
Training fitness: 0.8005495506165256
Model size: (2, 13)
Validation fitness: 0.7542643973821318 !!!
Elapsed: 2.039928436279297

*** Epoch 1, batch 4/520 ***
Training fitness: 0.8045889751353885
Model size: (2, 10)
Validation fitness: 0.810124620722339 !!!
Elapsed: 2.0527353286743164

*** Epoch 1, batch 5/520 ***
Training fitness: 0.8283100048388057
Model size: (2, 10)
Validation fitness: 0.805727188975449 
Elapsed: 2.068476438522339

*** Epoch 1, batch 6/520 ***
Training fitness: 0.8827535858205336
Model size: (2, 10)
Validation fitness: 0.8071375599539603 
Elapsed: 5.019986867904663

*** Epoch 1, batch 7/520 ***
Training fitness: 0.8574706377176597
Model size: (1, 9)
Validation fitness: 0.8173183071936458 !!!
Elapsed: 3.9010744094848633

*** Epoch 1, batch 8/520 ***
Training fitness: 0.8592808877461776
Model size: (1, 8)
Validation fitness: 0.8169132770026369 
Elapsed: 3.838501214981079

*** Epoch 1, batch 9/520 ***
Training fitness: 0.854619987463644
Model size: (2, 10)
Validation fitness: 0.842279380416127 !!!
Elapsed: 4.1144795417785645

*** Epoch 1, batch 10/520 ***
Training fitness: 0.8386412090805783
Model size: (2, 10)
Validation fitness: 0.842279380416127 
Elapsed: 4.095686912536621

*** Epoch 1, batch 11/520 ***
Training fitness: 0.8596924177803292
Model size: (4, 10)
Validation fitness: 0.8284833415249417 
Elapsed: 3.78426194190979

*** Epoch 1, batch 12/520 ***
Training fitness: 0.8217007725610543
Model size: (4, 14)
Validation fitness: 0.8191462633540045 
Elapsed: 2.2251336574554443

*** Epoch 1, batch 13/520 ***
Training fitness: 0.8531404119730608
Model size: (4, 14)
Validation fitness: 0.8191462633540045 
Elapsed: 2.338322877883911

*** Epoch 1, batch 14/520 ***
Training fitness: 0.8427015459670255
Model size: (4, 10)
Validation fitness: 0.8284833415249417 
Elapsed: 2.3151185512542725

*** Epoch 1, batch 15/520 ***
Training fitness: 0.8726267561181682
Model size: (2, 10)
Validation fitness: 0.8208823202103815 
Elapsed: 2.3158910274505615

*** Epoch 1, batch 16/520 ***
Training fitness: 0.8637210742648661
Model size: (3, 10)
Validation fitness: 0.8157189956994152 
Elapsed: 2.26697039604187

*** Epoch 1, batch 17/520 ***
Training fitness: 0.8832368156686842
Model size: (4, 11)
Validation fitness: 0.847531531470479 !!!
Elapsed: 2.336711883544922

*** Epoch 1, batch 18/520 ***
Training fitness: 0.8904129632827666
Model size: (4, 8)
Validation fitness: 0.8358961110227425 
Elapsed: 2.392193555831909

*** Epoch 1, batch 19/520 ***
Training fitness: 0.8631397543507988
Model size: (5, 13)
Validation fitness: 0.8358753673453027 
Elapsed: 2.5271189212799072

*** Epoch 1, batch 20/520 ***
Training fitness: 0.8681360258178012
Model size: (3, 10)
Validation fitness: 0.8157189956994152 
Elapsed: 2.5308475494384766

*** Epoch 1, batch 21/520 ***
Training fitness: 0.915493408820797
Model size: (5, 13)
Validation fitness: 0.8358753673453027 
Elapsed: 2.565596103668213

*** Epoch 1, batch 22/520 ***
Training fitness: 0.8858563272037836
Model size: (5, 15)
Validation fitness: 0.8493230878743596 !!!
Elapsed: 2.567708730697632

*** Epoch 1, batch 23/520 ***
Training fitness: 0.8748605510600296
Model size: (5, 13)
Validation fitness: 0.8358753673453027 
Elapsed: 2.6214940547943115

*** Epoch 1, batch 24/520 ***
Training fitness: 0.8949239570426579
Model size: (5, 9)
Validation fitness: 0.850425548909151 !!!
Elapsed: 2.316422462463379

*** Epoch 1, batch 25/520 ***
Training fitness: 0.8856825008254003
Model size: (6, 16)
Validation fitness: 0.8598650012400619 !!!
Elapsed: 2.4520277976989746

*** Epoch 1, batch 26/520 ***
Training fitness: 0.8669745335957367
Model size: (5, 9)
Validation fitness: 0.8529275167420118 
Elapsed: 2.291900634765625

*** Epoch 1, batch 27/520 ***
Training fitness: 0.8724576184870333
Model size: (6, 16)
Validation fitness: 0.8598650012400619 
Elapsed: 2.4847943782806396

*** Epoch 1, batch 28/520 ***
Training fitness: 0.8489915656560383
Model size: (6, 16)
Validation fitness: 0.8572123430882096 
Elapsed: 2.5204787254333496

*** Epoch 1, batch 29/520 ***
Training fitness: 0.9007160608545094
Model size: (5, 15)
Validation fitness: 0.8278153210777275 
Elapsed: 2.6070146560668945

*** Epoch 1, batch 30/520 ***
Training fitness: 0.9228569134356441
Model size: (6, 14)
Validation fitness: 0.8241177005864668 
Elapsed: 2.49082350730896

*** Epoch 1, batch 31/520 ***
Training fitness: 0.8522129350866587
Model size: (6, 14)
Validation fitness: 0.8411109459025908 
Elapsed: 2.9828174114227295

*** Epoch 1, batch 32/520 ***
Training fitness: 0.9158797557790632
Model size: (6, 16)
Validation fitness: 0.8598650012400619 
Elapsed: 2.555302858352661

*** Epoch 1, batch 33/520 ***
Training fitness: 0.8796100725507244
Model size: (6, 16)
Validation fitness: 0.8572123430882096 
Elapsed: 2.5321896076202393

*** Epoch 1, batch 34/520 ***
Training fitness: 0.8824376983645166
Model size: (6, 16)
Validation fitness: 0.8572123430882096 
Elapsed: 2.5143048763275146

*** Epoch 1, batch 35/520 ***
Training fitness: 0.8991482119197252
Model size: (3, 11)
Validation fitness: 0.8419915570607973 
Elapsed: 2.4266536235809326

*** Epoch 1, batch 36/520 ***
Training fitness: 0.8476646945456721
Model size: (3, 11)
Validation fitness: 0.8419915570607973 
Elapsed: 2.4085750579833984

*** Epoch 1, batch 37/520 ***
Training fitness: 0.8591737652356559
Model size: (5, 12)
Validation fitness: 0.8519265782918196 
Elapsed: 2.327280282974243

*** Epoch 1, batch 38/520 ***
Training fitness: 0.859530877848214
Model size: (7, 15)
Validation fitness: 0.8298208717419296 
Elapsed: 2.558825731277466

*** Epoch 1, batch 39/520 ***
Training fitness: 0.8848575112273599
Model size: (6, 15)
Validation fitness: 0.8577092723961492 
Elapsed: 2.650310754776001

*** Epoch 1, batch 40/520 ***
Training fitness: 0.8907927583559065
Model size: (6, 14)
Validation fitness: 0.827606467446241 
Elapsed: 2.645362138748169

*** Epoch 1, batch 41/520 ***
Training fitness: 0.884219548044426
Model size: (6, 15)
Validation fitness: 0.8577092723961492 
Elapsed: 2.5748445987701416

*** Epoch 1, batch 42/520 ***
Training fitness: 0.8619184615196575
Model size: (7, 18)
Validation fitness: 0.830998905566713 
Elapsed: 2.629805564880371

*** Epoch 1, batch 43/520 ***
Training fitness: 0.8792395114137739
Model size: (6, 15)
Validation fitness: 0.8577092723961492 
Elapsed: 2.5780467987060547

*** Epoch 1, batch 44/520 ***
Training fitness: 0.870314586946477
Model size: (6, 15)
Validation fitness: 0.8577092723961492 
Elapsed: 2.610818862915039

*** Epoch 1, batch 45/520 ***
Training fitness: 0.9048421819825432
Model size: (3, 12)
Validation fitness: 0.8286370074173693 
Elapsed: 2.4595701694488525

*** Epoch 1, batch 46/520 ***
Training fitness: 0.8340926772938637
Model size: (6, 15)
Validation fitness: 0.8577092723961492 
Elapsed: 2.643345832824707

*** Epoch 1, batch 47/520 ***
Training fitness: 0.8671199948728239
Model size: (2, 9)
Validation fitness: 0.8414314829960217 
Elapsed: 2.47815203666687

*** Epoch 1, batch 48/520 ***
Training fitness: 0.8810078679489635
Model size: (7, 15)
Validation fitness: 0.8652541426512678 !!!
Elapsed: 2.875887632369995

*** Epoch 1, batch 49/520 ***
Training fitness: 0.8885882292129974
Model size: (7, 17)
Validation fitness: 0.8469641731397486 
Elapsed: 2.7012317180633545

*** Epoch 1, batch 50/520 ***
Training fitness: 0.9593426731691362
Model size: (8, 16)
Validation fitness: 0.8521986652705638 
Elapsed: 2.720372438430786

*** Epoch 1, batch 51/520 ***
Training fitness: 0.8892444631731014
Model size: (7, 13)
Validation fitness: 0.8449056591358475 
Elapsed: 2.609830617904663

*** Epoch 1, batch 52/520 ***
Training fitness: 0.8620842072826624
Model size: (7, 12)
Validation fitness: 0.8420381371311325 
Elapsed: 2.564405918121338

*** Epoch 1, batch 53/520 ***
Training fitness: 0.8453019315171203
Model size: (7, 15)
Validation fitness: 0.8652541426512678 
Elapsed: 2.7082698345184326

*** Epoch 1, batch 54/520 ***
Training fitness: 0.8515431054663922
Model size: (6, 11)
Validation fitness: 0.8292949084036694 
Elapsed: 2.6739296913146973

*** Epoch 1, batch 55/520 ***
Training fitness: 0.9066820383265806
Model size: (7, 15)
Validation fitness: 0.8652541426512678 
Elapsed: 2.762861967086792

*** Epoch 1, batch 56/520 ***
Training fitness: 0.8631397543507988
Model size: (7, 12)
Validation fitness: 0.8564299283616111 
Elapsed: 2.715607166290283

*** Epoch 1, batch 57/520 ***
Training fitness: 0.8555765000638629
Model size: (7, 15)
Validation fitness: 0.8652541426512678 
Elapsed: 2.645773410797119

*** Epoch 1, batch 58/520 ***
Training fitness: 0.8839361181208191
Model size: (10, 17)
Validation fitness: 0.8453258819051717 
Elapsed: 2.7004590034484863

*** Epoch 1, batch 59/520 ***
Training fitness: 0.8451224548897706
Model size: (7, 11)
Validation fitness: 0.8535237940465817 
Elapsed: 2.4740097522735596

*** Epoch 1, batch 60/520 ***
Training fitness: 0.8330842363134382
Model size: (7, 15)
Validation fitness: 0.8652541426512678 
Elapsed: 2.702606678009033

*** Epoch 1, batch 61/520 ***
Training fitness: 0.8701734109688944
Model size: (9, 14)
Validation fitness: 0.8525225319529517 
Elapsed: 2.6672677993774414

*** Epoch 1, batch 62/520 ***
Training fitness: 0.9023088543878549
Model size: (7, 15)
Validation fitness: 0.8652541426512678 
Elapsed: 2.7239928245544434

*** Epoch 1, batch 63/520 ***
Training fitness: 0.9053721476791614
Model size: (9, 14)
Validation fitness: 0.8525225319529517 
Elapsed: 2.755868673324585

*** Epoch 1, batch 64/520 ***
Training fitness: 0.8530349466575745
Model size: (7, 15)
Validation fitness: 0.8652541426512678 
Elapsed: 2.7298436164855957

*** Epoch 1, batch 65/520 ***
Training fitness: 0.864152857520835
Model size: (5, 9)
Validation fitness: 0.8492386472714698 
Elapsed: 2.4190776348114014

*** Epoch 1, batch 66/520 ***
Training fitness: 0.8539918871638555
Model size: (3, 11)
Validation fitness: 0.8347469075212551 
Elapsed: 2.379554510116577

*** Epoch 1, batch 67/520 ***
Training fitness: 0.8719979281187072
Model size: (10, 17)
Validation fitness: 0.860040381697525 
Elapsed: 2.4272687435150146

*** Epoch 1, batch 68/520 ***
Training fitness: 0.896990484878462
Model size: (7, 14)
Validation fitness: 0.8545473632257209 
Elapsed: 3.0823354721069336

*** Epoch 1, batch 69/520 ***
Training fitness: 0.8946891445175786
Model size: (8, 15)
Validation fitness: 0.8483655026950354 
Elapsed: 4.878777980804443

*** Epoch 1, batch 70/520 ***
Training fitness: 0.878317527419567
Model size: (11, 18)
Validation fitness: 0.8591188601506057 
Elapsed: 5.305613040924072

*** Epoch 1, batch 71/520 ***
Training fitness: 0.8487079562565801
Model size: (7, 13)
Validation fitness: 0.8545716403538152 
Elapsed: 4.967237949371338

*** Epoch 1, batch 72/520 ***
Training fitness: 0.8276714961793893
Model size: (11, 18)
Validation fitness: 0.8591188601506057 
Elapsed: 4.978633880615234

*** Epoch 1, batch 73/520 ***
Training fitness: 0.8579391503810486
Model size: (11, 18)
Validation fitness: 0.8591188601506057 
Elapsed: 4.262393236160278

*** Epoch 1, batch 74/520 ***
Training fitness: 0.8122850968411331
Model size: (8, 14)
Validation fitness: 0.8478933967934291 
Elapsed: 2.5356695652008057

*** Epoch 1, batch 75/520 ***
Training fitness: 0.8335198475048359
Model size: (8, 14)
Validation fitness: 0.8478933967934291 
Elapsed: 2.538217306137085

*** Epoch 1, batch 76/520 ***
Training fitness: 0.8509454953971419
Model size: (11, 22)
Validation fitness: 0.8138638095702342 
Elapsed: 2.6966373920440674

*** Epoch 1, batch 77/520 ***
Training fitness: 0.8437100048623941
Model size: (8, 14)
Validation fitness: 0.8275388261736237 
Elapsed: 2.614029884338379

*** Epoch 1, batch 78/520 ***
Training fitness: 0.9001290358086588
Model size: (7, 13)
Validation fitness: 0.8545716403538152 
Elapsed: 2.638937473297119

*** Epoch 1, batch 79/520 ***
Training fitness: 0.847758787138833
Model size: (7, 13)
Validation fitness: 0.8545716403538152 
Elapsed: 2.560899257659912

*** Epoch 1, batch 80/520 ***
Training fitness: 0.8475827645976588
Model size: (9, 20)
Validation fitness: 0.8390450204083773 
Elapsed: 2.596529006958008

*** Epoch 1, batch 81/520 ***
Training fitness: 0.8697852782635465
Model size: (7, 13)
Validation fitness: 0.8527019804981495 
Elapsed: 2.6042320728302

*** Epoch 1, batch 82/520 ***
Training fitness: 0.8925033542546137
Model size: (7, 13)
Validation fitness: 0.8527019804981495 
Elapsed: 2.5562515258789062

*** Epoch 1, batch 83/520 ***
Training fitness: 0.8603497194662263
Model size: (7, 13)
Validation fitness: 0.8512481529516996 
Elapsed: 2.5895700454711914

*** Epoch 1, batch 84/520 ***
Training fitness: 0.8668920771978355
Model size: (8, 16)
Validation fitness: 0.8356344759848646 
Elapsed: 2.4434468746185303

*** Epoch 1, batch 85/520 ***
Training fitness: 0.8504200642707612
Model size: (7, 15)
Validation fitness: 0.8415193546061137 
Elapsed: 2.396437168121338

*** Epoch 1, batch 86/520 ***
Training fitness: 0.8210340322569732
Model size: (4, 6)
Validation fitness: 0.7919686330674126 
Elapsed: 2.3607704639434814

*** Epoch 1, batch 87/520 ***
Training fitness: 0.8497752913060097
Model size: (6, 16)
Validation fitness: 0.8411189900188375 
Elapsed: 2.5009734630584717

*** Epoch 1, batch 88/520 ***
Training fitness: 0.8924314880605606
Model size: (6, 16)
Validation fitness: 0.8411189900188375 
Elapsed: 2.489964008331299

*** Epoch 1, batch 89/520 ***
Training fitness: 0.8538339856009328
Model size: (5, 11)
Validation fitness: 0.8309957724880249 
Elapsed: 4.123961448669434

*** Epoch 1, batch 90/520 ***
Training fitness: 0.8650817548485902
Model size: (6, 16)
Validation fitness: 0.8411189900188375 
Elapsed: 5.018079996109009

*** Epoch 1, batch 91/520 ***
Training fitness: 0.8855458269070535
Model size: (6, 17)
Validation fitness: 0.8319871161445184 
Elapsed: 5.05755352973938

*** Epoch 1, batch 92/520 ***
Training fitness: 0.8283100048388057
Model size: (7, 14)
Validation fitness: 0.8307865217417836 
Elapsed: 5.267029285430908

*** Epoch 1, batch 93/520 ***
Training fitness: 0.8932854564942871
Model size: (3, 8)
Validation fitness: 0.8415949507626681 
Elapsed: 5.013723611831665

*** Epoch 1, batch 94/520 ***
Training fitness: 0.882286129472653
Model size: (5, 10)
Validation fitness: 0.8034348216829273 
Elapsed: 4.591142892837524

*** Epoch 1, batch 95/520 ***
Training fitness: 0.7762406217173051
Model size: (6, 10)
Validation fitness: 0.8259876496437689 
Elapsed: 4.624858379364014

*** Epoch 1, batch 96/520 ***
Training fitness: 0.8548810556494985
Model size: (4, 8)
Validation fitness: 0.8330774413745581 
Elapsed: 4.576888084411621

*** Epoch 1, batch 97/520 ***
Training fitness: 0.8790644998766973
Model size: (3, 6)
Validation fitness: 0.8377120293822169 
Elapsed: 4.224653482437134

*** Epoch 1, batch 98/520 ***
Training fitness: 0.8928762274229087
Model size: (3, 6)
Validation fitness: 0.8377120293822169 
Elapsed: 4.112507343292236

*** Epoch 1, batch 99/520 ***
Training fitness: 0.8487079562565801
Model size: (7, 19)
Validation fitness: 0.8356370772091947 
Elapsed: 4.669503927230835

*** Epoch 1, batch 100/520 ***
Training fitness: 0.8298600663204014
Model size: (7, 19)
Validation fitness: 0.8356370772091947 
Elapsed: 4.707030773162842

*** Epoch 1, batch 101/520 ***
Training fitness: 0.8446124377651384
Model size: (6, 15)
Validation fitness: 0.8281288499899785 
Elapsed: 4.765102863311768

*** Epoch 1, batch 102/520 ***
Training fitness: 0.882624564547068
Model size: (5, 10)
Validation fitness: 0.8207621767940408 
Elapsed: 2.2176480293273926

*** Epoch 1, batch 103/520 ***
Training fitness: 0.8449525354345196
Model size: (6, 11)
Validation fitness: 0.831375669497461 
Elapsed: 2.2404963970184326

*** Epoch 1, batch 104/520 ***
Training fitness: 0.8666470092140754
Model size: (6, 11)
Validation fitness: 0.831375669497461 
Elapsed: 2.36041259765625

*** Epoch 1, batch 105/520 ***
Training fitness: 0.8909806263319022
Model size: (4, 9)
Validation fitness: 0.8305204215161144 
Elapsed: 2.3340542316436768

*** Epoch 1, batch 106/520 ***
Training fitness: 0.8435189157191479
Model size: (4, 9)
Validation fitness: 0.8192663800157794 
Elapsed: 2.272566318511963

*** Epoch 1, batch 107/520 ***
Training fitness: 0.8217007725610543
Model size: (7, 17)
Validation fitness: 0.8206335053606554 
Elapsed: 2.5007615089416504

*** Epoch 1, batch 108/520 ***
Training fitness: 0.9062541278621901
Model size: (6, 10)
Validation fitness: 0.8290483867494356 
Elapsed: 2.296313762664795

*** Epoch 1, batch 109/520 ***
Training fitness: 0.802751757479491
Model size: (5, 13)
Validation fitness: 0.844158852275815 
Elapsed: 2.473309278488159

*** Epoch 1, batch 110/520 ***
Training fitness: 0.9608330519116142
Model size: (7, 12)
Validation fitness: 0.8405658650037615 
Elapsed: 2.215397357940674

*** Epoch 1, batch 111/520 ***
Training fitness: 0.8393310775234207
Model size: (7, 17)
Validation fitness: 0.8233623154837448 
Elapsed: 2.3082592487335205

*** Epoch 1, batch 112/520 ***
Training fitness: 0.8694804781072921
Model size: (8, 14)
Validation fitness: 0.8424099607163856 
Elapsed: 2.357311487197876

*** Epoch 1, batch 113/520 ***
Training fitness: 0.8270695160894129
Model size: (6, 16)
Validation fitness: 0.8145290532927226 
Elapsed: 2.469404697418213

*** Epoch 1, batch 114/520 ***
Training fitness: 0.8832892783672596
Model size: (8, 14)
Validation fitness: 0.8424099607163856 
Elapsed: 2.2561986446380615

*** Epoch 1, batch 115/520 ***
Training fitness: 0.8689289549552311
Model size: (5, 13)
Validation fitness: 0.844158852275815 
Elapsed: 2.34548020362854

*** Epoch 1, batch 116/520 ***
Training fitness: 0.8997356388791283
Model size: (5, 13)
Validation fitness: 0.844158852275815 
Elapsed: 2.350404739379883

*** Epoch 1, batch 117/520 ***
Training fitness: 0.8848508266346145
Model size: (7, 19)
Validation fitness: 0.8339156809470248 
Elapsed: 2.556586980819702

*** Epoch 1, batch 118/520 ***
Training fitness: 0.8320350648050544
Model size: (5, 12)
Validation fitness: 0.8500546056942841 
Elapsed: 2.4011404514312744

*** Epoch 1, batch 119/520 ***
Training fitness: 0.9045054364078002
Model size: (5, 14)
Validation fitness: 0.8374050167630924 
Elapsed: 2.444298267364502

*** Epoch 1, batch 120/520 ***
Training fitness: 0.8662362254339669
Model size: (5, 12)
Validation fitness: 0.8500546056942841 
Elapsed: 2.432727575302124

*** Epoch 1, batch 121/520 ***
Training fitness: 0.8512478994811846
Model size: (5, 12)
Validation fitness: 0.8500546056942841 
Elapsed: 2.396651268005371

*** Epoch 1, batch 122/520 ***
Training fitness: 0.8651293820157802
Model size: (6, 13)
Validation fitness: 0.856370735443859 
Elapsed: 2.4377734661102295

*** Epoch 1, batch 123/520 ***
Training fitness: 0.8092134661833998
Model size: (6, 11)
Validation fitness: 0.8239118990916894 
Elapsed: 2.3580856323242188

*** Epoch 1, batch 124/520 ***
Training fitness: 0.8436240725411821
Model size: (6, 12)
Validation fitness: 0.8382198745524216 
Elapsed: 2.3867108821868896

*** Epoch 1, batch 125/520 ***
Training fitness: 0.820559781238102
Model size: (10, 21)
Validation fitness: 0.8225370134781292 
Elapsed: 2.436223268508911

*** Epoch 1, batch 126/520 ***
Training fitness: 0.8538102857060416
Model size: (9, 12)
Validation fitness: 0.7687675483738853 
Elapsed: 2.271275520324707

*** Epoch 1, batch 127/520 ***
Training fitness: 0.781211448261011
Model size: (6, 13)
Validation fitness: 0.8258739409541634 
Elapsed: 2.3598995208740234

*** Epoch 1, batch 128/520 ***
Training fitness: 0.8529456872680551
Model size: (10, 20)
Validation fitness: 0.8297992109529593 
Elapsed: 2.3850696086883545

*** Epoch 1, batch 129/520 ***
Training fitness: 0.8380596671438915
Model size: (7, 19)
Validation fitness: 0.8339156809470248 
Elapsed: 2.6153128147125244

*** Epoch 1, batch 130/520 ***
Training fitness: 0.8607808510193807
Model size: (7, 19)
Validation fitness: 0.8339156809470248 
Elapsed: 2.595240592956543

*** Epoch 1, batch 131/520 ***
Training fitness: 0.8888888888888888
Model size: (7, 17)
Validation fitness: 0.8299053173381603 
Elapsed: 2.5217652320861816

*** Epoch 1, batch 132/520 ***
Training fitness: 0.8667109600678456
Model size: (7, 14)
Validation fitness: 0.8253933673414918 
Elapsed: 2.6632277965545654

*** Epoch 1, batch 133/520 ***
Training fitness: 0.884219548044426
Model size: (7, 19)
Validation fitness: 0.8339156809470248 
Elapsed: 2.82357120513916

*** Epoch 1, batch 134/520 ***
Training fitness: 0.8522488756826735
Model size: (7, 17)
Validation fitness: 0.8299053173381603 
Elapsed: 2.5152652263641357

*** Epoch 1, batch 135/520 ***
Training fitness: 0.8363275053359017
Model size: (7, 19)
Validation fitness: 0.8339156809470248 
Elapsed: 2.873077869415283

*** Epoch 1, batch 136/520 ***
Training fitness: 0.8390415088843587
Model size: (7, 20)
Validation fitness: 0.8246893268605713 
Elapsed: 2.684277057647705

*** Epoch 1, batch 137/520 ***
Training fitness: 0.8136516369639445
Model size: (7, 15)
Validation fitness: 0.8240965734669982 
Elapsed: 2.60150408744812

*** Epoch 1, batch 138/520 ***
Training fitness: 0.8550394359178938
Model size: (8, 15)
Validation fitness: 0.8467275173499621 
Elapsed: 2.6556060314178467

*** Epoch 1, batch 139/520 ***
Training fitness: 0.8910045188702564
Model size: (7, 20)
Validation fitness: 0.8246893268605713 
Elapsed: 2.7080490589141846

*** Epoch 1, batch 140/520 ***
Training fitness: 0.8364163984165561
Model size: (6, 12)
Validation fitness: 0.8197269108459224 
Elapsed: 2.5232207775115967

*** Epoch 1, batch 141/520 ***
Training fitness: 0.8440489791761859
Model size: (9, 17)
Validation fitness: 0.8480148464187655 
Elapsed: 2.513213872909546

*** Epoch 1, batch 142/520 ***
Training fitness: 0.8765599512982831
Model size: (9, 17)
Validation fitness: 0.8480148464187655 
Elapsed: 2.703622341156006

*** Epoch 1, batch 143/520 ***
Training fitness: 0.899037989437112
Model size: (5, 11)
Validation fitness: 0.8225086057535007 
Elapsed: 2.428528308868408

*** Epoch 1, batch 144/520 ***
Training fitness: 0.8547245277420102
Model size: (4, 10)
Validation fitness: 0.8410837345754844 
Elapsed: 2.447782516479492

*** Epoch 1, batch 145/520 ***
Training fitness: 0.8768254239829255
Model size: (7, 13)
Validation fitness: 0.8258662741901095 
Elapsed: 2.4556286334991455

*** Epoch 1, batch 146/520 ***
Training fitness: 0.8897356540876967
Model size: (7, 13)
Validation fitness: 0.8324837805117806 
Elapsed: 2.4313933849334717

*** Epoch 1, batch 147/520 ***
Training fitness: 0.8689989616002104
Model size: (8, 14)
Validation fitness: 0.855916314697929 
Elapsed: 2.5728793144226074

*** Epoch 1, batch 148/520 ***
Training fitness: 0.8548115294884504
Model size: (11, 20)
Validation fitness: 0.82573502296345 
Elapsed: 2.574371814727783

*** Epoch 1, batch 149/520 ***
Training fitness: 0.8905180840664711
Model size: (4, 10)
Validation fitness: 0.8410837345754844 
Elapsed: 2.3997349739074707

*** Epoch 1, batch 150/520 ***
Training fitness: 0.8338648246466822
Model size: (7, 18)
Validation fitness: 0.8155859979781167 
Elapsed: 2.52824068069458

*** Epoch 1, batch 151/520 ***
Training fitness: 0.876228860343402
Model size: (7, 14)
Validation fitness: 0.8394565161662233 
Elapsed: 2.3297390937805176

*** Epoch 1, batch 152/520 ***
Training fitness: 0.8330842363134382
Model size: (3, 8)
Validation fitness: 0.8427590927780366 
Elapsed: 2.292983055114746

*** Epoch 1, batch 153/520 ***
Training fitness: 0.8750458630720198
Model size: (8, 20)
Validation fitness: 0.8313586125200634 
Elapsed: 2.5429160594940186

*** Epoch 1, batch 154/520 ***
Training fitness: 0.8618105123918386
Model size: (8, 15)
Validation fitness: 0.8430607150423103 
Elapsed: 2.3341636657714844

*** Epoch 1, batch 155/520 ***
Training fitness: 0.841285211226687
Model size: (8, 8)
Validation fitness: 0.8271951636654145 
Elapsed: 2.399440050125122

*** Epoch 1, batch 156/520 ***
Training fitness: 0.8634695375581111
Model size: (3, 8)
Validation fitness: 0.8427590927780366 
Elapsed: 2.299565553665161

*** Epoch 1, batch 157/520 ***
Training fitness: 0.849893313774047
Model size: (3, 8)
Validation fitness: 0.8427590927780366 
Elapsed: 2.2609431743621826

*** Epoch 1, batch 158/520 ***
Training fitness: 0.8597076793625849
Model size: (7, 14)
Validation fitness: 0.8394565161662233 
Elapsed: 2.3702878952026367

*** Epoch 1, batch 159/520 ***
Training fitness: 0.8664806456394527
Model size: (8, 14)
Validation fitness: 0.8182075409151954 
Elapsed: 2.5367431640625

*** Epoch 1, batch 160/520 ***
Training fitness: 0.8673121924092637
Model size: (8, 15)
Validation fitness: 0.8260679553906423 
Elapsed: 2.476306676864624

*** Epoch 1, batch 161/520 ***
Training fitness: 0.8918229301240362
Model size: (3, 8)
Validation fitness: 0.8427590927780366 
Elapsed: 2.4970295429229736

*** Epoch 1, batch 162/520 ***
Training fitness: 0.8829329823843954
Model size: (4, 10)
Validation fitness: 0.8324822426011049 
Elapsed: 2.393681049346924

*** Epoch 1, batch 163/520 ***
Training fitness: 0.8283298064172469
Model size: (13, 14)
Validation fitness: 0.7753926464418059 
Elapsed: 2.294908046722412

*** Epoch 1, batch 164/520 ***
Training fitness: 0.8500584872336907
Model size: (6, 12)
Validation fitness: 0.8194674300030685 
Elapsed: 2.3792576789855957

*** Epoch 1, batch 165/520 ***
Training fitness: 0.833569285930802
Model size: (6, 12)
Validation fitness: 0.8241526481379453 
Elapsed: 2.325559616088867

*** Epoch 1, batch 166/520 ***
Training fitness: 0.8065924911439423
Model size: (14, 22)
Validation fitness: 0.7889700395660825 
Elapsed: 2.2999162673950195

*** Epoch 1, batch 167/520 ***
Training fitness: 0.8517060917045379
Model size: (16, 26)
Validation fitness: 0.8110411773545182 
Elapsed: 2.30745005607605

*** Epoch 1, batch 168/520 ***
Training fitness: 0.8529456872680551
Model size: (5, 11)
Validation fitness: 0.8274602514892158 
Elapsed: 2.5290822982788086

*** Epoch 1, batch 169/520 ***
Training fitness: 0.8538339856009328
Model size: (15, 21)
Validation fitness: 0.8047410281180946 
Elapsed: 2.4190614223480225

*** Epoch 1, batch 170/520 ***
Training fitness: 0.8273836475322295
Model size: (10, 16)
Validation fitness: 0.8174916449465015 
Elapsed: 2.4913246631622314

*** Epoch 1, batch 171/520 ***
Training fitness: 0.8611171318518858
Model size: (12, 17)
Validation fitness: 0.8105524038365569 
Elapsed: 2.408358573913574

*** Epoch 1, batch 172/520 ***
Training fitness: 0.8440489791761859
Model size: (15, 16)
Validation fitness: 0.8399349477298048 
Elapsed: 2.3562402725219727

*** Epoch 1, batch 173/520 ***
Training fitness: 0.8435112170670579
Model size: (5, 11)
Validation fitness: 0.8274602514892158 
Elapsed: 2.5121495723724365

*** Epoch 1, batch 174/520 ***
Training fitness: 0.8263753146384386
Model size: (14, 16)
Validation fitness: 0.8319418337015535 
Elapsed: 2.45711612701416

*** Epoch 1, batch 175/520 ***
Training fitness: 0.8505517710648717
Model size: (14, 14)
Validation fitness: 0.8419204499337729 
Elapsed: 2.4870524406433105

*** Epoch 1, batch 176/520 ***
Training fitness: 0.851902467956156
Model size: (14, 14)
Validation fitness: 0.8419204499337729 
Elapsed: 2.361576795578003

*** Epoch 1, batch 177/520 ***
Training fitness: 0.9017037859121432
Model size: (14, 14)
Validation fitness: 0.8419204499337729 
Elapsed: 2.2806904315948486

*** Epoch 1, batch 178/520 ***
Training fitness: 0.8302744069463215
Model size: (14, 14)
Validation fitness: 0.8419204499337729 
Elapsed: 2.2286908626556396

*** Epoch 1, batch 179/520 ***
Training fitness: 0.846335550743739
Model size: (16, 18)
Validation fitness: 0.8424746188782805 
Elapsed: 2.1754021644592285

*** Epoch 1, batch 180/520 ***
Training fitness: 0.8296543236954802
Model size: (14, 20)
Validation fitness: 0.8276984164571546 
Elapsed: 4.204879522323608

*** Epoch 1, batch 181/520 ***
Training fitness: 0.8611925708699902
Model size: (16, 18)
Validation fitness: 0.8424746188782805 
Elapsed: 4.03035569190979

*** Epoch 1, batch 182/520 ***
Training fitness: 0.8465307460687432
Model size: (16, 18)
Validation fitness: 0.8369938544491036 
Elapsed: 4.254568815231323

*** Epoch 1, batch 183/520 ***
Training fitness: 0.8531404119730608
Model size: (16, 18)
Validation fitness: 0.8369938544491036 
Elapsed: 4.2058045864105225

*** Epoch 1, batch 184/520 ***
Training fitness: 0.890500025826647
Model size: (13, 22)
Validation fitness: 0.8186022863148735 
Elapsed: 4.31419825553894

*** Epoch 1, batch 185/520 ***
Training fitness: 0.8440125569923091
Model size: (17, 19)
Validation fitness: 0.8430320101966556 
Elapsed: 4.042028188705444

*** Epoch 1, batch 186/520 ***
Training fitness: 0.9214869391312456
Model size: (17, 19)
Validation fitness: 0.8413355971816758 
Elapsed: 4.176817893981934

*** Epoch 1, batch 187/520 ***
Training fitness: 0.79861926812632
Model size: (14, 20)
Validation fitness: 0.8276984164571546 
Elapsed: 4.142646074295044

*** Epoch 1, batch 188/520 ***
Training fitness: 0.8441148196466379
Model size: (14, 18)
Validation fitness: 0.8276004379007831 
Elapsed: 4.319342613220215

*** Epoch 1, batch 189/520 ***
Training fitness: 0.8549852197240615
Model size: (18, 20)
Validation fitness: 0.8353021786192288 
Elapsed: 4.050680160522461

*** Epoch 1, batch 190/520 ***
Training fitness: 0.8153841289567166
Model size: (18, 20)
Validation fitness: 0.8353021786192288 
Elapsed: 3.8463456630706787

*** Epoch 1, batch 191/520 ***
Training fitness: 0.8764172122721084
Model size: (18, 20)
Validation fitness: 0.8353021786192288 
Elapsed: 3.801427125930786

*** Epoch 1, batch 192/520 ***
Training fitness: 0.8508635085811818
Model size: (18, 20)
Validation fitness: 0.8353021786192288 
Elapsed: 3.9326114654541016

*** Epoch 1, batch 193/520 ***
Training fitness: 0.7827803638564369
Model size: (18, 21)
Validation fitness: 0.8426742121349828 
Elapsed: 3.9698474407196045

*** Epoch 1, batch 194/520 ***
Training fitness: 0.8380898039151423
Model size: (14, 19)
Validation fitness: 0.8297755408010871 
Elapsed: 4.204218626022339

*** Epoch 1, batch 195/520 ***
Training fitness: 0.8842404026828429
Model size: (18, 21)
Validation fitness: 0.8426742121349828 
Elapsed: 3.9728775024414062

*** Epoch 1, batch 196/520 ***
Training fitness: 0.8091633053625547
Model size: (19, 23)
Validation fitness: 0.8269895963014627 
Elapsed: 3.955397605895996

*** Epoch 1, batch 197/520 ***
Training fitness: 0.8279742346737515
Model size: (14, 19)
Validation fitness: 0.8297755408010871 
Elapsed: 3.6712467670440674

*** Epoch 1, batch 198/520 ***
Training fitness: 0.9296300042908527
Model size: (18, 20)
Validation fitness: 0.828049746390395 
Elapsed: 2.086564302444458

*** Epoch 1, batch 199/520 ***
Training fitness: 0.8210340322569732
Model size: (10, 14)
Validation fitness: 0.7828593560054022 
Elapsed: 2.1098554134368896

*** Epoch 1, batch 200/520 ***
Training fitness: 0.8302646853479521
Model size: (18, 20)
Validation fitness: 0.828049746390395 
Elapsed: 2.212397813796997

*** Epoch 1, batch 201/520 ***
Training fitness: 0.8827965299005894
Model size: (14, 19)
Validation fitness: 0.8302453229491235 
Elapsed: 2.2261369228363037

*** Epoch 1, batch 202/520 ***
Training fitness: 0.8543479122947835
Model size: (18, 21)
Validation fitness: 0.8359264147119565 
Elapsed: 2.021501064300537

*** Epoch 1, batch 203/520 ***
Training fitness: 0.8326330741613641
Model size: (18, 21)
Validation fitness: 0.8359629608416761 
Elapsed: 1.9793744087219238

*** Epoch 1, batch 204/520 ***
Training fitness: 0.8365956535203359
Model size: (18, 21)
Validation fitness: 0.8359629608416761 
Elapsed: 2.023036003112793

*** Epoch 1, batch 205/520 ***
Training fitness: 0.84141228972958
Model size: (14, 21)
Validation fitness: 0.8204724089781412 
Elapsed: 1.960984706878662

*** Epoch 1, batch 206/520 ***
Training fitness: 0.8058611240640329
Model size: (13, 19)
Validation fitness: 0.811167837629451 
Elapsed: 1.9125547409057617

*** Epoch 1, batch 207/520 ***
Training fitness: 0.8652402786458697
Model size: (12, 11)
Validation fitness: 0.8125353501583731 
Elapsed: 2.0359089374542236

*** Epoch 1, batch 208/520 ***
Training fitness: 0.8643874207943743
Model size: (12, 19)
Validation fitness: 0.7850843825134652 
Elapsed: 2.1041650772094727

*** Epoch 1, batch 209/520 ***
Training fitness: 0.8668727546813112
Model size: (11, 11)
Validation fitness: 0.8205916521536145 
Elapsed: 1.9860713481903076

*** Epoch 1, batch 210/520 ***
Training fitness: 0.8753896432705672
Model size: (10, 11)
Validation fitness: 0.8123421973399392 
Elapsed: 1.9877495765686035

*** Epoch 1, batch 211/520 ***
Training fitness: 0.8224981034874816
Model size: (11, 11)
Validation fitness: 0.8205916521536145 
Elapsed: 1.9121956825256348

*** Epoch 1, batch 212/520 ***
Training fitness: 0.851207116872585
Model size: (9, 9)
Validation fitness: 0.8201545006437742 
Elapsed: 1.9838032722473145

*** Epoch 1, batch 213/520 ***
Training fitness: 0.8088857789915583
Model size: (8, 9)
Validation fitness: 0.7955738655424279 
Elapsed: 2.1427550315856934

*** Epoch 1, batch 214/520 ***
Training fitness: 0.825419127960256
Model size: (12, 20)
Validation fitness: 0.7985180592403455 
Elapsed: 2.048715591430664

*** Epoch 1, batch 215/520 ***
Training fitness: 0.8671204739424371
Model size: (12, 17)
Validation fitness: 0.7921664935943302 
Elapsed: 2.032012701034546

*** Epoch 1, batch 216/520 ***
Training fitness: 0.7578730292416079
Model size: (10, 11)
Validation fitness: 0.815684482583873 
Elapsed: 1.9419643878936768

*** Epoch 1, batch 217/520 ***
Training fitness: 0.8462778815327852
Model size: (12, 17)
Validation fitness: 0.7921664935943302 
Elapsed: 2.0526154041290283

*** Epoch 1, batch 218/520 ***
Training fitness: 0.8515431054663922
Model size: (10, 10)
Validation fitness: 0.8103113600722024 
Elapsed: 2.141295909881592

*** Epoch 1, batch 219/520 ***
Training fitness: 0.8319487757193482
Model size: (12, 23)
Validation fitness: 0.7951019576958699 
Elapsed: 2.195068836212158

*** Epoch 1, batch 220/520 ***
Training fitness: 0.780896243729542
Model size: (9, 10)
Validation fitness: 0.823374700100215 
Elapsed: 2.033344030380249

*** Epoch 1, batch 221/520 ***
Training fitness: 0.8319487757193482
Model size: (9, 12)
Validation fitness: 0.8221404859362167 
Elapsed: 2.1086318492889404

*** Epoch 1, batch 222/520 ***
Training fitness: 0.8224337188449237
Model size: (9, 9)
Validation fitness: 0.8238229447550862 
Elapsed: 2.082437753677368

*** Epoch 1, batch 223/520 ***
Training fitness: 0.8141491094852271
Model size: (9, 10)
Validation fitness: 0.823374700100215 
Elapsed: 1.9474914073944092

*** Epoch 1, batch 224/520 ***
Training fitness: 0.8248906757598301
Model size: (9, 9)
Validation fitness: 0.8176375491945954 
Elapsed: 2.022263765335083

*** Epoch 1, batch 225/520 ***
Training fitness: 0.8106988665285252
Model size: (12, 19)
Validation fitness: 0.7872529225390158 
Elapsed: 2.2406504154205322

*** Epoch 1, batch 226/520 ***
Training fitness: 0.865721819145228
Model size: (15, 24)
Validation fitness: 0.7956940622398511 
Elapsed: 2.190156936645508

*** Epoch 1, batch 227/520 ***
Training fitness: 0.8142604992976411
Model size: (13, 21)
Validation fitness: 0.8046906083135997 
Elapsed: 2.086362838745117

*** Epoch 1, batch 228/520 ***
Training fitness: 0.8595212399508618
Model size: (13, 18)
Validation fitness: 0.8140321833019634 
Elapsed: 2.147817850112915

*** Epoch 1, batch 229/520 ***
Training fitness: 0.833657900600809
Model size: (8, 12)
Validation fitness: 0.7962891733227135 
Elapsed: 2.1286141872406006

*** Epoch 1, batch 230/520 ***
Training fitness: 0.8786691627033119
Model size: (18, 19)
Validation fitness: 0.8240363485437099 
Elapsed: 2.3694849014282227

*** Epoch 1, batch 231/520 ***
Training fitness: 0.828416869579514
Model size: (8, 12)
Validation fitness: 0.7962891733227135 
Elapsed: 2.1243841648101807

*** Epoch 1, batch 232/520 ***
Training fitness: 0.8507620173685165
Model size: (17, 18)
Validation fitness: 0.829319644782072 
Elapsed: 1.9631507396697998

*** Epoch 1, batch 233/520 ***
Training fitness: 0.8635954953632595
Model size: (17, 18)
Validation fitness: 0.8372943762657453 
Elapsed: 1.95870041847229

*** Epoch 1, batch 234/520 ***
Training fitness: 0.8393310775234207
Model size: (17, 18)
Validation fitness: 0.8372943762657453 
Elapsed: 1.9980216026306152

*** Epoch 1, batch 235/520 ***
Training fitness: 0.8325883178379961
Model size: (18, 21)
Validation fitness: 0.8373167351605058 
Elapsed: 2.0467581748962402

*** Epoch 1, batch 236/520 ***
Training fitness: 0.8213027977102973
Model size: (17, 18)
Validation fitness: 0.8372943762657453 
Elapsed: 1.9358601570129395

*** Epoch 1, batch 237/520 ***
Training fitness: 0.8860905654573134
Model size: (18, 21)
Validation fitness: 0.8373167351605058 
Elapsed: 1.9371776580810547

*** Epoch 1, batch 238/520 ***
Training fitness: 0.8372818623459113
Model size: (17, 18)
Validation fitness: 0.8372943762657453 
Elapsed: 1.9824409484863281

*** Epoch 1, batch 239/520 ***
Training fitness: 0.8676401312523504
Model size: (18, 21)
Validation fitness: 0.8373167351605058 
Elapsed: 1.96089506149292

*** Epoch 1, batch 240/520 ***
Training fitness: 0.855974650836617
Model size: (17, 18)
Validation fitness: 0.8372943762657453 
Elapsed: 1.9560246467590332

*** Epoch 1, batch 241/520 ***
Training fitness: 0.7703546691020928
Model size: (7, 10)
Validation fitness: 0.8105642036899765 
Elapsed: 2.085280179977417

*** Epoch 1, batch 242/520 ***
Training fitness: 0.8490622049724906
Model size: (7, 10)
Validation fitness: 0.8105642036899765 
Elapsed: 2.014894485473633

*** Epoch 1, batch 243/520 ***
Training fitness: 0.8299781237673607
Model size: (20, 27)
Validation fitness: 0.8004504601533049 
Elapsed: 1.917701244354248

*** Epoch 1, batch 244/520 ***
Training fitness: 0.8338866356845952
Model size: (14, 20)
Validation fitness: 0.7914229722706796 
Elapsed: 2.121321439743042

*** Epoch 1, batch 245/520 ***
Training fitness: 0.8063760803655735
Model size: (7, 10)
Validation fitness: 0.8247031041030046 
Elapsed: 1.9801795482635498

*** Epoch 1, batch 246/520 ***
Training fitness: 0.8831319452925261
Model size: (7, 10)
Validation fitness: 0.8247031041030046 
Elapsed: 1.976118803024292

*** Epoch 1, batch 247/520 ***
Training fitness: 0.8340007117959822
Model size: (7, 10)
Validation fitness: 0.8247031041030046 
Elapsed: 2.106616497039795

*** Epoch 1, batch 248/520 ***
Training fitness: 0.8453695532302203
Model size: (20, 27)
Validation fitness: 0.8004504601533049 
Elapsed: 1.9187891483306885

*** Epoch 1, batch 249/520 ***
Training fitness: 0.8122134604804695
Model size: (7, 10)
Validation fitness: 0.8247031041030046 
Elapsed: 1.9713647365570068

*** Epoch 1, batch 250/520 ***
Training fitness: 0.8256515030320148
Model size: (10, 13)
Validation fitness: 0.8248640452004791 
Elapsed: 2.1098310947418213

*** Epoch 1, batch 251/520 ***
Training fitness: 0.8415872055298078
Model size: (7, 10)
Validation fitness: 0.8247031041030046 
Elapsed: 2.0735538005828857

*** Epoch 1, batch 252/520 ***
Training fitness: 0.8673934530092214
Model size: (7, 10)
Validation fitness: 0.8247031041030046 
Elapsed: 2.042431592941284

*** Epoch 1, batch 253/520 ***
Training fitness: 0.8931781689706763
Model size: (10, 13)
Validation fitness: 0.8248640452004791 
Elapsed: 2.178910493850708

*** Epoch 1, batch 254/520 ***
Training fitness: 0.8452282031828136
Model size: (10, 13)
Validation fitness: 0.8248640452004791 
Elapsed: 2.1528093814849854

*** Epoch 1, batch 255/520 ***
Training fitness: 0.8667571639316812
Model size: (10, 13)
Validation fitness: 0.8248640452004791 
Elapsed: 2.043224811553955

*** Epoch 1, batch 256/520 ***
Training fitness: 0.8517964850293742
Model size: (10, 14)
Validation fitness: 0.8304781458478605 
Elapsed: 1.9678888320922852

*** Epoch 1, batch 257/520 ***
Training fitness: 0.890500025826647
Model size: (10, 14)
Validation fitness: 0.8304781458478605 
Elapsed: 2.059843063354492

*** Epoch 1, batch 258/520 ***
Training fitness: 0.8545421934459098
Model size: (15, 19)
Validation fitness: 0.7743571730450507 
Elapsed: 1.8569176197052002

*** Epoch 1, batch 259/520 ***
Training fitness: 0.8426137032349337
Model size: (10, 14)
Validation fitness: 0.8304781458478605 
Elapsed: 1.9882609844207764

*** Epoch 1, batch 260/520 ***
Training fitness: 0.7409898528874956
Model size: (16, 19)
Validation fitness: 0.774106912421606 
Elapsed: 1.7800004482269287

*** Epoch 1, batch 261/520 ***
Training fitness: 0.7525802102699028
Model size: (23, 26)
Validation fitness: 0.7719821077812151 
Elapsed: 1.847212791442871

*** Epoch 1, batch 262/520 ***
Training fitness: 0.8462778815327852
Model size: (19, 25)
Validation fitness: 0.7853293241281986 
Elapsed: 1.914085865020752

*** Epoch 1, batch 263/520 ***
Training fitness: 0.8434091089927999
Model size: (20, 25)
Validation fitness: 0.7858741783964776 
Elapsed: 1.8226850032806396

*** Epoch 1, batch 264/520 ***
Training fitness: 0.8346001502774398
Model size: (16, 19)
Validation fitness: 0.7872951653105521 
Elapsed: 1.807898759841919

*** Epoch 1, batch 265/520 ***
Training fitness: 0.8266584874014337
Model size: (19, 25)
Validation fitness: 0.7919510473497973 
Elapsed: 1.8210983276367188

*** Epoch 1, batch 266/520 ***
Training fitness: 0.8158566046892695
Model size: (23, 26)
Validation fitness: 0.7886545199641674 
Elapsed: 1.8941893577575684

*** Epoch 1, batch 267/520 ***
Training fitness: 0.8103300351714366
Model size: (20, 28)
Validation fitness: 0.7843881010373513 
Elapsed: 1.9206984043121338

*** Epoch 1, batch 268/520 ***
Training fitness: 0.7867641530682012
Model size: (20, 28)
Validation fitness: 0.7843881010373513 
Elapsed: 1.807222604751587

*** Epoch 1, batch 269/520 ***
Training fitness: 0.8102003958661158
Model size: (19, 22)
Validation fitness: 0.7695864182012105 
Elapsed: 1.823997974395752

*** Epoch 1, batch 270/520 ***
Training fitness: 0.8384232740673951
Model size: (22, 24)
Validation fitness: 0.7932652557094292 
Elapsed: 1.90016770362854

*** Epoch 1, batch 271/520 ***
Training fitness: 0.8082208554808495
Model size: (23, 25)
Validation fitness: 0.7881788381333041 
Elapsed: 1.8068921566009521

*** Epoch 1, batch 272/520 ***
Training fitness: 0.8207329719093236
Model size: (19, 24)
Validation fitness: 0.7881443025446994 
Elapsed: 1.982267141342163

*** Epoch 1, batch 273/520 ***
Training fitness: 0.8734775114237132
Model size: (19, 27)
Validation fitness: 0.7920295713780425 
Elapsed: 1.9035189151763916

*** Epoch 1, batch 274/520 ***
Training fitness: 0.8171825100947567
Model size: (22, 24)
Validation fitness: 0.7932652557094292 
Elapsed: 1.770498275756836

*** Epoch 1, batch 275/520 ***
Training fitness: 0.8350474715188481
Model size: (19, 27)
Validation fitness: 0.7716295433925238 
Elapsed: 1.797868013381958

*** Epoch 1, batch 276/520 ***
Training fitness: 0.8191232847700776
Model size: (16, 16)
Validation fitness: 0.8062379682659089 
Elapsed: 1.9517483711242676

*** Epoch 1, batch 277/520 ***
Training fitness: 0.8100436033920927
Model size: (20, 25)
Validation fitness: 0.7854121703343429 
Elapsed: 1.8924508094787598

*** Epoch 1, batch 278/520 ***
Training fitness: 0.831580460084549
Model size: (12, 12)
Validation fitness: 0.7756100253404801 
Elapsed: 1.8818728923797607

*** Epoch 1, batch 279/520 ***
Training fitness: 0.850852414756295
Model size: (16, 16)
Validation fitness: 0.811302343715473 
Elapsed: 1.8726794719696045

*** Epoch 1, batch 280/520 ***
Training fitness: 0.8273251512516862
Model size: (22, 26)
Validation fitness: 0.7877380276926833 
Elapsed: 1.9459879398345947

*** Epoch 1, batch 281/520 ***
Training fitness: 0.8215643404130519
Model size: (30, 38)
Validation fitness: 0.7908682206276485 
Elapsed: 1.8567447662353516

*** Epoch 1, batch 282/520 ***
Training fitness: 0.8527673836684724
Model size: (19, 22)
Validation fitness: 0.8099424796606267 
Elapsed: 1.8472609519958496

*** Epoch 1, batch 283/520 ***
Training fitness: 0.8036349067410213
Model size: (20, 27)
Validation fitness: 0.7919304722282877 
Elapsed: 1.8592092990875244

*** Epoch 1, batch 284/520 ***
Training fitness: 0.8444233728885883
Model size: (18, 19)
Validation fitness: 0.8163461898135762 
Elapsed: 1.8789403438568115

*** Epoch 1, batch 285/520 ***
Training fitness: 0.8357625518460231
Model size: (19, 21)
Validation fitness: 0.8154733582103275 
Elapsed: 1.842341423034668

*** Epoch 1, batch 286/520 ***
Training fitness: 0.828416869579514
Model size: (20, 27)
Validation fitness: 0.7811732313032296 
Elapsed: 1.9509174823760986

*** Epoch 1, batch 287/520 ***
Training fitness: 0.8075078088608103
Model size: (22, 30)
Validation fitness: 0.7890050848133913 
Elapsed: 1.864408016204834

*** Epoch 1, batch 288/520 ***
Training fitness: 0.8681360258178012
Model size: (18, 21)
Validation fitness: 0.8084059859967389 
Elapsed: 1.9045820236206055

*** Epoch 1, batch 289/520 ***
Training fitness: 0.8594884941707868
Model size: (18, 21)
Validation fitness: 0.8084059859967389 
Elapsed: 1.8609247207641602

*** Epoch 1, batch 290/520 ***
Training fitness: 0.8145541554160225
Model size: (18, 27)
Validation fitness: 0.8085276835866991 
Elapsed: 1.8856279850006104

*** Epoch 1, batch 291/520 ***
Training fitness: 0.8862769189341135
Model size: (21, 33)
Validation fitness: 0.7838192877813015 
Elapsed: 1.9448356628417969

*** Epoch 1, batch 292/520 ***
Training fitness: 0.8596924177803292
Model size: (17, 19)
Validation fitness: 0.7763649038932295 
Elapsed: 2.04243540763855

*** Epoch 1, batch 293/520 ***
Training fitness: 0.8590619900178246
Model size: (26, 35)
Validation fitness: 0.7917583756306016 
Elapsed: 2.091200351715088

*** Epoch 1, batch 294/520 ***
Training fitness: 0.8019908556639801
Model size: (17, 20)
Validation fitness: 0.7766161558857624 
Elapsed: 2.2304201126098633

*** Epoch 1, batch 295/520 ***
Training fitness: 0.8496147759251714
Model size: (18, 24)
Validation fitness: 0.8097370406188463 
Elapsed: 2.0901596546173096

*** Epoch 1, batch 296/520 ***
Training fitness: 0.8302729495982947
Model size: (22, 28)
Validation fitness: 0.7862333185104396 
Elapsed: 2.041383981704712

*** Epoch 1, batch 297/520 ***
Training fitness: 0.8180774083146607
Model size: (18, 28)
Validation fitness: 0.7715457455433651 
Elapsed: 2.2707889080047607

*** Epoch 1, batch 298/520 ***
Training fitness: 0.8551242565085805
Model size: (18, 26)
Validation fitness: 0.743947254388525 
Elapsed: 2.027801513671875

*** Epoch 1, batch 299/520 ***
Training fitness: 0.860952897772746
Model size: (17, 18)
Validation fitness: 0.7790747089372035 
Elapsed: 2.046276330947876

*** Epoch 1, batch 300/520 ***
Training fitness: 0.7621770542373171
Model size: (19, 27)
Validation fitness: 0.776207621822278 
Elapsed: 2.0377113819122314

*** Epoch 1, batch 301/520 ***
Training fitness: 0.8173672639842867
Model size: (26, 30)
Validation fitness: 0.7697028483854478 
Elapsed: 2.0902016162872314

*** Epoch 1, batch 302/520 ***
Training fitness: 0.7740833152875873
Model size: (21, 27)
Validation fitness: 0.7673104635266282 
Elapsed: 1.9582898616790771

*** Epoch 1, batch 303/520 ***
Training fitness: 0.7863885997815699
Model size: (20, 30)
Validation fitness: 0.7742268674660769 
Elapsed: 1.9592955112457275

*** Epoch 1, batch 304/520 ***
Training fitness: 0.8632662620849736
Model size: (17, 22)
Validation fitness: 0.7747976505404452 
Elapsed: 1.9724996089935303

*** Epoch 1, batch 305/520 ***
Training fitness: 0.7588804884399063
Model size: (24, 32)
Validation fitness: 0.7826504751764509 
Elapsed: 2.0520026683807373

*** Epoch 1, batch 306/520 ***
Training fitness: 0.784627953644927
Model size: (22, 26)
Validation fitness: 0.7917388669681259 
Elapsed: 2.009091854095459

*** Epoch 1, batch 307/520 ***
Training fitness: 0.8456913721991486
Model size: (26, 35)
Validation fitness: 0.790621783430669 
Elapsed: 1.9678988456726074

*** Epoch 1, batch 308/520 ***
Training fitness: 0.8018426915140757
Model size: (22, 36)
Validation fitness: 0.7870139860975299 
Elapsed: 1.9558887481689453

*** Epoch 1, batch 309/520 ***
Training fitness: 0.831132419103471
Model size: (22, 36)
Validation fitness: 0.7870139860975299 
Elapsed: 1.9994783401489258

*** Epoch 1, batch 310/520 ***
Training fitness: 0.8757549764126291
Model size: (19, 27)
Validation fitness: 0.7367478654827455 
Elapsed: 1.9429457187652588

*** Epoch 1, batch 311/520 ***
Training fitness: 0.8153195326268533
Model size: (23, 35)
Validation fitness: 0.7782088634028653 
Elapsed: 1.9956028461456299

*** Epoch 1, batch 312/520 ***
Training fitness: 0.7753642529669637
Model size: (26, 32)
Validation fitness: 0.791229330479407 
Elapsed: 2.0419156551361084

*** Epoch 1, batch 313/520 ***
Training fitness: 0.8183086866412321
Model size: (21, 34)
Validation fitness: 0.7768304513580158 
Elapsed: 2.0967187881469727

*** Epoch 1, batch 314/520 ***
Training fitness: 0.7802526785180651
Model size: (22, 26)
Validation fitness: 0.7923113902490985 
Elapsed: 1.9910063743591309

*** Epoch 1, batch 315/520 ***
Training fitness: 0.8358870414762029
Model size: (21, 25)
Validation fitness: 0.7992016746037885 
Elapsed: 1.93800950050354

*** Epoch 1, batch 316/520 ***
Training fitness: 0.7477892386198414
Model size: (22, 29)
Validation fitness: 0.7986400046345048 
Elapsed: 1.8231070041656494

*** Epoch 1, batch 317/520 ***
Training fitness: 0.8117647058823529
Model size: (22, 28)
Validation fitness: 0.8008171392556885 
Elapsed: 1.9274609088897705

*** Epoch 1, batch 318/520 ***
Training fitness: 0.8088700371332465
Model size: (17, 20)
Validation fitness: 0.817212217990626 
Elapsed: 1.8244833946228027

*** Epoch 1, batch 319/520 ***
Training fitness: 0.8668577994764577
Model size: (18, 22)
Validation fitness: 0.8140688082203155 
Elapsed: 1.9149134159088135

*** Epoch 1, batch 320/520 ***
Training fitness: 0.8672801900985853
Model size: (20, 23)
Validation fitness: 0.8139277693578983 
Elapsed: 1.9164040088653564

*** Epoch 1, batch 321/520 ***
Training fitness: 0.8348946743126134
Model size: (24, 30)
Validation fitness: 0.7904702145848649 
Elapsed: 1.9125206470489502

*** Epoch 1, batch 322/520 ***
Training fitness: 0.8221479002983014
Model size: (23, 29)
Validation fitness: 0.7933443119349114 
Elapsed: 1.9687743186950684

*** Epoch 1, batch 323/520 ***
Training fitness: 0.8051834377237379
Model size: (18, 22)
Validation fitness: 0.8118003777670307 
Elapsed: 1.8657920360565186

*** Epoch 1, batch 324/520 ***
Training fitness: 0.8689289549552311
Model size: (18, 21)
Validation fitness: 0.8041914316927629 
Elapsed: 1.992013931274414

*** Epoch 1, batch 325/520 ***
Training fitness: 0.8242606906877448
Model size: (20, 22)
Validation fitness: 0.8163163329977499 
Elapsed: 1.9268226623535156

*** Epoch 1, batch 326/520 ***
Training fitness: 0.7814325539829371
Model size: (23, 25)
Validation fitness: 0.7875006517838048 
Elapsed: 1.8637721538543701

*** Epoch 1, batch 327/520 ***
Training fitness: 0.9058921086658619
Model size: (18, 21)
Validation fitness: 0.8156183694679677 
Elapsed: 1.8649206161499023

*** Epoch 1, batch 328/520 ***
Training fitness: 0.812430157826079
Model size: (19, 21)
Validation fitness: 0.8364315529642461 
Elapsed: 1.9659721851348877

*** Epoch 1, batch 329/520 ***
Training fitness: 0.8080227931221391
Model size: (19, 21)
Validation fitness: 0.8364315529642461 
Elapsed: 1.912837028503418

*** Epoch 1, batch 330/520 ***
Training fitness: 0.7610314855231101
Model size: (18, 22)
Validation fitness: 0.8144062956200006 
Elapsed: 1.8924329280853271

*** Epoch 1, batch 331/520 ***
Training fitness: 0.8321033702290206
Model size: (19, 24)
Validation fitness: 0.7772264991124102 
Elapsed: 1.9030346870422363

*** Epoch 1, batch 332/520 ***
Training fitness: 0.8784089891659315
Model size: (19, 22)
Validation fitness: 0.841155508452364 
Elapsed: 2.025346279144287

*** Epoch 1, batch 333/520 ***
Training fitness: 0.8637979681638847
Model size: (19, 21)
Validation fitness: 0.8364315529642461 
Elapsed: 1.9841609001159668

*** Epoch 1, batch 334/520 ***
Training fitness: 0.8920579032636218
Model size: (18, 21)
Validation fitness: 0.8336449963341607 
Elapsed: 1.972928762435913

*** Epoch 1, batch 335/520 ***
Training fitness: 0.773740487199348
Model size: (18, 21)
Validation fitness: 0.8336449963341607 
Elapsed: 1.9755311012268066

*** Epoch 1, batch 336/520 ***
Training fitness: 0.8195980245594291
Model size: (18, 21)
Validation fitness: 0.8336449963341607 
Elapsed: 2.058199644088745

*** Epoch 1, batch 337/520 ***
Training fitness: 0.8587283982328265
Model size: (18, 21)
Validation fitness: 0.8336449963341607 
Elapsed: 1.925926923751831

*** Epoch 1, batch 338/520 ***
Training fitness: 0.8216501888843807
Model size: (18, 21)
Validation fitness: 0.8336449963341607 
Elapsed: 2.005714178085327

*** Epoch 1, batch 339/520 ***
Training fitness: 0.8423128480253954
Model size: (21, 24)
Validation fitness: 0.8138141303210392 
Elapsed: 1.888489007949829

*** Epoch 1, batch 340/520 ***
Training fitness: 0.8123732073242719
Model size: (18, 21)
Validation fitness: 0.8336449963341607 
Elapsed: 1.9498014450073242

*** Epoch 1, batch 341/520 ***
Training fitness: 0.8848395989079055
Model size: (18, 22)
Validation fitness: 0.8275521594122635 
Elapsed: 1.9312858581542969

*** Epoch 1, batch 342/520 ***
Training fitness: 0.827298680998643
Model size: (17, 18)
Validation fitness: 0.8245812455920934 
Elapsed: 1.9388439655303955

*** Epoch 1, batch 343/520 ***
Training fitness: 0.8441622892989752
Model size: (17, 18)
Validation fitness: 0.8245812455920934 
Elapsed: 1.9044551849365234

*** Epoch 1, batch 344/520 ***
Training fitness: 0.8045165472042661
Model size: (18, 20)
Validation fitness: 0.8185131614830675 
Elapsed: 2.0100464820861816

*** Epoch 1, batch 345/520 ***
Training fitness: 0.8769754125957699
Model size: (17, 20)
Validation fitness: 0.8330831241779024 
Elapsed: 2.006561040878296

*** Epoch 1, batch 346/520 ***
Training fitness: 0.7922183354644529
Model size: (29, 43)
Validation fitness: 0.8104681009564341 
Elapsed: 1.8614647388458252

*** Epoch 1, batch 347/520 ***
Training fitness: 0.8410220514041677
Model size: (16, 15)
Validation fitness: 0.8421263644349689 
Elapsed: 1.931281566619873

*** Epoch 1, batch 348/520 ***
Training fitness: 0.8727208453186817
Model size: (18, 18)
Validation fitness: 0.8443153223683405 
Elapsed: 2.1378273963928223

*** Epoch 1, batch 349/520 ***
Training fitness: 0.8370123893467315
Model size: (18, 18)
Validation fitness: 0.8443153223683405 
Elapsed: 1.9878089427947998

*** Epoch 1, batch 350/520 ***
Training fitness: 0.8141491094852271
Model size: (30, 40)
Validation fitness: 0.8109263378375817 
Elapsed: 1.9039361476898193

*** Epoch 1, batch 351/520 ***
Training fitness: 0.8995248201024596
Model size: (16, 15)
Validation fitness: 0.8402944589413534 
Elapsed: 2.0529558658599854

*** Epoch 1, batch 352/520 ***
Training fitness: 0.7872050742085884
Model size: (16, 15)
Validation fitness: 0.8409138908456629 
Elapsed: 2.131425380706787

*** Epoch 1, batch 353/520 ***
Training fitness: 0.8528730165753561
Model size: (17, 18)
Validation fitness: 0.8359442263319801 
Elapsed: 2.034465789794922

*** Epoch 1, batch 354/520 ***
Training fitness: 0.8373087568798696
Model size: (30, 39)
Validation fitness: 0.7985301846583663 
Elapsed: 1.9427745342254639

*** Epoch 1, batch 355/520 ***
Training fitness: 0.8594113194548759
Model size: (33, 48)
Validation fitness: 0.8066433717303373 
Elapsed: 1.8876159191131592

*** Epoch 1, batch 356/520 ***
Training fitness: 0.8808062243412386
Model size: (18, 17)
Validation fitness: 0.7859379151192222 
Elapsed: 2.024496078491211

*** Epoch 1, batch 357/520 ***
Training fitness: 0.8001044293000461
Model size: (18, 22)
Validation fitness: 0.7860543086189679 
Elapsed: 1.947187900543213

*** Epoch 1, batch 358/520 ***
Training fitness: 0.770198524077118
Model size: (31, 39)
Validation fitness: 0.7751968048002926 
Elapsed: 1.8887903690338135

*** Epoch 1, batch 359/520 ***
Training fitness: 0.8285815652041767
Model size: (22, 24)
Validation fitness: 0.7843732280939412 
Elapsed: 1.8689956665039062

*** Epoch 1, batch 360/520 ***
Training fitness: 0.815371449458894
Model size: (20, 26)
Validation fitness: 0.7822623584735972 
Elapsed: 2.003540515899658

*** Epoch 1, batch 361/520 ***
Training fitness: 0.8103827280881556
Model size: (22, 24)
Validation fitness: 0.7800846411342552 
Elapsed: 1.9608798027038574

*** Epoch 1, batch 362/520 ***
Training fitness: 0.7768719820596311
Model size: (29, 28)
Validation fitness: 0.7772840294086164 
Elapsed: 1.9424195289611816

*** Epoch 1, batch 363/520 ***
Training fitness: 0.7528182043383654
Model size: (18, 25)
Validation fitness: 0.7623574170425494 
Elapsed: 2.1075425148010254

*** Epoch 1, batch 364/520 ***
Training fitness: 0.783106225632118
Model size: (20, 22)
Validation fitness: 0.7799376390930861 
Elapsed: 2.0395805835723877

*** Epoch 1, batch 365/520 ***
Training fitness: 0.7773086592269025
Model size: (25, 34)
Validation fitness: 0.7803796691817977 
Elapsed: 2.044118642807007

*** Epoch 1, batch 366/520 ***
Training fitness: 0.8100436033920927
Model size: (22, 26)
Validation fitness: 0.788535004902974 
Elapsed: 2.0548572540283203

*** Epoch 1, batch 367/520 ***
Training fitness: 0.7205389976018731
Model size: (23, 31)
Validation fitness: 0.7839106489613807 
Elapsed: 2.095601797103882

*** Epoch 1, batch 368/520 ***
Training fitness: 0.7291762635597034
Model size: (22, 24)
Validation fitness: 0.7971077366552355 
Elapsed: 2.0775644779205322

*** Epoch 1, batch 369/520 ***
Training fitness: 0.8279486579838868
Model size: (33, 48)
Validation fitness: 0.7835245377689987 
Elapsed: 2.021364450454712

*** Epoch 1, batch 370/520 ***
Training fitness: 0.8392036560555102
Model size: (17, 23)
Validation fitness: 0.7876911685294936 
Elapsed: 2.002096176147461

*** Epoch 1, batch 371/520 ***
Training fitness: 0.8375211870712178
Model size: (22, 26)
Validation fitness: 0.788535004902974 
Elapsed: 2.1187264919281006

*** Epoch 1, batch 372/520 ***
Training fitness: 0.7978511422984537
Model size: (34, 40)
Validation fitness: 0.7872166369613842 
Elapsed: 1.8812742233276367

*** Epoch 1, batch 373/520 ***
Training fitness: 0.7964891498950483
Model size: (33, 36)
Validation fitness: 0.7775316477683176 
Elapsed: 1.9464707374572754

*** Epoch 1, batch 374/520 ***
Training fitness: 0.8259812395538904
Model size: (20, 22)
Validation fitness: 0.7715096887740144 
Elapsed: 2.0372533798217773

*** Epoch 1, batch 375/520 ***
Training fitness: 0.8144848453644777
Model size: (24, 32)
Validation fitness: 0.7886200446126437 
Elapsed: 1.9859542846679688

*** Epoch 1, batch 376/520 ***
Training fitness: 0.798724149031696
Model size: (22, 34)
Validation fitness: 0.78143896722169 
Elapsed: 1.9064290523529053

*** Epoch 1, batch 377/520 ***
Training fitness: 0.8208941996553548
Model size: (34, 48)
Validation fitness: 0.7774840288967935 
Elapsed: 1.9730401039123535

*** Epoch 1, batch 378/520 ***
Training fitness: 0.785935086970709
Model size: (21, 28)
Validation fitness: 0.780259479645447 
Elapsed: 2.0673580169677734

*** Epoch 1, batch 379/520 ***
Training fitness: 0.7777124035363975
Model size: (17, 26)
Validation fitness: 0.7876123135788076 
Elapsed: 2.026329278945923

*** Epoch 1, batch 380/520 ***
Training fitness: 0.831132419103471
Model size: (24, 37)
Validation fitness: 0.7816371640581852 
Elapsed: 1.9821336269378662

*** Epoch 1, batch 381/520 ***
Training fitness: 0.7861478238254789
Model size: (21, 21)
Validation fitness: 0.7734244339286352 
Elapsed: 2.53092622756958

*** Epoch 1, batch 382/520 ***
Training fitness: 0.7873122682035966
Model size: (25, 35)
Validation fitness: 0.7845827054250687 
Elapsed: 2.039598226547241

*** Epoch 1, batch 383/520 ***
Training fitness: 0.7987915982205397
Model size: (19, 26)
Validation fitness: 0.7374399620003522 
Elapsed: 2.0732791423797607

*** Epoch 1, batch 384/520 ***
Training fitness: 0.8442869848697852
Model size: (20, 32)
Validation fitness: 0.7861364651364889 
Elapsed: 2.121722936630249

*** Epoch 1, batch 385/520 ***
Training fitness: 0.8380486748365806
Model size: (26, 36)
Validation fitness: 0.7833427185512916 
Elapsed: 2.166224479675293

*** Epoch 1, batch 386/520 ***
Training fitness: 0.8313664792697268
Model size: (21, 23)
Validation fitness: 0.7861084319353925 
Elapsed: 2.040658712387085

*** Epoch 1, batch 387/520 ***
Training fitness: 0.808912617432507
Model size: (18, 24)
Validation fitness: 0.7818851061049151 
Elapsed: 2.1051366329193115

*** Epoch 1, batch 388/520 ***
Training fitness: 0.7842695999812676
Model size: (24, 35)
Validation fitness: 0.7834033953205735 
Elapsed: 1.9852805137634277

*** Epoch 1, batch 389/520 ***
Training fitness: 0.8075111697026139
Model size: (20, 16)
Validation fitness: 0.7914722054223682 
Elapsed: 2.216327667236328

*** Epoch 1, batch 390/520 ***
Training fitness: 0.7352984864237361
Model size: (21, 34)
Validation fitness: 0.7822051587540003 
Elapsed: 2.122793674468994

*** Epoch 1, batch 391/520 ***
Training fitness: 0.8193017719169177
Model size: (34, 36)
Validation fitness: 0.7780011999860014 
Elapsed: 2.113175630569458

*** Epoch 1, batch 392/520 ***
Training fitness: 0.8118397044621136
Model size: (21, 25)
Validation fitness: 0.7911688383386054 
Elapsed: 2.3388991355895996

*** Epoch 1, batch 393/520 ***
Training fitness: 0.8423928497495674
Model size: (16, 23)
Validation fitness: 0.7852142056043907 
Elapsed: 2.092926502227783

*** Epoch 1, batch 394/520 ***
Training fitness: 0.8240139930591204
Model size: (21, 33)
Validation fitness: 0.7816357087603035 
Elapsed: 2.2499897480010986

*** Epoch 1, batch 395/520 ***
Training fitness: 0.7745042739360404
Model size: (35, 35)
Validation fitness: 0.7797226023076425 
Elapsed: 2.1546478271484375

*** Epoch 1, batch 396/520 ***
Training fitness: 0.8235897095393045
Model size: (24, 25)
Validation fitness: 0.782950249330639 
Elapsed: 2.1828770637512207

*** Epoch 1, batch 397/520 ***
Training fitness: 0.7645341071961053
Model size: (18, 21)
Validation fitness: 0.7813942654882764 
Elapsed: 2.292276620864868

*** Epoch 1, batch 398/520 ***
Training fitness: 0.8152469555160073
Model size: (23, 27)
Validation fitness: 0.7788045742264267 
Elapsed: 2.257608652114868

*** Epoch 1, batch 399/520 ***
Training fitness: 0.8000630312900997
Model size: (18, 24)
Validation fitness: 0.7413284326558001 
Elapsed: 2.215625047683716

*** Epoch 1, batch 400/520 ***
Training fitness: 0.7544674054654764
Model size: (17, 18)
Validation fitness: 0.7811959210732567 
Elapsed: 2.220970630645752

*** Epoch 1, batch 401/520 ***
Training fitness: 0.8601380112365595
Model size: (18, 23)
Validation fitness: 0.7872145342832344 
Elapsed: 2.1578407287597656

*** Epoch 1, batch 402/520 ***
Training fitness: 0.7799620057645599
Model size: (22, 32)
Validation fitness: 0.7825007208215753 
Elapsed: 2.217447519302368

*** Epoch 1, batch 403/520 ***
Training fitness: 0.8214854150081752
Model size: (26, 32)
Validation fitness: 0.7865102721470157 
Elapsed: 2.1643013954162598

*** Epoch 1, batch 404/520 ***
Training fitness: 0.7825397581325362
Model size: (19, 20)
Validation fitness: 0.7723000587571468 
Elapsed: 2.215963840484619

*** Epoch 1, batch 405/520 ***
Training fitness: 0.7875631749108787
Model size: (19, 28)
Validation fitness: 0.7822288540440288 
Elapsed: 2.2138710021972656

*** Epoch 1, batch 406/520 ***
Training fitness: 0.753928344873597
Model size: (18, 18)
Validation fitness: 0.7830814695528355 
Elapsed: 2.155987024307251

*** Epoch 1, batch 407/520 ***
Training fitness: 0.7800118909372188
Model size: (20, 24)
Validation fitness: 0.7776178440413671 
Elapsed: 2.1343934535980225

*** Epoch 1, batch 408/520 ***
Training fitness: 0.7502185968707054
Model size: (20, 24)
Validation fitness: 0.7776178440413671 
Elapsed: 2.199716329574585

*** Epoch 1, batch 409/520 ***
Training fitness: 0.8307061088165788
Model size: (27, 26)
Validation fitness: 0.7874236081148319 
Elapsed: 2.2816760540008545

*** Epoch 1, batch 410/520 ***
Training fitness: 0.7704666364674692
Model size: (20, 24)
Validation fitness: 0.7651125701372274 
Elapsed: 2.2107999324798584

*** Epoch 1, batch 411/520 ***
Training fitness: 0.7842695999812676
Model size: (20, 29)
Validation fitness: 0.7776898491817755 
Elapsed: 2.4535675048828125

*** Epoch 1, batch 412/520 ***
Training fitness: 0.7593715831431233
Model size: (22, 25)
Validation fitness: 0.771608819225287 
Elapsed: 2.5273420810699463

*** Epoch 1, batch 413/520 ***
Training fitness: 0.7716599781059887
Model size: (21, 22)
Validation fitness: 0.7783070248504506 
Elapsed: 2.339825391769409

*** Epoch 1, batch 414/520 ***
Training fitness: 0.8327750769616286
Model size: (18, 26)
Validation fitness: 0.7878894774256688 
Elapsed: 2.3627264499664307

*** Epoch 1, batch 415/520 ***
Training fitness: 0.8375211870712178
Model size: (21, 26)
Validation fitness: 0.7759540124242547 
Elapsed: 2.5599422454833984

*** Epoch 1, batch 416/520 ***
Training fitness: 0.8077527434616101
Model size: (28, 37)
Validation fitness: 0.7823536906579832 
Elapsed: 4.09709358215332

*** Epoch 1, batch 417/520 ***
Training fitness: 0.829817702318931
Model size: (21, 24)
Validation fitness: 0.7723410895596522 
Elapsed: 4.197996616363525

*** Epoch 1, batch 418/520 ***
Training fitness: 0.7894903767073949
Model size: (19, 27)
Validation fitness: 0.7762508665916729 
Elapsed: 4.486714601516724

*** Epoch 1, batch 419/520 ***
Training fitness: 0.828513806437147
Model size: (26, 34)
Validation fitness: 0.7877690582519241 
Elapsed: 4.595273733139038

*** Epoch 1, batch 420/520 ***
Training fitness: 0.8387584415323345
Model size: (24, 28)
Validation fitness: 0.7762473675864382 
Elapsed: 4.310562372207642

*** Epoch 1, batch 421/520 ***
Training fitness: 0.8187923936578021
Model size: (23, 27)
Validation fitness: 0.7832127917634188 
Elapsed: 4.334537506103516

*** Epoch 1, batch 422/520 ***
Training fitness: 0.7936268451264724
Model size: (39, 52)
Validation fitness: 0.7768444094732556 
Elapsed: 4.511904716491699

*** Epoch 1, batch 423/520 ***
Training fitness: 0.8507009868362839
Model size: (23, 25)
Validation fitness: 0.7854643833665998 
Elapsed: 4.4018800258636475

*** Epoch 1, batch 424/520 ***
Training fitness: 0.7966062842179408
Model size: (23, 27)
Validation fitness: 0.7868589387882744 
Elapsed: 4.181468725204468

*** Epoch 1, batch 425/520 ***
Training fitness: 0.7701810887214598
Model size: (24, 27)
Validation fitness: 0.7849090549560754 
Elapsed: 4.383413314819336

*** Epoch 1, batch 426/520 ***
Training fitness: 0.784627953644927
Model size: (25, 31)
Validation fitness: 0.7866057503812925 
Elapsed: 4.2978479862213135

*** Epoch 1, batch 427/520 ***
Training fitness: 0.7861478238254789
Model size: (27, 33)
Validation fitness: 0.7811515094745953 
Elapsed: 2.5022785663604736

*** Epoch 1, batch 428/520 ***
Training fitness: 0.7753505347914342
Model size: (14, 15)
Validation fitness: 0.7911628188722847 
Elapsed: 2.221958875656128

*** Epoch 1, batch 429/520 ***
Training fitness: 0.8570159062874557
Model size: (14, 15)
Validation fitness: 0.7911628188722847 
Elapsed: 2.127601385116577

*** Epoch 1, batch 430/520 ***
Training fitness: 0.7202807578460336
Model size: (15, 17)
Validation fitness: 0.789872504274382 
Elapsed: 2.2452163696289062

*** Epoch 1, batch 431/520 ***
Training fitness: 0.7809649570889433
Model size: (20, 21)
Validation fitness: 0.759115424273929 
Elapsed: 2.0944249629974365

*** Epoch 1, batch 432/520 ***
Training fitness: 0.7207342957695535
Model size: (25, 29)
Validation fitness: 0.7694306401460141 
Elapsed: 2.109217643737793

*** Epoch 1, batch 433/520 ***
Training fitness: 0.8171955021474561
Model size: (15, 17)
Validation fitness: 0.789872504274382 
Elapsed: 2.121732234954834

*** Epoch 1, batch 434/520 ***
Training fitness: 0.8122533159237538
Model size: (29, 33)
Validation fitness: 0.7730210715535917 
Elapsed: 2.19661808013916

*** Epoch 1, batch 435/520 ***
Training fitness: 0.8147627776465882
Model size: (14, 16)
Validation fitness: 0.7908794735710833 
Elapsed: 2.0787770748138428

*** Epoch 1, batch 436/520 ***
Training fitness: 0.7789858508353598
Model size: (26, 35)
Validation fitness: 0.7851918941663676 
Elapsed: 2.11012601852417

*** Epoch 1, batch 437/520 ***
Training fitness: 0.7677185221475784
Model size: (29, 32)
Validation fitness: 0.7790580441849376 
Elapsed: 2.1163017749786377

*** Epoch 1, batch 438/520 ***
Training fitness: 0.8084520834544433
Model size: (29, 31)
Validation fitness: 0.7789615009331042 
Elapsed: 2.3318424224853516

*** Epoch 1, batch 439/520 ***
Training fitness: 0.8121954827967218
Model size: (25, 35)
Validation fitness: 0.7804793165232095 
Elapsed: 2.287083625793457

*** Epoch 1, batch 440/520 ***
Training fitness: 0.7715556886936132
Model size: (22, 22)
Validation fitness: 0.7639926355149109 
Elapsed: 2.445115804672241

*** Epoch 1, batch 441/520 ***
Training fitness: 0.7923295698431309
Model size: (23, 29)
Validation fitness: 0.7863388846058732 
Elapsed: 2.3410251140594482

*** Epoch 1, batch 442/520 ***
Training fitness: 0.8233076320407587
Model size: (20, 27)
Validation fitness: 0.7922292010397555 
Elapsed: 2.303877592086792

*** Epoch 1, batch 443/520 ***
Training fitness: 0.7863746519107173
Model size: (20, 29)
Validation fitness: 0.7847109922941884 
Elapsed: 2.304718255996704

*** Epoch 1, batch 444/520 ***
Training fitness: 0.8605734522204753
Model size: (25, 31)
Validation fitness: 0.787918879206496 
Elapsed: 2.3349592685699463

*** Epoch 1, batch 445/520 ***
Training fitness: 0.8040729822715567
Model size: (20, 32)
Validation fitness: 0.7678032399718961 
Elapsed: 2.5130183696746826

*** Epoch 1, batch 446/520 ***
Training fitness: 0.8180015027678323
Model size: (25, 27)
Validation fitness: 0.7852431798380815 
Elapsed: 2.4082858562469482

*** Epoch 1, batch 447/520 ***
Training fitness: 0.9013800052729105
Model size: (27, 31)
Validation fitness: 0.7885963559235967 
Elapsed: 2.336360454559326

*** Epoch 1, batch 448/520 ***
Training fitness: 0.846051180375714
Model size: (22, 28)
Validation fitness: 0.7938213882510421 
Elapsed: 2.281001567840576

*** Epoch 1, batch 449/520 ***
Training fitness: 0.7778891461648777
Model size: (22, 26)
Validation fitness: 0.7883300662722936 
Elapsed: 2.5063700675964355

*** Epoch 1, batch 450/520 ***
Training fitness: 0.781305353294659
Model size: (24, 25)
Validation fitness: 0.7559663995658366 
Elapsed: 2.4849236011505127

*** Epoch 1, batch 451/520 ***
Training fitness: 0.8210639792329332
Model size: (25, 27)
Validation fitness: 0.8076611814347445 
Elapsed: 2.624019145965576

*** Epoch 1, batch 452/520 ***
Training fitness: 0.8494822180269428
Model size: (24, 28)
Validation fitness: 0.8331160675229128 
Elapsed: 2.5456414222717285

*** Epoch 1, batch 453/520 ***
Training fitness: 0.8095421917326289
Model size: (24, 28)
Validation fitness: 0.8331160675229128 
Elapsed: 2.6634790897369385

*** Epoch 1, batch 454/520 ***
Training fitness: 0.8677868006013222
Model size: (24, 28)
Validation fitness: 0.8141493395146363 
Elapsed: 2.6362967491149902

*** Epoch 1, batch 455/520 ***
Training fitness: 0.8444728508418954
Model size: (24, 28)
Validation fitness: 0.8331160675229128 
Elapsed: 2.538813591003418

*** Epoch 1, batch 456/520 ***
Training fitness: 0.8484160617381953
Model size: (24, 28)
Validation fitness: 0.8331160675229128 
Elapsed: 2.507953405380249

*** Epoch 1, batch 457/520 ***
Training fitness: 0.8440671838489181
Model size: (24, 28)
Validation fitness: 0.8141493395146363 
Elapsed: 2.721966028213501

*** Epoch 1, batch 458/520 ***
Training fitness: 0.8869487771486438
Model size: (24, 29)
Validation fitness: 0.8323096344173163 
Elapsed: 2.5935328006744385

*** Epoch 1, batch 459/520 ***
Training fitness: 0.8466350422661179
Model size: (24, 29)
Validation fitness: 0.8323096344173163 
Elapsed: 2.523591995239258

*** Epoch 1, batch 460/520 ***
Training fitness: 0.852347186594598
Model size: (29, 28)
Validation fitness: 0.7702089637183159 
Elapsed: 2.306929111480713

*** Epoch 1, batch 461/520 ***
Training fitness: 0.8588614976523973
Model size: (24, 26)
Validation fitness: 0.8251844173070714 
Elapsed: 2.6094970703125

*** Epoch 1, batch 462/520 ***
Training fitness: 0.7981717092484807
Model size: (24, 26)
Validation fitness: 0.8251844173070714 
Elapsed: 2.4469847679138184

*** Epoch 1, batch 463/520 ***
Training fitness: 0.7807426765932688
Model size: (24, 25)
Validation fitness: 0.7872206076286841 
Elapsed: 2.529346466064453

*** Epoch 1, batch 464/520 ***
Training fitness: 0.8557313449481568
Model size: (23, 24)
Validation fitness: 0.8255639763367494 
Elapsed: 2.481341600418091

*** Epoch 1, batch 465/520 ***
Training fitness: 0.8189230248533256
Model size: (24, 30)
Validation fitness: 0.82567544322474 
Elapsed: 2.585066318511963

*** Epoch 1, batch 466/520 ***
Training fitness: 0.8848575112273599
Model size: (23, 29)
Validation fitness: 0.8454513035150519 
Elapsed: 2.5432400703430176

*** Epoch 1, batch 467/520 ***
Training fitness: 0.8846428439400107
Model size: (23, 29)
Validation fitness: 0.8454513035150519 
Elapsed: 2.6134512424468994

*** Epoch 1, batch 468/520 ***
Training fitness: 0.8713212771439837
Model size: (23, 29)
Validation fitness: 0.8454513035150519 
Elapsed: 2.440293312072754

*** Epoch 1, batch 469/520 ***
Training fitness: 0.8549852197240615
Model size: (23, 29)
Validation fitness: 0.8454513035150519 
Elapsed: 2.5256636142730713

*** Epoch 1, batch 470/520 ***
Training fitness: 0.8924314880605606
Model size: (23, 29)
Validation fitness: 0.8454513035150519 
Elapsed: 2.4554314613342285

*** Epoch 1, batch 471/520 ***
Training fitness: 0.9140310662431959
Model size: (22, 26)
Validation fitness: 0.8461897146467742 
Elapsed: 2.446164608001709

*** Epoch 1, batch 472/520 ***
Training fitness: 0.8603322120933136
Model size: (23, 27)
Validation fitness: 0.8311124728865257 
Elapsed: 2.3161706924438477

*** Epoch 1, batch 473/520 ***
Training fitness: 0.8622902826737104
Model size: (23, 29)
Validation fitness: 0.8454513035150519 
Elapsed: 2.5305662155151367

*** Epoch 1, batch 474/520 ***
Training fitness: 0.8558687051749554
Model size: (24, 28)
Validation fitness: 0.8492060140714327 
Elapsed: 2.2737016677856445

*** Epoch 1, batch 475/520 ***
Training fitness: 0.7953854871618488
Model size: (25, 39)
Validation fitness: 0.7796552897299565 
Elapsed: 2.2131848335266113

*** Epoch 1, batch 476/520 ***
Training fitness: 0.7749868086968557
Model size: (21, 28)
Validation fitness: 0.7894903143172696 
Elapsed: 2.1726157665252686

*** Epoch 1, batch 477/520 ***
Training fitness: 0.8739340483567464
Model size: (34, 38)
Validation fitness: 0.764317825689094 
Elapsed: 2.205622434616089

*** Epoch 1, batch 478/520 ***
Training fitness: 0.8283159185371335
Model size: (27, 32)
Validation fitness: 0.7866614163919873 
Elapsed: 2.374368667602539

*** Epoch 1, batch 479/520 ***
Training fitness: 0.8307061088165788
Model size: (30, 34)
Validation fitness: 0.778624388382401 
Elapsed: 2.1824796199798584

*** Epoch 1, batch 480/520 ***
Training fitness: 0.7946610638118009
Model size: (24, 40)
Validation fitness: 0.7798257590493861 
Elapsed: 2.28110408782959

*** Epoch 1, batch 481/520 ***
Training fitness: 0.8143085364345367
Model size: (25, 41)
Validation fitness: 0.7869038255460032 
Elapsed: 2.121394634246826

*** Epoch 1, batch 482/520 ***
Training fitness: 0.7611534183919973
Model size: (22, 30)
Validation fitness: 0.7632545353360486 
Elapsed: 2.1737020015716553

*** Epoch 1, batch 483/520 ***
Training fitness: 0.815371449458894
Model size: (25, 43)
Validation fitness: 0.7811593227833435 
Elapsed: 2.4169223308563232

*** Epoch 1, batch 484/520 ***
Training fitness: 0.8053732348449838
Model size: (27, 45)
Validation fitness: 0.7637369114032678 
Elapsed: 2.13201904296875

*** Epoch 1, batch 485/520 ***
Training fitness: 0.8747401278454462
Model size: (26, 45)
Validation fitness: 0.8101820813162236 
Elapsed: 2.251688241958618

*** Epoch 1, batch 486/520 ***
Training fitness: 0.8490622049724906
Model size: (23, 26)
Validation fitness: 0.7782458217688326 
Elapsed: 2.280388832092285

*** Epoch 1, batch 487/520 ***
Training fitness: 0.8444233728885883
Model size: (25, 42)
Validation fitness: 0.7918721048159173 
Elapsed: 2.2613492012023926

*** Epoch 1, batch 488/520 ***
Training fitness: 0.889364485464795
Model size: (26, 43)
Validation fitness: 0.8055384058457817 
Elapsed: 2.226043939590454

*** Epoch 1, batch 489/520 ***
Training fitness: 0.9144184874840379
Model size: (27, 45)
Validation fitness: 0.8165386398063665 
Elapsed: 2.1984190940856934

*** Epoch 1, batch 490/520 ***
Training fitness: 0.8014235778492539
Model size: (26, 43)
Validation fitness: 0.8055384058457817 
Elapsed: 2.3083927631378174

*** Epoch 1, batch 491/520 ***
Training fitness: 0.8357364780315109
Model size: (25, 38)
Validation fitness: 0.8104290008654251 
Elapsed: 2.127145528793335

*** Epoch 1, batch 492/520 ***
Training fitness: 0.830344562405825
Model size: (24, 35)
Validation fitness: 0.7582884844029311 
Elapsed: 2.210271120071411

*** Epoch 1, batch 493/520 ***
Training fitness: 0.84138567075952
Model size: (25, 38)
Validation fitness: 0.8104290008654251 
Elapsed: 2.151890516281128

*** Epoch 1, batch 494/520 ***
Training fitness: 0.8838267080127573
Model size: (26, 41)
Validation fitness: 0.8118381645811961 
Elapsed: 2.206475019454956

*** Epoch 1, batch 495/520 ***
Training fitness: 0.7789858508353598
Model size: (22, 23)
Validation fitness: 0.7872098801371077 
Elapsed: 2.0316781997680664

*** Epoch 1, batch 496/520 ***
Training fitness: 0.858136625155313
Model size: (26, 42)
Validation fitness: 0.8123484673549064 
Elapsed: 2.162341594696045

*** Epoch 1, batch 497/520 ***
Training fitness: 0.8321737593902051
Model size: (25, 37)
Validation fitness: 0.8146753623323824 
Elapsed: 2.1189403533935547

*** Epoch 1, batch 498/520 ***
Training fitness: 0.8307061088165788
Model size: (26, 34)
Validation fitness: 0.7759958847813279 
Elapsed: 2.289790153503418

*** Epoch 1, batch 499/520 ***
Training fitness: 0.82367693532278
Model size: (25, 36)
Validation fitness: 0.8119180679656007 
Elapsed: 2.076876401901245

*** Epoch 1, batch 500/520 ***
Training fitness: 0.8205898287530771
Model size: (26, 36)
Validation fitness: 0.8158514446936761 
Elapsed: 2.0371181964874268

*** Epoch 1, batch 501/520 ***
Training fitness: 0.8053639995949007
Model size: (25, 36)
Validation fitness: 0.8119180679656007 
Elapsed: 2.257467031478882

*** Epoch 1, batch 502/520 ***
Training fitness: 0.8406248463371138
Model size: (25, 36)
Validation fitness: 0.8119180679656007 
Elapsed: 2.0263969898223877

*** Epoch 1, batch 503/520 ***
Training fitness: 0.8706393619247024
Model size: (25, 39)
Validation fitness: 0.8169621019416878 
Elapsed: 2.082679033279419

*** Epoch 1, batch 504/520 ***
Training fitness: 0.8490574826125626
Model size: (25, 35)
Validation fitness: 0.8077356180890566 
Elapsed: 2.0641984939575195

*** Epoch 1, batch 505/520 ***
Training fitness: 0.8824631826671999
Model size: (25, 35)
Validation fitness: 0.812175784145989 
Elapsed: 2.200911045074463

*** Epoch 1, batch 506/520 ***
Training fitness: 0.7968253968253968
Model size: (25, 36)
Validation fitness: 0.7659387041808573 
Elapsed: 2.143033504486084

*** Epoch 1, batch 507/520 ***
Training fitness: 0.8282716509505247
Model size: (25, 35)
Validation fitness: 0.812175784145989 
Elapsed: 2.1745493412017822

*** Epoch 1, batch 508/520 ***
Training fitness: 0.8058961439151825
Model size: (25, 32)
Validation fitness: 0.8006840572755 
Elapsed: 2.2063839435577393

*** Epoch 1, batch 509/520 ***
Training fitness: 0.8216062951553752
Model size: (25, 35)
Validation fitness: 0.812175784145989 
Elapsed: 2.148242712020874

*** Epoch 1, batch 510/520 ***
Training fitness: 0.8913696885516293
Model size: (25, 33)
Validation fitness: 0.7945871856010044 
Elapsed: 2.0233309268951416

*** Epoch 1, batch 511/520 ***
Training fitness: 0.7978134206096489
Model size: (26, 34)
Validation fitness: 0.8079072838205786 
Elapsed: 2.0665669441223145

*** Epoch 1, batch 512/520 ***
Training fitness: 0.8488425818064955
Model size: (26, 34)
Validation fitness: 0.8008497238628891 
Elapsed: 2.0573556423187256

*** Epoch 1, batch 513/520 ***
Training fitness: 0.8393310775234207
Model size: (27, 37)
Validation fitness: 0.7886124811527222 
Elapsed: 2.0511631965637207

*** Epoch 1, batch 514/520 ***
Training fitness: 0.8577825980700187
Model size: (27, 39)
Validation fitness: 0.8131993543054284 
Elapsed: 2.046692132949829

*** Epoch 1, batch 515/520 ***
Training fitness: 0.8150914703110473
Model size: (27, 39)
Validation fitness: 0.8131993543054284 
Elapsed: 2.149948835372925

*** Epoch 1, batch 516/520 ***
Training fitness: 0.7954100596917036
Model size: (26, 33)
Validation fitness: 0.8024299140190739 
Elapsed: 1.9923560619354248

*** Epoch 1, batch 517/520 ***
Training fitness: 0.8551242565085805
Model size: (28, 40)
Validation fitness: 0.8010026055853647 
Elapsed: 2.0550155639648438

*** Epoch 1, batch 518/520 ***
Training fitness: 0.8152469555160073
Model size: (28, 38)
Validation fitness: 0.8046343116687619 
Elapsed: 2.0611987113952637

*** Epoch 1, batch 519/520 ***
Training fitness: 0.8423928497495674
Model size: (28, 38)
Validation fitness: 0.8046343116687619 
Elapsed: 2.046149730682373

*** Epoch 1, batch 520/520 ***
Training fitness: 0.7933450053187738
Model size: (28, 42)
Validation fitness: 0.8013321115415247 
Elapsed: 2.066734790802002

Total train time: 1270.6706840991974
Test time: 0.37968969345092773
Test fitness: 0.8670878388867393
Test statistics: Stats(total=14791, total_true=7158, total_false=7633, true_positive=6339, true_negative=7449, false_positive=184, false_negative=819, tpr=0.8855825649622799, tnr=0.9758941438490764, ppv=0.9717921201900965, npv=0.9009433962264151, accuracy=0.9321884930025015, f1=0.9266866457130327, mcc=0.8670878388867393)
