Configuration:
Dataset: nsl_kdd
Selector: pca
Fold: 8
Fitness: zero_sum
Batch size: 256
Epochs: 1
Config args: {}
*** Epoch 1, batch 1/520 ***
Training fitness: 0.8996608078939254
Model size: (1, 12)
Validation fitness: 0.8660615515436177 !!!
Elapsed: 3.799893856048584

*** Epoch 1, batch 2/520 ***
Training fitness: 0.880022081825431
Model size: (1, 11)
Validation fitness: 0.8666335345685714 !!!
Elapsed: 3.9458301067352295

*** Epoch 1, batch 3/520 ***
Training fitness: 0.8952834799608993
Model size: (1, 10)
Validation fitness: 0.901685475800769 !!!
Elapsed: 4.107853889465332

*** Epoch 1, batch 4/520 ***
Training fitness: 0.8867521367521367
Model size: (1, 10)
Validation fitness: 0.8749128340518632 
Elapsed: 3.9743974208831787

*** Epoch 1, batch 5/520 ***
Training fitness: 0.9023473317439942
Model size: (2, 11)
Validation fitness: 0.897156803589874 
Elapsed: 4.128129243850708

*** Epoch 1, batch 6/520 ***
Training fitness: 0.9365020879390813
Model size: (1, 10)
Validation fitness: 0.9119097410713344 !!!
Elapsed: 4.621117115020752

*** Epoch 1, batch 7/520 ***
Training fitness: 0.9525558616467708
Model size: (3, 15)
Validation fitness: 0.9103014578807104 
Elapsed: 4.285964727401733

*** Epoch 1, batch 8/520 ***
Training fitness: 0.930510585305106
Model size: (3, 15)
Validation fitness: 0.9030944021507822 
Elapsed: 4.4970862865448

*** Epoch 1, batch 9/520 ***
Training fitness: 0.9238282468950884
Model size: (3, 11)
Validation fitness: 0.9001838142617121 
Elapsed: 4.399705410003662

*** Epoch 1, batch 10/520 ***
Training fitness: 0.9227480916030535
Model size: (2, 12)
Validation fitness: 0.8988577303701846 
Elapsed: 4.222921133041382

*** Epoch 1, batch 11/520 ***
Training fitness: 0.9244043232620978
Model size: (2, 11)
Validation fitness: 0.9032983389592437 
Elapsed: 4.331183433532715

*** Epoch 1, batch 12/520 ***
Training fitness: 0.9337202771016665
Model size: (4, 14)
Validation fitness: 0.9096317017020773 
Elapsed: 4.504501104354858

*** Epoch 1, batch 13/520 ***
Training fitness: 0.9237745098039215
Model size: (5, 15)
Validation fitness: 0.9034418018722029 
Elapsed: 4.338889122009277

*** Epoch 1, batch 14/520 ***
Training fitness: 0.8951341769056789
Model size: (3, 10)
Validation fitness: 0.8960085323701868 
Elapsed: 4.273636817932129

*** Epoch 1, batch 15/520 ***
Training fitness: 0.9298407427903831
Model size: (3, 11)
Validation fitness: 0.9176714871866423 !!!
Elapsed: 4.300777435302734

*** Epoch 1, batch 16/520 ***
Training fitness: 0.921875
Model size: (2, 8)
Validation fitness: 0.9053366444913172 
Elapsed: 4.336061239242554

*** Epoch 1, batch 17/520 ***
Training fitness: 0.9253421309872922
Model size: (4, 11)
Validation fitness: 0.8971896511193002 
Elapsed: 4.658405065536499

*** Epoch 1, batch 18/520 ***
Training fitness: 0.9436227489324833
Model size: (4, 13)
Validation fitness: 0.9209653634252122 !!!
Elapsed: 4.800799369812012

*** Epoch 1, batch 19/520 ***
Training fitness: 0.9055524810920494
Model size: (3, 11)
Validation fitness: 0.9067172116803983 
Elapsed: 4.669760704040527

*** Epoch 1, batch 20/520 ***
Training fitness: 0.9044284510147182
Model size: (1, 7)
Validation fitness: 0.9061754014836458 
Elapsed: 3.3617489337921143

*** Epoch 1, batch 21/520 ***
Training fitness: 0.9465130759651308
Model size: (3, 13)
Validation fitness: 0.9120743451158929 
Elapsed: 2.505828380584717

*** Epoch 1, batch 22/520 ***
Training fitness: 0.9213675213675214
Model size: (5, 13)
Validation fitness: 0.9142252995372253 
Elapsed: 2.59768009185791

*** Epoch 1, batch 23/520 ***
Training fitness: 0.9228617106314948
Model size: (6, 15)
Validation fitness: 0.9194537175562405 
Elapsed: 2.564310312271118

*** Epoch 1, batch 24/520 ***
Training fitness: 0.9092824427480916
Model size: (4, 13)
Validation fitness: 0.9209653634252122 
Elapsed: 2.5680694580078125

*** Epoch 1, batch 25/520 ***
Training fitness: 0.9325496183206107
Model size: (4, 13)
Validation fitness: 0.9196385100990856 
Elapsed: 2.521587610244751

*** Epoch 1, batch 26/520 ***
Training fitness: 0.9503807418324736
Model size: (4, 13)
Validation fitness: 0.9196385100990856 
Elapsed: 2.6046576499938965

*** Epoch 1, batch 27/520 ***
Training fitness: 0.9186074943456201
Model size: (4, 12)
Validation fitness: 0.9098332386073849 
Elapsed: 2.4649407863616943

*** Epoch 1, batch 28/520 ***
Training fitness: 0.9221754257462004
Model size: (5, 14)
Validation fitness: 0.9280534132705045 !!!
Elapsed: 2.6567535400390625

*** Epoch 1, batch 29/520 ***
Training fitness: 0.9375
Model size: (4, 11)
Validation fitness: 0.914053257624877 
Elapsed: 2.465895891189575

*** Epoch 1, batch 30/520 ***
Training fitness: 0.9539961970189537
Model size: (4, 8)
Validation fitness: 0.9201582265309257 
Elapsed: 2.3437001705169678

*** Epoch 1, batch 31/520 ***
Training fitness: 0.9358879882092852
Model size: (5, 14)
Validation fitness: 0.9280534132705045 
Elapsed: 2.5330939292907715

*** Epoch 1, batch 32/520 ***
Training fitness: 0.936996336996337
Model size: (5, 14)
Validation fitness: 0.9280534132705045 
Elapsed: 2.4434280395507812

*** Epoch 1, batch 33/520 ***
Training fitness: 0.9362170087976539
Model size: (4, 8)
Validation fitness: 0.9201582265309257 
Elapsed: 2.4785420894622803

*** Epoch 1, batch 34/520 ***
Training fitness: 0.9210654936461388
Model size: (7, 15)
Validation fitness: 0.9061759877195307 
Elapsed: 2.682114362716675

*** Epoch 1, batch 35/520 ***
Training fitness: 0.8982481840932675
Model size: (5, 14)
Validation fitness: 0.9189285601225936 
Elapsed: 2.634535312652588

*** Epoch 1, batch 36/520 ***
Training fitness: 0.9455442491520196
Model size: (5, 14)
Validation fitness: 0.9189285601225936 
Elapsed: 2.557912826538086

*** Epoch 1, batch 37/520 ***
Training fitness: 0.9468625650443833
Model size: (4, 13)
Validation fitness: 0.9159538160438692 
Elapsed: 2.447422981262207

*** Epoch 1, batch 38/520 ***
Training fitness: 0.9393143143143144
Model size: (5, 15)
Validation fitness: 0.9154139111137427 
Elapsed: 2.484380006790161

*** Epoch 1, batch 39/520 ***
Training fitness: 0.940062893081761
Model size: (3, 11)
Validation fitness: 0.9191824918601147 
Elapsed: 2.4091711044311523

*** Epoch 1, batch 40/520 ***
Training fitness: 0.9326735092864125
Model size: (3, 11)
Validation fitness: 0.9191824918601147 
Elapsed: 2.4626805782318115

*** Epoch 1, batch 41/520 ***
Training fitness: 0.9568376068376069
Model size: (5, 15)
Validation fitness: 0.9158184321941989 
Elapsed: 2.472158670425415

*** Epoch 1, batch 42/520 ***
Training fitness: 0.911304135062393
Model size: (6, 10)
Validation fitness: 0.913905031545353 
Elapsed: 2.4044816493988037

*** Epoch 1, batch 43/520 ***
Training fitness: 0.9219211822660099
Model size: (5, 16)
Validation fitness: 0.9166468018194417 
Elapsed: 2.437711477279663

*** Epoch 1, batch 44/520 ***
Training fitness: 0.9441832061068702
Model size: (7, 15)
Validation fitness: 0.9105932751122934 
Elapsed: 2.6682982444763184

*** Epoch 1, batch 45/520 ***
Training fitness: 0.9021793275217933
Model size: (5, 12)
Validation fitness: 0.9081171063338098 
Elapsed: 2.399231195449829

*** Epoch 1, batch 46/520 ***
Training fitness: 0.9426920960938933
Model size: (3, 7)
Validation fitness: 0.9063988489551518 
Elapsed: 2.2898969650268555

*** Epoch 1, batch 47/520 ***
Training fitness: 0.9146684609738195
Model size: (7, 15)
Validation fitness: 0.9150079794031885 
Elapsed: 2.486893892288208

*** Epoch 1, batch 48/520 ***
Training fitness: 0.9433497536945814
Model size: (6, 11)
Validation fitness: 0.9073812520591535 
Elapsed: 2.4799976348876953

*** Epoch 1, batch 49/520 ***
Training fitness: 0.8967457793002201
Model size: (7, 15)
Validation fitness: 0.9229606538992307 
Elapsed: 2.4127397537231445

*** Epoch 1, batch 50/520 ***
Training fitness: 0.9113943395073049
Model size: (5, 16)
Validation fitness: 0.9166468018194417 
Elapsed: 2.3615052700042725

*** Epoch 1, batch 51/520 ***
Training fitness: 0.9202273977626995
Model size: (7, 15)
Validation fitness: 0.9150079794031885 
Elapsed: 2.5896406173706055

*** Epoch 1, batch 52/520 ***
Training fitness: 0.9379960317460316
Model size: (6, 9)
Validation fitness: 0.9188982040956785 
Elapsed: 2.296938896179199

*** Epoch 1, batch 53/520 ***
Training fitness: 0.8788304312550708
Model size: (1, 6)
Validation fitness: 0.9143854152132902 
Elapsed: 2.20666241645813

*** Epoch 1, batch 54/520 ***
Training fitness: 0.9205330399168654
Model size: (7, 12)
Validation fitness: 0.9065768814654491 
Elapsed: 2.3050854206085205

*** Epoch 1, batch 55/520 ***
Training fitness: 0.9374044868268231
Model size: (5, 9)
Validation fitness: 0.9121449865400241 
Elapsed: 2.2551331520080566

*** Epoch 1, batch 56/520 ***
Training fitness: 0.9232758620689655
Model size: (6, 12)
Validation fitness: 0.9132452596966346 
Elapsed: 2.2840240001678467

*** Epoch 1, batch 57/520 ***
Training fitness: 0.9383443871284698
Model size: (1, 6)
Validation fitness: 0.9065664940983633 
Elapsed: 2.1989798545837402

*** Epoch 1, batch 58/520 ***
Training fitness: 0.927579365079365
Model size: (5, 15)
Validation fitness: 0.9012652545905201 
Elapsed: 2.3835525512695312

*** Epoch 1, batch 59/520 ***
Training fitness: 0.9149910840558323
Model size: (11, 19)
Validation fitness: 0.9088653082017917 
Elapsed: 2.5450551509857178

*** Epoch 1, batch 60/520 ***
Training fitness: 0.9232843137254901
Model size: (4, 10)
Validation fitness: 0.9065277475703454 
Elapsed: 2.417323112487793

*** Epoch 1, batch 61/520 ***
Training fitness: 0.9219479243429133
Model size: (6, 17)
Validation fitness: 0.9063125990005851 
Elapsed: 2.476978063583374

*** Epoch 1, batch 62/520 ***
Training fitness: 0.9519207242476144
Model size: (6, 12)
Validation fitness: 0.9116078479104794 
Elapsed: 2.342517614364624

*** Epoch 1, batch 63/520 ***
Training fitness: 0.9036567772690208
Model size: (3, 7)
Validation fitness: 0.9107001715619317 
Elapsed: 2.165374755859375

*** Epoch 1, batch 64/520 ***
Training fitness: 0.9222873900293256
Model size: (5, 9)
Validation fitness: 0.9141355138474778 
Elapsed: 2.2387232780456543

*** Epoch 1, batch 65/520 ***
Training fitness: 0.9170792835747906
Model size: (4, 8)
Validation fitness: 0.9108376438769421 
Elapsed: 2.220475435256958

*** Epoch 1, batch 66/520 ***
Training fitness: 0.9090964853094523
Model size: (4, 8)
Validation fitness: 0.9134020594759755 
Elapsed: 2.3025035858154297

*** Epoch 1, batch 67/520 ***
Training fitness: 0.9203550658096112
Model size: (7, 15)
Validation fitness: 0.9149463696756591 
Elapsed: 2.4572675228118896

*** Epoch 1, batch 68/520 ***
Training fitness: 0.8999263939152303
Model size: (4, 8)
Validation fitness: 0.919777118246123 
Elapsed: 2.300583600997925

*** Epoch 1, batch 69/520 ***
Training fitness: 0.913919413919414
Model size: (4, 8)
Validation fitness: 0.9112054152953631 
Elapsed: 2.354274034500122

*** Epoch 1, batch 70/520 ***
Training fitness: 0.9110837438423646
Model size: (4, 8)
Validation fitness: 0.919777118246123 
Elapsed: 2.3589465618133545

*** Epoch 1, batch 71/520 ***
Training fitness: 0.9064273942501374
Model size: (4, 8)
Validation fitness: 0.919777118246123 
Elapsed: 2.3681976795196533

*** Epoch 1, batch 72/520 ***
Training fitness: 0.9291666666666667
Model size: (7, 14)
Validation fitness: 0.907990112985242 
Elapsed: 2.440431833267212

*** Epoch 1, batch 73/520 ***
Training fitness: 0.9131455399061034
Model size: (6, 12)
Validation fitness: 0.9051906351162331 
Elapsed: 2.3463220596313477

*** Epoch 1, batch 74/520 ***
Training fitness: 0.9159313725490196
Model size: (4, 8)
Validation fitness: 0.9134020594759755 
Elapsed: 2.3329596519470215

*** Epoch 1, batch 75/520 ***
Training fitness: 0.9145087235996328
Model size: (6, 10)
Validation fitness: 0.906574426602681 
Elapsed: 2.3960275650024414

*** Epoch 1, batch 76/520 ***
Training fitness: 0.9172375825789088
Model size: (2, 6)
Validation fitness: 0.8737347014417884 
Elapsed: 2.299809694290161

*** Epoch 1, batch 77/520 ***
Training fitness: 0.9365496183206107
Model size: (5, 11)
Validation fitness: 0.9067383528119977 
Elapsed: 2.367064952850342

*** Epoch 1, batch 78/520 ***
Training fitness: 0.9190726694396868
Model size: (3, 9)
Validation fitness: 0.9113060463489815 
Elapsed: 2.321316719055176

*** Epoch 1, batch 79/520 ***
Training fitness: 0.9411279985350668
Model size: (5, 8)
Validation fitness: 0.9154174468489235 
Elapsed: 2.4512460231781006

*** Epoch 1, batch 80/520 ***
Training fitness: 0.9377289377289377
Model size: (7, 16)
Validation fitness: 0.9121761120015383 
Elapsed: 2.5575568675994873

*** Epoch 1, batch 81/520 ***
Training fitness: 0.9383443871284697
Model size: (7, 14)
Validation fitness: 0.9048652925199819 
Elapsed: 2.3953473567962646

*** Epoch 1, batch 82/520 ***
Training fitness: 0.9152902902902903
Model size: (5, 8)
Validation fitness: 0.9092246891191103 
Elapsed: 2.4587950706481934

*** Epoch 1, batch 83/520 ***
Training fitness: 0.9292744055260101
Model size: (7, 15)
Validation fitness: 0.918353627598344 
Elapsed: 2.518139600753784

*** Epoch 1, batch 84/520 ***
Training fitness: 0.9295000915583226
Model size: (8, 12)
Validation fitness: 0.9147122600389964 
Elapsed: 2.507378339767456

*** Epoch 1, batch 85/520 ***
Training fitness: 0.940732824427481
Model size: (7, 15)
Validation fitness: 0.918353627598344 
Elapsed: 2.536196708679199

*** Epoch 1, batch 86/520 ***
Training fitness: 0.9212488350419386
Model size: (5, 6)
Validation fitness: 0.9116738177674027 
Elapsed: 2.3903591632843018

*** Epoch 1, batch 87/520 ***
Training fitness: 0.9569370689128975
Model size: (7, 15)
Validation fitness: 0.918353627598344 
Elapsed: 2.467651128768921

*** Epoch 1, batch 88/520 ***
Training fitness: 0.9428326074955529
Model size: (7, 11)
Validation fitness: 0.9108432680774629 
Elapsed: 2.479396104812622

*** Epoch 1, batch 89/520 ***
Training fitness: 0.918272794662713
Model size: (6, 14)
Validation fitness: 0.9075689025019376 
Elapsed: 2.5901782512664795

*** Epoch 1, batch 90/520 ***
Training fitness: 0.9199657869012708
Model size: (5, 13)
Validation fitness: 0.9064576007827422 
Elapsed: 2.4527459144592285

*** Epoch 1, batch 91/520 ***
Training fitness: 0.9145249340612157
Model size: (8, 14)
Validation fitness: 0.9164055657528031 
Elapsed: 2.656648635864258

*** Epoch 1, batch 92/520 ***
Training fitness: 0.9410866910866912
Model size: (6, 13)
Validation fitness: 0.9111695266672841 
Elapsed: 2.6589362621307373

*** Epoch 1, batch 93/520 ***
Training fitness: 0.9234809160305343
Model size: (7, 14)
Validation fitness: 0.9139492190751777 
Elapsed: 2.553903579711914

*** Epoch 1, batch 94/520 ***
Training fitness: 0.9390243902439025
Model size: (7, 14)
Validation fitness: 0.9139492190751777 
Elapsed: 2.607670545578003

*** Epoch 1, batch 95/520 ***
Training fitness: 0.9154809160305344
Model size: (8, 12)
Validation fitness: 0.9193106210407094 
Elapsed: 2.4802818298339844

*** Epoch 1, batch 96/520 ***
Training fitness: 0.9222016651248843
Model size: (9, 15)
Validation fitness: 0.9128494955147093 
Elapsed: 2.4382920265197754

*** Epoch 1, batch 97/520 ***
Training fitness: 0.9411964230650631
Model size: (7, 12)
Validation fitness: 0.9120434944524498 
Elapsed: 2.5082316398620605

*** Epoch 1, batch 98/520 ***
Training fitness: 0.9299273637306965
Model size: (7, 12)
Validation fitness: 0.9182855692760807 
Elapsed: 2.526463747024536

*** Epoch 1, batch 99/520 ***
Training fitness: 0.9183892535116237
Model size: (9, 15)
Validation fitness: 0.9089992447816213 
Elapsed: 2.4855968952178955

*** Epoch 1, batch 100/520 ***
Training fitness: 0.9362170087976539
Model size: (8, 17)
Validation fitness: 0.9242998914584258 
Elapsed: 2.6196682453155518

*** Epoch 1, batch 101/520 ***
Training fitness: 0.9128592483419307
Model size: (7, 12)
Validation fitness: 0.9180563144053399 
Elapsed: 2.5335869789123535

*** Epoch 1, batch 102/520 ***
Training fitness: 0.933315021668803
Model size: (8, 15)
Validation fitness: 0.9011016947786314 
Elapsed: 2.650723457336426

*** Epoch 1, batch 103/520 ***
Training fitness: 0.9175059512909723
Model size: (8, 17)
Validation fitness: 0.9242998914584258 
Elapsed: 2.481407880783081

*** Epoch 1, batch 104/520 ***
Training fitness: 0.9305962854349951
Model size: (8, 18)
Validation fitness: 0.924482778734645 
Elapsed: 2.526899576187134

*** Epoch 1, batch 105/520 ***
Training fitness: 0.9459096459096459
Model size: (8, 17)
Validation fitness: 0.9242998914584258 
Elapsed: 2.581831693649292

*** Epoch 1, batch 106/520 ***
Training fitness: 0.9181745690977121
Model size: (4, 11)
Validation fitness: 0.8972634618811841 
Elapsed: 2.3874573707580566

*** Epoch 1, batch 107/520 ***
Training fitness: 0.9397783251231528
Model size: (8, 17)
Validation fitness: 0.9242998914584258 
Elapsed: 2.4569051265716553

*** Epoch 1, batch 108/520 ***
Training fitness: 0.9248533724340176
Model size: (8, 14)
Validation fitness: 0.9207668676185574 
Elapsed: 2.2870259284973145

*** Epoch 1, batch 109/520 ***
Training fitness: 0.8998015873015872
Model size: (8, 14)
Validation fitness: 0.9207668676185574 
Elapsed: 2.321545124053955

*** Epoch 1, batch 110/520 ***
Training fitness: 0.9473941766576952
Model size: (5, 12)
Validation fitness: 0.927287972403532 
Elapsed: 2.286471128463745

*** Epoch 1, batch 111/520 ***
Training fitness: 0.9492904330804992
Model size: (7, 14)
Validation fitness: 0.9133255190532525 
Elapsed: 2.4174399375915527

*** Epoch 1, batch 112/520 ***
Training fitness: 0.9248473748473749
Model size: (5, 12)
Validation fitness: 0.927287972403532 
Elapsed: 2.363882064819336

*** Epoch 1, batch 113/520 ***
Training fitness: 0.9324762779308234
Model size: (5, 12)
Validation fitness: 0.927287972403532 
Elapsed: 2.2403035163879395

*** Epoch 1, batch 114/520 ***
Training fitness: 0.9292938637064446
Model size: (8, 13)
Validation fitness: 0.9136484617463497 
Elapsed: 2.5556633472442627

*** Epoch 1, batch 115/520 ***
Training fitness: 0.942063492063492
Model size: (5, 12)
Validation fitness: 0.927287972403532 
Elapsed: 2.3064889907836914

*** Epoch 1, batch 116/520 ***
Training fitness: 0.9373741073063542
Model size: (5, 12)
Validation fitness: 0.927287972403532 
Elapsed: 2.2903051376342773

*** Epoch 1, batch 117/520 ***
Training fitness: 0.9727106227106228
Model size: (5, 11)
Validation fitness: 0.9294886103161101 !!!
Elapsed: 2.402036428451538

*** Epoch 1, batch 118/520 ***
Training fitness: 0.9456663560111835
Model size: (5, 7)
Validation fitness: 0.9100673482440476 
Elapsed: 2.3606622219085693

*** Epoch 1, batch 119/520 ***
Training fitness: 0.9446078431372549
Model size: (6, 13)
Validation fitness: 0.9286273931614412 
Elapsed: 2.4195666313171387

*** Epoch 1, batch 120/520 ***
Training fitness: 0.9176966119412162
Model size: (6, 13)
Validation fitness: 0.9286273931614412 
Elapsed: 2.371978759765625

*** Epoch 1, batch 121/520 ***
Training fitness: 0.9185648854961832
Model size: (12, 20)
Validation fitness: 0.9133952994434277 
Elapsed: 2.327270746231079

*** Epoch 1, batch 122/520 ***
Training fitness: 0.9200879765395894
Model size: (6, 11)
Validation fitness: 0.9257330916380486 
Elapsed: 2.4519577026367188

*** Epoch 1, batch 123/520 ***
Training fitness: 0.9231076677119843
Model size: (6, 13)
Validation fitness: 0.9286273931614412 
Elapsed: 2.4944353103637695

*** Epoch 1, batch 124/520 ***
Training fitness: 0.9487745098039215
Model size: (6, 13)
Validation fitness: 0.9286273931614412 
Elapsed: 2.5254459381103516

*** Epoch 1, batch 125/520 ***
Training fitness: 0.9340373431282523
Model size: (6, 12)
Validation fitness: 0.9243164526221745 
Elapsed: 2.4409101009368896

*** Epoch 1, batch 126/520 ***
Training fitness: 0.9453125
Model size: (6, 13)
Validation fitness: 0.9286273931614412 
Elapsed: 2.431941270828247

*** Epoch 1, batch 127/520 ***
Training fitness: 0.925106068990961
Model size: (6, 11)
Validation fitness: 0.9257330916380486 
Elapsed: 2.447110176086426

*** Epoch 1, batch 128/520 ***
Training fitness: 0.9144607843137256
Model size: (6, 13)
Validation fitness: 0.9286273931614412 
Elapsed: 2.419311285018921

*** Epoch 1, batch 129/520 ***
Training fitness: 0.9354679802955664
Model size: (6, 13)
Validation fitness: 0.9286273931614412 
Elapsed: 2.471606492996216

*** Epoch 1, batch 130/520 ***
Training fitness: 0.92578125
Model size: (6, 13)
Validation fitness: 0.9286273931614412 
Elapsed: 2.365285634994507

*** Epoch 1, batch 131/520 ***
Training fitness: 0.9228651822852948
Model size: (6, 12)
Validation fitness: 0.9329092051051765 !!!
Elapsed: 2.710611343383789

*** Epoch 1, batch 132/520 ***
Training fitness: 0.9371161876688774
Model size: (8, 15)
Validation fitness: 0.9136381659786211 
Elapsed: 2.469369888305664

*** Epoch 1, batch 133/520 ***
Training fitness: 0.9317347687790556
Model size: (6, 12)
Validation fitness: 0.9329092051051765 
Elapsed: 4.280601978302002

*** Epoch 1, batch 134/520 ***
Training fitness: 0.9244296870196151
Model size: (6, 12)
Validation fitness: 0.9329092051051765 
Elapsed: 4.76230788230896

*** Epoch 1, batch 135/520 ***
Training fitness: 0.9223446587082951
Model size: (6, 12)
Validation fitness: 0.9329092051051765 
Elapsed: 4.829314470291138

*** Epoch 1, batch 136/520 ***
Training fitness: 0.9386608015640273
Model size: (6, 12)
Validation fitness: 0.9329092051051765 
Elapsed: 4.603666305541992

*** Epoch 1, batch 137/520 ***
Training fitness: 0.9287744007907092
Model size: (7, 14)
Validation fitness: 0.9328803513077164 
Elapsed: 4.811569929122925

*** Epoch 1, batch 138/520 ***
Training fitness: 0.9399801587301587
Model size: (6, 12)
Validation fitness: 0.9329092051051765 
Elapsed: 4.7071380615234375

*** Epoch 1, batch 139/520 ***
Training fitness: 0.9350058414806616
Model size: (6, 12)
Validation fitness: 0.9329092051051765 
Elapsed: 4.656390190124512

*** Epoch 1, batch 140/520 ***
Training fitness: 0.9363664122137405
Model size: (7, 14)
Validation fitness: 0.9255160378016624 
Elapsed: 4.662696123123169

*** Epoch 1, batch 141/520 ***
Training fitness: 0.9461538461538461
Model size: (6, 12)
Validation fitness: 0.9329092051051765 
Elapsed: 4.433924674987793

*** Epoch 1, batch 142/520 ***
Training fitness: 0.9495356793743891
Model size: (18, 31)
Validation fitness: 0.9142080605382349 
Elapsed: 4.38784384727478

*** Epoch 1, batch 143/520 ***
Training fitness: 0.9449232838193043
Model size: (18, 28)
Validation fitness: 0.9112189353604588 
Elapsed: 4.41753363609314

*** Epoch 1, batch 144/520 ***
Training fitness: 0.94921875
Model size: (8, 15)
Validation fitness: 0.9284900124457879 
Elapsed: 4.752582550048828

*** Epoch 1, batch 145/520 ***
Training fitness: 0.9331929439052676
Model size: (5, 12)
Validation fitness: 0.9309942655871328 
Elapsed: 4.640244483947754

*** Epoch 1, batch 146/520 ***
Training fitness: 0.9322049631784146
Model size: (9, 16)
Validation fitness: 0.9169157558515134 
Elapsed: 4.79428505897522

*** Epoch 1, batch 147/520 ***
Training fitness: 0.9290598290598291
Model size: (8, 13)
Validation fitness: 0.9247111725714299 
Elapsed: 4.45450758934021

*** Epoch 1, batch 148/520 ***
Training fitness: 0.9153156472611151
Model size: (12, 25)
Validation fitness: 0.9082433302477784 
Elapsed: 4.94505763053894

*** Epoch 1, batch 149/520 ***
Training fitness: 0.9401866863178581
Model size: (8, 15)
Validation fitness: 0.9284900124457879 
Elapsed: 4.360011100769043

*** Epoch 1, batch 150/520 ***
Training fitness: 0.9273305603131882
Model size: (9, 16)
Validation fitness: 0.9199799192225574 
Elapsed: 4.6786909103393555

*** Epoch 1, batch 151/520 ***
Training fitness: 0.9296875
Model size: (9, 16)
Validation fitness: 0.9199799192225574 
Elapsed: 4.44083309173584

*** Epoch 1, batch 152/520 ***
Training fitness: 0.9310376492194673
Model size: (9, 17)
Validation fitness: 0.9208025730479223 
Elapsed: 4.549604892730713

*** Epoch 1, batch 153/520 ***
Training fitness: 0.9270859277708594
Model size: (9, 14)
Validation fitness: 0.8865443036045298 
Elapsed: 4.860341548919678

*** Epoch 1, batch 154/520 ***
Training fitness: 0.9276975776853438
Model size: (8, 16)
Validation fitness: 0.9275298863054124 
Elapsed: 4.691518545150757

*** Epoch 1, batch 155/520 ***
Training fitness: 0.9315055932514212
Model size: (8, 16)
Validation fitness: 0.9275298863054124 
Elapsed: 4.815383434295654

*** Epoch 1, batch 156/520 ***
Training fitness: 0.9472489725817335
Model size: (10, 19)
Validation fitness: 0.9129412780704398 
Elapsed: 4.90705943107605

*** Epoch 1, batch 157/520 ***
Training fitness: 0.8911608289015222
Model size: (7, 15)
Validation fitness: 0.9273527148290712 
Elapsed: 4.882757186889648

*** Epoch 1, batch 158/520 ***
Training fitness: 0.9393372027710166
Model size: (8, 14)
Validation fitness: 0.9333108682856939 !!!
Elapsed: 4.878748416900635

*** Epoch 1, batch 159/520 ***
Training fitness: 0.9370039682539684
Model size: (8, 14)
Validation fitness: 0.9333108682856939 
Elapsed: 4.68278169631958

*** Epoch 1, batch 160/520 ***
Training fitness: 0.9276904101140918
Model size: (10, 18)
Validation fitness: 0.9315699675459814 
Elapsed: 5.12988018989563

*** Epoch 1, batch 161/520 ***
Training fitness: 0.9605263157894737
Model size: (9, 15)
Validation fitness: 0.9276896355840492 
Elapsed: 4.9608845710754395

*** Epoch 1, batch 162/520 ***
Training fitness: 0.9331622678396871
Model size: (11, 20)
Validation fitness: 0.9291567275257681 
Elapsed: 5.3048095703125

*** Epoch 1, batch 163/520 ***
Training fitness: 0.9170521122417513
Model size: (10, 18)
Validation fitness: 0.9315699675459814 
Elapsed: 4.994180917739868

*** Epoch 1, batch 164/520 ***
Training fitness: 0.921875
Model size: (10, 18)
Validation fitness: 0.9315699675459814 
Elapsed: 5.030381202697754

*** Epoch 1, batch 165/520 ***
Training fitness: 0.928937728937729
Model size: (9, 16)
Validation fitness: 0.9187842361756785 
Elapsed: 5.146306276321411

*** Epoch 1, batch 166/520 ***
Training fitness: 0.9556372549019608
Model size: (10, 19)
Validation fitness: 0.9237841687585517 
Elapsed: 5.15815544128418

*** Epoch 1, batch 167/520 ***
Training fitness: 0.934312825221916
Model size: (11, 21)
Validation fitness: 0.9287723949435982 
Elapsed: 5.06245493888855

*** Epoch 1, batch 168/520 ***
Training fitness: 0.9673865957051797
Model size: (10, 17)
Validation fitness: 0.9308085204109748 
Elapsed: 4.917248964309692

*** Epoch 1, batch 169/520 ***
Training fitness: 0.9252093648756037
Model size: (20, 29)
Validation fitness: 0.914202344738357 
Elapsed: 4.5279762744903564

*** Epoch 1, batch 170/520 ***
Training fitness: 0.9135531135531135
Model size: (8, 16)
Validation fitness: 0.9287812434414859 
Elapsed: 4.611868143081665

*** Epoch 1, batch 171/520 ***
Training fitness: 0.9169117647058824
Model size: (10, 19)
Validation fitness: 0.9076309702262519 
Elapsed: 4.7675206661224365

*** Epoch 1, batch 172/520 ***
Training fitness: 0.9059390831959959
Model size: (9, 15)
Validation fitness: 0.9211529222686391 
Elapsed: 4.455681324005127

*** Epoch 1, batch 173/520 ***
Training fitness: 0.9415356151711379
Model size: (10, 18)
Validation fitness: 0.9314181141319196 
Elapsed: 4.806596040725708

*** Epoch 1, batch 174/520 ***
Training fitness: 0.9230205278592375
Model size: (20, 25)
Validation fitness: 0.9127884720230649 
Elapsed: 4.414376497268677

*** Epoch 1, batch 175/520 ***
Training fitness: 0.9533662943294878
Model size: (10, 18)
Validation fitness: 0.9314181141319196 
Elapsed: 4.759894371032715

*** Epoch 1, batch 176/520 ***
Training fitness: 0.9309309309309309
Model size: (10, 20)
Validation fitness: 0.9301834097589516 
Elapsed: 4.775084972381592

*** Epoch 1, batch 177/520 ***
Training fitness: 0.946236559139785
Model size: (10, 18)
Validation fitness: 0.9223975193721647 
Elapsed: 4.591310501098633

*** Epoch 1, batch 178/520 ***
Training fitness: 0.9250977517106549
Model size: (12, 22)
Validation fitness: 0.9248331279553617 
Elapsed: 5.105584621429443

*** Epoch 1, batch 179/520 ***
Training fitness: 0.9405526010147319
Model size: (8, 15)
Validation fitness: 0.9325328599869387 
Elapsed: 4.648048639297485

*** Epoch 1, batch 180/520 ***
Training fitness: 0.9384164222873901
Model size: (8, 15)
Validation fitness: 0.9314587659265634 
Elapsed: 4.814696311950684

*** Epoch 1, batch 181/520 ***
Training fitness: 0.9081133919843597
Model size: (8, 16)
Validation fitness: 0.9269377147821724 
Elapsed: 4.34903883934021

*** Epoch 1, batch 182/520 ***
Training fitness: 0.9199217556085335
Model size: (13, 23)
Validation fitness: 0.923997045664258 
Elapsed: 5.030096054077148

*** Epoch 1, batch 183/520 ***
Training fitness: 0.9325299730853928
Model size: (9, 16)
Validation fitness: 0.9326770923344968 
Elapsed: 4.5857954025268555

*** Epoch 1, batch 184/520 ***
Training fitness: 0.9254901960784314
Model size: (8, 15)
Validation fitness: 0.9325328599869387 
Elapsed: 4.3487560749053955

*** Epoch 1, batch 185/520 ***
Training fitness: 0.9384450566268747
Model size: (9, 17)
Validation fitness: 0.9282276352475498 
Elapsed: 4.417354106903076

*** Epoch 1, batch 186/520 ***
Training fitness: 0.9475863338035945
Model size: (8, 14)
Validation fitness: 0.9313115840797094 
Elapsed: 4.436537504196167

*** Epoch 1, batch 187/520 ***
Training fitness: 0.9202348911181796
Model size: (8, 15)
Validation fitness: 0.9287734391762682 
Elapsed: 4.632072925567627

*** Epoch 1, batch 188/520 ***
Training fitness: 0.9102941176470588
Model size: (9, 16)
Validation fitness: 0.9168852166258842 
Elapsed: 4.604101896286011

*** Epoch 1, batch 189/520 ***
Training fitness: 0.9302275654787462
Model size: (9, 18)
Validation fitness: 0.926948285347972 
Elapsed: 4.7417426109313965

*** Epoch 1, batch 190/520 ***
Training fitness: 0.9375
Model size: (9, 18)
Validation fitness: 0.926948285347972 
Elapsed: 4.9143805503845215

*** Epoch 1, batch 191/520 ***
Training fitness: 0.9501318775685456
Model size: (10, 16)
Validation fitness: 0.9210880882437429 
Elapsed: 4.483944416046143

*** Epoch 1, batch 192/520 ***
Training fitness: 0.9252136752136753
Model size: (4, 11)
Validation fitness: 0.911248924989946 
Elapsed: 4.81094765663147

*** Epoch 1, batch 193/520 ***
Training fitness: 0.9335642513886289
Model size: (10, 16)
Validation fitness: 0.9210880882437429 
Elapsed: 4.558874607086182

*** Epoch 1, batch 194/520 ***
Training fitness: 0.9523664122137405
Model size: (9, 18)
Validation fitness: 0.926948285347972 
Elapsed: 4.7940754890441895

*** Epoch 1, batch 195/520 ***
Training fitness: 0.908724340175953
Model size: (10, 19)
Validation fitness: 0.9257890771650571 
Elapsed: 4.644129753112793

*** Epoch 1, batch 196/520 ***
Training fitness: 0.9410669596532991
Model size: (10, 16)
Validation fitness: 0.9210880882437429 
Elapsed: 4.286466598510742

*** Epoch 1, batch 197/520 ***
Training fitness: 0.9644078144078144
Model size: (10, 18)
Validation fitness: 0.9232218952654417 
Elapsed: 4.645411252975464

*** Epoch 1, batch 198/520 ***
Training fitness: 0.9500707126606406
Model size: (11, 20)
Validation fitness: 0.9260600280631118 
Elapsed: 4.890435695648193

*** Epoch 1, batch 199/520 ***
Training fitness: 0.9355706339018278
Model size: (10, 18)
Validation fitness: 0.9232218952654417 
Elapsed: 4.62524151802063

*** Epoch 1, batch 200/520 ***
Training fitness: 0.9367647058823529
Model size: (11, 19)
Validation fitness: 0.9246347237480639 
Elapsed: 4.81902813911438

*** Epoch 1, batch 201/520 ***
Training fitness: 0.9338320610687023
Model size: (10, 18)
Validation fitness: 0.9164561102780048 
Elapsed: 4.53879189491272

*** Epoch 1, batch 202/520 ***
Training fitness: 0.921875
Model size: (11, 18)
Validation fitness: 0.9283137020034025 
Elapsed: 4.700331449508667

*** Epoch 1, batch 203/520 ***
Training fitness: 0.9321821821821822
Model size: (11, 18)
Validation fitness: 0.9283137020034025 
Elapsed: 4.830876588821411

*** Epoch 1, batch 204/520 ***
Training fitness: 0.9383816793893129
Model size: (11, 18)
Validation fitness: 0.9226393416746884 
Elapsed: 4.6779844760894775

*** Epoch 1, batch 205/520 ***
Training fitness: 0.9296390929415521
Model size: (13, 20)
Validation fitness: 0.9192525470483609 
Elapsed: 4.519398927688599

*** Epoch 1, batch 206/520 ***
Training fitness: 0.9291666666666667
Model size: (10, 16)
Validation fitness: 0.9271622064863483 
Elapsed: 4.4997100830078125

*** Epoch 1, batch 207/520 ***
Training fitness: 0.9115347018572825
Model size: (10, 16)
Validation fitness: 0.9271622064863483 
Elapsed: 4.531668424606323

*** Epoch 1, batch 208/520 ***
Training fitness: 0.9414656488549618
Model size: (4, 8)
Validation fitness: 0.9091907057576571 
Elapsed: 4.360896587371826

*** Epoch 1, batch 209/520 ***
Training fitness: 0.9219479243429133
Model size: (12, 19)
Validation fitness: 0.9144374070083328 
Elapsed: 4.558515310287476

*** Epoch 1, batch 210/520 ***
Training fitness: 0.9358762760559937
Model size: (21, 28)
Validation fitness: 0.9064548344821602 
Elapsed: 4.056622266769409

*** Epoch 1, batch 211/520 ***
Training fitness: 0.94064039408867
Model size: (9, 16)
Validation fitness: 0.92635230329148 
Elapsed: 4.282003164291382

*** Epoch 1, batch 212/520 ***
Training fitness: 0.9153657790021427
Model size: (10, 17)
Validation fitness: 0.9257667086020737 
Elapsed: 4.341217279434204

*** Epoch 1, batch 213/520 ***
Training fitness: 0.9488169364881693
Model size: (11, 20)
Validation fitness: 0.9153189042606451 
Elapsed: 4.771070957183838

*** Epoch 1, batch 214/520 ***
Training fitness: 0.9516988062442608
Model size: (13, 20)
Validation fitness: 0.9217721339220705 
Elapsed: 4.831217527389526

*** Epoch 1, batch 215/520 ***
Training fitness: 0.914896214896215
Model size: (13, 20)
Validation fitness: 0.9217721339220705 
Elapsed: 4.828599214553833

*** Epoch 1, batch 216/520 ***
Training fitness: 0.9146676432887749
Model size: (13, 20)
Validation fitness: 0.9217721339220705 
Elapsed: 4.689133405685425

*** Epoch 1, batch 217/520 ***
Training fitness: 0.9384450566268747
Model size: (11, 19)
Validation fitness: 0.9234442985042777 
Elapsed: 4.502829313278198

*** Epoch 1, batch 218/520 ***
Training fitness: 0.962087087087087
Model size: (13, 21)
Validation fitness: 0.9237949225230654 
Elapsed: 4.864989757537842

*** Epoch 1, batch 219/520 ***
Training fitness: 0.9167888563049853
Model size: (12, 19)
Validation fitness: 0.932743831626019 
Elapsed: 4.595057249069214

*** Epoch 1, batch 220/520 ***
Training fitness: 0.8992854923889406
Model size: (10, 18)
Validation fitness: 0.9214656607933648 
Elapsed: 4.285286903381348

*** Epoch 1, batch 221/520 ***
Training fitness: 0.9430884184308842
Model size: (4, 7)
Validation fitness: 0.9106761725303935 
Elapsed: 4.5360329151153564

*** Epoch 1, batch 222/520 ***
Training fitness: 0.9347290640394088
Model size: (12, 19)
Validation fitness: 0.932743831626019 
Elapsed: 4.686264753341675

*** Epoch 1, batch 223/520 ***
Training fitness: 0.9363000674722444
Model size: (12, 19)
Validation fitness: 0.932743831626019 
Elapsed: 4.569913625717163

*** Epoch 1, batch 224/520 ***
Training fitness: 0.9127565982404692
Model size: (13, 22)
Validation fitness: 0.9253362832234532 
Elapsed: 4.311042547225952

*** Epoch 1, batch 225/520 ***
Training fitness: 0.923201714110805
Model size: (8, 13)
Validation fitness: 0.9276353721249526 
Elapsed: 4.431791305541992

*** Epoch 1, batch 226/520 ***
Training fitness: 0.9516089412920657
Model size: (10, 18)
Validation fitness: 0.9260290858003116 
Elapsed: 4.303051233291626

*** Epoch 1, batch 227/520 ***
Training fitness: 0.9573033022035036
Model size: (11, 20)
Validation fitness: 0.9142727113644171 
Elapsed: 4.305758953094482

*** Epoch 1, batch 228/520 ***
Training fitness: 0.9158826784726065
Model size: (12, 21)
Validation fitness: 0.9273556643283671 
Elapsed: 4.36542272567749

*** Epoch 1, batch 229/520 ***
Training fitness: 0.9392793457541657
Model size: (13, 21)
Validation fitness: 0.9144005657469407 
Elapsed: 4.26274847984314

*** Epoch 1, batch 230/520 ***
Training fitness: 0.9086978008401285
Model size: (12, 18)
Validation fitness: 0.9141828340753125 
Elapsed: 4.484439134597778

*** Epoch 1, batch 231/520 ***
Training fitness: 0.9148936170212766
Model size: (12, 21)
Validation fitness: 0.9273556643283671 
Elapsed: 4.463805437088013

*** Epoch 1, batch 232/520 ***
Training fitness: 0.932116877559753
Model size: (4, 10)
Validation fitness: 0.9162072531448624 
Elapsed: 4.455364942550659

*** Epoch 1, batch 233/520 ***
Training fitness: 0.9238916256157635
Model size: (7, 14)
Validation fitness: 0.9228337521500201 
Elapsed: 4.778445482254028

*** Epoch 1, batch 234/520 ***
Training fitness: 0.9475863338035945
Model size: (4, 10)
Validation fitness: 0.9162072531448624 
Elapsed: 4.519423484802246

*** Epoch 1, batch 235/520 ***
Training fitness: 0.9413721540621376
Model size: (4, 9)
Validation fitness: 0.9161213695877238 
Elapsed: 4.262179613113403

*** Epoch 1, batch 236/520 ***
Training fitness: 0.9261133603238867
Model size: (10, 15)
Validation fitness: 0.9275356937046473 
Elapsed: 4.654972791671753

*** Epoch 1, batch 237/520 ***
Training fitness: 0.9397605083088953
Model size: (10, 15)
Validation fitness: 0.9275356937046473 
Elapsed: 4.6955156326293945

*** Epoch 1, batch 238/520 ***
Training fitness: 0.9380788811875115
Model size: (5, 10)
Validation fitness: 0.9226180173443749 
Elapsed: 4.489013671875

*** Epoch 1, batch 239/520 ***
Training fitness: 0.9540640394088671
Model size: (5, 10)
Validation fitness: 0.9226180173443749 
Elapsed: 4.658111333847046

*** Epoch 1, batch 240/520 ***
Training fitness: 0.9183247359371162
Model size: (5, 12)
Validation fitness: 0.9164067015848301 
Elapsed: 4.598644733428955

*** Epoch 1, batch 241/520 ***
Training fitness: 0.921875
Model size: (5, 10)
Validation fitness: 0.9226180173443749 
Elapsed: 4.604976654052734

*** Epoch 1, batch 242/520 ***
Training fitness: 0.9301104803759995
Model size: (10, 15)
Validation fitness: 0.9275356937046473 
Elapsed: 4.5311784744262695

*** Epoch 1, batch 243/520 ***
Training fitness: 0.9249570130189143
Model size: (10, 15)
Validation fitness: 0.9207976266826435 
Elapsed: 4.553800344467163

*** Epoch 1, batch 244/520 ***
Training fitness: 0.8968288045145065
Model size: (1, 6)
Validation fitness: 0.9142294764679053 
Elapsed: 4.271971225738525

*** Epoch 1, batch 245/520 ***
Training fitness: 0.912453300124533
Model size: (10, 15)
Validation fitness: 0.9275356937046473 
Elapsed: 4.67367148399353

*** Epoch 1, batch 246/520 ***
Training fitness: 0.9253694581280789
Model size: (11, 18)
Validation fitness: 0.9264837850085414 
Elapsed: 4.5902886390686035

*** Epoch 1, batch 247/520 ***
Training fitness: 0.9645496183206106
Model size: (12, 19)
Validation fitness: 0.921795638317081 
Elapsed: 4.733665227890015

*** Epoch 1, batch 248/520 ***
Training fitness: 0.9347290640394088
Model size: (2, 7)
Validation fitness: 0.9120065615917008 
Elapsed: 4.345290660858154

*** Epoch 1, batch 249/520 ***
Training fitness: 0.9226587595749938
Model size: (4, 8)
Validation fitness: 0.9100404913125704 
Elapsed: 4.19294810295105

*** Epoch 1, batch 250/520 ***
Training fitness: 0.92203888854812
Model size: (4, 10)
Validation fitness: 0.9173810256255429 
Elapsed: 4.599053859710693

*** Epoch 1, batch 251/520 ***
Training fitness: 0.93359375
Model size: (4, 8)
Validation fitness: 0.9100404913125704 
Elapsed: 4.408616781234741

*** Epoch 1, batch 252/520 ***
Training fitness: 0.9479951025405571
Model size: (8, 14)
Validation fitness: 0.9030742136524958 
Elapsed: 4.266555547714233

*** Epoch 1, batch 253/520 ***
Training fitness: 0.9399413167064001
Model size: (13, 21)
Validation fitness: 0.9163553876250294 
Elapsed: 4.493750810623169

*** Epoch 1, batch 254/520 ***
Training fitness: 0.9137973137973139
Model size: (2, 8)
Validation fitness: 0.9109595992608738 
Elapsed: 4.3089919090271

*** Epoch 1, batch 255/520 ***
Training fitness: 0.9458834412580944
Model size: (4, 10)
Validation fitness: 0.9223781003084773 
Elapsed: 4.345632314682007

*** Epoch 1, batch 256/520 ***
Training fitness: 0.9362613163689748
Model size: (5, 10)
Validation fitness: 0.9170871199286199 
Elapsed: 4.415868043899536

*** Epoch 1, batch 257/520 ***
Training fitness: 0.9162228344046526
Model size: (3, 10)
Validation fitness: 0.9170647513656365 
Elapsed: 4.47117805480957

*** Epoch 1, batch 258/520 ***
Training fitness: 0.9258241758241759
Model size: (3, 10)
Validation fitness: 0.9170647513656365 
Elapsed: 4.515571355819702

*** Epoch 1, batch 259/520 ***
Training fitness: 0.9417155425219942
Model size: (5, 10)
Validation fitness: 0.9170871199286199 
Elapsed: 4.495289087295532

*** Epoch 1, batch 260/520 ***
Training fitness: 0.9338643716047123
Model size: (11, 19)
Validation fitness: 0.920407669899953 
Elapsed: 4.589213848114014

*** Epoch 1, batch 261/520 ***
Training fitness: 0.9502312673450509
Model size: (3, 7)
Validation fitness: 0.9099151284325576 
Elapsed: 4.545814752578735

*** Epoch 1, batch 262/520 ***
Training fitness: 0.9413084916682039
Model size: (5, 10)
Validation fitness: 0.9170871199286199 
Elapsed: 4.579294919967651

*** Epoch 1, batch 263/520 ***
Training fitness: 0.9341269841269841
Model size: (13, 21)
Validation fitness: 0.914053349224234 
Elapsed: 4.523935556411743

*** Epoch 1, batch 264/520 ***
Training fitness: 0.9269704433497536
Model size: (10, 18)
Validation fitness: 0.8990475608776655 
Elapsed: 4.342412948608398

*** Epoch 1, batch 265/520 ***
Training fitness: 0.9605616605616606
Model size: (3, 8)
Validation fitness: 0.9156672566153788 
Elapsed: 4.489099979400635

*** Epoch 1, batch 266/520 ***
Training fitness: 0.9157400543612553
Model size: (5, 12)
Validation fitness: 0.9229354274363084 
Elapsed: 4.772480010986328

*** Epoch 1, batch 267/520 ***
Training fitness: 0.93359375
Model size: (6, 13)
Validation fitness: 0.9108625039424363 
Elapsed: 4.710403919219971

*** Epoch 1, batch 268/520 ***
Training fitness: 0.9167736414206248
Model size: (3, 9)
Validation fitness: 0.9230342448226578 
Elapsed: 4.467339754104614

*** Epoch 1, batch 269/520 ***
Training fitness: 0.9291819291819292
Model size: (3, 8)
Validation fitness: 0.9156672566153788 
Elapsed: 4.433868885040283

*** Epoch 1, batch 270/520 ***
Training fitness: 0.9157943067033976
Model size: (2, 8)
Validation fitness: 0.9148010930954309 
Elapsed: 4.4507269859313965

*** Epoch 1, batch 271/520 ***
Training fitness: 0.9159335288367546
Model size: (2, 10)
Validation fitness: 0.9196907766921992 
Elapsed: 4.682952880859375

*** Epoch 1, batch 272/520 ***
Training fitness: 0.9044149295947858
Model size: (2, 7)
Validation fitness: 0.9240018088308228 
Elapsed: 4.492713689804077

*** Epoch 1, batch 273/520 ***
Training fitness: 0.9338449161458011
Model size: (3, 10)
Validation fitness: 0.9170647513656365 
Elapsed: 4.883374929428101

*** Epoch 1, batch 274/520 ***
Training fitness: 0.9210591133004925
Model size: (3, 10)
Validation fitness: 0.9170647513656365 
Elapsed: 4.796287775039673

*** Epoch 1, batch 275/520 ***
Training fitness: 0.9455819959417081
Model size: (3, 8)
Validation fitness: 0.9167638108380946 
Elapsed: 4.588756322860718

*** Epoch 1, batch 276/520 ***
Training fitness: 0.9279081133919843
Model size: (3, 9)
Validation fitness: 0.9234551438681484 
Elapsed: 4.607690811157227

*** Epoch 1, batch 277/520 ***
Training fitness: 0.9521364386576195
Model size: (3, 10)
Validation fitness: 0.9170647513656365 
Elapsed: 4.614826202392578

*** Epoch 1, batch 278/520 ***
Training fitness: 0.9386029637828198
Model size: (9, 16)
Validation fitness: 0.9151283959179223 
Elapsed: 4.706201553344727

*** Epoch 1, batch 279/520 ***
Training fitness: 0.9088465298142718
Model size: (3, 10)
Validation fitness: 0.918050323807391 
Elapsed: 4.675296783447266

*** Epoch 1, batch 280/520 ***
Training fitness: 0.9259236338882357
Model size: (3, 9)
Validation fitness: 0.9234551438681484 
Elapsed: 4.598250389099121

*** Epoch 1, batch 281/520 ***
Training fitness: 0.9205496183206107
Model size: (7, 19)
Validation fitness: 0.9223199347167719 
Elapsed: 4.874155044555664

*** Epoch 1, batch 282/520 ***
Training fitness: 0.9291656471739662
Model size: (7, 14)
Validation fitness: 0.8893476836061479 
Elapsed: 4.798271179199219

*** Epoch 1, batch 283/520 ***
Training fitness: 0.9218137254901961
Model size: (11, 17)
Validation fitness: 0.8952566482080528 
Elapsed: 4.383089542388916

*** Epoch 1, batch 284/520 ***
Training fitness: 0.9027955807849599
Model size: (3, 9)
Validation fitness: 0.9177283337476068 
Elapsed: 4.474425792694092

*** Epoch 1, batch 285/520 ***
Training fitness: 0.9342490842490841
Model size: (8, 12)
Validation fitness: 0.9108896356719847 
Elapsed: 4.492524862289429

*** Epoch 1, batch 286/520 ***
Training fitness: 0.9270527859237536
Model size: (3, 10)
Validation fitness: 0.9240356089935619 
Elapsed: 4.487303972244263

*** Epoch 1, batch 287/520 ***
Training fitness: 0.9362613163689748
Model size: (4, 10)
Validation fitness: 0.914991015202269 
Elapsed: 4.399616241455078

*** Epoch 1, batch 288/520 ***
Training fitness: 0.9134803921568628
Model size: (3, 10)
Validation fitness: 0.9240356089935619 
Elapsed: 4.5423338413238525

*** Epoch 1, batch 289/520 ***
Training fitness: 0.9428945890282718
Model size: (6, 13)
Validation fitness: 0.9259449243110849 
Elapsed: 4.8095784187316895

*** Epoch 1, batch 290/520 ***
Training fitness: 0.9475490196078431
Model size: (8, 10)
Validation fitness: 0.9093916014674657 
Elapsed: 4.517886400222778

*** Epoch 1, batch 291/520 ***
Training fitness: 0.9439655172413793
Model size: (8, 13)
Validation fitness: 0.9024386606737727 
Elapsed: 4.387774705886841

*** Epoch 1, batch 292/520 ***
Training fitness: 0.9235894614585244
Model size: (7, 19)
Validation fitness: 0.9212305985233891 
Elapsed: 4.9373180866241455

*** Epoch 1, batch 293/520 ***
Training fitness: 0.9255799755799756
Model size: (8, 20)
Validation fitness: 0.918578027703163 
Elapsed: 5.183441162109375

*** Epoch 1, batch 294/520 ***
Training fitness: 0.9397058823529412
Model size: (3, 11)
Validation fitness: 0.9237443779978638 
Elapsed: 4.427866697311401

*** Epoch 1, batch 295/520 ***
Training fitness: 0.9245844323130712
Model size: (2, 8)
Validation fitness: 0.9219068399364989 
Elapsed: 4.459523677825928

*** Epoch 1, batch 296/520 ***
Training fitness: 0.9578328328328329
Model size: (2, 8)
Validation fitness: 0.9219068399364989 
Elapsed: 4.384767293930054

*** Epoch 1, batch 297/520 ***
Training fitness: 0.8951331496786042
Model size: (6, 10)
Validation fitness: 0.9111984720641013 
Elapsed: 4.202329635620117

*** Epoch 1, batch 298/520 ***
Training fitness: 0.898408325681053
Model size: (7, 11)
Validation fitness: 0.8891100748740471 
Elapsed: 4.23984169960022

*** Epoch 1, batch 299/520 ***
Training fitness: 0.9223668928418608
Model size: (2, 4)
Validation fitness: 0.9049058527152687 
Elapsed: 4.015814304351807

*** Epoch 1, batch 300/520 ***
Training fitness: 0.9120973164618864
Model size: (7, 11)
Validation fitness: 0.9024493228389293 
Elapsed: 4.083732604980469

*** Epoch 1, batch 301/520 ***
Training fitness: 0.9057539682539684
Model size: (5, 10)
Validation fitness: 0.9082512261123533 
Elapsed: 4.046696901321411

*** Epoch 1, batch 302/520 ***
Training fitness: 0.9112702366127025
Model size: (1, 4)
Validation fitness: 0.9031280191148072 
Elapsed: 4.081294775009155

*** Epoch 1, batch 303/520 ***
Training fitness: 0.9298320610687022
Model size: (3, 6)
Validation fitness: 0.9062925937010127 
Elapsed: 4.100704908370972

*** Epoch 1, batch 304/520 ***
Training fitness: 0.9106825834098561
Model size: (12, 23)
Validation fitness: 0.8865220632806463 
Elapsed: 4.795233726501465

*** Epoch 1, batch 305/520 ***
Training fitness: 0.9194572926302805
Model size: (7, 17)
Validation fitness: 0.8978793209981486 
Elapsed: 4.721940755844116

*** Epoch 1, batch 306/520 ***
Training fitness: 0.8981261063297321
Model size: (1, 5)
Validation fitness: 0.9077082800835737 
Elapsed: 4.109913349151611

*** Epoch 1, batch 307/520 ***
Training fitness: 0.9351959762006993
Model size: (3, 6)
Validation fitness: 0.9043088264261067 
Elapsed: 3.9936141967773438

*** Epoch 1, batch 308/520 ***
Training fitness: 0.8911201179071481
Model size: (7, 18)
Validation fitness: 0.8919164959743182 
Elapsed: 4.7969584465026855

*** Epoch 1, batch 309/520 ***
Training fitness: 0.9213359432346465
Model size: (3, 5)
Validation fitness: 0.9095633319420001 
Elapsed: 4.0752809047698975

*** Epoch 1, batch 310/520 ***
Training fitness: 0.928370442867629
Model size: (4, 8)
Validation fitness: 0.8954676198471331 
Elapsed: 4.202306270599365

*** Epoch 1, batch 311/520 ***
Training fitness: 0.9219312702191296
Model size: (3, 5)
Validation fitness: 0.9095633319420001 
Elapsed: 4.224451541900635

*** Epoch 1, batch 312/520 ***
Training fitness: 0.9011499877660876
Model size: (3, 6)
Validation fitness: 0.9121051041799791 
Elapsed: 4.188546419143677

*** Epoch 1, batch 313/520 ***
Training fitness: 0.933028083028083
Model size: (5, 11)
Validation fitness: 0.9033359496552347 
Elapsed: 4.389073371887207

*** Epoch 1, batch 314/520 ***
Training fitness: 0.9337422938411768
Model size: (7, 8)
Validation fitness: 0.9176093278629709 
Elapsed: 4.25624680519104

*** Epoch 1, batch 315/520 ***
Training fitness: 0.9269312977099237
Model size: (7, 8)
Validation fitness: 0.9176093278629709 
Elapsed: 4.034860134124756

*** Epoch 1, batch 316/520 ***
Training fitness: 0.9176045999510644
Model size: (2, 5)
Validation fitness: 0.9096832904599489 
Elapsed: 3.3640894889831543

*** Epoch 1, batch 317/520 ***
Training fitness: 0.9255630836843068
Model size: (7, 8)
Validation fitness: 0.9176093278629709 
Elapsed: 2.1710875034332275

*** Epoch 1, batch 318/520 ***
Training fitness: 0.9165590604439525
Model size: (6, 10)
Validation fitness: 0.9143938057143929 
Elapsed: 2.1399788856506348

*** Epoch 1, batch 319/520 ***
Training fitness: 0.9244872972145699
Model size: (6, 10)
Validation fitness: 0.9143938057143929 
Elapsed: 2.2015113830566406

*** Epoch 1, batch 320/520 ***
Training fitness: 0.9464514945901339
Model size: (7, 8)
Validation fitness: 0.9176093278629709 
Elapsed: 2.261586904525757

*** Epoch 1, batch 321/520 ***
Training fitness: 0.9471380471380472
Model size: (7, 12)
Validation fitness: 0.9147768192658216 
Elapsed: 2.1902413368225098

*** Epoch 1, batch 322/520 ***
Training fitness: 0.9307323372071573
Model size: (8, 14)
Validation fitness: 0.9069320854520875 
Elapsed: 2.227055549621582

*** Epoch 1, batch 323/520 ***
Training fitness: 0.9348676569472462
Model size: (2, 5)
Validation fitness: 0.9204903841193389 
Elapsed: 2.2047317028045654

*** Epoch 1, batch 324/520 ***
Training fitness: 0.9370992366412214
Model size: (6, 11)
Validation fitness: 0.9133080968555479 
Elapsed: 2.2457079887390137

*** Epoch 1, batch 325/520 ***
Training fitness: 0.9102871548914714
Model size: (2, 5)
Validation fitness: 0.9204903841193389 
Elapsed: 2.195178270339966

*** Epoch 1, batch 326/520 ***
Training fitness: 0.9258206491839354
Model size: (2, 5)
Validation fitness: 0.9204903841193389 
Elapsed: 2.2465107440948486

*** Epoch 1, batch 327/520 ***
Training fitness: 0.9189290395057105
Model size: (2, 5)
Validation fitness: 0.9204903841193389 
Elapsed: 2.2740819454193115

*** Epoch 1, batch 328/520 ***
Training fitness: 0.9367647058823529
Model size: (7, 14)
Validation fitness: 0.9121538350379119 
Elapsed: 2.214750051498413

*** Epoch 1, batch 329/520 ***
Training fitness: 0.9097069597069597
Model size: (2, 5)
Validation fitness: 0.9144015183802537 
Elapsed: 2.2780704498291016

*** Epoch 1, batch 330/520 ***
Training fitness: 0.9216488549618321
Model size: (3, 7)
Validation fitness: 0.9237126663004647 
Elapsed: 2.2530858516693115

*** Epoch 1, batch 331/520 ***
Training fitness: 0.9309312977099237
Model size: (2, 6)
Validation fitness: 0.9276313783929867 
Elapsed: 2.295018196105957

*** Epoch 1, batch 332/520 ***
Training fitness: 0.9554025099479645
Model size: (3, 9)
Validation fitness: 0.9193108042394235 
Elapsed: 2.3604576587677

*** Epoch 1, batch 333/520 ***
Training fitness: 0.9574656488549619
Model size: (3, 9)
Validation fitness: 0.9193108042394235 
Elapsed: 2.3768699169158936

*** Epoch 1, batch 334/520 ***
Training fitness: 0.9526547589919256
Model size: (6, 13)
Validation fitness: 0.9132820093586697 
Elapsed: 2.510042428970337

*** Epoch 1, batch 335/520 ***
Training fitness: 0.9452289259734703
Model size: (4, 10)
Validation fitness: 0.9259334927113292 
Elapsed: 2.4046051502227783

*** Epoch 1, batch 336/520 ***
Training fitness: 0.9191176470588235
Model size: (3, 9)
Validation fitness: 0.9193108042394235 
Elapsed: 2.431168794631958

*** Epoch 1, batch 337/520 ***
Training fitness: 0.9325980392156863
Model size: (4, 9)
Validation fitness: 0.9241596528428336 
Elapsed: 2.4286553859710693

*** Epoch 1, batch 338/520 ***
Training fitness: 0.9399014778325123
Model size: (8, 12)
Validation fitness: 0.9157300937742922 
Elapsed: 2.4328415393829346

*** Epoch 1, batch 339/520 ***
Training fitness: 0.9315542377069435
Model size: (5, 11)
Validation fitness: 0.9197932214130864 
Elapsed: 2.5261857509613037

*** Epoch 1, batch 340/520 ***
Training fitness: 0.9409160305343511
Model size: (4, 10)
Validation fitness: 0.9292245110499602 
Elapsed: 2.4039461612701416

*** Epoch 1, batch 341/520 ***
Training fitness: 0.935701466674918
Model size: (4, 10)
Validation fitness: 0.9292245110499602 
Elapsed: 2.4594099521636963

*** Epoch 1, batch 342/520 ***
Training fitness: 0.943724002936139
Model size: (5, 11)
Validation fitness: 0.9114297238008251 
Elapsed: 2.432846784591675

*** Epoch 1, batch 343/520 ***
Training fitness: 0.9286631212176784
Model size: (4, 10)
Validation fitness: 0.9292245110499602 
Elapsed: 2.497830390930176

*** Epoch 1, batch 344/520 ***
Training fitness: 0.9254738391707048
Model size: (8, 12)
Validation fitness: 0.9157300937742922 
Elapsed: 2.4352035522460938

*** Epoch 1, batch 345/520 ***
Training fitness: 0.925648854961832
Model size: (4, 10)
Validation fitness: 0.9292245110499602 
Elapsed: 2.4748589992523193

*** Epoch 1, batch 346/520 ***
Training fitness: 0.9176045999510644
Model size: (4, 7)
Validation fitness: 0.8945903911248577 
Elapsed: 2.406148672103882

*** Epoch 1, batch 347/520 ***
Training fitness: 0.9396256422804012
Model size: (4, 10)
Validation fitness: 0.9292245110499602 
Elapsed: 2.4850034713745117

*** Epoch 1, batch 348/520 ***
Training fitness: 0.9423816793893129
Model size: (4, 10)
Validation fitness: 0.9292245110499602 
Elapsed: 2.4617154598236084

*** Epoch 1, batch 349/520 ***
Training fitness: 0.8942832607495552
Model size: (3, 6)
Validation fitness: 0.9001652562319806 
Elapsed: 2.3289921283721924

*** Epoch 1, batch 350/520 ***
Training fitness: 0.9368050407709415
Model size: (5, 11)
Validation fitness: 0.9363260809603482 !!!
Elapsed: 2.4553816318511963

*** Epoch 1, batch 351/520 ***
Training fitness: 0.9167487684729063
Model size: (5, 11)
Validation fitness: 0.9363260809603482 
Elapsed: 2.455280065536499

*** Epoch 1, batch 352/520 ***
Training fitness: 0.9442292319990162
Model size: (6, 12)
Validation fitness: 0.9268933440536335 
Elapsed: 2.548184633255005

*** Epoch 1, batch 353/520 ***
Training fitness: 0.91796875
Model size: (6, 12)
Validation fitness: 0.9268933440536335 
Elapsed: 2.5090956687927246

*** Epoch 1, batch 354/520 ***
Training fitness: 0.94140625
Model size: (5, 11)
Validation fitness: 0.9363260809603482 
Elapsed: 2.4265081882476807

*** Epoch 1, batch 355/520 ***
Training fitness: 0.9252824427480917
Model size: (6, 13)
Validation fitness: 0.9033148085236352 
Elapsed: 2.481024980545044

*** Epoch 1, batch 356/520 ***
Training fitness: 0.9469696969696969
Model size: (5, 11)
Validation fitness: 0.9363260809603482 
Elapsed: 2.44419002532959

*** Epoch 1, batch 357/520 ***
Training fitness: 0.9287031912931194
Model size: (5, 11)
Validation fitness: 0.9363260809603482 
Elapsed: 2.3157975673675537

*** Epoch 1, batch 358/520 ***
Training fitness: 0.9407338883749614
Model size: (5, 11)
Validation fitness: 0.9363260809603482 
Elapsed: 2.363062858581543

*** Epoch 1, batch 359/520 ***
Training fitness: 0.9259803921568628
Model size: (5, 11)
Validation fitness: 0.9363260809603482 
Elapsed: 2.366616725921631

*** Epoch 1, batch 360/520 ***
Training fitness: 0.9289408866995075
Model size: (5, 11)
Validation fitness: 0.9363260809603482 
Elapsed: 2.313122510910034

*** Epoch 1, batch 361/520 ***
Training fitness: 0.9571201855582006
Model size: (8, 11)
Validation fitness: 0.9173870162234918 
Elapsed: 2.211533546447754

*** Epoch 1, batch 362/520 ***
Training fitness: 0.927297165200391
Model size: (5, 11)
Validation fitness: 0.9363260809603482 
Elapsed: 2.3798375129699707

*** Epoch 1, batch 363/520 ***
Training fitness: 0.9016835016835016
Model size: (5, 10)
Validation fitness: 0.9341633285418321 
Elapsed: 2.3833725452423096

*** Epoch 1, batch 364/520 ***
Training fitness: 0.9326617826617827
Model size: (5, 11)
Validation fitness: 0.9363260809603482 
Elapsed: 2.3483572006225586

*** Epoch 1, batch 365/520 ***
Training fitness: 0.9442292319990162
Model size: (6, 15)
Validation fitness: 0.9130557039872247 
Elapsed: 2.404778242111206

*** Epoch 1, batch 366/520 ***
Training fitness: 0.9679863147605083
Model size: (5, 10)
Validation fitness: 0.9341633285418321 
Elapsed: 2.5218558311462402

*** Epoch 1, batch 367/520 ***
Training fitness: 0.919218778653952
Model size: (3, 4)
Validation fitness: 0.9096327459347473 
Elapsed: 2.2640817165374756

*** Epoch 1, batch 368/520 ***
Training fitness: 0.9048142717497557
Model size: (5, 8)
Validation fitness: 0.9134463386051572 
Elapsed: 2.3894524574279785

*** Epoch 1, batch 369/520 ***
Training fitness: 0.911304135062393
Model size: (11, 14)
Validation fitness: 0.9132159479023894 
Elapsed: 2.5076072216033936

*** Epoch 1, batch 370/520 ***
Training fitness: 0.9403122130394858
Model size: (6, 12)
Validation fitness: 0.9159186968503891 
Elapsed: 2.3804569244384766

*** Epoch 1, batch 371/520 ***
Training fitness: 0.9140107679930688
Model size: (5, 13)
Validation fitness: 0.8994262692593145 
Elapsed: 2.3010404109954834

*** Epoch 1, batch 372/520 ***
Training fitness: 0.9300559552358113
Model size: (5, 8)
Validation fitness: 0.9134463386051572 
Elapsed: 2.2984535694122314

*** Epoch 1, batch 373/520 ***
Training fitness: 0.9237987987987989
Model size: (11, 14)
Validation fitness: 0.9119644991669588 
Elapsed: 2.4297406673431396

*** Epoch 1, batch 374/520 ***
Training fitness: 0.939516129032258
Model size: (11, 14)
Validation fitness: 0.9132159479023894 
Elapsed: 2.3986880779266357

*** Epoch 1, batch 375/520 ***
Training fitness: 0.9189655172413793
Model size: (5, 9)
Validation fitness: 0.9152532092017929 
Elapsed: 2.329960584640503

*** Epoch 1, batch 376/520 ***
Training fitness: 0.9336385836385837
Model size: (5, 8)
Validation fitness: 0.9094249069936768 
Elapsed: 2.175424814224243

*** Epoch 1, batch 377/520 ***
Training fitness: 0.9378510378510378
Model size: (6, 13)
Validation fitness: 0.9127788540905781 
Elapsed: 2.4207448959350586

*** Epoch 1, batch 378/520 ***
Training fitness: 0.9298698108572832
Model size: (5, 13)
Validation fitness: 0.8994262692593145 
Elapsed: 2.445962429046631

*** Epoch 1, batch 379/520 ***
Training fitness: 0.927148194271482
Model size: (8, 10)
Validation fitness: 0.9233574623138261 
Elapsed: 2.3146631717681885

*** Epoch 1, batch 380/520 ***
Training fitness: 0.9489745490486781
Model size: (8, 10)
Validation fitness: 0.9233574623138261 
Elapsed: 2.3015525341033936

*** Epoch 1, batch 381/520 ***
Training fitness: 0.9270892823148678
Model size: (9, 12)
Validation fitness: 0.9216559859373736 
Elapsed: 2.3828892707824707

*** Epoch 1, batch 382/520 ***
Training fitness: 0.9450992366412213
Model size: (8, 9)
Validation fitness: 0.9207264906219845 
Elapsed: 2.3342819213867188

*** Epoch 1, batch 383/520 ***
Training fitness: 0.9416163095892083
Model size: (6, 15)
Validation fitness: 0.9130557039872247 
Elapsed: 2.4447152614593506

*** Epoch 1, batch 384/520 ***
Training fitness: 0.9212721584984358
Model size: (9, 14)
Validation fitness: 0.9167741982051801 
Elapsed: 2.3628952503204346

*** Epoch 1, batch 385/520 ***
Training fitness: 0.9246031746031745
Model size: (8, 11)
Validation fitness: 0.9250160152315807 
Elapsed: 2.3854353427886963

*** Epoch 1, batch 386/520 ***
Training fitness: 0.9428326074955529
Model size: (9, 14)
Validation fitness: 0.9290994229680185 
Elapsed: 2.425166368484497

*** Epoch 1, batch 387/520 ***
Training fitness: 0.9567539522675945
Model size: (9, 12)
Validation fitness: 0.9193666981670748 
Elapsed: 2.591569662094116

*** Epoch 1, batch 388/520 ***
Training fitness: 0.9289215686274509
Model size: (8, 10)
Validation fitness: 0.9206635618637142 
Elapsed: 2.305326223373413

*** Epoch 1, batch 389/520 ***
Training fitness: 0.9315055932514212
Model size: (9, 13)
Validation fitness: 0.9298745733668347 
Elapsed: 2.4228756427764893

*** Epoch 1, batch 390/520 ***
Training fitness: 0.904514313677514
Model size: (7, 15)
Validation fitness: 0.9071779930859339 
Elapsed: 2.4564576148986816

*** Epoch 1, batch 391/520 ***
Training fitness: 0.93215284249767
Model size: (8, 12)
Validation fitness: 0.9326789060017657 
Elapsed: 2.471473217010498

*** Epoch 1, batch 392/520 ***
Training fitness: 0.9382829771554901
Model size: (8, 12)
Validation fitness: 0.9326789060017657 
Elapsed: 2.3942713737487793

*** Epoch 1, batch 393/520 ***
Training fitness: 0.9480713980072132
Model size: (8, 12)
Validation fitness: 0.9286148257296585 
Elapsed: 2.386525869369507

*** Epoch 1, batch 394/520 ***
Training fitness: 0.9446886446886447
Model size: (8, 12)
Validation fitness: 0.9286148257296585 
Elapsed: 2.374415159225464

*** Epoch 1, batch 395/520 ***
Training fitness: 0.9393021120293847
Model size: (4, 7)
Validation fitness: 0.885828124871761 
Elapsed: 2.369558572769165

*** Epoch 1, batch 396/520 ***
Training fitness: 0.9333760605505707
Model size: (9, 14)
Validation fitness: 0.9230641428527879 
Elapsed: 2.495687961578369

*** Epoch 1, batch 397/520 ***
Training fitness: 0.9265640273704789
Model size: (8, 13)
Validation fitness: 0.9301329568331068 
Elapsed: 2.3850908279418945

*** Epoch 1, batch 398/520 ***
Training fitness: 0.9416773484709761
Model size: (8, 13)
Validation fitness: 0.9301329568331068 
Elapsed: 2.3204612731933594

*** Epoch 1, batch 399/520 ***
Training fitness: 0.94921875
Model size: (8, 14)
Validation fitness: 0.9228524017791087 
Elapsed: 2.2705330848693848

*** Epoch 1, batch 400/520 ***
Training fitness: 0.9024509803921569
Model size: (8, 13)
Validation fitness: 0.9301329568331068 
Elapsed: 2.2861814498901367

*** Epoch 1, batch 401/520 ***
Training fitness: 0.9403261675315049
Model size: (8, 13)
Validation fitness: 0.9301329568331068 
Elapsed: 2.38861346244812

*** Epoch 1, batch 402/520 ***
Training fitness: 0.9523400601116359
Model size: (7, 14)
Validation fitness: 0.9344731175672618 
Elapsed: 2.326016426086426

*** Epoch 1, batch 403/520 ***
Training fitness: 0.9511866895033032
Model size: (7, 13)
Validation fitness: 0.9335818191837485 
Elapsed: 2.4095466136932373

*** Epoch 1, batch 404/520 ***
Training fitness: 0.9392793457541657
Model size: (4, 6)
Validation fitness: 0.9079152579906882 
Elapsed: 2.23527193069458

*** Epoch 1, batch 405/520 ***
Training fitness: 0.9214988551271738
Model size: (10, 16)
Validation fitness: 0.9212158510269094 
Elapsed: 2.4473536014556885

*** Epoch 1, batch 406/520 ***
Training fitness: 0.9222975035097357
Model size: (10, 16)
Validation fitness: 0.9212158510269094 
Elapsed: 2.5319457054138184

*** Epoch 1, batch 407/520 ***
Training fitness: 0.9449232838193043
Model size: (9, 14)
Validation fitness: 0.9230641428527879 
Elapsed: 2.4259653091430664

*** Epoch 1, batch 408/520 ***
Training fitness: 0.9453125
Model size: (9, 14)
Validation fitness: 0.9230641428527879 
Elapsed: 2.46169376373291

*** Epoch 1, batch 409/520 ***
Training fitness: 0.9128205128205129
Model size: (9, 14)
Validation fitness: 0.8902671029922653 
Elapsed: 2.2108585834503174

*** Epoch 1, batch 410/520 ***
Training fitness: 0.9227731864095501
Model size: (9, 14)
Validation fitness: 0.8902671029922653 
Elapsed: 2.1743531227111816

*** Epoch 1, batch 411/520 ***
Training fitness: 0.9375463306152706
Model size: (3, 6)
Validation fitness: 0.9052114648100186 
Elapsed: 2.1487720012664795

*** Epoch 1, batch 412/520 ***
Training fitness: 0.9003969465648856
Model size: (7, 11)
Validation fitness: 0.9023931541132069 
Elapsed: 2.280557155609131

*** Epoch 1, batch 413/520 ***
Training fitness: 0.9089160305343511
Model size: (8, 16)
Validation fitness: 0.911101743143092 
Elapsed: 2.3837647438049316

*** Epoch 1, batch 414/520 ***
Training fitness: 0.9288856304985337
Model size: (8, 16)
Validation fitness: 0.911101743143092 
Elapsed: 2.3887436389923096

*** Epoch 1, batch 415/520 ***
Training fitness: 0.935515873015873
Model size: (9, 15)
Validation fitness: 0.9024491030004724 
Elapsed: 2.351081132888794

*** Epoch 1, batch 416/520 ***
Training fitness: 0.9039589442815249
Model size: (8, 15)
Validation fitness: 0.8926687282140089 
Elapsed: 2.4137985706329346

*** Epoch 1, batch 417/520 ***
Training fitness: 0.9210654936461388
Model size: (8, 16)
Validation fitness: 0.911101743143092 
Elapsed: 2.3636698722839355

*** Epoch 1, batch 418/520 ***
Training fitness: 0.9223443223443223
Model size: (9, 15)
Validation fitness: 0.9024491030004724 
Elapsed: 2.4065330028533936

*** Epoch 1, batch 419/520 ***
Training fitness: 0.91331988507855
Model size: (3, 9)
Validation fitness: 0.9052048879761848 
Elapsed: 2.35319185256958

*** Epoch 1, batch 420/520 ***
Training fitness: 0.9318181818181819
Model size: (7, 12)
Validation fitness: 0.8952389512122771 
Elapsed: 2.265141248703003

*** Epoch 1, batch 421/520 ***
Training fitness: 0.8912662662662661
Model size: (2, 7)
Validation fitness: 0.9097771614810195 
Elapsed: 2.2744338512420654

*** Epoch 1, batch 422/520 ***
Training fitness: 0.9214656488549618
Model size: (3, 8)
Validation fitness: 0.9107795698845936 
Elapsed: 2.336488723754883

*** Epoch 1, batch 423/520 ***
Training fitness: 0.913139221923171
Model size: (1, 5)
Validation fitness: 0.9131417707430773 
Elapsed: 2.290956735610962

*** Epoch 1, batch 424/520 ***
Training fitness: 0.9350058414806616
Model size: (3, 9)
Validation fitness: 0.9067212054123641 
Elapsed: 2.169583797454834

*** Epoch 1, batch 425/520 ***
Training fitness: 0.9200980392156862
Model size: (9, 15)
Validation fitness: 0.9024491030004724 
Elapsed: 2.4046871662139893

*** Epoch 1, batch 426/520 ***
Training fitness: 0.9090964590964591
Model size: (9, 13)
Validation fitness: 0.9016265774142073 
Elapsed: 2.3218085765838623

*** Epoch 1, batch 427/520 ***
Training fitness: 0.9223443223443223
Model size: (1, 5)
Validation fitness: 0.9102901178803117 
Elapsed: 2.198430061340332

*** Epoch 1, batch 428/520 ***
Training fitness: 0.9492673992673992
Model size: (1, 5)
Validation fitness: 0.9102901178803117 
Elapsed: 2.2476208209991455

*** Epoch 1, batch 429/520 ***
Training fitness: 0.9143624488799366
Model size: (7, 14)
Validation fitness: 0.9173363800989331 
Elapsed: 2.3892228603363037

*** Epoch 1, batch 430/520 ***
Training fitness: 0.9302275654787462
Model size: (8, 16)
Validation fitness: 0.917005541541261 
Elapsed: 2.3832011222839355

*** Epoch 1, batch 431/520 ***
Training fitness: 0.9130142429243842
Model size: (7, 14)
Validation fitness: 0.9173363800989331 
Elapsed: 2.345336437225342

*** Epoch 1, batch 432/520 ***
Training fitness: 0.8987745098039215
Model size: (7, 14)
Validation fitness: 0.9173363800989331 
Elapsed: 2.374318838119507

*** Epoch 1, batch 433/520 ***
Training fitness: 0.9144607843137256
Model size: (8, 16)
Validation fitness: 0.917005541541261 
Elapsed: 2.225588321685791

*** Epoch 1, batch 434/520 ***
Training fitness: 0.9319403714565004
Model size: (7, 14)
Validation fitness: 0.9173363800989331 
Elapsed: 2.20284366607666

*** Epoch 1, batch 435/520 ***
Training fitness: 0.9157695130902863
Model size: (7, 14)
Validation fitness: 0.9173363800989331 
Elapsed: 2.1841251850128174

*** Epoch 1, batch 436/520 ***
Training fitness: 0.9139486039041266
Model size: (7, 14)
Validation fitness: 0.9173363800989331 
Elapsed: 2.246058225631714

*** Epoch 1, batch 437/520 ***
Training fitness: 0.910805019895929
Model size: (2, 8)
Validation fitness: 0.9095370612464079 
Elapsed: 2.1694462299346924

*** Epoch 1, batch 438/520 ***
Training fitness: 0.9352451433857539
Model size: (7, 13)
Validation fitness: 0.9117681834250011 
Elapsed: 2.294032096862793

*** Epoch 1, batch 439/520 ***
Training fitness: 0.91796875
Model size: (2, 6)
Validation fitness: 0.9121197600771018 
Elapsed: 2.158342123031616

*** Epoch 1, batch 440/520 ***
Training fitness: 0.9161779081133921
Model size: (7, 13)
Validation fitness: 0.9117681834250011 
Elapsed: 2.2615115642547607

*** Epoch 1, batch 441/520 ***
Training fitness: 0.9168705652067531
Model size: (7, 14)
Validation fitness: 0.9173363800989331 
Elapsed: 2.295295238494873

*** Epoch 1, batch 442/520 ***
Training fitness: 0.9232838193043585
Model size: (7, 14)
Validation fitness: 0.9173363800989331 
Elapsed: 2.3692524433135986

*** Epoch 1, batch 443/520 ***
Training fitness: 0.8834570324480157
Model size: (11, 17)
Validation fitness: 0.8946611607880887 
Elapsed: 2.2264602184295654

*** Epoch 1, batch 444/520 ***
Training fitness: 0.9399413167064001
Model size: (7, 14)
Validation fitness: 0.9173363800989331 
Elapsed: 2.310349941253662

*** Epoch 1, batch 445/520 ***
Training fitness: 0.9410669596532991
Model size: (9, 16)
Validation fitness: 0.901043254388855 
Elapsed: 2.276378870010376

*** Epoch 1, batch 446/520 ***
Training fitness: 0.9048462255358808
Model size: (4, 6)
Validation fitness: 0.8967111727179888 
Elapsed: 2.1407690048217773

*** Epoch 1, batch 447/520 ***
Training fitness: 0.9364875603643256
Model size: (3, 8)
Validation fitness: 0.9152155069064449 
Elapsed: 2.201371669769287

*** Epoch 1, batch 448/520 ***
Training fitness: 0.9399413167064001
Model size: (5, 9)
Validation fitness: 0.8933123968957637 
Elapsed: 2.263974189758301

*** Epoch 1, batch 449/520 ***
Training fitness: 0.907225663988223
Model size: (3, 8)
Validation fitness: 0.9152155069064449 
Elapsed: 2.2871241569519043

*** Epoch 1, batch 450/520 ***
Training fitness: 0.9094574780058651
Model size: (5, 7)
Validation fitness: 0.9113332696778869 
Elapsed: 2.2068378925323486

*** Epoch 1, batch 451/520 ***
Training fitness: 0.9394607843137255
Model size: (5, 10)
Validation fitness: 0.9117461812594457 
Elapsed: 2.3186841011047363

*** Epoch 1, batch 452/520 ***
Training fitness: 0.9125321457693031
Model size: (7, 13)
Validation fitness: 0.9117681834250011 
Elapsed: 2.4983584880828857

*** Epoch 1, batch 453/520 ***
Training fitness: 0.9094574780058651
Model size: (3, 8)
Validation fitness: 0.9152155069064449 
Elapsed: 2.265052080154419

*** Epoch 1, batch 454/520 ***
Training fitness: 0.9211566204603902
Model size: (7, 13)
Validation fitness: 0.9117681834250011 
Elapsed: 2.3585829734802246

*** Epoch 1, batch 455/520 ***
Training fitness: 0.9240147783251231
Model size: (6, 12)
Validation fitness: 0.9024931989309403 
Elapsed: 2.2961912155151367

*** Epoch 1, batch 456/520 ***
Training fitness: 0.936883991429446
Model size: (3, 8)
Validation fitness: 0.9152155069064449 
Elapsed: 2.2246551513671875

*** Epoch 1, batch 457/520 ***
Training fitness: 0.928396871945259
Model size: (3, 9)
Validation fitness: 0.9187328306165209 
Elapsed: 2.3539018630981445

*** Epoch 1, batch 458/520 ***
Training fitness: 0.9490363232023722
Model size: (3, 9)
Validation fitness: 0.9087975246775996 
Elapsed: 2.1965019702911377

*** Epoch 1, batch 459/520 ***
Training fitness: 0.9100592077153146
Model size: (3, 9)
Validation fitness: 0.9187328306165209 
Elapsed: 2.235381841659546

*** Epoch 1, batch 460/520 ***
Training fitness: 0.945503421309873
Model size: (4, 7)
Validation fitness: 0.9179878530459058 
Elapsed: 2.252730131149292

*** Epoch 1, batch 461/520 ***
Training fitness: 0.9358879882092852
Model size: (3, 9)
Validation fitness: 0.9172631555729343 
Elapsed: 2.2636032104492188

*** Epoch 1, batch 462/520 ***
Training fitness: 0.9338954056695993
Model size: (3, 7)
Validation fitness: 0.9192333111833875 
Elapsed: 2.2375168800354004

*** Epoch 1, batch 463/520 ***
Training fitness: 0.9367521367521369
Model size: (3, 9)
Validation fitness: 0.9187328306165209 
Elapsed: 2.371721029281616

*** Epoch 1, batch 464/520 ***
Training fitness: 0.93359375
Model size: (2, 7)
Validation fitness: 0.9144781504023337 
Elapsed: 2.1959307193756104

*** Epoch 1, batch 465/520 ***
Training fitness: 0.9229781771501926
Model size: (4, 11)
Validation fitness: 0.9190445249085766 
Elapsed: 2.3032705783843994

*** Epoch 1, batch 466/520 ***
Training fitness: 0.9194980104071013
Model size: (3, 9)
Validation fitness: 0.9187328306165209 
Elapsed: 2.246410369873047

*** Epoch 1, batch 467/520 ***
Training fitness: 0.9135689434169566
Model size: (7, 14)
Validation fitness: 0.9167141273468488 
Elapsed: 2.3208441734313965

*** Epoch 1, batch 468/520 ***
Training fitness: 0.9080322758114799
Model size: (3, 9)
Validation fitness: 0.9187328306165209 
Elapsed: 2.3244621753692627

*** Epoch 1, batch 469/520 ***
Training fitness: 0.9224664224664224
Model size: (7, 14)
Validation fitness: 0.9167141273468488 
Elapsed: 2.3210601806640625

*** Epoch 1, batch 470/520 ***
Training fitness: 0.9253731343283582
Model size: (7, 14)
Validation fitness: 0.9090973293731145 
Elapsed: 2.3240530490875244

*** Epoch 1, batch 471/520 ***
Training fitness: 0.9533251231527093
Model size: (4, 11)
Validation fitness: 0.9064293332211668 
Elapsed: 2.323819875717163

*** Epoch 1, batch 472/520 ***
Training fitness: 0.9298698108572833
Model size: (3, 9)
Validation fitness: 0.9187328306165209 
Elapsed: 2.407853126525879

*** Epoch 1, batch 473/520 ***
Training fitness: 0.9167328244274809
Model size: (4, 8)
Validation fitness: 0.9064008458211348 
Elapsed: 2.3402063846588135

*** Epoch 1, batch 474/520 ***
Training fitness: 0.9065845658766013
Model size: (6, 12)
Validation fitness: 0.9150732714248698 
Elapsed: 2.4696311950683594

*** Epoch 1, batch 475/520 ***
Training fitness: 0.93587842846553
Model size: (6, 12)
Validation fitness: 0.9150732714248698 
Elapsed: 2.3725178241729736

*** Epoch 1, batch 476/520 ***
Training fitness: 0.9225620240727094
Model size: (4, 8)
Validation fitness: 0.9256614975806046 
Elapsed: 2.374333381652832

*** Epoch 1, batch 477/520 ***
Training fitness: 0.9352941176470588
Model size: (2, 6)
Validation fitness: 0.9197121926218697 
Elapsed: 2.3018946647644043

*** Epoch 1, batch 478/520 ***
Training fitness: 0.9677853169509139
Model size: (4, 8)
Validation fitness: 0.9256614975806046 
Elapsed: 2.3391549587249756

*** Epoch 1, batch 479/520 ***
Training fitness: 0.9315047119765337
Model size: (4, 8)
Validation fitness: 0.9256614975806046 
Elapsed: 2.333556652069092

*** Epoch 1, batch 480/520 ***
Training fitness: 0.9332839140103781
Model size: (4, 8)
Validation fitness: 0.9256614975806046 
Elapsed: 2.3223464488983154

*** Epoch 1, batch 481/520 ***
Training fitness: 0.9325299730853928
Model size: (9, 15)
Validation fitness: 0.9035685204226995 
Elapsed: 2.4591617584228516

*** Epoch 1, batch 482/520 ***
Training fitness: 0.9198529411764705
Model size: (5, 11)
Validation fitness: 0.9174361501185956 
Elapsed: 2.329643487930298

*** Epoch 1, batch 483/520 ***
Training fitness: 0.9440063573568067
Model size: (4, 8)
Validation fitness: 0.915288053597202 
Elapsed: 2.376542568206787

*** Epoch 1, batch 484/520 ***
Training fitness: 0.9336812549594091
Model size: (11, 18)
Validation fitness: 0.9235219747590278 
Elapsed: 2.436074733734131

*** Epoch 1, batch 485/520 ***
Training fitness: 0.9516129032258064
Model size: (2, 6)
Validation fitness: 0.9197121926218697 
Elapsed: 2.312673568725586

*** Epoch 1, batch 486/520 ***
Training fitness: 0.9245119841858167
Model size: (4, 11)
Validation fitness: 0.9174650955154128 
Elapsed: 2.383776903152466

*** Epoch 1, batch 487/520 ***
Training fitness: 0.9335591771958738
Model size: (3, 7)
Validation fitness: 0.9222572807565727 
Elapsed: 2.3980929851531982

*** Epoch 1, batch 488/520 ***
Training fitness: 0.9261402314499658
Model size: (1, 6)
Validation fitness: 0.9160911967595226 
Elapsed: 2.254410982131958

*** Epoch 1, batch 489/520 ***
Training fitness: 0.933264007829704
Model size: (1, 6)
Validation fitness: 0.9155397686302833 
Elapsed: 2.2617013454437256

*** Epoch 1, batch 490/520 ***
Training fitness: 0.9317347687790556
Model size: (6, 13)
Validation fitness: 0.9176006625637971 
Elapsed: 2.4843807220458984

*** Epoch 1, batch 491/520 ***
Training fitness: 0.9061221998412989
Model size: (1, 5)
Validation fitness: 0.9153163211587773 
Elapsed: 2.2921576499938965

*** Epoch 1, batch 492/520 ***
Training fitness: 0.931650700073692
Model size: (1, 5)
Validation fitness: 0.9180981936313679 
Elapsed: 2.3051693439483643

*** Epoch 1, batch 493/520 ***
Training fitness: 0.9269704433497538
Model size: (1, 4)
Validation fitness: 0.9180884840995241 
Elapsed: 2.2529947757720947

*** Epoch 1, batch 494/520 ***
Training fitness: 0.9433823529411764
Model size: (1, 6)
Validation fitness: 0.9158919315182689 
Elapsed: 2.165806293487549

*** Epoch 1, batch 495/520 ***
Training fitness: 0.9334378650925413
Model size: (1, 4)
Validation fitness: 0.9150140616004944 
Elapsed: 2.1344687938690186

*** Epoch 1, batch 496/520 ***
Training fitness: 0.9339975093399752
Model size: (1, 4)
Validation fitness: 0.9150140616004944 
Elapsed: 2.1959798336029053

*** Epoch 1, batch 497/520 ***
Training fitness: 0.8945648854961832
Model size: (2, 5)
Validation fitness: 0.9075263454406677 
Elapsed: 2.1895477771759033

*** Epoch 1, batch 498/520 ***
Training fitness: 0.9193627450980393
Model size: (3, 9)
Validation fitness: 0.9119419107655184 
Elapsed: 2.302398681640625

*** Epoch 1, batch 499/520 ***
Training fitness: 0.93359375
Model size: (4, 10)
Validation fitness: 0.9131253011786858 
Elapsed: 2.3358614444732666

*** Epoch 1, batch 500/520 ***
Training fitness: 0.915762403562692
Model size: (10, 17)
Validation fitness: 0.9077932110073995 
Elapsed: 2.406183958053589

*** Epoch 1, batch 501/520 ***
Training fitness: 0.9298320610687022
Model size: (1, 4)
Validation fitness: 0.915515494800674 
Elapsed: 2.0263383388519287

*** Epoch 1, batch 502/520 ***
Training fitness: 0.9331802877257422
Model size: (1, 5)
Validation fitness: 0.9173406486289701 
Elapsed: 2.0897955894470215

*** Epoch 1, batch 503/520 ***
Training fitness: 0.9253694581280789
Model size: (3, 6)
Validation fitness: 0.9192329447859594 
Elapsed: 2.066437005996704

*** Epoch 1, batch 504/520 ***
Training fitness: 0.9304969741426737
Model size: (3, 10)
Validation fitness: 0.909197557389562 
Elapsed: 2.133364200592041

*** Epoch 1, batch 505/520 ***
Training fitness: 0.9117853720855956
Model size: (2, 6)
Validation fitness: 0.9062432766071951 
Elapsed: 2.145932912826538

*** Epoch 1, batch 506/520 ***
Training fitness: 0.9141875728393547
Model size: (1, 6)
Validation fitness: 0.9170987347270896 
Elapsed: 2.008615493774414

*** Epoch 1, batch 507/520 ***
Training fitness: 0.935771184846014
Model size: (1, 6)
Validation fitness: 0.9170987347270896 
Elapsed: 2.101184606552124

*** Epoch 1, batch 508/520 ***
Training fitness: 0.9099371299517792
Model size: (3, 7)
Validation fitness: 0.907591179465564 
Elapsed: 2.207624673843384

*** Epoch 1, batch 509/520 ***
Training fitness: 0.8889705882352941
Model size: (4, 10)
Validation fitness: 0.9144510186727853 
Elapsed: 2.186349868774414

*** Epoch 1, batch 510/520 ***
Training fitness: 0.9330882352941177
Model size: (4, 11)
Validation fitness: 0.9130508492213029 
Elapsed: 2.17958402633667

*** Epoch 1, batch 511/520 ***
Training fitness: 0.9195529353967083
Model size: (4, 12)
Validation fitness: 0.9093920594642508 
Elapsed: 2.227635383605957

*** Epoch 1, batch 512/520 ***
Training fitness: 0.9403664122137405
Model size: (6, 10)
Validation fitness: 0.922502730393634 
Elapsed: 2.303248167037964

*** Epoch 1, batch 513/520 ***
Training fitness: 0.9173913043478261
Model size: (3, 9)
Validation fitness: 0.9194765807557518 
Elapsed: 2.2549521923065186

*** Epoch 1, batch 514/520 ***
Training fitness: 0.9261083743842365
Model size: (3, 10)
Validation fitness: 0.9213203842131366 
Elapsed: 2.3051719665527344

*** Epoch 1, batch 515/520 ***
Training fitness: 0.93359375
Model size: (6, 11)
Validation fitness: 0.9117513108234386 
Elapsed: 2.263727903366089

*** Epoch 1, batch 516/520 ***
Training fitness: 0.9296875
Model size: (3, 6)
Validation fitness: 0.9192329447859594 
Elapsed: 2.2083382606506348

*** Epoch 1, batch 517/520 ***
Training fitness: 0.9478263543011745
Model size: (3, 10)
Validation fitness: 0.9213203842131366 
Elapsed: 2.2717554569244385

*** Epoch 1, batch 518/520 ***
Training fitness: 0.932422519713919
Model size: (6, 11)
Validation fitness: 0.9241684097413645 
Elapsed: 2.304701089859009

*** Epoch 1, batch 519/520 ***
Training fitness: 0.9090408612674333
Model size: (3, 10)
Validation fitness: 0.9255734339587688 
Elapsed: 2.263334274291992

*** Epoch 1, batch 520/520 ***
Training fitness: 0.9162603150787696
Model size: (3, 8)
Validation fitness: 0.9271294505562792 
Elapsed: 2.3635201454162598

Total train time: 1673.6578624248505
Test time: 0.30220484733581543
Test fitness: 0.9326649878779978
Test statistics: Stats(total=14791, total_true=7158, total_false=7633, true_positive=6300, true_negative=7520, false_positive=113, false_negative=858, tpr=0.8801341156747695, tnr=0.9851958600812263, ppv=0.982379541556214, npv=0.8975889233707328, accuracy=0.9343519707930499, f1=0.9284503721170142, mcc=0.8726185251421584)
