Configuration:
Dataset: nsl_kdd
Selector: pca
Fold: 1
Fitness: inverse_binary_crossentropy
Batch size: 256
Epochs: 1
Config args: {}
*** Epoch 1, batch 1/520 ***
Training fitness: 0.4618025858113769
Model size: (1, 12)
Validation fitness: 0.43482282970507186 !!!
Elapsed: 1.4478623867034912

*** Epoch 1, batch 2/520 ***
Training fitness: 0.5932302815515071
Model size: (2, 13)
Validation fitness: 0.39330354702083176 
Elapsed: 1.5599913597106934

*** Epoch 1, batch 3/520 ***
Training fitness: 0.6334962235416094
Model size: (3, 12)
Validation fitness: 0.4978924522712463 !!!
Elapsed: 1.6438498497009277

*** Epoch 1, batch 4/520 ***
Training fitness: 0.5017910788666016
Model size: (2, 13)
Validation fitness: 0.515143049104168 !!!
Elapsed: 1.7131857872009277

*** Epoch 1, batch 5/520 ***
Training fitness: 0.5823095001103263
Model size: (3, 13)
Validation fitness: 0.4937383529355916 
Elapsed: 1.726020336151123

*** Epoch 1, batch 6/520 ***
Training fitness: 0.61836080818764
Model size: (4, 14)
Validation fitness: 0.5125645975520302 
Elapsed: 2.268749713897705

*** Epoch 1, batch 7/520 ***
Training fitness: 0.5588890912320987
Model size: (1, 9)
Validation fitness: 0.5554934190755032 !!!
Elapsed: 1.6809179782867432

*** Epoch 1, batch 8/520 ***
Training fitness: 0.7015159852236829
Model size: (3, 10)
Validation fitness: 0.5747973066359822 !!!
Elapsed: 1.6480839252471924

*** Epoch 1, batch 9/520 ***
Training fitness: 0.6288462284859878
Model size: (3, 13)
Validation fitness: 0.6184836267338457 !!!
Elapsed: 1.7180418968200684

*** Epoch 1, batch 10/520 ***
Training fitness: 0.6432555822304695
Model size: (3, 10)
Validation fitness: 0.6044114701780758 
Elapsed: 1.6835203170776367

*** Epoch 1, batch 11/520 ***
Training fitness: 0.6712206097269507
Model size: (3, 13)
Validation fitness: 0.6184836267338457 
Elapsed: 1.8264458179473877

*** Epoch 1, batch 12/520 ***
Training fitness: 0.617431030039053
Model size: (1, 4)
Validation fitness: 0.5784982139334199 
Elapsed: 1.6793677806854248

*** Epoch 1, batch 13/520 ***
Training fitness: 0.8048326204523931
Model size: (3, 13)
Validation fitness: 0.6184836267338457 
Elapsed: 1.886894941329956

*** Epoch 1, batch 14/520 ***
Training fitness: 0.684651412120952
Model size: (3, 8)
Validation fitness: 0.6809133513524285 !!!
Elapsed: 1.951540231704712

*** Epoch 1, batch 15/520 ***
Training fitness: 0.7472232772670878
Model size: (5, 11)
Validation fitness: 0.69228028637133 !!!
Elapsed: 1.9257450103759766

*** Epoch 1, batch 16/520 ***
Training fitness: 0.7383573733779347
Model size: (5, 11)
Validation fitness: 0.69228028637133 
Elapsed: 1.9094605445861816

*** Epoch 1, batch 17/520 ***
Training fitness: 0.7430575701423806
Model size: (5, 10)
Validation fitness: 0.7237859289411203 !!!
Elapsed: 1.8815076351165771

*** Epoch 1, batch 18/520 ***
Training fitness: 0.7259937680514661
Model size: (6, 10)
Validation fitness: 0.7546945892676636 !!!
Elapsed: 1.7939949035644531

*** Epoch 1, batch 19/520 ***
Training fitness: 0.7711975158015039
Model size: (6, 10)
Validation fitness: 0.7546945892676636 
Elapsed: 1.776535987854004

*** Epoch 1, batch 20/520 ***
Training fitness: 0.7668267646031627
Model size: (6, 10)
Validation fitness: 0.7546945892676636 
Elapsed: 1.7000787258148193

*** Epoch 1, batch 21/520 ***
Training fitness: 0.7863745513319298
Model size: (6, 10)
Validation fitness: 0.7546945892676636 
Elapsed: 1.6761579513549805

*** Epoch 1, batch 22/520 ***
Training fitness: 0.7533628316479268
Model size: (6, 10)
Validation fitness: 0.7546945892676636 
Elapsed: 1.7068657875061035

*** Epoch 1, batch 23/520 ***
Training fitness: 0.7510209529115972
Model size: (6, 10)
Validation fitness: 0.7546945892676636 
Elapsed: 1.6837830543518066

*** Epoch 1, batch 24/520 ***
Training fitness: 0.7441154238532778
Model size: (6, 10)
Validation fitness: 0.7546945892676636 
Elapsed: 1.7707219123840332

*** Epoch 1, batch 25/520 ***
Training fitness: 0.8227717280065042
Model size: (4, 8)
Validation fitness: 0.7813682346064915 !!!
Elapsed: 1.6964111328125

*** Epoch 1, batch 26/520 ***
Training fitness: 0.7600161169729627
Model size: (4, 8)
Validation fitness: 0.7813682346064915 
Elapsed: 1.7824549674987793

*** Epoch 1, batch 27/520 ***
Training fitness: 0.787342920688402
Model size: (4, 8)
Validation fitness: 0.7813682346064915 
Elapsed: 1.7102222442626953

*** Epoch 1, batch 28/520 ***
Training fitness: 0.7626109042542968
Model size: (4, 8)
Validation fitness: 0.7813682346064915 
Elapsed: 1.7154748439788818

*** Epoch 1, batch 29/520 ***
Training fitness: 0.7752426885957565
Model size: (4, 8)
Validation fitness: 0.7813682346064915 
Elapsed: 1.7235298156738281

*** Epoch 1, batch 30/520 ***
Training fitness: 0.8533575446949946
Model size: (4, 8)
Validation fitness: 0.7813682346064915 
Elapsed: 1.7140166759490967

*** Epoch 1, batch 31/520 ***
Training fitness: 0.7600789544892584
Model size: (2, 5)
Validation fitness: 0.7911845055529224 !!!
Elapsed: 1.6679661273956299

*** Epoch 1, batch 32/520 ***
Training fitness: 0.7868118553696448
Model size: (2, 5)
Validation fitness: 0.7911845055529224 
Elapsed: 1.7795016765594482

*** Epoch 1, batch 33/520 ***
Training fitness: 0.815168457988656
Model size: (4, 8)
Validation fitness: 0.7813682346064915 
Elapsed: 1.650512456893921

*** Epoch 1, batch 34/520 ***
Training fitness: 0.786595690739236
Model size: (2, 5)
Validation fitness: 0.7911845055529224 
Elapsed: 1.6397817134857178

*** Epoch 1, batch 35/520 ***
Training fitness: 0.7847286442741102
Model size: (2, 5)
Validation fitness: 0.7911845055529224 
Elapsed: 1.6000714302062988

*** Epoch 1, batch 36/520 ***
Training fitness: 0.8008529379628381
Model size: (2, 5)
Validation fitness: 0.7392808769449646 
Elapsed: 1.6547977924346924

*** Epoch 1, batch 37/520 ***
Training fitness: 0.7800505181833973
Model size: (2, 5)
Validation fitness: 0.7911845055529224 
Elapsed: 3.0422768592834473

*** Epoch 1, batch 38/520 ***
Training fitness: 0.7908785114043514
Model size: (2, 5)
Validation fitness: 0.7911845055529224 
Elapsed: 3.4196431636810303

*** Epoch 1, batch 39/520 ***
Training fitness: 0.8179304212464794
Model size: (2, 5)
Validation fitness: 0.7911845055529224 
Elapsed: 1.7249021530151367

*** Epoch 1, batch 40/520 ***
Training fitness: 0.8212238731583433
Model size: (4, 7)
Validation fitness: 0.7424929269328502 
Elapsed: 1.7263474464416504

*** Epoch 1, batch 41/520 ***
Training fitness: 0.8178090977373954
Model size: (2, 5)
Validation fitness: 0.7911845055529224 
Elapsed: 1.6876389980316162

*** Epoch 1, batch 42/520 ***
Training fitness: 0.7994115598589236
Model size: (4, 8)
Validation fitness: 0.7813682346064915 
Elapsed: 1.6378304958343506

*** Epoch 1, batch 43/520 ***
Training fitness: 0.7865139518227
Model size: (2, 5)
Validation fitness: 0.7911845055529224 
Elapsed: 1.6537420749664307

*** Epoch 1, batch 44/520 ***
Training fitness: 0.8054425882124745
Model size: (3, 4)
Validation fitness: 0.7543745825089496 
Elapsed: 1.5965938568115234

*** Epoch 1, batch 45/520 ***
Training fitness: 0.8023229087926678
Model size: (4, 8)
Validation fitness: 0.7813682346064915 
Elapsed: 1.6653611660003662

*** Epoch 1, batch 46/520 ***
Training fitness: 0.772716638036337
Model size: (2, 5)
Validation fitness: 0.7911845055529224 
Elapsed: 1.6349332332611084

*** Epoch 1, batch 47/520 ***
Training fitness: 0.7825254643880292
Model size: (2, 6)
Validation fitness: 0.785244936102201 
Elapsed: 1.5751526355743408

*** Epoch 1, batch 48/520 ***
Training fitness: 0.7932344620776219
Model size: (2, 6)
Validation fitness: 0.785244936102201 
Elapsed: 1.5630922317504883

*** Epoch 1, batch 49/520 ***
Training fitness: 0.8265656072287509
Model size: (2, 6)
Validation fitness: 0.785244936102201 
Elapsed: 1.544867753982544

*** Epoch 1, batch 50/520 ***
Training fitness: 0.8350958983952026
Model size: (3, 4)
Validation fitness: 0.7543745825089496 
Elapsed: 1.5027780532836914

*** Epoch 1, batch 51/520 ***
Training fitness: 0.8216401849171554
Model size: (3, 4)
Validation fitness: 0.7543745825089496 
Elapsed: 1.561939001083374

*** Epoch 1, batch 52/520 ***
Training fitness: 0.8080233986999915
Model size: (2, 5)
Validation fitness: 0.7911845055529224 
Elapsed: 1.580775260925293

*** Epoch 1, batch 53/520 ***
Training fitness: 0.7883709118436023
Model size: (2, 5)
Validation fitness: 0.7911845055529224 
Elapsed: 1.561185598373413

*** Epoch 1, batch 54/520 ***
Training fitness: 0.8216117535659294
Model size: (2, 6)
Validation fitness: 0.785244936102201 
Elapsed: 1.604764461517334

*** Epoch 1, batch 55/520 ***
Training fitness: 0.8114681283761004
Model size: (2, 5)
Validation fitness: 0.7911845055529224 
Elapsed: 1.5484182834625244

*** Epoch 1, batch 56/520 ***
Training fitness: 0.7674282858437034
Model size: (2, 5)
Validation fitness: 0.7911845055529224 
Elapsed: 1.5170671939849854

*** Epoch 1, batch 57/520 ***
Training fitness: 0.7973989679806796
Model size: (2, 5)
Validation fitness: 0.7911845055529224 
Elapsed: 1.5032355785369873

*** Epoch 1, batch 58/520 ***
Training fitness: 0.8009071937183573
Model size: (3, 4)
Validation fitness: 0.7543745825089496 
Elapsed: 1.5173544883728027

*** Epoch 1, batch 59/520 ***
Training fitness: 0.7933368506452918
Model size: (2, 5)
Validation fitness: 0.7592243754362906 
Elapsed: 1.5554015636444092

*** Epoch 1, batch 60/520 ***
Training fitness: 0.78389332039315
Model size: (2, 5)
Validation fitness: 0.7911845055529224 
Elapsed: 1.507228136062622

*** Epoch 1, batch 61/520 ***
Training fitness: 0.792821677397364
Model size: (2, 5)
Validation fitness: 0.7911845055529224 
Elapsed: 1.5344243049621582

*** Epoch 1, batch 62/520 ***
Training fitness: 0.7936859410579725
Model size: (2, 6)
Validation fitness: 0.785244936102201 
Elapsed: 1.5138556957244873

*** Epoch 1, batch 63/520 ***
Training fitness: 0.819431543037901
Model size: (3, 4)
Validation fitness: 0.7543745825089496 
Elapsed: 1.450502634048462

*** Epoch 1, batch 64/520 ***
Training fitness: 0.7830861023269609
Model size: (3, 4)
Validation fitness: 0.7543745825089496 
Elapsed: 1.4599297046661377

*** Epoch 1, batch 65/520 ***
Training fitness: 0.7587094001270518
Model size: (2, 5)
Validation fitness: 0.7911845055529224 
Elapsed: 1.5108683109283447

*** Epoch 1, batch 66/520 ***
Training fitness: 0.7941038819562526
Model size: (6, 13)
Validation fitness: 0.7285554569411044 
Elapsed: 1.4663190841674805

*** Epoch 1, batch 67/520 ***
Training fitness: 0.7942702284374267
Model size: (4, 8)
Validation fitness: 0.7813682346064915 
Elapsed: 1.5005745887756348

*** Epoch 1, batch 68/520 ***
Training fitness: 0.8424442648279721
Model size: (4, 7)
Validation fitness: 0.758901755588811 
Elapsed: 1.3505473136901855

*** Epoch 1, batch 69/520 ***
Training fitness: 0.7869389763622012
Model size: (4, 8)
Validation fitness: 0.7813682346064915 
Elapsed: 1.4587066173553467

*** Epoch 1, batch 70/520 ***
Training fitness: 0.7578360639702922
Model size: (4, 8)
Validation fitness: 0.7813682346064915 
Elapsed: 1.49892258644104

*** Epoch 1, batch 71/520 ***
Training fitness: 0.7820367647058961
Model size: (4, 8)
Validation fitness: 0.7813682346064915 
Elapsed: 1.5167088508605957

*** Epoch 1, batch 72/520 ***
Training fitness: 0.7818609260933522
Model size: (4, 8)
Validation fitness: 0.7813682346064915 
Elapsed: 1.6086232662200928

*** Epoch 1, batch 73/520 ***
Training fitness: 0.7769513249242314
Model size: (4, 8)
Validation fitness: 0.7813682346064915 
Elapsed: 1.4842398166656494

*** Epoch 1, batch 74/520 ***
Training fitness: 0.7407986033005866
Model size: (5, 9)
Validation fitness: 0.7577802602719176 
Elapsed: 1.5018739700317383

*** Epoch 1, batch 75/520 ***
Training fitness: 0.7363424920184041
Model size: (6, 8)
Validation fitness: 0.744773095864112 
Elapsed: 1.6797258853912354

*** Epoch 1, batch 76/520 ***
Training fitness: 0.7688311595394332
Model size: (4, 7)
Validation fitness: 0.758901755588811 
Elapsed: 1.522106647491455

*** Epoch 1, batch 77/520 ***
Training fitness: 0.7823831671284905
Model size: (4, 8)
Validation fitness: 0.7813682346064915 
Elapsed: 1.617563009262085

*** Epoch 1, batch 78/520 ***
Training fitness: 0.8273566081172553
Model size: (6, 10)
Validation fitness: 0.7323740402683712 
Elapsed: 1.5559427738189697

*** Epoch 1, batch 79/520 ***
Training fitness: 0.7730364077507473
Model size: (5, 5)
Validation fitness: 0.7554070587395513 
Elapsed: 1.458007574081421

*** Epoch 1, batch 80/520 ***
Training fitness: 0.7575570809633904
Model size: (4, 8)
Validation fitness: 0.7813682346064915 
Elapsed: 1.5169224739074707

*** Epoch 1, batch 81/520 ***
Training fitness: 0.7988479208645698
Model size: (4, 8)
Validation fitness: 0.7813682346064915 
Elapsed: 1.6036667823791504

*** Epoch 1, batch 82/520 ***
Training fitness: 0.7975531277543078
Model size: (3, 4)
Validation fitness: 0.7441095390613811 
Elapsed: 1.4157564640045166

*** Epoch 1, batch 83/520 ***
Training fitness: 0.7937776640671717
Model size: (5, 8)
Validation fitness: 0.7395930451362542 
Elapsed: 1.46164870262146

*** Epoch 1, batch 84/520 ***
Training fitness: 0.7614020299183337
Model size: (6, 11)
Validation fitness: 0.7531023117793648 
Elapsed: 1.4659061431884766

*** Epoch 1, batch 85/520 ***
Training fitness: 0.7534692875804595
Model size: (6, 9)
Validation fitness: 0.7950828652342667 !!!
Elapsed: 1.6443543434143066

*** Epoch 1, batch 86/520 ***
Training fitness: 0.7939245589018188
Model size: (6, 9)
Validation fitness: 0.7950828652342667 
Elapsed: 1.5455858707427979

*** Epoch 1, batch 87/520 ***
Training fitness: 0.7935126597328536
Model size: (6, 9)
Validation fitness: 0.7950828652342667 
Elapsed: 1.547821283340454

*** Epoch 1, batch 88/520 ***
Training fitness: 0.8244836847661571
Model size: (6, 9)
Validation fitness: 0.7950828652342667 
Elapsed: 1.5460612773895264

*** Epoch 1, batch 89/520 ***
Training fitness: 0.7549772430973516
Model size: (4, 7)
Validation fitness: 0.758901755588811 
Elapsed: 1.3477575778961182

*** Epoch 1, batch 90/520 ***
Training fitness: 0.763082556533185
Model size: (5, 9)
Validation fitness: 0.7625562055994032 
Elapsed: 1.4865074157714844

*** Epoch 1, batch 91/520 ***
Training fitness: 0.7676691104365754
Model size: (5, 8)
Validation fitness: 0.761212663938094 
Elapsed: 1.3965098857879639

*** Epoch 1, batch 92/520 ***
Training fitness: 0.7574953498357881
Model size: (4, 7)
Validation fitness: 0.758901755588811 
Elapsed: 1.382741928100586

*** Epoch 1, batch 93/520 ***
Training fitness: 0.8322423632933809
Model size: (5, 7)
Validation fitness: 0.773970931571754 
Elapsed: 1.4325335025787354

*** Epoch 1, batch 94/520 ***
Training fitness: 0.8338813914944866
Model size: (5, 7)
Validation fitness: 0.773970931571754 
Elapsed: 1.4534342288970947

*** Epoch 1, batch 95/520 ***
Training fitness: 0.7507553150803109
Model size: (4, 7)
Validation fitness: 0.758901755588811 
Elapsed: 1.3588120937347412

*** Epoch 1, batch 96/520 ***
Training fitness: 0.814051058896242
Model size: (10, 12)
Validation fitness: 0.7906040742160004 
Elapsed: 1.4614088535308838

*** Epoch 1, batch 97/520 ***
Training fitness: 0.809223034243177
Model size: (10, 12)
Validation fitness: 0.7906040742160004 
Elapsed: 1.4435980319976807

*** Epoch 1, batch 98/520 ***
Training fitness: 0.7885472948383508
Model size: (10, 12)
Validation fitness: 0.7906040742160004 
Elapsed: 1.4360032081604004

*** Epoch 1, batch 99/520 ***
Training fitness: 0.7912693951513191
Model size: (10, 12)
Validation fitness: 0.7906040742160004 
Elapsed: 1.4501380920410156

*** Epoch 1, batch 100/520 ***
Training fitness: 0.77718391383909
Model size: (10, 12)
Validation fitness: 0.7906040742160004 
Elapsed: 1.5350146293640137

*** Epoch 1, batch 101/520 ***
Training fitness: 0.7938201280151889
Model size: (10, 12)
Validation fitness: 0.7906040742160004 
Elapsed: 1.495271921157837

*** Epoch 1, batch 102/520 ***
Training fitness: 0.8033724435201112
Model size: (10, 12)
Validation fitness: 0.7906040742160004 
Elapsed: 1.5263924598693848

*** Epoch 1, batch 103/520 ***
Training fitness: 0.7851172844187834
Model size: (10, 12)
Validation fitness: 0.7906040742160004 
Elapsed: 1.5508413314819336

*** Epoch 1, batch 104/520 ***
Training fitness: 0.7874930264025878
Model size: (10, 12)
Validation fitness: 0.7906040742160004 
Elapsed: 1.450817346572876

*** Epoch 1, batch 105/520 ***
Training fitness: 0.7911054461787624
Model size: (10, 12)
Validation fitness: 0.7906040742160004 
Elapsed: 1.4757609367370605

*** Epoch 1, batch 106/520 ***
Training fitness: 0.7934416601353345
Model size: (10, 12)
Validation fitness: 0.7906040742160004 
Elapsed: 1.4879956245422363

*** Epoch 1, batch 107/520 ***
Training fitness: 0.7811387289854822
Model size: (10, 12)
Validation fitness: 0.7906040742160004 
Elapsed: 1.4960649013519287

*** Epoch 1, batch 108/520 ***
Training fitness: 0.8247699039835763
Model size: (5, 7)
Validation fitness: 0.773970931571754 
Elapsed: 1.5072999000549316

*** Epoch 1, batch 109/520 ***
Training fitness: 0.7843270624364469
Model size: (10, 12)
Validation fitness: 0.7906040742160004 
Elapsed: 1.490004539489746

*** Epoch 1, batch 110/520 ***
Training fitness: 0.8028142418485116
Model size: (10, 12)
Validation fitness: 0.7906040742160004 
Elapsed: 1.5636961460113525

*** Epoch 1, batch 111/520 ***
Training fitness: 0.7637685603645439
Model size: (10, 12)
Validation fitness: 0.7906040742160004 
Elapsed: 1.4800207614898682

*** Epoch 1, batch 112/520 ***
Training fitness: 0.7862867972722899
Model size: (5, 7)
Validation fitness: 0.773970931571754 
Elapsed: 1.4768328666687012

*** Epoch 1, batch 113/520 ***
Training fitness: 0.7551736872125899
Model size: (5, 7)
Validation fitness: 0.773970931571754 
Elapsed: 1.4168095588684082

*** Epoch 1, batch 114/520 ***
Training fitness: 0.7942492094104509
Model size: (5, 7)
Validation fitness: 0.773970931571754 
Elapsed: 1.3880317211151123

*** Epoch 1, batch 115/520 ***
Training fitness: 0.7755463445727449
Model size: (5, 7)
Validation fitness: 0.773970931571754 
Elapsed: 1.5044715404510498

*** Epoch 1, batch 116/520 ***
Training fitness: 0.802282707480022
Model size: (5, 7)
Validation fitness: 0.773970931571754 
Elapsed: 1.4827485084533691

*** Epoch 1, batch 117/520 ***
Training fitness: 0.7576176993361983
Model size: (5, 7)
Validation fitness: 0.773970931571754 
Elapsed: 1.505589246749878

*** Epoch 1, batch 118/520 ***
Training fitness: 0.7847938810152675
Model size: (5, 6)
Validation fitness: 0.7475893276347059 
Elapsed: 1.4841725826263428

*** Epoch 1, batch 119/520 ***
Training fitness: 0.7979007458483237
Model size: (7, 13)
Validation fitness: 0.7583349025465627 
Elapsed: 1.5291271209716797

*** Epoch 1, batch 120/520 ***
Training fitness: 0.7787532973131346
Model size: (5, 7)
Validation fitness: 0.773970931571754 
Elapsed: 1.473203182220459

*** Epoch 1, batch 121/520 ***
Training fitness: 0.7596073938613973
Model size: (5, 8)
Validation fitness: 0.7497656598396291 
Elapsed: 1.4763736724853516

*** Epoch 1, batch 122/520 ***
Training fitness: 0.772069739992347
Model size: (7, 13)
Validation fitness: 0.7583349025465627 
Elapsed: 1.5304734706878662

*** Epoch 1, batch 123/520 ***
Training fitness: 0.7575056806097961
Model size: (5, 8)
Validation fitness: 0.756791125063919 
Elapsed: 1.5184173583984375

*** Epoch 1, batch 124/520 ***
Training fitness: 0.7758667960732881
Model size: (7, 13)
Validation fitness: 0.7583349025465627 
Elapsed: 1.5340368747711182

*** Epoch 1, batch 125/520 ***
Training fitness: 0.7850174179977409
Model size: (5, 8)
Validation fitness: 0.7329365400377884 
Elapsed: 1.5238912105560303

*** Epoch 1, batch 126/520 ***
Training fitness: 0.7969491233288483
Model size: (6, 12)
Validation fitness: 0.736179172926256 
Elapsed: 1.5106308460235596

*** Epoch 1, batch 127/520 ***
Training fitness: 0.7423456643259806
Model size: (12, 15)
Validation fitness: 0.7673849979575182 
Elapsed: 1.553133487701416

*** Epoch 1, batch 128/520 ***
Training fitness: 0.7714561586026312
Model size: (12, 15)
Validation fitness: 0.7673849979575182 
Elapsed: 1.464108943939209

*** Epoch 1, batch 129/520 ***
Training fitness: 0.7741558058829825
Model size: (12, 15)
Validation fitness: 0.7673849979575182 
Elapsed: 1.473978042602539

*** Epoch 1, batch 130/520 ***
Training fitness: 0.7977210965287923
Model size: (12, 15)
Validation fitness: 0.7673849979575182 
Elapsed: 1.443300724029541

*** Epoch 1, batch 131/520 ***
Training fitness: 0.7962017718625237
Model size: (12, 15)
Validation fitness: 0.7673849979575182 
Elapsed: 1.4561285972595215

*** Epoch 1, batch 132/520 ***
Training fitness: 0.7747549269024203
Model size: (5, 6)
Validation fitness: 0.7467231659904263 
Elapsed: 1.4625766277313232

*** Epoch 1, batch 133/520 ***
Training fitness: 0.7647031373786624
Model size: (8, 11)
Validation fitness: 0.7398776940892156 
Elapsed: 1.4097630977630615

*** Epoch 1, batch 134/520 ***
Training fitness: 0.7623804027833008
Model size: (8, 15)
Validation fitness: 0.7383795638008555 
Elapsed: 1.6649622917175293

*** Epoch 1, batch 135/520 ***
Training fitness: 0.7244459800836719
Model size: (5, 9)
Validation fitness: 0.7395623926423324 
Elapsed: 1.4093010425567627

*** Epoch 1, batch 136/520 ***
Training fitness: 0.7559748268610798
Model size: (5, 7)
Validation fitness: 0.7425529430647302 
Elapsed: 1.486833095550537

*** Epoch 1, batch 137/520 ***
Training fitness: 0.7479282703839917
Model size: (10, 10)
Validation fitness: 0.754523112018045 
Elapsed: 1.4018659591674805

*** Epoch 1, batch 138/520 ***
Training fitness: 0.7307225034535072
Model size: (10, 10)
Validation fitness: 0.754523112018045 
Elapsed: 1.3586218357086182

*** Epoch 1, batch 139/520 ***
Training fitness: 0.7901699309485427
Model size: (7, 10)
Validation fitness: 0.7548582351639636 
Elapsed: 1.4080266952514648

*** Epoch 1, batch 140/520 ***
Training fitness: 0.7581427889396618
Model size: (10, 10)
Validation fitness: 0.754523112018045 
Elapsed: 1.356515645980835

*** Epoch 1, batch 141/520 ***
Training fitness: 0.7484687129012104
Model size: (10, 10)
Validation fitness: 0.754523112018045 
Elapsed: 1.3976972103118896

*** Epoch 1, batch 142/520 ***
Training fitness: 0.769201990765611
Model size: (6, 6)
Validation fitness: 0.7447711838626867 
Elapsed: 1.3493902683258057

*** Epoch 1, batch 143/520 ***
Training fitness: 0.7712010602516607
Model size: (10, 10)
Validation fitness: 0.754523112018045 
Elapsed: 1.3894968032836914

*** Epoch 1, batch 144/520 ***
Training fitness: 0.7440645744900866
Model size: (10, 11)
Validation fitness: 0.7464026625951329 
Elapsed: 1.3178606033325195

*** Epoch 1, batch 145/520 ***
Training fitness: 0.7811359324664214
Model size: (6, 10)
Validation fitness: 0.7408305541289089 
Elapsed: 1.4181160926818848

*** Epoch 1, batch 146/520 ***
Training fitness: 0.7289571826344824
Model size: (6, 8)
Validation fitness: 0.7520078364920031 
Elapsed: 1.342808485031128

*** Epoch 1, batch 147/520 ***
Training fitness: 0.742252825981152
Model size: (6, 8)
Validation fitness: 0.7520078364920031 
Elapsed: 1.3957829475402832

*** Epoch 1, batch 148/520 ***
Training fitness: 0.7580034864758972
Model size: (10, 14)
Validation fitness: 0.7478253634537518 
Elapsed: 1.419135570526123

*** Epoch 1, batch 149/520 ***
Training fitness: 0.7591423049456022
Model size: (7, 14)
Validation fitness: 0.7565539974130481 
Elapsed: 1.463501214981079

*** Epoch 1, batch 150/520 ***
Training fitness: 0.7339138547996377
Model size: (6, 8)
Validation fitness: 0.7520078364920031 
Elapsed: 1.441152811050415

*** Epoch 1, batch 151/520 ***
Training fitness: 0.7606705214735949
Model size: (6, 8)
Validation fitness: 0.7520078364920031 
Elapsed: 1.4277904033660889

*** Epoch 1, batch 152/520 ***
Training fitness: 0.7727632458090842
Model size: (6, 10)
Validation fitness: 0.7408305541289089 
Elapsed: 1.376190185546875

*** Epoch 1, batch 153/520 ***
Training fitness: 0.7738080220767439
Model size: (6, 9)
Validation fitness: 0.7601145669873934 
Elapsed: 1.3885247707366943

*** Epoch 1, batch 154/520 ***
Training fitness: 0.775397417304134
Model size: (7, 15)
Validation fitness: 0.7445971491285042 
Elapsed: 1.5087907314300537

*** Epoch 1, batch 155/520 ***
Training fitness: 0.7407499220542313
Model size: (6, 9)
Validation fitness: 0.7601145669873934 
Elapsed: 1.3638639450073242

*** Epoch 1, batch 156/520 ***
Training fitness: 0.7747388770222345
Model size: (9, 14)
Validation fitness: 0.7383692992561669 
Elapsed: 1.3837254047393799

*** Epoch 1, batch 157/520 ***
Training fitness: 0.7492482031937211
Model size: (6, 9)
Validation fitness: 0.7601145669873934 
Elapsed: 1.3423516750335693

*** Epoch 1, batch 158/520 ***
Training fitness: 0.7899427894549411
Model size: (6, 10)
Validation fitness: 0.6982672163686788 
Elapsed: 1.321187973022461

*** Epoch 1, batch 159/520 ***
Training fitness: 0.7923587042708021
Model size: (5, 7)
Validation fitness: 0.7598681295347663 
Elapsed: 1.3374452590942383

*** Epoch 1, batch 160/520 ***
Training fitness: 0.7715697739494652
Model size: (10, 13)
Validation fitness: 0.7443734696663994 
Elapsed: 1.5071115493774414

*** Epoch 1, batch 161/520 ***
Training fitness: 0.7608631350818654
Model size: (9, 14)
Validation fitness: 0.7383692992561669 
Elapsed: 1.3985517024993896

*** Epoch 1, batch 162/520 ***
Training fitness: 0.7577374349981202
Model size: (5, 7)
Validation fitness: 0.7598681295347663 
Elapsed: 1.3125677108764648

*** Epoch 1, batch 163/520 ***
Training fitness: 0.7836275285028079
Model size: (8, 13)
Validation fitness: 0.7403811010480371 
Elapsed: 1.3573527336120605

*** Epoch 1, batch 164/520 ***
Training fitness: 0.7247835694579606
Model size: (5, 7)
Validation fitness: 0.7598681295347663 
Elapsed: 1.3575334548950195

*** Epoch 1, batch 165/520 ***
Training fitness: 0.7694026641912992
Model size: (5, 5)
Validation fitness: 0.746767079850498 
Elapsed: 1.318101167678833

*** Epoch 1, batch 166/520 ***
Training fitness: 0.7612492091363089
Model size: (5, 7)
Validation fitness: 0.7229741503617171 
Elapsed: 1.2952423095703125

*** Epoch 1, batch 167/520 ***
Training fitness: 0.7498598817038686
Model size: (5, 7)
Validation fitness: 0.7598681295347663 
Elapsed: 1.3655426502227783

*** Epoch 1, batch 168/520 ***
Training fitness: 0.7492825725122959
Model size: (9, 14)
Validation fitness: 0.7164179451395274 
Elapsed: 1.3857591152191162

*** Epoch 1, batch 169/520 ***
Training fitness: 0.7414157340884043
Model size: (5, 7)
Validation fitness: 0.7598681295347663 
Elapsed: 1.3750882148742676

*** Epoch 1, batch 170/520 ***
Training fitness: 0.7524216694123019
Model size: (9, 13)
Validation fitness: 0.749730842074054 
Elapsed: 1.6019163131713867

*** Epoch 1, batch 171/520 ***
Training fitness: 0.7854822967619094
Model size: (5, 7)
Validation fitness: 0.7598681295347663 
Elapsed: 1.372446060180664

*** Epoch 1, batch 172/520 ***
Training fitness: 0.7620192971541107
Model size: (6, 7)
Validation fitness: 0.7552499382028836 
Elapsed: 1.4715356826782227

*** Epoch 1, batch 173/520 ***
Training fitness: 0.771857247924393
Model size: (6, 7)
Validation fitness: 0.7552499382028836 
Elapsed: 1.5093879699707031

*** Epoch 1, batch 174/520 ***
Training fitness: 0.7434171036006616
Model size: (4, 3)
Validation fitness: 0.7497883953230274 
Elapsed: 1.3917458057403564

*** Epoch 1, batch 175/520 ***
Training fitness: 0.791067103228901
Model size: (6, 8)
Validation fitness: 0.7557511445673146 
Elapsed: 1.3862969875335693

*** Epoch 1, batch 176/520 ***
Training fitness: 0.7725342870104643
Model size: (6, 7)
Validation fitness: 0.7552499382028836 
Elapsed: 1.4868481159210205

*** Epoch 1, batch 177/520 ***
Training fitness: 0.7990403036652056
Model size: (7, 13)
Validation fitness: 0.7426691806871601 
Elapsed: 1.4209787845611572

*** Epoch 1, batch 178/520 ***
Training fitness: 0.774367459054895
Model size: (6, 7)
Validation fitness: 0.7466237386961531 
Elapsed: 1.5165271759033203

*** Epoch 1, batch 179/520 ***
Training fitness: 0.7617584854269568
Model size: (4, 7)
Validation fitness: 0.6477625426496337 
Elapsed: 1.4045345783233643

*** Epoch 1, batch 180/520 ***
Training fitness: 0.7214268680641286
Model size: (5, 8)
Validation fitness: 0.6523221106081185 
Elapsed: 1.4474999904632568

*** Epoch 1, batch 181/520 ***
Training fitness: 0.7840112288867724
Model size: (6, 11)
Validation fitness: 0.7566678704826231 
Elapsed: 1.4353840351104736

*** Epoch 1, batch 182/520 ***
Training fitness: 0.7638934400852685
Model size: (6, 8)
Validation fitness: 0.7557511445673146 
Elapsed: 1.4195020198822021

*** Epoch 1, batch 183/520 ***
Training fitness: 0.723793726264946
Model size: (7, 10)
Validation fitness: 0.7415937317153447 
Elapsed: 1.4425199031829834

*** Epoch 1, batch 184/520 ***
Training fitness: 0.7977455173701702
Model size: (6, 8)
Validation fitness: 0.7557511445673146 
Elapsed: 1.4006543159484863

*** Epoch 1, batch 185/520 ***
Training fitness: 0.7585510540369647
Model size: (4, 5)
Validation fitness: 0.7248972006423576 
Elapsed: 1.3352069854736328

*** Epoch 1, batch 186/520 ***
Training fitness: 0.8318218488368223
Model size: (7, 9)
Validation fitness: 0.7315567076267765 
Elapsed: 1.5066814422607422

*** Epoch 1, batch 187/520 ***
Training fitness: 0.7622629007560682
Model size: (10, 14)
Validation fitness: 0.7496343458818867 
Elapsed: 1.417076826095581

*** Epoch 1, batch 188/520 ***
Training fitness: 0.7767211023424411
Model size: (6, 11)
Validation fitness: 0.7566678704826231 
Elapsed: 1.4406516551971436

*** Epoch 1, batch 189/520 ***
Training fitness: 0.765460258907337
Model size: (8, 9)
Validation fitness: 0.7544821673474883 
Elapsed: 1.6130361557006836

*** Epoch 1, batch 190/520 ***
Training fitness: 0.7543929830602847
Model size: (4, 3)
Validation fitness: 0.7509146221858339 
Elapsed: 1.4931201934814453

*** Epoch 1, batch 191/520 ***
Training fitness: 0.8017280963544745
Model size: (4, 7)
Validation fitness: 0.6461477671751821 
Elapsed: 1.5628392696380615

*** Epoch 1, batch 192/520 ***
Training fitness: 0.7703274937567264
Model size: (6, 7)
Validation fitness: 0.7466237386961531 
Elapsed: 1.5371427536010742

*** Epoch 1, batch 193/520 ***
Training fitness: 0.7256206139854201
Model size: (8, 10)
Validation fitness: 0.7528546556980552 
Elapsed: 1.626478910446167

*** Epoch 1, batch 194/520 ***
Training fitness: 0.7554435091567883
Model size: (4, 3)
Validation fitness: 0.7372634684544264 
Elapsed: 1.3872568607330322

*** Epoch 1, batch 195/520 ***
Training fitness: 0.8135972449901715
Model size: (4, 5)
Validation fitness: 0.73186087202282 
Elapsed: 1.4229466915130615

*** Epoch 1, batch 196/520 ***
Training fitness: 0.7680275274102223
Model size: (6, 8)
Validation fitness: 0.75017580765037 
Elapsed: 1.4385676383972168

*** Epoch 1, batch 197/520 ***
Training fitness: 0.7588104630999558
Model size: (6, 11)
Validation fitness: 0.7566678704826231 
Elapsed: 1.4501240253448486

*** Epoch 1, batch 198/520 ***
Training fitness: 0.7973002151248599
Model size: (3, 5)
Validation fitness: 0.7484690794614349 
Elapsed: 1.4091753959655762

*** Epoch 1, batch 199/520 ***
Training fitness: 0.7698935343193878
Model size: (6, 11)
Validation fitness: 0.7566678704826231 
Elapsed: 1.5049049854278564

*** Epoch 1, batch 200/520 ***
Training fitness: 0.7519282879150773
Model size: (6, 7)
Validation fitness: 0.7466237386961531 
Elapsed: 1.5027780532836914

*** Epoch 1, batch 201/520 ***
Training fitness: 0.8140300868952243
Model size: (3, 5)
Validation fitness: 0.7484690794614349 
Elapsed: 1.4422457218170166

*** Epoch 1, batch 202/520 ***
Training fitness: 0.7893499291284525
Model size: (6, 7)
Validation fitness: 0.7466237386961531 
Elapsed: 1.5254266262054443

*** Epoch 1, batch 203/520 ***
Training fitness: 0.7896097273713116
Model size: (6, 8)
Validation fitness: 0.7557511445673146 
Elapsed: 1.337186574935913

*** Epoch 1, batch 204/520 ***
Training fitness: 0.7722301125262471
Model size: (5, 6)
Validation fitness: 0.7428145960604028 
Elapsed: 1.363412618637085

*** Epoch 1, batch 205/520 ***
Training fitness: 0.7369741525203586
Model size: (6, 8)
Validation fitness: 0.7176493467056523 
Elapsed: 1.385803461074829

*** Epoch 1, batch 206/520 ***
Training fitness: 0.7699509721081651
Model size: (5, 6)
Validation fitness: 0.7663349143949885 
Elapsed: 1.3929648399353027

*** Epoch 1, batch 207/520 ***
Training fitness: 0.7685063123900098
Model size: (7, 8)
Validation fitness: 0.7541572006233201 
Elapsed: 1.4248912334442139

*** Epoch 1, batch 208/520 ***
Training fitness: 0.7733801072285145
Model size: (5, 9)
Validation fitness: 0.7584547390574792 
Elapsed: 1.3974530696868896

*** Epoch 1, batch 209/520 ***
Training fitness: 0.7430511154980508
Model size: (5, 9)
Validation fitness: 0.7584547390574792 
Elapsed: 1.3689861297607422

*** Epoch 1, batch 210/520 ***
Training fitness: 0.7861139158749313
Model size: (6, 7)
Validation fitness: 0.7466237386961531 
Elapsed: 1.434513807296753

*** Epoch 1, batch 211/520 ***
Training fitness: 0.7703994294440113
Model size: (4, 5)
Validation fitness: 0.7520844118458707 
Elapsed: 1.354097604751587

*** Epoch 1, batch 212/520 ***
Training fitness: 0.7840914040760697
Model size: (7, 8)
Validation fitness: 0.7541572006233201 
Elapsed: 1.5165376663208008

*** Epoch 1, batch 213/520 ***
Training fitness: 0.7655890912774544
Model size: (6, 7)
Validation fitness: 0.7435122226187764 
Elapsed: 1.4583768844604492

*** Epoch 1, batch 214/520 ***
Training fitness: 0.742064688339712
Model size: (4, 3)
Validation fitness: 0.7464606811051587 
Elapsed: 1.3224775791168213

*** Epoch 1, batch 215/520 ***
Training fitness: 0.8111525994656109
Model size: (6, 7)
Validation fitness: 0.7470796031910313 
Elapsed: 1.4189214706420898

*** Epoch 1, batch 216/520 ***
Training fitness: 0.7351374634664036
Model size: (7, 8)
Validation fitness: 0.7541572006233201 
Elapsed: 1.3850562572479248

*** Epoch 1, batch 217/520 ***
Training fitness: 0.7960964754997572
Model size: (6, 8)
Validation fitness: 0.7381658318061912 
Elapsed: 1.4369730949401855

*** Epoch 1, batch 218/520 ***
Training fitness: 0.7759784022896113
Model size: (7, 8)
Validation fitness: 0.7541572006233201 
Elapsed: 1.42281174659729

*** Epoch 1, batch 219/520 ***
Training fitness: 0.7598554009760095
Model size: (6, 11)
Validation fitness: 0.7493174334144348 
Elapsed: 1.2870242595672607

*** Epoch 1, batch 220/520 ***
Training fitness: 0.7306019746483956
Model size: (5, 9)
Validation fitness: 0.7584547390574792 
Elapsed: 1.342834234237671

*** Epoch 1, batch 221/520 ***
Training fitness: 0.7512239952009073
Model size: (6, 8)
Validation fitness: 0.7452154862764026 
Elapsed: 1.3799972534179688

*** Epoch 1, batch 222/520 ***
Training fitness: 0.7413978012012161
Model size: (6, 8)
Validation fitness: 0.7452154862764026 
Elapsed: 1.3724160194396973

*** Epoch 1, batch 223/520 ***
Training fitness: 0.7669333451963982
Model size: (5, 9)
Validation fitness: 0.7584547390574792 
Elapsed: 1.3990261554718018

*** Epoch 1, batch 224/520 ***
Training fitness: 0.750200404641879
Model size: (6, 8)
Validation fitness: 0.7452154862764026 
Elapsed: 1.3153150081634521

*** Epoch 1, batch 225/520 ***
Training fitness: 0.7622253358669847
Model size: (5, 9)
Validation fitness: 0.7584547390574792 
Elapsed: 1.3475866317749023

*** Epoch 1, batch 226/520 ***
Training fitness: 0.7759403311716875
Model size: (5, 9)
Validation fitness: 0.7584547390574792 
Elapsed: 1.3153247833251953

*** Epoch 1, batch 227/520 ***
Training fitness: 0.7449003376021999
Model size: (5, 9)
Validation fitness: 0.7584547390574792 
Elapsed: 1.3064274787902832

*** Epoch 1, batch 228/520 ***
Training fitness: 0.7576780605291014
Model size: (6, 11)
Validation fitness: 0.7493174334144348 
Elapsed: 1.321758508682251

*** Epoch 1, batch 229/520 ***
Training fitness: 0.7741221804647298
Model size: (6, 8)
Validation fitness: 0.7452154862764026 
Elapsed: 1.354701042175293

*** Epoch 1, batch 230/520 ***
Training fitness: 0.7803112526388426
Model size: (5, 9)
Validation fitness: 0.7584547390574792 
Elapsed: 1.311955213546753

*** Epoch 1, batch 231/520 ***
Training fitness: 0.7427693836503086
Model size: (6, 12)
Validation fitness: 0.7626002092168553 
Elapsed: 1.2918283939361572

*** Epoch 1, batch 232/520 ***
Training fitness: 0.7846670692599123
Model size: (5, 11)
Validation fitness: 0.7558152594137336 
Elapsed: 1.275820016860962

*** Epoch 1, batch 233/520 ***
Training fitness: 0.7636658536842098
Model size: (5, 9)
Validation fitness: 0.7584547390574792 
Elapsed: 1.3765780925750732

*** Epoch 1, batch 234/520 ***
Training fitness: 0.7605611419237897
Model size: (5, 9)
Validation fitness: 0.7584547390574792 
Elapsed: 1.296269178390503

*** Epoch 1, batch 235/520 ***
Training fitness: 0.7819092834638707
Model size: (8, 10)
Validation fitness: 0.7596411674107096 
Elapsed: 1.252183198928833

*** Epoch 1, batch 236/520 ***
Training fitness: 0.7603548020272336
Model size: (8, 10)
Validation fitness: 0.7216826837557462 
Elapsed: 1.2228631973266602

*** Epoch 1, batch 237/520 ***
Training fitness: 0.7922457066250519
Model size: (9, 11)
Validation fitness: 0.7605866482174973 
Elapsed: 1.2727673053741455

*** Epoch 1, batch 238/520 ***
Training fitness: 0.7549393996059798
Model size: (5, 9)
Validation fitness: 0.7584547390574792 
Elapsed: 1.2952024936676025

*** Epoch 1, batch 239/520 ***
Training fitness: 0.8056462426802796
Model size: (7, 7)
Validation fitness: 0.7257935546182664 
Elapsed: 1.267573356628418

*** Epoch 1, batch 240/520 ***
Training fitness: 0.7851006063244076
Model size: (8, 14)
Validation fitness: 0.7564772665302945 
Elapsed: 1.2997188568115234

*** Epoch 1, batch 241/520 ***
Training fitness: 0.7214471487004296
Model size: (6, 13)
Validation fitness: 0.7400725569702726 
Elapsed: 1.3230817317962646

*** Epoch 1, batch 242/520 ***
Training fitness: 0.7793045743657803
Model size: (5, 11)
Validation fitness: 0.7558152594137336 
Elapsed: 1.318948745727539

*** Epoch 1, batch 243/520 ***
Training fitness: 0.7656452196102704
Model size: (5, 7)
Validation fitness: 0.762719782316501 
Elapsed: 1.3907978534698486

*** Epoch 1, batch 244/520 ***
Training fitness: 0.788868786679839
Model size: (8, 13)
Validation fitness: 0.7523032390196588 
Elapsed: 1.3196640014648438

*** Epoch 1, batch 245/520 ***
Training fitness: 0.7292815004383186
Model size: (8, 14)
Validation fitness: 0.7564772665302945 
Elapsed: 1.3230347633361816

*** Epoch 1, batch 246/520 ***
Training fitness: 0.7639969758795878
Model size: (8, 10)
Validation fitness: 0.7375609777588159 
Elapsed: 1.3237090110778809

*** Epoch 1, batch 247/520 ***
Training fitness: 0.7595182453961103
Model size: (8, 10)
Validation fitness: 0.7375609777588159 
Elapsed: 1.3479514122009277

*** Epoch 1, batch 248/520 ***
Training fitness: 0.7805377846223451
Model size: (7, 11)
Validation fitness: 0.7493800484601113 
Elapsed: 1.4809117317199707

*** Epoch 1, batch 249/520 ***
Training fitness: 0.7559889496383825
Model size: (6, 7)
Validation fitness: 0.7620288752614408 
Elapsed: 1.461268663406372

*** Epoch 1, batch 250/520 ***
Training fitness: 0.7483186018156283
Model size: (6, 7)
Validation fitness: 0.7620288752614408 
Elapsed: 1.4447863101959229

*** Epoch 1, batch 251/520 ***
Training fitness: 0.7727118750760674
Model size: (8, 10)
Validation fitness: 0.7171657640607957 
Elapsed: 1.3345129489898682

*** Epoch 1, batch 252/520 ***
Training fitness: 0.7706366231314002
Model size: (6, 7)
Validation fitness: 0.7620288752614408 
Elapsed: 1.4821438789367676

*** Epoch 1, batch 253/520 ***
Training fitness: 0.7835690160628249
Model size: (8, 10)
Validation fitness: 0.7171657640607957 
Elapsed: 1.3637185096740723

*** Epoch 1, batch 254/520 ***
Training fitness: 0.7451726111892931
Model size: (6, 7)
Validation fitness: 0.7620288752614408 
Elapsed: 1.4447755813598633

*** Epoch 1, batch 255/520 ***
Training fitness: 0.7662095978788609
Model size: (6, 7)
Validation fitness: 0.7620288752614408 
Elapsed: 1.457334041595459

*** Epoch 1, batch 256/520 ***
Training fitness: 0.7816198034329148
Model size: (5, 7)
Validation fitness: 0.7501827369599584 
Elapsed: 1.3853445053100586

*** Epoch 1, batch 257/520 ***
Training fitness: 0.7764027793694588
Model size: (8, 10)
Validation fitness: 0.7429059032481004 
Elapsed: 1.3443012237548828

*** Epoch 1, batch 258/520 ***
Training fitness: 0.777311388840986
Model size: (6, 7)
Validation fitness: 0.7620288752614408 
Elapsed: 1.4718680381774902

*** Epoch 1, batch 259/520 ***
Training fitness: 0.76290684603492
Model size: (6, 7)
Validation fitness: 0.7620288752614408 
Elapsed: 1.4312963485717773

*** Epoch 1, batch 260/520 ***
Training fitness: 0.748376802842332
Model size: (6, 7)
Validation fitness: 0.7620288752614408 
Elapsed: 1.3969793319702148

*** Epoch 1, batch 261/520 ***
Training fitness: 0.7230616923898842
Model size: (6, 6)
Validation fitness: 0.7556959481509218 
Elapsed: 1.3554556369781494

*** Epoch 1, batch 262/520 ***
Training fitness: 0.7934725337466986
Model size: (5, 7)
Validation fitness: 0.7501827369599584 
Elapsed: 1.4006397724151611

*** Epoch 1, batch 263/520 ***
Training fitness: 0.7947197994846822
Model size: (5, 7)
Validation fitness: 0.7501827369599584 
Elapsed: 1.4392569065093994

*** Epoch 1, batch 264/520 ***
Training fitness: 0.771557170749324
Model size: (9, 10)
Validation fitness: 0.7553852444488427 
Elapsed: 1.3934905529022217

*** Epoch 1, batch 265/520 ***
Training fitness: 0.8373188440163867
Model size: (6, 8)
Validation fitness: 0.7549839925912344 
Elapsed: 1.4232826232910156

*** Epoch 1, batch 266/520 ***
Training fitness: 0.7610432577932179
Model size: (9, 11)
Validation fitness: 0.7521038640338389 
Elapsed: 1.3369085788726807

*** Epoch 1, batch 267/520 ***
Training fitness: 0.7502124469499073
Model size: (6, 6)
Validation fitness: 0.7556959481509218 
Elapsed: 1.298818826675415

*** Epoch 1, batch 268/520 ***
Training fitness: 0.7467246127812567
Model size: (6, 6)
Validation fitness: 0.7556959481509218 
Elapsed: 1.3650774955749512

*** Epoch 1, batch 269/520 ***
Training fitness: 0.7622227397638475
Model size: (7, 8)
Validation fitness: 0.760599710135146 
Elapsed: 1.3272593021392822

*** Epoch 1, batch 270/520 ***
Training fitness: 0.7879877892720714
Model size: (10, 12)
Validation fitness: 0.7465346282193224 
Elapsed: 1.3793041706085205

*** Epoch 1, batch 271/520 ***
Training fitness: 0.7816541030907144
Model size: (7, 8)
Validation fitness: 0.760599710135146 
Elapsed: 1.3563859462738037

*** Epoch 1, batch 272/520 ***
Training fitness: 0.7666626696334222
Model size: (6, 6)
Validation fitness: 0.7096723831304315 
Elapsed: 1.2925045490264893

*** Epoch 1, batch 273/520 ***
Training fitness: 0.8018322738928273
Model size: (7, 10)
Validation fitness: 0.7187305826094766 
Elapsed: 1.3856925964355469

*** Epoch 1, batch 274/520 ***
Training fitness: 0.7470859932348111
Model size: (7, 8)
Validation fitness: 0.760599710135146 
Elapsed: 1.2741117477416992

*** Epoch 1, batch 275/520 ***
Training fitness: 0.772110774066229
Model size: (8, 8)
Validation fitness: 0.7444000610154115 
Elapsed: 1.3793833255767822

*** Epoch 1, batch 276/520 ***
Training fitness: 0.7666716100487164
Model size: (8, 11)
Validation fitness: 0.7633137294992561 
Elapsed: 1.3323218822479248

*** Epoch 1, batch 277/520 ***
Training fitness: 0.7723505356986932
Model size: (8, 11)
Validation fitness: 0.7633137294992561 
Elapsed: 1.394540786743164

*** Epoch 1, batch 278/520 ***
Training fitness: 0.7828655793046234
Model size: (6, 6)
Validation fitness: 0.7570534069425853 
Elapsed: 1.322889804840088

*** Epoch 1, batch 279/520 ***
Training fitness: 0.7947028229608646
Model size: (4, 8)
Validation fitness: 0.7676919190749161 
Elapsed: 1.238776445388794

*** Epoch 1, batch 280/520 ***
Training fitness: 0.7744869245002485
Model size: (7, 8)
Validation fitness: 0.760599710135146 
Elapsed: 1.3074169158935547

*** Epoch 1, batch 281/520 ***
Training fitness: 0.7700849614005394
Model size: (7, 8)
Validation fitness: 0.760599710135146 
Elapsed: 1.3053224086761475

*** Epoch 1, batch 282/520 ***
Training fitness: 0.7934870388653905
Model size: (4, 8)
Validation fitness: 0.7676919190749161 
Elapsed: 1.3205924034118652

*** Epoch 1, batch 283/520 ***
Training fitness: 0.7719553560824095
Model size: (7, 12)
Validation fitness: 0.7545931420948883 
Elapsed: 1.4253411293029785

*** Epoch 1, batch 284/520 ***
Training fitness: 0.7815420108851899
Model size: (5, 8)
Validation fitness: 0.771936664839528 
Elapsed: 1.3715345859527588

*** Epoch 1, batch 285/520 ***
Training fitness: 0.7760446318651264
Model size: (5, 8)
Validation fitness: 0.771936664839528 
Elapsed: 1.3396210670471191

*** Epoch 1, batch 286/520 ***
Training fitness: 0.794257075142264
Model size: (7, 12)
Validation fitness: 0.7545931420948883 
Elapsed: 1.4121365547180176

*** Epoch 1, batch 287/520 ***
Training fitness: 0.7680881140085659
Model size: (7, 9)
Validation fitness: 0.7569535260079692 
Elapsed: 1.2787997722625732

*** Epoch 1, batch 288/520 ***
Training fitness: 0.8080810207853834
Model size: (5, 8)
Validation fitness: 0.771936664839528 
Elapsed: 1.3022081851959229

*** Epoch 1, batch 289/520 ***
Training fitness: 0.7988320133066098
Model size: (5, 9)
Validation fitness: 0.7561967301758127 
Elapsed: 1.2777204513549805

*** Epoch 1, batch 290/520 ***
Training fitness: 0.772215682298446
Model size: (7, 12)
Validation fitness: 0.7545931420948883 
Elapsed: 1.391028881072998

*** Epoch 1, batch 291/520 ***
Training fitness: 0.8104303857042797
Model size: (4, 6)
Validation fitness: 0.7692490751289551 
Elapsed: 1.2889595031738281

*** Epoch 1, batch 292/520 ***
Training fitness: 0.8141483352385347
Model size: (5, 6)
Validation fitness: 0.7599968450970606 
Elapsed: 1.374311923980713

*** Epoch 1, batch 293/520 ***
Training fitness: 0.7980430543248053
Model size: (5, 6)
Validation fitness: 0.7599968450970606 
Elapsed: 1.2943181991577148

*** Epoch 1, batch 294/520 ***
Training fitness: 0.7706115532050705
Model size: (4, 6)
Validation fitness: 0.7692490751289551 
Elapsed: 1.3777313232421875

*** Epoch 1, batch 295/520 ***
Training fitness: 0.7963344868068423
Model size: (4, 6)
Validation fitness: 0.7692490751289551 
Elapsed: 1.302020788192749

*** Epoch 1, batch 296/520 ***
Training fitness: 0.7751343916170719
Model size: (8, 12)
Validation fitness: 0.7461113799796522 
Elapsed: 1.3656833171844482

*** Epoch 1, batch 297/520 ***
Training fitness: 0.7836638203970433
Model size: (7, 12)
Validation fitness: 0.7545931420948883 
Elapsed: 1.395339012145996

*** Epoch 1, batch 298/520 ***
Training fitness: 0.8129820985634603
Model size: (6, 8)
Validation fitness: 0.7184395259087069 
Elapsed: 1.3475816249847412

*** Epoch 1, batch 299/520 ***
Training fitness: 0.7932068122735796
Model size: (6, 8)
Validation fitness: 0.7184395259087069 
Elapsed: 1.3875577449798584

*** Epoch 1, batch 300/520 ***
Training fitness: 0.7543530867304367
Model size: (7, 10)
Validation fitness: 0.7575543420888681 
Elapsed: 1.3050475120544434

*** Epoch 1, batch 301/520 ***
Training fitness: 0.7747084172029491
Model size: (5, 7)
Validation fitness: 0.7633103932744953 
Elapsed: 1.279999017715454

*** Epoch 1, batch 302/520 ***
Training fitness: 0.7490277246976498
Model size: (4, 5)
Validation fitness: 0.7412385185574837 
Elapsed: 1.2767996788024902

*** Epoch 1, batch 303/520 ***
Training fitness: 0.7552208365963753
Model size: (4, 5)
Validation fitness: 0.7550028495343183 
Elapsed: 1.3897278308868408

*** Epoch 1, batch 304/520 ***
Training fitness: 0.8117866792572092
Model size: (5, 7)
Validation fitness: 0.7633103932744953 
Elapsed: 1.3282854557037354

*** Epoch 1, batch 305/520 ***
Training fitness: 0.7256535256343348
Model size: (5, 9)
Validation fitness: 0.7483764454349952 
Elapsed: 1.3515703678131104

*** Epoch 1, batch 306/520 ***
Training fitness: 0.7848779872234848
Model size: (4, 5)
Validation fitness: 0.751594606932834 
Elapsed: 1.3691468238830566

*** Epoch 1, batch 307/520 ***
Training fitness: 0.781389778380689
Model size: (7, 12)
Validation fitness: 0.7545931420948883 
Elapsed: 1.4374558925628662

*** Epoch 1, batch 308/520 ***
Training fitness: 0.7747291873845205
Model size: (9, 13)
Validation fitness: 0.7108729034510142 
Elapsed: 1.349203109741211

*** Epoch 1, batch 309/520 ***
Training fitness: 0.8014245782515549
Model size: (4, 5)
Validation fitness: 0.751594606932834 
Elapsed: 1.3370537757873535

*** Epoch 1, batch 310/520 ***
Training fitness: 0.8366346356625286
Model size: (5, 7)
Validation fitness: 0.7633103932744953 
Elapsed: 1.385815143585205

*** Epoch 1, batch 311/520 ***
Training fitness: 0.7689790279615042
Model size: (10, 14)
Validation fitness: 0.7297063266489365 
Elapsed: 1.409376621246338

*** Epoch 1, batch 312/520 ***
Training fitness: 0.7527560716827278
Model size: (5, 7)
Validation fitness: 0.7633103932744953 
Elapsed: 1.405268907546997

*** Epoch 1, batch 313/520 ***
Training fitness: 0.7555589306236109
Model size: (5, 7)
Validation fitness: 0.7633103932744953 
Elapsed: 1.3459665775299072

*** Epoch 1, batch 314/520 ***
Training fitness: 0.7495357875386907
Model size: (4, 5)
Validation fitness: 0.751594606932834 
Elapsed: 1.3930442333221436

*** Epoch 1, batch 315/520 ***
Training fitness: 0.7697824361830247
Model size: (6, 8)
Validation fitness: 0.7628198389066813 
Elapsed: 1.355776309967041

*** Epoch 1, batch 316/520 ***
Training fitness: 0.7418443463265271
Model size: (9, 12)
Validation fitness: 0.7296339365696701 
Elapsed: 1.4119336605072021

*** Epoch 1, batch 317/520 ***
Training fitness: 0.7632386199319453
Model size: (4, 5)
Validation fitness: 0.751594606932834 
Elapsed: 1.2979552745819092

*** Epoch 1, batch 318/520 ***
Training fitness: 0.7415585880132747
Model size: (6, 8)
Validation fitness: 0.7628198389066813 
Elapsed: 1.2858943939208984

*** Epoch 1, batch 319/520 ***
Training fitness: 0.7972576548254126
Model size: (4, 5)
Validation fitness: 0.7473848053202208 
Elapsed: 1.2853665351867676

*** Epoch 1, batch 320/520 ***
Training fitness: 0.7623234705305514
Model size: (6, 9)
Validation fitness: 0.7625914271150055 
Elapsed: 1.306722640991211

*** Epoch 1, batch 321/520 ***
Training fitness: 0.7821048896068493
Model size: (5, 6)
Validation fitness: 0.7556082324987091 
Elapsed: 1.3145456314086914

*** Epoch 1, batch 322/520 ***
Training fitness: 0.7836968743335817
Model size: (6, 9)
Validation fitness: 0.7625914271150055 
Elapsed: 1.3707621097564697

*** Epoch 1, batch 323/520 ***
Training fitness: 0.7853501703536612
Model size: (6, 7)
Validation fitness: 0.7806446664405368 
Elapsed: 1.3303136825561523

*** Epoch 1, batch 324/520 ***
Training fitness: 0.8381879303192138
Model size: (6, 7)
Validation fitness: 0.7806446664405368 
Elapsed: 1.372234582901001

*** Epoch 1, batch 325/520 ***
Training fitness: 0.7888127145632887
Model size: (6, 7)
Validation fitness: 0.7806446664405368 
Elapsed: 1.429579496383667

*** Epoch 1, batch 326/520 ***
Training fitness: 0.7459471404710678
Model size: (9, 13)
Validation fitness: 0.7341516878841804 
Elapsed: 1.4247264862060547

*** Epoch 1, batch 327/520 ***
Training fitness: 0.8339568376774221
Model size: (6, 7)
Validation fitness: 0.7806446664405368 
Elapsed: 1.4075565338134766

*** Epoch 1, batch 328/520 ***
Training fitness: 0.7704579960340162
Model size: (6, 7)
Validation fitness: 0.7806446664405368 
Elapsed: 1.3925845623016357

*** Epoch 1, batch 329/520 ***
Training fitness: 0.7588544564617957
Model size: (6, 6)
Validation fitness: 0.7632973388021602 
Elapsed: 1.3500075340270996

*** Epoch 1, batch 330/520 ***
Training fitness: 0.7481524556862741
Model size: (6, 9)
Validation fitness: 0.7594819824809927 
Elapsed: 1.4466025829315186

*** Epoch 1, batch 331/520 ***
Training fitness: 0.7919222602142155
Model size: (6, 7)
Validation fitness: 0.7806446664405368 
Elapsed: 1.387336015701294

*** Epoch 1, batch 332/520 ***
Training fitness: 0.8123918663196421
Model size: (6, 10)
Validation fitness: 0.782812870838469 
Elapsed: 1.4667165279388428

*** Epoch 1, batch 333/520 ***
Training fitness: 0.8302129825017501
Model size: (6, 10)
Validation fitness: 0.782812870838469 
Elapsed: 1.4735121726989746

*** Epoch 1, batch 334/520 ***
Training fitness: 0.8516599508488139
Model size: (6, 10)
Validation fitness: 0.782812870838469 
Elapsed: 1.4840166568756104

*** Epoch 1, batch 335/520 ***
Training fitness: 0.7480550698893882
Model size: (6, 10)
Validation fitness: 0.782812870838469 
Elapsed: 1.448072910308838

*** Epoch 1, batch 336/520 ***
Training fitness: 0.7464093798198039
Model size: (6, 10)
Validation fitness: 0.782812870838469 
Elapsed: 1.4506745338439941

*** Epoch 1, batch 337/520 ***
Training fitness: 0.8064472609196255
Model size: (6, 10)
Validation fitness: 0.782812870838469 
Elapsed: 1.5329408645629883

*** Epoch 1, batch 338/520 ***
Training fitness: 0.7840570842951167
Model size: (6, 10)
Validation fitness: 0.782812870838469 
Elapsed: 1.4681479930877686

*** Epoch 1, batch 339/520 ***
Training fitness: 0.8241239734234883
Model size: (6, 10)
Validation fitness: 0.782812870838469 
Elapsed: 1.453620433807373

*** Epoch 1, batch 340/520 ***
Training fitness: 0.7515625048467635
Model size: (7, 14)
Validation fitness: 0.7744548557425001 
Elapsed: 1.4295637607574463

*** Epoch 1, batch 341/520 ***
Training fitness: 0.7633732276746363
Model size: (9, 12)
Validation fitness: 0.7296339365696701 
Elapsed: 1.3560388088226318

*** Epoch 1, batch 342/520 ***
Training fitness: 0.7728598196401025
Model size: (7, 14)
Validation fitness: 0.7744548557425001 
Elapsed: 1.4260022640228271

*** Epoch 1, batch 343/520 ***
Training fitness: 0.7676613602120135
Model size: (8, 14)
Validation fitness: 0.7688450601889575 
Elapsed: 1.328096866607666

*** Epoch 1, batch 344/520 ***
Training fitness: 0.7638149878607663
Model size: (5, 9)
Validation fitness: 0.7494624606460488 
Elapsed: 1.3770110607147217

*** Epoch 1, batch 345/520 ***
Training fitness: 0.7727766326987916
Model size: (7, 14)
Validation fitness: 0.7744548557425001 
Elapsed: 1.4708054065704346

*** Epoch 1, batch 346/520 ***
Training fitness: 0.7593358619553257
Model size: (8, 14)
Validation fitness: 0.7688450601889575 
Elapsed: 1.36958646774292

*** Epoch 1, batch 347/520 ***
Training fitness: 0.7666656180578176
Model size: (7, 14)
Validation fitness: 0.7744548557425001 
Elapsed: 1.4666929244995117

*** Epoch 1, batch 348/520 ***
Training fitness: 0.7877361157004853
Model size: (6, 11)
Validation fitness: 0.7667410784106886 
Elapsed: 1.5113582611083984

*** Epoch 1, batch 349/520 ***
Training fitness: 0.7761788029005402
Model size: (8, 13)
Validation fitness: 0.7633479578829774 
Elapsed: 1.3876798152923584

*** Epoch 1, batch 350/520 ***
Training fitness: 0.7409103962427543
Model size: (6, 8)
Validation fitness: 0.7597322889396358 
Elapsed: 1.3461525440216064

*** Epoch 1, batch 351/520 ***
Training fitness: 0.7956076771909821
Model size: (6, 11)
Validation fitness: 0.7667410784106886 
Elapsed: 1.444542407989502

*** Epoch 1, batch 352/520 ***
Training fitness: 0.7472885614778829
Model size: (6, 8)
Validation fitness: 0.7597322889396358 
Elapsed: 1.4283666610717773

*** Epoch 1, batch 353/520 ***
Training fitness: 0.8060479296895315
Model size: (6, 11)
Validation fitness: 0.7667410784106886 
Elapsed: 1.472599983215332

*** Epoch 1, batch 354/520 ***
Training fitness: 0.746969633282742
Model size: (6, 11)
Validation fitness: 0.7667410784106886 
Elapsed: 1.4480979442596436

*** Epoch 1, batch 355/520 ***
Training fitness: 0.7731792891015348
Model size: (5, 5)
Validation fitness: 0.7632296026120527 
Elapsed: 1.3448903560638428

*** Epoch 1, batch 356/520 ***
Training fitness: 0.8038923988531667
Model size: (7, 7)
Validation fitness: 0.757389839730244 
Elapsed: 1.3394732475280762

*** Epoch 1, batch 357/520 ***
Training fitness: 0.7770742041657654
Model size: (8, 15)
Validation fitness: 0.7350488207607625 
Elapsed: 1.4099087715148926

*** Epoch 1, batch 358/520 ***
Training fitness: 0.7561779242355365
Model size: (7, 14)
Validation fitness: 0.7625308314415243 
Elapsed: 1.4115824699401855

*** Epoch 1, batch 359/520 ***
Training fitness: 0.7611560213281595
Model size: (5, 5)
Validation fitness: 0.7632296026120527 
Elapsed: 1.3839011192321777

*** Epoch 1, batch 360/520 ***
Training fitness: 0.7847466409237291
Model size: (7, 7)
Validation fitness: 0.757389839730244 
Elapsed: 1.367966890335083

*** Epoch 1, batch 361/520 ***
Training fitness: 0.7580248977998111
Model size: (5, 5)
Validation fitness: 0.7632296026120527 
Elapsed: 1.3485932350158691

*** Epoch 1, batch 362/520 ***
Training fitness: 0.7691908922227025
Model size: (4, 4)
Validation fitness: 0.7528959410302725 
Elapsed: 1.3873023986816406

*** Epoch 1, batch 363/520 ***
Training fitness: 0.7382245597160216
Model size: (10, 13)
Validation fitness: 0.7494075404256669 
Elapsed: 1.334731101989746

*** Epoch 1, batch 364/520 ***
Training fitness: 0.7932178596359593
Model size: (7, 14)
Validation fitness: 0.7625308314415243 
Elapsed: 1.373556137084961

*** Epoch 1, batch 365/520 ***
Training fitness: 0.7610061092439039
Model size: (6, 9)
Validation fitness: 0.7528783530292175 
Elapsed: 1.3600695133209229

*** Epoch 1, batch 366/520 ***
Training fitness: 0.7857341360963925
Model size: (7, 13)
Validation fitness: 0.7526213635160331 
Elapsed: 1.3588378429412842

*** Epoch 1, batch 367/520 ***
Training fitness: 0.7323980991125587
Model size: (6, 6)
Validation fitness: 0.736515783897923 
Elapsed: 1.513840913772583

*** Epoch 1, batch 368/520 ***
Training fitness: 0.7241940402595477
Model size: (6, 9)
Validation fitness: 0.7188159588710088 
Elapsed: 1.3641674518585205

*** Epoch 1, batch 369/520 ***
Training fitness: 0.7800983293427324
Model size: (6, 9)
Validation fitness: 0.7528783530292175 
Elapsed: 1.356785535812378

*** Epoch 1, batch 370/520 ***
Training fitness: 0.7907418936463375
Model size: (6, 6)
Validation fitness: 0.7524072629458021 
Elapsed: 1.3913328647613525

*** Epoch 1, batch 371/520 ***
Training fitness: 0.825086393056411
Model size: (5, 5)
Validation fitness: 0.7641986981599053 
Elapsed: 1.4076323509216309

*** Epoch 1, batch 372/520 ***
Training fitness: 0.8202302720393855
Model size: (6, 6)
Validation fitness: 0.7524072629458021 
Elapsed: 1.4276666641235352

*** Epoch 1, batch 373/520 ***
Training fitness: 0.7688991805148313
Model size: (6, 6)
Validation fitness: 0.7524072629458021 
Elapsed: 1.3830053806304932

*** Epoch 1, batch 374/520 ***
Training fitness: 0.7764364268050592
Model size: (5, 7)
Validation fitness: 0.738876154512612 
Elapsed: 1.4170780181884766

*** Epoch 1, batch 375/520 ***
Training fitness: 0.7853573400135143
Model size: (8, 8)
Validation fitness: 0.7658097269752077 
Elapsed: 1.450235366821289

*** Epoch 1, batch 376/520 ***
Training fitness: 0.770377003855008
Model size: (9, 17)
Validation fitness: 0.7485545276642116 
Elapsed: 1.342742919921875

*** Epoch 1, batch 377/520 ***
Training fitness: 0.7622659168968328
Model size: (5, 7)
Validation fitness: 0.738876154512612 
Elapsed: 1.4469342231750488

*** Epoch 1, batch 378/520 ***
Training fitness: 0.7661113227817743
Model size: (8, 8)
Validation fitness: 0.7658097269752077 
Elapsed: 1.4021451473236084

*** Epoch 1, batch 379/520 ***
Training fitness: 0.755622867292662
Model size: (11, 20)
Validation fitness: 0.7437420358485584 
Elapsed: 1.3693013191223145

*** Epoch 1, batch 380/520 ***
Training fitness: 0.807619274623434
Model size: (8, 8)
Validation fitness: 0.7658097269752077 
Elapsed: 1.4188148975372314

*** Epoch 1, batch 381/520 ***
Training fitness: 0.7551878925255691
Model size: (10, 18)
Validation fitness: 0.7537398011794993 
Elapsed: 1.3243110179901123

*** Epoch 1, batch 382/520 ***
Training fitness: 0.7929056102236248
Model size: (11, 20)
Validation fitness: 0.7437420358485584 
Elapsed: 1.3117399215698242

*** Epoch 1, batch 383/520 ***
Training fitness: 0.7650969581658977
Model size: (11, 20)
Validation fitness: 0.7437420358485584 
Elapsed: 1.3518588542938232

*** Epoch 1, batch 384/520 ***
Training fitness: 0.7684108905792071
Model size: (11, 17)
Validation fitness: 0.7522783079193248 
Elapsed: 1.3560311794281006

*** Epoch 1, batch 385/520 ***
Training fitness: 0.8214324036608979
Model size: (7, 10)
Validation fitness: 0.7475335246604583 
Elapsed: 1.3665871620178223

*** Epoch 1, batch 386/520 ***
Training fitness: 0.7684202792186196
Model size: (9, 15)
Validation fitness: 0.7498548358861276 
Elapsed: 1.4824905395507812

*** Epoch 1, batch 387/520 ***
Training fitness: 0.7656516792150607
Model size: (9, 14)
Validation fitness: 0.7494807697048174 
Elapsed: 1.3303353786468506

*** Epoch 1, batch 388/520 ***
Training fitness: 0.7316828665553043
Model size: (12, 19)
Validation fitness: 0.7571112382877278 
Elapsed: 1.351238489151001

*** Epoch 1, batch 389/520 ***
Training fitness: 0.7687155547923717
Model size: (12, 19)
Validation fitness: 0.7571112382877278 
Elapsed: 1.3176758289337158

*** Epoch 1, batch 390/520 ***
Training fitness: 0.7263255906406182
Model size: (8, 14)
Validation fitness: 0.7437297314731361 
Elapsed: 1.2756917476654053

*** Epoch 1, batch 391/520 ***
Training fitness: 0.7858403973053647
Model size: (12, 18)
Validation fitness: 0.7436972215526876 
Elapsed: 1.3391733169555664

*** Epoch 1, batch 392/520 ***
Training fitness: 0.7584292319117845
Model size: (10, 16)
Validation fitness: 0.744772635924775 
Elapsed: 1.2993755340576172

*** Epoch 1, batch 393/520 ***
Training fitness: 0.7895149842930652
Model size: (10, 16)
Validation fitness: 0.744772635924775 
Elapsed: 1.3807950019836426

*** Epoch 1, batch 394/520 ***
Training fitness: 0.750914886116777
Model size: (10, 16)
Validation fitness: 0.744772635924775 
Elapsed: 1.3288750648498535

*** Epoch 1, batch 395/520 ***
Training fitness: 0.769988323950751
Model size: (12, 19)
Validation fitness: 0.7571112382877278 
Elapsed: 1.367396593093872

*** Epoch 1, batch 396/520 ***
Training fitness: 0.7982428575952827
Model size: (10, 16)
Validation fitness: 0.744772635924775 
Elapsed: 1.2971079349517822

*** Epoch 1, batch 397/520 ***
Training fitness: 0.73663602241371
Model size: (8, 7)
Validation fitness: 0.7446701948543081 
Elapsed: 1.3643782138824463

*** Epoch 1, batch 398/520 ***
Training fitness: 0.7683587170623486
Model size: (15, 29)
Validation fitness: 0.7560404102407214 
Elapsed: 1.282668113708496

*** Epoch 1, batch 399/520 ***
Training fitness: 0.7926165157468292
Model size: (8, 16)
Validation fitness: 0.7466927826743757 
Elapsed: 1.2940504550933838

*** Epoch 1, batch 400/520 ***
Training fitness: 0.7292088884247594
Model size: (9, 10)
Validation fitness: 0.7401392071240425 
Elapsed: 1.3931574821472168

*** Epoch 1, batch 401/520 ***
Training fitness: 0.7844616736753184
Model size: (9, 15)
Validation fitness: 0.7356098249257814 
Elapsed: 1.3058738708496094

*** Epoch 1, batch 402/520 ***
Training fitness: 0.7496107594660619
Model size: (10, 14)
Validation fitness: 0.7446825034365889 
Elapsed: 1.3274030685424805

*** Epoch 1, batch 403/520 ***
Training fitness: 0.7886661049726077
Model size: (12, 19)
Validation fitness: 0.7403013717492435 
Elapsed: 1.315852403640747

*** Epoch 1, batch 404/520 ***
Training fitness: 0.7703420803988452
Model size: (8, 12)
Validation fitness: 0.7505363821385065 
Elapsed: 1.2853193283081055

*** Epoch 1, batch 405/520 ***
Training fitness: 0.7695842440971143
Model size: (13, 21)
Validation fitness: 0.7535752142490101 
Elapsed: 1.2889764308929443

*** Epoch 1, batch 406/520 ***
Training fitness: 0.7474399252086542
Model size: (13, 21)
Validation fitness: 0.7535752142490101 
Elapsed: 1.3356106281280518

*** Epoch 1, batch 407/520 ***
Training fitness: 0.7517156712355321
Model size: (10, 12)
Validation fitness: 0.7464245788381146 
Elapsed: 1.4260149002075195

*** Epoch 1, batch 408/520 ***
Training fitness: 0.759878059443063
Model size: (13, 21)
Validation fitness: 0.7535752142490101 
Elapsed: 1.379784107208252

*** Epoch 1, batch 409/520 ***
Training fitness: 0.8015665114732351
Model size: (13, 21)
Validation fitness: 0.7535752142490101 
Elapsed: 1.3233211040496826

*** Epoch 1, batch 410/520 ***
Training fitness: 0.7519915229390336
Model size: (13, 21)
Validation fitness: 0.7535752142490101 
Elapsed: 1.2923939228057861

*** Epoch 1, batch 411/520 ***
Training fitness: 0.7754767035061858
Model size: (13, 21)
Validation fitness: 0.7535752142490101 
Elapsed: 1.304626226425171

*** Epoch 1, batch 412/520 ***
Training fitness: 0.7350347745094056
Model size: (12, 19)
Validation fitness: 0.7493305894729029 
Elapsed: 1.2990589141845703

*** Epoch 1, batch 413/520 ***
Training fitness: 0.7525062122706523
Model size: (8, 8)
Validation fitness: 0.7399108737270746 
Elapsed: 1.411778211593628

*** Epoch 1, batch 414/520 ***
Training fitness: 0.7993133521793268
Model size: (8, 12)
Validation fitness: 0.7505363821385065 
Elapsed: 1.459350347518921

*** Epoch 1, batch 415/520 ***
Training fitness: 0.7624423603065955
Model size: (10, 12)
Validation fitness: 0.7464245788381146 
Elapsed: 1.2907350063323975

*** Epoch 1, batch 416/520 ***
Training fitness: 0.7707695451275016
Model size: (13, 16)
Validation fitness: 0.7198124258924319 
Elapsed: 1.3249690532684326

*** Epoch 1, batch 417/520 ***
Training fitness: 0.8112388479521662
Model size: (8, 8)
Validation fitness: 0.7399108737270746 
Elapsed: 1.3905820846557617

*** Epoch 1, batch 418/520 ***
Training fitness: 0.7645195280094628
Model size: (9, 14)
Validation fitness: 0.7490895491752069 
Elapsed: 1.3889670372009277

*** Epoch 1, batch 419/520 ***
Training fitness: 0.8148270253509747
Model size: (7, 13)
Validation fitness: 0.7498648250231866 
Elapsed: 1.2887516021728516

*** Epoch 1, batch 420/520 ***
Training fitness: 0.7879427426397307
Model size: (11, 17)
Validation fitness: 0.7558914161409581 
Elapsed: 1.2963740825653076

*** Epoch 1, batch 421/520 ***
Training fitness: 0.7867228837193293
Model size: (11, 17)
Validation fitness: 0.7558914161409581 
Elapsed: 1.4251985549926758

*** Epoch 1, batch 422/520 ***
Training fitness: 0.7643406505476811
Model size: (11, 17)
Validation fitness: 0.7558914161409581 
Elapsed: 1.3447599411010742

*** Epoch 1, batch 423/520 ***
Training fitness: 0.8512365036464303
Model size: (7, 11)
Validation fitness: 0.7518046640151287 
Elapsed: 1.5012032985687256

*** Epoch 1, batch 424/520 ***
Training fitness: 0.8093009419143697
Model size: (7, 12)
Validation fitness: 0.7781511571404598 
Elapsed: 1.4039902687072754

*** Epoch 1, batch 425/520 ***
Training fitness: 0.7450111041710187
Model size: (11, 19)
Validation fitness: 0.7445708571615102 
Elapsed: 1.2884440422058105

*** Epoch 1, batch 426/520 ***
Training fitness: 0.8398129411357314
Model size: (7, 12)
Validation fitness: 0.7781511571404598 
Elapsed: 1.4109277725219727

*** Epoch 1, batch 427/520 ***
Training fitness: 0.7761309837351353
Model size: (7, 12)
Validation fitness: 0.7781511571404598 
Elapsed: 1.4071991443634033

*** Epoch 1, batch 428/520 ***
Training fitness: 0.7994995960685178
Model size: (7, 12)
Validation fitness: 0.7781511571404598 
Elapsed: 1.549506425857544

*** Epoch 1, batch 429/520 ***
Training fitness: 0.8096914607447683
Model size: (7, 12)
Validation fitness: 0.7781511571404598 
Elapsed: 1.4478182792663574

*** Epoch 1, batch 430/520 ***
Training fitness: 0.7228972520462478
Model size: (7, 12)
Validation fitness: 0.7781511571404598 
Elapsed: 1.4442944526672363

*** Epoch 1, batch 431/520 ***
Training fitness: 0.7719788880310642
Model size: (7, 12)
Validation fitness: 0.7781511571404598 
Elapsed: 1.420276403427124

*** Epoch 1, batch 432/520 ***
Training fitness: 0.731479272140455
Model size: (7, 10)
Validation fitness: 0.7656407489028709 
Elapsed: 1.4245202541351318

*** Epoch 1, batch 433/520 ***
Training fitness: 0.7452290048119117
Model size: (12, 14)
Validation fitness: 0.7593262828102056 
Elapsed: 1.355696439743042

*** Epoch 1, batch 434/520 ***
Training fitness: 0.7815847553298351
Model size: (12, 15)
Validation fitness: 0.7539044110821039 
Elapsed: 1.4952495098114014

*** Epoch 1, batch 435/520 ***
Training fitness: 0.7940322663633413
Model size: (8, 13)
Validation fitness: 0.7714430914413103 
Elapsed: 1.4295437335968018

*** Epoch 1, batch 436/520 ***
Training fitness: 0.7629385704612355
Model size: (12, 21)
Validation fitness: 0.7534950135256726 
Elapsed: 1.3509445190429688

*** Epoch 1, batch 437/520 ***
Training fitness: 0.7721941021204253
Model size: (12, 21)
Validation fitness: 0.7529343513872089 
Elapsed: 1.3590240478515625

*** Epoch 1, batch 438/520 ***
Training fitness: 0.7623893551738268
Model size: (9, 9)
Validation fitness: 0.6876837500638261 
Elapsed: 1.3208529949188232

*** Epoch 1, batch 439/520 ***
Training fitness: 0.7803158640705449
Model size: (12, 21)
Validation fitness: 0.7529343513872089 
Elapsed: 1.3407998085021973

*** Epoch 1, batch 440/520 ***
Training fitness: 0.7479760276345657
Model size: (13, 17)
Validation fitness: 0.7523307569452082 
Elapsed: 1.4648101329803467

*** Epoch 1, batch 441/520 ***
Training fitness: 0.776117173415122
Model size: (11, 18)
Validation fitness: 0.7552822530939555 
Elapsed: 1.4142658710479736

*** Epoch 1, batch 442/520 ***
Training fitness: 0.7823200875783928
Model size: (14, 21)
Validation fitness: 0.7553254366227555 
Elapsed: 1.412611722946167

*** Epoch 1, batch 443/520 ***
Training fitness: 0.7760796470063258
Model size: (14, 18)
Validation fitness: 0.7600203521283598 
Elapsed: 1.6711831092834473

*** Epoch 1, batch 444/520 ***
Training fitness: 0.8233752208950071
Model size: (12, 21)
Validation fitness: 0.7561291920490205 
Elapsed: 1.3850510120391846

*** Epoch 1, batch 445/520 ***
Training fitness: 0.7634100444005699
Model size: (14, 18)
Validation fitness: 0.7600203521283598 
Elapsed: 1.6568548679351807

*** Epoch 1, batch 446/520 ***
Training fitness: 0.7873258841843513
Model size: (13, 22)
Validation fitness: 0.7486934364105536 
Elapsed: 1.447723627090454

*** Epoch 1, batch 447/520 ***
Training fitness: 0.8332933365570468
Model size: (17, 24)
Validation fitness: 0.7423667971938492 
Elapsed: 1.3526678085327148

*** Epoch 1, batch 448/520 ***
Training fitness: 0.7749020262206602
Model size: (9, 14)
Validation fitness: 0.747372051071272 
Elapsed: 1.3916540145874023

*** Epoch 1, batch 449/520 ***
Training fitness: 0.7543978346407575
Model size: (17, 24)
Validation fitness: 0.7423667971938492 
Elapsed: 1.3525986671447754

*** Epoch 1, batch 450/520 ***
Training fitness: 0.7436729560559228
Model size: (17, 26)
Validation fitness: 0.7317351378931358 
Elapsed: 1.389235019683838

*** Epoch 1, batch 451/520 ***
Training fitness: 0.7471542118922618
Model size: (14, 18)
Validation fitness: 0.7600203521283598 
Elapsed: 1.63612961769104

*** Epoch 1, batch 452/520 ***
Training fitness: 0.8014857097779151
Model size: (17, 26)
Validation fitness: 0.7317351378931358 
Elapsed: 1.4572772979736328

*** Epoch 1, batch 453/520 ***
Training fitness: 0.7779627057365284
Model size: (15, 21)
Validation fitness: 0.7564438874960049 
Elapsed: 1.381378173828125

*** Epoch 1, batch 454/520 ***
Training fitness: 0.8253987445872312
Model size: (15, 21)
Validation fitness: 0.7564438874960049 
Elapsed: 1.3974568843841553

*** Epoch 1, batch 455/520 ***
Training fitness: 0.7586872448735393
Model size: (15, 21)
Validation fitness: 0.7564438874960049 
Elapsed: 1.4056885242462158

*** Epoch 1, batch 456/520 ***
Training fitness: 0.7946148131593058
Model size: (17, 24)
Validation fitness: 0.7513385512155752 
Elapsed: 1.428196668624878

*** Epoch 1, batch 457/520 ***
Training fitness: 0.8164367028533182
Model size: (17, 26)
Validation fitness: 0.7317351378931358 
Elapsed: 1.3325386047363281

*** Epoch 1, batch 458/520 ***
Training fitness: 0.7803411539153581
Model size: (15, 21)
Validation fitness: 0.7564438874960049 
Elapsed: 1.3577651977539062

*** Epoch 1, batch 459/520 ***
Training fitness: 0.7887629051211783
Model size: (14, 18)
Validation fitness: 0.7600203521283598 
Elapsed: 1.9730725288391113

*** Epoch 1, batch 460/520 ***
Training fitness: 0.8055118040898874
Model size: (14, 18)
Validation fitness: 0.7600203521283598 
Elapsed: 1.650170087814331

*** Epoch 1, batch 461/520 ***
Training fitness: 0.7608464185221785
Model size: (14, 18)
Validation fitness: 0.7220537504394664 
Elapsed: 1.6660735607147217

*** Epoch 1, batch 462/520 ***
Training fitness: 0.7336909217173824
Model size: (15, 21)
Validation fitness: 0.7564438874960049 
Elapsed: 1.378441333770752

*** Epoch 1, batch 463/520 ***
Training fitness: 0.7526263247645928
Model size: (15, 21)
Validation fitness: 0.7564438874960049 
Elapsed: 1.421018123626709

*** Epoch 1, batch 464/520 ***
Training fitness: 0.7493156972311898
Model size: (14, 19)
Validation fitness: 0.7403236355724129 
Elapsed: 1.6118266582489014

*** Epoch 1, batch 465/520 ***
Training fitness: 0.7836121031370276
Model size: (8, 12)
Validation fitness: 0.7494266106471128 
Elapsed: 1.4547498226165771

*** Epoch 1, batch 466/520 ***
Training fitness: 0.782784743090576
Model size: (8, 12)
Validation fitness: 0.7494266106471128 
Elapsed: 1.425879716873169

*** Epoch 1, batch 467/520 ***
Training fitness: 0.8082777975584399
Model size: (14, 19)
Validation fitness: 0.7403236355724129 
Elapsed: 1.6287009716033936

*** Epoch 1, batch 468/520 ***
Training fitness: 0.8008570863599452
Model size: (14, 19)
Validation fitness: 0.7403236355724129 
Elapsed: 1.5921695232391357

*** Epoch 1, batch 469/520 ***
Training fitness: 0.8040233414472039
Model size: (9, 14)
Validation fitness: 0.7450216155425311 
Elapsed: 1.3805162906646729

*** Epoch 1, batch 470/520 ***
Training fitness: 0.7546637276274812
Model size: (10, 14)
Validation fitness: 0.7615105866620625 
Elapsed: 1.391678810119629

*** Epoch 1, batch 471/520 ***
Training fitness: 0.7924854115040415
Model size: (10, 16)
Validation fitness: 0.741746696665401 
Elapsed: 1.339198112487793

*** Epoch 1, batch 472/520 ***
Training fitness: 0.8005614587554193
Model size: (10, 17)
Validation fitness: 0.7424795182325709 
Elapsed: 1.502166748046875

*** Epoch 1, batch 473/520 ***
Training fitness: 0.7670063757220775
Model size: (10, 14)
Validation fitness: 0.7615105866620625 
Elapsed: 1.440575361251831

*** Epoch 1, batch 474/520 ***
Training fitness: 0.7877831436721832
Model size: (10, 14)
Validation fitness: 0.7615105866620625 
Elapsed: 1.4138286113739014

*** Epoch 1, batch 475/520 ***
Training fitness: 0.7783743504845613
Model size: (10, 17)
Validation fitness: 0.7545565417662667 
Elapsed: 1.3684728145599365

*** Epoch 1, batch 476/520 ***
Training fitness: 0.7722265322808487
Model size: (9, 15)
Validation fitness: 0.7536429492348795 
Elapsed: 1.3137247562408447

*** Epoch 1, batch 477/520 ***
Training fitness: 0.7965052611280191
Model size: (10, 17)
Validation fitness: 0.6427646442124786 
Elapsed: 1.3644585609436035

*** Epoch 1, batch 478/520 ***
Training fitness: 0.7863666402677337
Model size: (15, 22)
Validation fitness: 0.7685635016844943 
Elapsed: 1.4205048084259033

*** Epoch 1, batch 479/520 ***
Training fitness: 0.769417563041473
Model size: (9, 13)
Validation fitness: 0.757235828282048 
Elapsed: 1.3496220111846924

*** Epoch 1, batch 480/520 ***
Training fitness: 0.7930715197502787
Model size: (15, 22)
Validation fitness: 0.7685635016844943 
Elapsed: 1.3845093250274658

*** Epoch 1, batch 481/520 ***
Training fitness: 0.7646193808418881
Model size: (15, 22)
Validation fitness: 0.7685635016844943 
Elapsed: 1.4066298007965088

*** Epoch 1, batch 482/520 ***
Training fitness: 0.7807869146975123
Model size: (15, 18)
Validation fitness: 0.784871122774619 
Elapsed: 1.3613667488098145

*** Epoch 1, batch 483/520 ***
Training fitness: 0.837533711959834
Model size: (14, 17)
Validation fitness: 0.8028820752870219 !!!
Elapsed: 1.3762078285217285

*** Epoch 1, batch 484/520 ***
Training fitness: 0.7967812903135341
Model size: (14, 17)
Validation fitness: 0.8028820752870219 
Elapsed: 1.4260118007659912

*** Epoch 1, batch 485/520 ***
Training fitness: 0.8350354792511123
Model size: (14, 17)
Validation fitness: 0.8028820752870219 
Elapsed: 1.3551487922668457

*** Epoch 1, batch 486/520 ***
Training fitness: 0.7966744102983152
Model size: (14, 17)
Validation fitness: 0.8028820752870219 
Elapsed: 1.427994966506958

*** Epoch 1, batch 487/520 ***
Training fitness: 0.8171470534357551
Model size: (14, 17)
Validation fitness: 0.8028820752870219 
Elapsed: 1.3289461135864258

*** Epoch 1, batch 488/520 ***
Training fitness: 0.8259336667150207
Model size: (14, 17)
Validation fitness: 0.8028820752870219 
Elapsed: 1.3682265281677246

*** Epoch 1, batch 489/520 ***
Training fitness: 0.8597450840483535
Model size: (14, 17)
Validation fitness: 0.8028820752870219 
Elapsed: 1.3790249824523926

*** Epoch 1, batch 490/520 ***
Training fitness: 0.7464955193506178
Model size: (14, 17)
Validation fitness: 0.8028820752870219 
Elapsed: 1.3713197708129883

*** Epoch 1, batch 491/520 ***
Training fitness: 0.8146291961465785
Model size: (12, 10)
Validation fitness: 0.7359874781473609 
Elapsed: 1.3827378749847412

*** Epoch 1, batch 492/520 ***
Training fitness: 0.8062516660185737
Model size: (10, 19)
Validation fitness: 0.7267171783231166 
Elapsed: 1.3549721240997314

*** Epoch 1, batch 493/520 ***
Training fitness: 0.7627959647456557
Model size: (12, 10)
Validation fitness: 0.7573947048023119 
Elapsed: 1.2811329364776611

*** Epoch 1, batch 494/520 ***
Training fitness: 0.799905865675174
Model size: (10, 19)
Validation fitness: 0.7267171783231166 
Elapsed: 1.306532382965088

*** Epoch 1, batch 495/520 ***
Training fitness: 0.7581181950114909
Model size: (8, 12)
Validation fitness: 0.744741531544985 
Elapsed: 1.2990756034851074

*** Epoch 1, batch 496/520 ***
Training fitness: 0.7736729103592946
Model size: (8, 12)
Validation fitness: 0.744741531544985 
Elapsed: 1.3344037532806396

*** Epoch 1, batch 497/520 ***
Training fitness: 0.7660175544779785
Model size: (11, 20)
Validation fitness: 0.7538978382843735 
Elapsed: 1.32716965675354

*** Epoch 1, batch 498/520 ***
Training fitness: 0.7872284979178187
Model size: (10, 19)
Validation fitness: 0.7267171783231166 
Elapsed: 1.4161975383758545

*** Epoch 1, batch 499/520 ***
Training fitness: 0.7395273661219877
Model size: (8, 8)
Validation fitness: 0.7489429265312523 
Elapsed: 1.303067922592163

*** Epoch 1, batch 500/520 ***
Training fitness: 0.7573928421150367
Model size: (11, 20)
Validation fitness: 0.7538978382843735 
Elapsed: 1.3305847644805908

*** Epoch 1, batch 501/520 ***
Training fitness: 0.7479110177008016
Model size: (11, 20)
Validation fitness: 0.7538978382843735 
Elapsed: 1.3293662071228027

*** Epoch 1, batch 502/520 ***
Training fitness: 0.7869919987351292
Model size: (10, 19)
Validation fitness: 0.739592343121239 
Elapsed: 1.401550531387329

*** Epoch 1, batch 503/520 ***
Training fitness: 0.8179966304818704
Model size: (12, 18)
Validation fitness: 0.7784297016243668 
Elapsed: 1.3342015743255615

*** Epoch 1, batch 504/520 ***
Training fitness: 0.7706781133636181
Model size: (13, 19)
Validation fitness: 0.7640582906142217 
Elapsed: 1.3187811374664307

*** Epoch 1, batch 505/520 ***
Training fitness: 0.807458405687099
Model size: (12, 18)
Validation fitness: 0.7784297016243668 
Elapsed: 1.477977991104126

*** Epoch 1, batch 506/520 ***
Training fitness: 0.7670793944104931
Model size: (12, 18)
Validation fitness: 0.7716636605018116 
Elapsed: 1.3412017822265625

*** Epoch 1, batch 507/520 ***
Training fitness: 0.7886499412680272
Model size: (11, 13)
Validation fitness: 0.7452682761415829 
Elapsed: 1.3190701007843018

*** Epoch 1, batch 508/520 ***
Training fitness: 0.752874506438211
Model size: (11, 20)
Validation fitness: 0.7538978382843735 
Elapsed: 1.3394618034362793

*** Epoch 1, batch 509/520 ***
Training fitness: 0.7613933004138084
Model size: (12, 16)
Validation fitness: 0.7613120621218076 
Elapsed: 1.4026563167572021

*** Epoch 1, batch 510/520 ***
Training fitness: 0.8154102049046292
Model size: (13, 19)
Validation fitness: 0.7640582906142217 
Elapsed: 1.3593389987945557

*** Epoch 1, batch 511/520 ***
Training fitness: 0.7400551452542022
Model size: (12, 18)
Validation fitness: 0.7716636605018116 
Elapsed: 1.384223222732544

*** Epoch 1, batch 512/520 ***
Training fitness: 0.7955619882463948
Model size: (7, 8)
Validation fitness: 0.7558465727075612 
Elapsed: 1.4450461864471436

*** Epoch 1, batch 513/520 ***
Training fitness: 0.7865768223323518
Model size: (12, 16)
Validation fitness: 0.7613120621218076 
Elapsed: 1.394895315170288

*** Epoch 1, batch 514/520 ***
Training fitness: 0.7941469292765426
Model size: (13, 22)
Validation fitness: 0.769745360843403 
Elapsed: 1.3556950092315674

*** Epoch 1, batch 515/520 ***
Training fitness: 0.7810426630848385
Model size: (7, 8)
Validation fitness: 0.7558465727075612 
Elapsed: 1.3794124126434326

*** Epoch 1, batch 516/520 ***
Training fitness: 0.763213829625984
Model size: (13, 22)
Validation fitness: 0.769745360843403 
Elapsed: 1.343529224395752

*** Epoch 1, batch 517/520 ***
Training fitness: 0.7682648460450321
Model size: (6, 6)
Validation fitness: 0.742010977074159 
Elapsed: 1.3310861587524414

*** Epoch 1, batch 518/520 ***
Training fitness: 0.8009464598264279
Model size: (13, 22)
Validation fitness: 0.769745360843403 
Elapsed: 1.3742563724517822

*** Epoch 1, batch 519/520 ***
Training fitness: 0.7647056373694342
Model size: (6, 6)
Validation fitness: 0.742010977074159 
Elapsed: 1.3688685894012451

*** Epoch 1, batch 520/520 ***
Training fitness: 0.7690491534538076
Model size: (11, 20)
Validation fitness: 0.7538978382843735 
Elapsed: 1.3584916591644287

Total train time: 750.5107395648956
Test time: 0.16789579391479492
Test fitness: 0.8042838378956708
Test statistics: Stats(total=14791, total_true=7158, total_false=7633, true_positive=6266, true_negative=7117, false_positive=516, false_negative=892, tpr=0.8753841855266834, tnr=0.9323987947071924, ppv=0.9239162488941315, npv=0.8886252965413909, accuracy=0.9048069772158746, f1=0.8989956958393114, mcc=0.8101587690914329)
