Configuration:
Dataset: nsl_kdd
Selector: pca
Fold: 2
Fitness: zero_sum
Batch size: 256
Epochs: 1
Config args: {}
*** Epoch 1, batch 1/520 ***
Training fitness: 0.8929029891802678
Model size: (1, 12)
Validation fitness: 0.8519723081722583 !!!
Elapsed: 1.9474732875823975

*** Epoch 1, batch 2/520 ***
Training fitness: 0.9008178072926275
Model size: (1, 12)
Validation fitness: 0.880215413671857 !!!
Elapsed: 2.093454122543335

*** Epoch 1, batch 3/520 ***
Training fitness: 0.8939116082890152
Model size: (1, 11)
Validation fitness: 0.8598551713633237 
Elapsed: 2.079955577850342

*** Epoch 1, batch 4/520 ***
Training fitness: 0.8962640099626402
Model size: (1, 12)
Validation fitness: 0.8906018653189358 !!!
Elapsed: 2.1002187728881836

*** Epoch 1, batch 5/520 ***
Training fitness: 0.9092439546985002
Model size: (2, 14)
Validation fitness: 0.8877303215047633 
Elapsed: 2.1971616744995117

*** Epoch 1, batch 6/520 ***
Training fitness: 0.9298631476050832
Model size: (4, 17)
Validation fitness: 0.9002744382973443 !!!
Elapsed: 2.420463800430298

*** Epoch 1, batch 7/520 ***
Training fitness: 0.91796875
Model size: (4, 14)
Validation fitness: 0.9087068929332299 !!!
Elapsed: 2.334169864654541

*** Epoch 1, batch 8/520 ***
Training fitness: 0.9414607291411794
Model size: (5, 16)
Validation fitness: 0.9161657950077433 !!!
Elapsed: 2.4278194904327393

*** Epoch 1, batch 9/520 ***
Training fitness: 0.9139351767075626
Model size: (1, 7)
Validation fitness: 0.9132009540866424 
Elapsed: 2.2395529747009277

*** Epoch 1, batch 10/520 ***
Training fitness: 0.9203144654088049
Model size: (5, 18)
Validation fitness: 0.9153694427963177 
Elapsed: 2.4363529682159424

*** Epoch 1, batch 11/520 ***
Training fitness: 0.9217338217338218
Model size: (3, 12)
Validation fitness: 0.9057342711433881 
Elapsed: 2.2842304706573486

*** Epoch 1, batch 12/520 ***
Training fitness: 0.9051148999258711
Model size: (1, 6)
Validation fitness: 0.9120350335218889 
Elapsed: 2.1856698989868164

*** Epoch 1, batch 13/520 ***
Training fitness: 0.9293381586211127
Model size: (1, 7)
Validation fitness: 0.8987228744160454 
Elapsed: 2.1817550659179688

*** Epoch 1, batch 14/520 ***
Training fitness: 0.926246622451486
Model size: (4, 11)
Validation fitness: 0.9060221632868002 
Elapsed: 2.3894944190979004

*** Epoch 1, batch 15/520 ***
Training fitness: 0.9385429638854297
Model size: (3, 8)
Validation fitness: 0.9028437288122544 
Elapsed: 2.381375551223755

*** Epoch 1, batch 16/520 ***
Training fitness: 0.9163582763595308
Model size: (2, 7)
Validation fitness: 0.9032918390326135 
Elapsed: 2.091263771057129

*** Epoch 1, batch 17/520 ***
Training fitness: 0.9277093596059114
Model size: (4, 8)
Validation fitness: 0.9050801466139291 
Elapsed: 2.1245479583740234

*** Epoch 1, batch 18/520 ***
Training fitness: 0.9299019607843138
Model size: (4, 12)
Validation fitness: 0.9123062458288953 
Elapsed: 2.1619157791137695

*** Epoch 1, batch 19/520 ***
Training fitness: 0.9129901960784313
Model size: (3, 6)
Validation fitness: 0.8788472180140766 
Elapsed: 2.1242001056671143

*** Epoch 1, batch 20/520 ***
Training fitness: 0.928396871945259
Model size: (4, 9)
Validation fitness: 0.9121921172559506 
Elapsed: 2.1820502281188965

*** Epoch 1, batch 21/520 ***
Training fitness: 0.949648854961832
Model size: (3, 9)
Validation fitness: 0.8921301690767197 
Elapsed: 2.2568600177764893

*** Epoch 1, batch 22/520 ***
Training fitness: 0.931650700073692
Model size: (5, 10)
Validation fitness: 0.906985607134131 
Elapsed: 2.2568845748901367

*** Epoch 1, batch 23/520 ***
Training fitness: 0.9191158156911582
Model size: (2, 8)
Validation fitness: 0.9011025280216669 
Elapsed: 2.2322216033935547

*** Epoch 1, batch 24/520 ***
Training fitness: 0.9220588235294118
Model size: (2, 7)
Validation fitness: 0.9040433114864135 
Elapsed: 2.243422269821167

*** Epoch 1, batch 25/520 ***
Training fitness: 0.9341397849462366
Model size: (7, 14)
Validation fitness: 0.9158202841107695 
Elapsed: 2.317091941833496

*** Epoch 1, batch 26/520 ***
Training fitness: 0.9037698412698413
Model size: (7, 14)
Validation fitness: 0.920003101349802 !!!
Elapsed: 2.4713542461395264

*** Epoch 1, batch 27/520 ***
Training fitness: 0.9308943089430894
Model size: (7, 13)
Validation fitness: 0.8964964553514689 
Elapsed: 2.397599697113037

*** Epoch 1, batch 28/520 ***
Training fitness: 0.9103764921946741
Model size: (5, 11)
Validation fitness: 0.9080372983137419 
Elapsed: 2.390084743499756

*** Epoch 1, batch 29/520 ***
Training fitness: 0.9329877936576091
Model size: (7, 14)
Validation fitness: 0.920003101349802 
Elapsed: 2.4811558723449707

*** Epoch 1, batch 30/520 ***
Training fitness: 0.9592592592592593
Model size: (6, 12)
Validation fitness: 0.9137918968621562 
Elapsed: 2.3667781352996826

*** Epoch 1, batch 31/520 ***
Training fitness: 0.9140625
Model size: (8, 18)
Validation fitness: 0.9116785066010911 
Elapsed: 2.4239959716796875

*** Epoch 1, batch 32/520 ***
Training fitness: 0.9492904330804992
Model size: (1, 4)
Validation fitness: 0.9136922302572599 
Elapsed: 2.1201491355895996

*** Epoch 1, batch 33/520 ***
Training fitness: 0.9245980805672718
Model size: (2, 8)
Validation fitness: 0.9135465657958142 
Elapsed: 2.2627451419830322

*** Epoch 1, batch 34/520 ***
Training fitness: 0.9257728803183349
Model size: (7, 17)
Validation fitness: 0.9150989361746976 
Elapsed: 2.4999430179595947

*** Epoch 1, batch 35/520 ***
Training fitness: 0.9374389051808407
Model size: (3, 7)
Validation fitness: 0.9039256453217916 
Elapsed: 2.3446803092956543

*** Epoch 1, batch 36/520 ***
Training fitness: 0.9238516335052812
Model size: (10, 20)
Validation fitness: 0.9128522080345856 
Elapsed: 2.498570680618286

*** Epoch 1, batch 37/520 ***
Training fitness: 0.92578125
Model size: (10, 20)
Validation fitness: 0.9126492272561725 
Elapsed: 2.5445499420166016

*** Epoch 1, batch 38/520 ***
Training fitness: 0.9123065585851142
Model size: (2, 8)
Validation fitness: 0.9011025280216669 
Elapsed: 2.3127119541168213

*** Epoch 1, batch 39/520 ***
Training fitness: 0.9360853830583327
Model size: (7, 15)
Validation fitness: 0.9066237188373457 
Elapsed: 2.525913715362549

*** Epoch 1, batch 40/520 ***
Training fitness: 0.9369458128078817
Model size: (2, 6)
Validation fitness: 0.8954722675724368 
Elapsed: 2.322406053543091

*** Epoch 1, batch 41/520 ***
Training fitness: 0.925648854961832
Model size: (6, 10)
Validation fitness: 0.9095947276320185 
Elapsed: 2.3167431354522705

*** Epoch 1, batch 42/520 ***
Training fitness: 0.9216260758102911
Model size: (11, 23)
Validation fitness: 0.9167862574277968 
Elapsed: 2.443901538848877

*** Epoch 1, batch 43/520 ***
Training fitness: 0.9244872972145699
Model size: (10, 24)
Validation fitness: 0.9132850589540569 
Elapsed: 2.68432879447937

*** Epoch 1, batch 44/520 ***
Training fitness: 0.9332539827870353
Model size: (2, 8)
Validation fitness: 0.9007002048687159 
Elapsed: 2.497418165206909

*** Epoch 1, batch 45/520 ***
Training fitness: 0.9424603174603176
Model size: (7, 14)
Validation fitness: 0.9032584793598022 
Elapsed: 2.6434080600738525

*** Epoch 1, batch 46/520 ***
Training fitness: 0.8868033937618263
Model size: (7, 15)
Validation fitness: 0.9048533100035577 
Elapsed: 2.442768096923828

*** Epoch 1, batch 47/520 ***
Training fitness: 0.9237902235323017
Model size: (13, 31)
Validation fitness: 0.9089415104123421 
Elapsed: 2.5969133377075195

*** Epoch 1, batch 48/520 ***
Training fitness: 0.9254343038903842
Model size: (7, 14)
Validation fitness: 0.9121087272386678 
Elapsed: 2.610701322555542

*** Epoch 1, batch 49/520 ***
Training fitness: 0.9363664122137405
Model size: (7, 12)
Validation fitness: 0.9100969190142619 
Elapsed: 2.5168349742889404

*** Epoch 1, batch 50/520 ***
Training fitness: 0.9511713776419658
Model size: (4, 7)
Validation fitness: 0.9110284237242996 
Elapsed: 2.3484954833984375

*** Epoch 1, batch 51/520 ***
Training fitness: 0.9206349206349205
Model size: (7, 14)
Validation fitness: 0.9146478932358498 
Elapsed: 2.5083372592926025

*** Epoch 1, batch 52/520 ***
Training fitness: 0.9256851614478423
Model size: (7, 13)
Validation fitness: 0.9058458702466362 
Elapsed: 2.4943482875823975

*** Epoch 1, batch 53/520 ***
Training fitness: 0.91015625
Model size: (7, 14)
Validation fitness: 0.9103305283713936 
Elapsed: 2.4487011432647705

*** Epoch 1, batch 54/520 ***
Training fitness: 0.9056695992179863
Model size: (8, 14)
Validation fitness: 0.9125801892299945 
Elapsed: 2.3134708404541016

*** Epoch 1, batch 55/520 ***
Training fitness: 0.9405172413793103
Model size: (7, 14)
Validation fitness: 0.9103305283713936 
Elapsed: 2.4139254093170166

*** Epoch 1, batch 56/520 ***
Training fitness: 0.9007352941176471
Model size: (10, 20)
Validation fitness: 0.9094663478801669 
Elapsed: 2.5277814865112305

*** Epoch 1, batch 57/520 ***
Training fitness: 0.9170992366412214
Model size: (6, 11)
Validation fitness: 0.912804093121877 
Elapsed: 2.3814969062805176

*** Epoch 1, batch 58/520 ***
Training fitness: 0.9308973172987975
Model size: (8, 15)
Validation fitness: 0.9148351014876398 
Elapsed: 2.4878971576690674

*** Epoch 1, batch 59/520 ***
Training fitness: 0.913874137825795
Model size: (7, 14)
Validation fitness: 0.9192875180385099 
Elapsed: 2.6183793544769287

*** Epoch 1, batch 60/520 ***
Training fitness: 0.911233547597184
Model size: (7, 14)
Validation fitness: 0.9192875180385099 
Elapsed: 2.5814592838287354

*** Epoch 1, batch 61/520 ***
Training fitness: 0.9214868429123474
Model size: (7, 14)
Validation fitness: 0.9156063881207305 
Elapsed: 2.647934913635254

*** Epoch 1, batch 62/520 ***
Training fitness: 0.9425772880318335
Model size: (8, 15)
Validation fitness: 0.9150957010196146 
Elapsed: 2.56801176071167

*** Epoch 1, batch 63/520 ***
Training fitness: 0.9370883773442891
Model size: (8, 20)
Validation fitness: 0.9114022353546912 
Elapsed: 2.511366605758667

*** Epoch 1, batch 64/520 ***
Training fitness: 0.9210607462226335
Model size: (8, 14)
Validation fitness: 0.9125801892299945 
Elapsed: 2.410515069961548

*** Epoch 1, batch 65/520 ***
Training fitness: 0.9174656488549618
Model size: (10, 18)
Validation fitness: 0.9070528305407438 
Elapsed: 2.449979543685913

*** Epoch 1, batch 66/520 ***
Training fitness: 0.9123065585851142
Model size: (7, 14)
Validation fitness: 0.9103305283713936 
Elapsed: 2.579218864440918

*** Epoch 1, batch 67/520 ***
Training fitness: 0.9254901960784314
Model size: (8, 13)
Validation fitness: 0.9059909206701482 
Elapsed: 2.505784511566162

*** Epoch 1, batch 68/520 ***
Training fitness: 0.9521170610211706
Model size: (7, 14)
Validation fitness: 0.9192875180385099 
Elapsed: 2.4211008548736572

*** Epoch 1, batch 69/520 ***
Training fitness: 0.936563497912061
Model size: (8, 15)
Validation fitness: 0.9077627500394542 
Elapsed: 2.3878955841064453

*** Epoch 1, batch 70/520 ***
Training fitness: 0.9237533050482691
Model size: (9, 15)
Validation fitness: 0.9089397874402297 
Elapsed: 2.4713165760040283

*** Epoch 1, batch 71/520 ***
Training fitness: 0.9101812854788499
Model size: (9, 16)
Validation fitness: 0.9087502605078844 
Elapsed: 2.465404510498047

*** Epoch 1, batch 72/520 ***
Training fitness: 0.9046831955922865
Model size: (8, 15)
Validation fitness: 0.9178877864922286 
Elapsed: 2.5778026580810547

*** Epoch 1, batch 73/520 ***
Training fitness: 0.9208333333333333
Model size: (6, 12)
Validation fitness: 0.9185931602772811 
Elapsed: 2.457033634185791

*** Epoch 1, batch 74/520 ***
Training fitness: 0.8900605171465249
Model size: (2, 4)
Validation fitness: 0.9107578162904814 
Elapsed: 2.216775417327881

*** Epoch 1, batch 75/520 ***
Training fitness: 0.9192326490713587
Model size: (4, 8)
Validation fitness: 0.9087582430010215 
Elapsed: 2.2703452110290527

*** Epoch 1, batch 76/520 ***
Training fitness: 0.9123440176168339
Model size: (11, 19)
Validation fitness: 0.9084139418504243 
Elapsed: 2.421430826187134

*** Epoch 1, batch 77/520 ***
Training fitness: 0.9210992366412214
Model size: (11, 14)
Validation fitness: 0.9076230518271845 
Elapsed: 2.3120651245117188

*** Epoch 1, batch 78/520 ***
Training fitness: 0.9530217763640813
Model size: (3, 9)
Validation fitness: 0.9079310605864813 
Elapsed: 2.421555757522583

*** Epoch 1, batch 79/520 ***
Training fitness: 0.9168705652067531
Model size: (7, 15)
Validation fitness: 0.9104692184616828 
Elapsed: 2.2828879356384277

*** Epoch 1, batch 80/520 ***
Training fitness: 0.9260513947384484
Model size: (6, 11)
Validation fitness: 0.9092805509991497 
Elapsed: 2.4357290267944336

*** Epoch 1, batch 81/520 ***
Training fitness: 0.9255150070297695
Model size: (9, 18)
Validation fitness: 0.9113402725118679 
Elapsed: 2.4488675594329834

*** Epoch 1, batch 82/520 ***
Training fitness: 0.9305581251927227
Model size: (4, 11)
Validation fitness: 0.9009691993073652 
Elapsed: 2.2077412605285645

*** Epoch 1, batch 83/520 ***
Training fitness: 0.9176045999510644
Model size: (3, 9)
Validation fitness: 0.9079310605864813 
Elapsed: 2.2221975326538086

*** Epoch 1, batch 84/520 ***
Training fitness: 0.9233228801574125
Model size: (3, 6)
Validation fitness: 0.9031128148983566 
Elapsed: 2.4690399169921875

*** Epoch 1, batch 85/520 ***
Training fitness: 0.921875
Model size: (7, 13)
Validation fitness: 0.914788498757902 
Elapsed: 2.453308343887329

*** Epoch 1, batch 86/520 ***
Training fitness: 0.908012051896944
Model size: (6, 10)
Validation fitness: 0.9111212167702374 
Elapsed: 2.442067861557007

*** Epoch 1, batch 87/520 ***
Training fitness: 0.9189388356669123
Model size: (2, 4)
Validation fitness: 0.9070407972301939 
Elapsed: 2.382202625274658

*** Epoch 1, batch 88/520 ***
Training fitness: 0.9519607843137255
Model size: (7, 11)
Validation fitness: 0.9139036975898003 
Elapsed: 2.3276829719543457

*** Epoch 1, batch 89/520 ***
Training fitness: 0.9194396868118424
Model size: (6, 14)
Validation fitness: 0.9129333801835112 
Elapsed: 2.403738260269165

*** Epoch 1, batch 90/520 ***
Training fitness: 0.9252601702932829
Model size: (9, 14)
Validation fitness: 0.9051882997729527 
Elapsed: 2.44484543800354

*** Epoch 1, batch 91/520 ***
Training fitness: 0.9358762760559937
Model size: (6, 10)
Validation fitness: 0.9111212167702374 
Elapsed: 2.423082113265991

*** Epoch 1, batch 92/520 ***
Training fitness: 0.9316192225283134
Model size: (7, 11)
Validation fitness: 0.9127237274705358 
Elapsed: 2.373347759246826

*** Epoch 1, batch 93/520 ***
Training fitness: 0.949063053164866
Model size: (6, 12)
Validation fitness: 0.9104252460138399 
Elapsed: 2.3779001235961914

*** Epoch 1, batch 94/520 ***
Training fitness: 0.9333024976873265
Model size: (1, 4)
Validation fitness: 0.9161898524640976 
Elapsed: 2.2990896701812744

*** Epoch 1, batch 95/520 ***
Training fitness: 0.8886736764434606
Model size: (8, 12)
Validation fitness: 0.9173060359562285 
Elapsed: 2.495685338973999

*** Epoch 1, batch 96/520 ***
Training fitness: 0.9415750915750916
Model size: (2, 8)
Validation fitness: 0.9094183337796564 
Elapsed: 2.3543035984039307

*** Epoch 1, batch 97/520 ***
Training fitness: 0.9418320610687023
Model size: (2, 6)
Validation fitness: 0.9030400376561054 
Elapsed: 2.468053102493286

*** Epoch 1, batch 98/520 ***
Training fitness: 0.9437007152026408
Model size: (3, 6)
Validation fitness: 0.9178404780771046 
Elapsed: 2.2782363891601562

*** Epoch 1, batch 99/520 ***
Training fitness: 0.9217481535738264
Model size: (3, 9)
Validation fitness: 0.9131023964159247 
Elapsed: 2.3154966831207275

*** Epoch 1, batch 100/520 ***
Training fitness: 0.9052321658590443
Model size: (3, 6)
Validation fitness: 0.9178404780771046 
Elapsed: 2.249964952468872

*** Epoch 1, batch 101/520 ***
Training fitness: 0.9256851614478422
Model size: (1, 5)
Validation fitness: 0.9096619510386313 
Elapsed: 2.2612674236297607

*** Epoch 1, batch 102/520 ***
Training fitness: 0.9449232838193043
Model size: (4, 8)
Validation fitness: 0.9110080046718205 
Elapsed: 2.2924153804779053

*** Epoch 1, batch 103/520 ***
Training fitness: 0.91727761485826
Model size: (5, 11)
Validation fitness: 0.9179385316868318 
Elapsed: 2.2700185775756836

*** Epoch 1, batch 104/520 ***
Training fitness: 0.9311576354679802
Model size: (6, 12)
Validation fitness: 0.9046001889037296 
Elapsed: 2.4507532119750977

*** Epoch 1, batch 105/520 ***
Training fitness: 0.9335164835164835
Model size: (3, 10)
Validation fitness: 0.9149898665411463 
Elapsed: 2.3550806045532227

*** Epoch 1, batch 106/520 ***
Training fitness: 0.9208386820710313
Model size: (6, 12)
Validation fitness: 0.9132857646394433 
Elapsed: 2.4710423946380615

*** Epoch 1, batch 107/520 ***
Training fitness: 0.9051766740795651
Model size: (3, 5)
Validation fitness: 0.9041863456659643 
Elapsed: 2.357804536819458

*** Epoch 1, batch 108/520 ***
Training fitness: 0.948852157943067
Model size: (9, 20)
Validation fitness: 0.9107740928780947 
Elapsed: 2.3755674362182617

*** Epoch 1, batch 109/520 ***
Training fitness: 0.8937118437118438
Model size: (7, 13)
Validation fitness: 0.9108147293586566 
Elapsed: 2.081627607345581

*** Epoch 1, batch 110/520 ***
Training fitness: 0.9579736761554944
Model size: (4, 9)
Validation fitness: 0.9148851409968567 
Elapsed: 2.184290885925293

*** Epoch 1, batch 111/520 ***
Training fitness: 0.9120056238156367
Model size: (5, 10)
Validation fitness: 0.9090435048625389 
Elapsed: 2.237454414367676

*** Epoch 1, batch 112/520 ***
Training fitness: 0.9301984732824429
Model size: (7, 11)
Validation fitness: 0.912929842591834 
Elapsed: 2.097278594970703

*** Epoch 1, batch 113/520 ***
Training fitness: 0.9045074920167034
Model size: (7, 13)
Validation fitness: 0.8910024654997747 
Elapsed: 2.2974259853363037

*** Epoch 1, batch 114/520 ***
Training fitness: 0.9357843137254902
Model size: (5, 10)
Validation fitness: 0.9090435048625389 
Elapsed: 2.274885654449463

*** Epoch 1, batch 115/520 ***
Training fitness: 0.9246089931573802
Model size: (6, 12)
Validation fitness: 0.913123319529394 
Elapsed: 2.3569552898406982

*** Epoch 1, batch 116/520 ***
Training fitness: 0.9373741073063542
Model size: (5, 12)
Validation fitness: 0.9092898532156067 
Elapsed: 2.3079094886779785

*** Epoch 1, batch 117/520 ***
Training fitness: 0.9331501831501832
Model size: (4, 10)
Validation fitness: 0.9147535260899219 
Elapsed: 2.2192752361297607

*** Epoch 1, batch 118/520 ***
Training fitness: 0.8964047442550037
Model size: (4, 10)
Validation fitness: 0.9147535260899219 
Elapsed: 2.3488895893096924

*** Epoch 1, batch 119/520 ***
Training fitness: 0.9349060725207514
Model size: (4, 10)
Validation fitness: 0.9147535260899219 
Elapsed: 2.2331583499908447

*** Epoch 1, batch 120/520 ***
Training fitness: 0.914694894146949
Model size: (7, 17)
Validation fitness: 0.8959966926267242 
Elapsed: 2.191485643386841

*** Epoch 1, batch 121/520 ***
Training fitness: 0.9100810693731048
Model size: (10, 18)
Validation fitness: 0.9116762795679886 
Elapsed: 2.1322314739227295

*** Epoch 1, batch 122/520 ***
Training fitness: 0.9213359432346464
Model size: (3, 8)
Validation fitness: 0.9117300582932788 
Elapsed: 2.283151626586914

*** Epoch 1, batch 123/520 ***
Training fitness: 0.8956641221374045
Model size: (7, 10)
Validation fitness: 0.9093913436048133 
Elapsed: 2.1705210208892822

*** Epoch 1, batch 124/520 ***
Training fitness: 0.9177663734115347
Model size: (6, 12)
Validation fitness: 0.9116247278758007 
Elapsed: 2.0600268840789795

*** Epoch 1, batch 125/520 ***
Training fitness: 0.9221001221001222
Model size: (7, 11)
Validation fitness: 0.9068084067841843 
Elapsed: 2.1025524139404297

*** Epoch 1, batch 126/520 ***
Training fitness: 0.924906600249066
Model size: (7, 11)
Validation fitness: 0.9068084067841843 
Elapsed: 2.1372058391571045

*** Epoch 1, batch 127/520 ***
Training fitness: 0.9015170051382432
Model size: (5, 11)
Validation fitness: 0.9161599295707655 
Elapsed: 2.237842321395874

*** Epoch 1, batch 128/520 ***
Training fitness: 0.9341397849462366
Model size: (5, 10)
Validation fitness: 0.9162917461020963 
Elapsed: 2.2324795722961426

*** Epoch 1, batch 129/520 ***
Training fitness: 0.9171579464505036
Model size: (6, 12)
Validation fitness: 0.917047260208564 
Elapsed: 2.300238609313965

*** Epoch 1, batch 130/520 ***
Training fitness: 0.9372824427480917
Model size: (5, 11)
Validation fitness: 0.9161599295707655 
Elapsed: 2.2269363403320312

*** Epoch 1, batch 131/520 ***
Training fitness: 0.9484126984126983
Model size: (6, 13)
Validation fitness: 0.9064689537838392 
Elapsed: 2.241938352584839

*** Epoch 1, batch 132/520 ***
Training fitness: 0.939955727725512
Model size: (5, 11)
Validation fitness: 0.9161599295707655 
Elapsed: 2.3631927967071533

*** Epoch 1, batch 133/520 ***
Training fitness: 0.9460152671755725
Model size: (6, 13)
Validation fitness: 0.9148965602694727 
Elapsed: 4.339543342590332

*** Epoch 1, batch 134/520 ***
Training fitness: 0.9377403405969603
Model size: (5, 10)
Validation fitness: 0.9162917461020963 
Elapsed: 4.548608064651489

*** Epoch 1, batch 135/520 ***
Training fitness: 0.9009852216748768
Model size: (5, 11)
Validation fitness: 0.915654402221241 
Elapsed: 3.5066285133361816

*** Epoch 1, batch 136/520 ***
Training fitness: 0.91796875
Model size: (5, 10)
Validation fitness: 0.9150526358815542 
Elapsed: 2.3193552494049072

*** Epoch 1, batch 137/520 ***
Training fitness: 0.9212121212121213
Model size: (7, 14)
Validation fitness: 0.9091746157084833 
Elapsed: 2.341308116912842

*** Epoch 1, batch 138/520 ***
Training fitness: 0.9248768472906405
Model size: (5, 10)
Validation fitness: 0.9162917461020963 
Elapsed: 2.3285465240478516

*** Epoch 1, batch 139/520 ***
Training fitness: 0.9347413529231711
Model size: (5, 10)
Validation fitness: 0.9172553915738232 
Elapsed: 2.404773712158203

*** Epoch 1, batch 140/520 ***
Training fitness: 0.9243332517739173
Model size: (14, 15)
Validation fitness: 0.9104118013325173 
Elapsed: 2.2788264751434326

*** Epoch 1, batch 141/520 ***
Training fitness: 0.9139577594123048
Model size: (5, 10)
Validation fitness: 0.9159875773710708 
Elapsed: 2.3756067752838135

*** Epoch 1, batch 142/520 ***
Training fitness: 0.9385897435897437
Model size: (5, 10)
Validation fitness: 0.9150526358815542 
Elapsed: 2.3038089275360107

*** Epoch 1, batch 143/520 ***
Training fitness: 0.949023199023199
Model size: (5, 11)
Validation fitness: 0.9125059914522253 
Elapsed: 2.476353406906128

*** Epoch 1, batch 144/520 ***
Training fitness: 0.9140625
Model size: (9, 16)
Validation fitness: 0.9096150458722995 
Elapsed: 2.2668070793151855

*** Epoch 1, batch 145/520 ***
Training fitness: 0.9389326975976526
Model size: (6, 12)
Validation fitness: 0.9142314197161898 
Elapsed: 2.245067834854126

*** Epoch 1, batch 146/520 ***
Training fitness: 0.9437855201383741
Model size: (9, 15)
Validation fitness: 0.9130755070532797 
Elapsed: 2.2587385177612305

*** Epoch 1, batch 147/520 ***
Training fitness: 0.9209347972765749
Model size: (6, 12)
Validation fitness: 0.9095442848740095 
Elapsed: 2.2152788639068604

*** Epoch 1, batch 148/520 ***
Training fitness: 0.9300494414942319
Model size: (5, 9)
Validation fitness: 0.9058644655148047 
Elapsed: 2.279064416885376

*** Epoch 1, batch 149/520 ***
Training fitness: 0.9376832844574781
Model size: (12, 16)
Validation fitness: 0.91554583664868 
Elapsed: 2.2052817344665527

*** Epoch 1, batch 150/520 ***
Training fitness: 0.9030880623800978
Model size: (6, 12)
Validation fitness: 0.9127266601890247 
Elapsed: 2.602095127105713

*** Epoch 1, batch 151/520 ***
Training fitness: 0.9361819182101596
Model size: (8, 20)
Validation fitness: 0.916193692492369 
Elapsed: 2.644139051437378

*** Epoch 1, batch 152/520 ***
Training fitness: 0.9083868992959901
Model size: (3, 8)
Validation fitness: 0.9163595743818975 
Elapsed: 2.2362916469573975

*** Epoch 1, batch 153/520 ***
Training fitness: 0.9451770451770451
Model size: (7, 13)
Validation fitness: 0.9094929348062178 
Elapsed: 2.230652093887329

*** Epoch 1, batch 154/520 ***
Training fitness: 0.9290598290598291
Model size: (7, 12)
Validation fitness: 0.9126180946164636 
Elapsed: 2.2407689094543457

*** Epoch 1, batch 155/520 ***
Training fitness: 0.9141865079365079
Model size: (10, 10)
Validation fitness: 0.913194080527684 
Elapsed: 2.3064486980438232

*** Epoch 1, batch 156/520 ***
Training fitness: 0.9298996819182774
Model size: (7, 13)
Validation fitness: 0.9094929348062178 
Elapsed: 2.2477896213531494

*** Epoch 1, batch 157/520 ***
Training fitness: 0.913845205057046
Model size: (5, 8)
Validation fitness: 0.9107560933183692 
Elapsed: 2.3493356704711914

*** Epoch 1, batch 158/520 ***
Training fitness: 0.9243332517739173
Model size: (11, 11)
Validation fitness: 0.913648459433813 
Elapsed: 2.2953546047210693

*** Epoch 1, batch 159/520 ***
Training fitness: 0.9413911550021469
Model size: (12, 16)
Validation fitness: 0.9131189754401322 
Elapsed: 2.2976248264312744

*** Epoch 1, batch 160/520 ***
Training fitness: 0.9351805728518057
Model size: (12, 14)
Validation fitness: 0.9108741627317832 
Elapsed: 2.4918394088745117

*** Epoch 1, batch 161/520 ***
Training fitness: 0.9232321996574505
Model size: (5, 8)
Validation fitness: 0.9146289863663416 
Elapsed: 2.373563289642334

*** Epoch 1, batch 162/520 ***
Training fitness: 0.9225620240727094
Model size: (5, 8)
Validation fitness: 0.9146289863663416 
Elapsed: 2.349036455154419

*** Epoch 1, batch 163/520 ***
Training fitness: 0.923783287419651
Model size: (5, 8)
Validation fitness: 0.9146289863663416 
Elapsed: 2.3317155838012695

*** Epoch 1, batch 164/520 ***
Training fitness: 0.9260912698412699
Model size: (5, 8)
Validation fitness: 0.9146289863663416 
Elapsed: 2.4403843879699707

*** Epoch 1, batch 165/520 ***
Training fitness: 0.9315463411642029
Model size: (6, 10)
Validation fitness: 0.9113741362456694 
Elapsed: 2.398632049560547

*** Epoch 1, batch 166/520 ***
Training fitness: 0.9137973137973139
Model size: (11, 15)
Validation fitness: 0.9146549684192042 
Elapsed: 2.486504554748535

*** Epoch 1, batch 167/520 ***
Training fitness: 0.9295482295482296
Model size: (7, 10)
Validation fitness: 0.9130956236691644 
Elapsed: 2.4052491188049316

*** Epoch 1, batch 168/520 ***
Training fitness: 0.9187480916030535
Model size: (11, 15)
Validation fitness: 0.9146549684192042 
Elapsed: 2.4037933349609375

*** Epoch 1, batch 169/520 ***
Training fitness: 0.935099094690482
Model size: (5, 9)
Validation fitness: 0.9131364617741223 
Elapsed: 2.3743953704833984

*** Epoch 1, batch 170/520 ***
Training fitness: 0.9269607843137254
Model size: (7, 11)
Validation fitness: 0.9207186846610941 !!!
Elapsed: 2.384641647338867

*** Epoch 1, batch 171/520 ***
Training fitness: 0.9338033327229446
Model size: (8, 13)
Validation fitness: 0.912384283634936 
Elapsed: 2.410330295562744

*** Epoch 1, batch 172/520 ***
Training fitness: 0.9280889216408744
Model size: (4, 12)
Validation fitness: 0.912912658694438 
Elapsed: 2.4210686683654785

*** Epoch 1, batch 173/520 ***
Training fitness: 0.9242924384131059
Model size: (7, 11)
Validation fitness: 0.9207186846610941 
Elapsed: 2.4781742095947266

*** Epoch 1, batch 174/520 ***
Training fitness: 0.9189312977099237
Model size: (6, 13)
Validation fitness: 0.913923612581289 
Elapsed: 2.5211799144744873

*** Epoch 1, batch 175/520 ***
Training fitness: 0.9262345113837515
Model size: (7, 11)
Validation fitness: 0.9207186846610941 
Elapsed: 2.4030203819274902

*** Epoch 1, batch 176/520 ***
Training fitness: 0.9226190476190477
Model size: (9, 15)
Validation fitness: 0.9205084270749303 
Elapsed: 2.481450080871582

*** Epoch 1, batch 177/520 ***
Training fitness: 0.9528169443935787
Model size: (10, 15)
Validation fitness: 0.9135408011710345 
Elapsed: 2.4290931224823

*** Epoch 1, batch 178/520 ***
Training fitness: 0.9164423782725716
Model size: (7, 11)
Validation fitness: 0.9207186846610941 
Elapsed: 2.3329226970672607

*** Epoch 1, batch 179/520 ***
Training fitness: 0.9244296870196151
Model size: (9, 15)
Validation fitness: 0.9205084270749303 
Elapsed: 2.563045024871826

*** Epoch 1, batch 180/520 ***
Training fitness: 0.9293169749130196
Model size: (9, 15)
Validation fitness: 0.9250901306874346 !!!
Elapsed: 2.5007174015045166

*** Epoch 1, batch 181/520 ***
Training fitness: 0.9386608015640273
Model size: (10, 16)
Validation fitness: 0.9226401193323154 
Elapsed: 2.6104469299316406

*** Epoch 1, batch 182/520 ***
Training fitness: 0.9307480916030535
Model size: (9, 15)
Validation fitness: 0.9250901306874346 
Elapsed: 2.5680878162384033

*** Epoch 1, batch 183/520 ***
Training fitness: 0.9391829724590565
Model size: (9, 15)
Validation fitness: 0.9250901306874346 
Elapsed: 2.4841439723968506

*** Epoch 1, batch 184/520 ***
Training fitness: 0.9518307965034538
Model size: (9, 15)
Validation fitness: 0.9250901306874346 
Elapsed: 2.5801806449890137

*** Epoch 1, batch 185/520 ***
Training fitness: 0.9402985074626865
Model size: (10, 18)
Validation fitness: 0.9247346118886175 
Elapsed: 2.4831860065460205

*** Epoch 1, batch 186/520 ***
Training fitness: 0.95
Model size: (10, 18)
Validation fitness: 0.9247346118886175 
Elapsed: 2.594393491744995

*** Epoch 1, batch 187/520 ***
Training fitness: 0.9113943395073049
Model size: (4, 8)
Validation fitness: 0.9140009447019432 
Elapsed: 2.3014471530914307

*** Epoch 1, batch 188/520 ***
Training fitness: 0.9333394461764166
Model size: (8, 14)
Validation fitness: 0.9101617137633762 
Elapsed: 2.391033887863159

*** Epoch 1, batch 189/520 ***
Training fitness: 0.9304969741426737
Model size: (5, 11)
Validation fitness: 0.916319643586722 
Elapsed: 2.361959934234619

*** Epoch 1, batch 190/520 ***
Training fitness: 0.9089687194525904
Model size: (11, 19)
Validation fitness: 0.9171500611563452 
Elapsed: 2.467048168182373

*** Epoch 1, batch 191/520 ***
Training fitness: 0.9397350180948291
Model size: (5, 8)
Validation fitness: 0.9135915463656378 
Elapsed: 2.4623794555664062

*** Epoch 1, batch 192/520 ***
Training fitness: 0.918154761904762
Model size: (9, 15)
Validation fitness: 0.9250901306874346 
Elapsed: 2.563366174697876

*** Epoch 1, batch 193/520 ***
Training fitness: 0.907843137254902
Model size: (9, 16)
Validation fitness: 0.923700810291789 
Elapsed: 2.4379360675811768

*** Epoch 1, batch 194/520 ***
Training fitness: 0.9224806201550387
Model size: (6, 7)
Validation fitness: 0.917641841387953 
Elapsed: 2.434626579284668

*** Epoch 1, batch 195/520 ***
Training fitness: 0.9404761904761906
Model size: (4, 10)
Validation fitness: 0.8924055330133371 
Elapsed: 2.5922083854675293

*** Epoch 1, batch 196/520 ***
Training fitness: 0.9081626338263507
Model size: (3, 8)
Validation fitness: 0.9062344371169252 
Elapsed: 2.4205968379974365

*** Epoch 1, batch 197/520 ***
Training fitness: 0.9224369953511132
Model size: (3, 8)
Validation fitness: 0.9123266648813743 
Elapsed: 2.398261547088623

*** Epoch 1, batch 198/520 ***
Training fitness: 0.9606549364613881
Model size: (5, 8)
Validation fitness: 0.9105472562677234 
Elapsed: 2.555438995361328

*** Epoch 1, batch 199/520 ***
Training fitness: 0.9102564102564102
Model size: (9, 16)
Validation fitness: 0.9233651056722624 
Elapsed: 2.5522258281707764

*** Epoch 1, batch 200/520 ***
Training fitness: 0.932732824427481
Model size: (4, 8)
Validation fitness: 0.905457596648196 
Elapsed: 2.4801437854766846

*** Epoch 1, batch 201/520 ***
Training fitness: 0.949023199023199
Model size: (9, 16)
Validation fitness: 0.9031364691059186 
Elapsed: 2.4457857608795166

*** Epoch 1, batch 202/520 ***
Training fitness: 0.9328399629972248
Model size: (6, 13)
Validation fitness: 0.9166417019005298 
Elapsed: 2.499638319015503

*** Epoch 1, batch 203/520 ***
Training fitness: 0.9267615303001935
Model size: (9, 16)
Validation fitness: 0.9233651056722624 
Elapsed: 2.567826747894287

*** Epoch 1, batch 204/520 ***
Training fitness: 0.9443119995109726
Model size: (9, 16)
Validation fitness: 0.9233651056722624 
Elapsed: 2.557476758956909

*** Epoch 1, batch 205/520 ***
Training fitness: 0.9241741741741741
Model size: (5, 9)
Validation fitness: 0.914587039327205 
Elapsed: 2.4990313053131104

*** Epoch 1, batch 206/520 ***
Training fitness: 0.9120973164618864
Model size: (6, 12)
Validation fitness: 0.9155197537836193 
Elapsed: 2.4496138095855713

*** Epoch 1, batch 207/520 ***
Training fitness: 0.935701466674918
Model size: (13, 18)
Validation fitness: 0.9052984875054277 
Elapsed: 2.437927484512329

*** Epoch 1, batch 208/520 ***
Training fitness: 0.9287861129853401
Model size: (9, 17)
Validation fitness: 0.9068765375005796 
Elapsed: 2.359334945678711

*** Epoch 1, batch 209/520 ***
Training fitness: 0.9358942989968192
Model size: (4, 9)
Validation fitness: 0.9089820460807059 
Elapsed: 2.47859787940979

*** Epoch 1, batch 210/520 ***
Training fitness: 0.9511278195488722
Model size: (7, 13)
Validation fitness: 0.9150729541218351 
Elapsed: 2.5411555767059326

*** Epoch 1, batch 211/520 ***
Training fitness: 0.9262014080195898
Model size: (2, 5)
Validation fitness: 0.9104786214903378 
Elapsed: 2.2239952087402344

*** Epoch 1, batch 212/520 ***
Training fitness: 0.9599632690541782
Model size: (4, 10)
Validation fitness: 0.917331917196893 
Elapsed: 2.2962777614593506

*** Epoch 1, batch 213/520 ***
Training fitness: 0.9029690847872667
Model size: (6, 17)
Validation fitness: 0.9177364582182013 
Elapsed: 2.391728162765503

*** Epoch 1, batch 214/520 ***
Training fitness: 0.9376852727846104
Model size: (5, 15)
Validation fitness: 0.9177910434410759 
Elapsed: 2.4770708084106445

*** Epoch 1, batch 215/520 ***
Training fitness: 0.9405526010147319
Model size: (10, 20)
Validation fitness: 0.9164513593058549 
Elapsed: 2.570708990097046

*** Epoch 1, batch 216/520 ***
Training fitness: 0.9012820512820513
Model size: (6, 8)
Validation fitness: 0.9137273037374382 
Elapsed: 2.4172170162200928

*** Epoch 1, batch 217/520 ***
Training fitness: 0.9358762760559937
Model size: (6, 11)
Validation fitness: 0.9156413607887106 
Elapsed: 2.4651761054992676

*** Epoch 1, batch 218/520 ***
Training fitness: 0.9329178885630498
Model size: (2, 6)
Validation fitness: 0.908402018516818 
Elapsed: 2.35518479347229

*** Epoch 1, batch 219/520 ***
Training fitness: 0.9260683760683761
Model size: (6, 12)
Validation fitness: 0.9145599483401637 
Elapsed: 2.4415204524993896

*** Epoch 1, batch 220/520 ***
Training fitness: 0.9297520661157025
Model size: (5, 14)
Validation fitness: 0.9180790363966861 
Elapsed: 2.464223623275757

*** Epoch 1, batch 221/520 ***
Training fitness: 0.9306471306471307
Model size: (8, 11)
Validation fitness: 0.9110930168490176 
Elapsed: 2.5679361820220947

*** Epoch 1, batch 222/520 ***
Training fitness: 0.91836049563572
Model size: (4, 9)
Validation fitness: 0.9175968608181295 
Elapsed: 2.4402005672454834

*** Epoch 1, batch 223/520 ***
Training fitness: 0.93006993006993
Model size: (4, 12)
Validation fitness: 0.9160017277377798 
Elapsed: 2.4424376487731934

*** Epoch 1, batch 224/520 ***
Training fitness: 0.937177597641857
Model size: (3, 5)
Validation fitness: 0.9139499978829438 
Elapsed: 2.320499897003174

*** Epoch 1, batch 225/520 ***
Training fitness: 0.908974358974359
Model size: (5, 7)
Validation fitness: 0.8786334228362357 
Elapsed: 2.3346855640411377

*** Epoch 1, batch 226/520 ***
Training fitness: 0.9607328244274809
Model size: (5, 15)
Validation fitness: 0.9227517184355634 
Elapsed: 2.4101486206054688

*** Epoch 1, batch 227/520 ***
Training fitness: 0.9305648854961832
Model size: (11, 21)
Validation fitness: 0.9142214118143465 
Elapsed: 2.604065179824829

*** Epoch 1, batch 228/520 ***
Training fitness: 0.9442815249266862
Model size: (4, 9)
Validation fitness: 0.9175968608181295 
Elapsed: 2.375896692276001

*** Epoch 1, batch 229/520 ***
Training fitness: 0.9293780137947872
Model size: (13, 15)
Validation fitness: 0.9149434654358046 
Elapsed: 2.3722777366638184

*** Epoch 1, batch 230/520 ***
Training fitness: 0.9331501831501832
Model size: (4, 9)
Validation fitness: 0.9175968608181295 
Elapsed: 2.4320857524871826

*** Epoch 1, batch 231/520 ***
Training fitness: 0.9198529411764705
Model size: (14, 17)
Validation fitness: 0.9111166710565796 
Elapsed: 2.618384838104248

*** Epoch 1, batch 232/520 ***
Training fitness: 0.9343816793893129
Model size: (11, 21)
Validation fitness: 0.9152187193954786 
Elapsed: 2.703141450881958

*** Epoch 1, batch 233/520 ***
Training fitness: 0.9276975776853438
Model size: (11, 21)
Validation fitness: 0.9152187193954786 
Elapsed: 2.677903652191162

*** Epoch 1, batch 234/520 ***
Training fitness: 0.9351732991014121
Model size: (11, 21)
Validation fitness: 0.9152187193954786 
Elapsed: 2.5916073322296143

*** Epoch 1, batch 235/520 ***
Training fitness: 0.9275471698113207
Model size: (6, 5)
Validation fitness: 0.9139500986951419 
Elapsed: 2.2997148036956787

*** Epoch 1, batch 236/520 ***
Training fitness: 0.9071153493489822
Model size: (7, 7)
Validation fitness: 0.915662384714378 
Elapsed: 2.369466781616211

*** Epoch 1, batch 237/520 ***
Training fitness: 0.94140625
Model size: (7, 7)
Validation fitness: 0.915662384714378 
Elapsed: 2.315687417984009

*** Epoch 1, batch 238/520 ***
Training fitness: 0.9251364779488438
Model size: (9, 17)
Validation fitness: 0.9128450320390331 
Elapsed: 2.4570834636688232

*** Epoch 1, batch 239/520 ***
Training fitness: 0.9394613293797873
Model size: (7, 6)
Validation fitness: 0.913920579050602 
Elapsed: 2.2943227291107178

*** Epoch 1, batch 240/520 ***
Training fitness: 0.9417087936091868
Model size: (7, 6)
Validation fitness: 0.913920579050602 
Elapsed: 2.4234728813171387

*** Epoch 1, batch 241/520 ***
Training fitness: 0.9171764130168828
Model size: (9, 13)
Validation fitness: 0.9134156565742658 
Elapsed: 2.339430093765259

*** Epoch 1, batch 242/520 ***
Training fitness: 0.9360837438423646
Model size: (9, 13)
Validation fitness: 0.9134156565742658 
Elapsed: 2.323160171508789

*** Epoch 1, batch 243/520 ***
Training fitness: 0.9423816793893129
Model size: (8, 12)
Validation fitness: 0.9050585086503281 
Elapsed: 2.455777406692505

*** Epoch 1, batch 244/520 ***
Training fitness: 0.9120234604105573
Model size: (16, 22)
Validation fitness: 0.9101826368768453 
Elapsed: 2.354050874710083

*** Epoch 1, batch 245/520 ***
Training fitness: 0.9010149142892505
Model size: (17, 24)
Validation fitness: 0.9155136867222453 
Elapsed: 2.347667932510376

*** Epoch 1, batch 246/520 ***
Training fitness: 0.9521364386576195
Model size: (9, 14)
Validation fitness: 0.9085272639257846 
Elapsed: 2.5604922771453857

*** Epoch 1, batch 247/520 ***
Training fitness: 0.9146825396825398
Model size: (15, 20)
Validation fitness: 0.9065184892320659 
Elapsed: 2.492896556854248

*** Epoch 1, batch 248/520 ***
Training fitness: 0.9159313725490196
Model size: (4, 7)
Validation fitness: 0.9162204810428161 
Elapsed: 2.3303427696228027

*** Epoch 1, batch 249/520 ***
Training fitness: 0.9101717708906413
Model size: (4, 7)
Validation fitness: 0.9162204810428161 
Elapsed: 2.411872625350952

*** Epoch 1, batch 250/520 ***
Training fitness: 0.9177655677655677
Model size: (4, 7)
Validation fitness: 0.9162204810428161 
Elapsed: 2.3944485187530518

*** Epoch 1, batch 251/520 ***
Training fitness: 0.9332539827870353
Model size: (4, 12)
Validation fitness: 0.9111057558449538 
Elapsed: 2.3991477489471436

*** Epoch 1, batch 252/520 ***
Training fitness: 0.9334370994323383
Model size: (4, 4)
Validation fitness: 0.9113610948131391 
Elapsed: 2.3930280208587646

*** Epoch 1, batch 253/520 ***
Training fitness: 0.9492139523458611
Model size: (4, 7)
Validation fitness: 0.912936212089802 
Elapsed: 2.440505027770996

*** Epoch 1, batch 254/520 ***
Training fitness: 0.9410162228344047
Model size: (7, 11)
Validation fitness: 0.9109060102216237 
Elapsed: 2.556396245956421

*** Epoch 1, batch 255/520 ***
Training fitness: 0.9315542377069435
Model size: (5, 7)
Validation fitness: 0.9124262306740725 
Elapsed: 2.381399631500244

*** Epoch 1, batch 256/520 ***
Training fitness: 0.92578125
Model size: (4, 4)
Validation fitness: 0.9113610948131391 
Elapsed: 2.3487086296081543

*** Epoch 1, batch 257/520 ***
Training fitness: 0.949280685644322
Model size: (4, 4)
Validation fitness: 0.9113610948131391 
Elapsed: 2.2951388359069824

*** Epoch 1, batch 258/520 ***
Training fitness: 0.937973137973138
Model size: (5, 7)
Validation fitness: 0.9124262306740725 
Elapsed: 2.437051773071289

*** Epoch 1, batch 259/520 ***
Training fitness: 0.922536945812808
Model size: (8, 18)
Validation fitness: 0.8977133318999673 
Elapsed: 2.7150070667266846

*** Epoch 1, batch 260/520 ***
Training fitness: 0.9037927844588344
Model size: (5, 7)
Validation fitness: 0.9124262306740725 
Elapsed: 2.3882086277008057

*** Epoch 1, batch 261/520 ***
Training fitness: 0.898427904691722
Model size: (3, 4)
Validation fitness: 0.8949440941373308 
Elapsed: 2.4305858612060547

*** Epoch 1, batch 262/520 ***
Training fitness: 0.9236811541047741
Model size: (6, 11)
Validation fitness: 0.9062578897000911 
Elapsed: 2.5356574058532715

*** Epoch 1, batch 263/520 ***
Training fitness: 0.93359375
Model size: (5, 7)
Validation fitness: 0.9124262306740725 
Elapsed: 2.536149024963379

*** Epoch 1, batch 264/520 ***
Training fitness: 0.9147116324535679
Model size: (4, 5)
Validation fitness: 0.9129501608321149 
Elapsed: 2.5315513610839844

*** Epoch 1, batch 265/520 ***
Training fitness: 0.936996336996337
Model size: (4, 5)
Validation fitness: 0.9129501608321149 
Elapsed: 2.439011335372925

*** Epoch 1, batch 266/520 ***
Training fitness: 0.9149114631873253
Model size: (4, 5)
Validation fitness: 0.9129501608321149 
Elapsed: 2.5469913482666016

*** Epoch 1, batch 267/520 ***
Training fitness: 0.9146072914117935
Model size: (6, 10)
Validation fitness: 0.9154715380587127 
Elapsed: 2.492520809173584

*** Epoch 1, batch 268/520 ***
Training fitness: 0.92659210935073
Model size: (4, 5)
Validation fitness: 0.9134388067208377 
Elapsed: 2.603712320327759

*** Epoch 1, batch 269/520 ***
Training fitness: 0.9305581251927227
Model size: (6, 10)
Validation fitness: 0.9108926663524991 
Elapsed: 2.529134750366211

*** Epoch 1, batch 270/520 ***
Training fitness: 0.9183823529411765
Model size: (7, 11)
Validation fitness: 0.9033751374024436 
Elapsed: 2.567852735519409

*** Epoch 1, batch 271/520 ***
Training fitness: 0.9497800586510264
Model size: (6, 11)
Validation fitness: 0.9164340745962608 
Elapsed: 2.5023722648620605

*** Epoch 1, batch 272/520 ***
Training fitness: 0.91836049563572
Model size: (5, 11)
Validation fitness: 0.9036458364837144 
Elapsed: 2.5869131088256836

*** Epoch 1, batch 273/520 ***
Training fitness: 0.9463235294117647
Model size: (5, 11)
Validation fitness: 0.9036458364837144 
Elapsed: 2.632564067840576

*** Epoch 1, batch 274/520 ***
Training fitness: 0.9172824427480916
Model size: (6, 10)
Validation fitness: 0.9108926663524991 
Elapsed: 2.533513307571411

*** Epoch 1, batch 275/520 ***
Training fitness: 0.9362613163689748
Model size: (7, 13)
Validation fitness: 0.9133741127839214 
Elapsed: 2.539463758468628

*** Epoch 1, batch 276/520 ***
Training fitness: 0.9304225006140996
Model size: (9, 11)
Validation fitness: 0.9122724829072918 
Elapsed: 2.7024731636047363

*** Epoch 1, batch 277/520 ***
Training fitness: 0.9084799608993157
Model size: (7, 12)
Validation fitness: 0.9142862065634606 
Elapsed: 2.614570379257202

*** Epoch 1, batch 278/520 ***
Training fitness: 0.921875
Model size: (7, 12)
Validation fitness: 0.9142862065634606 
Elapsed: 2.689378499984741

*** Epoch 1, batch 279/520 ***
Training fitness: 0.9444239744534513
Model size: (5, 11)
Validation fitness: 0.9036458364837144 
Elapsed: 2.6294493675231934

*** Epoch 1, batch 280/520 ***
Training fitness: 0.9075980392156863
Model size: (9, 11)
Validation fitness: 0.9122724829072918 
Elapsed: 2.700767755508423

*** Epoch 1, batch 281/520 ***
Training fitness: 0.9194159676918299
Model size: (10, 12)
Validation fitness: 0.9146718498800059 
Elapsed: 2.586493492126465

*** Epoch 1, batch 282/520 ***
Training fitness: 0.9375572239516572
Model size: (8, 14)
Validation fitness: 0.9157201042801376 
Elapsed: 2.464686870574951

*** Epoch 1, batch 283/520 ***
Training fitness: 0.9092191621174017
Model size: (9, 14)
Validation fitness: 0.9147308800043404 
Elapsed: 2.4666032791137695

*** Epoch 1, batch 284/520 ***
Training fitness: 0.9290992366412214
Model size: (10, 12)
Validation fitness: 0.9146718498800059 
Elapsed: 2.514038562774658

*** Epoch 1, batch 285/520 ***
Training fitness: 0.9211443242251972
Model size: (10, 12)
Validation fitness: 0.9146718498800059 
Elapsed: 2.5853219032287598

*** Epoch 1, batch 286/520 ***
Training fitness: 0.9151960784313726
Model size: (10, 12)
Validation fitness: 0.9146718498800059 
Elapsed: 2.647519826889038

*** Epoch 1, batch 287/520 ***
Training fitness: 0.9182384178721846
Model size: (9, 11)
Validation fitness: 0.9122724829072918 
Elapsed: 2.664647340774536

*** Epoch 1, batch 288/520 ***
Training fitness: 0.94024926686217
Model size: (9, 13)
Validation fitness: 0.9111133350892985 
Elapsed: 2.5425589084625244

*** Epoch 1, batch 289/520 ***
Training fitness: 0.9375572239516572
Model size: (9, 13)
Validation fitness: 0.9072802720243035 
Elapsed: 2.480926752090454

*** Epoch 1, batch 290/520 ***
Training fitness: 0.9250992366412214
Model size: (10, 12)
Validation fitness: 0.9146718498800059 
Elapsed: 2.4686450958251953

*** Epoch 1, batch 291/520 ***
Training fitness: 0.9348039215686273
Model size: (13, 16)
Validation fitness: 0.8707870628256119 
Elapsed: 2.2355008125305176

*** Epoch 1, batch 292/520 ***
Training fitness: 0.9293040293040293
Model size: (9, 13)
Validation fitness: 0.9072802720243035 
Elapsed: 2.391464948654175

*** Epoch 1, batch 293/520 ***
Training fitness: 0.9313316567502913
Model size: (7, 10)
Validation fitness: 0.8940962818811703 
Elapsed: 2.317243814468384

*** Epoch 1, batch 294/520 ***
Training fitness: 0.8923889406648028
Model size: (10, 15)
Validation fitness: 0.9062304962764557 
Elapsed: 2.453516721725464

*** Epoch 1, batch 295/520 ***
Training fitness: 0.9209290832715591
Model size: (9, 13)
Validation fitness: 0.9072802720243035 
Elapsed: 2.4851250648498535

*** Epoch 1, batch 296/520 ***
Training fitness: 0.9091496033942077
Model size: (9, 21)
Validation fitness: 0.9027056435951536 
Elapsed: 2.6397976875305176

*** Epoch 1, batch 297/520 ***
Training fitness: 0.9039039039039038
Model size: (9, 21)
Validation fitness: 0.9027056435951536 
Elapsed: 2.783951997756958

*** Epoch 1, batch 298/520 ***
Training fitness: 0.9336283185840708
Model size: (11, 16)
Validation fitness: 0.881746457688479 
Elapsed: 2.7869837284088135

*** Epoch 1, batch 299/520 ***
Training fitness: 0.940062893081761
Model size: (9, 22)
Validation fitness: 0.9018295306055751 
Elapsed: 2.8069090843200684

*** Epoch 1, batch 300/520 ***
Training fitness: 0.9064273942501374
Model size: (9, 13)
Validation fitness: 0.9072802720243035 
Elapsed: 2.803983211517334

*** Epoch 1, batch 301/520 ***
Training fitness: 0.9036567772690208
Model size: (11, 15)
Validation fitness: 0.8831577184843197 
Elapsed: 2.6029655933380127

*** Epoch 1, batch 302/520 ***
Training fitness: 0.9144672531769306
Model size: (12, 23)
Validation fitness: 0.906182280551549 
Elapsed: 2.7633070945739746

*** Epoch 1, batch 303/520 ***
Training fitness: 0.91545225358175
Model size: (12, 23)
Validation fitness: 0.9109985008309675 
Elapsed: 2.8168625831604004

*** Epoch 1, batch 304/520 ***
Training fitness: 0.9454922785814563
Model size: (13, 25)
Validation fitness: 0.9145943161349556 
Elapsed: 2.8918707370758057

*** Epoch 1, batch 305/520 ***
Training fitness: 0.8861319660623818
Model size: (13, 25)
Validation fitness: 0.9003009152464518 
Elapsed: 2.8754565715789795

*** Epoch 1, batch 306/520 ***
Training fitness: 0.91015625
Model size: (12, 18)
Validation fitness: 0.8914639195892581 
Elapsed: 2.739638090133667

*** Epoch 1, batch 307/520 ***
Training fitness: 0.9146617692072238
Model size: (9, 13)
Validation fitness: 0.9072802720243035 
Elapsed: 2.7225005626678467

*** Epoch 1, batch 308/520 ***
Training fitness: 0.9180553012268815
Model size: (12, 23)
Validation fitness: 0.9109985008309675 
Elapsed: 2.875272035598755

*** Epoch 1, batch 309/520 ***
Training fitness: 0.9368742368742369
Model size: (14, 28)
Validation fitness: 0.9125171082882474 
Elapsed: 2.933293104171753

*** Epoch 1, batch 310/520 ***
Training fitness: 0.9482843137254902
Model size: (9, 22)
Validation fitness: 0.9005140047389064 
Elapsed: 2.9439611434936523

*** Epoch 1, batch 311/520 ***
Training fitness: 0.9091581868640147
Model size: (14, 28)
Validation fitness: 0.9125171082882474 
Elapsed: 2.898489475250244

*** Epoch 1, batch 312/520 ***
Training fitness: 0.8945436750672865
Model size: (14, 28)
Validation fitness: 0.9125171082882474 
Elapsed: 2.888035535812378

*** Epoch 1, batch 313/520 ***
Training fitness: 0.9281832061068702
Model size: (9, 22)
Validation fitness: 0.9000095863235607 
Elapsed: 2.887784004211426

*** Epoch 1, batch 314/520 ***
Training fitness: 0.8902319902319903
Model size: (9, 13)
Validation fitness: 0.9072802720243035 
Elapsed: 2.668574810028076

*** Epoch 1, batch 315/520 ***
Training fitness: 0.9306091215182124
Model size: (14, 28)
Validation fitness: 0.9125171082882474 
Elapsed: 2.830003261566162

*** Epoch 1, batch 316/520 ***
Training fitness: 0.8858374384236454
Model size: (9, 22)
Validation fitness: 0.9000095863235607 
Elapsed: 2.8200814723968506

*** Epoch 1, batch 317/520 ***
Training fitness: 0.9316176470588236
Model size: (14, 28)
Validation fitness: 0.9125171082882474 
Elapsed: 2.7950539588928223

*** Epoch 1, batch 318/520 ***
Training fitness: 0.90234375
Model size: (14, 28)
Validation fitness: 0.9125171082882474 
Elapsed: 2.881890296936035

*** Epoch 1, batch 319/520 ***
Training fitness: 0.9516089412920657
Model size: (14, 28)
Validation fitness: 0.9125171082882474 
Elapsed: 2.8874948024749756

*** Epoch 1, batch 320/520 ***
Training fitness: 0.9343650599461708
Model size: (6, 9)
Validation fitness: 0.911483508315815 
Elapsed: 2.509201765060425

*** Epoch 1, batch 321/520 ***
Training fitness: 0.9170420420420421
Model size: (4, 7)
Validation fitness: 0.9133517691349342 
Elapsed: 2.663161516189575

*** Epoch 1, batch 322/520 ***
Training fitness: 0.9291819291819292
Model size: (7, 11)
Validation fitness: 0.9134698385483483 
Elapsed: 2.5827574729919434

*** Epoch 1, batch 323/520 ***
Training fitness: 0.9217556085335289
Model size: (14, 28)
Validation fitness: 0.891259325815676 
Elapsed: 2.777778387069702

*** Epoch 1, batch 324/520 ***
Training fitness: 0.9329178885630498
Model size: (7, 8)
Validation fitness: 0.9129741174762711 
Elapsed: 2.487799644470215

*** Epoch 1, batch 325/520 ***
Training fitness: 0.9129426129426129
Model size: (14, 28)
Validation fitness: 0.9125171082882474 
Elapsed: 2.7538058757781982

*** Epoch 1, batch 326/520 ***
Training fitness: 0.9068546664225112
Model size: (8, 14)
Validation fitness: 0.9199395163470645 
Elapsed: 2.4419565200805664

*** Epoch 1, batch 327/520 ***
Training fitness: 0.9516089412920657
Model size: (14, 19)
Validation fitness: 0.9103068741638316 
Elapsed: 2.4606213569641113

*** Epoch 1, batch 328/520 ***
Training fitness: 0.898859081097749
Model size: (8, 13)
Validation fitness: 0.9221352976681771 
Elapsed: 2.4710521697998047

*** Epoch 1, batch 329/520 ***
Training fitness: 0.9239050648397358
Model size: (8, 13)
Validation fitness: 0.9221352976681771 
Elapsed: 2.400129795074463

*** Epoch 1, batch 330/520 ***
Training fitness: 0.9056932966023875
Model size: (8, 13)
Validation fitness: 0.9221352976681771 
Elapsed: 2.4404802322387695

*** Epoch 1, batch 331/520 ***
Training fitness: 0.9305648854961832
Model size: (8, 13)
Validation fitness: 0.9221352976681771 
Elapsed: 2.574842929840088

*** Epoch 1, batch 332/520 ***
Training fitness: 0.9357282502443792
Model size: (8, 13)
Validation fitness: 0.9221352976681771 
Elapsed: 2.458195924758911

*** Epoch 1, batch 333/520 ***
Training fitness: 0.9308943089430894
Model size: (8, 13)
Validation fitness: 0.9221352976681771 
Elapsed: 2.524705410003662

*** Epoch 1, batch 334/520 ***
Training fitness: 0.9449507389162561
Model size: (8, 13)
Validation fitness: 0.9221352976681771 
Elapsed: 2.4311110973358154

*** Epoch 1, batch 335/520 ***
Training fitness: 0.8918192918192918
Model size: (16, 19)
Validation fitness: 0.9122700542497931 
Elapsed: 2.352008104324341

*** Epoch 1, batch 336/520 ***
Training fitness: 0.9018472906403942
Model size: (9, 14)
Validation fitness: 0.9144241909683635 
Elapsed: 2.3318264484405518

*** Epoch 1, batch 337/520 ***
Training fitness: 0.9246068455134135
Model size: (9, 14)
Validation fitness: 0.9144241909683635 
Elapsed: 2.2765583992004395

*** Epoch 1, batch 338/520 ***
Training fitness: 0.9186074943456201
Model size: (17, 21)
Validation fitness: 0.9095210339152396 
Elapsed: 2.2759106159210205

*** Epoch 1, batch 339/520 ***
Training fitness: 0.9276904101140918
Model size: (10, 16)
Validation fitness: 0.9093287667240563 
Elapsed: 2.219434976577759

*** Epoch 1, batch 340/520 ***
Training fitness: 0.9014941892639734
Model size: (16, 19)
Validation fitness: 0.9122700542497931 
Elapsed: 2.2512314319610596

*** Epoch 1, batch 341/520 ***
Training fitness: 0.9315542377069435
Model size: (18, 23)
Validation fitness: 0.9119047291735288 
Elapsed: 2.1941115856170654

*** Epoch 1, batch 342/520 ***
Training fitness: 0.9192786603692572
Model size: (8, 12)
Validation fitness: 0.9139265452997779 
Elapsed: 2.2113137245178223

*** Epoch 1, batch 343/520 ***
Training fitness: 0.9296875
Model size: (18, 23)
Validation fitness: 0.9119047291735288 
Elapsed: 2.1935410499572754

*** Epoch 1, batch 344/520 ***
Training fitness: 0.9042084658673843
Model size: (9, 14)
Validation fitness: 0.9141500459428681 
Elapsed: 2.224238395690918

*** Epoch 1, batch 345/520 ***
Training fitness: 0.9399926596525569
Model size: (8, 12)
Validation fitness: 0.9139265452997779 
Elapsed: 2.283892869949341

*** Epoch 1, batch 346/520 ***
Training fitness: 0.9188644688644689
Model size: (18, 23)
Validation fitness: 0.9119047291735288 
Elapsed: 2.252298593521118

*** Epoch 1, batch 347/520 ***
Training fitness: 0.9122678396871945
Model size: (18, 22)
Validation fitness: 0.9148389415159112 
Elapsed: 2.2128922939300537

*** Epoch 1, batch 348/520 ***
Training fitness: 0.9258295176566517
Model size: (18, 22)
Validation fitness: 0.9148389415159112 
Elapsed: 2.1992924213409424

*** Epoch 1, batch 349/520 ***
Training fitness: 0.9214896214896215
Model size: (18, 22)
Validation fitness: 0.9148389415159112 
Elapsed: 2.258173704147339

*** Epoch 1, batch 350/520 ***
Training fitness: 0.9042728773152393
Model size: (8, 13)
Validation fitness: 0.9163357185499393 
Elapsed: 2.321078300476074

*** Epoch 1, batch 351/520 ***
Training fitness: 0.9479857528862687
Model size: (8, 13)
Validation fitness: 0.9163357185499393 
Elapsed: 2.362265110015869

*** Epoch 1, batch 352/520 ***
Training fitness: 0.8729427659051829
Model size: (20, 25)
Validation fitness: 0.9152523815048841 
Elapsed: 2.214843511581421

*** Epoch 1, batch 353/520 ***
Training fitness: 0.9280275116678949
Model size: (8, 13)
Validation fitness: 0.9131465704881638 
Elapsed: 2.3132431507110596

*** Epoch 1, batch 354/520 ***
Training fitness: 0.9383816793893129
Model size: (21, 28)
Validation fitness: 0.9147135952947464 
Elapsed: 2.281607151031494

*** Epoch 1, batch 355/520 ***
Training fitness: 0.9426930596285434
Model size: (21, 28)
Validation fitness: 0.9147135952947464 
Elapsed: 2.2048604488372803

*** Epoch 1, batch 356/520 ***
Training fitness: 0.9401591674318948
Model size: (8, 14)
Validation fitness: 0.9167972734516209 
Elapsed: 2.277578353881836

*** Epoch 1, batch 357/520 ***
Training fitness: 0.8993760704673355
Model size: (7, 13)
Validation fitness: 0.8832246302895931 
Elapsed: 2.281923294067383

*** Epoch 1, batch 358/520 ***
Training fitness: 0.9283664122137405
Model size: (8, 14)
Validation fitness: 0.9167972734516209 
Elapsed: 2.339730739593506

*** Epoch 1, batch 359/520 ***
Training fitness: 0.9248533724340176
Model size: (17, 30)
Validation fitness: 0.9108592058674899 
Elapsed: 2.289802074432373

*** Epoch 1, batch 360/520 ***
Training fitness: 0.9404411764705882
Model size: (17, 30)
Validation fitness: 0.9108592058674899 
Elapsed: 2.394709348678589

*** Epoch 1, batch 361/520 ***
Training fitness: 0.9329160305343511
Model size: (9, 16)
Validation fitness: 0.9145334622263109 
Elapsed: 2.2648983001708984

*** Epoch 1, batch 362/520 ***
Training fitness: 0.9313677514069
Model size: (22, 30)
Validation fitness: 0.9232940422373782 
Elapsed: 2.329054355621338

*** Epoch 1, batch 363/520 ***
Training fitness: 0.8936235626883109
Model size: (21, 27)
Validation fitness: 0.9129533959871979 
Elapsed: 2.337588310241699

*** Epoch 1, batch 364/520 ***
Training fitness: 0.9026936026936027
Model size: (21, 27)
Validation fitness: 0.9129533959871979 
Elapsed: 2.3692550659179688

*** Epoch 1, batch 365/520 ***
Training fitness: 0.9261852124785065
Model size: (23, 32)
Validation fitness: 0.9252899771229628 !!!
Elapsed: 2.469838857650757

*** Epoch 1, batch 366/520 ***
Training fitness: 0.94024926686217
Model size: (23, 32)
Validation fitness: 0.9252899771229628 
Elapsed: 2.375439405441284

*** Epoch 1, batch 367/520 ***
Training fitness: 0.8836598913507905
Model size: (11, 14)
Validation fitness: 0.9071300526844547 
Elapsed: 2.298774003982544

*** Epoch 1, batch 368/520 ***
Training fitness: 0.8688725490196079
Model size: (11, 14)
Validation fitness: 0.9071300526844547 
Elapsed: 2.3553364276885986

*** Epoch 1, batch 369/520 ***
Training fitness: 0.9229548229548229
Model size: (11, 14)
Validation fitness: 0.9071300526844547 
Elapsed: 2.299987554550171

*** Epoch 1, batch 370/520 ***
Training fitness: 0.943662833374113
Model size: (11, 14)
Validation fitness: 0.9071300526844547 
Elapsed: 2.3284103870391846

*** Epoch 1, batch 371/520 ***
Training fitness: 0.9316959921798631
Model size: (11, 14)
Validation fitness: 0.9071300526844547 
Elapsed: 2.3456573486328125

*** Epoch 1, batch 372/520 ***
Training fitness: 0.8884297520661157
Model size: (8, 13)
Validation fitness: 0.8835949043283076 
Elapsed: 2.302250385284424

*** Epoch 1, batch 373/520 ***
Training fitness: 0.8956500488758553
Model size: (9, 16)
Validation fitness: 0.8825506915808434 
Elapsed: 2.2468855381011963

*** Epoch 1, batch 374/520 ***
Training fitness: 0.9060413156088123
Model size: (8, 12)
Validation fitness: 0.8822045758106812 
Elapsed: 2.356370210647583

*** Epoch 1, batch 375/520 ***
Training fitness: 0.9037705723409482
Model size: (8, 16)
Validation fitness: 0.8842077875040164 
Elapsed: 2.208280086517334

*** Epoch 1, batch 376/520 ***
Training fitness: 0.906158357771261
Model size: (7, 12)
Validation fitness: 0.8930853279943193 
Elapsed: 2.3235230445861816

*** Epoch 1, batch 377/520 ***
Training fitness: 0.9103004838298956
Model size: (12, 21)
Validation fitness: 0.9061590295927792 
Elapsed: 2.2031054496765137

*** Epoch 1, batch 378/520 ***
Training fitness: 0.9139351767075626
Model size: (12, 21)
Validation fitness: 0.9077181727184229 
Elapsed: 2.4531092643737793

*** Epoch 1, batch 379/520 ***
Training fitness: 0.9263125763125762
Model size: (7, 13)
Validation fitness: 0.9030619688915552 
Elapsed: 2.184572696685791

*** Epoch 1, batch 380/520 ***
Training fitness: 0.9172771672771672
Model size: (7, 13)
Validation fitness: 0.9022999844749215 
Elapsed: 2.1692211627960205

*** Epoch 1, batch 381/520 ***
Training fitness: 0.903799740082926
Model size: (7, 13)
Validation fitness: 0.9022999844749215 
Elapsed: 2.276447057723999

*** Epoch 1, batch 382/520 ***
Training fitness: 0.9088818008955406
Model size: (12, 21)
Validation fitness: 0.9033086196812171 
Elapsed: 2.4275665283203125

*** Epoch 1, batch 383/520 ***
Training fitness: 0.944915254237288
Model size: (7, 12)
Validation fitness: 0.8930853279943193 
Elapsed: 2.2843234539031982

*** Epoch 1, batch 384/520 ***
Training fitness: 0.931193506733075
Model size: (12, 21)
Validation fitness: 0.9033086196812171 
Elapsed: 2.505070686340332

*** Epoch 1, batch 385/520 ***
Training fitness: 0.9027120782087669
Model size: (12, 21)
Validation fitness: 0.9033086196812171 
Elapsed: 2.5161163806915283

*** Epoch 1, batch 386/520 ***
Training fitness: 0.9218091924555941
Model size: (12, 21)
Validation fitness: 0.9033086196812171 
Elapsed: 2.391911268234253

*** Epoch 1, batch 387/520 ***
Training fitness: 0.90234375
Model size: (8, 10)
Validation fitness: 0.884909926133986 
Elapsed: 2.0692715644836426

*** Epoch 1, batch 388/520 ***
Training fitness: 0.8874355195283714
Model size: (8, 13)
Validation fitness: 0.9068990736092178 
Elapsed: 2.3221957683563232

*** Epoch 1, batch 389/520 ***
Training fitness: 0.9261852124785065
Model size: (8, 13)
Validation fitness: 0.9068990736092178 
Elapsed: 2.336930513381958

*** Epoch 1, batch 390/520 ***
Training fitness: 0.897759873039126
Model size: (8, 13)
Validation fitness: 0.9068990736092178 
Elapsed: 2.322009563446045

*** Epoch 1, batch 391/520 ***
Training fitness: 0.9160557184750733
Model size: (8, 13)
Validation fitness: 0.9068990736092178 
Elapsed: 2.441457509994507

*** Epoch 1, batch 392/520 ***
Training fitness: 0.9054396930503125
Model size: (15, 29)
Validation fitness: 0.8855531354518192 
Elapsed: 2.583564281463623

*** Epoch 1, batch 393/520 ***
Training fitness: 0.9152454306497951
Model size: (12, 15)
Validation fitness: 0.879874347676343 
Elapsed: 2.218010902404785

*** Epoch 1, batch 394/520 ***
Training fitness: 0.9085496183206107
Model size: (9, 13)
Validation fitness: 0.9067771641675323 
Elapsed: 2.3151543140411377

*** Epoch 1, batch 395/520 ***
Training fitness: 0.8814407814407815
Model size: (13, 26)
Validation fitness: 0.8841903011700264 
Elapsed: 2.5065672397613525

*** Epoch 1, batch 396/520 ***
Training fitness: 0.9149509803921568
Model size: (14, 17)
Validation fitness: 0.8756450285197709 
Elapsed: 2.304941415786743

*** Epoch 1, batch 397/520 ***
Training fitness: 0.9215039980467558
Model size: (9, 13)
Validation fitness: 0.9067771641675323 
Elapsed: 2.3975555896759033

*** Epoch 1, batch 398/520 ***
Training fitness: 0.9367521367521369
Model size: (9, 13)
Validation fitness: 0.9067771641675323 
Elapsed: 2.4602177143096924

*** Epoch 1, batch 399/520 ***
Training fitness: 0.9408424908424908
Model size: (9, 13)
Validation fitness: 0.9067771641675323 
Elapsed: 2.421159505844116

*** Epoch 1, batch 400/520 ***
Training fitness: 0.890625
Model size: (9, 13)
Validation fitness: 0.9067771641675323 
Elapsed: 2.4534833431243896

*** Epoch 1, batch 401/520 ***
Training fitness: 0.9230698697964423
Model size: (15, 19)
Validation fitness: 0.8816902503056901 
Elapsed: 2.314284086227417

*** Epoch 1, batch 402/520 ***
Training fitness: 0.8857815269882022
Model size: (9, 11)
Validation fitness: 0.9064808862821909 
Elapsed: 2.215853214263916

*** Epoch 1, batch 403/520 ***
Training fitness: 0.9201056251535249
Model size: (9, 13)
Validation fitness: 0.9067771641675323 
Elapsed: 2.3228039741516113

*** Epoch 1, batch 404/520 ***
Training fitness: 0.9382173382173381
Model size: (10, 14)
Validation fitness: 0.8942510469346768 
Elapsed: 2.4459171295166016

*** Epoch 1, batch 405/520 ***
Training fitness: 0.9181930311440025
Model size: (9, 13)
Validation fitness: 0.9067771641675323 
Elapsed: 2.3594980239868164

*** Epoch 1, batch 406/520 ***
Training fitness: 0.9207469894247815
Model size: (9, 13)
Validation fitness: 0.9067771641675323 
Elapsed: 2.3658382892608643

*** Epoch 1, batch 407/520 ***
Training fitness: 0.9188644688644689
Model size: (9, 13)
Validation fitness: 0.9067771641675323 
Elapsed: 2.2834978103637695

*** Epoch 1, batch 408/520 ***
Training fitness: 0.8848646005257045
Model size: (10, 14)
Validation fitness: 0.8942510469346768 
Elapsed: 2.3592514991760254

*** Epoch 1, batch 409/520 ***
Training fitness: 0.9025423728813559
Model size: (11, 17)
Validation fitness: 0.8851741640698361 
Elapsed: 2.303100109100342

*** Epoch 1, batch 410/520 ***
Training fitness: 0.9134803921568627
Model size: (9, 13)
Validation fitness: 0.9067771641675323 
Elapsed: 2.4159011840820312

*** Epoch 1, batch 411/520 ***
Training fitness: 0.9291943011545074
Model size: (9, 13)
Validation fitness: 0.9067771641675323 
Elapsed: 2.314798593521118

*** Epoch 1, batch 412/520 ***
Training fitness: 0.88448784082535
Model size: (9, 13)
Validation fitness: 0.8898543337056053 
Elapsed: 2.2672173976898193

*** Epoch 1, batch 413/520 ***
Training fitness: 0.9039408866995073
Model size: (6, 10)
Validation fitness: 0.8709519365931598 
Elapsed: 2.1750082969665527

*** Epoch 1, batch 414/520 ***
Training fitness: 0.9102941176470588
Model size: (8, 12)
Validation fitness: 0.8846246642724686 
Elapsed: 2.1592910289764404

*** Epoch 1, batch 415/520 ***
Training fitness: 0.9084799608993157
Model size: (8, 12)
Validation fitness: 0.8885520417311177 
Elapsed: 2.195472478866577

*** Epoch 1, batch 416/520 ***
Training fitness: 0.8973313565604151
Model size: (13, 21)
Validation fitness: 0.8820256524886224 
Elapsed: 2.2398931980133057

*** Epoch 1, batch 417/520 ***
Training fitness: 0.9152709359605912
Model size: (8, 13)
Validation fitness: 0.8877415391529833 
Elapsed: 1.9926040172576904

*** Epoch 1, batch 418/520 ***
Training fitness: 0.8785455929944794
Model size: (15, 21)
Validation fitness: 0.8831714564374913 
Elapsed: 2.049501419067383

*** Epoch 1, batch 419/520 ***
Training fitness: 0.920719724883321
Model size: (9, 11)
Validation fitness: 0.8903316519691648 
Elapsed: 2.0780279636383057

*** Epoch 1, batch 420/520 ***
Training fitness: 0.9261904761904762
Model size: (9, 14)
Validation fitness: 0.8869553964677971 
Elapsed: 2.0590877532958984

*** Epoch 1, batch 421/520 ***
Training fitness: 0.9126344086021506
Model size: (8, 12)
Validation fitness: 0.8855539419494036 
Elapsed: 2.1888163089752197

*** Epoch 1, batch 422/520 ***
Training fitness: 0.8986796258940033
Model size: (10, 12)
Validation fitness: 0.8860280342226252 
Elapsed: 2.2425930500030518

*** Epoch 1, batch 423/520 ***
Training fitness: 0.9227731864095501
Model size: (10, 16)
Validation fitness: 0.8860409748429575 
Elapsed: 2.2018558979034424

*** Epoch 1, batch 424/520 ***
Training fitness: 0.8985198889916745
Model size: (11, 16)
Validation fitness: 0.8837757522468748 
Elapsed: 2.15997052192688

*** Epoch 1, batch 425/520 ***
Training fitness: 0.8701507289350136
Model size: (10, 15)
Validation fitness: 0.886129927860624 
Elapsed: 2.262941837310791

*** Epoch 1, batch 426/520 ***
Training fitness: 0.90234375
Model size: (11, 16)
Validation fitness: 0.8837757522468748 
Elapsed: 2.1639742851257324

*** Epoch 1, batch 427/520 ***
Training fitness: 0.8868123027415062
Model size: (9, 13)
Validation fitness: 0.8880307418549701 
Elapsed: 2.2688510417938232

*** Epoch 1, batch 428/520 ***
Training fitness: 0.8912087912087912
Model size: (12, 17)
Validation fitness: 0.8848260320557129 
Elapsed: 2.1327176094055176

*** Epoch 1, batch 429/520 ***
Training fitness: 0.9283664122137405
Model size: (18, 29)
Validation fitness: 0.8847775047294668 
Elapsed: 2.2887301445007324

*** Epoch 1, batch 430/520 ***
Training fitness: 0.8784579525240752
Model size: (8, 12)
Validation fitness: 0.890033550299513 
Elapsed: 2.2737650871276855

*** Epoch 1, batch 431/520 ***
Training fitness: 0.8958677685950414
Model size: (11, 16)
Validation fitness: 0.8802125817655663 
Elapsed: 2.2999026775360107

*** Epoch 1, batch 432/520 ***
Training fitness: 0.8638365549302667
Model size: (16, 23)
Validation fitness: 0.8743600304196224 
Elapsed: 2.3036561012268066

*** Epoch 1, batch 433/520 ***
Training fitness: 0.8920298879202989
Model size: (17, 25)
Validation fitness: 0.8826903897931132 
Elapsed: 2.2411434650421143

*** Epoch 1, batch 434/520 ***
Training fitness: 0.8953300124533001
Model size: (12, 21)
Validation fitness: 0.8851051260436583 
Elapsed: 2.292130947113037

*** Epoch 1, batch 435/520 ***
Training fitness: 0.912878787878788
Model size: (19, 31)
Validation fitness: 0.8841097338942892 
Elapsed: 2.2822999954223633

*** Epoch 1, batch 436/520 ***
Training fitness: 0.8814508723599633
Model size: (9, 13)
Validation fitness: 0.8853367099920835 
Elapsed: 2.1198534965515137

*** Epoch 1, batch 437/520 ***
Training fitness: 0.8701460080770426
Model size: (15, 22)
Validation fitness: 0.8739839917561283 
Elapsed: 2.1289491653442383

*** Epoch 1, batch 438/520 ***
Training fitness: 0.9088235294117647
Model size: (11, 16)
Validation fitness: 0.8802739397352012 
Elapsed: 2.169529914855957

*** Epoch 1, batch 439/520 ***
Training fitness: 0.9074209915031481
Model size: (10, 16)
Validation fitness: 0.8855533370762153 
Elapsed: 2.1851747035980225

*** Epoch 1, batch 440/520 ***
Training fitness: 0.8831530044623754
Model size: (9, 15)
Validation fitness: 0.8876106299314348 
Elapsed: 2.1398489475250244

*** Epoch 1, batch 441/520 ***
Training fitness: 0.8939393939393939
Model size: (9, 18)
Validation fitness: 0.8850015094335473 
Elapsed: 2.175323486328125

*** Epoch 1, batch 442/520 ***
Training fitness: 0.8974358974358975
Model size: (15, 19)
Validation fitness: 0.8854080758635618 
Elapsed: 2.021146774291992

*** Epoch 1, batch 443/520 ***
Training fitness: 0.908
Model size: (7, 14)
Validation fitness: 0.8802436135930769 
Elapsed: 2.1436305046081543

*** Epoch 1, batch 444/520 ***
Training fitness: 0.9319999999999999
Model size: (8, 13)
Validation fitness: 0.8890437211505274 
Elapsed: 2.1822893619537354

*** Epoch 1, batch 445/520 ***
Training fitness: 0.8933531746031745
Model size: (12, 19)
Validation fitness: 0.8762640795690517 
Elapsed: 1.955798625946045

*** Epoch 1, batch 446/520 ***
Training fitness: 0.90234375
Model size: (15, 20)
Validation fitness: 0.8830228684223019 
Elapsed: 1.9788792133331299

*** Epoch 1, batch 447/520 ***
Training fitness: 0.9439655172413793
Model size: (6, 14)
Validation fitness: 0.8862486021472264 
Elapsed: 2.123755931854248

*** Epoch 1, batch 448/520 ***
Training fitness: 0.9329048056320783
Model size: (12, 19)
Validation fitness: 0.8889623473772057 
Elapsed: 2.019458532333374

*** Epoch 1, batch 449/520 ***
Training fitness: 0.8901634289238359
Model size: (8, 15)
Validation fitness: 0.8900326429897305 
Elapsed: 2.24084734916687

*** Epoch 1, batch 450/520 ***
Training fitness: 0.8940059818104132
Model size: (8, 15)
Validation fitness: 0.8865555019723448 
Elapsed: 2.307840347290039

*** Epoch 1, batch 451/520 ***
Training fitness: 0.9077468230694037
Model size: (15, 17)
Validation fitness: 0.8884947254141503 
Elapsed: 2.1259641647338867

*** Epoch 1, batch 452/520 ***
Training fitness: 0.9171626984126983
Model size: (9, 17)
Validation fitness: 0.9079237837787308 
Elapsed: 2.3795440196990967

*** Epoch 1, batch 453/520 ***
Training fitness: 0.8908866995073891
Model size: (8, 15)
Validation fitness: 0.8857130510921718 
Elapsed: 2.4933907985687256

*** Epoch 1, batch 454/520 ***
Training fitness: 0.9232982982982983
Model size: (9, 17)
Validation fitness: 0.9079237837787308 
Elapsed: 2.4505414962768555

*** Epoch 1, batch 455/520 ***
Training fitness: 0.8994379276637341
Model size: (9, 18)
Validation fitness: 0.9045747109118573 
Elapsed: 2.437592029571533

*** Epoch 1, batch 456/520 ***
Training fitness: 0.9161810709685333
Model size: (9, 17)
Validation fitness: 0.9079237837787308 
Elapsed: 2.4110169410705566

*** Epoch 1, batch 457/520 ***
Training fitness: 0.9301470588235294
Model size: (14, 21)
Validation fitness: 0.88071083230734 
Elapsed: 2.1371171474456787

*** Epoch 1, batch 458/520 ***
Training fitness: 0.9120234604105573
Model size: (10, 19)
Validation fitness: 0.8887184276816366 
Elapsed: 2.2744240760803223

*** Epoch 1, batch 459/520 ***
Training fitness: 0.9147516679021497
Model size: (9, 17)
Validation fitness: 0.9079237837787308 
Elapsed: 2.5578842163085938

*** Epoch 1, batch 460/520 ***
Training fitness: 0.9164979757085021
Model size: (8, 12)
Validation fitness: 0.8823719698831806 
Elapsed: 2.272327184677124

*** Epoch 1, batch 461/520 ***
Training fitness: 0.8893772893772894
Model size: (14, 24)
Validation fitness: 0.8803011315344405 
Elapsed: 2.1890268325805664

*** Epoch 1, batch 462/520 ***
Training fitness: 0.8797228834767747
Model size: (14, 24)
Validation fitness: 0.8803011315344405 
Elapsed: 2.1665616035461426

*** Epoch 1, batch 463/520 ***
Training fitness: 0.8843711843711843
Model size: (10, 19)
Validation fitness: 0.8887184276816366 
Elapsed: 2.2851109504699707

*** Epoch 1, batch 464/520 ***
Training fitness: 0.8820512820512821
Model size: (8, 11)
Validation fitness: 0.8775189623162171 
Elapsed: 2.327242851257324

*** Epoch 1, batch 465/520 ***
Training fitness: 0.89453125
Model size: (8, 11)
Validation fitness: 0.8775189623162171 
Elapsed: 2.289314031600952

*** Epoch 1, batch 466/520 ***
Training fitness: 0.8966141201005949
Model size: (9, 18)
Validation fitness: 0.8825195589411347 
Elapsed: 2.2541582584381104

*** Epoch 1, batch 467/520 ***
Training fitness: 0.8921065493646139
Model size: (10, 19)
Validation fitness: 0.8887184276816366 
Elapsed: 2.256871461868286

*** Epoch 1, batch 468/520 ***
Training fitness: 0.9219479243429133
Model size: (9, 14)
Validation fitness: 0.8782889292259878 
Elapsed: 2.359302043914795

*** Epoch 1, batch 469/520 ***
Training fitness: 0.9282657864172627
Model size: (10, 20)
Validation fitness: 0.901910803566699 
Elapsed: 2.2209272384643555

*** Epoch 1, batch 470/520 ***
Training fitness: 0.9213235294117647
Model size: (10, 20)
Validation fitness: 0.9056484433038613 
Elapsed: 2.254626512527466

*** Epoch 1, batch 471/520 ***
Training fitness: 0.9403596770247126
Model size: (11, 23)
Validation fitness: 0.9075563324815619 
Elapsed: 2.189399003982544

*** Epoch 1, batch 472/520 ***
Training fitness: 0.9104642593957258
Model size: (11, 23)
Validation fitness: 0.9075563324815619 
Elapsed: 2.1777074337005615

*** Epoch 1, batch 473/520 ***
Training fitness: 0.897908000978713
Model size: (9, 13)
Validation fitness: 0.8851368635565553 
Elapsed: 2.2401413917541504

*** Epoch 1, batch 474/520 ***
Training fitness: 0.9060001220777636
Model size: (11, 15)
Validation fitness: 0.8812610469548392 
Elapsed: 2.1079928874969482

*** Epoch 1, batch 475/520 ***
Training fitness: 0.8974656488549618
Model size: (11, 13)
Validation fitness: 0.8907882579083962 
Elapsed: 2.2330596446990967

*** Epoch 1, batch 476/520 ***
Training fitness: 0.8913507904535188
Model size: (13, 19)
Validation fitness: 0.890121495195199 
Elapsed: 2.191493272781372

*** Epoch 1, batch 477/520 ***
Training fitness: 0.943724002936139
Model size: (11, 10)
Validation fitness: 0.9063593800892976 
Elapsed: 2.2425243854522705

*** Epoch 1, batch 478/520 ***
Training fitness: 0.9196423045980568
Model size: (11, 10)
Validation fitness: 0.9063593800892976 
Elapsed: 2.2524709701538086

*** Epoch 1, batch 479/520 ***
Training fitness: 0.922623434045689
Model size: (11, 10)
Validation fitness: 0.9081751819064466 
Elapsed: 2.2132256031036377

*** Epoch 1, batch 480/520 ***
Training fitness: 0.9268519091527941
Model size: (11, 10)
Validation fitness: 0.9063593800892976 
Elapsed: 2.248689889907837

*** Epoch 1, batch 481/520 ***
Training fitness: 0.9090686274509804
Model size: (11, 10)
Validation fitness: 0.9063593800892976 
Elapsed: 2.372713327407837

*** Epoch 1, batch 482/520 ***
Training fitness: 0.8937118437118438
Model size: (11, 10)
Validation fitness: 0.9063593800892976 
Elapsed: 2.2954370975494385

*** Epoch 1, batch 483/520 ***
Training fitness: 0.9284313725490196
Model size: (11, 10)
Validation fitness: 0.9063593800892976 
Elapsed: 2.1272573471069336

*** Epoch 1, batch 484/520 ***
Training fitness: 0.9031145038167939
Model size: (11, 10)
Validation fitness: 0.9063593800892976 
Elapsed: 2.194761037826538

*** Epoch 1, batch 485/520 ***
Training fitness: 0.9444580376804502
Model size: (11, 10)
Validation fitness: 0.9063593800892976 
Elapsed: 2.257303237915039

*** Epoch 1, batch 486/520 ***
Training fitness: 0.922536945812808
Model size: (11, 10)
Validation fitness: 0.9063593800892976 
Elapsed: 2.1498682498931885

*** Epoch 1, batch 487/520 ***
Training fitness: 0.9276820217137949
Model size: (8, 16)
Validation fitness: 0.894329891238302 
Elapsed: 2.384982109069824

*** Epoch 1, batch 488/520 ***
Training fitness: 0.9481714850506548
Model size: (11, 10)
Validation fitness: 0.9135094669069297 
Elapsed: 2.090686082839966

*** Epoch 1, batch 489/520 ***
Training fitness: 0.9601174455590898
Model size: (12, 13)
Validation fitness: 0.9092800469381594 
Elapsed: 2.1702351570129395

*** Epoch 1, batch 490/520 ***
Training fitness: 0.8872976338729764
Model size: (12, 13)
Validation fitness: 0.9092800469381594 
Elapsed: 2.2026724815368652

*** Epoch 1, batch 491/520 ***
Training fitness: 0.9281910009182737
Model size: (16, 22)
Validation fitness: 0.9113509860990977 
Elapsed: 2.2958123683929443

*** Epoch 1, batch 492/520 ***
Training fitness: 0.9179118243866445
Model size: (8, 16)
Validation fitness: 0.894329891238302 
Elapsed: 2.4103734493255615

*** Epoch 1, batch 493/520 ***
Training fitness: 0.9198589021597872
Model size: (13, 14)
Validation fitness: 0.9195961316709952 
Elapsed: 2.3721907138824463

*** Epoch 1, batch 494/520 ***
Training fitness: 0.9404936461388074
Model size: (16, 23)
Validation fitness: 0.9069649864572559 
Elapsed: 2.3088459968566895

*** Epoch 1, batch 495/520 ***
Training fitness: 0.9103764921946741
Model size: (14, 14)
Validation fitness: 0.9125586520785918 
Elapsed: 2.315451145172119

*** Epoch 1, batch 496/520 ***
Training fitness: 0.9375615763546798
Model size: (14, 14)
Validation fitness: 0.9125586520785918 
Elapsed: 2.3076469898223877

*** Epoch 1, batch 497/520 ***
Training fitness: 0.9193104713002017
Model size: (14, 14)
Validation fitness: 0.9125586520785918 
Elapsed: 2.251270055770874

*** Epoch 1, batch 498/520 ***
Training fitness: 0.9177106362073201
Model size: (10, 17)
Validation fitness: 0.8960448075394326 
Elapsed: 2.441784143447876

*** Epoch 1, batch 499/520 ***
Training fitness: 0.9032642582064918
Model size: (16, 22)
Validation fitness: 0.9105201652806821 
Elapsed: 2.3555026054382324

*** Epoch 1, batch 500/520 ***
Training fitness: 0.9172851622400785
Model size: (16, 22)
Validation fitness: 0.9105201652806821 
Elapsed: 2.272747755050659

*** Epoch 1, batch 501/520 ***
Training fitness: 0.8786042240587695
Model size: (10, 17)
Validation fitness: 0.8960448075394326 
Elapsed: 2.5518877506256104

*** Epoch 1, batch 502/520 ***
Training fitness: 0.9138502116174938
Model size: (10, 17)
Validation fitness: 0.8960448075394326 
Elapsed: 2.5207605361938477

*** Epoch 1, batch 503/520 ***
Training fitness: 0.9291044776119403
Model size: (23, 34)
Validation fitness: 0.886068569890989 
Elapsed: 2.240813970565796

*** Epoch 1, batch 504/520 ***
Training fitness: 0.8791871921182267
Model size: (10, 17)
Validation fitness: 0.8960448075394326 
Elapsed: 2.443753480911255

*** Epoch 1, batch 505/520 ***
Training fitness: 0.9152175258369949
Model size: (10, 17)
Validation fitness: 0.8960448075394326 
Elapsed: 2.5847768783569336

*** Epoch 1, batch 506/520 ***
Training fitness: 0.8877289377289377
Model size: (10, 17)
Validation fitness: 0.8960448075394326 
Elapsed: 2.506270170211792

*** Epoch 1, batch 507/520 ***
Training fitness: 0.9372501998401278
Model size: (9, 13)
Validation fitness: 0.9032348251522402 
Elapsed: 2.3331735134124756

*** Epoch 1, batch 508/520 ***
Training fitness: 0.8713235294117647
Model size: (13, 20)
Validation fitness: 0.881900810328448 
Elapsed: 2.417471408843994

*** Epoch 1, batch 509/520 ***
Training fitness: 0.8833088954056696
Model size: (13, 13)
Validation fitness: 0.8836187601602657 
Elapsed: 2.3170132637023926

*** Epoch 1, batch 510/520 ***
Training fitness: 0.8997117095013188
Model size: (12, 12)
Validation fitness: 0.8801717436606082 
Elapsed: 2.208498001098633

*** Epoch 1, batch 511/520 ***
Training fitness: 0.88131915153738
Model size: (7, 11)
Validation fitness: 0.8666181943288922 
Elapsed: 2.4595072269439697

*** Epoch 1, batch 512/520 ***
Training fitness: 0.91015625
Model size: (11, 12)
Validation fitness: 0.8821717201988604 
Elapsed: 2.2437021732330322

*** Epoch 1, batch 513/520 ***
Training fitness: 0.91797161732322
Model size: (15, 22)
Validation fitness: 0.9052504734049174 
Elapsed: 2.3813061714172363

*** Epoch 1, batch 514/520 ***
Training fitness: 0.9484236302418121
Model size: (15, 21)
Validation fitness: 0.9099885550660971 
Elapsed: 2.3417809009552

*** Epoch 1, batch 515/520 ***
Training fitness: 0.9259903558566808
Model size: (15, 23)
Validation fitness: 0.9153271841558418 
Elapsed: 2.370327949523926

*** Epoch 1, batch 516/520 ***
Training fitness: 0.9107927470759329
Model size: (15, 23)
Validation fitness: 0.9153271841558418 
Elapsed: 2.3332154750823975

*** Epoch 1, batch 517/520 ***
Training fitness: 0.906367968314871
Model size: (15, 23)
Validation fitness: 0.9153271841558418 
Elapsed: 4.189316272735596

*** Epoch 1, batch 518/520 ***
Training fitness: 0.9329059829059829
Model size: (13, 19)
Validation fitness: 0.9127815478484935 
Elapsed: 4.391947031021118

*** Epoch 1, batch 519/520 ***
Training fitness: 0.9289687633718443
Model size: (13, 19)
Validation fitness: 0.9127815478484935 
Elapsed: 4.376543998718262

*** Epoch 1, batch 520/520 ***
Training fitness: 0.9056199596774194
Model size: (14, 21)
Validation fitness: 0.9135946807085228 
Elapsed: 4.5824644565582275

Total train time: 1252.7452964782715
Test time: 0.42207956314086914
Test fitness: 0.9267428487215645
Test statistics: Stats(total=14791, total_true=7158, total_false=7633, true_positive=6324, true_negative=7404, false_positive=229, false_negative=834, tpr=0.8834870075440067, tnr=0.9699986898991222, ppv=0.9650541736609186, npv=0.898761835396941, accuracy=0.9281319721452235, f1=0.9224710086791628, mcc=0.8586353177882258)
