Configuration:
Dataset: nsl_kdd
Selector: pca
Fitness: mcc
Batch size: 1024
Epochs: 1
Config args: {}
*** Epoch 1, batch 1/116 ***
Training fitness: 0.7679642319676656
Model size: (1, 12)
Validation fitness: 0.7473197582869291 !!!
Elapsed: 6.194244623184204

*** Epoch 1, batch 2/116 ***
Training fitness: 0.8143213374044967
Model size: (1, 12)
Validation fitness: 0.8064637450423067 !!!
Elapsed: 6.279784679412842

*** Epoch 1, batch 3/116 ***
Training fitness: 0.8152584383174531
Model size: (1, 12)
Validation fitness: 0.8064637450423067 
Elapsed: 6.412567377090454

*** Epoch 1, batch 4/116 ***
Training fitness: 0.8570086483331977
Model size: (1, 12)
Validation fitness: 0.8318605803828117 !!!
Elapsed: 6.39970326423645

*** Epoch 1, batch 5/116 ***
Training fitness: 0.8346674933987592
Model size: (3, 15)
Validation fitness: 0.8183175390668396 
Elapsed: 6.516830682754517

*** Epoch 1, batch 6/116 ***
Training fitness: 0.8243551077751109
Model size: (3, 13)
Validation fitness: 0.826537737314026 
Elapsed: 6.741166591644287

*** Epoch 1, batch 7/116 ***
Training fitness: 0.8151056671519397
Model size: (3, 13)
Validation fitness: 0.826537737314026 
Elapsed: 6.659926652908325

*** Epoch 1, batch 8/116 ***
Training fitness: 0.8758256869403402
Model size: (3, 13)
Validation fitness: 0.826537737314026 
Elapsed: 6.958280086517334

*** Epoch 1, batch 9/116 ***
Training fitness: 0.8608814570897865
Model size: (3, 12)
Validation fitness: 0.8417894510188785 !!!
Elapsed: 7.172207832336426

*** Epoch 1, batch 10/116 ***
Training fitness: 0.8592146602451252
Model size: (3, 12)
Validation fitness: 0.8417894510188785 
Elapsed: 7.409054756164551

*** Epoch 1, batch 11/116 ***
Training fitness: 0.8599814780507169
Model size: (4, 12)
Validation fitness: 0.8236266160509216 
Elapsed: 7.262565612792969

*** Epoch 1, batch 12/116 ***
Training fitness: 0.8473434964811942
Model size: (7, 16)
Validation fitness: 0.8392493104964628 
Elapsed: 7.522861957550049

*** Epoch 1, batch 13/116 ***
Training fitness: 0.8283871884138996
Model size: (3, 12)
Validation fitness: 0.8417894510188785 
Elapsed: 7.496954441070557

*** Epoch 1, batch 14/116 ***
Training fitness: 0.8412308477101166
Model size: (3, 12)
Validation fitness: 0.8510996432042348 !!!
Elapsed: 7.9026830196380615

*** Epoch 1, batch 15/116 ***
Training fitness: 0.8413103590405039
Model size: (3, 12)
Validation fitness: 0.8510996432042348 
Elapsed: 7.50095272064209

*** Epoch 1, batch 16/116 ***
Training fitness: 0.8379101845994537
Model size: (7, 13)
Validation fitness: 0.8288055097426582 
Elapsed: 7.49886679649353

*** Epoch 1, batch 17/116 ***
Training fitness: 0.8656443072818739
Model size: (3, 12)
Validation fitness: 0.8510996432042348 
Elapsed: 7.217768430709839

*** Epoch 1, batch 18/116 ***
Training fitness: 0.877562934063409
Model size: (3, 12)
Validation fitness: 0.8510996432042348 
Elapsed: 7.508001327514648

*** Epoch 1, batch 19/116 ***
Training fitness: 0.8704050689671681
Model size: (3, 12)
Validation fitness: 0.8510996432042348 
Elapsed: 7.306801795959473

*** Epoch 1, batch 20/116 ***
Training fitness: 0.8626453476346171
Model size: (3, 10)
Validation fitness: 0.837734053402771 
Elapsed: 7.478203773498535

*** Epoch 1, batch 21/116 ***
Training fitness: 0.8598003390293409
Model size: (6, 16)
Validation fitness: 0.850455478650142 
Elapsed: 7.3835108280181885

*** Epoch 1, batch 22/116 ***
Training fitness: 0.8655725852298128
Model size: (6, 16)
Validation fitness: 0.850455478650142 
Elapsed: 7.6157066822052

*** Epoch 1, batch 23/116 ***
Training fitness: 0.8450182329651935
Model size: (5, 14)
Validation fitness: 0.843832026079456 
Elapsed: 7.311344385147095

*** Epoch 1, batch 24/116 ***
Training fitness: 0.8683698764253648
Model size: (4, 13)
Validation fitness: 0.856068328852177 !!!
Elapsed: 7.334136486053467

*** Epoch 1, batch 25/116 ***
Training fitness: 0.8381423447672808
Model size: (4, 9)
Validation fitness: 0.8345358886660883 
Elapsed: 7.244152545928955

*** Epoch 1, batch 26/116 ***
Training fitness: 0.8708139202618012
Model size: (4, 13)
Validation fitness: 0.8647299715857737 !!!
Elapsed: 7.311758279800415

*** Epoch 1, batch 27/116 ***
Training fitness: 0.8730394531135716
Model size: (2, 7)
Validation fitness: 0.8363144616150936 
Elapsed: 7.162456750869751

*** Epoch 1, batch 28/116 ***
Training fitness: 0.8556219886941161
Model size: (4, 13)
Validation fitness: 0.8647299715857737 
Elapsed: 7.318445682525635

*** Epoch 1, batch 29/116 ***
Training fitness: 0.8815295805054172
Model size: (4, 13)
Validation fitness: 0.8647299715857737 
Elapsed: 7.490414619445801

*** Epoch 1, batch 30/116 ***
Training fitness: 0.8764558760633137
Model size: (4, 13)
Validation fitness: 0.8647299715857737 
Elapsed: 7.656247138977051

*** Epoch 1, batch 31/116 ***
Training fitness: 0.8785710853403363
Model size: (5, 14)
Validation fitness: 0.8508805682506174 
Elapsed: 7.453906536102295

*** Epoch 1, batch 32/116 ***
Training fitness: 0.8621841368835851
Model size: (4, 13)
Validation fitness: 0.8647299715857737 
Elapsed: 7.417920112609863

*** Epoch 1, batch 33/116 ***
Training fitness: 0.8747654646458303
Model size: (4, 13)
Validation fitness: 0.8647299715857737 
Elapsed: 7.311582326889038

*** Epoch 1, batch 34/116 ***
Training fitness: 0.9026201189586771
Model size: (4, 13)
Validation fitness: 0.8647299715857737 
Elapsed: 7.017244100570679

*** Epoch 1, batch 35/116 ***
Training fitness: 0.8863340758347359
Model size: (4, 13)
Validation fitness: 0.8647299715857737 
Elapsed: 6.907870769500732

*** Epoch 1, batch 36/116 ***
Training fitness: 0.8798240718083076
Model size: (5, 16)
Validation fitness: 0.855079351690222 
Elapsed: 6.817440748214722

*** Epoch 1, batch 37/116 ***
Training fitness: 0.8586032472325776
Model size: (4, 13)
Validation fitness: 0.8647299715857737 
Elapsed: 6.675897121429443

*** Epoch 1, batch 38/116 ***
Training fitness: 0.859786753837928
Model size: (4, 13)
Validation fitness: 0.8647299715857737 
Elapsed: 6.829867839813232

*** Epoch 1, batch 39/116 ***
Training fitness: 0.8481831103205256
Model size: (1, 4)
Validation fitness: 0.8391394343128731 
Elapsed: 6.781788110733032

*** Epoch 1, batch 40/116 ***
Training fitness: 0.8477649264753592
Model size: (3, 8)
Validation fitness: 0.8474907178380151 
Elapsed: 6.695241212844849

*** Epoch 1, batch 41/116 ***
Training fitness: 0.8511448332434586
Model size: (3, 8)
Validation fitness: 0.8474907178380151 
Elapsed: 6.786506175994873

*** Epoch 1, batch 42/116 ***
Training fitness: 0.8898726828869843
Model size: (3, 9)
Validation fitness: 0.8458502533546817 
Elapsed: 6.797476530075073

*** Epoch 1, batch 43/116 ***
Training fitness: 0.8609985086795489
Model size: (9, 20)
Validation fitness: 0.8354701373898833 
Elapsed: 7.029736042022705

*** Epoch 1, batch 44/116 ***
Training fitness: 0.8369268832288106
Model size: (2, 9)
Validation fitness: 0.8354826062196931 
Elapsed: 6.821819543838501

*** Epoch 1, batch 45/116 ***
Training fitness: 0.8558073035260881
Model size: (10, 21)
Validation fitness: 0.8403830483530347 
Elapsed: 7.012042284011841

*** Epoch 1, batch 46/116 ***
Training fitness: 0.8455874586911072
Model size: (10, 21)
Validation fitness: 0.8403830483530347 
Elapsed: 7.127068996429443

*** Epoch 1, batch 47/116 ***
Training fitness: 0.8552631037989518
Model size: (2, 8)
Validation fitness: 0.851161724904776 
Elapsed: 6.938522577285767

*** Epoch 1, batch 48/116 ***
Training fitness: 0.8364227178274318
Model size: (7, 21)
Validation fitness: 0.841319908761858 
Elapsed: 7.076247930526733

*** Epoch 1, batch 49/116 ***
Training fitness: 0.8694549870855459
Model size: (11, 22)
Validation fitness: 0.8388356989948754 
Elapsed: 7.258881568908691

*** Epoch 1, batch 50/116 ***
Training fitness: 0.8696458891120964
Model size: (8, 19)
Validation fitness: 0.8342977500301861 
Elapsed: 7.3251426219940186

*** Epoch 1, batch 51/116 ***
Training fitness: 0.8364223365289821
Model size: (5, 14)
Validation fitness: 0.848859631177289 
Elapsed: 7.501760005950928

*** Epoch 1, batch 52/116 ***
Training fitness: 0.8548304739274996
Model size: (4, 11)
Validation fitness: 0.8464122394899212 
Elapsed: 7.413083553314209

*** Epoch 1, batch 53/116 ***
Training fitness: 0.8439626276975216
Model size: (11, 22)
Validation fitness: 0.8388356989948754 
Elapsed: 7.4485924243927

*** Epoch 1, batch 54/116 ***
Training fitness: 0.8525992711887485
Model size: (4, 11)
Validation fitness: 0.8464122394899212 
Elapsed: 7.05498480796814

*** Epoch 1, batch 55/116 ***
Training fitness: 0.8580900948116237
Model size: (4, 11)
Validation fitness: 0.8464122394899212 
Elapsed: 7.359277963638306

*** Epoch 1, batch 56/116 ***
Training fitness: 0.8324795204610613
Model size: (4, 11)
Validation fitness: 0.8464122394899212 
Elapsed: 7.141574859619141

*** Epoch 1, batch 57/116 ***
Training fitness: 0.8697915147305342
Model size: (4, 11)
Validation fitness: 0.8678294947341606 !!!
Elapsed: 7.049049615859985

*** Epoch 1, batch 58/116 ***
Training fitness: 0.8775435246860764
Model size: (4, 11)
Validation fitness: 0.8678294947341606 
Elapsed: 7.0492846965789795

*** Epoch 1, batch 59/116 ***
Training fitness: 0.8736390851648599
Model size: (4, 11)
Validation fitness: 0.8678294947341606 
Elapsed: 7.424592018127441

*** Epoch 1, batch 60/116 ***
Training fitness: 0.862263166752283
Model size: (4, 11)
Validation fitness: 0.8678294947341606 
Elapsed: 7.347372055053711

*** Epoch 1, batch 61/116 ***
Training fitness: 0.8838828881459867
Model size: (4, 11)
Validation fitness: 0.8678294947341606 
Elapsed: 7.053415775299072

*** Epoch 1, batch 62/116 ***
Training fitness: 0.8897318624967875
Model size: (4, 11)
Validation fitness: 0.8678294947341606 
Elapsed: 7.144833087921143

*** Epoch 1, batch 63/116 ***
Training fitness: 0.8758047754526187
Model size: (5, 14)
Validation fitness: 0.8599022686104884 
Elapsed: 7.179090261459351

*** Epoch 1, batch 64/116 ***
Training fitness: 0.8549606327153787
Model size: (4, 11)
Validation fitness: 0.8678294947341606 
Elapsed: 7.2371766567230225

*** Epoch 1, batch 65/116 ***
Training fitness: 0.8830282226795347
Model size: (4, 11)
Validation fitness: 0.8678294947341606 
Elapsed: 7.21938419342041

*** Epoch 1, batch 66/116 ***
Training fitness: 0.8836828969718102
Model size: (4, 11)
Validation fitness: 0.8678294947341606 
Elapsed: 7.29504656791687

*** Epoch 1, batch 67/116 ***
Training fitness: 0.8780717050068799
Model size: (7, 19)
Validation fitness: 0.8607244467670714 
Elapsed: 7.301199674606323

*** Epoch 1, batch 68/116 ***
Training fitness: 0.8802385316632377
Model size: (4, 11)
Validation fitness: 0.8678294947341606 
Elapsed: 7.209781646728516

*** Epoch 1, batch 69/116 ***
Training fitness: 0.8630451103715059
Model size: (5, 13)
Validation fitness: 0.8694105521483665 !!!
Elapsed: 6.980160236358643

*** Epoch 1, batch 70/116 ***
Training fitness: 0.8861324088849925
Model size: (5, 13)
Validation fitness: 0.8694105521483665 
Elapsed: 7.017914533615112

*** Epoch 1, batch 71/116 ***
Training fitness: 0.8675858415969723
Model size: (5, 13)
Validation fitness: 0.8694105521483665 
Elapsed: 7.058818817138672

*** Epoch 1, batch 72/116 ***
Training fitness: 0.8550205516653755
Model size: (5, 13)
Validation fitness: 0.8694105521483665 
Elapsed: 6.880892038345337

*** Epoch 1, batch 73/116 ***
Training fitness: 0.8608295101011251
Model size: (5, 13)
Validation fitness: 0.8694105521483665 
Elapsed: 7.0412046909332275

*** Epoch 1, batch 74/116 ***
Training fitness: 0.881230690518068
Model size: (5, 13)
Validation fitness: 0.8694105521483665 
Elapsed: 7.179609775543213

*** Epoch 1, batch 75/116 ***
Training fitness: 0.8659657630794904
Model size: (6, 15)
Validation fitness: 0.8657012005752907 
Elapsed: 7.203387975692749

*** Epoch 1, batch 76/116 ***
Training fitness: 0.8756625417583731
Model size: (5, 13)
Validation fitness: 0.8694105521483665 
Elapsed: 6.996143579483032

*** Epoch 1, batch 77/116 ***
Training fitness: 0.8614516722122837
Model size: (5, 13)
Validation fitness: 0.8694105521483665 
Elapsed: 7.049082279205322

*** Epoch 1, batch 78/116 ***
Training fitness: 0.8612299706445226
Model size: (5, 13)
Validation fitness: 0.8694105521483665 
Elapsed: 6.848498106002808

*** Epoch 1, batch 79/116 ***
Training fitness: 0.8643516032637838
Model size: (5, 13)
Validation fitness: 0.8694105521483665 
Elapsed: 7.205655574798584

*** Epoch 1, batch 80/116 ***
Training fitness: 0.8814715359833816
Model size: (5, 13)
Validation fitness: 0.8694105521483665 
Elapsed: 7.059068202972412

*** Epoch 1, batch 81/116 ***
Training fitness: 0.8913573789176416
Model size: (5, 13)
Validation fitness: 0.8694105521483665 
Elapsed: 7.359068155288696

*** Epoch 1, batch 82/116 ***
Training fitness: 0.8513278134207235
Model size: (5, 13)
Validation fitness: 0.8694105521483665 
Elapsed: 7.391255617141724

*** Epoch 1, batch 83/116 ***
Training fitness: 0.871294271104504
Model size: (5, 13)
Validation fitness: 0.8694105521483665 
Elapsed: 7.529482364654541

*** Epoch 1, batch 84/116 ***
Training fitness: 0.8593025714628594
Model size: (5, 13)
Validation fitness: 0.8694105521483665 
Elapsed: 7.090613126754761

*** Epoch 1, batch 85/116 ***
Training fitness: 0.8778143851937992
Model size: (5, 13)
Validation fitness: 0.8694105521483665 
Elapsed: 7.292501211166382

*** Epoch 1, batch 86/116 ***
Training fitness: 0.8487483726400594
Model size: (6, 14)
Validation fitness: 0.8607439705575205 
Elapsed: 7.274845838546753

*** Epoch 1, batch 87/116 ***
Training fitness: 0.8684562679931208
Model size: (6, 14)
Validation fitness: 0.8697723863322142 !!!
Elapsed: 7.077136039733887

*** Epoch 1, batch 88/116 ***
Training fitness: 0.8531288980907643
Model size: (6, 14)
Validation fitness: 0.8697723863322142 
Elapsed: 7.273762464523315

*** Epoch 1, batch 89/116 ***
Training fitness: 0.8649584898745222
Model size: (2, 8)
Validation fitness: 0.8403086468587803 
Elapsed: 7.108551979064941

*** Epoch 1, batch 90/116 ***
Training fitness: 0.8510720117572539
Model size: (6, 14)
Validation fitness: 0.8697723863322142 
Elapsed: 7.297637224197388

*** Epoch 1, batch 91/116 ***
Training fitness: 0.8648367794566624
Model size: (6, 14)
Validation fitness: 0.8697723863322142 
Elapsed: 7.103742837905884

*** Epoch 1, batch 92/116 ***
Training fitness: 0.8547864620354524
Model size: (6, 14)
Validation fitness: 0.8697723863322142 
Elapsed: 7.218399524688721

*** Epoch 1, batch 93/116 ***
Training fitness: 0.8607522358826477
Model size: (6, 14)
Validation fitness: 0.8697723863322142 
Elapsed: 7.321565866470337

*** Epoch 1, batch 94/116 ***
Training fitness: 0.8581681458683612
Model size: (6, 14)
Validation fitness: 0.8697723863322142 
Elapsed: 7.027386665344238

*** Epoch 1, batch 95/116 ***
Training fitness: 0.8816920424918971
Model size: (6, 14)
Validation fitness: 0.8697723863322142 
Elapsed: 7.2678468227386475

*** Epoch 1, batch 96/116 ***
Training fitness: 0.8384492177369613
Model size: (9, 23)
Validation fitness: 0.8538333180054253 
Elapsed: 7.435850620269775

*** Epoch 1, batch 97/116 ***
Training fitness: 0.8573250103138061
Model size: (4, 11)
Validation fitness: 0.8402130769692299 
Elapsed: 7.338062047958374

*** Epoch 1, batch 98/116 ***
Training fitness: 0.8565949777207976
Model size: (5, 10)
Validation fitness: 0.8521892250235783 
Elapsed: 7.401394367218018

*** Epoch 1, batch 99/116 ***
Training fitness: 0.8374322237041417
Model size: (4, 12)
Validation fitness: 0.8402617319179824 
Elapsed: 7.44931960105896

*** Epoch 1, batch 100/116 ***
Training fitness: 0.8276811524355976
Model size: (9, 23)
Validation fitness: 0.8538333180054253 
Elapsed: 7.46647310256958

*** Epoch 1, batch 101/116 ***
Training fitness: 0.8568801115768166
Model size: (8, 13)
Validation fitness: 0.8296545218143254 
Elapsed: 6.844382286071777

*** Epoch 1, batch 102/116 ***
Training fitness: 0.8869325022402942
Model size: (5, 11)
Validation fitness: 0.8603525130765861 
Elapsed: 7.068241357803345

*** Epoch 1, batch 103/116 ***
Training fitness: 0.8695795005593799
Model size: (4, 9)
Validation fitness: 0.8466509034483042 
Elapsed: 6.9308717250823975

*** Epoch 1, batch 104/116 ***
Training fitness: 0.8782758034238455
Model size: (4, 9)
Validation fitness: 0.8357224771600634 
Elapsed: 6.8980584144592285

*** Epoch 1, batch 105/116 ***
Training fitness: 0.8444086331218584
Model size: (5, 10)
Validation fitness: 0.8521892250235783 
Elapsed: 6.933058977127075

*** Epoch 1, batch 106/116 ***
Training fitness: 0.8556219886941161
Model size: (5, 11)
Validation fitness: 0.850806682266554 
Elapsed: 7.12841796875

*** Epoch 1, batch 107/116 ***
Training fitness: 0.8607325474507486
Model size: (4, 10)
Validation fitness: 0.8576330282527612 
Elapsed: 6.8836445808410645

*** Epoch 1, batch 108/116 ***
Training fitness: 0.8414639280970225
Model size: (5, 11)
Validation fitness: 0.850806682266554 
Elapsed: 7.3855063915252686

*** Epoch 1, batch 109/116 ***
Training fitness: 0.8204821308571876
Model size: (4, 10)
Validation fitness: 0.8576330282527612 
Elapsed: 6.92397665977478

*** Epoch 1, batch 110/116 ***
Training fitness: 0.886954552030674
Model size: (4, 10)
Validation fitness: 0.8648244704265524 
Elapsed: 6.770092487335205

*** Epoch 1, batch 111/116 ***
Training fitness: 0.873128462506352
Model size: (4, 10)
Validation fitness: 0.8648244704265524 
Elapsed: 6.845642805099487

*** Epoch 1, batch 112/116 ***
Training fitness: 0.8794734984403114
Model size: (4, 10)
Validation fitness: 0.8648244704265524 
Elapsed: 6.825515985488892

*** Epoch 1, batch 113/116 ***
Training fitness: 0.874302573161418
Model size: (4, 10)
Validation fitness: 0.8648244704265524 
Elapsed: 6.59604549407959

*** Epoch 1, batch 114/116 ***
Training fitness: 0.8668282078271694
Model size: (4, 10)
Validation fitness: 0.8576330282527612 
Elapsed: 6.82486891746521

*** Epoch 1, batch 115/116 ***
Training fitness: 0.8848193968569744
Model size: (4, 10)
Validation fitness: 0.8648244704265524 
Elapsed: 6.955392837524414

*** Epoch 1, batch 116/116 ***
Training fitness: 0.855419080509688
Model size: (4, 10)
Validation fitness: 0.8576330282527612 
Elapsed: 4.054989814758301

Total train time: 824.435382604599
Test time: 0.3521080017089844
Test fitness: 0.8739477081181312
Test statistics: Stats(total=14791, total_true=7078, total_false=7713, true_positive=6384, true_negative=7467, false_positive=246, false_negative=694, tpr=0.9019497033060186, tnr=0.9681057954103461, ppv=0.96289592760181, npv=0.9149614017889964, accuracy=0.9364478399026435, f1=0.9314269039976656, mcc=0.8739477081181312)
