Configuration:
Dataset: ids2017
Selector: pca
Fold: 3
Batch size: 1
Epochs: 10
Epoch 1/10
 - 5045s - loss: 0.1889
 - val_mcc: 0.787086
Epoch 2/10
 - 4454s - loss: 0.1966
 - val_mcc: 0.759920
Epoch 3/10
 - 4438s - loss: 0.2063
 - val_mcc: 0.774296
Epoch 4/10
 - 4447s - loss: 0.2142
 - val_mcc: 0.771996
Epoch 5/10
 - 4445s - loss: 0.2111
 - val_mcc: 0.777607
Epoch 6/10
 - 4443s - loss: 0.2028
 - val_mcc: 0.768726
Epoch 7/10
 - 4439s - loss: 0.1974
 - val_mcc: 0.769048
Epoch 8/10
 - 4471s - loss: 0.1987
 - val_mcc: 0.776866
Epoch 9/10
 - 4082s - loss: 0.2003
 - val_mcc: 0.760310
Epoch 10/10
 - 4105s - loss: 0.1996
 - val_mcc: 0.776623
Total train time: 44518.92095327377
Test time: 13.025408267974854
Test statistics: Stats(total=252237, total_true=42632, total_false=209605, true_positive=29906, true_negative=207539, false_positive=2066, false_negative=12726, tpr=0.7014918371176581, tnr=0.9901433649006465, ppv=0.9353809583385462, npv=0.9422241391051688, accuracy=0.9413567398914513, f1=0.8017264489839687, mcc=0.7790908668844589)
