Configuration:
Dataset: nsl_kdd
Selector: pca
Fold: 5
Fitness: mcc
Batch size: 256
Epochs: 1
Config args: {}
*** Epoch 1, batch 1/520 ***
Training fitness: 0.7031565018281306
Model size: (1, 12)
Validation fitness: 0.667239031870153 !!!
Elapsed: 2.2403879165649414

*** Epoch 1, batch 2/520 ***
Training fitness: 0.7994272246538423
Model size: (1, 11)
Validation fitness: 0.7381346231580134 !!!
Elapsed: 2.030743360519409

*** Epoch 1, batch 3/520 ***
Training fitness: 0.8028356163924341
Model size: (2, 11)
Validation fitness: 0.7823389303809466 !!!
Elapsed: 2.101377010345459

*** Epoch 1, batch 4/520 ***
Training fitness: 0.7290631916009795
Model size: (1, 8)
Validation fitness: 0.7755086121248951 
Elapsed: 3.997499942779541

*** Epoch 1, batch 5/520 ***
Training fitness: 0.880896764667653
Model size: (1, 10)
Validation fitness: 0.8297444779392074 !!!
Elapsed: 2.179199695587158

*** Epoch 1, batch 6/520 ***
Training fitness: 0.9163304054815924
Model size: (1, 10)
Validation fitness: 0.8297444779392074 
Elapsed: 2.153130292892456

*** Epoch 1, batch 7/520 ***
Training fitness: 0.837839747378887
Model size: (1, 10)
Validation fitness: 0.8297444779392074 
Elapsed: 2.005863904953003

*** Epoch 1, batch 8/520 ***
Training fitness: 0.8690554288406019
Model size: (1, 8)
Validation fitness: 0.7605370039038696 
Elapsed: 2.0231056213378906

*** Epoch 1, batch 9/520 ***
Training fitness: 0.8467033085665698
Model size: (1, 7)
Validation fitness: 0.8002696998510099 
Elapsed: 2.0133492946624756

*** Epoch 1, batch 10/520 ***
Training fitness: 0.8633140554842985
Model size: (1, 10)
Validation fitness: 0.8297444779392074 
Elapsed: 2.074643850326538

*** Epoch 1, batch 11/520 ***
Training fitness: 0.8176267397454321
Model size: (1, 10)
Validation fitness: 0.8297444779392074 
Elapsed: 2.1321709156036377

*** Epoch 1, batch 12/520 ***
Training fitness: 0.8221274471239274
Model size: (2, 9)
Validation fitness: 0.8336428527395499 !!!
Elapsed: 2.0474212169647217

*** Epoch 1, batch 13/520 ***
Training fitness: 0.867702495521014
Model size: (4, 13)
Validation fitness: 0.8213411590206595 
Elapsed: 2.18160080909729

*** Epoch 1, batch 14/520 ***
Training fitness: 0.8344223624517987
Model size: (1, 6)
Validation fitness: 0.7992656186305033 
Elapsed: 2.0452733039855957

*** Epoch 1, batch 15/520 ***
Training fitness: 0.8985729296978563
Model size: (4, 13)
Validation fitness: 0.8213411590206595 
Elapsed: 2.3902337551116943

*** Epoch 1, batch 16/520 ***
Training fitness: 0.840194346665563
Model size: (7, 19)
Validation fitness: 0.8248374582960059 
Elapsed: 3.334848642349243

*** Epoch 1, batch 17/520 ***
Training fitness: 0.8199519229407694
Model size: (1, 7)
Validation fitness: 0.8142947277325654 
Elapsed: 3.6626179218292236

*** Epoch 1, batch 18/520 ***
Training fitness: 0.8766470606670952
Model size: (2, 6)
Validation fitness: 0.8348877590271264 !!!
Elapsed: 3.841628313064575

*** Epoch 1, batch 19/520 ***
Training fitness: 0.8237403295680249
Model size: (2, 6)
Validation fitness: 0.7757733384885429 
Elapsed: 4.123793125152588

*** Epoch 1, batch 20/520 ***
Training fitness: 0.8422859269008075
Model size: (1, 4)
Validation fitness: 0.7798529019213387 
Elapsed: 4.171200752258301

*** Epoch 1, batch 21/520 ***
Training fitness: 0.8916575656652351
Model size: (2, 4)
Validation fitness: 0.8200302017664135 
Elapsed: 4.020078659057617

*** Epoch 1, batch 22/520 ***
Training fitness: 0.8833167414911444
Model size: (2, 4)
Validation fitness: 0.8200302017664135 
Elapsed: 4.125506639480591

*** Epoch 1, batch 23/520 ***
Training fitness: 0.8103387732996818
Model size: (3, 6)
Validation fitness: 0.7747529565311042 
Elapsed: 4.08321738243103

*** Epoch 1, batch 24/520 ***
Training fitness: 0.8905180840664711
Model size: (4, 12)
Validation fitness: 0.8201262723642209 
Elapsed: 4.261751651763916

*** Epoch 1, batch 25/520 ***
Training fitness: 0.8517060917045379
Model size: (4, 17)
Validation fitness: 0.8283698506274894 
Elapsed: 4.520715713500977

*** Epoch 1, batch 26/520 ***
Training fitness: 0.8487733825360078
Model size: (4, 16)
Validation fitness: 0.8363197172227872 !!!
Elapsed: 4.502913236618042

*** Epoch 1, batch 27/520 ***
Training fitness: 0.8372890326282024
Model size: (4, 16)
Validation fitness: 0.8363197172227872 
Elapsed: 4.011733531951904

*** Epoch 1, batch 28/520 ***
Training fitness: 0.8265197031622062
Model size: (5, 19)
Validation fitness: 0.8001634405015716 
Elapsed: 4.659850120544434

*** Epoch 1, batch 29/520 ***
Training fitness: 0.8671166554323482
Model size: (5, 13)
Validation fitness: 0.8219127779391486 
Elapsed: 4.49477481842041

*** Epoch 1, batch 30/520 ***
Training fitness: 0.9060435527281625
Model size: (4, 16)
Validation fitness: 0.8363197172227872 
Elapsed: 4.729993104934692

*** Epoch 1, batch 31/520 ***
Training fitness: 0.8439627221370071
Model size: (4, 13)
Validation fitness: 0.8466877194271022 !!!
Elapsed: 4.473059892654419

*** Epoch 1, batch 32/520 ***
Training fitness: 0.8827965299005894
Model size: (4, 13)
Validation fitness: 0.8466877194271022 
Elapsed: 4.645642995834351

*** Epoch 1, batch 33/520 ***
Training fitness: 0.8831185277353631
Model size: (4, 13)
Validation fitness: 0.8466877194271022 
Elapsed: 4.512882471084595

*** Epoch 1, batch 34/520 ***
Training fitness: 0.8555765000638629
Model size: (5, 15)
Validation fitness: 0.799744953128549 
Elapsed: 4.952224969863892

*** Epoch 1, batch 35/520 ***
Training fitness: 0.8598205275024366
Model size: (4, 13)
Validation fitness: 0.8466877194271022 
Elapsed: 4.658924341201782

*** Epoch 1, batch 36/520 ***
Training fitness: 0.8891048110180543
Model size: (4, 14)
Validation fitness: 0.7971225379416006 
Elapsed: 4.220731735229492

*** Epoch 1, batch 37/520 ***
Training fitness: 0.841150950998626
Model size: (4, 14)
Validation fitness: 0.7971225379416006 
Elapsed: 2.3892624378204346

*** Epoch 1, batch 38/520 ***
Training fitness: 0.84339441106753
Model size: (4, 13)
Validation fitness: 0.8343278514649523 
Elapsed: 2.3334755897521973

*** Epoch 1, batch 39/520 ***
Training fitness: 0.890500025826647
Model size: (5, 14)
Validation fitness: 0.845844762570214 
Elapsed: 2.3484487533569336

*** Epoch 1, batch 40/520 ***
Training fitness: 0.8454027929649518
Model size: (5, 14)
Validation fitness: 0.845844762570214 
Elapsed: 2.367431879043579

*** Epoch 1, batch 41/520 ***
Training fitness: 0.828030534351145
Model size: (5, 14)
Validation fitness: 0.845844762570214 
Elapsed: 2.390465021133423

*** Epoch 1, batch 42/520 ***
Training fitness: 0.8611171318518858
Model size: (5, 14)
Validation fitness: 0.845844762570214 
Elapsed: 2.3114047050476074

*** Epoch 1, batch 43/520 ***
Training fitness: 0.8267885358382497
Model size: (5, 14)
Validation fitness: 0.845844762570214 
Elapsed: 2.4378833770751953

*** Epoch 1, batch 44/520 ***
Training fitness: 0.8546668257253964
Model size: (5, 18)
Validation fitness: 0.7921912444638731 
Elapsed: 2.474625825881958

*** Epoch 1, batch 45/520 ***
Training fitness: 0.8594866453452653
Model size: (4, 12)
Validation fitness: 0.8460037159489292 
Elapsed: 2.4487290382385254

*** Epoch 1, batch 46/520 ***
Training fitness: 0.8401972955236047
Model size: (6, 13)
Validation fitness: 0.7981789451843777 
Elapsed: 2.318671226501465

*** Epoch 1, batch 47/520 ***
Training fitness: 0.8597621478259257
Model size: (4, 11)
Validation fitness: 0.8470269116848551 !!!
Elapsed: 2.488396167755127

*** Epoch 1, batch 48/520 ***
Training fitness: 0.8363275053359017
Model size: (4, 11)
Validation fitness: 0.8470269116848551 
Elapsed: 2.312981367111206

*** Epoch 1, batch 49/520 ***
Training fitness: 0.8704849109201251
Model size: (4, 11)
Validation fitness: 0.8470269116848551 
Elapsed: 2.4359681606292725

*** Epoch 1, batch 50/520 ***
Training fitness: 0.9196646848336194
Model size: (6, 9)
Validation fitness: 0.7777705456210224 
Elapsed: 2.3381845951080322

*** Epoch 1, batch 51/520 ***
Training fitness: 0.8288994982569317
Model size: (5, 12)
Validation fitness: 0.8580126548699936 !!!
Elapsed: 2.375488519668579

*** Epoch 1, batch 52/520 ***
Training fitness: 0.8594542047611874
Model size: (5, 12)
Validation fitness: 0.8580126548699936 
Elapsed: 2.3825106620788574

*** Epoch 1, batch 53/520 ***
Training fitness: 0.8247021571994935
Model size: (5, 12)
Validation fitness: 0.8620674784098474 !!!
Elapsed: 2.3090715408325195

*** Epoch 1, batch 54/520 ***
Training fitness: 0.8237408673012915
Model size: (5, 12)
Validation fitness: 0.8620674784098474 
Elapsed: 2.409407138824463

*** Epoch 1, batch 55/520 ***
Training fitness: 0.8729534707232465
Model size: (5, 12)
Validation fitness: 0.8620674784098474 
Elapsed: 2.3812952041625977

*** Epoch 1, batch 56/520 ***
Training fitness: 0.8525867158614023
Model size: (5, 12)
Validation fitness: 0.8620674784098474 
Elapsed: 2.2910149097442627

*** Epoch 1, batch 57/520 ***
Training fitness: 0.8377758166991537
Model size: (6, 12)
Validation fitness: 0.8765026977770526 !!!
Elapsed: 2.3494670391082764

*** Epoch 1, batch 58/520 ***
Training fitness: 0.8797732472410854
Model size: (6, 13)
Validation fitness: 0.8520594705316187 
Elapsed: 2.438046455383301

*** Epoch 1, batch 59/520 ***
Training fitness: 0.8631766282897236
Model size: (4, 8)
Validation fitness: 0.8665527320529854 
Elapsed: 2.4165804386138916

*** Epoch 1, batch 60/520 ***
Training fitness: 0.8575144729510925
Model size: (4, 7)
Validation fitness: 0.8613488618098049 
Elapsed: 3.255825996398926

*** Epoch 1, batch 61/520 ***
Training fitness: 0.8355841529581374
Model size: (4, 8)
Validation fitness: 0.8719388923755657 
Elapsed: 2.5488433837890625

*** Epoch 1, batch 62/520 ***
Training fitness: 0.8943903889859542
Model size: (4, 8)
Validation fitness: 0.8719388923755657 
Elapsed: 2.477076530456543

*** Epoch 1, batch 63/520 ***
Training fitness: 0.8834640839915521
Model size: (4, 7)
Validation fitness: 0.8613488618098049 
Elapsed: 2.373779773712158

*** Epoch 1, batch 64/520 ***
Training fitness: 0.8821740381091076
Model size: (3, 7)
Validation fitness: 0.8604017133637495 
Elapsed: 2.419003963470459

*** Epoch 1, batch 65/520 ***
Training fitness: 0.8649207495609035
Model size: (4, 7)
Validation fitness: 0.8613488618098049 
Elapsed: 2.393364906311035

*** Epoch 1, batch 66/520 ***
Training fitness: 0.862808713051596
Model size: (3, 8)
Validation fitness: 0.8698073340574906 
Elapsed: 2.300577402114868

*** Epoch 1, batch 67/520 ***
Training fitness: 0.8834640839915521
Model size: (4, 10)
Validation fitness: 0.8567532958643695 
Elapsed: 2.3910388946533203

*** Epoch 1, batch 68/520 ***
Training fitness: 0.8901686212305561
Model size: (8, 17)
Validation fitness: 0.8074774911980035 
Elapsed: 2.609290838241577

*** Epoch 1, batch 69/520 ***
Training fitness: 0.8643055315025796
Model size: (3, 8)
Validation fitness: 0.8698073340574906 
Elapsed: 2.374826669692993

*** Epoch 1, batch 70/520 ***
Training fitness: 0.8528730165753561
Model size: (3, 8)
Validation fitness: 0.8698073340574906 
Elapsed: 2.4953832626342773

*** Epoch 1, batch 71/520 ***
Training fitness: 0.7961151402642317
Model size: (3, 7)
Validation fitness: 0.8336425563295988 
Elapsed: 2.3788695335388184

*** Epoch 1, batch 72/520 ***
Training fitness: 0.8680714353194994
Model size: (3, 8)
Validation fitness: 0.8698073340574906 
Elapsed: 2.366138458251953

*** Epoch 1, batch 73/520 ***
Training fitness: 0.847758787138833
Model size: (3, 8)
Validation fitness: 0.8698073340574906 
Elapsed: 2.3521058559417725

*** Epoch 1, batch 74/520 ***
Training fitness: 0.8576885471642762
Model size: (3, 8)
Validation fitness: 0.8698073340574906 
Elapsed: 2.3201253414154053

*** Epoch 1, batch 75/520 ***
Training fitness: 0.8655406954021599
Model size: (3, 8)
Validation fitness: 0.8698073340574906 
Elapsed: 2.3775579929351807

*** Epoch 1, batch 76/520 ***
Training fitness: 0.840681766469847
Model size: (2, 5)
Validation fitness: 0.8314998257809872 
Elapsed: 2.3204169273376465

*** Epoch 1, batch 77/520 ***
Training fitness: 0.8658867651337919
Model size: (6, 14)
Validation fitness: 0.7937834851255358 
Elapsed: 2.501178741455078

*** Epoch 1, batch 78/520 ***
Training fitness: 0.8784089891659315
Model size: (3, 8)
Validation fitness: 0.8698073340574906 
Elapsed: 2.4153435230255127

*** Epoch 1, batch 79/520 ***
Training fitness: 0.8407948526332368
Model size: (3, 8)
Validation fitness: 0.8698073340574906 
Elapsed: 2.3396646976470947

*** Epoch 1, batch 80/520 ***
Training fitness: 0.8571846650156335
Model size: (3, 8)
Validation fitness: 0.8698073340574906 
Elapsed: 2.556273937225342

*** Epoch 1, batch 81/520 ***
Training fitness: 0.8595450116871951
Model size: (5, 8)
Validation fitness: 0.8460987510338299 
Elapsed: 2.412475109100342

*** Epoch 1, batch 82/520 ***
Training fitness: 0.8533313649541826
Model size: (9, 15)
Validation fitness: 0.7812864018368074 
Elapsed: 2.7348272800445557

*** Epoch 1, batch 83/520 ***
Training fitness: 0.8305514665450278
Model size: (2, 5)
Validation fitness: 0.8314998257809872 
Elapsed: 2.384737968444824

*** Epoch 1, batch 84/520 ***
Training fitness: 0.8743481385127231
Model size: (2, 5)
Validation fitness: 0.8314998257809872 
Elapsed: 2.4049713611602783

*** Epoch 1, batch 85/520 ***
Training fitness: 0.8661356505049363
Model size: (12, 25)
Validation fitness: 0.8091605649929057 
Elapsed: 2.7223312854766846

*** Epoch 1, batch 86/520 ***
Training fitness: 0.8137857005188677
Model size: (6, 9)
Validation fitness: 0.845127802713621 
Elapsed: 2.427464246749878

*** Epoch 1, batch 87/520 ***
Training fitness: 0.8749034783852326
Model size: (6, 9)
Validation fitness: 0.845127802713621 
Elapsed: 2.4545814990997314

*** Epoch 1, batch 88/520 ***
Training fitness: 0.8249851675813429
Model size: (7, 11)
Validation fitness: 0.819674150116941 
Elapsed: 2.552903413772583

*** Epoch 1, batch 89/520 ***
Training fitness: 0.8073598619663258
Model size: (12, 25)
Validation fitness: 0.8435852038689182 
Elapsed: 2.796332359313965

*** Epoch 1, batch 90/520 ***
Training fitness: 0.879687740246837
Model size: (12, 25)
Validation fitness: 0.8435852038689182 
Elapsed: 2.806107521057129

*** Epoch 1, batch 91/520 ***
Training fitness: 0.8445274155286475
Model size: (1, 2)
Validation fitness: 0.7948799000206278 
Elapsed: 2.4355790615081787

*** Epoch 1, batch 92/520 ***
Training fitness: 0.8277215110005285
Model size: (2, 5)
Validation fitness: 0.8314998257809872 
Elapsed: 2.4786384105682373

*** Epoch 1, batch 93/520 ***
Training fitness: 0.8678819877616907
Model size: (2, 7)
Validation fitness: 0.8202006703778874 
Elapsed: 2.480409860610962

*** Epoch 1, batch 94/520 ***
Training fitness: 0.814353574067911
Model size: (8, 14)
Validation fitness: 0.8144215424692965 
Elapsed: 2.487839460372925

*** Epoch 1, batch 95/520 ***
Training fitness: 0.8028657404322838
Model size: (6, 11)
Validation fitness: 0.7969793854239141 
Elapsed: 2.4741709232330322

*** Epoch 1, batch 96/520 ***
Training fitness: 0.8536753350213125
Model size: (8, 13)
Validation fitness: 0.818273834310649 
Elapsed: 2.5162343978881836

*** Epoch 1, batch 97/520 ***
Training fitness: 0.86862759586785
Model size: (9, 16)
Validation fitness: 0.8139008741040742 
Elapsed: 2.5658607482910156

*** Epoch 1, batch 98/520 ***
Training fitness: 0.8298945330727635
Model size: (3, 9)
Validation fitness: 0.8244114974739708 
Elapsed: 2.4595134258270264

*** Epoch 1, batch 99/520 ***
Training fitness: 0.8824631826671999
Model size: (10, 19)
Validation fitness: 0.8074645155472607 
Elapsed: 2.3300695419311523

*** Epoch 1, batch 100/520 ***
Training fitness: 0.8355414790638588
Model size: (6, 13)
Validation fitness: 0.8304330213702941 
Elapsed: 2.456993341445923

*** Epoch 1, batch 101/520 ***
Training fitness: 0.852678069392993
Model size: (3, 5)
Validation fitness: 0.8205164060872385 
Elapsed: 2.3442130088806152

*** Epoch 1, batch 102/520 ***
Training fitness: 0.8202168243870906
Model size: (3, 5)
Validation fitness: 0.8205164060872385 
Elapsed: 2.3275558948516846

*** Epoch 1, batch 103/520 ***
Training fitness: 0.8352390552554954
Model size: (3, 9)
Validation fitness: 0.8244114974739708 
Elapsed: 2.3061301708221436

*** Epoch 1, batch 104/520 ***
Training fitness: 0.820889545622037
Model size: (6, 13)
Validation fitness: 0.8242363558882861 
Elapsed: 2.348590135574341

*** Epoch 1, batch 105/520 ***
Training fitness: 0.8224981034874816
Model size: (3, 5)
Validation fitness: 0.8205164060872385 
Elapsed: 2.344278335571289

*** Epoch 1, batch 106/520 ***
Training fitness: 0.820982651524639
Model size: (3, 6)
Validation fitness: 0.8167087371084883 
Elapsed: 2.2785699367523193

*** Epoch 1, batch 107/520 ***
Training fitness: 0.8633140554842985
Model size: (3, 7)
Validation fitness: 0.816486177181489 
Elapsed: 2.2565717697143555

*** Epoch 1, batch 108/520 ***
Training fitness: 0.796071198958039
Model size: (5, 9)
Validation fitness: 0.8165332796508982 
Elapsed: 2.4104726314544678

*** Epoch 1, batch 109/520 ***
Training fitness: 0.7950599287056016
Model size: (6, 9)
Validation fitness: 0.7594859828094966 
Elapsed: 2.2919223308563232

*** Epoch 1, batch 110/520 ***
Training fitness: 0.8515341268497455
Model size: (7, 14)
Validation fitness: 0.8234566855881877 
Elapsed: 2.3809728622436523

*** Epoch 1, batch 111/520 ***
Training fitness: 0.8074045905730932
Model size: (7, 11)
Validation fitness: 0.7870072881028428 
Elapsed: 2.3835411071777344

*** Epoch 1, batch 112/520 ***
Training fitness: 0.8743571100503519
Model size: (4, 8)
Validation fitness: 0.8272292210374789 
Elapsed: 2.3561055660247803

*** Epoch 1, batch 113/520 ***
Training fitness: 0.8113997592083112
Model size: (7, 12)
Validation fitness: 0.8067535558426285 
Elapsed: 2.4087448120117188

*** Epoch 1, batch 114/520 ***
Training fitness: 0.8728738255517648
Model size: (8, 14)
Validation fitness: 0.8247799994832772 
Elapsed: 2.4759979248046875

*** Epoch 1, batch 115/520 ***
Training fitness: 0.8616857452118113
Model size: (8, 8)
Validation fitness: 0.7814988127212997 
Elapsed: 2.4470386505126953

*** Epoch 1, batch 116/520 ***
Training fitness: 0.860654324710887
Model size: (6, 11)
Validation fitness: 0.8450658290367465 
Elapsed: 2.3265483379364014

*** Epoch 1, batch 117/520 ***
Training fitness: 0.8357666834916525
Model size: (4, 8)
Validation fitness: 0.8272292210374789 
Elapsed: 2.443225622177124

*** Epoch 1, batch 118/520 ***
Training fitness: 0.8104653926627752
Model size: (7, 12)
Validation fitness: 0.8067535558426285 
Elapsed: 2.4562582969665527

*** Epoch 1, batch 119/520 ***
Training fitness: 0.8899558461940185
Model size: (7, 14)
Validation fitness: 0.8434997474637601 
Elapsed: 2.5118091106414795

*** Epoch 1, batch 120/520 ***
Training fitness: 0.8231191818059519
Model size: (6, 14)
Validation fitness: 0.7846159344291028 
Elapsed: 2.5171236991882324

*** Epoch 1, batch 121/520 ***
Training fitness: 0.8121144839418427
Model size: (7, 14)
Validation fitness: 0.8434997474637601 
Elapsed: 2.5165834426879883

*** Epoch 1, batch 122/520 ***
Training fitness: 0.8270709161672857
Model size: (5, 12)
Validation fitness: 0.8063625706700658 
Elapsed: 2.5100555419921875

*** Epoch 1, batch 123/520 ***
Training fitness: 0.7621818374541088
Model size: (6, 9)
Validation fitness: 0.8179651938924763 
Elapsed: 2.5959270000457764

*** Epoch 1, batch 124/520 ***
Training fitness: 0.8358318401898499
Model size: (7, 12)
Validation fitness: 0.8067535558426285 
Elapsed: 2.4821977615356445

*** Epoch 1, batch 125/520 ***
Training fitness: 0.8033496059615906
Model size: (6, 9)
Validation fitness: 0.8179651938924763 
Elapsed: 2.5016627311706543

*** Epoch 1, batch 126/520 ***
Training fitness: 0.86163699388777
Model size: (9, 19)
Validation fitness: 0.8533657926312295 
Elapsed: 2.579981803894043

*** Epoch 1, batch 127/520 ***
Training fitness: 0.8414180840238241
Model size: (10, 21)
Validation fitness: 0.8422382595713022 
Elapsed: 2.5265188217163086

*** Epoch 1, batch 128/520 ***
Training fitness: 0.8439578915976637
Model size: (7, 14)
Validation fitness: 0.7759908405617194 
Elapsed: 2.403834104537964

*** Epoch 1, batch 129/520 ***
Training fitness: 0.8516121421052438
Model size: (9, 19)
Validation fitness: 0.8533657926312295 
Elapsed: 2.6152498722076416

*** Epoch 1, batch 130/520 ***
Training fitness: 0.8673309339434461
Model size: (9, 19)
Validation fitness: 0.8533657926312295 
Elapsed: 2.5650699138641357

*** Epoch 1, batch 131/520 ***
Training fitness: 0.8326330741613641
Model size: (9, 19)
Validation fitness: 0.8533657926312295 
Elapsed: 2.6065452098846436

*** Epoch 1, batch 132/520 ***
Training fitness: 0.8780894747982789
Model size: (9, 19)
Validation fitness: 0.8533657926312295 
Elapsed: 2.758923292160034

*** Epoch 1, batch 133/520 ***
Training fitness: 0.8296807959027928
Model size: (9, 19)
Validation fitness: 0.8533657926312295 
Elapsed: 2.66331148147583

*** Epoch 1, batch 134/520 ***
Training fitness: 0.8380115674062426
Model size: (9, 19)
Validation fitness: 0.8533657926312295 
Elapsed: 2.562950611114502

*** Epoch 1, batch 135/520 ***
Training fitness: 0.8035281746639245
Model size: (5, 11)
Validation fitness: 0.826042493967256 
Elapsed: 2.4896719455718994

*** Epoch 1, batch 136/520 ***
Training fitness: 0.8404918736860297
Model size: (9, 19)
Validation fitness: 0.8533657926312295 
Elapsed: 2.6270148754119873

*** Epoch 1, batch 137/520 ***
Training fitness: 0.8437936637744331
Model size: (9, 19)
Validation fitness: 0.8533657926312295 
Elapsed: 2.5600717067718506

*** Epoch 1, batch 138/520 ***
Training fitness: 0.8492717702598005
Model size: (10, 20)
Validation fitness: 0.843350674933788 
Elapsed: 2.5381829738616943

*** Epoch 1, batch 139/520 ***
Training fitness: 0.8338875665641902
Model size: (10, 17)
Validation fitness: 0.8522313070362153 
Elapsed: 2.5460150241851807

*** Epoch 1, batch 140/520 ***
Training fitness: 0.8379136651324259
Model size: (5, 11)
Validation fitness: 0.826042493967256 
Elapsed: 2.6072769165039062

*** Epoch 1, batch 141/520 ***
Training fitness: 0.8538339856009328
Model size: (9, 20)
Validation fitness: 0.8435259489244507 
Elapsed: 2.6663219928741455

*** Epoch 1, batch 142/520 ***
Training fitness: 0.8745578283358373
Model size: (6, 13)
Validation fitness: 0.7952704964391584 
Elapsed: 2.6372382640838623

*** Epoch 1, batch 143/520 ***
Training fitness: 0.8914999716646557
Model size: (5, 10)
Validation fitness: 0.8163019731607072 
Elapsed: 2.480604648590088

*** Epoch 1, batch 144/520 ***
Training fitness: 0.8521589913715027
Model size: (2, 5)
Validation fitness: 0.8338647295710638 
Elapsed: 2.217982053756714

*** Epoch 1, batch 145/520 ***
Training fitness: 0.8768254239829255
Model size: (2, 5)
Validation fitness: 0.8338647295710638 
Elapsed: 2.247328996658325

*** Epoch 1, batch 146/520 ***
Training fitness: 0.8572716285421584
Model size: (8, 13)
Validation fitness: 0.8212372531428556 
Elapsed: 2.306792974472046

*** Epoch 1, batch 147/520 ***
Training fitness: 0.8674257783326655
Model size: (2, 5)
Validation fitness: 0.8235057818006787 
Elapsed: 2.2116386890411377

*** Epoch 1, batch 148/520 ***
Training fitness: 0.847801048150821
Model size: (10, 18)
Validation fitness: 0.8225230569674183 
Elapsed: 2.5759501457214355

*** Epoch 1, batch 149/520 ***
Training fitness: 0.8406248463371138
Model size: (10, 18)
Validation fitness: 0.8225230569674183 
Elapsed: 2.525688648223877

*** Epoch 1, batch 150/520 ***
Training fitness: 0.835590554068473
Model size: (6, 12)
Validation fitness: 0.822814036255116 
Elapsed: 2.5307133197784424

*** Epoch 1, batch 151/520 ***
Training fitness: 0.8750458630720198
Model size: (2, 6)
Validation fitness: 0.8095806180817122 
Elapsed: 2.35504412651062

*** Epoch 1, batch 152/520 ***
Training fitness: 0.8482698953378359
Model size: (6, 12)
Validation fitness: 0.822814036255116 
Elapsed: 2.5827434062957764

*** Epoch 1, batch 153/520 ***
Training fitness: 0.8365991839455381
Model size: (6, 10)
Validation fitness: 0.8481619027892255 
Elapsed: 2.577460765838623

*** Epoch 1, batch 154/520 ***
Training fitness: 0.8577016811881877
Model size: (6, 10)
Validation fitness: 0.8481619027892255 
Elapsed: 2.5567140579223633

*** Epoch 1, batch 155/520 ***
Training fitness: 0.8252483974100856
Model size: (6, 10)
Validation fitness: 0.8481619027892255 
Elapsed: 2.6246793270111084

*** Epoch 1, batch 156/520 ***
Training fitness: 0.882839442532776
Model size: (2, 5)
Validation fitness: 0.8338647295710638 
Elapsed: 2.4522292613983154

*** Epoch 1, batch 157/520 ***
Training fitness: 0.8337133838507278
Model size: (5, 8)
Validation fitness: 0.8456459486059614 
Elapsed: 2.3233938217163086

*** Epoch 1, batch 158/520 ***
Training fitness: 0.8265197031622062
Model size: (6, 10)
Validation fitness: 0.8389188245766469 
Elapsed: 2.4697000980377197

*** Epoch 1, batch 159/520 ***
Training fitness: 0.8745037202646749
Model size: (6, 12)
Validation fitness: 0.822814036255116 
Elapsed: 2.482145309448242

*** Epoch 1, batch 160/520 ***
Training fitness: 0.8722848294753022
Model size: (6, 9)
Validation fitness: 0.8561250080242442 
Elapsed: 2.4375650882720947

*** Epoch 1, batch 161/520 ***
Training fitness: 0.864152857520835
Model size: (5, 7)
Validation fitness: 0.8487047495021773 
Elapsed: 2.404297113418579

*** Epoch 1, batch 162/520 ***
Training fitness: 0.8862769189341135
Model size: (5, 7)
Validation fitness: 0.8487047495021773 
Elapsed: 2.3538758754730225

*** Epoch 1, batch 163/520 ***
Training fitness: 0.8611841928116044
Model size: (6, 9)
Validation fitness: 0.8561250080242442 
Elapsed: 2.4666550159454346

*** Epoch 1, batch 164/520 ***
Training fitness: 0.8486760972712566
Model size: (7, 13)
Validation fitness: 0.82895089913448 
Elapsed: 2.605152130126953

*** Epoch 1, batch 165/520 ***
Training fitness: 0.8259455792975078
Model size: (5, 11)
Validation fitness: 0.7885257690253552 
Elapsed: 2.5559911727905273

*** Epoch 1, batch 166/520 ***
Training fitness: 0.8828894030335825
Model size: (5, 7)
Validation fitness: 0.8487047495021773 
Elapsed: 2.489603281021118

*** Epoch 1, batch 167/520 ***
Training fitness: 0.8547245277420102
Model size: (6, 9)
Validation fitness: 0.8561250080242442 
Elapsed: 2.441692590713501

*** Epoch 1, batch 168/520 ***
Training fitness: 0.8666356457012091
Model size: (5, 7)
Validation fitness: 0.8710072608773672 
Elapsed: 2.321847915649414

*** Epoch 1, batch 169/520 ***
Training fitness: 0.8733078436646732
Model size: (5, 7)
Validation fitness: 0.8710072608773672 
Elapsed: 2.295645236968994

*** Epoch 1, batch 170/520 ***
Training fitness: 0.8462597487443481
Model size: (5, 7)
Validation fitness: 0.8710072608773672 
Elapsed: 2.2573814392089844

*** Epoch 1, batch 171/520 ***
Training fitness: 0.8607808510193807
Model size: (6, 9)
Validation fitness: 0.8561250080242442 
Elapsed: 2.2764933109283447

*** Epoch 1, batch 172/520 ***
Training fitness: 0.8778580928761867
Model size: (5, 7)
Validation fitness: 0.8710072608773672 
Elapsed: 2.2243058681488037

*** Epoch 1, batch 173/520 ***
Training fitness: 0.8504830811559817
Model size: (5, 7)
Validation fitness: 0.8710072608773672 
Elapsed: 2.368675947189331

*** Epoch 1, batch 174/520 ***
Training fitness: 0.8626527741136277
Model size: (6, 9)
Validation fitness: 0.8561250080242442 
Elapsed: 2.3093621730804443

*** Epoch 1, batch 175/520 ***
Training fitness: 0.8706393619247024
Model size: (5, 7)
Validation fitness: 0.8710072608773672 
Elapsed: 2.1886816024780273

*** Epoch 1, batch 176/520 ***
Training fitness: 0.8907927583559065
Model size: (5, 7)
Validation fitness: 0.8710072608773672 
Elapsed: 2.1921732425689697

*** Epoch 1, batch 177/520 ***
Training fitness: 0.892155507225113
Model size: (6, 9)
Validation fitness: 0.8561250080242442 
Elapsed: 2.231245517730713

*** Epoch 1, batch 178/520 ***
Training fitness: 0.8450935229165145
Model size: (6, 9)
Validation fitness: 0.8561250080242442 
Elapsed: 2.2786800861358643

*** Epoch 1, batch 179/520 ***
Training fitness: 0.8319220789144064
Model size: (6, 9)
Validation fitness: 0.8561250080242442 
Elapsed: 2.3880326747894287

*** Epoch 1, batch 180/520 ***
Training fitness: 0.8576885471642762
Model size: (6, 9)
Validation fitness: 0.8561250080242442 
Elapsed: 2.2886879444122314

*** Epoch 1, batch 181/520 ***
Training fitness: 0.8806174411344414
Model size: (6, 9)
Validation fitness: 0.8727306773203581 
Elapsed: 2.315264940261841

*** Epoch 1, batch 182/520 ***
Training fitness: 0.8488425818064955
Model size: (6, 9)
Validation fitness: 0.8727306773203581 
Elapsed: 2.471853256225586

*** Epoch 1, batch 183/520 ***
Training fitness: 0.8741640186050763
Model size: (6, 9)
Validation fitness: 0.8561250080242442 
Elapsed: 2.321739673614502

*** Epoch 1, batch 184/520 ***
Training fitness: 0.8509454953971419
Model size: (6, 9)
Validation fitness: 0.8727306773203581 
Elapsed: 2.35837459564209

*** Epoch 1, batch 185/520 ***
Training fitness: 0.8630705452587882
Model size: (6, 9)
Validation fitness: 0.8561250080242442 
Elapsed: 2.3989572525024414

*** Epoch 1, batch 186/520 ***
Training fitness: 0.9035841064985977
Model size: (6, 9)
Validation fitness: 0.8727306773203581 
Elapsed: 2.3392446041107178

*** Epoch 1, batch 187/520 ***
Training fitness: 0.8295406877856663
Model size: (10, 19)
Validation fitness: 0.8083042394892144 
Elapsed: 2.1889452934265137

*** Epoch 1, batch 188/520 ***
Training fitness: 0.8402824657597804
Model size: (6, 9)
Validation fitness: 0.8727306773203581 
Elapsed: 2.329183578491211

*** Epoch 1, batch 189/520 ***
Training fitness: 0.8346715445620434
Model size: (6, 9)
Validation fitness: 0.8727306773203581 
Elapsed: 2.338679790496826

*** Epoch 1, batch 190/520 ***
Training fitness: 0.862886151077445
Model size: (6, 9)
Validation fitness: 0.8727306773203581 
Elapsed: 2.3302853107452393

*** Epoch 1, batch 191/520 ***
Training fitness: 0.8834453614921961
Model size: (6, 9)
Validation fitness: 0.8727306773203581 
Elapsed: 2.259291648864746

*** Epoch 1, batch 192/520 ***
Training fitness: 0.898937840495455
Model size: (6, 9)
Validation fitness: 0.8727306773203581 
Elapsed: 2.2899184226989746

*** Epoch 1, batch 193/520 ***
Training fitness: 0.8264576512374493
Model size: (6, 9)
Validation fitness: 0.8727306773203581 
Elapsed: 2.199964761734009

*** Epoch 1, batch 194/520 ***
Training fitness: 0.880512568398767
Model size: (6, 9)
Validation fitness: 0.8727306773203581 
Elapsed: 2.284438133239746

*** Epoch 1, batch 195/520 ***
Training fitness: 0.8535899278026547
Model size: (6, 9)
Validation fitness: 0.8727306773203581 
Elapsed: 2.360384941101074

*** Epoch 1, batch 196/520 ***
Training fitness: 0.8684925533990204
Model size: (6, 9)
Validation fitness: 0.8727306773203581 
Elapsed: 2.3338282108306885

*** Epoch 1, batch 197/520 ***
Training fitness: 0.8357364780315109
Model size: (9, 12)
Validation fitness: 0.8093116911032633 
Elapsed: 2.2068064212799072

*** Epoch 1, batch 198/520 ***
Training fitness: 0.852678069392993
Model size: (11, 19)
Validation fitness: 0.8334254038326776 
Elapsed: 2.52054500579834

*** Epoch 1, batch 199/520 ***
Training fitness: 0.8717240973546965
Model size: (5, 10)
Validation fitness: 0.7869348163964495 
Elapsed: 2.217294454574585

*** Epoch 1, batch 200/520 ***
Training fitness: 0.8870821939672503
Model size: (4, 9)
Validation fitness: 0.8209411939770302 
Elapsed: 2.2062790393829346

*** Epoch 1, batch 201/520 ***
Training fitness: 0.8380898039151423
Model size: (9, 10)
Validation fitness: 0.8190194733124444 
Elapsed: 2.3024022579193115

*** Epoch 1, batch 202/520 ***
Training fitness: 0.8443367531560239
Model size: (4, 9)
Validation fitness: 0.8209411939770302 
Elapsed: 2.2668871879577637

*** Epoch 1, batch 203/520 ***
Training fitness: 0.8282716509505247
Model size: (4, 9)
Validation fitness: 0.8209411939770302 
Elapsed: 2.314403533935547

*** Epoch 1, batch 204/520 ***
Training fitness: 0.8585896107425969
Model size: (17, 28)
Validation fitness: 0.7937733762719422 
Elapsed: 2.450025796890259

*** Epoch 1, batch 205/520 ***
Training fitness: 0.8839361181208191
Model size: (9, 13)
Validation fitness: 0.8110754365393797 
Elapsed: 2.2601752281188965

*** Epoch 1, batch 206/520 ***
Training fitness: 0.8622165169020112
Model size: (10, 15)
Validation fitness: 0.8175306543130297 
Elapsed: 2.1985621452331543

*** Epoch 1, batch 207/520 ***
Training fitness: 0.8205150391122434
Model size: (11, 15)
Validation fitness: 0.7919355105096647 
Elapsed: 2.1112852096557617

*** Epoch 1, batch 208/520 ***
Training fitness: 0.8513162801457863
Model size: (10, 14)
Validation fitness: 0.8232381789897294 
Elapsed: 2.093414783477783

*** Epoch 1, batch 209/520 ***
Training fitness: 0.8421214924452667
Model size: (10, 14)
Validation fitness: 0.8232381789897294 
Elapsed: 2.018317699432373

*** Epoch 1, batch 210/520 ***
Training fitness: 0.8934571615036561
Model size: (5, 12)
Validation fitness: 0.8721841339458697 
Elapsed: 2.2026031017303467

*** Epoch 1, batch 211/520 ***
Training fitness: 0.80786484635001
Model size: (5, 12)
Validation fitness: 0.8721841339458697 
Elapsed: 2.190999746322632

*** Epoch 1, batch 212/520 ***
Training fitness: 0.8918229301240362
Model size: (5, 12)
Validation fitness: 0.8721841339458697 
Elapsed: 2.1064069271087646

*** Epoch 1, batch 213/520 ***
Training fitness: 0.8887178269992522
Model size: (5, 12)
Validation fitness: 0.8721841339458697 
Elapsed: 2.150099992752075

*** Epoch 1, batch 214/520 ***
Training fitness: 0.8428490747716922
Model size: (5, 11)
Validation fitness: 0.8511387567852715 
Elapsed: 2.142700672149658

*** Epoch 1, batch 215/520 ***
Training fitness: 0.8540666217749401
Model size: (9, 15)
Validation fitness: 0.8303988515368018 
Elapsed: 2.1873459815979004

*** Epoch 1, batch 216/520 ***
Training fitness: 0.8439578915976637
Model size: (5, 12)
Validation fitness: 0.8686731200315588 
Elapsed: 2.138700008392334

*** Epoch 1, batch 217/520 ***
Training fitness: 0.9101116152685967
Model size: (5, 12)
Validation fitness: 0.8721841339458697 
Elapsed: 2.0550615787506104

*** Epoch 1, batch 218/520 ***
Training fitness: 0.8842246115503377
Model size: (6, 13)
Validation fitness: 0.8752376332866666 
Elapsed: 2.0450587272644043

*** Epoch 1, batch 219/520 ***
Training fitness: 0.8684524891592502
Model size: (6, 15)
Validation fitness: 0.8640632660182515 
Elapsed: 2.198577642440796

*** Epoch 1, batch 220/520 ***
Training fitness: 0.8918654254555362
Model size: (6, 15)
Validation fitness: 0.8640632660182515 
Elapsed: 2.211282253265381

*** Epoch 1, batch 221/520 ***
Training fitness: 0.8684871746040874
Model size: (6, 15)
Validation fitness: 0.8640632660182515 
Elapsed: 2.1883938312530518

*** Epoch 1, batch 222/520 ***
Training fitness: 0.8483838696011449
Model size: (9, 17)
Validation fitness: 0.8764402283929897 
Elapsed: 2.12508225440979

*** Epoch 1, batch 223/520 ***
Training fitness: 0.8283122798094846
Model size: (9, 17)
Validation fitness: 0.8764402283929897 
Elapsed: 2.151853322982788

*** Epoch 1, batch 224/520 ***
Training fitness: 0.8655406954021599
Model size: (9, 17)
Validation fitness: 0.8764402283929897 
Elapsed: 2.25361967086792

*** Epoch 1, batch 225/520 ***
Training fitness: 0.8163150612310676
Model size: (6, 15)
Validation fitness: 0.8640632660182515 
Elapsed: 2.206665277481079

*** Epoch 1, batch 226/520 ***
Training fitness: 0.8831319452925261
Model size: (9, 17)
Validation fitness: 0.8764402283929897 
Elapsed: 2.2053298950195312

*** Epoch 1, batch 227/520 ***
Training fitness: 0.8961455925668123
Model size: (7, 12)
Validation fitness: 0.8785268663436829 !!!
Elapsed: 2.2228140830993652

*** Epoch 1, batch 228/520 ***
Training fitness: 0.9011771109424468
Model size: (10, 18)
Validation fitness: 0.8646414086912418 
Elapsed: 2.1741836071014404

*** Epoch 1, batch 229/520 ***
Training fitness: 0.8778361806651461
Model size: (9, 17)
Validation fitness: 0.8764402283929897 
Elapsed: 2.224271535873413

*** Epoch 1, batch 230/520 ***
Training fitness: 0.847226710138027
Model size: (6, 14)
Validation fitness: 0.867626699333321 
Elapsed: 2.2892730236053467

*** Epoch 1, batch 231/520 ***
Training fitness: 0.8790644998766973
Model size: (7, 12)
Validation fitness: 0.8176251161517145 
Elapsed: 2.2166221141815186

*** Epoch 1, batch 232/520 ***
Training fitness: 0.863461418186654
Model size: (7, 12)
Validation fitness: 0.8785268663436829 
Elapsed: 2.213313102722168

*** Epoch 1, batch 233/520 ***
Training fitness: 0.8752747652787257
Model size: (6, 15)
Validation fitness: 0.8561086648726279 
Elapsed: 2.1610960960388184

*** Epoch 1, batch 234/520 ***
Training fitness: 0.9006666378665225
Model size: (9, 17)
Validation fitness: 0.8764402283929897 
Elapsed: 2.12245512008667

*** Epoch 1, batch 235/520 ***
Training fitness: 0.8816333938053345
Model size: (10, 18)
Validation fitness: 0.8646414086912418 
Elapsed: 2.228447437286377

*** Epoch 1, batch 236/520 ***
Training fitness: 0.8542730260147162
Model size: (7, 14)
Validation fitness: 0.8656554501831013 
Elapsed: 2.1751339435577393

*** Epoch 1, batch 237/520 ***
Training fitness: 0.9222688348834752
Model size: (6, 14)
Validation fitness: 0.8396255491113922 
Elapsed: 2.219041347503662

*** Epoch 1, batch 238/520 ***
Training fitness: 0.9008820614300475
Model size: (10, 18)
Validation fitness: 0.874000914338053 
Elapsed: 2.2758710384368896

*** Epoch 1, batch 239/520 ***
Training fitness: 0.9083813356205517
Model size: (7, 12)
Validation fitness: 0.8784607186035431 
Elapsed: 2.1780872344970703

*** Epoch 1, batch 240/520 ***
Training fitness: 0.9046234528859861
Model size: (9, 17)
Validation fitness: 0.8764402283929897 
Elapsed: 2.3490238189697266

*** Epoch 1, batch 241/520 ***
Training fitness: 0.8489590626818692
Model size: (8, 15)
Validation fitness: 0.8735430736926233 
Elapsed: 2.2045514583587646

*** Epoch 1, batch 242/520 ***
Training fitness: 0.8846428439400107
Model size: (8, 15)
Validation fitness: 0.8735430736926233 
Elapsed: 2.118046760559082

*** Epoch 1, batch 243/520 ***
Training fitness: 0.8862124157420213
Model size: (6, 14)
Validation fitness: 0.8611251416309791 
Elapsed: 2.198180913925171

*** Epoch 1, batch 244/520 ***
Training fitness: 0.8162998092299122
Model size: (5, 9)
Validation fitness: 0.7949976282048516 
Elapsed: 2.088531255722046

*** Epoch 1, batch 245/520 ***
Training fitness: 0.8290045402395314
Model size: (6, 13)
Validation fitness: 0.8465109608053876 
Elapsed: 2.2708728313446045

*** Epoch 1, batch 246/520 ***
Training fitness: 0.8626151466426553
Model size: (7, 12)
Validation fitness: 0.8684881351289375 
Elapsed: 2.1157209873199463

*** Epoch 1, batch 247/520 ***
Training fitness: 0.870301030572648
Model size: (5, 8)
Validation fitness: 0.811203610268962 
Elapsed: 2.2050225734710693

*** Epoch 1, batch 248/520 ***
Training fitness: 0.8786503815596803
Model size: (10, 16)
Validation fitness: 0.7973465844614238 
Elapsed: 2.167720079421997

*** Epoch 1, batch 249/520 ***
Training fitness: 0.8202319627888642
Model size: (7, 14)
Validation fitness: 0.8559895487046425 
Elapsed: 2.349515676498413

*** Epoch 1, batch 250/520 ***
Training fitness: 0.8528730165753561
Model size: (6, 14)
Validation fitness: 0.8611251416309791 
Elapsed: 2.345201015472412

*** Epoch 1, batch 251/520 ***
Training fitness: 0.8475827645976588
Model size: (7, 12)
Validation fitness: 0.8363031533553068 
Elapsed: 2.1975901126861572

*** Epoch 1, batch 252/520 ***
Training fitness: 0.8931781689706763
Model size: (8, 18)
Validation fitness: 0.8654753450569113 
Elapsed: 2.4187519550323486

*** Epoch 1, batch 253/520 ***
Training fitness: 0.9008820614300475
Model size: (6, 14)
Validation fitness: 0.8611251416309791 
Elapsed: 2.258963108062744

*** Epoch 1, batch 254/520 ***
Training fitness: 0.8685826176562406
Model size: (9, 18)
Validation fitness: 0.8639129107717957 
Elapsed: 2.341388702392578

*** Epoch 1, batch 255/520 ***
Training fitness: 0.8475127773349909
Model size: (6, 14)
Validation fitness: 0.8611251416309791 
Elapsed: 2.3059189319610596

*** Epoch 1, batch 256/520 ***
Training fitness: 0.8714666720783628
Model size: (11, 20)
Validation fitness: 0.8069562537598246 
Elapsed: 2.0257179737091064

*** Epoch 1, batch 257/520 ***
Training fitness: 0.8436240725411821
Model size: (6, 11)
Validation fitness: 0.8082781288349548 
Elapsed: 2.0678634643554688

*** Epoch 1, batch 258/520 ***
Training fitness: 0.8269245614646833
Model size: (4, 5)
Validation fitness: 0.7839204096402457 
Elapsed: 2.1117637157440186

*** Epoch 1, batch 259/520 ***
Training fitness: 0.8252590644056558
Model size: (11, 20)
Validation fitness: 0.8094674780637995 
Elapsed: 2.149649143218994

*** Epoch 1, batch 260/520 ***
Training fitness: 0.8417372315210054
Model size: (11, 20)
Validation fitness: 0.8094674780637995 
Elapsed: 2.189119577407837

*** Epoch 1, batch 261/520 ***
Training fitness: 0.8355709539679641
Model size: (5, 10)
Validation fitness: 0.7978997046238452 
Elapsed: 2.4237804412841797

*** Epoch 1, batch 262/520 ***
Training fitness: 0.8028028215152387
Model size: (11, 20)
Validation fitness: 0.8094674780637995 
Elapsed: 2.161104917526245

*** Epoch 1, batch 263/520 ***
Training fitness: 0.8933554773118235
Model size: (11, 20)
Validation fitness: 0.8094674780637995 
Elapsed: 2.144092321395874

*** Epoch 1, batch 264/520 ***
Training fitness: 0.8180015027678323
Model size: (11, 16)
Validation fitness: 0.795346502474637 
Elapsed: 1.9553804397583008

*** Epoch 1, batch 265/520 ***
Training fitness: 0.8743481385127231
Model size: (6, 14)
Validation fitness: 0.82824060527255 
Elapsed: 3.128295421600342

*** Epoch 1, batch 266/520 ***
Training fitness: 0.842478905193719
Model size: (6, 14)
Validation fitness: 0.82824060527255 
Elapsed: 3.9841814041137695

*** Epoch 1, batch 267/520 ***
Training fitness: 0.8159547305034024
Model size: (11, 20)
Validation fitness: 0.8094674780637995 
Elapsed: 4.068928241729736

*** Epoch 1, batch 268/520 ***
Training fitness: 0.832841420129606
Model size: (6, 15)
Validation fitness: 0.830775013990301 
Elapsed: 4.014677047729492

*** Epoch 1, batch 269/520 ***
Training fitness: 0.8463367679796223
Model size: (6, 16)
Validation fitness: 0.8313514693490381 
Elapsed: 4.166355609893799

*** Epoch 1, batch 270/520 ***
Training fitness: 0.828657443703665
Model size: (4, 8)
Validation fitness: 0.7745036719798344 
Elapsed: 4.2724316120147705

*** Epoch 1, batch 271/520 ***
Training fitness: 0.8360672479607163
Model size: (6, 12)
Validation fitness: 0.8100993075871601 
Elapsed: 4.342824935913086

*** Epoch 1, batch 272/520 ***
Training fitness: 0.8062414752762948
Model size: (7, 13)
Validation fitness: 0.788452594437277 
Elapsed: 4.138782978057861

*** Epoch 1, batch 273/520 ***
Training fitness: 0.8271974880617592
Model size: (6, 12)
Validation fitness: 0.7917200721454473 
Elapsed: 4.734276056289673

*** Epoch 1, batch 274/520 ***
Training fitness: 0.8375211870712178
Model size: (4, 7)
Validation fitness: 0.7842156476784279 
Elapsed: 4.382915019989014

*** Epoch 1, batch 275/520 ***
Training fitness: 0.8543479122947835
Model size: (8, 19)
Validation fitness: 0.8063264906296683 
Elapsed: 4.204868316650391

*** Epoch 1, batch 276/520 ***
Training fitness: 0.7963084642558638
Model size: (5, 11)
Validation fitness: 0.8103571269615994 
Elapsed: 4.3238525390625

*** Epoch 1, batch 277/520 ***
Training fitness: 0.8176514763954459
Model size: (5, 10)
Validation fitness: 0.7833695624165282 
Elapsed: 4.321549654006958

*** Epoch 1, batch 278/520 ***
Training fitness: 0.8242058021772273
Model size: (9, 22)
Validation fitness: 0.7935294936972654 
Elapsed: 4.318071365356445

*** Epoch 1, batch 279/520 ***
Training fitness: 0.7839452657544932
Model size: (8, 14)
Validation fitness: 0.7969383742393847 
Elapsed: 4.454946279525757

*** Epoch 1, batch 280/520 ***
Training fitness: 0.7936408175297658
Model size: (8, 14)
Validation fitness: 0.7969383742393847 
Elapsed: 4.607582092285156

*** Epoch 1, batch 281/520 ***
Training fitness: 0.7940058647163344
Model size: (8, 15)
Validation fitness: 0.782278466517057 
Elapsed: 4.65042781829834

*** Epoch 1, batch 282/520 ***
Training fitness: 0.8435189157191479
Model size: (5, 5)
Validation fitness: 0.812030719299295 
Elapsed: 3.9327402114868164

*** Epoch 1, batch 283/520 ***
Training fitness: 0.8372818623459113
Model size: (5, 7)
Validation fitness: 0.7923802122068828 
Elapsed: 4.031797170639038

*** Epoch 1, batch 284/520 ***
Training fitness: 0.7947392456556166
Model size: (4, 11)
Validation fitness: 0.792190205052612 
Elapsed: 4.654084205627441

*** Epoch 1, batch 285/520 ***
Training fitness: 0.8459268136240259
Model size: (8, 15)
Validation fitness: 0.7971709636998804 
Elapsed: 4.345688819885254

*** Epoch 1, batch 286/520 ***
Training fitness: 0.8405678853362605
Model size: (5, 9)
Validation fitness: 0.7908671237064416 
Elapsed: 3.8367841243743896

*** Epoch 1, batch 287/520 ***
Training fitness: 0.8601380112365595
Model size: (8, 14)
Validation fitness: 0.8037061818360587 
Elapsed: 4.433526277542114

*** Epoch 1, batch 288/520 ***
Training fitness: 0.8391381480567756
Model size: (4, 6)
Validation fitness: 0.8224473676281241 
Elapsed: 4.164589881896973

*** Epoch 1, batch 289/520 ***
Training fitness: 0.8759102280333407
Model size: (5, 6)
Validation fitness: 0.8187877497467769 
Elapsed: 4.433115482330322

*** Epoch 1, batch 290/520 ***
Training fitness: 0.8437340182796239
Model size: (4, 4)
Validation fitness: 0.7988170725305634 
Elapsed: 4.325654745101929

*** Epoch 1, batch 291/520 ***
Training fitness: 0.8754190704188971
Model size: (5, 9)
Validation fitness: 0.7908671237064416 
Elapsed: 4.573365926742554

*** Epoch 1, batch 292/520 ***
Training fitness: 0.8455149482803977
Model size: (5, 7)
Validation fitness: 0.7803669231111708 
Elapsed: 4.45651388168335

*** Epoch 1, batch 293/520 ***
Training fitness: 0.8464910905491421
Model size: (5, 10)
Validation fitness: 0.8204330828767401 
Elapsed: 4.750473737716675

*** Epoch 1, batch 294/520 ***
Training fitness: 0.8426577991200757
Model size: (7, 11)
Validation fitness: 0.7933150952438718 
Elapsed: 4.533000230789185

*** Epoch 1, batch 295/520 ***
Training fitness: 0.8221274471239274
Model size: (5, 9)
Validation fitness: 0.7908671237064416 
Elapsed: 4.542924165725708

*** Epoch 1, batch 296/520 ***
Training fitness: 0.8405903439546888
Model size: (5, 8)
Validation fitness: 0.784836129276481 
Elapsed: 4.460005044937134

*** Epoch 1, batch 297/520 ***
Training fitness: 0.7844760891693721
Model size: (5, 10)
Validation fitness: 0.8204330828767401 
Elapsed: 4.530945301055908

*** Epoch 1, batch 298/520 ***
Training fitness: 0.8495863533964442
Model size: (5, 7)
Validation fitness: 0.8193154991303433 
Elapsed: 4.273576498031616

*** Epoch 1, batch 299/520 ***
Training fitness: 0.8929670019113017
Model size: (5, 8)
Validation fitness: 0.8236825572859316 
Elapsed: 4.632992267608643

*** Epoch 1, batch 300/520 ***
Training fitness: 0.8134828894537102
Model size: (5, 8)
Validation fitness: 0.8236825572859316 
Elapsed: 4.551181316375732

*** Epoch 1, batch 301/520 ***
Training fitness: 0.8354585736094419
Model size: (7, 17)
Validation fitness: 0.7954140415625183 
Elapsed: 5.049949407577515

*** Epoch 1, batch 302/520 ***
Training fitness: 0.8733769231063284
Model size: (5, 7)
Validation fitness: 0.8231329802800379 
Elapsed: 4.531336307525635

*** Epoch 1, batch 303/520 ***
Training fitness: 0.8678633947441576
Model size: (6, 10)
Validation fitness: 0.828929452941449 
Elapsed: 4.522857189178467

*** Epoch 1, batch 304/520 ***
Training fitness: 0.8825883974976878
Model size: (6, 10)
Validation fitness: 0.828929452941449 
Elapsed: 4.472318172454834

*** Epoch 1, batch 305/520 ***
Training fitness: 0.8008255638094681
Model size: (6, 10)
Validation fitness: 0.8509539891924586 
Elapsed: 4.729794263839722

*** Epoch 1, batch 306/520 ***
Training fitness: 0.8516758202778619
Model size: (6, 10)
Validation fitness: 0.8509539891924586 
Elapsed: 4.549006462097168

*** Epoch 1, batch 307/520 ***
Training fitness: 0.8566262355601351
Model size: (6, 10)
Validation fitness: 0.8509539891924586 
Elapsed: 4.660428524017334

*** Epoch 1, batch 308/520 ***
Training fitness: 0.8538515921609121
Model size: (10, 21)
Validation fitness: 0.8295000366931011 
Elapsed: 4.800650119781494

*** Epoch 1, batch 309/520 ***
Training fitness: 0.8850580591257983
Model size: (6, 13)
Validation fitness: 0.8184891001582418 
Elapsed: 4.542550325393677

*** Epoch 1, batch 310/520 ***
Training fitness: 0.8941652042182352
Model size: (6, 10)
Validation fitness: 0.8509539891924586 
Elapsed: 4.566637754440308

*** Epoch 1, batch 311/520 ***
Training fitness: 0.8961455925668123
Model size: (6, 10)
Validation fitness: 0.8509539891924586 
Elapsed: 4.6834259033203125

*** Epoch 1, batch 312/520 ***
Training fitness: 0.7831039124549193
Model size: (6, 10)
Validation fitness: 0.8509539891924586 
Elapsed: 4.621371746063232

*** Epoch 1, batch 313/520 ***
Training fitness: 0.870314586946477
Model size: (6, 10)
Validation fitness: 0.8436932978149866 
Elapsed: 4.682966470718384

*** Epoch 1, batch 314/520 ***
Training fitness: 0.8449245454571689
Model size: (10, 21)
Validation fitness: 0.8295000366931011 
Elapsed: 4.925979375839233

*** Epoch 1, batch 315/520 ***
Training fitness: 0.9001290358086588
Model size: (6, 12)
Validation fitness: 0.8238557850432096 
Elapsed: 4.616525173187256

*** Epoch 1, batch 316/520 ***
Training fitness: 0.7760436330296538
Model size: (6, 12)
Validation fitness: 0.7874813578804993 
Elapsed: 4.54638934135437

*** Epoch 1, batch 317/520 ***
Training fitness: 0.7956712977576348
Model size: (11, 23)
Validation fitness: 0.8159263506516382 
Elapsed: 4.805756568908691

*** Epoch 1, batch 318/520 ***
Training fitness: 0.8116899074765741
Model size: (10, 21)
Validation fitness: 0.8295000366931011 
Elapsed: 4.98710298538208

*** Epoch 1, batch 319/520 ***
Training fitness: 0.8631397543507988
Model size: (10, 21)
Validation fitness: 0.8295000366931011 
Elapsed: 5.004062175750732

*** Epoch 1, batch 320/520 ***
Training fitness: 0.8444233728885883
Model size: (10, 13)
Validation fitness: 0.8115816358925999 
Elapsed: 4.254839897155762

*** Epoch 1, batch 321/520 ***
Training fitness: 0.8313237358092475
Model size: (9, 13)
Validation fitness: 0.8025510962645682 
Elapsed: 4.385141134262085

*** Epoch 1, batch 322/520 ***
Training fitness: 0.8497136655433776
Model size: (6, 11)
Validation fitness: 0.7668140951484488 
Elapsed: 4.56740140914917

*** Epoch 1, batch 323/520 ***
Training fitness: 0.8106768818284474
Model size: (10, 13)
Validation fitness: 0.8173249230808687 
Elapsed: 4.269645929336548

*** Epoch 1, batch 324/520 ***
Training fitness: 0.838925387980811
Model size: (7, 12)
Validation fitness: 0.8112375406231446 
Elapsed: 4.295494556427002

*** Epoch 1, batch 325/520 ***
Training fitness: 0.8321105398157547
Model size: (7, 11)
Validation fitness: 0.8175624409492712 
Elapsed: 4.2923901081085205

*** Epoch 1, batch 326/520 ***
Training fitness: 0.8140055475550402
Model size: (8, 13)
Validation fitness: 0.8082673700081368 
Elapsed: 4.4724040031433105

*** Epoch 1, batch 327/520 ***
Training fitness: 0.8740079746666511
Model size: (10, 13)
Validation fitness: 0.822547313655381 
Elapsed: 4.148710250854492

*** Epoch 1, batch 328/520 ***
Training fitness: 0.8349071473601695
Model size: (10, 15)
Validation fitness: 0.820923297368888 
Elapsed: 4.019511461257935

*** Epoch 1, batch 329/520 ***
Training fitness: 0.8036349067410213
Model size: (5, 10)
Validation fitness: 0.7848516727020282 
Elapsed: 4.081186294555664

*** Epoch 1, batch 330/520 ***
Training fitness: 0.8224337188449237
Model size: (10, 13)
Validation fitness: 0.822547313655381 
Elapsed: 4.187299013137817

*** Epoch 1, batch 331/520 ***
Training fitness: 0.8284845237508274
Model size: (7, 11)
Validation fitness: 0.7874061748636834 
Elapsed: 3.936274766921997

*** Epoch 1, batch 332/520 ***
Training fitness: 0.851814550468418
Model size: (10, 13)
Validation fitness: 0.822547313655381 
Elapsed: 4.253896474838257

*** Epoch 1, batch 333/520 ***
Training fitness: 0.8438530156892917
Model size: (11, 14)
Validation fitness: 0.819309448782225 
Elapsed: 4.330359935760498

*** Epoch 1, batch 334/520 ***
Training fitness: 0.8753896432705672
Model size: (10, 13)
Validation fitness: 0.822547313655381 
Elapsed: 4.408799409866333

*** Epoch 1, batch 335/520 ***
Training fitness: 0.7908935208374016
Model size: (10, 13)
Validation fitness: 0.822547313655381 
Elapsed: 4.352118253707886

*** Epoch 1, batch 336/520 ***
Training fitness: 0.81336779033648
Model size: (6, 9)
Validation fitness: 0.7798250839999591 
Elapsed: 4.3032402992248535

*** Epoch 1, batch 337/520 ***
Training fitness: 0.8350570664804075
Model size: (10, 13)
Validation fitness: 0.822547313655381 
Elapsed: 4.264039516448975

*** Epoch 1, batch 338/520 ***
Training fitness: 0.8596154394352085
Model size: (10, 13)
Validation fitness: 0.822547313655381 
Elapsed: 4.381265878677368

*** Epoch 1, batch 339/520 ***
Training fitness: 0.8513407374569678
Model size: (6, 17)
Validation fitness: 0.8313411049753602 
Elapsed: 4.508582353591919

*** Epoch 1, batch 340/520 ***
Training fitness: 0.8442869848697852
Model size: (6, 17)
Validation fitness: 0.8313411049753602 
Elapsed: 4.463939905166626

*** Epoch 1, batch 341/520 ***
Training fitness: 0.8858563272037836
Model size: (6, 17)
Validation fitness: 0.8313411049753602 
Elapsed: 4.54645562171936

*** Epoch 1, batch 342/520 ***
Training fitness: 0.8848395989079055
Model size: (8, 13)
Validation fitness: 0.8092759000501792 
Elapsed: 4.346568822860718

*** Epoch 1, batch 343/520 ***
Training fitness: 0.8265604615926608
Model size: (5, 9)
Validation fitness: 0.8561002461013788 
Elapsed: 4.343893766403198

*** Epoch 1, batch 344/520 ***
Training fitness: 0.8386343488991199
Model size: (5, 9)
Validation fitness: 0.8561002461013788 
Elapsed: 4.393773555755615

*** Epoch 1, batch 345/520 ***
Training fitness: 0.899844407603489
Model size: (5, 12)
Validation fitness: 0.8393070781222789 
Elapsed: 4.532196760177612

*** Epoch 1, batch 346/520 ***
Training fitness: 0.8713293470155565
Model size: (6, 10)
Validation fitness: 0.8391624038210803 
Elapsed: 4.530337572097778

*** Epoch 1, batch 347/520 ***
Training fitness: 0.8705930654364242
Model size: (7, 18)
Validation fitness: 0.8306911263886512 
Elapsed: 4.7950990200042725

*** Epoch 1, batch 348/520 ***
Training fitness: 0.8141490197201817
Model size: (8, 14)
Validation fitness: 0.8592451369644647 
Elapsed: 4.5539703369140625

*** Epoch 1, batch 349/520 ***
Training fitness: 0.8053639995949007
Model size: (8, 14)
Validation fitness: 0.8592451369644647 
Elapsed: 4.65237832069397

*** Epoch 1, batch 350/520 ***
Training fitness: 0.8193707984478042
Model size: (5, 12)
Validation fitness: 0.8393070781222789 
Elapsed: 4.485040664672852

*** Epoch 1, batch 351/520 ***
Training fitness: 0.8666566944068084
Model size: (6, 10)
Validation fitness: 0.8391624038210803 
Elapsed: 4.577209711074829

*** Epoch 1, batch 352/520 ***
Training fitness: 0.8242606906877448
Model size: (8, 14)
Validation fitness: 0.8592451369644647 
Elapsed: 4.6264331340789795

*** Epoch 1, batch 353/520 ***
Training fitness: 0.8423928497495674
Model size: (7, 14)
Validation fitness: 0.8245944296434728 
Elapsed: 4.445221185684204

*** Epoch 1, batch 354/520 ***
Training fitness: 0.8791217882224871
Model size: (7, 16)
Validation fitness: 0.8394318430866989 
Elapsed: 4.721130132675171

*** Epoch 1, batch 355/520 ***
Training fitness: 0.8546668257253964
Model size: (6, 10)
Validation fitness: 0.8391624038210803 
Elapsed: 4.442376375198364

*** Epoch 1, batch 356/520 ***
Training fitness: 0.8860905654573134
Model size: (8, 14)
Validation fitness: 0.8592451369644647 
Elapsed: 4.453735113143921

*** Epoch 1, batch 357/520 ***
Training fitness: 0.840890720677901
Model size: (7, 15)
Validation fitness: 0.8544420550678605 
Elapsed: 4.616182804107666

*** Epoch 1, batch 358/520 ***
Training fitness: 0.8706228370046875
Model size: (6, 17)
Validation fitness: 0.8404465985814341 
Elapsed: 4.416873455047607

*** Epoch 1, batch 359/520 ***
Training fitness: 0.8676401312523504
Model size: (8, 14)
Validation fitness: 0.8592451369644647 
Elapsed: 4.243162631988525

*** Epoch 1, batch 360/520 ***
Training fitness: 0.8856825008254003
Model size: (7, 15)
Validation fitness: 0.8544420550678605 
Elapsed: 4.369773864746094

*** Epoch 1, batch 361/520 ***
Training fitness: 0.9161507272705752
Model size: (8, 14)
Validation fitness: 0.8592451369644647 
Elapsed: 4.443851470947266

*** Epoch 1, batch 362/520 ***
Training fitness: 0.8633395112029743
Model size: (6, 17)
Validation fitness: 0.8404465985814341 
Elapsed: 4.468578577041626

*** Epoch 1, batch 363/520 ***
Training fitness: 0.7797267300709437
Model size: (6, 17)
Validation fitness: 0.8404465985814341 
Elapsed: 4.57463526725769

*** Epoch 1, batch 364/520 ***
Training fitness: 0.8790143278602764
Model size: (8, 14)
Validation fitness: 0.8592451369644647 
Elapsed: 4.353564977645874

*** Epoch 1, batch 365/520 ***
Training fitness: 0.9058414888428077
Model size: (8, 14)
Validation fitness: 0.8592451369644647 
Elapsed: 4.290869235992432

*** Epoch 1, batch 366/520 ***
Training fitness: 0.8862935041253431
Model size: (6, 17)
Validation fitness: 0.8404465985814341 
Elapsed: 4.29793643951416

*** Epoch 1, batch 367/520 ***
Training fitness: 0.8267868853517156
Model size: (8, 13)
Validation fitness: 0.8571988658174805 
Elapsed: 4.147824764251709

*** Epoch 1, batch 368/520 ***
Training fitness: 0.8077530029699594
Model size: (8, 13)
Validation fitness: 0.8571988658174805 
Elapsed: 4.06227707862854

*** Epoch 1, batch 369/520 ***
Training fitness: 0.8868016527492402
Model size: (6, 17)
Validation fitness: 0.8404465985814341 
Elapsed: 4.294721364974976

*** Epoch 1, batch 370/520 ***
Training fitness: 0.8841355921645215
Model size: (6, 17)
Validation fitness: 0.8404465985814341 
Elapsed: 4.296196460723877

*** Epoch 1, batch 371/520 ***
Training fitness: 0.832224036309739
Model size: (11, 17)
Validation fitness: 0.7982546255328652 
Elapsed: 4.416658639907837

*** Epoch 1, batch 372/520 ***
Training fitness: 0.7941810240479357
Model size: (9, 15)
Validation fitness: 0.7822443957525665 
Elapsed: 4.281646251678467

*** Epoch 1, batch 373/520 ***
Training fitness: 0.8200604948264107
Model size: (11, 17)
Validation fitness: 0.7982546255328652 
Elapsed: 4.394197463989258

*** Epoch 1, batch 374/520 ***
Training fitness: 0.850852414756295
Model size: (8, 10)
Validation fitness: 0.784338174405473 
Elapsed: 4.065489768981934

*** Epoch 1, batch 375/520 ***
Training fitness: 0.8684238357446404
Model size: (7, 18)
Validation fitness: 0.8150652561974159 
Elapsed: 4.215741395950317

*** Epoch 1, batch 376/520 ***
Training fitness: 0.836127228851187
Model size: (7, 9)
Validation fitness: 0.814976790347252 
Elapsed: 3.988264322280884

*** Epoch 1, batch 377/520 ***
Training fitness: 0.8338093878327919
Model size: (6, 8)
Validation fitness: 0.7900542053253663 
Elapsed: 3.9192776679992676

*** Epoch 1, batch 378/520 ***
Training fitness: 0.8377960257167787
Model size: (5, 8)
Validation fitness: 0.8236182065247186 
Elapsed: 3.693652629852295

*** Epoch 1, batch 379/520 ***
Training fitness: 0.8268844828351871
Model size: (5, 8)
Validation fitness: 0.8236182065247186 
Elapsed: 3.7113542556762695

*** Epoch 1, batch 380/520 ***
Training fitness: 0.8283298064172469
Model size: (9, 12)
Validation fitness: 0.7891563657079458 
Elapsed: 3.6859891414642334

*** Epoch 1, batch 381/520 ***
Training fitness: 0.8177997349278007
Model size: (5, 9)
Validation fitness: 0.8003491989264797 
Elapsed: 3.758136749267578

*** Epoch 1, batch 382/520 ***
Training fitness: 0.867946318358317
Model size: (7, 10)
Validation fitness: 0.8316768777921443 
Elapsed: 4.006897211074829

*** Epoch 1, batch 383/520 ***
Training fitness: 0.892414922120088
Model size: (7, 10)
Validation fitness: 0.8316768777921443 
Elapsed: 3.906407594680786

*** Epoch 1, batch 384/520 ***
Training fitness: 0.8387682258247243
Model size: (6, 8)
Validation fitness: 0.7798785619021429 
Elapsed: 4.043471336364746

*** Epoch 1, batch 385/520 ***
Training fitness: 0.7955910794343072
Model size: (5, 9)
Validation fitness: 0.7824017741419902 
Elapsed: 4.01214861869812

*** Epoch 1, batch 386/520 ***
Training fitness: 0.8916378914814367
Model size: (6, 8)
Validation fitness: 0.833867300324166 
Elapsed: 3.874173402786255

*** Epoch 1, batch 387/520 ***
Training fitness: 0.8514797250441627
Model size: (8, 11)
Validation fitness: 0.7880891960230666 
Elapsed: 3.9003102779388428

*** Epoch 1, batch 388/520 ***
Training fitness: 0.834754125427301
Model size: (15, 26)
Validation fitness: 0.7802679826584746 
Elapsed: 3.961254596710205

*** Epoch 1, batch 389/520 ***
Training fitness: 0.8271823472380324
Model size: (7, 10)
Validation fitness: 0.8282793655243154 
Elapsed: 4.116096019744873

*** Epoch 1, batch 390/520 ***
Training fitness: 0.7749210756975342
Model size: (7, 10)
Validation fitness: 0.8282793655243154 
Elapsed: 3.9746460914611816

*** Epoch 1, batch 391/520 ***
Training fitness: 0.8444233728885883
Model size: (6, 9)
Validation fitness: 0.8180688904159266 
Elapsed: 4.351443290710449

*** Epoch 1, batch 392/520 ***
Training fitness: 0.8422859269008075
Model size: (10, 13)
Validation fitness: 0.7949430897459497 
Elapsed: 4.490837097167969

*** Epoch 1, batch 393/520 ***
Training fitness: 0.8484160617381953
Model size: (15, 24)
Validation fitness: 0.7920988881493477 
Elapsed: 4.4411585330963135

*** Epoch 1, batch 394/520 ***
Training fitness: 0.8594799233872416
Model size: (7, 10)
Validation fitness: 0.8282793655243154 
Elapsed: 4.098276615142822

*** Epoch 1, batch 395/520 ***
Training fitness: 0.8319487757193482
Model size: (6, 12)
Validation fitness: 0.7746545728292262 
Elapsed: 4.388277292251587

*** Epoch 1, batch 396/520 ***
Training fitness: 0.818937327020552
Model size: (13, 17)
Validation fitness: 0.7775833687827955 
Elapsed: 4.2771522998809814

*** Epoch 1, batch 397/520 ***
Training fitness: 0.8340926772938637
Model size: (4, 5)
Validation fitness: 0.7898241456525705 
Elapsed: 4.3585710525512695

*** Epoch 1, batch 398/520 ***
Training fitness: 0.8678016632337646
Model size: (7, 10)
Validation fitness: 0.8282793655243154 
Elapsed: 4.414840221405029

*** Epoch 1, batch 399/520 ***
Training fitness: 0.8986596771672559
Model size: (7, 10)
Validation fitness: 0.8282793655243154 
Elapsed: 4.4241297245025635

*** Epoch 1, batch 400/520 ***
Training fitness: 0.7599663930049461
Model size: (4, 5)
Validation fitness: 0.793634045708434 
Elapsed: 4.2905542850494385

*** Epoch 1, batch 401/520 ***
Training fitness: 0.8801126536261477
Model size: (7, 16)
Validation fitness: 0.7770910121495858 
Elapsed: 4.873947858810425

*** Epoch 1, batch 402/520 ***
Training fitness: 0.7987886007613183
Model size: (8, 11)
Validation fitness: 0.8174659223919499 
Elapsed: 4.482481479644775

*** Epoch 1, batch 403/520 ***
Training fitness: 0.850852414756295
Model size: (7, 10)
Validation fitness: 0.8282793655243154 
Elapsed: 4.396651029586792

*** Epoch 1, batch 404/520 ***
Training fitness: 0.8924472611077572
Model size: (7, 10)
Validation fitness: 0.8282793655243154 
Elapsed: 4.2188637256622314

*** Epoch 1, batch 405/520 ***
Training fitness: 0.8525867158614023
Model size: (7, 10)
Validation fitness: 0.8282793655243154 
Elapsed: 2.3574891090393066

*** Epoch 1, batch 406/520 ***
Training fitness: 0.8133146474969362
Model size: (7, 10)
Validation fitness: 0.8282793655243154 
Elapsed: 4.263354539871216

*** Epoch 1, batch 407/520 ***
Training fitness: 0.8673176559355643
Model size: (7, 10)
Validation fitness: 0.8282793655243154 
Elapsed: 4.485034704208374

*** Epoch 1, batch 408/520 ***
Training fitness: 0.789047727566789
Model size: (7, 10)
Validation fitness: 0.8282793655243154 
Elapsed: 4.1334288120269775

*** Epoch 1, batch 409/520 ***
Training fitness: 0.8048253673659569
Model size: (10, 10)
Validation fitness: 0.7942566519217812 
Elapsed: 4.3182032108306885

*** Epoch 1, batch 410/520 ***
Training fitness: 0.8283100048388057
Model size: (8, 11)
Validation fitness: 0.824711751175368 
Elapsed: 4.154747724533081

*** Epoch 1, batch 411/520 ***
Training fitness: 0.8991237388528969
Model size: (8, 11)
Validation fitness: 0.824711751175368 
Elapsed: 2.1119918823242188

*** Epoch 1, batch 412/520 ***
Training fitness: 0.8008985189918054
Model size: (9, 14)
Validation fitness: 0.7977460860230373 
Elapsed: 2.3682363033294678

*** Epoch 1, batch 413/520 ***
Training fitness: 0.8091220064074726
Model size: (9, 12)
Validation fitness: 0.8316046234449916 
Elapsed: 2.1325275897979736

*** Epoch 1, batch 414/520 ***
Training fitness: 0.8360531941386193
Model size: (7, 10)
Validation fitness: 0.8081891678466233 
Elapsed: 2.276818037033081

*** Epoch 1, batch 415/520 ***
Training fitness: 0.8299919982916761
Model size: (8, 16)
Validation fitness: 0.7811443956526287 
Elapsed: 2.3272597789764404

*** Epoch 1, batch 416/520 ***
Training fitness: 0.8369943306487351
Model size: (9, 12)
Validation fitness: 0.8316046234449916 
Elapsed: 2.152688980102539

*** Epoch 1, batch 417/520 ***
Training fitness: 0.852301761418635
Model size: (9, 12)
Validation fitness: 0.8316046234449916 
Elapsed: 2.0871520042419434

*** Epoch 1, batch 418/520 ***
Training fitness: 0.8001044293000461
Model size: (7, 11)
Validation fitness: 0.7902576889094999 
Elapsed: 2.1764094829559326

*** Epoch 1, batch 419/520 ***
Training fitness: 0.8605734522204753
Model size: (7, 10)
Validation fitness: 0.7942566519217812 
Elapsed: 2.0802419185638428

*** Epoch 1, batch 420/520 ***
Training fitness: 0.8562450949126907
Model size: (7, 10)
Validation fitness: 0.8081891678466233 
Elapsed: 2.1443634033203125

*** Epoch 1, batch 421/520 ***
Training fitness: 0.8223191055378893
Model size: (6, 8)
Validation fitness: 0.8120250846722912 
Elapsed: 2.1759204864501953

*** Epoch 1, batch 422/520 ***
Training fitness: 0.8324447026820163
Model size: (7, 10)
Validation fitness: 0.8081891678466233 
Elapsed: 2.182379961013794

*** Epoch 1, batch 423/520 ***
Training fitness: 0.8561660628358443
Model size: (7, 10)
Validation fitness: 0.8081891678466233 
Elapsed: 2.2524564266204834

*** Epoch 1, batch 424/520 ***
Training fitness: 0.8147803245591614
Model size: (8, 14)
Validation fitness: 0.7907564519614432 
Elapsed: 2.2117631435394287

*** Epoch 1, batch 425/520 ***
Training fitness: 0.7626700895905458
Model size: (7, 10)
Validation fitness: 0.8081891678466233 
Elapsed: 2.1725714206695557

*** Epoch 1, batch 426/520 ***
Training fitness: 0.8023696457402715
Model size: (6, 8)
Validation fitness: 0.8120250846722912 
Elapsed: 2.1321775913238525

*** Epoch 1, batch 427/520 ***
Training fitness: 0.832918419732372
Model size: (7, 10)
Validation fitness: 0.8081891678466233 
Elapsed: 2.2346348762512207

*** Epoch 1, batch 428/520 ***
Training fitness: 0.8494915374892681
Model size: (7, 10)
Validation fitness: 0.8081891678466233 
Elapsed: 2.199978828430176

*** Epoch 1, batch 429/520 ***
Training fitness: 0.854497832866627
Model size: (5, 8)
Validation fitness: 0.815507908533829 
Elapsed: 2.2387118339538574

*** Epoch 1, batch 430/520 ***
Training fitness: 0.7956430577697592
Model size: (6, 10)
Validation fitness: 0.7991645895793292 
Elapsed: 2.161787271499634

*** Epoch 1, batch 431/520 ***
Training fitness: 0.8394200144223015
Model size: (5, 9)
Validation fitness: 0.8132612517623754 
Elapsed: 2.072183847427368

*** Epoch 1, batch 432/520 ***
Training fitness: 0.7495566955041496
Model size: (5, 11)
Validation fitness: 0.7930667928730328 
Elapsed: 2.291245698928833

*** Epoch 1, batch 433/520 ***
Training fitness: 0.8088319719400747
Model size: (4, 9)
Validation fitness: 0.8023438084324453 
Elapsed: 2.246325969696045

*** Epoch 1, batch 434/520 ***
Training fitness: 0.7927572051601198
Model size: (7, 12)
Validation fitness: 0.792149630649588 
Elapsed: 2.1156368255615234

*** Epoch 1, batch 435/520 ***
Training fitness: 0.8597522314586026
Model size: (5, 11)
Validation fitness: 0.8099021782711986 
Elapsed: 2.279585361480713

*** Epoch 1, batch 436/520 ***
Training fitness: 0.8191232847700776
Model size: (5, 10)
Validation fitness: 0.8141073189307293 
Elapsed: 2.250678062438965

*** Epoch 1, batch 437/520 ***
Training fitness: 0.8431542803860462
Model size: (5, 10)
Validation fitness: 0.8141073189307293 
Elapsed: 2.1782922744750977

*** Epoch 1, batch 438/520 ***
Training fitness: 0.8272356384732109
Model size: (5, 10)
Validation fitness: 0.8141073189307293 
Elapsed: 2.2942495346069336

*** Epoch 1, batch 439/520 ***
Training fitness: 0.8202717237989016
Model size: (5, 9)
Validation fitness: 0.8132612517623754 
Elapsed: 2.2228994369506836

*** Epoch 1, batch 440/520 ***
Training fitness: 0.7678174765957685
Model size: (5, 9)
Validation fitness: 0.8132612517623754 
Elapsed: 2.1857566833496094

*** Epoch 1, batch 441/520 ***
Training fitness: 0.7969846792406763
Model size: (5, 11)
Validation fitness: 0.8099021782711986 
Elapsed: 2.353342294692993

*** Epoch 1, batch 442/520 ***
Training fitness: 0.8516336975922261
Model size: (5, 9)
Validation fitness: 0.8132612517623754 
Elapsed: 2.2068886756896973

*** Epoch 1, batch 443/520 ***
Training fitness: 0.7812386013691567
Model size: (5, 11)
Validation fitness: 0.8099021782711986 
Elapsed: 2.2702715396881104

*** Epoch 1, batch 444/520 ***
Training fitness: 0.875083975054493
Model size: (5, 11)
Validation fitness: 0.8099021782711986 
Elapsed: 2.254664897918701

*** Epoch 1, batch 445/520 ***
Training fitness: 0.828416869579514
Model size: (7, 12)
Validation fitness: 0.8083306424635651 
Elapsed: 2.6230902671813965

*** Epoch 1, batch 446/520 ***
Training fitness: 0.7794878687795103
Model size: (13, 21)
Validation fitness: 0.7939093058576179 
Elapsed: 2.416105031967163

*** Epoch 1, batch 447/520 ***
Training fitness: 0.8601380112365595
Model size: (9, 15)
Validation fitness: 0.7848647950548018 
Elapsed: 2.4031760692596436

*** Epoch 1, batch 448/520 ***
Training fitness: 0.8388978378057063
Model size: (14, 24)
Validation fitness: 0.8154286794366439 
Elapsed: 2.4772472381591797

*** Epoch 1, batch 449/520 ***
Training fitness: 0.7888577281884391
Model size: (14, 24)
Validation fitness: 0.8154286794366439 
Elapsed: 2.4228172302246094

*** Epoch 1, batch 450/520 ***
Training fitness: 0.7812386013691567
Model size: (14, 20)
Validation fitness: 0.8187715934581091 
Elapsed: 2.222778797149658

*** Epoch 1, batch 451/520 ***
Training fitness: 0.8366157636036563
Model size: (14, 20)
Validation fitness: 0.8187715934581091 
Elapsed: 2.2033584117889404

*** Epoch 1, batch 452/520 ***
Training fitness: 0.8414095392841794
Model size: (14, 20)
Validation fitness: 0.8187715934581091 
Elapsed: 2.3071656227111816

*** Epoch 1, batch 453/520 ***
Training fitness: 0.8273574788799845
Model size: (6, 12)
Validation fitness: 0.8117935526516944 
Elapsed: 2.3052127361297607

*** Epoch 1, batch 454/520 ***
Training fitness: 0.8105457909343201
Model size: (14, 20)
Validation fitness: 0.8187715934581091 
Elapsed: 2.213348865509033

*** Epoch 1, batch 455/520 ***
Training fitness: 0.7843418050074573
Model size: (13, 18)
Validation fitness: 0.8244183612739596 
Elapsed: 2.219900608062744

*** Epoch 1, batch 456/520 ***
Training fitness: 0.8501523528725283
Model size: (13, 18)
Validation fitness: 0.8244183612739596 
Elapsed: 2.306671619415283

*** Epoch 1, batch 457/520 ***
Training fitness: 0.8842246115503377
Model size: (11, 10)
Validation fitness: 0.7800618314755798 
Elapsed: 2.2507529258728027

*** Epoch 1, batch 458/520 ***
Training fitness: 0.914219667617663
Model size: (7, 14)
Validation fitness: 0.8159896294039813 
Elapsed: 2.478919744491577

*** Epoch 1, batch 459/520 ***
Training fitness: 0.8717240973546965
Model size: (9, 14)
Validation fitness: 0.7733630291353815 
Elapsed: 2.2457351684570312

*** Epoch 1, batch 460/520 ***
Training fitness: 0.8862769189341135
Model size: (9, 15)
Validation fitness: 0.7695061175039707 
Elapsed: 2.3506991863250732

*** Epoch 1, batch 461/520 ***
Training fitness: 0.8671199948728239
Model size: (8, 11)
Validation fitness: 0.777341889280666 
Elapsed: 2.2139596939086914

*** Epoch 1, batch 462/520 ***
Training fitness: 0.8070322940488819
Model size: (9, 13)
Validation fitness: 0.7834136681444333 
Elapsed: 2.2123913764953613

*** Epoch 1, batch 463/520 ***
Training fitness: 0.7761823664864088
Model size: (11, 21)
Validation fitness: 0.7983232449431108 
Elapsed: 2.475717782974243

*** Epoch 1, batch 464/520 ***
Training fitness: 0.8611841928116044
Model size: (7, 8)
Validation fitness: 0.8122417484827107 
Elapsed: 2.186359167098999

*** Epoch 1, batch 465/520 ***
Training fitness: 0.8592977099236642
Model size: (7, 9)
Validation fitness: 0.8118416626421187 
Elapsed: 2.2873144149780273

*** Epoch 1, batch 466/520 ***
Training fitness: 0.8235888414155756
Model size: (9, 10)
Validation fitness: 0.7827428350496093 
Elapsed: 2.167410135269165

*** Epoch 1, batch 467/520 ***
Training fitness: 0.8522668394212497
Model size: (15, 22)
Validation fitness: 0.8143197264382838 
Elapsed: 2.306044101715088

*** Epoch 1, batch 468/520 ***
Training fitness: 0.8025043091399001
Model size: (19, 26)
Validation fitness: 0.7755605719327199 
Elapsed: 2.3248088359832764

*** Epoch 1, batch 469/520 ***
Training fitness: 0.8382070167534404
Model size: (7, 8)
Validation fitness: 0.8175139084005547 
Elapsed: 2.0797905921936035

*** Epoch 1, batch 470/520 ***
Training fitness: 0.8528768758974455
Model size: (14, 23)
Validation fitness: 0.8245287017877843 
Elapsed: 2.226606845855713

*** Epoch 1, batch 471/520 ***
Training fitness: 0.8749924672050363
Model size: (11, 17)
Validation fitness: 0.8156353929711778 
Elapsed: 2.138610363006592

*** Epoch 1, batch 472/520 ***
Training fitness: 0.854619987463644
Model size: (14, 23)
Validation fitness: 0.8271428605927221 
Elapsed: 2.1861090660095215

*** Epoch 1, batch 473/520 ***
Training fitness: 0.829439920073379
Model size: (14, 23)
Validation fitness: 0.8245287017877843 
Elapsed: 2.1626439094543457

*** Epoch 1, batch 474/520 ***
Training fitness: 0.8633761443743824
Model size: (8, 11)
Validation fitness: 0.8557027125692923 
Elapsed: 2.229189157485962

*** Epoch 1, batch 475/520 ***
Training fitness: 0.9133643779481506
Model size: (8, 11)
Validation fitness: 0.8557027125692923 
Elapsed: 2.0641112327575684

*** Epoch 1, batch 476/520 ***
Training fitness: 0.8418682700494072
Model size: (8, 11)
Validation fitness: 0.8557027125692923 
Elapsed: 2.0736067295074463

*** Epoch 1, batch 477/520 ***
Training fitness: 0.8753365220561158
Model size: (11, 16)
Validation fitness: 0.8334867958219382 
Elapsed: 2.076390266418457

*** Epoch 1, batch 478/520 ***
Training fitness: 0.8774623220341126
Model size: (9, 13)
Validation fitness: 0.8444644686625298 
Elapsed: 2.1406564712524414

*** Epoch 1, batch 479/520 ***
Training fitness: 0.8607808510193807
Model size: (11, 16)
Validation fitness: 0.8452161678761186 
Elapsed: 1.9763336181640625

*** Epoch 1, batch 480/520 ***
Training fitness: 0.8626527741136277
Model size: (11, 16)
Validation fitness: 0.8452161678761186 
Elapsed: 1.978219985961914

*** Epoch 1, batch 481/520 ***
Training fitness: 0.8680527741124959
Model size: (11, 16)
Validation fitness: 0.8480578211410463 
Elapsed: 1.9845309257507324

*** Epoch 1, batch 482/520 ***
Training fitness: 0.8332523690310374
Model size: (9, 13)
Validation fitness: 0.8444644686625298 
Elapsed: 2.1385796070098877

*** Epoch 1, batch 483/520 ***
Training fitness: 0.8910601942600295
Model size: (11, 16)
Validation fitness: 0.8480578211410463 
Elapsed: 2.0281386375427246

*** Epoch 1, batch 484/520 ***
Training fitness: 0.8290742275395527
Model size: (9, 13)
Validation fitness: 0.8294445807510088 
Elapsed: 1.9919350147247314

*** Epoch 1, batch 485/520 ***
Training fitness: 0.8853951065368327
Model size: (10, 13)
Validation fitness: 0.8436136280506875 
Elapsed: 2.0752696990966797

*** Epoch 1, batch 486/520 ***
Training fitness: 0.8616956341072418
Model size: (8, 11)
Validation fitness: 0.8361866701687378 
Elapsed: 2.1144964694976807

*** Epoch 1, batch 487/520 ***
Training fitness: 0.8350474715188481
Model size: (11, 14)
Validation fitness: 0.7925524507639179 
Elapsed: 1.9992468357086182

*** Epoch 1, batch 488/520 ***
Training fitness: 0.8746503559316463
Model size: (10, 13)
Validation fitness: 0.8436136280506875 
Elapsed: 1.9989407062530518

*** Epoch 1, batch 489/520 ***
Training fitness: 0.8745342312928187
Model size: (13, 22)
Validation fitness: 0.8285282685420227 
Elapsed: 2.286818742752075

*** Epoch 1, batch 490/520 ***
Training fitness: 0.8682350822905949
Model size: (10, 13)
Validation fitness: 0.8436136280506875 
Elapsed: 2.061967372894287

*** Epoch 1, batch 491/520 ***
Training fitness: 0.8505517710648717
Model size: (10, 13)
Validation fitness: 0.8436136280506875 
Elapsed: 2.0644161701202393

*** Epoch 1, batch 492/520 ***
Training fitness: 0.8931781689706763
Model size: (10, 13)
Validation fitness: 0.8436136280506875 
Elapsed: 2.053067445755005

*** Epoch 1, batch 493/520 ***
Training fitness: 0.8406986432969136
Model size: (13, 21)
Validation fitness: 0.8476422697548742 
Elapsed: 2.090704917907715

*** Epoch 1, batch 494/520 ***
Training fitness: 0.8934888979633475
Model size: (13, 20)
Validation fitness: 0.8235064034509458 
Elapsed: 2.032677412033081

*** Epoch 1, batch 495/520 ***
Training fitness: 0.8525707489182149
Model size: (13, 21)
Validation fitness: 0.8476422697548742 
Elapsed: 2.0425074100494385

*** Epoch 1, batch 496/520 ***
Training fitness: 0.8804818958480375
Model size: (10, 13)
Validation fitness: 0.8436136280506875 
Elapsed: 2.1476120948791504

*** Epoch 1, batch 497/520 ***
Training fitness: 0.8299918230863352
Model size: (14, 22)
Validation fitness: 0.8527613894582489 
Elapsed: 2.0080859661102295

*** Epoch 1, batch 498/520 ***
Training fitness: 0.8333724101494138
Model size: (14, 22)
Validation fitness: 0.8527613894582489 
Elapsed: 2.0922493934631348

*** Epoch 1, batch 499/520 ***
Training fitness: 0.8666666666666667
Model size: (14, 23)
Validation fitness: 0.8337793726908523 
Elapsed: 2.0521559715270996

*** Epoch 1, batch 500/520 ***
Training fitness: 0.8436967505337896
Model size: (14, 23)
Validation fitness: 0.8495551549843059 
Elapsed: 2.0777409076690674

*** Epoch 1, batch 501/520 ***
Training fitness: 0.8497136655433776
Model size: (14, 23)
Validation fitness: 0.8495551549843059 
Elapsed: 2.08026385307312

*** Epoch 1, batch 502/520 ***
Training fitness: 0.8317883872610065
Model size: (14, 23)
Validation fitness: 0.8495551549843059 
Elapsed: 2.160454511642456

*** Epoch 1, batch 503/520 ***
Training fitness: 0.8762000108178012
Model size: (14, 22)
Validation fitness: 0.852361123097345 
Elapsed: 1.9244413375854492

*** Epoch 1, batch 504/520 ***
Training fitness: 0.8390415088843587
Model size: (14, 22)
Validation fitness: 0.852361123097345 
Elapsed: 1.9492411613464355

*** Epoch 1, batch 505/520 ***
Training fitness: 0.8986425492263234
Model size: (14, 22)
Validation fitness: 0.852361123097345 
Elapsed: 1.9225068092346191

*** Epoch 1, batch 506/520 ***
Training fitness: 0.8143631046055934
Model size: (14, 22)
Validation fitness: 0.852361123097345 
Elapsed: 1.9307901859283447

*** Epoch 1, batch 507/520 ***
Training fitness: 0.8473989692656053
Model size: (14, 21)
Validation fitness: 0.8478791343078685 
Elapsed: 2.0606491565704346

*** Epoch 1, batch 508/520 ***
Training fitness: 0.789357287548596
Model size: (16, 25)
Validation fitness: 0.8116898661377748 
Elapsed: 2.0907158851623535

*** Epoch 1, batch 509/520 ***
Training fitness: 0.825920679163181
Model size: (14, 21)
Validation fitness: 0.8556251303354285 
Elapsed: 2.013803720474243

*** Epoch 1, batch 510/520 ***
Training fitness: 0.8706228370046875
Model size: (14, 22)
Validation fitness: 0.852361123097345 
Elapsed: 2.0331521034240723

*** Epoch 1, batch 511/520 ***
Training fitness: 0.807909604519774
Model size: (14, 20)
Validation fitness: 0.8521365433888511 
Elapsed: 2.086820602416992

*** Epoch 1, batch 512/520 ***
Training fitness: 0.8785464423384651
Model size: (14, 21)
Validation fitness: 0.8556251303354285 
Elapsed: 2.0391924381256104

*** Epoch 1, batch 513/520 ***
Training fitness: 0.8438579827308006
Model size: (15, 23)
Validation fitness: 0.8335046594007737 
Elapsed: 2.210050106048584

*** Epoch 1, batch 514/520 ***
Training fitness: 0.8933757781009599
Model size: (14, 21)
Validation fitness: 0.8556251303354285 
Elapsed: 2.0246644020080566

*** Epoch 1, batch 515/520 ***
Training fitness: 0.8363370145198702
Model size: (13, 22)
Validation fitness: 0.8329699811802351 
Elapsed: 2.044855833053589

*** Epoch 1, batch 516/520 ***
Training fitness: 0.8664457000549762
Model size: (13, 20)
Validation fitness: 0.8511225497749322 
Elapsed: 2.100491762161255

*** Epoch 1, batch 517/520 ***
Training fitness: 0.8696581663734244
Model size: (12, 17)
Validation fitness: 0.8472624401831129 
Elapsed: 2.042595624923706

*** Epoch 1, batch 518/520 ***
Training fitness: 0.8535899278026547
Model size: (14, 21)
Validation fitness: 0.8556251303354285 
Elapsed: 2.0200400352478027

*** Epoch 1, batch 519/520 ***
Training fitness: 0.8488425818064955
Model size: (14, 21)
Validation fitness: 0.8556251303354285 
Elapsed: 2.062986373901367

*** Epoch 1, batch 520/520 ***
Training fitness: 0.8364927357970164
Model size: (12, 17)
Validation fitness: 0.8472624401831129 
Elapsed: 2.0210142135620117

Total train time: 1534.3517744541168
Test time: 0.25830507278442383
Test fitness: 0.871307188388036
Test statistics: Stats(total=14791, total_true=7158, total_false=7633, true_positive=6340, true_negative=7477, false_positive=156, false_negative=818, tpr=0.8857222687901648, tnr=0.9795624263068257, ppv=0.9759852216748769, npv=0.9013863773357444, accuracy=0.934149144750186, f1=0.9286655925003662, mcc=0.871307188388036)
