Configuration:
Dataset: ids2017
Selector: pca
Fold: 1
Batch size: 1
Epochs: 10
Epoch 1/10
 - 3625s - loss: 0.2056
 - val_mcc: 0.782225
Epoch 2/10
 - 3650s - loss: 0.1842
 - val_mcc: 0.782958
Epoch 3/10
 - 3667s - loss: 0.1788
 - val_mcc: 0.784826
Epoch 4/10
 - 3652s - loss: 0.1749
 - val_mcc: 0.786979
Epoch 5/10
 - 3609s - loss: 0.1719
 - val_mcc: 0.787918
Epoch 6/10
 - 3629s - loss: 0.1683
 - val_mcc: 0.789283
Epoch 7/10
 - 3389s - loss: 0.1646
 - val_mcc: 0.791204
Epoch 8/10
 - 2608s - loss: 0.1632
 - val_mcc: 0.791015
Epoch 9/10
 - 2543s - loss: 0.1623
 - val_mcc: 0.789803
Epoch 10/10
 - 2615s - loss: 0.1617
 - val_mcc: 0.790070
Total train time: 33074.9141767025
Test time: 7.195220947265625
Test statistics: Stats(total=252237, total_true=42632, total_false=209605, true_positive=29915, true_negative=208206, false_positive=1399, false_negative=12717, tpr=0.7017029461437417, tnr=0.9933255408983565, ppv=0.9553234974771667, npv=0.9424369576730354, accuracy=0.9440367590797544, f1=0.8091039407134937, mcc=0.7899171417745474)
