Configuration:
Dataset: ids2017
Selector: pca
Fold: 4
Batch size: 1
Epochs: 10
Epoch 1/10
 - 4643s - loss: 0.1882
 - val_mcc: 0.744587
Epoch 2/10
 - 4441s - loss: 0.1962
 - val_mcc: 0.779188
Epoch 3/10
 - 4438s - loss: 0.1999
 - val_mcc: 0.777984
Epoch 4/10
 - 4429s - loss: 0.2076
 - val_mcc: 0.747899
Epoch 5/10
 - 4432s - loss: 0.2159
 - val_mcc: 0.772337
Epoch 6/10
 - 4421s - loss: 0.2105
 - val_mcc: 0.774347
Epoch 7/10
 - 4426s - loss: 0.2110
 - val_mcc: 0.768284
Epoch 8/10
 - 4431s - loss: 0.2152
 - val_mcc: 0.776357
Epoch 9/10
 - 4234s - loss: 0.2304
 - val_mcc: 0.761534
Epoch 10/10
 - 4232s - loss: 0.2278
 - val_mcc: 0.762707
Total train time: 44276.33437538147
Test time: 13.161230087280273
Test statistics: Stats(total=252237, total_true=42632, total_false=209605, true_positive=29309, true_negative=207193, false_positive=2412, false_negative=13323, tpr=0.6874882717207731, tnr=0.9884926409198254, ppv=0.9239620440717505, npv=0.9395826153204303, accuracy=0.937618192414277, f1=0.7883743762860947, mcc=0.7640286034971735)
