Configuration:
Dataset: nsl_kdd
Selector: pca
Fold: 4
Fitness: inverse_mean_square_error
Batch size: 256
Epochs: 1
Config args: {}
*** Epoch 1, batch 1/520 ***
Training fitness: 0.9067303246697528
Model size: (1, 12)
Validation fitness: 0.9011346217799202 !!!
Elapsed: 1.464186429977417

*** Epoch 1, batch 2/520 ***
Training fitness: 0.918495840218157
Model size: (1, 12)
Validation fitness: 0.8903279758541537 
Elapsed: 1.5404655933380127

*** Epoch 1, batch 3/520 ***
Training fitness: 0.9349175078693656
Model size: (1, 11)
Validation fitness: 0.9064538892288346 !!!
Elapsed: 1.6166527271270752

*** Epoch 1, batch 4/520 ***
Training fitness: 0.9025911057257991
Model size: (1, 11)
Validation fitness: 0.9078745714531398 !!!
Elapsed: 1.6107277870178223

*** Epoch 1, batch 5/520 ***
Training fitness: 0.9242098556434307
Model size: (1, 10)
Validation fitness: 0.9068874915969635 
Elapsed: 1.5941369533538818

*** Epoch 1, batch 6/520 ***
Training fitness: 0.952067728138923
Model size: (1, 8)
Validation fitness: 0.9207810200474954 !!!
Elapsed: 1.7158992290496826

*** Epoch 1, batch 7/520 ***
Training fitness: 0.930972890045765
Model size: (2, 12)
Validation fitness: 0.9226377113983631 !!!
Elapsed: 1.6366264820098877

*** Epoch 1, batch 8/520 ***
Training fitness: 0.9512758003990565
Model size: (2, 11)
Validation fitness: 0.9202282904425926 
Elapsed: 1.5984041690826416

*** Epoch 1, batch 9/520 ***
Training fitness: 0.941277695947657
Model size: (1, 10)
Validation fitness: 0.9242398007096707 !!!
Elapsed: 1.6339740753173828

*** Epoch 1, batch 10/520 ***
Training fitness: 0.9373596888763197
Model size: (1, 9)
Validation fitness: 0.9260672699655216 !!!
Elapsed: 1.5971133708953857

*** Epoch 1, batch 11/520 ***
Training fitness: 0.93781637223222
Model size: (1, 9)
Validation fitness: 0.9283833993032415 !!!
Elapsed: 1.6642379760742188

*** Epoch 1, batch 12/520 ***
Training fitness: 0.9227204590867347
Model size: (1, 9)
Validation fitness: 0.9283833993032415 
Elapsed: 1.6163456439971924

*** Epoch 1, batch 13/520 ***
Training fitness: 0.9481856512786484
Model size: (8, 20)
Validation fitness: 0.9264319178948048 
Elapsed: 1.9073710441589355

*** Epoch 1, batch 14/520 ***
Training fitness: 0.9359917952293122
Model size: (4, 12)
Validation fitness: 0.9250691904136862 
Elapsed: 1.7266576290130615

*** Epoch 1, batch 15/520 ***
Training fitness: 0.9507709399938243
Model size: (2, 10)
Validation fitness: 0.9337869586128367 !!!
Elapsed: 2.134955644607544

*** Epoch 1, batch 16/520 ***
Training fitness: 0.9302552333818633
Model size: (2, 10)
Validation fitness: 0.9337869586128367 
Elapsed: 1.748523473739624

*** Epoch 1, batch 17/520 ***
Training fitness: 0.940379970905426
Model size: (2, 10)
Validation fitness: 0.9337869586128367 
Elapsed: 1.760758399963379

*** Epoch 1, batch 18/520 ***
Training fitness: 0.9458095010278713
Model size: (2, 10)
Validation fitness: 0.9337869586128367 
Elapsed: 1.7070956230163574

*** Epoch 1, batch 19/520 ***
Training fitness: 0.93086311210917
Model size: (3, 9)
Validation fitness: 0.9326371999344796 
Elapsed: 2.8226866722106934

*** Epoch 1, batch 20/520 ***
Training fitness: 0.9393142003905949
Model size: (1, 4)
Validation fitness: 0.9114109792771562 
Elapsed: 3.3920230865478516

*** Epoch 1, batch 21/520 ***
Training fitness: 0.9517472493770771
Model size: (3, 8)
Validation fitness: 0.9243392543692599 
Elapsed: 3.6743931770324707

*** Epoch 1, batch 22/520 ***
Training fitness: 0.9509792945886405
Model size: (3, 11)
Validation fitness: 0.9187942151110893 
Elapsed: 3.662698745727539

*** Epoch 1, batch 23/520 ***
Training fitness: 0.9459663945350493
Model size: (1, 5)
Validation fitness: 0.93479531859026 !!!
Elapsed: 3.3736767768859863

*** Epoch 1, batch 24/520 ***
Training fitness: 0.9494829982413109
Model size: (1, 5)
Validation fitness: 0.93479531859026 
Elapsed: 3.4026269912719727

*** Epoch 1, batch 25/520 ***
Training fitness: 0.94782995832612
Model size: (3, 7)
Validation fitness: 0.9278569118117566 
Elapsed: 3.6129202842712402

*** Epoch 1, batch 26/520 ***
Training fitness: 0.9399251221227439
Model size: (1, 5)
Validation fitness: 0.9335929845744724 
Elapsed: 3.432185411453247

*** Epoch 1, batch 27/520 ***
Training fitness: 0.9384719899823489
Model size: (4, 11)
Validation fitness: 0.9254058180472357 
Elapsed: 3.54325008392334

*** Epoch 1, batch 28/520 ***
Training fitness: 0.9343751045495988
Model size: (1, 5)
Validation fitness: 0.9335929845744724 
Elapsed: 3.193162679672241

*** Epoch 1, batch 29/520 ***
Training fitness: 0.9455320476616126
Model size: (1, 5)
Validation fitness: 0.9335929845744724 
Elapsed: 3.2499961853027344

*** Epoch 1, batch 30/520 ***
Training fitness: 0.9628031396655948
Model size: (1, 4)
Validation fitness: 0.9343312189317335 
Elapsed: 3.3690285682678223

*** Epoch 1, batch 31/520 ***
Training fitness: 0.923600677494098
Model size: (2, 6)
Validation fitness: 0.9090451068102426 
Elapsed: 3.336747407913208

*** Epoch 1, batch 32/520 ***
Training fitness: 0.951703336914954
Model size: (4, 11)
Validation fitness: 0.9271689918026162 
Elapsed: 3.2399308681488037

*** Epoch 1, batch 33/520 ***
Training fitness: 0.9403775503069843
Model size: (1, 5)
Validation fitness: 0.9335929845744724 
Elapsed: 3.1531522274017334

*** Epoch 1, batch 34/520 ***
Training fitness: 0.9430124057650004
Model size: (4, 12)
Validation fitness: 0.9298037150893871 
Elapsed: 3.290750503540039

*** Epoch 1, batch 35/520 ***
Training fitness: 0.9400054106156479
Model size: (5, 11)
Validation fitness: 0.9163806882750584 
Elapsed: 4.0318992137908936

*** Epoch 1, batch 36/520 ***
Training fitness: 0.953466075639443
Model size: (2, 7)
Validation fitness: 0.9317420495196612 
Elapsed: 3.3890395164489746

*** Epoch 1, batch 37/520 ***
Training fitness: 0.9294196133667243
Model size: (4, 8)
Validation fitness: 0.9093333843047969 
Elapsed: 3.64860463142395

*** Epoch 1, batch 38/520 ***
Training fitness: 0.9303579290245212
Model size: (6, 18)
Validation fitness: 0.9242092189465693 
Elapsed: 3.8091747760772705

*** Epoch 1, batch 39/520 ***
Training fitness: 0.9500435326235476
Model size: (1, 4)
Validation fitness: 0.9194767025383472 
Elapsed: 3.3777828216552734

*** Epoch 1, batch 40/520 ***
Training fitness: 0.9457473960622945
Model size: (2, 7)
Validation fitness: 0.9305472296453494 
Elapsed: 3.4724817276000977

*** Epoch 1, batch 41/520 ***
Training fitness: 0.9240203652452503
Model size: (4, 11)
Validation fitness: 0.9215205148632183 
Elapsed: 3.4642040729522705

*** Epoch 1, batch 42/520 ***
Training fitness: 0.9304759663406513
Model size: (2, 7)
Validation fitness: 0.9210669416920034 
Elapsed: 3.216738700866699

*** Epoch 1, batch 43/520 ***
Training fitness: 0.9393892783303329
Model size: (3, 10)
Validation fitness: 0.9145812247860011 
Elapsed: 3.545926809310913

*** Epoch 1, batch 44/520 ***
Training fitness: 0.9489934067237025
Model size: (2, 8)
Validation fitness: 0.9305236737479012 
Elapsed: 3.490772247314453

*** Epoch 1, batch 45/520 ***
Training fitness: 0.9586754382447414
Model size: (2, 7)
Validation fitness: 0.9313376595813736 
Elapsed: 3.6692638397216797

*** Epoch 1, batch 46/520 ***
Training fitness: 0.9291003982524073
Model size: (2, 5)
Validation fitness: 0.9317091553602206 
Elapsed: 3.5335886478424072

*** Epoch 1, batch 47/520 ***
Training fitness: 0.931939717359263
Model size: (5, 12)
Validation fitness: 0.9270499821817765 
Elapsed: 3.5792434215545654

*** Epoch 1, batch 48/520 ***
Training fitness: 0.9343065693430657
Model size: (5, 12)
Validation fitness: 0.9380672989434156 !!!
Elapsed: 4.047407627105713

*** Epoch 1, batch 49/520 ***
Training fitness: 0.9493939241344361
Model size: (4, 9)
Validation fitness: 0.9180861132619356 
Elapsed: 3.6742970943450928

*** Epoch 1, batch 50/520 ***
Training fitness: 0.9818361262391344
Model size: (2, 5)
Validation fitness: 0.9350488189983446 
Elapsed: 3.6103649139404297

*** Epoch 1, batch 51/520 ***
Training fitness: 0.939081108555961
Model size: (5, 12)
Validation fitness: 0.9380672989434156 
Elapsed: 3.9536378383636475

*** Epoch 1, batch 52/520 ***
Training fitness: 0.9435849416415503
Model size: (5, 12)
Validation fitness: 0.9229637617899824 
Elapsed: 3.8768181800842285

*** Epoch 1, batch 53/520 ***
Training fitness: 0.929020324370722
Model size: (2, 5)
Validation fitness: 0.9350488189983446 
Elapsed: 3.42722487449646

*** Epoch 1, batch 54/520 ***
Training fitness: 0.9269648653926303
Model size: (6, 13)
Validation fitness: 0.9257269033890273 
Elapsed: 3.743842363357544

*** Epoch 1, batch 55/520 ***
Training fitness: 0.9531975170376685
Model size: (6, 13)
Validation fitness: 0.9257269033890273 
Elapsed: 3.9811081886291504

*** Epoch 1, batch 56/520 ***
Training fitness: 0.9349239654755408
Model size: (5, 12)
Validation fitness: 0.9380672989434156 
Elapsed: 3.7254743576049805

*** Epoch 1, batch 57/520 ***
Training fitness: 0.9292077490231099
Model size: (5, 11)
Validation fitness: 0.9142121769728317 
Elapsed: 3.623575210571289

*** Epoch 1, batch 58/520 ***
Training fitness: 0.9535079325681942
Model size: (2, 5)
Validation fitness: 0.9350488189983446 
Elapsed: 3.318145751953125

*** Epoch 1, batch 59/520 ***
Training fitness: 0.9364687202337466
Model size: (2, 5)
Validation fitness: 0.9350488189983446 
Elapsed: 3.342927932739258

*** Epoch 1, batch 60/520 ***
Training fitness: 0.9272044163822646
Model size: (5, 11)
Validation fitness: 0.9383490608581267 !!!
Elapsed: 3.725583791732788

*** Epoch 1, batch 61/520 ***
Training fitness: 0.9320295365387656
Model size: (3, 9)
Validation fitness: 0.9332954992532008 
Elapsed: 3.532677173614502

*** Epoch 1, batch 62/520 ***
Training fitness: 0.9535376023581934
Model size: (5, 11)
Validation fitness: 0.9383490608581267 
Elapsed: 3.8461763858795166

*** Epoch 1, batch 63/520 ***
Training fitness: 0.9547640588005586
Model size: (5, 11)
Validation fitness: 0.9383490608581267 
Elapsed: 3.729968309402466

*** Epoch 1, batch 64/520 ***
Training fitness: 0.9432853676744447
Model size: (2, 5)
Validation fitness: 0.9350488189983446 
Elapsed: 4.090657711029053

*** Epoch 1, batch 65/520 ***
Training fitness: 0.9404057050480867
Model size: (5, 11)
Validation fitness: 0.9391087749162977 !!!
Elapsed: 3.8518269062042236

*** Epoch 1, batch 66/520 ***
Training fitness: 0.9225047392132214
Model size: (5, 11)
Validation fitness: 0.9391087749162977 
Elapsed: 3.7877120971679688

*** Epoch 1, batch 67/520 ***
Training fitness: 0.9441741540657296
Model size: (5, 11)
Validation fitness: 0.9389267677713873 
Elapsed: 3.9219844341278076

*** Epoch 1, batch 68/520 ***
Training fitness: 0.9549101460083849
Model size: (5, 10)
Validation fitness: 0.9406144972359886 !!!
Elapsed: 3.884270191192627

*** Epoch 1, batch 69/520 ***
Training fitness: 0.9450848232750892
Model size: (3, 9)
Validation fitness: 0.9310975421917274 
Elapsed: 3.7694454193115234

*** Epoch 1, batch 70/520 ***
Training fitness: 0.9473758811237563
Model size: (5, 10)
Validation fitness: 0.9406144972359886 
Elapsed: 3.7332332134246826

*** Epoch 1, batch 71/520 ***
Training fitness: 0.8945713180026966
Model size: (3, 10)
Validation fitness: 0.9166579337584069 
Elapsed: 3.5455214977264404

*** Epoch 1, batch 72/520 ***
Training fitness: 0.9260915764481984
Model size: (2, 5)
Validation fitness: 0.9328804445619179 
Elapsed: 3.532020330429077

*** Epoch 1, batch 73/520 ***
Training fitness: 0.9233700979025636
Model size: (2, 7)
Validation fitness: 0.9261157504831123 
Elapsed: 3.534398078918457

*** Epoch 1, batch 74/520 ***
Training fitness: 0.910988481418585
Model size: (2, 8)
Validation fitness: 0.9208341867959229 
Elapsed: 3.5572214126586914

*** Epoch 1, batch 75/520 ***
Training fitness: 0.9359019073852638
Model size: (6, 13)
Validation fitness: 0.9252183778745847 
Elapsed: 3.789454221725464

*** Epoch 1, batch 76/520 ***
Training fitness: 0.9398612076451109
Model size: (1, 4)
Validation fitness: 0.9342520203812028 
Elapsed: 3.49914813041687

*** Epoch 1, batch 77/520 ***
Training fitness: 0.9358528287392532
Model size: (4, 10)
Validation fitness: 0.924743582016815 
Elapsed: 3.993678092956543

*** Epoch 1, batch 78/520 ***
Training fitness: 0.945068987095687
Model size: (3, 8)
Validation fitness: 0.9312016342363683 
Elapsed: 3.781050205230713

*** Epoch 1, batch 79/520 ***
Training fitness: 0.9225330657916668
Model size: (1, 4)
Validation fitness: 0.9342520203812028 
Elapsed: 3.5445871353149414

*** Epoch 1, batch 80/520 ***
Training fitness: 0.9444475659644895
Model size: (1, 4)
Validation fitness: 0.9342520203812028 
Elapsed: 3.5503909587860107

*** Epoch 1, batch 81/520 ***
Training fitness: 0.9438603945958064
Model size: (1, 4)
Validation fitness: 0.9342520203812028 
Elapsed: 3.399127244949341

*** Epoch 1, batch 82/520 ***
Training fitness: 0.9403693952283351
Model size: (3, 11)
Validation fitness: 0.917072025123458 
Elapsed: 3.618534803390503

*** Epoch 1, batch 83/520 ***
Training fitness: 0.92795579741643
Model size: (6, 15)
Validation fitness: 0.9246847515891761 
Elapsed: 1.9869108200073242

*** Epoch 1, batch 84/520 ***
Training fitness: 0.9478226447475454
Model size: (5, 14)
Validation fitness: 0.917361084633411 
Elapsed: 2.1317989826202393

*** Epoch 1, batch 85/520 ***
Training fitness: 0.9365020605034828
Model size: (6, 14)
Validation fitness: 0.9281654552417776 
Elapsed: 2.065264940261841

*** Epoch 1, batch 86/520 ***
Training fitness: 0.9326089352975354
Model size: (6, 14)
Validation fitness: 0.9281654552417776 
Elapsed: 2.090641498565674

*** Epoch 1, batch 87/520 ***
Training fitness: 0.948574192834632
Model size: (5, 12)
Validation fitness: 0.9309664746359192 
Elapsed: 1.8942549228668213

*** Epoch 1, batch 88/520 ***
Training fitness: 0.9275907749444302
Model size: (5, 11)
Validation fitness: 0.9069320534470645 
Elapsed: 1.9039661884307861

*** Epoch 1, batch 89/520 ***
Training fitness: 0.9156317698843021
Model size: (1, 3)
Validation fitness: 0.9162951651078789 
Elapsed: 1.7844464778900146

*** Epoch 1, batch 90/520 ***
Training fitness: 0.9467777375185239
Model size: (6, 15)
Validation fitness: 0.9171271750162493 
Elapsed: 1.9277241230010986

*** Epoch 1, batch 91/520 ***
Training fitness: 0.9330030262156441
Model size: (3, 8)
Validation fitness: 0.9174474291200388 
Elapsed: 1.884925365447998

*** Epoch 1, batch 92/520 ***
Training fitness: 0.9241343418927664
Model size: (5, 9)
Validation fitness: 0.9246263763428232 
Elapsed: 2.0065083503723145

*** Epoch 1, batch 93/520 ***
Training fitness: 0.9555051492565304
Model size: (4, 8)
Validation fitness: 0.9236773572185716 
Elapsed: 1.8704791069030762

*** Epoch 1, batch 94/520 ***
Training fitness: 0.9245470974802332
Model size: (6, 11)
Validation fitness: 0.9233878386847421 
Elapsed: 1.9736299514770508

*** Epoch 1, batch 95/520 ***
Training fitness: 0.9126257607165619
Model size: (1, 4)
Validation fitness: 0.925882086096392 
Elapsed: 1.7838330268859863

*** Epoch 1, batch 96/520 ***
Training fitness: 0.9435250301120995
Model size: (2, 7)
Validation fitness: 0.9266521081490229 
Elapsed: 1.8790638446807861

*** Epoch 1, batch 97/520 ***
Training fitness: 0.9430643028092168
Model size: (5, 11)
Validation fitness: 0.9204420867552602 
Elapsed: 1.8890182971954346

*** Epoch 1, batch 98/520 ***
Training fitness: 0.9312747556563131
Model size: (4, 9)
Validation fitness: 0.9179910466816831 
Elapsed: 1.8479256629943848

*** Epoch 1, batch 99/520 ***
Training fitness: 0.930471812196342
Model size: (4, 10)
Validation fitness: 0.9126433826580449 
Elapsed: 1.770336389541626

*** Epoch 1, batch 100/520 ***
Training fitness: 0.9266271712826513
Model size: (3, 9)
Validation fitness: 0.9237359349973882 
Elapsed: 1.8722383975982666

*** Epoch 1, batch 101/520 ***
Training fitness: 0.9265559606447518
Model size: (3, 10)
Validation fitness: 0.9248244439592231 
Elapsed: 1.8464796543121338

*** Epoch 1, batch 102/520 ***
Training fitness: 0.9372236198814319
Model size: (3, 8)
Validation fitness: 0.9242989826349254 
Elapsed: 1.9181301593780518

*** Epoch 1, batch 103/520 ***
Training fitness: 0.9276446859178231
Model size: (2, 6)
Validation fitness: 0.9260283086132305 
Elapsed: 1.7275819778442383

*** Epoch 1, batch 104/520 ***
Training fitness: 0.9376155476505995
Model size: (4, 10)
Validation fitness: 0.9221869340596316 
Elapsed: 1.7747876644134521

*** Epoch 1, batch 105/520 ***
Training fitness: 0.9195094482177187
Model size: (3, 9)
Validation fitness: 0.9128068341444959 
Elapsed: 1.9366579055786133

*** Epoch 1, batch 106/520 ***
Training fitness: 0.9231913189240133
Model size: (5, 14)
Validation fitness: 0.9101069331145017 
Elapsed: 1.9875068664550781

*** Epoch 1, batch 107/520 ***
Training fitness: 0.9213758535808942
Model size: (5, 11)
Validation fitness: 0.9207692991763736 
Elapsed: 1.9808154106140137

*** Epoch 1, batch 108/520 ***
Training fitness: 0.9421779249527776
Model size: (3, 9)
Validation fitness: 0.9258830078499903 
Elapsed: 1.822990894317627

*** Epoch 1, batch 109/520 ***
Training fitness: 0.9155080599072726
Model size: (9, 20)
Validation fitness: 0.9221200561694753 
Elapsed: 1.9002790451049805

*** Epoch 1, batch 110/520 ***
Training fitness: 0.954729085330474
Model size: (2, 6)
Validation fitness: 0.927425891768496 
Elapsed: 1.8281333446502686

*** Epoch 1, batch 111/520 ***
Training fitness: 0.9134351746724081
Model size: (4, 8)
Validation fitness: 0.9250196077859208 
Elapsed: 1.8459813594818115

*** Epoch 1, batch 112/520 ***
Training fitness: 0.9370597568735834
Model size: (2, 6)
Validation fitness: 0.927425891768496 
Elapsed: 1.7143702507019043

*** Epoch 1, batch 113/520 ***
Training fitness: 0.9233487119970308
Model size: (2, 6)
Validation fitness: 0.927425891768496 
Elapsed: 1.739487886428833

*** Epoch 1, batch 114/520 ***
Training fitness: 0.9516615250862291
Model size: (8, 18)
Validation fitness: 0.9193171763226087 
Elapsed: 1.913029670715332

*** Epoch 1, batch 115/520 ***
Training fitness: 0.9455402898836937
Model size: (3, 10)
Validation fitness: 0.9303409283925251 
Elapsed: 1.6885042190551758

*** Epoch 1, batch 116/520 ***
Training fitness: 0.9554645203918833
Model size: (8, 18)
Validation fitness: 0.9274131477055351 
Elapsed: 1.9980742931365967

*** Epoch 1, batch 117/520 ***
Training fitness: 0.9391166313467434
Model size: (3, 7)
Validation fitness: 0.9251384461872986 
Elapsed: 1.658616304397583

*** Epoch 1, batch 118/520 ***
Training fitness: 0.9272448001996442
Model size: (2, 4)
Validation fitness: 0.8991582381645553 
Elapsed: 1.685408592224121

*** Epoch 1, batch 119/520 ***
Training fitness: 0.953098579488295
Model size: (3, 6)
Validation fitness: 0.9287930910578007 
Elapsed: 1.7754197120666504

*** Epoch 1, batch 120/520 ***
Training fitness: 0.9289467209874368
Model size: (4, 8)
Validation fitness: 0.9250196077859208 
Elapsed: 1.8311407566070557

*** Epoch 1, batch 121/520 ***
Training fitness: 0.9356571602257876
Model size: (5, 12)
Validation fitness: 0.9268644515587394 
Elapsed: 1.7771620750427246

*** Epoch 1, batch 122/520 ***
Training fitness: 0.9309090909090909
Model size: (5, 12)
Validation fitness: 0.9268644515587394 
Elapsed: 1.7389204502105713

*** Epoch 1, batch 123/520 ***
Training fitness: 0.9011277864737852
Model size: (4, 11)
Validation fitness: 0.9212022027510482 
Elapsed: 1.7432053089141846

*** Epoch 1, batch 124/520 ***
Training fitness: 0.9351029692878231
Model size: (4, 8)
Validation fitness: 0.9266371982502242 
Elapsed: 1.8117611408233643

*** Epoch 1, batch 125/520 ***
Training fitness: 0.9257608179085381
Model size: (4, 8)
Validation fitness: 0.9250196077859208 
Elapsed: 1.821833610534668

*** Epoch 1, batch 126/520 ***
Training fitness: 0.9467453483970332
Model size: (4, 8)
Validation fitness: 0.9266371982502242 
Elapsed: 1.9070475101470947

*** Epoch 1, batch 127/520 ***
Training fitness: 0.9203627592782121
Model size: (4, 9)
Validation fitness: 0.9217228663216819 
Elapsed: 1.7487428188323975

*** Epoch 1, batch 128/520 ***
Training fitness: 0.9353195589007717
Model size: (3, 6)
Validation fitness: 0.9292336869760685 
Elapsed: 1.7408051490783691

*** Epoch 1, batch 129/520 ***
Training fitness: 0.9444692796553181
Model size: (4, 8)
Validation fitness: 0.9266371982502242 
Elapsed: 1.820164680480957

*** Epoch 1, batch 130/520 ***
Training fitness: 0.9489313853080833
Model size: (3, 6)
Validation fitness: 0.9292336869760685 
Elapsed: 1.7449719905853271

*** Epoch 1, batch 131/520 ***
Training fitness: 0.9293986569724131
Model size: (3, 5)
Validation fitness: 0.9270980444634008 
Elapsed: 1.7638442516326904

*** Epoch 1, batch 132/520 ***
Training fitness: 0.9365192879263721
Model size: (4, 11)
Validation fitness: 0.9212881767871411 
Elapsed: 1.930715799331665

*** Epoch 1, batch 133/520 ***
Training fitness: 0.9347384838930319
Model size: (3, 6)
Validation fitness: 0.9292336869760685 
Elapsed: 1.797299861907959

*** Epoch 1, batch 134/520 ***
Training fitness: 0.9320066487177109
Model size: (3, 7)
Validation fitness: 0.9162485328922686 
Elapsed: 1.84859037399292

*** Epoch 1, batch 135/520 ***
Training fitness: 0.9184640319631658
Model size: (4, 11)
Validation fitness: 0.9289110611890379 
Elapsed: 1.892277479171753

*** Epoch 1, batch 136/520 ***
Training fitness: 0.9259454363086961
Model size: (4, 11)
Validation fitness: 0.9289110611890379 
Elapsed: 1.9499833583831787

*** Epoch 1, batch 137/520 ***
Training fitness: 0.9275670127767714
Model size: (9, 18)
Validation fitness: 0.9215355355455771 
Elapsed: 1.9363791942596436

*** Epoch 1, batch 138/520 ***
Training fitness: 0.9282086068342634
Model size: (5, 13)
Validation fitness: 0.9272249277163728 
Elapsed: 1.9897444248199463

*** Epoch 1, batch 139/520 ***
Training fitness: 0.9340149708582606
Model size: (5, 13)
Validation fitness: 0.9272249277163728 
Elapsed: 1.9334173202514648

*** Epoch 1, batch 140/520 ***
Training fitness: 0.9305754248115262
Model size: (12, 23)
Validation fitness: 0.91744043632583 
Elapsed: 1.7807908058166504

*** Epoch 1, batch 141/520 ***
Training fitness: 0.9410716516158194
Model size: (3, 5)
Validation fitness: 0.9301818476162639 
Elapsed: 1.9046759605407715

*** Epoch 1, batch 142/520 ***
Training fitness: 0.9362688329702004
Model size: (3, 5)
Validation fitness: 0.9301818476162639 
Elapsed: 1.8921489715576172

*** Epoch 1, batch 143/520 ***
Training fitness: 0.9522027465680233
Model size: (10, 17)
Validation fitness: 0.917896940714605 
Elapsed: 1.9181783199310303

*** Epoch 1, batch 144/520 ***
Training fitness: 0.9375761471275319
Model size: (3, 5)
Validation fitness: 0.9301818476162639 
Elapsed: 1.9071249961853027

*** Epoch 1, batch 145/520 ***
Training fitness: 0.956137514921333
Model size: (4, 9)
Validation fitness: 0.9201898758634962 
Elapsed: 1.8125464916229248

*** Epoch 1, batch 146/520 ***
Training fitness: 0.9457636475251022
Model size: (4, 9)
Validation fitness: 0.9201898758634962 
Elapsed: 1.8848907947540283

*** Epoch 1, batch 147/520 ***
Training fitness: 0.9428644288144125
Model size: (5, 13)
Validation fitness: 0.9272249277163728 
Elapsed: 2.255260467529297

*** Epoch 1, batch 148/520 ***
Training fitness: 0.9309090857025968
Model size: (12, 23)
Validation fitness: 0.9162372613176921 
Elapsed: 1.719590663909912

*** Epoch 1, batch 149/520 ***
Training fitness: 0.9380170864499461
Model size: (4, 9)
Validation fitness: 0.9201898758634962 
Elapsed: 2.536909818649292

*** Epoch 1, batch 150/520 ***
Training fitness: 0.909067576313956
Model size: (2, 5)
Validation fitness: 0.9284613064770539 
Elapsed: 3.6058177947998047

*** Epoch 1, batch 151/520 ***
Training fitness: 0.9446494429527647
Model size: (2, 5)
Validation fitness: 0.9301804174284483 
Elapsed: 3.7396645545959473

*** Epoch 1, batch 152/520 ***
Training fitness: 0.9343065752505384
Model size: (2, 5)
Validation fitness: 0.9301804174284483 
Elapsed: 3.6983184814453125

*** Epoch 1, batch 153/520 ***
Training fitness: 0.9424968273971388
Model size: (5, 12)
Validation fitness: 0.9307713263724904 
Elapsed: 3.928713798522949

*** Epoch 1, batch 154/520 ***
Training fitness: 0.9326464201167627
Model size: (5, 12)
Validation fitness: 0.9307713263724904 
Elapsed: 3.849245071411133

*** Epoch 1, batch 155/520 ***
Training fitness: 0.9269438521611137
Model size: (6, 13)
Validation fitness: 0.9212502762101624 
Elapsed: 3.571984052658081

*** Epoch 1, batch 156/520 ***
Training fitness: 0.9481481481481482
Model size: (2, 5)
Validation fitness: 0.9300094398566198 
Elapsed: 3.4984421730041504

*** Epoch 1, batch 157/520 ***
Training fitness: 0.924187725631769
Model size: (2, 5)
Validation fitness: 0.9300094398566198 
Elapsed: 3.5759432315826416

*** Epoch 1, batch 158/520 ***
Training fitness: 0.9237376221430046
Model size: (8, 15)
Validation fitness: 0.9139661641866857 
Elapsed: 3.784426212310791

*** Epoch 1, batch 159/520 ***
Training fitness: 0.9435647331364128
Model size: (7, 15)
Validation fitness: 0.9063431505234248 
Elapsed: 3.5631167888641357

*** Epoch 1, batch 160/520 ***
Training fitness: 0.9338385885074263
Model size: (6, 10)
Validation fitness: 0.926092568201442 
Elapsed: 3.6810925006866455

*** Epoch 1, batch 161/520 ***
Training fitness: 0.9362222919532901
Model size: (6, 10)
Validation fitness: 0.926092568201442 
Elapsed: 3.6531903743743896

*** Epoch 1, batch 162/520 ***
Training fitness: 0.9343065693430657
Model size: (3, 7)
Validation fitness: 0.9280991479014432 
Elapsed: 3.4191651344299316

*** Epoch 1, batch 163/520 ***
Training fitness: 0.927536231884058
Model size: (2, 6)
Validation fitness: 0.9311899276288657 
Elapsed: 3.2407240867614746

*** Epoch 1, batch 164/520 ***
Training fitness: 0.9309090909090909
Model size: (2, 6)
Validation fitness: 0.9311899276288657 
Elapsed: 3.4313015937805176

*** Epoch 1, batch 165/520 ***
Training fitness: 0.927536231884058
Model size: (2, 6)
Validation fitness: 0.9306178556756003 
Elapsed: 3.4063026905059814

*** Epoch 1, batch 166/520 ***
Training fitness: 0.9533475083419848
Model size: (2, 6)
Validation fitness: 0.9306178556756003 
Elapsed: 3.6128902435302734

*** Epoch 1, batch 167/520 ***
Training fitness: 0.9313364141128313
Model size: (6, 10)
Validation fitness: 0.9238921663883664 
Elapsed: 3.730168581008911

*** Epoch 1, batch 168/520 ***
Training fitness: 0.9300370921882763
Model size: (6, 10)
Validation fitness: 0.926092568201442 
Elapsed: 3.6769657135009766

*** Epoch 1, batch 169/520 ***
Training fitness: 0.9406333094024603
Model size: (10, 14)
Validation fitness: 0.9229158440217436 
Elapsed: 3.2805917263031006

*** Epoch 1, batch 170/520 ***
Training fitness: 0.933199058729217
Model size: (5, 9)
Validation fitness: 0.931210877694771 
Elapsed: 3.669848918914795

*** Epoch 1, batch 171/520 ***
Training fitness: 0.9298403771283451
Model size: (12, 20)
Validation fitness: 0.9200764856879858 
Elapsed: 3.365837574005127

*** Epoch 1, batch 172/520 ***
Training fitness: 0.938840451371101
Model size: (12, 20)
Validation fitness: 0.9200764856879858 
Elapsed: 3.3316879272460938

*** Epoch 1, batch 173/520 ***
Training fitness: 0.9320264698358706
Model size: (12, 20)
Validation fitness: 0.9200764856879858 
Elapsed: 3.4275033473968506

*** Epoch 1, batch 174/520 ***
Training fitness: 0.9303790592505322
Model size: (8, 12)
Validation fitness: 0.9203561220971432 
Elapsed: 3.4387199878692627

*** Epoch 1, batch 175/520 ***
Training fitness: 0.9434677237822336
Model size: (9, 16)
Validation fitness: 0.920796464675138 
Elapsed: 3.4369966983795166

*** Epoch 1, batch 176/520 ***
Training fitness: 0.9377289377289377
Model size: (7, 11)
Validation fitness: 0.9316947226967278 
Elapsed: 3.4469096660614014

*** Epoch 1, batch 177/520 ***
Training fitness: 0.9624529095059705
Model size: (8, 12)
Validation fitness: 0.9203561220971432 
Elapsed: 3.4704864025115967

*** Epoch 1, batch 178/520 ***
Training fitness: 0.9327063549647919
Model size: (5, 9)
Validation fitness: 0.931210877694771 
Elapsed: 3.753359079360962

*** Epoch 1, batch 179/520 ***
Training fitness: 0.9237248893052832
Model size: (7, 11)
Validation fitness: 0.9316947226967278 
Elapsed: 3.6149537563323975

*** Epoch 1, batch 180/520 ***
Training fitness: 0.9295626839417427
Model size: (6, 10)
Validation fitness: 0.9315597123497591 
Elapsed: 3.8259100914001465

*** Epoch 1, batch 181/520 ***
Training fitness: 0.9350638727535456
Model size: (5, 9)
Validation fitness: 0.931210877694771 
Elapsed: 3.8932547569274902

*** Epoch 1, batch 182/520 ***
Training fitness: 0.9206254917677406
Model size: (6, 10)
Validation fitness: 0.9315597123497591 
Elapsed: 4.149803400039673

*** Epoch 1, batch 183/520 ***
Training fitness: 0.9423699142440328
Model size: (6, 10)
Validation fitness: 0.9315597123497591 
Elapsed: 3.695254325866699

*** Epoch 1, batch 184/520 ***
Training fitness: 0.9415672131997952
Model size: (10, 17)
Validation fitness: 0.9267244881094718 
Elapsed: 3.6464967727661133

*** Epoch 1, batch 185/520 ***
Training fitness: 0.9410502307305575
Model size: (11, 17)
Validation fitness: 0.9234368307737556 
Elapsed: 3.8501734733581543

*** Epoch 1, batch 186/520 ***
Training fitness: 0.9600974054993804
Model size: (6, 10)
Validation fitness: 0.9315597123497591 
Elapsed: 3.929360866546631

*** Epoch 1, batch 187/520 ***
Training fitness: 0.9251178814448866
Model size: (16, 24)
Validation fitness: 0.9218240203905684 
Elapsed: 3.6334168910980225

*** Epoch 1, batch 188/520 ***
Training fitness: 0.9280926233393263
Model size: (7, 11)
Validation fitness: 0.9155550059016972 
Elapsed: 3.83931040763855

*** Epoch 1, batch 189/520 ***
Training fitness: 0.9326875304245169
Model size: (11, 17)
Validation fitness: 0.9234368307737556 
Elapsed: 3.8869197368621826

*** Epoch 1, batch 190/520 ***
Training fitness: 0.9303995705232375
Model size: (14, 26)
Validation fitness: 0.9253450697276994 
Elapsed: 3.8069851398468018

*** Epoch 1, batch 191/520 ***
Training fitness: 0.9411764705882353
Model size: (8, 10)
Validation fitness: 0.9232296001049567 
Elapsed: 3.9128029346466064

*** Epoch 1, batch 192/520 ***
Training fitness: 0.9376649316993704
Model size: (9, 12)
Validation fitness: 0.9254083421779831 
Elapsed: 4.03468656539917

*** Epoch 1, batch 193/520 ***
Training fitness: 0.9078390377956035
Model size: (10, 15)
Validation fitness: 0.9295098379465306 
Elapsed: 3.8305678367614746

*** Epoch 1, batch 194/520 ***
Training fitness: 0.9367515055286599
Model size: (10, 15)
Validation fitness: 0.9358000457417427 
Elapsed: 3.6761581897735596

*** Epoch 1, batch 195/520 ***
Training fitness: 0.9390737940478299
Model size: (11, 20)
Validation fitness: 0.9186904816089815 
Elapsed: 3.995464563369751

*** Epoch 1, batch 196/520 ***
Training fitness: 0.9248314773922414
Model size: (10, 15)
Validation fitness: 0.9358000457417427 
Elapsed: 3.7957708835601807

*** Epoch 1, batch 197/520 ***
Training fitness: 0.9411402429888968
Model size: (6, 8)
Validation fitness: 0.9277753446580148 
Elapsed: 3.642446517944336

*** Epoch 1, batch 198/520 ***
Training fitness: 0.9535252554694832
Model size: (12, 20)
Validation fitness: 0.9334356649702865 
Elapsed: 4.5623393058776855

*** Epoch 1, batch 199/520 ***
Training fitness: 0.939688823759929
Model size: (10, 15)
Validation fitness: 0.9358000457417427 
Elapsed: 3.8839995861053467

*** Epoch 1, batch 200/520 ***
Training fitness: 0.9456573019546873
Model size: (10, 15)
Validation fitness: 0.9358000457417427 
Elapsed: 3.7911369800567627

*** Epoch 1, batch 201/520 ***
Training fitness: 0.9427423261641098
Model size: (5, 8)
Validation fitness: 0.9340075464297697 
Elapsed: 3.9889636039733887

*** Epoch 1, batch 202/520 ***
Training fitness: 0.9423064386735586
Model size: (10, 15)
Validation fitness: 0.9358000457417427 
Elapsed: 3.9723496437072754

*** Epoch 1, batch 203/520 ***
Training fitness: 0.9400558524156791
Model size: (12, 21)
Validation fitness: 0.9307573150840494 
Elapsed: 4.001966238021851

*** Epoch 1, batch 204/520 ***
Training fitness: 0.9496071199328986
Model size: (10, 15)
Validation fitness: 0.9358000457417427 
Elapsed: 3.8469488620758057

*** Epoch 1, batch 205/520 ***
Training fitness: 0.9598731277919607
Model size: (5, 10)
Validation fitness: 0.9351812513022754 
Elapsed: 3.9261932373046875

*** Epoch 1, batch 206/520 ***
Training fitness: 0.9310865908021818
Model size: (5, 11)
Validation fitness: 0.9214212290932182 
Elapsed: 3.9801130294799805

*** Epoch 1, batch 207/520 ***
Training fitness: 0.9343618487573224
Model size: (5, 10)
Validation fitness: 0.9351812513022754 
Elapsed: 4.013462781906128

*** Epoch 1, batch 208/520 ***
Training fitness: 0.9378598929016972
Model size: (12, 23)
Validation fitness: 0.9198995163708533 
Elapsed: 4.601711988449097

*** Epoch 1, batch 209/520 ***
Training fitness: 0.9425079387768464
Model size: (11, 16)
Validation fitness: 0.9315838760322477 
Elapsed: 3.8647890090942383

*** Epoch 1, batch 210/520 ***
Training fitness: 0.9563786220092522
Model size: (5, 11)
Validation fitness: 0.9319092583163504 
Elapsed: 3.9912357330322266

*** Epoch 1, batch 211/520 ***
Training fitness: 0.9275961068783003
Model size: (11, 15)
Validation fitness: 0.9304631650926061 
Elapsed: 3.845365047454834

*** Epoch 1, batch 212/520 ***
Training fitness: 0.9444310565497165
Model size: (6, 8)
Validation fitness: 0.9209873160156529 
Elapsed: 4.185370683670044

*** Epoch 1, batch 213/520 ***
Training fitness: 0.9279696039283553
Model size: (12, 17)
Validation fitness: 0.9307815729800509 
Elapsed: 3.837345838546753

*** Epoch 1, batch 214/520 ***
Training fitness: 0.9366429166981155
Model size: (5, 7)
Validation fitness: 0.927528180267979 
Elapsed: 3.7808001041412354

*** Epoch 1, batch 215/520 ***
Training fitness: 0.9325031291078606
Model size: (11, 17)
Validation fitness: 0.9056140557647298 
Elapsed: 2.2205166816711426

*** Epoch 1, batch 216/520 ***
Training fitness: 0.9184044113619338
Model size: (12, 18)
Validation fitness: 0.9293325492650621 
Elapsed: 1.920865535736084

*** Epoch 1, batch 217/520 ***
Training fitness: 0.9548254533427668
Model size: (8, 15)
Validation fitness: 0.9264616247225382 
Elapsed: 1.946964979171753

*** Epoch 1, batch 218/520 ***
Training fitness: 0.9464749509719345
Model size: (14, 26)
Validation fitness: 0.9279484614988791 
Elapsed: 2.377187728881836

*** Epoch 1, batch 219/520 ***
Training fitness: 0.9265262227049177
Model size: (9, 18)
Validation fitness: 0.9306263365688469 
Elapsed: 1.996277093887329

*** Epoch 1, batch 220/520 ***
Training fitness: 0.9435107647192044
Model size: (9, 18)
Validation fitness: 0.9306263365688469 
Elapsed: 1.9887843132019043

*** Epoch 1, batch 221/520 ***
Training fitness: 0.9475242530820007
Model size: (15, 28)
Validation fitness: 0.9333853456926827 
Elapsed: 2.417860507965088

*** Epoch 1, batch 222/520 ***
Training fitness: 0.926708913305648
Model size: (15, 28)
Validation fitness: 0.9333853456926827 
Elapsed: 2.5235862731933594

*** Epoch 1, batch 223/520 ***
Training fitness: 0.9229179152477582
Model size: (8, 16)
Validation fitness: 0.9346728234741445 
Elapsed: 1.958622932434082

*** Epoch 1, batch 224/520 ***
Training fitness: 0.9362822821257611
Model size: (8, 16)
Validation fitness: 0.9346728234741445 
Elapsed: 1.972397804260254

*** Epoch 1, batch 225/520 ***
Training fitness: 0.912787374413032
Model size: (8, 16)
Validation fitness: 0.9346728234741445 
Elapsed: 1.9714512825012207

*** Epoch 1, batch 226/520 ***
Training fitness: 0.9587268528462978
Model size: (8, 16)
Validation fitness: 0.9346728234741445 
Elapsed: 1.865767478942871

*** Epoch 1, batch 227/520 ***
Training fitness: 0.9495408995161416
Model size: (8, 16)
Validation fitness: 0.9346728234741445 
Elapsed: 1.835003137588501

*** Epoch 1, batch 228/520 ***
Training fitness: 0.9464967723350353
Model size: (5, 9)
Validation fitness: 0.9216161274852213 
Elapsed: 1.962031364440918

*** Epoch 1, batch 229/520 ***
Training fitness: 0.9260641582329258
Model size: (12, 17)
Validation fitness: 0.9294101171262527 
Elapsed: 1.791733980178833

*** Epoch 1, batch 230/520 ***
Training fitness: 0.9377289377289377
Model size: (10, 16)
Validation fitness: 0.9290530994669497 
Elapsed: 1.9190478324890137

*** Epoch 1, batch 231/520 ***
Training fitness: 0.9325169940311913
Model size: (10, 18)
Validation fitness: 0.9262210053504376 
Elapsed: 1.9976108074188232

*** Epoch 1, batch 232/520 ***
Training fitness: 0.9275311910289381
Model size: (8, 13)
Validation fitness: 0.9241774864285439 
Elapsed: 1.7838859558105469

*** Epoch 1, batch 233/520 ***
Training fitness: 0.941601114077572
Model size: (10, 14)
Validation fitness: 0.9290988457729507 
Elapsed: 1.832226037979126

*** Epoch 1, batch 234/520 ***
Training fitness: 0.9348870945158423
Model size: (11, 17)
Validation fitness: 0.9296931562772865 
Elapsed: 1.8808205127716064

*** Epoch 1, batch 235/520 ***
Training fitness: 0.9518595793757987
Model size: (5, 10)
Validation fitness: 0.9299236964237486 
Elapsed: 1.779895544052124

*** Epoch 1, batch 236/520 ***
Training fitness: 0.9274010196364059
Model size: (6, 11)
Validation fitness: 0.9080343496215632 
Elapsed: 1.7888784408569336

*** Epoch 1, batch 237/520 ***
Training fitness: 0.9434801803346237
Model size: (10, 14)
Validation fitness: 0.9218038526301845 
Elapsed: 1.7728376388549805

*** Epoch 1, batch 238/520 ***
Training fitness: 0.9468481355684342
Model size: (5, 10)
Validation fitness: 0.9299236964237486 
Elapsed: 1.765218734741211

*** Epoch 1, batch 239/520 ***
Training fitness: 0.9472055270305434
Model size: (8, 15)
Validation fitness: 0.9283983287858044 
Elapsed: 2.122763156890869

*** Epoch 1, batch 240/520 ***
Training fitness: 0.9505595110750915
Model size: (9, 18)
Validation fitness: 0.9278551708413649 
Elapsed: 1.8645522594451904

*** Epoch 1, batch 241/520 ***
Training fitness: 0.9253097774150354
Model size: (12, 18)
Validation fitness: 0.9213273989863017 
Elapsed: 1.9548699855804443

*** Epoch 1, batch 242/520 ***
Training fitness: 0.942320345449933
Model size: (8, 15)
Validation fitness: 0.9283983287858044 
Elapsed: 1.9216198921203613

*** Epoch 1, batch 243/520 ***
Training fitness: 0.9442777755955862
Model size: (5, 10)
Validation fitness: 0.9299236964237486 
Elapsed: 1.8620986938476562

*** Epoch 1, batch 244/520 ***
Training fitness: 0.9230086326786281
Model size: (3, 7)
Validation fitness: 0.9329873364176376 
Elapsed: 1.7896771430969238

*** Epoch 1, batch 245/520 ***
Training fitness: 0.9222100488283126
Model size: (5, 5)
Validation fitness: 0.925381796812745 
Elapsed: 1.8359549045562744

*** Epoch 1, batch 246/520 ***
Training fitness: 0.9436279810582013
Model size: (8, 15)
Validation fitness: 0.9259461935362924 
Elapsed: 1.9841125011444092

*** Epoch 1, batch 247/520 ***
Training fitness: 0.9498528914464265
Model size: (12, 24)
Validation fitness: 0.9229682087177177 
Elapsed: 2.2023861408233643

*** Epoch 1, batch 248/520 ***
Training fitness: 0.9367776401790794
Model size: (9, 13)
Validation fitness: 0.933267491819452 
Elapsed: 1.9933197498321533

*** Epoch 1, batch 249/520 ***
Training fitness: 0.9118868472478581
Model size: (5, 5)
Validation fitness: 0.9277114751892253 
Elapsed: 1.9554767608642578

*** Epoch 1, batch 250/520 ***
Training fitness: 0.9229471623570927
Model size: (8, 15)
Validation fitness: 0.9259461935362924 
Elapsed: 2.038620948791504

*** Epoch 1, batch 251/520 ***
Training fitness: 0.9358339931036848
Model size: (9, 13)
Validation fitness: 0.9326277793510357 
Elapsed: 1.931623935699463

*** Epoch 1, batch 252/520 ***
Training fitness: 0.9524280667194948
Model size: (5, 5)
Validation fitness: 0.9277114751892253 
Elapsed: 1.9261996746063232

*** Epoch 1, batch 253/520 ***
Training fitness: 0.9581570048844993
Model size: (5, 5)
Validation fitness: 0.9277114751892253 
Elapsed: 1.906468391418457

*** Epoch 1, batch 254/520 ***
Training fitness: 0.9374717945192041
Model size: (7, 12)
Validation fitness: 0.9335736299773323 
Elapsed: 2.00821852684021

*** Epoch 1, batch 255/520 ***
Training fitness: 0.9411764705882353
Model size: (6, 9)
Validation fitness: 0.9339207883845994 
Elapsed: 1.944976568222046

*** Epoch 1, batch 256/520 ***
Training fitness: 0.9481481481481482
Model size: (11, 24)
Validation fitness: 0.9283505190109115 
Elapsed: 2.0345215797424316

*** Epoch 1, batch 257/520 ***
Training fitness: 0.9477240881707298
Model size: (8, 15)
Validation fitness: 0.9265344800971889 
Elapsed: 1.8941187858581543

*** Epoch 1, batch 258/520 ***
Training fitness: 0.9398735631748123
Model size: (6, 7)
Validation fitness: 0.9285259807367235 
Elapsed: 1.9001691341400146

*** Epoch 1, batch 259/520 ***
Training fitness: 0.9382499202350099
Model size: (7, 12)
Validation fitness: 0.9322656673187828 
Elapsed: 1.911484956741333

*** Epoch 1, batch 260/520 ***
Training fitness: 0.9484635941133772
Model size: (10, 21)
Validation fitness: 0.9361302285889237 
Elapsed: 2.1197400093078613

*** Epoch 1, batch 261/520 ***
Training fitness: 0.9432821643760037
Model size: (10, 21)
Validation fitness: 0.9361302285889237 
Elapsed: 2.2051689624786377

*** Epoch 1, batch 262/520 ***
Training fitness: 0.9371961527888631
Model size: (10, 21)
Validation fitness: 0.9361302285889237 
Elapsed: 2.263702869415283

*** Epoch 1, batch 263/520 ***
Training fitness: 0.9503567939502836
Model size: (10, 21)
Validation fitness: 0.9361302285889237 
Elapsed: 2.2900378704071045

*** Epoch 1, batch 264/520 ***
Training fitness: 0.9324689261488471
Model size: (8, 13)
Validation fitness: 0.9295048592056755 
Elapsed: 2.1331849098205566

*** Epoch 1, batch 265/520 ***
Training fitness: 0.964825041026502
Model size: (11, 25)
Validation fitness: 0.9319434814233242 
Elapsed: 2.018047571182251

*** Epoch 1, batch 266/520 ***
Training fitness: 0.9567100872676146
Model size: (9, 13)
Validation fitness: 0.933267491819452 
Elapsed: 1.9741716384887695

*** Epoch 1, batch 267/520 ***
Training fitness: 0.9246511666613688
Model size: (10, 21)
Validation fitness: 0.9361302285889237 
Elapsed: 2.2265825271606445

*** Epoch 1, batch 268/520 ***
Training fitness: 0.9416352566666518
Model size: (8, 14)
Validation fitness: 0.9283274931531508 
Elapsed: 2.003260612487793

*** Epoch 1, batch 269/520 ***
Training fitness: 0.9341359376921482
Model size: (11, 24)
Validation fitness: 0.9235763075363173 
Elapsed: 2.2202649116516113

*** Epoch 1, batch 270/520 ***
Training fitness: 0.9528129776422706
Model size: (11, 26)
Validation fitness: 0.9273527371542112 
Elapsed: 2.131988763809204

*** Epoch 1, batch 271/520 ***
Training fitness: 0.9371322501403723
Model size: (8, 13)
Validation fitness: 0.9272098650691413 
Elapsed: 2.1406784057617188

*** Epoch 1, batch 272/520 ***
Training fitness: 0.9266231797694781
Model size: (9, 13)
Validation fitness: 0.933267491819452 
Elapsed: 1.9735867977142334

*** Epoch 1, batch 273/520 ***
Training fitness: 0.9467191603713124
Model size: (9, 14)
Validation fitness: 0.930022579532619 
Elapsed: 2.0587568283081055

*** Epoch 1, batch 274/520 ***
Training fitness: 0.9382780181471209
Model size: (8, 9)
Validation fitness: 0.9282959438011953 
Elapsed: 2.0283546447753906

*** Epoch 1, batch 275/520 ***
Training fitness: 0.9404654290459759
Model size: (13, 23)
Validation fitness: 0.9113084694468041 
Elapsed: 1.930938482284546

*** Epoch 1, batch 276/520 ***
Training fitness: 0.9533632521947428
Model size: (11, 25)
Validation fitness: 0.9362436366922742 
Elapsed: 2.001281976699829

*** Epoch 1, batch 277/520 ***
Training fitness: 0.9433533834767119
Model size: (11, 25)
Validation fitness: 0.9362436366922742 
Elapsed: 2.025902032852173

*** Epoch 1, batch 278/520 ***
Training fitness: 0.948410544538045
Model size: (11, 25)
Validation fitness: 0.9362436366922742 
Elapsed: 2.1265475749969482

*** Epoch 1, batch 279/520 ***
Training fitness: 0.9312512375812199
Model size: (9, 14)
Validation fitness: 0.930022579532619 
Elapsed: 1.9262094497680664

*** Epoch 1, batch 280/520 ***
Training fitness: 0.9241224153675656
Model size: (12, 20)
Validation fitness: 0.9197265379517126 
Elapsed: 1.8700470924377441

*** Epoch 1, batch 281/520 ***
Training fitness: 0.9270513473092957
Model size: (13, 23)
Validation fitness: 0.9276740036763188 
Elapsed: 1.9958031177520752

*** Epoch 1, batch 282/520 ***
Training fitness: 0.9425631261985671
Model size: (7, 14)
Validation fitness: 0.9298815283152121 
Elapsed: 1.9534003734588623

*** Epoch 1, batch 283/520 ***
Training fitness: 0.9565518951836334
Model size: (7, 14)
Validation fitness: 0.9334349267321075 
Elapsed: 1.9659669399261475

*** Epoch 1, batch 284/520 ***
Training fitness: 0.9419385148510259
Model size: (7, 14)
Validation fitness: 0.9334349267321075 
Elapsed: 1.990900993347168

*** Epoch 1, batch 285/520 ***
Training fitness: 0.9473405034771624
Model size: (8, 15)
Validation fitness: 0.9349373063130261 
Elapsed: 2.120479106903076

*** Epoch 1, batch 286/520 ***
Training fitness: 0.944881038076336
Model size: (8, 15)
Validation fitness: 0.9349373063130261 
Elapsed: 2.055311441421509

*** Epoch 1, batch 287/520 ***
Training fitness: 0.9557468616288635
Model size: (8, 15)
Validation fitness: 0.9349373063130261 
Elapsed: 2.0397655963897705

*** Epoch 1, batch 288/520 ***
Training fitness: 0.9475779397525275
Model size: (8, 15)
Validation fitness: 0.9245696181019911 
Elapsed: 1.7869083881378174

*** Epoch 1, batch 289/520 ***
Training fitness: 0.9665633352168895
Model size: (6, 9)
Validation fitness: 0.9349020988168516 
Elapsed: 1.8172132968902588

*** Epoch 1, batch 290/520 ***
Training fitness: 0.9388349959875683
Model size: (9, 18)
Validation fitness: 0.9249308025735824 
Elapsed: 2.021366596221924

*** Epoch 1, batch 291/520 ***
Training fitness: 0.9546809919884786
Model size: (9, 18)
Validation fitness: 0.9249308025735824 
Elapsed: 2.036698341369629

*** Epoch 1, batch 292/520 ***
Training fitness: 0.9463823225619934
Model size: (6, 9)
Validation fitness: 0.9349020988168516 
Elapsed: 1.911086082458496

*** Epoch 1, batch 293/520 ***
Training fitness: 0.9500581998535301
Model size: (6, 9)
Validation fitness: 0.9349020988168516 
Elapsed: 1.7955660820007324

*** Epoch 1, batch 294/520 ***
Training fitness: 0.9374386966474092
Model size: (9, 15)
Validation fitness: 0.9351500768009071 
Elapsed: 2.0751490592956543

*** Epoch 1, batch 295/520 ***
Training fitness: 0.9382329598541381
Model size: (10, 19)
Validation fitness: 0.9189387267107277 
Elapsed: 1.8045263290405273

*** Epoch 1, batch 296/520 ***
Training fitness: 0.9286312252358286
Model size: (10, 21)
Validation fitness: 0.9385057805661886 
Elapsed: 2.141059160232544

*** Epoch 1, batch 297/520 ***
Training fitness: 0.920863309352518
Model size: (10, 21)
Validation fitness: 0.9360530740410213 
Elapsed: 2.0792617797851562

*** Epoch 1, batch 298/520 ***
Training fitness: 0.9499695588867401
Model size: (15, 27)
Validation fitness: 0.918065503893021 
Elapsed: 1.9127545356750488

*** Epoch 1, batch 299/520 ***
Training fitness: 0.9446494464944649
Model size: (10, 17)
Validation fitness: 0.9209754169211669 
Elapsed: 2.2641234397888184

*** Epoch 1, batch 300/520 ***
Training fitness: 0.9149768123941088
Model size: (6, 9)
Validation fitness: 0.9349020988168516 
Elapsed: 1.8867206573486328

*** Epoch 1, batch 301/520 ***
Training fitness: 0.9351514752574
Model size: (6, 8)
Validation fitness: 0.9047587115954197 
Elapsed: 1.7603247165679932

*** Epoch 1, batch 302/520 ***
Training fitness: 0.9511499342852434
Model size: (11, 23)
Validation fitness: 0.9345538535598459 
Elapsed: 2.135942220687866

*** Epoch 1, batch 303/520 ***
Training fitness: 0.9306057227776512
Model size: (11, 19)
Validation fitness: 0.9212395548250367 
Elapsed: 1.8365299701690674

*** Epoch 1, batch 304/520 ***
Training fitness: 0.9581919048116583
Model size: (11, 19)
Validation fitness: 0.9212395548250367 
Elapsed: 1.8437659740447998

*** Epoch 1, batch 305/520 ***
Training fitness: 0.913221151240189
Model size: (11, 23)
Validation fitness: 0.9290343819162661 
Elapsed: 2.3011391162872314

*** Epoch 1, batch 306/520 ***
Training fitness: 0.9386192790395613
Model size: (7, 14)
Validation fitness: 0.9250197939133089 
Elapsed: 1.9192850589752197

*** Epoch 1, batch 307/520 ***
Training fitness: 0.9399906465190756
Model size: (11, 23)
Validation fitness: 0.9345538535598459 
Elapsed: 2.238203525543213

*** Epoch 1, batch 308/520 ***
Training fitness: 0.9377269413975549
Model size: (11, 23)
Validation fitness: 0.9290343819162661 
Elapsed: 2.2809038162231445

*** Epoch 1, batch 309/520 ***
Training fitness: 0.9446494464944649
Model size: (16, 28)
Validation fitness: 0.9284565787920718 
Elapsed: 1.9654505252838135

*** Epoch 1, batch 310/520 ***
Training fitness: 0.9499667457272243
Model size: (17, 24)
Validation fitness: 0.9216371912779466 
Elapsed: 1.9754135608673096

*** Epoch 1, batch 311/520 ***
Training fitness: 0.9485848998997554
Model size: (16, 29)
Validation fitness: 0.9295838694442442 
Elapsed: 2.002403974533081

*** Epoch 1, batch 312/520 ***
Training fitness: 0.9134517543562877
Model size: (12, 24)
Validation fitness: 0.9343739010202272 
Elapsed: 2.134516716003418

*** Epoch 1, batch 313/520 ***
Training fitness: 0.9422509017747965
Model size: (11, 23)
Validation fitness: 0.9290343819162661 
Elapsed: 2.411954879760742

*** Epoch 1, batch 314/520 ***
Training fitness: 0.9283264071450007
Model size: (11, 23)
Validation fitness: 0.9290343819162661 
Elapsed: 2.275315284729004

*** Epoch 1, batch 315/520 ***
Training fitness: 0.9545818783598867
Model size: (12, 25)
Validation fitness: 0.9325946239630394 
Elapsed: 2.3177223205566406

*** Epoch 1, batch 316/520 ***
Training fitness: 0.9283103085430986
Model size: (12, 25)
Validation fitness: 0.9325946239630394 
Elapsed: 2.2481422424316406

*** Epoch 1, batch 317/520 ***
Training fitness: 0.9161926984550601
Model size: (12, 25)
Validation fitness: 0.9313684756150625 
Elapsed: 2.1963748931884766

*** Epoch 1, batch 318/520 ***
Training fitness: 0.928868489366105
Model size: (13, 27)
Validation fitness: 0.9312542863820142 
Elapsed: 2.207862138748169

*** Epoch 1, batch 319/520 ***
Training fitness: 0.9538278969780165
Model size: (14, 28)
Validation fitness: 0.9337984136574632 
Elapsed: 2.254302978515625

*** Epoch 1, batch 320/520 ***
Training fitness: 0.9374710892485661
Model size: (11, 22)
Validation fitness: 0.914884587397092 
Elapsed: 1.7238914966583252

*** Epoch 1, batch 321/520 ***
Training fitness: 0.9288603054346684
Model size: (14, 19)
Validation fitness: 0.9265196266044863 
Elapsed: 1.874321699142456

*** Epoch 1, batch 322/520 ***
Training fitness: 0.9356888859798326
Model size: (14, 19)
Validation fitness: 0.9265196266044863 
Elapsed: 1.9457221031188965

*** Epoch 1, batch 323/520 ***
Training fitness: 0.9374093810511456
Model size: (10, 16)
Validation fitness: 0.9218258011922315 
Elapsed: 1.7933399677276611

*** Epoch 1, batch 324/520 ***
Training fitness: 0.939913399833197
Model size: (11, 18)
Validation fitness: 0.9189548511296216 
Elapsed: 1.787386178970337

*** Epoch 1, batch 325/520 ***
Training fitness: 0.9183921170864917
Model size: (2, 3)
Validation fitness: 0.9326313615592843 
Elapsed: 1.9253969192504883

*** Epoch 1, batch 326/520 ***
Training fitness: 0.9256980710504098
Model size: (2, 3)
Validation fitness: 0.9326313615592843 
Elapsed: 1.9008386135101318

*** Epoch 1, batch 327/520 ***
Training fitness: 0.9508823570843516
Model size: (12, 19)
Validation fitness: 0.9248529471835686 
Elapsed: 1.968308687210083

*** Epoch 1, batch 328/520 ***
Training fitness: 0.9326673985494671
Model size: (2, 3)
Validation fitness: 0.9326313615592843 
Elapsed: 1.9036381244659424

*** Epoch 1, batch 329/520 ***
Training fitness: 0.9296611790569317
Model size: (2, 3)
Validation fitness: 0.9326313615592843 
Elapsed: 1.9593563079833984

*** Epoch 1, batch 330/520 ***
Training fitness: 0.9181108385203672
Model size: (2, 3)
Validation fitness: 0.9326313615592843 
Elapsed: 1.8210248947143555

*** Epoch 1, batch 331/520 ***
Training fitness: 0.9352251206808897
Model size: (13, 21)
Validation fitness: 0.9024423094338697 
Elapsed: 2.0245625972747803

*** Epoch 1, batch 332/520 ***
Training fitness: 0.9420619348670423
Model size: (2, 3)
Validation fitness: 0.9326313615592843 
Elapsed: 1.7794528007507324

*** Epoch 1, batch 333/520 ***
Training fitness: 0.9441927351532483
Model size: (2, 3)
Validation fitness: 0.9326313615592843 
Elapsed: 1.7474911212921143

*** Epoch 1, batch 334/520 ***
Training fitness: 0.945471835696472
Model size: (13, 19)
Validation fitness: 0.9241781444493065 
Elapsed: 1.8493218421936035

*** Epoch 1, batch 335/520 ***
Training fitness: 0.9114725849343255
Model size: (2, 3)
Validation fitness: 0.9326313615592843 
Elapsed: 1.7939858436584473

*** Epoch 1, batch 336/520 ***
Training fitness: 0.9191545413578687
Model size: (2, 3)
Validation fitness: 0.9326313615592843 
Elapsed: 3.359276056289673

*** Epoch 1, batch 337/520 ***
Training fitness: 0.9429162766111833
Model size: (14, 24)
Validation fitness: 0.9234656360171982 
Elapsed: 3.8570644855499268

*** Epoch 1, batch 338/520 ***
Training fitness: 0.9341053099589879
Model size: (2, 3)
Validation fitness: 0.9326313615592843 
Elapsed: 3.729238986968994

*** Epoch 1, batch 339/520 ***
Training fitness: 0.9321251444284564
Model size: (14, 24)
Validation fitness: 0.9217765697271565 
Elapsed: 3.841752052307129

*** Epoch 1, batch 340/520 ***
Training fitness: 0.9215658026462079
Model size: (2, 3)
Validation fitness: 0.9326313615592843 
Elapsed: 3.9166407585144043

*** Epoch 1, batch 341/520 ***
Training fitness: 0.9474591082218483
Model size: (14, 21)
Validation fitness: 0.9282896787248794 
Elapsed: 4.400176286697388

*** Epoch 1, batch 342/520 ***
Training fitness: 0.9371885109626467
Model size: (14, 21)
Validation fitness: 0.9282896787248794 
Elapsed: 4.31274151802063

*** Epoch 1, batch 343/520 ***
Training fitness: 0.9265350936813717
Model size: (2, 3)
Validation fitness: 0.9326313615592843 
Elapsed: 4.072990894317627

*** Epoch 1, batch 344/520 ***
Training fitness: 0.9262232843401159
Model size: (2, 3)
Validation fitness: 0.9326313615592843 
Elapsed: 3.8518457412719727

*** Epoch 1, batch 345/520 ***
Training fitness: 0.96083587566501
Model size: (14, 21)
Validation fitness: 0.9330094742823059 
Elapsed: 4.290764808654785

*** Epoch 1, batch 346/520 ***
Training fitness: 0.9272618124225679
Model size: (14, 21)
Validation fitness: 0.9330094742823059 
Elapsed: 4.3203771114349365

*** Epoch 1, batch 347/520 ***
Training fitness: 0.9363473568370531
Model size: (15, 22)
Validation fitness: 0.9308813415419459 
Elapsed: 4.15893816947937

*** Epoch 1, batch 348/520 ***
Training fitness: 0.917694470209587
Model size: (14, 21)
Validation fitness: 0.9330094742823059 
Elapsed: 4.221781969070435

*** Epoch 1, batch 349/520 ***
Training fitness: 0.9250102191279777
Model size: (14, 21)
Validation fitness: 0.9330094742823059 
Elapsed: 4.207452058792114

*** Epoch 1, batch 350/520 ***
Training fitness: 0.9170882271116196
Model size: (14, 21)
Validation fitness: 0.9304738239837487 
Elapsed: 4.130789041519165

*** Epoch 1, batch 351/520 ***
Training fitness: 0.9549483280028452
Model size: (13, 14)
Validation fitness: 0.9141606029174664 
Elapsed: 3.719270944595337

*** Epoch 1, batch 352/520 ***
Training fitness: 0.9151541884316806
Model size: (18, 23)
Validation fitness: 0.9166434227204557 
Elapsed: 3.766507625579834

*** Epoch 1, batch 353/520 ***
Training fitness: 0.9211008901936912
Model size: (14, 21)
Validation fitness: 0.9330094742823059 
Elapsed: 4.333180665969849

*** Epoch 1, batch 354/520 ***
Training fitness: 0.9374045455320998
Model size: (14, 21)
Validation fitness: 0.9330094742823059 
Elapsed: 4.230712652206421

*** Epoch 1, batch 355/520 ***
Training fitness: 0.9394602729319754
Model size: (14, 21)
Validation fitness: 0.9330094742823059 
Elapsed: 4.204682111740112

*** Epoch 1, batch 356/520 ***
Training fitness: 0.9519185008150036
Model size: (14, 21)
Validation fitness: 0.9330094742823059 
Elapsed: 4.551708221435547

*** Epoch 1, batch 357/520 ***
Training fitness: 0.9173928623462904
Model size: (15, 21)
Validation fitness: 0.9085705996865631 
Elapsed: 3.9763922691345215

*** Epoch 1, batch 358/520 ***
Training fitness: 0.9493132169865895
Model size: (14, 21)
Validation fitness: 0.9330094742823059 
Elapsed: 4.156087636947632

*** Epoch 1, batch 359/520 ***
Training fitness: 0.9387537948728957
Model size: (16, 22)
Validation fitness: 0.9336681857086612 
Elapsed: 3.955334424972534

*** Epoch 1, batch 360/520 ***
Training fitness: 0.9522792468313575
Model size: (16, 22)
Validation fitness: 0.9336681857086612 
Elapsed: 4.051379442214966

*** Epoch 1, batch 361/520 ***
Training fitness: 0.9581503617774602
Model size: (14, 21)
Validation fitness: 0.9330094742823059 
Elapsed: 4.275980472564697

*** Epoch 1, batch 362/520 ***
Training fitness: 0.9382694716803535
Model size: (17, 19)
Validation fitness: 0.9174024925667643 
Elapsed: 4.232913494110107

*** Epoch 1, batch 363/520 ***
Training fitness: 0.9116940107164343
Model size: (4, 9)
Validation fitness: 0.9207777920504884 
Elapsed: 3.866502285003662

*** Epoch 1, batch 364/520 ***
Training fitness: 0.9398060465803957
Model size: (12, 19)
Validation fitness: 0.9308355062098933 
Elapsed: 3.6450467109680176

*** Epoch 1, batch 365/520 ***
Training fitness: 0.9398380329320359
Model size: (18, 25)
Validation fitness: 0.9232174990480168 
Elapsed: 3.8973782062530518

*** Epoch 1, batch 366/520 ***
Training fitness: 0.9430116547884743
Model size: (14, 21)
Validation fitness: 0.9330094742823059 
Elapsed: 3.936166524887085

*** Epoch 1, batch 367/520 ***
Training fitness: 0.9141086748057181
Model size: (18, 25)
Validation fitness: 0.9298968626963118 
Elapsed: 3.7686374187469482

*** Epoch 1, batch 368/520 ***
Training fitness: 0.9057487709113435
Model size: (14, 21)
Validation fitness: 0.9330094742823059 
Elapsed: 4.046721696853638

*** Epoch 1, batch 369/520 ***
Training fitness: 0.9518495733261457
Model size: (14, 21)
Validation fitness: 0.9330094742823059 
Elapsed: 4.089890718460083

*** Epoch 1, batch 370/520 ***
Training fitness: 0.967381002578679
Model size: (15, 22)
Validation fitness: 0.9315791888154742 
Elapsed: 3.9704742431640625

*** Epoch 1, batch 371/520 ***
Training fitness: 0.9312187778310955
Model size: (7, 10)
Validation fitness: 0.9111267614632913 
Elapsed: 3.8823838233947754

*** Epoch 1, batch 372/520 ***
Training fitness: 0.9386536570487202
Model size: (13, 17)
Validation fitness: 0.923333190519518 
Elapsed: 3.610888719558716

*** Epoch 1, batch 373/520 ***
Training fitness: 0.9293200610818564
Model size: (3, 8)
Validation fitness: 0.9229456410260041 
Elapsed: 3.490166187286377

*** Epoch 1, batch 374/520 ***
Training fitness: 0.9532986792494529
Model size: (18, 25)
Validation fitness: 0.9298968626963118 
Elapsed: 3.8174705505371094

*** Epoch 1, batch 375/520 ***
Training fitness: 0.941462281611645
Model size: (16, 23)
Validation fitness: 0.93467294451576 
Elapsed: 3.6717703342437744

*** Epoch 1, batch 376/520 ***
Training fitness: 0.9436380263842857
Model size: (16, 23)
Validation fitness: 0.93467294451576 
Elapsed: 3.5019803047180176

*** Epoch 1, batch 377/520 ***
Training fitness: 0.9466363995156509
Model size: (17, 24)
Validation fitness: 0.9355347903563288 
Elapsed: 3.5128884315490723

*** Epoch 1, batch 378/520 ***
Training fitness: 0.9386480380492112
Model size: (13, 20)
Validation fitness: 0.9287529788724903 
Elapsed: 3.502885103225708

*** Epoch 1, batch 379/520 ***
Training fitness: 0.9389290146221712
Model size: (13, 17)
Validation fitness: 0.923333190519518 
Elapsed: 3.663160562515259

*** Epoch 1, batch 380/520 ***
Training fitness: 0.9355420888279912
Model size: (19, 27)
Validation fitness: 0.9319673783940943 
Elapsed: 3.8702616691589355

*** Epoch 1, batch 381/520 ***
Training fitness: 0.9380224147419564
Model size: (15, 22)
Validation fitness: 0.9333891289296847 
Elapsed: 3.536294460296631

*** Epoch 1, batch 382/520 ***
Training fitness: 0.951039196506432
Model size: (17, 24)
Validation fitness: 0.9355347903563288 
Elapsed: 3.506708860397339

*** Epoch 1, batch 383/520 ***
Training fitness: 0.949335721250851
Model size: (24, 35)
Validation fitness: 0.9222645898310832 
Elapsed: 3.2649309635162354

*** Epoch 1, batch 384/520 ***
Training fitness: 0.9545488609894245
Model size: (13, 22)
Validation fitness: 0.9297958796436852 
Elapsed: 3.4511795043945312

*** Epoch 1, batch 385/520 ***
Training fitness: 0.9326145390814597
Model size: (19, 27)
Validation fitness: 0.9319673783940943 
Elapsed: 3.6405344009399414

*** Epoch 1, batch 386/520 ***
Training fitness: 0.9563242987060716
Model size: (13, 22)
Validation fitness: 0.9321654262802226 
Elapsed: 3.5550553798675537

*** Epoch 1, batch 387/520 ***
Training fitness: 0.9512723365272745
Model size: (17, 26)
Validation fitness: 0.9320122519792945 
Elapsed: 3.4524314403533936

*** Epoch 1, batch 388/520 ***
Training fitness: 0.9419556815540148
Model size: (19, 27)
Validation fitness: 0.9319673783940943 
Elapsed: 3.1716465950012207

*** Epoch 1, batch 389/520 ***
Training fitness: 0.9403461038202551
Model size: (17, 28)
Validation fitness: 0.9363288055376011 
Elapsed: 2.9227232933044434

*** Epoch 1, batch 390/520 ***
Training fitness: 0.9251007894325306
Model size: (19, 27)
Validation fitness: 0.9319673783940943 
Elapsed: 2.7338929176330566

*** Epoch 1, batch 391/520 ***
Training fitness: 0.9466175532988197
Model size: (23, 27)
Validation fitness: 0.9167766177126377 
Elapsed: 2.483198881149292

*** Epoch 1, batch 392/520 ***
Training fitness: 0.9513058923764229
Model size: (17, 22)
Validation fitness: 0.9363666234676274 
Elapsed: 3.014115571975708

*** Epoch 1, batch 393/520 ***
Training fitness: 0.9521968215415316
Model size: (18, 31)
Validation fitness: 0.934287534636067 
Elapsed: 3.3761284351348877

*** Epoch 1, batch 394/520 ***
Training fitness: 0.9442606661099767
Model size: (14, 19)
Validation fitness: 0.9241305390257629 
Elapsed: 3.1580967903137207

*** Epoch 1, batch 395/520 ***
Training fitness: 0.9176299230050518
Model size: (12, 20)
Validation fitness: 0.92982352024493 
Elapsed: 3.260105848312378

*** Epoch 1, batch 396/520 ***
Training fitness: 0.9309090909090909
Model size: (18, 30)
Validation fitness: 0.9301035348983597 
Elapsed: 3.348092555999756

*** Epoch 1, batch 397/520 ***
Training fitness: 0.9308099144386237
Model size: (14, 16)
Validation fitness: 0.9235321385477636 
Elapsed: 3.104926347732544

*** Epoch 1, batch 398/520 ***
Training fitness: 0.9515690562501643
Model size: (18, 29)
Validation fitness: 0.9370857926356916 
Elapsed: 3.364142417907715

*** Epoch 1, batch 399/520 ***
Training fitness: 0.9526062780141952
Model size: (18, 22)
Validation fitness: 0.9399051928758666 
Elapsed: 3.485727310180664

*** Epoch 1, batch 400/520 ***
Training fitness: 0.9141056227147577
Model size: (18, 22)
Validation fitness: 0.9399051928758666 
Elapsed: 3.504971504211426

*** Epoch 1, batch 401/520 ***
Training fitness: 0.9656729933421243
Model size: (18, 22)
Validation fitness: 0.9399051928758666 
Elapsed: 3.6831789016723633

*** Epoch 1, batch 402/520 ***
Training fitness: 0.9407724852541538
Model size: (19, 28)
Validation fitness: 0.9363485071564125 
Elapsed: 3.5079562664031982

*** Epoch 1, batch 403/520 ***
Training fitness: 0.9579294094964698
Model size: (18, 22)
Validation fitness: 0.9399051928758666 
Elapsed: 3.454253673553467

*** Epoch 1, batch 404/520 ***
Training fitness: 0.9516716798227396
Model size: (20, 29)
Validation fitness: 0.9340634824997921 
Elapsed: 3.3379623889923096

*** Epoch 1, batch 405/520 ***
Training fitness: 0.9491473766531627
Model size: (12, 19)
Validation fitness: 0.9270939459558893 
Elapsed: 3.237760305404663

*** Epoch 1, batch 406/520 ***
Training fitness: 0.9428236291467984
Model size: (18, 29)
Validation fitness: 0.9239144250309254 
Elapsed: 3.3760745525360107

*** Epoch 1, batch 407/520 ***
Training fitness: 0.9560259155972689
Model size: (12, 16)
Validation fitness: 0.9211178217121258 
Elapsed: 3.399787425994873

*** Epoch 1, batch 408/520 ***
Training fitness: 0.9322854634835109
Model size: (20, 31)
Validation fitness: 0.9415707376709488 !!!
Elapsed: 3.481337547302246

*** Epoch 1, batch 409/520 ***
Training fitness: 0.9278486199834974
Model size: (20, 31)
Validation fitness: 0.9415707376709488 
Elapsed: 3.5724570751190186

*** Epoch 1, batch 410/520 ***
Training fitness: 0.9348155110367582
Model size: (20, 31)
Validation fitness: 0.9415707376709488 
Elapsed: 3.7057080268859863

*** Epoch 1, batch 411/520 ***
Training fitness: 0.9665460960379294
Model size: (15, 17)
Validation fitness: 0.9353439991834385 
Elapsed: 3.678508996963501

*** Epoch 1, batch 412/520 ***
Training fitness: 0.9207047235850349
Model size: (20, 31)
Validation fitness: 0.9415707376709488 
Elapsed: 3.8121120929718018

*** Epoch 1, batch 413/520 ***
Training fitness: 0.9293226234131695
Model size: (21, 28)
Validation fitness: 0.9331014921633944 
Elapsed: 3.4894728660583496

*** Epoch 1, batch 414/520 ***
Training fitness: 0.9486343917307652
Model size: (21, 33)
Validation fitness: 0.9420795535451087 !!!
Elapsed: 3.731964111328125

*** Epoch 1, batch 415/520 ***
Training fitness: 0.9380703104602798
Model size: (21, 33)
Validation fitness: 0.9420795535451087 
Elapsed: 3.7683751583099365

*** Epoch 1, batch 416/520 ***
Training fitness: 0.9332077971465016
Model size: (21, 25)
Validation fitness: 0.934977916538101 
Elapsed: 3.8471007347106934

*** Epoch 1, batch 417/520 ***
Training fitness: 0.9643846970725632
Model size: (22, 33)
Validation fitness: 0.9363816717582438 
Elapsed: 3.6687657833099365

*** Epoch 1, batch 418/520 ***
Training fitness: 0.9434761296948464
Model size: (15, 27)
Validation fitness: 0.9223855930011994 
Elapsed: 3.5316896438598633

*** Epoch 1, batch 419/520 ***
Training fitness: 0.9489723469187029
Model size: (21, 34)
Validation fitness: 0.9255878966523834 
Elapsed: 3.7037031650543213

*** Epoch 1, batch 420/520 ***
Training fitness: 0.9516728624535316
Model size: (13, 16)
Validation fitness: 0.9237518278277128 
Elapsed: 3.9062681198120117

*** Epoch 1, batch 421/520 ***
Training fitness: 0.9418033169440827
Model size: (23, 33)
Validation fitness: 0.9383992262111703 
Elapsed: 3.7591421604156494

*** Epoch 1, batch 422/520 ***
Training fitness: 0.9392676793778314
Model size: (23, 32)
Validation fitness: 0.937656929396603 
Elapsed: 3.5707716941833496

*** Epoch 1, batch 423/520 ***
Training fitness: 0.9573373443624218
Model size: (24, 31)
Validation fitness: 0.9323551947843723 
Elapsed: 2.5478429794311523

*** Epoch 1, batch 424/520 ***
Training fitness: 0.9339228471128
Model size: (24, 33)
Validation fitness: 0.9343859034472285 
Elapsed: 1.8126637935638428

*** Epoch 1, batch 425/520 ***
Training fitness: 0.9414346923528472
Model size: (21, 26)
Validation fitness: 0.936634222263383 
Elapsed: 1.8740644454956055

*** Epoch 1, batch 426/520 ***
Training fitness: 0.9371778985729502
Model size: (20, 26)
Validation fitness: 0.9370157129446897 
Elapsed: 1.7962300777435303

*** Epoch 1, batch 427/520 ***
Training fitness: 0.9429998743741277
Model size: (25, 33)
Validation fitness: 0.9307819351541002 
Elapsed: 1.8388135433197021

*** Epoch 1, batch 428/520 ***
Training fitness: 0.9553814765088235
Model size: (24, 34)
Validation fitness: 0.9390093787823458 
Elapsed: 1.8570799827575684

*** Epoch 1, batch 429/520 ***
Training fitness: 0.9447799891472494
Model size: (20, 27)
Validation fitness: 0.9378122759663252 
Elapsed: 1.9510772228240967

*** Epoch 1, batch 430/520 ***
Training fitness: 0.9408832937723476
Model size: (20, 27)
Validation fitness: 0.9378122759663252 
Elapsed: 1.787792444229126

*** Epoch 1, batch 431/520 ***
Training fitness: 0.92679367876255
Model size: (15, 18)
Validation fitness: 0.9220225292604418 
Elapsed: 1.8318531513214111

*** Epoch 1, batch 432/520 ***
Training fitness: 0.925634798409853
Model size: (24, 30)
Validation fitness: 0.9397515689264156 
Elapsed: 1.8712835311889648

*** Epoch 1, batch 433/520 ***
Training fitness: 0.9612396171276539
Model size: (24, 30)
Validation fitness: 0.9397515689264156 
Elapsed: 1.7539758682250977

*** Epoch 1, batch 434/520 ***
Training fitness: 0.9446135388449888
Model size: (24, 30)
Validation fitness: 0.9397515689264156 
Elapsed: 1.9317429065704346

*** Epoch 1, batch 435/520 ***
Training fitness: 0.9535194518671065
Model size: (24, 30)
Validation fitness: 0.9366590012825562 
Elapsed: 1.895465612411499

*** Epoch 1, batch 436/520 ***
Training fitness: 0.941447119253756
Model size: (23, 34)
Validation fitness: 0.9395488058567056 
Elapsed: 1.7826564311981201

*** Epoch 1, batch 437/520 ***
Training fitness: 0.9302839874697318
Model size: (13, 15)
Validation fitness: 0.9196691564373571 
Elapsed: 1.7354440689086914

*** Epoch 1, batch 438/520 ***
Training fitness: 0.9445635367827652
Model size: (24, 36)
Validation fitness: 0.9387402778799933 
Elapsed: 1.8567471504211426

*** Epoch 1, batch 439/520 ***
Training fitness: 0.9459655796085018
Model size: (23, 26)
Validation fitness: 0.9414101877320105 
Elapsed: 1.8467628955841064

*** Epoch 1, batch 440/520 ***
Training fitness: 0.9275073484570441
Model size: (23, 26)
Validation fitness: 0.9414101877320105 
Elapsed: 1.798006534576416

*** Epoch 1, batch 441/520 ***
Training fitness: 0.9513533051956351
Model size: (26, 34)
Validation fitness: 0.937818153377327 
Elapsed: 1.7144701480865479

*** Epoch 1, batch 442/520 ***
Training fitness: 0.9360027026725174
Model size: (25, 40)
Validation fitness: 0.9322675365906975 
Elapsed: 1.7994792461395264

*** Epoch 1, batch 443/520 ***
Training fitness: 0.9231313215186878
Model size: (23, 26)
Validation fitness: 0.9414101877320105 
Elapsed: 1.7317090034484863

*** Epoch 1, batch 444/520 ***
Training fitness: 0.9597161206780935
Model size: (24, 27)
Validation fitness: 0.9357150553381463 
Elapsed: 1.7163941860198975

*** Epoch 1, batch 445/520 ***
Training fitness: 0.9411637960334226
Model size: (24, 32)
Validation fitness: 0.9217714350219843 
Elapsed: 1.6623504161834717

*** Epoch 1, batch 446/520 ***
Training fitness: 0.9371369687135885
Model size: (25, 26)
Validation fitness: 0.9352385410257708 
Elapsed: 1.7651593685150146

*** Epoch 1, batch 447/520 ***
Training fitness: 0.9620745374052198
Model size: (25, 26)
Validation fitness: 0.9358450622541845 
Elapsed: 1.7620351314544678

*** Epoch 1, batch 448/520 ***
Training fitness: 0.9470860708156942
Model size: (25, 27)
Validation fitness: 0.9352357070017484 
Elapsed: 1.789771556854248

*** Epoch 1, batch 449/520 ***
Training fitness: 0.921771675500396
Model size: (25, 27)
Validation fitness: 0.9352357070017484 
Elapsed: 1.7970290184020996

*** Epoch 1, batch 450/520 ***
Training fitness: 0.9256100508952256
Model size: (25, 27)
Validation fitness: 0.9352357070017484 
Elapsed: 1.857154369354248

*** Epoch 1, batch 451/520 ***
Training fitness: 0.9492168530263736
Model size: (26, 28)
Validation fitness: 0.9324650430408772 
Elapsed: 1.7991843223571777

*** Epoch 1, batch 452/520 ***
Training fitness: 0.9467092852764735
Model size: (16, 25)
Validation fitness: 0.9250549385098625 
Elapsed: 1.762864112854004

*** Epoch 1, batch 453/520 ***
Training fitness: 0.9308433926572711
Model size: (28, 33)
Validation fitness: 0.9333417143629339 
Elapsed: 1.8649697303771973

*** Epoch 1, batch 454/520 ***
Training fitness: 0.945278683814762
Model size: (16, 24)
Validation fitness: 0.9253125540488188 
Elapsed: 1.7651410102844238

*** Epoch 1, batch 455/520 ***
Training fitness: 0.9315590073159817
Model size: (29, 34)
Validation fitness: 0.9369196625296835 
Elapsed: 1.9565680027008057

*** Epoch 1, batch 456/520 ***
Training fitness: 0.949291629278578
Model size: (28, 31)
Validation fitness: 0.9359804738245251 
Elapsed: 1.8538706302642822

*** Epoch 1, batch 457/520 ***
Training fitness: 0.9435847110122889
Model size: (28, 31)
Validation fitness: 0.9359804738245251 
Elapsed: 1.8789703845977783

*** Epoch 1, batch 458/520 ***
Training fitness: 0.9647973113754119
Model size: (17, 25)
Validation fitness: 0.9250653440073637 
Elapsed: 1.9293227195739746

*** Epoch 1, batch 459/520 ***
Training fitness: 0.9550091108220358
Model size: (29, 33)
Validation fitness: 0.9358950472694746 
Elapsed: 1.957059621810913

*** Epoch 1, batch 460/520 ***
Training fitness: 0.9583846704146306
Model size: (19, 24)
Validation fitness: 0.9240369267424866 
Elapsed: 1.8837194442749023

*** Epoch 1, batch 461/520 ***
Training fitness: 0.9517333239959078
Model size: (30, 35)
Validation fitness: 0.9397568717924017 
Elapsed: 1.8642826080322266

*** Epoch 1, batch 462/520 ***
Training fitness: 0.9370879723527767
Model size: (29, 35)
Validation fitness: 0.9399972015177659 
Elapsed: 1.9324743747711182

*** Epoch 1, batch 463/520 ***
Training fitness: 0.9163040442440884
Model size: (9, 17)
Validation fitness: 0.9192834844548974 
Elapsed: 1.8622984886169434

*** Epoch 1, batch 464/520 ***
Training fitness: 0.940695285241067
Model size: (19, 28)
Validation fitness: 0.9219810755776157 
Elapsed: 2.0418436527252197

*** Epoch 1, batch 465/520 ***
Training fitness: 0.9375001688250582
Model size: (22, 35)
Validation fitness: 0.9217457419290003 
Elapsed: 2.0518810749053955

*** Epoch 1, batch 466/520 ***
Training fitness: 0.9391693037768107
Model size: (20, 22)
Validation fitness: 0.9244367252844297 
Elapsed: 2.003187656402588

*** Epoch 1, batch 467/520 ***
Training fitness: 0.936121897326298
Model size: (18, 26)
Validation fitness: 0.9197702802386385 
Elapsed: 1.8668417930603027

*** Epoch 1, batch 468/520 ***
Training fitness: 0.917562455121688
Model size: (16, 30)
Validation fitness: 0.922640356929724 
Elapsed: 1.9179651737213135

*** Epoch 1, batch 469/520 ***
Training fitness: 0.9297762921528263
Model size: (20, 25)
Validation fitness: 0.9235882419339456 
Elapsed: 1.9200401306152344

*** Epoch 1, batch 470/520 ***
Training fitness: 0.9521287041214581
Model size: (20, 25)
Validation fitness: 0.9235882419339456 
Elapsed: 1.8917999267578125

*** Epoch 1, batch 471/520 ***
Training fitness: 0.9596603687360764
Model size: (21, 26)
Validation fitness: 0.928118358967315 
Elapsed: 1.926706075668335

*** Epoch 1, batch 472/520 ***
Training fitness: 0.9405390059454635
Model size: (20, 25)
Validation fitness: 0.9197127514008302 
Elapsed: 2.003786325454712

*** Epoch 1, batch 473/520 ***
Training fitness: 0.9354059206011893
Model size: (19, 24)
Validation fitness: 0.9256198018186745 
Elapsed: 2.0269935131073

*** Epoch 1, batch 474/520 ***
Training fitness: 0.9446190642785465
Model size: (21, 33)
Validation fitness: 0.9225499209514266 
Elapsed: 1.9116978645324707

*** Epoch 1, batch 475/520 ***
Training fitness: 0.9499430796306332
Model size: (21, 28)
Validation fitness: 0.927140313588096 
Elapsed: 2.042623996734619

*** Epoch 1, batch 476/520 ***
Training fitness: 0.9248829130274511
Model size: (21, 32)
Validation fitness: 0.9200369850567696 
Elapsed: 1.9912004470825195

*** Epoch 1, batch 477/520 ***
Training fitness: 0.960693603218895
Model size: (20, 27)
Validation fitness: 0.9191717894068007 
Elapsed: 1.967522144317627

*** Epoch 1, batch 478/520 ***
Training fitness: 0.9446850462076218
Model size: (20, 25)
Validation fitness: 0.9170655083066366 
Elapsed: 1.8915166854858398

*** Epoch 1, batch 479/520 ***
Training fitness: 0.9378317467220711
Model size: (22, 29)
Validation fitness: 0.928553706895042 
Elapsed: 1.8449561595916748

*** Epoch 1, batch 480/520 ***
Training fitness: 0.9338100346038875
Model size: (13, 14)
Validation fitness: 0.9216142748530276 
Elapsed: 1.9031145572662354

*** Epoch 1, batch 481/520 ***
Training fitness: 0.932972187662774
Model size: (21, 27)
Validation fitness: 0.9208944099851333 
Elapsed: 1.8586761951446533

*** Epoch 1, batch 482/520 ***
Training fitness: 0.9145741156131948
Model size: (15, 22)
Validation fitness: 0.9197567837889429 
Elapsed: 1.8117871284484863

*** Epoch 1, batch 483/520 ***
Training fitness: 0.9446494464944649
Model size: (14, 14)
Validation fitness: 0.9252656094590369 
Elapsed: 1.8752360343933105

*** Epoch 1, batch 484/520 ***
Training fitness: 0.925615285813667
Model size: (27, 46)
Validation fitness: 0.9158386516702011 
Elapsed: 1.934800148010254

*** Epoch 1, batch 485/520 ***
Training fitness: 0.9516712206497393
Model size: (15, 21)
Validation fitness: 0.9228734750461078 
Elapsed: 1.8064985275268555

*** Epoch 1, batch 486/520 ***
Training fitness: 0.9425634496440028
Model size: (24, 34)
Validation fitness: 0.9216371207481173 
Elapsed: 1.8710193634033203

*** Epoch 1, batch 487/520 ***
Training fitness: 0.9343297147363473
Model size: (17, 24)
Validation fitness: 0.9190535646682877 
Elapsed: 1.8707590103149414

*** Epoch 1, batch 488/520 ***
Training fitness: 0.9400750802287834
Model size: (14, 14)
Validation fitness: 0.9249847640152586 
Elapsed: 1.8318440914154053

*** Epoch 1, batch 489/520 ***
Training fitness: 0.9502306428101007
Model size: (15, 24)
Validation fitness: 0.9215457368461235 
Elapsed: 2.001636505126953

*** Epoch 1, batch 490/520 ***
Training fitness: 0.930248751015324
Model size: (18, 26)
Validation fitness: 0.9231326452860938 
Elapsed: 1.992823839187622

*** Epoch 1, batch 491/520 ***
Training fitness: 0.9309090909090909
Model size: (15, 15)
Validation fitness: 0.9269589822753963 
Elapsed: 1.9267749786376953

*** Epoch 1, batch 492/520 ***
Training fitness: 0.9410723249167042
Model size: (15, 15)
Validation fitness: 0.9269589822753963 
Elapsed: 1.916029453277588

*** Epoch 1, batch 493/520 ***
Training fitness: 0.939540351140293
Model size: (19, 22)
Validation fitness: 0.9199133435698977 
Elapsed: 1.9382219314575195

*** Epoch 1, batch 494/520 ***
Training fitness: 0.946330571101697
Model size: (20, 28)
Validation fitness: 0.9165188686788052 
Elapsed: 2.017706871032715

*** Epoch 1, batch 495/520 ***
Training fitness: 0.9327781917756994
Model size: (15, 16)
Validation fitness: 0.9276095751257694 
Elapsed: 1.9272997379302979

*** Epoch 1, batch 496/520 ***
Training fitness: 0.9473649312978547
Model size: (17, 22)
Validation fitness: 0.9236515552529353 
Elapsed: 2.0034613609313965

*** Epoch 1, batch 497/520 ***
Training fitness: 0.9172172256074063
Model size: (15, 16)
Validation fitness: 0.9276095751257694 
Elapsed: 2.035531759262085

*** Epoch 1, batch 498/520 ***
Training fitness: 0.9242762560510114
Model size: (14, 13)
Validation fitness: 0.9276330272257485 
Elapsed: 1.913348913192749

*** Epoch 1, batch 499/520 ***
Training fitness: 0.9240710568407909
Model size: (14, 14)
Validation fitness: 0.9262872633381014 
Elapsed: 1.907130479812622

*** Epoch 1, batch 500/520 ***
Training fitness: 0.9409238894148078
Model size: (21, 33)
Validation fitness: 0.919997313712769 
Elapsed: 1.9455947875976562

*** Epoch 1, batch 501/520 ***
Training fitness: 0.9300994735078628
Model size: (14, 15)
Validation fitness: 0.927948613190818 
Elapsed: 2.2297770977020264

*** Epoch 1, batch 502/520 ***
Training fitness: 0.9275386750105845
Model size: (17, 32)
Validation fitness: 0.9149553787197345 
Elapsed: 2.003251552581787

*** Epoch 1, batch 503/520 ***
Training fitness: 0.9330775940545528
Model size: (18, 21)
Validation fitness: 0.9306846308120004 
Elapsed: 1.9507160186767578

*** Epoch 1, batch 504/520 ***
Training fitness: 0.9327008472077531
Model size: (18, 33)
Validation fitness: 0.9201860659239842 
Elapsed: 2.134777545928955

*** Epoch 1, batch 505/520 ***
Training fitness: 0.9550718822755433
Model size: (14, 15)
Validation fitness: 0.9265751126722162 
Elapsed: 1.9630508422851562

*** Epoch 1, batch 506/520 ***
Training fitness: 0.9263205398958695
Model size: (14, 15)
Validation fitness: 0.9265751126722162 
Elapsed: 1.8709888458251953

*** Epoch 1, batch 507/520 ***
Training fitness: 0.9455890560757092
Model size: (15, 25)
Validation fitness: 0.9205729610876205 
Elapsed: 1.8195116519927979

*** Epoch 1, batch 508/520 ***
Training fitness: 0.9200834094788167
Model size: (19, 22)
Validation fitness: 0.9225254534581154 
Elapsed: 1.7966134548187256

*** Epoch 1, batch 509/520 ***
Training fitness: 0.9245326663038526
Model size: (13, 17)
Validation fitness: 0.9247302011033219 
Elapsed: 1.9746689796447754

*** Epoch 1, batch 510/520 ***
Training fitness: 0.9550986063776103
Model size: (20, 21)
Validation fitness: 0.9246942094200233 
Elapsed: 2.0065510272979736

*** Epoch 1, batch 511/520 ***
Training fitness: 0.9289717692803539
Model size: (20, 30)
Validation fitness: 0.9223189847711317 
Elapsed: 1.9723906517028809

*** Epoch 1, batch 512/520 ***
Training fitness: 0.9411306509526011
Model size: (15, 25)
Validation fitness: 0.921290201196301 
Elapsed: 1.8681223392486572

*** Epoch 1, batch 513/520 ***
Training fitness: 0.9395256607195557
Model size: (22, 25)
Validation fitness: 0.9233643879120104 
Elapsed: 1.9442815780639648

*** Epoch 1, batch 514/520 ***
Training fitness: 0.958288809778456
Model size: (19, 22)
Validation fitness: 0.9329510160636528 
Elapsed: 2.0542290210723877

*** Epoch 1, batch 515/520 ***
Training fitness: 0.9240493329530713
Model size: (20, 25)
Validation fitness: 0.9295385945506269 
Elapsed: 1.8702869415283203

*** Epoch 1, batch 516/520 ***
Training fitness: 0.9433732909672323
Model size: (21, 34)
Validation fitness: 0.9224204865974848 
Elapsed: 1.7940475940704346

*** Epoch 1, batch 517/520 ***
Training fitness: 0.9350531040554421
Model size: (13, 22)
Validation fitness: 0.9179247618809853 
Elapsed: 2.067859411239624

*** Epoch 1, batch 518/520 ***
Training fitness: 0.9410223216051847
Model size: (23, 31)
Validation fitness: 0.9329215272380157 
Elapsed: 2.15114164352417

*** Epoch 1, batch 519/520 ***
Training fitness: 0.9477108270825846
Model size: (23, 31)
Validation fitness: 0.9329215272380157 
Elapsed: 2.0880210399627686

*** Epoch 1, batch 520/520 ***
Training fitness: 0.9091751277386536
Model size: (15, 24)
Validation fitness: 0.923330679934347 
Elapsed: 2.0691604614257812

Total train time: 1380.950370311737
Test time: 0.2642240524291992
Test fitness: 0.9415354271508
Test statistics: Stats(total=14791, total_true=7158, total_false=7633, true_positive=6392, true_negative=7439, false_positive=194, false_negative=766, tpr=0.8929868678401788, tnr=0.9745840429713087, ppv=0.9705435772851503, npv=0.9066422912858013, accuracy=0.9350956662835508, f1=0.930151338766007, mcc=0.8723651431293357)
