Configuration:
Dataset: unsw2015
Selector: pearsons
Total train time: 0.08470320701599121
Test time: 0.8346467018127441
Test statistics: Stats(total=205941, total_true=10024, total_false=195917, true_positive=8002, true_negative=192741, false_positive=3176, false_negative=2022, tpr=0.7982841181165203, tnr=0.9837890535277695, ppv=0.7158704598318125, npv=0.9896181512915697, accuracy=0.9747597612908552, f1=0.7548344495802283, mcc=0.742794531253555)
Configuration:
Dataset: unsw2015
Selector: pearsons
Total train time: 0.08475875854492188
Test time: 0.7907781600952148
Test statistics: Stats(total=205941, total_true=10024, total_false=195917, true_positive=10024, true_negative=192066, false_positive=3851, false_negative=0, tpr=1.0, tnr=0.9803437169821915, ppv=0.7224504504504504, npv=1.0, accuracy=0.981300469551959, f1=0.8388635507761831, mcc=0.8415757600656362)
Configuration:
Dataset: unsw2015
Selector: pearsons
Total train time: 0.08529829978942871
Test time: 0.8079335689544678
Test statistics: Stats(total=205941, total_true=10024, total_false=195917, true_positive=8002, true_negative=192741, false_positive=3176, false_negative=2022, tpr=0.7982841181165203, tnr=0.9837890535277695, ppv=0.7158704598318125, npv=0.9896181512915697, accuracy=0.9747597612908552, f1=0.7548344495802283, mcc=0.742794531253555)
Configuration:
Dataset: unsw2015
Selector: pearsons
Total train time: 0.08733344078063965
Test time: 0.7974436283111572
Test statistics: Stats(total=205941, total_true=10024, total_false=195917, true_positive=10024, true_negative=192066, false_positive=3851, false_negative=0, tpr=1.0, tnr=0.9803437169821915, ppv=0.7224504504504504, npv=1.0, accuracy=0.981300469551959, f1=0.8388635507761831, mcc=0.8415757600656362)
Configuration:
Dataset: unsw2015
Selector: pearsons
Total train time: 0.08585166931152344
Test time: 0.8016457557678223
Test statistics: Stats(total=205941, total_true=10024, total_false=195917, true_positive=9954, true_negative=192095, false_positive=3822, false_negative=70, tpr=0.9930167597765364, tnr=0.9804917388485941, ppv=0.7225609756097561, npv=0.9996357297114459, accuracy=0.9811013834059269, f1=0.8364705882352941, mcc=0.8384894932611017)
Configuration:
Dataset: unsw2015
Selector: pearsons
Total train time: 0.08646106719970703
Test time: 0.8007378578186035
Test statistics: Stats(total=205941, total_true=10024, total_false=195917, true_positive=5440, true_negative=193337, false_positive=2580, false_negative=4584, tpr=0.5426975259377494, tnr=0.9868311580924575, ppv=0.6783042394014963, npv=0.9768392439407643, accuracy=0.9652133378006322, f1=0.6029705165151851, mcc=0.5889968307089547)
