Configuration:
Dataset: ids2017
Selector: pca
Fold: 3
Batch size: 1
Epochs: 10
[1. 0. 1. ... 0. 0. 0.]
[0. 1. 0. ... 0. 1. 0.]
Epoch 1/10
 - 4702s - loss: 0.1638
 - val_mcc: 0.792712
Epoch 2/10
 - 4851s - loss: 0.1621
 - val_mcc: 0.787754
Epoch 3/10
 - 4729s - loss: 0.1703
 - val_mcc: 0.805809
Epoch 4/10
 - 4759s - loss: 0.1565
 - val_mcc: 0.808265
Epoch 5/10
 - 4730s - loss: 0.1664
 - val_mcc: 0.777560
Epoch 6/10
 - 4774s - loss: 0.1643
 - val_mcc: 0.778874
Epoch 7/10
 - 4725s - loss: 0.1644
 - val_mcc: 0.808792
Epoch 8/10
 - 4750s - loss: 0.1686
 - val_mcc: 0.802492
Epoch 9/10
 - 4747s - loss: 0.1691
 - val_mcc: 0.799030
Epoch 10/10
 - 4749s - loss: 0.1768
 - val_mcc: 0.804409
Total train time: 47620.22980737686
Test time: 9.85090947151184
Test statistics: Stats(total=252237, total_true=42632, total_false=209605, true_positive=30303, true_negative=208749, false_positive=856, false_negative=12329, tpr=0.7108040908237944, tnr=0.9959161279549629, ppv=0.9725280015404859, npv=0.9442323523824171, accuracy=0.9477277322518108, f1=0.8213196731308696, mcc=0.8049180566319064)
