Configuration:
Dataset: nsl_kdd
Selector: pca
Fold: 4
Fitness: auroc
Batch size: 256
Epochs: 1
Config args: {}
*** Epoch 1, batch 1/520 ***
Training fitness: 0.9403714565004888
Model size: (1, 12)
Validation fitness: 0.8923616422072875 !!!
Elapsed: 1.4425787925720215

*** Epoch 1, batch 2/520 ***
Training fitness: 0.9310439560439561
Model size: (2, 14)
Validation fitness: 0.8814417226717872 
Elapsed: 1.5311558246612549

*** Epoch 1, batch 3/520 ***
Training fitness: 0.9537123330226778
Model size: (1, 11)
Validation fitness: 0.9353945320715037 !!!
Elapsed: 1.4939935207366943

*** Epoch 1, batch 4/520 ***
Training fitness: 0.9454985119047619
Model size: (3, 16)
Validation fitness: 0.9383812097106021 !!!
Elapsed: 1.6119129657745361

*** Epoch 1, batch 5/520 ***
Training fitness: 0.955543257701531
Model size: (4, 15)
Validation fitness: 0.9441881314863072 !!!
Elapsed: 1.7347557544708252

*** Epoch 1, batch 6/520 ***
Training fitness: 0.9825954198473282
Model size: (1, 9)
Validation fitness: 0.9491363141772962 !!!
Elapsed: 1.6802563667297363

*** Epoch 1, batch 7/520 ***
Training fitness: 0.9642769757768535
Model size: (3, 11)
Validation fitness: 0.9522804827869976 !!!
Elapsed: 1.6475024223327637

*** Epoch 1, batch 8/520 ***
Training fitness: 0.9786518228529484
Model size: (1, 10)
Validation fitness: 0.9590202532802998 !!!
Elapsed: 1.5743837356567383

*** Epoch 1, batch 9/520 ***
Training fitness: 0.9662571061800844
Model size: (1, 6)
Validation fitness: 0.9592503268870297 !!!
Elapsed: 1.4836132526397705

*** Epoch 1, batch 10/520 ***
Training fitness: 0.9590415856488741
Model size: (3, 10)
Validation fitness: 0.9608985232935584 !!!
Elapsed: 1.675098180770874

*** Epoch 1, batch 11/520 ***
Training fitness: 0.9665178571428572
Model size: (2, 8)
Validation fitness: 0.9501697252320213 
Elapsed: 1.569286823272705

*** Epoch 1, batch 12/520 ***
Training fitness: 0.9469489414694895
Model size: (5, 16)
Validation fitness: 0.94255077949984 
Elapsed: 1.6634783744812012

*** Epoch 1, batch 13/520 ***
Training fitness: 0.9774410774410774
Model size: (2, 10)
Validation fitness: 0.9612603117999361 !!!
Elapsed: 1.593749761581421

*** Epoch 1, batch 14/520 ***
Training fitness: 0.9671839538735202
Model size: (2, 9)
Validation fitness: 0.9453340922598638 
Elapsed: 1.591923713684082

*** Epoch 1, batch 15/520 ***
Training fitness: 0.9704808465870414
Model size: (1, 5)
Validation fitness: 0.958201664152151 
Elapsed: 1.7074453830718994

*** Epoch 1, batch 16/520 ***
Training fitness: 0.965776821862348
Model size: (4, 13)
Validation fitness: 0.9611034151693869 
Elapsed: 1.7149899005889893

*** Epoch 1, batch 17/520 ***
Training fitness: 0.9706460329157456
Model size: (1, 7)
Validation fitness: 0.9623542266721528 !!!
Elapsed: 1.5327036380767822

*** Epoch 1, batch 18/520 ***
Training fitness: 0.9656898656898657
Model size: (3, 9)
Validation fitness: 0.9563354638138344 
Elapsed: 1.5737054347991943

*** Epoch 1, batch 19/520 ***
Training fitness: 0.9514705882352941
Model size: (2, 6)
Validation fitness: 0.9596191743245097 
Elapsed: 1.651761531829834

*** Epoch 1, batch 20/520 ***
Training fitness: 0.9676842429848905
Model size: (4, 10)
Validation fitness: 0.9361170209847757 
Elapsed: 1.732567548751831

*** Epoch 1, batch 21/520 ***
Training fitness: 0.9837636574497954
Model size: (4, 13)
Validation fitness: 0.9632682576692726 !!!
Elapsed: 1.6775155067443848

*** Epoch 1, batch 22/520 ***
Training fitness: 0.9840347443112307
Model size: (1, 6)
Validation fitness: 0.9591473689022996 
Elapsed: 1.5433201789855957

*** Epoch 1, batch 23/520 ***
Training fitness: 0.9744543650793651
Model size: (5, 10)
Validation fitness: 0.9518878526036666 
Elapsed: 1.6657729148864746

*** Epoch 1, batch 24/520 ***
Training fitness: 0.979705360963384
Model size: (5, 8)
Validation fitness: 0.9581853518035935 
Elapsed: 1.5933258533477783

*** Epoch 1, batch 25/520 ***
Training fitness: 0.9820545687603004
Model size: (2, 7)
Validation fitness: 0.9600003840351117 
Elapsed: 1.5720620155334473

*** Epoch 1, batch 26/520 ***
Training fitness: 0.9629514321295143
Model size: (3, 10)
Validation fitness: 0.9585509440863165 
Elapsed: 1.8673501014709473

*** Epoch 1, batch 27/520 ***
Training fitness: 0.9649734091325874
Model size: (5, 16)
Validation fitness: 0.9646672061445618 !!!
Elapsed: 1.6412973403930664

*** Epoch 1, batch 28/520 ***
Training fitness: 0.9671979243884359
Model size: (6, 17)
Validation fitness: 0.9608184519727518 
Elapsed: 1.7795100212097168

*** Epoch 1, batch 29/520 ***
Training fitness: 0.9716911764705882
Model size: (5, 16)
Validation fitness: 0.9646672061445618 
Elapsed: 1.6232151985168457

*** Epoch 1, batch 30/520 ***
Training fitness: 0.978026002563633
Model size: (5, 8)
Validation fitness: 0.9571281671467105 
Elapsed: 1.7573370933532715

*** Epoch 1, batch 31/520 ***
Training fitness: 0.9631740196078431
Model size: (4, 7)
Validation fitness: 0.9621592465596853 
Elapsed: 1.6196880340576172

*** Epoch 1, batch 32/520 ***
Training fitness: 0.971880921816737
Model size: (6, 15)
Validation fitness: 0.958274319937823 
Elapsed: 1.8298568725585938

*** Epoch 1, batch 33/520 ***
Training fitness: 0.9624300559552359
Model size: (6, 18)
Validation fitness: 0.9581727975129154 
Elapsed: 1.7990062236785889

*** Epoch 1, batch 34/520 ***
Training fitness: 0.9666360294117647
Model size: (4, 8)
Validation fitness: 0.9629025830933114 
Elapsed: 1.71246337890625

*** Epoch 1, batch 35/520 ***
Training fitness: 0.96234130859375
Model size: (1, 6)
Validation fitness: 0.9632888218351393 
Elapsed: 1.6666879653930664

*** Epoch 1, batch 36/520 ***
Training fitness: 0.976205040371911
Model size: (4, 15)
Validation fitness: 0.9652821195080693 !!!
Elapsed: 1.7843601703643799

*** Epoch 1, batch 37/520 ***
Training fitness: 0.9706080254465377
Model size: (4, 8)
Validation fitness: 0.9629025830933114 
Elapsed: 1.7365615367889404

*** Epoch 1, batch 38/520 ***
Training fitness: 0.9763273794959628
Model size: (4, 8)
Validation fitness: 0.9629025830933114 
Elapsed: 1.6462013721466064

*** Epoch 1, batch 39/520 ***
Training fitness: 0.9808056727183814
Model size: (4, 7)
Validation fitness: 0.9615984181410873 
Elapsed: 1.6240363121032715

*** Epoch 1, batch 40/520 ***
Training fitness: 0.9704912023460411
Model size: (1, 6)
Validation fitness: 0.9632888218351393 
Elapsed: 1.637265682220459

*** Epoch 1, batch 41/520 ***
Training fitness: 0.9665445665445666
Model size: (8, 22)
Validation fitness: 0.9516075252594521 
Elapsed: 1.9748716354370117

*** Epoch 1, batch 42/520 ***
Training fitness: 0.9595725190839693
Model size: (4, 15)
Validation fitness: 0.9652821195080693 
Elapsed: 1.7038593292236328

*** Epoch 1, batch 43/520 ***
Training fitness: 0.9695148132245599
Model size: (4, 15)
Validation fitness: 0.9652821195080693 
Elapsed: 1.6115210056304932

*** Epoch 1, batch 44/520 ***
Training fitness: 0.9733300709566919
Model size: (2, 10)
Validation fitness: 0.9625172678644903 
Elapsed: 1.6189908981323242

*** Epoch 1, batch 45/520 ***
Training fitness: 0.9815848214285714
Model size: (3, 9)
Validation fitness: 0.9605872536917661 
Elapsed: 1.7586665153503418

*** Epoch 1, batch 46/520 ***
Training fitness: 0.9608058608058607
Model size: (5, 10)
Validation fitness: 0.9672443560554107 !!!
Elapsed: 1.7899022102355957

*** Epoch 1, batch 47/520 ***
Training fitness: 0.9615147783251232
Model size: (5, 10)
Validation fitness: 0.9672443560554107 
Elapsed: 1.7473409175872803

*** Epoch 1, batch 48/520 ***
Training fitness: 0.9762006992578053
Model size: (5, 10)
Validation fitness: 0.9672443560554107 
Elapsed: 1.7474334239959717

*** Epoch 1, batch 49/520 ***
Training fitness: 0.9795831041017178
Model size: (5, 10)
Validation fitness: 0.9672443560554107 
Elapsed: 1.8708760738372803

*** Epoch 1, batch 50/520 ***
Training fitness: 0.9946981794953689
Model size: (4, 6)
Validation fitness: 0.9622833721940293 
Elapsed: 1.7406401634216309

*** Epoch 1, batch 51/520 ***
Training fitness: 0.9576765012574373
Model size: (6, 11)
Validation fitness: 0.9626087962327986 
Elapsed: 1.749671459197998

*** Epoch 1, batch 52/520 ***
Training fitness: 0.9772727272727273
Model size: (7, 17)
Validation fitness: 0.959079577561377 
Elapsed: 1.863116979598999

*** Epoch 1, batch 53/520 ***
Training fitness: 0.9666666666666667
Model size: (3, 6)
Validation fitness: 0.9643227083619074 
Elapsed: 1.6685740947723389

*** Epoch 1, batch 54/520 ***
Training fitness: 0.9595400602594847
Model size: (5, 10)
Validation fitness: 0.9672443560554107 
Elapsed: 1.8155372142791748

*** Epoch 1, batch 55/520 ***
Training fitness: 0.9742830712303423
Model size: (4, 7)
Validation fitness: 0.9619949069629223 
Elapsed: 1.681154727935791

*** Epoch 1, batch 56/520 ***
Training fitness: 0.9546716003700277
Model size: (4, 7)
Validation fitness: 0.9640109450006857 
Elapsed: 1.6782174110412598

*** Epoch 1, batch 57/520 ***
Training fitness: 0.9723443223443223
Model size: (5, 10)
Validation fitness: 0.9672443560554107 
Elapsed: 1.8093764781951904

*** Epoch 1, batch 58/520 ***
Training fitness: 0.975
Model size: (6, 15)
Validation fitness: 0.9581990307685273 
Elapsed: 1.7311933040618896

*** Epoch 1, batch 59/520 ***
Training fitness: 0.9727156198498443
Model size: (4, 6)
Validation fitness: 0.9604932931010834 
Elapsed: 1.6160852909088135

*** Epoch 1, batch 60/520 ***
Training fitness: 0.9664790800097871
Model size: (5, 10)
Validation fitness: 0.9672443560554107 
Elapsed: 1.7214624881744385

*** Epoch 1, batch 61/520 ***
Training fitness: 0.9621263692060152
Model size: (4, 7)
Validation fitness: 0.9640109450006857 
Elapsed: 1.6216814517974854

*** Epoch 1, batch 62/520 ***
Training fitness: 0.9684726048362412
Model size: (5, 10)
Validation fitness: 0.9672443560554107 
Elapsed: 1.6893835067749023

*** Epoch 1, batch 63/520 ***
Training fitness: 0.9731729879740981
Model size: (5, 10)
Validation fitness: 0.9672443560554107 
Elapsed: 1.7282907962799072

*** Epoch 1, batch 64/520 ***
Training fitness: 0.971223466798688
Model size: (4, 7)
Validation fitness: 0.9640109450006857 
Elapsed: 1.6149709224700928

*** Epoch 1, batch 65/520 ***
Training fitness: 0.9833893129770992
Model size: (6, 11)
Validation fitness: 0.9687446166506652 !!!
Elapsed: 1.769658088684082

*** Epoch 1, batch 66/520 ***
Training fitness: 0.9662687480869299
Model size: (5, 10)
Validation fitness: 0.9672443560554107 
Elapsed: 1.8481955528259277

*** Epoch 1, batch 67/520 ***
Training fitness: 0.9726430718272712
Model size: (6, 10)
Validation fitness: 0.9647859095688749 
Elapsed: 1.7049286365509033

*** Epoch 1, batch 68/520 ***
Training fitness: 0.9831122574306066
Model size: (5, 11)
Validation fitness: 0.9659044392630184 
Elapsed: 1.7922117710113525

*** Epoch 1, batch 69/520 ***
Training fitness: 0.97259521484375
Model size: (4, 11)
Validation fitness: 0.9558096923147259 
Elapsed: 1.7991890907287598

*** Epoch 1, batch 70/520 ***
Training fitness: 0.9590872845488561
Model size: (6, 10)
Validation fitness: 0.9647859095688749 
Elapsed: 1.7931594848632812

*** Epoch 1, batch 71/520 ***
Training fitness: 0.953603520997616
Model size: (6, 10)
Validation fitness: 0.9647859095688749 
Elapsed: 1.7780718803405762

*** Epoch 1, batch 72/520 ***
Training fitness: 0.9668272794662713
Model size: (6, 10)
Validation fitness: 0.9647859095688749 
Elapsed: 1.7711615562438965

*** Epoch 1, batch 73/520 ***
Training fitness: 0.9410400390625
Model size: (3, 7)
Validation fitness: 0.9560839116719244 
Elapsed: 1.7839863300323486

*** Epoch 1, batch 74/520 ***
Training fitness: 0.9575702075702076
Model size: (5, 12)
Validation fitness: 0.9629523613587527 
Elapsed: 1.7845778465270996

*** Epoch 1, batch 75/520 ***
Training fitness: 0.9622434017595307
Model size: (6, 10)
Validation fitness: 0.9647859095688749 
Elapsed: 1.8652675151824951

*** Epoch 1, batch 76/520 ***
Training fitness: 0.9660402849422747
Model size: (4, 9)
Validation fitness: 0.9594876331550313 
Elapsed: 1.874985694885254

*** Epoch 1, batch 77/520 ***
Training fitness: 0.9752182140023193
Model size: (5, 11)
Validation fitness: 0.9586837196543683 
Elapsed: 1.9222118854522705

*** Epoch 1, batch 78/520 ***
Training fitness: 0.9705882352941178
Model size: (4, 9)
Validation fitness: 0.9594876331550313 
Elapsed: 1.924607515335083

*** Epoch 1, batch 79/520 ***
Training fitness: 0.9596393301846285
Model size: (7, 12)
Validation fitness: 0.9615691034608878 
Elapsed: 1.931614637374878

*** Epoch 1, batch 80/520 ***
Training fitness: 0.9669108669108669
Model size: (5, 12)
Validation fitness: 0.9576173272984959 
Elapsed: 1.9832918643951416

*** Epoch 1, batch 81/520 ***
Training fitness: 0.9708221189136286
Model size: (4, 6)
Validation fitness: 0.957608896813423 
Elapsed: 1.8142364025115967

*** Epoch 1, batch 82/520 ***
Training fitness: 0.9782986111111112
Model size: (6, 10)
Validation fitness: 0.9647859095688749 
Elapsed: 1.8885865211486816

*** Epoch 1, batch 83/520 ***
Training fitness: 0.9700909479338338
Model size: (5, 12)
Validation fitness: 0.9576173272984959 
Elapsed: 2.0239713191986084

*** Epoch 1, batch 84/520 ***
Training fitness: 0.9757732275717886
Model size: (4, 9)
Validation fitness: 0.9594876331550313 
Elapsed: 1.9968395233154297

*** Epoch 1, batch 85/520 ***
Training fitness: 0.9690563725490196
Model size: (6, 10)
Validation fitness: 0.9647859095688749 
Elapsed: 1.8501381874084473

*** Epoch 1, batch 86/520 ***
Training fitness: 0.941468253968254
Model size: (6, 10)
Validation fitness: 0.9647859095688749 
Elapsed: 1.8846960067749023

*** Epoch 1, batch 87/520 ***
Training fitness: 0.9696763413577574
Model size: (6, 10)
Validation fitness: 0.9647859095688749 
Elapsed: 1.9213197231292725

*** Epoch 1, batch 88/520 ***
Training fitness: 0.9721066797161731
Model size: (5, 11)
Validation fitness: 0.9568420884195126 
Elapsed: 2.1561248302459717

*** Epoch 1, batch 89/520 ***
Training fitness: 0.9585545992797413
Model size: (6, 10)
Validation fitness: 0.9647859095688749 
Elapsed: 1.941239833831787

*** Epoch 1, batch 90/520 ***
Training fitness: 0.9679483158753059
Model size: (5, 8)
Validation fitness: 0.9531321537969187 
Elapsed: 1.9687211513519287

*** Epoch 1, batch 91/520 ***
Training fitness: 0.9709454922785815
Model size: (6, 9)
Validation fitness: 0.9526862433136745 
Elapsed: 2.0464630126953125

*** Epoch 1, batch 92/520 ***
Training fitness: 0.9666319082377477
Model size: (6, 9)
Validation fitness: 0.9526862433136745 
Elapsed: 2.0507872104644775

*** Epoch 1, batch 93/520 ***
Training fitness: 0.9816272965879266
Model size: (5, 11)
Validation fitness: 0.958922882092077 
Elapsed: 2.0668368339538574

*** Epoch 1, batch 94/520 ***
Training fitness: 0.9613568054959211
Model size: (4, 7)
Validation fitness: 0.9624184611164449 
Elapsed: 1.9124763011932373

*** Epoch 1, batch 95/520 ***
Training fitness: 0.9580586080586081
Model size: (6, 14)
Validation fitness: 0.9575698806748045 
Elapsed: 2.015918254852295

*** Epoch 1, batch 96/520 ***
Training fitness: 0.97650146484375
Model size: (3, 6)
Validation fitness: 0.9535795272710648 
Elapsed: 1.8969521522521973

*** Epoch 1, batch 97/520 ***
Training fitness: 0.9786935286935288
Model size: (6, 15)
Validation fitness: 0.9628105243908015 
Elapsed: 2.1164355278015137

*** Epoch 1, batch 98/520 ***
Training fitness: 0.959349593495935
Model size: (6, 13)
Validation fitness: 0.9579480363918986 
Elapsed: 2.082178831100464

*** Epoch 1, batch 99/520 ***
Training fitness: 0.9661631048882339
Model size: (6, 13)
Validation fitness: 0.9604442920495588 
Elapsed: 2.1194076538085938

*** Epoch 1, batch 100/520 ***
Training fitness: 0.9626934414148858
Model size: (6, 14)
Validation fitness: 0.9585779179810724 
Elapsed: 1.952958583831787

*** Epoch 1, batch 101/520 ***
Training fitness: 0.9581807081807082
Model size: (10, 14)
Validation fitness: 0.9614704247245462 
Elapsed: 1.9959723949432373

*** Epoch 1, batch 102/520 ***
Training fitness: 0.957636975818794
Model size: (6, 14)
Validation fitness: 0.9585779179810724 
Elapsed: 1.9657540321350098

*** Epoch 1, batch 103/520 ***
Training fitness: 0.9681485580766157
Model size: (5, 10)
Validation fitness: 0.9572713848123255 
Elapsed: 1.949794054031372

*** Epoch 1, batch 104/520 ***
Training fitness: 0.9741597286463153
Model size: (6, 15)
Validation fitness: 0.9628105243908015 
Elapsed: 2.110950231552124

*** Epoch 1, batch 105/520 ***
Training fitness: 0.9650110105211647
Model size: (7, 16)
Validation fitness: 0.9485989759063688 
Elapsed: 2.214116334915161

*** Epoch 1, batch 106/520 ***
Training fitness: 0.9645974485747422
Model size: (6, 8)
Validation fitness: 0.9574457733278472 
Elapsed: 2.068845510482788

*** Epoch 1, batch 107/520 ***
Training fitness: 0.9503214129688573
Model size: (8, 11)
Validation fitness: 0.9644099209070544 
Elapsed: 3.3714444637298584

*** Epoch 1, batch 108/520 ***
Training fitness: 0.9711709501318776
Model size: (7, 16)
Validation fitness: 0.9601271613404654 
Elapsed: 4.1484375

*** Epoch 1, batch 109/520 ***
Training fitness: 0.9583409631935542
Model size: (5, 16)
Validation fitness: 0.9634357975586341 
Elapsed: 4.082493782043457

*** Epoch 1, batch 110/520 ***
Training fitness: 0.9866300366300366
Model size: (7, 16)
Validation fitness: 0.9607948703881499 
Elapsed: 4.303158283233643

*** Epoch 1, batch 111/520 ***
Training fitness: 0.9504732824427481
Model size: (9, 18)
Validation fitness: 0.9628814063000046 
Elapsed: 4.311588525772095

*** Epoch 1, batch 112/520 ***
Training fitness: 0.9764309764309765
Model size: (8, 10)
Validation fitness: 0.9625729072372332 
Elapsed: 3.7543182373046875

*** Epoch 1, batch 113/520 ***
Training fitness: 0.968594737164939
Model size: (5, 16)
Validation fitness: 0.9634357975586341 
Elapsed: 3.738804578781128

*** Epoch 1, batch 114/520 ***
Training fitness: 0.9764089121887287
Model size: (7, 17)
Validation fitness: 0.9616253828921502 
Elapsed: 4.049978971481323

*** Epoch 1, batch 115/520 ***
Training fitness: 0.9698802541544477
Model size: (5, 8)
Validation fitness: 0.9485984089973939 
Elapsed: 3.554352045059204

*** Epoch 1, batch 116/520 ***
Training fitness: 0.978311339198436
Model size: (7, 14)
Validation fitness: 0.9568600557765281 
Elapsed: 3.9971768856048584

*** Epoch 1, batch 117/520 ***
Training fitness: 0.9720910261914985
Model size: (6, 8)
Validation fitness: 0.9574457733278472 
Elapsed: 3.689161539077759

*** Epoch 1, batch 118/520 ***
Training fitness: 0.9682510439695406
Model size: (8, 19)
Validation fitness: 0.96596806107987 
Elapsed: 4.225029945373535

*** Epoch 1, batch 119/520 ***
Training fitness: 0.9813368055555556
Model size: (8, 19)
Validation fitness: 0.96596806107987 
Elapsed: 4.370358467102051

*** Epoch 1, batch 120/520 ***
Training fitness: 0.9676649305555556
Model size: (8, 19)
Validation fitness: 0.96596806107987 
Elapsed: 4.252162933349609

*** Epoch 1, batch 121/520 ***
Training fitness: 0.9613293797874969
Model size: (8, 19)
Validation fitness: 0.96596806107987 
Elapsed: 4.245310544967651

*** Epoch 1, batch 122/520 ***
Training fitness: 0.9660242154682481
Model size: (8, 19)
Validation fitness: 0.96596806107987 
Elapsed: 4.324033498764038

*** Epoch 1, batch 123/520 ***
Training fitness: 0.934814453125
Model size: (8, 19)
Validation fitness: 0.96596806107987 
Elapsed: 4.248988151550293

*** Epoch 1, batch 124/520 ***
Training fitness: 0.9671920821114368
Model size: (8, 19)
Validation fitness: 0.96596806107987 
Elapsed: 4.268690824508667

*** Epoch 1, batch 125/520 ***
Training fitness: 0.957749938590027
Model size: (7, 13)
Validation fitness: 0.9551395144698944 
Elapsed: 3.986586093902588

*** Epoch 1, batch 126/520 ***
Training fitness: 0.9670058587727413
Model size: (7, 10)
Validation fitness: 0.9613216568371965 
Elapsed: 3.5753846168518066

*** Epoch 1, batch 127/520 ***
Training fitness: 0.9565988141084418
Model size: (8, 19)
Validation fitness: 0.96596806107987 
Elapsed: 3.916238784790039

*** Epoch 1, batch 128/520 ***
Training fitness: 0.9706997797895767
Model size: (8, 19)
Validation fitness: 0.96596806107987 
Elapsed: 2.201188087463379

*** Epoch 1, batch 129/520 ***
Training fitness: 0.9767256202407271
Model size: (5, 7)
Validation fitness: 0.9485303433456773 
Elapsed: 1.9419825077056885

*** Epoch 1, batch 130/520 ***
Training fitness: 0.9784335288367547
Model size: (6, 10)
Validation fitness: 0.9623230923970192 
Elapsed: 1.9561538696289062

*** Epoch 1, batch 131/520 ***
Training fitness: 0.9653175591531756
Model size: (8, 20)
Validation fitness: 0.9693672655785672 !!!
Elapsed: 2.173063278198242

*** Epoch 1, batch 132/520 ***
Training fitness: 0.980985094767834
Model size: (8, 20)
Validation fitness: 0.9693672655785672 
Elapsed: 2.230875015258789

*** Epoch 1, batch 133/520 ***
Training fitness: 0.9764274809160306
Model size: (9, 22)
Validation fitness: 0.9598473917615323 
Elapsed: 2.116833209991455

*** Epoch 1, batch 134/520 ***
Training fitness: 0.9692307692307692
Model size: (9, 21)
Validation fitness: 0.9658619210899282 
Elapsed: 2.3005247116088867

*** Epoch 1, batch 135/520 ***
Training fitness: 0.9496116806461634
Model size: (9, 21)
Validation fitness: 0.9658619210899282 
Elapsed: 2.373711347579956

*** Epoch 1, batch 136/520 ***
Training fitness: 0.96954345703125
Model size: (9, 21)
Validation fitness: 0.9658619210899282 
Elapsed: 2.3177595138549805

*** Epoch 1, batch 137/520 ***
Training fitness: 0.957242263321736
Model size: (9, 21)
Validation fitness: 0.9658619210899282 
Elapsed: 2.2939345836639404

*** Epoch 1, batch 138/520 ***
Training fitness: 0.9638295259150085
Model size: (8, 15)
Validation fitness: 0.9600441914689343 
Elapsed: 2.2016119956970215

*** Epoch 1, batch 139/520 ***
Training fitness: 0.9674721761052697
Model size: (4, 7)
Validation fitness: 0.9561712156540028 
Elapsed: 1.9950952529907227

*** Epoch 1, batch 140/520 ***
Training fitness: 0.96630859375
Model size: (6, 11)
Validation fitness: 0.9430530517075848 
Elapsed: 2.134525775909424

*** Epoch 1, batch 141/520 ***
Training fitness: 0.9714460784313727
Model size: (5, 9)
Validation fitness: 0.9630522653499747 
Elapsed: 1.9923381805419922

*** Epoch 1, batch 142/520 ***
Training fitness: 0.9745366036322787
Model size: (5, 9)
Validation fitness: 0.9630522653499747 
Elapsed: 2.008202075958252

*** Epoch 1, batch 143/520 ***
Training fitness: 0.9794721407624634
Model size: (9, 21)
Validation fitness: 0.9658619210899282 
Elapsed: 2.3188562393188477

*** Epoch 1, batch 144/520 ***
Training fitness: 0.977863862755949
Model size: (9, 21)
Validation fitness: 0.9658619210899282 
Elapsed: 2.4071028232574463

*** Epoch 1, batch 145/520 ***
Training fitness: 0.9798591980410162
Model size: (4, 7)
Validation fitness: 0.9622662186257029 
Elapsed: 1.950505018234253

*** Epoch 1, batch 146/520 ***
Training fitness: 0.9673594208325532
Model size: (8, 14)
Validation fitness: 0.9596244868102227 
Elapsed: 2.144132375717163

*** Epoch 1, batch 147/520 ***
Training fitness: 0.9753893129770992
Model size: (8, 15)
Validation fitness: 0.9600441914689343 
Elapsed: 2.2991533279418945

*** Epoch 1, batch 148/520 ***
Training fitness: 0.9592671755725191
Model size: (4, 7)
Validation fitness: 0.9622662186257029 
Elapsed: 1.9829049110412598

*** Epoch 1, batch 149/520 ***
Training fitness: 0.9741758241758242
Model size: (10, 18)
Validation fitness: 0.9592228500891511 
Elapsed: 2.0950655937194824

*** Epoch 1, batch 150/520 ***
Training fitness: 0.9445500828068454
Model size: (5, 9)
Validation fitness: 0.9554139167009555 
Elapsed: 2.0176596641540527

*** Epoch 1, batch 151/520 ***
Training fitness: 0.9694749694749695
Model size: (14, 22)
Validation fitness: 0.9538016915832304 
Elapsed: 2.246654748916626

*** Epoch 1, batch 152/520 ***
Training fitness: 0.9681896339965611
Model size: (7, 13)
Validation fitness: 0.9617969094317194 
Elapsed: 2.1521525382995605

*** Epoch 1, batch 153/520 ***
Training fitness: 0.9703296703296703
Model size: (5, 9)
Validation fitness: 0.9630522653499747 
Elapsed: 2.078381299972534

*** Epoch 1, batch 154/520 ***
Training fitness: 0.9693603515625
Model size: (5, 9)
Validation fitness: 0.9554139167009555 
Elapsed: 1.996274471282959

*** Epoch 1, batch 155/520 ***
Training fitness: 0.9654052349416588
Model size: (10, 20)
Validation fitness: 0.9600446029351255 
Elapsed: 2.0812740325927734

*** Epoch 1, batch 156/520 ***
Training fitness: 0.981557251908397
Model size: (14, 23)
Validation fitness: 0.957067224431948 
Elapsed: 2.2097222805023193

*** Epoch 1, batch 157/520 ***
Training fitness: 0.9556985294117647
Model size: (10, 18)
Validation fitness: 0.9582608787089104 
Elapsed: 2.1031482219696045

*** Epoch 1, batch 158/520 ***
Training fitness: 0.9576923076923076
Model size: (7, 13)
Validation fitness: 0.9617969094317194 
Elapsed: 1.9516854286193848

*** Epoch 1, batch 159/520 ***
Training fitness: 0.9757557251908398
Model size: (5, 10)
Validation fitness: 0.9623924838842408 
Elapsed: 1.9794642925262451

*** Epoch 1, batch 160/520 ***
Training fitness: 0.9706767860503042
Model size: (10, 18)
Validation fitness: 0.9582608787089104 
Elapsed: 1.9947161674499512

*** Epoch 1, batch 161/520 ***
Training fitness: 0.9766625615763547
Model size: (5, 10)
Validation fitness: 0.9623924838842408 
Elapsed: 2.310986280441284

*** Epoch 1, batch 162/520 ***
Training fitness: 0.9676724137931034
Model size: (9, 16)
Validation fitness: 0.9613000594340053 
Elapsed: 1.9931516647338867

*** Epoch 1, batch 163/520 ***
Training fitness: 0.9673142717497556
Model size: (5, 11)
Validation fitness: 0.953484295707036 
Elapsed: 1.9115440845489502

*** Epoch 1, batch 164/520 ***
Training fitness: 0.96850052602265
Model size: (12, 16)
Validation fitness: 0.964836730215334 
Elapsed: 1.7135539054870605

*** Epoch 1, batch 165/520 ***
Training fitness: 0.9692081212046862
Model size: (4, 8)
Validation fitness: 0.9703125405751383 !!!
Elapsed: 1.9341013431549072

*** Epoch 1, batch 166/520 ***
Training fitness: 0.9823529411764705
Model size: (4, 8)
Validation fitness: 0.9703125405751383 
Elapsed: 1.9480082988739014

*** Epoch 1, batch 167/520 ***
Training fitness: 0.9678325093084296
Model size: (5, 8)
Validation fitness: 0.9564201984181413 
Elapsed: 1.9192566871643066

*** Epoch 1, batch 168/520 ***
Training fitness: 0.9772268135904499
Model size: (4, 8)
Validation fitness: 0.9703125405751383 
Elapsed: 1.863515853881836

*** Epoch 1, batch 169/520 ***
Training fitness: 0.9618506988951961
Model size: (14, 22)
Validation fitness: 0.9653603712339413 
Elapsed: 1.802405834197998

*** Epoch 1, batch 170/520 ***
Training fitness: 0.976752744893578
Model size: (4, 8)
Validation fitness: 0.9703125405751383 
Elapsed: 1.8028991222381592

*** Epoch 1, batch 171/520 ***
Training fitness: 0.9815120906029997
Model size: (5, 11)
Validation fitness: 0.9634673158688795 
Elapsed: 1.9515724182128906

*** Epoch 1, batch 172/520 ***
Training fitness: 0.9766831471647439
Model size: (7, 14)
Validation fitness: 0.955901028665478 
Elapsed: 1.9282512664794922

*** Epoch 1, batch 173/520 ***
Training fitness: 0.9821771149204777
Model size: (4, 8)
Validation fitness: 0.9703125405751383 
Elapsed: 1.8563878536224365

*** Epoch 1, batch 174/520 ***
Training fitness: 0.98089599609375
Model size: (5, 9)
Validation fitness: 0.9621450372605496 
Elapsed: 1.8030200004577637

*** Epoch 1, batch 175/520 ***
Training fitness: 0.9859610571934323
Model size: (5, 11)
Validation fitness: 0.9634673158688795 
Elapsed: 1.9288833141326904

*** Epoch 1, batch 176/520 ***
Training fitness: 0.9697193956213382
Model size: (5, 9)
Validation fitness: 0.9621450372605496 
Elapsed: 1.8642809391021729

*** Epoch 1, batch 177/520 ***
Training fitness: 0.9904028363591907
Model size: (5, 11)
Validation fitness: 0.9634673158688795 
Elapsed: 1.935655117034912

*** Epoch 1, batch 178/520 ***
Training fitness: 0.9629017447199266
Model size: (5, 11)
Validation fitness: 0.9634673158688795 
Elapsed: 1.9022932052612305

*** Epoch 1, batch 179/520 ***
Training fitness: 0.9654875951854581
Model size: (6, 12)
Validation fitness: 0.9618283454487266 
Elapsed: 1.930433750152588

*** Epoch 1, batch 180/520 ***
Training fitness: 0.9637096774193549
Model size: (6, 12)
Validation fitness: 0.9618283454487266 
Elapsed: 1.9319915771484375

*** Epoch 1, batch 181/520 ***
Training fitness: 0.9712454212454213
Model size: (5, 9)
Validation fitness: 0.9623729620993919 
Elapsed: 1.7721467018127441

*** Epoch 1, batch 182/520 ***
Training fitness: 0.9546481108466092
Model size: (7, 12)
Validation fitness: 0.9628800530334203 
Elapsed: 1.8604729175567627

*** Epoch 1, batch 183/520 ***
Training fitness: 0.9668219944082013
Model size: (4, 7)
Validation fitness: 0.9664426278974078 
Elapsed: 1.7578082084655762

*** Epoch 1, batch 184/520 ***
Training fitness: 0.979960899315738
Model size: (7, 12)
Validation fitness: 0.9628800530334203 
Elapsed: 1.8639960289001465

*** Epoch 1, batch 185/520 ***
Training fitness: 0.9788818359375
Model size: (7, 12)
Validation fitness: 0.9628800530334203 
Elapsed: 1.9265587329864502

*** Epoch 1, batch 186/520 ***
Training fitness: 0.9747247247247247
Model size: (6, 11)
Validation fitness: 0.9657581493165088 
Elapsed: 1.718196153640747

*** Epoch 1, batch 187/520 ***
Training fitness: 0.9613837489943685
Model size: (5, 9)
Validation fitness: 0.9652669684085402 
Elapsed: 1.8285739421844482

*** Epoch 1, batch 188/520 ***
Training fitness: 0.9669169260819143
Model size: (5, 9)
Validation fitness: 0.9652669684085402 
Elapsed: 1.8420426845550537

*** Epoch 1, batch 189/520 ***
Training fitness: 0.9761294261294261
Model size: (7, 12)
Validation fitness: 0.9628800530334203 
Elapsed: 1.9380748271942139

*** Epoch 1, batch 190/520 ***
Training fitness: 0.9689337211461104
Model size: (8, 15)
Validation fitness: 0.9519840442554749 
Elapsed: 1.9121067523956299

*** Epoch 1, batch 191/520 ***
Training fitness: 0.9771567361495419
Model size: (7, 11)
Validation fitness: 0.9630204270104696 
Elapsed: 1.909925937652588

*** Epoch 1, batch 192/520 ***
Training fitness: 0.966396435422984
Model size: (7, 13)
Validation fitness: 0.9577646779134092 
Elapsed: 1.9324493408203125

*** Epoch 1, batch 193/520 ***
Training fitness: 0.9541871921182266
Model size: (11, 21)
Validation fitness: 0.9588746948292415 
Elapsed: 1.9983603954315186

*** Epoch 1, batch 194/520 ***
Training fitness: 0.9707480916030535
Model size: (4, 7)
Validation fitness: 0.9664426278974078 
Elapsed: 1.8426601886749268

*** Epoch 1, batch 195/520 ***
Training fitness: 0.9745262503883194
Model size: (7, 11)
Validation fitness: 0.9609330224477666 
Elapsed: 1.9968435764312744

*** Epoch 1, batch 196/520 ***
Training fitness: 0.9695360195360195
Model size: (6, 7)
Validation fitness: 0.9587850500617199 
Elapsed: 1.8615093231201172

*** Epoch 1, batch 197/520 ***
Training fitness: 0.9707013367515107
Model size: (11, 21)
Validation fitness: 0.9588746948292415 
Elapsed: 2.1834607124328613

*** Epoch 1, batch 198/520 ***
Training fitness: 0.9808337911249466
Model size: (8, 18)
Validation fitness: 0.9631171307090933 
Elapsed: 1.9381468296051025

*** Epoch 1, batch 199/520 ***
Training fitness: 0.9671390556346309
Model size: (7, 11)
Validation fitness: 0.9561987015955745 
Elapsed: 1.8402700424194336

*** Epoch 1, batch 200/520 ***
Training fitness: 0.97463170120423
Model size: (8, 14)
Validation fitness: 0.9534410003200292 
Elapsed: 1.9446489810943604

*** Epoch 1, batch 201/520 ***
Training fitness: 0.9740204168958984
Model size: (7, 14)
Validation fitness: 0.9641071183651075 
Elapsed: 1.949359655380249

*** Epoch 1, batch 202/520 ***
Training fitness: 0.9759720401922237
Model size: (7, 14)
Validation fitness: 0.9641071183651075 
Elapsed: 1.9996535778045654

*** Epoch 1, batch 203/520 ***
Training fitness: 0.9667058605111702
Model size: (13, 23)
Validation fitness: 0.9620533534494583 
Elapsed: 1.9123706817626953

*** Epoch 1, batch 204/520 ***
Training fitness: 0.9840336654495946
Model size: (7, 14)
Validation fitness: 0.9641071183651075 
Elapsed: 2.01397705078125

*** Epoch 1, batch 205/520 ***
Training fitness: 0.9797790675903388
Model size: (6, 11)
Validation fitness: 0.9622541489507613 
Elapsed: 1.824354887008667

*** Epoch 1, batch 206/520 ***
Training fitness: 0.9713727644509552
Model size: (7, 12)
Validation fitness: 0.9620731769761807 
Elapsed: 1.8719565868377686

*** Epoch 1, batch 207/520 ***
Training fitness: 0.9581868640148011
Model size: (7, 12)
Validation fitness: 0.9620731769761807 
Elapsed: 2.0059008598327637

*** Epoch 1, batch 208/520 ***
Training fitness: 0.98052978515625
Model size: (7, 14)
Validation fitness: 0.9644490650573767 
Elapsed: 2.034930467605591

*** Epoch 1, batch 209/520 ***
Training fitness: 0.9715057725374601
Model size: (7, 14)
Validation fitness: 0.9644490650573767 
Elapsed: 2.0313479900360107

*** Epoch 1, batch 210/520 ***
Training fitness: 0.9714896214896215
Model size: (10, 17)
Validation fitness: 0.9581565491702099 
Elapsed: 2.0117692947387695

*** Epoch 1, batch 211/520 ***
Training fitness: 0.9734091325875666
Model size: (7, 12)
Validation fitness: 0.9696951949892563 
Elapsed: 1.93294095993042

*** Epoch 1, batch 212/520 ***
Training fitness: 0.9759153982517268
Model size: (4, 9)
Validation fitness: 0.955239985370091 
Elapsed: 1.8574447631835938

*** Epoch 1, batch 213/520 ***
Training fitness: 0.971372644971862
Model size: (7, 14)
Validation fitness: 0.9644490650573767 
Elapsed: 2.03682017326355

*** Epoch 1, batch 214/520 ***
Training fitness: 0.9589161387442765
Model size: (7, 12)
Validation fitness: 0.9696951949892563 
Elapsed: 2.016418218612671

*** Epoch 1, batch 215/520 ***
Training fitness: 0.978776912224744
Model size: (5, 11)
Validation fitness: 0.9564536643350248 
Elapsed: 2.002631425857544

*** Epoch 1, batch 216/520 ***
Training fitness: 0.9556166056166056
Model size: (7, 13)
Validation fitness: 0.9550421615690577 
Elapsed: 2.218187093734741

*** Epoch 1, batch 217/520 ***
Training fitness: 0.9841153470185728
Model size: (7, 13)
Validation fitness: 0.9550421615690577 
Elapsed: 2.167526960372925

*** Epoch 1, batch 218/520 ***
Training fitness: 0.9758658806190126
Model size: (8, 16)
Validation fitness: 0.9637423032963013 
Elapsed: 1.9734711647033691

*** Epoch 1, batch 219/520 ***
Training fitness: 0.9741679389312976
Model size: (12, 20)
Validation fitness: 0.9631704018653134 
Elapsed: 2.015467405319214

*** Epoch 1, batch 220/520 ***
Training fitness: 0.9724269221321543
Model size: (10, 16)
Validation fitness: 0.9615161157591551 
Elapsed: 1.9679076671600342

*** Epoch 1, batch 221/520 ***
Training fitness: 0.9736359187668217
Model size: (2, 7)
Validation fitness: 0.9499534860330088 
Elapsed: 1.8353674411773682

*** Epoch 1, batch 222/520 ***
Training fitness: 0.9565350474441383
Model size: (6, 10)
Validation fitness: 0.9581578109998631 
Elapsed: 1.9454116821289062

*** Epoch 1, batch 223/520 ***
Training fitness: 0.9606679716173232
Model size: (8, 15)
Validation fitness: 0.9603163352077904 
Elapsed: 2.212620973587036

*** Epoch 1, batch 224/520 ***
Training fitness: 0.9733626588465298
Model size: (10, 19)
Validation fitness: 0.9559992959356284 
Elapsed: 2.2540979385375977

*** Epoch 1, batch 225/520 ***
Training fitness: 0.9606909601416102
Model size: (10, 19)
Validation fitness: 0.9559992959356284 
Elapsed: 2.3297603130340576

*** Epoch 1, batch 226/520 ***
Training fitness: 0.9751225490196078
Model size: (10, 14)
Validation fitness: 0.949787445709322 
Elapsed: 2.0150227546691895

*** Epoch 1, batch 227/520 ***
Training fitness: 0.9721678492781991
Model size: (7, 14)
Validation fitness: 0.9641071183651075 
Elapsed: 1.8645837306976318

*** Epoch 1, batch 228/520 ***
Training fitness: 0.9729812335717343
Model size: (9, 14)
Validation fitness: 0.9644263978420884 
Elapsed: 1.8997201919555664

*** Epoch 1, batch 229/520 ***
Training fitness: 0.964763358778626
Model size: (7, 10)
Validation fitness: 0.9612304210670691 
Elapsed: 1.7311031818389893

*** Epoch 1, batch 230/520 ***
Training fitness: 0.9723240469208211
Model size: (7, 10)
Validation fitness: 0.9658172998674163 
Elapsed: 1.8257596492767334

*** Epoch 1, batch 231/520 ***
Training fitness: 0.9703006825308984
Model size: (10, 16)
Validation fitness: 0.9625914323595302 
Elapsed: 1.9271588325500488

*** Epoch 1, batch 232/520 ***
Training fitness: 0.9696026368796923
Model size: (7, 10)
Validation fitness: 0.9658172998674163 
Elapsed: 1.7941741943359375

*** Epoch 1, batch 233/520 ***
Training fitness: 0.9748289345063539
Model size: (8, 11)
Validation fitness: 0.9591151373839893 
Elapsed: 1.7498018741607666

*** Epoch 1, batch 234/520 ***
Training fitness: 0.9611721611721611
Model size: (8, 12)
Validation fitness: 0.964835468385681 
Elapsed: 1.8015644550323486

*** Epoch 1, batch 235/520 ***
Training fitness: 0.970251572327044
Model size: (9, 12)
Validation fitness: 0.9541710693549124 
Elapsed: 1.8070168495178223

*** Epoch 1, batch 236/520 ***
Training fitness: 0.9706460329157456
Model size: (8, 13)
Validation fitness: 0.9633472408905956 
Elapsed: 1.8807556629180908

*** Epoch 1, batch 237/520 ***
Training fitness: 0.9693304007820136
Model size: (2, 7)
Validation fitness: 0.959869821240799 
Elapsed: 1.7991230487823486

*** Epoch 1, batch 238/520 ***
Training fitness: 0.9670228445099484
Model size: (6, 8)
Validation fitness: 0.9579243725140585 
Elapsed: 1.8629353046417236

*** Epoch 1, batch 239/520 ***
Training fitness: 0.9658088235294118
Model size: (11, 15)
Validation fitness: 0.96325918712568 
Elapsed: 1.9653441905975342

*** Epoch 1, batch 240/520 ***
Training fitness: 0.9695516811955168
Model size: (11, 15)
Validation fitness: 0.96325918712568 
Elapsed: 1.9274256229400635

*** Epoch 1, batch 241/520 ***
Training fitness: 0.9592898683807775
Model size: (9, 12)
Validation fitness: 0.9661177250491474 
Elapsed: 1.8614487648010254

*** Epoch 1, batch 242/520 ***
Training fitness: 0.9713114754098361
Model size: (7, 12)
Validation fitness: 0.9644937594294336 
Elapsed: 1.9394609928131104

*** Epoch 1, batch 243/520 ***
Training fitness: 0.9699541984732825
Model size: (6, 10)
Validation fitness: 0.9596205367347873 
Elapsed: 2.0513737201690674

*** Epoch 1, batch 244/520 ***
Training fitness: 0.9628071044000247
Model size: (8, 11)
Validation fitness: 0.9621738398939332 
Elapsed: 2.038724184036255

*** Epoch 1, batch 245/520 ***
Training fitness: 0.9576899128268992
Model size: (6, 10)
Validation fitness: 0.960594678370594 
Elapsed: 1.9009146690368652

*** Epoch 1, batch 246/520 ***
Training fitness: 0.9685960591133005
Model size: (6, 12)
Validation fitness: 0.9563508435056921 
Elapsed: 1.8911452293395996

*** Epoch 1, batch 247/520 ***
Training fitness: 0.9714916430148218
Model size: (6, 10)
Validation fitness: 0.9596205367347873 
Elapsed: 1.9445664882659912

*** Epoch 1, batch 248/520 ***
Training fitness: 0.9735863095238095
Model size: (9, 13)
Validation fitness: 0.9613019156037124 
Elapsed: 2.007863759994507

*** Epoch 1, batch 249/520 ***
Training fitness: 0.9634615384615386
Model size: (7, 12)
Validation fitness: 0.9613653819777809 
Elapsed: 2.000638723373413

*** Epoch 1, batch 250/520 ***
Training fitness: 0.9579765108881821
Model size: (7, 12)
Validation fitness: 0.9613653819777809 
Elapsed: 2.03930401802063

*** Epoch 1, batch 251/520 ***
Training fitness: 0.9782077144079712
Model size: (11, 16)
Validation fitness: 0.9659098340419694 
Elapsed: 1.9993517398834229

*** Epoch 1, batch 252/520 ***
Training fitness: 0.9745710784313726
Model size: (4, 11)
Validation fitness: 0.9577543912586294 
Elapsed: 1.9426071643829346

*** Epoch 1, batch 253/520 ***
Training fitness: 0.9733791326749678
Model size: (5, 8)
Validation fitness: 0.9561306359438577 
Elapsed: 2.0234034061431885

*** Epoch 1, batch 254/520 ***
Training fitness: 0.9639260208752976
Model size: (6, 11)
Validation fitness: 0.9647033145887624 
Elapsed: 2.0038259029388428

*** Epoch 1, batch 255/520 ***
Training fitness: 0.9649963154016212
Model size: (11, 16)
Validation fitness: 0.9659098340419694 
Elapsed: 1.9587349891662598

*** Epoch 1, batch 256/520 ***
Training fitness: 0.9818104132332296
Model size: (3, 12)
Validation fitness: 0.9532334201984182 
Elapsed: 1.9116504192352295

*** Epoch 1, batch 257/520 ***
Training fitness: 0.9834252450980392
Model size: (3, 11)
Validation fitness: 0.9594973986193023 
Elapsed: 1.9622259140014648

*** Epoch 1, batch 258/520 ***
Training fitness: 0.971616919978026
Model size: (11, 16)
Validation fitness: 0.9659098340419694 
Elapsed: 1.9462618827819824

*** Epoch 1, batch 259/520 ***
Training fitness: 0.9719122023809524
Model size: (6, 10)
Validation fitness: 0.960594678370594 
Elapsed: 1.80228853225708

*** Epoch 1, batch 260/520 ***
Training fitness: 0.9573870573870573
Model size: (12, 18)
Validation fitness: 0.9617337082247519 
Elapsed: 1.9765636920928955

*** Epoch 1, batch 261/520 ***
Training fitness: 0.9697044334975369
Model size: (9, 12)
Validation fitness: 0.953901019521785 
Elapsed: 2.028120517730713

*** Epoch 1, batch 262/520 ***
Training fitness: 0.9622768815555419
Model size: (6, 8)
Validation fitness: 0.9574484981484022 
Elapsed: 1.8654754161834717

*** Epoch 1, batch 263/520 ***
Training fitness: 0.9857779405481293
Model size: (6, 14)
Validation fitness: 0.9375623005531933 
Elapsed: 2.0336952209472656

*** Epoch 1, batch 264/520 ***
Training fitness: 0.9688701702984801
Model size: (11, 16)
Validation fitness: 0.9659098340419694 
Elapsed: 2.0346436500549316

*** Epoch 1, batch 265/520 ***
Training fitness: 0.9876335877862595
Model size: (11, 16)
Validation fitness: 0.9659098340419694 
Elapsed: 1.9981334209442139

*** Epoch 1, batch 266/520 ***
Training fitness: 0.9682480850012354
Model size: (12, 17)
Validation fitness: 0.9600857769853244 
Elapsed: 2.0594465732574463

*** Epoch 1, batch 267/520 ***
Training fitness: 0.9680147058823529
Model size: (9, 12)
Validation fitness: 0.953901019521785 
Elapsed: 1.9047894477844238

*** Epoch 1, batch 268/520 ***
Training fitness: 0.972851805728518
Model size: (11, 16)
Validation fitness: 0.9659098340419694 
Elapsed: 1.9089553356170654

*** Epoch 1, batch 269/520 ***
Training fitness: 0.9641979857528863
Model size: (9, 13)
Validation fitness: 0.9540076715585425 
Elapsed: 2.034799575805664

*** Epoch 1, batch 270/520 ***
Training fitness: 0.9802490339201373
Model size: (10, 13)
Validation fitness: 0.9577949801124674 
Elapsed: 1.7973971366882324

*** Epoch 1, batch 271/520 ***
Training fitness: 0.9705055321229904
Model size: (3, 7)
Validation fitness: 0.9612271384812325 
Elapsed: 1.7496206760406494

*** Epoch 1, batch 272/520 ***
Training fitness: 0.95550537109375
Model size: (6, 13)
Validation fitness: 0.9553739587619439 
Elapsed: 1.932793140411377

*** Epoch 1, batch 273/520 ***
Training fitness: 0.9725142962553035
Model size: (6, 10)
Validation fitness: 0.9620613633246469 
Elapsed: 1.846215009689331

*** Epoch 1, batch 274/520 ***
Training fitness: 0.9697581879400061
Model size: (6, 10)
Validation fitness: 0.9620613633246469 
Elapsed: 1.8324835300445557

*** Epoch 1, batch 275/520 ***
Training fitness: 0.9787247125376621
Model size: (11, 17)
Validation fitness: 0.9551490056233712 
Elapsed: 1.7659330368041992

*** Epoch 1, batch 276/520 ***
Training fitness: 0.9706495098039216
Model size: (3, 7)
Validation fitness: 0.9643734650025145 
Elapsed: 1.6795084476470947

*** Epoch 1, batch 277/520 ***
Training fitness: 0.9699932361802865
Model size: (5, 12)
Validation fitness: 0.9571487404562702 
Elapsed: 1.840512752532959

*** Epoch 1, batch 278/520 ***
Training fitness: 0.9712322885358522
Model size: (3, 7)
Validation fitness: 0.9643734650025145 
Elapsed: 1.6716454029083252

*** Epoch 1, batch 279/520 ***
Training fitness: 0.9556372549019607
Model size: (3, 7)
Validation fitness: 0.9643734650025145 
Elapsed: 1.7321248054504395

*** Epoch 1, batch 280/520 ***
Training fitness: 0.9608313349320543
Model size: (3, 10)
Validation fitness: 0.9617978420884197 
Elapsed: 1.7023680210113525

*** Epoch 1, batch 281/520 ***
Training fitness: 0.955389872631252
Model size: (8, 12)
Validation fitness: 0.9608314634480866 
Elapsed: 1.6743578910827637

*** Epoch 1, batch 282/520 ***
Training fitness: 0.9774896011744556
Model size: (3, 10)
Validation fitness: 0.9617978420884197 
Elapsed: 1.7879245281219482

*** Epoch 1, batch 283/520 ***
Training fitness: 0.9726102941176471
Model size: (10, 17)
Validation fitness: 0.9595691583230468 
Elapsed: 1.6489465236663818

*** Epoch 1, batch 284/520 ***
Training fitness: 0.9663182346109176
Model size: (8, 11)
Validation fitness: 0.9607093219951539 
Elapsed: 1.6853523254394531

*** Epoch 1, batch 285/520 ***
Training fitness: 0.9715561536579398
Model size: (8, 12)
Validation fitness: 0.9608314634480866 
Elapsed: 1.66459321975708

*** Epoch 1, batch 286/520 ***
Training fitness: 0.9792470156106519
Model size: (6, 13)
Validation fitness: 0.9562902116764961 
Elapsed: 1.9161114692687988

*** Epoch 1, batch 287/520 ***
Training fitness: 0.9771728515625
Model size: (14, 20)
Validation fitness: 0.9546033831664609 
Elapsed: 1.7903156280517578

*** Epoch 1, batch 288/520 ***
Training fitness: 0.974729902948178
Model size: (8, 11)
Validation fitness: 0.9607093219951539 
Elapsed: 1.702479362487793

*** Epoch 1, batch 289/520 ***
Training fitness: 0.9870573870573871
Model size: (3, 10)
Validation fitness: 0.9633567137566862 
Elapsed: 1.7849526405334473

*** Epoch 1, batch 290/520 ***
Training fitness: 0.9761029411764707
Model size: (8, 11)
Validation fitness: 0.9607093219951539 
Elapsed: 1.6973543167114258

*** Epoch 1, batch 291/520 ***
Training fitness: 0.9779868412961938
Model size: (3, 10)
Validation fitness: 0.9633567137566862 
Elapsed: 1.7552073001861572

*** Epoch 1, batch 292/520 ***
Training fitness: 0.9750350973570164
Model size: (10, 15)
Validation fitness: 0.9607792986787362 
Elapsed: 1.733973741531372

*** Epoch 1, batch 293/520 ***
Training fitness: 0.982858891949801
Model size: (8, 11)
Validation fitness: 0.9611599780551365 
Elapsed: 1.7071757316589355

*** Epoch 1, batch 294/520 ***
Training fitness: 0.965255292652553
Model size: (10, 16)
Validation fitness: 0.9555176061811366 
Elapsed: 1.6461281776428223

*** Epoch 1, batch 295/520 ***
Training fitness: 0.9734981245772614
Model size: (13, 22)
Validation fitness: 0.955360087779454 
Elapsed: 1.8302414417266846

*** Epoch 1, batch 296/520 ***
Training fitness: 0.9558140974070177
Model size: (6, 7)
Validation fitness: 0.9539204224386229 
Elapsed: 1.675182819366455

*** Epoch 1, batch 297/520 ***
Training fitness: 0.9576369758187939
Model size: (13, 22)
Validation fitness: 0.955360087779454 
Elapsed: 1.7827343940734863

*** Epoch 1, batch 298/520 ***
Training fitness: 0.9693909552781785
Model size: (7, 10)
Validation fitness: 0.9624584373428429 
Elapsed: 1.8221547603607178

*** Epoch 1, batch 299/520 ***
Training fitness: 0.9753844246031746
Model size: (7, 10)
Validation fitness: 0.9624584373428429 
Elapsed: 1.834141492843628

*** Epoch 1, batch 300/520 ***
Training fitness: 0.9575702075702075
Model size: (13, 22)
Validation fitness: 0.955360087779454 
Elapsed: 1.7706668376922607

*** Epoch 1, batch 301/520 ***
Training fitness: 0.9703335879806467
Model size: (9, 15)
Validation fitness: 0.9505284963196634 
Elapsed: 1.9212925434112549

*** Epoch 1, batch 302/520 ***
Training fitness: 0.9767729182110204
Model size: (10, 14)
Validation fitness: 0.9638769807525258 
Elapsed: 1.7058284282684326

*** Epoch 1, batch 303/520 ***
Training fitness: 0.9661385523454489
Model size: (7, 10)
Validation fitness: 0.9624584373428429 
Elapsed: 1.7757813930511475

*** Epoch 1, batch 304/520 ***
Training fitness: 0.9840832568105295
Model size: (7, 10)
Validation fitness: 0.9624584373428429 
Elapsed: 1.8611350059509277

*** Epoch 1, batch 305/520 ***
Training fitness: 0.9431818181818181
Model size: (7, 19)
Validation fitness: 0.957605522790655 
Elapsed: 1.82252836227417

*** Epoch 1, batch 306/520 ***
Training fitness: 0.9739974363669658
Model size: (4, 10)
Validation fitness: 0.959749709687743 
Elapsed: 1.7718408107757568

*** Epoch 1, batch 307/520 ***
Training fitness: 0.9766006842619745
Model size: (12, 20)
Validation fitness: 0.9608003017418737 
Elapsed: 1.7757339477539062

*** Epoch 1, batch 308/520 ***
Training fitness: 0.9695375581110839
Model size: (8, 11)
Validation fitness: 0.9547286151876743 
Elapsed: 1.8733198642730713

*** Epoch 1, batch 309/520 ***
Training fitness: 0.9718963831867058
Model size: (6, 10)
Validation fitness: 0.9538830795958487 
Elapsed: 1.8202929496765137

*** Epoch 1, batch 310/520 ***
Training fitness: 0.9846717557251908
Model size: (10, 16)
Validation fitness: 0.9485982809856901 
Elapsed: 1.9698143005371094

*** Epoch 1, batch 311/520 ***
Training fitness: 0.9696581196581197
Model size: (8, 11)
Validation fitness: 0.9547286151876743 
Elapsed: 1.885948657989502

*** Epoch 1, batch 312/520 ***
Training fitness: 0.9539766831471648
Model size: (7, 17)
Validation fitness: 0.9566506652036758 
Elapsed: 2.007866621017456

*** Epoch 1, batch 313/520 ***
Training fitness: 0.9700635386119256
Model size: (10, 14)
Validation fitness: 0.9638769807525258 
Elapsed: 1.8481676578521729

*** Epoch 1, batch 314/520 ***
Training fitness: 0.9476740632067975
Model size: (5, 9)
Validation fitness: 0.9601930873679878 
Elapsed: 2.0190112590789795

*** Epoch 1, batch 315/520 ***
Training fitness: 0.9692684419957148
Model size: (12, 20)
Validation fitness: 0.9611659946052208 
Elapsed: 1.980034589767456

*** Epoch 1, batch 316/520 ***
Training fitness: 0.9463665674603174
Model size: (7, 13)
Validation fitness: 0.9552020756183421 
Elapsed: 2.0774285793304443

*** Epoch 1, batch 317/520 ***
Training fitness: 0.9604844629312453
Model size: (4, 7)
Validation fitness: 0.9657335070635029 
Elapsed: 1.7973179817199707

*** Epoch 1, batch 318/520 ***
Training fitness: 0.9664524028160392
Model size: (5, 10)
Validation fitness: 0.9629069903534037 
Elapsed: 1.8970377445220947

*** Epoch 1, batch 319/520 ***
Training fitness: 0.9747786259541984
Model size: (13, 20)
Validation fitness: 0.9562607872719793 
Elapsed: 2.0312206745147705

*** Epoch 1, batch 320/520 ***
Training fitness: 0.9720458984375
Model size: (4, 7)
Validation fitness: 0.9657335070635029 
Elapsed: 1.9320580959320068

*** Epoch 1, batch 321/520 ***
Training fitness: 0.9700894233734197
Model size: (4, 7)
Validation fitness: 0.9657335070635029 
Elapsed: 1.8966586589813232

*** Epoch 1, batch 322/520 ***
Training fitness: 0.9653504744413834
Model size: (6, 11)
Validation fitness: 0.960967923924473 
Elapsed: 2.415367364883423

*** Epoch 1, batch 323/520 ***
Training fitness: 0.9683664122137404
Model size: (7, 16)
Validation fitness: 0.9566848626160106 
Elapsed: 2.08669114112854

*** Epoch 1, batch 324/520 ***
Training fitness: 0.9730769230769231
Model size: (6, 12)
Validation fitness: 0.955682229232387 
Elapsed: 1.9750103950500488

*** Epoch 1, batch 325/520 ***
Training fitness: 0.968841642228739
Model size: (6, 11)
Validation fitness: 0.960967923924473 
Elapsed: 1.9880809783935547

*** Epoch 1, batch 326/520 ***
Training fitness: 0.9501351019405551
Model size: (4, 6)
Validation fitness: 0.9676054587848033 
Elapsed: 1.8110592365264893

*** Epoch 1, batch 327/520 ***
Training fitness: 0.9768779055541962
Model size: (4, 5)
Validation fitness: 0.967600338316646 
Elapsed: 1.786311149597168

*** Epoch 1, batch 328/520 ***
Training fitness: 0.9706280788177339
Model size: (9, 15)
Validation fitness: 0.9594643715996891 
Elapsed: 1.7901091575622559

*** Epoch 1, batch 329/520 ***
Training fitness: 0.9623390099493379
Model size: (9, 14)
Validation fitness: 0.9438249439948797 
Elapsed: 1.889392614364624

*** Epoch 1, batch 330/520 ***
Training fitness: 0.9465420332355817
Model size: (7, 16)
Validation fitness: 0.9507367439308737 
Elapsed: 2.1034038066864014

*** Epoch 1, batch 331/520 ***
Training fitness: 0.9788156288156289
Model size: (6, 16)
Validation fitness: 0.9565760709550588 
Elapsed: 1.943847417831421

*** Epoch 1, batch 332/520 ***
Training fitness: 0.968994140625
Model size: (9, 15)
Validation fitness: 0.9584112010240936 
Elapsed: 1.929814338684082

*** Epoch 1, batch 333/520 ***
Training fitness: 0.9729292559360313
Model size: (10, 17)
Validation fitness: 0.9555528002560234 
Elapsed: 2.0846803188323975

*** Epoch 1, batch 334/520 ***
Training fitness: 0.9722901884022511
Model size: (9, 15)
Validation fitness: 0.9594643715996891 
Elapsed: 1.9301435947418213

*** Epoch 1, batch 335/520 ***
Training fitness: 0.9511078557040836
Model size: (11, 24)
Validation fitness: 0.9546616924975999 
Elapsed: 2.125026226043701

*** Epoch 1, batch 336/520 ***
Training fitness: 0.9605938416422287
Model size: (11, 23)
Validation fitness: 0.9642716865541994 
Elapsed: 2.079559087753296

*** Epoch 1, batch 337/520 ***
Training fitness: 0.9837288965011011
Model size: (9, 16)
Validation fitness: 0.9623728158003018 
Elapsed: 2.1328985691070557

*** Epoch 1, batch 338/520 ***
Training fitness: 0.9656898656898657
Model size: (6, 12)
Validation fitness: 0.9586928359164267 
Elapsed: 1.9570341110229492

*** Epoch 1, batch 339/520 ***
Training fitness: 0.9566592261904762
Model size: (13, 26)
Validation fitness: 0.9587768756000548 
Elapsed: 2.3094277381896973

*** Epoch 1, batch 340/520 ***
Training fitness: 0.9586579157210331
Model size: (6, 13)
Validation fitness: 0.9653472408905958 
Elapsed: 2.0064899921417236

*** Epoch 1, batch 341/520 ***
Training fitness: 0.9686404722375945
Model size: (6, 13)
Validation fitness: 0.9653472408905958 
Elapsed: 2.012660264968872

*** Epoch 1, batch 342/520 ***
Training fitness: 0.9709226467847157
Model size: (6, 13)
Validation fitness: 0.9373410414666483 
Elapsed: 2.1719443798065186

*** Epoch 1, batch 343/520 ***
Training fitness: 0.9484580152671757
Model size: (7, 11)
Validation fitness: 0.9556336945092121 
Elapsed: 2.089813470840454

*** Epoch 1, batch 344/520 ***
Training fitness: 0.95074462890625
Model size: (8, 13)
Validation fitness: 0.9582792666758104 
Elapsed: 2.0764973163604736

*** Epoch 1, batch 345/520 ***
Training fitness: 0.98150634765625
Model size: (10, 17)
Validation fitness: 0.9583717368445115 
Elapsed: 2.104912281036377

*** Epoch 1, batch 346/520 ***
Training fitness: 0.9668498168498169
Model size: (9, 15)
Validation fitness: 0.958386586202167 
Elapsed: 1.9544532299041748

*** Epoch 1, batch 347/520 ***
Training fitness: 0.972959775376915
Model size: (9, 15)
Validation fitness: 0.958386586202167 
Elapsed: 1.8236424922943115

*** Epoch 1, batch 348/520 ***
Training fitness: 0.9511390316644458
Model size: (11, 21)
Validation fitness: 0.9659524802267636 
Elapsed: 2.0491154193878174

*** Epoch 1, batch 349/520 ***
Training fitness: 0.957997557997558
Model size: (8, 14)
Validation fitness: 0.9519043661134732 
Elapsed: 1.8996479511260986

*** Epoch 1, batch 350/520 ***
Training fitness: 0.9584940312213039
Model size: (9, 15)
Validation fitness: 0.9534231518310246 
Elapsed: 2.0324313640594482

*** Epoch 1, batch 351/520 ***
Training fitness: 0.9718128224023581
Model size: (7, 11)
Validation fitness: 0.9628620673890185 
Elapsed: 1.9824366569519043

*** Epoch 1, batch 352/520 ***
Training fitness: 0.9691301424292438
Model size: (7, 11)
Validation fitness: 0.9556336945092121 
Elapsed: 1.918562412261963

*** Epoch 1, batch 353/520 ***
Training fitness: 0.9589208325703473
Model size: (11, 21)
Validation fitness: 0.9659524802267636 
Elapsed: 2.031161308288574

*** Epoch 1, batch 354/520 ***
Training fitness: 0.9723977182113721
Model size: (7, 11)
Validation fitness: 0.9556336945092121 
Elapsed: 1.8642699718475342

*** Epoch 1, batch 355/520 ***
Training fitness: 0.98614501953125
Model size: (7, 11)
Validation fitness: 0.9556336945092121 
Elapsed: 1.9407403469085693

*** Epoch 1, batch 356/520 ***
Training fitness: 0.9665016199034171
Model size: (5, 12)
Validation fitness: 0.9562051753303159 
Elapsed: 1.9836297035217285

*** Epoch 1, batch 357/520 ***
Training fitness: 0.9671258034894399
Model size: (8, 14)
Validation fitness: 0.9481610295798474 
Elapsed: 1.9234344959259033

*** Epoch 1, batch 358/520 ***
Training fitness: 0.9649144329264553
Model size: (7, 10)
Validation fitness: 0.9623937731449732 
Elapsed: 1.9992995262145996

*** Epoch 1, batch 359/520 ***
Training fitness: 0.9762315270935962
Model size: (8, 12)
Validation fitness: 0.9565540255109038 
Elapsed: 1.9347755908966064

*** Epoch 1, batch 360/520 ***
Training fitness: 0.9683664122137404
Model size: (8, 12)
Validation fitness: 0.9565540255109038 
Elapsed: 1.8828580379486084

*** Epoch 1, batch 361/520 ***
Training fitness: 0.9787741619770003
Model size: (11, 20)
Validation fitness: 0.9624559136835368 
Elapsed: 2.161729335784912

*** Epoch 1, batch 362/520 ***
Training fitness: 0.9669477028347997
Model size: (8, 16)
Validation fitness: 0.9480445937914324 
Elapsed: 2.1376044750213623

*** Epoch 1, batch 363/520 ***
Training fitness: 0.9478629329403094
Model size: (6, 13)
Validation fitness: 0.9576046724271933 
Elapsed: 1.8880293369293213

*** Epoch 1, batch 364/520 ***
Training fitness: 0.9780152671755725
Model size: (11, 21)
Validation fitness: 0.9659524802267636 
Elapsed: 2.0434985160827637

*** Epoch 1, batch 365/520 ***
Training fitness: 0.969472710453284
Model size: (11, 21)
Validation fitness: 0.9659524802267636 
Elapsed: 2.020054578781128

*** Epoch 1, batch 366/520 ***
Training fitness: 0.9792429792429792
Model size: (8, 12)
Validation fitness: 0.9611749737118822 
Elapsed: 1.9220232963562012

*** Epoch 1, batch 367/520 ***
Training fitness: 0.9452481230543857
Model size: (11, 20)
Validation fitness: 0.9589036803364879 
Elapsed: 1.9782614707946777

*** Epoch 1, batch 368/520 ***
Training fitness: 0.9534812641359496
Model size: (3, 6)
Validation fitness: 0.9549210899282219 
Elapsed: 1.7826402187347412

*** Epoch 1, batch 369/520 ***
Training fitness: 0.972412109375
Model size: (8, 12)
Validation fitness: 0.9611749737118822 
Elapsed: 1.9011178016662598

*** Epoch 1, batch 370/520 ***
Training fitness: 0.9834230486909714
Model size: (8, 12)
Validation fitness: 0.9611749737118822 
Elapsed: 1.839435338973999

*** Epoch 1, batch 371/520 ***
Training fitness: 0.9665506927913081
Model size: (3, 9)
Validation fitness: 0.9327196177936268 
Elapsed: 1.7897224426269531

*** Epoch 1, batch 372/520 ***
Training fitness: 0.9723039215686275
Model size: (9, 13)
Validation fitness: 0.958137365702007 
Elapsed: 1.7975852489471436

*** Epoch 1, batch 373/520 ***
Training fitness: 0.9514539332721151
Model size: (5, 13)
Validation fitness: 0.9488061171307092 
Elapsed: 1.8330645561218262

*** Epoch 1, batch 374/520 ***
Training fitness: 0.9758094645080947
Model size: (9, 15)
Validation fitness: 0.9639931970923057 
Elapsed: 1.9447407722473145

*** Epoch 1, batch 375/520 ***
Training fitness: 0.9792166266986411
Model size: (10, 17)
Validation fitness: 0.9589356832624698 
Elapsed: 1.7768971920013428

*** Epoch 1, batch 376/520 ***
Training fitness: 0.9748150864967298
Model size: (6, 15)
Validation fitness: 0.9601672472911807 
Elapsed: 1.9217278957366943

*** Epoch 1, batch 377/520 ***
Training fitness: 0.9818516403325084
Model size: (11, 18)
Validation fitness: 0.9555222877520231 
Elapsed: 1.7963902950286865

*** Epoch 1, batch 378/520 ***
Training fitness: 0.9720305343511451
Model size: (8, 12)
Validation fitness: 0.9611749737118822 
Elapsed: 1.8557429313659668

*** Epoch 1, batch 379/520 ***
Training fitness: 0.9737471630988161
Model size: (6, 14)
Validation fitness: 0.9509083710510675 
Elapsed: 1.8061902523040771

*** Epoch 1, batch 380/520 ***
Training fitness: 0.9700470688917416
Model size: (8, 12)
Validation fitness: 0.9611749737118822 
Elapsed: 1.8675107955932617

*** Epoch 1, batch 381/520 ***
Training fitness: 0.9644906969410281
Model size: (10, 14)
Validation fitness: 0.9584036849083345 
Elapsed: 1.671499252319336

*** Epoch 1, batch 382/520 ***
Training fitness: 0.9815532189632908
Model size: (4, 10)
Validation fitness: 0.9597341288346364 
Elapsed: 1.9019558429718018

*** Epoch 1, batch 383/520 ***
Training fitness: 0.9761642156862745
Model size: (10, 18)
Validation fitness: 0.9641058931102273 
Elapsed: 2.0040507316589355

*** Epoch 1, batch 384/520 ***
Training fitness: 0.9784450994841561
Model size: (10, 18)
Validation fitness: 0.9641058931102273 
Elapsed: 2.020216226577759

*** Epoch 1, batch 385/520 ***
Training fitness: 0.9523928997051998
Model size: (4, 10)
Validation fitness: 0.9577594477209345 
Elapsed: 1.9328806400299072

*** Epoch 1, batch 386/520 ***
Training fitness: 0.981557251908397
Model size: (9, 15)
Validation fitness: 0.9584596443103368 
Elapsed: 1.9387421607971191

*** Epoch 1, batch 387/520 ***
Training fitness: 0.9819324909967649
Model size: (10, 18)
Validation fitness: 0.9500194943537695 
Elapsed: 2.1554362773895264

*** Epoch 1, batch 388/520 ***
Training fitness: 0.9689689689689689
Model size: (6, 11)
Validation fitness: 0.9565666072326614 
Elapsed: 1.906296968460083

*** Epoch 1, batch 389/520 ***
Training fitness: 0.9743259803921569
Model size: (11, 20)
Validation fitness: 0.9632521647693504 
Elapsed: 2.1731529235839844

*** Epoch 1, batch 390/520 ***
Training fitness: 0.9536290322580645
Model size: (10, 16)
Validation fitness: 0.9586830430210762 
Elapsed: 1.8885679244995117

*** Epoch 1, batch 391/520 ***
Training fitness: 0.974186444825055
Model size: (11, 20)
Validation fitness: 0.9632521647693504 
Elapsed: 2.2722866535186768

*** Epoch 1, batch 392/520 ***
Training fitness: 0.9743303571428571
Model size: (9, 15)
Validation fitness: 0.9574796415672292 
Elapsed: 2.1496176719665527

*** Epoch 1, batch 393/520 ***
Training fitness: 0.9750612745098038
Model size: (10, 16)
Validation fitness: 0.9575375394321766 
Elapsed: 1.938581943511963

*** Epoch 1, batch 394/520 ***
Training fitness: 0.974302630775804
Model size: (5, 11)
Validation fitness: 0.9667072189457321 
Elapsed: 1.8698046207427979

*** Epoch 1, batch 395/520 ***
Training fitness: 0.9646677669784216
Model size: (10, 16)
Validation fitness: 0.9579593745713894 
Elapsed: 1.9483535289764404

*** Epoch 1, batch 396/520 ***
Training fitness: 0.9671550671550672
Model size: (5, 11)
Validation fitness: 0.9667072189457321 
Elapsed: 2.0054285526275635

*** Epoch 1, batch 397/520 ***
Training fitness: 0.9632545931758532
Model size: (9, 15)
Validation fitness: 0.9574796415672292 
Elapsed: 2.0589659214019775

*** Epoch 1, batch 398/520 ***
Training fitness: 0.9810374357719599
Model size: (6, 16)
Validation fitness: 0.9617885520961916 
Elapsed: 2.1019630432128906

*** Epoch 1, batch 399/520 ***
Training fitness: 0.9773504273504273
Model size: (6, 13)
Validation fitness: 0.9684936405614227 
Elapsed: 2.029099225997925

*** Epoch 1, batch 400/520 ***
Training fitness: 0.95562744140625
Model size: (5, 11)
Validation fitness: 0.9667072189457321 
Elapsed: 1.8854668140411377

*** Epoch 1, batch 401/520 ***
Training fitness: 0.9786518228529484
Model size: (7, 12)
Validation fitness: 0.9626696566543227 
Elapsed: 2.0507779121398926

*** Epoch 1, batch 402/520 ***
Training fitness: 0.9634987487029237
Model size: (6, 13)
Validation fitness: 0.9684936405614227 
Elapsed: 1.946260690689087

*** Epoch 1, batch 403/520 ***
Training fitness: 0.9718742323753378
Model size: (11, 20)
Validation fitness: 0.9560237461710787 
Elapsed: 1.9399898052215576

*** Epoch 1, batch 404/520 ***
Training fitness: 0.9776269943150558
Model size: (6, 13)
Validation fitness: 0.9684936405614227 
Elapsed: 1.9014780521392822

*** Epoch 1, batch 405/520 ***
Training fitness: 0.9775840597758406
Model size: (4, 6)
Validation fitness: 0.9540650025145156 
Elapsed: 1.8532793521881104

*** Epoch 1, batch 406/520 ***
Training fitness: 0.9734432234432233
Model size: (11, 20)
Validation fitness: 0.9556961459333424 
Elapsed: 1.9545562267303467

*** Epoch 1, batch 407/520 ***
Training fitness: 0.9786363913813099
Model size: (5, 11)
Validation fitness: 0.969340748868468 
Elapsed: 1.9956212043762207

*** Epoch 1, batch 408/520 ***
Training fitness: 0.9622595419847328
Model size: (5, 11)
Validation fitness: 0.969340748868468 
Elapsed: 1.9178645610809326

*** Epoch 1, batch 409/520 ***
Training fitness: 0.96832275390625
Model size: (8, 13)
Validation fitness: 0.9580495679604992 
Elapsed: 1.9161250591278076

*** Epoch 1, batch 410/520 ***
Training fitness: 0.9711279667237582
Model size: (8, 15)
Validation fitness: 0.9603454761578202 
Elapsed: 1.9170572757720947

*** Epoch 1, batch 411/520 ***
Training fitness: 0.9843137254901961
Model size: (5, 11)
Validation fitness: 0.969340748868468 
Elapsed: 1.838819980621338

*** Epoch 1, batch 412/520 ***
Training fitness: 0.9526364477335801
Model size: (5, 11)
Validation fitness: 0.969340748868468 
Elapsed: 1.8763868808746338

*** Epoch 1, batch 413/520 ***
Training fitness: 0.9656288156288158
Model size: (7, 17)
Validation fitness: 0.948922223746171 
Elapsed: 1.9783053398132324

*** Epoch 1, batch 414/520 ***
Training fitness: 0.9787884345008864
Model size: (6, 11)
Validation fitness: 0.9657916243770858 
Elapsed: 1.9548583030700684

*** Epoch 1, batch 415/520 ***
Training fitness: 0.969236471460341
Model size: (11, 18)
Validation fitness: 0.955706816623234 
Elapsed: 1.8688762187957764

*** Epoch 1, batch 416/520 ***
Training fitness: 0.9706696181516326
Model size: (6, 11)
Validation fitness: 0.9677311571343665 
Elapsed: 1.9965181350708008

*** Epoch 1, batch 417/520 ***
Training fitness: 0.9831736674035864
Model size: (5, 11)
Validation fitness: 0.969340748868468 
Elapsed: 2.0468697547912598

*** Epoch 1, batch 418/520 ***
Training fitness: 0.9579701120797012
Model size: (7, 13)
Validation fitness: 0.9670613176061811 
Elapsed: 1.9483435153961182

*** Epoch 1, batch 419/520 ***
Training fitness: 0.977216900024564
Model size: (7, 16)
Validation fitness: 0.9553952818543409 
Elapsed: 1.9985766410827637

*** Epoch 1, batch 420/520 ***
Training fitness: 0.9749755859375
Model size: (12, 20)
Validation fitness: 0.9632910254651854 
Elapsed: 2.1155202388763428

*** Epoch 1, batch 421/520 ***
Training fitness: 0.9745234604105572
Model size: (8, 15)
Validation fitness: 0.9684297627211631 
Elapsed: 2.070927381515503

*** Epoch 1, batch 422/520 ***
Training fitness: 0.9747893992498309
Model size: (11, 21)
Validation fitness: 0.9635706030265624 
Elapsed: 1.9967129230499268

*** Epoch 1, batch 423/520 ***
Training fitness: 0.9805944485384426
Model size: (8, 15)
Validation fitness: 0.9684297627211631 
Elapsed: 2.0927512645721436

*** Epoch 1, batch 424/520 ***
Training fitness: 0.970891672807664
Model size: (7, 13)
Validation fitness: 0.9670613176061811 
Elapsed: 2.0026159286499023

*** Epoch 1, batch 425/520 ***
Training fitness: 0.9692460317460316
Model size: (12, 23)
Validation fitness: 0.9612980478215152 
Elapsed: 2.1102750301361084

*** Epoch 1, batch 426/520 ***
Training fitness: 0.9676470588235293
Model size: (7, 13)
Validation fitness: 0.9670613176061811 
Elapsed: 2.0296988487243652

*** Epoch 1, batch 427/520 ***
Training fitness: 0.9750124007936508
Model size: (10, 18)
Validation fitness: 0.9607378320303571 
Elapsed: 1.9881749153137207

*** Epoch 1, batch 428/520 ***
Training fitness: 0.9781374045801526
Model size: (8, 15)
Validation fitness: 0.9617048873039821 
Elapsed: 1.9616849422454834

*** Epoch 1, batch 429/520 ***
Training fitness: 0.9824046920821115
Model size: (9, 16)
Validation fitness: 0.9650986787363416 
Elapsed: 1.9920141696929932

*** Epoch 1, batch 430/520 ***
Training fitness: 0.9679863147605083
Model size: (13, 24)
Validation fitness: 0.960725597768939 
Elapsed: 2.009134292602539

*** Epoch 1, batch 431/520 ***
Training fitness: 0.9688701702984801
Model size: (7, 13)
Validation fitness: 0.9565125040003658 
Elapsed: 1.9242463111877441

*** Epoch 1, batch 432/520 ***
Training fitness: 0.9572696663605755
Model size: (13, 24)
Validation fitness: 0.960725597768939 
Elapsed: 1.9838528633117676

*** Epoch 1, batch 433/520 ***
Training fitness: 0.9722898333645386
Model size: (7, 13)
Validation fitness: 0.9612183239610479 
Elapsed: 2.018312454223633

*** Epoch 1, batch 434/520 ***
Training fitness: 0.948326010272913
Model size: (8, 18)
Validation fitness: 0.9556792392447311 
Elapsed: 1.8728094100952148

*** Epoch 1, batch 435/520 ***
Training fitness: 0.9734961832061069
Model size: (7, 13)
Validation fitness: 0.9565125040003658 
Elapsed: 1.8259861469268799

*** Epoch 1, batch 436/520 ***
Training fitness: 0.9645650048875856
Model size: (4, 12)
Validation fitness: 0.9615135098066109 
Elapsed: 1.8113298416137695

*** Epoch 1, batch 437/520 ***
Training fitness: 0.9569240196078431
Model size: (12, 22)
Validation fitness: 0.9634585196360809 
Elapsed: 1.7405180931091309

*** Epoch 1, batch 438/520 ***
Training fitness: 0.9663653692430672
Model size: (12, 21)
Validation fitness: 0.9620808028162574 
Elapsed: 1.7013721466064453

*** Epoch 1, batch 439/520 ***
Training fitness: 0.9742979242979243
Model size: (6, 11)
Validation fitness: 0.9624774196497965 
Elapsed: 1.7190001010894775

*** Epoch 1, batch 440/520 ***
Training fitness: 0.9606617647058824
Model size: (9, 18)
Validation fitness: 0.9644030174187355 
Elapsed: 1.881298542022705

*** Epoch 1, batch 441/520 ***
Training fitness: 0.9743941890984558
Model size: (10, 20)
Validation fitness: 0.9666389704201528 
Elapsed: 1.9657204151153564

*** Epoch 1, batch 442/520 ***
Training fitness: 0.9676019316584143
Model size: (6, 11)
Validation fitness: 0.957137365702007 
Elapsed: 1.8000543117523193

*** Epoch 1, batch 443/520 ***
Training fitness: 0.9544286762906778
Model size: (10, 20)
Validation fitness: 0.9666389704201528 
Elapsed: 1.8683602809906006

*** Epoch 1, batch 444/520 ***
Training fitness: 0.98687744140625
Model size: (10, 20)
Validation fitness: 0.9666389704201528 
Elapsed: 1.8740031719207764

*** Epoch 1, batch 445/520 ***
Training fitness: 0.9576271186440678
Model size: (10, 18)
Validation fitness: 0.9613167832487542 
Elapsed: 1.7026617527008057

*** Epoch 1, batch 446/520 ***
Training fitness: 0.9633900171274774
Model size: (10, 20)
Validation fitness: 0.9666389704201528 
Elapsed: 1.9185891151428223

*** Epoch 1, batch 447/520 ***
Training fitness: 0.9806034482758621
Model size: (10, 20)
Validation fitness: 0.9666389704201528 
Elapsed: 1.8444468975067139

*** Epoch 1, batch 448/520 ***
Training fitness: 0.9755486276667278
Model size: (10, 16)
Validation fitness: 0.9631127965985461 
Elapsed: 1.5614938735961914

*** Epoch 1, batch 449/520 ***
Training fitness: 0.9709255965159787
Model size: (10, 20)
Validation fitness: 0.9666389704201528 
Elapsed: 1.8611884117126465

*** Epoch 1, batch 450/520 ***
Training fitness: 0.9538785989363653
Model size: (10, 20)
Validation fitness: 0.9666389704201528 
Elapsed: 1.9456019401550293

*** Epoch 1, batch 451/520 ***
Training fitness: 0.9696969696969697
Model size: (10, 20)
Validation fitness: 0.9666389704201528 
Elapsed: 1.8216533660888672

*** Epoch 1, batch 452/520 ***
Training fitness: 0.9758310034172104
Model size: (9, 16)
Validation fitness: 0.963337896036209 
Elapsed: 1.6662731170654297

*** Epoch 1, batch 453/520 ***
Training fitness: 0.9693783434790629
Model size: (11, 18)
Validation fitness: 0.9645011749645682 
Elapsed: 1.9835364818572998

*** Epoch 1, batch 454/520 ***
Training fitness: 0.9813107246735565
Model size: (10, 20)
Validation fitness: 0.9669363507520686 
Elapsed: 1.8895831108093262

*** Epoch 1, batch 455/520 ***
Training fitness: 0.9622100122100121
Model size: (9, 15)
Validation fitness: 0.9652824486810223 
Elapsed: 1.587277889251709

*** Epoch 1, batch 456/520 ***
Training fitness: 0.9703621718010207
Model size: (9, 15)
Validation fitness: 0.9644320029259816 
Elapsed: 1.5851831436157227

*** Epoch 1, batch 457/520 ***
Training fitness: 0.9752136752136753
Model size: (12, 22)
Validation fitness: 0.9655889361313033 
Elapsed: 1.9328727722167969

*** Epoch 1, batch 458/520 ***
Training fitness: 0.9893564962074872
Model size: (12, 22)
Validation fitness: 0.9655889361313033 
Elapsed: 2.0064778327941895

*** Epoch 1, batch 459/520 ***
Training fitness: 0.9833519345238095
Model size: (12, 22)
Validation fitness: 0.9655889361313033 
Elapsed: 1.957167148590088

*** Epoch 1, batch 460/520 ***
Training fitness: 0.9782164737916952
Model size: (12, 22)
Validation fitness: 0.9655889361313033 
Elapsed: 1.9482929706573486

*** Epoch 1, batch 461/520 ***
Training fitness: 0.9853860294117647
Model size: (12, 22)
Validation fitness: 0.9655889361313033 
Elapsed: 1.9924650192260742

*** Epoch 1, batch 462/520 ***
Training fitness: 0.9684059212136042
Model size: (12, 22)
Validation fitness: 0.9655889361313033 
Elapsed: 1.9725689888000488

*** Epoch 1, batch 463/520 ***
Training fitness: 0.9600490196078431
Model size: (5, 12)
Validation fitness: 0.9598769441777533 
Elapsed: 1.8280696868896484

*** Epoch 1, batch 464/520 ***
Training fitness: 0.9724714643227736
Model size: (9, 12)
Validation fitness: 0.962954702144196 
Elapsed: 1.6986682415008545

*** Epoch 1, batch 465/520 ***
Training fitness: 0.9741151935226646
Model size: (8, 14)
Validation fitness: 0.9664460659260276 
Elapsed: 1.5769188404083252

*** Epoch 1, batch 466/520 ***
Training fitness: 0.9688740079365079
Model size: (7, 10)
Validation fitness: 0.9621257532117221 
Elapsed: 1.6119892597198486

*** Epoch 1, batch 467/520 ***
Training fitness: 0.97606106870229
Model size: (9, 12)
Validation fitness: 0.962954702144196 
Elapsed: 1.7374913692474365

*** Epoch 1, batch 468/520 ***
Training fitness: 0.9696636757614601
Model size: (14, 24)
Validation fitness: 0.9536758012161113 
Elapsed: 1.6066792011260986

*** Epoch 1, batch 469/520 ***
Training fitness: 0.9685887988209285
Model size: (9, 15)
Validation fitness: 0.9667495633886527 
Elapsed: 1.653362512588501

*** Epoch 1, batch 470/520 ***
Training fitness: 0.9737745098039216
Model size: (9, 15)
Validation fitness: 0.9667495633886527 
Elapsed: 1.562758445739746

*** Epoch 1, batch 471/520 ***
Training fitness: 0.98614501953125
Model size: (7, 10)
Validation fitness: 0.9621257532117221 
Elapsed: 1.639059066772461

*** Epoch 1, batch 472/520 ***
Training fitness: 0.9737484737484737
Model size: (9, 16)
Validation fitness: 0.9679283591642664 
Elapsed: 1.7410337924957275

*** Epoch 1, batch 473/520 ***
Training fitness: 0.9642748091603053
Model size: (9, 16)
Validation fitness: 0.9679283591642664 
Elapsed: 1.7458159923553467

*** Epoch 1, batch 474/520 ***
Training fitness: 0.963296568627451
Model size: (7, 14)
Validation fitness: 0.9610447858089883 
Elapsed: 1.8673717975616455

*** Epoch 1, batch 475/520 ***
Training fitness: 0.9839389312977098
Model size: (8, 15)
Validation fitness: 0.9553949892561606 
Elapsed: 1.8090152740478516

*** Epoch 1, batch 476/520 ***
Training fitness: 0.9627480916030535
Model size: (7, 14)
Validation fitness: 0.9610447858089883 
Elapsed: 1.8024489879608154

*** Epoch 1, batch 477/520 ***
Training fitness: 0.9855392156862746
Model size: (10, 13)
Validation fitness: 0.9519935171215654 
Elapsed: 1.5497140884399414

*** Epoch 1, batch 478/520 ***
Training fitness: 0.9720443349753694
Model size: (6, 13)
Validation fitness: 0.9593225986375896 
Elapsed: 1.685420036315918

*** Epoch 1, batch 479/520 ***
Training fitness: 0.9665124884366327
Model size: (9, 11)
Validation fitness: 0.9536487450281169 
Elapsed: 1.5180752277374268

*** Epoch 1, batch 480/520 ***
Training fitness: 0.9592099613568056
Model size: (7, 12)
Validation fitness: 0.955099172495771 
Elapsed: 1.7677972316741943

*** Epoch 1, batch 481/520 ***
Training fitness: 0.960007360608477
Model size: (11, 15)
Validation fitness: 0.9534026699583963 
Elapsed: 1.542647361755371

*** Epoch 1, batch 482/520 ***
Training fitness: 0.951904296875
Model size: (9, 17)
Validation fitness: 0.9492356512595437 
Elapsed: 1.6696035861968994

*** Epoch 1, batch 483/520 ***
Training fitness: 0.9727106227106227
Model size: (9, 17)
Validation fitness: 0.9492356512595437 
Elapsed: 1.6848561763763428

*** Epoch 1, batch 484/520 ***
Training fitness: 0.9630784277767589
Model size: (10, 12)
Validation fitness: 0.9549741782105793 
Elapsed: 1.6064107418060303

*** Epoch 1, batch 485/520 ***
Training fitness: 0.9783088235294117
Model size: (8, 14)
Validation fitness: 0.9580584190554563 
Elapsed: 1.7921240329742432

*** Epoch 1, batch 486/520 ***
Training fitness: 0.972275512098521
Model size: (8, 14)
Validation fitness: 0.9556407991587802 
Elapsed: 1.7678651809692383

*** Epoch 1, batch 487/520 ***
Training fitness: 0.9744534512404814
Model size: (16, 29)
Validation fitness: 0.9538531340008229 
Elapsed: 1.6970643997192383

*** Epoch 1, batch 488/520 ***
Training fitness: 0.9672009406522681
Model size: (11, 16)
Validation fitness: 0.958926996753989 
Elapsed: 1.670114517211914

*** Epoch 1, batch 489/520 ***
Training fitness: 0.9693168542089405
Model size: (11, 17)
Validation fitness: 0.9545814200155442 
Elapsed: 1.7246372699737549

*** Epoch 1, batch 490/520 ***
Training fitness: 0.9581236408822614
Model size: (9, 17)
Validation fitness: 0.9568782334384859 
Elapsed: 1.8059718608856201

*** Epoch 1, batch 491/520 ***
Training fitness: 0.9687423687423687
Model size: (9, 11)
Validation fitness: 0.9557632972157454 
Elapsed: 1.663468360900879

*** Epoch 1, batch 492/520 ***
Training fitness: 0.9670033670033671
Model size: (11, 16)
Validation fitness: 0.958926996753989 
Elapsed: 1.7464663982391357

*** Epoch 1, batch 493/520 ***
Training fitness: 0.959050262102991
Model size: (9, 17)
Validation fitness: 0.9568782334384859 
Elapsed: 1.778623342514038

*** Epoch 1, batch 494/520 ***
Training fitness: 0.9775335775335776
Model size: (10, 17)
Validation fitness: 0.9553043935445527 
Elapsed: 1.8145415782928467

*** Epoch 1, batch 495/520 ***
Training fitness: 0.9544536271808999
Model size: (11, 12)
Validation fitness: 0.958142815343117 
Elapsed: 1.6833422183990479

*** Epoch 1, batch 496/520 ***
Training fitness: 0.9678587031142731
Model size: (12, 19)
Validation fitness: 0.9563900608055594 
Elapsed: 1.7876930236816406

*** Epoch 1, batch 497/520 ***
Training fitness: 0.9532013685239492
Model size: (11, 13)
Validation fitness: 0.962592429022082 
Elapsed: 1.7188498973846436

*** Epoch 1, batch 498/520 ***
Training fitness: 0.9595166533766791
Model size: (10, 11)
Validation fitness: 0.9666344260046632 
Elapsed: 1.6475861072540283

*** Epoch 1, batch 499/520 ***
Training fitness: 0.9658479960899314
Model size: (10, 11)
Validation fitness: 0.9666344260046632 
Elapsed: 1.8166627883911133

*** Epoch 1, batch 500/520 ***
Training fitness: 0.9698275862068966
Model size: (12, 14)
Validation fitness: 0.9646789100717779 
Elapsed: 1.7267169952392578

*** Epoch 1, batch 501/520 ***
Training fitness: 0.9655330882352942
Model size: (10, 11)
Validation fitness: 0.9666344260046632 
Elapsed: 1.7017652988433838

*** Epoch 1, batch 502/520 ***
Training fitness: 0.971435546875
Model size: (12, 14)
Validation fitness: 0.9646789100717779 
Elapsed: 1.7075576782226562

*** Epoch 1, batch 503/520 ***
Training fitness: 0.97406005859375
Model size: (10, 11)
Validation fitness: 0.9666344260046632 
Elapsed: 1.6331591606140137

*** Epoch 1, batch 504/520 ***
Training fitness: 0.9623931623931623
Model size: (10, 11)
Validation fitness: 0.9666344260046632 
Elapsed: 1.6075186729431152

*** Epoch 1, batch 505/520 ***
Training fitness: 0.9823066841415465
Model size: (10, 11)
Validation fitness: 0.9666344260046632 
Elapsed: 1.7047462463378906

*** Epoch 1, batch 506/520 ***
Training fitness: 0.9748393021120294
Model size: (10, 11)
Validation fitness: 0.9666344260046632 
Elapsed: 1.7163026332855225

*** Epoch 1, batch 507/520 ***
Training fitness: 0.9744744744744744
Model size: (11, 12)
Validation fitness: 0.9677250308599643 
Elapsed: 1.6765251159667969

*** Epoch 1, batch 508/520 ***
Training fitness: 0.9645206911393962
Model size: (16, 19)
Validation fitness: 0.9576592237004525 
Elapsed: 1.5917704105377197

*** Epoch 1, batch 509/520 ***
Training fitness: 0.95806884765625
Model size: (18, 31)
Validation fitness: 0.9553740684862615 
Elapsed: 1.7447457313537598

*** Epoch 1, batch 510/520 ***
Training fitness: 0.9786570298986904
Model size: (14, 19)
Validation fitness: 0.9581429067800484 
Elapsed: 1.6466996669769287

*** Epoch 1, batch 511/520 ***
Training fitness: 0.9651148582600195
Model size: (12, 18)
Validation fitness: 0.9610790563708681 
Elapsed: 1.8264930248260498

*** Epoch 1, batch 512/520 ***
Training fitness: 0.9746564885496184
Model size: (11, 18)
Validation fitness: 0.9561774333653361 
Elapsed: 1.5845081806182861

*** Epoch 1, batch 513/520 ***
Training fitness: 0.9727978482792347
Model size: (13, 20)
Validation fitness: 0.9594011703927215 
Elapsed: 1.6223769187927246

*** Epoch 1, batch 514/520 ***
Training fitness: 0.9718778908418132
Model size: (11, 12)
Validation fitness: 0.9541776253828922 
Elapsed: 1.6228137016296387

*** Epoch 1, batch 515/520 ***
Training fitness: 0.9634987487029237
Model size: (12, 19)
Validation fitness: 0.9598082841859827 
Elapsed: 1.635798692703247

*** Epoch 1, batch 516/520 ***
Training fitness: 0.9785258988798812
Model size: (13, 16)
Validation fitness: 0.9510671512824029 
Elapsed: 3.619035243988037

*** Epoch 1, batch 517/520 ***
Training fitness: 0.9587324981577007
Model size: (12, 23)
Validation fitness: 0.9613913134915193 
Elapsed: 3.1531600952148438

*** Epoch 1, batch 518/520 ***
Training fitness: 0.9733136567668942
Model size: (13, 19)
Validation fitness: 0.9619249577104192 
Elapsed: 3.2346901893615723

*** Epoch 1, batch 519/520 ***
Training fitness: 0.9647741147741148
Model size: (13, 25)
Validation fitness: 0.9617215654002652 
Elapsed: 3.149306058883667

*** Epoch 1, batch 520/520 ***
Training fitness: 0.9448084677419355
Model size: (12, 16)
Validation fitness: 0.9493585059205413 
Elapsed: 3.1484103202819824

Total train time: 1030.141086101532
Test time: 0.48056459426879883
Test fitness: 0.9719333765201736
Test statistics: Stats(total=14791, total_true=7158, total_false=7633, true_positive=5515, true_negative=7550, false_positive=83, false_negative=1643, tpr=0.7704666107851356, tnr=0.989126162714529, ppv=0.9851732761700608, npv=0.8212770586315675, accuracy=0.8833074166723007, f1=0.8646911257447476, mcc=0.7826709695023202)
