Configuration:
Dataset: nsl_kdd
Selector: pca
Fold: 1
Fitness: mcc
Batch size: 256
Epochs: 1
Config args: {}
*** Epoch 1, batch 1/520 ***
Training fitness: 0.7947089096265083
Model size: (1, 12)
Validation fitness: 0.7947759639139311 !!!
Elapsed: 1.8823506832122803

*** Epoch 1, batch 2/520 ***
Training fitness: 0.7367421498900883
Model size: (2, 12)
Validation fitness: 0.7355941985387883 
Elapsed: 2.0395383834838867

*** Epoch 1, batch 3/520 ***
Training fitness: 0.8941652042182352
Model size: (1, 12)
Validation fitness: 0.7947759639139311 
Elapsed: 2.018221378326416

*** Epoch 1, batch 4/520 ***
Training fitness: 0.8214552135280351
Model size: (2, 13)
Validation fitness: 0.7765688218617012 
Elapsed: 2.0586183071136475

*** Epoch 1, batch 5/520 ***
Training fitness: 0.8217864142158394
Model size: (4, 11)
Validation fitness: 0.7950148962633787 !!!
Elapsed: 2.1430375576019287

*** Epoch 1, batch 6/520 ***
Training fitness: 0.7922830417853544
Model size: (1, 6)
Validation fitness: 0.7726799172130928 
Elapsed: 2.5006978511810303

*** Epoch 1, batch 7/520 ***
Training fitness: 0.8510795569456776
Model size: (1, 8)
Validation fitness: 0.8275200361797613 !!!
Elapsed: 2.075470447540283

*** Epoch 1, batch 8/520 ***
Training fitness: 0.8164733436258373
Model size: (3, 10)
Validation fitness: 0.7698007273746903 
Elapsed: 2.242418050765991

*** Epoch 1, batch 9/520 ***
Training fitness: 0.8291339325244884
Model size: (6, 18)
Validation fitness: 0.8223558580387802 
Elapsed: 2.3856029510498047

*** Epoch 1, batch 10/520 ***
Training fitness: 0.8922564502771674
Model size: (6, 18)
Validation fitness: 0.8223558580387802 
Elapsed: 2.4032998085021973

*** Epoch 1, batch 11/520 ***
Training fitness: 0.8501055597543338
Model size: (1, 8)
Validation fitness: 0.8283959145273709 !!!
Elapsed: 2.27475643157959

*** Epoch 1, batch 12/520 ***
Training fitness: 0.8322384052322785
Model size: (7, 17)
Validation fitness: 0.8122329815870648 
Elapsed: 2.447610855102539

*** Epoch 1, batch 13/520 ***
Training fitness: 0.8469632177050075
Model size: (1, 8)
Validation fitness: 0.8283959145273709 
Elapsed: 2.275355339050293

*** Epoch 1, batch 14/520 ***
Training fitness: 0.8434091089927999
Model size: (6, 18)
Validation fitness: 0.8223558580387802 
Elapsed: 2.453446626663208

*** Epoch 1, batch 15/520 ***
Training fitness: 0.8019693726583131
Model size: (4, 11)
Validation fitness: 0.8373161405763563 !!!
Elapsed: 2.2561166286468506

*** Epoch 1, batch 16/520 ***
Training fitness: 0.8841775853395701
Model size: (5, 12)
Validation fitness: 0.8259018976245853 
Elapsed: 2.2408158779144287

*** Epoch 1, batch 17/520 ***
Training fitness: 0.7777521391289154
Model size: (1, 7)
Validation fitness: 0.8341192320996054 
Elapsed: 2.0867671966552734

*** Epoch 1, batch 18/520 ***
Training fitness: 0.8315054838553846
Model size: (2, 8)
Validation fitness: 0.7812678246557111 
Elapsed: 2.0969126224517822

*** Epoch 1, batch 19/520 ***
Training fitness: 0.8637979681638847
Model size: (3, 10)
Validation fitness: 0.8277856350459089 
Elapsed: 2.0584917068481445

*** Epoch 1, batch 20/520 ***
Training fitness: 0.8182325616893328
Model size: (7, 17)
Validation fitness: 0.8369776910396267 
Elapsed: 2.269756555557251

*** Epoch 1, batch 21/520 ***
Training fitness: 0.8619184615196575
Model size: (7, 17)
Validation fitness: 0.8369776910396267 
Elapsed: 2.1821188926696777

*** Epoch 1, batch 22/520 ***
Training fitness: 0.8276011869197609
Model size: (7, 17)
Validation fitness: 0.8378265453207566 !!!
Elapsed: 2.3539514541625977

*** Epoch 1, batch 23/520 ***
Training fitness: 0.8141704464495824
Model size: (1, 5)
Validation fitness: 0.8318777351978608 
Elapsed: 2.2024121284484863

*** Epoch 1, batch 24/520 ***
Training fitness: 0.853745888985361
Model size: (8, 18)
Validation fitness: 0.8242109923815458 
Elapsed: 2.2296080589294434

*** Epoch 1, batch 25/520 ***
Training fitness: 0.8840094294855158
Model size: (2, 8)
Validation fitness: 0.8390387952439405 !!!
Elapsed: 2.0255722999572754

*** Epoch 1, batch 26/520 ***
Training fitness: 0.8505689030391219
Model size: (2, 6)
Validation fitness: 0.7942535299374845 
Elapsed: 2.048515796661377

*** Epoch 1, batch 27/520 ***
Training fitness: 0.8705467356957598
Model size: (1, 5)
Validation fitness: 0.8070896903317002 
Elapsed: 2.028787612915039

*** Epoch 1, batch 28/520 ***
Training fitness: 0.8591792857549809
Model size: (2, 7)
Validation fitness: 0.8167741736809476 
Elapsed: 1.9859950542449951

*** Epoch 1, batch 29/520 ***
Training fitness: 0.8369943306487351
Model size: (4, 12)
Validation fitness: 0.8369081991127233 
Elapsed: 2.3764243125915527

*** Epoch 1, batch 30/520 ***
Training fitness: 0.8533569960306108
Model size: (1, 5)
Validation fitness: 0.8266860873210999 
Elapsed: 3.788170099258423

*** Epoch 1, batch 31/520 ***
Training fitness: 0.8697852782635465
Model size: (4, 9)
Validation fitness: 0.8123931908059775 
Elapsed: 4.016027212142944

*** Epoch 1, batch 32/520 ***
Training fitness: 0.8862529744268489
Model size: (1, 4)
Validation fitness: 0.8269160826413442 
Elapsed: 3.878549814224243

*** Epoch 1, batch 33/520 ***
Training fitness: 0.8152400843304711
Model size: (2, 6)
Validation fitness: 0.8111375696570435 
Elapsed: 4.178525686264038

*** Epoch 1, batch 34/520 ***
Training fitness: 0.8592816240299693
Model size: (3, 7)
Validation fitness: 0.8101847224818074 
Elapsed: 4.046388864517212

*** Epoch 1, batch 35/520 ***
Training fitness: 0.8899282525711321
Model size: (1, 5)
Validation fitness: 0.8254712753402912 
Elapsed: 3.960777521133423

*** Epoch 1, batch 36/520 ***
Training fitness: 0.8819474419192402
Model size: (3, 11)
Validation fitness: 0.8379121669327648 
Elapsed: 4.2514426708221436

*** Epoch 1, batch 37/520 ***
Training fitness: 0.8829329823843954
Model size: (3, 8)
Validation fitness: 0.8239337645379362 
Elapsed: 4.189092636108398

*** Epoch 1, batch 38/520 ***
Training fitness: 0.865955359141434
Model size: (3, 12)
Validation fitness: 0.842518901997994 !!!
Elapsed: 4.384722948074341

*** Epoch 1, batch 39/520 ***
Training fitness: 0.8988168195810572
Model size: (3, 12)
Validation fitness: 0.842518901997994 
Elapsed: 4.322583913803101

*** Epoch 1, batch 40/520 ***
Training fitness: 0.8846428439400107
Model size: (2, 6)
Validation fitness: 0.8476184938261538 !!!
Elapsed: 4.275896310806274

*** Epoch 1, batch 41/520 ***
Training fitness: 0.8763561139872544
Model size: (3, 11)
Validation fitness: 0.8379121669327648 
Elapsed: 4.340674877166748

*** Epoch 1, batch 42/520 ***
Training fitness: 0.8519793925843117
Model size: (5, 16)
Validation fitness: 0.7880082197348389 
Elapsed: 4.685572862625122

*** Epoch 1, batch 43/520 ***
Training fitness: 0.8390415088843587
Model size: (3, 7)
Validation fitness: 0.82612605122055 
Elapsed: 4.6326353549957275

*** Epoch 1, batch 44/520 ***
Training fitness: 0.8749237482760434
Model size: (3, 11)
Validation fitness: 0.8379121669327648 
Elapsed: 4.538560628890991

*** Epoch 1, batch 45/520 ***
Training fitness: 0.8825541919411608
Model size: (5, 12)
Validation fitness: 0.82731619518434 
Elapsed: 4.487523078918457

*** Epoch 1, batch 46/520 ***
Training fitness: 0.8528768758974455
Model size: (3, 11)
Validation fitness: 0.8379121669327648 
Elapsed: 4.427698612213135

*** Epoch 1, batch 47/520 ***
Training fitness: 0.8820252592711499
Model size: (3, 8)
Validation fitness: 0.8334647116985429 
Elapsed: 4.358437538146973

*** Epoch 1, batch 48/520 ***
Training fitness: 0.8449525354345196
Model size: (7, 11)
Validation fitness: 0.829341087679659 
Elapsed: 4.724485397338867

*** Epoch 1, batch 49/520 ***
Training fitness: 0.8561660628358443
Model size: (8, 15)
Validation fitness: 0.826965396298946 
Elapsed: 4.764049053192139

*** Epoch 1, batch 50/520 ***
Training fitness: 0.8631397543507988
Model size: (3, 6)
Validation fitness: 0.8434571290368509 
Elapsed: 4.533737659454346

*** Epoch 1, batch 51/520 ***
Training fitness: 0.9076652822126349
Model size: (4, 10)
Validation fitness: 0.8202953053123685 
Elapsed: 4.594165325164795

*** Epoch 1, batch 52/520 ***
Training fitness: 0.8549678694642462
Model size: (3, 8)
Validation fitness: 0.8332053362822325 
Elapsed: 4.698246002197266

*** Epoch 1, batch 53/520 ***
Training fitness: 0.8603322120933136
Model size: (6, 15)
Validation fitness: 0.8395963378348167 
Elapsed: 4.662721395492554

*** Epoch 1, batch 54/520 ***
Training fitness: 0.8585896107425969
Model size: (3, 7)
Validation fitness: 0.8338990656426353 
Elapsed: 4.473683834075928

*** Epoch 1, batch 55/520 ***
Training fitness: 0.8676568325007196
Model size: (2, 7)
Validation fitness: 0.8270917217351159 
Elapsed: 4.481871843338013

*** Epoch 1, batch 56/520 ***
Training fitness: 0.8767140075192094
Model size: (3, 8)
Validation fitness: 0.8276789593054678 
Elapsed: 4.591997861862183

*** Epoch 1, batch 57/520 ***
Training fitness: 0.8097071781955251
Model size: (4, 10)
Validation fitness: 0.7942444226024052 
Elapsed: 4.359564304351807

*** Epoch 1, batch 58/520 ***
Training fitness: 0.8927412627098512
Model size: (2, 8)
Validation fitness: 0.8313736260424227 
Elapsed: 4.27396559715271

*** Epoch 1, batch 59/520 ***
Training fitness: 0.8853776972736134
Model size: (8, 16)
Validation fitness: 0.8246345194570899 
Elapsed: 4.6683509349823

*** Epoch 1, batch 60/520 ***
Training fitness: 0.8609828150098903
Model size: (8, 13)
Validation fitness: 0.832578595709301 
Elapsed: 4.606824636459351

*** Epoch 1, batch 61/520 ***
Training fitness: 0.8715470573747526
Model size: (3, 10)
Validation fitness: 0.8256923089722932 
Elapsed: 4.556145191192627

*** Epoch 1, batch 62/520 ***
Training fitness: 0.8849338094274504
Model size: (6, 9)
Validation fitness: 0.8324759253740834 
Elapsed: 5.002050399780273

*** Epoch 1, batch 63/520 ***
Training fitness: 0.905105585463814
Model size: (4, 10)
Validation fitness: 0.8324759253740834 
Elapsed: 4.713063716888428

*** Epoch 1, batch 64/520 ***
Training fitness: 0.8435907374421104
Model size: (6, 9)
Validation fitness: 0.8324759253740834 
Elapsed: 4.726556062698364

*** Epoch 1, batch 65/520 ***
Training fitness: 0.8618105123918386
Model size: (6, 9)
Validation fitness: 0.8324759253740834 
Elapsed: 4.43944525718689

*** Epoch 1, batch 66/520 ***
Training fitness: 0.8834868042641508
Model size: (5, 12)
Validation fitness: 0.8323088687068083 
Elapsed: 4.604039669036865

*** Epoch 1, batch 67/520 ***
Training fitness: 0.8747401278454462
Model size: (6, 15)
Validation fitness: 0.8398147591642268 
Elapsed: 4.704143762588501

*** Epoch 1, batch 68/520 ***
Training fitness: 0.8666470092140754
Model size: (5, 12)
Validation fitness: 0.8323088687068083 
Elapsed: 4.614919900894165

*** Epoch 1, batch 69/520 ***
Training fitness: 0.8840795538089097
Model size: (5, 11)
Validation fitness: 0.8290456542853543 
Elapsed: 4.753098964691162

*** Epoch 1, batch 70/520 ***
Training fitness: 0.8706393619247024
Model size: (5, 15)
Validation fitness: 0.8029845613817147 
Elapsed: 4.706128835678101

*** Epoch 1, batch 71/520 ***
Training fitness: 0.8027785086809748
Model size: (7, 13)
Validation fitness: 0.8188188211830312 
Elapsed: 4.911501407623291

*** Epoch 1, batch 72/520 ***
Training fitness: 0.8777484529398675
Model size: (8, 18)
Validation fitness: 0.8241057823781733 
Elapsed: 5.4608354568481445

*** Epoch 1, batch 73/520 ***
Training fitness: 0.8960791436343643
Model size: (5, 10)
Validation fitness: 0.8312717601230704 
Elapsed: 4.855715036392212

*** Epoch 1, batch 74/520 ***
Training fitness: 0.8430595324806988
Model size: (8, 13)
Validation fitness: 0.832578595709301 
Elapsed: 4.62990140914917

*** Epoch 1, batch 75/520 ***
Training fitness: 0.8447387362619906
Model size: (5, 10)
Validation fitness: 0.8420423949733286 
Elapsed: 4.733574867248535

*** Epoch 1, batch 76/520 ***
Training fitness: 0.849893313774047
Model size: (6, 14)
Validation fitness: 0.8327605893078434 
Elapsed: 4.869783401489258

*** Epoch 1, batch 77/520 ***
Training fitness: 0.8817583654103395
Model size: (3, 6)
Validation fitness: 0.824911600863548 
Elapsed: 4.558997869491577

*** Epoch 1, batch 78/520 ***
Training fitness: 0.8827693792240477
Model size: (7, 17)
Validation fitness: 0.8355223997572476 
Elapsed: 4.63440728187561

*** Epoch 1, batch 79/520 ***
Training fitness: 0.8778580928761867
Model size: (7, 17)
Validation fitness: 0.8368251390362184 
Elapsed: 4.5159592628479

*** Epoch 1, batch 80/520 ***
Training fitness: 0.8328046465275425
Model size: (7, 17)
Validation fitness: 0.8368251390362184 
Elapsed: 4.563777446746826

*** Epoch 1, batch 81/520 ***
Training fitness: 0.8899593286384546
Model size: (6, 14)
Validation fitness: 0.8327605893078434 
Elapsed: 4.618610143661499

*** Epoch 1, batch 82/520 ***
Training fitness: 0.929535305916216
Model size: (5, 10)
Validation fitness: 0.8164382717938952 
Elapsed: 4.739745378494263

*** Epoch 1, batch 83/520 ***
Training fitness: 0.8008199380433219
Model size: (6, 13)
Validation fitness: 0.8271587326042145 
Elapsed: 4.514158248901367

*** Epoch 1, batch 84/520 ***
Training fitness: 0.8669047532057178
Model size: (8, 15)
Validation fitness: 0.8466724468349152 
Elapsed: 4.493200778961182

*** Epoch 1, batch 85/520 ***
Training fitness: 0.8833876613196157
Model size: (8, 17)
Validation fitness: 0.8263965672738515 
Elapsed: 4.463571071624756

*** Epoch 1, batch 86/520 ***
Training fitness: 0.7761386728559403
Model size: (9, 16)
Validation fitness: 0.8453007991807587 
Elapsed: 4.669790744781494

*** Epoch 1, batch 87/520 ***
Training fitness: 0.8903532175136972
Model size: (9, 16)
Validation fitness: 0.8453007991807587 
Elapsed: 4.7717180252075195

*** Epoch 1, batch 88/520 ***
Training fitness: 0.8737135575234374
Model size: (8, 15)
Validation fitness: 0.8466724468349152 
Elapsed: 4.6237101554870605

*** Epoch 1, batch 89/520 ***
Training fitness: 0.8933554773118235
Model size: (4, 8)
Validation fitness: 0.8383714026241749 
Elapsed: 4.463224649429321

*** Epoch 1, batch 90/520 ***
Training fitness: 0.9025955321915531
Model size: (4, 8)
Validation fitness: 0.8383714026241749 
Elapsed: 4.638998508453369

*** Epoch 1, batch 91/520 ***
Training fitness: 0.8265193521573594
Model size: (4, 8)
Validation fitness: 0.8383714026241749 
Elapsed: 4.786091327667236

*** Epoch 1, batch 92/520 ***
Training fitness: 0.8630705452587882
Model size: (8, 16)
Validation fitness: 0.8327292928477014 
Elapsed: 5.142523765563965

*** Epoch 1, batch 93/520 ***
Training fitness: 0.8785710337481841
Model size: (8, 15)
Validation fitness: 0.8477091625644422 !!!
Elapsed: 4.693714618682861

*** Epoch 1, batch 94/520 ***
Training fitness: 0.8430595324806988
Model size: (5, 9)
Validation fitness: 0.8604968427357548 !!!
Elapsed: 4.551126718521118

*** Epoch 1, batch 95/520 ***
Training fitness: 0.8852302296093864
Model size: (8, 15)
Validation fitness: 0.8482092622700066 
Elapsed: 4.835072755813599

*** Epoch 1, batch 96/520 ***
Training fitness: 0.8686131386861314
Model size: (5, 9)
Validation fitness: 0.8604968427357548 
Elapsed: 4.883417844772339

*** Epoch 1, batch 97/520 ***
Training fitness: 0.9227030410650241
Model size: (8, 15)
Validation fitness: 0.8477091625644422 
Elapsed: 4.802642345428467

*** Epoch 1, batch 98/520 ***
Training fitness: 0.8672139656737888
Model size: (7, 14)
Validation fitness: 0.8330445008503805 
Elapsed: 4.785629034042358

*** Epoch 1, batch 99/520 ***
Training fitness: 0.8801683609637663
Model size: (8, 19)
Validation fitness: 0.8159208021590495 
Elapsed: 5.023880481719971

*** Epoch 1, batch 100/520 ***
Training fitness: 0.8513375205123862
Model size: (10, 17)
Validation fitness: 0.8387599481188317 
Elapsed: 5.330644369125366

*** Epoch 1, batch 101/520 ***
Training fitness: 0.8477283567355103
Model size: (9, 19)
Validation fitness: 0.8472689519749215 
Elapsed: 4.7090349197387695

*** Epoch 1, batch 102/520 ***
Training fitness: 0.8991465134459979
Model size: (7, 15)
Validation fitness: 0.833976999726895 
Elapsed: 4.649047613143921

*** Epoch 1, batch 103/520 ***
Training fitness: 0.8726375646434433
Model size: (5, 9)
Validation fitness: 0.8604968427357548 
Elapsed: 4.621822118759155

*** Epoch 1, batch 104/520 ***
Training fitness: 0.8734775114237132
Model size: (3, 7)
Validation fitness: 0.8684191623621 !!!
Elapsed: 4.560809135437012

*** Epoch 1, batch 105/520 ***
Training fitness: 0.9228569134356441
Model size: (3, 7)
Validation fitness: 0.8684191623621 
Elapsed: 4.547816276550293

*** Epoch 1, batch 106/520 ***
Training fitness: 0.9070956591709622
Model size: (3, 7)
Validation fitness: 0.8684191623621 
Elapsed: 4.5316855907440186

*** Epoch 1, batch 107/520 ***
Training fitness: 0.8674257783326655
Model size: (7, 13)
Validation fitness: 0.8279872072015744 
Elapsed: 4.67863917350769

*** Epoch 1, batch 108/520 ***
Training fitness: 0.9149310934345602
Model size: (3, 7)
Validation fitness: 0.8684191623621 
Elapsed: 4.347387790679932

*** Epoch 1, batch 109/520 ***
Training fitness: 0.8696131021312187
Model size: (6, 11)
Validation fitness: 0.8600179151707252 
Elapsed: 4.468958377838135

*** Epoch 1, batch 110/520 ***
Training fitness: 0.9148813133489146
Model size: (6, 11)
Validation fitness: 0.8600179151707252 
Elapsed: 4.691535711288452

*** Epoch 1, batch 111/520 ***
Training fitness: 0.8834640839915521
Model size: (2, 5)
Validation fitness: 0.8299546756165896 
Elapsed: 4.437114953994751

*** Epoch 1, batch 112/520 ***
Training fitness: 0.9002490062176361
Model size: (3, 7)
Validation fitness: 0.8684191623621 
Elapsed: 4.426693916320801

*** Epoch 1, batch 113/520 ***
Training fitness: 0.884753861650593
Model size: (3, 7)
Validation fitness: 0.8684191623621 
Elapsed: 4.30171537399292

*** Epoch 1, batch 114/520 ***
Training fitness: 0.9145743667547683
Model size: (6, 11)
Validation fitness: 0.8600179151707252 
Elapsed: 4.537071704864502

*** Epoch 1, batch 115/520 ***
Training fitness: 0.8240348148132887
Model size: (6, 11)
Validation fitness: 0.8600179151707252 
Elapsed: 4.440123081207275

*** Epoch 1, batch 116/520 ***
Training fitness: 0.8579391503810486
Model size: (3, 7)
Validation fitness: 0.8684191623621 
Elapsed: 4.4315266609191895

*** Epoch 1, batch 117/520 ***
Training fitness: 0.9308987545976254
Model size: (3, 7)
Validation fitness: 0.8684191623621 
Elapsed: 4.5360941886901855

*** Epoch 1, batch 118/520 ***
Training fitness: 0.8588614976523973
Model size: (6, 11)
Validation fitness: 0.8600179151707252 
Elapsed: 4.736999034881592

*** Epoch 1, batch 119/520 ***
Training fitness: 0.9161507272705752
Model size: (3, 7)
Validation fitness: 0.8684191623621 
Elapsed: 4.434244871139526

*** Epoch 1, batch 120/520 ***
Training fitness: 0.874992370139779
Model size: (7, 14)
Validation fitness: 0.8502366728723088 
Elapsed: 4.6297852993011475

*** Epoch 1, batch 121/520 ***
Training fitness: 0.8514174201140566
Model size: (7, 14)
Validation fitness: 0.8502366728723088 
Elapsed: 4.668180704116821

*** Epoch 1, batch 122/520 ***
Training fitness: 0.8834453614921961
Model size: (5, 13)
Validation fitness: 0.8259825474976322 
Elapsed: 4.295609474182129

*** Epoch 1, batch 123/520 ***
Training fitness: 0.8253968253968254
Model size: (7, 14)
Validation fitness: 0.8502366728723088 
Elapsed: 4.431719064712524

*** Epoch 1, batch 124/520 ***
Training fitness: 0.8827965299005894
Model size: (5, 13)
Validation fitness: 0.8259825474976322 
Elapsed: 4.130145788192749

*** Epoch 1, batch 125/520 ***
Training fitness: 0.8815003935002788
Model size: (6, 13)
Validation fitness: 0.8249291702814172 
Elapsed: 4.38631796836853

*** Epoch 1, batch 126/520 ***
Training fitness: 0.892155507225113
Model size: (7, 14)
Validation fitness: 0.8502366728723088 
Elapsed: 4.519397020339966

*** Epoch 1, batch 127/520 ***
Training fitness: 0.8631397543507988
Model size: (7, 14)
Validation fitness: 0.8502366728723088 
Elapsed: 4.574926376342773

*** Epoch 1, batch 128/520 ***
Training fitness: 0.8853951065368327
Model size: (7, 13)
Validation fitness: 0.8450960331857916 
Elapsed: 4.490349054336548

*** Epoch 1, batch 129/520 ***
Training fitness: 0.8600914444591817
Model size: (7, 14)
Validation fitness: 0.8502366728723088 
Elapsed: 4.4002845287323

*** Epoch 1, batch 130/520 ***
Training fitness: 0.876228860343402
Model size: (6, 9)
Validation fitness: 0.8495347451099446 
Elapsed: 4.231099843978882

*** Epoch 1, batch 131/520 ***
Training fitness: 0.8911912957948532
Model size: (7, 14)
Validation fitness: 0.8502366728723088 
Elapsed: 4.492365837097168

*** Epoch 1, batch 132/520 ***
Training fitness: 0.8508407064131575
Model size: (7, 14)
Validation fitness: 0.8484463789768097 
Elapsed: 4.505606174468994

*** Epoch 1, batch 133/520 ***
Training fitness: 0.9001336680555853
Model size: (7, 14)
Validation fitness: 0.8484463789768097 
Elapsed: 4.6269683837890625

*** Epoch 1, batch 134/520 ***
Training fitness: 0.8264576512374493
Model size: (8, 16)
Validation fitness: 0.8549281535229557 
Elapsed: 4.5836122035980225

*** Epoch 1, batch 135/520 ***
Training fitness: 0.8815475234314
Model size: (7, 14)
Validation fitness: 0.8484463789768097 
Elapsed: 4.566631317138672

*** Epoch 1, batch 136/520 ***
Training fitness: 0.8775065490432551
Model size: (9, 17)
Validation fitness: 0.8384491532632519 
Elapsed: 4.366831541061401

*** Epoch 1, batch 137/520 ***
Training fitness: 0.8261535613997895
Model size: (7, 15)
Validation fitness: 0.8463267955093907 
Elapsed: 3.674564838409424

*** Epoch 1, batch 138/520 ***
Training fitness: 0.8602120432458089
Model size: (7, 14)
Validation fitness: 0.8484463789768097 
Elapsed: 2.3593034744262695

*** Epoch 1, batch 139/520 ***
Training fitness: 0.8710059050325647
Model size: (7, 14)
Validation fitness: 0.8515833526155261 
Elapsed: 2.435576915740967

*** Epoch 1, batch 140/520 ***
Training fitness: 0.7743944842564853
Model size: (7, 14)
Validation fitness: 0.8515833526155261 
Elapsed: 2.4024364948272705

*** Epoch 1, batch 141/520 ***
Training fitness: 0.8678819877616907
Model size: (5, 10)
Validation fitness: 0.8260713426011661 
Elapsed: 2.1137502193450928

*** Epoch 1, batch 142/520 ***
Training fitness: 0.8415872055298078
Model size: (8, 16)
Validation fitness: 0.8433423206371906 
Elapsed: 2.2977240085601807

*** Epoch 1, batch 143/520 ***
Training fitness: 0.8777096876897804
Model size: (8, 16)
Validation fitness: 0.8433423206371906 
Elapsed: 2.2970638275146484

*** Epoch 1, batch 144/520 ***
Training fitness: 0.8247732287586642
Model size: (6, 11)
Validation fitness: 0.8157107545689093 
Elapsed: 2.2310216426849365

*** Epoch 1, batch 145/520 ***
Training fitness: 0.8338334571847024
Model size: (8, 16)
Validation fitness: 0.8433423206371906 
Elapsed: 2.420051097869873

*** Epoch 1, batch 146/520 ***
Training fitness: 0.8207468618481976
Model size: (8, 12)
Validation fitness: 0.8205086112629587 
Elapsed: 2.257906198501587

*** Epoch 1, batch 147/520 ***
Training fitness: 0.828416869579514
Model size: (5, 10)
Validation fitness: 0.8275599363862054 
Elapsed: 1.9854915142059326

*** Epoch 1, batch 148/520 ***
Training fitness: 0.8128032593554527
Model size: (6, 9)
Validation fitness: 0.7946901407307874 
Elapsed: 2.0357236862182617

*** Epoch 1, batch 149/520 ***
Training fitness: 0.8685349134773082
Model size: (6, 11)
Validation fitness: 0.8277306752403056 
Elapsed: 2.080306053161621

*** Epoch 1, batch 150/520 ***
Training fitness: 0.8342342050291589
Model size: (6, 12)
Validation fitness: 0.8154340223168456 
Elapsed: 2.047441005706787

*** Epoch 1, batch 151/520 ***
Training fitness: 0.8742323753377549
Model size: (4, 9)
Validation fitness: 0.8215234089196398 
Elapsed: 2.1477859020233154

*** Epoch 1, batch 152/520 ***
Training fitness: 0.8369082443770754
Model size: (5, 11)
Validation fitness: 0.8246731020449035 
Elapsed: 1.9881012439727783

*** Epoch 1, batch 153/520 ***
Training fitness: 0.8367422571494222
Model size: (8, 12)
Validation fitness: 0.8205086112629587 
Elapsed: 2.222191333770752

*** Epoch 1, batch 154/520 ***
Training fitness: 0.8594542047611874
Model size: (6, 13)
Validation fitness: 0.7991522085607086 
Elapsed: 2.1366305351257324

*** Epoch 1, batch 155/520 ***
Training fitness: 0.8454027929649518
Model size: (5, 8)
Validation fitness: 0.8202142857835787 
Elapsed: 2.093149185180664

*** Epoch 1, batch 156/520 ***
Training fitness: 0.8359872050858668
Model size: (4, 11)
Validation fitness: 0.8263647804091517 
Elapsed: 2.0891942977905273

*** Epoch 1, batch 157/520 ***
Training fitness: 0.8522812938132484
Model size: (6, 11)
Validation fitness: 0.8251006990129518 
Elapsed: 2.006085157394409

*** Epoch 1, batch 158/520 ***
Training fitness: 0.8754527277201575
Model size: (9, 15)
Validation fitness: 0.8276911794359807 
Elapsed: 2.2804977893829346

*** Epoch 1, batch 159/520 ***
Training fitness: 0.8916641221374045
Model size: (5, 12)
Validation fitness: 0.8378314837849061 
Elapsed: 2.058506488800049

*** Epoch 1, batch 160/520 ***
Training fitness: 0.8518886805729154
Model size: (10, 15)
Validation fitness: 0.8372568050409047 
Elapsed: 2.2558341026306152

*** Epoch 1, batch 161/520 ***
Training fitness: 0.8680078693169341
Model size: (9, 15)
Validation fitness: 0.8276911794359807 
Elapsed: 2.271015167236328

*** Epoch 1, batch 162/520 ***
Training fitness: 0.8916050852754615
Model size: (4, 10)
Validation fitness: 0.8016089405342229 
Elapsed: 2.1366870403289795

*** Epoch 1, batch 163/520 ***
Training fitness: 0.7989690497899415
Model size: (5, 6)
Validation fitness: 0.7596446242204208 
Elapsed: 2.052771806716919

*** Epoch 1, batch 164/520 ***
Training fitness: 0.8624800060695207
Model size: (6, 12)
Validation fitness: 0.8344147635282954 
Elapsed: 2.162813663482666

*** Epoch 1, batch 165/520 ***
Training fitness: 0.8673934530092214
Model size: (6, 14)
Validation fitness: 0.8396025974959547 
Elapsed: 3.637428045272827

*** Epoch 1, batch 166/520 ***
Training fitness: 0.8877512876520376
Model size: (10, 15)
Validation fitness: 0.8372568050409047 
Elapsed: 4.349475860595703

*** Epoch 1, batch 167/520 ***
Training fitness: 0.8998443420439555
Model size: (6, 13)
Validation fitness: 0.8529808638038044 
Elapsed: 4.133695840835571

*** Epoch 1, batch 168/520 ***
Training fitness: 0.8510795569456776
Model size: (5, 12)
Validation fitness: 0.8378314837849061 
Elapsed: 4.171510696411133

*** Epoch 1, batch 169/520 ***
Training fitness: 0.8825169401410285
Model size: (6, 13)
Validation fitness: 0.8529808638038044 
Elapsed: 4.348327398300171

*** Epoch 1, batch 170/520 ***
Training fitness: 0.8568298080238055
Model size: (10, 17)
Validation fitness: 0.8079568077156712 
Elapsed: 4.463204860687256

*** Epoch 1, batch 171/520 ***
Training fitness: 0.876000479669472
Model size: (6, 12)
Validation fitness: 0.8494514870385427 
Elapsed: 4.19638991355896

*** Epoch 1, batch 172/520 ***
Training fitness: 0.8618105123918386
Model size: (6, 13)
Validation fitness: 0.8529808638038044 
Elapsed: 4.31912636756897

*** Epoch 1, batch 173/520 ***
Training fitness: 0.8708232913053501
Model size: (6, 13)
Validation fitness: 0.8529808638038044 
Elapsed: 4.274508953094482

*** Epoch 1, batch 174/520 ***
Training fitness: 0.8594866453452653
Model size: (6, 14)
Validation fitness: 0.8566334137755771 
Elapsed: 4.271463871002197

*** Epoch 1, batch 175/520 ***
Training fitness: 0.859786753837928
Model size: (6, 14)
Validation fitness: 0.8566334137755771 
Elapsed: 4.255273342132568

*** Epoch 1, batch 176/520 ***
Training fitness: 0.890625
Model size: (3, 5)
Validation fitness: 0.788120699791231 
Elapsed: 4.049466609954834

*** Epoch 1, batch 177/520 ***
Training fitness: 0.8848508266346145
Model size: (6, 14)
Validation fitness: 0.8566334137755771 
Elapsed: 4.35233736038208

*** Epoch 1, batch 178/520 ***
Training fitness: 0.8372495697527843
Model size: (7, 14)
Validation fitness: 0.840951231020401 
Elapsed: 4.089070796966553

*** Epoch 1, batch 179/520 ***
Training fitness: 0.832404637182115
Model size: (6, 14)
Validation fitness: 0.8566334137755771 
Elapsed: 4.31695294380188

*** Epoch 1, batch 180/520 ***
Training fitness: 0.8631569221054648
Model size: (6, 14)
Validation fitness: 0.8585374560053176 
Elapsed: 4.212136507034302

*** Epoch 1, batch 181/520 ***
Training fitness: 0.9067342724617871
Model size: (6, 13)
Validation fitness: 0.8529808638038044 
Elapsed: 4.228790521621704

*** Epoch 1, batch 182/520 ***
Training fitness: 0.880055973990098
Model size: (3, 9)
Validation fitness: 0.8229819063568735 
Elapsed: 3.8984227180480957

*** Epoch 1, batch 183/520 ***
Training fitness: 0.8509720955287426
Model size: (6, 14)
Validation fitness: 0.8585374560053176 
Elapsed: 4.323333740234375

*** Epoch 1, batch 184/520 ***
Training fitness: 0.8715470573747526
Model size: (8, 12)
Validation fitness: 0.8059216410432096 
Elapsed: 4.182405471801758

*** Epoch 1, batch 185/520 ***
Training fitness: 0.8402824657597804
Model size: (6, 13)
Validation fitness: 0.8529808638038044 
Elapsed: 4.114512920379639

*** Epoch 1, batch 186/520 ***
Training fitness: 0.8834453614921961
Model size: (7, 15)
Validation fitness: 0.8469843422498167 
Elapsed: 4.21643853187561

*** Epoch 1, batch 187/520 ***
Training fitness: 0.8448380735439606
Model size: (6, 13)
Validation fitness: 0.8529808638038044 
Elapsed: 4.303083419799805

*** Epoch 1, batch 188/520 ***
Training fitness: 0.8844265698746072
Model size: (6, 13)
Validation fitness: 0.8529808638038044 
Elapsed: 4.358434438705444

*** Epoch 1, batch 189/520 ***
Training fitness: 0.8801126536261477
Model size: (6, 13)
Validation fitness: 0.8529808638038044 
Elapsed: 4.525175094604492

*** Epoch 1, batch 190/520 ***
Training fitness: 0.9164000721924594
Model size: (6, 13)
Validation fitness: 0.8529808638038044 
Elapsed: 3.941622495651245

*** Epoch 1, batch 191/520 ***
Training fitness: 0.8295601424718053
Model size: (7, 15)
Validation fitness: 0.8469843422498167 
Elapsed: 4.315029621124268

*** Epoch 1, batch 192/520 ***
Training fitness: 0.8924666551542465
Model size: (6, 11)
Validation fitness: 0.8136731090530211 
Elapsed: 4.058199644088745

*** Epoch 1, batch 193/520 ***
Training fitness: 0.8829943676419953
Model size: (6, 13)
Validation fitness: 0.8529808638038044 
Elapsed: 4.44916844367981

*** Epoch 1, batch 194/520 ***
Training fitness: 0.8706393619247024
Model size: (6, 11)
Validation fitness: 0.8136731090530211 
Elapsed: 3.99874210357666

*** Epoch 1, batch 195/520 ***
Training fitness: 0.7568177774000263
Model size: (8, 17)
Validation fitness: 0.8021574512455121 
Elapsed: 4.189709901809692

*** Epoch 1, batch 196/520 ***
Training fitness: 0.8719979281187072
Model size: (2, 7)
Validation fitness: 0.8237713597848787 
Elapsed: 4.149411678314209

*** Epoch 1, batch 197/520 ***
Training fitness: 0.86659684908514
Model size: (3, 9)
Validation fitness: 0.81383259386469 
Elapsed: 4.225031852722168

*** Epoch 1, batch 198/520 ***
Training fitness: 0.8233710217067614
Model size: (3, 9)
Validation fitness: 0.81383259386469 
Elapsed: 4.2319841384887695

*** Epoch 1, batch 199/520 ***
Training fitness: 0.8209390659091667
Model size: (10, 21)
Validation fitness: 0.8101624490432069 
Elapsed: 4.222718000411987

*** Epoch 1, batch 200/520 ***
Training fitness: 0.8103827280881556
Model size: (3, 8)
Validation fitness: 0.7927065666105886 
Elapsed: 4.416964530944824

*** Epoch 1, batch 201/520 ***
Training fitness: 0.7968610171953631
Model size: (3, 9)
Validation fitness: 0.8266500553816266 
Elapsed: 4.552204608917236

*** Epoch 1, batch 202/520 ***
Training fitness: 0.8569243885233906
Model size: (5, 7)
Validation fitness: 0.7896205139795786 
Elapsed: 4.55375075340271

*** Epoch 1, batch 203/520 ***
Training fitness: 0.8307033724315975
Model size: (4, 12)
Validation fitness: 0.7895806928009856 
Elapsed: 4.609399318695068

*** Epoch 1, batch 204/520 ***
Training fitness: 0.8433944569708054
Model size: (9, 15)
Validation fitness: 0.8101515456175132 
Elapsed: 4.141693115234375

*** Epoch 1, batch 205/520 ***
Training fitness: 0.8444594363974929
Model size: (3, 9)
Validation fitness: 0.8347390605196047 
Elapsed: 4.4373955726623535

*** Epoch 1, batch 206/520 ***
Training fitness: 0.8910866910866911
Model size: (11, 22)
Validation fitness: 0.8290044970686421 
Elapsed: 4.493539810180664

*** Epoch 1, batch 207/520 ***
Training fitness: 0.7963084642558638
Model size: (12, 25)
Validation fitness: 0.8202907379817125 
Elapsed: 4.531678915023804

*** Epoch 1, batch 208/520 ***
Training fitness: 0.8364366769671268
Model size: (12, 26)
Validation fitness: 0.8298371392296203 
Elapsed: 4.279968738555908

*** Epoch 1, batch 209/520 ***
Training fitness: 0.8595212399508618
Model size: (9, 15)
Validation fitness: 0.8122724979693549 
Elapsed: 4.154014825820923

*** Epoch 1, batch 210/520 ***
Training fitness: 0.8670517026609663
Model size: (14, 28)
Validation fitness: 0.8232532980259522 
Elapsed: 4.513309001922607

*** Epoch 1, batch 211/520 ***
Training fitness: 0.7850216399320862
Model size: (7, 10)
Validation fitness: 0.7795935587648719 
Elapsed: 4.553711891174316

*** Epoch 1, batch 212/520 ***
Training fitness: 0.9057919993625169
Model size: (9, 17)
Validation fitness: 0.82307374503501 
Elapsed: 4.534562349319458

*** Epoch 1, batch 213/520 ***
Training fitness: 0.8386649523881287
Model size: (6, 11)
Validation fitness: 0.8237356329146298 
Elapsed: 4.518937110900879

*** Epoch 1, batch 214/520 ***
Training fitness: 0.8324879532505843
Model size: (13, 17)
Validation fitness: 0.7897819693364403 
Elapsed: 4.573370456695557

*** Epoch 1, batch 215/520 ***
Training fitness: 0.9072753032934013
Model size: (6, 10)
Validation fitness: 0.8249991608634222 
Elapsed: 4.445164442062378

*** Epoch 1, batch 216/520 ***
Training fitness: 0.8619581704179158
Model size: (8, 15)
Validation fitness: 0.7964011608635607 
Elapsed: 4.243619441986084

*** Epoch 1, batch 217/520 ***
Training fitness: 0.7967633587786259
Model size: (12, 24)
Validation fitness: 0.8302134365867447 
Elapsed: 4.270258665084839

*** Epoch 1, batch 218/520 ***
Training fitness: 0.8981876536309885
Model size: (11, 21)
Validation fitness: 0.8142305573554908 
Elapsed: 4.632709980010986

*** Epoch 1, batch 219/520 ***
Training fitness: 0.868423468738691
Model size: (6, 10)
Validation fitness: 0.8249991608634222 
Elapsed: 4.64945125579834

*** Epoch 1, batch 220/520 ***
Training fitness: 0.8639603021487492
Model size: (6, 10)
Validation fitness: 0.8266715556495721 
Elapsed: 4.749111175537109

*** Epoch 1, batch 221/520 ***
Training fitness: 0.8356621379451455
Model size: (12, 22)
Validation fitness: 0.8200647298045021 
Elapsed: 4.94631552696228

*** Epoch 1, batch 222/520 ***
Training fitness: 0.8509018513231452
Model size: (4, 11)
Validation fitness: 0.7831174657411276 
Elapsed: 4.422738790512085

*** Epoch 1, batch 223/520 ***
Training fitness: 0.864152857520835
Model size: (13, 24)
Validation fitness: 0.8188676870876269 
Elapsed: 3.984804153442383

*** Epoch 1, batch 224/520 ***
Training fitness: 0.8311403440090204
Model size: (12, 22)
Validation fitness: 0.82223331739761 
Elapsed: 4.117402791976929

*** Epoch 1, batch 225/520 ***
Training fitness: 0.8362167635786497
Model size: (11, 20)
Validation fitness: 0.8132135191920804 
Elapsed: 4.071603536605835

*** Epoch 1, batch 226/520 ***
Training fitness: 0.8591792857549809
Model size: (5, 10)
Validation fitness: 0.8211259400143516 
Elapsed: 4.262294054031372

*** Epoch 1, batch 227/520 ***
Training fitness: 0.8202058642677917
Model size: (12, 24)
Validation fitness: 0.806471772578225 
Elapsed: 3.915076494216919

*** Epoch 1, batch 228/520 ***
Training fitness: 0.8909806263319022
Model size: (12, 23)
Validation fitness: 0.8239000288337607 
Elapsed: 3.9034323692321777

*** Epoch 1, batch 229/520 ***
Training fitness: 0.8265002518776977
Model size: (12, 23)
Validation fitness: 0.8239000288337607 
Elapsed: 4.125793695449829

*** Epoch 1, batch 230/520 ***
Training fitness: 0.8432457885259228
Model size: (12, 24)
Validation fitness: 0.8265641830598429 
Elapsed: 4.248408794403076

*** Epoch 1, batch 231/520 ***
Training fitness: 0.8221110920775001
Model size: (12, 23)
Validation fitness: 0.8261642468003896 
Elapsed: 4.273966550827026

*** Epoch 1, batch 232/520 ***
Training fitness: 0.834754125427301
Model size: (3, 6)
Validation fitness: 0.7942913297187953 
Elapsed: 4.500458478927612

*** Epoch 1, batch 233/520 ***
Training fitness: 0.8492669517888335
Model size: (10, 10)
Validation fitness: 0.7957024517647947 
Elapsed: 4.417033672332764

*** Epoch 1, batch 234/520 ***
Training fitness: 0.8323539752352171
Model size: (3, 7)
Validation fitness: 0.7982757886763194 
Elapsed: 4.274741888046265

*** Epoch 1, batch 235/520 ***
Training fitness: 0.8076754711690556
Model size: (6, 12)
Validation fitness: 0.8213758752870699 
Elapsed: 4.310680150985718

*** Epoch 1, batch 236/520 ***
Training fitness: 0.8754560855144211
Model size: (11, 19)
Validation fitness: 0.7967162449210907 
Elapsed: 4.048260688781738

*** Epoch 1, batch 237/520 ***
Training fitness: 0.8385455885091971
Model size: (6, 14)
Validation fitness: 0.7822112226772486 
Elapsed: 4.365110397338867

*** Epoch 1, batch 238/520 ***
Training fitness: 0.7981717092484807
Model size: (10, 18)
Validation fitness: 0.7963195881809936 
Elapsed: 4.121584892272949

*** Epoch 1, batch 239/520 ***
Training fitness: 0.8019234458264644
Model size: (6, 13)
Validation fitness: 0.7955588107258726 
Elapsed: 4.646589756011963

*** Epoch 1, batch 240/520 ***
Training fitness: 0.8158566046892695
Model size: (4, 9)
Validation fitness: 0.7941031394104372 
Elapsed: 4.1554975509643555

*** Epoch 1, batch 241/520 ***
Training fitness: 0.8034828851182377
Model size: (9, 18)
Validation fitness: 0.7937715498287902 
Elapsed: 4.566082715988159

*** Epoch 1, batch 242/520 ***
Training fitness: 0.8046010937788942
Model size: (7, 15)
Validation fitness: 0.7934014924468955 
Elapsed: 4.499326944351196

*** Epoch 1, batch 243/520 ***
Training fitness: 0.8415514344784718
Model size: (6, 15)
Validation fitness: 0.7742853635406551 
Elapsed: 4.469650983810425

*** Epoch 1, batch 244/520 ***
Training fitness: 0.8386001648316486
Model size: (8, 17)
Validation fitness: 0.7779395241921785 
Elapsed: 4.52877140045166

*** Epoch 1, batch 245/520 ***
Training fitness: 0.8261646951186319
Model size: (6, 13)
Validation fitness: 0.7955588107258726 
Elapsed: 4.54264235496521

*** Epoch 1, batch 246/520 ***
Training fitness: 0.7968682110706168
Model size: (8, 12)
Validation fitness: 0.8071852243483649 
Elapsed: 3.83642315864563

*** Epoch 1, batch 247/520 ***
Training fitness: 0.8723513573045559
Model size: (8, 12)
Validation fitness: 0.8071852243483649 
Elapsed: 3.880077362060547

*** Epoch 1, batch 248/520 ***
Training fitness: 0.8040722296176451
Model size: (8, 11)
Validation fitness: 0.8093708867950233 
Elapsed: 4.031479835510254

*** Epoch 1, batch 249/520 ***
Training fitness: 0.8124192729121644
Model size: (4, 7)
Validation fitness: 0.7965341755941423 
Elapsed: 4.131521224975586

*** Epoch 1, batch 250/520 ***
Training fitness: 0.8057692713904955
Model size: (8, 14)
Validation fitness: 0.7762012877750503 
Elapsed: 4.32554292678833

*** Epoch 1, batch 251/520 ***
Training fitness: 0.8168458937617644
Model size: (8, 12)
Validation fitness: 0.8136794572854505 
Elapsed: 4.113703966140747

*** Epoch 1, batch 252/520 ***
Training fitness: 0.7995910904641732
Model size: (8, 17)
Validation fitness: 0.7919478660275286 
Elapsed: 4.249316930770874

*** Epoch 1, batch 253/520 ***
Training fitness: 0.8289635426310373
Model size: (8, 12)
Validation fitness: 0.8136794572854505 
Elapsed: 4.082011699676514

*** Epoch 1, batch 254/520 ***
Training fitness: 0.8202588219228013
Model size: (10, 15)
Validation fitness: 0.7938102729215851 
Elapsed: 3.936253309249878

*** Epoch 1, batch 255/520 ***
Training fitness: 0.8255116393854735
Model size: (9, 13)
Validation fitness: 0.8122818985579943 
Elapsed: 3.9026126861572266

*** Epoch 1, batch 256/520 ***
Training fitness: 0.8005816164621202
Model size: (10, 20)
Validation fitness: 0.8160578765045807 
Elapsed: 4.697495937347412

*** Epoch 1, batch 257/520 ***
Training fitness: 0.8490574826125626
Model size: (9, 13)
Validation fitness: 0.8047267162795485 
Elapsed: 4.547948360443115

*** Epoch 1, batch 258/520 ***
Training fitness: 0.8161468105476496
Model size: (10, 20)
Validation fitness: 0.8160578765045807 
Elapsed: 4.8340163230896

*** Epoch 1, batch 259/520 ***
Training fitness: 0.8509716695078251
Model size: (9, 13)
Validation fitness: 0.8047267162795485 
Elapsed: 3.9424538612365723

*** Epoch 1, batch 260/520 ***
Training fitness: 0.8444644133688259
Model size: (9, 13)
Validation fitness: 0.8047267162795485 
Elapsed: 3.9742655754089355

*** Epoch 1, batch 261/520 ***
Training fitness: 0.8302646853479521
Model size: (7, 10)
Validation fitness: 0.8128159486245314 
Elapsed: 3.998492956161499

*** Epoch 1, batch 262/520 ***
Training fitness: 0.8266808818521254
Model size: (10, 20)
Validation fitness: 0.8160578765045807 
Elapsed: 4.634329557418823

*** Epoch 1, batch 263/520 ***
Training fitness: 0.7664026333414984
Model size: (10, 20)
Validation fitness: 0.8160578765045807 
Elapsed: 4.405820369720459

*** Epoch 1, batch 264/520 ***
Training fitness: 0.8525707489182149
Model size: (6, 12)
Validation fitness: 0.7809917884072761 
Elapsed: 4.180186033248901

*** Epoch 1, batch 265/520 ***
Training fitness: 0.8273574788799845
Model size: (13, 20)
Validation fitness: 0.8083873964655569 
Elapsed: 4.03706955909729

*** Epoch 1, batch 266/520 ***
Training fitness: 0.8563474042785733
Model size: (13, 23)
Validation fitness: 0.7816998967550669 
Elapsed: 4.180341720581055

*** Epoch 1, batch 267/520 ***
Training fitness: 0.8438112500418391
Model size: (11, 20)
Validation fitness: 0.7845824883299785 
Elapsed: 4.217027187347412

*** Epoch 1, batch 268/520 ***
Training fitness: 0.8525707489182149
Model size: (9, 15)
Validation fitness: 0.8042668998019806 
Elapsed: 3.895411729812622

*** Epoch 1, batch 269/520 ***
Training fitness: 0.8778361806651461
Model size: (8, 14)
Validation fitness: 0.8066417703517434 
Elapsed: 3.8774850368499756

*** Epoch 1, batch 270/520 ***
Training fitness: 0.8356621379451455
Model size: (6, 13)
Validation fitness: 0.786514018065219 
Elapsed: 4.285258054733276

*** Epoch 1, batch 271/520 ***
Training fitness: 0.8227020330966189
Model size: (14, 21)
Validation fitness: 0.7895056346691012 
Elapsed: 4.215602874755859

*** Epoch 1, batch 272/520 ***
Training fitness: 0.8335247128764908
Model size: (11, 22)
Validation fitness: 0.8097978433398364 
Elapsed: 4.314507007598877

*** Epoch 1, batch 273/520 ***
Training fitness: 0.8284774078346733
Model size: (8, 13)
Validation fitness: 0.7976111568493259 
Elapsed: 4.291018724441528

*** Epoch 1, batch 274/520 ***
Training fitness: 0.8399148386748307
Model size: (12, 20)
Validation fitness: 0.7888403346403227 
Elapsed: 4.148489475250244

*** Epoch 1, batch 275/520 ***
Training fitness: 0.8664783421269722
Model size: (13, 12)
Validation fitness: 0.7864040645337574 
Elapsed: 3.9540820121765137

*** Epoch 1, batch 276/520 ***
Training fitness: 0.8501523528725283
Model size: (8, 12)
Validation fitness: 0.7874717478395719 
Elapsed: 4.432185411453247

*** Epoch 1, batch 277/520 ***
Training fitness: 0.8745342312928187
Model size: (12, 24)
Validation fitness: 0.8158406078527902 
Elapsed: 4.123540163040161

*** Epoch 1, batch 278/520 ***
Training fitness: 0.8204941167721698
Model size: (12, 24)
Validation fitness: 0.8158406078527902 
Elapsed: 4.411265134811401

*** Epoch 1, batch 279/520 ***
Training fitness: 0.8193409575046573
Model size: (8, 12)
Validation fitness: 0.7874717478395719 
Elapsed: 4.675044536590576

*** Epoch 1, batch 280/520 ***
Training fitness: 0.8077527434616101
Model size: (15, 14)
Validation fitness: 0.790360073732747 
Elapsed: 4.301302194595337

*** Epoch 1, batch 281/520 ***
Training fitness: 0.8861582923517999
Model size: (8, 12)
Validation fitness: 0.83080573368291 
Elapsed: 4.456497430801392

*** Epoch 1, batch 282/520 ***
Training fitness: 0.8146158970409996
Model size: (8, 12)
Validation fitness: 0.83080573368291 
Elapsed: 4.421573162078857

*** Epoch 1, batch 283/520 ***
Training fitness: 0.8120402509282552
Model size: (8, 12)
Validation fitness: 0.83080573368291 
Elapsed: 4.616807222366333

*** Epoch 1, batch 284/520 ***
Training fitness: 0.7975809296918192
Model size: (8, 12)
Validation fitness: 0.83080573368291 
Elapsed: 4.503901481628418

*** Epoch 1, batch 285/520 ***
Training fitness: 0.8283525867114828
Model size: (15, 13)
Validation fitness: 0.7667713512627796 
Elapsed: 4.155972719192505

*** Epoch 1, batch 286/520 ***
Training fitness: 0.8454582560134999
Model size: (10, 17)
Validation fitness: 0.8128886944315431 
Elapsed: 5.1532087326049805

*** Epoch 1, batch 287/520 ***
Training fitness: 0.8415872055298078
Model size: (8, 12)
Validation fitness: 0.83080573368291 
Elapsed: 4.596191644668579

*** Epoch 1, batch 288/520 ***
Training fitness: 0.8832368156686842
Model size: (8, 12)
Validation fitness: 0.83080573368291 
Elapsed: 4.4022650718688965

*** Epoch 1, batch 289/520 ***
Training fitness: 0.8696581663734244
Model size: (8, 12)
Validation fitness: 0.83080573368291 
Elapsed: 4.361822843551636

*** Epoch 1, batch 290/520 ***
Training fitness: 0.8470313895900303
Model size: (4, 8)
Validation fitness: 0.7953368337233394 
Elapsed: 4.2715208530426025

*** Epoch 1, batch 291/520 ***
Training fitness: 0.868423468738691
Model size: (8, 12)
Validation fitness: 0.83080573368291 
Elapsed: 4.549429893493652

*** Epoch 1, batch 292/520 ***
Training fitness: 0.8313237358092475
Model size: (8, 12)
Validation fitness: 0.83080573368291 
Elapsed: 4.721980571746826

*** Epoch 1, batch 293/520 ***
Training fitness: 0.7986145737795265
Model size: (8, 12)
Validation fitness: 0.83080573368291 
Elapsed: 4.942458391189575

*** Epoch 1, batch 294/520 ***
Training fitness: 0.8608060089709284
Model size: (8, 12)
Validation fitness: 0.83080573368291 
Elapsed: 4.229970693588257

*** Epoch 1, batch 295/520 ***
Training fitness: 0.8036349067410213
Model size: (14, 22)
Validation fitness: 0.7816575098640055 
Elapsed: 4.552041292190552

*** Epoch 1, batch 296/520 ***
Training fitness: 0.8046010937788942
Model size: (6, 11)
Validation fitness: 0.776767935780736 
Elapsed: 3.991267442703247

*** Epoch 1, batch 297/520 ***
Training fitness: 0.8501551031264157
Model size: (11, 13)
Validation fitness: 0.7916385153952264 
Elapsed: 4.404299020767212

*** Epoch 1, batch 298/520 ***
Training fitness: 0.8008730526921483
Model size: (8, 14)
Validation fitness: 0.7797513241338726 
Elapsed: 4.373875379562378

*** Epoch 1, batch 299/520 ***
Training fitness: 0.7875615306482168
Model size: (6, 13)
Validation fitness: 0.7647483689993695 
Elapsed: 4.424888372421265

*** Epoch 1, batch 300/520 ***
Training fitness: 0.8019234458264644
Model size: (9, 10)
Validation fitness: 0.795925072577211 
Elapsed: 4.275099039077759

*** Epoch 1, batch 301/520 ***
Training fitness: 0.7996210037288343
Model size: (12, 22)
Validation fitness: 0.7731887599430063 
Elapsed: 4.7141265869140625

*** Epoch 1, batch 302/520 ***
Training fitness: 0.7696969696969697
Model size: (14, 18)
Validation fitness: 0.7820635727481381 
Elapsed: 4.5802788734436035

*** Epoch 1, batch 303/520 ***
Training fitness: 0.8328134820747318
Model size: (7, 7)
Validation fitness: 0.7854068869526212 
Elapsed: 4.3513734340667725

*** Epoch 1, batch 304/520 ***
Training fitness: 0.801838981729374
Model size: (12, 22)
Validation fitness: 0.7901380239850875 
Elapsed: 4.990240573883057

*** Epoch 1, batch 305/520 ***
Training fitness: 0.8415830964688562
Model size: (10, 20)
Validation fitness: 0.7652024226648674 
Elapsed: 4.157437801361084

*** Epoch 1, batch 306/520 ***
Training fitness: 0.8142956553935237
Model size: (12, 23)
Validation fitness: 0.798130195498659 
Elapsed: 3.8773159980773926

*** Epoch 1, batch 307/520 ***
Training fitness: 0.7841200666172502
Model size: (12, 23)
Validation fitness: 0.798130195498659 
Elapsed: 2.5602431297302246

*** Epoch 1, batch 308/520 ***
Training fitness: 0.8678980409466717
Model size: (12, 23)
Validation fitness: 0.798130195498659 
Elapsed: 2.4663150310516357

*** Epoch 1, batch 309/520 ***
Training fitness: 0.8870984735528795
Model size: (11, 18)
Validation fitness: 0.789277728882427 
Elapsed: 2.583592653274536

*** Epoch 1, batch 310/520 ***
Training fitness: 0.7984036858976908
Model size: (12, 23)
Validation fitness: 0.798130195498659 
Elapsed: 2.554161310195923

*** Epoch 1, batch 311/520 ***
Training fitness: 0.8448380735439606
Model size: (16, 25)
Validation fitness: 0.7862070183326693 
Elapsed: 2.5514514446258545

*** Epoch 1, batch 312/520 ***
Training fitness: 0.8533569960306108
Model size: (11, 18)
Validation fitness: 0.789277728882427 
Elapsed: 2.5881526470184326

*** Epoch 1, batch 313/520 ***
Training fitness: 0.8044199283812086
Model size: (12, 23)
Validation fitness: 0.798130195498659 
Elapsed: 2.6694326400756836

*** Epoch 1, batch 314/520 ***
Training fitness: 0.8009487209950185
Model size: (11, 18)
Validation fitness: 0.789277728882427 
Elapsed: 2.6274304389953613

*** Epoch 1, batch 315/520 ***
Training fitness: 0.7857724108002301
Model size: (12, 23)
Validation fitness: 0.798130195498659 
Elapsed: 2.494133472442627

*** Epoch 1, batch 316/520 ***
Training fitness: 0.8262310384677641
Model size: (16, 25)
Validation fitness: 0.7920939143449907 
Elapsed: 2.477240562438965

*** Epoch 1, batch 317/520 ***
Training fitness: 0.8258430855718571
Model size: (12, 23)
Validation fitness: 0.798130195498659 
Elapsed: 2.467090606689453

*** Epoch 1, batch 318/520 ***
Training fitness: 0.772115425925586
Model size: (12, 23)
Validation fitness: 0.798130195498659 
Elapsed: 2.4648845195770264

*** Epoch 1, batch 319/520 ***
Training fitness: 0.8442002442002442
Model size: (11, 17)
Validation fitness: 0.7978795211685306 
Elapsed: 2.4004459381103516

*** Epoch 1, batch 320/520 ***
Training fitness: 0.8042663076981762
Model size: (22, 30)
Validation fitness: 0.778831782933175 
Elapsed: 2.345503568649292

*** Epoch 1, batch 321/520 ***
Training fitness: 0.8364367286270158
Model size: (23, 30)
Validation fitness: 0.7744660621685198 
Elapsed: 2.153733015060425

*** Epoch 1, batch 322/520 ***
Training fitness: 0.8005011353573196
Model size: (8, 12)
Validation fitness: 0.7843262731804198 
Elapsed: 2.1029205322265625

*** Epoch 1, batch 323/520 ***
Training fitness: 0.8058961439151825
Model size: (11, 18)
Validation fitness: 0.789277728882427 
Elapsed: 2.454890727996826

*** Epoch 1, batch 324/520 ***
Training fitness: 0.8475942959394628
Model size: (8, 12)
Validation fitness: 0.7823169067259798 
Elapsed: 2.0430634021759033

*** Epoch 1, batch 325/520 ***
Training fitness: 0.8690339738087578
Model size: (7, 13)
Validation fitness: 0.7776007790377817 
Elapsed: 2.160305976867676

*** Epoch 1, batch 326/520 ***
Training fitness: 0.9140903962507504
Model size: (11, 17)
Validation fitness: 0.8010833078637999 
Elapsed: 2.3713507652282715

*** Epoch 1, batch 327/520 ***
Training fitness: 0.8437100048623941
Model size: (11, 17)
Validation fitness: 0.8010833078637999 
Elapsed: 2.3405165672302246

*** Epoch 1, batch 328/520 ***
Training fitness: 0.7842720084229665
Model size: (6, 9)
Validation fitness: 0.7869807992743854 
Elapsed: 2.154214859008789

*** Epoch 1, batch 329/520 ***
Training fitness: 0.804433899163328
Model size: (6, 9)
Validation fitness: 0.7848369352155917 
Elapsed: 2.111982583999634

*** Epoch 1, batch 330/520 ***
Training fitness: 0.8328046465275425
Model size: (6, 9)
Validation fitness: 0.7848369352155917 
Elapsed: 2.0969433784484863

*** Epoch 1, batch 331/520 ***
Training fitness: 0.7836835144656024
Model size: (6, 9)
Validation fitness: 0.7960904279361632 
Elapsed: 2.1312549114227295

*** Epoch 1, batch 332/520 ***
Training fitness: 0.7990880014067355
Model size: (6, 9)
Validation fitness: 0.7960904279361632 
Elapsed: 2.337352752685547

*** Epoch 1, batch 333/520 ***
Training fitness: 0.7802526785180651
Model size: (12, 19)
Validation fitness: 0.769709131001447 
Elapsed: 2.1529018878936768

*** Epoch 1, batch 334/520 ***
Training fitness: 0.7862344541166544
Model size: (11, 17)
Validation fitness: 0.7838496771795403 
Elapsed: 2.1545841693878174

*** Epoch 1, batch 335/520 ***
Training fitness: 0.7891848668178247
Model size: (23, 25)
Validation fitness: 0.776009023452631 
Elapsed: 2.0128672122955322

*** Epoch 1, batch 336/520 ***
Training fitness: 0.8206549035585815
Model size: (22, 25)
Validation fitness: 0.7780056065237296 
Elapsed: 2.0957179069519043

*** Epoch 1, batch 337/520 ***
Training fitness: 0.8347312064628648
Model size: (6, 9)
Validation fitness: 0.7960904279361632 
Elapsed: 2.0439603328704834

*** Epoch 1, batch 338/520 ***
Training fitness: 0.7912359358942829
Model size: (17, 28)
Validation fitness: 0.7620450443040341 
Elapsed: 2.3249943256378174

*** Epoch 1, batch 339/520 ***
Training fitness: 0.7812205199346975
Model size: (6, 12)
Validation fitness: 0.7833267508924688 
Elapsed: 2.242161989212036

*** Epoch 1, batch 340/520 ***
Training fitness: 0.840890720677901
Model size: (17, 29)
Validation fitness: 0.7661921354309759 
Elapsed: 2.427152156829834

*** Epoch 1, batch 341/520 ***
Training fitness: 0.8180596058258128
Model size: (7, 10)
Validation fitness: 0.7786537170878255 
Elapsed: 2.259460926055908

*** Epoch 1, batch 342/520 ***
Training fitness: 0.7880013440233502
Model size: (9, 13)
Validation fitness: 0.7862101889335964 
Elapsed: 2.0767452716827393

*** Epoch 1, batch 343/520 ***
Training fitness: 0.7647814567517718
Model size: (16, 27)
Validation fitness: 0.7809280485979732 
Elapsed: 2.0771803855895996

*** Epoch 1, batch 344/520 ***
Training fitness: 0.8324501609358272
Model size: (6, 11)
Validation fitness: 0.7794072516627664 
Elapsed: 2.162269353866577

*** Epoch 1, batch 345/520 ***
Training fitness: 0.7805122528032474
Model size: (7, 8)
Validation fitness: 0.7677434955313693 
Elapsed: 2.156191825866699

*** Epoch 1, batch 346/520 ***
Training fitness: 0.8299918230863352
Model size: (16, 27)
Validation fitness: 0.7857253848459769 
Elapsed: 1.982774257659912

*** Epoch 1, batch 347/520 ***
Training fitness: 0.7794878687795103
Model size: (11, 15)
Validation fitness: 0.796233871564129 
Elapsed: 2.1928701400756836

*** Epoch 1, batch 348/520 ***
Training fitness: 0.7233949330639399
Model size: (12, 17)
Validation fitness: 0.789463159077772 
Elapsed: 2.2759032249450684

*** Epoch 1, batch 349/520 ***
Training fitness: 0.7618914980191777
Model size: (11, 15)
Validation fitness: 0.796233871564129 
Elapsed: 2.2201051712036133

*** Epoch 1, batch 350/520 ***
Training fitness: 0.8650817548485902
Model size: (16, 26)
Validation fitness: 0.7803906066709336 
Elapsed: 2.04374098777771

*** Epoch 1, batch 351/520 ***
Training fitness: 0.8174773632864015
Model size: (5, 7)
Validation fitness: 0.7952946988208435 
Elapsed: 2.1047658920288086

*** Epoch 1, batch 352/520 ***
Training fitness: 0.7940864237648465
Model size: (11, 13)
Validation fitness: 0.7893502964510645 
Elapsed: 2.1864306926727295

*** Epoch 1, batch 353/520 ***
Training fitness: 0.7849582797906637
Model size: (5, 7)
Validation fitness: 0.7753484735054913 
Elapsed: 2.006441593170166

*** Epoch 1, batch 354/520 ***
Training fitness: 0.808511653772362
Model size: (16, 26)
Validation fitness: 0.8029908866614256 
Elapsed: 2.012838363647461

*** Epoch 1, batch 355/520 ***
Training fitness: 0.8298708440046113
Model size: (6, 11)
Validation fitness: 0.8042631596936326 
Elapsed: 1.9863193035125732

*** Epoch 1, batch 356/520 ***
Training fitness: 0.8697741243303899
Model size: (12, 19)
Validation fitness: 0.783788389272514 
Elapsed: 2.062209129333496

*** Epoch 1, batch 357/520 ***
Training fitness: 0.8598949150761092
Model size: (11, 17)
Validation fitness: 0.796421751293016 
Elapsed: 2.166889190673828

*** Epoch 1, batch 358/520 ***
Training fitness: 0.8382070167534404
Model size: (6, 11)
Validation fitness: 0.8190216578517814 
Elapsed: 2.051693916320801

*** Epoch 1, batch 359/520 ***
Training fitness: 0.8007241420237298
Model size: (7, 13)
Validation fitness: 0.8169682021780434 
Elapsed: 2.062821388244629

*** Epoch 1, batch 360/520 ***
Training fitness: 0.8432506044572032
Model size: (6, 11)
Validation fitness: 0.8190216578517814 
Elapsed: 2.1621289253234863

*** Epoch 1, batch 361/520 ***
Training fitness: 0.8426577991200757
Model size: (5, 7)
Validation fitness: 0.7952946988208435 
Elapsed: 2.1453635692596436

*** Epoch 1, batch 362/520 ***
Training fitness: 0.8048022991302619
Model size: (20, 29)
Validation fitness: 0.7745594868210692 
Elapsed: 2.324345111846924

*** Epoch 1, batch 363/520 ***
Training fitness: 0.8701176970145521
Model size: (9, 13)
Validation fitness: 0.7940858271821585 
Elapsed: 2.1568124294281006

*** Epoch 1, batch 364/520 ***
Training fitness: 0.8897729984329282
Model size: (7, 13)
Validation fitness: 0.8169682021780434 
Elapsed: 2.166311264038086

*** Epoch 1, batch 365/520 ***
Training fitness: 0.867702495521014
Model size: (7, 13)
Validation fitness: 0.8169682021780434 
Elapsed: 2.0839967727661133

*** Epoch 1, batch 366/520 ***
Training fitness: 0.8012315414767783
Model size: (9, 15)
Validation fitness: 0.782943376140778 
Elapsed: 2.2265243530273438

*** Epoch 1, batch 367/520 ***
Training fitness: 0.8587283982328265
Model size: (7, 13)
Validation fitness: 0.8169682021780434 
Elapsed: 2.089723825454712

*** Epoch 1, batch 368/520 ***
Training fitness: 0.8211283206434035
Model size: (12, 20)
Validation fitness: 0.7687856881234874 
Elapsed: 2.079796552658081

*** Epoch 1, batch 369/520 ***
Training fitness: 0.8246211251235321
Model size: (7, 14)
Validation fitness: 0.7755826848430353 
Elapsed: 2.286348581314087

*** Epoch 1, batch 370/520 ***
Training fitness: 0.8134508324216135
Model size: (7, 13)
Validation fitness: 0.8169682021780434 
Elapsed: 2.0444211959838867

*** Epoch 1, batch 371/520 ***
Training fitness: 0.8620096710903561
Model size: (7, 13)
Validation fitness: 0.8169682021780434 
Elapsed: 2.10201358795166

*** Epoch 1, batch 372/520 ***
Training fitness: 0.7961151402642317
Model size: (8, 15)
Validation fitness: 0.7916505826000712 
Elapsed: 2.0123496055603027

*** Epoch 1, batch 373/520 ***
Training fitness: 0.8007204734599862
Model size: (14, 23)
Validation fitness: 0.7940253164177931 
Elapsed: 2.5428426265716553

*** Epoch 1, batch 374/520 ***
Training fitness: 0.838925387980811
Model size: (11, 16)
Validation fitness: 0.8210327617919108 
Elapsed: 2.147960662841797

*** Epoch 1, batch 375/520 ***
Training fitness: 0.8601714161597503
Model size: (7, 13)
Validation fitness: 0.8169682021780434 
Elapsed: 2.0428709983825684

*** Epoch 1, batch 376/520 ***
Training fitness: 0.8200188363641536
Model size: (8, 15)
Validation fitness: 0.8198376247596111 
Elapsed: 2.076378107070923

*** Epoch 1, batch 377/520 ***
Training fitness: 0.7933049451406583
Model size: (14, 23)
Validation fitness: 0.7956503137133065 
Elapsed: 2.343231201171875

*** Epoch 1, batch 378/520 ***
Training fitness: 0.8177502960574423
Model size: (5, 7)
Validation fitness: 0.78749857208689 
Elapsed: 2.082408905029297

*** Epoch 1, batch 379/520 ***
Training fitness: 0.8083851702711113
Model size: (10, 17)
Validation fitness: 0.7854207687693413 
Elapsed: 2.2367353439331055

*** Epoch 1, batch 380/520 ***
Training fitness: 0.8635954953632595
Model size: (8, 14)
Validation fitness: 0.7888535237071093 
Elapsed: 2.0397746562957764

*** Epoch 1, batch 381/520 ***
Training fitness: 0.7645496240082963
Model size: (8, 15)
Validation fitness: 0.8198376247596111 
Elapsed: 1.9400689601898193

*** Epoch 1, batch 382/520 ***
Training fitness: 0.851814550468418
Model size: (9, 17)
Validation fitness: 0.8065250928287943 
Elapsed: 1.9821710586547852

*** Epoch 1, batch 383/520 ***
Training fitness: 0.8193707984478042
Model size: (8, 15)
Validation fitness: 0.8198376247596111 
Elapsed: 1.887084722518921

*** Epoch 1, batch 384/520 ***
Training fitness: 0.7954570785318631
Model size: (8, 15)
Validation fitness: 0.8198376247596111 
Elapsed: 1.9898006916046143

*** Epoch 1, batch 385/520 ***
Training fitness: 0.8917136187528074
Model size: (13, 22)
Validation fitness: 0.7876299775751103 
Elapsed: 2.0934720039367676

*** Epoch 1, batch 386/520 ***
Training fitness: 0.7872050742085884
Model size: (14, 24)
Validation fitness: 0.7844620427964256 
Elapsed: 1.9354958534240723

*** Epoch 1, batch 387/520 ***
Training fitness: 0.8442187420870106
Model size: (12, 23)
Validation fitness: 0.7885677553861375 
Elapsed: 1.9377527236938477

*** Epoch 1, batch 388/520 ***
Training fitness: 0.7611534183919973
Model size: (9, 11)
Validation fitness: 0.7672856362727303 
Elapsed: 2.0654335021972656

*** Epoch 1, batch 389/520 ***
Training fitness: 0.7361312719706271
Model size: (8, 10)
Validation fitness: 0.7824379720421463 
Elapsed: 2.042275905609131

*** Epoch 1, batch 390/520 ***
Training fitness: 0.843464979891126
Model size: (6, 13)
Validation fitness: 0.7882821421889221 
Elapsed: 2.162153482437134

*** Epoch 1, batch 391/520 ***
Training fitness: 0.7927550361051092
Model size: (11, 22)
Validation fitness: 0.7909456878557428 
Elapsed: 1.9650344848632812

*** Epoch 1, batch 392/520 ***
Training fitness: 0.8384232740673951
Model size: (5, 7)
Validation fitness: 0.786618297312556 
Elapsed: 2.110095262527466

*** Epoch 1, batch 393/520 ***
Training fitness: 0.8594799233872416
Model size: (11, 23)
Validation fitness: 0.7750404710201563 
Elapsed: 1.9953522682189941

*** Epoch 1, batch 394/520 ***
Training fitness: 0.8347524835666269
Model size: (12, 24)
Validation fitness: 0.770146428552137 
Elapsed: 2.063314199447632

*** Epoch 1, batch 395/520 ***
Training fitness: 0.828068773691073
Model size: (11, 25)
Validation fitness: 0.8273124921595053 
Elapsed: 1.9550588130950928

*** Epoch 1, batch 396/520 ***
Training fitness: 0.8604740756831998
Model size: (11, 23)
Validation fitness: 0.8136966621301999 
Elapsed: 1.9415931701660156

*** Epoch 1, batch 397/520 ***
Training fitness: 0.770625444666297
Model size: (7, 16)
Validation fitness: 0.7743804617880865 
Elapsed: 2.0693740844726562

*** Epoch 1, batch 398/520 ***
Training fitness: 0.8142604992976411
Model size: (11, 24)
Validation fitness: 0.833031238844896 
Elapsed: 1.9530060291290283

*** Epoch 1, batch 399/520 ***
Training fitness: 0.8120149876281961
Model size: (12, 26)
Validation fitness: 0.8092109749083134 
Elapsed: 2.061922073364258

*** Epoch 1, batch 400/520 ***
Training fitness: 0.8296543236954802
Model size: (13, 26)
Validation fitness: 0.8103649292120864 
Elapsed: 1.9965498447418213

*** Epoch 1, batch 401/520 ***
Training fitness: 0.8419913149080327
Model size: (12, 24)
Validation fitness: 0.8222528045099087 
Elapsed: 1.956155776977539

*** Epoch 1, batch 402/520 ***
Training fitness: 0.8273836475322295
Model size: (12, 24)
Validation fitness: 0.8261115975557404 
Elapsed: 1.981903076171875

*** Epoch 1, batch 403/520 ***
Training fitness: 0.8370123893467315
Model size: (12, 24)
Validation fitness: 0.8222528045099087 
Elapsed: 1.9224107265472412

*** Epoch 1, batch 404/520 ***
Training fitness: 0.8997356388791283
Model size: (12, 23)
Validation fitness: 0.8261826013015924 
Elapsed: 1.9422171115875244

*** Epoch 1, batch 405/520 ***
Training fitness: 0.8520870050846231
Model size: (13, 25)
Validation fitness: 0.834879684300135 
Elapsed: 1.952843189239502

*** Epoch 1, batch 406/520 ***
Training fitness: 0.8603630678575075
Model size: (13, 23)
Validation fitness: 0.8148623407470635 
Elapsed: 2.074798345565796

*** Epoch 1, batch 407/520 ***
Training fitness: 0.8648642412919287
Model size: (11, 12)
Validation fitness: 0.8043930438734627 
Elapsed: 1.9989330768585205

*** Epoch 1, batch 408/520 ***
Training fitness: 0.84375
Model size: (12, 19)
Validation fitness: 0.8279302583581077 
Elapsed: 1.991987943649292

*** Epoch 1, batch 409/520 ***
Training fitness: 0.8365956535203359
Model size: (12, 19)
Validation fitness: 0.8279302583581077 
Elapsed: 1.9683656692504883

*** Epoch 1, batch 410/520 ***
Training fitness: 0.8147577764392958
Model size: (12, 14)
Validation fitness: 0.8007752853936245 
Elapsed: 2.0669312477111816

*** Epoch 1, batch 411/520 ***
Training fitness: 0.8988168195810572
Model size: (12, 19)
Validation fitness: 0.8279302583581077 
Elapsed: 2.0409374237060547

*** Epoch 1, batch 412/520 ***
Training fitness: 0.80934590283939
Model size: (12, 14)
Validation fitness: 0.7874987359905394 
Elapsed: 2.1430158615112305

*** Epoch 1, batch 413/520 ***
Training fitness: 0.8364366769671268
Model size: (11, 14)
Validation fitness: 0.8182131415008246 
Elapsed: 1.9877662658691406

*** Epoch 1, batch 414/520 ***
Training fitness: 0.8654745821550711
Model size: (11, 15)
Validation fitness: 0.8320001487172074 
Elapsed: 2.04069185256958

*** Epoch 1, batch 415/520 ***
Training fitness: 0.8514342487357843
Model size: (11, 15)
Validation fitness: 0.8320001487172074 
Elapsed: 2.0710058212280273

*** Epoch 1, batch 416/520 ***
Training fitness: 0.8828251418141222
Model size: (12, 18)
Validation fitness: 0.836621022189518 
Elapsed: 2.240007162094116

*** Epoch 1, batch 417/520 ***
Training fitness: 0.862886151077445
Model size: (16, 20)
Validation fitness: 0.8324958315321846 
Elapsed: 2.2804815769195557

*** Epoch 1, batch 418/520 ***
Training fitness: 0.8061952271039633
Model size: (16, 27)
Validation fitness: 0.827110603809821 
Elapsed: 2.7067043781280518

*** Epoch 1, batch 419/520 ***
Training fitness: 0.8997840097249555
Model size: (13, 18)
Validation fitness: 0.8248777500284358 
Elapsed: 2.2424685955047607

*** Epoch 1, batch 420/520 ***
Training fitness: 0.8270546121270869
Model size: (12, 15)
Validation fitness: 0.8339453641486627 
Elapsed: 2.274411916732788

*** Epoch 1, batch 421/520 ***
Training fitness: 0.8611590525561842
Model size: (17, 22)
Validation fitness: 0.8138545807900975 
Elapsed: 2.32895565032959

*** Epoch 1, batch 422/520 ***
Training fitness: 0.8321406781149879
Model size: (18, 23)
Validation fitness: 0.8064683295439963 
Elapsed: 2.2253706455230713

*** Epoch 1, batch 423/520 ***
Training fitness: 0.8640436815649359
Model size: (16, 27)
Validation fitness: 0.827110603809821 
Elapsed: 2.4743566513061523

*** Epoch 1, batch 424/520 ***
Training fitness: 0.8199304141514632
Model size: (17, 21)
Validation fitness: 0.8216474456543423 
Elapsed: 2.1780471801757812

*** Epoch 1, batch 425/520 ***
Training fitness: 0.8360672479607163
Model size: (14, 19)
Validation fitness: 0.8288045094431153 
Elapsed: 2.3067281246185303

*** Epoch 1, batch 426/520 ***
Training fitness: 0.8522999235056915
Model size: (16, 27)
Validation fitness: 0.827110603809821 
Elapsed: 2.390448570251465

*** Epoch 1, batch 427/520 ***
Training fitness: 0.8751144479033144
Model size: (12, 17)
Validation fitness: 0.830672572531668 
Elapsed: 2.1410183906555176

*** Epoch 1, batch 428/520 ***
Training fitness: 0.9215686274509803
Model size: (15, 21)
Validation fitness: 0.8300156947315811 
Elapsed: 2.1240322589874268

*** Epoch 1, batch 429/520 ***
Training fitness: 0.8454682367177846
Model size: (12, 17)
Validation fitness: 0.830672572531668 
Elapsed: 2.2191388607025146

*** Epoch 1, batch 430/520 ***
Training fitness: 0.8265604615926608
Model size: (17, 21)
Validation fitness: 0.8318230093432214 
Elapsed: 2.212730884552002

*** Epoch 1, batch 431/520 ***
Training fitness: 0.8903123342895651
Model size: (17, 21)
Validation fitness: 0.8318230093432214 
Elapsed: 2.0766618251800537

*** Epoch 1, batch 432/520 ***
Training fitness: 0.8077304453977002
Model size: (17, 21)
Validation fitness: 0.81987245659789 
Elapsed: 2.219257116317749

*** Epoch 1, batch 433/520 ***
Training fitness: 0.9140903962507504
Model size: (17, 21)
Validation fitness: 0.8318230093432214 
Elapsed: 2.1406736373901367

*** Epoch 1, batch 434/520 ***
Training fitness: 0.8570159062874557
Model size: (17, 21)
Validation fitness: 0.8397664748923139 
Elapsed: 2.1572132110595703

*** Epoch 1, batch 435/520 ***
Training fitness: 0.8394200144223015
Model size: (16, 18)
Validation fitness: 0.8394535068868438 
Elapsed: 2.2075538635253906

*** Epoch 1, batch 436/520 ***
Training fitness: 0.8066840321761026
Model size: (5, 9)
Validation fitness: 0.8073076116617505 
Elapsed: 2.220627546310425

*** Epoch 1, batch 437/520 ***
Training fitness: 0.8152253114723405
Model size: (5, 9)
Validation fitness: 0.8073076116617505 
Elapsed: 2.1460373401641846

*** Epoch 1, batch 438/520 ***
Training fitness: 0.8748410811175253
Model size: (4, 7)
Validation fitness: 0.824473674063767 
Elapsed: 2.2597527503967285

*** Epoch 1, batch 439/520 ***
Training fitness: 0.8501028045804278
Model size: (10, 20)
Validation fitness: 0.7730805882154884 
Elapsed: 2.2690162658691406

*** Epoch 1, batch 440/520 ***
Training fitness: 0.8490622049724906
Model size: (20, 23)
Validation fitness: 0.7947185954488188 
Elapsed: 2.149848222732544

*** Epoch 1, batch 441/520 ***
Training fitness: 0.8706393619247024
Model size: (3, 5)
Validation fitness: 0.8217653527078992 
Elapsed: 2.185236930847168

*** Epoch 1, batch 442/520 ***
Training fitness: 0.8237408673012915
Model size: (20, 26)
Validation fitness: 0.7969736670728511 
Elapsed: 2.222598075866699

*** Epoch 1, batch 443/520 ***
Training fitness: 0.884219548044426
Model size: (5, 7)
Validation fitness: 0.817166146699953 
Elapsed: 2.25485897064209

*** Epoch 1, batch 444/520 ***
Training fitness: 0.8306033791770209
Model size: (19, 22)
Validation fitness: 0.7800835799373131 
Elapsed: 2.1777377128601074

*** Epoch 1, batch 445/520 ***
Training fitness: 0.8591792857549809
Model size: (5, 9)
Validation fitness: 0.8028426897703567 
Elapsed: 2.541289806365967

*** Epoch 1, batch 446/520 ***
Training fitness: 0.8601425503376833
Model size: (14, 28)
Validation fitness: 0.8525124178224478 
Elapsed: 2.4913887977600098

*** Epoch 1, batch 447/520 ***
Training fitness: 0.863043382192625
Model size: (14, 28)
Validation fitness: 0.8525124178224478 
Elapsed: 2.3764495849609375

*** Epoch 1, batch 448/520 ***
Training fitness: 0.8108344778688283
Model size: (5, 11)
Validation fitness: 0.830082611771451 
Elapsed: 2.165492296218872

*** Epoch 1, batch 449/520 ***
Training fitness: 0.852231792326023
Model size: (14, 28)
Validation fitness: 0.8525124178224478 
Elapsed: 2.3329336643218994

*** Epoch 1, batch 450/520 ***
Training fitness: 0.8088700371332465
Model size: (14, 28)
Validation fitness: 0.8525124178224478 
Elapsed: 2.3281972408294678

*** Epoch 1, batch 451/520 ***
Training fitness: 0.7809077082910205
Model size: (14, 28)
Validation fitness: 0.8525124178224478 
Elapsed: 2.380157947540283

*** Epoch 1, batch 452/520 ***
Training fitness: 0.8152253114723405
Model size: (6, 10)
Validation fitness: 0.8279083788097856 
Elapsed: 2.4840359687805176

*** Epoch 1, batch 453/520 ***
Training fitness: 0.7949784490184564
Model size: (14, 28)
Validation fitness: 0.8525124178224478 
Elapsed: 2.373448610305786

*** Epoch 1, batch 454/520 ***
Training fitness: 0.8274614090211981
Model size: (14, 28)
Validation fitness: 0.8525124178224478 
Elapsed: 2.262220621109009

*** Epoch 1, batch 455/520 ***
Training fitness: 0.8062187429208467
Model size: (12, 17)
Validation fitness: 0.7764404628425408 
Elapsed: 2.2698769569396973

*** Epoch 1, batch 456/520 ***
Training fitness: 0.8249534247916505
Model size: (14, 28)
Validation fitness: 0.8525124178224478 
Elapsed: 2.3173234462738037

*** Epoch 1, batch 457/520 ***
Training fitness: 0.8334731302902749
Model size: (14, 28)
Validation fitness: 0.8525124178224478 
Elapsed: 2.3231935501098633

*** Epoch 1, batch 458/520 ***
Training fitness: 0.7761386728559403
Model size: (4, 6)
Validation fitness: 0.7854410234456348 
Elapsed: 2.3401336669921875

*** Epoch 1, batch 459/520 ***
Training fitness: 0.7706958187621218
Model size: (12, 15)
Validation fitness: 0.7860044497130723 
Elapsed: 2.2364208698272705

*** Epoch 1, batch 460/520 ***
Training fitness: 0.8328579983222871
Model size: (5, 7)
Validation fitness: 0.7939399570389536 
Elapsed: 2.0352766513824463

*** Epoch 1, batch 461/520 ***
Training fitness: 0.811737827397328
Model size: (13, 20)
Validation fitness: 0.7808947361869817 
Elapsed: 2.1664319038391113

*** Epoch 1, batch 462/520 ***
Training fitness: 0.8323242614582085
Model size: (10, 18)
Validation fitness: 0.7822154171903349 
Elapsed: 2.281589984893799

*** Epoch 1, batch 463/520 ***
Training fitness: 0.8520293867572145
Model size: (14, 25)
Validation fitness: 0.7709225205029463 
Elapsed: 2.3470046520233154

*** Epoch 1, batch 464/520 ***
Training fitness: 0.8648988949986385
Model size: (14, 25)
Validation fitness: 0.7794715757298804 
Elapsed: 2.333509683609009

*** Epoch 1, batch 465/520 ***
Training fitness: 0.8223191055378893
Model size: (6, 9)
Validation fitness: 0.7934143163040519 
Elapsed: 2.2269790172576904

*** Epoch 1, batch 466/520 ***
Training fitness: 0.8391203672060855
Model size: (7, 14)
Validation fitness: 0.8114324237044579 
Elapsed: 2.213005304336548

*** Epoch 1, batch 467/520 ***
Training fitness: 0.8154375106363648
Model size: (9, 13)
Validation fitness: 0.7723533450168587 
Elapsed: 2.052154302597046

*** Epoch 1, batch 468/520 ***
Training fitness: 0.882286129472653
Model size: (7, 14)
Validation fitness: 0.8114324237044579 
Elapsed: 2.233283042907715

*** Epoch 1, batch 469/520 ***
Training fitness: 0.8082208554808495
Model size: (4, 8)
Validation fitness: 0.792652785777406 
Elapsed: 2.1402289867401123

*** Epoch 1, batch 470/520 ***
Training fitness: 0.7753642529669637
Model size: (6, 6)
Validation fitness: 0.7970804164863204 
Elapsed: 2.0337023735046387

*** Epoch 1, batch 471/520 ***
Training fitness: 0.8534360789870605
Model size: (7, 14)
Validation fitness: 0.8114324237044579 
Elapsed: 2.265498638153076

*** Epoch 1, batch 472/520 ***
Training fitness: 0.8745342312928187
Model size: (7, 8)
Validation fitness: 0.8036707140613462 
Elapsed: 2.2466583251953125

*** Epoch 1, batch 473/520 ***
Training fitness: 0.8083851702711113
Model size: (7, 14)
Validation fitness: 0.8114324237044579 
Elapsed: 2.2443339824676514

*** Epoch 1, batch 474/520 ***
Training fitness: 0.7988982553736423
Model size: (7, 14)
Validation fitness: 0.8114324237044579 
Elapsed: 2.2306997776031494

*** Epoch 1, batch 475/520 ***
Training fitness: 0.8616857452118113
Model size: (6, 9)
Validation fitness: 0.8088316768309239 
Elapsed: 2.140146493911743

*** Epoch 1, batch 476/520 ***
Training fitness: 0.8595450116871951
Model size: (6, 10)
Validation fitness: 0.8140198111619475 
Elapsed: 2.120403528213501

*** Epoch 1, batch 477/520 ***
Training fitness: 0.7914077935467688
Model size: (7, 10)
Validation fitness: 0.8097964041359548 
Elapsed: 2.1353282928466797

*** Epoch 1, batch 478/520 ***
Training fitness: 0.8670092792468101
Model size: (7, 11)
Validation fitness: 0.8080884985187285 
Elapsed: 2.0112974643707275

*** Epoch 1, batch 479/520 ***
Training fitness: 0.8248570528324115
Model size: (7, 13)
Validation fitness: 0.7991972386651788 
Elapsed: 2.0829861164093018

*** Epoch 1, batch 480/520 ***
Training fitness: 0.8586800736441097
Model size: (6, 8)
Validation fitness: 0.8011552351656437 
Elapsed: 2.050541400909424

*** Epoch 1, batch 481/520 ***
Training fitness: 0.8644418426206677
Model size: (7, 13)
Validation fitness: 0.7991972386651788 
Elapsed: 2.10697865486145

*** Epoch 1, batch 482/520 ***
Training fitness: 0.8590672924081257
Model size: (7, 11)
Validation fitness: 0.8125703683840743 
Elapsed: 1.9436681270599365

*** Epoch 1, batch 483/520 ***
Training fitness: 0.8487133559465401
Model size: (7, 13)
Validation fitness: 0.7770930241948063 
Elapsed: 2.050269603729248

*** Epoch 1, batch 484/520 ***
Training fitness: 0.8359872050858668
Model size: (7, 11)
Validation fitness: 0.8125703683840743 
Elapsed: 2.0337369441986084

*** Epoch 1, batch 485/520 ***
Training fitness: 0.8277215110005285
Model size: (7, 11)
Validation fitness: 0.8125703683840743 
Elapsed: 2.091973066329956

*** Epoch 1, batch 486/520 ***
Training fitness: 0.7812465028583689
Model size: (10, 16)
Validation fitness: 0.8284594956750506 
Elapsed: 2.1257197856903076

*** Epoch 1, batch 487/520 ***
Training fitness: 0.8214634430943648
Model size: (8, 13)
Validation fitness: 0.8012884621567236 
Elapsed: 2.0000052452087402

*** Epoch 1, batch 488/520 ***
Training fitness: 0.8718237638776063
Model size: (10, 16)
Validation fitness: 0.8284594956750506 
Elapsed: 1.9669506549835205

*** Epoch 1, batch 489/520 ***
Training fitness: 0.8415689863824406
Model size: (8, 12)
Validation fitness: 0.7919764992208119 
Elapsed: 2.2354736328125

*** Epoch 1, batch 490/520 ***
Training fitness: 0.863461418186654
Model size: (10, 16)
Validation fitness: 0.8284594956750506 
Elapsed: 2.0563607215881348

*** Epoch 1, batch 491/520 ***
Training fitness: 0.8892203800172734
Model size: (10, 16)
Validation fitness: 0.8284594956750506 
Elapsed: 1.9863471984863281

*** Epoch 1, batch 492/520 ***
Training fitness: 0.8671977571989642
Model size: (5, 9)
Validation fitness: 0.8071687991963971 
Elapsed: 2.0228872299194336

*** Epoch 1, batch 493/520 ***
Training fitness: 0.8645618888769862
Model size: (10, 15)
Validation fitness: 0.8390371108021175 
Elapsed: 2.0301930904388428

*** Epoch 1, batch 494/520 ***
Training fitness: 0.8918229301240362
Model size: (10, 15)
Validation fitness: 0.8390371108021175 
Elapsed: 2.167604684829712

*** Epoch 1, batch 495/520 ***
Training fitness: 0.9006071908591251
Model size: (10, 15)
Validation fitness: 0.8390371108021175 
Elapsed: 2.0902040004730225

*** Epoch 1, batch 496/520 ***
Training fitness: 0.8675250525402922
Model size: (10, 15)
Validation fitness: 0.8390371108021175 
Elapsed: 2.0588929653167725

*** Epoch 1, batch 497/520 ***
Training fitness: 0.83359893482248
Model size: (4, 9)
Validation fitness: 0.820646935658747 
Elapsed: 2.160015821456909

*** Epoch 1, batch 498/520 ***
Training fitness: 0.8827365556907558
Model size: (8, 14)
Validation fitness: 0.8444758873549585 
Elapsed: 2.269092082977295

*** Epoch 1, batch 499/520 ***
Training fitness: 0.8279486579838868
Model size: (8, 14)
Validation fitness: 0.8444758873549585 
Elapsed: 2.4069976806640625

*** Epoch 1, batch 500/520 ***
Training fitness: 0.8824156980743086
Model size: (9, 12)
Validation fitness: 0.8108367977400323 
Elapsed: 2.0563957691192627

*** Epoch 1, batch 501/520 ***
Training fitness: 0.8985729296978563
Model size: (8, 14)
Validation fitness: 0.8444758873549585 
Elapsed: 2.2913975715637207

*** Epoch 1, batch 502/520 ***
Training fitness: 0.9144133559478667
Model size: (6, 13)
Validation fitness: 0.8195334208435469 
Elapsed: 2.2542927265167236

*** Epoch 1, batch 503/520 ***
Training fitness: 0.8439583774630739
Model size: (6, 13)
Validation fitness: 0.8195334208435469 
Elapsed: 2.1529629230499268

*** Epoch 1, batch 504/520 ***
Training fitness: 0.8661908647148095
Model size: (9, 16)
Validation fitness: 0.8315240492305435 
Elapsed: 2.161921501159668

*** Epoch 1, batch 505/520 ***
Training fitness: 0.84342291912393
Model size: (8, 14)
Validation fitness: 0.8444758873549585 
Elapsed: 2.2847275733947754

*** Epoch 1, batch 506/520 ***
Training fitness: 0.8633761443743824
Model size: (9, 16)
Validation fitness: 0.8315240492305435 
Elapsed: 2.120823860168457

*** Epoch 1, batch 507/520 ***
Training fitness: 0.8919470712780184
Model size: (4, 9)
Validation fitness: 0.8142775597697134 
Elapsed: 2.0633955001831055

*** Epoch 1, batch 508/520 ***
Training fitness: 0.883676344263077
Model size: (8, 14)
Validation fitness: 0.8444758873549585 
Elapsed: 2.220118999481201

*** Epoch 1, batch 509/520 ***
Training fitness: 0.8748083291618836
Model size: (8, 14)
Validation fitness: 0.8444758873549585 
Elapsed: 2.224332809448242

*** Epoch 1, batch 510/520 ***
Training fitness: 0.8601714161597503
Model size: (8, 14)
Validation fitness: 0.8444758873549585 
Elapsed: 2.2740609645843506

*** Epoch 1, batch 511/520 ***
Training fitness: 0.900142659245288
Model size: (11, 14)
Validation fitness: 0.7886621354979676 
Elapsed: 2.1737449169158936

*** Epoch 1, batch 512/520 ***
Training fitness: 0.8118797965070877
Model size: (8, 14)
Validation fitness: 0.8444758873549585 
Elapsed: 2.2784290313720703

*** Epoch 1, batch 513/520 ***
Training fitness: 0.7772697711367904
Model size: (7, 14)
Validation fitness: 0.8134836730114202 
Elapsed: 2.149272918701172

*** Epoch 1, batch 514/520 ***
Training fitness: 0.8759102280333407
Model size: (5, 12)
Validation fitness: 0.8336307310654638 
Elapsed: 2.2170302867889404

*** Epoch 1, batch 515/520 ***
Training fitness: 0.8285609869158254
Model size: (6, 13)
Validation fitness: 0.8247626347600802 
Elapsed: 2.1748924255371094

*** Epoch 1, batch 516/520 ***
Training fitness: 0.8118922804143497
Model size: (4, 9)
Validation fitness: 0.8032814426773088 
Elapsed: 2.2216641902923584

*** Epoch 1, batch 517/520 ***
Training fitness: 0.8202058642677917
Model size: (5, 12)
Validation fitness: 0.8336307310654638 
Elapsed: 2.2715344429016113

*** Epoch 1, batch 518/520 ***
Training fitness: 0.8031570853858035
Model size: (11, 13)
Validation fitness: 0.7813816890132016 
Elapsed: 2.1522445678710938

*** Epoch 1, batch 519/520 ***
Training fitness: 0.8603969465648855
Model size: (6, 14)
Validation fitness: 0.8274191479874895 
Elapsed: 2.2015490531921387

*** Epoch 1, batch 520/520 ***
Training fitness: 0.8648657398652972
Model size: (6, 14)
Validation fitness: 0.8274191479874895 
Elapsed: 2.1894588470458984

Total train time: 1692.902400970459
Test time: 0.16923880577087402
Test fitness: 0.8679353976202852
Test statistics: Stats(total=14791, total_true=7158, total_false=7633, true_positive=6298, true_negative=7490, false_positive=143, false_negative=860, tpr=0.8798547080189997, tnr=0.9812655574479235, ppv=0.9777984784971278, npv=0.8970059880239521, accuracy=0.9321884930025015, f1=0.9262445768071181, mcc=0.8679353976202852)
