Configuration:
Dataset: nsl_kdd
Selector: pca
Fold: 6
Fitness: auroc
Batch size: 256
Epochs: 1
Config args: {}
*** Epoch 1, batch 1/520 ***
Training fitness: 0.9606106870229008
Model size: (1, 12)
Validation fitness: 0.9143598779406557 !!!
Elapsed: 2.5997161865234375

*** Epoch 1, batch 2/520 ***
Training fitness: 0.94451904296875
Model size: (1, 10)
Validation fitness: 0.9287896598463647 !!!
Elapsed: 2.773341655731201

*** Epoch 1, batch 3/520 ***
Training fitness: 0.9427563586855622
Model size: (1, 10)
Validation fitness: 0.9327227124650356 !!!
Elapsed: 2.9279491901397705

*** Epoch 1, batch 4/520 ***
Training fitness: 0.9339385389192174
Model size: (2, 12)
Validation fitness: 0.9401260205262845 !!!
Elapsed: 3.0315191745758057

*** Epoch 1, batch 5/520 ***
Training fitness: 0.964675778568308
Model size: (1, 10)
Validation fitness: 0.9346733519257993 
Elapsed: 2.923243284225464

*** Epoch 1, batch 6/520 ***
Training fitness: 0.9872922776148583
Model size: (1, 10)
Validation fitness: 0.9508454037671408 !!!
Elapsed: 3.557187080383301

*** Epoch 1, batch 7/520 ***
Training fitness: 0.9659013552818863
Model size: (1, 8)
Validation fitness: 0.9552737964205932 !!!
Elapsed: 2.8195009231567383

*** Epoch 1, batch 8/520 ***
Training fitness: 0.9775946275946276
Model size: (1, 8)
Validation fitness: 0.9552737964205932 
Elapsed: 2.8573851585388184

*** Epoch 1, batch 9/520 ***
Training fitness: 0.9690708971284511
Model size: (3, 12)
Validation fitness: 0.9488277282150832 
Elapsed: 3.1106438636779785

*** Epoch 1, batch 10/520 ***
Training fitness: 0.9702333065164923
Model size: (2, 9)
Validation fitness: 0.9597299063597096 !!!
Elapsed: 2.9888551235198975

*** Epoch 1, batch 11/520 ***
Training fitness: 0.9569280277244879
Model size: (2, 10)
Validation fitness: 0.9459915732126232 
Elapsed: 2.891387462615967

*** Epoch 1, batch 12/520 ***
Training fitness: 0.9528307673434336
Model size: (2, 9)
Validation fitness: 0.9597299063597096 
Elapsed: 3.0464019775390625

*** Epoch 1, batch 13/520 ***
Training fitness: 0.9709359605911331
Model size: (2, 8)
Validation fitness: 0.9569849977238313 
Elapsed: 3.0547709465026855

*** Epoch 1, batch 14/520 ***
Training fitness: 0.9613037109375
Model size: (1, 7)
Validation fitness: 0.9606078951062903 !!!
Elapsed: 3.0032877922058105

*** Epoch 1, batch 15/520 ***
Training fitness: 0.9663038799729448
Model size: (1, 7)
Validation fitness: 0.9606078951062903 
Elapsed: 3.317095994949341

*** Epoch 1, batch 16/520 ***
Training fitness: 0.9687326549491211
Model size: (5, 13)
Validation fitness: 0.9545109896153303 
Elapsed: 3.5557806491851807

*** Epoch 1, batch 17/520 ***
Training fitness: 0.9756842619745845
Model size: (1, 7)
Validation fitness: 0.9560205790270084 
Elapsed: 3.189955711364746

*** Epoch 1, batch 18/520 ***
Training fitness: 0.9660458015267175
Model size: (4, 13)
Validation fitness: 0.9591380090810141 
Elapsed: 1.9835186004638672

*** Epoch 1, batch 19/520 ***
Training fitness: 0.9472506989748368
Model size: (3, 11)
Validation fitness: 0.9528740307145251 
Elapsed: 1.757134199142456

*** Epoch 1, batch 20/520 ***
Training fitness: 0.9583024462564863
Model size: (3, 10)
Validation fitness: 0.9540513240255263 
Elapsed: 1.7629444599151611

*** Epoch 1, batch 21/520 ***
Training fitness: 0.9870407726633658
Model size: (2, 8)
Validation fitness: 0.9539022348794468 
Elapsed: 1.7346458435058594

*** Epoch 1, batch 22/520 ***
Training fitness: 0.9836385836385837
Model size: (2, 7)
Validation fitness: 0.945418547861828 
Elapsed: 1.6711711883544922

*** Epoch 1, batch 23/520 ***
Training fitness: 0.9680054458815521
Model size: (3, 10)
Validation fitness: 0.96008325367933 
Elapsed: 1.7706763744354248

*** Epoch 1, batch 24/520 ***
Training fitness: 0.978381679389313
Model size: (3, 10)
Validation fitness: 0.96008325367933 
Elapsed: 1.7716448307037354

*** Epoch 1, batch 25/520 ***
Training fitness: 0.9736244862908667
Model size: (2, 8)
Validation fitness: 0.9616099294653225 !!!
Elapsed: 1.7968111038208008

*** Epoch 1, batch 26/520 ***
Training fitness: 0.9613207547169811
Model size: (1, 6)
Validation fitness: 0.9585431358796757 
Elapsed: 1.7320537567138672

*** Epoch 1, batch 27/520 ***
Training fitness: 0.9609427609427609
Model size: (2, 9)
Validation fitness: 0.9568026423409438 
Elapsed: 1.7643930912017822

*** Epoch 1, batch 28/520 ***
Training fitness: 0.9702915826150742
Model size: (2, 8)
Validation fitness: 0.9616099294653225 
Elapsed: 1.6489224433898926

*** Epoch 1, batch 29/520 ***
Training fitness: 0.9775047374533896
Model size: (2, 7)
Validation fitness: 0.9599959172172674 
Elapsed: 1.7379059791564941

*** Epoch 1, batch 30/520 ***
Training fitness: 0.9712230215827338
Model size: (6, 16)
Validation fitness: 0.9569496895462558 
Elapsed: 1.9341084957122803

*** Epoch 1, batch 31/520 ***
Training fitness: 0.9631147540983607
Model size: (2, 6)
Validation fitness: 0.9579189979128984 
Elapsed: 1.730179786682129

*** Epoch 1, batch 32/520 ***
Training fitness: 0.982177734375
Model size: (5, 16)
Validation fitness: 0.9525850823609024 
Elapsed: 1.8442983627319336

*** Epoch 1, batch 33/520 ***
Training fitness: 0.9664896539095403
Model size: (7, 17)
Validation fitness: 0.9580835618567224 
Elapsed: 1.966355800628662

*** Epoch 1, batch 34/520 ***
Training fitness: 0.9673893129770992
Model size: (2, 8)
Validation fitness: 0.9616099294653225 
Elapsed: 1.8636951446533203

*** Epoch 1, batch 35/520 ***
Training fitness: 0.9683150183150183
Model size: (2, 8)
Validation fitness: 0.9616099294653225 
Elapsed: 1.8696882724761963

*** Epoch 1, batch 36/520 ***
Training fitness: 0.9628543499511242
Model size: (3, 10)
Validation fitness: 0.959443036573595 
Elapsed: 1.9368822574615479

*** Epoch 1, batch 37/520 ***
Training fitness: 0.9704301075268817
Model size: (3, 10)
Validation fitness: 0.959443036573595 
Elapsed: 1.8965718746185303

*** Epoch 1, batch 38/520 ***
Training fitness: 0.9705269607843137
Model size: (1, 7)
Validation fitness: 0.9601107420478676 
Elapsed: 1.765094518661499

*** Epoch 1, batch 39/520 ***
Training fitness: 0.9821996574504526
Model size: (2, 10)
Validation fitness: 0.9547432764018271 
Elapsed: 1.890038251876831

*** Epoch 1, batch 40/520 ***
Training fitness: 0.9633431085043987
Model size: (4, 12)
Validation fitness: 0.9557837596814089 
Elapsed: 1.9807991981506348

*** Epoch 1, batch 41/520 ***
Training fitness: 0.9628702290076335
Model size: (8, 16)
Validation fitness: 0.9642434104007563 !!!
Elapsed: 1.9998407363891602

*** Epoch 1, batch 42/520 ***
Training fitness: 0.95831298828125
Model size: (3, 9)
Validation fitness: 0.9552106702338182 
Elapsed: 1.9134652614593506

*** Epoch 1, batch 43/520 ***
Training fitness: 0.9740235814296242
Model size: (8, 16)
Validation fitness: 0.9642434104007563 
Elapsed: 2.0057272911071777

*** Epoch 1, batch 44/520 ***
Training fitness: 0.9785753524995422
Model size: (8, 19)
Validation fitness: 0.9564910128784382 
Elapsed: 1.910243272781372

*** Epoch 1, batch 45/520 ***
Training fitness: 0.9748219110783591
Model size: (8, 19)
Validation fitness: 0.9564910128784382 
Elapsed: 2.037027359008789

*** Epoch 1, batch 46/520 ***
Training fitness: 0.9656274980015986
Model size: (2, 8)
Validation fitness: 0.9616099294653225 
Elapsed: 1.9652459621429443

*** Epoch 1, batch 47/520 ***
Training fitness: 0.9786661776392199
Model size: (4, 13)
Validation fitness: 0.9541023176046025 
Elapsed: 2.073428153991699

*** Epoch 1, batch 48/520 ***
Training fitness: 0.9638397017707363
Model size: (7, 18)
Validation fitness: 0.9610448704305258 
Elapsed: 2.1428592205047607

*** Epoch 1, batch 49/520 ***
Training fitness: 0.9738598102234465
Model size: (8, 21)
Validation fitness: 0.9562366218542162 
Elapsed: 2.224795341491699

*** Epoch 1, batch 50/520 ***
Training fitness: 0.9837337337337337
Model size: (4, 11)
Validation fitness: 0.9634648724105672 
Elapsed: 2.0150465965270996

*** Epoch 1, batch 51/520 ***
Training fitness: 0.9584940312213039
Model size: (5, 13)
Validation fitness: 0.9550142135559447 
Elapsed: 1.947126865386963

*** Epoch 1, batch 52/520 ***
Training fitness: 0.9784702202048703
Model size: (5, 14)
Validation fitness: 0.9519729762782888 
Elapsed: 1.9675722122192383

*** Epoch 1, batch 53/520 ***
Training fitness: 0.9548702290076335
Model size: (5, 15)
Validation fitness: 0.9609167500932242 
Elapsed: 2.013786554336548

*** Epoch 1, batch 54/520 ***
Training fitness: 0.9573529411764705
Model size: (3, 12)
Validation fitness: 0.9668244143741349 !!!
Elapsed: 1.920764684677124

*** Epoch 1, batch 55/520 ***
Training fitness: 0.979463459759482
Model size: (3, 12)
Validation fitness: 0.9668244143741349 
Elapsed: 1.8746259212493896

*** Epoch 1, batch 56/520 ***
Training fitness: 0.9637490032509354
Model size: (4, 12)
Validation fitness: 0.9499514915452482 
Elapsed: 1.9728262424468994

*** Epoch 1, batch 57/520 ***
Training fitness: 0.9712503058478101
Model size: (4, 14)
Validation fitness: 0.9647021969487947 
Elapsed: 1.9755215644836426

*** Epoch 1, batch 58/520 ***
Training fitness: 0.9767769607843138
Model size: (4, 14)
Validation fitness: 0.9613469677838885 
Elapsed: 2.112823247909546

*** Epoch 1, batch 59/520 ***
Training fitness: 0.9719231710300954
Model size: (3, 11)
Validation fitness: 0.9653848919165042 
Elapsed: 2.031501054763794

*** Epoch 1, batch 60/520 ***
Training fitness: 0.9667772046180299
Model size: (3, 11)
Validation fitness: 0.9653848919165042 
Elapsed: 2.001119613647461

*** Epoch 1, batch 61/520 ***
Training fitness: 0.9615455893254263
Model size: (7, 14)
Validation fitness: 0.9664134623488281 
Elapsed: 2.2681612968444824

*** Epoch 1, batch 62/520 ***
Training fitness: 0.969480559116157
Model size: (6, 14)
Validation fitness: 0.9636744414614407 
Elapsed: 2.1151905059814453

*** Epoch 1, batch 63/520 ***
Training fitness: 0.9787377450980392
Model size: (6, 14)
Validation fitness: 0.9636744414614407 
Elapsed: 2.2411108016967773

*** Epoch 1, batch 64/520 ***
Training fitness: 0.9771978875427152
Model size: (7, 14)
Validation fitness: 0.9664134623488281 
Elapsed: 2.2988228797912598

*** Epoch 1, batch 65/520 ***
Training fitness: 0.9665445665445664
Model size: (6, 14)
Validation fitness: 0.9636744414614407 
Elapsed: 2.15089750289917

*** Epoch 1, batch 66/520 ***
Training fitness: 0.962942612942613
Model size: (3, 10)
Validation fitness: 0.960181468283239 
Elapsed: 1.9041621685028076

*** Epoch 1, batch 67/520 ***
Training fitness: 0.98121921182266
Model size: (11, 19)
Validation fitness: 0.951005627442248 
Elapsed: 2.0378103256225586

*** Epoch 1, batch 68/520 ***
Training fitness: 0.9889778325123153
Model size: (5, 14)
Validation fitness: 0.9583483640318524 
Elapsed: 1.9506053924560547

*** Epoch 1, batch 69/520 ***
Training fitness: 0.96771240234375
Model size: (2, 6)
Validation fitness: 0.9535028019639405 
Elapsed: 1.900160789489746

*** Epoch 1, batch 70/520 ***
Training fitness: 0.9694534748205851
Model size: (8, 17)
Validation fitness: 0.9615515372847214 
Elapsed: 1.946101188659668

*** Epoch 1, batch 71/520 ***
Training fitness: 0.958615638161509
Model size: (3, 9)
Validation fitness: 0.9556592562347045 
Elapsed: 1.9613184928894043

*** Epoch 1, batch 72/520 ***
Training fitness: 0.9804930063350688
Model size: (6, 14)
Validation fitness: 0.9559977422544791 
Elapsed: 1.9111688137054443

*** Epoch 1, batch 73/520 ***
Training fitness: 0.9326975976526682
Model size: (4, 11)
Validation fitness: 0.9619228500204211 
Elapsed: 1.8319745063781738

*** Epoch 1, batch 74/520 ***
Training fitness: 0.9786376953125
Model size: (6, 15)
Validation fitness: 0.9583165445512833 
Elapsed: 1.935807228088379

*** Epoch 1, batch 75/520 ***
Training fitness: 0.9659285539515539
Model size: (6, 12)
Validation fitness: 0.9548335613164778 
Elapsed: 1.9624621868133545

*** Epoch 1, batch 76/520 ***
Training fitness: 0.9557251908396946
Model size: (4, 11)
Validation fitness: 0.9591514877214165 
Elapsed: 1.8696277141571045

*** Epoch 1, batch 77/520 ***
Training fitness: 0.9726495726495727
Model size: (4, 13)
Validation fitness: 0.9601478998758244 
Elapsed: 1.8039567470550537

*** Epoch 1, batch 78/520 ***
Training fitness: 0.9699633699633701
Model size: (12, 26)
Validation fitness: 0.9599487419758597 
Elapsed: 2.147223711013794

*** Epoch 1, batch 79/520 ***
Training fitness: 0.9623807193540495
Model size: (5, 12)
Validation fitness: 0.955056526597588 
Elapsed: 2.111481189727783

*** Epoch 1, batch 80/520 ***
Training fitness: 0.9713918943700716
Model size: (3, 9)
Validation fitness: 0.9620659964778995 
Elapsed: 2.0312578678131104

*** Epoch 1, batch 81/520 ***
Training fitness: 0.9742900763358777
Model size: (5, 14)
Validation fitness: 0.9504144626983572 
Elapsed: 2.1539018154144287

*** Epoch 1, batch 82/520 ***
Training fitness: 0.9805102545095131
Model size: (8, 22)
Validation fitness: 0.9517592043089748 
Elapsed: 2.283731698989868

*** Epoch 1, batch 83/520 ***
Training fitness: 0.970281862745098
Model size: (3, 10)
Validation fitness: 0.9546657742195145 
Elapsed: 2.012620449066162

*** Epoch 1, batch 84/520 ***
Training fitness: 0.9719970523212971
Model size: (12, 27)
Validation fitness: 0.9583242727934707 
Elapsed: 2.0989110469818115

*** Epoch 1, batch 85/520 ***
Training fitness: 0.9800417587816261
Model size: (4, 11)
Validation fitness: 0.9557903982780744 
Elapsed: 1.880084753036499

*** Epoch 1, batch 86/520 ***
Training fitness: 0.9370830244625649
Model size: (8, 18)
Validation fitness: 0.960792136766299 
Elapsed: 2.119680166244507

*** Epoch 1, batch 87/520 ***
Training fitness: 0.968717477808387
Model size: (8, 11)
Validation fitness: 0.9592111893079805 
Elapsed: 2.0286762714385986

*** Epoch 1, batch 88/520 ***
Training fitness: 0.9714338033327229
Model size: (2, 9)
Validation fitness: 0.9525359018054675 
Elapsed: 2.139458179473877

*** Epoch 1, batch 89/520 ***
Training fitness: 0.9570076335877863
Model size: (6, 15)
Validation fitness: 0.9565834221440217 
Elapsed: 1.9896714687347412

*** Epoch 1, batch 90/520 ***
Training fitness: 0.9644097222222222
Model size: (6, 15)
Validation fitness: 0.9565834221440217 
Elapsed: 2.127608060836792

*** Epoch 1, batch 91/520 ***
Training fitness: 0.9763736263736265
Model size: (6, 14)
Validation fitness: 0.9586672822156628 
Elapsed: 1.9358654022216797

*** Epoch 1, batch 92/520 ***
Training fitness: 0.9631598240469209
Model size: (8, 12)
Validation fitness: 0.9293708987436552 
Elapsed: 2.1241888999938965

*** Epoch 1, batch 93/520 ***
Training fitness: 0.969354049425006
Model size: (7, 15)
Validation fitness: 0.9568377765415031 
Elapsed: 1.9466042518615723

*** Epoch 1, batch 94/520 ***
Training fitness: 0.952524630541872
Model size: (3, 9)
Validation fitness: 0.9569618129972698 
Elapsed: 1.8670096397399902

*** Epoch 1, batch 95/520 ***
Training fitness: 0.95965576171875
Model size: (6, 16)
Validation fitness: 0.9618747682671929 
Elapsed: 2.098540782928467

*** Epoch 1, batch 96/520 ***
Training fitness: 0.9721662699139352
Model size: (1, 5)
Validation fitness: 0.957416772050955 
Elapsed: 1.816739797592163

*** Epoch 1, batch 97/520 ***
Training fitness: 0.9820891860393793
Model size: (4, 11)
Validation fitness: 0.9587943953176082 
Elapsed: 2.014604330062866

*** Epoch 1, batch 98/520 ***
Training fitness: 0.9676019316584143
Model size: (6, 17)
Validation fitness: 0.9587071687357662 
Elapsed: 2.1246345043182373

*** Epoch 1, batch 99/520 ***
Training fitness: 0.9673337438423645
Model size: (3, 10)
Validation fitness: 0.9557219245872268 
Elapsed: 2.011348247528076

*** Epoch 1, batch 100/520 ***
Training fitness: 0.9726572057744067
Model size: (6, 17)
Validation fitness: 0.9641074061576216 
Elapsed: 2.0907256603240967

*** Epoch 1, batch 101/520 ***
Training fitness: 0.9564041074832441
Model size: (9, 19)
Validation fitness: 0.9577634258337995 
Elapsed: 2.1087005138397217

*** Epoch 1, batch 102/520 ***
Training fitness: 0.9510866238138966
Model size: (7, 18)
Validation fitness: 0.9583152443020055 
Elapsed: 2.1698756217956543

*** Epoch 1, batch 103/520 ***
Training fitness: 0.9818349753694582
Model size: (8, 19)
Validation fitness: 0.9601352270237071 
Elapsed: 1.9309825897216797

*** Epoch 1, batch 104/520 ***
Training fitness: 0.9719620446893175
Model size: (4, 9)
Validation fitness: 0.9545270595976032 
Elapsed: 2.011874198913574

*** Epoch 1, batch 105/520 ***
Training fitness: 0.9604623993113202
Model size: (5, 14)
Validation fitness: 0.9623063869306707 
Elapsed: 2.0872652530670166

*** Epoch 1, batch 106/520 ***
Training fitness: 0.9674632352941176
Model size: (5, 16)
Validation fitness: 0.9633604312608203 
Elapsed: 2.1024980545043945

*** Epoch 1, batch 107/520 ***
Training fitness: 0.9707708712287524
Model size: (10, 21)
Validation fitness: 0.9628324751138698 
Elapsed: 2.090864658355713

*** Epoch 1, batch 108/520 ***
Training fitness: 0.9650110105211647
Model size: (6, 16)
Validation fitness: 0.9569850251938865 
Elapsed: 2.2209174633026123

*** Epoch 1, batch 109/520 ***
Training fitness: 0.9671610816089848
Model size: (10, 20)
Validation fitness: 0.9557105702977574 
Elapsed: 2.153535842895508

*** Epoch 1, batch 110/520 ***
Training fitness: 0.9802083333333333
Model size: (3, 8)
Validation fitness: 0.9520542327014745 
Elapsed: 2.1069111824035645

*** Epoch 1, batch 111/520 ***
Training fitness: 0.9526532620057799
Model size: (5, 17)
Validation fitness: 0.9594153650713559 
Elapsed: 2.1653244495391846

*** Epoch 1, batch 112/520 ***
Training fitness: 0.9785648854961831
Model size: (7, 12)
Validation fitness: 0.9606341381656603 
Elapsed: 2.260082960128784

*** Epoch 1, batch 113/520 ***
Training fitness: 0.9709444580376805
Model size: (6, 15)
Validation fitness: 0.9589778495027023 
Elapsed: 2.1530280113220215

*** Epoch 1, batch 114/520 ***
Training fitness: 0.980011422044546
Model size: (6, 10)
Validation fitness: 0.9610094065893044 
Elapsed: 2.2100093364715576

*** Epoch 1, batch 115/520 ***
Training fitness: 0.959228515625
Model size: (6, 17)
Validation fitness: 0.9598633101042885 
Elapsed: 2.1498188972473145

*** Epoch 1, batch 116/520 ***
Training fitness: 0.9750596002200624
Model size: (6, 17)
Validation fitness: 0.9583997971318113 
Elapsed: 2.1577727794647217

*** Epoch 1, batch 117/520 ***
Training fitness: 0.9683753364325911
Model size: (8, 17)
Validation fitness: 0.9592185879095056 
Elapsed: 2.2289860248565674

*** Epoch 1, batch 118/520 ***
Training fitness: 0.9611470860314524
Model size: (6, 13)
Validation fitness: 0.9640490139770205 
Elapsed: 2.20539927482605

*** Epoch 1, batch 119/520 ***
Training fitness: 0.9815068493150684
Model size: (10, 21)
Validation fitness: 0.9623774061799639 
Elapsed: 2.1970789432525635

*** Epoch 1, batch 120/520 ***
Training fitness: 0.9641979857528863
Model size: (10, 20)
Validation fitness: 0.9581837543046036 
Elapsed: 2.190272331237793

*** Epoch 1, batch 121/520 ***
Training fitness: 0.9561887254901961
Model size: (3, 9)
Validation fitness: 0.955336043565603 
Elapsed: 1.9837634563446045

*** Epoch 1, batch 122/520 ***
Training fitness: 0.9719777819384634
Model size: (6, 19)
Validation fitness: 0.9609096994457312 
Elapsed: 2.0218563079833984

*** Epoch 1, batch 123/520 ***
Training fitness: 0.9536630036630036
Model size: (6, 11)
Validation fitness: 0.9557724328619946 
Elapsed: 2.1149790287017822

*** Epoch 1, batch 124/520 ***
Training fitness: 0.960820324456688
Model size: (7, 19)
Validation fitness: 0.9601404463341889 
Elapsed: 2.0661814212799072

*** Epoch 1, batch 125/520 ***
Training fitness: 0.9598901098901099
Model size: (6, 13)
Validation fitness: 0.9618349183738298 
Elapsed: 2.1715805530548096

*** Epoch 1, batch 126/520 ***
Training fitness: 0.9759698542129973
Model size: (8, 17)
Validation fitness: 0.9534439427924014 
Elapsed: 2.066328525543213

*** Epoch 1, batch 127/520 ***
Training fitness: 0.9615549433731252
Model size: (5, 7)
Validation fitness: 0.9556320059399782 
Elapsed: 1.853318691253662

*** Epoch 1, batch 128/520 ***
Training fitness: 0.9633431085043989
Model size: (7, 22)
Validation fitness: 0.9587094029669199 
Elapsed: 1.9687492847442627

*** Epoch 1, batch 129/520 ***
Training fitness: 0.9829489087301587
Model size: (4, 11)
Validation fitness: 0.958971412353108 
Elapsed: 2.0637991428375244

*** Epoch 1, batch 130/520 ***
Training fitness: 0.9799568965517242
Model size: (7, 14)
Validation fitness: 0.9550663975040783 
Elapsed: 2.135950803756714

*** Epoch 1, batch 131/520 ***
Training fitness: 0.9721602182539683
Model size: (9, 15)
Validation fitness: 0.9525615130535687 
Elapsed: 2.065385580062866

*** Epoch 1, batch 132/520 ***
Training fitness: 0.9781635281849967
Model size: (3, 11)
Validation fitness: 0.9584419545098085 
Elapsed: 2.0341837406158447

*** Epoch 1, batch 133/520 ***
Training fitness: 0.9618506988951963
Model size: (7, 21)
Validation fitness: 0.9595051097415885 
Elapsed: 2.286421298980713

*** Epoch 1, batch 134/520 ***
Training fitness: 0.9681929181929182
Model size: (4, 14)
Validation fitness: 0.9501121913679784 
Elapsed: 2.0680131912231445

*** Epoch 1, batch 135/520 ***
Training fitness: 0.9533088235294118
Model size: (4, 11)
Validation fitness: 0.958971412353108 
Elapsed: 2.0884931087493896

*** Epoch 1, batch 136/520 ***
Training fitness: 0.9646584874565097
Model size: (6, 16)
Validation fitness: 0.958319575414037 
Elapsed: 2.064133405685425

*** Epoch 1, batch 137/520 ***
Training fitness: 0.9677636408123318
Model size: (4, 12)
Validation fitness: 0.9562213759735985 
Elapsed: 2.0975306034088135

*** Epoch 1, batch 138/520 ***
Training fitness: 0.9728803183348638
Model size: (5, 8)
Validation fitness: 0.9622053703811346 
Elapsed: 1.9072844982147217

*** Epoch 1, batch 139/520 ***
Training fitness: 0.9674479166666667
Model size: (5, 8)
Validation fitness: 0.9654096607495801 
Elapsed: 1.924692153930664

*** Epoch 1, batch 140/520 ***
Training fitness: 0.9754623695293902
Model size: (3, 10)
Validation fitness: 0.9612634130327539 
Elapsed: 2.056481122970581

*** Epoch 1, batch 141/520 ***
Training fitness: 0.976866263810047
Model size: (4, 11)
Validation fitness: 0.9518763915643196 
Elapsed: 2.090177297592163

*** Epoch 1, batch 142/520 ***
Training fitness: 0.9851742031134173
Model size: (4, 9)
Validation fitness: 0.9584108217806184 
Elapsed: 2.0295534133911133

*** Epoch 1, batch 143/520 ***
Training fitness: 0.9804675578343405
Model size: (6, 15)
Validation fitness: 0.9615998113283357 
Elapsed: 3.6904146671295166

*** Epoch 1, batch 144/520 ***
Training fitness: 0.9796130134895928
Model size: (5, 14)
Validation fitness: 0.9654304189546018 
Elapsed: 3.7764203548431396

*** Epoch 1, batch 145/520 ***
Training fitness: 0.9796092796092796
Model size: (4, 12)
Validation fitness: 0.9587476321270281 
Elapsed: 3.8183999061584473

*** Epoch 1, batch 146/520 ***
Training fitness: 0.973807758833704
Model size: (5, 12)
Validation fitness: 0.9627461733572185 
Elapsed: 3.7661421298980713

*** Epoch 1, batch 147/520 ***
Training fitness: 0.9782661782661782
Model size: (5, 12)
Validation fitness: 0.9627461733572185 
Elapsed: 3.7673168182373047

*** Epoch 1, batch 148/520 ***
Training fitness: 0.9685972629521016
Model size: (4, 12)
Validation fitness: 0.9625583697467228 
Elapsed: 3.9286904335021973

*** Epoch 1, batch 149/520 ***
Training fitness: 0.9787129924149742
Model size: (5, 14)
Validation fitness: 0.9636041455902667 
Elapsed: 3.920639753341675

*** Epoch 1, batch 150/520 ***
Training fitness: 0.9549533052554477
Model size: (4, 12)
Validation fitness: 0.9634167082471734 
Elapsed: 3.953165292739868

*** Epoch 1, batch 151/520 ***
Training fitness: 0.9762442748091603
Model size: (7, 21)
Validation fitness: 0.959170588566443 
Elapsed: 3.6546995639801025

*** Epoch 1, batch 152/520 ***
Training fitness: 0.9697384806973849
Model size: (5, 14)
Validation fitness: 0.9632912433485382 
Elapsed: 3.996459722518921

*** Epoch 1, batch 153/520 ***
Training fitness: 0.9669779649636819
Model size: (12, 27)
Validation fitness: 0.9622418506143969 
Elapsed: 4.341866970062256

*** Epoch 1, batch 154/520 ***
Training fitness: 0.9750124007936507
Model size: (8, 22)
Validation fitness: 0.9639567054349725 
Elapsed: 4.273150205612183

*** Epoch 1, batch 155/520 ***
Training fitness: 0.9568810189499845
Model size: (8, 22)
Validation fitness: 0.9639567054349725 
Elapsed: 4.31410551071167

*** Epoch 1, batch 156/520 ***
Training fitness: 0.9735107421875
Model size: (12, 27)
Validation fitness: 0.9622418506143969 
Elapsed: 4.439368963241577

*** Epoch 1, batch 157/520 ***
Training fitness: 0.9598214285714285
Model size: (4, 12)
Validation fitness: 0.9634167082471734 
Elapsed: 4.000624895095825

*** Epoch 1, batch 158/520 ***
Training fitness: 0.9593481047427211
Model size: (4, 12)
Validation fitness: 0.9634167082471734 
Elapsed: 3.7869091033935547

*** Epoch 1, batch 159/520 ***
Training fitness: 0.9814453125
Model size: (3, 10)
Validation fitness: 0.9629268347533703 
Elapsed: 3.6045682430267334

*** Epoch 1, batch 160/520 ***
Training fitness: 0.9562687687687688
Model size: (10, 26)
Validation fitness: 0.9656962466784581 
Elapsed: 4.28314471244812

*** Epoch 1, batch 161/520 ***
Training fitness: 0.9699045754832395
Model size: (5, 14)
Validation fitness: 0.9654483569006262 
Elapsed: 3.9272751808166504

*** Epoch 1, batch 162/520 ***
Training fitness: 0.9788611925708699
Model size: (8, 21)
Validation fitness: 0.9630030549997755 
Elapsed: 4.170274257659912

*** Epoch 1, batch 163/520 ***
Training fitness: 0.9674662760178234
Model size: (3, 9)
Validation fitness: 0.9603497681545656 
Elapsed: 3.8655426502227783

*** Epoch 1, batch 164/520 ***
Training fitness: 0.9607434214561736
Model size: (3, 9)
Validation fitness: 0.9603497681545656 
Elapsed: 3.8041634559631348

*** Epoch 1, batch 165/520 ***
Training fitness: 0.9666850051959166
Model size: (5, 10)
Validation fitness: 0.9526211505433375 
Elapsed: 3.8719258308410645

*** Epoch 1, batch 166/520 ***
Training fitness: 0.9650984481383794
Model size: (4, 12)
Validation fitness: 0.961546867375343 
Elapsed: 4.166342735290527

*** Epoch 1, batch 167/520 ***
Training fitness: 0.971224340175953
Model size: (11, 23)
Validation fitness: 0.9583654046227414 
Elapsed: 4.12520170211792

*** Epoch 1, batch 168/520 ***
Training fitness: 0.9594627594627595
Model size: (4, 12)
Validation fitness: 0.9531455722098564 
Elapsed: 4.194265604019165

*** Epoch 1, batch 169/520 ***
Training fitness: 0.9668498168498169
Model size: (14, 34)
Validation fitness: 0.953056303687247 
Elapsed: 4.577303886413574

*** Epoch 1, batch 170/520 ***
Training fitness: 0.9591623679685581
Model size: (5, 10)
Validation fitness: 0.947850096421725 
Elapsed: 4.0703325271606445

*** Epoch 1, batch 171/520 ***
Training fitness: 0.9681526717557252
Model size: (6, 13)
Validation fitness: 0.9514095105066918 
Elapsed: 4.169073104858398

*** Epoch 1, batch 172/520 ***
Training fitness: 0.9801587301587302
Model size: (9, 19)
Validation fitness: 0.9560674978812347 
Elapsed: 4.334390640258789

*** Epoch 1, batch 173/520 ***
Training fitness: 0.9734988880652335
Model size: (4, 7)
Validation fitness: 0.9575832955253808 
Elapsed: 4.041871786117554

*** Epoch 1, batch 174/520 ***
Training fitness: 0.9757065250564609
Model size: (4, 12)
Validation fitness: 0.961546867375343 
Elapsed: 4.1937255859375

*** Epoch 1, batch 175/520 ***
Training fitness: 0.9837622549019608
Model size: (4, 7)
Validation fitness: 0.9575832955253808 
Elapsed: 3.982189416885376

*** Epoch 1, batch 176/520 ***
Training fitness: 0.9705481150793651
Model size: (4, 9)
Validation fitness: 0.9543495389444254 
Elapsed: 3.9414303302764893

*** Epoch 1, batch 177/520 ***
Training fitness: 0.9769230769230769
Model size: (12, 21)
Validation fitness: 0.9565332984500259 
Elapsed: 4.432832956314087

*** Epoch 1, batch 178/520 ***
Training fitness: 0.9628405264768901
Model size: (10, 21)
Validation fitness: 0.9536232856259054 
Elapsed: 4.222439765930176

*** Epoch 1, batch 179/520 ***
Training fitness: 0.9715141512317379
Model size: (4, 12)
Validation fitness: 0.961546867375343 
Elapsed: 4.142461061477661

*** Epoch 1, batch 180/520 ***
Training fitness: 0.9658625954198474
Model size: (11, 24)
Validation fitness: 0.9537697010199485 
Elapsed: 4.511951684951782

*** Epoch 1, batch 181/520 ***
Training fitness: 0.9708540859619996
Model size: (9, 20)
Validation fitness: 0.9630517410942172 
Elapsed: 4.470229625701904

*** Epoch 1, batch 182/520 ***
Training fitness: 0.9649498409591387
Model size: (9, 20)
Validation fitness: 0.9630517410942172 
Elapsed: 4.268812656402588

*** Epoch 1, batch 183/520 ***
Training fitness: 0.9697303921568629
Model size: (4, 7)
Validation fitness: 0.9583179180540418 
Elapsed: 3.8870246410369873

*** Epoch 1, batch 184/520 ***
Training fitness: 0.9731379731379732
Model size: (4, 8)
Validation fitness: 0.9591370201590281 
Elapsed: 3.837292432785034

*** Epoch 1, batch 185/520 ***
Training fitness: 0.9668255131964809
Model size: (10, 20)
Validation fitness: 0.9582093930227596 
Elapsed: 4.077125549316406

*** Epoch 1, batch 186/520 ***
Training fitness: 0.9654952890247008
Model size: (5, 11)
Validation fitness: 0.9597348234995846 
Elapsed: 3.8703877925872803

*** Epoch 1, batch 187/520 ***
Training fitness: 0.9567765567765567
Model size: (8, 19)
Validation fitness: 0.960950007173347 
Elapsed: 4.325575828552246

*** Epoch 1, batch 188/520 ***
Training fitness: 0.9775808133472368
Model size: (8, 12)
Validation fitness: 0.9503282982919814 
Elapsed: 3.9364569187164307

*** Epoch 1, batch 189/520 ***
Training fitness: 0.9741805530122688
Model size: (8, 19)
Validation fitness: 0.960950007173347 
Elapsed: 4.3862645626068115

*** Epoch 1, batch 190/520 ***
Training fitness: 0.9714460784313725
Model size: (7, 10)
Validation fitness: 0.952712854744172 
Elapsed: 3.8869059085845947

*** Epoch 1, batch 191/520 ***
Training fitness: 0.970431588613407
Model size: (4, 6)
Validation fitness: 0.9642733344475187 
Elapsed: 4.236024618148804

*** Epoch 1, batch 192/520 ***
Training fitness: 0.9841911764705884
Model size: (4, 12)
Validation fitness: 0.961546867375343 
Elapsed: 3.9660611152648926

*** Epoch 1, batch 193/520 ***
Training fitness: 0.9686861810755616
Model size: (4, 6)
Validation fitness: 0.9642733344475187 
Elapsed: 3.7459285259246826

*** Epoch 1, batch 194/520 ***
Training fitness: 0.9708333333333333
Model size: (6, 11)
Validation fitness: 0.9647041931061369 
Elapsed: 3.8317267894744873

*** Epoch 1, batch 195/520 ***
Training fitness: 0.9731631382316315
Model size: (3, 6)
Validation fitness: 0.9581369819573383 
Elapsed: 3.7248458862304688

*** Epoch 1, batch 196/520 ***
Training fitness: 0.975341796875
Model size: (5, 8)
Validation fitness: 0.9581176247251301 
Elapsed: 3.683711290359497

*** Epoch 1, batch 197/520 ***
Training fitness: 0.973992516714715
Model size: (5, 8)
Validation fitness: 0.9581176247251301 
Elapsed: 3.4671268463134766

*** Epoch 1, batch 198/520 ***
Training fitness: 0.9768662638100469
Model size: (10, 15)
Validation fitness: 0.954844402831584 
Elapsed: 3.775113821029663

*** Epoch 1, batch 199/520 ***
Training fitness: 0.9683493835490401
Model size: (5, 8)
Validation fitness: 0.9591830782848593 
Elapsed: 3.3789162635803223

*** Epoch 1, batch 200/520 ***
Training fitness: 0.9755739210284664
Model size: (5, 8)
Validation fitness: 0.9591830782848593 
Elapsed: 3.1942787170410156

*** Epoch 1, batch 201/520 ***
Training fitness: 0.9745421245421246
Model size: (4, 12)
Validation fitness: 0.961546867375343 
Elapsed: 3.4453952312469482

*** Epoch 1, batch 202/520 ***
Training fitness: 0.9772311573636077
Model size: (5, 13)
Validation fitness: 0.9514998686748228 
Elapsed: 3.4013428688049316

*** Epoch 1, batch 203/520 ***
Training fitness: 0.9618306351183061
Model size: (5, 12)
Validation fitness: 0.9571704297528972 
Elapsed: 3.653237819671631

*** Epoch 1, batch 204/520 ***
Training fitness: 0.979268519091528
Model size: (9, 15)
Validation fitness: 0.9619021925389353 
Elapsed: 3.669605255126953

*** Epoch 1, batch 205/520 ***
Training fitness: 0.981434494708831
Model size: (9, 15)
Validation fitness: 0.9619021925389353 
Elapsed: 3.7856626510620117

*** Epoch 1, batch 206/520 ***
Training fitness: 0.9843511217067057
Model size: (3, 8)
Validation fitness: 0.960095871591337 
Elapsed: 4.043370246887207

*** Epoch 1, batch 207/520 ***
Training fitness: 0.9588054187192118
Model size: (6, 13)
Validation fitness: 0.9541652698143614 
Elapsed: 3.6900136470794678

*** Epoch 1, batch 208/520 ***
Training fitness: 0.9819159335288368
Model size: (4, 12)
Validation fitness: 0.9494394497169246 
Elapsed: 3.653613805770874

*** Epoch 1, batch 209/520 ***
Training fitness: 0.962377450980392
Model size: (3, 8)
Validation fitness: 0.9607633389917984 
Elapsed: 3.5680530071258545

*** Epoch 1, batch 210/520 ***
Training fitness: 0.9731646188642337
Model size: (9, 22)
Validation fitness: 0.9544233051992354 
Elapsed: 4.342687606811523

*** Epoch 1, batch 211/520 ***
Training fitness: 0.9616801768607222
Model size: (5, 12)
Validation fitness: 0.9593551232403735 
Elapsed: 3.864532232284546

*** Epoch 1, batch 212/520 ***
Training fitness: 0.9676108374384236
Model size: (8, 21)
Validation fitness: 0.9613247261958878 
Elapsed: 4.251664638519287

*** Epoch 1, batch 213/520 ***
Training fitness: 0.9717524509803923
Model size: (2, 7)
Validation fitness: 0.9589208491382296 
Elapsed: 3.6112561225891113

*** Epoch 1, batch 214/520 ***
Training fitness: 0.955233134920635
Model size: (5, 11)
Validation fitness: 0.9620368141226264 
Elapsed: 3.525981903076172

*** Epoch 1, batch 215/520 ***
Training fitness: 0.9717862595419847
Model size: (8, 21)
Validation fitness: 0.9613247261958878 
Elapsed: 4.211380481719971

*** Epoch 1, batch 216/520 ***
Training fitness: 0.9501803288709578
Model size: (3, 8)
Validation fitness: 0.9607633389917984 
Elapsed: 3.6525065898895264

*** Epoch 1, batch 217/520 ***
Training fitness: 0.9817937438905181
Model size: (5, 9)
Validation fitness: 0.9499060377606308 
Elapsed: 3.7238428592681885

*** Epoch 1, batch 218/520 ***
Training fitness: 0.9806646898937484
Model size: (7, 18)
Validation fitness: 0.956455924461304 
Elapsed: 4.2087788581848145

*** Epoch 1, batch 219/520 ***
Training fitness: 0.9684720603569896
Model size: (6, 12)
Validation fitness: 0.9622245078529013 
Elapsed: 3.7837719917297363

*** Epoch 1, batch 220/520 ***
Training fitness: 0.9724487274524338
Model size: (5, 11)
Validation fitness: 0.962146749283407 
Elapsed: 3.7684438228607178

*** Epoch 1, batch 221/520 ***
Training fitness: 0.971800036623329
Model size: (7, 14)
Validation fitness: 0.9543067405984744 
Elapsed: 4.0732526779174805

*** Epoch 1, batch 222/520 ***
Training fitness: 0.9613623878410548
Model size: (11, 20)
Validation fitness: 0.9664544751411933 
Elapsed: 3.7330071926116943

*** Epoch 1, batch 223/520 ***
Training fitness: 0.9466605392156863
Model size: (11, 20)
Validation fitness: 0.9664544751411933 
Elapsed: 3.667937755584717

*** Epoch 1, batch 224/520 ***
Training fitness: 0.9687805474095796
Model size: (6, 15)
Validation fitness: 0.9524531162158776 
Elapsed: 4.129457950592041

*** Epoch 1, batch 225/520 ***
Training fitness: 0.9518620268620268
Model size: (11, 20)
Validation fitness: 0.9664544751411933 
Elapsed: 3.797393798828125

*** Epoch 1, batch 226/520 ***
Training fitness: 0.9716779588597937
Model size: (6, 17)
Validation fitness: 0.9626018823141083 
Elapsed: 3.876276969909668

*** Epoch 1, batch 227/520 ***
Training fitness: 0.9797313797313797
Model size: (6, 14)
Validation fitness: 0.9560149751357543 
Elapsed: 3.7324411869049072

*** Epoch 1, batch 228/520 ***
Training fitness: 0.9818794000612182
Model size: (3, 8)
Validation fitness: 0.9607633389917984 
Elapsed: 3.608227014541626

*** Epoch 1, batch 229/520 ***
Training fitness: 0.972763358778626
Model size: (3, 8)
Validation fitness: 0.9589643708623 
Elapsed: 3.5504660606384277

*** Epoch 1, batch 230/520 ***
Training fitness: 0.970857771260997
Model size: (11, 19)
Validation fitness: 0.9656513697649994 
Elapsed: 3.8960700035095215

*** Epoch 1, batch 231/520 ***
Training fitness: 0.9711925242898695
Model size: (8, 18)
Validation fitness: 0.9621554023507848 
Elapsed: 3.564350128173828

*** Epoch 1, batch 232/520 ***
Training fitness: 0.9595057499388304
Model size: (11, 20)
Validation fitness: 0.9664544751411933 
Elapsed: 3.657557487487793

*** Epoch 1, batch 233/520 ***
Training fitness: 0.9752671755725191
Model size: (7, 16)
Validation fitness: 0.9573662088360766 
Elapsed: 3.8815364837646484

*** Epoch 1, batch 234/520 ***
Training fitness: 0.9738320610687023
Model size: (8, 18)
Validation fitness: 0.9621554023507848 
Elapsed: 3.7557806968688965

*** Epoch 1, batch 235/520 ***
Training fitness: 0.975999490705373
Model size: (3, 8)
Validation fitness: 0.9599568914255593 
Elapsed: 3.652423143386841

*** Epoch 1, batch 236/520 ***
Training fitness: 0.9537558111083924
Model size: (4, 9)
Validation fitness: 0.9539006599296174 
Elapsed: 3.494058847427368

*** Epoch 1, batch 237/520 ***
Training fitness: 0.9789377289377289
Model size: (3, 8)
Validation fitness: 0.9599568914255593 
Elapsed: 3.416518211364746

*** Epoch 1, batch 238/520 ***
Training fitness: 0.971407489393101
Model size: (3, 6)
Validation fitness: 0.961813281127043 
Elapsed: 3.436699151992798

*** Epoch 1, batch 239/520 ***
Training fitness: 0.965688987271721
Model size: (7, 15)
Validation fitness: 0.9598729887203925 
Elapsed: 3.7025680541992188

*** Epoch 1, batch 240/520 ***
Training fitness: 0.9812824314306894
Model size: (3, 6)
Validation fitness: 0.9551567098887841 
Elapsed: 3.5168650150299072

*** Epoch 1, batch 241/520 ***
Training fitness: 0.9561950146627567
Model size: (7, 15)
Validation fitness: 0.9598729887203925 
Elapsed: 3.709465980529785

*** Epoch 1, batch 242/520 ***
Training fitness: 0.96649169921875
Model size: (7, 17)
Validation fitness: 0.9531012446975011 
Elapsed: 4.0092933177948

*** Epoch 1, batch 243/520 ***
Training fitness: 0.9671258034894399
Model size: (7, 17)
Validation fitness: 0.9531012446975011 
Elapsed: 3.8944969177246094

*** Epoch 1, batch 244/520 ***
Training fitness: 0.960973819427453
Model size: (2, 5)
Validation fitness: 0.9605502812439188 
Elapsed: 3.257830858230591

*** Epoch 1, batch 245/520 ***
Training fitness: 0.9496996996996997
Model size: (3, 6)
Validation fitness: 0.9579665394217085 
Elapsed: 3.4063093662261963

*** Epoch 1, batch 246/520 ***
Training fitness: 0.972213702999448
Model size: (3, 6)
Validation fitness: 0.9603952402525531 
Elapsed: 3.483055830001831

*** Epoch 1, batch 247/520 ***
Training fitness: 0.9688461538461538
Model size: (4, 9)
Validation fitness: 0.9577026162883435 
Elapsed: 3.5310869216918945

*** Epoch 1, batch 248/520 ***
Training fitness: 0.9721245760098673
Model size: (5, 12)
Validation fitness: 0.9600569923065898 
Elapsed: 3.4257893562316895

*** Epoch 1, batch 249/520 ***
Training fitness: 0.9642922541659037
Model size: (5, 14)
Validation fitness: 0.9638516874140668 
Elapsed: 3.5908098220825195

*** Epoch 1, batch 250/520 ***
Training fitness: 0.9581868640148011
Model size: (4, 11)
Validation fitness: 0.9625628839924554 
Elapsed: 3.3545498847961426

*** Epoch 1, batch 251/520 ***
Training fitness: 0.9636641221374046
Model size: (5, 12)
Validation fitness: 0.9622784041011402 
Elapsed: 3.6132476329803467

*** Epoch 1, batch 252/520 ***
Training fitness: 0.9791411793491558
Model size: (5, 11)
Validation fitness: 0.9591142932667196 
Elapsed: 3.89206862449646

*** Epoch 1, batch 253/520 ***
Training fitness: 0.9835954363243908
Model size: (5, 9)
Validation fitness: 0.9559113764010323 
Elapsed: 3.3506083488464355

*** Epoch 1, batch 254/520 ***
Training fitness: 0.9691471163245357
Model size: (6, 13)
Validation fitness: 0.9562592205529341 
Elapsed: 3.7820534706115723

*** Epoch 1, batch 255/520 ***
Training fitness: 0.9622455881448688
Model size: (3, 7)
Validation fitness: 0.9624834314362256 
Elapsed: 3.6504292488098145

*** Epoch 1, batch 256/520 ***
Training fitness: 0.9772324971006532
Model size: (4, 8)
Validation fitness: 0.9562153875015718 
Elapsed: 3.7087655067443848

*** Epoch 1, batch 257/520 ***
Training fitness: 0.9627062503833651
Model size: (9, 14)
Validation fitness: 0.9578293905929419 
Elapsed: 3.96618390083313

*** Epoch 1, batch 258/520 ***
Training fitness: 0.9832112332112333
Model size: (6, 12)
Validation fitness: 0.9581022323375512 
Elapsed: 3.8560404777526855

*** Epoch 1, batch 259/520 ***
Training fitness: 0.9755873152180581
Model size: (3, 8)
Validation fitness: 0.9554113756135574 
Elapsed: 3.7064056396484375

*** Epoch 1, batch 260/520 ***
Training fitness: 0.9708791208791209
Model size: (5, 13)
Validation fitness: 0.9607910654341476 
Elapsed: 3.786864757537842

*** Epoch 1, batch 261/520 ***
Training fitness: 0.9782994070542208
Model size: (5, 14)
Validation fitness: 0.9598671467553268 
Elapsed: 3.843639612197876

*** Epoch 1, batch 262/520 ***
Training fitness: 0.97125030584781
Model size: (7, 17)
Validation fitness: 0.9644110418340736 
Elapsed: 4.040844917297363

*** Epoch 1, batch 263/520 ***
Training fitness: 0.9902194510666912
Model size: (6, 13)
Validation fitness: 0.9593248970230043 
Elapsed: 4.031588315963745

*** Epoch 1, batch 264/520 ***
Training fitness: 0.9559909662454984
Model size: (4, 10)
Validation fitness: 0.9565310459055022 
Elapsed: 3.4997453689575195

*** Epoch 1, batch 265/520 ***
Training fitness: 0.9852941176470588
Model size: (8, 15)
Validation fitness: 0.9545273983949504 
Elapsed: 3.940601110458374

*** Epoch 1, batch 266/520 ***
Training fitness: 0.9746664207095862
Model size: (3, 8)
Validation fitness: 0.9554113756135574 
Elapsed: 3.596409559249878

*** Epoch 1, batch 267/520 ***
Training fitness: 0.9757675639382286
Model size: (7, 17)
Validation fitness: 0.9644110418340736 
Elapsed: 3.8094372749328613

*** Epoch 1, batch 268/520 ***
Training fitness: 0.9772263135094993
Model size: (7, 17)
Validation fitness: 0.9644110418340736 
Elapsed: 3.808516263961792

*** Epoch 1, batch 269/520 ***
Training fitness: 0.9700635386119257
Model size: (5, 11)
Validation fitness: 0.9591142932667196 
Elapsed: 3.7688095569610596

*** Epoch 1, batch 270/520 ***
Training fitness: 0.9746376811594202
Model size: (3, 8)
Validation fitness: 0.9592567712861886 
Elapsed: 3.480557918548584

*** Epoch 1, batch 271/520 ***
Training fitness: 0.9530791788856305
Model size: (2, 8)
Validation fitness: 0.9584732520593293 
Elapsed: 3.6439311504364014

*** Epoch 1, batch 272/520 ***
Training fitness: 0.9543369219476389
Model size: (7, 15)
Validation fitness: 0.9532202175064317 
Elapsed: 3.780759572982788

*** Epoch 1, batch 273/520 ***
Training fitness: 0.9653929791860827
Model size: (7, 17)
Validation fitness: 0.9644110418340736 
Elapsed: 3.6810100078582764

*** Epoch 1, batch 274/520 ***
Training fitness: 0.9740204168958982
Model size: (4, 11)
Validation fitness: 0.9609070073803248 
Elapsed: 3.7111053466796875

*** Epoch 1, batch 275/520 ***
Training fitness: 0.986842105263158
Model size: (4, 11)
Validation fitness: 0.9609070073803248 
Elapsed: 3.647369861602783

*** Epoch 1, batch 276/520 ***
Training fitness: 0.9560918693195776
Model size: (7, 17)
Validation fitness: 0.9644110418340736 
Elapsed: 3.869504451751709

*** Epoch 1, batch 277/520 ***
Training fitness: 0.9739125122189638
Model size: (5, 13)
Validation fitness: 0.9590999081144969 
Elapsed: 3.609348773956299

*** Epoch 1, batch 278/520 ***
Training fitness: 0.9716003189597008
Model size: (7, 20)
Validation fitness: 0.9621560707887938 
Elapsed: 3.4828484058380127

*** Epoch 1, batch 279/520 ***
Training fitness: 0.9577464788732395
Model size: (4, 9)
Validation fitness: 0.9591619263423802 
Elapsed: 3.1335513591766357

*** Epoch 1, batch 280/520 ***
Training fitness: 0.9424606845513414
Model size: (4, 11)
Validation fitness: 0.9608074192736573 
Elapsed: 3.2826709747314453

*** Epoch 1, batch 281/520 ***
Training fitness: 0.9513576076076076
Model size: (4, 10)
Validation fitness: 0.9581811446493624 
Elapsed: 3.288271903991699

*** Epoch 1, batch 282/520 ***
Training fitness: 0.9708029197080292
Model size: (4, 11)
Validation fitness: 0.9627037504353544 
Elapsed: 3.21077299118042

*** Epoch 1, batch 283/520 ***
Training fitness: 0.9649498409591387
Model size: (7, 17)
Validation fitness: 0.9597861375626375 
Elapsed: 3.6267058849334717

*** Epoch 1, batch 284/520 ***
Training fitness: 0.9681221374045802
Model size: (3, 9)
Validation fitness: 0.9599638962896272 
Elapsed: 3.338773488998413

*** Epoch 1, batch 285/520 ***
Training fitness: 0.972410425441006
Model size: (4, 12)
Validation fitness: 0.9568096655183816 
Elapsed: 3.2368664741516113

*** Epoch 1, batch 286/520 ***
Training fitness: 0.9754042919510545
Model size: (4, 13)
Validation fitness: 0.9619484337984674 
Elapsed: 3.3368284702301025

*** Epoch 1, batch 287/520 ***
Training fitness: 0.9805285967161081
Model size: (4, 10)
Validation fitness: 0.9597629162093361 
Elapsed: 3.543459177017212

*** Epoch 1, batch 288/520 ***
Training fitness: 0.980915096647908
Model size: (7, 16)
Validation fitness: 0.9593436865407388 
Elapsed: 3.8194732666015625

*** Epoch 1, batch 289/520 ***
Training fitness: 0.9817460317460318
Model size: (5, 13)
Validation fitness: 0.9532947162960462 
Elapsed: 3.452744483947754

*** Epoch 1, batch 290/520 ***
Training fitness: 0.9794306703397612
Model size: (4, 12)
Validation fitness: 0.955807539592499 
Elapsed: 3.3260843753814697

*** Epoch 1, batch 291/520 ***
Training fitness: 0.9805000305642155
Model size: (7, 17)
Validation fitness: 0.9597861375626375 
Elapsed: 3.9166829586029053

*** Epoch 1, batch 292/520 ***
Training fitness: 0.9692401960784314
Model size: (7, 11)
Validation fitness: 0.9575400759719173 
Elapsed: 3.5134236812591553

*** Epoch 1, batch 293/520 ***
Training fitness: 0.9755321751896256
Model size: (7, 17)
Validation fitness: 0.9597861375626375 
Elapsed: 3.7755770683288574

*** Epoch 1, batch 294/520 ***
Training fitness: 0.9667033235581622
Model size: (6, 11)
Validation fitness: 0.9573781308400193 
Elapsed: 3.3706324100494385

*** Epoch 1, batch 295/520 ***
Training fitness: 0.9797961188897076
Model size: (6, 17)
Validation fitness: 0.9603403642390133 
Elapsed: 3.4793701171875

*** Epoch 1, batch 296/520 ***
Training fitness: 0.9583437110834372
Model size: (7, 17)
Validation fitness: 0.9597861375626375 
Elapsed: 3.7253072261810303

*** Epoch 1, batch 297/520 ***
Training fitness: 0.9631935542940853
Model size: (7, 11)
Validation fitness: 0.9575400759719173 
Elapsed: 3.359086036682129

*** Epoch 1, batch 298/520 ***
Training fitness: 0.9739670705187947
Model size: (4, 9)
Validation fitness: 0.9604835839499719 
Elapsed: 3.384204626083374

*** Epoch 1, batch 299/520 ***
Training fitness: 0.9772783099975435
Model size: (7, 11)
Validation fitness: 0.9575400759719173 
Elapsed: 3.4424071311950684

*** Epoch 1, batch 300/520 ***
Training fitness: 0.9671129042117489
Model size: (7, 17)
Validation fitness: 0.9600862753853986 
Elapsed: 3.6457386016845703

*** Epoch 1, batch 301/520 ***
Training fitness: 0.9663461538461539
Model size: (7, 11)
Validation fitness: 0.9575400759719173 
Elapsed: 3.4180006980895996

*** Epoch 1, batch 302/520 ***
Training fitness: 0.9823003391921061
Model size: (7, 13)
Validation fitness: 0.9583208756633147 
Elapsed: 3.482607364654541

*** Epoch 1, batch 303/520 ***
Training fitness: 0.970485686322486
Model size: (4, 15)
Validation fitness: 0.963616635308683 
Elapsed: 3.5556514263153076

*** Epoch 1, batch 304/520 ***
Training fitness: 0.9751847290640394
Model size: (6, 13)
Validation fitness: 0.9623869108190518 
Elapsed: 3.2305409908294678

*** Epoch 1, batch 305/520 ***
Training fitness: 0.9595114503816795
Model size: (8, 15)
Validation fitness: 0.9604474333573714 
Elapsed: 3.5428388118743896

*** Epoch 1, batch 306/520 ***
Training fitness: 0.9747175572519083
Model size: (9, 19)
Validation fitness: 0.9556217870794559 
Elapsed: 3.295393705368042

*** Epoch 1, batch 307/520 ***
Training fitness: 0.9731793743890518
Model size: (4, 11)
Validation fitness: 0.9591592342769736 
Elapsed: 3.482480049133301

*** Epoch 1, batch 308/520 ***
Training fitness: 0.9604105571847507
Model size: (5, 13)
Validation fitness: 0.9563724521203347 
Elapsed: 3.3590593338012695

*** Epoch 1, batch 309/520 ***
Training fitness: 0.9803358778625955
Model size: (7, 11)
Validation fitness: 0.9484276909583633 
Elapsed: 3.4428820610046387

*** Epoch 1, batch 310/520 ***
Training fitness: 0.9842288648450394
Model size: (4, 9)
Validation fitness: 0.9604835839499719 
Elapsed: 3.384190559387207

*** Epoch 1, batch 311/520 ***
Training fitness: 0.9682277318640955
Model size: (7, 14)
Validation fitness: 0.9586243923028612 
Elapsed: 3.5759599208831787

*** Epoch 1, batch 312/520 ***
Training fitness: 0.9684274809160307
Model size: (8, 15)
Validation fitness: 0.9604474333573714 
Elapsed: 3.573085069656372

*** Epoch 1, batch 313/520 ***
Training fitness: 0.9708907254361799
Model size: (7, 13)
Validation fitness: 0.9583208756633147 
Elapsed: 3.4452309608459473

*** Epoch 1, batch 314/520 ***
Training fitness: 0.9617947307292621
Model size: (8, 15)
Validation fitness: 0.9604474333573714 
Elapsed: 3.3693125247955322

*** Epoch 1, batch 315/520 ***
Training fitness: 0.9672771672771673
Model size: (7, 12)
Validation fitness: 0.953746186652725 
Elapsed: 3.484908103942871

*** Epoch 1, batch 316/520 ***
Training fitness: 0.944792434291329
Model size: (8, 15)
Validation fitness: 0.9604474333573714 
Elapsed: 3.5289981365203857

*** Epoch 1, batch 317/520 ***
Training fitness: 0.9661959777492511
Model size: (7, 9)
Validation fitness: 0.9574587279818808 
Elapsed: 3.4269323348999023

*** Epoch 1, batch 318/520 ***
Training fitness: 0.9680255795363709
Model size: (8, 15)
Validation fitness: 0.9604474333573714 
Elapsed: 3.4185962677001953

*** Epoch 1, batch 319/520 ***
Training fitness: 0.9764836932978527
Model size: (7, 12)
Validation fitness: 0.953746186652725 
Elapsed: 3.4177377223968506

*** Epoch 1, batch 320/520 ***
Training fitness: 0.9666543846720708
Model size: (4, 9)
Validation fitness: 0.9604835839499719 
Elapsed: 3.508415699005127

*** Epoch 1, batch 321/520 ***
Training fitness: 0.9730676996864047
Model size: (7, 9)
Validation fitness: 0.9574587279818808 
Elapsed: 3.536008834838867

*** Epoch 1, batch 322/520 ***
Training fitness: 0.9635368628174383
Model size: (6, 10)
Validation fitness: 0.9593818332906815 
Elapsed: 3.157618284225464

*** Epoch 1, batch 323/520 ***
Training fitness: 0.967032967032967
Model size: (7, 15)
Validation fitness: 0.9559170352323969 
Elapsed: 3.390673875808716

*** Epoch 1, batch 324/520 ***
Training fitness: 0.9686717557251908
Model size: (8, 11)
Validation fitness: 0.962295600355675 
Elapsed: 3.0783066749572754

*** Epoch 1, batch 325/520 ***
Training fitness: 0.9569023569023569
Model size: (7, 9)
Validation fitness: 0.9574587279818808 
Elapsed: 3.3117730617523193

*** Epoch 1, batch 326/520 ***
Training fitness: 0.966256157635468
Model size: (8, 14)
Validation fitness: 0.9549784933275419 
Elapsed: 3.2277615070343018

*** Epoch 1, batch 327/520 ***
Training fitness: 0.9786617329633056
Model size: (7, 10)
Validation fitness: 0.9574342430060414 
Elapsed: 3.158234119415283

*** Epoch 1, batch 328/520 ***
Training fitness: 0.9628694581280788
Model size: (6, 10)
Validation fitness: 0.9593818332906815 
Elapsed: 1.7937085628509521

*** Epoch 1, batch 329/520 ***
Training fitness: 0.9553719008264463
Model size: (8, 13)
Validation fitness: 0.9630047398298256 
Elapsed: 1.7176570892333984

*** Epoch 1, batch 330/520 ***
Training fitness: 0.9488827670645852
Model size: (7, 10)
Validation fitness: 0.9638252795343657 
Elapsed: 1.7344460487365723

*** Epoch 1, batch 331/520 ***
Training fitness: 0.9716030534351145
Model size: (1, 4)
Validation fitness: 0.9510412744171706 
Elapsed: 1.6387863159179688

*** Epoch 1, batch 332/520 ***
Training fitness: 0.9809279295800477
Model size: (7, 11)
Validation fitness: 0.964024034540188 
Elapsed: 1.7121376991271973

*** Epoch 1, batch 333/520 ***
Training fitness: 0.9827880859375
Model size: (4, 9)
Validation fitness: 0.9404416972435851 
Elapsed: 1.7464771270751953

*** Epoch 1, batch 334/520 ***
Training fitness: 0.98522859061222
Model size: (7, 10)
Validation fitness: 0.9638252795343657 
Elapsed: 1.7305140495300293

*** Epoch 1, batch 335/520 ***
Training fitness: 0.9793385903783849
Model size: (6, 9)
Validation fitness: 0.9575845225211782 
Elapsed: 1.6539607048034668

*** Epoch 1, batch 336/520 ***
Training fitness: 0.9681040299331412
Model size: (9, 19)
Validation fitness: 0.9570458896794527 
Elapsed: 1.7182669639587402

*** Epoch 1, batch 337/520 ***
Training fitness: 0.980295566502463
Model size: (7, 9)
Validation fitness: 0.9652689865970672 
Elapsed: 1.7342512607574463

*** Epoch 1, batch 338/520 ***
Training fitness: 0.9731291889565271
Model size: (7, 9)
Validation fitness: 0.9652689865970672 
Elapsed: 1.8334968090057373

*** Epoch 1, batch 339/520 ***
Training fitness: 0.9708335946810512
Model size: (7, 11)
Validation fitness: 0.964024034540188 
Elapsed: 1.7141602039337158

*** Epoch 1, batch 340/520 ***
Training fitness: 0.9610961585515048
Model size: (7, 9)
Validation fitness: 0.9652689865970672 
Elapsed: 1.8619461059570312

*** Epoch 1, batch 341/520 ***
Training fitness: 0.9673029556650247
Model size: (7, 15)
Validation fitness: 0.963451045816133 
Elapsed: 1.7873263359069824

*** Epoch 1, batch 342/520 ***
Training fitness: 0.9707925966918773
Model size: (7, 9)
Validation fitness: 0.9652689865970672 
Elapsed: 1.8120877742767334

*** Epoch 1, batch 343/520 ***
Training fitness: 0.9601221374045802
Model size: (9, 17)
Validation fitness: 0.9633117085396381 
Elapsed: 1.7804958820343018

*** Epoch 1, batch 344/520 ***
Training fitness: 0.954948346475946
Model size: (9, 17)
Validation fitness: 0.9633117085396381 
Elapsed: 1.8071978092193604

*** Epoch 1, batch 345/520 ***
Training fitness: 0.9789833822091887
Model size: (9, 16)
Validation fitness: 0.9528044215947306 
Elapsed: 1.8341922760009766

*** Epoch 1, batch 346/520 ***
Training fitness: 0.9667786259541984
Model size: (10, 16)
Validation fitness: 0.9627405236825388 
Elapsed: 1.961104393005371

*** Epoch 1, batch 347/520 ***
Training fitness: 0.9761962890625
Model size: (10, 16)
Validation fitness: 0.9627405236825388 
Elapsed: 1.9351418018341064

*** Epoch 1, batch 348/520 ***
Training fitness: 0.9549898542704297
Model size: (9, 20)
Validation fitness: 0.9591639041863522 
Elapsed: 1.6297519207000732

*** Epoch 1, batch 349/520 ***
Training fitness: 0.9510361269026224
Model size: (8, 15)
Validation fitness: 0.95489621135563 
Elapsed: 1.6944785118103027

*** Epoch 1, batch 350/520 ***
Training fitness: 0.9593526068692859
Model size: (9, 15)
Validation fitness: 0.9513146838762533 
Elapsed: 1.7820286750793457

*** Epoch 1, batch 351/520 ***
Training fitness: 0.9707074428887251
Model size: (7, 16)
Validation fitness: 0.9567092807801143 
Elapsed: 1.7951483726501465

*** Epoch 1, batch 352/520 ***
Training fitness: 0.9636641221374045
Model size: (10, 23)
Validation fitness: 0.9596554350401504 
Elapsed: 1.6162128448486328

*** Epoch 1, batch 353/520 ***
Training fitness: 0.9611603053435115
Model size: (9, 16)
Validation fitness: 0.953169590194758 
Elapsed: 1.7081568241119385

*** Epoch 1, batch 354/520 ***
Training fitness: 0.972039072039072
Model size: (10, 20)
Validation fitness: 0.961129697960883 
Elapsed: 1.9376451969146729

*** Epoch 1, batch 355/520 ***
Training fitness: 0.9734702610183996
Model size: (6, 13)
Validation fitness: 0.9431444118747261 
Elapsed: 1.6322731971740723

*** Epoch 1, batch 356/520 ***
Training fitness: 0.9655024509803922
Model size: (8, 12)
Validation fitness: 0.9506788986060851 
Elapsed: 1.6790542602539062

*** Epoch 1, batch 357/520 ***
Training fitness: 0.9572044334975369
Model size: (6, 8)
Validation fitness: 0.9585000078930624 
Elapsed: 1.6523523330688477

*** Epoch 1, batch 358/520 ***
Training fitness: 0.9709770645022444
Model size: (8, 12)
Validation fitness: 0.9573747428665486 
Elapsed: 1.7303686141967773

*** Epoch 1, batch 359/520 ***
Training fitness: 0.9660798626019751
Model size: (9, 16)
Validation fitness: 0.953169590194758 
Elapsed: 1.8354651927947998

*** Epoch 1, batch 360/520 ***
Training fitness: 0.9684139784946236
Model size: (8, 17)
Validation fitness: 0.9626686253914801 
Elapsed: 1.7833566665649414

*** Epoch 1, batch 361/520 ***
Training fitness: 0.987060546875
Model size: (9, 13)
Validation fitness: 0.9510827358871036 
Elapsed: 1.6947929859161377

*** Epoch 1, batch 362/520 ***
Training fitness: 0.9715506715506715
Model size: (7, 15)
Validation fitness: 0.9532842868317674 
Elapsed: 1.7903757095336914

*** Epoch 1, batch 363/520 ***
Training fitness: 0.9675067951569063
Model size: (6, 10)
Validation fitness: 0.9646733167641287 
Elapsed: 1.9000599384307861

*** Epoch 1, batch 364/520 ***
Training fitness: 0.980683415856715
Model size: (7, 15)
Validation fitness: 0.9449794115599193 
Elapsed: 1.9051270484924316

*** Epoch 1, batch 365/520 ***
Training fitness: 0.9673491975650249
Model size: (7, 15)
Validation fitness: 0.9532842868317674 
Elapsed: 1.8836326599121094

*** Epoch 1, batch 366/520 ***
Training fitness: 0.9801025390625
Model size: (7, 11)
Validation fitness: 0.959340426760859 
Elapsed: 1.740835189819336

*** Epoch 1, batch 367/520 ***
Training fitness: 0.956030534351145
Model size: (7, 12)
Validation fitness: 0.9306139278966724 
Elapsed: 1.8403165340423584

*** Epoch 1, batch 368/520 ***
Training fitness: 0.9598607038123167
Model size: (7, 9)
Validation fitness: 0.9589698282465933 
Elapsed: 1.8359827995300293

*** Epoch 1, batch 369/520 ***
Training fitness: 0.9709869349199534
Model size: (10, 18)
Validation fitness: 0.9609346605691935 
Elapsed: 1.9002907276153564

*** Epoch 1, batch 370/520 ***
Training fitness: 0.9857099236641221
Model size: (7, 11)
Validation fitness: 0.959340426760859 
Elapsed: 1.6948161125183105

*** Epoch 1, batch 371/520 ***
Training fitness: 0.9687634507778393
Model size: (7, 15)
Validation fitness: 0.9532842868317674 
Elapsed: 1.8136873245239258

*** Epoch 1, batch 372/520 ***
Training fitness: 0.9755374351371386
Model size: (8, 12)
Validation fitness: 0.9553696302863878 
Elapsed: 1.7015366554260254

*** Epoch 1, batch 373/520 ***
Training fitness: 0.9615575396825397
Model size: (10, 17)
Validation fitness: 0.9608951952566027 
Elapsed: 1.7907671928405762

*** Epoch 1, batch 374/520 ***
Training fitness: 0.9682880451450653
Model size: (7, 11)
Validation fitness: 0.959340426760859 
Elapsed: 1.6571972370147705

*** Epoch 1, batch 375/520 ***
Training fitness: 0.9827628968253967
Model size: (8, 13)
Validation fitness: 0.958828110231984 
Elapsed: 1.8805601596832275

*** Epoch 1, batch 376/520 ***
Training fitness: 0.9770992366412214
Model size: (10, 17)
Validation fitness: 0.9637206735642876 
Elapsed: 1.7575647830963135

*** Epoch 1, batch 377/520 ***
Training fitness: 0.9846525156259669
Model size: (9, 17)
Validation fitness: 0.9480480273258923 
Elapsed: 2.0115013122558594

*** Epoch 1, batch 378/520 ***
Training fitness: 0.9775682109503754
Model size: (10, 13)
Validation fitness: 0.9591829500912685 
Elapsed: 1.8293681144714355

*** Epoch 1, batch 379/520 ***
Training fitness: 0.9531298758035325
Model size: (11, 18)
Validation fitness: 0.9586091555789282 
Elapsed: 1.7364306449890137

*** Epoch 1, batch 380/520 ***
Training fitness: 0.9745148612134611
Model size: (8, 13)
Validation fitness: 0.9605921089812541 
Elapsed: 1.7119622230529785

*** Epoch 1, batch 381/520 ***
Training fitness: 0.9697950377562028
Model size: (8, 15)
Validation fitness: 0.9522155918055286 
Elapsed: 1.902050495147705

*** Epoch 1, batch 382/520 ***
Training fitness: 0.9737607525218144
Model size: (10, 18)
Validation fitness: 0.9620305143233079 
Elapsed: 1.736327886581421

*** Epoch 1, batch 383/520 ***
Training fitness: 0.9797367615549434
Model size: (9, 22)
Validation fitness: 0.9622629018333406 
Elapsed: 1.8742787837982178

*** Epoch 1, batch 384/520 ***
Training fitness: 0.9661631048882339
Model size: (7, 13)
Validation fitness: 0.9439454569967825 
Elapsed: 1.6982862949371338

*** Epoch 1, batch 385/520 ***
Training fitness: 0.9518893893893893
Model size: (9, 22)
Validation fitness: 0.9622629018333406 
Elapsed: 1.864393711090088

*** Epoch 1, batch 386/520 ***
Training fitness: 0.9743636696575719
Model size: (1, 4)
Validation fitness: 0.9547809103774068 
Elapsed: 1.7015714645385742

*** Epoch 1, batch 387/520 ***
Training fitness: 0.9837159473523109
Model size: (8, 12)
Validation fitness: 0.9576388582902995 
Elapsed: 1.7432467937469482

*** Epoch 1, batch 388/520 ***
Training fitness: 0.9712230215827338
Model size: (9, 16)
Validation fitness: 0.9605158521081087 
Elapsed: 1.82639741897583

*** Epoch 1, batch 389/520 ***
Training fitness: 0.9687174139728885
Model size: (9, 22)
Validation fitness: 0.9622629018333406 
Elapsed: 2.010124683380127

*** Epoch 1, batch 390/520 ***
Training fitness: 0.9606909601416102
Model size: (10, 18)
Validation fitness: 0.9620305143233079 
Elapsed: 1.7526979446411133

*** Epoch 1, batch 391/520 ***
Training fitness: 0.9753486665035479
Model size: (2, 6)
Validation fitness: 0.9590598476173774 
Elapsed: 1.771310806274414

*** Epoch 1, batch 392/520 ***
Training fitness: 0.9769098501596659
Model size: (9, 22)
Validation fitness: 0.9622629018333406 
Elapsed: 1.8923230171203613

*** Epoch 1, batch 393/520 ***
Training fitness: 0.9740434649525559
Model size: (2, 6)
Validation fitness: 0.9590598476173774 
Elapsed: 1.7398362159729004

*** Epoch 1, batch 394/520 ***
Training fitness: 0.97747802734375
Model size: (8, 19)
Validation fitness: 0.9641959787721669 
Elapsed: 1.9824039936065674

*** Epoch 1, batch 395/520 ***
Training fitness: 0.9684139784946236
Model size: (10, 18)
Validation fitness: 0.9620305143233079 
Elapsed: 1.914456844329834

*** Epoch 1, batch 396/520 ***
Training fitness: 0.9668558872001465
Model size: (8, 19)
Validation fitness: 0.9641959787721669 
Elapsed: 1.918304443359375

*** Epoch 1, batch 397/520 ***
Training fitness: 0.9657869012707723
Model size: (10, 18)
Validation fitness: 0.9622862239101778 
Elapsed: 1.7673759460449219

*** Epoch 1, batch 398/520 ***
Training fitness: 0.9808773216031281
Model size: (8, 19)
Validation fitness: 0.9641959787721669 
Elapsed: 1.9522449970245361

*** Epoch 1, batch 399/520 ***
Training fitness: 0.9782595419847329
Model size: (8, 19)
Validation fitness: 0.9641959787721669 
Elapsed: 1.915170669555664

*** Epoch 1, batch 400/520 ***
Training fitness: 0.9547345241008074
Model size: (8, 19)
Validation fitness: 0.9641959787721669 
Elapsed: 1.9277057647705078

*** Epoch 1, batch 401/520 ***
Training fitness: 0.980973560662219
Model size: (12, 17)
Validation fitness: 0.9640731876255679 
Elapsed: 1.9008736610412598

*** Epoch 1, batch 402/520 ***
Training fitness: 0.9712009803921569
Model size: (12, 17)
Validation fitness: 0.9640731876255679 
Elapsed: 1.9293594360351562

*** Epoch 1, batch 403/520 ***
Training fitness: 0.9691107835912552
Model size: (7, 14)
Validation fitness: 0.9598845719269882 
Elapsed: 2.036707878112793

*** Epoch 1, batch 404/520 ***
Training fitness: 0.976190476190476
Model size: (12, 17)
Validation fitness: 0.9640731876255679 
Elapsed: 1.9514214992523193

*** Epoch 1, batch 405/520 ***
Training fitness: 0.9722895309102206
Model size: (6, 11)
Validation fitness: 0.9570187309515771 
Elapsed: 1.9438939094543457

*** Epoch 1, batch 406/520 ***
Training fitness: 0.9627321603128055
Model size: (3, 6)
Validation fitness: 0.9546618917850506 
Elapsed: 1.6857759952545166

*** Epoch 1, batch 407/520 ***
Training fitness: 0.9662075298438936
Model size: (9, 18)
Validation fitness: 0.9536495469986455 
Elapsed: 2.108786106109619

*** Epoch 1, batch 408/520 ***
Training fitness: 0.9755739210284665
Model size: (6, 13)
Validation fitness: 0.959139620657584 
Elapsed: 1.763089895248413

*** Epoch 1, batch 409/520 ***
Training fitness: 0.9647741147741148
Model size: (9, 18)
Validation fitness: 0.9536495469986455 
Elapsed: 1.986198902130127

*** Epoch 1, batch 410/520 ***
Training fitness: 0.972290188402251
Model size: (12, 17)
Validation fitness: 0.9640731876255679 
Elapsed: 1.7724413871765137

*** Epoch 1, batch 411/520 ***
Training fitness: 0.9848013184398462
Model size: (9, 18)
Validation fitness: 0.9536495469986455 
Elapsed: 2.0651471614837646

*** Epoch 1, batch 412/520 ***
Training fitness: 0.9657404580152672
Model size: (10, 20)
Validation fitness: 0.9497225744188517 
Elapsed: 2.010087251663208

*** Epoch 1, batch 413/520 ***
Training fitness: 0.9606227106227107
Model size: (7, 15)
Validation fitness: 0.9575881485684603 
Elapsed: 1.9343762397766113

*** Epoch 1, batch 414/520 ***
Training fitness: 0.963969465648855
Model size: (9, 15)
Validation fitness: 0.9587784077455008 
Elapsed: 1.98130464553833

*** Epoch 1, batch 415/520 ***
Training fitness: 0.9688723205964584
Model size: (11, 18)
Validation fitness: 0.9570800990548214 
Elapsed: 1.6413350105285645

*** Epoch 1, batch 416/520 ***
Training fitness: 0.959162367968558
Model size: (5, 10)
Validation fitness: 0.9596457838941016 
Elapsed: 1.7261080741882324

*** Epoch 1, batch 417/520 ***
Training fitness: 0.9680298306742466
Model size: (7, 9)
Validation fitness: 0.955266516855974 
Elapsed: 1.4928081035614014

*** Epoch 1, batch 418/520 ***
Training fitness: 0.957496183206107
Model size: (8, 11)
Validation fitness: 0.9554222537554037 
Elapsed: 1.5553696155548096

*** Epoch 1, batch 419/520 ***
Training fitness: 0.9773949169110459
Model size: (11, 18)
Validation fitness: 0.9570800990548214 
Elapsed: 1.6051387786865234

*** Epoch 1, batch 420/520 ***
Training fitness: 0.9792888563049854
Model size: (13, 25)
Validation fitness: 0.9556828621687784 
Elapsed: 1.8483867645263672

*** Epoch 1, batch 421/520 ***
Training fitness: 0.9612676056338028
Model size: (5, 10)
Validation fitness: 0.9595916678854215 
Elapsed: 1.7217950820922852

*** Epoch 1, batch 422/520 ***
Training fitness: 0.9785928970128197
Model size: (4, 11)
Validation fitness: 0.956514774476158 
Elapsed: 1.7683796882629395

*** Epoch 1, batch 423/520 ***
Training fitness: 0.9807266009852217
Model size: (3, 10)
Validation fitness: 0.953692427754762 
Elapsed: 1.7302446365356445

*** Epoch 1, batch 424/520 ***
Training fitness: 0.9546209186496957
Model size: (8, 11)
Validation fitness: 0.9586488406519604 
Elapsed: 1.613553524017334

*** Epoch 1, batch 425/520 ***
Training fitness: 0.9588235294117647
Model size: (7, 9)
Validation fitness: 0.9610119246776946 
Elapsed: 1.5205914974212646

*** Epoch 1, batch 426/520 ***
Training fitness: 0.9717338217338216
Model size: (11, 18)
Validation fitness: 0.9581970864380447 
Elapsed: 1.6164488792419434

*** Epoch 1, batch 427/520 ***
Training fitness: 0.9702104232933693
Model size: (7, 12)
Validation fitness: 0.9546544931835255 
Elapsed: 1.5665132999420166

*** Epoch 1, batch 428/520 ***
Training fitness: 0.97613525390625
Model size: (13, 24)
Validation fitness: 0.9604522864004512 
Elapsed: 1.710062026977539

*** Epoch 1, batch 429/520 ***
Training fitness: 0.9758286028199963
Model size: (8, 11)
Validation fitness: 0.9586488406519604 
Elapsed: 1.5358376502990723

*** Epoch 1, batch 430/520 ***
Training fitness: 0.9731251913070096
Model size: (7, 6)
Validation fitness: 0.9558743284532963 
Elapsed: 1.5360980033874512

*** Epoch 1, batch 431/520 ***
Training fitness: 0.9645828235869831
Model size: (5, 12)
Validation fitness: 0.957796115199449 
Elapsed: 1.8131930828094482

*** Epoch 1, batch 432/520 ***
Training fitness: 0.9485581622678396
Model size: (6, 10)
Validation fitness: 0.9584676298547051 
Elapsed: 1.6556894779205322

*** Epoch 1, batch 433/520 ***
Training fitness: 0.9663948603904127
Model size: (9, 17)
Validation fitness: 0.9612851235330212 
Elapsed: 1.8105080127716064

*** Epoch 1, batch 434/520 ***
Training fitness: 0.9465811965811965
Model size: (6, 6)
Validation fitness: 0.9596267105191303 
Elapsed: 1.6413707733154297

*** Epoch 1, batch 435/520 ***
Training fitness: 0.9623655913978495
Model size: (8, 17)
Validation fitness: 0.9495597868719288 
Elapsed: 1.9180192947387695

*** Epoch 1, batch 436/520 ***
Training fitness: 0.9672478206724783
Model size: (8, 13)
Validation fitness: 0.9569621334812468 
Elapsed: 1.7800092697143555

*** Epoch 1, batch 437/520 ***
Training fitness: 0.9684352738884795
Model size: (7, 13)
Validation fitness: 0.9564061395646555 
Elapsed: 1.7042934894561768

*** Epoch 1, batch 438/520 ***
Training fitness: 0.9682266009852217
Model size: (9, 17)
Validation fitness: 0.9626654754918211 
Elapsed: 1.7389273643493652

*** Epoch 1, batch 439/520 ***
Training fitness: 0.9681085043988269
Model size: (8, 14)
Validation fitness: 0.9573926350291477 
Elapsed: 1.7994410991668701

*** Epoch 1, batch 440/520 ***
Training fitness: 0.9660737208875849
Model size: (9, 16)
Validation fitness: 0.9646294196159708 
Elapsed: 1.7694852352142334

*** Epoch 1, batch 441/520 ***
Training fitness: 0.9650076335877863
Model size: (9, 17)
Validation fitness: 0.9626654754918211 
Elapsed: 1.7657318115234375

*** Epoch 1, batch 442/520 ***
Training fitness: 0.9754013306476226
Model size: (6, 7)
Validation fitness: 0.949853927065978 
Elapsed: 1.783134937286377

*** Epoch 1, batch 443/520 ***
Training fitness: 0.9529311082584511
Model size: (6, 10)
Validation fitness: 0.9555058085065384 
Elapsed: 1.7738113403320312

*** Epoch 1, batch 444/520 ***
Training fitness: 0.98358154296875
Model size: (7, 11)
Validation fitness: 0.9586899450111761 
Elapsed: 1.8497376441955566

*** Epoch 1, batch 445/520 ***
Training fitness: 0.9771225838023
Model size: (9, 15)
Validation fitness: 0.9693847791793976 !!!
Elapsed: 1.9126033782958984

*** Epoch 1, batch 446/520 ***
Training fitness: 0.9746556473829202
Model size: (9, 15)
Validation fitness: 0.9693847791793976 
Elapsed: 1.9281284809112549

*** Epoch 1, batch 447/520 ***
Training fitness: 0.9858793324775352
Model size: (11, 18)
Validation fitness: 0.9695128445765888 !!!
Elapsed: 2.0315349102020264

*** Epoch 1, batch 448/520 ***
Training fitness: 0.9791514041514042
Model size: (6, 7)
Validation fitness: 0.9517275679621068 
Elapsed: 1.7658038139343262

*** Epoch 1, batch 449/520 ***
Training fitness: 0.9628405264768901
Model size: (10, 17)
Validation fitness: 0.9667410061299612 
Elapsed: 1.9772405624389648

*** Epoch 1, batch 450/520 ***
Training fitness: 0.957912457912458
Model size: (11, 18)
Validation fitness: 0.9695128445765888 
Elapsed: 1.932616949081421

*** Epoch 1, batch 451/520 ***
Training fitness: 0.9702775730778678
Model size: (11, 18)
Validation fitness: 0.9695128445765888 
Elapsed: 1.9027321338653564

*** Epoch 1, batch 452/520 ***
Training fitness: 0.9685310310310311
Model size: (7, 10)
Validation fitness: 0.9625463836459847 
Elapsed: 1.8487107753753662

*** Epoch 1, batch 453/520 ***
Training fitness: 0.968497675556643
Model size: (9, 18)
Validation fitness: 0.9579103448455207 
Elapsed: 2.0575053691864014

*** Epoch 1, batch 454/520 ***
Training fitness: 0.9831020659882825
Model size: (11, 18)
Validation fitness: 0.9695128445765888 
Elapsed: 1.9443650245666504

*** Epoch 1, batch 455/520 ***
Training fitness: 0.964055695270809
Model size: (7, 10)
Validation fitness: 0.9625463836459847 
Elapsed: 1.920271635055542

*** Epoch 1, batch 456/520 ***
Training fitness: 0.9724877450980391
Model size: (11, 18)
Validation fitness: 0.9695128445765888 
Elapsed: 1.9765021800994873

*** Epoch 1, batch 457/520 ***
Training fitness: 0.9813660801564028
Model size: (11, 18)
Validation fitness: 0.9695128445765888 
Elapsed: 1.993783712387085

*** Epoch 1, batch 458/520 ***
Training fitness: 0.9862601975096609
Model size: (9, 18)
Validation fitness: 0.9579103448455207 
Elapsed: 2.1169917583465576

*** Epoch 1, batch 459/520 ***
Training fitness: 0.9762651417327676
Model size: (11, 18)
Validation fitness: 0.9695128445765888 
Elapsed: 2.020953416824341

*** Epoch 1, batch 460/520 ***
Training fitness: 0.9851603053435114
Model size: (11, 18)
Validation fitness: 0.9695128445765888 
Elapsed: 1.9185168743133545

*** Epoch 1, batch 461/520 ***
Training fitness: 0.9840742790383078
Model size: (9, 19)
Validation fitness: 0.952039398871684 
Elapsed: 2.0148324966430664

*** Epoch 1, batch 462/520 ***
Training fitness: 0.9691912708600771
Model size: (11, 18)
Validation fitness: 0.9695128445765888 
Elapsed: 1.9801840782165527

*** Epoch 1, batch 463/520 ***
Training fitness: 0.9683664122137403
Model size: (11, 18)
Validation fitness: 0.9695128445765888 
Elapsed: 2.03863263130188

*** Epoch 1, batch 464/520 ***
Training fitness: 0.9740584752487335
Model size: (7, 15)
Validation fitness: 0.9557028786823105 
Elapsed: 1.8392829895019531

*** Epoch 1, batch 465/520 ***
Training fitness: 0.9764044256983923
Model size: (5, 8)
Validation fitness: 0.9564491668277327 
Elapsed: 1.732706069946289

*** Epoch 1, batch 466/520 ***
Training fitness: 0.9679075738125802
Model size: (8, 8)
Validation fitness: 0.9640629229816202 
Elapsed: 1.8174529075622559

*** Epoch 1, batch 467/520 ***
Training fitness: 0.9702699378958372
Model size: (8, 16)
Validation fitness: 0.9513101421604656 
Elapsed: 1.8691301345825195

*** Epoch 1, batch 468/520 ***
Training fitness: 0.9818625954198473
Model size: (11, 18)
Validation fitness: 0.9695128445765888 
Elapsed: 1.8800909519195557

*** Epoch 1, batch 469/520 ***
Training fitness: 0.9784427480916031
Model size: (11, 18)
Validation fitness: 0.9695128445765888 
Elapsed: 1.9825432300567627

*** Epoch 1, batch 470/520 ***
Training fitness: 0.9711286089238844
Model size: (11, 18)
Validation fitness: 0.9695128445765888 
Elapsed: 1.9314086437225342

*** Epoch 1, batch 471/520 ***
Training fitness: 0.9895470383275261
Model size: (11, 18)
Validation fitness: 0.9695128445765888 
Elapsed: 2.0149881839752197

*** Epoch 1, batch 472/520 ***
Training fitness: 0.9760987835442263
Model size: (11, 18)
Validation fitness: 0.9695128445765888 
Elapsed: 1.9619405269622803

*** Epoch 1, batch 473/520 ***
Training fitness: 0.9646690793105563
Model size: (11, 18)
Validation fitness: 0.9695128445765888 
Elapsed: 1.902806282043457

*** Epoch 1, batch 474/520 ***
Training fitness: 0.9753282442748091
Model size: (7, 11)
Validation fitness: 0.957585950964047 
Elapsed: 1.7632710933685303

*** Epoch 1, batch 475/520 ***
Training fitness: 0.9858952755414092
Model size: (9, 13)
Validation fitness: 0.9622740821457937 
Elapsed: 1.7155447006225586

*** Epoch 1, batch 476/520 ***
Training fitness: 0.9723493865592383
Model size: (8, 8)
Validation fitness: 0.9640629229816202 
Elapsed: 1.8132891654968262

*** Epoch 1, batch 477/520 ***
Training fitness: 0.9810779466520174
Model size: (6, 10)
Validation fitness: 0.9533825930025273 
Elapsed: 1.6730289459228516

*** Epoch 1, batch 478/520 ***
Training fitness: 0.9779868412961938
Model size: (8, 8)
Validation fitness: 0.9640629229816202 
Elapsed: 1.801025390625

*** Epoch 1, batch 479/520 ***
Training fitness: 0.9708791208791209
Model size: (5, 9)
Validation fitness: 0.9595227913004313 
Elapsed: 1.7142431735992432

*** Epoch 1, batch 480/520 ***
Training fitness: 0.9722069176614632
Model size: (9, 16)
Validation fitness: 0.9546509129196686 
Elapsed: 1.8567414283752441

*** Epoch 1, batch 481/520 ***
Training fitness: 0.9639093137254902
Model size: (12, 19)
Validation fitness: 0.9597993231891181 
Elapsed: 1.7437987327575684

*** Epoch 1, batch 482/520 ***
Training fitness: 0.9678325093084293
Model size: (10, 17)
Validation fitness: 0.9566316412475259 
Elapsed: 1.7694060802459717

*** Epoch 1, batch 483/520 ***
Training fitness: 0.9830311908685833
Model size: (7, 11)
Validation fitness: 0.957585950964047 
Elapsed: 1.793762445449829

*** Epoch 1, batch 484/520 ***
Training fitness: 0.9689338235294117
Model size: (10, 16)
Validation fitness: 0.9634951627247321 
Elapsed: 1.8071844577789307

*** Epoch 1, batch 485/520 ***
Training fitness: 0.9744623655913979
Model size: (8, 13)
Validation fitness: 0.9479524040638541 
Elapsed: 1.9450266361236572

*** Epoch 1, batch 486/520 ***
Training fitness: 0.9698215052444337
Model size: (10, 16)
Validation fitness: 0.9634951627247321 
Elapsed: 1.912271499633789

*** Epoch 1, batch 487/520 ***
Training fitness: 0.9757557251908398
Model size: (10, 16)
Validation fitness: 0.9637560183686033 
Elapsed: 1.9812648296356201

*** Epoch 1, batch 488/520 ***
Training fitness: 0.9859535054897871
Model size: (9, 16)
Validation fitness: 0.9646053558476441 
Elapsed: 2.036311149597168

*** Epoch 1, batch 489/520 ***
Training fitness: 0.9784946236559141
Model size: (4, 9)
Validation fitness: 0.9590912275770639 
Elapsed: 1.968259572982788

*** Epoch 1, batch 490/520 ***
Training fitness: 0.9681896339965611
Model size: (9, 16)
Validation fitness: 0.9653820991275621 
Elapsed: 1.9460983276367188

*** Epoch 1, batch 491/520 ***
Training fitness: 0.9734237536656891
Model size: (4, 9)
Validation fitness: 0.956325432542573 
Elapsed: 1.83640718460083

*** Epoch 1, batch 492/520 ***
Training fitness: 0.9710784313725489
Model size: (9, 16)
Validation fitness: 0.9653820991275621 
Elapsed: 1.9672493934631348

*** Epoch 1, batch 493/520 ***
Training fitness: 0.9684374029201616
Model size: (4, 10)
Validation fitness: 0.9574705217922328 
Elapsed: 1.874030590057373

*** Epoch 1, batch 494/520 ***
Training fitness: 0.9836397058823529
Model size: (9, 16)
Validation fitness: 0.9646053558476441 
Elapsed: 2.0192980766296387

*** Epoch 1, batch 495/520 ***
Training fitness: 0.9745954198473282
Model size: (9, 16)
Validation fitness: 0.9646053558476441 
Elapsed: 1.9837656021118164

*** Epoch 1, batch 496/520 ***
Training fitness: 0.9716060888474681
Model size: (8, 15)
Validation fitness: 0.9506292693730825 
Elapsed: 2.0458261966705322

*** Epoch 1, batch 497/520 ***
Training fitness: 0.9657869012707722
Model size: (9, 16)
Validation fitness: 0.9646053558476441 
Elapsed: 1.9430928230285645

*** Epoch 1, batch 498/520 ***
Training fitness: 0.9614631759236605
Model size: (9, 17)
Validation fitness: 0.96479812238144 
Elapsed: 1.9583616256713867

*** Epoch 1, batch 499/520 ***
Training fitness: 0.9842490842490843
Model size: (8, 11)
Validation fitness: 0.9653450878065661 
Elapsed: 1.8611245155334473

*** Epoch 1, batch 500/520 ***
Training fitness: 0.9743637262169508
Model size: (6, 10)
Validation fitness: 0.9516592865616453 
Elapsed: 1.7700788974761963

*** Epoch 1, batch 501/520 ***
Training fitness: 0.9533276241742109
Model size: (7, 14)
Validation fitness: 0.962730378075497 
Elapsed: 1.8613336086273193

*** Epoch 1, batch 502/520 ***
Training fitness: 0.9710622710622712
Model size: (5, 9)
Validation fitness: 0.9623550638684277 
Elapsed: 1.9288859367370605

*** Epoch 1, batch 503/520 ***
Training fitness: 0.9769966080789392
Model size: (8, 11)
Validation fitness: 0.9653450878065661 
Elapsed: 1.7756073474884033

*** Epoch 1, batch 504/520 ***
Training fitness: 0.9692693059628544
Model size: (5, 9)
Validation fitness: 0.9623550638684277 
Elapsed: 1.8970394134521484

*** Epoch 1, batch 505/520 ***
Training fitness: 0.9843350184110342
Model size: (9, 13)
Validation fitness: 0.9622740821457937 
Elapsed: 1.847536563873291

*** Epoch 1, batch 506/520 ***
Training fitness: 0.9680694886224614
Model size: (8, 11)
Validation fitness: 0.9653450878065661 
Elapsed: 1.7512710094451904

*** Epoch 1, batch 507/520 ***
Training fitness: 0.9793125197098708
Model size: (4, 11)
Validation fitness: 0.9586091830489835 
Elapsed: 1.8250091075897217

*** Epoch 1, batch 508/520 ***
Training fitness: 0.9553805774278215
Model size: (9, 17)
Validation fitness: 0.9658230484531118 
Elapsed: 1.8836424350738525

*** Epoch 1, batch 509/520 ***
Training fitness: 0.9685649758896416
Model size: (9, 17)
Validation fitness: 0.9640372201666686 
Elapsed: 1.9059066772460938

*** Epoch 1, batch 510/520 ***
Training fitness: 0.9705540250994795
Model size: (9, 13)
Validation fitness: 0.9622740821457937 
Elapsed: 1.765472412109375

*** Epoch 1, batch 511/520 ***
Training fitness: 0.9658015267175573
Model size: (9, 13)
Validation fitness: 0.9622740821457937 
Elapsed: 1.7158730030059814

*** Epoch 1, batch 512/520 ***
Training fitness: 0.9734351145038167
Model size: (11, 17)
Validation fitness: 0.9540354005502143 
Elapsed: 1.6948416233062744

*** Epoch 1, batch 513/520 ***
Training fitness: 0.9713460001229786
Model size: (9, 14)
Validation fitness: 0.9575455516695806 
Elapsed: 1.6205227375030518

*** Epoch 1, batch 514/520 ***
Training fitness: 0.9745762711864406
Model size: (8, 11)
Validation fitness: 0.9653450878065661 
Elapsed: 1.795583963394165

*** Epoch 1, batch 515/520 ***
Training fitness: 0.96793893129771
Model size: (8, 11)
Validation fitness: 0.9653450878065661 
Elapsed: 1.6616504192352295

*** Epoch 1, batch 516/520 ***
Training fitness: 0.9713848039215687
Model size: (4, 10)
Validation fitness: 0.9584080564617317 
Elapsed: 1.6630051136016846

*** Epoch 1, batch 517/520 ***
Training fitness: 0.9735537190082644
Model size: (8, 15)
Validation fitness: 0.9617794929591867 
Elapsed: 1.7602670192718506

*** Epoch 1, batch 518/520 ***
Training fitness: 0.980876836991945
Model size: (9, 14)
Validation fitness: 0.9615826791705961 
Elapsed: 1.84775972366333

*** Epoch 1, batch 519/520 ***
Training fitness: 0.9571428571428571
Model size: (6, 15)
Validation fitness: 0.954071267285578 
Elapsed: 1.928800106048584

*** Epoch 1, batch 520/520 ***
Training fitness: 0.9608264358374928
Model size: (5, 8)
Validation fitness: 0.9574814182474491 
Elapsed: 1.7335073947906494

Total train time: 1345.0299625396729
Test time: 0.3250281810760498
Test fitness: 0.9713833373104906
Test statistics: Stats(total=14791, total_true=7158, total_false=7633, true_positive=6271, true_negative=7274, false_positive=359, false_negative=887, tpr=0.8760827046661078, tnr=0.9529673784881436, ppv=0.9458521870286576, npv=0.8913123391741208, accuracy=0.9157595835305253, f1=0.909631563678561, mcc=0.8330974253124318)
