Configuration:
Dataset: nsl_kdd
Selector: pca
Fold: 3
Fitness: auroc
Batch size: 256
Epochs: 1
Config args: {}
*** Epoch 1, batch 1/520 ***
Training fitness: 0.9464076472402096
Model size: (1, 12)
Validation fitness: 0.9263185590290813 !!!
Elapsed: 2.6360833644866943

*** Epoch 1, batch 2/520 ***
Training fitness: 0.957976510888182
Model size: (1, 11)
Validation fitness: 0.9443283504266355 !!!
Elapsed: 2.7880778312683105

*** Epoch 1, batch 3/520 ***
Training fitness: 0.9495351113286029
Model size: (1, 11)
Validation fitness: 0.9530968137267026 !!!
Elapsed: 2.837017774581909

*** Epoch 1, batch 4/520 ***
Training fitness: 0.9599626400996264
Model size: (1, 11)
Validation fitness: 0.9478506160561728 
Elapsed: 2.8681447505950928

*** Epoch 1, batch 5/520 ***
Training fitness: 0.9591486229528308
Model size: (1, 9)
Validation fitness: 0.9629278121045988 !!!
Elapsed: 2.993551731109619

*** Epoch 1, batch 6/520 ***
Training fitness: 0.9776597692730269
Model size: (1, 9)
Validation fitness: 0.9629278121045988 
Elapsed: 2.9342286586761475

*** Epoch 1, batch 7/520 ***
Training fitness: 0.9660458015267176
Model size: (2, 13)
Validation fitness: 0.9610682864035633 
Elapsed: 3.0291523933410645

*** Epoch 1, batch 8/520 ***
Training fitness: 0.9789718197933859
Model size: (3, 11)
Validation fitness: 0.9643339207409714 !!!
Elapsed: 3.0137574672698975

*** Epoch 1, batch 9/520 ***
Training fitness: 0.9616466846097383
Model size: (3, 11)
Validation fitness: 0.9643339207409714 
Elapsed: 3.119961738586426

*** Epoch 1, batch 10/520 ***
Training fitness: 0.9636892712550608
Model size: (3, 11)
Validation fitness: 0.9483131752957255 
Elapsed: 3.1134815216064453

*** Epoch 1, batch 11/520 ***
Training fitness: 0.9630926062392532
Model size: (3, 14)
Validation fitness: 0.9563575655198054 
Elapsed: 3.1426453590393066

*** Epoch 1, batch 12/520 ***
Training fitness: 0.9488235661236972
Model size: (5, 11)
Validation fitness: 0.9627036456098745 
Elapsed: 2.780158042907715

*** Epoch 1, batch 13/520 ***
Training fitness: 0.9796732989437484
Model size: (3, 8)
Validation fitness: 0.9586632806542528 
Elapsed: 2.8841137886047363

*** Epoch 1, batch 14/520 ***
Training fitness: 0.9663330862367185
Model size: (3, 9)
Validation fitness: 0.9524969294933853 
Elapsed: 2.971082925796509

*** Epoch 1, batch 15/520 ***
Training fitness: 0.9686809137803979
Model size: (4, 12)
Validation fitness: 0.961530396778818 
Elapsed: 3.3418660163879395

*** Epoch 1, batch 16/520 ***
Training fitness: 0.9666104974099732
Model size: (3, 10)
Validation fitness: 0.9556693374642039 
Elapsed: 3.0429091453552246

*** Epoch 1, batch 17/520 ***
Training fitness: 0.9689039408866995
Model size: (4, 12)
Validation fitness: 0.961530396778818 
Elapsed: 3.2016570568084717

*** Epoch 1, batch 18/520 ***
Training fitness: 0.9575768690017727
Model size: (7, 11)
Validation fitness: 0.9628567541380433 
Elapsed: 2.5998175144195557

*** Epoch 1, batch 19/520 ***
Training fitness: 0.9583715947352311
Model size: (4, 11)
Validation fitness: 0.9619863238193522 
Elapsed: 1.7871026992797852

*** Epoch 1, batch 20/520 ***
Training fitness: 0.9610660771309261
Model size: (3, 10)
Validation fitness: 0.9550294585058667 
Elapsed: 1.721313714981079

*** Epoch 1, batch 21/520 ***
Training fitness: 0.979960899315738
Model size: (9, 22)
Validation fitness: 0.9630822855466539 
Elapsed: 1.7293665409088135

*** Epoch 1, batch 22/520 ***
Training fitness: 0.978271484375
Model size: (3, 7)
Validation fitness: 0.9625475690810399 
Elapsed: 1.7157354354858398

*** Epoch 1, batch 23/520 ***
Training fitness: 0.9696688905361996
Model size: (1, 6)
Validation fitness: 0.9652218476067966 !!!
Elapsed: 1.5448570251464844

*** Epoch 1, batch 24/520 ***
Training fitness: 0.9697709923664122
Model size: (2, 7)
Validation fitness: 0.9571860774093416 
Elapsed: 1.6879396438598633

*** Epoch 1, batch 25/520 ***
Training fitness: 0.9802234023072698
Model size: (1, 5)
Validation fitness: 0.9647919913375419 
Elapsed: 1.7278659343719482

*** Epoch 1, batch 26/520 ***
Training fitness: 0.9645222327341534
Model size: (3, 8)
Validation fitness: 0.9599160425895638 
Elapsed: 1.8254683017730713

*** Epoch 1, batch 27/520 ***
Training fitness: 0.9606854838709677
Model size: (1, 5)
Validation fitness: 0.9641870688314896 
Elapsed: 1.7258801460266113

*** Epoch 1, batch 28/520 ***
Training fitness: 0.9569516089412919
Model size: (6, 14)
Validation fitness: 0.9550591385125239 
Elapsed: 1.7433192729949951

*** Epoch 1, batch 29/520 ***
Training fitness: 0.9650323774283072
Model size: (4, 11)
Validation fitness: 0.9556859912457174 
Elapsed: 1.7495439052581787

*** Epoch 1, batch 30/520 ***
Training fitness: 0.9740204168958981
Model size: (2, 9)
Validation fitness: 0.9601340165890718 
Elapsed: 1.8189194202423096

*** Epoch 1, batch 31/520 ***
Training fitness: 0.9574474584555229
Model size: (2, 8)
Validation fitness: 0.9599254962213137 
Elapsed: 3.496609926223755

*** Epoch 1, batch 32/520 ***
Training fitness: 0.9751571751205519
Model size: (10, 21)
Validation fitness: 0.9603259839407712 
Elapsed: 4.319228172302246

*** Epoch 1, batch 33/520 ***
Training fitness: 0.9682598039215686
Model size: (2, 8)
Validation fitness: 0.9611035176707248 
Elapsed: 3.5620927810668945

*** Epoch 1, batch 34/520 ***
Training fitness: 0.9608455882352942
Model size: (10, 23)
Validation fitness: 0.9642345293606535 
Elapsed: 3.6369357109069824

*** Epoch 1, batch 35/520 ***
Training fitness: 0.964231215284136
Model size: (2, 9)
Validation fitness: 0.9652991621920394 !!!
Elapsed: 3.1323299407958984

*** Epoch 1, batch 36/520 ***
Training fitness: 0.971575279662571
Model size: (2, 9)
Validation fitness: 0.9652991621920394 
Elapsed: 1.9442875385284424

*** Epoch 1, batch 37/520 ***
Training fitness: 0.960793893129771
Model size: (2, 9)
Validation fitness: 0.9652991621920394 
Elapsed: 1.8594815731048584

*** Epoch 1, batch 38/520 ***
Training fitness: 0.9576001955034212
Model size: (2, 7)
Validation fitness: 0.9576717302590123 
Elapsed: 1.8459763526916504

*** Epoch 1, batch 39/520 ***
Training fitness: 0.9744483159117306
Model size: (7, 18)
Validation fitness: 0.9636550089096814 
Elapsed: 1.9496097564697266

*** Epoch 1, batch 40/520 ***
Training fitness: 0.9737985919804102
Model size: (4, 11)
Validation fitness: 0.9620768844816399 
Elapsed: 1.9330768585205078

*** Epoch 1, batch 41/520 ***
Training fitness: 0.9638583638583639
Model size: (4, 9)
Validation fitness: 0.9639451309747549 
Elapsed: 1.7462453842163086

*** Epoch 1, batch 42/520 ***
Training fitness: 0.9575091575091575
Model size: (7, 18)
Validation fitness: 0.9636550089096814 
Elapsed: 1.9324400424957275

*** Epoch 1, batch 43/520 ***
Training fitness: 0.9632618130692585
Model size: (4, 9)
Validation fitness: 0.9629073750382864 
Elapsed: 1.801689624786377

*** Epoch 1, batch 44/520 ***
Training fitness: 0.97552490234375
Model size: (3, 8)
Validation fitness: 0.9677866032437903 !!!
Elapsed: 1.8183319568634033

*** Epoch 1, batch 45/520 ***
Training fitness: 0.9782475490196079
Model size: (7, 14)
Validation fitness: 0.961082182875816 
Elapsed: 1.950728178024292

*** Epoch 1, batch 46/520 ***
Training fitness: 0.9523199023199023
Model size: (3, 8)
Validation fitness: 0.9677866032437903 
Elapsed: 1.755258321762085

*** Epoch 1, batch 47/520 ***
Training fitness: 0.9517924122240669
Model size: (4, 12)
Validation fitness: 0.9540141091423251 
Elapsed: 1.9380018711090088

*** Epoch 1, batch 48/520 ***
Training fitness: 0.9618558591600953
Model size: (3, 8)
Validation fitness: 0.9677866032437903 
Elapsed: 1.805931568145752

*** Epoch 1, batch 49/520 ***
Training fitness: 0.9717389977415615
Model size: (3, 8)
Validation fitness: 0.9677866032437903 
Elapsed: 1.8637652397155762

*** Epoch 1, batch 50/520 ***
Training fitness: 0.9894084215964867
Model size: (5, 11)
Validation fitness: 0.9654741093423904 
Elapsed: 1.8977375030517578

*** Epoch 1, batch 51/520 ***
Training fitness: 0.9669334975369459
Model size: (9, 17)
Validation fitness: 0.9636859622252661 
Elapsed: 1.930227518081665

*** Epoch 1, batch 52/520 ***
Training fitness: 0.9730158730158731
Model size: (3, 8)
Validation fitness: 0.9677866032437903 
Elapsed: 1.8115050792694092

*** Epoch 1, batch 53/520 ***
Training fitness: 0.956989247311828
Model size: (9, 18)
Validation fitness: 0.9635741858545162 
Elapsed: 2.013857364654541

*** Epoch 1, batch 54/520 ***
Training fitness: 0.9694534748205851
Model size: (3, 8)
Validation fitness: 0.9677866032437903 
Elapsed: 1.8485443592071533

*** Epoch 1, batch 55/520 ***
Training fitness: 0.9802619442907213
Model size: (3, 8)
Validation fitness: 0.9677866032437903 
Elapsed: 1.7690753936767578

*** Epoch 1, batch 56/520 ***
Training fitness: 0.9551711309523809
Model size: (10, 24)
Validation fitness: 0.9646940198340858 
Elapsed: 1.8852572441101074

*** Epoch 1, batch 57/520 ***
Training fitness: 0.9653129770992366
Model size: (10, 24)
Validation fitness: 0.9646940198340858 
Elapsed: 1.9111809730529785

*** Epoch 1, batch 58/520 ***
Training fitness: 0.9769168884213132
Model size: (8, 14)
Validation fitness: 0.9611688411668581 
Elapsed: 1.9381163120269775

*** Epoch 1, batch 59/520 ***
Training fitness: 0.9641546366528015
Model size: (7, 9)
Validation fitness: 0.9650469004564455 
Elapsed: 2.103618621826172

*** Epoch 1, batch 60/520 ***
Training fitness: 0.9637096774193549
Model size: (7, 16)
Validation fitness: 0.9601933124789147 
Elapsed: 1.9639878273010254

*** Epoch 1, batch 61/520 ***
Training fitness: 0.9691220238095238
Model size: (3, 10)
Validation fitness: 0.9586707739398842 
Elapsed: 1.8307585716247559

*** Epoch 1, batch 62/520 ***
Training fitness: 0.9647917561185058
Model size: (5, 13)
Validation fitness: 0.9679637947156323 !!!
Elapsed: 1.8512704372406006

*** Epoch 1, batch 63/520 ***
Training fitness: 0.9746614242027086
Model size: (5, 11)
Validation fitness: 0.9638581245848692 
Elapsed: 1.842463731765747

*** Epoch 1, batch 64/520 ***
Training fitness: 0.9624421831637373
Model size: (4, 10)
Validation fitness: 0.9567085499195178 
Elapsed: 1.911193609237671

*** Epoch 1, batch 65/520 ***
Training fitness: 0.9662145650048876
Model size: (3, 10)
Validation fitness: 0.9683528318152377 !!!
Elapsed: 1.8580131530761719

*** Epoch 1, batch 66/520 ***
Training fitness: 0.9660251253171607
Model size: (6, 15)
Validation fitness: 0.9683295458347061 
Elapsed: 1.8419835567474365

*** Epoch 1, batch 67/520 ***
Training fitness: 0.97381591796875
Model size: (3, 10)
Validation fitness: 0.9683528318152377 
Elapsed: 1.7707412242889404

*** Epoch 1, batch 68/520 ***
Training fitness: 0.9791239515377447
Model size: (6, 15)
Validation fitness: 0.9647403902642396 
Elapsed: 2.0150978565216064

*** Epoch 1, batch 69/520 ***
Training fitness: 0.9823943661971832
Model size: (12, 23)
Validation fitness: 0.9619111253086582 
Elapsed: 1.9822795391082764

*** Epoch 1, batch 70/520 ***
Training fitness: 0.9581872963167928
Model size: (11, 21)
Validation fitness: 0.9635052622835014 
Elapsed: 1.9356911182403564

*** Epoch 1, batch 71/520 ***
Training fitness: 0.9608058608058607
Model size: (4, 8)
Validation fitness: 0.9559670902223469 
Elapsed: 1.878586769104004

*** Epoch 1, batch 72/520 ***
Training fitness: 0.9608354290621359
Model size: (3, 10)
Validation fitness: 0.9659067320814014 
Elapsed: 1.8175685405731201

*** Epoch 1, batch 73/520 ***
Training fitness: 0.9500580720092915
Model size: (6, 14)
Validation fitness: 0.9632579288946921 
Elapsed: 1.8254075050354004

*** Epoch 1, batch 74/520 ***
Training fitness: 0.9508797653958945
Model size: (8, 16)
Validation fitness: 0.9581162524821738 
Elapsed: 1.7795436382293701

*** Epoch 1, batch 75/520 ***
Training fitness: 0.9674503816793892
Model size: (4, 12)
Validation fitness: 0.9676305816779309 
Elapsed: 1.8291866779327393

*** Epoch 1, batch 76/520 ***
Training fitness: 0.9594694178334562
Model size: (3, 10)
Validation fitness: 0.9611089681657745 
Elapsed: 1.7621970176696777

*** Epoch 1, batch 77/520 ***
Training fitness: 0.960141610205701
Model size: (5, 11)
Validation fitness: 0.96229347524627 
Elapsed: 1.8464875221252441

*** Epoch 1, batch 78/520 ***
Training fitness: 0.9795855623193752
Model size: (7, 14)
Validation fitness: 0.963246533237815 
Elapsed: 1.8484599590301514

*** Epoch 1, batch 79/520 ***
Training fitness: 0.9582898852971845
Model size: (5, 10)
Validation fitness: 0.9628442134191811 
Elapsed: 1.8389294147491455

*** Epoch 1, batch 80/520 ***
Training fitness: 0.9667786259541984
Model size: (8, 8)
Validation fitness: 0.9701510737988237 !!!
Elapsed: 1.753849983215332

*** Epoch 1, batch 81/520 ***
Training fitness: 0.9791055718475072
Model size: (3, 11)
Validation fitness: 0.9661499249260721 
Elapsed: 1.8457660675048828

*** Epoch 1, batch 82/520 ***
Training fitness: 0.9800492610837439
Model size: (8, 8)
Validation fitness: 0.9701510737988237 
Elapsed: 1.807450532913208

*** Epoch 1, batch 83/520 ***
Training fitness: 0.9749617385981022
Model size: (8, 8)
Validation fitness: 0.9701510737988237 
Elapsed: 1.793257713317871

*** Epoch 1, batch 84/520 ***
Training fitness: 0.9732476277930824
Model size: (8, 8)
Validation fitness: 0.9701510737988237 
Elapsed: 1.8401691913604736

*** Epoch 1, batch 85/520 ***
Training fitness: 0.9662377450980393
Model size: (4, 12)
Validation fitness: 0.9645363951814473 
Elapsed: 1.8824419975280762

*** Epoch 1, batch 86/520 ***
Training fitness: 0.95263644773358
Model size: (4, 12)
Validation fitness: 0.9645363951814473 
Elapsed: 1.9344995021820068

*** Epoch 1, batch 87/520 ***
Training fitness: 0.9706388735165714
Model size: (6, 11)
Validation fitness: 0.9646626634566824 
Elapsed: 2.1584274768829346

*** Epoch 1, batch 88/520 ***
Training fitness: 0.9887970615243342
Model size: (3, 7)
Validation fitness: 0.9657057508017541 
Elapsed: 1.8534579277038574

*** Epoch 1, batch 89/520 ***
Training fitness: 0.959698275862069
Model size: (10, 19)
Validation fitness: 0.9636892874852712 
Elapsed: 2.1978797912597656

*** Epoch 1, batch 90/520 ***
Training fitness: 0.9547064777327935
Model size: (10, 19)
Validation fitness: 0.9636892874852712 
Elapsed: 2.127077102661133

*** Epoch 1, batch 91/520 ***
Training fitness: 0.9642748091603053
Model size: (6, 12)
Validation fitness: 0.9611232402183583 
Elapsed: 2.0134425163269043

*** Epoch 1, batch 92/520 ***
Training fitness: 0.9550658096112641
Model size: (7, 13)
Validation fitness: 0.9635728301011255 
Elapsed: 2.0991227626800537

*** Epoch 1, batch 93/520 ***
Training fitness: 0.981138985533785
Model size: (5, 13)
Validation fitness: 0.9657033232703454 
Elapsed: 1.9777703285217285

*** Epoch 1, batch 94/520 ***
Training fitness: 0.9652419552935397
Model size: (6, 9)
Validation fitness: 0.9596085888662819 
Elapsed: 1.8381304740905762

*** Epoch 1, batch 95/520 ***
Training fitness: 0.9527477229659513
Model size: (5, 13)
Validation fitness: 0.9657033232703454 
Elapsed: 1.9251863956451416

*** Epoch 1, batch 96/520 ***
Training fitness: 0.9746031746031747
Model size: (9, 14)
Validation fitness: 0.962633146433568 
Elapsed: 1.965590238571167

*** Epoch 1, batch 97/520 ***
Training fitness: 0.9777208081547947
Model size: (5, 13)
Validation fitness: 0.9657033232703454 
Elapsed: 2.071807622909546

*** Epoch 1, batch 98/520 ***
Training fitness: 0.9616065433681256
Model size: (6, 15)
Validation fitness: 0.955085868839507 
Elapsed: 2.012930154800415

*** Epoch 1, batch 99/520 ***
Training fitness: 0.9619541984732825
Model size: (6, 15)
Validation fitness: 0.955085868839507 
Elapsed: 1.9643290042877197

*** Epoch 1, batch 100/520 ***
Training fitness: 0.9606411287827217
Model size: (7, 14)
Validation fitness: 0.962245950593635 
Elapsed: 2.0043530464172363

*** Epoch 1, batch 101/520 ***
Training fitness: 0.967702471250306
Model size: (7, 14)
Validation fitness: 0.962245950593635 
Elapsed: 2.025770425796509

*** Epoch 1, batch 102/520 ***
Training fitness: 0.9647610869165183
Model size: (10, 19)
Validation fitness: 0.9636892874852712 
Elapsed: 2.1369340419769287

*** Epoch 1, batch 103/520 ***
Training fitness: 0.9711843711843712
Model size: (7, 19)
Validation fitness: 0.9654103522910528 
Elapsed: 1.9296789169311523

*** Epoch 1, batch 104/520 ***
Training fitness: 0.9655490051584377
Model size: (5, 13)
Validation fitness: 0.9657033232703454 
Elapsed: 1.954718828201294

*** Epoch 1, batch 105/520 ***
Training fitness: 0.9675245098039217
Model size: (5, 12)
Validation fitness: 0.962635546483489 
Elapsed: 1.9005491733551025

*** Epoch 1, batch 106/520 ***
Training fitness: 0.9631325154123176
Model size: (7, 9)
Validation fitness: 0.9610115829340549 
Elapsed: 1.8664271831512451

*** Epoch 1, batch 107/520 ***
Training fitness: 0.9460093896713615
Model size: (9, 11)
Validation fitness: 0.9631159045665403 
Elapsed: 1.9089689254760742

*** Epoch 1, batch 108/520 ***
Training fitness: 0.9729679802955665
Model size: (9, 11)
Validation fitness: 0.9631159045665403 
Elapsed: 1.9031176567077637

*** Epoch 1, batch 109/520 ***
Training fitness: 0.9502533113593359
Model size: (9, 11)
Validation fitness: 0.9557993981847341 
Elapsed: 2.005295515060425

*** Epoch 1, batch 110/520 ***
Training fitness: 0.9845571629127755
Model size: (2, 5)
Validation fitness: 0.9612766785243789 
Elapsed: 1.8854374885559082

*** Epoch 1, batch 111/520 ***
Training fitness: 0.9494134897360704
Model size: (11, 13)
Validation fitness: 0.9612657592132878 
Elapsed: 1.8229103088378906

*** Epoch 1, batch 112/520 ***
Training fitness: 0.9778388278388279
Model size: (4, 9)
Validation fitness: 0.9628852157987482 
Elapsed: 1.8231217861175537

*** Epoch 1, batch 113/520 ***
Training fitness: 0.9636642156862745
Model size: (4, 9)
Validation fitness: 0.9641522497866428 
Elapsed: 1.8378322124481201

*** Epoch 1, batch 114/520 ***
Training fitness: 0.9770645022443584
Model size: (4, 9)
Validation fitness: 0.9628852157987482 
Elapsed: 1.8314416408538818

*** Epoch 1, batch 115/520 ***
Training fitness: 0.9732404692082112
Model size: (4, 9)
Validation fitness: 0.9614368681158644 
Elapsed: 1.7647480964660645

*** Epoch 1, batch 116/520 ***
Training fitness: 0.9829948617567897
Model size: (5, 11)
Validation fitness: 0.964003556617489 
Elapsed: 1.8341984748840332

*** Epoch 1, batch 117/520 ***
Training fitness: 0.9707194816309065
Model size: (6, 12)
Validation fitness: 0.9652927498449219 
Elapsed: 1.8961436748504639

*** Epoch 1, batch 118/520 ***
Training fitness: 0.9696857898296748
Model size: (6, 12)
Validation fitness: 0.9652927498449219 
Elapsed: 1.9424166679382324

*** Epoch 1, batch 119/520 ***
Training fitness: 0.9694694694694695
Model size: (4, 6)
Validation fitness: 0.9632771476150521 
Elapsed: 1.744063377380371

*** Epoch 1, batch 120/520 ***
Training fitness: 0.9658345089860763
Model size: (5, 9)
Validation fitness: 0.9568808130445754 
Elapsed: 1.8637993335723877

*** Epoch 1, batch 121/520 ***
Training fitness: 0.956632494563529
Model size: (7, 12)
Validation fitness: 0.9563834347601758 
Elapsed: 1.895953893661499

*** Epoch 1, batch 122/520 ***
Training fitness: 0.9678411117260037
Model size: (6, 13)
Validation fitness: 0.9619944400187036 
Elapsed: 1.8541874885559082

*** Epoch 1, batch 123/520 ***
Training fitness: 0.935631762332661
Model size: (4, 11)
Validation fitness: 0.9653518533643514 
Elapsed: 1.8934979438781738

*** Epoch 1, batch 124/520 ***
Training fitness: 0.96047165200391
Model size: (8, 14)
Validation fitness: 0.963186531989789 
Elapsed: 1.909355640411377

*** Epoch 1, batch 125/520 ***
Training fitness: 0.9701867156412611
Model size: (4, 10)
Validation fitness: 0.9656614781251572 
Elapsed: 1.933863639831543

*** Epoch 1, batch 126/520 ***
Training fitness: 0.9704594511255011
Model size: (6, 12)
Validation fitness: 0.9648956881509242 
Elapsed: 1.8958930969238281

*** Epoch 1, batch 127/520 ***
Training fitness: 0.9510630498533724
Model size: (4, 7)
Validation fitness: 0.964413855228036 
Elapsed: 1.7880990505218506

*** Epoch 1, batch 128/520 ***
Training fitness: 0.97564697265625
Model size: (4, 10)
Validation fitness: 0.9656614781251572 
Elapsed: 1.8641877174377441

*** Epoch 1, batch 129/520 ***
Training fitness: 0.9787850755473327
Model size: (8, 14)
Validation fitness: 0.963186531989789 
Elapsed: 1.8241751194000244

*** Epoch 1, batch 130/520 ***
Training fitness: 0.9857038123167154
Model size: (6, 12)
Validation fitness: 0.9648956881509242 
Elapsed: 1.9461021423339844

*** Epoch 1, batch 131/520 ***
Training fitness: 0.9794520547945206
Model size: (7, 13)
Validation fitness: 0.9646853173629981 
Elapsed: 1.9257135391235352

*** Epoch 1, batch 132/520 ***
Training fitness: 0.9781683626271971
Model size: (12, 21)
Validation fitness: 0.9642416837079372 
Elapsed: 1.8638310432434082

*** Epoch 1, batch 133/520 ***
Training fitness: 0.97149658203125
Model size: (6, 12)
Validation fitness: 0.9648956881509242 
Elapsed: 1.9141576290130615

*** Epoch 1, batch 134/520 ***
Training fitness: 0.9707013367515107
Model size: (12, 21)
Validation fitness: 0.9642416837079372 
Elapsed: 1.901085615158081

*** Epoch 1, batch 135/520 ***
Training fitness: 0.9539348586149788
Model size: (5, 11)
Validation fitness: 0.9618541928267529 
Elapsed: 1.9734151363372803

*** Epoch 1, batch 136/520 ***
Training fitness: 0.9575091575091574
Model size: (12, 20)
Validation fitness: 0.9586092245680542 
Elapsed: 1.8909783363342285

*** Epoch 1, batch 137/520 ***
Training fitness: 0.9572117438808521
Model size: (4, 9)
Validation fitness: 0.9668225068547074 
Elapsed: 1.8940637111663818

*** Epoch 1, batch 138/520 ***
Training fitness: 0.9630590560909316
Model size: (4, 9)
Validation fitness: 0.9668225068547074 
Elapsed: 1.8780629634857178

*** Epoch 1, batch 139/520 ***
Training fitness: 0.965840220385675
Model size: (9, 15)
Validation fitness: 0.9453901984672731 
Elapsed: 1.940762996673584

*** Epoch 1, batch 140/520 ***
Training fitness: 0.9664179104477612
Model size: (8, 13)
Validation fitness: 0.9607171004729417 
Elapsed: 1.941239356994629

*** Epoch 1, batch 141/520 ***
Training fitness: 0.9691697191697192
Model size: (3, 5)
Validation fitness: 0.9611204829090978 
Elapsed: 1.8174846172332764

*** Epoch 1, batch 142/520 ***
Training fitness: 0.9756633005080599
Model size: (3, 7)
Validation fitness: 0.9653807180868752 
Elapsed: 1.7621536254882812

*** Epoch 1, batch 143/520 ***
Training fitness: 0.9826617826617826
Model size: (7, 15)
Validation fitness: 0.967503140859223 
Elapsed: 1.998955249786377

*** Epoch 1, batch 144/520 ***
Training fitness: 0.9687423538047468
Model size: (4, 8)
Validation fitness: 0.9633192309331332 
Elapsed: 1.800788164138794

*** Epoch 1, batch 145/520 ***
Training fitness: 0.9728712992414974
Model size: (6, 15)
Validation fitness: 0.9642688445782269 
Elapsed: 2.0402331352233887

*** Epoch 1, batch 146/520 ***
Training fitness: 0.9763280521901211
Model size: (6, 12)
Validation fitness: 0.9645806953395318 
Elapsed: 1.927558183670044

*** Epoch 1, batch 147/520 ***
Training fitness: 0.9766106870229007
Model size: (6, 13)
Validation fitness: 0.9663240384712979 
Elapsed: 1.8504297733306885

*** Epoch 1, batch 148/520 ***
Training fitness: 0.955810546875
Model size: (7, 7)
Validation fitness: 0.9646221282624052 
Elapsed: 1.7533056735992432

*** Epoch 1, batch 149/520 ***
Training fitness: 0.9733129770992367
Model size: (7, 13)
Validation fitness: 0.9663465458096795 
Elapsed: 1.9183423519134521

*** Epoch 1, batch 150/520 ***
Training fitness: 0.9593415434123398
Model size: (5, 10)
Validation fitness: 0.9650278191435236 
Elapsed: 1.8766350746154785

*** Epoch 1, batch 151/520 ***
Training fitness: 0.9629154447702835
Model size: (5, 10)
Validation fitness: 0.9650278191435236 
Elapsed: 1.9072363376617432

*** Epoch 1, batch 152/520 ***
Training fitness: 0.9598233453965528
Model size: (7, 15)
Validation fitness: 0.9687021398442034 
Elapsed: 2.012974500656128

*** Epoch 1, batch 153/520 ***
Training fitness: 0.9768620268620267
Model size: (7, 15)
Validation fitness: 0.967503140859223 
Elapsed: 1.98624587059021

*** Epoch 1, batch 154/520 ***
Training fitness: 0.97039794921875
Model size: (5, 10)
Validation fitness: 0.9649909298266074 
Elapsed: 1.9150700569152832

*** Epoch 1, batch 155/520 ***
Training fitness: 0.9647269582406721
Model size: (5, 11)
Validation fitness: 0.9677124856716104 
Elapsed: 1.9656398296356201

*** Epoch 1, batch 156/520 ***
Training fitness: 0.9783724340175952
Model size: (8, 17)
Validation fitness: 0.9640236181034703 
Elapsed: 1.9001424312591553

*** Epoch 1, batch 157/520 ***
Training fitness: 0.9456495098039216
Model size: (11, 18)
Validation fitness: 0.967123914650707 
Elapsed: 1.8656115531921387

*** Epoch 1, batch 158/520 ***
Training fitness: 0.9565376856776086
Model size: (7, 15)
Validation fitness: 0.967503140859223 
Elapsed: 2.0481202602386475

*** Epoch 1, batch 159/520 ***
Training fitness: 0.9762210404058927
Model size: (6, 11)
Validation fitness: 0.9495489353506796 
Elapsed: 1.870229721069336

*** Epoch 1, batch 160/520 ***
Training fitness: 0.9691069088185733
Model size: (11, 18)
Validation fitness: 0.967123914650707 
Elapsed: 1.8897569179534912

*** Epoch 1, batch 161/520 ***
Training fitness: 0.9680870688064933
Model size: (7, 11)
Validation fitness: 0.9593739336037732 
Elapsed: 1.8060038089752197

*** Epoch 1, batch 162/520 ***
Training fitness: 0.9640902662485396
Model size: (14, 22)
Validation fitness: 0.9687738665269581 
Elapsed: 1.9803662300109863

*** Epoch 1, batch 163/520 ***
Training fitness: 0.971616919978026
Model size: (6, 12)
Validation fitness: 0.9675029576493053 
Elapsed: 1.9840967655181885

*** Epoch 1, batch 164/520 ***
Training fitness: 0.9576587795765878
Model size: (3, 5)
Validation fitness: 0.965063682484901 
Elapsed: 1.879441738128662

*** Epoch 1, batch 165/520 ***
Training fitness: 0.9684720603569894
Model size: (14, 22)
Validation fitness: 0.9687738665269581 
Elapsed: 1.9953055381774902

*** Epoch 1, batch 166/520 ***
Training fitness: 0.9672070744288872
Model size: (6, 10)
Validation fitness: 0.963383977318026 
Elapsed: 2.009351968765259

*** Epoch 1, batch 167/520 ***
Training fitness: 0.971800036623329
Model size: (14, 22)
Validation fitness: 0.9687738665269581 
Elapsed: 2.0146994590759277

*** Epoch 1, batch 168/520 ***
Training fitness: 0.9799694656488549
Model size: (6, 10)
Validation fitness: 0.963383977318026 
Elapsed: 1.9884772300720215

*** Epoch 1, batch 169/520 ***
Training fitness: 0.9630714765305499
Model size: (6, 14)
Validation fitness: 0.9547840671421846 
Elapsed: 1.9317073822021484

*** Epoch 1, batch 170/520 ***
Training fitness: 0.961703431372549
Model size: (6, 12)
Validation fitness: 0.9675029576493053 
Elapsed: 1.9822897911071777

*** Epoch 1, batch 171/520 ***
Training fitness: 0.9713727644509553
Model size: (6, 12)
Validation fitness: 0.9675029576493053 
Elapsed: 1.9688258171081543

*** Epoch 1, batch 172/520 ***
Training fitness: 0.9618610345883073
Model size: (6, 12)
Validation fitness: 0.9675029576493053 
Elapsed: 2.0012574195861816

*** Epoch 1, batch 173/520 ***
Training fitness: 0.9726987640656706
Model size: (6, 12)
Validation fitness: 0.9675029576493053 
Elapsed: 1.9956305027008057

*** Epoch 1, batch 174/520 ***
Training fitness: 0.9739316239316239
Model size: (7, 12)
Validation fitness: 0.9662991127620034 
Elapsed: 1.998765230178833

*** Epoch 1, batch 175/520 ***
Training fitness: 0.9755234084111579
Model size: (7, 12)
Validation fitness: 0.9662991127620034 
Elapsed: 1.9606235027313232

*** Epoch 1, batch 176/520 ***
Training fitness: 0.9597903176071538
Model size: (7, 12)
Validation fitness: 0.9662991127620034 
Elapsed: 1.9388818740844727

*** Epoch 1, batch 177/520 ***
Training fitness: 0.9891330891330892
Model size: (7, 11)
Validation fitness: 0.964485875046659 
Elapsed: 1.986964225769043

*** Epoch 1, batch 178/520 ***
Training fitness: 0.9615995115995116
Model size: (6, 12)
Validation fitness: 0.9675029576493053 
Elapsed: 1.9468777179718018

*** Epoch 1, batch 179/520 ***
Training fitness: 0.9670645852464035
Model size: (7, 12)
Validation fitness: 0.9662991127620034 
Elapsed: 1.888120412826538

*** Epoch 1, batch 180/520 ***
Training fitness: 0.9624877810361682
Model size: (6, 12)
Validation fitness: 0.9675029576493053 
Elapsed: 2.0023272037506104

*** Epoch 1, batch 181/520 ***
Training fitness: 0.9731990231990232
Model size: (10, 21)
Validation fitness: 0.9591680972613085 
Elapsed: 2.0951626300811768

*** Epoch 1, batch 182/520 ***
Training fitness: 0.9608740767869133
Model size: (7, 12)
Validation fitness: 0.9664676200837496 
Elapsed: 2.078106164932251

*** Epoch 1, batch 183/520 ***
Training fitness: 0.9607758620689656
Model size: (7, 11)
Validation fitness: 0.9652577292691658 
Elapsed: 2.2389063835144043

*** Epoch 1, batch 184/520 ***
Training fitness: 0.9719221143868644
Model size: (7, 11)
Validation fitness: 0.9652577292691658 
Elapsed: 2.0073935985565186

*** Epoch 1, batch 185/520 ***
Training fitness: 0.971435546875
Model size: (6, 9)
Validation fitness: 0.9599771522575914 
Elapsed: 1.788041591644287

*** Epoch 1, batch 186/520 ***
Training fitness: 0.9731631382316315
Model size: (8, 13)
Validation fitness: 0.9624906457596304 
Elapsed: 2.0239779949188232

*** Epoch 1, batch 187/520 ***
Training fitness: 0.9637490032509355
Model size: (4, 9)
Validation fitness: 0.957581755868461 
Elapsed: 1.925919532775879

*** Epoch 1, batch 188/520 ***
Training fitness: 0.9683823529411766
Model size: (8, 13)
Validation fitness: 0.9546461375556917 
Elapsed: 1.9404263496398926

*** Epoch 1, batch 189/520 ***
Training fitness: 0.9709312977099236
Model size: (5, 11)
Validation fitness: 0.9626304532477786 
Elapsed: 1.9219400882720947

*** Epoch 1, batch 190/520 ***
Training fitness: 0.9607291411793492
Model size: (8, 13)
Validation fitness: 0.9546461375556917 
Elapsed: 1.9444823265075684

*** Epoch 1, batch 191/520 ***
Training fitness: 0.9661718702079373
Model size: (10, 17)
Validation fitness: 0.956868831115962 
Elapsed: 2.0294344425201416

*** Epoch 1, batch 192/520 ***
Training fitness: 0.963306152705708
Model size: (7, 12)
Validation fitness: 0.9623677119048961 
Elapsed: 1.929640531539917

*** Epoch 1, batch 193/520 ***
Training fitness: 0.9463235294117647
Model size: (8, 12)
Validation fitness: 0.9645335096252443 
Elapsed: 1.834254503250122

*** Epoch 1, batch 194/520 ***
Training fitness: 0.9710675700421169
Model size: (5, 12)
Validation fitness: 0.9594796915287288 
Elapsed: 1.7859265804290771

*** Epoch 1, batch 195/520 ***
Training fitness: 0.9727267053610436
Model size: (5, 11)
Validation fitness: 0.9626304532477786 
Elapsed: 1.9224421977996826

*** Epoch 1, batch 196/520 ***
Training fitness: 0.9611274871039057
Model size: (5, 11)
Validation fitness: 0.9626304532477786 
Elapsed: 1.8602137565612793

*** Epoch 1, batch 197/520 ***
Training fitness: 0.9720232629323539
Model size: (8, 12)
Validation fitness: 0.9645335096252443 
Elapsed: 1.8418138027191162

*** Epoch 1, batch 198/520 ***
Training fitness: 0.9863683599242008
Model size: (5, 11)
Validation fitness: 0.9626304532477786 
Elapsed: 1.7798125743865967

*** Epoch 1, batch 199/520 ***
Training fitness: 0.9615787850755474
Model size: (7, 12)
Validation fitness: 0.9607807292773369 
Elapsed: 1.7806799411773682

*** Epoch 1, batch 200/520 ***
Training fitness: 0.9721216953934858
Model size: (9, 14)
Validation fitness: 0.9641019769852435 
Elapsed: 1.9113149642944336

*** Epoch 1, batch 201/520 ***
Training fitness: 0.9777492511767223
Model size: (5, 10)
Validation fitness: 0.9652396189688074 
Elapsed: 1.8271889686584473

*** Epoch 1, batch 202/520 ***
Training fitness: 0.9739130434782608
Model size: (11, 17)
Validation fitness: 0.9508821539213206 
Elapsed: 1.8501944541931152

*** Epoch 1, batch 203/520 ***
Training fitness: 0.9581896551724138
Model size: (5, 10)
Validation fitness: 0.9652396189688074 
Elapsed: 1.8203966617584229

*** Epoch 1, batch 204/520 ***
Training fitness: 0.9766943968681184
Model size: (6, 10)
Validation fitness: 0.9637883490877374 
Elapsed: 1.8307929039001465

*** Epoch 1, batch 205/520 ***
Training fitness: 0.9622404817161136
Model size: (5, 10)
Validation fitness: 0.9600239532310516 
Elapsed: 1.8219842910766602

*** Epoch 1, batch 206/520 ***
Training fitness: 0.9690381679389313
Model size: (11, 17)
Validation fitness: 0.95915975204956 
Elapsed: 1.8867106437683105

*** Epoch 1, batch 207/520 ***
Training fitness: 0.9625655257477644
Model size: (6, 10)
Validation fitness: 0.9645966620838536 
Elapsed: 1.9113833904266357

*** Epoch 1, batch 208/520 ***
Training fitness: 0.9857779405481292
Model size: (11, 17)
Validation fitness: 0.95915975204956 
Elapsed: 1.961240530014038

*** Epoch 1, batch 209/520 ***
Training fitness: 0.9756202407270942
Model size: (5, 10)
Validation fitness: 0.9598657331461806 
Elapsed: 1.8030292987823486

*** Epoch 1, batch 210/520 ***
Training fitness: 0.9738981600342319
Model size: (7, 11)
Validation fitness: 0.9690249923610625 
Elapsed: 1.8142993450164795

*** Epoch 1, batch 211/520 ***
Training fitness: 0.968291788856305
Model size: (8, 14)
Validation fitness: 0.9672808705871463 
Elapsed: 1.821317434310913

*** Epoch 1, batch 212/520 ***
Training fitness: 0.9720844811753904
Model size: (11, 17)
Validation fitness: 0.9715823646383754 !!!
Elapsed: 1.9567358493804932

*** Epoch 1, batch 213/520 ***
Training fitness: 0.9685661764705883
Model size: (11, 17)
Validation fitness: 0.9715823646383754 
Elapsed: 1.8810052871704102

*** Epoch 1, batch 214/520 ***
Training fitness: 0.9576796558704453
Model size: (6, 10)
Validation fitness: 0.961548213943308 
Elapsed: 1.7849452495574951

*** Epoch 1, batch 215/520 ***
Training fitness: 0.979595588235294
Model size: (7, 13)
Validation fitness: 0.9639883593548212 
Elapsed: 1.9048805236816406

*** Epoch 1, batch 216/520 ***
Training fitness: 0.9479083969465649
Model size: (7, 11)
Validation fitness: 0.9679406095005555 
Elapsed: 1.8234329223632812

*** Epoch 1, batch 217/520 ***
Training fitness: 0.9777492511767223
Model size: (5, 10)
Validation fitness: 0.9652396189688074 
Elapsed: 1.945131778717041

*** Epoch 1, batch 218/520 ***
Training fitness: 0.9737165315647262
Model size: (8, 14)
Validation fitness: 0.9672808705871463 
Elapsed: 1.8742153644561768

*** Epoch 1, batch 219/520 ***
Training fitness: 0.9810169077702497
Model size: (7, 13)
Validation fitness: 0.9639883593548212 
Elapsed: 1.9422883987426758

*** Epoch 1, batch 220/520 ***
Training fitness: 0.9689627675887873
Model size: (7, 11)
Validation fitness: 0.9679406095005555 
Elapsed: 1.893782615661621

*** Epoch 1, batch 221/520 ***
Training fitness: 0.9718197933859037
Model size: (8, 14)
Validation fitness: 0.9675498685487162 
Elapsed: 1.9227418899536133

*** Epoch 1, batch 222/520 ***
Training fitness: 0.9430596285434993
Model size: (9, 14)
Validation fitness: 0.9641019769852435 
Elapsed: 1.85685396194458

*** Epoch 1, batch 223/520 ***
Training fitness: 0.9671647297546578
Model size: (8, 13)
Validation fitness: 0.9650951029857757 
Elapsed: 1.9432487487792969

*** Epoch 1, batch 224/520 ***
Training fitness: 0.9673574179350817
Model size: (8, 13)
Validation fitness: 0.9650951029857757 
Elapsed: 1.8822636604309082

*** Epoch 1, batch 225/520 ***
Training fitness: 0.9478021978021978
Model size: (5, 11)
Validation fitness: 0.9613795875351155 
Elapsed: 1.921839952468872

*** Epoch 1, batch 226/520 ***
Training fitness: 0.9754874992358946
Model size: (7, 11)
Validation fitness: 0.963644666709831 
Elapsed: 1.883721113204956

*** Epoch 1, batch 227/520 ***
Training fitness: 0.9699248120300752
Model size: (10, 18)
Validation fitness: 0.9621792347021276 
Elapsed: 1.9809014797210693

*** Epoch 1, batch 228/520 ***
Training fitness: 0.9762341153470185
Model size: (7, 13)
Validation fitness: 0.9638332355175583 
Elapsed: 1.8780162334442139

*** Epoch 1, batch 229/520 ***
Training fitness: 0.9734237536656891
Model size: (8, 14)
Validation fitness: 0.9675498685487162 
Elapsed: 1.9993994235992432

*** Epoch 1, batch 230/520 ***
Training fitness: 0.9713587786259542
Model size: (10, 16)
Validation fitness: 0.9661519035931826 
Elapsed: 1.8946588039398193

*** Epoch 1, batch 231/520 ***
Training fitness: 0.9659571857940257
Model size: (10, 16)
Validation fitness: 0.9661519035931826 
Elapsed: 1.9138925075531006

*** Epoch 1, batch 232/520 ***
Training fitness: 0.9736874236874238
Model size: (5, 11)
Validation fitness: 0.9613795875351155 
Elapsed: 2.0428712368011475

*** Epoch 1, batch 233/520 ***
Training fitness: 0.9817937438905181
Model size: (9, 14)
Validation fitness: 0.9642968024116582 
Elapsed: 1.909970998764038

*** Epoch 1, batch 234/520 ***
Training fitness: 0.9633840699309248
Model size: (9, 14)
Validation fitness: 0.9630551796393396 
Elapsed: 1.876009464263916

*** Epoch 1, batch 235/520 ***
Training fitness: 0.973969767295992
Model size: (10, 17)
Validation fitness: 0.964356583807783 
Elapsed: 1.8622255325317383

*** Epoch 1, batch 236/520 ***
Training fitness: 0.9635063267925912
Model size: (10, 16)
Validation fitness: 0.9647414528817619 
Elapsed: 1.90067458152771

*** Epoch 1, batch 237/520 ***
Training fitness: 0.9741147741147742
Model size: (10, 16)
Validation fitness: 0.9647414528817619 
Elapsed: 1.8704860210418701

*** Epoch 1, batch 238/520 ***
Training fitness: 0.9685661764705882
Model size: (7, 15)
Validation fitness: 0.952836179297873 
Elapsed: 2.0441102981567383

*** Epoch 1, batch 239/520 ***
Training fitness: 0.9673491975650249
Model size: (9, 13)
Validation fitness: 0.9692398243104831 
Elapsed: 1.980959415435791

*** Epoch 1, batch 240/520 ***
Training fitness: 0.9776026026026027
Model size: (9, 13)
Validation fitness: 0.9692398243104831 
Elapsed: 2.046496868133545

*** Epoch 1, batch 241/520 ***
Training fitness: 0.9566412213740458
Model size: (9, 13)
Validation fitness: 0.9692398243104831 
Elapsed: 1.964714527130127

*** Epoch 1, batch 242/520 ***
Training fitness: 0.9661945812807883
Model size: (10, 16)
Validation fitness: 0.9647414528817619 
Elapsed: 2.021205425262451

*** Epoch 1, batch 243/520 ***
Training fitness: 0.9703961423426722
Model size: (8, 17)
Validation fitness: 0.9549361863367979 
Elapsed: 2.4238152503967285

*** Epoch 1, batch 244/520 ***
Training fitness: 0.9642312152841359
Model size: (9, 13)
Validation fitness: 0.9692398243104831 
Elapsed: 1.941056728363037

*** Epoch 1, batch 245/520 ***
Training fitness: 0.9586608082183303
Model size: (8, 14)
Validation fitness: 0.9618565012717151 
Elapsed: 2.011981964111328

*** Epoch 1, batch 246/520 ***
Training fitness: 0.9826662561576355
Model size: (13, 21)
Validation fitness: 0.9615236271723613 
Elapsed: 1.9813921451568604

*** Epoch 1, batch 247/520 ***
Training fitness: 0.9672346002621232
Model size: (11, 18)
Validation fitness: 0.9703103931432003 
Elapsed: 1.9300658702850342

*** Epoch 1, batch 248/520 ***
Training fitness: 0.9693050312519339
Model size: (11, 20)
Validation fitness: 0.9636017039841451 
Elapsed: 1.9191162586212158

*** Epoch 1, batch 249/520 ***
Training fitness: 0.9535409035409035
Model size: (12, 24)
Validation fitness: 0.9620078693056663 
Elapsed: 2.1765966415405273

*** Epoch 1, batch 250/520 ***
Training fitness: 0.9614585243596797
Model size: (13, 21)
Validation fitness: 0.9615236271723613 
Elapsed: 1.8656680583953857

*** Epoch 1, batch 251/520 ***
Training fitness: 0.9749084249084249
Model size: (9, 14)
Validation fitness: 0.9581943548700622 
Elapsed: 1.7319426536560059

*** Epoch 1, batch 252/520 ***
Training fitness: 0.9771062271062272
Model size: (16, 20)
Validation fitness: 0.9666814993415985 
Elapsed: 1.7818381786346436

*** Epoch 1, batch 253/520 ***
Training fitness: 0.9765687296816536
Model size: (18, 26)
Validation fitness: 0.9624677078779422 
Elapsed: 1.7674038410186768

*** Epoch 1, batch 254/520 ***
Training fitness: 0.9638929618768328
Model size: (18, 25)
Validation fitness: 0.9669927821521589 
Elapsed: 1.798274278640747

*** Epoch 1, batch 255/520 ***
Training fitness: 0.9651805453205602
Model size: (10, 17)
Validation fitness: 0.9625443262654978 
Elapsed: 1.8791871070861816

*** Epoch 1, batch 256/520 ***
Training fitness: 0.9763053435114504
Model size: (10, 16)
Validation fitness: 0.9647414528817619 
Elapsed: 1.8756787776947021

*** Epoch 1, batch 257/520 ***
Training fitness: 0.9843587069864443
Model size: (11, 21)
Validation fitness: 0.9631674873188507 
Elapsed: 2.0422816276550293

*** Epoch 1, batch 258/520 ***
Training fitness: 0.9775390625
Model size: (16, 22)
Validation fitness: 0.9669488392534137 
Elapsed: 1.8689978122711182

*** Epoch 1, batch 259/520 ***
Training fitness: 0.9842101978406042
Model size: (12, 21)
Validation fitness: 0.967260369397363 
Elapsed: 1.9623830318450928

*** Epoch 1, batch 260/520 ***
Training fitness: 0.9496402877697842
Model size: (12, 21)
Validation fitness: 0.967260369397363 
Elapsed: 1.9375886917114258

*** Epoch 1, batch 261/520 ***
Training fitness: 0.966601419133839
Model size: (11, 21)
Validation fitness: 0.9654642709698134 
Elapsed: 2.0574874877929688

*** Epoch 1, batch 262/520 ***
Training fitness: 0.9680426915291664
Model size: (12, 21)
Validation fitness: 0.967260369397363 
Elapsed: 1.922130823135376

*** Epoch 1, batch 263/520 ***
Training fitness: 0.9782701580907037
Model size: (11, 21)
Validation fitness: 0.9641994080194425 
Elapsed: 2.059896945953369

*** Epoch 1, batch 264/520 ***
Training fitness: 0.9782661782661783
Model size: (11, 14)
Validation fitness: 0.9641301729915677 
Elapsed: 1.7545695304870605

*** Epoch 1, batch 265/520 ***
Training fitness: 0.9835805408044925
Model size: (12, 16)
Validation fitness: 0.9666040198674302 
Elapsed: 1.8537263870239258

*** Epoch 1, batch 266/520 ***
Training fitness: 0.9723516620068345
Model size: (11, 14)
Validation fitness: 0.9641301729915677 
Elapsed: 1.8635711669921875

*** Epoch 1, batch 267/520 ***
Training fitness: 0.9711473806467388
Model size: (13, 22)
Validation fitness: 0.9528720151577625 
Elapsed: 2.023247480392456

*** Epoch 1, batch 268/520 ***
Training fitness: 0.9724759242000622
Model size: (11, 21)
Validation fitness: 0.9641994080194425 
Elapsed: 2.04457950592041

*** Epoch 1, batch 269/520 ***
Training fitness: 0.9688400907808379
Model size: (12, 16)
Validation fitness: 0.9666040198674302 
Elapsed: 1.8718581199645996

*** Epoch 1, batch 270/520 ***
Training fitness: 0.9820891860393792
Model size: (12, 16)
Validation fitness: 0.9649041432886232 
Elapsed: 1.8842430114746094

*** Epoch 1, batch 271/520 ***
Training fitness: 0.9747299029481781
Model size: (12, 16)
Validation fitness: 0.9649041432886232 
Elapsed: 1.855217695236206

*** Epoch 1, batch 272/520 ***
Training fitness: 0.9708234145150461
Model size: (18, 29)
Validation fitness: 0.9687773291944015 
Elapsed: 1.785444974899292

*** Epoch 1, batch 273/520 ***
Training fitness: 0.9826446280991736
Model size: (12, 16)
Validation fitness: 0.9649041432886232 
Elapsed: 1.8599321842193604

*** Epoch 1, batch 274/520 ***
Training fitness: 0.97463170120423
Model size: (14, 24)
Validation fitness: 0.9698846682575882 
Elapsed: 2.0050418376922607

*** Epoch 1, batch 275/520 ***
Training fitness: 0.9797583266883396
Model size: (4, 9)
Validation fitness: 0.9684567759620086 
Elapsed: 1.7847135066986084

*** Epoch 1, batch 276/520 ***
Training fitness: 0.9712845108528562
Model size: (5, 10)
Validation fitness: 0.9653146434300796 
Elapsed: 1.871290683746338

*** Epoch 1, batch 277/520 ***
Training fitness: 0.977856836165123
Model size: (3, 7)
Validation fitness: 0.9692246453688069 
Elapsed: 1.8568227291107178

*** Epoch 1, batch 278/520 ***
Training fitness: 0.972959775376915
Model size: (18, 30)
Validation fitness: 0.9706247080778976 
Elapsed: 1.7883586883544922

*** Epoch 1, batch 279/520 ***
Training fitness: 0.972553334555902
Model size: (5, 10)
Validation fitness: 0.9653146434300796 
Elapsed: 1.7879834175109863

*** Epoch 1, batch 280/520 ***
Training fitness: 0.9673406862745098
Model size: (3, 7)
Validation fitness: 0.9692246453688069 
Elapsed: 1.7591805458068848

*** Epoch 1, batch 281/520 ***
Training fitness: 0.9631562597079839
Model size: (6, 11)
Validation fitness: 0.9629628326803548 
Elapsed: 1.8680486679077148

*** Epoch 1, batch 282/520 ***
Training fitness: 0.979368857962522
Model size: (6, 12)
Validation fitness: 0.9567745146503628 
Elapsed: 1.7950470447540283

*** Epoch 1, batch 283/520 ***
Training fitness: 0.9719211822660099
Model size: (3, 7)
Validation fitness: 0.9699798916122799 
Elapsed: 1.676624059677124

*** Epoch 1, batch 284/520 ***
Training fitness: 0.9709494134897361
Model size: (8, 13)
Validation fitness: 0.963539623303554 
Elapsed: 1.7717013359069824

*** Epoch 1, batch 285/520 ***
Training fitness: 0.9745234604105572
Model size: (12, 19)
Validation fitness: 0.9650501066300042 
Elapsed: 1.8098626136779785

*** Epoch 1, batch 286/520 ***
Training fitness: 0.9751838235294117
Model size: (19, 29)
Validation fitness: 0.9656993476151328 
Elapsed: 1.7388932704925537

*** Epoch 1, batch 287/520 ***
Training fitness: 0.977526717557252
Model size: (5, 7)
Validation fitness: 0.9675455722761477 
Elapsed: 1.7936139106750488

*** Epoch 1, batch 288/520 ***
Training fitness: 0.9753282442748091
Model size: (3, 8)
Validation fitness: 0.9672647481143943 
Elapsed: 1.686142921447754

*** Epoch 1, batch 289/520 ***
Training fitness: 0.9871826171875
Model size: (13, 22)
Validation fitness: 0.9671870487883247 
Elapsed: 2.01975417137146

*** Epoch 1, batch 290/520 ***
Training fitness: 0.9816761975035357
Model size: (7, 11)
Validation fitness: 0.9581175715935808 
Elapsed: 1.6879103183746338

*** Epoch 1, batch 291/520 ***
Training fitness: 0.9867262050403719
Model size: (5, 11)
Validation fitness: 0.9631314316070597 
Elapsed: 1.8728117942810059

*** Epoch 1, batch 292/520 ***
Training fitness: 0.9795531068258342
Model size: (3, 8)
Validation fitness: 0.9672647481143943 
Elapsed: 1.6767644882202148

*** Epoch 1, batch 293/520 ***
Training fitness: 0.9868035190615836
Model size: (7, 12)
Validation fitness: 0.9612566445198855 
Elapsed: 2.7593860626220703

*** Epoch 1, batch 294/520 ***
Training fitness: 0.9601494396014943
Model size: (6, 13)
Validation fitness: 0.9676614159070691 
Elapsed: 3.646207571029663

*** Epoch 1, batch 295/520 ***
Training fitness: 0.9818686401480111
Model size: (6, 13)
Validation fitness: 0.9676614159070691 
Elapsed: 3.656466484069824

*** Epoch 1, batch 296/520 ***
Training fitness: 0.9577833125778332
Model size: (7, 12)
Validation fitness: 0.9612566445198855 
Elapsed: 3.3769853115081787

*** Epoch 1, batch 297/520 ***
Training fitness: 0.9471830985915493
Model size: (5, 11)
Validation fitness: 0.9529415433215056 
Elapsed: 3.6639435291290283

*** Epoch 1, batch 298/520 ***
Training fitness: 0.9814059797380775
Model size: (6, 12)
Validation fitness: 0.957064865727833 
Elapsed: 3.5334959030151367

*** Epoch 1, batch 299/520 ***
Training fitness: 0.9714465408805031
Model size: (19, 27)
Validation fitness: 0.9667073136189934 
Elapsed: 3.8476595878601074

*** Epoch 1, batch 300/520 ***
Training fitness: 0.9481074481074481
Model size: (19, 27)
Validation fitness: 0.9667073136189934 
Elapsed: 3.811915874481201

*** Epoch 1, batch 301/520 ***
Training fitness: 0.9679835236847032
Model size: (19, 27)
Validation fitness: 0.9667073136189934 
Elapsed: 3.7940940856933594

*** Epoch 1, batch 302/520 ***
Training fitness: 0.9738598102234467
Model size: (9, 15)
Validation fitness: 0.9625174493705806 
Elapsed: 3.6181585788726807

*** Epoch 1, batch 303/520 ***
Training fitness: 0.9667677455288075
Model size: (19, 27)
Validation fitness: 0.9667073136189934 
Elapsed: 3.908252716064453

*** Epoch 1, batch 304/520 ***
Training fitness: 0.9813797313797313
Model size: (9, 15)
Validation fitness: 0.9525147374973797 
Elapsed: 3.525158166885376

*** Epoch 1, batch 305/520 ***
Training fitness: 0.9493894993894993
Model size: (6, 12)
Validation fitness: 0.9656449434300906 
Elapsed: 3.8103225231170654

*** Epoch 1, batch 306/520 ***
Training fitness: 0.9738095238095239
Model size: (7, 13)
Validation fitness: 0.9602008424065296 
Elapsed: 3.9352657794952393

*** Epoch 1, batch 307/520 ***
Training fitness: 0.9821996574504526
Model size: (6, 14)
Validation fitness: 0.9647711878513944 
Elapsed: 3.6711158752441406

*** Epoch 1, batch 308/520 ***
Training fitness: 0.978998778998779
Model size: (12, 19)
Validation fitness: 0.966023189465547 
Elapsed: 3.5077707767486572

*** Epoch 1, batch 309/520 ***
Training fitness: 0.97772216796875
Model size: (12, 19)
Validation fitness: 0.966023189465547 
Elapsed: 3.271649122238159

*** Epoch 1, batch 310/520 ***
Training fitness: 0.986689566337484
Model size: (6, 13)
Validation fitness: 0.960394852548811 
Elapsed: 3.614276170730591

*** Epoch 1, batch 311/520 ***
Training fitness: 0.9678248103743576
Model size: (14, 19)
Validation fitness: 0.9602810059059915 
Elapsed: 3.774794578552246

*** Epoch 1, batch 312/520 ***
Training fitness: 0.9630172993459258
Model size: (6, 13)
Validation fitness: 0.960394852548811 
Elapsed: 3.705256462097168

*** Epoch 1, batch 313/520 ***
Training fitness: 0.9631868131868132
Model size: (11, 19)
Validation fitness: 0.9606912495535632 
Elapsed: 3.6487228870391846

*** Epoch 1, batch 314/520 ***
Training fitness: 0.9619117377769639
Model size: (8, 17)
Validation fitness: 0.9597407748218569 
Elapsed: 3.9507391452789307

*** Epoch 1, batch 315/520 ***
Training fitness: 0.981737686773658
Model size: (5, 11)
Validation fitness: 0.9601905734906463 
Elapsed: 3.820286750793457

*** Epoch 1, batch 316/520 ***
Training fitness: 0.9566248517755727
Model size: (8, 17)
Validation fitness: 0.9597407748218569 
Elapsed: 4.121391773223877

*** Epoch 1, batch 317/520 ***
Training fitness: 0.972227308795703
Model size: (8, 17)
Validation fitness: 0.9597407748218569 
Elapsed: 3.9810128211975098

*** Epoch 1, batch 318/520 ***
Training fitness: 0.9741252752630292
Model size: (8, 17)
Validation fitness: 0.9597407748218569 
Elapsed: 4.1139140129089355

*** Epoch 1, batch 319/520 ***
Training fitness: 0.9842056932966023
Model size: (8, 17)
Validation fitness: 0.9597407748218569 
Elapsed: 3.932047128677368

*** Epoch 1, batch 320/520 ***
Training fitness: 0.9754578754578753
Model size: (9, 17)
Validation fitness: 0.9583756410835635 
Elapsed: 4.784866094589233

*** Epoch 1, batch 321/520 ***
Training fitness: 0.9732142857142858
Model size: (12, 22)
Validation fitness: 0.9680507186610551 
Elapsed: 3.83594012260437

*** Epoch 1, batch 322/520 ***
Training fitness: 0.9668159234496718
Model size: (7, 13)
Validation fitness: 0.9572084290192933 
Elapsed: 3.79830002784729

*** Epoch 1, batch 323/520 ***
Training fitness: 0.9671550671550672
Model size: (10, 18)
Validation fitness: 0.9631335293606169 
Elapsed: 4.188436508178711

*** Epoch 1, batch 324/520 ***
Training fitness: 0.9792892156862745
Model size: (10, 18)
Validation fitness: 0.9631335293606169 
Elapsed: 4.049705266952515

*** Epoch 1, batch 325/520 ***
Training fitness: 0.9672161172161172
Model size: (13, 17)
Validation fitness: 0.9627586269061572 
Elapsed: 3.7354462146759033

*** Epoch 1, batch 326/520 ***
Training fitness: 0.9539156442653971
Model size: (10, 18)
Validation fitness: 0.9696147084439509 
Elapsed: 4.21658182144165

*** Epoch 1, batch 327/520 ***
Training fitness: 0.9777492511767223
Model size: (10, 18)
Validation fitness: 0.9679476081194092 
Elapsed: 4.33929705619812

*** Epoch 1, batch 328/520 ***
Training fitness: 0.9724082341269841
Model size: (11, 18)
Validation fitness: 0.9709366046416821 
Elapsed: 4.067831039428711

*** Epoch 1, batch 329/520 ***
Training fitness: 0.9686200146806948
Model size: (11, 18)
Validation fitness: 0.9709366046416821 
Elapsed: 4.090914011001587

*** Epoch 1, batch 330/520 ***
Training fitness: 0.959657177838996
Model size: (11, 18)
Validation fitness: 0.9709366046416821 
Elapsed: 4.0903308391571045

*** Epoch 1, batch 331/520 ***
Training fitness: 0.9819236641221374
Model size: (11, 18)
Validation fitness: 0.9709366046416821 
Elapsed: 4.083256721496582

*** Epoch 1, batch 332/520 ***
Training fitness: 0.9766178266178266
Model size: (11, 18)
Validation fitness: 0.9709366046416821 
Elapsed: 4.026123523712158

*** Epoch 1, batch 333/520 ***
Training fitness: 0.9718610755050967
Model size: (13, 17)
Validation fitness: 0.9627586269061572 
Elapsed: 3.765627384185791

*** Epoch 1, batch 334/520 ***
Training fitness: 0.9812085482682388
Model size: (13, 17)
Validation fitness: 0.9627586269061572 
Elapsed: 3.7815186977386475

*** Epoch 1, batch 335/520 ***
Training fitness: 0.9575789087350134
Model size: (15, 24)
Validation fitness: 0.9625589006144456 
Elapsed: 3.9652392864227295

*** Epoch 1, batch 336/520 ***
Training fitness: 0.9663978494623655
Model size: (13, 21)
Validation fitness: 0.9708485081527863 
Elapsed: 3.961947441101074

*** Epoch 1, batch 337/520 ***
Training fitness: 0.9782382786233877
Model size: (13, 21)
Validation fitness: 0.9708485081527863 
Elapsed: 4.018505811691284

*** Epoch 1, batch 338/520 ***
Training fitness: 0.9748762149275627
Model size: (13, 21)
Validation fitness: 0.9708485081527863 
Elapsed: 4.0030739307403564

*** Epoch 1, batch 339/520 ***
Training fitness: 0.9659402241594022
Model size: (7, 13)
Validation fitness: 0.963727898975413 
Elapsed: 3.840381145477295

*** Epoch 1, batch 340/520 ***
Training fitness: 0.9675857843137254
Model size: (13, 21)
Validation fitness: 0.9708485081527863 
Elapsed: 4.273041009902954

*** Epoch 1, batch 341/520 ***
Training fitness: 0.9729064039408868
Model size: (9, 18)
Validation fitness: 0.9574458141095747 
Elapsed: 4.15568470954895

*** Epoch 1, batch 342/520 ***
Training fitness: 0.9687192118226601
Model size: (7, 13)
Validation fitness: 0.9604836543958895 
Elapsed: 3.4943506717681885

*** Epoch 1, batch 343/520 ***
Training fitness: 0.959228515625
Model size: (14, 22)
Validation fitness: 0.9590125795227229 
Elapsed: 3.399801015853882

*** Epoch 1, batch 344/520 ***
Training fitness: 0.9532824427480917
Model size: (7, 13)
Validation fitness: 0.9604836543958895 
Elapsed: 3.5766069889068604

*** Epoch 1, batch 345/520 ***
Training fitness: 0.9825428798144419
Model size: (9, 13)
Validation fitness: 0.9681560094007208 
Elapsed: 3.3841817378997803

*** Epoch 1, batch 346/520 ***
Training fitness: 0.9622595419847327
Model size: (9, 13)
Validation fitness: 0.9681560094007208 
Elapsed: 3.52217173576355

*** Epoch 1, batch 347/520 ***
Training fitness: 0.9723969465648854
Model size: (6, 10)
Validation fitness: 0.9671417776176767 
Elapsed: 3.498608112335205

*** Epoch 1, batch 348/520 ***
Training fitness: 0.9690949227373069
Model size: (6, 10)
Validation fitness: 0.9671417776176767 
Elapsed: 3.358297348022461

*** Epoch 1, batch 349/520 ***
Training fitness: 0.9656351095647927
Model size: (10, 17)
Validation fitness: 0.9557918499361275 
Elapsed: 3.439992666244507

*** Epoch 1, batch 350/520 ***
Training fitness: 0.9654875951854581
Model size: (7, 12)
Validation fitness: 0.960468942639503 
Elapsed: 3.64028263092041

*** Epoch 1, batch 351/520 ***
Training fitness: 0.9787377450980392
Model size: (9, 13)
Validation fitness: 0.9674797815947241 
Elapsed: 3.499229669570923

*** Epoch 1, batch 352/520 ***
Training fitness: 0.9522228371149235
Model size: (9, 15)
Validation fitness: 0.9592265778670181 
Elapsed: 3.5275206565856934

*** Epoch 1, batch 353/520 ***
Training fitness: 0.9697802197802197
Model size: (11, 17)
Validation fitness: 0.9659075565260307 
Elapsed: 3.586679458618164

*** Epoch 1, batch 354/520 ***
Training fitness: 0.9631759236603865
Model size: (9, 13)
Validation fitness: 0.9674797815947241 
Elapsed: 3.532147169113159

*** Epoch 1, batch 355/520 ***
Training fitness: 0.9710693359375
Model size: (16, 27)
Validation fitness: 0.9652875100412777 
Elapsed: 3.8236186504364014

*** Epoch 1, batch 356/520 ***
Training fitness: 0.9806940371456501
Model size: (11, 12)
Validation fitness: 0.9636242113225268 
Elapsed: 3.4341320991516113

*** Epoch 1, batch 357/520 ***
Training fitness: 0.9634191176470588
Model size: (12, 21)
Validation fitness: 0.9621408430638869 
Elapsed: 3.8080716133117676

*** Epoch 1, batch 358/520 ***
Training fitness: 0.9659897235135796
Model size: (16, 27)
Validation fitness: 0.9652875100412777 
Elapsed: 3.806422472000122

*** Epoch 1, batch 359/520 ***
Training fitness: 0.970536096338407
Model size: (11, 17)
Validation fitness: 0.9659012357838724 
Elapsed: 3.60050106048584

*** Epoch 1, batch 360/520 ***
Training fitness: 0.9758542698208937
Model size: (9, 13)
Validation fitness: 0.9674797815947241 
Elapsed: 3.362718343734741

*** Epoch 1, batch 361/520 ***
Training fitness: 0.9821679389312977
Model size: (9, 13)
Validation fitness: 0.9674797815947241 
Elapsed: 3.4136056900024414

*** Epoch 1, batch 362/520 ***
Training fitness: 0.9660737208875848
Model size: (21, 30)
Validation fitness: 0.96418255270702 
Elapsed: 3.594517946243286

*** Epoch 1, batch 363/520 ***
Training fitness: 0.942888725128961
Model size: (20, 34)
Validation fitness: 0.9604893613848238 
Elapsed: 3.3316774368286133

*** Epoch 1, batch 364/520 ***
Training fitness: 0.9701693257534079
Model size: (19, 30)
Validation fitness: 0.9553591539131494 
Elapsed: 3.506648540496826

*** Epoch 1, batch 365/520 ***
Training fitness: 0.9627452193823876
Model size: (11, 17)
Validation fitness: 0.9659012357838724 
Elapsed: 3.5895962715148926

*** Epoch 1, batch 366/520 ***
Training fitness: 0.9775335775335775
Model size: (11, 17)
Validation fitness: 0.9659012357838724 
Elapsed: 3.734313726425171

*** Epoch 1, batch 367/520 ***
Training fitness: 0.9413416346212538
Model size: (21, 30)
Validation fitness: 0.9617056645465247 
Elapsed: 3.384005069732666

*** Epoch 1, batch 368/520 ***
Training fitness: 0.9398703205285049
Model size: (11, 17)
Validation fitness: 0.9659012357838724 
Elapsed: 3.3238449096679688

*** Epoch 1, batch 369/520 ***
Training fitness: 0.967650293255132
Model size: (22, 27)
Validation fitness: 0.9615450169302453 
Elapsed: 3.327670097351074

*** Epoch 1, batch 370/520 ***
Training fitness: 0.9826649575779771
Model size: (10, 13)
Validation fitness: 0.9633555064968252 
Elapsed: 3.131305456161499

*** Epoch 1, batch 371/520 ***
Training fitness: 0.9620338155404993
Model size: (11, 17)
Validation fitness: 0.9659012357838724 
Elapsed: 3.633632183074951

*** Epoch 1, batch 372/520 ***
Training fitness: 0.9810243183492999
Model size: (22, 31)
Validation fitness: 0.9642166938751715 
Elapsed: 3.3805525302886963

*** Epoch 1, batch 373/520 ***
Training fitness: 0.9579667644183774
Model size: (20, 24)
Validation fitness: 0.9599069645381448 
Elapsed: 3.1818289756774902

*** Epoch 1, batch 374/520 ***
Training fitness: 0.9592352759790318
Model size: (23, 33)
Validation fitness: 0.9630634698881126 
Elapsed: 3.242525815963745

*** Epoch 1, batch 375/520 ***
Training fitness: 0.9630129424032386
Model size: (23, 32)
Validation fitness: 0.9608058656780366 
Elapsed: 3.320077657699585

*** Epoch 1, batch 376/520 ***
Training fitness: 0.9685972629521017
Model size: (12, 16)
Validation fitness: 0.9629081078779569 
Elapsed: 3.739755868911743

*** Epoch 1, batch 377/520 ***
Training fitness: 0.9633729757085021
Model size: (14, 22)
Validation fitness: 0.9520160034595897 
Elapsed: 3.3449912071228027

*** Epoch 1, batch 378/520 ***
Training fitness: 0.963236641221374
Model size: (20, 24)
Validation fitness: 0.9601467130363639 
Elapsed: 3.267490863800049

*** Epoch 1, batch 379/520 ***
Training fitness: 0.9724053724053724
Model size: (18, 26)
Validation fitness: 0.9523265442699834 
Elapsed: 3.671781301498413

*** Epoch 1, batch 380/520 ***
Training fitness: 0.962026862026862
Model size: (18, 25)
Validation fitness: 0.9601471069376869 
Elapsed: 3.4856057167053223

*** Epoch 1, batch 381/520 ***
Training fitness: 0.9560810810810811
Model size: (19, 25)
Validation fitness: 0.9596581196675151 
Elapsed: 3.4863381385803223

*** Epoch 1, batch 382/520 ***
Training fitness: 0.9732230392156862
Model size: (13, 20)
Validation fitness: 0.9642834097666789 
Elapsed: 3.216442823410034

*** Epoch 1, batch 383/520 ***
Training fitness: 0.9723363798073974
Model size: (13, 20)
Validation fitness: 0.9642834097666789 
Elapsed: 3.495396375656128

*** Epoch 1, batch 384/520 ***
Training fitness: 0.9778023734858268
Model size: (13, 20)
Validation fitness: 0.9642834097666789 
Elapsed: 3.4478683471679688

*** Epoch 1, batch 385/520 ***
Training fitness: 0.9637338379060233
Model size: (19, 30)
Validation fitness: 0.9614397261905796 
Elapsed: 3.4651851654052734

*** Epoch 1, batch 386/520 ***
Training fitness: 0.9734961832061069
Model size: (19, 30)
Validation fitness: 0.9614397261905796 
Elapsed: 3.4746179580688477

*** Epoch 1, batch 387/520 ***
Training fitness: 0.9655677655677656
Model size: (22, 37)
Validation fitness: 0.9450382888574769 
Elapsed: 3.3290350437164307

*** Epoch 1, batch 388/520 ***
Training fitness: 0.9551413482447965
Model size: (18, 21)
Validation fitness: 0.9604624020454433 
Elapsed: 3.415457010269165

*** Epoch 1, batch 389/520 ***
Training fitness: 0.9682510439695406
Model size: (13, 20)
Validation fitness: 0.9642834097666789 
Elapsed: 3.3812968730926514

*** Epoch 1, batch 390/520 ***
Training fitness: 0.9538461538461538
Model size: (8, 18)
Validation fitness: 0.9592229136686654 
Elapsed: 3.3026340007781982

*** Epoch 1, batch 391/520 ***
Training fitness: 0.9727766587316121
Model size: (12, 18)
Validation fitness: 0.9644631295353845 
Elapsed: 3.2644991874694824

*** Epoch 1, batch 392/520 ***
Training fitness: 0.9694581280788177
Model size: (19, 34)
Validation fitness: 0.9621496554609251 
Elapsed: 3.4091479778289795

*** Epoch 1, batch 393/520 ***
Training fitness: 0.9684720603569895
Model size: (13, 14)
Validation fitness: 0.9612625896817127 
Elapsed: 3.2698352336883545

*** Epoch 1, batch 394/520 ***
Training fitness: 0.9711233211233212
Model size: (9, 16)
Validation fitness: 0.9628439294438087 
Elapsed: 3.3028950691223145

*** Epoch 1, batch 395/520 ***
Training fitness: 0.9532470703125
Model size: (13, 15)
Validation fitness: 0.9621127386625213 
Elapsed: 3.4069416522979736

*** Epoch 1, batch 396/520 ***
Training fitness: 0.973142892022218
Model size: (18, 21)
Validation fitness: 0.9594469427559512 
Elapsed: 3.43249773979187

*** Epoch 1, batch 397/520 ***
Training fitness: 0.9673382173382172
Model size: (21, 36)
Validation fitness: 0.9626851414081932 
Elapsed: 3.250192165374756

*** Epoch 1, batch 398/520 ***
Training fitness: 0.9772268135904499
Model size: (20, 33)
Validation fitness: 0.9625328573246538 
Elapsed: 3.3586032390594482

*** Epoch 1, batch 399/520 ***
Training fitness: 0.9723969465648855
Model size: (22, 38)
Validation fitness: 0.9624265406094492 
Elapsed: 3.5073540210723877

*** Epoch 1, batch 400/520 ***
Training fitness: 0.94482421875
Model size: (13, 15)
Validation fitness: 0.9623343493788945 
Elapsed: 3.2249228954315186

*** Epoch 1, batch 401/520 ***
Training fitness: 0.9781771501925545
Model size: (20, 33)
Validation fitness: 0.9625328573246538 
Elapsed: 3.3763482570648193

*** Epoch 1, batch 402/520 ***
Training fitness: 0.961794730729262
Model size: (14, 20)
Validation fitness: 0.9661046171134406 
Elapsed: 3.3662071228027344

*** Epoch 1, batch 403/520 ***
Training fitness: 0.9650740945704975
Model size: (21, 36)
Validation fitness: 0.9620979353011765 
Elapsed: 3.2148845195770264

*** Epoch 1, batch 404/520 ***
Training fitness: 0.9748396946564886
Model size: (8, 11)
Validation fitness: 0.962554237922042 
Elapsed: 3.2541866302490234

*** Epoch 1, batch 405/520 ***
Training fitness: 0.9816176470588236
Model size: (9, 14)
Validation fitness: 0.9600814536637019 
Elapsed: 3.0936126708984375

*** Epoch 1, batch 406/520 ***
Training fitness: 0.9656898656898657
Model size: (11, 15)
Validation fitness: 0.9610553426228824 
Elapsed: 3.1133761405944824

*** Epoch 1, batch 407/520 ***
Training fitness: 0.9692693059628543
Model size: (10, 17)
Validation fitness: 0.9642759531230312 
Elapsed: 3.317887544631958

*** Epoch 1, batch 408/520 ***
Training fitness: 0.9625894003300935
Model size: (16, 24)
Validation fitness: 0.96496036125185 
Elapsed: 3.54762864112854

*** Epoch 1, batch 409/520 ***
Training fitness: 0.9685049019607843
Model size: (14, 19)
Validation fitness: 0.9638815204913513 
Elapsed: 3.25294828414917

*** Epoch 1, batch 410/520 ***
Training fitness: 0.9673142717497556
Model size: (16, 24)
Validation fitness: 0.96496036125185 
Elapsed: 3.366166830062866

*** Epoch 1, batch 411/520 ***
Training fitness: 0.9754289215686275
Model size: (11, 22)
Validation fitness: 0.9558344095999944 
Elapsed: 3.197761297225952

*** Epoch 1, batch 412/520 ***
Training fitness: 0.9481893809640323
Model size: (9, 14)
Validation fitness: 0.9644376725173288 
Elapsed: 3.3527748584747314

*** Epoch 1, batch 413/520 ***
Training fitness: 0.9697580645161291
Model size: (16, 25)
Validation fitness: 0.9658468957223012 
Elapsed: 3.5019326210021973

*** Epoch 1, batch 414/520 ***
Training fitness: 0.9807162534435262
Model size: (16, 25)
Validation fitness: 0.9658468957223012 
Elapsed: 3.306896448135376

*** Epoch 1, batch 415/520 ***
Training fitness: 0.9633996561041513
Model size: (14, 19)
Validation fitness: 0.9638815204913513 
Elapsed: 3.4191761016845703

*** Epoch 1, batch 416/520 ***
Training fitness: 0.9685960591133005
Model size: (14, 19)
Validation fitness: 0.9638815204913513 
Elapsed: 3.3519809246063232

*** Epoch 1, batch 417/520 ***
Training fitness: 0.9767370676461586
Model size: (16, 25)
Validation fitness: 0.9658468957223012 
Elapsed: 3.1519954204559326

*** Epoch 1, batch 418/520 ***
Training fitness: 0.9552822453484706
Model size: (14, 19)
Validation fitness: 0.9638815204913513 
Elapsed: 3.318505048751831

*** Epoch 1, batch 419/520 ***
Training fitness: 0.9784827923467205
Model size: (14, 19)
Validation fitness: 0.9638815204913513 
Elapsed: 3.158348321914673

*** Epoch 1, batch 420/520 ***
Training fitness: 0.969047619047619
Model size: (9, 15)
Validation fitness: 0.9601629179535788 
Elapsed: 3.0755910873413086

*** Epoch 1, batch 421/520 ***
Training fitness: 0.9744483159117305
Model size: (12, 17)
Validation fitness: 0.9631840220139175 
Elapsed: 2.9300999641418457

*** Epoch 1, batch 422/520 ***
Training fitness: 0.9628702290076336
Model size: (11, 21)
Validation fitness: 0.9641460572914267 
Elapsed: 3.0381503105163574

*** Epoch 1, batch 423/520 ***
Training fitness: 0.9826086956521739
Model size: (14, 16)
Validation fitness: 0.9562301796640729 
Elapsed: 3.1838009357452393

*** Epoch 1, batch 424/520 ***
Training fitness: 0.9651587350702395
Model size: (11, 18)
Validation fitness: 0.9632661550199938 
Elapsed: 3.2811388969421387

*** Epoch 1, batch 425/520 ***
Training fitness: 0.9639778325123153
Model size: (21, 29)
Validation fitness: 0.9669622502193849 
Elapsed: 3.05367112159729

*** Epoch 1, batch 426/520 ***
Training fitness: 0.9731617647058823
Model size: (14, 20)
Validation fitness: 0.9635410798223993 
Elapsed: 2.898003339767456

*** Epoch 1, batch 427/520 ***
Training fitness: 0.9714818266542404
Model size: (11, 21)
Validation fitness: 0.965736062882627 
Elapsed: 2.4391777515411377

*** Epoch 1, batch 428/520 ***
Training fitness: 0.9709454922785814
Model size: (21, 29)
Validation fitness: 0.9669193974196497 
Elapsed: 1.6223254203796387

*** Epoch 1, batch 429/520 ***
Training fitness: 0.9755009775171066
Model size: (15, 23)
Validation fitness: 0.9625454438459954 
Elapsed: 1.6553738117218018

*** Epoch 1, batch 430/520 ***
Training fitness: 0.9650687022900764
Model size: (11, 21)
Validation fitness: 0.965736062882627 
Elapsed: 1.7540972232818604

*** Epoch 1, batch 431/520 ***
Training fitness: 0.9692011255199413
Model size: (10, 14)
Validation fitness: 0.9633391092091967 
Elapsed: 1.5645971298217773

*** Epoch 1, batch 432/520 ***
Training fitness: 0.9592099613568055
Model size: (10, 15)
Validation fitness: 0.9619239591633887 
Elapsed: 1.5252187252044678

*** Epoch 1, batch 433/520 ***
Training fitness: 0.965402902902903
Model size: (11, 21)
Validation fitness: 0.965736062882627 
Elapsed: 1.7187447547912598

*** Epoch 1, batch 434/520 ***
Training fitness: 0.9449275362318841
Model size: (10, 16)
Validation fitness: 0.9641284874603254 
Elapsed: 1.547806978225708

*** Epoch 1, batch 435/520 ***
Training fitness: 0.9696358748778104
Model size: (9, 14)
Validation fitness: 0.9638449334707995 
Elapsed: 1.5432071685791016

*** Epoch 1, batch 436/520 ***
Training fitness: 0.9628543499511242
Model size: (11, 17)
Validation fitness: 0.9628882296018935 
Elapsed: 1.558777093887329

*** Epoch 1, batch 437/520 ***
Training fitness: 0.9689360119047619
Model size: (9, 14)
Validation fitness: 0.9640075139517099 
Elapsed: 1.512047290802002

*** Epoch 1, batch 438/520 ***
Training fitness: 0.9661463116008571
Model size: (6, 8)
Validation fitness: 0.9619364540797717 
Elapsed: 1.4934532642364502

*** Epoch 1, batch 439/520 ***
Training fitness: 0.9771225838023
Model size: (12, 20)
Validation fitness: 0.9610156593547223 
Elapsed: 1.5773749351501465

*** Epoch 1, batch 440/520 ***
Training fitness: 0.9569023569023569
Model size: (7, 16)
Validation fitness: 0.9625975304255796 
Elapsed: 1.5922584533691406

*** Epoch 1, batch 441/520 ***
Training fitness: 0.9704517704517706
Model size: (12, 20)
Validation fitness: 0.9617339155158244 
Elapsed: 1.5702993869781494

*** Epoch 1, batch 442/520 ***
Training fitness: 0.9645828235869831
Model size: (12, 22)
Validation fitness: 0.9637342930015389 
Elapsed: 1.6702020168304443

*** Epoch 1, batch 443/520 ***
Training fitness: 0.9477941176470588
Model size: (8, 12)
Validation fitness: 0.9639667863870194 
Elapsed: 1.4715867042541504

*** Epoch 1, batch 444/520 ***
Training fitness: 0.9795081967213115
Model size: (13, 18)
Validation fitness: 0.9616682530813434 
Elapsed: 1.4541211128234863

*** Epoch 1, batch 445/520 ***
Training fitness: 0.9684399801587302
Model size: (10, 13)
Validation fitness: 0.9640898668096877 
Elapsed: 1.6047677993774414

*** Epoch 1, batch 446/520 ***
Training fitness: 0.9688091314167125
Model size: (17, 21)
Validation fitness: 0.9664706796893742 
Elapsed: 1.5154378414154053

*** Epoch 1, batch 447/520 ***
Training fitness: 0.983849177106362
Model size: (11, 14)
Validation fitness: 0.9615261371482329 
Elapsed: 1.8861701488494873

*** Epoch 1, batch 448/520 ***
Training fitness: 0.9758578431372549
Model size: (12, 18)
Validation fitness: 0.9572475076947249 
Elapsed: 1.4968533515930176

*** Epoch 1, batch 449/520 ***
Training fitness: 0.9535141117874931
Model size: (12, 14)
Validation fitness: 0.9520594974940366 
Elapsed: 1.5613787174224854

*** Epoch 1, batch 450/520 ***
Training fitness: 0.964442815249267
Model size: (11, 16)
Validation fitness: 0.963604891836712 
Elapsed: 1.5332062244415283

*** Epoch 1, batch 451/520 ***
Training fitness: 0.9656036168132942
Model size: (11, 15)
Validation fitness: 0.9645847351182157 
Elapsed: 1.5565028190612793

*** Epoch 1, batch 452/520 ***
Training fitness: 0.9731011670723335
Model size: (17, 21)
Validation fitness: 0.9658669114058032 
Elapsed: 1.5819623470306396

*** Epoch 1, batch 453/520 ***
Training fitness: 0.965221124946329
Model size: (18, 23)
Validation fitness: 0.9644485918284199 
Elapsed: 1.5682995319366455

*** Epoch 1, batch 454/520 ***
Training fitness: 0.9785551619433198
Model size: (19, 26)
Validation fitness: 0.9653500212651752 
Elapsed: 1.5290734767913818

*** Epoch 1, batch 455/520 ***
Training fitness: 0.9636208264664591
Model size: (19, 26)
Validation fitness: 0.9662853994996683 
Elapsed: 1.5564908981323242

*** Epoch 1, batch 456/520 ***
Training fitness: 0.9679813531251917
Model size: (13, 14)
Validation fitness: 0.9574905722924533 
Elapsed: 1.5236499309539795

*** Epoch 1, batch 457/520 ***
Training fitness: 0.971908396946565
Model size: (14, 19)
Validation fitness: 0.9635016805296115 
Elapsed: 1.5887765884399414

*** Epoch 1, batch 458/520 ***
Training fitness: 0.9830560313188157
Model size: (19, 26)
Validation fitness: 0.9653500212651752 
Elapsed: 1.6009292602539062

*** Epoch 1, batch 459/520 ***
Training fitness: 0.9813368055555556
Model size: (20, 28)
Validation fitness: 0.9655830276384253 
Elapsed: 1.6279337406158447

*** Epoch 1, batch 460/520 ***
Training fitness: 0.9743461080097848
Model size: (9, 12)
Validation fitness: 0.9506697037008294 
Elapsed: 1.583759069442749

*** Epoch 1, batch 461/520 ***
Training fitness: 0.9677557251908396
Model size: (19, 26)
Validation fitness: 0.9662853994996683 
Elapsed: 1.636638879776001

*** Epoch 1, batch 462/520 ***
Training fitness: 0.9625221265946408
Model size: (12, 12)
Validation fitness: 0.9679177449028344 
Elapsed: 1.6356313228607178

*** Epoch 1, batch 463/520 ***
Training fitness: 0.9577205882352942
Model size: (16, 20)
Validation fitness: 0.9594427472488375 
Elapsed: 1.5904278755187988

*** Epoch 1, batch 464/520 ***
Training fitness: 0.973419189453125
Model size: (14, 18)
Validation fitness: 0.9656096480394578 
Elapsed: 1.6201832294464111

*** Epoch 1, batch 465/520 ***
Training fitness: 0.9707194816309065
Model size: (13, 18)
Validation fitness: 0.9655454054818385 
Elapsed: 1.6779558658599854

*** Epoch 1, batch 466/520 ***
Training fitness: 0.971322849213691
Model size: (13, 18)
Validation fitness: 0.9681315325557245 
Elapsed: 1.6201484203338623

*** Epoch 1, batch 467/520 ***
Training fitness: 0.9763779527559056
Model size: (13, 18)
Validation fitness: 0.9681315325557245 
Elapsed: 1.6834709644317627

*** Epoch 1, batch 468/520 ***
Training fitness: 0.9626934414148859
Model size: (9, 18)
Validation fitness: 0.9529588108562428 
Elapsed: 1.8989605903625488

*** Epoch 1, batch 469/520 ***
Training fitness: 0.9641689793401172
Model size: (15, 20)
Validation fitness: 0.9640515209739263 
Elapsed: 1.5952954292297363

*** Epoch 1, batch 470/520 ***
Training fitness: 0.9622635716040285
Model size: (10, 19)
Validation fitness: 0.9590548460507214 
Elapsed: 1.9670965671539307

*** Epoch 1, batch 471/520 ***
Training fitness: 0.987548068119392
Model size: (12, 18)
Validation fitness: 0.9679140807044816 
Elapsed: 1.6725945472717285

*** Epoch 1, batch 472/520 ***
Training fitness: 0.9747909418299456
Model size: (18, 24)
Validation fitness: 0.9539832565921951 
Elapsed: 1.674621820449829

*** Epoch 1, batch 473/520 ***
Training fitness: 0.9557468107184277
Model size: (19, 22)
Validation fitness: 0.9658181226047363 
Elapsed: 1.702613353729248

*** Epoch 1, batch 474/520 ***
Training fitness: 0.9625282718992603
Model size: (15, 24)
Validation fitness: 0.962163542772682 
Elapsed: 1.775057315826416

*** Epoch 1, batch 475/520 ***
Training fitness: 0.9731465622706141
Model size: (18, 20)
Validation fitness: 0.9658452743145302 
Elapsed: 1.5151331424713135

*** Epoch 1, batch 476/520 ***
Training fitness: 0.9688549618320612
Model size: (19, 25)
Validation fitness: 0.965631266809739 
Elapsed: 1.5901072025299072

*** Epoch 1, batch 477/520 ***
Training fitness: 0.9880254154447702
Model size: (11, 16)
Validation fitness: 0.956443967316963 
Elapsed: 1.745708703994751

*** Epoch 1, batch 478/520 ***
Training fitness: 0.9707902716752274
Model size: (19, 26)
Validation fitness: 0.9660985620256626 
Elapsed: 1.5343520641326904

*** Epoch 1, batch 479/520 ***
Training fitness: 0.9783475433969208
Model size: (14, 23)
Validation fitness: 0.9581279412749191 
Elapsed: 1.70670485496521

*** Epoch 1, batch 480/520 ***
Training fitness: 0.9639238942426489
Model size: (19, 21)
Validation fitness: 0.9657416507851151 
Elapsed: 1.5981378555297852

*** Epoch 1, batch 481/520 ***
Training fitness: 0.9613300492610838
Model size: (19, 22)
Validation fitness: 0.9660640086351964 
Elapsed: 1.6342356204986572

*** Epoch 1, batch 482/520 ***
Training fitness: 0.9484221449063053
Model size: (15, 23)
Validation fitness: 0.9632959999155769 
Elapsed: 1.7969446182250977

*** Epoch 1, batch 483/520 ***
Training fitness: 0.9797776148582601
Model size: (19, 24)
Validation fitness: 0.9661132188190735 
Elapsed: 1.5631744861602783

*** Epoch 1, batch 484/520 ***
Training fitness: 0.9673992673992675
Model size: (15, 23)
Validation fitness: 0.9632959999155769 
Elapsed: 1.6992478370666504

*** Epoch 1, batch 485/520 ***
Training fitness: 0.9798406862745099
Model size: (15, 22)
Validation fitness: 0.9636312557438599 
Elapsed: 1.6851658821105957

*** Epoch 1, batch 486/520 ***
Training fitness: 0.9753224206349207
Model size: (15, 23)
Validation fitness: 0.9622903973196535 
Elapsed: 1.698908805847168

*** Epoch 1, batch 487/520 ***
Training fitness: 0.9736519607843137
Model size: (19, 22)
Validation fitness: 0.9660640086351964 
Elapsed: 1.7163562774658203

*** Epoch 1, batch 488/520 ***
Training fitness: 0.9684995340167754
Model size: (14, 25)
Validation fitness: 0.9570824905219097 
Elapsed: 1.4801287651062012

*** Epoch 1, batch 489/520 ***
Training fitness: 0.9780766396462787
Model size: (14, 25)
Validation fitness: 0.9541092683735456 
Elapsed: 1.485626459121704

*** Epoch 1, batch 490/520 ***
Training fitness: 0.948928238583411
Model size: (21, 25)
Validation fitness: 0.9647094094671674 
Elapsed: 1.5302395820617676

*** Epoch 1, batch 491/520 ***
Training fitness: 0.9810687022900764
Model size: (20, 23)
Validation fitness: 0.966472182010699 
Elapsed: 1.478543758392334

*** Epoch 1, batch 492/520 ***
Training fitness: 0.9699045754832395
Model size: (20, 23)
Validation fitness: 0.966472182010699 
Elapsed: 1.5078067779541016

*** Epoch 1, batch 493/520 ***
Training fitness: 0.9511563367252543
Model size: (21, 26)
Validation fitness: 0.9665004146590066 
Elapsed: 1.508533239364624

*** Epoch 1, batch 494/520 ***
Training fitness: 0.9825954198473281
Model size: (21, 26)
Validation fitness: 0.9665004146590066 
Elapsed: 1.4651055335998535

*** Epoch 1, batch 495/520 ***
Training fitness: 0.9530217763640813
Model size: (21, 26)
Validation fitness: 0.9665004146590066 
Elapsed: 1.4927124977111816

*** Epoch 1, batch 496/520 ***
Training fitness: 0.9773049645390071
Model size: (20, 23)
Validation fitness: 0.966472182010699 
Elapsed: 1.5212187767028809

*** Epoch 1, batch 497/520 ***
Training fitness: 0.9518778625954198
Model size: (14, 20)
Validation fitness: 0.9622866598373337 
Elapsed: 1.6469604969024658

*** Epoch 1, batch 498/520 ***
Training fitness: 0.956896021644223
Model size: (21, 26)
Validation fitness: 0.9665004146590066 
Elapsed: 1.5123088359832764

*** Epoch 1, batch 499/520 ***
Training fitness: 0.9557430160767773
Model size: (21, 26)
Validation fitness: 0.966560690721909 
Elapsed: 1.4302136898040771

*** Epoch 1, batch 500/520 ***
Training fitness: 0.9716616573636754
Model size: (15, 19)
Validation fitness: 0.9600759573661728 
Elapsed: 1.4644198417663574

*** Epoch 1, batch 501/520 ***
Training fitness: 0.94793701171875
Model size: (15, 17)
Validation fitness: 0.9630388464751822 
Elapsed: 1.4621949195861816

*** Epoch 1, batch 502/520 ***
Training fitness: 0.9706583532000733
Model size: (15, 17)
Validation fitness: 0.9630388464751822 
Elapsed: 1.469404935836792

*** Epoch 1, batch 503/520 ***
Training fitness: 0.9711843711843713
Model size: (15, 17)
Validation fitness: 0.9630388464751822 
Elapsed: 1.5949549674987793

*** Epoch 1, batch 504/520 ***
Training fitness: 0.9574481074481074
Model size: (15, 17)
Validation fitness: 0.9630388464751822 
Elapsed: 1.45613431930542

*** Epoch 1, batch 505/520 ***
Training fitness: 0.9809809809809811
Model size: (15, 19)
Validation fitness: 0.9620503007225909 
Elapsed: 1.4756712913513184

*** Epoch 1, batch 506/520 ***
Training fitness: 0.9665811339198436
Model size: (14, 18)
Validation fitness: 0.9645666156573616 
Elapsed: 1.50416898727417

*** Epoch 1, batch 507/520 ***
Training fitness: 0.9691193761990222
Model size: (14, 18)
Validation fitness: 0.9645666156573616 
Elapsed: 1.6030526161193848

*** Epoch 1, batch 508/520 ***
Training fitness: 0.9565724099858921
Model size: (14, 18)
Validation fitness: 0.9645666156573616 
Elapsed: 1.591416358947754

*** Epoch 1, batch 509/520 ***
Training fitness: 0.9620879120879122
Model size: (16, 21)
Validation fitness: 0.9624633108399189 
Elapsed: 1.7112438678741455

*** Epoch 1, batch 510/520 ***
Training fitness: 0.9807172684844019
Model size: (14, 18)
Validation fitness: 0.9645666156573616 
Elapsed: 1.5982613563537598

*** Epoch 1, batch 511/520 ***
Training fitness: 0.9668866080156403
Model size: (17, 22)
Validation fitness: 0.9631942817693051 
Elapsed: 1.672321081161499

*** Epoch 1, batch 512/520 ***
Training fitness: 0.9754874992358945
Model size: (17, 21)
Validation fitness: 0.9627396830006736 
Elapsed: 1.6167583465576172

*** Epoch 1, batch 513/520 ***
Training fitness: 0.9807081807081808
Model size: (14, 16)
Validation fitness: 0.9686034446615726 
Elapsed: 1.6574997901916504

*** Epoch 1, batch 514/520 ***
Training fitness: 0.9698828436484083
Model size: (14, 16)
Validation fitness: 0.9686034446615726 
Elapsed: 1.5965771675109863

*** Epoch 1, batch 515/520 ***
Training fitness: 0.96612548828125
Model size: (14, 16)
Validation fitness: 0.9686034446615726 
Elapsed: 1.7126097679138184

*** Epoch 1, batch 516/520 ***
Training fitness: 0.9584347500468077
Model size: (14, 16)
Validation fitness: 0.9686034446615726 
Elapsed: 1.655580997467041

*** Epoch 1, batch 517/520 ***
Training fitness: 0.9626231527093596
Model size: (14, 16)
Validation fitness: 0.9686034446615726 
Elapsed: 1.5997645854949951

*** Epoch 1, batch 518/520 ***
Training fitness: 0.9770833333333333
Model size: (20, 28)
Validation fitness: 0.9635956214148796 
Elapsed: 1.6930668354034424

*** Epoch 1, batch 519/520 ***
Training fitness: 0.9773949169110459
Model size: (14, 16)
Validation fitness: 0.9686034446615726 
Elapsed: 1.6288983821868896

*** Epoch 1, batch 520/520 ***
Training fitness: 0.9566834804539723
Model size: (14, 16)
Validation fitness: 0.9686034446615726 
Elapsed: 1.7496623992919922

Total train time: 1209.8473575115204
Test time: 0.2813694477081299
Test fitness: 0.9696095855457987
Test statistics: Stats(total=14791, total_true=7158, total_false=7633, true_positive=0, true_negative=7633, false_positive=0, false_negative=7158, tpr=0.0, tnr=1.0, ppv=0.0, npv=0.5160570617267257, accuracy=0.5160570617267257, f1=0.0, mcc=0.0)
