Configuration:
Dataset: ids2017
Selector: pca
Fold: 6
Batch size: 1
Epochs: 10
Epoch 1/10
 - 4828s - loss: 0.1632
 - val_mcc: 0.790358
Epoch 2/10
 - 4855s - loss: 0.1555
 - val_mcc: 0.796712
Epoch 3/10
 - 4793s - loss: 0.1593
 - val_mcc: 0.798543
Epoch 4/10
 - 4841s - loss: 0.1691
 - val_mcc: 0.800289
Epoch 5/10
 - 4826s - loss: 0.1929
 - val_mcc: 0.794957
Epoch 6/10
 - 4828s - loss: 0.2025
 - val_mcc: 0.808601
Epoch 7/10
 - 4793s - loss: 0.1828
 - val_mcc: 0.806137
Epoch 8/10
 - 4847s - loss: 0.1800
 - val_mcc: 0.802235
Epoch 9/10
 - 4840s - loss: 0.2049
 - val_mcc: 0.803788
Epoch 10/10
 - 4814s - loss: 0.2036
 - val_mcc: 0.806542
Total train time: 48369.37910628319
Test time: 10.2194664478302
Test statistics: Stats(total=252237, total_true=42632, total_false=209605, true_positive=30303, true_negative=208863, false_positive=742, false_negative=12329, tpr=0.7108040908237944, tnr=0.9964600081104935, ppv=0.9760992108229989, npv=0.944261094433795, accuracy=0.94817968815043, f1=0.8225904963557148, mcc=0.8068071653080013)
