Configuration:
Dataset: nsl_kdd
Selector: pca
Fold: 9
Fitness: mcc
Batch size: 256
Epochs: 1
Config args: {}
*** Epoch 1, batch 1/520 ***
Training fitness: 0.7746228937676954
Model size: (1, 12)
Validation fitness: 0.729720755885211 !!!
Elapsed: 3.5827972888946533

*** Epoch 1, batch 2/520 ***
Training fitness: 0.7959266002395652
Model size: (1, 11)
Validation fitness: 0.7517516072411243 !!!
Elapsed: 3.8506112098693848

*** Epoch 1, batch 3/520 ***
Training fitness: 0.8199450377115279
Model size: (2, 11)
Validation fitness: 0.7930731177555975 !!!
Elapsed: 4.100160598754883

*** Epoch 1, batch 4/520 ***
Training fitness: 0.7652668256005868
Model size: (2, 12)
Validation fitness: 0.7923307441312368 
Elapsed: 4.062042951583862

*** Epoch 1, batch 5/520 ***
Training fitness: 0.8209390659091667
Model size: (2, 12)
Validation fitness: 0.7976632417365259 !!!
Elapsed: 4.399181127548218

*** Epoch 1, batch 6/520 ***
Training fitness: 0.8658069756431734
Model size: (2, 12)
Validation fitness: 0.8050092157675535 !!!
Elapsed: 4.079991579055786

*** Epoch 1, batch 7/520 ***
Training fitness: 0.8914999716646557
Model size: (2, 11)
Validation fitness: 0.7952092284623182 
Elapsed: 3.98299241065979

*** Epoch 1, batch 8/520 ***
Training fitness: 0.8728738255517648
Model size: (4, 13)
Validation fitness: 0.8416158573652465 !!!
Elapsed: 4.228567600250244

*** Epoch 1, batch 9/520 ***
Training fitness: 0.8807789777531557
Model size: (4, 16)
Validation fitness: 0.8303865144362313 
Elapsed: 4.282390356063843

*** Epoch 1, batch 10/520 ***
Training fitness: 0.852055293699927
Model size: (2, 10)
Validation fitness: 0.8448424839142684 !!!
Elapsed: 4.374013662338257

*** Epoch 1, batch 11/520 ***
Training fitness: 0.8903636908594089
Model size: (4, 13)
Validation fitness: 0.8416158573652465 
Elapsed: 4.656254529953003

*** Epoch 1, batch 12/520 ***
Training fitness: 0.8653956465200294
Model size: (4, 16)
Validation fitness: 0.8303865144362313 
Elapsed: 4.064037561416626

*** Epoch 1, batch 13/520 ***
Training fitness: 0.8671204739424371
Model size: (4, 15)
Validation fitness: 0.8303923887049749 
Elapsed: 4.55350399017334

*** Epoch 1, batch 14/520 ***
Training fitness: 0.8231191818059519
Model size: (4, 14)
Validation fitness: 0.8354866824687471 
Elapsed: 5.060896396636963

*** Epoch 1, batch 15/520 ***
Training fitness: 0.8778580928761867
Model size: (4, 14)
Validation fitness: 0.8354866824687471 
Elapsed: 5.167584180831909

*** Epoch 1, batch 16/520 ***
Training fitness: 0.848555089015061
Model size: (5, 14)
Validation fitness: 0.8336879891117536 
Elapsed: 5.052859544754028

*** Epoch 1, batch 17/520 ***
Training fitness: 0.8449525354345196
Model size: (5, 13)
Validation fitness: 0.8176733659205592 
Elapsed: 5.040585517883301

*** Epoch 1, batch 18/520 ***
Training fitness: 0.9050640677088255
Model size: (3, 11)
Validation fitness: 0.8408903343090076 
Elapsed: 4.853595018386841

*** Epoch 1, batch 19/520 ***
Training fitness: 0.8452433956943631
Model size: (2, 10)
Validation fitness: 0.8099195959623655 
Elapsed: 4.0059263706207275

*** Epoch 1, batch 20/520 ***
Training fitness: 0.8338398566136035
Model size: (7, 21)
Validation fitness: 0.8148606413323523 
Elapsed: 4.990737199783325

*** Epoch 1, batch 21/520 ***
Training fitness: 0.8877841124202964
Model size: (3, 11)
Validation fitness: 0.8408903343090076 
Elapsed: 4.7419514656066895

*** Epoch 1, batch 22/520 ***
Training fitness: 0.8797732472410854
Model size: (2, 8)
Validation fitness: 0.8223751267050283 
Elapsed: 4.582677125930786

*** Epoch 1, batch 23/520 ***
Training fitness: 0.8412312077575598
Model size: (2, 7)
Validation fitness: 0.8394054671609085 
Elapsed: 4.44443678855896

*** Epoch 1, batch 24/520 ***
Training fitness: 0.8050019816888933
Model size: (2, 7)
Validation fitness: 0.8394054671609085 
Elapsed: 4.538790464401245

*** Epoch 1, batch 25/520 ***
Training fitness: 0.835590554068473
Model size: (3, 9)
Validation fitness: 0.8248506103083617 
Elapsed: 4.382214307785034

*** Epoch 1, batch 26/520 ***
Training fitness: 0.9062541278621901
Model size: (5, 12)
Validation fitness: 0.8427543522637625 
Elapsed: 4.586525917053223

*** Epoch 1, batch 27/520 ***
Training fitness: 0.8536753350213125
Model size: (1, 8)
Validation fitness: 0.8270334267006443 
Elapsed: 4.403746843338013

*** Epoch 1, batch 28/520 ***
Training fitness: 0.8666589127852791
Model size: (2, 7)
Validation fitness: 0.8394054671609085 
Elapsed: 4.4551331996917725

*** Epoch 1, batch 29/520 ***
Training fitness: 0.8694961675683838
Model size: (3, 9)
Validation fitness: 0.8354826062196931 
Elapsed: 4.506648063659668

*** Epoch 1, batch 30/520 ***
Training fitness: 0.8682479584946452
Model size: (5, 12)
Validation fitness: 0.8427543522637625 
Elapsed: 4.823330402374268

*** Epoch 1, batch 31/520 ***
Training fitness: 0.8429042776629293
Model size: (3, 9)
Validation fitness: 0.8366276928190565 
Elapsed: 4.721283197402954

*** Epoch 1, batch 32/520 ***
Training fitness: 0.8988168195810572
Model size: (5, 12)
Validation fitness: 0.8427543522637625 
Elapsed: 4.703730583190918

*** Epoch 1, batch 33/520 ***
Training fitness: 0.8744944602031038
Model size: (4, 9)
Validation fitness: 0.823734713970087 
Elapsed: 4.778184175491333

*** Epoch 1, batch 34/520 ***
Training fitness: 0.8396874539641114
Model size: (3, 7)
Validation fitness: 0.8104771803365671 
Elapsed: 4.094961166381836

*** Epoch 1, batch 35/520 ***
Training fitness: 0.8453019315171203
Model size: (2, 8)
Validation fitness: 0.8507272604560835 !!!
Elapsed: 4.496191740036011

*** Epoch 1, batch 36/520 ***
Training fitness: 0.8977491266396646
Model size: (2, 8)
Validation fitness: 0.8507272604560835 
Elapsed: 4.615368604660034

*** Epoch 1, batch 37/520 ***
Training fitness: 0.9015288540457949
Model size: (4, 12)
Validation fitness: 0.8154033397632066 
Elapsed: 4.523446559906006

*** Epoch 1, batch 38/520 ***
Training fitness: 0.8557509493056338
Model size: (6, 17)
Validation fitness: 0.8419939513156737 
Elapsed: 4.661667346954346

*** Epoch 1, batch 39/520 ***
Training fitness: 0.8722848294753022
Model size: (5, 12)
Validation fitness: 0.8427543522637625 
Elapsed: 4.737757205963135

*** Epoch 1, batch 40/520 ***
Training fitness: 0.8430872517558543
Model size: (4, 9)
Validation fitness: 0.851447019926492 !!!
Elapsed: 4.4812188148498535

*** Epoch 1, batch 41/520 ***
Training fitness: 0.9299514735442082
Model size: (6, 18)
Validation fitness: 0.8329937954818267 
Elapsed: 4.07550048828125

*** Epoch 1, batch 42/520 ***
Training fitness: 0.8394200144223015
Model size: (4, 6)
Validation fitness: 0.8136395359399299 
Elapsed: 4.710973501205444

*** Epoch 1, batch 43/520 ***
Training fitness: 0.8983868710679815
Model size: (4, 9)
Validation fitness: 0.8311074190395734 
Elapsed: 3.664729118347168

*** Epoch 1, batch 44/520 ***
Training fitness: 0.8840564663835783
Model size: (4, 11)
Validation fitness: 0.8190021630416893 
Elapsed: 2.46270489692688

*** Epoch 1, batch 45/520 ***
Training fitness: 0.8501523528725283
Model size: (5, 10)
Validation fitness: 0.8224716199260105 
Elapsed: 2.4519877433776855

*** Epoch 1, batch 46/520 ***
Training fitness: 0.9007734631200106
Model size: (6, 13)
Validation fitness: 0.8278649017662744 
Elapsed: 2.434979200363159

*** Epoch 1, batch 47/520 ***
Training fitness: 0.8151695679436424
Model size: (5, 14)
Validation fitness: 0.8075835331651606 
Elapsed: 3.84232497215271

*** Epoch 1, batch 48/520 ***
Training fitness: 0.8918229301240362
Model size: (7, 14)
Validation fitness: 0.8282092505096136 
Elapsed: 5.128573179244995

*** Epoch 1, batch 49/520 ***
Training fitness: 0.8057692713904955
Model size: (6, 14)
Validation fitness: 0.8395789607949263 
Elapsed: 4.749891042709351

*** Epoch 1, batch 50/520 ***
Training fitness: 0.8519969235102949
Model size: (7, 17)
Validation fitness: 0.8173747287242803 
Elapsed: 5.181224822998047

*** Epoch 1, batch 51/520 ***
Training fitness: 0.8711764176772593
Model size: (11, 26)
Validation fitness: 0.8425319930857919 
Elapsed: 5.684370040893555

*** Epoch 1, batch 52/520 ***
Training fitness: 0.8740945108061485
Model size: (11, 22)
Validation fitness: 0.8392892197438521 
Elapsed: 5.31070613861084

*** Epoch 1, batch 53/520 ***
Training fitness: 0.7739159894907481
Model size: (11, 18)
Validation fitness: 0.7764275961317018 
Elapsed: 5.123392105102539

*** Epoch 1, batch 54/520 ***
Training fitness: 0.8390184515351722
Model size: (5, 14)
Validation fitness: 0.783309438623608 
Elapsed: 4.919623851776123

*** Epoch 1, batch 55/520 ***
Training fitness: 0.8915591231674419
Model size: (5, 13)
Validation fitness: 0.8279695193256875 
Elapsed: 5.1556220054626465

*** Epoch 1, batch 56/520 ***
Training fitness: 0.8984806652794236
Model size: (8, 17)
Validation fitness: 0.8544191392514005 !!!
Elapsed: 5.321387767791748

*** Epoch 1, batch 57/520 ***
Training fitness: 0.8831319452925261
Model size: (5, 10)
Validation fitness: 0.8219495676585207 
Elapsed: 5.42798638343811

*** Epoch 1, batch 58/520 ***
Training fitness: 0.8448380735439606
Model size: (7, 13)
Validation fitness: 0.8034398892807281 
Elapsed: 4.986694812774658

*** Epoch 1, batch 59/520 ***
Training fitness: 0.8436530848822045
Model size: (6, 13)
Validation fitness: 0.8390569648175703 
Elapsed: 4.986586809158325

*** Epoch 1, batch 60/520 ***
Training fitness: 0.8598529047342829
Model size: (7, 19)
Validation fitness: 0.8317685481751348 
Elapsed: 5.277637243270874

*** Epoch 1, batch 61/520 ***
Training fitness: 0.8431648548452588
Model size: (4, 11)
Validation fitness: 0.818282591411248 
Elapsed: 4.837125062942505

*** Epoch 1, batch 62/520 ***
Training fitness: 0.8915343453570008
Model size: (7, 14)
Validation fitness: 0.812357556502183 
Elapsed: 4.760441541671753

*** Epoch 1, batch 63/520 ***
Training fitness: 0.8535107017668793
Model size: (4, 7)
Validation fitness: 0.7807994451645985 
Elapsed: 4.8187949657440186

*** Epoch 1, batch 64/520 ***
Training fitness: 0.8127601049529698
Model size: (9, 15)
Validation fitness: 0.8241051103612471 
Elapsed: 5.181944370269775

*** Epoch 1, batch 65/520 ***
Training fitness: 0.8760863247951313
Model size: (10, 21)
Validation fitness: 0.8255184214709286 
Elapsed: 5.57455039024353

*** Epoch 1, batch 66/520 ***
Training fitness: 0.8053905913565342
Model size: (5, 11)
Validation fitness: 0.8344189719805486 
Elapsed: 4.877748250961304

*** Epoch 1, batch 67/520 ***
Training fitness: 0.8275633611797493
Model size: (4, 9)
Validation fitness: 0.8264476684952046 
Elapsed: 5.038159132003784

*** Epoch 1, batch 68/520 ***
Training fitness: 0.7976078292063299
Model size: (7, 14)
Validation fitness: 0.8184232634539963 
Elapsed: 5.114350080490112

*** Epoch 1, batch 69/520 ***
Training fitness: 0.8529456872680551
Model size: (7, 13)
Validation fitness: 0.8303217108724917 
Elapsed: 5.104441404342651

*** Epoch 1, batch 70/520 ***
Training fitness: 0.843009444802893
Model size: (6, 13)
Validation fitness: 0.810757580344378 
Elapsed: 4.786968946456909

*** Epoch 1, batch 71/520 ***
Training fitness: 0.833569285930802
Model size: (6, 13)
Validation fitness: 0.8364371363808196 
Elapsed: 5.320450782775879

*** Epoch 1, batch 72/520 ***
Training fitness: 0.8914188100950495
Model size: (6, 13)
Validation fitness: 0.8364371363808196 
Elapsed: 5.4254701137542725

*** Epoch 1, batch 73/520 ***
Training fitness: 0.8783100656536799
Model size: (7, 13)
Validation fitness: 0.8313506538072383 
Elapsed: 4.897311687469482

*** Epoch 1, batch 74/520 ***
Training fitness: 0.8282994729374619
Model size: (10, 19)
Validation fitness: 0.8376003625680423 
Elapsed: 5.05745005607605

*** Epoch 1, batch 75/520 ***
Training fitness: 0.8572284733336951
Model size: (10, 19)
Validation fitness: 0.8376003625680423 
Elapsed: 5.094867944717407

*** Epoch 1, batch 76/520 ***
Training fitness: 0.8525867158614023
Model size: (6, 13)
Validation fitness: 0.8364371363808196 
Elapsed: 4.927402973175049

*** Epoch 1, batch 77/520 ***
Training fitness: 0.8765651377575729
Model size: (6, 12)
Validation fitness: 0.8286834249530174 
Elapsed: 4.48078989982605

*** Epoch 1, batch 78/520 ***
Training fitness: 0.8464199616254574
Model size: (6, 15)
Validation fitness: 0.8321122757969401 
Elapsed: 4.475734710693359

*** Epoch 1, batch 79/520 ***
Training fitness: 0.8720508658570051
Model size: (10, 19)
Validation fitness: 0.8376003625680423 
Elapsed: 4.780168294906616

*** Epoch 1, batch 80/520 ***
Training fitness: 0.8839251680710756
Model size: (9, 19)
Validation fitness: 0.8389425227775199 
Elapsed: 4.986867427825928

*** Epoch 1, batch 81/520 ***
Training fitness: 0.8904203780938066
Model size: (9, 21)
Validation fitness: 0.8208924377122865 
Elapsed: 5.034666538238525

*** Epoch 1, batch 82/520 ***
Training fitness: 0.8688973167241754
Model size: (9, 20)
Validation fitness: 0.7951334083558965 
Elapsed: 4.979987621307373

*** Epoch 1, batch 83/520 ***
Training fitness: 0.8663670716046631
Model size: (5, 9)
Validation fitness: 0.8300172390239403 
Elapsed: 4.23507833480835

*** Epoch 1, batch 84/520 ***
Training fitness: 0.829036307361394
Model size: (9, 20)
Validation fitness: 0.8268251219562707 
Elapsed: 4.516892433166504

*** Epoch 1, batch 85/520 ***
Training fitness: 0.884219548044426
Model size: (8, 17)
Validation fitness: 0.8127257276599834 
Elapsed: 4.62358283996582

*** Epoch 1, batch 86/520 ***
Training fitness: 0.8444144299317077
Model size: (9, 21)
Validation fitness: 0.8242014890681502 
Elapsed: 4.584132671356201

*** Epoch 1, batch 87/520 ***
Training fitness: 0.9007497440749631
Model size: (4, 7)
Validation fitness: 0.81653373698923 
Elapsed: 4.2473366260528564

*** Epoch 1, batch 88/520 ***
Training fitness: 0.8904203780938066
Model size: (8, 19)
Validation fitness: 0.8296809204131879 
Elapsed: 4.329395055770874

*** Epoch 1, batch 89/520 ***
Training fitness: 0.8504586694151555
Model size: (5, 10)
Validation fitness: 0.839930018239201 
Elapsed: 4.560085773468018

*** Epoch 1, batch 90/520 ***
Training fitness: 0.8118797965070877
Model size: (7, 14)
Validation fitness: 0.8227746479767839 
Elapsed: 4.739810943603516

*** Epoch 1, batch 91/520 ***
Training fitness: 0.8507777721726065
Model size: (10, 20)
Validation fitness: 0.8187948984102522 
Elapsed: 5.199866771697998

*** Epoch 1, batch 92/520 ***
Training fitness: 0.8915591231674419
Model size: (11, 25)
Validation fitness: 0.8335500179423837 
Elapsed: 5.008536338806152

*** Epoch 1, batch 93/520 ***
Training fitness: 0.8373087568798696
Model size: (9, 17)
Validation fitness: 0.8349078049534335 
Elapsed: 4.942067384719849

*** Epoch 1, batch 94/520 ***
Training fitness: 0.8427015459670255
Model size: (11, 24)
Validation fitness: 0.8202474306623649 
Elapsed: 5.137790679931641

*** Epoch 1, batch 95/520 ***
Training fitness: 0.7923686509214983
Model size: (9, 17)
Validation fitness: 0.8349078049534335 
Elapsed: 4.838022232055664

*** Epoch 1, batch 96/520 ***
Training fitness: 0.8268844828351871
Model size: (3, 7)
Validation fitness: 0.81439759587584 
Elapsed: 4.2274792194366455

*** Epoch 1, batch 97/520 ***
Training fitness: 0.8741640186050763
Model size: (3, 7)
Validation fitness: 0.81439759587584 
Elapsed: 4.412962436676025

*** Epoch 1, batch 98/520 ***
Training fitness: 0.8750458630720198
Model size: (10, 20)
Validation fitness: 0.8298366400384448 
Elapsed: 4.867494344711304

*** Epoch 1, batch 99/520 ***
Training fitness: 0.8572284733336951
Model size: (5, 10)
Validation fitness: 0.8010055924720774 
Elapsed: 4.542961597442627

*** Epoch 1, batch 100/520 ***
Training fitness: 0.899037989437112
Model size: (3, 8)
Validation fitness: 0.8275489731589878 
Elapsed: 4.413862943649292

*** Epoch 1, batch 101/520 ***
Training fitness: 0.8278704599015747
Model size: (9, 17)
Validation fitness: 0.7950620547860241 
Elapsed: 4.675450325012207

*** Epoch 1, batch 102/520 ***
Training fitness: 0.8765651377575729
Model size: (10, 20)
Validation fitness: 0.8372581697163373 
Elapsed: 5.064514398574829

*** Epoch 1, batch 103/520 ***
Training fitness: 0.806073399016113
Model size: (8, 17)
Validation fitness: 0.8277860061113126 
Elapsed: 4.434805870056152

*** Epoch 1, batch 104/520 ***
Training fitness: 0.8611925708699902
Model size: (10, 20)
Validation fitness: 0.8372581697163373 
Elapsed: 5.0165510177612305

*** Epoch 1, batch 105/520 ***
Training fitness: 0.8924472611077572
Model size: (3, 8)
Validation fitness: 0.8188309148284976 
Elapsed: 4.558481216430664

*** Epoch 1, batch 106/520 ***
Training fitness: 0.8899533284205355
Model size: (10, 21)
Validation fitness: 0.8295597337444699 
Elapsed: 4.811836242675781

*** Epoch 1, batch 107/520 ***
Training fitness: 0.8501620146655489
Model size: (10, 21)
Validation fitness: 0.8323229627168182 
Elapsed: 4.6494855880737305

*** Epoch 1, batch 108/520 ***
Training fitness: 0.8515341268497455
Model size: (10, 21)
Validation fitness: 0.8301059146006089 
Elapsed: 4.634397745132446

*** Epoch 1, batch 109/520 ***
Training fitness: 0.8072230405020466
Model size: (7, 14)
Validation fitness: 0.8269677397269973 
Elapsed: 4.696984767913818

*** Epoch 1, batch 110/520 ***
Training fitness: 0.8874011086995811
Model size: (8, 14)
Validation fitness: 0.8435091374695354 
Elapsed: 4.479434251785278

*** Epoch 1, batch 111/520 ***
Training fitness: 0.8909208740316114
Model size: (9, 16)
Validation fitness: 0.8309117739337525 
Elapsed: 4.489147424697876

*** Epoch 1, batch 112/520 ***
Training fitness: 0.8380490933199906
Model size: (12, 24)
Validation fitness: 0.8296041348708099 
Elapsed: 5.125985145568848

*** Epoch 1, batch 113/520 ***
Training fitness: 0.8529105072686008
Model size: (8, 13)
Validation fitness: 0.7957469228141614 
Elapsed: 4.572551727294922

*** Epoch 1, batch 114/520 ***
Training fitness: 0.878317527419567
Model size: (7, 14)
Validation fitness: 0.8269677397269973 
Elapsed: 4.660131216049194

*** Epoch 1, batch 115/520 ***
Training fitness: 0.8776825742010899
Model size: (7, 16)
Validation fitness: 0.8100726083452069 
Elapsed: 4.667907238006592

*** Epoch 1, batch 116/520 ***
Training fitness: 0.8790143278602764
Model size: (8, 20)
Validation fitness: 0.7906485991178521 
Elapsed: 4.357049465179443

*** Epoch 1, batch 117/520 ***
Training fitness: 0.9089689539816019
Model size: (10, 19)
Validation fitness: 0.8167322395403985 
Elapsed: 4.697394847869873

*** Epoch 1, batch 118/520 ***
Training fitness: 0.8919834413758754
Model size: (9, 22)
Validation fitness: 0.8127757295314784 
Elapsed: 5.05557107925415

*** Epoch 1, batch 119/520 ***
Training fitness: 0.8634910387667999
Model size: (10, 19)
Validation fitness: 0.8167322395403985 
Elapsed: 4.853463649749756

*** Epoch 1, batch 120/520 ***
Training fitness: 0.8509720955287426
Model size: (11, 21)
Validation fitness: 0.8073333352588004 
Elapsed: 4.939004182815552

*** Epoch 1, batch 121/520 ***
Training fitness: 0.8319898778883698
Model size: (11, 23)
Validation fitness: 0.833918448505304 
Elapsed: 5.251012802124023

*** Epoch 1, batch 122/520 ***
Training fitness: 0.8597076793625849
Model size: (11, 23)
Validation fitness: 0.833918448505304 
Elapsed: 4.964691162109375

*** Epoch 1, batch 123/520 ***
Training fitness: 0.8303335387083568
Model size: (10, 22)
Validation fitness: 0.8386922318948324 
Elapsed: 4.736867189407349

*** Epoch 1, batch 124/520 ***
Training fitness: 0.8449525354345196
Model size: (10, 17)
Validation fitness: 0.8375954670908282 
Elapsed: 4.605681657791138

*** Epoch 1, batch 125/520 ***
Training fitness: 0.8590672924081257
Model size: (10, 22)
Validation fitness: 0.8386922318948324 
Elapsed: 4.884015798568726

*** Epoch 1, batch 126/520 ***
Training fitness: 0.8908477543909844
Model size: (9, 17)
Validation fitness: 0.8312479327502228 
Elapsed: 4.9917614459991455

*** Epoch 1, batch 127/520 ***
Training fitness: 0.7982537417211079
Model size: (9, 15)
Validation fitness: 0.8060262778848301 
Elapsed: 4.439674615859985

*** Epoch 1, batch 128/520 ***
Training fitness: 0.8025043091399001
Model size: (7, 17)
Validation fitness: 0.7524968273012089 
Elapsed: 4.74918270111084

*** Epoch 1, batch 129/520 ***
Training fitness: 0.8584182924018255
Model size: (8, 14)
Validation fitness: 0.7954422327375141 
Elapsed: 4.484699964523315

*** Epoch 1, batch 130/520 ***
Training fitness: 0.7649607919964506
Model size: (10, 15)
Validation fitness: 0.7960603246543148 
Elapsed: 4.27191162109375

*** Epoch 1, batch 131/520 ***
Training fitness: 0.7911269674669783
Model size: (7, 11)
Validation fitness: 0.8014665532568129 
Elapsed: 4.454915761947632

*** Epoch 1, batch 132/520 ***
Training fitness: 0.8310402843325699
Model size: (6, 12)
Validation fitness: 0.8044400519949781 
Elapsed: 4.283300399780273

*** Epoch 1, batch 133/520 ***
Training fitness: 0.8099705496109246
Model size: (12, 17)
Validation fitness: 0.7962945956443382 
Elapsed: 4.455975770950317

*** Epoch 1, batch 134/520 ***
Training fitness: 0.8250143528229968
Model size: (9, 16)
Validation fitness: 0.7993392398646033 
Elapsed: 4.423208951950073

*** Epoch 1, batch 135/520 ***
Training fitness: 0.7971160006771834
Model size: (7, 12)
Validation fitness: 0.7879063064200947 
Elapsed: 4.440444231033325

*** Epoch 1, batch 136/520 ***
Training fitness: 0.8320602851649168
Model size: (7, 12)
Validation fitness: 0.7879063064200947 
Elapsed: 4.4042768478393555

*** Epoch 1, batch 137/520 ***
Training fitness: 0.7878414015259907
Model size: (7, 14)
Validation fitness: 0.8060778154547971 
Elapsed: 4.4416069984436035

*** Epoch 1, batch 138/520 ***
Training fitness: 0.8585896107425969
Model size: (7, 12)
Validation fitness: 0.7879063064200947 
Elapsed: 4.385822296142578

*** Epoch 1, batch 139/520 ***
Training fitness: 0.8185774729898962
Model size: (8, 13)
Validation fitness: 0.7893370605758931 
Elapsed: 4.454256772994995

*** Epoch 1, batch 140/520 ***
Training fitness: 0.8360531941386193
Model size: (8, 13)
Validation fitness: 0.8181568295749171 
Elapsed: 4.360666751861572

*** Epoch 1, batch 141/520 ***
Training fitness: 0.8612454093299163
Model size: (8, 14)
Validation fitness: 0.8214111385130081 
Elapsed: 4.712838172912598

*** Epoch 1, batch 142/520 ***
Training fitness: 0.8666356457012091
Model size: (5, 10)
Validation fitness: 0.7997143293173002 
Elapsed: 4.39392614364624

*** Epoch 1, batch 143/520 ***
Training fitness: 0.8494915374892681
Model size: (10, 17)
Validation fitness: 0.7976904849075902 
Elapsed: 4.531067132949829

*** Epoch 1, batch 144/520 ***
Training fitness: 0.8208736476469789
Model size: (9, 16)
Validation fitness: 0.8378960279185791 
Elapsed: 4.773401737213135

*** Epoch 1, batch 145/520 ***
Training fitness: 0.8155049634929308
Model size: (8, 13)
Validation fitness: 0.8181568295749171 
Elapsed: 4.7170140743255615

*** Epoch 1, batch 146/520 ***
Training fitness: 0.8466350422661179
Model size: (9, 16)
Validation fitness: 0.8400351896662286 
Elapsed: 4.773489475250244

*** Epoch 1, batch 147/520 ***
Training fitness: 0.8818007887314067
Model size: (9, 16)
Validation fitness: 0.8400351896662286 
Elapsed: 4.75097131729126

*** Epoch 1, batch 148/520 ***
Training fitness: 0.8412312077575598
Model size: (9, 16)
Validation fitness: 0.8400351896662286 
Elapsed: 4.977817535400391

*** Epoch 1, batch 149/520 ***
Training fitness: 0.8663869546699975
Model size: (9, 16)
Validation fitness: 0.8400351896662286 
Elapsed: 4.901890516281128

*** Epoch 1, batch 150/520 ***
Training fitness: 0.8687612055029715
Model size: (9, 16)
Validation fitness: 0.8400351896662286 
Elapsed: 4.896165370941162

*** Epoch 1, batch 151/520 ***
Training fitness: 0.862808713051596
Model size: (9, 16)
Validation fitness: 0.8400351896662286 
Elapsed: 4.913845062255859

*** Epoch 1, batch 152/520 ***
Training fitness: 0.862886151077445
Model size: (9, 16)
Validation fitness: 0.8400351896662286 
Elapsed: 5.006287097930908

*** Epoch 1, batch 153/520 ***
Training fitness: 0.8546977810759834
Model size: (9, 16)
Validation fitness: 0.8400351896662286 
Elapsed: 4.9097795486450195

*** Epoch 1, batch 154/520 ***
Training fitness: 0.8253857719552545
Model size: (9, 14)
Validation fitness: 0.8023470819383074 
Elapsed: 4.618215560913086

*** Epoch 1, batch 155/520 ***
Training fitness: 0.8305514665450278
Model size: (9, 17)
Validation fitness: 0.8262139485932138 
Elapsed: 4.854659795761108

*** Epoch 1, batch 156/520 ***
Training fitness: 0.838148431604978
Model size: (9, 17)
Validation fitness: 0.8262139485932138 
Elapsed: 4.946376085281372

*** Epoch 1, batch 157/520 ***
Training fitness: 0.7666144617972012
Model size: (9, 17)
Validation fitness: 0.8262139485932138 
Elapsed: 4.97397780418396

*** Epoch 1, batch 158/520 ***
Training fitness: 0.842478905193719
Model size: (7, 14)
Validation fitness: 0.825902142072472 
Elapsed: 4.642196893692017

*** Epoch 1, batch 159/520 ***
Training fitness: 0.8810980615305591
Model size: (7, 14)
Validation fitness: 0.825902142072472 
Elapsed: 4.717381238937378

*** Epoch 1, batch 160/520 ***
Training fitness: 0.8520293867572145
Model size: (11, 17)
Validation fitness: 0.7938461677751066 
Elapsed: 4.401521444320679

*** Epoch 1, batch 161/520 ***
Training fitness: 0.8757549764126291
Model size: (7, 12)
Validation fitness: 0.8263602739280184 
Elapsed: 4.064594507217407

*** Epoch 1, batch 162/520 ***
Training fitness: 0.8125648938812703
Model size: (7, 13)
Validation fitness: 0.8162042457339305 
Elapsed: 2.7968811988830566

*** Epoch 1, batch 163/520 ***
Training fitness: 0.7951565360023893
Model size: (9, 17)
Validation fitness: 0.8299931798593968 
Elapsed: 3.000812292098999

*** Epoch 1, batch 164/520 ***
Training fitness: 0.8449525354345196
Model size: (9, 16)
Validation fitness: 0.8096860447135021 
Elapsed: 2.39654278755188

*** Epoch 1, batch 165/520 ***
Training fitness: 0.839188444906291
Model size: (9, 17)
Validation fitness: 0.8017134850184722 
Elapsed: 4.150039434432983

*** Epoch 1, batch 166/520 ***
Training fitness: 0.8318761888129542
Model size: (10, 15)
Validation fitness: 0.80112782048268 
Elapsed: 4.286089181900024

*** Epoch 1, batch 167/520 ***
Training fitness: 0.781078762746399
Model size: (9, 17)
Validation fitness: 0.8017134850184722 
Elapsed: 4.019689083099365

*** Epoch 1, batch 168/520 ***
Training fitness: 0.883676344263077
Model size: (10, 18)
Validation fitness: 0.7992969549750338 
Elapsed: 4.15439772605896

*** Epoch 1, batch 169/520 ***
Training fitness: 0.7745966692414834
Model size: (9, 17)
Validation fitness: 0.8017134850184722 
Elapsed: 4.056335210800171

*** Epoch 1, batch 170/520 ***
Training fitness: 0.8200079957445048
Model size: (10, 17)
Validation fitness: 0.789649628161676 
Elapsed: 3.967381000518799

*** Epoch 1, batch 171/520 ***
Training fitness: 0.7967068228344718
Model size: (10, 18)
Validation fitness: 0.7992969549750338 
Elapsed: 4.062666893005371

*** Epoch 1, batch 172/520 ***
Training fitness: 0.8392683761981127
Model size: (9, 11)
Validation fitness: 0.7876623327619703 
Elapsed: 4.039085388183594

*** Epoch 1, batch 173/520 ***
Training fitness: 0.8819474419192402
Model size: (11, 18)
Validation fitness: 0.8043723814641806 
Elapsed: 4.07342529296875

*** Epoch 1, batch 174/520 ***
Training fitness: 0.7887639877592573
Model size: (11, 18)
Validation fitness: 0.8043723814641806 
Elapsed: 3.993504762649536

*** Epoch 1, batch 175/520 ***
Training fitness: 0.831132419103471
Model size: (11, 21)
Validation fitness: 0.7977832115883287 
Elapsed: 4.072439193725586

*** Epoch 1, batch 176/520 ***
Training fitness: 0.8761965378622129
Model size: (11, 19)
Validation fitness: 0.8454580960961416 
Elapsed: 4.4753258228302

*** Epoch 1, batch 177/520 ***
Training fitness: 0.882839442532776
Model size: (11, 18)
Validation fitness: 0.8043723814641806 
Elapsed: 3.9616756439208984

*** Epoch 1, batch 178/520 ***
Training fitness: 0.8557313449481568
Model size: (11, 19)
Validation fitness: 0.8454580960961416 
Elapsed: 4.501620769500732

*** Epoch 1, batch 179/520 ***
Training fitness: 0.8678498696754048
Model size: (11, 19)
Validation fitness: 0.8454580960961416 
Elapsed: 4.7711639404296875

*** Epoch 1, batch 180/520 ***
Training fitness: 0.8279514994875519
Model size: (14, 23)
Validation fitness: 0.794290923850555 
Elapsed: 4.300098657608032

*** Epoch 1, batch 181/520 ***
Training fitness: 0.8015062971643176
Model size: (11, 19)
Validation fitness: 0.8454580960961416 
Elapsed: 4.561918258666992

*** Epoch 1, batch 182/520 ***
Training fitness: 0.8280896326420674
Model size: (11, 19)
Validation fitness: 0.8454580960961416 
Elapsed: 4.605654001235962

*** Epoch 1, batch 183/520 ***
Training fitness: 0.8387682258247243
Model size: (12, 17)
Validation fitness: 0.7948017173202987 
Elapsed: 4.26521635055542

*** Epoch 1, batch 184/520 ***
Training fitness: 0.8308270866556451
Model size: (11, 20)
Validation fitness: 0.8188264899159718 
Elapsed: 4.347153425216675

*** Epoch 1, batch 185/520 ***
Training fitness: 0.8675250525402922
Model size: (6, 11)
Validation fitness: 0.7915399655385026 
Elapsed: 4.210235834121704

*** Epoch 1, batch 186/520 ***
Training fitness: 0.8985729296978563
Model size: (11, 19)
Validation fitness: 0.8454580960961416 
Elapsed: 4.674844264984131

*** Epoch 1, batch 187/520 ***
Training fitness: 0.8246909240266249
Model size: (11, 19)
Validation fitness: 0.8454580960961416 
Elapsed: 4.525757789611816

*** Epoch 1, batch 188/520 ***
Training fitness: 0.8452282031828136
Model size: (11, 19)
Validation fitness: 0.8454580960961416 
Elapsed: 4.700484037399292

*** Epoch 1, batch 189/520 ***
Training fitness: 0.8237408673012915
Model size: (11, 19)
Validation fitness: 0.8454580960961416 
Elapsed: 4.627118349075317

*** Epoch 1, batch 190/520 ***
Training fitness: 0.8338866356845952
Model size: (11, 19)
Validation fitness: 0.8454580960961416 
Elapsed: 4.412210941314697

*** Epoch 1, batch 191/520 ***
Training fitness: 0.9379350894224168
Model size: (11, 19)
Validation fitness: 0.8454580960961416 
Elapsed: 4.653952121734619

*** Epoch 1, batch 192/520 ***
Training fitness: 0.8369082443770754
Model size: (11, 19)
Validation fitness: 0.8454580960961416 
Elapsed: 4.577016115188599

*** Epoch 1, batch 193/520 ***
Training fitness: 0.8572597021335664
Model size: (14, 21)
Validation fitness: 0.8164231376936573 
Elapsed: 4.30609393119812

*** Epoch 1, batch 194/520 ***
Training fitness: 0.8607808510193807
Model size: (11, 19)
Validation fitness: 0.8454580960961416 
Elapsed: 4.619901895523071

*** Epoch 1, batch 195/520 ***
Training fitness: 0.8575144729510925
Model size: (11, 19)
Validation fitness: 0.8454580960961416 
Elapsed: 4.538325309753418

*** Epoch 1, batch 196/520 ***
Training fitness: 0.8716948943863142
Model size: (11, 19)
Validation fitness: 0.8454580960961416 
Elapsed: 4.554657936096191

*** Epoch 1, batch 197/520 ***
Training fitness: 0.883515099840708
Model size: (14, 23)
Validation fitness: 0.8353250418902607 
Elapsed: 4.179489612579346

*** Epoch 1, batch 198/520 ***
Training fitness: 0.8620834647386912
Model size: (11, 19)
Validation fitness: 0.8454580960961416 
Elapsed: 4.525691509246826

*** Epoch 1, batch 199/520 ***
Training fitness: 0.8929670019113017
Model size: (11, 19)
Validation fitness: 0.8454580960961416 
Elapsed: 4.4798407554626465

*** Epoch 1, batch 200/520 ***
Training fitness: 0.890999033842048
Model size: (11, 19)
Validation fitness: 0.8454580960961416 
Elapsed: 4.4969422817230225

*** Epoch 1, batch 201/520 ***
Training fitness: 0.8603206963184278
Model size: (14, 23)
Validation fitness: 0.8353250418902607 
Elapsed: 4.117416620254517

*** Epoch 1, batch 202/520 ***
Training fitness: 0.8317883872610065
Model size: (11, 19)
Validation fitness: 0.8454580960961416 
Elapsed: 4.607064723968506

*** Epoch 1, batch 203/520 ***
Training fitness: 0.893426875888701
Model size: (7, 12)
Validation fitness: 0.8376626740656052 
Elapsed: 4.273187637329102

*** Epoch 1, batch 204/520 ***
Training fitness: 0.8634370542558771
Model size: (7, 12)
Validation fitness: 0.8376626740656052 
Elapsed: 4.263088226318359

*** Epoch 1, batch 205/520 ***
Training fitness: 0.8619750393746
Model size: (8, 14)
Validation fitness: 0.8332994223317919 
Elapsed: 4.5106775760650635

*** Epoch 1, batch 206/520 ***
Training fitness: 0.8422414663479388
Model size: (11, 19)
Validation fitness: 0.8454580960961416 
Elapsed: 4.6164398193359375

*** Epoch 1, batch 207/520 ***
Training fitness: 0.8357364780315109
Model size: (14, 23)
Validation fitness: 0.8353250418902607 
Elapsed: 4.4171319007873535

*** Epoch 1, batch 208/520 ***
Training fitness: 0.852927876372024
Model size: (11, 19)
Validation fitness: 0.8454580960961416 
Elapsed: 4.4900476932525635

*** Epoch 1, batch 209/520 ***
Training fitness: 0.8792824546208994
Model size: (11, 19)
Validation fitness: 0.8454580960961416 
Elapsed: 4.458033800125122

*** Epoch 1, batch 210/520 ***
Training fitness: 0.8276444527499438
Model size: (11, 19)
Validation fitness: 0.8454580960961416 
Elapsed: 4.31481146812439

*** Epoch 1, batch 211/520 ***
Training fitness: 0.836077322426933
Model size: (14, 23)
Validation fitness: 0.8353250418902607 
Elapsed: 4.048717260360718

*** Epoch 1, batch 212/520 ***
Training fitness: 0.8526803667681628
Model size: (11, 19)
Validation fitness: 0.8454580960961416 
Elapsed: 4.564558029174805

*** Epoch 1, batch 213/520 ***
Training fitness: 0.889364485464795
Model size: (14, 23)
Validation fitness: 0.8353250418902607 
Elapsed: 4.079763412475586

*** Epoch 1, batch 214/520 ***
Training fitness: 0.8517080034661607
Model size: (11, 19)
Validation fitness: 0.8454580960961416 
Elapsed: 4.665367603302002

*** Epoch 1, batch 215/520 ***
Training fitness: 0.8138658711283641
Model size: (15, 25)
Validation fitness: 0.8361834649904551 
Elapsed: 4.524198055267334

*** Epoch 1, batch 216/520 ***
Training fitness: 0.8200991182475208
Model size: (15, 25)
Validation fitness: 0.8361834649904551 
Elapsed: 4.268774032592773

*** Epoch 1, batch 217/520 ***
Training fitness: 0.8343131628989192
Model size: (7, 17)
Validation fitness: 0.7967886805178007 
Elapsed: 4.560345888137817

*** Epoch 1, batch 218/520 ***
Training fitness: 0.8628279768065339
Model size: (6, 12)
Validation fitness: 0.818728769041224 
Elapsed: 4.806167364120483

*** Epoch 1, batch 219/520 ***
Training fitness: 0.7933662263120422
Model size: (7, 12)
Validation fitness: 0.7914529305621087 
Elapsed: 4.867597341537476

*** Epoch 1, batch 220/520 ***
Training fitness: 0.7764181979887542
Model size: (10, 15)
Validation fitness: 0.7718966580674012 
Elapsed: 4.689684867858887

*** Epoch 1, batch 221/520 ***
Training fitness: 0.8821924352189753
Model size: (6, 12)
Validation fitness: 0.8065505108991454 
Elapsed: 4.712501525878906

*** Epoch 1, batch 222/520 ***
Training fitness: 0.852231792326023
Model size: (6, 11)
Validation fitness: 0.8145767474343619 
Elapsed: 4.739446401596069

*** Epoch 1, batch 223/520 ***
Training fitness: 0.8334505840901685
Model size: (13, 21)
Validation fitness: 0.807054311900931 
Elapsed: 4.451926231384277

*** Epoch 1, batch 224/520 ***
Training fitness: 0.8051834377237379
Model size: (6, 11)
Validation fitness: 0.8145767474343619 
Elapsed: 4.674677610397339

*** Epoch 1, batch 225/520 ***
Training fitness: 0.8215924377563001
Model size: (7, 13)
Validation fitness: 0.8216846637626734 
Elapsed: 4.863222599029541

*** Epoch 1, batch 226/520 ***
Training fitness: 0.8591345577451931
Model size: (12, 18)
Validation fitness: 0.8160515492977405 
Elapsed: 4.452173709869385

*** Epoch 1, batch 227/520 ***
Training fitness: 0.8907337387831413
Model size: (11, 15)
Validation fitness: 0.822910285000672 
Elapsed: 4.687109470367432

*** Epoch 1, batch 228/520 ***
Training fitness: 0.8288395582323534
Model size: (13, 21)
Validation fitness: 0.8076922494864391 
Elapsed: 4.560205459594727

*** Epoch 1, batch 229/520 ***
Training fitness: 0.8426577991200757
Model size: (14, 22)
Validation fitness: 0.808194022952633 
Elapsed: 4.239250898361206

*** Epoch 1, batch 230/520 ***
Training fitness: 0.8231853315070614
Model size: (9, 19)
Validation fitness: 0.8120195901636207 
Elapsed: 4.6712446212768555

*** Epoch 1, batch 231/520 ***
Training fitness: 0.7987328725472242
Model size: (15, 24)
Validation fitness: 0.7947161278435524 
Elapsed: 4.122801065444946

*** Epoch 1, batch 232/520 ***
Training fitness: 0.8600914444591817
Model size: (8, 10)
Validation fitness: 0.8131576871172155 
Elapsed: 3.749112129211426

*** Epoch 1, batch 233/520 ***
Training fitness: 0.8519793925843117
Model size: (12, 20)
Validation fitness: 0.8158693051167072 
Elapsed: 2.2654192447662354

*** Epoch 1, batch 234/520 ***
Training fitness: 0.8199681525676947
Model size: (8, 10)
Validation fitness: 0.8131576871172155 
Elapsed: 2.2469284534454346

*** Epoch 1, batch 235/520 ***
Training fitness: 0.8313332544778577
Model size: (14, 25)
Validation fitness: 0.7935187522911711 
Elapsed: 2.285932779312134

*** Epoch 1, batch 236/520 ***
Training fitness: 0.8517664613039939
Model size: (7, 14)
Validation fitness: 0.8001318878804277 
Elapsed: 2.2266745567321777

*** Epoch 1, batch 237/520 ***
Training fitness: 0.8870821939672503
Model size: (12, 20)
Validation fitness: 0.8266806180804848 
Elapsed: 2.3936657905578613

*** Epoch 1, batch 238/520 ***
Training fitness: 0.8390415088843587
Model size: (12, 20)
Validation fitness: 0.8266806180804848 
Elapsed: 4.11514949798584

*** Epoch 1, batch 239/520 ***
Training fitness: 0.8713736485562494
Model size: (9, 16)
Validation fitness: 0.7886105161352468 
Elapsed: 4.107855796813965

*** Epoch 1, batch 240/520 ***
Training fitness: 0.8044681492324232
Model size: (10, 12)
Validation fitness: 0.8085394701422675 
Elapsed: 4.563879489898682

*** Epoch 1, batch 241/520 ***
Training fitness: 0.8421483334324054
Model size: (12, 20)
Validation fitness: 0.8266806180804848 
Elapsed: 4.350312948226929

*** Epoch 1, batch 242/520 ***
Training fitness: 0.8786691627033119
Model size: (11, 17)
Validation fitness: 0.8278316340582424 
Elapsed: 4.73830246925354

*** Epoch 1, batch 243/520 ***
Training fitness: 0.8223863993342555
Model size: (10, 20)
Validation fitness: 0.8072622521134932 
Elapsed: 4.658258438110352

*** Epoch 1, batch 244/520 ***
Training fitness: 0.8048022991302619
Model size: (7, 11)
Validation fitness: 0.7949916488752748 
Elapsed: 4.645556688308716

*** Epoch 1, batch 245/520 ***
Training fitness: 0.8114846809912785
Model size: (13, 21)
Validation fitness: 0.8252079334879641 
Elapsed: 4.81364369392395

*** Epoch 1, batch 246/520 ***
Training fitness: 0.8509629433967631
Model size: (15, 18)
Validation fitness: 0.7931017642139769 
Elapsed: 4.405590295791626

*** Epoch 1, batch 247/520 ***
Training fitness: 0.9132647910512782
Model size: (10, 15)
Validation fitness: 0.8129653405645827 
Elapsed: 4.401173114776611

*** Epoch 1, batch 248/520 ***
Training fitness: 0.8186876810457883
Model size: (10, 15)
Validation fitness: 0.8129653405645827 
Elapsed: 4.3204803466796875

*** Epoch 1, batch 249/520 ***
Training fitness: 0.8441579069722881
Model size: (9, 14)
Validation fitness: 0.8096989849299631 
Elapsed: 4.257019519805908

*** Epoch 1, batch 250/520 ***
Training fitness: 0.8103428445084548
Model size: (9, 14)
Validation fitness: 0.8096989849299631 
Elapsed: 4.272396087646484

*** Epoch 1, batch 251/520 ***
Training fitness: 0.8489590626818692
Model size: (13, 21)
Validation fitness: 0.8252079334879641 
Elapsed: 4.443246603012085

*** Epoch 1, batch 252/520 ***
Training fitness: 0.8779071807330344
Model size: (13, 21)
Validation fitness: 0.8252079334879641 
Elapsed: 4.539207935333252

*** Epoch 1, batch 253/520 ***
Training fitness: 0.8593512360337152
Model size: (6, 12)
Validation fitness: 0.7939583952331363 
Elapsed: 4.247390031814575

*** Epoch 1, batch 254/520 ***
Training fitness: 0.8279569892473119
Model size: (7, 12)
Validation fitness: 0.8136025446334694 
Elapsed: 4.408110618591309

*** Epoch 1, batch 255/520 ***
Training fitness: 0.8668300888242739
Model size: (7, 12)
Validation fitness: 0.8136025446334694 
Elapsed: 3.8456735610961914

*** Epoch 1, batch 256/520 ***
Training fitness: 0.8285815652041767
Model size: (16, 25)
Validation fitness: 0.80696053341022 
Elapsed: 2.2725014686584473

*** Epoch 1, batch 257/520 ***
Training fitness: 0.835590554068473
Model size: (10, 22)
Validation fitness: 0.8420699200420813 
Elapsed: 3.1506707668304443

*** Epoch 1, batch 258/520 ***
Training fitness: 0.8441962385238857
Model size: (10, 22)
Validation fitness: 0.8420699200420813 
Elapsed: 5.060137987136841

*** Epoch 1, batch 259/520 ***
Training fitness: 0.8671717613662253
Model size: (10, 22)
Validation fitness: 0.8420699200420813 
Elapsed: 4.936854362487793

*** Epoch 1, batch 260/520 ***
Training fitness: 0.8694490878399705
Model size: (10, 22)
Validation fitness: 0.8420699200420813 
Elapsed: 5.005133628845215

*** Epoch 1, batch 261/520 ***
Training fitness: 0.8840564663835783
Model size: (10, 22)
Validation fitness: 0.8420699200420813 
Elapsed: 5.003460884094238

*** Epoch 1, batch 262/520 ***
Training fitness: 0.890661188354312
Model size: (10, 22)
Validation fitness: 0.8420699200420813 
Elapsed: 4.926355600357056

*** Epoch 1, batch 263/520 ***
Training fitness: 0.8646657563327008
Model size: (11, 23)
Validation fitness: 0.8350476818029458 
Elapsed: 4.8878333568573

*** Epoch 1, batch 264/520 ***
Training fitness: 0.837122554719136
Model size: (16, 26)
Validation fitness: 0.8194001226443596 
Elapsed: 4.137580394744873

*** Epoch 1, batch 265/520 ***
Training fitness: 0.9083813356205517
Model size: (10, 22)
Validation fitness: 0.8420699200420813 
Elapsed: 4.640274524688721

*** Epoch 1, batch 266/520 ***
Training fitness: 0.839359929250466
Model size: (10, 22)
Validation fitness: 0.8420699200420813 
Elapsed: 4.723204135894775

*** Epoch 1, batch 267/520 ***
Training fitness: 0.8601380112365595
Model size: (17, 27)
Validation fitness: 0.8163845469827219 
Elapsed: 4.103878974914551

*** Epoch 1, batch 268/520 ***
Training fitness: 0.838372641060538
Model size: (10, 22)
Validation fitness: 0.8420699200420813 
Elapsed: 4.747333288192749

*** Epoch 1, batch 269/520 ***
Training fitness: 0.8442002442002442
Model size: (11, 16)
Validation fitness: 0.8134326190306548 
Elapsed: 3.892310857772827

*** Epoch 1, batch 270/520 ***
Training fitness: 0.8221274471239274
Model size: (6, 13)
Validation fitness: 0.7696143323526788 
Elapsed: 3.8964974880218506

*** Epoch 1, batch 271/520 ***
Training fitness: 0.8014791992623838
Model size: (7, 8)
Validation fitness: 0.7847805148150832 
Elapsed: 3.7205162048339844

*** Epoch 1, batch 272/520 ***
Training fitness: 0.7564290822918223
Model size: (8, 9)
Validation fitness: 0.8106791518455475 
Elapsed: 4.125452280044556

*** Epoch 1, batch 273/520 ***
Training fitness: 0.8419913149080327
Model size: (5, 6)
Validation fitness: 0.8363146771948641 
Elapsed: 3.9946346282958984

*** Epoch 1, batch 274/520 ***
Training fitness: 0.8048022991302619
Model size: (8, 15)
Validation fitness: 0.7848080402456501 
Elapsed: 4.326075077056885

*** Epoch 1, batch 275/520 ***
Training fitness: 0.8963008173438013
Model size: (5, 6)
Validation fitness: 0.8363146771948641 
Elapsed: 3.965588092803955

*** Epoch 1, batch 276/520 ***
Training fitness: 0.8450935229165145
Model size: (6, 9)
Validation fitness: 0.8310399305520412 
Elapsed: 3.9354515075683594

*** Epoch 1, batch 277/520 ***
Training fitness: 0.9083813356205517
Model size: (6, 9)
Validation fitness: 0.8310399305520412 
Elapsed: 3.867990493774414

*** Epoch 1, batch 278/520 ***
Training fitness: 0.9007160608545094
Model size: (7, 10)
Validation fitness: 0.8403989887432216 
Elapsed: 3.9738523960113525

*** Epoch 1, batch 279/520 ***
Training fitness: 0.810069124012771
Model size: (7, 10)
Validation fitness: 0.8403989887432216 
Elapsed: 4.095791578292847

*** Epoch 1, batch 280/520 ***
Training fitness: 0.862326539081653
Model size: (5, 6)
Validation fitness: 0.8406602630735763 
Elapsed: 4.0449323654174805

*** Epoch 1, batch 281/520 ***
Training fitness: 0.8320602851649168
Model size: (5, 6)
Validation fitness: 0.8406602630735763 
Elapsed: 3.8683178424835205

*** Epoch 1, batch 282/520 ***
Training fitness: 0.8590672924081257
Model size: (4, 6)
Validation fitness: 0.8292737420880791 
Elapsed: 4.221074104309082

*** Epoch 1, batch 283/520 ***
Training fitness: 0.8296778622535261
Model size: (5, 6)
Validation fitness: 0.8406602630735763 
Elapsed: 3.8891725540161133

*** Epoch 1, batch 284/520 ***
Training fitness: 0.7993614919285437
Model size: (13, 19)
Validation fitness: 0.7838547593033649 
Elapsed: 4.059448480606079

*** Epoch 1, batch 285/520 ***
Training fitness: 0.8455149482803977
Model size: (4, 6)
Validation fitness: 0.8251627110430985 
Elapsed: 3.180000066757202

*** Epoch 1, batch 286/520 ***
Training fitness: 0.8128970193249391
Model size: (4, 6)
Validation fitness: 0.8251627110430985 
Elapsed: 2.192600965499878

*** Epoch 1, batch 287/520 ***
Training fitness: 0.8665474247258494
Model size: (5, 9)
Validation fitness: 0.8112275231735778 
Elapsed: 2.0560784339904785

*** Epoch 1, batch 288/520 ***
Training fitness: 0.8152253114723405
Model size: (4, 6)
Validation fitness: 0.8251627110430985 
Elapsed: 2.011101484298706

*** Epoch 1, batch 289/520 ***
Training fitness: 0.8666470092140754
Model size: (4, 6)
Validation fitness: 0.8251627110430985 
Elapsed: 2.124997615814209

*** Epoch 1, batch 290/520 ***
Training fitness: 0.8603884784309475
Model size: (11, 15)
Validation fitness: 0.7872232543915569 
Elapsed: 2.2319231033325195

*** Epoch 1, batch 291/520 ***
Training fitness: 0.8652059902126094
Model size: (20, 29)
Validation fitness: 0.8169648954328294 
Elapsed: 2.1210169792175293

*** Epoch 1, batch 292/520 ***
Training fitness: 0.8005310473034789
Model size: (20, 29)
Validation fitness: 0.8169648954328294 
Elapsed: 2.108031988143921

*** Epoch 1, batch 293/520 ***
Training fitness: 0.8202717237989016
Model size: (5, 8)
Validation fitness: 0.8034509696086439 
Elapsed: 2.095299243927002

*** Epoch 1, batch 294/520 ***
Training fitness: 0.8323539752352171
Model size: (22, 34)
Validation fitness: 0.817114723829342 
Elapsed: 2.2319414615631104

*** Epoch 1, batch 295/520 ***
Training fitness: 0.8482698953378359
Model size: (20, 29)
Validation fitness: 0.8169648954328294 
Elapsed: 2.1532254219055176

*** Epoch 1, batch 296/520 ***
Training fitness: 0.8357364780315109
Model size: (12, 15)
Validation fitness: 0.830717316077497 
Elapsed: 2.237908124923706

*** Epoch 1, batch 297/520 ***
Training fitness: 0.7829648847669751
Model size: (12, 15)
Validation fitness: 0.830717316077497 
Elapsed: 2.3077545166015625

*** Epoch 1, batch 298/520 ***
Training fitness: 0.8396874539641114
Model size: (12, 15)
Validation fitness: 0.8273535033456929 
Elapsed: 2.217116117477417

*** Epoch 1, batch 299/520 ***
Training fitness: 0.8754502977957423
Model size: (12, 15)
Validation fitness: 0.830717316077497 
Elapsed: 2.1642098426818848

*** Epoch 1, batch 300/520 ***
Training fitness: 0.8359474341648789
Model size: (21, 31)
Validation fitness: 0.8049768807066209 
Elapsed: 2.2240428924560547

*** Epoch 1, batch 301/520 ***
Training fitness: 0.8083462052904027
Model size: (5, 8)
Validation fitness: 0.7997853926692435 
Elapsed: 2.1527223587036133

*** Epoch 1, batch 302/520 ***
Training fitness: 0.8729510765752121
Model size: (12, 15)
Validation fitness: 0.830717316077497 
Elapsed: 2.295886993408203

*** Epoch 1, batch 303/520 ***
Training fitness: 0.8515884888148016
Model size: (12, 15)
Validation fitness: 0.8287647865831773 
Elapsed: 2.174440860748291

*** Epoch 1, batch 304/520 ***
Training fitness: 0.8482008809062317
Model size: (21, 31)
Validation fitness: 0.8049768807066209 
Elapsed: 2.2937283515930176

*** Epoch 1, batch 305/520 ***
Training fitness: 0.8546977810759834
Model size: (10, 13)
Validation fitness: 0.8003033452947914 
Elapsed: 2.0851309299468994

*** Epoch 1, batch 306/520 ***
Training fitness: 0.8250143528229968
Model size: (21, 32)
Validation fitness: 0.808556980302101 
Elapsed: 2.2297370433807373

*** Epoch 1, batch 307/520 ***
Training fitness: 0.8908477543909844
Model size: (12, 16)
Validation fitness: 0.8253595957134723 
Elapsed: 2.200812578201294

*** Epoch 1, batch 308/520 ***
Training fitness: 0.7888162700214416
Model size: (12, 16)
Validation fitness: 0.8253595957134723 
Elapsed: 2.082810878753662

*** Epoch 1, batch 309/520 ***
Training fitness: 0.8875995140655514
Model size: (6, 9)
Validation fitness: 0.7940376635107932 
Elapsed: 2.3627517223358154

*** Epoch 1, batch 310/520 ***
Training fitness: 0.8649207495609035
Model size: (12, 15)
Validation fitness: 0.840433095062365 
Elapsed: 3.958944797515869

*** Epoch 1, batch 311/520 ***
Training fitness: 0.8603884784309475
Model size: (12, 15)
Validation fitness: 0.840433095062365 
Elapsed: 3.8922312259674072

*** Epoch 1, batch 312/520 ***
Training fitness: 0.8079996774936781
Model size: (13, 15)
Validation fitness: 0.8450462798435864 
Elapsed: 3.6998531818389893

*** Epoch 1, batch 313/520 ***
Training fitness: 0.8691658929953359
Model size: (12, 15)
Validation fitness: 0.840433095062365 
Elapsed: 2.1818947792053223

*** Epoch 1, batch 314/520 ***
Training fitness: 0.8674257783326655
Model size: (12, 15)
Validation fitness: 0.840433095062365 
Elapsed: 2.122734785079956

*** Epoch 1, batch 315/520 ***
Training fitness: 0.8379136651324259
Model size: (7, 11)
Validation fitness: 0.8233697228863603 
Elapsed: 2.0019538402557373

*** Epoch 1, batch 316/520 ***
Training fitness: 0.8345220756021287
Model size: (9, 16)
Validation fitness: 0.8354309629922202 
Elapsed: 2.141817808151245

*** Epoch 1, batch 317/520 ***
Training fitness: 0.8786691627033119
Model size: (13, 16)
Validation fitness: 0.8430776460212389 
Elapsed: 2.072535276412964

*** Epoch 1, batch 318/520 ***
Training fitness: 0.8444144299317077
Model size: (9, 16)
Validation fitness: 0.8354309629922202 
Elapsed: 2.131124496459961

*** Epoch 1, batch 319/520 ***
Training fitness: 0.8667109600678456
Model size: (6, 12)
Validation fitness: 0.8122100955400957 
Elapsed: 2.1699647903442383

*** Epoch 1, batch 320/520 ***
Training fitness: 0.8477283567355103
Model size: (13, 16)
Validation fitness: 0.841691888201683 
Elapsed: 2.037029981613159

*** Epoch 1, batch 321/520 ***
Training fitness: 0.8671991694565816
Model size: (6, 12)
Validation fitness: 0.8261880494123891 
Elapsed: 2.1857376098632812

*** Epoch 1, batch 322/520 ***
Training fitness: 0.8269568995879614
Model size: (13, 15)
Validation fitness: 0.8326187354311536 
Elapsed: 2.0656239986419678

*** Epoch 1, batch 323/520 ***
Training fitness: 0.8694019740555796
Model size: (10, 19)
Validation fitness: 0.8360063706779838 
Elapsed: 2.1198630332946777

*** Epoch 1, batch 324/520 ***
Training fitness: 0.869941406670214
Model size: (10, 19)
Validation fitness: 0.8360063706779838 
Elapsed: 2.138852596282959

*** Epoch 1, batch 325/520 ***
Training fitness: 0.8035957679367588
Model size: (11, 20)
Validation fitness: 0.8346376345376813 
Elapsed: 2.1802544593811035

*** Epoch 1, batch 326/520 ***
Training fitness: 0.8589706517152174
Model size: (12, 22)
Validation fitness: 0.8300296218743174 
Elapsed: 2.1006362438201904

*** Epoch 1, batch 327/520 ***
Training fitness: 0.8685066428680047
Model size: (14, 17)
Validation fitness: 0.8435804686601415 
Elapsed: 2.181856870651245

*** Epoch 1, batch 328/520 ***
Training fitness: 0.8533569960306108
Model size: (14, 18)
Validation fitness: 0.8216980974056586 
Elapsed: 2.075438976287842

*** Epoch 1, batch 329/520 ***
Training fitness: 0.8566262355601351
Model size: (14, 17)
Validation fitness: 0.8435804686601415 
Elapsed: 2.10776948928833

*** Epoch 1, batch 330/520 ***
Training fitness: 0.8694804781072921
Model size: (15, 18)
Validation fitness: 0.8354510212239211 
Elapsed: 2.1019763946533203

*** Epoch 1, batch 331/520 ***
Training fitness: 0.8366157636036563
Model size: (12, 21)
Validation fitness: 0.8301849360945895 
Elapsed: 2.2245001792907715

*** Epoch 1, batch 332/520 ***
Training fitness: 0.9060435527281625
Model size: (12, 16)
Validation fitness: 0.8079031460344049 
Elapsed: 2.1484479904174805

*** Epoch 1, batch 333/520 ***
Training fitness: 0.9143136582425393
Model size: (11, 22)
Validation fitness: 0.836244179775851 
Elapsed: 2.2554523944854736

*** Epoch 1, batch 334/520 ***
Training fitness: 0.9214093717105434
Model size: (14, 20)
Validation fitness: 0.8414240258422055 
Elapsed: 2.279817819595337

*** Epoch 1, batch 335/520 ***
Training fitness: 0.8991482119197252
Model size: (14, 18)
Validation fitness: 0.8411597536279471 
Elapsed: 2.116392135620117

*** Epoch 1, batch 336/520 ***
Training fitness: 0.8633761443743824
Model size: (12, 22)
Validation fitness: 0.8362835053185195 
Elapsed: 2.1859095096588135

*** Epoch 1, batch 337/520 ***
Training fitness: 0.8976404425664969
Model size: (11, 19)
Validation fitness: 0.825913656742212 
Elapsed: 2.119227170944214

*** Epoch 1, batch 338/520 ***
Training fitness: 0.9216596079736169
Model size: (12, 14)
Validation fitness: 0.8291824668799798 
Elapsed: 2.0521011352539062

*** Epoch 1, batch 339/520 ***
Training fitness: 0.8352834804959804
Model size: (12, 14)
Validation fitness: 0.8309178117077164 
Elapsed: 2.0424611568450928

*** Epoch 1, batch 340/520 ***
Training fitness: 0.8752747652787257
Model size: (12, 23)
Validation fitness: 0.8320904224686393 
Elapsed: 2.341567277908325

*** Epoch 1, batch 341/520 ***
Training fitness: 0.8737293315873276
Model size: (12, 23)
Validation fitness: 0.8320904224686393 
Elapsed: 2.2896413803100586

*** Epoch 1, batch 342/520 ***
Training fitness: 0.8577016811881877
Model size: (16, 26)
Validation fitness: 0.802150015686364 
Elapsed: 2.0563130378723145

*** Epoch 1, batch 343/520 ***
Training fitness: 0.8365163195092408
Model size: (14, 16)
Validation fitness: 0.8206489704719601 
Elapsed: 2.085330009460449

*** Epoch 1, batch 344/520 ***
Training fitness: 0.8415514344784718
Model size: (12, 24)
Validation fitness: 0.8500194988554302 
Elapsed: 2.0634636878967285

*** Epoch 1, batch 345/520 ***
Training fitness: 0.8586262080878262
Model size: (12, 21)
Validation fitness: 0.8192522325009043 
Elapsed: 2.1108710765838623

*** Epoch 1, batch 346/520 ***
Training fitness: 0.8575333508050798
Model size: (12, 23)
Validation fitness: 0.8456442846239924 
Elapsed: 2.179119825363159

*** Epoch 1, batch 347/520 ***
Training fitness: 0.8673176559355643
Model size: (13, 22)
Validation fitness: 0.843709006941155 
Elapsed: 2.209749221801758

*** Epoch 1, batch 348/520 ***
Training fitness: 0.8851407429758553
Model size: (13, 22)
Validation fitness: 0.843709006941155 
Elapsed: 2.2698898315429688

*** Epoch 1, batch 349/520 ***
Training fitness: 0.7948638786000826
Model size: (13, 22)
Validation fitness: 0.843709006941155 
Elapsed: 2.185645341873169

*** Epoch 1, batch 350/520 ***
Training fitness: 0.8099790920620796
Model size: (13, 21)
Validation fitness: 0.8345729193039704 
Elapsed: 2.3093855381011963

*** Epoch 1, batch 351/520 ***
Training fitness: 0.8631569221054648
Model size: (8, 9)
Validation fitness: 0.8097435595992947 
Elapsed: 2.2636659145355225

*** Epoch 1, batch 352/520 ***
Training fitness: 0.8661908647148095
Model size: (15, 21)
Validation fitness: 0.8312685291641115 
Elapsed: 2.2151858806610107

*** Epoch 1, batch 353/520 ***
Training fitness: 0.8298945330727635
Model size: (13, 22)
Validation fitness: 0.843709006941155 
Elapsed: 2.2426483631134033

*** Epoch 1, batch 354/520 ***
Training fitness: 0.8372495697527843
Model size: (16, 23)
Validation fitness: 0.8261925266756281 
Elapsed: 2.1479673385620117

*** Epoch 1, batch 355/520 ***
Training fitness: 0.8372495697527843
Model size: (16, 22)
Validation fitness: 0.8060125031967768 
Elapsed: 2.014475107192993

*** Epoch 1, batch 356/520 ***
Training fitness: 0.840681766469847
Model size: (15, 22)
Validation fitness: 0.8404583319833145 
Elapsed: 2.165729284286499

*** Epoch 1, batch 357/520 ***
Training fitness: 0.866316584297716
Model size: (15, 22)
Validation fitness: 0.8404583319833145 
Elapsed: 2.0681393146514893

*** Epoch 1, batch 358/520 ***
Training fitness: 0.8843783158382543
Model size: (15, 21)
Validation fitness: 0.8324555566892562 
Elapsed: 2.0495924949645996

*** Epoch 1, batch 359/520 ***
Training fitness: 0.8246909240266249
Model size: (11, 12)
Validation fitness: 0.8124317790571186 
Elapsed: 1.9897348880767822

*** Epoch 1, batch 360/520 ***
Training fitness: 0.8578827351377097
Model size: (16, 22)
Validation fitness: 0.8366583692222479 
Elapsed: 2.0947391986846924

*** Epoch 1, batch 361/520 ***
Training fitness: 0.8767140075192094
Model size: (17, 24)
Validation fitness: 0.8352891728966391 
Elapsed: 2.0226142406463623

*** Epoch 1, batch 362/520 ***
Training fitness: 0.8234647666251008
Model size: (17, 26)
Validation fitness: 0.8381376043093407 
Elapsed: 2.120257616043091

*** Epoch 1, batch 363/520 ***
Training fitness: 0.7932394110291534
Model size: (16, 24)
Validation fitness: 0.8332220822341587 
Elapsed: 2.074307441711426

*** Epoch 1, batch 364/520 ***
Training fitness: 0.8215419219227854
Model size: (17, 24)
Validation fitness: 0.8352891728966391 
Elapsed: 2.1409027576446533

*** Epoch 1, batch 365/520 ***
Training fitness: 0.8817583654103395
Model size: (13, 14)
Validation fitness: 0.812631309614732 
Elapsed: 1.9923458099365234

*** Epoch 1, batch 366/520 ***
Training fitness: 0.9141673614271496
Model size: (17, 24)
Validation fitness: 0.8352891728966391 
Elapsed: 2.072628974914551

*** Epoch 1, batch 367/520 ***
Training fitness: 0.8350672479044241
Model size: (14, 23)
Validation fitness: 0.8008873203943181 
Elapsed: 2.254647970199585

*** Epoch 1, batch 368/520 ***
Training fitness: 0.8229746896187592
Model size: (16, 19)
Validation fitness: 0.8405433726302957 
Elapsed: 2.0497772693634033

*** Epoch 1, batch 369/520 ***
Training fitness: 0.854535607903457
Model size: (16, 19)
Validation fitness: 0.8405433726302957 
Elapsed: 2.1133615970611572

*** Epoch 1, batch 370/520 ***
Training fitness: 0.892414922120088
Model size: (17, 21)
Validation fitness: 0.8421471005981674 
Elapsed: 2.0676374435424805

*** Epoch 1, batch 371/520 ***
Training fitness: 0.8343214622169716
Model size: (18, 23)
Validation fitness: 0.8412472098138809 
Elapsed: 2.2219526767730713

*** Epoch 1, batch 372/520 ***
Training fitness: 0.8825169401410285
Model size: (17, 20)
Validation fitness: 0.8344212949880687 
Elapsed: 2.174250841140747

*** Epoch 1, batch 373/520 ***
Training fitness: 0.865422881189313
Model size: (18, 21)
Validation fitness: 0.8438748809496334 
Elapsed: 2.135314464569092

*** Epoch 1, batch 374/520 ***
Training fitness: 0.8856825008254003
Model size: (18, 21)
Validation fitness: 0.8438748809496334 
Elapsed: 2.1469881534576416

*** Epoch 1, batch 375/520 ***
Training fitness: 0.8918654254555362
Model size: (18, 21)
Validation fitness: 0.8438748809496334 
Elapsed: 2.048905849456787

*** Epoch 1, batch 376/520 ***
Training fitness: 0.8672139656737888
Model size: (15, 20)
Validation fitness: 0.8229819173683405 
Elapsed: 2.0344748497009277

*** Epoch 1, batch 377/520 ***
Training fitness: 0.8470178826909347
Model size: (12, 16)
Validation fitness: 0.8048972400561727 
Elapsed: 2.028838634490967

*** Epoch 1, batch 378/520 ***
Training fitness: 0.8570159062874557
Model size: (18, 23)
Validation fitness: 0.8421230095825495 
Elapsed: 2.0546183586120605

*** Epoch 1, batch 379/520 ***
Training fitness: 0.8802271160455201
Model size: (18, 25)
Validation fitness: 0.8462705630097561 
Elapsed: 2.188887119293213

*** Epoch 1, batch 380/520 ***
Training fitness: 0.8694019740555796
Model size: (18, 23)
Validation fitness: 0.8421230095825495 
Elapsed: 2.1507203578948975

*** Epoch 1, batch 381/520 ***
Training fitness: 0.8627994216514231
Model size: (20, 26)
Validation fitness: 0.8466092371481311 
Elapsed: 2.1515731811523438

*** Epoch 1, batch 382/520 ***
Training fitness: 0.8927412627098512
Model size: (21, 27)
Validation fitness: 0.8399642493376765 
Elapsed: 2.069202423095703

*** Epoch 1, batch 383/520 ***
Training fitness: 0.8754560855144211
Model size: (20, 28)
Validation fitness: 0.842334742920433 
Elapsed: 2.0708985328674316

*** Epoch 1, batch 384/520 ***
Training fitness: 0.862326539081653
Model size: (20, 28)
Validation fitness: 0.842334742920433 
Elapsed: 2.059251070022583

*** Epoch 1, batch 385/520 ***
Training fitness: 0.86875845895899
Model size: (20, 24)
Validation fitness: 0.8454340527993679 
Elapsed: 2.031578302383423

*** Epoch 1, batch 386/520 ***
Training fitness: 0.8996947376854418
Model size: (20, 28)
Validation fitness: 0.842334742920433 
Elapsed: 2.0074045658111572

*** Epoch 1, batch 387/520 ***
Training fitness: 0.9030280655978543
Model size: (12, 21)
Validation fitness: 0.8163225592067623 
Elapsed: 2.321033000946045

*** Epoch 1, batch 388/520 ***
Training fitness: 0.8466350422661179
Model size: (12, 15)
Validation fitness: 0.7967705626031817 
Elapsed: 2.173051357269287

*** Epoch 1, batch 389/520 ***
Training fitness: 0.8091320867794404
Model size: (18, 25)
Validation fitness: 0.8128007253965105 
Elapsed: 2.0563697814941406

*** Epoch 1, batch 390/520 ***
Training fitness: 0.8006402445737654
Model size: (6, 11)
Validation fitness: 0.7937849624359473 
Elapsed: 1.9534993171691895

*** Epoch 1, batch 391/520 ***
Training fitness: 0.8409000940577143
Model size: (18, 25)
Validation fitness: 0.8128007253965105 
Elapsed: 1.927241325378418

*** Epoch 1, batch 392/520 ***
Training fitness: 0.8205591787667295
Model size: (16, 20)
Validation fitness: 0.8018085887733857 
Elapsed: 1.9718990325927734

*** Epoch 1, batch 393/520 ***
Training fitness: 0.8524653922079506
Model size: (18, 25)
Validation fitness: 0.8128007253965105 
Elapsed: 1.9724602699279785

*** Epoch 1, batch 394/520 ***
Training fitness: 0.8597522314586026
Model size: (19, 29)
Validation fitness: 0.7929848933295185 
Elapsed: 2.002744197845459

*** Epoch 1, batch 395/520 ***
Training fitness: 0.8711764176772593
Model size: (8, 15)
Validation fitness: 0.7912403137865746 
Elapsed: 2.3266422748565674

*** Epoch 1, batch 396/520 ***
Training fitness: 0.8165934265917101
Model size: (7, 11)
Validation fitness: 0.7903236688470995 
Elapsed: 2.0526418685913086

*** Epoch 1, batch 397/520 ***
Training fitness: 0.8359171015699153
Model size: (17, 24)
Validation fitness: 0.8053871465706147 
Elapsed: 2.0122177600860596

*** Epoch 1, batch 398/520 ***
Training fitness: 0.8629479364206694
Model size: (21, 33)
Validation fitness: 0.8059661696018438 
Elapsed: 2.0473973751068115

*** Epoch 1, batch 399/520 ***
Training fitness: 0.8630705452587882
Model size: (21, 34)
Validation fitness: 0.8114563603423514 
Elapsed: 1.9838733673095703

*** Epoch 1, batch 400/520 ***
Training fitness: 0.795694928186632
Model size: (12, 18)
Validation fitness: 0.8109463180239964 
Elapsed: 2.070668935775757

*** Epoch 1, batch 401/520 ***
Training fitness: 0.8740771684341015
Model size: (20, 28)
Validation fitness: 0.8353610846618722 
Elapsed: 2.071070909500122

*** Epoch 1, batch 402/520 ***
Training fitness: 0.8517080034661607
Model size: (20, 28)
Validation fitness: 0.8353610846618722 
Elapsed: 2.1243889331817627

*** Epoch 1, batch 403/520 ***
Training fitness: 0.8080869797917208
Model size: (14, 20)
Validation fitness: 0.7892131657651409 
Elapsed: 2.2863783836364746

*** Epoch 1, batch 404/520 ***
Training fitness: 0.8759669818292833
Model size: (14, 20)
Validation fitness: 0.797454272439237 
Elapsed: 2.314941644668579

*** Epoch 1, batch 405/520 ***
Training fitness: 0.8229343665428978
Model size: (14, 20)
Validation fitness: 0.7892131657651409 
Elapsed: 2.2760655879974365

*** Epoch 1, batch 406/520 ***
Training fitness: 0.8165261815452672
Model size: (13, 27)
Validation fitness: 0.7971625635345984 
Elapsed: 2.143012523651123

*** Epoch 1, batch 407/520 ***
Training fitness: 0.8164450406085887
Model size: (8, 13)
Validation fitness: 0.8004474253484316 
Elapsed: 1.9801886081695557

*** Epoch 1, batch 408/520 ***
Training fitness: 0.8263717822993747
Model size: (7, 11)
Validation fitness: 0.7917814830331158 
Elapsed: 2.1070964336395264

*** Epoch 1, batch 409/520 ***
Training fitness: 0.827170191868511
Model size: (13, 16)
Validation fitness: 0.7900595623455755 
Elapsed: 1.9533514976501465

*** Epoch 1, batch 410/520 ***
Training fitness: 0.8529276810638599
Model size: (9, 12)
Validation fitness: 0.8011602417185685 
Elapsed: 2.0005288124084473

*** Epoch 1, batch 411/520 ***
Training fitness: 0.854619987463644
Model size: (7, 10)
Validation fitness: 0.7855968060823669 
Elapsed: 2.1681790351867676

*** Epoch 1, batch 412/520 ***
Training fitness: 0.8021116409684592
Model size: (7, 13)
Validation fitness: 0.7939879970432255 
Elapsed: 2.108086347579956

*** Epoch 1, batch 413/520 ***
Training fitness: 0.7630823052134535
Model size: (7, 11)
Validation fitness: 0.7917814830331158 
Elapsed: 2.051558494567871

*** Epoch 1, batch 414/520 ***
Training fitness: 0.8584816206991309
Model size: (8, 15)
Validation fitness: 0.7885906430872973 
Elapsed: 2.1327462196350098

*** Epoch 1, batch 415/520 ***
Training fitness: 0.8191349648044015
Model size: (9, 17)
Validation fitness: 0.8007462597982455 
Elapsed: 2.239105224609375

*** Epoch 1, batch 416/520 ***
Training fitness: 0.8060000393712059
Model size: (7, 9)
Validation fitness: 0.7949953835217068 
Elapsed: 1.9615070819854736

*** Epoch 1, batch 417/520 ***
Training fitness: 0.8273955508129139
Model size: (12, 16)
Validation fitness: 0.7974833786630215 
Elapsed: 2.0867724418640137

*** Epoch 1, batch 418/520 ***
Training fitness: 0.8382265105545978
Model size: (6, 6)
Validation fitness: 0.7943150267708153 
Elapsed: 1.9938325881958008

*** Epoch 1, batch 419/520 ***
Training fitness: 0.8203407125795076
Model size: (6, 8)
Validation fitness: 0.7748578444952726 
Elapsed: 2.039733648300171

*** Epoch 1, batch 420/520 ***
Training fitness: 0.8350113367721723
Model size: (8, 11)
Validation fitness: 0.7922861659139001 
Elapsed: 2.052302598953247

*** Epoch 1, batch 421/520 ***
Training fitness: 0.771849519697773
Model size: (6, 9)
Validation fitness: 0.7968127943503507 
Elapsed: 2.1327202320098877

*** Epoch 1, batch 422/520 ***
Training fitness: 0.8381874930945735
Model size: (6, 8)
Validation fitness: 0.7748578444952726 
Elapsed: 2.105928421020508

*** Epoch 1, batch 423/520 ***
Training fitness: 0.8421320417640915
Model size: (8, 13)
Validation fitness: 0.8021487423534286 
Elapsed: 2.146306276321411

*** Epoch 1, batch 424/520 ***
Training fitness: 0.858790855979479
Model size: (6, 9)
Validation fitness: 0.7968127943503507 
Elapsed: 2.120755672454834

*** Epoch 1, batch 425/520 ***
Training fitness: 0.7955196135115769
Model size: (6, 9)
Validation fitness: 0.7968127943503507 
Elapsed: 2.1396141052246094

*** Epoch 1, batch 426/520 ***
Training fitness: 0.8206293082298015
Model size: (6, 8)
Validation fitness: 0.794271577521578 
Elapsed: 2.070765495300293

*** Epoch 1, batch 427/520 ***
Training fitness: 0.7961487492504921
Model size: (7, 11)
Validation fitness: 0.7851354987691818 
Elapsed: 2.194722890853882

*** Epoch 1, batch 428/520 ***
Training fitness: 0.8504200642707612
Model size: (9, 14)
Validation fitness: 0.7908652762152394 
Elapsed: 2.300672769546509

*** Epoch 1, batch 429/520 ***
Training fitness: 0.8012204528244791
Model size: (7, 13)
Validation fitness: 0.7970239884128372 
Elapsed: 2.296262264251709

*** Epoch 1, batch 430/520 ***
Training fitness: 0.8299918230863352
Model size: (7, 13)
Validation fitness: 0.7970239884128372 
Elapsed: 2.29309344291687

*** Epoch 1, batch 431/520 ***
Training fitness: 0.8121981756474819
Model size: (8, 15)
Validation fitness: 0.7907051307833828 
Elapsed: 2.2788712978363037

*** Epoch 1, batch 432/520 ***
Training fitness: 0.7707012716787037
Model size: (8, 17)
Validation fitness: 0.8351415519072464 
Elapsed: 2.241908550262451

*** Epoch 1, batch 433/520 ***
Training fitness: 0.8467033085665698
Model size: (8, 17)
Validation fitness: 0.8351415519072464 
Elapsed: 2.2722628116607666

*** Epoch 1, batch 434/520 ***
Training fitness: 0.8517603409302043
Model size: (8, 17)
Validation fitness: 0.8351415519072464 
Elapsed: 2.2158803939819336

*** Epoch 1, batch 435/520 ***
Training fitness: 0.8139811383752619
Model size: (8, 17)
Validation fitness: 0.8351415519072464 
Elapsed: 2.2397854328155518

*** Epoch 1, batch 436/520 ***
Training fitness: 0.836077322426933
Model size: (8, 17)
Validation fitness: 0.8351415519072464 
Elapsed: 2.230250835418701

*** Epoch 1, batch 437/520 ***
Training fitness: 0.8396874539641114
Model size: (8, 17)
Validation fitness: 0.8351415519072464 
Elapsed: 2.2635421752929688

*** Epoch 1, batch 438/520 ***
Training fitness: 0.8862769189341135
Model size: (14, 20)
Validation fitness: 0.7914898739907567 
Elapsed: 2.1434340476989746

*** Epoch 1, batch 439/520 ***
Training fitness: 0.7968682110706168
Model size: (8, 17)
Validation fitness: 0.8351415519072464 
Elapsed: 2.198533296585083

*** Epoch 1, batch 440/520 ***
Training fitness: 0.8256266267462214
Model size: (5, 10)
Validation fitness: 0.8053087492892655 
Elapsed: 2.0656368732452393

*** Epoch 1, batch 441/520 ***
Training fitness: 0.8202717237989016
Model size: (7, 15)
Validation fitness: 0.838486603605184 
Elapsed: 2.0896804332733154

*** Epoch 1, batch 442/520 ***
Training fitness: 0.8563474042785733
Model size: (7, 15)
Validation fitness: 0.838486603605184 
Elapsed: 2.0916061401367188

*** Epoch 1, batch 443/520 ***
Training fitness: 0.7995713489670806
Model size: (7, 15)
Validation fitness: 0.838486603605184 
Elapsed: 2.221014976501465

*** Epoch 1, batch 444/520 ***
Training fitness: 0.8134828894537102
Model size: (11, 21)
Validation fitness: 0.7811996908540898 
Elapsed: 2.390759229660034

*** Epoch 1, batch 445/520 ***
Training fitness: 0.8313664792697268
Model size: (5, 10)
Validation fitness: 0.8053087492892655 
Elapsed: 2.1790964603424072

*** Epoch 1, batch 446/520 ***
Training fitness: 0.817176906970838
Model size: (6, 11)
Validation fitness: 0.8136452847346873 
Elapsed: 2.1328775882720947

*** Epoch 1, batch 447/520 ***
Training fitness: 0.8234014619597283
Model size: (6, 11)
Validation fitness: 0.8083599496929105 
Elapsed: 2.2297143936157227

*** Epoch 1, batch 448/520 ***
Training fitness: 0.8620834647386912
Model size: (6, 11)
Validation fitness: 0.8136452847346873 
Elapsed: 2.151578664779663

*** Epoch 1, batch 449/520 ***
Training fitness: 0.7893202608648944
Model size: (4, 6)
Validation fitness: 0.7657231169692227 
Elapsed: 2.140876531600952

*** Epoch 1, batch 450/520 ***
Training fitness: 0.781039210641874
Model size: (10, 16)
Validation fitness: 0.801531243140044 
Elapsed: 2.284696578979492

*** Epoch 1, batch 451/520 ***
Training fitness: 0.8724576184870333
Model size: (6, 11)
Validation fitness: 0.8200773557334926 
Elapsed: 2.2676947116851807

*** Epoch 1, batch 452/520 ***
Training fitness: 0.8011627278137617
Model size: (6, 11)
Validation fitness: 0.8200773557334926 
Elapsed: 2.2691609859466553

*** Epoch 1, batch 453/520 ***
Training fitness: 0.7653143215213283
Model size: (8, 15)
Validation fitness: 0.7923796793700026 
Elapsed: 2.1104178428649902

*** Epoch 1, batch 454/520 ***
Training fitness: 0.8135463364060206
Model size: (2, 6)
Validation fitness: 0.7896020431736348 
Elapsed: 2.1087427139282227

*** Epoch 1, batch 455/520 ***
Training fitness: 0.834754125427301
Model size: (7, 15)
Validation fitness: 0.8105668517708179 
Elapsed: 2.469479560852051

*** Epoch 1, batch 456/520 ***
Training fitness: 0.8595450116871951
Model size: (6, 10)
Validation fitness: 0.7723845835170418 
Elapsed: 2.225106954574585

*** Epoch 1, batch 457/520 ***
Training fitness: 0.8609422376078009
Model size: (6, 11)
Validation fitness: 0.8179090070971688 
Elapsed: 2.2606377601623535

*** Epoch 1, batch 458/520 ***
Training fitness: 0.878317527419567
Model size: (7, 13)
Validation fitness: 0.8077861316377911 
Elapsed: 2.2774338722229004

*** Epoch 1, batch 459/520 ***
Training fitness: 0.8082208554808495
Model size: (7, 13)
Validation fitness: 0.8077861316377911 
Elapsed: 2.3107786178588867

*** Epoch 1, batch 460/520 ***
Training fitness: 0.8905180840664711
Model size: (6, 7)
Validation fitness: 0.8072403077661319 
Elapsed: 2.159252882003784

*** Epoch 1, batch 461/520 ***
Training fitness: 0.8764172122721084
Model size: (8, 17)
Validation fitness: 0.8187670905930944 
Elapsed: 2.5225210189819336

*** Epoch 1, batch 462/520 ***
Training fitness: 0.8209772148138821
Model size: (6, 13)
Validation fitness: 0.7849302298177072 
Elapsed: 2.182347297668457

*** Epoch 1, batch 463/520 ***
Training fitness: 0.8582659963369286
Model size: (9, 18)
Validation fitness: 0.8091144107232552 
Elapsed: 2.4157984256744385

*** Epoch 1, batch 464/520 ***
Training fitness: 0.8674257783326655
Model size: (6, 7)
Validation fitness: 0.8072403077661319 
Elapsed: 2.2226853370666504

*** Epoch 1, batch 465/520 ***
Training fitness: 0.8685349134773082
Model size: (6, 6)
Validation fitness: 0.8016620689099103 
Elapsed: 2.1222829818725586

*** Epoch 1, batch 466/520 ***
Training fitness: 0.8061196515211737
Model size: (6, 11)
Validation fitness: 0.7851856229545945 
Elapsed: 2.162558078765869

*** Epoch 1, batch 467/520 ***
Training fitness: 0.7865081299634754
Model size: (8, 13)
Validation fitness: 0.8043385921443371 
Elapsed: 2.07214093208313

*** Epoch 1, batch 468/520 ***
Training fitness: 0.789319353798257
Model size: (9, 15)
Validation fitness: 0.7910152911123918 
Elapsed: 2.1932880878448486

*** Epoch 1, batch 469/520 ***
Training fitness: 0.8045574228987913
Model size: (7, 11)
Validation fitness: 0.8120380234308165 
Elapsed: 2.2354159355163574

*** Epoch 1, batch 470/520 ***
Training fitness: 0.7923295698431309
Model size: (8, 13)
Validation fitness: 0.8144994873105117 
Elapsed: 2.238495349884033

*** Epoch 1, batch 471/520 ***
Training fitness: 0.8899593286384546
Model size: (7, 12)
Validation fitness: 0.809439638499853 
Elapsed: 2.0434298515319824

*** Epoch 1, batch 472/520 ***
Training fitness: 0.8290742275395527
Model size: (7, 12)
Validation fitness: 0.809439638499853 
Elapsed: 1.9599370956420898

*** Epoch 1, batch 473/520 ***
Training fitness: 0.8210639792329332
Model size: (6, 7)
Validation fitness: 0.8096382061610854 
Elapsed: 2.106163263320923

*** Epoch 1, batch 474/520 ***
Training fitness: 0.7962303705777617
Model size: (9, 15)
Validation fitness: 0.7951463863487509 
Elapsed: 2.0857019424438477

*** Epoch 1, batch 475/520 ***
Training fitness: 0.8399148386748307
Model size: (13, 18)
Validation fitness: 0.7945889850487773 
Elapsed: 2.0803959369659424

*** Epoch 1, batch 476/520 ***
Training fitness: 0.8507770782871225
Model size: (7, 11)
Validation fitness: 0.8226823713296862 
Elapsed: 1.98470139503479

*** Epoch 1, batch 477/520 ***
Training fitness: 0.849893313774047
Model size: (7, 11)
Validation fitness: 0.8226823713296862 
Elapsed: 1.9416937828063965

*** Epoch 1, batch 478/520 ***
Training fitness: 0.8771308038353725
Model size: (4, 5)
Validation fitness: 0.8250587168981476 
Elapsed: 2.0206854343414307

*** Epoch 1, batch 479/520 ***
Training fitness: 0.8448380735439606
Model size: (8, 12)
Validation fitness: 0.8207360702292467 
Elapsed: 2.0159239768981934

*** Epoch 1, batch 480/520 ***
Training fitness: 0.8522812938132484
Model size: (7, 7)
Validation fitness: 0.8325504004079461 
Elapsed: 1.9875497817993164

*** Epoch 1, batch 481/520 ***
Training fitness: 0.8247736491468699
Model size: (7, 16)
Validation fitness: 0.7891196643657417 
Elapsed: 2.1959848403930664

*** Epoch 1, batch 482/520 ***
Training fitness: 0.8061540079997673
Model size: (7, 12)
Validation fitness: 0.8212350544954484 
Elapsed: 2.2153573036193848

*** Epoch 1, batch 483/520 ***
Training fitness: 0.8626527741136277
Model size: (7, 12)
Validation fitness: 0.8212350544954484 
Elapsed: 2.2155985832214355

*** Epoch 1, batch 484/520 ***
Training fitness: 0.8258382051924078
Model size: (15, 21)
Validation fitness: 0.8045473390283273 
Elapsed: 2.3099822998046875

*** Epoch 1, batch 485/520 ***
Training fitness: 0.8575144729510925
Model size: (7, 13)
Validation fitness: 0.8188230948112097 
Elapsed: 2.114917516708374

*** Epoch 1, batch 486/520 ***
Training fitness: 0.8252590644056558
Model size: (8, 12)
Validation fitness: 0.8207360702292467 
Elapsed: 2.1308367252349854

*** Epoch 1, batch 487/520 ***
Training fitness: 0.8515703725838062
Model size: (5, 7)
Validation fitness: 0.8107515066872039 
Elapsed: 2.084149122238159

*** Epoch 1, batch 488/520 ***
Training fitness: 0.8266490675476017
Model size: (7, 12)
Validation fitness: 0.8212350544954484 
Elapsed: 2.1752185821533203

*** Epoch 1, batch 489/520 ***
Training fitness: 0.828194664174576
Model size: (5, 7)
Validation fitness: 0.8107515066872039 
Elapsed: 2.138883590698242

*** Epoch 1, batch 490/520 ***
Training fitness: 0.8609828150098903
Model size: (5, 10)
Validation fitness: 0.7672748746624688 
Elapsed: 2.0882959365844727

*** Epoch 1, batch 491/520 ***
Training fitness: 0.8261484832417743
Model size: (8, 13)
Validation fitness: 0.8677181701599357 !!!
Elapsed: 2.128025770187378

*** Epoch 1, batch 492/520 ***
Training fitness: 0.8675250525402922
Model size: (8, 13)
Validation fitness: 0.8677181701599357 
Elapsed: 2.1235995292663574

*** Epoch 1, batch 493/520 ***
Training fitness: 0.8791264828024143
Model size: (9, 15)
Validation fitness: 0.8643382341927076 
Elapsed: 2.1874189376831055

*** Epoch 1, batch 494/520 ***
Training fitness: 0.9104477611940298
Model size: (8, 13)
Validation fitness: 0.8677181701599357 
Elapsed: 2.11301326751709

*** Epoch 1, batch 495/520 ***
Training fitness: 0.9217586341574074
Model size: (10, 17)
Validation fitness: 0.8662188323658411 
Elapsed: 2.131622791290283

*** Epoch 1, batch 496/520 ***
Training fitness: 0.8716034661142426
Model size: (8, 13)
Validation fitness: 0.8677181701599357 
Elapsed: 2.1332664489746094

*** Epoch 1, batch 497/520 ***
Training fitness: 0.856405040978828
Model size: (8, 13)
Validation fitness: 0.8677181701599357 
Elapsed: 2.230185031890869

*** Epoch 1, batch 498/520 ***
Training fitness: 0.838148431604978
Model size: (8, 13)
Validation fitness: 0.8677181701599357 
Elapsed: 2.083256483078003

*** Epoch 1, batch 499/520 ***
Training fitness: 0.8536753350213125
Model size: (6, 10)
Validation fitness: 0.8342863032866346 
Elapsed: 2.0064339637756348

*** Epoch 1, batch 500/520 ***
Training fitness: 0.8410653754808551
Model size: (6, 10)
Validation fitness: 0.8342863032866346 
Elapsed: 2.0510125160217285

*** Epoch 1, batch 501/520 ***
Training fitness: 0.8358870414762029
Model size: (3, 7)
Validation fitness: 0.815156196163488 
Elapsed: 1.8338556289672852

*** Epoch 1, batch 502/520 ***
Training fitness: 0.8248906757598301
Model size: (7, 13)
Validation fitness: 0.8397841605996392 
Elapsed: 1.9550251960754395

*** Epoch 1, batch 503/520 ***
Training fitness: 0.8638073382760597
Model size: (17, 23)
Validation fitness: 0.7976817722200072 
Elapsed: 1.9562170505523682

*** Epoch 1, batch 504/520 ***
Training fitness: 0.8675250525402922
Model size: (7, 13)
Validation fitness: 0.8397841605996392 
Elapsed: 2.0797171592712402

*** Epoch 1, batch 505/520 ***
Training fitness: 0.7981099452786966
Model size: (7, 12)
Validation fitness: 0.828129201043476 
Elapsed: 1.9611461162567139

*** Epoch 1, batch 506/520 ***
Training fitness: 0.8437006688748944
Model size: (7, 12)
Validation fitness: 0.828129201043476 
Elapsed: 2.0733485221862793

*** Epoch 1, batch 507/520 ***
Training fitness: 0.8645758353214248
Model size: (14, 25)
Validation fitness: 0.7968333903176472 
Elapsed: 1.9289805889129639

*** Epoch 1, batch 508/520 ***
Training fitness: 0.8246909240266249
Model size: (7, 13)
Validation fitness: 0.8333928187699877 
Elapsed: 1.9892256259918213

*** Epoch 1, batch 509/520 ***
Training fitness: 0.8137188667107821
Model size: (8, 16)
Validation fitness: 0.8359886349883895 
Elapsed: 2.039379596710205

*** Epoch 1, batch 510/520 ***
Training fitness: 0.8500584872336907
Model size: (8, 11)
Validation fitness: 0.8100363641502288 
Elapsed: 1.862586498260498

*** Epoch 1, batch 511/520 ***
Training fitness: 0.8031141237954624
Model size: (7, 9)
Validation fitness: 0.8096078634699719 
Elapsed: 1.8336493968963623

*** Epoch 1, batch 512/520 ***
Training fitness: 0.8288426724756327
Model size: (6, 10)
Validation fitness: 0.8018813257772005 
Elapsed: 1.9730422496795654

*** Epoch 1, batch 513/520 ***
Training fitness: 0.8265664671362818
Model size: (7, 10)
Validation fitness: 0.8123873726430959 
Elapsed: 1.7851250171661377

*** Epoch 1, batch 514/520 ***
Training fitness: 0.8213684652764247
Model size: (4, 6)
Validation fitness: 0.7926248716434977 
Elapsed: 1.8625471591949463

*** Epoch 1, batch 515/520 ***
Training fitness: 0.8291193911966597
Model size: (4, 6)
Validation fitness: 0.8183544629181901 
Elapsed: 1.800119161605835

*** Epoch 1, batch 516/520 ***
Training fitness: 0.844763358778626
Model size: (8, 11)
Validation fitness: 0.8169750022517227 
Elapsed: 1.840533971786499

*** Epoch 1, batch 517/520 ***
Training fitness: 0.874839655790814
Model size: (6, 9)
Validation fitness: 0.8328286516210718 
Elapsed: 1.8825278282165527

*** Epoch 1, batch 518/520 ***
Training fitness: 0.8663846053143173
Model size: (5, 7)
Validation fitness: 0.832806072778847 
Elapsed: 1.917245864868164

*** Epoch 1, batch 519/520 ***
Training fitness: 0.8177634499299953
Model size: (7, 14)
Validation fitness: 0.8002677545864629 
Elapsed: 1.9340214729309082

*** Epoch 1, batch 520/520 ***
Training fitness: 0.8447195872767682
Model size: (5, 7)
Validation fitness: 0.832806072778847 
Elapsed: 1.9146192073822021

Total train time: 1777.0393397808075
Test time: 0.23946332931518555
Test fitness: 0.8677258293692496
Test statistics: Stats(total=14791, total_true=7158, total_false=7633, true_positive=6393, true_negative=7406, false_positive=227, false_negative=765, tpr=0.8931265716680638, tnr=0.9702607100746757, ppv=0.9657099697885196, npv=0.9063762085424061, accuracy=0.9329321884930025, f1=0.9280011612715924, mcc=0.8677258293692496)
