Configuration:
Dataset: nsl_kdd
Selector: pca
Fitness: zero_sum
Batch size: 256
Epochs: 1
Config args: {}
*** Epoch 1, batch 1/463 ***
Training fitness: 0.8714896214896215
Model size: (1, 12)
Validation fitness: 0.8434601584891602 !!!
Elapsed: 1.9794435501098633

*** Epoch 1, batch 2/463 ***
Training fitness: 0.8819700319331859
Model size: (1, 10)
Validation fitness: 0.8687290883578386 !!!
Elapsed: 2.0734055042266846

*** Epoch 1, batch 3/463 ***
Training fitness: 0.919496855345912
Model size: (1, 10)
Validation fitness: 0.8789472372030415 !!!
Elapsed: 2.1299705505371094

*** Epoch 1, batch 4/463 ***
Training fitness: 0.9168044077134986
Model size: (2, 12)
Validation fitness: 0.8801206614932318 !!!
Elapsed: 2.1654434204101562

*** Epoch 1, batch 5/463 ***
Training fitness: 0.9125496183206107
Model size: (2, 13)
Validation fitness: 0.8902222257367839 !!!
Elapsed: 2.2305748462677

*** Epoch 1, batch 6/463 ***
Training fitness: 0.9384634206019086
Model size: (3, 11)
Validation fitness: 0.9069674099086038 !!!
Elapsed: 2.358074188232422

*** Epoch 1, batch 7/463 ***
Training fitness: 0.9215542521994134
Model size: (1, 10)
Validation fitness: 0.8959247668527627 
Elapsed: 2.1814355850219727

*** Epoch 1, batch 8/463 ***
Training fitness: 0.9111721611721612
Model size: (1, 7)
Validation fitness: 0.9139870879396057 !!!
Elapsed: 2.036973714828491

*** Epoch 1, batch 9/463 ***
Training fitness: 0.91015625
Model size: (1, 9)
Validation fitness: 0.9054310522070569 
Elapsed: 2.0176126956939697

*** Epoch 1, batch 10/463 ***
Training fitness: 0.9122137404580153
Model size: (1, 5)
Validation fitness: 0.8807115471803549 
Elapsed: 2.038479804992676

*** Epoch 1, batch 11/463 ***
Training fitness: 0.941421568627451
Model size: (1, 6)
Validation fitness: 0.9152221818047626 !!!
Elapsed: 2.040369987487793

*** Epoch 1, batch 12/463 ***
Training fitness: 0.9109661385523454
Model size: (1, 5)
Validation fitness: 0.8711261292726087 
Elapsed: 1.964353322982788

*** Epoch 1, batch 13/463 ***
Training fitness: 0.8984375
Model size: (1, 7)
Validation fitness: 0.9059760838468986 
Elapsed: 1.9970722198486328

*** Epoch 1, batch 14/463 ***
Training fitness: 0.9242924384131059
Model size: (1, 5)
Validation fitness: 0.9164070833355299 !!!
Elapsed: 1.948155403137207

*** Epoch 1, batch 15/463 ***
Training fitness: 0.9367647058823529
Model size: (3, 10)
Validation fitness: 0.9184778740767685 !!!
Elapsed: 2.1462454795837402

*** Epoch 1, batch 16/463 ***
Training fitness: 0.937190990661051
Model size: (3, 10)
Validation fitness: 0.9184778740767685 
Elapsed: 2.2740554809570312

*** Epoch 1, batch 17/463 ***
Training fitness: 0.921875
Model size: (4, 10)
Validation fitness: 0.9119817009951481 
Elapsed: 2.275754451751709

*** Epoch 1, batch 18/463 ***
Training fitness: 0.9111787493082457
Model size: (2, 7)
Validation fitness: 0.9007366411509486 
Elapsed: 2.2694499492645264

*** Epoch 1, batch 19/463 ***
Training fitness: 0.9464075747261588
Model size: (2, 7)
Validation fitness: 0.9132515011571695 
Elapsed: 2.2310850620269775

*** Epoch 1, batch 20/463 ***
Training fitness: 0.8997536945812807
Model size: (2, 5)
Validation fitness: 0.9069509354005986 
Elapsed: 2.1583924293518066

*** Epoch 1, batch 21/463 ***
Training fitness: 0.9383816793893129
Model size: (2, 7)
Validation fitness: 0.9135803872519818 
Elapsed: 2.185025453567505

*** Epoch 1, batch 22/463 ***
Training fitness: 0.9153770572340948
Model size: (4, 12)
Validation fitness: 0.9179416288411962 
Elapsed: 2.183995008468628

*** Epoch 1, batch 23/463 ***
Training fitness: 0.9086833701793171
Model size: (1, 6)
Validation fitness: 0.9177116996244691 
Elapsed: 2.159044027328491

*** Epoch 1, batch 24/463 ***
Training fitness: 0.9186393289841566
Model size: (5, 15)
Validation fitness: 0.9132069650705285 
Elapsed: 2.361084222793579

*** Epoch 1, batch 25/463 ***
Training fitness: 0.9154486586493987
Model size: (1, 5)
Validation fitness: 0.9163290490826116 
Elapsed: 2.189202070236206

*** Epoch 1, batch 26/463 ***
Training fitness: 0.9419676214196763
Model size: (5, 13)
Validation fitness: 0.9065119995923108 
Elapsed: 2.449045419692993

*** Epoch 1, batch 27/463 ***
Training fitness: 0.9492647058823529
Model size: (6, 15)
Validation fitness: 0.9174739175589259 
Elapsed: 2.431863307952881

*** Epoch 1, batch 28/463 ***
Training fitness: 0.8978573614937251
Model size: (3, 8)
Validation fitness: 0.9163441507149497 
Elapsed: 2.339221715927124

*** Epoch 1, batch 29/463 ***
Training fitness: 0.9316176470588236
Model size: (3, 8)
Validation fitness: 0.9163441507149497 
Elapsed: 2.39328932762146

*** Epoch 1, batch 30/463 ***
Training fitness: 0.949023199023199
Model size: (3, 8)
Validation fitness: 0.9163441507149497 
Elapsed: 2.3674681186676025

*** Epoch 1, batch 31/463 ***
Training fitness: 0.9165574486675404
Model size: (5, 14)
Validation fitness: 0.9101771932183018 
Elapsed: 2.5128016471862793

*** Epoch 1, batch 32/463 ***
Training fitness: 0.9606837606837607
Model size: (4, 12)
Validation fitness: 0.9133886788938268 
Elapsed: 2.5571882724761963

*** Epoch 1, batch 33/463 ***
Training fitness: 0.9250992063492064
Model size: (7, 15)
Validation fitness: 0.9082829542878532 
Elapsed: 2.5219762325286865

*** Epoch 1, batch 34/463 ***
Training fitness: 0.8997110004304248
Model size: (3, 12)
Validation fitness: 0.9045277549331266 
Elapsed: 2.5576932430267334

*** Epoch 1, batch 35/463 ***
Training fitness: 0.9187423687423688
Model size: (2, 8)
Validation fitness: 0.9110450153849939 
Elapsed: 2.499999523162842

*** Epoch 1, batch 36/463 ***
Training fitness: 0.9140625
Model size: (8, 16)
Validation fitness: 0.9166075231829277 
Elapsed: 2.563167095184326

*** Epoch 1, batch 37/463 ***
Training fitness: 0.9483990147783251
Model size: (5, 14)
Validation fitness: 0.9186184565450805 !!!
Elapsed: 2.4380149841308594

*** Epoch 1, batch 38/463 ***
Training fitness: 0.9275525525525525
Model size: (4, 13)
Validation fitness: 0.9083658210631197 
Elapsed: 2.43373703956604

*** Epoch 1, batch 39/463 ***
Training fitness: 0.9604844629312456
Model size: (10, 21)
Validation fitness: 0.9123820864547033 
Elapsed: 2.736579179763794

*** Epoch 1, batch 40/463 ***
Training fitness: 0.9324190758586606
Model size: (5, 14)
Validation fitness: 0.9033261592342473 
Elapsed: 2.5301427841186523

*** Epoch 1, batch 41/463 ***
Training fitness: 0.9288856304985337
Model size: (7, 16)
Validation fitness: 0.9221045722690537 !!!
Elapsed: 2.5102405548095703

*** Epoch 1, batch 42/463 ***
Training fitness: 0.9359726295210166
Model size: (3, 7)
Validation fitness: 0.9210720050223087 
Elapsed: 2.463808298110962

*** Epoch 1, batch 43/463 ***
Training fitness: 0.9332722832722834
Model size: (9, 17)
Validation fitness: 0.916048213636148 
Elapsed: 2.394232988357544

*** Epoch 1, batch 44/463 ***
Training fitness: 0.9520000000000001
Model size: (3, 7)
Validation fitness: 0.913403945271245 
Elapsed: 2.4609384536743164

*** Epoch 1, batch 45/463 ***
Training fitness: 0.927811596876345
Model size: (5, 15)
Validation fitness: 0.9131912593728967 
Elapsed: 2.4262096881866455

*** Epoch 1, batch 46/463 ***
Training fitness: 0.9172375825789088
Model size: (5, 11)
Validation fitness: 0.9154924186510761 
Elapsed: 2.321270227432251

*** Epoch 1, batch 47/463 ***
Training fitness: 0.938321413289321
Model size: (6, 18)
Validation fitness: 0.9156161422061958 
Elapsed: 2.5714457035064697

*** Epoch 1, batch 48/463 ***
Training fitness: 0.9532442165659525
Model size: (7, 17)
Validation fitness: 0.913814654755817 
Elapsed: 2.5363776683807373

*** Epoch 1, batch 49/463 ***
Training fitness: 0.9296187683284457
Model size: (11, 21)
Validation fitness: 0.9182804545558385 
Elapsed: 2.51334547996521

*** Epoch 1, batch 50/463 ***
Training fitness: 0.9039817761967172
Model size: (5, 15)
Validation fitness: 0.9176275698035887 
Elapsed: 2.5978360176086426

*** Epoch 1, batch 51/463 ***
Training fitness: 0.9197044334975369
Model size: (8, 16)
Validation fitness: 0.9180461870520032 
Elapsed: 2.44761323928833

*** Epoch 1, batch 52/463 ***
Training fitness: 0.9249217935349322
Model size: (12, 23)
Validation fitness: 0.9191555804210796 
Elapsed: 2.6132400035858154

*** Epoch 1, batch 53/463 ***
Training fitness: 0.9198300629622838
Model size: (7, 16)
Validation fitness: 0.9221045722690537 
Elapsed: 2.5648891925811768

*** Epoch 1, batch 54/463 ***
Training fitness: 0.9375
Model size: (13, 24)
Validation fitness: 0.9233354925921826 !!!
Elapsed: 2.6462957859039307

*** Epoch 1, batch 55/463 ***
Training fitness: 0.9252093648756037
Model size: (6, 12)
Validation fitness: 0.9156104310434205 
Elapsed: 2.491298198699951

*** Epoch 1, batch 56/463 ***
Training fitness: 0.9259293169749131
Model size: (13, 24)
Validation fitness: 0.9233354925921826 
Elapsed: 2.571756362915039

*** Epoch 1, batch 57/463 ***
Training fitness: 0.950566268748087
Model size: (3, 10)
Validation fitness: 0.908974444303862 
Elapsed: 2.5469305515289307

*** Epoch 1, batch 58/463 ***
Training fitness: 0.939572586588062
Model size: (11, 20)
Validation fitness: 0.9154130664375172 
Elapsed: 2.884722948074341

*** Epoch 1, batch 59/463 ***
Training fitness: 0.9352738884794891
Model size: (6, 14)
Validation fitness: 0.9064160630406933 
Elapsed: 2.5203444957733154

*** Epoch 1, batch 60/463 ***
Training fitness: 0.931650700073692
Model size: (5, 13)
Validation fitness: 0.9075627437128884 
Elapsed: 2.7069649696350098

*** Epoch 1, batch 61/463 ***
Training fitness: 0.9217338217338218
Model size: (10, 17)
Validation fitness: 0.9178661206795053 
Elapsed: 2.3835060596466064

*** Epoch 1, batch 62/463 ***
Training fitness: 0.911304135062393
Model size: (5, 12)
Validation fitness: 0.8913108063107469 
Elapsed: 2.4559950828552246

*** Epoch 1, batch 63/463 ***
Training fitness: 0.9298902042568852
Model size: (10, 18)
Validation fitness: 0.9164278961306433 
Elapsed: 2.549220085144043

*** Epoch 1, batch 64/463 ***
Training fitness: 0.9181745690977121
Model size: (5, 10)
Validation fitness: 0.91351284176916 
Elapsed: 2.539191246032715

*** Epoch 1, batch 65/463 ***
Training fitness: 0.9371877890841812
Model size: (5, 11)
Validation fitness: 0.9179143909879609 
Elapsed: 2.546957492828369

*** Epoch 1, batch 66/463 ***
Training fitness: 0.9218137254901961
Model size: (12, 24)
Validation fitness: 0.9045426918203848 
Elapsed: 2.745478630065918

*** Epoch 1, batch 67/463 ***
Training fitness: 0.920732824427481
Model size: (5, 11)
Validation fitness: 0.9179143909879609 
Elapsed: 2.566816568374634

*** Epoch 1, batch 68/463 ***
Training fitness: 0.9197214076246334
Model size: (4, 15)
Validation fitness: 0.8844972792899181 
Elapsed: 2.503122091293335

*** Epoch 1, batch 69/463 ***
Training fitness: 0.9374844333748443
Model size: (6, 15)
Validation fitness: 0.9246809107459482 !!!
Elapsed: 2.6041958332061768

*** Epoch 1, batch 70/463 ***
Training fitness: 0.9305250305250305
Model size: (6, 15)
Validation fitness: 0.9246809107459482 
Elapsed: 2.5763063430786133

*** Epoch 1, batch 71/463 ***
Training fitness: 0.9161764705882353
Model size: (12, 22)
Validation fitness: 0.9094652748123664 
Elapsed: 2.4051461219787598

*** Epoch 1, batch 72/463 ***
Training fitness: 0.9187266147334846
Model size: (12, 22)
Validation fitness: 0.908380208800111 
Elapsed: 2.796518325805664

*** Epoch 1, batch 73/463 ***
Training fitness: 0.8860098882988464
Model size: (12, 22)
Validation fitness: 0.908380208800111 
Elapsed: 2.8456368446350098

*** Epoch 1, batch 74/463 ***
Training fitness: 0.9267241379310345
Model size: (7, 16)
Validation fitness: 0.903851201804376 
Elapsed: 2.8164923191070557

*** Epoch 1, batch 75/463 ***
Training fitness: 0.9196078431372549
Model size: (7, 17)
Validation fitness: 0.9213795840867675 
Elapsed: 2.591750383377075

*** Epoch 1, batch 76/463 ***
Training fitness: 0.9325299730853928
Model size: (10, 21)
Validation fitness: 0.9256093591020997 !!!
Elapsed: 2.7488057613372803

*** Epoch 1, batch 77/463 ***
Training fitness: 0.921875
Model size: (10, 21)
Validation fitness: 0.9256093591020997 
Elapsed: 2.7027101516723633

*** Epoch 1, batch 78/463 ***
Training fitness: 0.9408473221422862
Model size: (8, 16)
Validation fitness: 0.9243719588058221 
Elapsed: 2.4944212436676025

*** Epoch 1, batch 79/463 ***
Training fitness: 0.9216406489133763
Model size: (5, 10)
Validation fitness: 0.9061370397901103 
Elapsed: 2.4524118900299072

*** Epoch 1, batch 80/463 ***
Training fitness: 0.9072039072039072
Model size: (8, 16)
Validation fitness: 0.9243719588058221 
Elapsed: 2.5893800258636475

*** Epoch 1, batch 81/463 ***
Training fitness: 0.951525154349288
Model size: (7, 16)
Validation fitness: 0.9287626897643662 !!!
Elapsed: 2.6446573734283447

*** Epoch 1, batch 82/463 ***
Training fitness: 0.9108752990247194
Model size: (7, 16)
Validation fitness: 0.9287626897643662 
Elapsed: 2.5895681381225586

*** Epoch 1, batch 83/463 ***
Training fitness: 0.9483530638532786
Model size: (9, 20)
Validation fitness: 0.9216356528561964 
Elapsed: 2.709538221359253

*** Epoch 1, batch 84/463 ***
Training fitness: 0.922053347982665
Model size: (8, 18)
Validation fitness: 0.9223110527693867 
Elapsed: 2.452354907989502

*** Epoch 1, batch 85/463 ***
Training fitness: 0.9384803921568627
Model size: (8, 16)
Validation fitness: 0.9293401761849784 !!!
Elapsed: 2.552912712097168

*** Epoch 1, batch 86/463 ***
Training fitness: 0.929130009775171
Model size: (8, 19)
Validation fitness: 0.9217743682136009 
Elapsed: 2.347867250442505

*** Epoch 1, batch 87/463 ***
Training fitness: 0.9341042244835028
Model size: (8, 19)
Validation fitness: 0.9217743682136009 
Elapsed: 2.4356284141540527

*** Epoch 1, batch 88/463 ***
Training fitness: 0.9189655172413793
Model size: (7, 17)
Validation fitness: 0.9221236277833132 
Elapsed: 2.44553804397583

*** Epoch 1, batch 89/463 ***
Training fitness: 0.917887667887668
Model size: (7, 18)
Validation fitness: 0.9257442304076364 
Elapsed: 2.4780564308166504

*** Epoch 1, batch 90/463 ***
Training fitness: 0.937648854961832
Model size: (10, 19)
Validation fitness: 0.9131877448111889 
Elapsed: 2.399918556213379

*** Epoch 1, batch 91/463 ***
Training fitness: 0.9315476190476191
Model size: (9, 17)
Validation fitness: 0.9243281915295548 
Elapsed: 2.458707809448242

*** Epoch 1, batch 92/463 ***
Training fitness: 0.9236471460340994
Model size: (10, 19)
Validation fitness: 0.9243012282514528 
Elapsed: 2.5668904781341553

*** Epoch 1, batch 93/463 ***
Training fitness: 0.9106695965329915
Model size: (4, 7)
Validation fitness: 0.9145068586671727 
Elapsed: 2.3814570903778076

*** Epoch 1, batch 94/463 ***
Training fitness: 0.9664883477833118
Model size: (3, 9)
Validation fitness: 0.934129150917037 !!!
Elapsed: 2.4542646408081055

*** Epoch 1, batch 95/463 ***
Training fitness: 0.9369369369369369
Model size: (11, 20)
Validation fitness: 0.9234596005524891 
Elapsed: 2.589495897293091

*** Epoch 1, batch 96/463 ***
Training fitness: 0.9235092864125122
Model size: (3, 9)
Validation fitness: 0.934129150917037 
Elapsed: 2.503690242767334

*** Epoch 1, batch 97/463 ***
Training fitness: 0.9520000000000001
Model size: (11, 20)
Validation fitness: 0.9234596005524891 
Elapsed: 3.1425740718841553

*** Epoch 1, batch 98/463 ***
Training fitness: 0.9088235294117647
Model size: (11, 20)
Validation fitness: 0.9234596005524891 
Elapsed: 2.71470308303833

*** Epoch 1, batch 99/463 ***
Training fitness: 0.9086671164816291
Model size: (3, 9)
Validation fitness: 0.934129150917037 
Elapsed: 2.4519593715667725

*** Epoch 1, batch 100/463 ***
Training fitness: 0.93359375
Model size: (5, 8)
Validation fitness: 0.9130764320520999 
Elapsed: 2.548222780227661

*** Epoch 1, batch 101/463 ***
Training fitness: 0.9490020142830984
Model size: (3, 9)
Validation fitness: 0.934129150917037 
Elapsed: 2.4573192596435547

*** Epoch 1, batch 102/463 ***
Training fitness: 0.9310850439882697
Model size: (10, 16)
Validation fitness: 0.9122775831589233 
Elapsed: 2.4775426387786865

*** Epoch 1, batch 103/463 ***
Training fitness: 0.9149397884956293
Model size: (12, 22)
Validation fitness: 0.9263799267565339 
Elapsed: 2.755866050720215

*** Epoch 1, batch 104/463 ***
Training fitness: 0.9354848691131877
Model size: (3, 9)
Validation fitness: 0.934129150917037 
Elapsed: 2.5336482524871826

*** Epoch 1, batch 105/463 ***
Training fitness: 0.9176470588235294
Model size: (8, 17)
Validation fitness: 0.9098384224186862 
Elapsed: 2.763291597366333

*** Epoch 1, batch 106/463 ***
Training fitness: 0.9384803921568627
Model size: (7, 14)
Validation fitness: 0.9195199965381566 
Elapsed: 2.5339548587799072

*** Epoch 1, batch 107/463 ***
Training fitness: 0.9545454545454546
Model size: (4, 11)
Validation fitness: 0.9130829120252485 
Elapsed: 2.50240421295166

*** Epoch 1, batch 108/463 ***
Training fitness: 0.927297165200391
Model size: (12, 22)
Validation fitness: 0.9259325889491636 
Elapsed: 2.7601609230041504

*** Epoch 1, batch 109/463 ***
Training fitness: 0.9578320610687022
Model size: (3, 9)
Validation fitness: 0.934129150917037 
Elapsed: 2.514669895172119

*** Epoch 1, batch 110/463 ***
Training fitness: 0.9145249340612157
Model size: (12, 22)
Validation fitness: 0.9259325889491636 
Elapsed: 2.636084794998169

*** Epoch 1, batch 111/463 ***
Training fitness: 0.9449160305343511
Model size: (9, 14)
Validation fitness: 0.91222596303384 
Elapsed: 2.5261030197143555

*** Epoch 1, batch 112/463 ***
Training fitness: 0.9164679992664588
Model size: (6, 11)
Validation fitness: 0.9287140899657506 
Elapsed: 2.5388569831848145

*** Epoch 1, batch 113/463 ***
Training fitness: 0.9595141700404858
Model size: (11, 18)
Validation fitness: 0.9206867211950914 
Elapsed: 2.6236753463745117

*** Epoch 1, batch 114/463 ***
Training fitness: 0.9440000000000001
Model size: (6, 12)
Validation fitness: 0.932065718789374 
Elapsed: 2.5308308601379395

*** Epoch 1, batch 115/463 ***
Training fitness: 0.9478309301318152
Model size: (6, 10)
Validation fitness: 0.9270055736555483 
Elapsed: 2.626899480819702

*** Epoch 1, batch 116/463 ***
Training fitness: 0.9408822615719167
Model size: (3, 10)
Validation fitness: 0.9218442201275434 
Elapsed: 2.5921504497528076

*** Epoch 1, batch 117/463 ***
Training fitness: 0.9473257192785371
Model size: (3, 9)
Validation fitness: 0.934129150917037 
Elapsed: 2.5280239582061768

*** Epoch 1, batch 118/463 ***
Training fitness: 0.923143833488661
Model size: (4, 11)
Validation fitness: 0.9289783410741554 
Elapsed: 2.4955813884735107

*** Epoch 1, batch 119/463 ***
Training fitness: 0.9420298879202988
Model size: (13, 25)
Validation fitness: 0.9209062714717754 
Elapsed: 2.4648988246917725

*** Epoch 1, batch 120/463 ***
Training fitness: 0.9394607843137255
Model size: (6, 11)
Validation fitness: 0.9287500593082287 
Elapsed: 2.428889274597168

*** Epoch 1, batch 121/463 ***
Training fitness: 0.9159335288367546
Model size: (9, 15)
Validation fitness: 0.9296278210947508 
Elapsed: 3.0711569786071777

*** Epoch 1, batch 122/463 ***
Training fitness: 0.9062269712601326
Model size: (6, 11)
Validation fitness: 0.9287500593082287 
Elapsed: 2.4936177730560303

*** Epoch 1, batch 123/463 ***
Training fitness: 0.946722584653619
Model size: (2, 4)
Validation fitness: 0.9326123429649897 
Elapsed: 2.5499486923217773

*** Epoch 1, batch 124/463 ***
Training fitness: 0.909313725490196
Model size: (15, 29)
Validation fitness: 0.9184835852395438 
Elapsed: 2.638741970062256

*** Epoch 1, batch 125/463 ***
Training fitness: 0.9431343650208794
Model size: (3, 9)
Validation fitness: 0.9321025667722792 
Elapsed: 2.514035940170288

*** Epoch 1, batch 126/463 ***
Training fitness: 0.9657738095238095
Model size: (6, 11)
Validation fitness: 0.9320830170227796 
Elapsed: 2.439303159713745

*** Epoch 1, batch 127/463 ***
Training fitness: 0.9270833333333334
Model size: (8, 14)
Validation fitness: 0.9233484525384801 
Elapsed: 2.4668846130371094

*** Epoch 1, batch 128/463 ***
Training fitness: 0.9169108669108669
Model size: (9, 17)
Validation fitness: 0.9267773468046484 
Elapsed: 2.630934476852417

*** Epoch 1, batch 129/463 ***
Training fitness: 0.9198435972629522
Model size: (9, 17)
Validation fitness: 0.9267773468046484 
Elapsed: 2.6246132850646973

*** Epoch 1, batch 130/463 ***
Training fitness: 0.9221853286601488
Model size: (9, 17)
Validation fitness: 0.9267773468046484 
Elapsed: 2.580627679824829

*** Epoch 1, batch 131/463 ***
Training fitness: 0.924732824427481
Model size: (9, 15)
Validation fitness: 0.9154451917281275 
Elapsed: 2.4217944145202637

*** Epoch 1, batch 132/463 ***
Training fitness: 0.9496116806461635
Model size: (8, 16)
Validation fitness: 0.9202185705926078 
Elapsed: 2.607883930206299

*** Epoch 1, batch 133/463 ***
Training fitness: 0.9440063573568067
Model size: (4, 11)
Validation fitness: 0.911110034776588 
Elapsed: 2.6225574016571045

*** Epoch 1, batch 134/463 ***
Training fitness: 0.932116877559753
Model size: (3, 6)
Validation fitness: 0.9168943443672998 
Elapsed: 2.5013036727905273

*** Epoch 1, batch 135/463 ***
Training fitness: 0.9338643716047123
Model size: (11, 22)
Validation fitness: 0.9137396408293662 
Elapsed: 2.560438394546509

*** Epoch 1, batch 136/463 ***
Training fitness: 0.9151404151404151
Model size: (9, 15)
Validation fitness: 0.9091169487981077 
Elapsed: 2.3823912143707275

*** Epoch 1, batch 137/463 ***
Training fitness: 0.9245496183206107
Model size: (10, 17)
Validation fitness: 0.9248106200389765 
Elapsed: 2.5101943016052246

*** Epoch 1, batch 138/463 ***
Training fitness: 0.9445496183206107
Model size: (13, 26)
Validation fitness: 0.9184735357896605 
Elapsed: 2.594061851501465

*** Epoch 1, batch 139/463 ***
Training fitness: 0.9170740763661118
Model size: (12, 24)
Validation fitness: 0.9138533149346029 
Elapsed: 2.506169557571411

*** Epoch 1, batch 140/463 ***
Training fitness: 0.93359375
Model size: (4, 9)
Validation fitness: 0.9172943454216683 
Elapsed: 2.436793088912964

*** Epoch 1, batch 141/463 ***
Training fitness: 0.9239622641509434
Model size: (7, 17)
Validation fitness: 0.9019530089920061 
Elapsed: 2.520601987838745

*** Epoch 1, batch 142/463 ***
Training fitness: 0.9338842975206612
Model size: (3, 7)
Validation fitness: 0.9185951176587395 
Elapsed: 2.4993503093719482

*** Epoch 1, batch 143/463 ***
Training fitness: 0.9433950730484748
Model size: (11, 17)
Validation fitness: 0.9154895081546618 
Elapsed: 2.7613790035247803

*** Epoch 1, batch 144/463 ***
Training fitness: 0.94921875
Model size: (10, 17)
Validation fitness: 0.9164470065599294 
Elapsed: 2.281947612762451

*** Epoch 1, batch 145/463 ***
Training fitness: 0.9296755198429737
Model size: (7, 11)
Validation fitness: 0.9143575996246448 
Elapsed: 2.363196849822998

*** Epoch 1, batch 146/463 ***
Training fitness: 0.9077380952380953
Model size: (6, 13)
Validation fitness: 0.9142858805997951 
Elapsed: 2.4872283935546875

*** Epoch 1, batch 147/463 ***
Training fitness: 0.8883928571428572
Model size: (7, 18)
Validation fitness: 0.912094441544931 
Elapsed: 2.504993438720703

*** Epoch 1, batch 148/463 ***
Training fitness: 0.9360468701819303
Model size: (8, 11)
Validation fitness: 0.9161523874417681 
Elapsed: 2.3546454906463623

*** Epoch 1, batch 149/463 ***
Training fitness: 0.9426944736679251
Model size: (6, 15)
Validation fitness: 0.9068065088804188 
Elapsed: 2.308837890625

*** Epoch 1, batch 150/463 ***
Training fitness: 0.933028083028083
Model size: (11, 15)
Validation fitness: 0.9134650656959448 
Elapsed: 2.2955543994903564

*** Epoch 1, batch 151/463 ***
Training fitness: 0.9331501831501832
Model size: (8, 11)
Validation fitness: 0.9281838853831136 
Elapsed: 2.56752610206604

*** Epoch 1, batch 152/463 ***
Training fitness: 0.924058769513315
Model size: (8, 11)
Validation fitness: 0.9281838853831136 
Elapsed: 2.440812587738037

*** Epoch 1, batch 153/463 ***
Training fitness: 0.9394607843137255
Model size: (2, 7)
Validation fitness: 0.9133071300792006 
Elapsed: 2.4085376262664795

*** Epoch 1, batch 154/463 ***
Training fitness: 0.9399509803921569
Model size: (7, 19)
Validation fitness: 0.9156287177473066 
Elapsed: 2.5884172916412354

*** Epoch 1, batch 155/463 ***
Training fitness: 0.9673298943748466
Model size: (8, 11)
Validation fitness: 0.9281838853831136 
Elapsed: 2.557224750518799

*** Epoch 1, batch 156/463 ***
Training fitness: 0.9310376492194673
Model size: (8, 11)
Validation fitness: 0.9161523874417681 
Elapsed: 2.575171947479248

*** Epoch 1, batch 157/463 ***
Training fitness: 0.9161365304624418
Model size: (5, 15)
Validation fitness: 0.9063119441500999 
Elapsed: 2.538574695587158

*** Epoch 1, batch 158/463 ***
Training fitness: 0.9215650369285234
Model size: (4, 10)
Validation fitness: 0.9150647404232586 
Elapsed: 2.4680633544921875

*** Epoch 1, batch 159/463 ***
Training fitness: 0.9482843137254902
Model size: (9, 12)
Validation fitness: 0.928705852711748 
Elapsed: 2.665205717086792

*** Epoch 1, batch 160/463 ***
Training fitness: 0.9328399629972248
Model size: (8, 11)
Validation fitness: 0.9281838853831136 
Elapsed: 2.6034493446350098

*** Epoch 1, batch 161/463 ***
Training fitness: 0.9565217391304348
Model size: (9, 12)
Validation fitness: 0.928705852711748 
Elapsed: 2.5989866256713867

*** Epoch 1, batch 162/463 ***
Training fitness: 0.9105475187694562
Model size: (8, 11)
Validation fitness: 0.9281838853831136 
Elapsed: 2.4105758666992188

*** Epoch 1, batch 163/463 ***
Training fitness: 0.9608358358358358
Model size: (5, 10)
Validation fitness: 0.9223124805600805 
Elapsed: 2.4379477500915527

*** Epoch 1, batch 164/463 ***
Training fitness: 0.9232321996574505
Model size: (2, 7)
Validation fitness: 0.9201331777261137 
Elapsed: 2.4406261444091797

*** Epoch 1, batch 165/463 ***
Training fitness: 0.9520998585746787
Model size: (13, 18)
Validation fitness: 0.9164370669400995 
Elapsed: 2.495763063430786

*** Epoch 1, batch 166/463 ***
Training fitness: 0.9637067059690495
Model size: (5, 10)
Validation fitness: 0.9108228291870291 
Elapsed: 2.44033145904541

*** Epoch 1, batch 167/463 ***
Training fitness: 0.9324190758586606
Model size: (5, 10)
Validation fitness: 0.9223124805600805 
Elapsed: 2.5893797874450684

*** Epoch 1, batch 168/463 ***
Training fitness: 0.9262345113837515
Model size: (5, 15)
Validation fitness: 0.8961213077332658 
Elapsed: 2.5700249671936035

*** Epoch 1, batch 169/463 ***
Training fitness: 0.937189474329878
Model size: (8, 11)
Validation fitness: 0.9281838853831136 
Elapsed: 2.5116665363311768

*** Epoch 1, batch 170/463 ***
Training fitness: 0.9565496183206106
Model size: (8, 11)
Validation fitness: 0.9281838853831136 
Elapsed: 2.5391242504119873

*** Epoch 1, batch 171/463 ***
Training fitness: 0.9510562515352493
Model size: (8, 21)
Validation fitness: 0.9135712713575521 
Elapsed: 2.8685362339019775

*** Epoch 1, batch 172/463 ***
Training fitness: 0.92578125
Model size: (3, 8)
Validation fitness: 0.9157454670940374 
Elapsed: 2.636885643005371

*** Epoch 1, batch 173/463 ***
Training fitness: 0.9318627450980392
Model size: (4, 11)
Validation fitness: 0.9159818213688867 
Elapsed: 2.462129592895508

*** Epoch 1, batch 174/463 ***
Training fitness: 0.940982404692082
Model size: (3, 7)
Validation fitness: 0.9073791627786828 
Elapsed: 2.59425950050354

*** Epoch 1, batch 175/463 ***
Training fitness: 0.9276637341153471
Model size: (7, 18)
Validation fitness: 0.9296325987020723 
Elapsed: 2.68210506439209

*** Epoch 1, batch 176/463 ***
Training fitness: 0.9120906029996939
Model size: (7, 18)
Validation fitness: 0.9296325987020723 
Elapsed: 2.643920660018921

*** Epoch 1, batch 177/463 ***
Training fitness: 0.8999262128758532
Model size: (3, 8)
Validation fitness: 0.9212616266094495 
Elapsed: 2.5122158527374268

*** Epoch 1, batch 178/463 ***
Training fitness: 0.9555901949996943
Model size: (7, 18)
Validation fitness: 0.9296325987020723 
Elapsed: 2.6640844345092773

*** Epoch 1, batch 179/463 ***
Training fitness: 0.9410059207715314
Model size: (4, 9)
Validation fitness: 0.8999758483712642 
Elapsed: 2.4156100749969482

*** Epoch 1, batch 180/463 ***
Training fitness: 0.9442092154420922
Model size: (5, 12)
Validation fitness: 0.91526594908103 
Elapsed: 2.41668963432312

*** Epoch 1, batch 181/463 ***
Training fitness: 0.9327517600244873
Model size: (16, 25)
Validation fitness: 0.9035208879188699 
Elapsed: 2.507868528366089

*** Epoch 1, batch 182/463 ***
Training fitness: 0.9426920960938933
Model size: (6, 14)
Validation fitness: 0.9170200997784069 
Elapsed: 2.300788164138794

*** Epoch 1, batch 183/463 ***
Training fitness: 0.9232982982982983
Model size: (8, 17)
Validation fitness: 0.9065379743999324 
Elapsed: 2.3433079719543457

*** Epoch 1, batch 184/463 ***
Training fitness: 0.9008228936379268
Model size: (6, 14)
Validation fitness: 0.9170200997784069 
Elapsed: 2.381899833679199

*** Epoch 1, batch 185/463 ***
Training fitness: 0.9464341717368123
Model size: (3, 5)
Validation fitness: 0.8936621579233158 
Elapsed: 2.2996881008148193

*** Epoch 1, batch 186/463 ***
Training fitness: 0.9047280153474844
Model size: (5, 11)
Validation fitness: 0.9186128002973319 
Elapsed: 2.3582160472869873

*** Epoch 1, batch 187/463 ***
Training fitness: 0.9361799816345271
Model size: (4, 10)
Validation fitness: 0.9136381578600536 
Elapsed: 2.272528648376465

*** Epoch 1, batch 188/463 ***
Training fitness: 0.9477941176470589
Model size: (3, 8)
Validation fitness: 0.9320934508778497 
Elapsed: 2.318124532699585

*** Epoch 1, batch 189/463 ***
Training fitness: 0.9237533050482691
Model size: (3, 8)
Validation fitness: 0.9254119944961964 
Elapsed: 2.7018136978149414

*** Epoch 1, batch 190/463 ***
Training fitness: 0.9164679992664588
Model size: (6, 13)
Validation fitness: 0.915271166008565 
Elapsed: 2.257483959197998

*** Epoch 1, batch 191/463 ***
Training fitness: 0.9271064986409685
Model size: (3, 8)
Validation fitness: 0.9320934508778497 
Elapsed: 2.3186190128326416

*** Epoch 1, batch 192/463 ***
Training fitness: 0.9530000610388818
Model size: (5, 9)
Validation fitness: 0.9191147785562532 
Elapsed: 2.2002148628234863

*** Epoch 1, batch 193/463 ***
Training fitness: 0.9324357480218365
Model size: (3, 8)
Validation fitness: 0.9320934508778497 
Elapsed: 2.2862250804901123

*** Epoch 1, batch 194/463 ***
Training fitness: 0.9362170087976539
Model size: (3, 8)
Validation fitness: 0.9320934508778497 
Elapsed: 2.293754816055298

*** Epoch 1, batch 195/463 ***
Training fitness: 0.9328969904575484
Model size: (6, 11)
Validation fitness: 0.9143232228179404 
Elapsed: 2.1972179412841797

*** Epoch 1, batch 196/463 ***
Training fitness: 0.9386052303860523
Model size: (3, 8)
Validation fitness: 0.9254119944961964 
Elapsed: 2.2626736164093018

*** Epoch 1, batch 197/463 ***
Training fitness: 0.9143147020844863
Model size: (9, 20)
Validation fitness: 0.9200407008211773 
Elapsed: 2.556504964828491

*** Epoch 1, batch 198/463 ***
Training fitness: 0.94140625
Model size: (3, 8)
Validation fitness: 0.9320934508778497 
Elapsed: 2.4090640544891357

*** Epoch 1, batch 199/463 ***
Training fitness: 0.930880503144654
Model size: (8, 15)
Validation fitness: 0.9169367936829268 
Elapsed: 2.4311749935150146

*** Epoch 1, batch 200/463 ***
Training fitness: 0.9260258848064773
Model size: (3, 8)
Validation fitness: 0.9320934508778497 
Elapsed: 2.345679998397827

*** Epoch 1, batch 201/463 ***
Training fitness: 0.948556398336188
Model size: (3, 8)
Validation fitness: 0.9320934508778497 
Elapsed: 2.428342819213867

*** Epoch 1, batch 202/463 ***
Training fitness: 0.94921875
Model size: (3, 8)
Validation fitness: 0.9320934508778497 
Elapsed: 2.3195536136627197

*** Epoch 1, batch 203/463 ***
Training fitness: 0.9355706339018278
Model size: (3, 8)
Validation fitness: 0.9318674206280171 
Elapsed: 2.4044225215911865

*** Epoch 1, batch 204/463 ***
Training fitness: 0.9191145038167939
Model size: (3, 8)
Validation fitness: 0.9318674206280171 
Elapsed: 2.386195421218872

*** Epoch 1, batch 205/463 ***
Training fitness: 0.9170965364775239
Model size: (3, 8)
Validation fitness: 0.9320934508778497 
Elapsed: 2.4142343997955322

*** Epoch 1, batch 206/463 ***
Training fitness: 0.9348039215686273
Model size: (3, 8)
Validation fitness: 0.9318674206280171 
Elapsed: 2.4768970012664795

*** Epoch 1, batch 207/463 ***
Training fitness: 0.9685649758896417
Model size: (3, 8)
Validation fitness: 0.9318674206280171 
Elapsed: 2.363104820251465

*** Epoch 1, batch 208/463 ***
Training fitness: 0.94140625
Model size: (3, 8)
Validation fitness: 0.9320934508778497 
Elapsed: 2.459806203842163

*** Epoch 1, batch 209/463 ***
Training fitness: 0.9305250305250305
Model size: (3, 8)
Validation fitness: 0.9318674206280171 
Elapsed: 2.364471197128296

*** Epoch 1, batch 210/463 ***
Training fitness: 0.9481832061068702
Model size: (4, 10)
Validation fitness: 0.9259794863819519 
Elapsed: 2.36004638671875

*** Epoch 1, batch 211/463 ***
Training fitness: 0.9227731864095501
Model size: (4, 10)
Validation fitness: 0.9299705457762876 
Elapsed: 2.351736307144165

*** Epoch 1, batch 212/463 ***
Training fitness: 0.9571114369501467
Model size: (12, 18)
Validation fitness: 0.9124389235073217 
Elapsed: 2.2690768241882324

*** Epoch 1, batch 213/463 ***
Training fitness: 0.9301470588235294
Model size: (3, 8)
Validation fitness: 0.9320934508778497 
Elapsed: 2.3485283851623535

*** Epoch 1, batch 214/463 ***
Training fitness: 0.9305040770941438
Model size: (7, 14)
Validation fitness: 0.9161611189310109 
Elapsed: 2.2717461585998535

*** Epoch 1, batch 215/463 ***
Training fitness: 0.956373362848183
Model size: (3, 8)
Validation fitness: 0.9320934508778497 
Elapsed: 2.414911985397339

*** Epoch 1, batch 216/463 ***
Training fitness: 0.9508417508417509
Model size: (6, 12)
Validation fitness: 0.9165364631383981 
Elapsed: 2.263786792755127

*** Epoch 1, batch 217/463 ***
Training fitness: 0.9519607843137255
Model size: (2, 7)
Validation fitness: 0.918256182114044 
Elapsed: 2.3215808868408203

*** Epoch 1, batch 218/463 ***
Training fitness: 0.9526251526251527
Model size: (2, 7)
Validation fitness: 0.918256182114044 
Elapsed: 2.358691930770874

*** Epoch 1, batch 219/463 ***
Training fitness: 0.9405017481445133
Model size: (11, 15)
Validation fitness: 0.9181699106071229 
Elapsed: 2.323723316192627

*** Epoch 1, batch 220/463 ***
Training fitness: 0.9280753968253969
Model size: (3, 10)
Validation fitness: 0.914955789010317 
Elapsed: 2.407423257827759

*** Epoch 1, batch 221/463 ***
Training fitness: 0.9306372549019608
Model size: (6, 11)
Validation fitness: 0.915780667626142 
Elapsed: 2.3888564109802246

*** Epoch 1, batch 222/463 ***
Training fitness: 0.924915824915825
Model size: (2, 7)
Validation fitness: 0.918256182114044 
Elapsed: 2.478516101837158

*** Epoch 1, batch 223/463 ***
Training fitness: 0.888235294117647
Model size: (9, 15)
Validation fitness: 0.917993688286493 
Elapsed: 2.3669819831848145

*** Epoch 1, batch 224/463 ***
Training fitness: 0.9286412512218963
Model size: (3, 8)
Validation fitness: 0.9179884713589579 
Elapsed: 2.3616104125976562

*** Epoch 1, batch 225/463 ***
Training fitness: 0.9203611457036115
Model size: (3, 6)
Validation fitness: 0.9175620012617276 
Elapsed: 2.294203281402588

*** Epoch 1, batch 226/463 ***
Training fitness: 0.921078431372549
Model size: (5, 13)
Validation fitness: 0.9150898365904534 
Elapsed: 2.4769065380096436

*** Epoch 1, batch 227/463 ***
Training fitness: 0.9372960372960374
Model size: (13, 18)
Validation fitness: 0.9182596966757518 
Elapsed: 2.3930649757385254

*** Epoch 1, batch 228/463 ***
Training fitness: 0.9104395604395604
Model size: (5, 11)
Validation fitness: 0.9131023519446948 
Elapsed: 2.4716908931732178

*** Epoch 1, batch 229/463 ***
Training fitness: 0.9163000977517106
Model size: (4, 9)
Validation fitness: 0.9188184570722647 
Elapsed: 2.358389139175415

*** Epoch 1, batch 230/463 ***
Training fitness: 0.8894607843137254
Model size: (3, 8)
Validation fitness: 0.91896991271586 
Elapsed: 2.2840652465820312

*** Epoch 1, batch 231/463 ***
Training fitness: 0.9370988446726574
Model size: (3, 8)
Validation fitness: 0.91896991271586 
Elapsed: 2.3475444316864014

*** Epoch 1, batch 232/463 ***
Training fitness: 0.94921875
Model size: (3, 8)
Validation fitness: 0.91896991271586 
Elapsed: 2.334350347518921

*** Epoch 1, batch 233/463 ***
Training fitness: 0.9235161954690134
Model size: (4, 7)
Validation fitness: 0.8984737576463684 
Elapsed: 2.2867636680603027

*** Epoch 1, batch 234/463 ***
Training fitness: 0.9344434165895776
Model size: (13, 20)
Validation fitness: 0.9173590353231024 
Elapsed: 2.3661763668060303

*** Epoch 1, batch 235/463 ***
Training fitness: 0.9512702785430058
Model size: (13, 20)
Validation fitness: 0.9173590353231024 
Elapsed: 2.320115804672241

*** Epoch 1, batch 236/463 ***
Training fitness: 0.9450146627565983
Model size: (4, 10)
Validation fitness: 0.9113598981480017 
Elapsed: 2.387967109680176

*** Epoch 1, batch 237/463 ***
Training fitness: 0.9122549019607843
Model size: (8, 14)
Validation fitness: 0.9072668615491134 
Elapsed: 2.4201202392578125

*** Epoch 1, batch 238/463 ***
Training fitness: 0.9411910056832221
Model size: (13, 20)
Validation fitness: 0.9173590353231024 
Elapsed: 2.2825019359588623

*** Epoch 1, batch 239/463 ***
Training fitness: 0.9270432178005991
Model size: (15, 26)
Validation fitness: 0.9256097984223132 
Elapsed: 2.539022207260132

*** Epoch 1, batch 240/463 ***
Training fitness: 0.9195445445445447
Model size: (15, 26)
Validation fitness: 0.9256097984223132 
Elapsed: 2.627328872680664

*** Epoch 1, batch 241/463 ***
Training fitness: 0.9323003135952777
Model size: (15, 26)
Validation fitness: 0.9256097984223132 
Elapsed: 2.6925477981567383

*** Epoch 1, batch 242/463 ***
Training fitness: 0.9554376495123597
Model size: (15, 26)
Validation fitness: 0.9256097984223132 
Elapsed: 2.6104466915130615

*** Epoch 1, batch 243/463 ***
Training fitness: 0.9285496183206107
Model size: (15, 26)
Validation fitness: 0.9256097984223132 
Elapsed: 2.6418466567993164

*** Epoch 1, batch 244/463 ***
Training fitness: 0.9416971916971918
Model size: (4, 7)
Validation fitness: 0.9171875906097939 
Elapsed: 2.435668706893921

*** Epoch 1, batch 245/463 ***
Training fitness: 0.9358942989968192
Model size: (17, 29)
Validation fitness: 0.9163042274905502 
Elapsed: 2.626079559326172

*** Epoch 1, batch 246/463 ***
Training fitness: 0.955020598905491
Model size: (7, 11)
Validation fitness: 0.9138416180339191 
Elapsed: 2.5809335708618164

*** Epoch 1, batch 247/463 ***
Training fitness: 0.9156290253327608
Model size: (6, 11)
Validation fitness: 0.9144997746287306 
Elapsed: 2.761401414871216

*** Epoch 1, batch 248/463 ***
Training fitness: 0.9240890688259109
Model size: (4, 9)
Validation fitness: 0.9105056949079273 
Elapsed: 2.619976282119751

*** Epoch 1, batch 249/463 ***
Training fitness: 0.9471192524289869
Model size: (6, 12)
Validation fitness: 0.9188489349120744 
Elapsed: 2.583155870437622

*** Epoch 1, batch 250/463 ***
Training fitness: 0.8950107131925313
Model size: (6, 9)
Validation fitness: 0.9160375052059445 
Elapsed: 2.580389976501465

*** Epoch 1, batch 251/463 ***
Training fitness: 0.9292938637064446
Model size: (6, 12)
Validation fitness: 0.9188489349120744 
Elapsed: 2.7870137691497803

*** Epoch 1, batch 252/463 ***
Training fitness: 0.945712852035376
Model size: (10, 17)
Validation fitness: 0.9103568751856127 
Elapsed: 2.4872477054595947

*** Epoch 1, batch 253/463 ***
Training fitness: 0.9239867962589401
Model size: (6, 15)
Validation fitness: 0.9045973322719356 
Elapsed: 2.701221227645874

*** Epoch 1, batch 254/463 ***
Training fitness: 0.9475863338035945
Model size: (6, 14)
Validation fitness: 0.9154043898633012 
Elapsed: 2.5008583068847656

*** Epoch 1, batch 255/463 ***
Training fitness: 0.9286195286195287
Model size: (5, 14)
Validation fitness: 0.9183450895422459 
Elapsed: 2.57136869430542

*** Epoch 1, batch 256/463 ***
Training fitness: 0.9346846846846848
Model size: (4, 9)
Validation fitness: 0.9022000716970588 
Elapsed: 2.643758773803711

*** Epoch 1, batch 257/463 ***
Training fitness: 0.9524420808117855
Model size: (7, 16)
Validation fitness: 0.9142563912304656 
Elapsed: 2.7228739261627197

*** Epoch 1, batch 258/463 ***
Training fitness: 0.9407266943968682
Model size: (5, 9)
Validation fitness: 0.9195160975712622 
Elapsed: 2.4776835441589355

*** Epoch 1, batch 259/463 ***
Training fitness: 0.9034744311230732
Model size: (6, 12)
Validation fitness: 0.9188489349120744 
Elapsed: 2.655212640762329

*** Epoch 1, batch 260/463 ***
Training fitness: 0.9518518518518518
Model size: (6, 12)
Validation fitness: 0.9188489349120744 
Elapsed: 2.4684674739837646

*** Epoch 1, batch 261/463 ***
Training fitness: 0.9209908574252533
Model size: (4, 3)
Validation fitness: 0.906463784198882 
Elapsed: 2.4490506649017334

*** Epoch 1, batch 262/463 ***
Training fitness: 0.9210992366412214
Model size: (7, 12)
Validation fitness: 0.9206637667139375 
Elapsed: 3.0831551551818848

*** Epoch 1, batch 263/463 ***
Training fitness: 0.9235092864125122
Model size: (7, 12)
Validation fitness: 0.9206637667139375 
Elapsed: 2.426370620727539

*** Epoch 1, batch 264/463 ***
Training fitness: 0.9524509803921568
Model size: (7, 15)
Validation fitness: 0.9296620880714017 
Elapsed: 2.6758430004119873

*** Epoch 1, batch 265/463 ***
Training fitness: 0.9272851042762548
Model size: (7, 12)
Validation fitness: 0.9206637667139375 
Elapsed: 2.528096914291382

*** Epoch 1, batch 266/463 ***
Training fitness: 0.9072977099236641
Model size: (3, 13)
Validation fitness: 0.9093502827464894 
Elapsed: 2.5405426025390625

*** Epoch 1, batch 267/463 ***
Training fitness: 0.9479857528862687
Model size: (7, 15)
Validation fitness: 0.9135258566304842 
Elapsed: 2.7903308868408203

*** Epoch 1, batch 268/463 ***
Training fitness: 0.9384450566268747
Model size: (6, 12)
Validation fitness: 0.9169169144432671 
Elapsed: 2.6799569129943848

*** Epoch 1, batch 269/463 ***
Training fitness: 0.9117790811339198
Model size: (6, 10)
Validation fitness: 0.9201656874219108 
Elapsed: 2.5007576942443848

*** Epoch 1, batch 270/463 ***
Training fitness: 0.9318837023860639
Model size: (6, 15)
Validation fitness: 0.9196080802409583 
Elapsed: 2.432523012161255

*** Epoch 1, batch 271/463 ***
Training fitness: 0.924700269146073
Model size: (4, 8)
Validation fitness: 0.9088994303774112 
Elapsed: 2.589647054672241

*** Epoch 1, batch 272/463 ***
Training fitness: 0.9209347972765749
Model size: (4, 9)
Validation fitness: 0.9141098230242453 
Elapsed: 2.6335365772247314

*** Epoch 1, batch 273/463 ***
Training fitness: 0.9201737215561536
Model size: (7, 11)
Validation fitness: 0.9140598503499625 
Elapsed: 2.4599227905273438

*** Epoch 1, batch 274/463 ***
Training fitness: 0.9451260452908503
Model size: (6, 9)
Validation fitness: 0.92103471771919 
Elapsed: 2.3540074825286865

*** Epoch 1, batch 275/463 ***
Training fitness: 0.9453125
Model size: (4, 13)
Validation fitness: 0.9072659279936598 
Elapsed: 2.429682731628418

*** Epoch 1, batch 276/463 ***
Training fitness: 0.9410059207715314
Model size: (6, 8)
Validation fitness: 0.9234461463709515 
Elapsed: 2.42246150970459

*** Epoch 1, batch 277/463 ***
Training fitness: 0.9124051871788598
Model size: (5, 13)
Validation fitness: 0.9144451341771795 
Elapsed: 2.596055746078491

*** Epoch 1, batch 278/463 ***
Training fitness: 0.959921798631476
Model size: (6, 14)
Validation fitness: 0.9233918903245873 
Elapsed: 2.610020637512207

*** Epoch 1, batch 279/463 ***
Training fitness: 0.9675067951569064
Model size: (5, 13)
Validation fitness: 0.9144451341771795 
Elapsed: 2.5654449462890625

*** Epoch 1, batch 280/463 ***
Training fitness: 0.932843137254902
Model size: (6, 8)
Validation fitness: 0.9234461463709515 
Elapsed: 2.408108711242676

*** Epoch 1, batch 281/463 ***
Training fitness: 0.9115196078431372
Model size: (3, 11)
Validation fitness: 0.9150377771451567 
Elapsed: 2.47477650642395

*** Epoch 1, batch 282/463 ***
Training fitness: 0.9590163934426231
Model size: (6, 8)
Validation fitness: 0.9234461463709515 
Elapsed: 2.46319580078125

*** Epoch 1, batch 283/463 ***
Training fitness: 0.953866900834222
Model size: (7, 15)
Validation fitness: 0.9259156751209449 
Elapsed: 2.765244960784912

*** Epoch 1, batch 284/463 ***
Training fitness: 0.9231710300954246
Model size: (7, 15)
Validation fitness: 0.9259156751209449 
Elapsed: 2.578427791595459

*** Epoch 1, batch 285/463 ***
Training fitness: 0.9304422498926578
Model size: (7, 15)
Validation fitness: 0.9286810860347132 
Elapsed: 2.6737377643585205

*** Epoch 1, batch 286/463 ***
Training fitness: 0.9243899394620233
Model size: (6, 14)
Validation fitness: 0.9233918903245873 
Elapsed: 2.681903123855591

*** Epoch 1, batch 287/463 ***
Training fitness: 0.9099371299517792
Model size: (6, 14)
Validation fitness: 0.9233918903245873 
Elapsed: 2.522327423095703

*** Epoch 1, batch 288/463 ***
Training fitness: 0.9381128584643847
Model size: (5, 11)
Validation fitness: 0.9293071722539412 
Elapsed: 2.5710370540618896

*** Epoch 1, batch 289/463 ***
Training fitness: 0.9333333333333333
Model size: (10, 11)
Validation fitness: 0.9138976862761637 
Elapsed: 2.4314396381378174

*** Epoch 1, batch 290/463 ***
Training fitness: 0.90234375
Model size: (9, 9)
Validation fitness: 0.9185729869029857 
Elapsed: 2.4290454387664795

*** Epoch 1, batch 291/463 ***
Training fitness: 0.9183816793893129
Model size: (2, 7)
Validation fitness: 0.9102439698907497 
Elapsed: 2.278231620788574

*** Epoch 1, batch 292/463 ***
Training fitness: 0.9291943011545074
Model size: (9, 9)
Validation fitness: 0.9185729869029857 
Elapsed: 2.3588428497314453

*** Epoch 1, batch 293/463 ***
Training fitness: 0.9280645950574994
Model size: (9, 9)
Validation fitness: 0.9185729869029857 
Elapsed: 2.4189209938049316

*** Epoch 1, batch 294/463 ***
Training fitness: 0.9134803921568627
Model size: (8, 10)
Validation fitness: 0.9205618444244114 
Elapsed: 2.770052194595337

*** Epoch 1, batch 295/463 ***
Training fitness: 0.9397306397306399
Model size: (10, 10)
Validation fitness: 0.9186618943311877 
Elapsed: 2.36625337600708

*** Epoch 1, batch 296/463 ***
Training fitness: 0.9358166543118359
Model size: (7, 20)
Validation fitness: 0.9097359509788933 
Elapsed: 2.52205753326416

*** Epoch 1, batch 297/463 ***
Training fitness: 0.9107843137254903
Model size: (10, 10)
Validation fitness: 0.9186618943311877 
Elapsed: 2.3491129875183105

*** Epoch 1, batch 298/463 ***
Training fitness: 0.9292744055260101
Model size: (7, 20)
Validation fitness: 0.9097359509788933 
Elapsed: 2.5575413703918457

*** Epoch 1, batch 299/463 ***
Training fitness: 0.9579413392363033
Model size: (8, 10)
Validation fitness: 0.9205618444244114 
Elapsed: 2.460261344909668

*** Epoch 1, batch 300/463 ***
Training fitness: 0.9060001220777636
Model size: (5, 10)
Validation fitness: 0.9160135622543102 
Elapsed: 2.3127052783966064

*** Epoch 1, batch 301/463 ***
Training fitness: 0.9374961850698895
Model size: (7, 20)
Validation fitness: 0.9097359509788933 
Elapsed: 2.5775654315948486

*** Epoch 1, batch 302/463 ***
Training fitness: 0.9202348911181796
Model size: (10, 10)
Validation fitness: 0.9175863286185487 
Elapsed: 2.3336148262023926

*** Epoch 1, batch 303/463 ***
Training fitness: 0.9246089931573802
Model size: (10, 10)
Validation fitness: 0.9175863286185487 
Elapsed: 2.4239144325256348

*** Epoch 1, batch 304/463 ***
Training fitness: 0.9132281924323002
Model size: (10, 17)
Validation fitness: 0.8866528039173305 
Elapsed: 2.4464221000671387

*** Epoch 1, batch 305/463 ***
Training fitness: 0.9262955502655191
Model size: (8, 10)
Validation fitness: 0.9185886376855907 
Elapsed: 2.4580910205841064

*** Epoch 1, batch 306/463 ***
Training fitness: 0.9278967061277066
Model size: (7, 12)
Validation fitness: 0.908463899300778 
Elapsed: 2.298459768295288

*** Epoch 1, batch 307/463 ***
Training fitness: 0.927135214904999
Model size: (8, 20)
Validation fitness: 0.9055344022872767 
Elapsed: 2.4854025840759277

*** Epoch 1, batch 308/463 ***
Training fitness: 0.9375
Model size: (5, 10)
Validation fitness: 0.9160135622543102 
Elapsed: 2.362992763519287

*** Epoch 1, batch 309/463 ***
Training fitness: 0.9530610999206495
Model size: (7, 12)
Validation fitness: 0.908463899300778 
Elapsed: 2.2622201442718506

*** Epoch 1, batch 310/463 ***
Training fitness: 0.9376793017151925
Model size: (1, 6)
Validation fitness: 0.912247544639327 
Elapsed: 2.1874024868011475

*** Epoch 1, batch 311/463 ***
Training fitness: 0.915109466543324
Model size: (1, 6)
Validation fitness: 0.912247544639327 
Elapsed: 2.229020357131958

*** Epoch 1, batch 312/463 ***
Training fitness: 0.944732824427481
Model size: (7, 14)
Validation fitness: 0.9054537321130774 
Elapsed: 2.2820301055908203

*** Epoch 1, batch 313/463 ***
Training fitness: 0.9263196480938417
Model size: (2, 6)
Validation fitness: 0.9002303246049193 
Elapsed: 2.3290750980377197

*** Epoch 1, batch 314/463 ***
Training fitness: 0.936883991429446
Model size: (7, 17)
Validation fitness: 0.9146316805228262 
Elapsed: 2.4066689014434814

*** Epoch 1, batch 315/463 ***
Training fitness: 0.9072543617998163
Model size: (7, 17)
Validation fitness: 0.9146316805228262 
Elapsed: 2.279710531234741

*** Epoch 1, batch 316/463 ***
Training fitness: 0.90625
Model size: (7, 17)
Validation fitness: 0.9146316805228262 
Elapsed: 2.438711643218994

*** Epoch 1, batch 317/463 ***
Training fitness: 0.9150354783459751
Model size: (7, 12)
Validation fitness: 0.9135683608611379 
Elapsed: 2.174708366394043

*** Epoch 1, batch 318/463 ***
Training fitness: 0.9097018572825024
Model size: (7, 17)
Validation fitness: 0.9146316805228262 
Elapsed: 2.404498815536499

*** Epoch 1, batch 319/463 ***
Training fitness: 0.9383074330649691
Model size: (2, 6)
Validation fitness: 0.9066763602671769 
Elapsed: 2.2998361587524414

*** Epoch 1, batch 320/463 ***
Training fitness: 0.91727761485826
Model size: (9, 15)
Validation fitness: 0.9140876922684914 
Elapsed: 2.2198073863983154

*** Epoch 1, batch 321/463 ***
Training fitness: 0.9320851011498492
Model size: (7, 17)
Validation fitness: 0.9146316805228262 
Elapsed: 2.346848249435425

*** Epoch 1, batch 322/463 ***
Training fitness: 0.9426944736679251
Model size: (3, 7)
Validation fitness: 0.9160794602863314 
Elapsed: 2.2839853763580322

*** Epoch 1, batch 323/463 ***
Training fitness: 0.9420298879202988
Model size: (8, 17)
Validation fitness: 0.9174848456492362 
Elapsed: 2.352574586868286

*** Epoch 1, batch 324/463 ***
Training fitness: 0.9052647689011325
Model size: (7, 9)
Validation fitness: 0.8914326627549595 
Elapsed: 2.249789237976074

*** Epoch 1, batch 325/463 ***
Training fitness: 0.9257728803183348
Model size: (3, 8)
Validation fitness: 0.8972189492866317 
Elapsed: 2.2991509437561035

*** Epoch 1, batch 326/463 ***
Training fitness: 0.9497945163466845
Model size: (5, 10)
Validation fitness: 0.9053022215544555 
Elapsed: 2.399611473083496

*** Epoch 1, batch 327/463 ***
Training fitness: 0.9076780758556892
Model size: (6, 10)
Validation fitness: 0.9102413339694689 
Elapsed: 3.751945734024048

*** Epoch 1, batch 328/463 ***
Training fitness: 0.916544477028348
Model size: (11, 16)
Validation fitness: 0.9082869081697744 
Elapsed: 3.9836223125457764

*** Epoch 1, batch 329/463 ***
Training fitness: 0.9025514252578892
Model size: (10, 13)
Validation fitness: 0.9180718323694648 
Elapsed: 3.999393939971924

*** Epoch 1, batch 330/463 ***
Training fitness: 0.9214896214896215
Model size: (6, 13)
Validation fitness: 0.9058229807525028 
Elapsed: 4.007742643356323

*** Epoch 1, batch 331/463 ***
Training fitness: 0.9041666666666667
Model size: (10, 13)
Validation fitness: 0.9180718323694648 
Elapsed: 4.182737112045288

*** Epoch 1, batch 332/463 ***
Training fitness: 0.9065315315315317
Model size: (8, 15)
Validation fitness: 0.9037487852796097 
Elapsed: 4.46070122718811

*** Epoch 1, batch 333/463 ***
Training fitness: 0.9460152671755725
Model size: (10, 13)
Validation fitness: 0.9180718323694648 
Elapsed: 4.042542457580566

*** Epoch 1, batch 334/463 ***
Training fitness: 0.9256488549618321
Model size: (6, 11)
Validation fitness: 0.9130636368508823 
Elapsed: 4.228325128555298

*** Epoch 1, batch 335/463 ***
Training fitness: 0.9052579365079365
Model size: (12, 19)
Validation fitness: 0.9153310783026775 
Elapsed: 4.7334606647491455

*** Epoch 1, batch 336/463 ***
Training fitness: 0.90625
Model size: (6, 11)
Validation fitness: 0.9130636368508823 
Elapsed: 4.374470949172974

*** Epoch 1, batch 337/463 ***
Training fitness: 0.873993634150908
Model size: (9, 17)
Validation fitness: 0.9113799970477681 
Elapsed: 3.5753610134124756

*** Epoch 1, batch 338/463 ***
Training fitness: 0.9218137254901961
Model size: (6, 11)
Validation fitness: 0.9129613850711963 
Elapsed: 2.291393518447876

*** Epoch 1, batch 339/463 ***
Training fitness: 0.9242720822118913
Model size: (13, 19)
Validation fitness: 0.9179291082151122 
Elapsed: 2.4299488067626953

*** Epoch 1, batch 340/463 ***
Training fitness: 0.9320382362010484
Model size: (6, 11)
Validation fitness: 0.9156283333421197 
Elapsed: 2.3080785274505615

*** Epoch 1, batch 341/463 ***
Training fitness: 0.9627369195853525
Model size: (9, 17)
Validation fitness: 0.9113799970477681 
Elapsed: 2.3103456497192383

*** Epoch 1, batch 342/463 ***
Training fitness: 0.9228651822852948
Model size: (6, 11)
Validation fitness: 0.9156283333421197 
Elapsed: 2.2241578102111816

*** Epoch 1, batch 343/463 ***
Training fitness: 0.9319403714565004
Model size: (9, 17)
Validation fitness: 0.9113799970477681 
Elapsed: 2.3445658683776855

*** Epoch 1, batch 344/463 ***
Training fitness: 0.9223816793893129
Model size: (5, 12)
Validation fitness: 0.9083211202313987 
Elapsed: 2.2717084884643555

*** Epoch 1, batch 345/463 ***
Training fitness: 0.9301470588235294
Model size: (14, 21)
Validation fitness: 0.9151107592156201 
Elapsed: 2.375425100326538

*** Epoch 1, batch 346/463 ***
Training fitness: 0.9303816793893129
Model size: (13, 19)
Validation fitness: 0.9179291082151122 
Elapsed: 2.320817470550537

*** Epoch 1, batch 347/463 ***
Training fitness: 0.8985734489331612
Model size: (4, 12)
Validation fitness: 0.9071483000065019 
Elapsed: 2.3571128845214844

*** Epoch 1, batch 348/463 ***
Training fitness: 0.9127042861547948
Model size: (7, 14)
Validation fitness: 0.907061149859154 
Elapsed: 2.4720067977905273

*** Epoch 1, batch 349/463 ***
Training fitness: 0.91015625
Model size: (6, 10)
Validation fitness: 0.9186714495458307 
Elapsed: 2.3225159645080566

*** Epoch 1, batch 350/463 ***
Training fitness: 0.9287045666356011
Model size: (6, 10)
Validation fitness: 0.9186714495458307 
Elapsed: 2.4320032596588135

*** Epoch 1, batch 351/463 ***
Training fitness: 0.9469246031746033
Model size: (7, 14)
Validation fitness: 0.9231714614074765 
Elapsed: 2.2901265621185303

*** Epoch 1, batch 352/463 ***
Training fitness: 0.9525558616467708
Model size: (7, 15)
Validation fitness: 0.9185382256910947 
Elapsed: 2.4330787658691406

*** Epoch 1, batch 353/463 ***
Training fitness: 0.9402870637306018
Model size: (5, 8)
Validation fitness: 0.9151102100653533 
Elapsed: 2.3631668090820312

*** Epoch 1, batch 354/463 ***
Training fitness: 0.9418320610687022
Model size: (5, 8)
Validation fitness: 0.9151102100653533 
Elapsed: 2.3621952533721924

*** Epoch 1, batch 355/463 ***
Training fitness: 0.9453867660764214
Model size: (7, 14)
Validation fitness: 0.907061149859154 
Elapsed: 2.5469541549682617

*** Epoch 1, batch 356/463 ***
Training fitness: 0.9304347826086956
Model size: (9, 17)
Validation fitness: 0.9113799970477681 
Elapsed: 2.29050612449646

*** Epoch 1, batch 357/463 ***
Training fitness: 0.9457478005865103
Model size: (8, 16)
Validation fitness: 0.9170739165045575 
Elapsed: 2.426223039627075

*** Epoch 1, batch 358/463 ***
Training fitness: 0.9384634206019085
Model size: (8, 17)
Validation fitness: 0.9133977398732297 
Elapsed: 2.9579803943634033

*** Epoch 1, batch 359/463 ***
Training fitness: 0.9124384236453201
Model size: (8, 17)
Validation fitness: 0.9214178598603664 
Elapsed: 2.557116746902466

*** Epoch 1, batch 360/463 ***
Training fitness: 0.9558895405669598
Model size: (8, 17)
Validation fitness: 0.9214178598603664 
Elapsed: 2.5570778846740723

*** Epoch 1, batch 361/463 ***
Training fitness: 0.9032178825841317
Model size: (8, 16)
Validation fitness: 0.9170739165045575 
Elapsed: 2.4831511974334717

*** Epoch 1, batch 362/463 ***
Training fitness: 0.9536678349627988
Model size: (8, 17)
Validation fitness: 0.9214178598603664 
Elapsed: 2.379894256591797

*** Epoch 1, batch 363/463 ***
Training fitness: 0.9622148435098076
Model size: (8, 14)
Validation fitness: 0.9075341878990126 
Elapsed: 2.360697031021118

*** Epoch 1, batch 364/463 ***
Training fitness: 0.9392383397518186
Model size: (6, 9)
Validation fitness: 0.9043664694997547 
Elapsed: 2.4974071979522705

*** Epoch 1, batch 365/463 ***
Training fitness: 0.9107843137254903
Model size: (7, 16)
Validation fitness: 0.92454159132325 
Elapsed: 2.4510445594787598

*** Epoch 1, batch 366/463 ***
Training fitness: 0.9407407407407408
Model size: (9, 15)
Validation fitness: 0.9085746629096001 
Elapsed: 2.4205145835876465

*** Epoch 1, batch 367/463 ***
Training fitness: 0.9316959921798631
Model size: (8, 14)
Validation fitness: 0.9148439271009611 
Elapsed: 2.394787311553955

*** Epoch 1, batch 368/463 ***
Training fitness: 0.9326735092864125
Model size: (5, 8)
Validation fitness: 0.9151102100653533 
Elapsed: 2.507215738296509

*** Epoch 1, batch 369/463 ***
Training fitness: 0.9300559552358113
Model size: (8, 14)
Validation fitness: 0.9148439271009611 
Elapsed: 2.3007750511169434

*** Epoch 1, batch 370/463 ***
Training fitness: 0.9064273942501373
Model size: (9, 14)
Validation fitness: 0.9120127829002515 
Elapsed: 2.2765393257141113

*** Epoch 1, batch 371/463 ***
Training fitness: 0.9516981132075472
Model size: (5, 9)
Validation fitness: 0.9007714572778664 
Elapsed: 2.1256821155548096

*** Epoch 1, batch 372/463 ***
Training fitness: 0.9529411764705882
Model size: (6, 10)
Validation fitness: 0.9122723113163616 
Elapsed: 2.3833506107330322

*** Epoch 1, batch 373/463 ***
Training fitness: 0.9410866910866912
Model size: (10, 18)
Validation fitness: 0.917128611871135 
Elapsed: 2.301809072494507

*** Epoch 1, batch 374/463 ***
Training fitness: 0.9338643716047123
Model size: (10, 18)
Validation fitness: 0.917128611871135 
Elapsed: 2.2478296756744385

*** Epoch 1, batch 375/463 ***
Training fitness: 0.9350490196078431
Model size: (8, 13)
Validation fitness: 0.9183746887416288 
Elapsed: 2.3241384029388428

*** Epoch 1, batch 376/463 ***
Training fitness: 0.9239999999999999
Model size: (9, 21)
Validation fitness: 0.8940879690402259 
Elapsed: 2.4519174098968506

*** Epoch 1, batch 377/463 ***
Training fitness: 0.9417285162240078
Model size: (11, 20)
Validation fitness: 0.9162939034655335 
Elapsed: 2.38167405128479

*** Epoch 1, batch 378/463 ***
Training fitness: 0.9198473282442748
Model size: (8, 16)
Validation fitness: 0.890059567427745 
Elapsed: 2.42399525642395

*** Epoch 1, batch 379/463 ***
Training fitness: 0.9293169749130196
Model size: (8, 12)
Validation fitness: 0.9183339417918289 
Elapsed: 2.265756607055664

*** Epoch 1, batch 380/463 ***
Training fitness: 0.9330580580580582
Model size: (11, 20)
Validation fitness: 0.9162939034655335 
Elapsed: 2.3056907653808594

*** Epoch 1, batch 381/463 ***
Training fitness: 0.9112079701120797
Model size: (7, 17)
Validation fitness: 0.898343169712913 
Elapsed: 2.351466417312622

*** Epoch 1, batch 382/463 ***
Training fitness: 0.9505111961362355
Model size: (10, 17)
Validation fitness: 0.9196232917033499 
Elapsed: 2.183058500289917

*** Epoch 1, batch 383/463 ***
Training fitness: 0.9074481074481073
Model size: (10, 15)
Validation fitness: 0.9176197718697995 
Elapsed: 2.298513174057007

*** Epoch 1, batch 384/463 ***
Training fitness: 0.9386270554434868
Model size: (10, 17)
Validation fitness: 0.9196232917033499 
Elapsed: 2.616520404815674

*** Epoch 1, batch 385/463 ***
Training fitness: 0.9189947579401788
Model size: (8, 12)
Validation fitness: 0.9181282850168961 
Elapsed: 2.2557215690612793

*** Epoch 1, batch 386/463 ***
Training fitness: 0.944915254237288
Model size: (8, 12)
Validation fitness: 0.9181282850168961 
Elapsed: 2.23138427734375

*** Epoch 1, batch 387/463 ***
Training fitness: 0.933028083028083
Model size: (10, 15)
Validation fitness: 0.9177182345126444 
Elapsed: 2.070085048675537

*** Epoch 1, batch 388/463 ***
Training fitness: 0.9222016651248843
Model size: (10, 14)
Validation fitness: 0.9184232885402444 
Elapsed: 2.406954765319824

*** Epoch 1, batch 389/463 ***
Training fitness: 0.9189882697947214
Model size: (9, 13)
Validation fitness: 0.9276389635733252 
Elapsed: 2.1624107360839844

*** Epoch 1, batch 390/463 ***
Training fitness: 0.9405496183206107
Model size: (10, 14)
Validation fitness: 0.9184232885402444 
Elapsed: 2.319455862045288

*** Epoch 1, batch 391/463 ***
Training fitness: 0.9526251526251527
Model size: (10, 15)
Validation fitness: 0.9286693891340295 
Elapsed: 2.1979434490203857

*** Epoch 1, batch 392/463 ***
Training fitness: 0.949404761904762
Model size: (9, 13)
Validation fitness: 0.9276389635733252 
Elapsed: 2.2209653854370117

*** Epoch 1, batch 393/463 ***
Training fitness: 0.91796875
Model size: (9, 13)
Validation fitness: 0.9276389635733252 
Elapsed: 2.185839891433716

*** Epoch 1, batch 394/463 ***
Training fitness: 0.9040811339198436
Model size: (9, 13)
Validation fitness: 0.9276389635733252 
Elapsed: 2.1314504146575928

*** Epoch 1, batch 395/463 ***
Training fitness: 0.9601494396014945
Model size: (8, 11)
Validation fitness: 0.9285583509500739 
Elapsed: 2.196244955062866

*** Epoch 1, batch 396/463 ***
Training fitness: 0.9296875
Model size: (8, 11)
Validation fitness: 0.9285583509500739 
Elapsed: 2.090935707092285

*** Epoch 1, batch 397/463 ***
Training fitness: 0.939149560117302
Model size: (8, 11)
Validation fitness: 0.9285583509500739 
Elapsed: 2.160574436187744

*** Epoch 1, batch 398/463 ***
Training fitness: 0.9372824427480917
Model size: (9, 12)
Validation fitness: 0.9215262072080145 
Elapsed: 2.1868245601654053

*** Epoch 1, batch 399/463 ***
Training fitness: 0.9181372549019607
Model size: (9, 11)
Validation fitness: 0.9276090897988089 
Elapsed: 2.246586561203003

*** Epoch 1, batch 400/463 ***
Training fitness: 0.9093406593406594
Model size: (9, 11)
Validation fitness: 0.9288980553051429 
Elapsed: 2.333562135696411

*** Epoch 1, batch 401/463 ***
Training fitness: 0.9546568627450979
Model size: (8, 9)
Validation fitness: 0.9262844844401567 
Elapsed: 2.3299131393432617

*** Epoch 1, batch 402/463 ***
Training fitness: 0.8870809885001224
Model size: (9, 13)
Validation fitness: 0.9162070828083457 
Elapsed: 2.295896053314209

*** Epoch 1, batch 403/463 ***
Training fitness: 0.9081832061068703
Model size: (8, 9)
Validation fitness: 0.9262844844401567 
Elapsed: 2.3381216526031494

*** Epoch 1, batch 404/463 ***
Training fitness: 0.9373130684245864
Model size: (5, 12)
Validation fitness: 0.9117607778427972 
Elapsed: 2.3188693523406982

*** Epoch 1, batch 405/463 ***
Training fitness: 0.9403122130394858
Model size: (8, 9)
Validation fitness: 0.9262844844401567 
Elapsed: 2.296236753463745

*** Epoch 1, batch 406/463 ***
Training fitness: 0.9053872053872053
Model size: (10, 12)
Validation fitness: 0.9216282942426207 
Elapsed: 2.34088397026062

*** Epoch 1, batch 407/463 ***
Training fitness: 0.9383816793893129
Model size: (11, 14)
Validation fitness: 0.9144707245796145 
Elapsed: 2.417548179626465

*** Epoch 1, batch 408/463 ***
Training fitness: 0.9517880144758634
Model size: (8, 12)
Validation fitness: 0.9190883095133913 
Elapsed: 2.7614781856536865

*** Epoch 1, batch 409/463 ***
Training fitness: 0.9495798319327731
Model size: (8, 9)
Validation fitness: 0.9262844844401567 
Elapsed: 2.2644197940826416

*** Epoch 1, batch 410/463 ***
Training fitness: 0.95885531810366
Model size: (9, 11)
Validation fitness: 0.9291583525316267 
Elapsed: 2.365908145904541

*** Epoch 1, batch 411/463 ***
Training fitness: 0.9412267839687195
Model size: (8, 5)
Validation fitness: 0.9106137127654153 
Elapsed: 2.302489995956421

*** Epoch 1, batch 412/463 ***
Training fitness: 0.9380952380952381
Model size: (9, 11)
Validation fitness: 0.9238929899430817 
Elapsed: 2.254206657409668

*** Epoch 1, batch 413/463 ***
Training fitness: 0.919867873746024
Model size: (10, 14)
Validation fitness: 0.9274554375541463 
Elapsed: 2.355722427368164

*** Epoch 1, batch 414/463 ***
Training fitness: 0.9296875
Model size: (10, 12)
Validation fitness: 0.9115964720829577 
Elapsed: 2.3771510124206543

*** Epoch 1, batch 415/463 ***
Training fitness: 0.9389326975976526
Model size: (11, 15)
Validation fitness: 0.9251208350247161 
Elapsed: 2.43769907951355

*** Epoch 1, batch 416/463 ***
Training fitness: 0.920719724883321
Model size: (10, 14)
Validation fitness: 0.9274554375541463 
Elapsed: 2.494305372238159

*** Epoch 1, batch 417/463 ***
Training fitness: 0.9315476190476191
Model size: (10, 14)
Validation fitness: 0.9274554375541463 
Elapsed: 2.4631309509277344

*** Epoch 1, batch 418/463 ***
Training fitness: 0.9445665445665447
Model size: (10, 15)
Validation fitness: 0.9221011675373993 
Elapsed: 2.4227454662323

*** Epoch 1, batch 419/463 ***
Training fitness: 0.9414465408805033
Model size: (10, 15)
Validation fitness: 0.9221011675373993 
Elapsed: 2.5571296215057373

*** Epoch 1, batch 420/463 ***
Training fitness: 0.9238758553274682
Model size: (10, 15)
Validation fitness: 0.9221011675373993 
Elapsed: 2.4432413578033447

*** Epoch 1, batch 421/463 ***
Training fitness: 0.9336812549594091
Model size: (10, 15)
Validation fitness: 0.9184561826412282 
Elapsed: 2.3864035606384277

*** Epoch 1, batch 422/463 ***
Training fitness: 0.932512315270936
Model size: (13, 17)
Validation fitness: 0.9135276139113381 
Elapsed: 2.379666328430176

*** Epoch 1, batch 423/463 ***
Training fitness: 0.9404761904761906
Model size: (9, 20)
Validation fitness: 0.9124185500324219 
Elapsed: 2.578537940979004

*** Epoch 1, batch 424/463 ***
Training fitness: 0.9354661120626376
Model size: (10, 15)
Validation fitness: 0.9221011675373993 
Elapsed: 2.4639687538146973

*** Epoch 1, batch 425/463 ***
Training fitness: 0.8947044334975369
Model size: (9, 18)
Validation fitness: 0.9041325864011064 
Elapsed: 2.4458065032958984

*** Epoch 1, batch 426/463 ***
Training fitness: 0.9235092864125122
Model size: (13, 17)
Validation fitness: 0.9135276139113381 
Elapsed: 2.4174468517303467

*** Epoch 1, batch 427/463 ***
Training fitness: 0.9317195427593373
Model size: (13, 17)
Validation fitness: 0.9135276139113381 
Elapsed: 2.286896228790283

*** Epoch 1, batch 428/463 ***
Training fitness: 0.9317347687790556
Model size: (13, 17)
Validation fitness: 0.8899418845255604 
Elapsed: 2.319844961166382

*** Epoch 1, batch 429/463 ***
Training fitness: 0.908904109589041
Model size: (8, 5)
Validation fitness: 0.9106137127654153 
Elapsed: 2.3213930130004883

*** Epoch 1, batch 430/463 ***
Training fitness: 0.9232321996574505
Model size: (13, 18)
Validation fitness: 0.9124849972147099 
Elapsed: 2.328219413757324

*** Epoch 1, batch 431/463 ***
Training fitness: 0.9352738884794891
Model size: (12, 16)
Validation fitness: 0.9097008053618153 
Elapsed: 2.371877670288086

*** Epoch 1, batch 432/463 ***
Training fitness: 0.939039408866995
Model size: (8, 5)
Validation fitness: 0.9106137127654153 
Elapsed: 2.550361394882202

*** Epoch 1, batch 433/463 ***
Training fitness: 0.9414148857774502
Model size: (5, 10)
Validation fitness: 0.921313740969773 
Elapsed: 2.530869960784912

*** Epoch 1, batch 434/463 ***
Training fitness: 0.9161623571122929
Model size: (14, 20)
Validation fitness: 0.9146291544315986 
Elapsed: 2.363001585006714

*** Epoch 1, batch 435/463 ***
Training fitness: 0.9182124273033364
Model size: (15, 22)
Validation fitness: 0.9161333868425352 
Elapsed: 2.3881115913391113

*** Epoch 1, batch 436/463 ***
Training fitness: 0.9001161440185831
Model size: (14, 16)
Validation fitness: 0.9036323654230389 
Elapsed: 2.3643219470977783

*** Epoch 1, batch 437/463 ***
Training fitness: 0.962105907560453
Model size: (5, 11)
Validation fitness: 0.9344159171863825 !!!
Elapsed: 2.417362928390503

*** Epoch 1, batch 438/463 ***
Training fitness: 0.9320477502295683
Model size: (5, 11)
Validation fitness: 0.9344159171863825 
Elapsed: 2.5177981853485107

*** Epoch 1, batch 439/463 ***
Training fitness: 0.920138888888889
Model size: (5, 11)
Validation fitness: 0.9344159171863825 
Elapsed: 2.5299007892608643

*** Epoch 1, batch 440/463 ***
Training fitness: 0.9588307315580042
Model size: (5, 11)
Validation fitness: 0.9344159171863825 
Elapsed: 2.4532628059387207

*** Epoch 1, batch 441/463 ***
Training fitness: 0.9508221773947063
Model size: (5, 11)
Validation fitness: 0.9344159171863825 
Elapsed: 2.4484052658081055

*** Epoch 1, batch 442/463 ***
Training fitness: 0.9261852124785065
Model size: (6, 14)
Validation fitness: 0.9305462749160458 
Elapsed: 2.431208610534668

*** Epoch 1, batch 443/463 ***
Training fitness: 0.9305418719211823
Model size: (6, 14)
Validation fitness: 0.9305462749160458 
Elapsed: 2.469022274017334

*** Epoch 1, batch 444/463 ***
Training fitness: 0.9107616404563676
Model size: (5, 11)
Validation fitness: 0.9344159171863825 
Elapsed: 2.381802797317505

*** Epoch 1, batch 445/463 ***
Training fitness: 0.9025405570860117
Model size: (5, 11)
Validation fitness: 0.9344159171863825 
Elapsed: 2.3910748958587646

*** Epoch 1, batch 446/463 ***
Training fitness: 0.9296875
Model size: (5, 11)
Validation fitness: 0.9344159171863825 
Elapsed: 2.533021926879883

*** Epoch 1, batch 447/463 ***
Training fitness: 0.9553846153846154
Model size: (5, 11)
Validation fitness: 0.9344159171863825 
Elapsed: 2.5856773853302

*** Epoch 1, batch 448/463 ***
Training fitness: 0.9226600985221673
Model size: (11, 15)
Validation fitness: 0.9088183208829984 
Elapsed: 2.5496559143066406

*** Epoch 1, batch 449/463 ***
Training fitness: 0.9262345113837515
Model size: (10, 19)
Validation fitness: 0.9007746423494142 
Elapsed: 2.5466980934143066

*** Epoch 1, batch 450/463 ***
Training fitness: 0.9250672865182286
Model size: (11, 15)
Validation fitness: 0.9088183208829984 
Elapsed: 2.5478310585021973

*** Epoch 1, batch 451/463 ***
Training fitness: 0.9247549019607844
Model size: (11, 15)
Validation fitness: 0.8944908805910087 
Elapsed: 2.5292017459869385

*** Epoch 1, batch 452/463 ***
Training fitness: 0.9364018334606569
Model size: (11, 15)
Validation fitness: 0.9088183208829984 
Elapsed: 2.4531054496765137

*** Epoch 1, batch 453/463 ***
Training fitness: 0.8978138049619258
Model size: (11, 15)
Validation fitness: 0.9088183208829984 
Elapsed: 2.605497360229492

*** Epoch 1, batch 454/463 ***
Training fitness: 0.936883991429446
Model size: (14, 20)
Validation fitness: 0.9043030975589611 
Elapsed: 2.227308750152588

*** Epoch 1, batch 455/463 ***
Training fitness: 0.9146684609738195
Model size: (11, 20)
Validation fitness: 0.9011447147142397 
Elapsed: 2.3589260578155518

*** Epoch 1, batch 456/463 ***
Training fitness: 0.9204433497536946
Model size: (13, 17)
Validation fitness: 0.9022392810261114 
Elapsed: 2.1068389415740967

*** Epoch 1, batch 457/463 ***
Training fitness: 0.897924297924298
Model size: (8, 15)
Validation fitness: 0.9018704167918729 
Elapsed: 2.1779558658599854

*** Epoch 1, batch 458/463 ***
Training fitness: 0.9139194139194139
Model size: (8, 15)
Validation fitness: 0.9018704167918729 
Elapsed: 2.213590621948242

*** Epoch 1, batch 459/463 ***
Training fitness: 0.9149509803921568
Model size: (12, 21)
Validation fitness: 0.9038433489555602 
Elapsed: 2.356586456298828

*** Epoch 1, batch 460/463 ***
Training fitness: 0.9516926118112182
Model size: (7, 14)
Validation fitness: 0.9070035439961621 
Elapsed: 2.6166799068450928

*** Epoch 1, batch 461/463 ***
Training fitness: 0.9218091924555941
Model size: (9, 17)
Validation fitness: 0.9146490336712584 
Elapsed: 2.2659459114074707

*** Epoch 1, batch 462/463 ***
Training fitness: 0.9399926596525569
Model size: (7, 14)
Validation fitness: 0.9070035439961621 
Elapsed: 2.5062239170074463

*** Epoch 1, batch 463/463 ***
Training fitness: 0.9347826086956522
Model size: (12, 21)
Validation fitness: 0.9038433489555602 
Elapsed: 1.1353228092193604

Total train time: 1147.6339046955109
Test time: 0.301835298538208
Test fitness: 0.9352454894356221
Test statistics: Stats(total=14791, total_true=7078, total_false=7713, true_positive=6388, true_negative=7466, false_positive=247, false_negative=690, tpr=0.9025148346990676, tnr=0.9679761441721768, ppv=0.9627731725697061, npv=0.9153997057381069, accuracy=0.9366506659455074, f1=0.9316706774593452, mcc=0.8743234918817785)
