#!/usr/bin/env python3

import numpy
import ne
import os
import tee
import tempfile

def run_test(test_dataset, test_selector, test_fitness):
    DATASET     = test_dataset
    SELECTOR    = test_selector
    FITNESS     = test_fitness
    NUM_CHUNKS  = 1
    EPOCHS      = 64 * NUM_CHUNKS
    CONFIG_FILE = ne.neat.create_config_file(num_inputs=SELECTOR.n_features)
    MODEL_TYPE  = ne.neat.FeedForward    
    EXECUTOR    = ne.execute.MultiProcess(32)
    THRESH      = lambda x: x > 0.5
        
    log_dir = os.path.join('results', 'fitness_functions', FITNESS.__name__, DATASET.name())
    os.makedirs(log_dir, exist_ok=True)
    with tee.StdoutTee(os.path.join(log_dir, 'output.log'), buff=1):
        ne.util.dump(__file__)

        split = DATASET.data(selector=SELECTOR, save=False, cache=False)
        model = ne.neat.run(
                    epochs=EPOCHS,
                    split_data=split,
                    num_chunks=NUM_CHUNKS,
                    model_type=MODEL_TYPE,
                    fitness=FITNESS(THRESH),
                    config_file=CONFIG_FILE,
                    log_dir=log_dir,
                    executor=EXECUTOR,
                    thresh=THRESH,
                    verbose=True)
        model.save(os.path.join(log_dir, 'model.pkl'))
        stats = ne.stats.compute_statistics(THRESH, split.test.ys, model.predict(split.test.xs))
        print('Test statistics: ', stats)

if __name__ == '__main__':
    dataset_pairs = [
        (ne.data.nsl_kdd.dataset,  ne.data.PCA(12)),
    ]

    fitness_funcs = [
        ne.fitness.accuracy,
        ne.fitness.f1,
        ne.fitness.mcc,
        ne.fitness.zero_sum
    ]

    for p in dataset_pairs:
        for f in fitness_funcs:
            run_test(*p, f)



 ****** Running generation 0 ****** 

Population's average fitness: 0.43647 stdev: 0.21184
Best fitness: 0.81803 - size: (1, 12) - species 1 - id 84
Validation fitness: 0.8223867526470823
Average adjusted fitness: 0.409
Mean genetic distance 1.056, standard deviation 0.389
Population of 128 members in 1 species
Total extinctions: 0
Generation time: 22.004 sec

 ****** Running generation 1 ****** 

Population's average fitness: 0.63274 stdev: 0.18897
Best fitness: 0.87799 - size: (1, 11) - species 1 - id 241
Validation fitness: 0.8787033346618839
Average adjusted fitness: 0.633
Mean genetic distance 1.231, standard deviation 0.439
Population of 128 members in 1 species
Total extinctions: 0
Generation time: 21.520 sec (21.762 average)

 ****** Running generation 2 ****** 

Population's average fitness: 0.70429 stdev: 0.21236
Best fitness: 0.88015 - size: (1, 12) - species 1 - id 273
Validation fitness: 0.8805105259297293
Average adjusted fitness: 0.704
Mean genetic distance 1.295, standard deviation 0.374
Population of 128 members in 1 species
Total extinctions: 0
Generation time: 21.999 sec (21.841 average)

 ****** Running generation 3 ****** 

Population's average fitness: 0.74594 stdev: 0.17914
Best fitness: 0.90030 - size: (1, 12) - species 1 - id 490
Validation fitness: 0.902086230876217
Average adjusted fitness: 0.746
Mean genetic distance 1.271, standard deviation 0.347
Population of 128 members in 1 species
Total extinctions: 0
Generation time: 21.638 sec (21.790 average)

 ****** Running generation 4 ****** 

Population's average fitness: 0.78389 stdev: 0.16040
Best fitness: 0.90030 - size: (1, 12) - species 1 - id 490
Validation fitness: 0.902086230876217
Average adjusted fitness: 0.784
Mean genetic distance 1.263, standard deviation 0.401
Population of 128 members in 1 species
Total extinctions: 0
Generation time: 21.438 sec (21.720 average)

 ****** Running generation 5 ****** 

Population's average fitness: 0.78292 stdev: 0.17848
Best fitness: 0.90430 - size: (1, 9) - species 1 - id 707
Validation fitness: 0.9060483585052825
Average adjusted fitness: 0.783
Mean genetic distance 1.259, standard deviation 0.431
Population of 128 members in 1 species
Total extinctions: 0
Generation time: 21.254 sec (21.642 average)

 ****** Running generation 6 ****** 

Population's average fitness: 0.78707 stdev: 0.17214
Best fitness: 0.90992 - size: (1, 8) - species 1 - id 803
Validation fitness: 0.9129499895956162
Average adjusted fitness: 0.584
Mean genetic distance 1.357, standard deviation 0.422
Population of 128 members in 1 species
Total extinctions: 0
Generation time: 21.001 sec (21.551 average)

 ****** Running generation 7 ****** 

Population's average fitness: 0.78558 stdev: 0.17584
Best fitness: 0.90992 - size: (1, 8) - species 1 - id 803
Validation fitness: 0.9129499895956162
Average adjusted fitness: 0.549
Mean genetic distance 1.251, standard deviation 0.375
Population of 128 members in 1 species
Total extinctions: 0
Generation time: 21.263 sec (21.515 average)

 ****** Running generation 8 ****** 

Population's average fitness: 0.81429 stdev: 0.15387
Best fitness: 0.91117 - size: (1, 7) - species 1 - id 1109
Validation fitness: 0.9129298778334863
Average adjusted fitness: 0.648
Mean genetic distance 1.369, standard deviation 0.367
Population of 128 members in 1 species
Total extinctions: 0
Generation time: 20.227 sec (21.372 average)

 ****** Running generation 9 ****** 

Population's average fitness: 0.79675 stdev: 0.16838
Best fitness: 0.91125 - size: (1, 7) - species 1 - id 1162
Validation fitness: 0.9116732617297908
Average adjusted fitness: 0.591
Mean genetic distance 1.463, standard deviation 0.373
Population of 128 members in 1 species
Total extinctions: 0
Generation time: 20.979 sec (21.332 average)

 ****** Running generation 10 ****** 

Population's average fitness: 0.83773 stdev: 0.12222
Best fitness: 0.91465 - size: (1, 7) - species 1 - id 1293
Validation fitness: 0.9160174397827174
Average adjusted fitness: 0.713
Mean genetic distance 1.485, standard deviation 0.393
Population of 128 members in 1 species
Total extinctions: 0
Generation time: 20.575 sec (21.190 average)

 ****** Running generation 11 ****** 

Population's average fitness: 0.78268 stdev: 0.19523
Best fitness: 0.91465 - size: (1, 7) - species 1 - id 1293
Validation fitness: 0.9160174397827174
Average adjusted fitness: 0.783
Mean genetic distance 1.575, standard deviation 0.371
Population of 128 members in 1 species
Total extinctions: 0
Generation time: 20.831 sec (21.121 average)

 ****** Running generation 12 ****** 

Population's average fitness: 0.80911 stdev: 0.16994
Best fitness: 0.91465 - size: (1, 7) - species 1 - id 1293
Validation fitness: 0.9160174397827174
Average adjusted fitness: 0.568
Mean genetic distance 1.692, standard deviation 0.420
Population of 128 members in 1 species
Total extinctions: 0
Generation time: 20.054 sec (20.926 average)

 ****** Running generation 13 ****** 

Population's average fitness: 0.79488 stdev: 0.20311
Best fitness: 0.91465 - size: (1, 7) - species 1 - id 1293
Validation fitness: 0.9160174397827174
Average adjusted fitness: 0.795
Mean genetic distance 1.798, standard deviation 0.408
Population of 128 members in 1 species
Total extinctions: 0
Generation time: 19.679 sec (20.730 average)

 ****** Running generation 14 ****** 

Population's average fitness: 0.79976 stdev: 0.17751
Best fitness: 0.91465 - size: (1, 7) - species 1 - id 1293
Validation fitness: 0.9160174397827174
Average adjusted fitness: 0.554
Mean genetic distance 1.727, standard deviation 0.465
Population of 128 members in 1 species
Total extinctions: 0
Generation time: 19.724 sec (20.559 average)

 ****** Running generation 15 ****** 

Population's average fitness: 0.82366 stdev: 0.16819
Best fitness: 0.91465 - size: (1, 7) - species 1 - id 1293
Validation fitness: 0.9160174397827174
Average adjusted fitness: 0.824
Mean genetic distance 1.716, standard deviation 0.511
Population of 128 members in 2 species
Total extinctions: 0
Generation time: 19.770 sec (20.410 average)

 ****** Running generation 16 ****** 

Population's average fitness: 0.80668 stdev: 0.18839
Best fitness: 0.91465 - size: (1, 7) - species 1 - id 1293
Validation fitness: 0.9160174397827174
Average adjusted fitness: 0.635
Mean genetic distance 1.943, standard deviation 0.567
Population of 128 members in 2 species
Total extinctions: 0
Generation time: 20.482 sec (20.358 average)

 ****** Running generation 17 ****** 

Population's average fitness: 0.79789 stdev: 0.17823
Best fitness: 0.91465 - size: (1, 7) - species 2 - id 1293
Validation fitness: 0.9160174397827174
Average adjusted fitness: 0.572
Mean genetic distance 1.807, standard deviation 0.501
Population of 128 members in 2 species
Total extinctions: 0
Generation time: 20.645 sec (20.297 average)

 ****** Running generation 18 ****** 

Population's average fitness: 0.81901 stdev: 0.17568
Best fitness: 0.91465 - size: (1, 7) - species 2 - id 1293
Validation fitness: 0.9160174397827174
Average adjusted fitness: 0.557
Mean genetic distance 1.687, standard deviation 0.511
Population of 128 members in 2 species
Total extinctions: 0
Generation time: 20.696 sec (20.344 average)

 ****** Running generation 19 ****** 

Population's average fitness: 0.80194 stdev: 0.20105
Best fitness: 0.91465 - size: (1, 7) - species 2 - id 1293
Validation fitness: 0.9160174397827174
Average adjusted fitness: 0.803
Mean genetic distance 1.664, standard deviation 0.445
Population of 128 members in 2 species
Total extinctions: 0
Generation time: 21.380 sec (20.384 average)

 ****** Running generation 20 ****** 

Population's average fitness: 0.74226 stdev: 0.27280
Best fitness: 0.91531 - size: (2, 7) - species 1 - id 2548
Validation fitness: 0.9160565782927003
Average adjusted fitness: 0.741
Mean genetic distance 1.714, standard deviation 0.442
Population of 128 members in 2 species
Total extinctions: 0
Generation time: 20.768 sec (20.403 average)

 ****** Running generation 21 ****** 

Population's average fitness: 0.80832 stdev: 0.19361
Best fitness: 0.91531 - size: (2, 7) - species 1 - id 2548
Validation fitness: 0.9160565782927003
Average adjusted fitness: 0.808
Mean genetic distance 1.704, standard deviation 0.447
Population of 128 members in 2 species
Total extinctions: 0
Generation time: 20.067 sec (20.327 average)

 ****** Running generation 22 ****** 

Population's average fitness: 0.76618 stdev: 0.23789
Best fitness: 0.91531 - size: (2, 7) - species 1 - id 2548
Validation fitness: 0.9160565782927003
Average adjusted fitness: 0.764
Mean genetic distance 1.851, standard deviation 0.544
Population of 128 members in 3 species
Total extinctions: 0
Generation time: 19.269 sec (20.248 average)

 ****** Running generation 23 ****** 

Population's average fitness: 0.72753 stdev: 0.28142
Best fitness: 0.91557 - size: (1, 7) - species 2 - id 2906
Validation fitness: 0.9141122035858879
Average adjusted fitness: 0.694
Mean genetic distance 2.214, standard deviation 0.890
Population of 128 members in 3 species
Total extinctions: 0
Generation time: 19.210 sec (20.201 average)

 ****** Running generation 24 ****** 

Population's average fitness: 0.78569 stdev: 0.18446
Best fitness: 0.91557 - size: (1, 7) - species 2 - id 2906
Validation fitness: 0.9141122035858879
Average adjusted fitness: 0.503
Mean genetic distance 2.363, standard deviation 0.882
Population of 128 members in 3 species
Total extinctions: 0
Generation time: 19.260 sec (20.155 average)

 ****** Running generation 25 ****** 

Population's average fitness: 0.74509 stdev: 0.22626
Best fitness: 0.91557 - size: (1, 7) - species 2 - id 2906
Validation fitness: 0.9141122035858879
Average adjusted fitness: 0.719
Mean genetic distance 2.473, standard deviation 0.970
Population of 127 members in 3 species
Total extinctions: 0
Generation time: 19.361 sec (20.114 average)

 ****** Running generation 26 ****** 

Population's average fitness: 0.75946 stdev: 0.20379
Best fitness: 0.91557 - size: (1, 7) - species 2 - id 2906
Validation fitness: 0.9141122035858879
Average adjusted fitness: 0.752
Mean genetic distance 2.463, standard deviation 1.069
Population of 127 members in 3 species
Total extinctions: 0
Generation time: 19.503 sec (20.016 average)

 ****** Running generation 27 ****** 

Population's average fitness: 0.74873 stdev: 0.22262
Best fitness: 0.91622 - size: (1, 7) - species 2 - id 3493
Validation fitness: 0.9171696603883354
Average adjusted fitness: 0.743
Mean genetic distance 2.431, standard deviation 1.072
Population of 128 members in 3 species
Total extinctions: 0
Generation time: 19.927 sec (19.944 average)

 ****** Running generation 28 ****** 

Population's average fitness: 0.76596 stdev: 0.20411
Best fitness: 0.91622 - size: (1, 7) - species 2 - id 3493
Validation fitness: 0.9171696603883354
Average adjusted fitness: 0.759
Mean genetic distance 2.309, standard deviation 0.986
Population of 129 members in 3 species
Total extinctions: 0
Generation time: 19.439 sec (19.819 average)

 ****** Running generation 29 ****** 

Population's average fitness: 0.73166 stdev: 0.22928
Best fitness: 0.91622 - size: (1, 7) - species 2 - id 3493
Validation fitness: 0.9171696603883354
Average adjusted fitness: 0.611
Mean genetic distance 2.316, standard deviation 0.958
Population of 128 members in 3 species
Total extinctions: 0
Generation time: 20.798 sec (19.760 average)

 ****** Running generation 30 ****** 

Population's average fitness: 0.73900 stdev: 0.23070
Best fitness: 0.91622 - size: (1, 7) - species 2 - id 3493
Validation fitness: 0.9171696603883354
Average adjusted fitness: 0.587
Mean genetic distance 2.248, standard deviation 0.854
Population of 128 members in 3 species
Total extinctions: 0
Generation time: 20.399 sec (19.723 average)

 ****** Running generation 31 ****** 

Population's average fitness: 0.73452 stdev: 0.23645
Best fitness: 0.91622 - size: (1, 7) - species 2 - id 3493
Validation fitness: 0.9171696603883354
Average adjusted fitness: 0.728
Mean genetic distance 2.269, standard deviation 0.885
Population of 127 members in 3 species
Total extinctions: 0
Generation time: 19.565 sec (19.673 average)

 ****** Running generation 32 ****** 

Population's average fitness: 0.73491 stdev: 0.25380
Best fitness: 0.92026 - size: (1, 6) - species 1 - id 4053
Validation fitness: 0.9205910182691608
Average adjusted fitness: 0.709
Mean genetic distance 2.280, standard deviation 0.965
Population of 128 members in 3 species
Total extinctions: 0
Generation time: 19.716 sec (19.718 average)

 ****** Running generation 33 ****** 

Population's average fitness: 0.76282 stdev: 0.23408
Best fitness: 0.92026 - size: (1, 6) - species 1 - id 4053
Validation fitness: 0.9205910182691608
Average adjusted fitness: 0.754
Mean genetic distance 2.289, standard deviation 0.937
Population of 128 members in 3 species
Total extinctions: 0
Generation time: 20.095 sec (19.806 average)

 ****** Running generation 34 ****** 

Population's average fitness: 0.80538 stdev: 0.18995
Best fitness: 0.92026 - size: (1, 6) - species 1 - id 4053
Validation fitness: 0.9205910182691608
Average adjusted fitness: 0.608
Mean genetic distance 2.200, standard deviation 0.866
Population of 128 members in 3 species
Total extinctions: 0
Generation time: 19.212 sec (19.801 average)

 ****** Running generation 35 ****** 

Population's average fitness: 0.82004 stdev: 0.18123
Best fitness: 0.92026 - size: (1, 6) - species 1 - id 4053
Validation fitness: 0.9205910182691608
Average adjusted fitness: 0.819
Mean genetic distance 2.205, standard deviation 0.844
Population of 128 members in 3 species
Total extinctions: 0
Generation time: 19.374 sec (19.803 average)

 ****** Running generation 36 ****** 

Population's average fitness: 0.74036 stdev: 0.25686
Best fitness: 0.92026 - size: (1, 6) - species 1 - id 4053
Validation fitness: 0.9205910182691608
Average adjusted fitness: 0.746
Mean genetic distance 2.157, standard deviation 0.771
Population of 128 members in 3 species
Total extinctions: 0
Generation time: 19.590 sec (19.812 average)

 ****** Running generation 37 ****** 

Population's average fitness: 0.81217 stdev: 0.18905
Best fitness: 0.92026 - size: (1, 6) - species 1 - id 4053
Validation fitness: 0.9205910182691608
Average adjusted fitness: 0.812
Mean genetic distance 2.179, standard deviation 0.717
Population of 127 members in 3 species
Total extinctions: 0
Generation time: 20.280 sec (19.847 average)

 ****** Running generation 38 ****** 

Population's average fitness: 0.72626 stdev: 0.26536
Best fitness: 0.92026 - size: (1, 6) - species 2 - id 4053
Validation fitness: 0.9205910182691608
Average adjusted fitness: 0.727
Mean genetic distance 2.021, standard deviation 0.624
Population of 127 members in 3 species
Total extinctions: 0
Generation time: 19.356 sec (19.838 average)

 ****** Running generation 39 ****** 

Population's average fitness: 0.79977 stdev: 0.20322
Best fitness: 0.92026 - size: (1, 6) - species 2 - id 4053
Validation fitness: 0.9205910182691608
Average adjusted fitness: 0.800
Mean genetic distance 2.024, standard deviation 0.604
Population of 128 members in 3 species
Total extinctions: 0
Generation time: 18.616 sec (19.620 average)

 ****** Running generation 40 ****** 

Population's average fitness: 0.82680 stdev: 0.17752
Best fitness: 0.92026 - size: (1, 6) - species 2 - id 4053
Validation fitness: 0.9205910182691608
Average adjusted fitness: 0.831
Mean genetic distance 2.057, standard deviation 0.633
Population of 128 members in 3 species
Total extinctions: 0
Generation time: 19.442 sec (19.525 average)

 ****** Running generation 41 ****** 

Population's average fitness: 0.80199 stdev: 0.20831
Best fitness: 0.92026 - size: (1, 6) - species 2 - id 4053
Validation fitness: 0.9205910182691608
Average adjusted fitness: 0.809
Mean genetic distance 1.978, standard deviation 0.627
Population of 128 members in 3 species
Total extinctions: 0
Generation time: 19.848 sec (19.553 average)

 ****** Running generation 42 ****** 

Population's average fitness: 0.79983 stdev: 0.22266
Best fitness: 0.92026 - size: (1, 6) - species 1 - id 4053
Validation fitness: 0.9205910182691608
Average adjusted fitness: 0.807
Mean genetic distance 1.857, standard deviation 0.520
Population of 128 members in 3 species
Total extinctions: 0
Generation time: 19.618 sec (19.543 average)

 ****** Running generation 43 ****** 

Population's average fitness: 0.77843 stdev: 0.22524
Best fitness: 0.92026 - size: (1, 6) - species 2 - id 4053
Validation fitness: 0.9205910182691608
Average adjusted fitness: 0.776
Mean genetic distance 1.660, standard deviation 0.502
Population of 127 members in 3 species
Total extinctions: 0
Generation time: 19.314 sec (19.465 average)

 ****** Running generation 44 ****** 

Population's average fitness: 0.79188 stdev: 0.20832
Best fitness: 0.92026 - size: (1, 6) - species 2 - id 4053
Validation fitness: 0.9205910182691608
Average adjusted fitness: 0.610
Mean genetic distance 1.694, standard deviation 0.508
Population of 128 members in 3 species
Total extinctions: 0
Generation time: 19.179 sec (19.462 average)

 ****** Running generation 45 ****** 

Population's average fitness: 0.82276 stdev: 0.19379
Best fitness: 0.92026 - size: (1, 6) - species 2 - id 4053
Validation fitness: 0.9205910182691608
Average adjusted fitness: 0.821
Mean genetic distance 1.816, standard deviation 0.562
Population of 127 members in 3 species
Total extinctions: 0
Generation time: 19.099 sec (19.434 average)

 ****** Running generation 46 ****** 

Population's average fitness: 0.80184 stdev: 0.20984
Best fitness: 0.92026 - size: (1, 6) - species 2 - id 4053
Validation fitness: 0.9205910182691608
Average adjusted fitness: 0.799
Mean genetic distance 1.902, standard deviation 0.518
Population of 128 members in 4 species
Total extinctions: 0
Generation time: 18.448 sec (19.320 average)

 ****** Running generation 47 ****** 

Population's average fitness: 0.74456 stdev: 0.26103
Best fitness: 0.92026 - size: (1, 6) - species 4 - id 4053
Validation fitness: 0.9205910182691608
Average adjusted fitness: 0.737
Mean genetic distance 2.055, standard deviation 0.622
Population of 128 members in 4 species
Total extinctions: 0
Generation time: 19.305 sec (19.223 average)

 ****** Running generation 48 ****** 

Population's average fitness: 0.79290 stdev: 0.21614
Best fitness: 0.92026 - size: (1, 6) - species 4 - id 4053
Validation fitness: 0.9205910182691608
Average adjusted fitness: 0.780
Mean genetic distance 1.878, standard deviation 0.516
Population of 129 members in 4 species
Total extinctions: 0
Generation time: 19.264 sec (19.213 average)

 ****** Running generation 49 ****** 

Population's average fitness: 0.79151 stdev: 0.21263
Best fitness: 0.92026 - size: (1, 6) - species 4 - id 4053
Validation fitness: 0.9205910182691608
Average adjusted fitness: 0.560
Mean genetic distance 1.776, standard deviation 0.498
Population of 128 members in 4 species
Total extinctions: 0
Generation time: 20.325 sec (19.384 average)

 ****** Running generation 50 ****** 

Population's average fitness: 0.81492 stdev: 0.20471
Best fitness: 0.92026 - size: (1, 6) - species 4 - id 4053
Validation fitness: 0.9205910182691608
Average adjusted fitness: 0.815
Mean genetic distance 1.770, standard deviation 0.511
Population of 128 members in 4 species
Total extinctions: 0
Generation time: 18.982 sec (19.338 average)

 ****** Running generation 51 ****** 

Population's average fitness: 0.82551 stdev: 0.19575
Best fitness: 0.92026 - size: (1, 6) - species 4 - id 4053
Validation fitness: 0.9205910182691608
Average adjusted fitness: 0.822
Mean genetic distance 1.778, standard deviation 0.517
Population of 127 members in 4 species
Total extinctions: 0
Generation time: 18.681 sec (19.221 average)

 ****** Running generation 52 ****** 

Population's average fitness: 0.78986 stdev: 0.22626
Best fitness: 0.92026 - size: (1, 6) - species 4 - id 4053
Validation fitness: 0.9205910182691608
Average adjusted fitness: 0.675
Mean genetic distance 1.704, standard deviation 0.532
Population of 128 members in 4 species
Total extinctions: 0
Generation time: 19.695 sec (19.229 average)

 ****** Running generation 53 ****** 

Population's average fitness: 0.76225 stdev: 0.25328
Best fitness: 0.92026 - size: (1, 6) - species 4 - id 4053
Validation fitness: 0.9205910182691608
Average adjusted fitness: 0.758
Mean genetic distance 1.816, standard deviation 0.547
Population of 128 members in 4 species
Total extinctions: 0
Generation time: 19.015 sec (19.199 average)

 ****** Running generation 54 ****** 

Population's average fitness: 0.79052 stdev: 0.22911
Best fitness: 0.92026 - size: (1, 6) - species 4 - id 4053
Validation fitness: 0.9205910182691608
Average adjusted fitness: 0.789
Mean genetic distance 1.765, standard deviation 0.536
Population of 129 members in 4 species
Total extinctions: 0
Generation time: 19.205 sec (19.202 average)

 ****** Running generation 55 ****** 

Population's average fitness: 0.78007 stdev: 0.22709
Best fitness: 0.92026 - size: (1, 6) - species 4 - id 4053
Validation fitness: 0.9205910182691608
Average adjusted fitness: 0.753
Mean genetic distance 1.753, standard deviation 0.511
Population of 128 members in 4 species
Total extinctions: 0
Generation time: 20.575 sec (19.349 average)

 ****** Running generation 56 ****** 

Population's average fitness: 0.82441 stdev: 0.18749
Best fitness: 0.92026 - size: (1, 6) - species 4 - id 4053
Validation fitness: 0.9205910182691608
Average adjusted fitness: 0.747
Mean genetic distance 1.789, standard deviation 0.541
Population of 129 members in 4 species
Total extinctions: 0
Generation time: 19.481 sec (19.453 average)

 ****** Running generation 57 ****** 

Population's average fitness: 0.79880 stdev: 0.21299
Best fitness: 0.92026 - size: (1, 6) - species 4 - id 4053
Validation fitness: 0.9205910182691608
Average adjusted fitness: 0.680
Mean genetic distance 1.779, standard deviation 0.505
Population of 129 members in 4 species
Total extinctions: 0
Generation time: 20.432 sec (19.565 average)

 ****** Running generation 58 ****** 

Population's average fitness: 0.79642 stdev: 0.21704
Best fitness: 0.92026 - size: (1, 6) - species 4 - id 4053
Validation fitness: 0.9205910182691608
Average adjusted fitness: 0.725
Mean genetic distance 1.755, standard deviation 0.550
Population of 127 members in 3 species
Total extinctions: 0
Generation time: 21.177 sec (19.757 average)

 ****** Running generation 59 ****** 

Population's average fitness: 0.78939 stdev: 0.22410
Best fitness: 0.92026 - size: (1, 6) - species 4 - id 4053
Validation fitness: 0.9205910182691608
Average adjusted fitness: 0.799
Mean genetic distance 1.760, standard deviation 0.519
Population of 128 members in 3 species
Total extinctions: 0
Generation time: 19.896 sec (19.714 average)

 ****** Running generation 60 ****** 

Population's average fitness: 0.79733 stdev: 0.21990
Best fitness: 0.92026 - size: (1, 6) - species 4 - id 4053
Validation fitness: 0.9205910182691608
Average adjusted fitness: 0.745
Mean genetic distance 1.880, standard deviation 0.625
Population of 128 members in 3 species
Total extinctions: 0
Generation time: 19.648 sec (19.780 average)

 ****** Running generation 61 ****** 

Population's average fitness: 0.76753 stdev: 0.24391
Best fitness: 0.92026 - size: (1, 6) - species 4 - id 4053
Validation fitness: 0.9205910182691608
Average adjusted fitness: 0.767
Mean genetic distance 1.889, standard deviation 0.575
Population of 127 members in 3 species
Total extinctions: 0
Generation time: 19.075 sec (19.820 average)

 ****** Running generation 62 ****** 

Population's average fitness: 0.83898 stdev: 0.15491
Best fitness: 0.92026 - size: (1, 6) - species 4 - id 4053
Validation fitness: 0.9205910182691608
Average adjusted fitness: 0.615
Mean genetic distance 1.820, standard deviation 0.538
Population of 129 members in 3 species
Total extinctions: 0
Generation time: 19.246 sec (19.775 average)

 ****** Running generation 63 ****** 

Population's average fitness: 0.76987 stdev: 0.23713
Best fitness: 0.92026 - size: (1, 6) - species 4 - id 4053
Validation fitness: 0.9205910182691608
Average adjusted fitness: 0.548
Mean genetic distance 1.761, standard deviation 0.510
Population of 128 members in 3 species
Total extinctions: 0
Generation time: 21.277 sec (20.001 average)
Test statistics:  Stats(total=14791, total_true=7078, total_false=7713, true_positive=6271, true_negative=7450, false_positive=263, false_negative=807, tpr=0.8859847414523877, tnr=0.9659017243614677, ppv=0.9597490052035507, npv=0.9022647450647935, accuracy=0.9276587113785411, f1=0.9213928886276814, mcc=0.8569351476039754)
