Configuration:
Dataset: nsl_kdd
Selector: pca
Fold: 2
Fitness: inverse_binary_crossentropy
Batch size: 256
Epochs: 1
Config args: {}
*** Epoch 1, batch 1/520 ***
Training fitness: 0.4558064488326026
Model size: (1, 12)
Validation fitness: 0.40118444850561563 !!!
Elapsed: 1.4106922149658203

*** Epoch 1, batch 2/520 ***
Training fitness: 0.534866881064674
Model size: (1, 12)
Validation fitness: 0.40118444850561563 
Elapsed: 1.5001413822174072

*** Epoch 1, batch 3/520 ***
Training fitness: 0.4498435354008186
Model size: (2, 13)
Validation fitness: 0.4229454077958887 !!!
Elapsed: 1.6168861389160156

*** Epoch 1, batch 4/520 ***
Training fitness: 0.6207406440917267
Model size: (1, 9)
Validation fitness: 0.6034579621662156 !!!
Elapsed: 1.5670499801635742

*** Epoch 1, batch 5/520 ***
Training fitness: 0.5863634399373895
Model size: (1, 9)
Validation fitness: 0.5911841209267694 
Elapsed: 1.6760828495025635

*** Epoch 1, batch 6/520 ***
Training fitness: 0.6723679141513514
Model size: (1, 10)
Validation fitness: 0.5566654299572925 
Elapsed: 1.601940393447876

*** Epoch 1, batch 7/520 ***
Training fitness: 0.6421426113748538
Model size: (1, 9)
Validation fitness: 0.6034579621662156 
Elapsed: 1.5359351634979248

*** Epoch 1, batch 8/520 ***
Training fitness: 0.7274695142169947
Model size: (4, 13)
Validation fitness: 0.5573382334228691 
Elapsed: 1.6508195400238037

*** Epoch 1, batch 9/520 ***
Training fitness: 0.6185852434199776
Model size: (3, 10)
Validation fitness: 0.5852835973020523 
Elapsed: 1.6803228855133057

*** Epoch 1, batch 10/520 ***
Training fitness: 0.6743737629928346
Model size: (5, 13)
Validation fitness: 0.6823708855756155 !!!
Elapsed: 1.742478370666504

*** Epoch 1, batch 11/520 ***
Training fitness: 0.7039306844281544
Model size: (3, 8)
Validation fitness: 0.6689278920771494 
Elapsed: 1.677577018737793

*** Epoch 1, batch 12/520 ***
Training fitness: 0.614626139764728
Model size: (5, 13)
Validation fitness: 0.6823708855756155 
Elapsed: 1.7401831150054932

*** Epoch 1, batch 13/520 ***
Training fitness: 0.7414490541641764
Model size: (5, 13)
Validation fitness: 0.6823708855756155 
Elapsed: 1.726851224899292

*** Epoch 1, batch 14/520 ***
Training fitness: 0.7223735931462105
Model size: (1, 4)
Validation fitness: 0.6246525916889422 
Elapsed: 1.588947057723999

*** Epoch 1, batch 15/520 ***
Training fitness: 0.7748151215069342
Model size: (5, 13)
Validation fitness: 0.6823708855756155 
Elapsed: 2.05855655670166

*** Epoch 1, batch 16/520 ***
Training fitness: 0.7239064840131164
Model size: (2, 3)
Validation fitness: 0.688780007092003 !!!
Elapsed: 1.4953396320343018

*** Epoch 1, batch 17/520 ***
Training fitness: 0.7277260893614155
Model size: (3, 5)
Validation fitness: 0.7077471220521601 !!!
Elapsed: 1.5684757232666016

*** Epoch 1, batch 18/520 ***
Training fitness: 0.7291953643307484
Model size: (8, 18)
Validation fitness: 0.7008932927927863 
Elapsed: 1.8357460498809814

*** Epoch 1, batch 19/520 ***
Training fitness: 0.7688383332268277
Model size: (3, 4)
Validation fitness: 0.7453929680970777 !!!
Elapsed: 1.696749210357666

*** Epoch 1, batch 20/520 ***
Training fitness: 0.7797215537856468
Model size: (3, 5)
Validation fitness: 0.7426078302539105 
Elapsed: 1.7120449542999268

*** Epoch 1, batch 21/520 ***
Training fitness: 0.8372630766896451
Model size: (2, 3)
Validation fitness: 0.7695477492996189 !!!
Elapsed: 1.476743221282959

*** Epoch 1, batch 22/520 ***
Training fitness: 0.7883148450599697
Model size: (2, 3)
Validation fitness: 0.7695477492996189 
Elapsed: 1.399385690689087

*** Epoch 1, batch 23/520 ***
Training fitness: 0.7943549828711818
Model size: (2, 3)
Validation fitness: 0.7695477492996189 
Elapsed: 1.4344871044158936

*** Epoch 1, batch 24/520 ***
Training fitness: 0.7801586524816126
Model size: (2, 3)
Validation fitness: 0.7695477492996189 
Elapsed: 1.4933643341064453

*** Epoch 1, batch 25/520 ***
Training fitness: 0.7957068715041321
Model size: (2, 3)
Validation fitness: 0.7695477492996189 
Elapsed: 1.5829124450683594

*** Epoch 1, batch 26/520 ***
Training fitness: 0.7695104649879938
Model size: (2, 3)
Validation fitness: 0.7695477492996189 
Elapsed: 1.5040254592895508

*** Epoch 1, batch 27/520 ***
Training fitness: 0.7793975431210813
Model size: (2, 3)
Validation fitness: 0.7695477492996189 
Elapsed: 1.4484210014343262

*** Epoch 1, batch 28/520 ***
Training fitness: 0.7427336718255693
Model size: (1, 2)
Validation fitness: 0.7711916302770893 !!!
Elapsed: 1.4779796600341797

*** Epoch 1, batch 29/520 ***
Training fitness: 0.8086152212882697
Model size: (4, 7)
Validation fitness: 0.7422130440017993 
Elapsed: 1.4820444583892822

*** Epoch 1, batch 30/520 ***
Training fitness: 0.801001036382549
Model size: (2, 3)
Validation fitness: 0.7695477492996189 
Elapsed: 1.497413158416748

*** Epoch 1, batch 31/520 ***
Training fitness: 0.754202845546921
Model size: (2, 3)
Validation fitness: 0.7695477492996189 
Elapsed: 1.4965455532073975

*** Epoch 1, batch 32/520 ***
Training fitness: 0.8068365670097987
Model size: (6, 10)
Validation fitness: 0.7690951808639999 
Elapsed: 1.4876954555511475

*** Epoch 1, batch 33/520 ***
Training fitness: 0.8035770430013576
Model size: (6, 10)
Validation fitness: 0.7690951808639999 
Elapsed: 1.543468952178955

*** Epoch 1, batch 34/520 ***
Training fitness: 0.8019811539321935
Model size: (2, 3)
Validation fitness: 0.7695477492996189 
Elapsed: 1.5214135646820068

*** Epoch 1, batch 35/520 ***
Training fitness: 0.7959959247386542
Model size: (2, 3)
Validation fitness: 0.7695477492996189 
Elapsed: 1.6890223026275635

*** Epoch 1, batch 36/520 ***
Training fitness: 0.7726574846369453
Model size: (4, 9)
Validation fitness: 0.7231971101705138 
Elapsed: 1.613804578781128

*** Epoch 1, batch 37/520 ***
Training fitness: 0.7833103090675574
Model size: (6, 10)
Validation fitness: 0.7690951808639999 
Elapsed: 1.4595885276794434

*** Epoch 1, batch 38/520 ***
Training fitness: 0.7830640542128944
Model size: (7, 11)
Validation fitness: 0.7487584855658187 
Elapsed: 1.4998431205749512

*** Epoch 1, batch 39/520 ***
Training fitness: 0.7774537784985501
Model size: (1, 2)
Validation fitness: 0.7447998720070201 
Elapsed: 1.4448511600494385

*** Epoch 1, batch 40/520 ***
Training fitness: 0.7772639135753255
Model size: (4, 8)
Validation fitness: 0.7469708050551026 
Elapsed: 1.5513980388641357

*** Epoch 1, batch 41/520 ***
Training fitness: 0.789031470623668
Model size: (2, 4)
Validation fitness: 0.7630259857093575 
Elapsed: 1.4703514575958252

*** Epoch 1, batch 42/520 ***
Training fitness: 0.7738162000554109
Model size: (5, 10)
Validation fitness: 0.7337145503455476 
Elapsed: 1.5618031024932861

*** Epoch 1, batch 43/520 ***
Training fitness: 0.7576741904660973
Model size: (2, 3)
Validation fitness: 0.7278659117009626 
Elapsed: 1.4970178604125977

*** Epoch 1, batch 44/520 ***
Training fitness: 0.7589608897761252
Model size: (2, 4)
Validation fitness: 0.7354405947149933 
Elapsed: 1.4740350246429443

*** Epoch 1, batch 45/520 ***
Training fitness: 0.773734724831868
Model size: (2, 4)
Validation fitness: 0.7630259857093575 
Elapsed: 1.5895664691925049

*** Epoch 1, batch 46/520 ***
Training fitness: 0.7550699329903884
Model size: (2, 4)
Validation fitness: 0.7529401672101941 
Elapsed: 1.5712051391601562

*** Epoch 1, batch 47/520 ***
Training fitness: 0.7362855842221672
Model size: (2, 4)
Validation fitness: 0.7630259857093575 
Elapsed: 1.5430984497070312

*** Epoch 1, batch 48/520 ***
Training fitness: 0.7697244592640713
Model size: (2, 4)
Validation fitness: 0.7630259857093575 
Elapsed: 1.5176632404327393

*** Epoch 1, batch 49/520 ***
Training fitness: 0.7828430509818461
Model size: (4, 7)
Validation fitness: 0.6629076533334968 
Elapsed: 1.5576789379119873

*** Epoch 1, batch 50/520 ***
Training fitness: 0.840884333441262
Model size: (2, 4)
Validation fitness: 0.744458118281834 
Elapsed: 1.479705810546875

*** Epoch 1, batch 51/520 ***
Training fitness: 0.8062938554204657
Model size: (3, 5)
Validation fitness: 0.7303570301394215 
Elapsed: 1.4405162334442139

*** Epoch 1, batch 52/520 ***
Training fitness: 0.7568677901829705
Model size: (3, 5)
Validation fitness: 0.744906801272222 
Elapsed: 1.4227983951568604

*** Epoch 1, batch 53/520 ***
Training fitness: 0.7391370163415075
Model size: (3, 5)
Validation fitness: 0.7425310309451529 
Elapsed: 1.430469036102295

*** Epoch 1, batch 54/520 ***
Training fitness: 0.7843572777268947
Model size: (3, 6)
Validation fitness: 0.7500068071929623 
Elapsed: 1.3390090465545654

*** Epoch 1, batch 55/520 ***
Training fitness: 0.7843489987179728
Model size: (6, 10)
Validation fitness: 0.7624153288698323 
Elapsed: 1.4547979831695557

*** Epoch 1, batch 56/520 ***
Training fitness: 0.7524108402831801
Model size: (7, 10)
Validation fitness: 0.7255392521605469 
Elapsed: 1.439039945602417

*** Epoch 1, batch 57/520 ***
Training fitness: 0.7623285106054206
Model size: (6, 10)
Validation fitness: 0.7624153288698323 
Elapsed: 1.392209768295288

*** Epoch 1, batch 58/520 ***
Training fitness: 0.7776877922912153
Model size: (3, 5)
Validation fitness: 0.7538141108631755 
Elapsed: 1.3583354949951172

*** Epoch 1, batch 59/520 ***
Training fitness: 0.7547595503345289
Model size: (6, 10)
Validation fitness: 0.7624153288698323 
Elapsed: 1.392651081085205

*** Epoch 1, batch 60/520 ***
Training fitness: 0.7439695828705101
Model size: (2, 3)
Validation fitness: 0.7550581691893961 
Elapsed: 1.3127963542938232

*** Epoch 1, batch 61/520 ***
Training fitness: 0.7708738121622642
Model size: (5, 9)
Validation fitness: 0.7367273074250849 
Elapsed: 1.3230295181274414

*** Epoch 1, batch 62/520 ***
Training fitness: 0.7621748057252029
Model size: (6, 10)
Validation fitness: 0.7624153288698323 
Elapsed: 1.3648228645324707

*** Epoch 1, batch 63/520 ***
Training fitness: 0.7861819528965016
Model size: (3, 5)
Validation fitness: 0.7538141108631755 
Elapsed: 1.3573813438415527

*** Epoch 1, batch 64/520 ***
Training fitness: 0.7620275262579748
Model size: (3, 5)
Validation fitness: 0.7538141108631755 
Elapsed: 1.3457260131835938

*** Epoch 1, batch 65/520 ***
Training fitness: 0.7330156370807432
Model size: (5, 9)
Validation fitness: 0.7367273074250849 
Elapsed: 1.448030710220337

*** Epoch 1, batch 66/520 ***
Training fitness: 0.7774074044684152
Model size: (6, 10)
Validation fitness: 0.7624153288698323 
Elapsed: 1.392932415008545

*** Epoch 1, batch 67/520 ***
Training fitness: 0.7772745834488909
Model size: (2, 3)
Validation fitness: 0.7525468205158491 
Elapsed: 1.3925905227661133

*** Epoch 1, batch 68/520 ***
Training fitness: 0.8079228107884758
Model size: (6, 10)
Validation fitness: 0.7624153288698323 
Elapsed: 1.4069156646728516

*** Epoch 1, batch 69/520 ***
Training fitness: 0.7866580850698958
Model size: (3, 5)
Validation fitness: 0.7453999132346172 
Elapsed: 1.4204657077789307

*** Epoch 1, batch 70/520 ***
Training fitness: 0.7554531269360422
Model size: (5, 8)
Validation fitness: 0.7423830608985373 
Elapsed: 1.395317792892456

*** Epoch 1, batch 71/520 ***
Training fitness: 0.758518843549389
Model size: (1, 2)
Validation fitness: 0.7585639214477511 
Elapsed: 1.3461692333221436

*** Epoch 1, batch 72/520 ***
Training fitness: 0.7518717082724985
Model size: (1, 2)
Validation fitness: 0.7585639214477511 
Elapsed: 1.3633406162261963

*** Epoch 1, batch 73/520 ***
Training fitness: 0.7737789407603946
Model size: (5, 8)
Validation fitness: 0.7423830608985373 
Elapsed: 1.4346342086791992

*** Epoch 1, batch 74/520 ***
Training fitness: 0.7311243362486229
Model size: (5, 9)
Validation fitness: 0.7663201166079414 
Elapsed: 1.418635606765747

*** Epoch 1, batch 75/520 ***
Training fitness: 0.7438825161343993
Model size: (6, 11)
Validation fitness: 0.7609463968400527 
Elapsed: 1.5284721851348877

*** Epoch 1, batch 76/520 ***
Training fitness: 0.75016035331354
Model size: (6, 11)
Validation fitness: 0.7609463968400527 
Elapsed: 1.4414269924163818

*** Epoch 1, batch 77/520 ***
Training fitness: 0.776923675577082
Model size: (5, 9)
Validation fitness: 0.7663201166079414 
Elapsed: 1.4657971858978271

*** Epoch 1, batch 78/520 ***
Training fitness: 0.8059225072881183
Model size: (3, 7)
Validation fitness: 0.7514176789818259 
Elapsed: 1.4661002159118652

*** Epoch 1, batch 79/520 ***
Training fitness: 0.7838580051428505
Model size: (5, 9)
Validation fitness: 0.7663201166079414 
Elapsed: 1.5077199935913086

*** Epoch 1, batch 80/520 ***
Training fitness: 0.7584598680229585
Model size: (4, 8)
Validation fitness: 0.7607774146028826 
Elapsed: 1.418269395828247

*** Epoch 1, batch 81/520 ***
Training fitness: 0.7693930455680367
Model size: (3, 9)
Validation fitness: 0.7566264470498523 
Elapsed: 1.4624555110931396

*** Epoch 1, batch 82/520 ***
Training fitness: 0.79841253340807
Model size: (6, 10)
Validation fitness: 0.7624153288698323 
Elapsed: 1.4146933555603027

*** Epoch 1, batch 83/520 ***
Training fitness: 0.7896278971527416
Model size: (4, 8)
Validation fitness: 0.7607774146028826 
Elapsed: 1.3891105651855469

*** Epoch 1, batch 84/520 ***
Training fitness: 0.7750863419413221
Model size: (5, 8)
Validation fitness: 0.7423830608985373 
Elapsed: 1.5989186763763428

*** Epoch 1, batch 85/520 ***
Training fitness: 0.721140660021872
Model size: (5, 9)
Validation fitness: 0.7663201166079414 
Elapsed: 1.4290516376495361

*** Epoch 1, batch 86/520 ***
Training fitness: 0.7675559976793989
Model size: (5, 9)
Validation fitness: 0.7663201166079414 
Elapsed: 1.449321985244751

*** Epoch 1, batch 87/520 ***
Training fitness: 0.7718759461624968
Model size: (5, 9)
Validation fitness: 0.7663201166079414 
Elapsed: 1.4587738513946533

*** Epoch 1, batch 88/520 ***
Training fitness: 0.807917379815774
Model size: (6, 11)
Validation fitness: 0.7602219527879904 
Elapsed: 1.383152961730957

*** Epoch 1, batch 89/520 ***
Training fitness: 0.7604766939139745
Model size: (3, 8)
Validation fitness: 0.759627381655127 
Elapsed: 1.3524680137634277

*** Epoch 1, batch 90/520 ***
Training fitness: 0.7660705816444161
Model size: (6, 11)
Validation fitness: 0.7602219527879904 
Elapsed: 1.3901515007019043

*** Epoch 1, batch 91/520 ***
Training fitness: 0.7666341528103667
Model size: (6, 11)
Validation fitness: 0.7602219527879904 
Elapsed: 1.421140193939209

*** Epoch 1, batch 92/520 ***
Training fitness: 0.7404327945310252
Model size: (3, 8)
Validation fitness: 0.759627381655127 
Elapsed: 1.3895397186279297

*** Epoch 1, batch 93/520 ***
Training fitness: 0.8153961863367755
Model size: (3, 8)
Validation fitness: 0.759627381655127 
Elapsed: 1.3767879009246826

*** Epoch 1, batch 94/520 ***
Training fitness: 0.7745794524642389
Model size: (3, 3)
Validation fitness: 0.7579187764140087 
Elapsed: 1.5705621242523193

*** Epoch 1, batch 95/520 ***
Training fitness: 0.7371122946634666
Model size: (4, 8)
Validation fitness: 0.7607774146028826 
Elapsed: 1.4122631549835205

*** Epoch 1, batch 96/520 ***
Training fitness: 0.7860062089049532
Model size: (3, 8)
Validation fitness: 0.759627381655127 
Elapsed: 1.422682762145996

*** Epoch 1, batch 97/520 ***
Training fitness: 0.7859883753175528
Model size: (3, 8)
Validation fitness: 0.759627381655127 
Elapsed: 1.3757781982421875

*** Epoch 1, batch 98/520 ***
Training fitness: 0.7809528071202932
Model size: (3, 8)
Validation fitness: 0.759627381655127 
Elapsed: 1.3083064556121826

*** Epoch 1, batch 99/520 ***
Training fitness: 0.7644598307505893
Model size: (4, 8)
Validation fitness: 0.7607774146028826 
Elapsed: 1.3723933696746826

*** Epoch 1, batch 100/520 ***
Training fitness: 0.7545806100542438
Model size: (6, 11)
Validation fitness: 0.7602219527879904 
Elapsed: 1.3908097743988037

*** Epoch 1, batch 101/520 ***
Training fitness: 0.7707109078887387
Model size: (3, 8)
Validation fitness: 0.759627381655127 
Elapsed: 1.4195621013641357

*** Epoch 1, batch 102/520 ***
Training fitness: 0.8014084951743488
Model size: (6, 9)
Validation fitness: 0.7982626123682133 !!!
Elapsed: 1.4387760162353516

*** Epoch 1, batch 103/520 ***
Training fitness: 0.7997563898117713
Model size: (6, 9)
Validation fitness: 0.7982626123682133 
Elapsed: 1.4707858562469482

*** Epoch 1, batch 104/520 ***
Training fitness: 0.7945787517290335
Model size: (6, 9)
Validation fitness: 0.7982626123682133 
Elapsed: 1.5039045810699463

*** Epoch 1, batch 105/520 ***
Training fitness: 0.7915515486403671
Model size: (6, 9)
Validation fitness: 0.7982626123682133 
Elapsed: 1.4424145221710205

*** Epoch 1, batch 106/520 ***
Training fitness: 0.8007448552941513
Model size: (6, 9)
Validation fitness: 0.7982626123682133 
Elapsed: 1.440826177597046

*** Epoch 1, batch 107/520 ***
Training fitness: 0.775209098745975
Model size: (6, 9)
Validation fitness: 0.7982626123682133 
Elapsed: 1.4277372360229492

*** Epoch 1, batch 108/520 ***
Training fitness: 0.8327462105640079
Model size: (6, 9)
Validation fitness: 0.7982626123682133 
Elapsed: 1.4458420276641846

*** Epoch 1, batch 109/520 ***
Training fitness: 0.7597406407958561
Model size: (6, 9)
Validation fitness: 0.7982626123682133 
Elapsed: 1.4470455646514893

*** Epoch 1, batch 110/520 ***
Training fitness: 0.8503245292078121
Model size: (7, 12)
Validation fitness: 0.7838498188052042 
Elapsed: 1.489089012145996

*** Epoch 1, batch 111/520 ***
Training fitness: 0.7696376147114293
Model size: (7, 12)
Validation fitness: 0.7838498188052042 
Elapsed: 1.459296464920044

*** Epoch 1, batch 112/520 ***
Training fitness: 0.820409157589086
Model size: (7, 12)
Validation fitness: 0.7838498188052042 
Elapsed: 1.44380784034729

*** Epoch 1, batch 113/520 ***
Training fitness: 0.7846772989243269
Model size: (7, 12)
Validation fitness: 0.7838498188052042 
Elapsed: 1.5259568691253662

*** Epoch 1, batch 114/520 ***
Training fitness: 0.8110558345474418
Model size: (7, 12)
Validation fitness: 0.7838498188052042 
Elapsed: 1.469759225845337

*** Epoch 1, batch 115/520 ***
Training fitness: 0.7885616725872142
Model size: (7, 12)
Validation fitness: 0.7838498188052042 
Elapsed: 1.4525771141052246

*** Epoch 1, batch 116/520 ***
Training fitness: 0.816344903805574
Model size: (7, 12)
Validation fitness: 0.7838498188052042 
Elapsed: 1.4300181865692139

*** Epoch 1, batch 117/520 ***
Training fitness: 0.783786571419143
Model size: (7, 12)
Validation fitness: 0.7838498188052042 
Elapsed: 1.4979543685913086

*** Epoch 1, batch 118/520 ***
Training fitness: 0.7595535455769828
Model size: (5, 8)
Validation fitness: 0.747412999152117 
Elapsed: 1.4066824913024902

*** Epoch 1, batch 119/520 ***
Training fitness: 0.7943434839942906
Model size: (7, 12)
Validation fitness: 0.7838498188052042 
Elapsed: 1.5681567192077637

*** Epoch 1, batch 120/520 ***
Training fitness: 0.7819206508692368
Model size: (7, 12)
Validation fitness: 0.7838498188052042 
Elapsed: 1.554135799407959

*** Epoch 1, batch 121/520 ***
Training fitness: 0.7879723950429176
Model size: (7, 12)
Validation fitness: 0.7838498188052042 
Elapsed: 1.504265546798706

*** Epoch 1, batch 122/520 ***
Training fitness: 0.7804521665303843
Model size: (7, 12)
Validation fitness: 0.756384742642207 
Elapsed: 1.504610538482666

*** Epoch 1, batch 123/520 ***
Training fitness: 0.7348244295806658
Model size: (7, 14)
Validation fitness: 0.749204489379168 
Elapsed: 1.562394618988037

*** Epoch 1, batch 124/520 ***
Training fitness: 0.7817015734066683
Model size: (7, 12)
Validation fitness: 0.7838498188052042 
Elapsed: 1.4904849529266357

*** Epoch 1, batch 125/520 ***
Training fitness: 0.7752402220108496
Model size: (4, 7)
Validation fitness: 0.7156287504018204 
Elapsed: 1.4892892837524414

*** Epoch 1, batch 126/520 ***
Training fitness: 0.8047141513304488
Model size: (7, 12)
Validation fitness: 0.7838498188052042 
Elapsed: 1.5733518600463867

*** Epoch 1, batch 127/520 ***
Training fitness: 0.7481316870790283
Model size: (4, 8)
Validation fitness: 0.7595993234059976 
Elapsed: 1.5483291149139404

*** Epoch 1, batch 128/520 ***
Training fitness: 0.7854535660327231
Model size: (7, 12)
Validation fitness: 0.7838498188052042 
Elapsed: 1.557736873626709

*** Epoch 1, batch 129/520 ***
Training fitness: 0.7958136263599795
Model size: (7, 12)
Validation fitness: 0.7838498188052042 
Elapsed: 1.550168752670288

*** Epoch 1, batch 130/520 ***
Training fitness: 0.8111492089601303
Model size: (7, 12)
Validation fitness: 0.7838498188052042 
Elapsed: 1.5169720649719238

*** Epoch 1, batch 131/520 ***
Training fitness: 0.8315048572944321
Model size: (7, 12)
Validation fitness: 0.7838498188052042 
Elapsed: 1.5076887607574463

*** Epoch 1, batch 132/520 ***
Training fitness: 0.8156448005676615
Model size: (7, 12)
Validation fitness: 0.7838498188052042 
Elapsed: 1.588582992553711

*** Epoch 1, batch 133/520 ***
Training fitness: 0.7769118327567436
Model size: (6, 11)
Validation fitness: 0.762536152835993 
Elapsed: 1.6133830547332764

*** Epoch 1, batch 134/520 ***
Training fitness: 0.8192835175561944
Model size: (7, 8)
Validation fitness: 0.7325657512060738 
Elapsed: 1.6175508499145508

*** Epoch 1, batch 135/520 ***
Training fitness: 0.7494760937284327
Model size: (7, 12)
Validation fitness: 0.7838498188052042 
Elapsed: 1.5429387092590332

*** Epoch 1, batch 136/520 ***
Training fitness: 0.7810517972631551
Model size: (7, 12)
Validation fitness: 0.7838498188052042 
Elapsed: 1.583082675933838

*** Epoch 1, batch 137/520 ***
Training fitness: 0.7731094707410227
Model size: (7, 12)
Validation fitness: 0.7838498188052042 
Elapsed: 1.523148536682129

*** Epoch 1, batch 138/520 ***
Training fitness: 0.7568304215034526
Model size: (5, 9)
Validation fitness: 0.7443661442116697 
Elapsed: 1.5538010597229004

*** Epoch 1, batch 139/520 ***
Training fitness: 0.8133444895656946
Model size: (7, 8)
Validation fitness: 0.7325657512060738 
Elapsed: 1.589134931564331

*** Epoch 1, batch 140/520 ***
Training fitness: 0.7956092708018179
Model size: (7, 12)
Validation fitness: 0.7838498188052042 
Elapsed: 1.5238335132598877

*** Epoch 1, batch 141/520 ***
Training fitness: 0.7579576309484637
Model size: (7, 12)
Validation fitness: 0.7838498188052042 
Elapsed: 1.4904179573059082

*** Epoch 1, batch 142/520 ***
Training fitness: 0.8099595145599457
Model size: (7, 12)
Validation fitness: 0.7838498188052042 
Elapsed: 1.584895372390747

*** Epoch 1, batch 143/520 ***
Training fitness: 0.8409626792253424
Model size: (7, 12)
Validation fitness: 0.7838498188052042 
Elapsed: 1.558018445968628

*** Epoch 1, batch 144/520 ***
Training fitness: 0.7840217504332992
Model size: (7, 12)
Validation fitness: 0.7838498188052042 
Elapsed: 1.533715009689331

*** Epoch 1, batch 145/520 ***
Training fitness: 0.7928025521819436
Model size: (7, 8)
Validation fitness: 0.7325657512060738 
Elapsed: 1.614842414855957

*** Epoch 1, batch 146/520 ***
Training fitness: 0.7968389026585626
Model size: (9, 16)
Validation fitness: 0.7741590221176908 
Elapsed: 1.598775863647461

*** Epoch 1, batch 147/520 ***
Training fitness: 0.7741695972083389
Model size: (9, 16)
Validation fitness: 0.7741590221176908 
Elapsed: 1.5212907791137695

*** Epoch 1, batch 148/520 ***
Training fitness: 0.7500896792927825
Model size: (9, 16)
Validation fitness: 0.7741590221176908 
Elapsed: 1.542905330657959

*** Epoch 1, batch 149/520 ***
Training fitness: 0.7752294516211371
Model size: (9, 16)
Validation fitness: 0.7741590221176908 
Elapsed: 1.5308263301849365

*** Epoch 1, batch 150/520 ***
Training fitness: 0.7741523697503949
Model size: (9, 16)
Validation fitness: 0.7741590221176908 
Elapsed: 1.5894670486450195

*** Epoch 1, batch 151/520 ***
Training fitness: 0.8075775030746479
Model size: (9, 16)
Validation fitness: 0.7741590221176908 
Elapsed: 1.5224761962890625

*** Epoch 1, batch 152/520 ***
Training fitness: 0.7789064313596051
Model size: (9, 16)
Validation fitness: 0.7741590221176908 
Elapsed: 1.5102078914642334

*** Epoch 1, batch 153/520 ***
Training fitness: 0.8033509312810866
Model size: (9, 16)
Validation fitness: 0.7741590221176908 
Elapsed: 1.4850680828094482

*** Epoch 1, batch 154/520 ***
Training fitness: 0.7784978099424857
Model size: (12, 19)
Validation fitness: 0.7611576035849263 
Elapsed: 1.448509693145752

*** Epoch 1, batch 155/520 ***
Training fitness: 0.7507516888300821
Model size: (11, 16)
Validation fitness: 0.7613230281857908 
Elapsed: 1.4285821914672852

*** Epoch 1, batch 156/520 ***
Training fitness: 0.779474768910562
Model size: (12, 19)
Validation fitness: 0.7611576035849263 
Elapsed: 1.516646385192871

*** Epoch 1, batch 157/520 ***
Training fitness: 0.7706501317763728
Model size: (9, 16)
Validation fitness: 0.7741590221176908 
Elapsed: 1.4977748394012451

*** Epoch 1, batch 158/520 ***
Training fitness: 0.7818630155602679
Model size: (9, 16)
Validation fitness: 0.7741590221176908 
Elapsed: 1.518219232559204

*** Epoch 1, batch 159/520 ***
Training fitness: 0.7813872527577793
Model size: (11, 17)
Validation fitness: 0.7491010917053871 
Elapsed: 1.4345800876617432

*** Epoch 1, batch 160/520 ***
Training fitness: 0.7653791269344343
Model size: (9, 8)
Validation fitness: 0.7533279178926909 
Elapsed: 1.4374809265136719

*** Epoch 1, batch 161/520 ***
Training fitness: 0.7637592488915388
Model size: (11, 18)
Validation fitness: 0.7625624771082476 
Elapsed: 1.4318909645080566

*** Epoch 1, batch 162/520 ***
Training fitness: 0.7730270277029198
Model size: (11, 18)
Validation fitness: 0.7625624771082476 
Elapsed: 1.3908343315124512

*** Epoch 1, batch 163/520 ***
Training fitness: 0.7749775163325615
Model size: (9, 8)
Validation fitness: 0.7533279178926909 
Elapsed: 1.4749834537506104

*** Epoch 1, batch 164/520 ***
Training fitness: 0.755595475144073
Model size: (11, 18)
Validation fitness: 0.7625624771082476 
Elapsed: 1.462167501449585

*** Epoch 1, batch 165/520 ***
Training fitness: 0.7714117333775857
Model size: (11, 12)
Validation fitness: 0.7534471621223908 
Elapsed: 1.5149905681610107

*** Epoch 1, batch 166/520 ***
Training fitness: 0.7571320092011815
Model size: (14, 21)
Validation fitness: 0.7217113178561401 
Elapsed: 1.4284634590148926

*** Epoch 1, batch 167/520 ***
Training fitness: 0.772519048594669
Model size: (11, 18)
Validation fitness: 0.7625624771082476 
Elapsed: 1.503023386001587

*** Epoch 1, batch 168/520 ***
Training fitness: 0.7582508139718591
Model size: (11, 18)
Validation fitness: 0.7625624771082476 
Elapsed: 1.4347941875457764

*** Epoch 1, batch 169/520 ***
Training fitness: 0.8017674173992535
Model size: (14, 21)
Validation fitness: 0.7217113178561401 
Elapsed: 1.3511288166046143

*** Epoch 1, batch 170/520 ***
Training fitness: 0.7413034789505859
Model size: (10, 10)
Validation fitness: 0.7569433404654763 
Elapsed: 1.462324619293213

*** Epoch 1, batch 171/520 ***
Training fitness: 0.7787015658801841
Model size: (13, 19)
Validation fitness: 0.7306945735172636 
Elapsed: 1.4154095649719238

*** Epoch 1, batch 172/520 ***
Training fitness: 0.7780276098262601
Model size: (10, 10)
Validation fitness: 0.7569433404654763 
Elapsed: 1.3733575344085693

*** Epoch 1, batch 173/520 ***
Training fitness: 0.7856183117078377
Model size: (10, 10)
Validation fitness: 0.7569433404654763 
Elapsed: 1.4131343364715576

*** Epoch 1, batch 174/520 ***
Training fitness: 0.7413249202636465
Model size: (11, 18)
Validation fitness: 0.7625624771082476 
Elapsed: 2.0356805324554443

*** Epoch 1, batch 175/520 ***
Training fitness: 0.784446596442585
Model size: (4, 7)
Validation fitness: 0.7335733802824408 
Elapsed: 3.0876312255859375

*** Epoch 1, batch 176/520 ***
Training fitness: 0.7849878223444836
Model size: (9, 9)
Validation fitness: 0.7628279841732036 
Elapsed: 2.816819190979004

*** Epoch 1, batch 177/520 ***
Training fitness: 0.8223730234604977
Model size: (11, 17)
Validation fitness: 0.7512892936114985 
Elapsed: 3.081751585006714

*** Epoch 1, batch 178/520 ***
Training fitness: 0.769662877098084
Model size: (17, 20)
Validation fitness: 0.747495598284641 
Elapsed: 2.8988893032073975

*** Epoch 1, batch 179/520 ***
Training fitness: 0.7625916117525938
Model size: (9, 9)
Validation fitness: 0.7510475304957038 
Elapsed: 2.7478885650634766

*** Epoch 1, batch 180/520 ***
Training fitness: 0.7361084641302958
Model size: (17, 20)
Validation fitness: 0.747495598284641 
Elapsed: 2.7470035552978516

*** Epoch 1, batch 181/520 ***
Training fitness: 0.7725198516003474
Model size: (13, 19)
Validation fitness: 0.7556294057964094 
Elapsed: 2.765751600265503

*** Epoch 1, batch 182/520 ***
Training fitness: 0.7586243065252039
Model size: (14, 22)
Validation fitness: 0.7554876816895494 
Elapsed: 2.8741462230682373

*** Epoch 1, batch 183/520 ***
Training fitness: 0.7524855991151127
Model size: (16, 22)
Validation fitness: 0.7541345675487529 
Elapsed: 2.6832849979400635

*** Epoch 1, batch 184/520 ***
Training fitness: 0.7974772708175204
Model size: (16, 26)
Validation fitness: 0.775976856309445 
Elapsed: 2.902366876602173

*** Epoch 1, batch 185/520 ***
Training fitness: 0.7725444409543172
Model size: (16, 26)
Validation fitness: 0.775976856309445 
Elapsed: 2.8494770526885986

*** Epoch 1, batch 186/520 ***
Training fitness: 0.8141954130361019
Model size: (16, 26)
Validation fitness: 0.775976856309445 
Elapsed: 2.8522684574127197

*** Epoch 1, batch 187/520 ***
Training fitness: 0.7661967149967654
Model size: (17, 28)
Validation fitness: 0.7815185366658534 
Elapsed: 2.789299964904785

*** Epoch 1, batch 188/520 ***
Training fitness: 0.7791701242411362
Model size: (17, 28)
Validation fitness: 0.7815185366658534 
Elapsed: 2.709702968597412

*** Epoch 1, batch 189/520 ***
Training fitness: 0.8032465421306022
Model size: (17, 28)
Validation fitness: 0.7815185366658534 
Elapsed: 2.6845338344573975

*** Epoch 1, batch 190/520 ***
Training fitness: 0.7868320321238514
Model size: (17, 28)
Validation fitness: 0.7815185366658534 
Elapsed: 2.809596061706543

*** Epoch 1, batch 191/520 ***
Training fitness: 0.8042769566394453
Model size: (17, 28)
Validation fitness: 0.7815185366658534 
Elapsed: 2.837256669998169

*** Epoch 1, batch 192/520 ***
Training fitness: 0.7860165368423706
Model size: (17, 27)
Validation fitness: 0.7605662581257293 
Elapsed: 2.80336332321167

*** Epoch 1, batch 193/520 ***
Training fitness: 0.7487634316322146
Model size: (18, 29)
Validation fitness: 0.7813917469512308 
Elapsed: 2.8343732357025146

*** Epoch 1, batch 194/520 ***
Training fitness: 0.7744916913711272
Model size: (18, 29)
Validation fitness: 0.7813917469512308 
Elapsed: 2.7222747802734375

*** Epoch 1, batch 195/520 ***
Training fitness: 0.802913386047345
Model size: (16, 25)
Validation fitness: 0.7767965571871026 
Elapsed: 2.5198256969451904

*** Epoch 1, batch 196/520 ***
Training fitness: 0.7797358069382241
Model size: (18, 29)
Validation fitness: 0.7722647093528118 
Elapsed: 1.349644660949707

*** Epoch 1, batch 197/520 ***
Training fitness: 0.7725628371643934
Model size: (16, 25)
Validation fitness: 0.7767965571871026 
Elapsed: 1.430922508239746

*** Epoch 1, batch 198/520 ***
Training fitness: 0.7992255786089032
Model size: (18, 29)
Validation fitness: 0.7722647093528118 
Elapsed: 1.3209733963012695

*** Epoch 1, batch 199/520 ***
Training fitness: 0.7651803136768918
Model size: (16, 25)
Validation fitness: 0.7767965571871026 
Elapsed: 1.3097655773162842

*** Epoch 1, batch 200/520 ***
Training fitness: 0.7815013664819817
Model size: (18, 33)
Validation fitness: 0.7832415617715048 
Elapsed: 1.3307504653930664

*** Epoch 1, batch 201/520 ***
Training fitness: 0.8069988391204929
Model size: (18, 33)
Validation fitness: 0.7832415617715048 
Elapsed: 1.3635435104370117

*** Epoch 1, batch 202/520 ***
Training fitness: 0.7971541477530836
Model size: (18, 33)
Validation fitness: 0.7832415617715048 
Elapsed: 1.3468573093414307

*** Epoch 1, batch 203/520 ***
Training fitness: 0.7808753834502281
Model size: (18, 33)
Validation fitness: 0.7832415617715048 
Elapsed: 1.3319282531738281

*** Epoch 1, batch 204/520 ***
Training fitness: 0.8009729365605186
Model size: (18, 33)
Validation fitness: 0.7832415617715048 
Elapsed: 1.4374217987060547

*** Epoch 1, batch 205/520 ***
Training fitness: 0.7768453185425727
Model size: (18, 33)
Validation fitness: 0.7832415617715048 
Elapsed: 1.368457555770874

*** Epoch 1, batch 206/520 ***
Training fitness: 0.7650512295306752
Model size: (18, 33)
Validation fitness: 0.7832415617715048 
Elapsed: 1.3301784992218018

*** Epoch 1, batch 207/520 ***
Training fitness: 0.7919423404757796
Model size: (17, 23)
Validation fitness: 0.7864806588324013 
Elapsed: 1.7033610343933105

*** Epoch 1, batch 208/520 ***
Training fitness: 0.7890734113363869
Model size: (8, 12)
Validation fitness: 0.7562556053018351 
Elapsed: 2.6928718090057373

*** Epoch 1, batch 209/520 ***
Training fitness: 0.7428852832224975
Model size: (8, 10)
Validation fitness: 0.7607094347897457 
Elapsed: 2.6430511474609375

*** Epoch 1, batch 210/520 ***
Training fitness: 0.7786778385284455
Model size: (8, 10)
Validation fitness: 0.7607094347897457 
Elapsed: 2.6215381622314453

*** Epoch 1, batch 211/520 ***
Training fitness: 0.7715507269792312
Model size: (11, 12)
Validation fitness: 0.744725056970069 
Elapsed: 2.5520241260528564

*** Epoch 1, batch 212/520 ***
Training fitness: 0.7486199455236133
Model size: (8, 10)
Validation fitness: 0.7607094347897457 
Elapsed: 2.5125648975372314

*** Epoch 1, batch 213/520 ***
Training fitness: 0.7565734519467823
Model size: (8, 10)
Validation fitness: 0.7607094347897457 
Elapsed: 2.5411736965179443

*** Epoch 1, batch 214/520 ***
Training fitness: 0.7462321739380315
Model size: (8, 13)
Validation fitness: 0.7476385040379245 
Elapsed: 2.4589099884033203

*** Epoch 1, batch 215/520 ***
Training fitness: 0.8000191875798115
Model size: (13, 17)
Validation fitness: 0.7432235398929845 
Elapsed: 2.474013328552246

*** Epoch 1, batch 216/520 ***
Training fitness: 0.7303533403239497
Model size: (12, 13)
Validation fitness: 0.7473051020887477 
Elapsed: 2.6181554794311523

*** Epoch 1, batch 217/520 ***
Training fitness: 0.7927272174861455
Model size: (8, 11)
Validation fitness: 0.7591506223005039 
Elapsed: 2.456112861633301

*** Epoch 1, batch 218/520 ***
Training fitness: 0.7700007590183336
Model size: (12, 17)
Validation fitness: 0.7587119055598132 
Elapsed: 2.5393590927124023

*** Epoch 1, batch 219/520 ***
Training fitness: 0.7538095936126477
Model size: (12, 13)
Validation fitness: 0.7473051020887477 
Elapsed: 2.520024299621582

*** Epoch 1, batch 220/520 ***
Training fitness: 0.7334188439117197
Model size: (13, 16)
Validation fitness: 0.7359334779731427 
Elapsed: 2.4808733463287354

*** Epoch 1, batch 221/520 ***
Training fitness: 0.7416340471799884
Model size: (12, 13)
Validation fitness: 0.7473051020887477 
Elapsed: 2.4862008094787598

*** Epoch 1, batch 222/520 ***
Training fitness: 0.7174407153725657
Model size: (13, 14)
Validation fitness: 0.7559868911998838 
Elapsed: 2.5960211753845215

*** Epoch 1, batch 223/520 ***
Training fitness: 0.7453342281505274
Model size: (13, 14)
Validation fitness: 0.7559868911998838 
Elapsed: 2.5548579692840576

*** Epoch 1, batch 224/520 ***
Training fitness: 0.738314915754585
Model size: (10, 13)
Validation fitness: 0.7208638499184316 
Elapsed: 2.6933932304382324

*** Epoch 1, batch 225/520 ***
Training fitness: 0.7607435481782084
Model size: (11, 15)
Validation fitness: 0.7593475490026808 
Elapsed: 2.5413055419921875

*** Epoch 1, batch 226/520 ***
Training fitness: 0.7730572693271875
Model size: (11, 15)
Validation fitness: 0.7593475490026808 
Elapsed: 2.4835715293884277

*** Epoch 1, batch 227/520 ***
Training fitness: 0.7425995754662736
Model size: (9, 11)
Validation fitness: 0.7505458786074248 
Elapsed: 2.532773971557617

*** Epoch 1, batch 228/520 ***
Training fitness: 0.7491643408847257
Model size: (8, 13)
Validation fitness: 0.7514286280174746 
Elapsed: 2.534816026687622

*** Epoch 1, batch 229/520 ***
Training fitness: 0.7489878223962902
Model size: (13, 19)
Validation fitness: 0.7400135626446774 
Elapsed: 2.5919506549835205

*** Epoch 1, batch 230/520 ***
Training fitness: 0.7609038852203474
Model size: (5, 3)
Validation fitness: 0.7515228979462876 
Elapsed: 2.439410924911499

*** Epoch 1, batch 231/520 ***
Training fitness: 0.7259340836655881
Model size: (14, 23)
Validation fitness: 0.7255010581604948 
Elapsed: 2.5752227306365967

*** Epoch 1, batch 232/520 ***
Training fitness: 0.7675689086442005
Model size: (13, 19)
Validation fitness: 0.7400135626446774 
Elapsed: 2.605095386505127

*** Epoch 1, batch 233/520 ***
Training fitness: 0.7532964095086164
Model size: (5, 6)
Validation fitness: 0.7467359658890008 
Elapsed: 2.472954034805298

*** Epoch 1, batch 234/520 ***
Training fitness: 0.7599755999447168
Model size: (5, 6)
Validation fitness: 0.7467359658890008 
Elapsed: 2.3971900939941406

*** Epoch 1, batch 235/520 ***
Training fitness: 0.7788197122085841
Model size: (5, 6)
Validation fitness: 0.7467359658890008 
Elapsed: 2.504047155380249

*** Epoch 1, batch 236/520 ***
Training fitness: 0.7357707970572828
Model size: (6, 4)
Validation fitness: 0.7514971894184753 
Elapsed: 2.4825878143310547

*** Epoch 1, batch 237/520 ***
Training fitness: 0.7446985982648865
Model size: (5, 6)
Validation fitness: 0.7467359658890008 
Elapsed: 2.415421962738037

*** Epoch 1, batch 238/520 ***
Training fitness: 0.7501904534267719
Model size: (8, 11)
Validation fitness: 0.7584884307553618 
Elapsed: 2.49631404876709

*** Epoch 1, batch 239/520 ***
Training fitness: 0.7930585314257619
Model size: (8, 11)
Validation fitness: 0.7584884307553618 
Elapsed: 2.634687900543213

*** Epoch 1, batch 240/520 ***
Training fitness: 0.7909448069226563
Model size: (5, 6)
Validation fitness: 0.7467359658890008 
Elapsed: 2.5894393920898438

*** Epoch 1, batch 241/520 ***
Training fitness: 0.7417337619063992
Model size: (7, 10)
Validation fitness: 0.7502321490204946 
Elapsed: 2.7031352519989014

*** Epoch 1, batch 242/520 ***
Training fitness: 0.7710266153452466
Model size: (8, 11)
Validation fitness: 0.7584884307553618 
Elapsed: 2.525362491607666

*** Epoch 1, batch 243/520 ***
Training fitness: 0.7472335026419759
Model size: (8, 11)
Validation fitness: 0.7584884307553618 
Elapsed: 2.485197067260742

*** Epoch 1, batch 244/520 ***
Training fitness: 0.7923005365265167
Model size: (15, 26)
Validation fitness: 0.7443419506313057 
Elapsed: 2.571476459503174

*** Epoch 1, batch 245/520 ***
Training fitness: 0.7495578882057556
Model size: (6, 9)
Validation fitness: 0.7579161868920361 
Elapsed: 2.5188021659851074

*** Epoch 1, batch 246/520 ***
Training fitness: 0.7818787566956951
Model size: (9, 13)
Validation fitness: 0.7501160144637853 
Elapsed: 2.607786178588867

*** Epoch 1, batch 247/520 ***
Training fitness: 0.7776280954411877
Model size: (4, 4)
Validation fitness: 0.753483521075686 
Elapsed: 2.5429537296295166

*** Epoch 1, batch 248/520 ***
Training fitness: 0.7862685534937366
Model size: (9, 12)
Validation fitness: 0.7535154756524273 
Elapsed: 2.596630334854126

*** Epoch 1, batch 249/520 ***
Training fitness: 0.7473187851055595
Model size: (6, 9)
Validation fitness: 0.7579161868920361 
Elapsed: 2.489266872406006

*** Epoch 1, batch 250/520 ***
Training fitness: 0.7518740515423106
Model size: (7, 8)
Validation fitness: 0.77105913401532 
Elapsed: 2.584552526473999

*** Epoch 1, batch 251/520 ***
Training fitness: 0.7693084801255834
Model size: (7, 8)
Validation fitness: 0.77105913401532 
Elapsed: 2.671553373336792

*** Epoch 1, batch 252/520 ***
Training fitness: 0.7841003468108719
Model size: (7, 8)
Validation fitness: 0.77105913401532 
Elapsed: 2.594755172729492

*** Epoch 1, batch 253/520 ***
Training fitness: 0.8000699570722515
Model size: (6, 9)
Validation fitness: 0.7579161868920361 
Elapsed: 2.5071468353271484

*** Epoch 1, batch 254/520 ***
Training fitness: 0.7668034913157624
Model size: (9, 15)
Validation fitness: 0.7094986967015715 
Elapsed: 2.617384433746338

*** Epoch 1, batch 255/520 ***
Training fitness: 0.7907307000650191
Model size: (6, 9)
Validation fitness: 0.7574688884990979 
Elapsed: 2.533364772796631

*** Epoch 1, batch 256/520 ***
Training fitness: 0.7813606877143409
Model size: (7, 8)
Validation fitness: 0.7606586198780622 
Elapsed: 2.610434055328369

*** Epoch 1, batch 257/520 ***
Training fitness: 0.7796533446284223
Model size: (9, 12)
Validation fitness: 0.7284798994990467 
Elapsed: 2.681722402572632

*** Epoch 1, batch 258/520 ***
Training fitness: 0.8011831284251693
Model size: (6, 9)
Validation fitness: 0.7574688884990979 
Elapsed: 2.5478992462158203

*** Epoch 1, batch 259/520 ***
Training fitness: 0.7734753037418107
Model size: (8, 11)
Validation fitness: 0.7584884307553618 
Elapsed: 2.526531219482422

*** Epoch 1, batch 260/520 ***
Training fitness: 0.7442847146087797
Model size: (10, 13)
Validation fitness: 0.7364114522591249 
Elapsed: 2.411741018295288

*** Epoch 1, batch 261/520 ***
Training fitness: 0.7303675598192358
Model size: (7, 8)
Validation fitness: 0.77105913401532 
Elapsed: 2.5298376083374023

*** Epoch 1, batch 262/520 ***
Training fitness: 0.7903551792171177
Model size: (6, 8)
Validation fitness: 0.7567270272441275 
Elapsed: 2.5109903812408447

*** Epoch 1, batch 263/520 ***
Training fitness: 0.7968670541908907
Model size: (8, 11)
Validation fitness: 0.7556362208040154 
Elapsed: 2.4968008995056152

*** Epoch 1, batch 264/520 ***
Training fitness: 0.773149557630715
Model size: (11, 13)
Validation fitness: 0.735553860376881 
Elapsed: 2.517350912094116

*** Epoch 1, batch 265/520 ***
Training fitness: 0.7842294508821243
Model size: (7, 8)
Validation fitness: 0.77105913401532 
Elapsed: 2.7600550651550293

*** Epoch 1, batch 266/520 ***
Training fitness: 0.7683384343451027
Model size: (15, 18)
Validation fitness: 0.7555917014198152 
Elapsed: 2.6561970710754395

*** Epoch 1, batch 267/520 ***
Training fitness: 0.7657150941097634
Model size: (7, 8)
Validation fitness: 0.77105913401532 
Elapsed: 2.5847997665405273

*** Epoch 1, batch 268/520 ***
Training fitness: 0.7692983189930264
Model size: (7, 8)
Validation fitness: 0.77105913401532 
Elapsed: 1.349668264389038

*** Epoch 1, batch 269/520 ***
Training fitness: 0.7753686307077234
Model size: (7, 8)
Validation fitness: 0.77105913401532 
Elapsed: 1.3343532085418701

*** Epoch 1, batch 270/520 ***
Training fitness: 0.7834100482870856
Model size: (7, 8)
Validation fitness: 0.77105913401532 
Elapsed: 1.3353767395019531

*** Epoch 1, batch 271/520 ***
Training fitness: 0.7736087285452726
Model size: (7, 8)
Validation fitness: 0.77105913401532 
Elapsed: 1.3955824375152588

*** Epoch 1, batch 272/520 ***
Training fitness: 0.7689905127538736
Model size: (7, 8)
Validation fitness: 0.77105913401532 
Elapsed: 1.3266501426696777

*** Epoch 1, batch 273/520 ***
Training fitness: 0.8189493444606583
Model size: (8, 10)
Validation fitness: 0.7543836116727997 
Elapsed: 1.416344404220581

*** Epoch 1, batch 274/520 ***
Training fitness: 0.7857129606428678
Model size: (7, 8)
Validation fitness: 0.77105913401532 
Elapsed: 1.3235385417938232

*** Epoch 1, batch 275/520 ***
Training fitness: 0.7852260508553897
Model size: (14, 15)
Validation fitness: 0.7624432577763685 
Elapsed: 1.3081626892089844

*** Epoch 1, batch 276/520 ***
Training fitness: 0.7663111315189036
Model size: (14, 15)
Validation fitness: 0.7624432577763685 
Elapsed: 1.2988295555114746

*** Epoch 1, batch 277/520 ***
Training fitness: 0.7759415940729849
Model size: (14, 15)
Validation fitness: 0.7624432577763685 
Elapsed: 1.2577409744262695

*** Epoch 1, batch 278/520 ***
Training fitness: 0.7883959047910242
Model size: (8, 10)
Validation fitness: 0.7543836116727997 
Elapsed: 1.243147850036621

*** Epoch 1, batch 279/520 ***
Training fitness: 0.7768911284533826
Model size: (12, 13)
Validation fitness: 0.6718189997576013 
Elapsed: 1.2508130073547363

*** Epoch 1, batch 280/520 ***
Training fitness: 0.7627027111471848
Model size: (8, 13)
Validation fitness: 0.7420397166853113 
Elapsed: 1.3278758525848389

*** Epoch 1, batch 281/520 ***
Training fitness: 0.7713590155966974
Model size: (9, 14)
Validation fitness: 0.7520891880678738 
Elapsed: 1.7157361507415771

*** Epoch 1, batch 282/520 ***
Training fitness: 0.743903171890482
Model size: (10, 11)
Validation fitness: 0.7576098081769626 
Elapsed: 1.2578332424163818

*** Epoch 1, batch 283/520 ***
Training fitness: 0.7573290972558776
Model size: (8, 9)
Validation fitness: 0.756583491748546 
Elapsed: 1.3121004104614258

*** Epoch 1, batch 284/520 ***
Training fitness: 0.7674937302057869
Model size: (9, 11)
Validation fitness: 0.750834096831636 
Elapsed: 1.269089937210083

*** Epoch 1, batch 285/520 ***
Training fitness: 0.7681790683125699
Model size: (9, 11)
Validation fitness: 0.7614864084172968 
Elapsed: 1.2940373420715332

*** Epoch 1, batch 286/520 ***
Training fitness: 0.7752085639235413
Model size: (8, 10)
Validation fitness: 0.7602629399098819 
Elapsed: 1.2777001857757568

*** Epoch 1, batch 287/520 ***
Training fitness: 0.7564161700651517
Model size: (10, 14)
Validation fitness: 0.7552348552849074 
Elapsed: 1.2607128620147705

*** Epoch 1, batch 288/520 ***
Training fitness: 0.7651685198135568
Model size: (8, 10)
Validation fitness: 0.7643701433563383 
Elapsed: 1.2761712074279785

*** Epoch 1, batch 289/520 ***
Training fitness: 0.783105711321261
Model size: (8, 10)
Validation fitness: 0.7643701433563383 
Elapsed: 1.3188860416412354

*** Epoch 1, batch 290/520 ***
Training fitness: 0.7615881634678016
Model size: (8, 10)
Validation fitness: 0.7643701433563383 
Elapsed: 1.3990414142608643

*** Epoch 1, batch 291/520 ***
Training fitness: 0.8203550991654858
Model size: (7, 7)
Validation fitness: 0.7557636424211478 
Elapsed: 1.337876558303833

*** Epoch 1, batch 292/520 ***
Training fitness: 0.811477452010795
Model size: (7, 7)
Validation fitness: 0.7557636424211478 
Elapsed: 1.3370983600616455

*** Epoch 1, batch 293/520 ***
Training fitness: 0.8025820647136915
Model size: (11, 16)
Validation fitness: 0.7466065662892295 
Elapsed: 1.4021778106689453

*** Epoch 1, batch 294/520 ***
Training fitness: 0.7769672169963199
Model size: (6, 10)
Validation fitness: 0.7742857612798943 
Elapsed: 1.3002393245697021

*** Epoch 1, batch 295/520 ***
Training fitness: 0.7841759553101562
Model size: (6, 10)
Validation fitness: 0.7742857612798943 
Elapsed: 1.3002245426177979

*** Epoch 1, batch 296/520 ***
Training fitness: 0.785135145152621
Model size: (7, 8)
Validation fitness: 0.7566099422202487 
Elapsed: 1.4244017601013184

*** Epoch 1, batch 297/520 ***
Training fitness: 0.7747909959076914
Model size: (6, 6)
Validation fitness: 0.760209060755465 
Elapsed: 1.3629693984985352

*** Epoch 1, batch 298/520 ***
Training fitness: 0.8079654143453231
Model size: (6, 10)
Validation fitness: 0.7742857612798943 
Elapsed: 1.3832123279571533

*** Epoch 1, batch 299/520 ***
Training fitness: 0.808510893629194
Model size: (7, 8)
Validation fitness: 0.7490248100899958 
Elapsed: 1.4397358894348145

*** Epoch 1, batch 300/520 ***
Training fitness: 0.7580718868558981
Model size: (6, 10)
Validation fitness: 0.7742857612798943 
Elapsed: 1.3445990085601807

*** Epoch 1, batch 301/520 ***
Training fitness: 0.7878331063650399
Model size: (6, 10)
Validation fitness: 0.7742857612798943 
Elapsed: 1.361283540725708

*** Epoch 1, batch 302/520 ***
Training fitness: 0.7590213664146331
Model size: (6, 10)
Validation fitness: 0.7742857612798943 
Elapsed: 1.3930466175079346

*** Epoch 1, batch 303/520 ***
Training fitness: 0.7635855437402962
Model size: (6, 10)
Validation fitness: 0.7742857612798943 
Elapsed: 1.4024770259857178

*** Epoch 1, batch 304/520 ***
Training fitness: 0.8113682451780865
Model size: (6, 10)
Validation fitness: 0.7742857612798943 
Elapsed: 1.384577751159668

*** Epoch 1, batch 305/520 ***
Training fitness: 0.741981839212233
Model size: (6, 10)
Validation fitness: 0.7742857612798943 
Elapsed: 1.3297853469848633

*** Epoch 1, batch 306/520 ***
Training fitness: 0.7737936089770742
Model size: (8, 10)
Validation fitness: 0.7647104865361691 
Elapsed: 1.4610600471496582

*** Epoch 1, batch 307/520 ***
Training fitness: 0.7810438239283956
Model size: (11, 15)
Validation fitness: 0.7599594190320267 
Elapsed: 1.403522253036499

*** Epoch 1, batch 308/520 ***
Training fitness: 0.7760255178804748
Model size: (6, 10)
Validation fitness: 0.7742857612798943 
Elapsed: 1.419215202331543

*** Epoch 1, batch 309/520 ***
Training fitness: 0.8030917790161585
Model size: (6, 8)
Validation fitness: 0.7828261340335341 
Elapsed: 1.3342432975769043

*** Epoch 1, batch 310/520 ***
Training fitness: 0.8325720209270965
Model size: (6, 8)
Validation fitness: 0.7828261340335341 
Elapsed: 1.3759911060333252

*** Epoch 1, batch 311/520 ***
Training fitness: 0.7970336261523885
Model size: (8, 10)
Validation fitness: 0.7647104865361691 
Elapsed: 1.5316317081451416

*** Epoch 1, batch 312/520 ***
Training fitness: 0.7720269527830115
Model size: (6, 8)
Validation fitness: 0.7828261340335341 
Elapsed: 1.3666794300079346

*** Epoch 1, batch 313/520 ***
Training fitness: 0.7877454927642004
Model size: (6, 8)
Validation fitness: 0.7828261340335341 
Elapsed: 1.343914270401001

*** Epoch 1, batch 314/520 ***
Training fitness: 0.7523835489748395
Model size: (8, 10)
Validation fitness: 0.7647104865361691 
Elapsed: 1.4676101207733154

*** Epoch 1, batch 315/520 ***
Training fitness: 0.7932141305609689
Model size: (8, 10)
Validation fitness: 0.7647104865361691 
Elapsed: 1.4322617053985596

*** Epoch 1, batch 316/520 ***
Training fitness: 0.7535465303211465
Model size: (8, 10)
Validation fitness: 0.7647104865361691 
Elapsed: 1.5897719860076904

*** Epoch 1, batch 317/520 ***
Training fitness: 0.7829597706135002
Model size: (6, 8)
Validation fitness: 0.7828261340335341 
Elapsed: 1.3431017398834229

*** Epoch 1, batch 318/520 ***
Training fitness: 0.7642355516036355
Model size: (8, 10)
Validation fitness: 0.7647104865361691 
Elapsed: 1.4816687107086182

*** Epoch 1, batch 319/520 ***
Training fitness: 0.7982753123078217
Model size: (6, 8)
Validation fitness: 0.7828261340335341 
Elapsed: 1.3729147911071777

*** Epoch 1, batch 320/520 ***
Training fitness: 0.796696317741728
Model size: (6, 8)
Validation fitness: 0.7828261340335341 
Elapsed: 1.3797504901885986

*** Epoch 1, batch 321/520 ***
Training fitness: 0.7826057508257365
Model size: (6, 10)
Validation fitness: 0.7742857612798943 
Elapsed: 1.383018970489502

*** Epoch 1, batch 322/520 ***
Training fitness: 0.7860411651605501
Model size: (6, 8)
Validation fitness: 0.7828261340335341 
Elapsed: 1.3704311847686768

*** Epoch 1, batch 323/520 ***
Training fitness: 0.7816971196635292
Model size: (10, 15)
Validation fitness: 0.7045369994606284 
Elapsed: 1.5205719470977783

*** Epoch 1, batch 324/520 ***
Training fitness: 0.816880007172597
Model size: (6, 8)
Validation fitness: 0.7828261340335341 
Elapsed: 1.517017126083374

*** Epoch 1, batch 325/520 ***
Training fitness: 0.775951337113798
Model size: (10, 12)
Validation fitness: 0.7621056437689309 
Elapsed: 1.3741836547851562

*** Epoch 1, batch 326/520 ***
Training fitness: 0.7453493312693691
Model size: (8, 10)
Validation fitness: 0.7647104865361691 
Elapsed: 1.4232687950134277

*** Epoch 1, batch 327/520 ***
Training fitness: 0.8486752514303966
Model size: (11, 15)
Validation fitness: 0.7870486768886928 
Elapsed: 1.4551753997802734

*** Epoch 1, batch 328/520 ***
Training fitness: 0.7703394628561002
Model size: (11, 15)
Validation fitness: 0.7870486768886928 
Elapsed: 1.4707400798797607

*** Epoch 1, batch 329/520 ***
Training fitness: 0.7596253456598149
Model size: (11, 15)
Validation fitness: 0.7870486768886928 
Elapsed: 1.4559166431427002

*** Epoch 1, batch 330/520 ***
Training fitness: 0.7381177975788079
Model size: (10, 12)
Validation fitness: 0.7621056437689309 
Elapsed: 1.3859586715698242

*** Epoch 1, batch 331/520 ***
Training fitness: 0.7922207899000301
Model size: (11, 15)
Validation fitness: 0.7870486768886928 
Elapsed: 1.424055814743042

*** Epoch 1, batch 332/520 ***
Training fitness: 0.7944426066646947
Model size: (11, 15)
Validation fitness: 0.7870486768886928 
Elapsed: 1.4902420043945312

*** Epoch 1, batch 333/520 ***
Training fitness: 0.7932461814274776
Model size: (8, 10)
Validation fitness: 0.7647104865361691 
Elapsed: 1.4630522727966309

*** Epoch 1, batch 334/520 ***
Training fitness: 0.8162663030773307
Model size: (11, 15)
Validation fitness: 0.7870486768886928 
Elapsed: 1.3987700939178467

*** Epoch 1, batch 335/520 ***
Training fitness: 0.7463515717134612
Model size: (10, 14)
Validation fitness: 0.7581420328957627 
Elapsed: 1.3711810111999512

*** Epoch 1, batch 336/520 ***
Training fitness: 0.7426586212723525
Model size: (11, 15)
Validation fitness: 0.7740383795129483 
Elapsed: 1.3627147674560547

*** Epoch 1, batch 337/520 ***
Training fitness: 0.785129968614614
Model size: (11, 15)
Validation fitness: 0.7740383795129483 
Elapsed: 1.331620693206787

*** Epoch 1, batch 338/520 ***
Training fitness: 0.7645457715928562
Model size: (11, 15)
Validation fitness: 0.7740383795129483 
Elapsed: 1.3091304302215576

*** Epoch 1, batch 339/520 ***
Training fitness: 0.793005579916217
Model size: (8, 10)
Validation fitness: 0.7647104865361691 
Elapsed: 1.4951984882354736

*** Epoch 1, batch 340/520 ***
Training fitness: 0.7826355231055655
Model size: (8, 10)
Validation fitness: 0.7647104865361691 
Elapsed: 1.4407784938812256

*** Epoch 1, batch 341/520 ***
Training fitness: 0.7871726869147073
Model size: (9, 12)
Validation fitness: 0.768706909904215 
Elapsed: 1.4213531017303467

*** Epoch 1, batch 342/520 ***
Training fitness: 0.7747241457830298
Model size: (9, 12)
Validation fitness: 0.768706909904215 
Elapsed: 1.4136919975280762

*** Epoch 1, batch 343/520 ***
Training fitness: 0.759878995257638
Model size: (9, 12)
Validation fitness: 0.768706909904215 
Elapsed: 1.4435667991638184

*** Epoch 1, batch 344/520 ***
Training fitness: 0.7529374137367901
Model size: (9, 12)
Validation fitness: 0.768706909904215 
Elapsed: 1.4194471836090088

*** Epoch 1, batch 345/520 ***
Training fitness: 0.7986074007727668
Model size: (12, 17)
Validation fitness: 0.7731924576317672 
Elapsed: 1.3370349407196045

*** Epoch 1, batch 346/520 ***
Training fitness: 0.7586345715418132
Model size: (9, 13)
Validation fitness: 0.7620870076014117 
Elapsed: 1.4235568046569824

*** Epoch 1, batch 347/520 ***
Training fitness: 0.7497557739915293
Model size: (9, 12)
Validation fitness: 0.768706909904215 
Elapsed: 1.5327739715576172

*** Epoch 1, batch 348/520 ***
Training fitness: 0.7696607675676389
Model size: (9, 12)
Validation fitness: 0.768706909904215 
Elapsed: 1.4850735664367676

*** Epoch 1, batch 349/520 ***
Training fitness: 0.7707783655543126
Model size: (9, 12)
Validation fitness: 0.768706909904215 
Elapsed: 1.4273395538330078

*** Epoch 1, batch 350/520 ***
Training fitness: 0.7262143981763011
Model size: (9, 13)
Validation fitness: 0.7620870076014117 
Elapsed: 2.060976982116699

*** Epoch 1, batch 351/520 ***
Training fitness: 0.8035020864364786
Model size: (9, 12)
Validation fitness: 0.768706909904215 
Elapsed: 2.0508768558502197

*** Epoch 1, batch 352/520 ***
Training fitness: 0.7307088651257216
Model size: (12, 18)
Validation fitness: 0.7502090395835451 
Elapsed: 1.3154332637786865

*** Epoch 1, batch 353/520 ***
Training fitness: 0.7670181632315602
Model size: (7, 6)
Validation fitness: 0.7505413469757014 
Elapsed: 1.3062148094177246

*** Epoch 1, batch 354/520 ***
Training fitness: 0.7324633475089358
Model size: (8, 6)
Validation fitness: 0.7570181819072834 
Elapsed: 1.284240961074829

*** Epoch 1, batch 355/520 ***
Training fitness: 0.7669381918967357
Model size: (11, 14)
Validation fitness: 0.7406554186905846 
Elapsed: 1.3592026233673096

*** Epoch 1, batch 356/520 ***
Training fitness: 0.8013110588444398
Model size: (12, 17)
Validation fitness: 0.7323555289315393 
Elapsed: 1.3001270294189453

*** Epoch 1, batch 357/520 ***
Training fitness: 0.782321204140908
Model size: (8, 8)
Validation fitness: 0.7400910314452591 
Elapsed: 1.286830186843872

*** Epoch 1, batch 358/520 ***
Training fitness: 0.7418978388163754
Model size: (13, 18)
Validation fitness: 0.7410950609271014 
Elapsed: 1.2882578372955322

*** Epoch 1, batch 359/520 ***
Training fitness: 0.7721793264052909
Model size: (7, 5)
Validation fitness: 0.7487993454333293 
Elapsed: 1.3198671340942383

*** Epoch 1, batch 360/520 ***
Training fitness: 0.7745100056060082
Model size: (13, 18)
Validation fitness: 0.7410950609271014 
Elapsed: 1.323617935180664

*** Epoch 1, batch 361/520 ***
Training fitness: 0.7676616861628113
Model size: (13, 18)
Validation fitness: 0.7410950609271014 
Elapsed: 1.2719182968139648

*** Epoch 1, batch 362/520 ***
Training fitness: 0.7466452080461381
Model size: (11, 16)
Validation fitness: 0.7546871170256687 
Elapsed: 1.2864978313446045

*** Epoch 1, batch 363/520 ***
Training fitness: 0.733779363199501
Model size: (12, 14)
Validation fitness: 0.7516266406374902 
Elapsed: 1.4154279232025146

*** Epoch 1, batch 364/520 ***
Training fitness: 0.7750243091520118
Model size: (12, 17)
Validation fitness: 0.7551347324364772 
Elapsed: 1.3609068393707275

*** Epoch 1, batch 365/520 ***
Training fitness: 0.7659416927706854
Model size: (11, 16)
Validation fitness: 0.7546871170256687 
Elapsed: 1.3121347427368164

*** Epoch 1, batch 366/520 ***
Training fitness: 0.7915992898283832
Model size: (8, 8)
Validation fitness: 0.7603458161497896 
Elapsed: 2.0102903842926025

*** Epoch 1, batch 367/520 ***
Training fitness: 0.7211119739724746
Model size: (8, 8)
Validation fitness: 0.7603458161497896 
Elapsed: 2.505467653274536

*** Epoch 1, batch 368/520 ***
Training fitness: 0.732688064848425
Model size: (12, 18)
Validation fitness: 0.7349464951742332 
Elapsed: 2.9107985496520996

*** Epoch 1, batch 369/520 ***
Training fitness: 0.7952046998217519
Model size: (8, 7)
Validation fitness: 0.7625693087421994 
Elapsed: 2.5495452880859375

*** Epoch 1, batch 370/520 ***
Training fitness: 0.787975962664996
Model size: (12, 18)
Validation fitness: 0.7551793818635113 
Elapsed: 2.617596387863159

*** Epoch 1, batch 371/520 ***
Training fitness: 0.7798071184059292
Model size: (12, 18)
Validation fitness: 0.7551793818635113 
Elapsed: 2.730384349822998

*** Epoch 1, batch 372/520 ***
Training fitness: 0.8107130476750853
Model size: (8, 7)
Validation fitness: 0.7625693087421994 
Elapsed: 1.5325360298156738

*** Epoch 1, batch 373/520 ***
Training fitness: 0.7568605099416956
Model size: (11, 12)
Validation fitness: 0.7631669373512556 
Elapsed: 1.3025636672973633

*** Epoch 1, batch 374/520 ***
Training fitness: 0.7780996068166451
Model size: (12, 18)
Validation fitness: 0.7551793818635113 
Elapsed: 1.3142616748809814

*** Epoch 1, batch 375/520 ***
Training fitness: 0.7994071964312949
Model size: (9, 9)
Validation fitness: 0.7947007067361899 
Elapsed: 1.3024020195007324

*** Epoch 1, batch 376/520 ***
Training fitness: 0.7657153673542135
Model size: (11, 16)
Validation fitness: 0.7416221542982239 
Elapsed: 1.3273026943206787

*** Epoch 1, batch 377/520 ***
Training fitness: 0.7835283115947522
Model size: (12, 18)
Validation fitness: 0.7551793818635113 
Elapsed: 1.341257095336914

*** Epoch 1, batch 378/520 ***
Training fitness: 0.7681062831640233
Model size: (12, 17)
Validation fitness: 0.7570739161491028 
Elapsed: 1.33347749710083

*** Epoch 1, batch 379/520 ***
Training fitness: 0.7491986100170455
Model size: (12, 17)
Validation fitness: 0.7570739161491028 
Elapsed: 1.4031236171722412

*** Epoch 1, batch 380/520 ***
Training fitness: 0.7822431301698631
Model size: (11, 12)
Validation fitness: 0.7631669373512556 
Elapsed: 1.3570878505706787

*** Epoch 1, batch 381/520 ***
Training fitness: 0.756617369321642
Model size: (12, 17)
Validation fitness: 0.7570739161491028 
Elapsed: 1.2867817878723145

*** Epoch 1, batch 382/520 ***
Training fitness: 0.7698149389806893
Model size: (12, 18)
Validation fitness: 0.7503628298408116 
Elapsed: 1.3183729648590088

*** Epoch 1, batch 383/520 ***
Training fitness: 0.771362701954849
Model size: (12, 18)
Validation fitness: 0.7503628298408116 
Elapsed: 1.3163342475891113

*** Epoch 1, batch 384/520 ***
Training fitness: 0.8073408246055243
Model size: (12, 18)
Validation fitness: 0.7503628298408116 
Elapsed: 1.3365707397460938

*** Epoch 1, batch 385/520 ***
Training fitness: 0.7823950119584848
Model size: (13, 18)
Validation fitness: 0.7512569783874773 
Elapsed: 1.293243646621704

*** Epoch 1, batch 386/520 ***
Training fitness: 0.786333676031367
Model size: (12, 13)
Validation fitness: 0.7465113954798132 
Elapsed: 1.3146300315856934

*** Epoch 1, batch 387/520 ***
Training fitness: 0.7727744019304819
Model size: (10, 14)
Validation fitness: 0.7525841488815082 
Elapsed: 1.3086457252502441

*** Epoch 1, batch 388/520 ***
Training fitness: 0.7489845965165912
Model size: (12, 19)
Validation fitness: 0.7593595017071885 
Elapsed: 1.4091973304748535

*** Epoch 1, batch 389/520 ***
Training fitness: 0.7731975174923439
Model size: (13, 19)
Validation fitness: 0.7529683919272323 
Elapsed: 1.2694618701934814

*** Epoch 1, batch 390/520 ***
Training fitness: 0.7397563972244419
Model size: (13, 19)
Validation fitness: 0.7529683919272323 
Elapsed: 1.2619941234588623

*** Epoch 1, batch 391/520 ***
Training fitness: 0.7873478647574297
Model size: (10, 14)
Validation fitness: 0.7525841488815082 
Elapsed: 1.3405158519744873

*** Epoch 1, batch 392/520 ***
Training fitness: 0.7717540318155701
Model size: (10, 14)
Validation fitness: 0.7549904172905273 
Elapsed: 1.3059234619140625

*** Epoch 1, batch 393/520 ***
Training fitness: 0.7942747637719275
Model size: (10, 14)
Validation fitness: 0.7549904172905273 
Elapsed: 1.3479337692260742

*** Epoch 1, batch 394/520 ***
Training fitness: 0.7741386673616508
Model size: (7, 7)
Validation fitness: 0.7504295621186816 
Elapsed: 1.3903307914733887

*** Epoch 1, batch 395/520 ***
Training fitness: 0.7604208126737108
Model size: (7, 7)
Validation fitness: 0.7504295621186816 
Elapsed: 1.3368644714355469

*** Epoch 1, batch 396/520 ***
Training fitness: 0.7937177435590238
Model size: (7, 11)
Validation fitness: 0.7600649136070828 
Elapsed: 1.3392658233642578

*** Epoch 1, batch 397/520 ***
Training fitness: 0.7426408210887205
Model size: (12, 19)
Validation fitness: 0.7593595017071885 
Elapsed: 1.3218178749084473

*** Epoch 1, batch 398/520 ***
Training fitness: 0.7827733668572524
Model size: (13, 18)
Validation fitness: 0.7658653219127269 
Elapsed: 1.3357925415039062

*** Epoch 1, batch 399/520 ***
Training fitness: 0.7885713936029154
Model size: (14, 19)
Validation fitness: 0.7511540617667967 
Elapsed: 1.2847390174865723

*** Epoch 1, batch 400/520 ***
Training fitness: 0.7427240473110612
Model size: (7, 11)
Validation fitness: 0.7600649136070828 
Elapsed: 1.257566213607788

*** Epoch 1, batch 401/520 ***
Training fitness: 0.7971945811403706
Model size: (6, 9)
Validation fitness: 0.7551605987343601 
Elapsed: 1.2759337425231934

*** Epoch 1, batch 402/520 ***
Training fitness: 0.749338915991771
Model size: (7, 11)
Validation fitness: 0.7600649136070828 
Elapsed: 1.2762978076934814

*** Epoch 1, batch 403/520 ***
Training fitness: 0.7729250329580587
Model size: (6, 9)
Validation fitness: 0.7551605987343601 
Elapsed: 1.2357604503631592

*** Epoch 1, batch 404/520 ***
Training fitness: 0.752952675475083
Model size: (7, 11)
Validation fitness: 0.7600649136070828 
Elapsed: 1.3625853061676025

*** Epoch 1, batch 405/520 ***
Training fitness: 0.7724702147395321
Model size: (12, 20)
Validation fitness: 0.7556386562187143 
Elapsed: 1.2706105709075928

*** Epoch 1, batch 406/520 ***
Training fitness: 0.7551805253076588
Model size: (13, 23)
Validation fitness: 0.7541374484835099 
Elapsed: 1.2896833419799805

*** Epoch 1, batch 407/520 ***
Training fitness: 0.756396831661842
Model size: (14, 19)
Validation fitness: 0.7612801859345674 
Elapsed: 1.3472225666046143

*** Epoch 1, batch 408/520 ***
Training fitness: 0.7469547691959328
Model size: (5, 8)
Validation fitness: 0.7516890828922093 
Elapsed: 1.2624752521514893

*** Epoch 1, batch 409/520 ***
Training fitness: 0.7899686244817047
Model size: (13, 22)
Validation fitness: 0.75216616733966 
Elapsed: 1.2737948894500732

*** Epoch 1, batch 410/520 ***
Training fitness: 0.7514949764840596
Model size: (6, 8)
Validation fitness: 0.7571219082364182 
Elapsed: 1.306396245956421

*** Epoch 1, batch 411/520 ***
Training fitness: 0.7829533552115905
Model size: (5, 8)
Validation fitness: 0.7516890828922093 
Elapsed: 1.3492884635925293

*** Epoch 1, batch 412/520 ***
Training fitness: 0.7419778339046055
Model size: (13, 21)
Validation fitness: 0.7584600285311196 
Elapsed: 1.2874386310577393

*** Epoch 1, batch 413/520 ***
Training fitness: 0.7445005861588551
Model size: (9, 8)
Validation fitness: 0.7592760258980241 
Elapsed: 1.3061368465423584

*** Epoch 1, batch 414/520 ***
Training fitness: 0.8033625903261489
Model size: (12, 19)
Validation fitness: 0.7495507759454045 
Elapsed: 1.2315785884857178

*** Epoch 1, batch 415/520 ***
Training fitness: 0.7891044763876165
Model size: (13, 12)
Validation fitness: 0.7542905320239874 
Elapsed: 1.3082427978515625

*** Epoch 1, batch 416/520 ***
Training fitness: 0.7709724734659991
Model size: (6, 8)
Validation fitness: 0.7571219082364182 
Elapsed: 1.26350736618042

*** Epoch 1, batch 417/520 ***
Training fitness: 0.8010527988647361
Model size: (7, 9)
Validation fitness: 0.7547043486692867 
Elapsed: 1.277777910232544

*** Epoch 1, batch 418/520 ***
Training fitness: 0.7575656263247285
Model size: (12, 9)
Validation fitness: 0.7635675720034062 
Elapsed: 1.2481157779693604

*** Epoch 1, batch 419/520 ***
Training fitness: 0.7871506921485082
Model size: (11, 16)
Validation fitness: 0.7595845352221119 
Elapsed: 1.4268977642059326

*** Epoch 1, batch 420/520 ***
Training fitness: 0.7919188349825858
Model size: (12, 9)
Validation fitness: 0.7635675720034062 
Elapsed: 1.2826132774353027

*** Epoch 1, batch 421/520 ***
Training fitness: 0.7790892559178402
Model size: (7, 9)
Validation fitness: 0.7547043486692867 
Elapsed: 1.3695859909057617

*** Epoch 1, batch 422/520 ***
Training fitness: 0.7630370289886333
Model size: (9, 8)
Validation fitness: 0.7592760258980241 
Elapsed: 1.3305566310882568

*** Epoch 1, batch 423/520 ***
Training fitness: 0.7992717008157251
Model size: (10, 11)
Validation fitness: 0.746869703476166 
Elapsed: 1.2818517684936523

*** Epoch 1, batch 424/520 ***
Training fitness: 0.765665832291075
Model size: (7, 9)
Validation fitness: 0.7526132318719227 
Elapsed: 1.353276014328003

*** Epoch 1, batch 425/520 ***
Training fitness: 0.7457670088587093
Model size: (7, 9)
Validation fitness: 0.7526132318719227 
Elapsed: 1.2808411121368408

*** Epoch 1, batch 426/520 ***
Training fitness: 0.7788042519612814
Model size: (7, 8)
Validation fitness: 0.7441196591301587 
Elapsed: 1.3355450630187988

*** Epoch 1, batch 427/520 ***
Training fitness: 0.7749451035928465
Model size: (6, 7)
Validation fitness: 0.7553614772462554 
Elapsed: 1.4488790035247803

*** Epoch 1, batch 428/520 ***
Training fitness: 0.7607973823279458
Model size: (10, 13)
Validation fitness: 0.7584862877059453 
Elapsed: 1.2612199783325195

*** Epoch 1, batch 429/520 ***
Training fitness: 0.8012521778954871
Model size: (9, 8)
Validation fitness: 0.7592760258980241 
Elapsed: 1.3478639125823975

*** Epoch 1, batch 430/520 ***
Training fitness: 0.7320030099463212
Model size: (7, 9)
Validation fitness: 0.7526132318719227 
Elapsed: 1.3152637481689453

*** Epoch 1, batch 431/520 ***
Training fitness: 0.7683311486788031
Model size: (10, 13)
Validation fitness: 0.7584862877059453 
Elapsed: 1.2933578491210938

*** Epoch 1, batch 432/520 ***
Training fitness: 0.713203907684959
Model size: (13, 15)
Validation fitness: 0.7359527847585926 
Elapsed: 1.3424320220947266

*** Epoch 1, batch 433/520 ***
Training fitness: 0.7738502198519382
Model size: (7, 9)
Validation fitness: 0.7526132318719227 
Elapsed: 1.2899055480957031

*** Epoch 1, batch 434/520 ***
Training fitness: 0.7753655220335343
Model size: (6, 7)
Validation fitness: 0.7553614772462554 
Elapsed: 1.3157553672790527

*** Epoch 1, batch 435/520 ***
Training fitness: 0.804355186577856
Model size: (8, 9)
Validation fitness: 0.7879710415494734 
Elapsed: 1.3599522113800049

*** Epoch 1, batch 436/520 ***
Training fitness: 0.768509116006967
Model size: (7, 9)
Validation fitness: 0.7526132318719227 
Elapsed: 1.4384710788726807

*** Epoch 1, batch 437/520 ***
Training fitness: 0.7756592297514769
Model size: (8, 10)
Validation fitness: 0.7803030561159736 
Elapsed: 1.3371732234954834

*** Epoch 1, batch 438/520 ***
Training fitness: 0.7892382549190606
Model size: (8, 9)
Validation fitness: 0.7879710415494734 
Elapsed: 1.3943510055541992

*** Epoch 1, batch 439/520 ***
Training fitness: 0.8114055686215691
Model size: (8, 9)
Validation fitness: 0.7879710415494734 
Elapsed: 1.3469603061676025

*** Epoch 1, batch 440/520 ***
Training fitness: 0.7666300248624981
Model size: (8, 10)
Validation fitness: 0.7922871127329512 
Elapsed: 1.4298312664031982

*** Epoch 1, batch 441/520 ***
Training fitness: 0.7917378332346289
Model size: (8, 10)
Validation fitness: 0.7922871127329512 
Elapsed: 1.4597654342651367

*** Epoch 1, batch 442/520 ***
Training fitness: 0.7995253961730635
Model size: (8, 10)
Validation fitness: 0.7922871127329512 
Elapsed: 1.4148132801055908

*** Epoch 1, batch 443/520 ***
Training fitness: 0.7927264428811033
Model size: (8, 11)
Validation fitness: 0.801319734161925 !!!
Elapsed: 1.5838372707366943

*** Epoch 1, batch 444/520 ***
Training fitness: 0.8118857532492695
Model size: (10, 10)
Validation fitness: 0.7589500608410048 
Elapsed: 1.4371840953826904

*** Epoch 1, batch 445/520 ***
Training fitness: 0.7643265031051963
Model size: (11, 12)
Validation fitness: 0.7612845267914827 
Elapsed: 1.4735591411590576

*** Epoch 1, batch 446/520 ***
Training fitness: 0.7866976663270641
Model size: (13, 18)
Validation fitness: 0.7529410346273363 
Elapsed: 1.348771095275879

*** Epoch 1, batch 447/520 ***
Training fitness: 0.8374381983696791
Model size: (10, 10)
Validation fitness: 0.7589500608410048 
Elapsed: 1.3390252590179443

*** Epoch 1, batch 448/520 ***
Training fitness: 0.8178855421623763
Model size: (6, 9)
Validation fitness: 0.7819579131063865 
Elapsed: 1.3106505870819092

*** Epoch 1, batch 449/520 ***
Training fitness: 0.7453849716690064
Model size: (10, 8)
Validation fitness: 0.755897910834508 
Elapsed: 1.2969274520874023

*** Epoch 1, batch 450/520 ***
Training fitness: 0.7667842467127647
Model size: (6, 9)
Validation fitness: 0.7819579131063865 
Elapsed: 1.295135498046875

*** Epoch 1, batch 451/520 ***
Training fitness: 0.7563943156060267
Model size: (6, 10)
Validation fitness: 0.7778021219178496 
Elapsed: 1.394582986831665

*** Epoch 1, batch 452/520 ***
Training fitness: 0.7979551456705813
Model size: (6, 9)
Validation fitness: 0.7819579131063865 
Elapsed: 1.2894086837768555

*** Epoch 1, batch 453/520 ***
Training fitness: 0.7756326541457217
Model size: (6, 9)
Validation fitness: 0.7819579131063865 
Elapsed: 1.3157477378845215

*** Epoch 1, batch 454/520 ***
Training fitness: 0.823503417967061
Model size: (6, 9)
Validation fitness: 0.7819579131063865 
Elapsed: 1.3407645225524902

*** Epoch 1, batch 455/520 ***
Training fitness: 0.7749604598909641
Model size: (6, 9)
Validation fitness: 0.7819579131063865 
Elapsed: 1.3570103645324707

*** Epoch 1, batch 456/520 ***
Training fitness: 0.8029219315418149
Model size: (6, 9)
Validation fitness: 0.7819579131063865 
Elapsed: 1.342463493347168

*** Epoch 1, batch 457/520 ***
Training fitness: 0.8006483501612668
Model size: (6, 9)
Validation fitness: 0.7819579131063865 
Elapsed: 1.3376622200012207

*** Epoch 1, batch 458/520 ***
Training fitness: 0.7939282925325347
Model size: (6, 10)
Validation fitness: 0.7778021219178496 
Elapsed: 1.3248546123504639

*** Epoch 1, batch 459/520 ***
Training fitness: 0.7964437132148401
Model size: (6, 10)
Validation fitness: 0.7778021219178496 
Elapsed: 1.4413235187530518

*** Epoch 1, batch 460/520 ***
Training fitness: 0.8033045501308339
Model size: (12, 14)
Validation fitness: 0.7602906078808225 
Elapsed: 1.3788566589355469

*** Epoch 1, batch 461/520 ***
Training fitness: 0.7826233667801193
Model size: (6, 9)
Validation fitness: 0.7819579131063865 
Elapsed: 1.307774305343628

*** Epoch 1, batch 462/520 ***
Training fitness: 0.7610443537848539
Model size: (6, 9)
Validation fitness: 0.7819579131063865 
Elapsed: 1.2883327007293701

*** Epoch 1, batch 463/520 ***
Training fitness: 0.7688721124572833
Model size: (6, 9)
Validation fitness: 0.7819579131063865 
Elapsed: 1.3338000774383545

*** Epoch 1, batch 464/520 ***
Training fitness: 0.7650979864287629
Model size: (6, 9)
Validation fitness: 0.7819579131063865 
Elapsed: 1.3503637313842773

*** Epoch 1, batch 465/520 ***
Training fitness: 0.7923437065772664
Model size: (6, 9)
Validation fitness: 0.7819579131063865 
Elapsed: 1.3413982391357422

*** Epoch 1, batch 466/520 ***
Training fitness: 0.7931449308821518
Model size: (6, 9)
Validation fitness: 0.7819579131063865 
Elapsed: 1.4610328674316406

*** Epoch 1, batch 467/520 ***
Training fitness: 0.776534275222004
Model size: (9, 12)
Validation fitness: 0.7591453001170173 
Elapsed: 1.359285831451416

*** Epoch 1, batch 468/520 ***
Training fitness: 0.7754731279108499
Model size: (9, 12)
Validation fitness: 0.7591453001170173 
Elapsed: 1.3229386806488037

*** Epoch 1, batch 469/520 ***
Training fitness: 0.7963903593243604
Model size: (11, 15)
Validation fitness: 0.7540655789297979 
Elapsed: 1.332742691040039

*** Epoch 1, batch 470/520 ***
Training fitness: 0.7626108562103716
Model size: (12, 16)
Validation fitness: 0.758256703974783 
Elapsed: 1.4211065769195557

*** Epoch 1, batch 471/520 ***
Training fitness: 0.7932783655360833
Model size: (11, 15)
Validation fitness: 0.7540655789297979 
Elapsed: 1.3633453845977783

*** Epoch 1, batch 472/520 ***
Training fitness: 0.785432875419279
Model size: (17, 18)
Validation fitness: 0.7541804511042999 
Elapsed: 1.5163304805755615

*** Epoch 1, batch 473/520 ***
Training fitness: 0.7666445542792228
Model size: (12, 16)
Validation fitness: 0.758256703974783 
Elapsed: 1.4247124195098877

*** Epoch 1, batch 474/520 ***
Training fitness: 0.7709682998602393
Model size: (11, 9)
Validation fitness: 0.7542288035928795 
Elapsed: 1.375474214553833

*** Epoch 1, batch 475/520 ***
Training fitness: 0.7531291677431593
Model size: (17, 18)
Validation fitness: 0.7541804511042999 
Elapsed: 1.4308810234069824

*** Epoch 1, batch 476/520 ***
Training fitness: 0.7486380586187007
Model size: (12, 16)
Validation fitness: 0.7494824448136101 
Elapsed: 1.3658866882324219

*** Epoch 1, batch 477/520 ***
Training fitness: 0.7940634459989173
Model size: (17, 18)
Validation fitness: 0.7541804511042999 
Elapsed: 1.3738267421722412

*** Epoch 1, batch 478/520 ***
Training fitness: 0.7724173676718687
Model size: (17, 18)
Validation fitness: 0.7541804511042999 
Elapsed: 1.473914384841919

*** Epoch 1, batch 479/520 ***
Training fitness: 0.776015451773428
Model size: (12, 16)
Validation fitness: 0.7494824448136101 
Elapsed: 1.3929743766784668

*** Epoch 1, batch 480/520 ***
Training fitness: 0.7527075578473374
Model size: (17, 18)
Validation fitness: 0.7541804511042999 
Elapsed: 1.4819369316101074

*** Epoch 1, batch 481/520 ***
Training fitness: 0.765566588959683
Model size: (17, 18)
Validation fitness: 0.7541804511042999 
Elapsed: 1.4496262073516846

*** Epoch 1, batch 482/520 ***
Training fitness: 0.7249185004430567
Model size: (13, 13)
Validation fitness: 0.7557371514436005 
Elapsed: 1.4502673149108887

*** Epoch 1, batch 483/520 ***
Training fitness: 0.7804338909978134
Model size: (13, 13)
Validation fitness: 0.7557371514436005 
Elapsed: 1.4637067317962646

*** Epoch 1, batch 484/520 ***
Training fitness: 0.7619772318873821
Model size: (14, 13)
Validation fitness: 0.7525996284323339 
Elapsed: 1.4891247749328613

*** Epoch 1, batch 485/520 ***
Training fitness: 0.7770395572033691
Model size: (15, 19)
Validation fitness: 0.7607798559332907 
Elapsed: 1.6050398349761963

*** Epoch 1, batch 486/520 ***
Training fitness: 0.7831208666889646
Model size: (14, 13)
Validation fitness: 0.7525996284323339 
Elapsed: 1.4749820232391357

*** Epoch 1, batch 487/520 ***
Training fitness: 0.7872838718670364
Model size: (9, 14)
Validation fitness: 0.7499197656646439 
Elapsed: 1.3534274101257324

*** Epoch 1, batch 488/520 ***
Training fitness: 0.8109447623708299
Model size: (14, 13)
Validation fitness: 0.7525996284323339 
Elapsed: 1.4829514026641846

*** Epoch 1, batch 489/520 ***
Training fitness: 0.7739761190723752
Model size: (14, 23)
Validation fitness: 0.7529832353576211 
Elapsed: 1.382537841796875

*** Epoch 1, batch 490/520 ***
Training fitness: 0.7617443519106571
Model size: (14, 13)
Validation fitness: 0.7525996284323339 
Elapsed: 1.447538137435913

*** Epoch 1, batch 491/520 ***
Training fitness: 0.7743146888576893
Model size: (8, 10)
Validation fitness: 0.7491216198012872 
Elapsed: 1.3834691047668457

*** Epoch 1, batch 492/520 ***
Training fitness: 0.7805172948917118
Model size: (14, 24)
Validation fitness: 0.7543303257823323 
Elapsed: 1.4215710163116455

*** Epoch 1, batch 493/520 ***
Training fitness: 0.757520832367894
Model size: (14, 13)
Validation fitness: 0.7525996284323339 
Elapsed: 1.5609767436981201

*** Epoch 1, batch 494/520 ***
Training fitness: 0.7789048872347704
Model size: (7, 4)
Validation fitness: 0.7614483530823455 
Elapsed: 1.456611156463623

*** Epoch 1, batch 495/520 ***
Training fitness: 0.7487329261656995
Model size: (14, 13)
Validation fitness: 0.7525996284323339 
Elapsed: 1.4843511581420898

*** Epoch 1, batch 496/520 ***
Training fitness: 0.7664923235594887
Model size: (7, 4)
Validation fitness: 0.7614483530823455 
Elapsed: 1.3923795223236084

*** Epoch 1, batch 497/520 ***
Training fitness: 0.7593937970359811
Model size: (11, 18)
Validation fitness: 0.7438054903941845 
Elapsed: 1.3623168468475342

*** Epoch 1, batch 498/520 ***
Training fitness: 0.7891613875044122
Model size: (7, 4)
Validation fitness: 0.7614483530823455 
Elapsed: 1.346492052078247

*** Epoch 1, batch 499/520 ***
Training fitness: 0.7392303371258718
Model size: (16, 19)
Validation fitness: 0.754396046450744 
Elapsed: 1.4715399742126465

*** Epoch 1, batch 500/520 ***
Training fitness: 0.7604454574513395
Model size: (11, 18)
Validation fitness: 0.7438054903941845 
Elapsed: 1.3184852600097656

*** Epoch 1, batch 501/520 ***
Training fitness: 0.7340141786372624
Model size: (7, 4)
Validation fitness: 0.7614483530823455 
Elapsed: 1.4196288585662842

*** Epoch 1, batch 502/520 ***
Training fitness: 0.7601727857361577
Model size: (4, 4)
Validation fitness: 0.7541254435302467 
Elapsed: 1.3339526653289795

*** Epoch 1, batch 503/520 ***
Training fitness: 0.7957005192782287
Model size: (7, 4)
Validation fitness: 0.7614483530823455 
Elapsed: 1.27274751663208

*** Epoch 1, batch 504/520 ***
Training fitness: 0.757455787746036
Model size: (11, 18)
Validation fitness: 0.7438054903941845 
Elapsed: 1.3326077461242676

*** Epoch 1, batch 505/520 ***
Training fitness: 0.8050517319411761
Model size: (4, 4)
Validation fitness: 0.7539411979622339 
Elapsed: 1.3215086460113525

*** Epoch 1, batch 506/520 ***
Training fitness: 0.7441348873600417
Model size: (8, 12)
Validation fitness: 0.7467743382192793 
Elapsed: 1.3206353187561035

*** Epoch 1, batch 507/520 ***
Training fitness: 0.7747865646938298
Model size: (12, 16)
Validation fitness: 0.758647493544513 
Elapsed: 1.3251750469207764

*** Epoch 1, batch 508/520 ***
Training fitness: 0.7457780133765964
Model size: (12, 16)
Validation fitness: 0.758647493544513 
Elapsed: 1.3044018745422363

*** Epoch 1, batch 509/520 ***
Training fitness: 0.7562000711586724
Model size: (7, 4)
Validation fitness: 0.7614483530823455 
Elapsed: 1.465918779373169

*** Epoch 1, batch 510/520 ***
Training fitness: 0.7938671222729129
Model size: (9, 15)
Validation fitness: 0.7352922091370679 
Elapsed: 1.3066318035125732

*** Epoch 1, batch 511/520 ***
Training fitness: 0.7558818977776378
Model size: (8, 11)
Validation fitness: 0.7501435979988765 
Elapsed: 1.2761011123657227

*** Epoch 1, batch 512/520 ***
Training fitness: 0.7842335289198767
Model size: (8, 12)
Validation fitness: 0.7472840540653316 
Elapsed: 1.2669541835784912

*** Epoch 1, batch 513/520 ***
Training fitness: 0.7904888557038505
Model size: (6, 7)
Validation fitness: 0.7599761007480709 
Elapsed: 1.2716012001037598

*** Epoch 1, batch 514/520 ***
Training fitness: 0.7798074670461552
Model size: (9, 11)
Validation fitness: 0.7633168455004838 
Elapsed: 1.3282051086425781

*** Epoch 1, batch 515/520 ***
Training fitness: 0.773985169396772
Model size: (9, 14)
Validation fitness: 0.7588501067586316 
Elapsed: 1.2920231819152832

*** Epoch 1, batch 516/520 ***
Training fitness: 0.7532157452838515
Model size: (9, 11)
Validation fitness: 0.7633168455004838 
Elapsed: 1.3770833015441895

*** Epoch 1, batch 517/520 ***
Training fitness: 0.7848013662868939
Model size: (9, 11)
Validation fitness: 0.7633168455004838 
Elapsed: 1.3272483348846436

*** Epoch 1, batch 518/520 ***
Training fitness: 0.7619522596659613
Model size: (9, 14)
Validation fitness: 0.7588501067586316 
Elapsed: 1.2922375202178955

*** Epoch 1, batch 519/520 ***
Training fitness: 0.7656166692382615
Model size: (9, 11)
Validation fitness: 0.7633168455004838 
Elapsed: 1.2852587699890137

*** Epoch 1, batch 520/520 ***
Training fitness: 0.7579405331551194
Model size: (10, 11)
Validation fitness: 0.7560328156984091 
Elapsed: 1.3037703037261963

Total train time: 842.6957924365997
Test time: 0.35152530670166016
Test fitness: 0.8024051614016884
Test statistics: Stats(total=14791, total_true=7158, total_false=7633, true_positive=6330, true_negative=6959, false_positive=674, false_negative=828, tpr=0.8843252305113161, tnr=0.9116992008384646, ppv=0.9037692747001713, npv=0.8936689354051625, accuracy=0.8984517612061389, f1=0.8939415336816834, mcc=0.7967310071383473)
